Before CTE Training: train eu loss: 0.9436202645301819, eval eu loss: 1.4130948781967163
Before CTE Training: train eu acc: 0.6796875, eval eu acc: 0.595703125
epoch   0 summary: dyn_dyn_loss   : 0.10197, dyn_sta_loss   : 3.99088, tot_dyn_loss   : 0.56864, sta_sta_loss   : 0.13266, 
train loss: 0.756008, train acc: 0.8213
epoch   1 summary: dyn_dyn_loss   : 0.08938, dyn_sta_loss   : 3.43103, tot_dyn_loss   : 0.49038, sta_sta_loss   : 0.13266, 
epoch   2 summary: dyn_dyn_loss   : 0.09446, dyn_sta_loss   : 3.03801, tot_dyn_loss   : 0.44769, sta_sta_loss   : 0.13266, 
epoch   3 summary: dyn_dyn_loss   : 0.11322, dyn_sta_loss   : 2.83512, tot_dyn_loss   : 0.43985, sta_sta_loss   : 0.13266, 
epoch   4 summary: dyn_dyn_loss   : 0.11968, dyn_sta_loss   : 2.76822, tot_dyn_loss   : 0.43751, sta_sta_loss   : 0.13266, 
epoch   5 summary: dyn_dyn_loss   : 0.11944, dyn_sta_loss   : 2.75024, tot_dyn_loss   : 0.43514, sta_sta_loss   : 0.13266, 
epoch   6 summary: dyn_dyn_loss   : 0.11915, dyn_sta_loss   : 2.73900, tot_dyn_loss   : 0.43353, sta_sta_loss   : 0.13266, 
epoch   7 summary: dyn_dyn_loss   : 0.12040, dyn_sta_loss   : 2.71922, tot_dyn_loss   : 0.43226, sta_sta_loss   : 0.13266, 
epoch   8 summary: dyn_dyn_loss   : 0.11738, dyn_sta_loss   : 2.73518, tot_dyn_loss   : 0.43152, sta_sta_loss   : 0.13266, 
epoch   9 summary: dyn_dyn_loss   : 0.11842, dyn_sta_loss   : 2.72724, tot_dyn_loss   : 0.43148, sta_sta_loss   : 0.13266, 
epoch  10 summary: dyn_dyn_loss   : 0.11786, dyn_sta_loss   : 2.73309, tot_dyn_loss   : 0.43169, sta_sta_loss   : 0.13266, 
train loss: 0.014705, train acc: 0.9951
epoch  11 summary: dyn_dyn_loss   : 0.11731, dyn_sta_loss   : 2.73184, tot_dyn_loss   : 0.43105, sta_sta_loss   : 0.13266, 
epoch  12 summary: dyn_dyn_loss   : 0.11741, dyn_sta_loss   : 2.72658, tot_dyn_loss   : 0.43051, sta_sta_loss   : 0.13266, 
epoch  13 summary: dyn_dyn_loss   : 0.11806, dyn_sta_loss   : 2.72937, tot_dyn_loss   : 0.43142, sta_sta_loss   : 0.13266, 
epoch  14 summary: dyn_dyn_loss   : 0.11705, dyn_sta_loss   : 2.73364, tot_dyn_loss   : 0.43104, sta_sta_loss   : 0.13266, 
epoch  15 summary: dyn_dyn_loss   : 0.11558, dyn_sta_loss   : 2.73250, tot_dyn_loss   : 0.42961, sta_sta_loss   : 0.13266, 
epoch  16 summary: dyn_dyn_loss   : 0.11565, dyn_sta_loss   : 2.73356, tot_dyn_loss   : 0.42980, sta_sta_loss   : 0.13266, 
epoch  17 summary: dyn_dyn_loss   : 0.11395, dyn_sta_loss   : 2.74032, tot_dyn_loss   : 0.42911, sta_sta_loss   : 0.13266, 
epoch  18 summary: dyn_dyn_loss   : 0.11419, dyn_sta_loss   : 2.73906, tot_dyn_loss   : 0.42918, sta_sta_loss   : 0.13266, 
epoch  19 summary: dyn_dyn_loss   : 0.11331, dyn_sta_loss   : 2.74002, tot_dyn_loss   : 0.42851, sta_sta_loss   : 0.13266, 
epoch  20 summary: dyn_dyn_loss   : 0.11339, dyn_sta_loss   : 2.73187, tot_dyn_loss   : 0.42761, sta_sta_loss   : 0.13266, 
train loss: 0.003648, train acc: 1.0000
epoch  21 summary: dyn_dyn_loss   : 0.11275, dyn_sta_loss   : 2.72381, tot_dyn_loss   : 0.42607, sta_sta_loss   : 0.13266, 
epoch  22 summary: dyn_dyn_loss   : 0.11149, dyn_sta_loss   : 2.75127, tot_dyn_loss   : 0.42826, sta_sta_loss   : 0.13266, 
epoch  23 summary: dyn_dyn_loss   : 0.10974, dyn_sta_loss   : 2.75081, tot_dyn_loss   : 0.42667, sta_sta_loss   : 0.13266, 
epoch  24 summary: dyn_dyn_loss   : 0.10952, dyn_sta_loss   : 2.75702, tot_dyn_loss   : 0.42722, sta_sta_loss   : 0.13266, 
epoch  25 summary: dyn_dyn_loss   : 0.10794, dyn_sta_loss   : 2.75749, tot_dyn_loss   : 0.42588, sta_sta_loss   : 0.13266, 
epoch  26 summary: dyn_dyn_loss   : 0.10417, dyn_sta_loss   : 2.77788, tot_dyn_loss   : 0.42502, sta_sta_loss   : 0.13266, 
epoch  27 summary: dyn_dyn_loss   : 0.10347, dyn_sta_loss   : 2.75585, tot_dyn_loss   : 0.42175, sta_sta_loss   : 0.13266, 
epoch  28 summary: dyn_dyn_loss   : 0.10268, dyn_sta_loss   : 2.76593, tot_dyn_loss   : 0.42227, sta_sta_loss   : 0.13266, 
epoch  29 summary: dyn_dyn_loss   : 0.10146, dyn_sta_loss   : 2.77687, tot_dyn_loss   : 0.42251, sta_sta_loss   : 0.13266, 
epoch  30 summary: dyn_dyn_loss   : 0.10138, dyn_sta_loss   : 2.75898, tot_dyn_loss   : 0.42029, sta_sta_loss   : 0.13266, 
train loss: 0.007343, train acc: 1.0000
epoch  31 summary: dyn_dyn_loss   : 0.10146, dyn_sta_loss   : 2.75664, tot_dyn_loss   : 0.42008, sta_sta_loss   : 0.13266, 
epoch  32 summary: dyn_dyn_loss   : 0.10096, dyn_sta_loss   : 2.76016, tot_dyn_loss   : 0.42006, sta_sta_loss   : 0.13266, 
epoch  33 summary: dyn_dyn_loss   : 0.09906, dyn_sta_loss   : 2.77710, tot_dyn_loss   : 0.42042, sta_sta_loss   : 0.13266, 
epoch  34 summary: dyn_dyn_loss   : 0.09898, dyn_sta_loss   : 2.76782, tot_dyn_loss   : 0.41924, sta_sta_loss   : 0.13266, 
epoch  35 summary: dyn_dyn_loss   : 0.09855, dyn_sta_loss   : 2.77031, tot_dyn_loss   : 0.41916, sta_sta_loss   : 0.13266, 
epoch  36 summary: dyn_dyn_loss   : 0.09739, dyn_sta_loss   : 2.76571, tot_dyn_loss   : 0.41759, sta_sta_loss   : 0.13266, 
epoch  37 summary: dyn_dyn_loss   : 0.09906, dyn_sta_loss   : 2.77121, tot_dyn_loss   : 0.41972, sta_sta_loss   : 0.13266, 
epoch  38 summary: dyn_dyn_loss   : 0.09680, dyn_sta_loss   : 2.78048, tot_dyn_loss   : 0.41884, sta_sta_loss   : 0.13266, 
epoch  39 summary: dyn_dyn_loss   : 0.09890, dyn_sta_loss   : 2.77015, tot_dyn_loss   : 0.41945, sta_sta_loss   : 0.13266, 
epoch  40 summary: dyn_dyn_loss   : 0.09782, dyn_sta_loss   : 2.77088, tot_dyn_loss   : 0.41859, sta_sta_loss   : 0.13266, 
train loss: 0.008091, train acc: 1.0000
epoch  41 summary: dyn_dyn_loss   : 0.09832, dyn_sta_loss   : 2.77429, tot_dyn_loss   : 0.41944, sta_sta_loss   : 0.13266, 
epoch  42 summary: dyn_dyn_loss   : 0.09723, dyn_sta_loss   : 2.77855, tot_dyn_loss   : 0.41899, sta_sta_loss   : 0.13266, 
epoch  43 summary: dyn_dyn_loss   : 0.09763, dyn_sta_loss   : 2.78034, tot_dyn_loss   : 0.41955, sta_sta_loss   : 0.13266, 
epoch  44 summary: dyn_dyn_loss   : 0.09869, dyn_sta_loss   : 2.76154, tot_dyn_loss   : 0.41823, sta_sta_loss   : 0.13266, 
epoch  45 summary: dyn_dyn_loss   : 0.09735, dyn_sta_loss   : 2.77865, tot_dyn_loss   : 0.41910, sta_sta_loss   : 0.13266, 
epoch  46 summary: dyn_dyn_loss   : 0.09789, dyn_sta_loss   : 2.76973, tot_dyn_loss   : 0.41851, sta_sta_loss   : 0.13266, 
epoch  47 summary: dyn_dyn_loss   : 0.09683, dyn_sta_loss   : 2.78078, tot_dyn_loss   : 0.41891, sta_sta_loss   : 0.13266, 
epoch  48 summary: dyn_dyn_loss   : 0.09807, dyn_sta_loss   : 2.76932, tot_dyn_loss   : 0.41862, sta_sta_loss   : 0.13266, 
epoch  49 summary: dyn_dyn_loss   : 0.09669, dyn_sta_loss   : 2.77488, tot_dyn_loss   : 0.41807, sta_sta_loss   : 0.13266, 
epoch  50 summary: dyn_dyn_loss   : 0.09834, dyn_sta_loss   : 2.77145, tot_dyn_loss   : 0.41911, sta_sta_loss   : 0.13266, 
train loss: 0.011326, train acc: 0.9980
epoch  51 summary: dyn_dyn_loss   : 0.09688, dyn_sta_loss   : 2.77293, tot_dyn_loss   : 0.41801, sta_sta_loss   : 0.13266, 
epoch  52 summary: dyn_dyn_loss   : 0.09697, dyn_sta_loss   : 2.77299, tot_dyn_loss   : 0.41809, sta_sta_loss   : 0.13266, 
epoch  53 summary: dyn_dyn_loss   : 0.09800, dyn_sta_loss   : 2.76325, tot_dyn_loss   : 0.41783, sta_sta_loss   : 0.13266, 
epoch  54 summary: dyn_dyn_loss   : 0.09684, dyn_sta_loss   : 2.76964, tot_dyn_loss   : 0.41758, sta_sta_loss   : 0.13266, 
epoch  55 summary: dyn_dyn_loss   : 0.09596, dyn_sta_loss   : 2.76518, tot_dyn_loss   : 0.41626, sta_sta_loss   : 0.13266, 
epoch  56 summary: dyn_dyn_loss   : 0.09684, dyn_sta_loss   : 2.77530, tot_dyn_loss   : 0.41826, sta_sta_loss   : 0.13266, 
epoch  57 summary: dyn_dyn_loss   : 0.09737, dyn_sta_loss   : 2.77402, tot_dyn_loss   : 0.41857, sta_sta_loss   : 0.13266, 
epoch  58 summary: dyn_dyn_loss   : 0.09707, dyn_sta_loss   : 2.76070, tot_dyn_loss   : 0.41671, sta_sta_loss   : 0.13266, 
epoch  59 summary: dyn_dyn_loss   : 0.09668, dyn_sta_loss   : 2.77361, tot_dyn_loss   : 0.41791, sta_sta_loss   : 0.13266, 
epoch  60 summary: dyn_dyn_loss   : 0.09715, dyn_sta_loss   : 2.76617, tot_dyn_loss   : 0.41743, sta_sta_loss   : 0.13266, 
train loss: 0.005757, train acc: 1.0000
epoch  61 summary: dyn_dyn_loss   : 0.09665, dyn_sta_loss   : 2.77591, tot_dyn_loss   : 0.41816, sta_sta_loss   : 0.13266, 
epoch  62 summary: dyn_dyn_loss   : 0.09586, dyn_sta_loss   : 2.77185, tot_dyn_loss   : 0.41698, sta_sta_loss   : 0.13266, 
epoch  63 summary: dyn_dyn_loss   : 0.09679, dyn_sta_loss   : 2.76035, tot_dyn_loss   : 0.41641, sta_sta_loss   : 0.13266, 
epoch  64 summary: dyn_dyn_loss   : 0.09581, dyn_sta_loss   : 2.78457, tot_dyn_loss   : 0.41846, sta_sta_loss   : 0.13266, 
epoch  65 summary: dyn_dyn_loss   : 0.09548, dyn_sta_loss   : 2.76948, tot_dyn_loss   : 0.41636, sta_sta_loss   : 0.13266, 
epoch  66 summary: dyn_dyn_loss   : 0.09608, dyn_sta_loss   : 2.78294, tot_dyn_loss   : 0.41850, sta_sta_loss   : 0.13266, 
epoch  67 summary: dyn_dyn_loss   : 0.09568, dyn_sta_loss   : 2.77211, tot_dyn_loss   : 0.41685, sta_sta_loss   : 0.13266, 
epoch  68 summary: dyn_dyn_loss   : 0.09756, dyn_sta_loss   : 2.75412, tot_dyn_loss   : 0.41635, sta_sta_loss   : 0.13266, 
epoch  69 summary: dyn_dyn_loss   : 0.09591, dyn_sta_loss   : 2.79098, tot_dyn_loss   : 0.41932, sta_sta_loss   : 0.13266, 
epoch  70 summary: dyn_dyn_loss   : 0.09560, dyn_sta_loss   : 2.76433, tot_dyn_loss   : 0.41585, sta_sta_loss   : 0.13266, 
train loss: 0.007090, train acc: 0.9990
epoch  71 summary: dyn_dyn_loss   : 0.09673, dyn_sta_loss   : 2.76573, tot_dyn_loss   : 0.41701, sta_sta_loss   : 0.13266, 
epoch  72 summary: dyn_dyn_loss   : 0.09598, dyn_sta_loss   : 2.78811, tot_dyn_loss   : 0.41904, sta_sta_loss   : 0.13266, 
epoch  73 summary: dyn_dyn_loss   : 0.09591, dyn_sta_loss   : 2.77401, tot_dyn_loss   : 0.41729, sta_sta_loss   : 0.13266, 
epoch  74 summary: dyn_dyn_loss   : 0.09668, dyn_sta_loss   : 2.76840, tot_dyn_loss   : 0.41728, sta_sta_loss   : 0.13266, 
epoch  75 summary: dyn_dyn_loss   : 0.09465, dyn_sta_loss   : 2.77434, tot_dyn_loss   : 0.41622, sta_sta_loss   : 0.13266, 
epoch  76 summary: dyn_dyn_loss   : 0.09549, dyn_sta_loss   : 2.76937, tot_dyn_loss   : 0.41635, sta_sta_loss   : 0.13266, 
epoch  77 summary: dyn_dyn_loss   : 0.09628, dyn_sta_loss   : 2.76878, tot_dyn_loss   : 0.41698, sta_sta_loss   : 0.13266, 
epoch  78 summary: dyn_dyn_loss   : 0.09422, dyn_sta_loss   : 2.77277, tot_dyn_loss   : 0.41565, sta_sta_loss   : 0.13266, 
epoch  79 summary: dyn_dyn_loss   : 0.09548, dyn_sta_loss   : 2.78905, tot_dyn_loss   : 0.41871, sta_sta_loss   : 0.13266, 
epoch  80 summary: dyn_dyn_loss   : 0.09550, dyn_sta_loss   : 2.78124, tot_dyn_loss   : 0.41779, sta_sta_loss   : 0.13266, 
train loss: 0.009594, train acc: 1.0000
epoch  81 summary: dyn_dyn_loss   : 0.09576, dyn_sta_loss   : 2.77630, tot_dyn_loss   : 0.41743, sta_sta_loss   : 0.13266, 
epoch  82 summary: dyn_dyn_loss   : 0.09499, dyn_sta_loss   : 2.78741, tot_dyn_loss   : 0.41808, sta_sta_loss   : 0.13266, 
epoch  83 summary: dyn_dyn_loss   : 0.09526, dyn_sta_loss   : 2.77832, tot_dyn_loss   : 0.41723, sta_sta_loss   : 0.13266, 
epoch  84 summary: dyn_dyn_loss   : 0.09549, dyn_sta_loss   : 2.78096, tot_dyn_loss   : 0.41774, sta_sta_loss   : 0.13266, 
epoch  85 summary: dyn_dyn_loss   : 0.09578, dyn_sta_loss   : 2.78014, tot_dyn_loss   : 0.41791, sta_sta_loss   : 0.13266, 
epoch  86 summary: dyn_dyn_loss   : 0.09510, dyn_sta_loss   : 2.78388, tot_dyn_loss   : 0.41775, sta_sta_loss   : 0.13266, 
epoch  87 summary: dyn_dyn_loss   : 0.09545, dyn_sta_loss   : 2.78130, tot_dyn_loss   : 0.41775, sta_sta_loss   : 0.13266, 
epoch  88 summary: dyn_dyn_loss   : 0.09555, dyn_sta_loss   : 2.79149, tot_dyn_loss   : 0.41906, sta_sta_loss   : 0.13266, 
epoch  89 summary: dyn_dyn_loss   : 0.09463, dyn_sta_loss   : 2.77399, tot_dyn_loss   : 0.41615, sta_sta_loss   : 0.13266, 
epoch  90 summary: dyn_dyn_loss   : 0.09612, dyn_sta_loss   : 2.77111, tot_dyn_loss   : 0.41712, sta_sta_loss   : 0.13266, 
train loss: 0.013765, train acc: 0.9971
epoch  91 summary: dyn_dyn_loss   : 0.09558, dyn_sta_loss   : 2.78342, tot_dyn_loss   : 0.41812, sta_sta_loss   : 0.13266, 
epoch  92 summary: dyn_dyn_loss   : 0.09558, dyn_sta_loss   : 2.77780, tot_dyn_loss   : 0.41744, sta_sta_loss   : 0.13266, 
epoch  93 summary: dyn_dyn_loss   : 0.09627, dyn_sta_loss   : 2.76420, tot_dyn_loss   : 0.41642, sta_sta_loss   : 0.13266, 
epoch  94 summary: dyn_dyn_loss   : 0.09569, dyn_sta_loss   : 2.77955, tot_dyn_loss   : 0.41775, sta_sta_loss   : 0.13266, 
epoch  95 summary: dyn_dyn_loss   : 0.09523, dyn_sta_loss   : 2.78112, tot_dyn_loss   : 0.41754, sta_sta_loss   : 0.13266, 
epoch  96 summary: dyn_dyn_loss   : 0.09427, dyn_sta_loss   : 2.78469, tot_dyn_loss   : 0.41712, sta_sta_loss   : 0.13266, 
epoch  97 summary: dyn_dyn_loss   : 0.09503, dyn_sta_loss   : 2.77477, tot_dyn_loss   : 0.41660, sta_sta_loss   : 0.13266, 
epoch  98 summary: dyn_dyn_loss   : 0.09509, dyn_sta_loss   : 2.77088, tot_dyn_loss   : 0.41618, sta_sta_loss   : 0.13266, 
epoch  99 summary: dyn_dyn_loss   : 0.09515, dyn_sta_loss   : 2.77800, tot_dyn_loss   : 0.41710, sta_sta_loss   : 0.13266, 
train loss: 0.007901, train acc: 1.0000
all                          12207.936ms
all_epoch                    11717.167ms
all_preparation                490.757ms
all_preparation_2              490.119ms
all_preparation_3                0.625ms
epoch                           38.498ms
epoch_pos_train                  0.513ms
epoch_preparation                1.322ms
epoch_train                     36.138ms
epoch_valid                      0.357ms
----------------------------------------
all                          12207.936ms
  all_epoch             95.98%
  all_preparation        4.02%
all_preparation                490.757ms
  all_preparation_2     99.87%
  all_preparation_3      0.13%
epoch                         3849.829ms
  epoch_train           93.87%
  epoch_preparation      3.43%
  epoch_pos_train        1.33%
  epoch_valid            0.93%
epoch   0 summary: tot_dyn_loss   : 0.08506, 
valid loss: 3.511155, valid acc: 0.2832
epoch   1 summary: tot_dyn_loss   : 0.05960, 
epoch   2 summary: tot_dyn_loss   : 0.05005, 
epoch   3 summary: tot_dyn_loss   : 0.04542, 
epoch   4 summary: tot_dyn_loss   : 0.04311, 
epoch   5 summary: tot_dyn_loss   : 0.04203, 
epoch   6 summary: tot_dyn_loss   : 0.04140, 
epoch   7 summary: tot_dyn_loss   : 0.04104, 
epoch   8 summary: tot_dyn_loss   : 0.04086, 
epoch   9 summary: tot_dyn_loss   : 0.04071, 
epoch  10 summary: tot_dyn_loss   : 0.04063, 
valid loss: 2.854415, valid acc: 0.3672
epoch  11 summary: tot_dyn_loss   : 0.04056, 
epoch  12 summary: tot_dyn_loss   : 0.04053, 
epoch  13 summary: tot_dyn_loss   : 0.04050, 
epoch  14 summary: tot_dyn_loss   : 0.04048, 
epoch  15 summary: tot_dyn_loss   : 0.04046, 
epoch  16 summary: tot_dyn_loss   : 0.04044, 
epoch  17 summary: tot_dyn_loss   : 0.04043, 
epoch  18 summary: tot_dyn_loss   : 0.04043, 
epoch  19 summary: tot_dyn_loss   : 0.04042, 
epoch  20 summary: tot_dyn_loss   : 0.04041, 
valid loss: 2.840792, valid acc: 0.3633
epoch  21 summary: tot_dyn_loss   : 0.04041, 
epoch  22 summary: tot_dyn_loss   : 0.04040, 
epoch  23 summary: tot_dyn_loss   : 0.04040, 
epoch  24 summary: tot_dyn_loss   : 0.04039, 
epoch  25 summary: tot_dyn_loss   : 0.04192, 
epoch  26 summary: tot_dyn_loss   : 0.04150, 
epoch  27 summary: tot_dyn_loss   : 0.04121, 
epoch  28 summary: tot_dyn_loss   : 0.04104, 
epoch  29 summary: tot_dyn_loss   : 0.04089, 
epoch  30 summary: tot_dyn_loss   : 0.04082, 
valid loss: 2.803237, valid acc: 0.3633
epoch  31 summary: tot_dyn_loss   : 0.04077, 
epoch  32 summary: tot_dyn_loss   : 0.04075, 
epoch  33 summary: tot_dyn_loss   : 0.04072, 
epoch  34 summary: tot_dyn_loss   : 0.04070, 
epoch  35 summary: tot_dyn_loss   : 0.04068, 
epoch  36 summary: tot_dyn_loss   : 0.04067, 
epoch  37 summary: tot_dyn_loss   : 0.04065, 
epoch  38 summary: tot_dyn_loss   : 0.04064, 
epoch  39 summary: tot_dyn_loss   : 0.04064, 
epoch  40 summary: tot_dyn_loss   : 0.04063, 
valid loss: 2.801192, valid acc: 0.3770
epoch  41 summary: tot_dyn_loss   : 0.04063, 
epoch  42 summary: tot_dyn_loss   : 0.04062, 
epoch  43 summary: tot_dyn_loss   : 0.04062, 
epoch  44 summary: tot_dyn_loss   : 0.04061, 
epoch  45 summary: tot_dyn_loss   : 0.04060, 
epoch  46 summary: tot_dyn_loss   : 0.04060, 
epoch  47 summary: tot_dyn_loss   : 0.04060, 
epoch  48 summary: tot_dyn_loss   : 0.04059, 
epoch  49 summary: tot_dyn_loss   : 0.04058, 
epoch  50 summary: tot_dyn_loss   : 0.04157, 
valid loss: 2.852336, valid acc: 0.3691
epoch  51 summary: tot_dyn_loss   : 0.04114, 
epoch  52 summary: tot_dyn_loss   : 0.04090, 
epoch  53 summary: tot_dyn_loss   : 0.04077, 
epoch  54 summary: tot_dyn_loss   : 0.04067, 
epoch  55 summary: tot_dyn_loss   : 0.04061, 
epoch  56 summary: tot_dyn_loss   : 0.04057, 
epoch  57 summary: tot_dyn_loss   : 0.04054, 
epoch  58 summary: tot_dyn_loss   : 0.04052, 
epoch  59 summary: tot_dyn_loss   : 0.04050, 
epoch  60 summary: tot_dyn_loss   : 0.04048, 
valid loss: 2.881237, valid acc: 0.3652
epoch  61 summary: tot_dyn_loss   : 0.04047, 
epoch  62 summary: tot_dyn_loss   : 0.04046, 
epoch  63 summary: tot_dyn_loss   : 0.04046, 
epoch  64 summary: tot_dyn_loss   : 0.04045, 
epoch  65 summary: tot_dyn_loss   : 0.04045, 
epoch  66 summary: tot_dyn_loss   : 0.04044, 
epoch  67 summary: tot_dyn_loss   : 0.04044, 
epoch  68 summary: tot_dyn_loss   : 0.04043, 
epoch  69 summary: tot_dyn_loss   : 0.04043, 
epoch  70 summary: tot_dyn_loss   : 0.04043, 
valid loss: 2.879402, valid acc: 0.3633
epoch  71 summary: tot_dyn_loss   : 0.04043, 
epoch  72 summary: tot_dyn_loss   : 0.04043, 
epoch  73 summary: tot_dyn_loss   : 0.04042, 
epoch  74 summary: tot_dyn_loss   : 0.04042, 
epoch  75 summary: tot_dyn_loss   : 0.04166, 
epoch  76 summary: tot_dyn_loss   : 0.04129, 
epoch  77 summary: tot_dyn_loss   : 0.04107, 
epoch  78 summary: tot_dyn_loss   : 0.04092, 
epoch  79 summary: tot_dyn_loss   : 0.04082, 
epoch  80 summary: tot_dyn_loss   : 0.04076, 
valid loss: 2.811215, valid acc: 0.3613
epoch  81 summary: tot_dyn_loss   : 0.04071, 
epoch  82 summary: tot_dyn_loss   : 0.04068, 
epoch  83 summary: tot_dyn_loss   : 0.04065, 
epoch  84 summary: tot_dyn_loss   : 0.04063, 
epoch  85 summary: tot_dyn_loss   : 0.04062, 
epoch  86 summary: tot_dyn_loss   : 0.04061, 
epoch  87 summary: tot_dyn_loss   : 0.04061, 
epoch  88 summary: tot_dyn_loss   : 0.04060, 
epoch  89 summary: tot_dyn_loss   : 0.04060, 
epoch  90 summary: tot_dyn_loss   : 0.04059, 
valid loss: 2.796739, valid acc: 0.3652
epoch  91 summary: tot_dyn_loss   : 0.04059, 
epoch  92 summary: tot_dyn_loss   : 0.04059, 
epoch  93 summary: tot_dyn_loss   : 0.04058, 
epoch  94 summary: tot_dyn_loss   : 0.04058, 
epoch  95 summary: tot_dyn_loss   : 0.04058, 
epoch  96 summary: tot_dyn_loss   : 0.04058, 
epoch  97 summary: tot_dyn_loss   : 0.04057, 
epoch  98 summary: tot_dyn_loss   : 0.04057, 
epoch  99 summary: tot_dyn_loss   : 0.04057, 
valid loss: 2.800086, valid acc: 0.3652
all                           6656.887ms
all_epoch                     6654.693ms
all_preparation                  2.186ms
all_preparation_2                1.505ms
all_preparation_3                0.675ms
epoch                           18.055ms
epoch_pos_train                  0.408ms
epoch_preparation                0.119ms
epoch_train                     17.314ms
epoch_valid                      0.117ms
----------------------------------------
all                           6656.887ms
  all_epoch             99.97%
  all_preparation        0.03%
all_preparation                  2.186ms
  all_preparation_2     68.86%
  all_preparation_3     30.88%
epoch                         1805.514ms
  epoch_train           95.90%
  epoch_pos_train        2.26%
  epoch_preparation      0.66%
  epoch_valid            0.65%
