Before CTE Training: train eu loss: 0.9436202645301819, eval eu loss: 1.4130948781967163
Before CTE Training: train eu acc: 0.6796875, eval eu acc: 0.595703125
epoch   0 summary: dyn_dyn_loss   : 0.09705, dyn_sta_loss   : 4.10900, tot_dyn_loss   : 0.65873, sta_sta_loss   : 0.13266, 
train loss: 1.599502, train acc: 0.6982
epoch   1 summary: dyn_dyn_loss   : 0.09168, dyn_sta_loss   : 3.75740, tot_dyn_loss   : 0.60488, sta_sta_loss   : 0.13266, 
epoch   2 summary: dyn_dyn_loss   : 0.08649, dyn_sta_loss   : 3.46340, tot_dyn_loss   : 0.55925, sta_sta_loss   : 0.13266, 
epoch   3 summary: dyn_dyn_loss   : 0.08630, dyn_sta_loss   : 3.21914, tot_dyn_loss   : 0.52489, sta_sta_loss   : 0.13266, 
epoch   4 summary: dyn_dyn_loss   : 0.09184, dyn_sta_loss   : 3.05286, tot_dyn_loss   : 0.50639, sta_sta_loss   : 0.13266, 
epoch   5 summary: dyn_dyn_loss   : 0.10100, dyn_sta_loss   : 2.91114, tot_dyn_loss   : 0.49442, sta_sta_loss   : 0.13266, 
epoch   6 summary: dyn_dyn_loss   : 0.11158, dyn_sta_loss   : 2.81102, tot_dyn_loss   : 0.48950, sta_sta_loss   : 0.13266, 
epoch   7 summary: dyn_dyn_loss   : 0.11765, dyn_sta_loss   : 2.74945, tot_dyn_loss   : 0.48610, sta_sta_loss   : 0.13266, 
epoch   8 summary: dyn_dyn_loss   : 0.12154, dyn_sta_loss   : 2.71286, tot_dyn_loss   : 0.48433, sta_sta_loss   : 0.13266, 
epoch   9 summary: dyn_dyn_loss   : 0.12022, dyn_sta_loss   : 2.70812, tot_dyn_loss   : 0.48252, sta_sta_loss   : 0.13266, 
epoch  10 summary: dyn_dyn_loss   : 0.12081, dyn_sta_loss   : 2.70533, tot_dyn_loss   : 0.48264, sta_sta_loss   : 0.13266, 
train loss: 0.000777, train acc: 1.0000
epoch  11 summary: dyn_dyn_loss   : 0.12136, dyn_sta_loss   : 2.69330, tot_dyn_loss   : 0.48143, sta_sta_loss   : 0.13266, 
epoch  12 summary: dyn_dyn_loss   : 0.12203, dyn_sta_loss   : 2.68192, tot_dyn_loss   : 0.48041, sta_sta_loss   : 0.13266, 
epoch  13 summary: dyn_dyn_loss   : 0.12167, dyn_sta_loss   : 2.66862, tot_dyn_loss   : 0.47824, sta_sta_loss   : 0.13266, 
epoch  14 summary: dyn_dyn_loss   : 0.12266, dyn_sta_loss   : 2.66084, tot_dyn_loss   : 0.47801, sta_sta_loss   : 0.13266, 
epoch  15 summary: dyn_dyn_loss   : 0.12170, dyn_sta_loss   : 2.65954, tot_dyn_loss   : 0.47700, sta_sta_loss   : 0.13266, 
epoch  16 summary: dyn_dyn_loss   : 0.12224, dyn_sta_loss   : 2.66899, tot_dyn_loss   : 0.47879, sta_sta_loss   : 0.13266, 
epoch  17 summary: dyn_dyn_loss   : 0.12066, dyn_sta_loss   : 2.68211, tot_dyn_loss   : 0.47926, sta_sta_loss   : 0.13266, 
epoch  18 summary: dyn_dyn_loss   : 0.12011, dyn_sta_loss   : 2.67066, tot_dyn_loss   : 0.47718, sta_sta_loss   : 0.13266, 
epoch  19 summary: dyn_dyn_loss   : 0.12078, dyn_sta_loss   : 2.66280, tot_dyn_loss   : 0.47666, sta_sta_loss   : 0.13266, 
epoch  20 summary: dyn_dyn_loss   : 0.12057, dyn_sta_loss   : 2.67372, tot_dyn_loss   : 0.47801, sta_sta_loss   : 0.13266, 
train loss: 0.000233, train acc: 1.0000
epoch  21 summary: dyn_dyn_loss   : 0.12048, dyn_sta_loss   : 2.67440, tot_dyn_loss   : 0.47803, sta_sta_loss   : 0.13266, 
epoch  22 summary: dyn_dyn_loss   : 0.11995, dyn_sta_loss   : 2.67361, tot_dyn_loss   : 0.47746, sta_sta_loss   : 0.13266, 
epoch  23 summary: dyn_dyn_loss   : 0.12001, dyn_sta_loss   : 2.67600, tot_dyn_loss   : 0.47785, sta_sta_loss   : 0.13266, 
epoch  24 summary: dyn_dyn_loss   : 0.11980, dyn_sta_loss   : 2.67255, tot_dyn_loss   : 0.47718, sta_sta_loss   : 0.13266, 
epoch  25 summary: dyn_dyn_loss   : 0.12072, dyn_sta_loss   : 2.67012, tot_dyn_loss   : 0.47764, sta_sta_loss   : 0.13266, 
epoch  26 summary: dyn_dyn_loss   : 0.11939, dyn_sta_loss   : 2.67501, tot_dyn_loss   : 0.47718, sta_sta_loss   : 0.13266, 
epoch  27 summary: dyn_dyn_loss   : 0.11981, dyn_sta_loss   : 2.66522, tot_dyn_loss   : 0.47617, sta_sta_loss   : 0.13266, 
epoch  28 summary: dyn_dyn_loss   : 0.11963, dyn_sta_loss   : 2.66332, tot_dyn_loss   : 0.47575, sta_sta_loss   : 0.13266, 
epoch  29 summary: dyn_dyn_loss   : 0.11981, dyn_sta_loss   : 2.68752, tot_dyn_loss   : 0.47929, sta_sta_loss   : 0.13266, 
epoch  30 summary: dyn_dyn_loss   : 0.11837, dyn_sta_loss   : 2.67891, tot_dyn_loss   : 0.47685, sta_sta_loss   : 0.13266, 
train loss: 0.000220, train acc: 1.0000
epoch  31 summary: dyn_dyn_loss   : 0.11873, dyn_sta_loss   : 2.68484, tot_dyn_loss   : 0.47798, sta_sta_loss   : 0.13266, 
epoch  32 summary: dyn_dyn_loss   : 0.11834, dyn_sta_loss   : 2.68384, tot_dyn_loss   : 0.47751, sta_sta_loss   : 0.13266, 
epoch  33 summary: dyn_dyn_loss   : 0.11820, dyn_sta_loss   : 2.67847, tot_dyn_loss   : 0.47664, sta_sta_loss   : 0.13266, 
epoch  34 summary: dyn_dyn_loss   : 0.11769, dyn_sta_loss   : 2.67357, tot_dyn_loss   : 0.47551, sta_sta_loss   : 0.13266, 
epoch  35 summary: dyn_dyn_loss   : 0.11866, dyn_sta_loss   : 2.66776, tot_dyn_loss   : 0.47553, sta_sta_loss   : 0.13266, 
epoch  36 summary: dyn_dyn_loss   : 0.11831, dyn_sta_loss   : 2.66682, tot_dyn_loss   : 0.47510, sta_sta_loss   : 0.13266, 
epoch  37 summary: dyn_dyn_loss   : 0.11806, dyn_sta_loss   : 2.68949, tot_dyn_loss   : 0.47806, sta_sta_loss   : 0.13266, 
epoch  38 summary: dyn_dyn_loss   : 0.11682, dyn_sta_loss   : 2.69290, tot_dyn_loss   : 0.47747, sta_sta_loss   : 0.13266, 
epoch  39 summary: dyn_dyn_loss   : 0.11682, dyn_sta_loss   : 2.68789, tot_dyn_loss   : 0.47677, sta_sta_loss   : 0.13266, 
epoch  40 summary: dyn_dyn_loss   : 0.11635, dyn_sta_loss   : 2.68880, tot_dyn_loss   : 0.47650, sta_sta_loss   : 0.13266, 
train loss: 0.000441, train acc: 1.0000
epoch  41 summary: dyn_dyn_loss   : 0.11590, dyn_sta_loss   : 2.70091, tot_dyn_loss   : 0.47780, sta_sta_loss   : 0.13266, 
epoch  42 summary: dyn_dyn_loss   : 0.11542, dyn_sta_loss   : 2.68170, tot_dyn_loss   : 0.47470, sta_sta_loss   : 0.13266, 
epoch  43 summary: dyn_dyn_loss   : 0.11506, dyn_sta_loss   : 2.68853, tot_dyn_loss   : 0.47535, sta_sta_loss   : 0.13266, 
epoch  44 summary: dyn_dyn_loss   : 0.11427, dyn_sta_loss   : 2.69204, tot_dyn_loss   : 0.47516, sta_sta_loss   : 0.13266, 
epoch  45 summary: dyn_dyn_loss   : 0.11454, dyn_sta_loss   : 2.67386, tot_dyn_loss   : 0.47285, sta_sta_loss   : 0.13266, 
epoch  46 summary: dyn_dyn_loss   : 0.11441, dyn_sta_loss   : 2.68890, tot_dyn_loss   : 0.47484, sta_sta_loss   : 0.13266, 
epoch  47 summary: dyn_dyn_loss   : 0.11271, dyn_sta_loss   : 2.68856, tot_dyn_loss   : 0.47332, sta_sta_loss   : 0.13266, 
epoch  48 summary: dyn_dyn_loss   : 0.11217, dyn_sta_loss   : 2.69192, tot_dyn_loss   : 0.47333, sta_sta_loss   : 0.13266, 
epoch  49 summary: dyn_dyn_loss   : 0.11120, dyn_sta_loss   : 2.70605, tot_dyn_loss   : 0.47448, sta_sta_loss   : 0.13266, 
epoch  50 summary: dyn_dyn_loss   : 0.11114, dyn_sta_loss   : 2.70050, tot_dyn_loss   : 0.47365, sta_sta_loss   : 0.13266, 
train loss: 0.000305, train acc: 1.0000
epoch  51 summary: dyn_dyn_loss   : 0.11006, dyn_sta_loss   : 2.70413, tot_dyn_loss   : 0.47323, sta_sta_loss   : 0.13266, 
epoch  52 summary: dyn_dyn_loss   : 0.10974, dyn_sta_loss   : 2.68866, tot_dyn_loss   : 0.47079, sta_sta_loss   : 0.13266, 
epoch  53 summary: dyn_dyn_loss   : 0.11018, dyn_sta_loss   : 2.69607, tot_dyn_loss   : 0.47221, sta_sta_loss   : 0.13266, 
epoch  54 summary: dyn_dyn_loss   : 0.10982, dyn_sta_loss   : 2.69363, tot_dyn_loss   : 0.47156, sta_sta_loss   : 0.13266, 
epoch  55 summary: dyn_dyn_loss   : 0.10931, dyn_sta_loss   : 2.67853, tot_dyn_loss   : 0.46900, sta_sta_loss   : 0.13266, 
epoch  56 summary: dyn_dyn_loss   : 0.10873, dyn_sta_loss   : 2.68847, tot_dyn_loss   : 0.46989, sta_sta_loss   : 0.13266, 
epoch  57 summary: dyn_dyn_loss   : 0.10791, dyn_sta_loss   : 2.67721, tot_dyn_loss   : 0.46762, sta_sta_loss   : 0.13266, 
epoch  58 summary: dyn_dyn_loss   : 0.10776, dyn_sta_loss   : 2.69660, tot_dyn_loss   : 0.47020, sta_sta_loss   : 0.13266, 
epoch  59 summary: dyn_dyn_loss   : 0.10720, dyn_sta_loss   : 2.68199, tot_dyn_loss   : 0.46767, sta_sta_loss   : 0.13266, 
epoch  60 summary: dyn_dyn_loss   : 0.10754, dyn_sta_loss   : 2.69357, tot_dyn_loss   : 0.46959, sta_sta_loss   : 0.13266, 
train loss: 0.000389, train acc: 1.0000
epoch  61 summary: dyn_dyn_loss   : 0.10671, dyn_sta_loss   : 2.69197, tot_dyn_loss   : 0.46865, sta_sta_loss   : 0.13266, 
epoch  62 summary: dyn_dyn_loss   : 0.10682, dyn_sta_loss   : 2.69722, tot_dyn_loss   : 0.46948, sta_sta_loss   : 0.13266, 
epoch  63 summary: dyn_dyn_loss   : 0.10662, dyn_sta_loss   : 2.70424, tot_dyn_loss   : 0.47029, sta_sta_loss   : 0.13266, 
epoch  64 summary: dyn_dyn_loss   : 0.10636, dyn_sta_loss   : 2.70659, tot_dyn_loss   : 0.47039, sta_sta_loss   : 0.13266, 
epoch  65 summary: dyn_dyn_loss   : 0.10643, dyn_sta_loss   : 2.69281, tot_dyn_loss   : 0.46852, sta_sta_loss   : 0.13266, 
epoch  66 summary: dyn_dyn_loss   : 0.10713, dyn_sta_loss   : 2.69552, tot_dyn_loss   : 0.46950, sta_sta_loss   : 0.13266, 
epoch  67 summary: dyn_dyn_loss   : 0.10667, dyn_sta_loss   : 2.71411, tot_dyn_loss   : 0.47171, sta_sta_loss   : 0.13266, 
epoch  68 summary: dyn_dyn_loss   : 0.10604, dyn_sta_loss   : 2.70139, tot_dyn_loss   : 0.46939, sta_sta_loss   : 0.13266, 
epoch  69 summary: dyn_dyn_loss   : 0.10645, dyn_sta_loss   : 2.70070, tot_dyn_loss   : 0.46964, sta_sta_loss   : 0.13266, 
epoch  70 summary: dyn_dyn_loss   : 0.10652, dyn_sta_loss   : 2.69590, tot_dyn_loss   : 0.46903, sta_sta_loss   : 0.13266, 
train loss: 0.000242, train acc: 1.0000
epoch  71 summary: dyn_dyn_loss   : 0.10662, dyn_sta_loss   : 2.68920, tot_dyn_loss   : 0.46819, sta_sta_loss   : 0.13266, 
epoch  72 summary: dyn_dyn_loss   : 0.10694, dyn_sta_loss   : 2.71173, tot_dyn_loss   : 0.47161, sta_sta_loss   : 0.13266, 
epoch  73 summary: dyn_dyn_loss   : 0.10578, dyn_sta_loss   : 2.70889, tot_dyn_loss   : 0.47021, sta_sta_loss   : 0.13266, 
epoch  74 summary: dyn_dyn_loss   : 0.10512, dyn_sta_loss   : 2.70874, tot_dyn_loss   : 0.46963, sta_sta_loss   : 0.13266, 
epoch  75 summary: dyn_dyn_loss   : 0.10537, dyn_sta_loss   : 2.70304, tot_dyn_loss   : 0.46905, sta_sta_loss   : 0.13266, 
epoch  76 summary: dyn_dyn_loss   : 0.10574, dyn_sta_loss   : 2.70324, tot_dyn_loss   : 0.46939, sta_sta_loss   : 0.13266, 
epoch  77 summary: dyn_dyn_loss   : 0.10603, dyn_sta_loss   : 2.70068, tot_dyn_loss   : 0.46928, sta_sta_loss   : 0.13266, 
epoch  78 summary: dyn_dyn_loss   : 0.10630, dyn_sta_loss   : 2.68723, tot_dyn_loss   : 0.46763, sta_sta_loss   : 0.13266, 
epoch  79 summary: dyn_dyn_loss   : 0.10595, dyn_sta_loss   : 2.70184, tot_dyn_loss   : 0.46937, sta_sta_loss   : 0.13266, 
epoch  80 summary: dyn_dyn_loss   : 0.10472, dyn_sta_loss   : 2.70237, tot_dyn_loss   : 0.46839, sta_sta_loss   : 0.13266, 
train loss: 0.000250, train acc: 1.0000
epoch  81 summary: dyn_dyn_loss   : 0.10481, dyn_sta_loss   : 2.69005, tot_dyn_loss   : 0.46675, sta_sta_loss   : 0.13266, 
epoch  82 summary: dyn_dyn_loss   : 0.10505, dyn_sta_loss   : 2.71470, tot_dyn_loss   : 0.47040, sta_sta_loss   : 0.13266, 
epoch  83 summary: dyn_dyn_loss   : 0.10396, dyn_sta_loss   : 2.71442, tot_dyn_loss   : 0.46943, sta_sta_loss   : 0.13266, 
epoch  84 summary: dyn_dyn_loss   : 0.10411, dyn_sta_loss   : 2.70868, tot_dyn_loss   : 0.46875, sta_sta_loss   : 0.13266, 
epoch  85 summary: dyn_dyn_loss   : 0.10412, dyn_sta_loss   : 2.71168, tot_dyn_loss   : 0.46918, sta_sta_loss   : 0.13266, 
epoch  86 summary: dyn_dyn_loss   : 0.10415, dyn_sta_loss   : 2.70689, tot_dyn_loss   : 0.46853, sta_sta_loss   : 0.13266, 
epoch  87 summary: dyn_dyn_loss   : 0.10460, dyn_sta_loss   : 2.69668, tot_dyn_loss   : 0.46750, sta_sta_loss   : 0.13266, 
epoch  88 summary: dyn_dyn_loss   : 0.10550, dyn_sta_loss   : 2.70055, tot_dyn_loss   : 0.46881, sta_sta_loss   : 0.13266, 
epoch  89 summary: dyn_dyn_loss   : 0.10506, dyn_sta_loss   : 2.70853, tot_dyn_loss   : 0.46955, sta_sta_loss   : 0.13266, 
epoch  90 summary: dyn_dyn_loss   : 0.10454, dyn_sta_loss   : 2.69630, tot_dyn_loss   : 0.46739, sta_sta_loss   : 0.13266, 
train loss: 0.000316, train acc: 1.0000
epoch  91 summary: dyn_dyn_loss   : 0.10484, dyn_sta_loss   : 2.70048, tot_dyn_loss   : 0.46823, sta_sta_loss   : 0.13266, 
epoch  92 summary: dyn_dyn_loss   : 0.10471, dyn_sta_loss   : 2.70844, tot_dyn_loss   : 0.46923, sta_sta_loss   : 0.13266, 
epoch  93 summary: dyn_dyn_loss   : 0.10428, dyn_sta_loss   : 2.70255, tot_dyn_loss   : 0.46804, sta_sta_loss   : 0.13266, 
epoch  94 summary: dyn_dyn_loss   : 0.10476, dyn_sta_loss   : 2.70027, tot_dyn_loss   : 0.46814, sta_sta_loss   : 0.13266, 
epoch  95 summary: dyn_dyn_loss   : 0.10490, dyn_sta_loss   : 2.70476, tot_dyn_loss   : 0.46888, sta_sta_loss   : 0.13266, 
epoch  96 summary: dyn_dyn_loss   : 0.10505, dyn_sta_loss   : 2.68946, tot_dyn_loss   : 0.46686, sta_sta_loss   : 0.13266, 
epoch  97 summary: dyn_dyn_loss   : 0.10595, dyn_sta_loss   : 2.71086, tot_dyn_loss   : 0.47064, sta_sta_loss   : 0.13266, 
epoch  98 summary: dyn_dyn_loss   : 0.10459, dyn_sta_loss   : 2.70134, tot_dyn_loss   : 0.46814, sta_sta_loss   : 0.13266, 
epoch  99 summary: dyn_dyn_loss   : 0.10449, dyn_sta_loss   : 2.69915, tot_dyn_loss   : 0.46774, sta_sta_loss   : 0.13266, 
train loss: 0.000393, train acc: 1.0000
all                          12904.268ms
all_epoch                    12496.485ms
all_preparation                407.769ms
all_preparation_2              407.169ms
all_preparation_3                0.588ms
epoch                           46.249ms
epoch_pos_train                  0.365ms
epoch_preparation                1.183ms
epoch_train                     44.239ms
epoch_valid                      0.322ms
----------------------------------------
all                          12904.268ms
  all_epoch             96.84%
  all_preparation        3.16%
all_preparation                407.769ms
  all_preparation_2     99.85%
  all_preparation_3      0.14%
epoch                         4624.912ms
  epoch_train           95.65%
  epoch_preparation      2.56%
  epoch_pos_train        0.79%
  epoch_valid            0.70%
epoch   0 summary: tot_dyn_loss   : 0.09035, 
valid loss: 3.455494, valid acc: 0.2637
epoch   1 summary: tot_dyn_loss   : 0.07004, 
epoch   2 summary: tot_dyn_loss   : 0.05954, 
epoch   3 summary: tot_dyn_loss   : 0.05381, 
epoch   4 summary: tot_dyn_loss   : 0.05006, 
epoch   5 summary: tot_dyn_loss   : 0.04742, 
epoch   6 summary: tot_dyn_loss   : 0.04550, 
epoch   7 summary: tot_dyn_loss   : 0.04416, 
epoch   8 summary: tot_dyn_loss   : 0.04310, 
epoch   9 summary: tot_dyn_loss   : 0.04235, 
epoch  10 summary: tot_dyn_loss   : 0.04177, 
valid loss: 2.504820, valid acc: 0.4258
epoch  11 summary: tot_dyn_loss   : 0.04139, 
epoch  12 summary: tot_dyn_loss   : 0.04108, 
epoch  13 summary: tot_dyn_loss   : 0.04087, 
epoch  14 summary: tot_dyn_loss   : 0.04075, 
epoch  15 summary: tot_dyn_loss   : 0.04059, 
epoch  16 summary: tot_dyn_loss   : 0.04053, 
epoch  17 summary: tot_dyn_loss   : 0.04047, 
epoch  18 summary: tot_dyn_loss   : 0.04043, 
epoch  19 summary: tot_dyn_loss   : 0.04039, 
epoch  20 summary: tot_dyn_loss   : 0.04035, 
valid loss: 2.474508, valid acc: 0.4316
epoch  21 summary: tot_dyn_loss   : 0.04033, 
epoch  22 summary: tot_dyn_loss   : 0.04030, 
epoch  23 summary: tot_dyn_loss   : 0.04028, 
epoch  24 summary: tot_dyn_loss   : 0.04027, 
epoch  25 summary: tot_dyn_loss   : 0.04204, 
epoch  26 summary: tot_dyn_loss   : 0.04171, 
epoch  27 summary: tot_dyn_loss   : 0.04144, 
epoch  28 summary: tot_dyn_loss   : 0.04123, 
epoch  29 summary: tot_dyn_loss   : 0.04106, 
epoch  30 summary: tot_dyn_loss   : 0.04092, 
valid loss: 2.488355, valid acc: 0.4473
epoch  31 summary: tot_dyn_loss   : 0.04082, 
epoch  32 summary: tot_dyn_loss   : 0.04073, 
epoch  33 summary: tot_dyn_loss   : 0.04067, 
epoch  34 summary: tot_dyn_loss   : 0.04062, 
epoch  35 summary: tot_dyn_loss   : 0.04058, 
epoch  36 summary: tot_dyn_loss   : 0.04055, 
epoch  37 summary: tot_dyn_loss   : 0.04051, 
epoch  38 summary: tot_dyn_loss   : 0.04049, 
epoch  39 summary: tot_dyn_loss   : 0.04047, 
epoch  40 summary: tot_dyn_loss   : 0.04046, 
valid loss: 2.483211, valid acc: 0.4512
epoch  41 summary: tot_dyn_loss   : 0.04045, 
epoch  42 summary: tot_dyn_loss   : 0.04043, 
epoch  43 summary: tot_dyn_loss   : 0.04042, 
epoch  44 summary: tot_dyn_loss   : 0.04041, 
epoch  45 summary: tot_dyn_loss   : 0.04040, 
epoch  46 summary: tot_dyn_loss   : 0.04039, 
epoch  47 summary: tot_dyn_loss   : 0.04038, 
epoch  48 summary: tot_dyn_loss   : 0.04037, 
epoch  49 summary: tot_dyn_loss   : 0.04036, 
epoch  50 summary: tot_dyn_loss   : 0.04151, 
valid loss: 2.466730, valid acc: 0.4551
epoch  51 summary: tot_dyn_loss   : 0.04120, 
epoch  52 summary: tot_dyn_loss   : 0.04095, 
epoch  53 summary: tot_dyn_loss   : 0.04074, 
epoch  54 summary: tot_dyn_loss   : 0.04060, 
epoch  55 summary: tot_dyn_loss   : 0.04048, 
epoch  56 summary: tot_dyn_loss   : 0.04040, 
epoch  57 summary: tot_dyn_loss   : 0.04033, 
epoch  58 summary: tot_dyn_loss   : 0.04028, 
epoch  59 summary: tot_dyn_loss   : 0.04024, 
epoch  60 summary: tot_dyn_loss   : 0.04022, 
valid loss: 2.471213, valid acc: 0.4473
epoch  61 summary: tot_dyn_loss   : 0.04020, 
epoch  62 summary: tot_dyn_loss   : 0.04018, 
epoch  63 summary: tot_dyn_loss   : 0.04017, 
epoch  64 summary: tot_dyn_loss   : 0.04016, 
epoch  65 summary: tot_dyn_loss   : 0.04014, 
epoch  66 summary: tot_dyn_loss   : 0.04013, 
epoch  67 summary: tot_dyn_loss   : 0.04011, 
epoch  68 summary: tot_dyn_loss   : 0.04010, 
epoch  69 summary: tot_dyn_loss   : 0.04009, 
epoch  70 summary: tot_dyn_loss   : 0.04009, 
valid loss: 2.466900, valid acc: 0.4453
epoch  71 summary: tot_dyn_loss   : 0.04008, 
epoch  72 summary: tot_dyn_loss   : 0.04007, 
epoch  73 summary: tot_dyn_loss   : 0.04006, 
epoch  74 summary: tot_dyn_loss   : 0.04005, 
epoch  75 summary: tot_dyn_loss   : 0.04144, 
epoch  76 summary: tot_dyn_loss   : 0.04115, 
epoch  77 summary: tot_dyn_loss   : 0.04095, 
epoch  78 summary: tot_dyn_loss   : 0.04080, 
epoch  79 summary: tot_dyn_loss   : 0.04066, 
epoch  80 summary: tot_dyn_loss   : 0.04054, 
valid loss: 2.426118, valid acc: 0.4395
epoch  81 summary: tot_dyn_loss   : 0.04048, 
epoch  82 summary: tot_dyn_loss   : 0.04042, 
epoch  83 summary: tot_dyn_loss   : 0.04036, 
epoch  84 summary: tot_dyn_loss   : 0.04031, 
epoch  85 summary: tot_dyn_loss   : 0.04027, 
epoch  86 summary: tot_dyn_loss   : 0.04024, 
epoch  87 summary: tot_dyn_loss   : 0.04022, 
epoch  88 summary: tot_dyn_loss   : 0.04021, 
epoch  89 summary: tot_dyn_loss   : 0.04020, 
epoch  90 summary: tot_dyn_loss   : 0.04018, 
valid loss: 2.459244, valid acc: 0.4316
epoch  91 summary: tot_dyn_loss   : 0.04016, 
epoch  92 summary: tot_dyn_loss   : 0.04016, 
epoch  93 summary: tot_dyn_loss   : 0.04015, 
epoch  94 summary: tot_dyn_loss   : 0.04013, 
epoch  95 summary: tot_dyn_loss   : 0.04012, 
epoch  96 summary: tot_dyn_loss   : 0.04011, 
epoch  97 summary: tot_dyn_loss   : 0.04011, 
epoch  98 summary: tot_dyn_loss   : 0.04010, 
epoch  99 summary: tot_dyn_loss   : 0.04010, 
valid loss: 2.458986, valid acc: 0.4355
all                           7513.963ms
all_epoch                     7512.019ms
all_preparation                  1.928ms
all_preparation_2                1.261ms
all_preparation_3                0.661ms
epoch                           26.254ms
epoch_pos_train                  0.507ms
epoch_preparation                0.134ms
epoch_train                     25.385ms
epoch_valid                      0.115ms
----------------------------------------
all                           7513.963ms
  all_epoch             99.97%
  all_preparation        0.03%
all_preparation                  1.928ms
  all_preparation_2     65.41%
  all_preparation_3     34.29%
epoch                         2625.444ms
  epoch_train           96.69%
  epoch_pos_train        1.93%
  epoch_preparation      0.51%
  epoch_valid            0.44%
