Before CTE Training: train eu loss: 0.9447107911109924, eval eu loss: 1.4130948781967163
Before CTE Training: train eu acc: 0.68505859375, eval eu acc: 0.595703125
epoch   0 summary: dyn_dyn_loss   : 0.10703, dyn_sta_loss   : 4.10886, tot_dyn_loss   : 0.66729, sta_sta_loss   : 0.13266, 
train loss: 1.627071, train acc: 0.6851
epoch   1 summary: dyn_dyn_loss   : 0.10075, dyn_sta_loss   : 3.75810, tot_dyn_loss   : 0.61278, sta_sta_loss   : 0.13266, 
epoch   2 summary: dyn_dyn_loss   : 0.09377, dyn_sta_loss   : 3.45607, tot_dyn_loss   : 0.56449, sta_sta_loss   : 0.13266, 
epoch   3 summary: dyn_dyn_loss   : 0.09216, dyn_sta_loss   : 3.21648, tot_dyn_loss   : 0.52957, sta_sta_loss   : 0.13266, 
epoch   4 summary: dyn_dyn_loss   : 0.09642, dyn_sta_loss   : 3.03629, tot_dyn_loss   : 0.50800, sta_sta_loss   : 0.13266, 
epoch   5 summary: dyn_dyn_loss   : 0.10477, dyn_sta_loss   : 2.89264, tot_dyn_loss   : 0.49507, sta_sta_loss   : 0.13266, 
epoch   6 summary: dyn_dyn_loss   : 0.11442, dyn_sta_loss   : 2.79416, tot_dyn_loss   : 0.48958, sta_sta_loss   : 0.13266, 
epoch   7 summary: dyn_dyn_loss   : 0.12024, dyn_sta_loss   : 2.75235, tot_dyn_loss   : 0.48873, sta_sta_loss   : 0.13266, 
epoch   8 summary: dyn_dyn_loss   : 0.12270, dyn_sta_loss   : 2.71922, tot_dyn_loss   : 0.48621, sta_sta_loss   : 0.13266, 
epoch   9 summary: dyn_dyn_loss   : 0.12447, dyn_sta_loss   : 2.68271, tot_dyn_loss   : 0.48262, sta_sta_loss   : 0.13266, 
epoch  10 summary: dyn_dyn_loss   : 0.12644, dyn_sta_loss   : 2.67712, tot_dyn_loss   : 0.48353, sta_sta_loss   : 0.13266, 
train loss: 0.000496, train acc: 1.0000
epoch  11 summary: dyn_dyn_loss   : 0.12608, dyn_sta_loss   : 2.67523, tot_dyn_loss   : 0.48296, sta_sta_loss   : 0.13266, 
epoch  12 summary: dyn_dyn_loss   : 0.12538, dyn_sta_loss   : 2.67133, tot_dyn_loss   : 0.48181, sta_sta_loss   : 0.13266, 
epoch  13 summary: dyn_dyn_loss   : 0.12565, dyn_sta_loss   : 2.65692, tot_dyn_loss   : 0.48003, sta_sta_loss   : 0.13266, 
epoch  14 summary: dyn_dyn_loss   : 0.12626, dyn_sta_loss   : 2.65835, tot_dyn_loss   : 0.48076, sta_sta_loss   : 0.13266, 
epoch  15 summary: dyn_dyn_loss   : 0.12569, dyn_sta_loss   : 2.64536, tot_dyn_loss   : 0.47845, sta_sta_loss   : 0.13266, 
epoch  16 summary: dyn_dyn_loss   : 0.12513, dyn_sta_loss   : 2.65815, tot_dyn_loss   : 0.47975, sta_sta_loss   : 0.13266, 
epoch  17 summary: dyn_dyn_loss   : 0.12429, dyn_sta_loss   : 2.66448, tot_dyn_loss   : 0.47991, sta_sta_loss   : 0.13266, 
epoch  18 summary: dyn_dyn_loss   : 0.12411, dyn_sta_loss   : 2.64707, tot_dyn_loss   : 0.47733, sta_sta_loss   : 0.13266, 
epoch  19 summary: dyn_dyn_loss   : 0.12454, dyn_sta_loss   : 2.64981, tot_dyn_loss   : 0.47807, sta_sta_loss   : 0.13266, 
epoch  20 summary: dyn_dyn_loss   : 0.12451, dyn_sta_loss   : 2.65803, tot_dyn_loss   : 0.47920, sta_sta_loss   : 0.13266, 
train loss: 0.000621, train acc: 1.0000
epoch  21 summary: dyn_dyn_loss   : 0.12391, dyn_sta_loss   : 2.66932, tot_dyn_loss   : 0.48026, sta_sta_loss   : 0.13266, 
epoch  22 summary: dyn_dyn_loss   : 0.12301, dyn_sta_loss   : 2.67428, tot_dyn_loss   : 0.48019, sta_sta_loss   : 0.13266, 
epoch  23 summary: dyn_dyn_loss   : 0.12283, dyn_sta_loss   : 2.65918, tot_dyn_loss   : 0.47792, sta_sta_loss   : 0.13266, 
epoch  24 summary: dyn_dyn_loss   : 0.12329, dyn_sta_loss   : 2.66733, tot_dyn_loss   : 0.47946, sta_sta_loss   : 0.13266, 
epoch  25 summary: dyn_dyn_loss   : 0.12500, dyn_sta_loss   : 2.66656, tot_dyn_loss   : 0.48082, sta_sta_loss   : 0.13266, 
epoch  26 summary: dyn_dyn_loss   : 0.12194, dyn_sta_loss   : 2.66996, tot_dyn_loss   : 0.47866, sta_sta_loss   : 0.13266, 
epoch  27 summary: dyn_dyn_loss   : 0.12242, dyn_sta_loss   : 2.66064, tot_dyn_loss   : 0.47777, sta_sta_loss   : 0.13266, 
epoch  28 summary: dyn_dyn_loss   : 0.12209, dyn_sta_loss   : 2.67645, tot_dyn_loss   : 0.47970, sta_sta_loss   : 0.13266, 
epoch  29 summary: dyn_dyn_loss   : 0.12154, dyn_sta_loss   : 2.67797, tot_dyn_loss   : 0.47944, sta_sta_loss   : 0.13266, 
epoch  30 summary: dyn_dyn_loss   : 0.12186, dyn_sta_loss   : 2.67010, tot_dyn_loss   : 0.47862, sta_sta_loss   : 0.13266, 
train loss: 0.000591, train acc: 1.0000
epoch  31 summary: dyn_dyn_loss   : 0.12156, dyn_sta_loss   : 2.68461, tot_dyn_loss   : 0.48039, sta_sta_loss   : 0.13266, 
epoch  32 summary: dyn_dyn_loss   : 0.12053, dyn_sta_loss   : 2.66539, tot_dyn_loss   : 0.47681, sta_sta_loss   : 0.13266, 
epoch  33 summary: dyn_dyn_loss   : 0.12144, dyn_sta_loss   : 2.66749, tot_dyn_loss   : 0.47788, sta_sta_loss   : 0.13266, 
epoch  34 summary: dyn_dyn_loss   : 0.12042, dyn_sta_loss   : 2.67436, tot_dyn_loss   : 0.47797, sta_sta_loss   : 0.13266, 
epoch  35 summary: dyn_dyn_loss   : 0.12025, dyn_sta_loss   : 2.66809, tot_dyn_loss   : 0.47695, sta_sta_loss   : 0.13266, 
epoch  36 summary: dyn_dyn_loss   : 0.12023, dyn_sta_loss   : 2.66114, tot_dyn_loss   : 0.47595, sta_sta_loss   : 0.13266, 
epoch  37 summary: dyn_dyn_loss   : 0.12005, dyn_sta_loss   : 2.68942, tot_dyn_loss   : 0.47976, sta_sta_loss   : 0.13266, 
epoch  38 summary: dyn_dyn_loss   : 0.11888, dyn_sta_loss   : 2.67236, tot_dyn_loss   : 0.47637, sta_sta_loss   : 0.13266, 
epoch  39 summary: dyn_dyn_loss   : 0.11890, dyn_sta_loss   : 2.67655, tot_dyn_loss   : 0.47697, sta_sta_loss   : 0.13266, 
epoch  40 summary: dyn_dyn_loss   : 0.11817, dyn_sta_loss   : 2.67776, tot_dyn_loss   : 0.47651, sta_sta_loss   : 0.13266, 
train loss: 0.000925, train acc: 1.0000
epoch  41 summary: dyn_dyn_loss   : 0.11783, dyn_sta_loss   : 2.68985, tot_dyn_loss   : 0.47791, sta_sta_loss   : 0.13266, 
epoch  42 summary: dyn_dyn_loss   : 0.11742, dyn_sta_loss   : 2.68793, tot_dyn_loss   : 0.47729, sta_sta_loss   : 0.13266, 
epoch  43 summary: dyn_dyn_loss   : 0.11715, dyn_sta_loss   : 2.68280, tot_dyn_loss   : 0.47634, sta_sta_loss   : 0.13266, 
epoch  44 summary: dyn_dyn_loss   : 0.11692, dyn_sta_loss   : 2.67651, tot_dyn_loss   : 0.47526, sta_sta_loss   : 0.13266, 
epoch  45 summary: dyn_dyn_loss   : 0.11680, dyn_sta_loss   : 2.70330, tot_dyn_loss   : 0.47891, sta_sta_loss   : 0.13266, 
epoch  46 summary: dyn_dyn_loss   : 0.11484, dyn_sta_loss   : 2.69071, tot_dyn_loss   : 0.47546, sta_sta_loss   : 0.13266, 
epoch  47 summary: dyn_dyn_loss   : 0.11468, dyn_sta_loss   : 2.68837, tot_dyn_loss   : 0.47500, sta_sta_loss   : 0.13266, 
epoch  48 summary: dyn_dyn_loss   : 0.11450, dyn_sta_loss   : 2.67875, tot_dyn_loss   : 0.47350, sta_sta_loss   : 0.13266, 
epoch  49 summary: dyn_dyn_loss   : 0.11416, dyn_sta_loss   : 2.69397, tot_dyn_loss   : 0.47533, sta_sta_loss   : 0.13266, 
epoch  50 summary: dyn_dyn_loss   : 0.11382, dyn_sta_loss   : 2.69648, tot_dyn_loss   : 0.47539, sta_sta_loss   : 0.13266, 
train loss: 0.000929, train acc: 1.0000
epoch  51 summary: dyn_dyn_loss   : 0.11131, dyn_sta_loss   : 2.69970, tot_dyn_loss   : 0.47369, sta_sta_loss   : 0.13266, 
epoch  52 summary: dyn_dyn_loss   : 0.10993, dyn_sta_loss   : 2.69853, tot_dyn_loss   : 0.47233, sta_sta_loss   : 0.13266, 
epoch  53 summary: dyn_dyn_loss   : 0.10993, dyn_sta_loss   : 2.70284, tot_dyn_loss   : 0.47293, sta_sta_loss   : 0.13266, 
epoch  54 summary: dyn_dyn_loss   : 0.10967, dyn_sta_loss   : 2.69936, tot_dyn_loss   : 0.47223, sta_sta_loss   : 0.13266, 
epoch  55 summary: dyn_dyn_loss   : 0.10963, dyn_sta_loss   : 2.69735, tot_dyn_loss   : 0.47191, sta_sta_loss   : 0.13266, 
epoch  56 summary: dyn_dyn_loss   : 0.10939, dyn_sta_loss   : 2.69001, tot_dyn_loss   : 0.47067, sta_sta_loss   : 0.13266, 
epoch  57 summary: dyn_dyn_loss   : 0.10930, dyn_sta_loss   : 2.69975, tot_dyn_loss   : 0.47197, sta_sta_loss   : 0.13266, 
epoch  58 summary: dyn_dyn_loss   : 0.10850, dyn_sta_loss   : 2.70288, tot_dyn_loss   : 0.47171, sta_sta_loss   : 0.13266, 
epoch  59 summary: dyn_dyn_loss   : 0.10865, dyn_sta_loss   : 2.68291, tot_dyn_loss   : 0.46905, sta_sta_loss   : 0.13266, 
epoch  60 summary: dyn_dyn_loss   : 0.10854, dyn_sta_loss   : 2.69567, tot_dyn_loss   : 0.47074, sta_sta_loss   : 0.13266, 
train loss: 0.000565, train acc: 1.0000
epoch  61 summary: dyn_dyn_loss   : 0.10809, dyn_sta_loss   : 2.70280, tot_dyn_loss   : 0.47135, sta_sta_loss   : 0.13266, 
epoch  62 summary: dyn_dyn_loss   : 0.10843, dyn_sta_loss   : 2.70330, tot_dyn_loss   : 0.47171, sta_sta_loss   : 0.13266, 
epoch  63 summary: dyn_dyn_loss   : 0.10740, dyn_sta_loss   : 2.69408, tot_dyn_loss   : 0.46954, sta_sta_loss   : 0.13266, 
epoch  64 summary: dyn_dyn_loss   : 0.10810, dyn_sta_loss   : 2.69564, tot_dyn_loss   : 0.47035, sta_sta_loss   : 0.13266, 
epoch  65 summary: dyn_dyn_loss   : 0.10827, dyn_sta_loss   : 2.70593, tot_dyn_loss   : 0.47195, sta_sta_loss   : 0.13266, 
epoch  66 summary: dyn_dyn_loss   : 0.10758, dyn_sta_loss   : 2.69375, tot_dyn_loss   : 0.46964, sta_sta_loss   : 0.13266, 
epoch  67 summary: dyn_dyn_loss   : 0.10779, dyn_sta_loss   : 2.68925, tot_dyn_loss   : 0.46919, sta_sta_loss   : 0.13266, 
epoch  68 summary: dyn_dyn_loss   : 0.10812, dyn_sta_loss   : 2.69712, tot_dyn_loss   : 0.47058, sta_sta_loss   : 0.13266, 
epoch  69 summary: dyn_dyn_loss   : 0.10777, dyn_sta_loss   : 2.69378, tot_dyn_loss   : 0.46981, sta_sta_loss   : 0.13266, 
epoch  70 summary: dyn_dyn_loss   : 0.10775, dyn_sta_loss   : 2.69231, tot_dyn_loss   : 0.46959, sta_sta_loss   : 0.13266, 
train loss: 0.000890, train acc: 1.0000
epoch  71 summary: dyn_dyn_loss   : 0.10747, dyn_sta_loss   : 2.71273, tot_dyn_loss   : 0.47221, sta_sta_loss   : 0.13266, 
epoch  72 summary: dyn_dyn_loss   : 0.10677, dyn_sta_loss   : 2.68979, tot_dyn_loss   : 0.46839, sta_sta_loss   : 0.13266, 
epoch  73 summary: dyn_dyn_loss   : 0.10782, dyn_sta_loss   : 2.69436, tot_dyn_loss   : 0.46993, sta_sta_loss   : 0.13266, 
epoch  74 summary: dyn_dyn_loss   : 0.10724, dyn_sta_loss   : 2.68995, tot_dyn_loss   : 0.46882, sta_sta_loss   : 0.13266, 
epoch  75 summary: dyn_dyn_loss   : 0.10809, dyn_sta_loss   : 2.69601, tot_dyn_loss   : 0.47040, sta_sta_loss   : 0.13266, 
epoch  76 summary: dyn_dyn_loss   : 0.10657, dyn_sta_loss   : 2.69778, tot_dyn_loss   : 0.46934, sta_sta_loss   : 0.13266, 
epoch  77 summary: dyn_dyn_loss   : 0.10677, dyn_sta_loss   : 2.69226, tot_dyn_loss   : 0.46873, sta_sta_loss   : 0.13266, 
epoch  78 summary: dyn_dyn_loss   : 0.10703, dyn_sta_loss   : 2.69128, tot_dyn_loss   : 0.46882, sta_sta_loss   : 0.13266, 
epoch  79 summary: dyn_dyn_loss   : 0.10685, dyn_sta_loss   : 2.67863, tot_dyn_loss   : 0.46690, sta_sta_loss   : 0.13266, 
epoch  80 summary: dyn_dyn_loss   : 0.10710, dyn_sta_loss   : 2.70986, tot_dyn_loss   : 0.47149, sta_sta_loss   : 0.13266, 
train loss: 0.000435, train acc: 1.0000
epoch  81 summary: dyn_dyn_loss   : 0.10583, dyn_sta_loss   : 2.70270, tot_dyn_loss   : 0.46939, sta_sta_loss   : 0.13266, 
epoch  82 summary: dyn_dyn_loss   : 0.10619, dyn_sta_loss   : 2.70624, tot_dyn_loss   : 0.47020, sta_sta_loss   : 0.13266, 
epoch  83 summary: dyn_dyn_loss   : 0.10605, dyn_sta_loss   : 2.69623, tot_dyn_loss   : 0.46868, sta_sta_loss   : 0.13266, 
epoch  84 summary: dyn_dyn_loss   : 0.10658, dyn_sta_loss   : 2.69188, tot_dyn_loss   : 0.46852, sta_sta_loss   : 0.13266, 
epoch  85 summary: dyn_dyn_loss   : 0.10653, dyn_sta_loss   : 2.69508, tot_dyn_loss   : 0.46893, sta_sta_loss   : 0.13266, 
epoch  86 summary: dyn_dyn_loss   : 0.10659, dyn_sta_loss   : 2.70311, tot_dyn_loss   : 0.47010, sta_sta_loss   : 0.13266, 
epoch  87 summary: dyn_dyn_loss   : 0.10601, dyn_sta_loss   : 2.69090, tot_dyn_loss   : 0.46790, sta_sta_loss   : 0.13266, 
epoch  88 summary: dyn_dyn_loss   : 0.10666, dyn_sta_loss   : 2.70110, tot_dyn_loss   : 0.46988, sta_sta_loss   : 0.13266, 
epoch  89 summary: dyn_dyn_loss   : 0.10575, dyn_sta_loss   : 2.69065, tot_dyn_loss   : 0.46764, sta_sta_loss   : 0.13266, 
epoch  90 summary: dyn_dyn_loss   : 0.10531, dyn_sta_loss   : 2.71610, tot_dyn_loss   : 0.47082, sta_sta_loss   : 0.13266, 
train loss: 0.000647, train acc: 1.0000
epoch  91 summary: dyn_dyn_loss   : 0.10476, dyn_sta_loss   : 2.70280, tot_dyn_loss   : 0.46848, sta_sta_loss   : 0.13266, 
epoch  92 summary: dyn_dyn_loss   : 0.10581, dyn_sta_loss   : 2.69682, tot_dyn_loss   : 0.46855, sta_sta_loss   : 0.13266, 
epoch  93 summary: dyn_dyn_loss   : 0.10593, dyn_sta_loss   : 2.70306, tot_dyn_loss   : 0.46953, sta_sta_loss   : 0.13266, 
epoch  94 summary: dyn_dyn_loss   : 0.10595, dyn_sta_loss   : 2.69699, tot_dyn_loss   : 0.46870, sta_sta_loss   : 0.13266, 
epoch  95 summary: dyn_dyn_loss   : 0.10575, dyn_sta_loss   : 2.69874, tot_dyn_loss   : 0.46877, sta_sta_loss   : 0.13266, 
epoch  96 summary: dyn_dyn_loss   : 0.10537, dyn_sta_loss   : 2.69962, tot_dyn_loss   : 0.46857, sta_sta_loss   : 0.13266, 
epoch  97 summary: dyn_dyn_loss   : 0.10579, dyn_sta_loss   : 2.69861, tot_dyn_loss   : 0.46878, sta_sta_loss   : 0.13266, 
epoch  98 summary: dyn_dyn_loss   : 0.10595, dyn_sta_loss   : 2.70488, tot_dyn_loss   : 0.46980, sta_sta_loss   : 0.13266, 
epoch  99 summary: dyn_dyn_loss   : 0.10516, dyn_sta_loss   : 2.71014, tot_dyn_loss   : 0.46986, sta_sta_loss   : 0.13266, 
train loss: 0.000410, train acc: 1.0000
all                          16911.007ms
all_epoch                    16325.851ms
all_preparation                585.143ms
all_preparation_2              584.491ms
all_preparation_3                0.638ms
epoch                           84.727ms
epoch_pos_train                  0.464ms
epoch_preparation                1.302ms
epoch_train                     82.332ms
epoch_valid                      0.465ms
----------------------------------------
all                          16911.007ms
  all_epoch             96.54%
  all_preparation        3.46%
all_preparation                585.143ms
  all_preparation_2     99.89%
  all_preparation_3      0.11%
epoch                         8472.659ms
  epoch_train           97.17%
  epoch_preparation      1.54%
  epoch_valid            0.55%
  epoch_pos_train        0.55%
epoch   0 summary: tot_dyn_loss   : 0.10039, 
valid loss: 3.480958, valid acc: 0.2441
epoch   1 summary: tot_dyn_loss   : 0.07780, 
epoch   2 summary: tot_dyn_loss   : 0.06615, 
epoch   3 summary: tot_dyn_loss   : 0.05942, 
epoch   4 summary: tot_dyn_loss   : 0.05522, 
epoch   5 summary: tot_dyn_loss   : 0.05182, 
epoch   6 summary: tot_dyn_loss   : 0.04951, 
epoch   7 summary: tot_dyn_loss   : 0.04799, 
epoch   8 summary: tot_dyn_loss   : 0.04679, 
epoch   9 summary: tot_dyn_loss   : 0.04593, 
epoch  10 summary: tot_dyn_loss   : 0.04537, 
valid loss: 2.410812, valid acc: 0.4824
epoch  11 summary: tot_dyn_loss   : 0.04486, 
epoch  12 summary: tot_dyn_loss   : 0.04463, 
epoch  13 summary: tot_dyn_loss   : 0.04445, 
epoch  14 summary: tot_dyn_loss   : 0.04430, 
epoch  15 summary: tot_dyn_loss   : 0.04414, 
epoch  16 summary: tot_dyn_loss   : 0.04398, 
epoch  17 summary: tot_dyn_loss   : 0.04390, 
epoch  18 summary: tot_dyn_loss   : 0.04385, 
epoch  19 summary: tot_dyn_loss   : 0.04381, 
epoch  20 summary: tot_dyn_loss   : 0.04378, 
valid loss: 2.329077, valid acc: 0.4863
epoch  21 summary: tot_dyn_loss   : 0.04374, 
epoch  22 summary: tot_dyn_loss   : 0.04371, 
epoch  23 summary: tot_dyn_loss   : 0.04367, 
epoch  24 summary: tot_dyn_loss   : 0.04366, 
epoch  25 summary: tot_dyn_loss   : 0.04613, 
epoch  26 summary: tot_dyn_loss   : 0.04562, 
epoch  27 summary: tot_dyn_loss   : 0.04520, 
epoch  28 summary: tot_dyn_loss   : 0.04485, 
epoch  29 summary: tot_dyn_loss   : 0.04458, 
epoch  30 summary: tot_dyn_loss   : 0.04438, 
valid loss: 2.395491, valid acc: 0.4668
epoch  31 summary: tot_dyn_loss   : 0.04420, 
epoch  32 summary: tot_dyn_loss   : 0.04406, 
epoch  33 summary: tot_dyn_loss   : 0.04396, 
epoch  34 summary: tot_dyn_loss   : 0.04391, 
epoch  35 summary: tot_dyn_loss   : 0.04385, 
epoch  36 summary: tot_dyn_loss   : 0.04379, 
epoch  37 summary: tot_dyn_loss   : 0.04374, 
epoch  38 summary: tot_dyn_loss   : 0.04371, 
epoch  39 summary: tot_dyn_loss   : 0.04368, 
epoch  40 summary: tot_dyn_loss   : 0.04367, 
valid loss: 2.345861, valid acc: 0.4707
epoch  41 summary: tot_dyn_loss   : 0.04365, 
epoch  42 summary: tot_dyn_loss   : 0.04363, 
epoch  43 summary: tot_dyn_loss   : 0.04362, 
epoch  44 summary: tot_dyn_loss   : 0.04361, 
epoch  45 summary: tot_dyn_loss   : 0.04359, 
epoch  46 summary: tot_dyn_loss   : 0.04358, 
epoch  47 summary: tot_dyn_loss   : 0.04357, 
epoch  48 summary: tot_dyn_loss   : 0.04357, 
epoch  49 summary: tot_dyn_loss   : 0.04356, 
epoch  50 summary: tot_dyn_loss   : 0.04532, 
valid loss: 2.369850, valid acc: 0.4668
epoch  51 summary: tot_dyn_loss   : 0.04478, 
epoch  52 summary: tot_dyn_loss   : 0.04445, 
epoch  53 summary: tot_dyn_loss   : 0.04416, 
epoch  54 summary: tot_dyn_loss   : 0.04396, 
epoch  55 summary: tot_dyn_loss   : 0.04382, 
epoch  56 summary: tot_dyn_loss   : 0.04371, 
epoch  57 summary: tot_dyn_loss   : 0.04362, 
epoch  58 summary: tot_dyn_loss   : 0.04356, 
epoch  59 summary: tot_dyn_loss   : 0.04350, 
epoch  60 summary: tot_dyn_loss   : 0.04345, 
valid loss: 2.414588, valid acc: 0.4824
epoch  61 summary: tot_dyn_loss   : 0.04341, 
epoch  62 summary: tot_dyn_loss   : 0.04338, 
epoch  63 summary: tot_dyn_loss   : 0.04336, 
epoch  64 summary: tot_dyn_loss   : 0.04335, 
epoch  65 summary: tot_dyn_loss   : 0.04333, 
epoch  66 summary: tot_dyn_loss   : 0.04331, 
epoch  67 summary: tot_dyn_loss   : 0.04330, 
epoch  68 summary: tot_dyn_loss   : 0.04330, 
epoch  69 summary: tot_dyn_loss   : 0.04329, 
epoch  70 summary: tot_dyn_loss   : 0.04327, 
valid loss: 2.438507, valid acc: 0.4824
epoch  71 summary: tot_dyn_loss   : 0.04327, 
epoch  72 summary: tot_dyn_loss   : 0.04326, 
epoch  73 summary: tot_dyn_loss   : 0.04325, 
epoch  74 summary: tot_dyn_loss   : 0.04324, 
epoch  75 summary: tot_dyn_loss   : 0.04521, 
epoch  76 summary: tot_dyn_loss   : 0.04473, 
epoch  77 summary: tot_dyn_loss   : 0.04437, 
epoch  78 summary: tot_dyn_loss   : 0.04410, 
epoch  79 summary: tot_dyn_loss   : 0.04387, 
epoch  80 summary: tot_dyn_loss   : 0.04372, 
valid loss: 2.417064, valid acc: 0.4746
epoch  81 summary: tot_dyn_loss   : 0.04359, 
epoch  82 summary: tot_dyn_loss   : 0.04348, 
epoch  83 summary: tot_dyn_loss   : 0.04341, 
epoch  84 summary: tot_dyn_loss   : 0.04335, 
epoch  85 summary: tot_dyn_loss   : 0.04331, 
epoch  86 summary: tot_dyn_loss   : 0.04328, 
epoch  87 summary: tot_dyn_loss   : 0.04325, 
epoch  88 summary: tot_dyn_loss   : 0.04322, 
epoch  89 summary: tot_dyn_loss   : 0.04320, 
epoch  90 summary: tot_dyn_loss   : 0.04319, 
valid loss: 2.346885, valid acc: 0.4883
epoch  91 summary: tot_dyn_loss   : 0.04318, 
epoch  92 summary: tot_dyn_loss   : 0.04316, 
epoch  93 summary: tot_dyn_loss   : 0.04315, 
epoch  94 summary: tot_dyn_loss   : 0.04313, 
epoch  95 summary: tot_dyn_loss   : 0.04313, 
epoch  96 summary: tot_dyn_loss   : 0.04312, 
epoch  97 summary: tot_dyn_loss   : 0.04312, 
epoch  98 summary: tot_dyn_loss   : 0.04311, 
epoch  99 summary: tot_dyn_loss   : 0.04311, 
valid loss: 2.340313, valid acc: 0.4941
all                           7555.884ms
all_epoch                     7553.422ms
all_preparation                  2.454ms
all_preparation_2                1.782ms
all_preparation_3                0.667ms
epoch                           26.310ms
epoch_pos_train                  0.554ms
epoch_preparation                0.133ms
epoch_train                     25.384ms
epoch_valid                      0.128ms
----------------------------------------
all                           7555.884ms
  all_epoch             99.97%
  all_preparation        0.03%
all_preparation                  2.454ms
  all_preparation_2     72.60%
  all_preparation_3     27.16%
epoch                         2630.984ms
  epoch_train           96.48%
  epoch_pos_train        2.10%
  epoch_preparation      0.51%
  epoch_valid            0.49%
