Before CTE Training: train eu loss: 0.9447107911109924, eval eu loss: 1.4130948781967163
Before CTE Training: train eu acc: 0.68505859375, eval eu acc: 0.595703125
epoch   0 summary: dyn_dyn_loss   : 0.10497, dyn_sta_loss   : 4.14172, tot_dyn_loss   : 0.42791, sta_sta_loss   : 0.13266, 
train loss: 2.190339, train acc: 0.5630
epoch   1 summary: dyn_dyn_loss   : 0.10158, dyn_sta_loss   : 3.88312, tot_dyn_loss   : 0.40411, sta_sta_loss   : 0.13266, 
epoch   2 summary: dyn_dyn_loss   : 0.09621, dyn_sta_loss   : 3.65606, tot_dyn_loss   : 0.38100, sta_sta_loss   : 0.13266, 
epoch   3 summary: dyn_dyn_loss   : 0.09226, dyn_sta_loss   : 3.45603, tot_dyn_loss   : 0.36137, sta_sta_loss   : 0.13266, 
epoch   4 summary: dyn_dyn_loss   : 0.09033, dyn_sta_loss   : 3.28914, tot_dyn_loss   : 0.34623, sta_sta_loss   : 0.13266, 
epoch   5 summary: dyn_dyn_loss   : 0.09058, dyn_sta_loss   : 3.15095, tot_dyn_loss   : 0.33541, sta_sta_loss   : 0.13266, 
epoch   6 summary: dyn_dyn_loss   : 0.09230, dyn_sta_loss   : 3.04146, tot_dyn_loss   : 0.32824, sta_sta_loss   : 0.13266, 
epoch   7 summary: dyn_dyn_loss   : 0.09366, dyn_sta_loss   : 2.97154, tot_dyn_loss   : 0.32389, sta_sta_loss   : 0.13266, 
epoch   8 summary: dyn_dyn_loss   : 0.09271, dyn_sta_loss   : 2.92270, tot_dyn_loss   : 0.31911, sta_sta_loss   : 0.13266, 
epoch   9 summary: dyn_dyn_loss   : 0.09088, dyn_sta_loss   : 2.89208, tot_dyn_loss   : 0.31498, sta_sta_loss   : 0.13266, 
epoch  10 summary: dyn_dyn_loss   : 0.08855, dyn_sta_loss   : 2.87728, tot_dyn_loss   : 0.31165, sta_sta_loss   : 0.13266, 
train loss: 0.005044, train acc: 1.0000
epoch  11 summary: dyn_dyn_loss   : 0.08513, dyn_sta_loss   : 2.87465, tot_dyn_loss   : 0.30829, sta_sta_loss   : 0.13266, 
epoch  12 summary: dyn_dyn_loss   : 0.08257, dyn_sta_loss   : 2.86516, tot_dyn_loss   : 0.30518, sta_sta_loss   : 0.13266, 
epoch  13 summary: dyn_dyn_loss   : 0.07942, dyn_sta_loss   : 2.86759, tot_dyn_loss   : 0.30247, sta_sta_loss   : 0.13266, 
epoch  14 summary: dyn_dyn_loss   : 0.07718, dyn_sta_loss   : 2.86207, tot_dyn_loss   : 0.29997, sta_sta_loss   : 0.13266, 
epoch  15 summary: dyn_dyn_loss   : 0.07470, dyn_sta_loss   : 2.86972, tot_dyn_loss   : 0.29830, sta_sta_loss   : 0.13266, 
epoch  16 summary: dyn_dyn_loss   : 0.07261, dyn_sta_loss   : 2.86209, tot_dyn_loss   : 0.29577, sta_sta_loss   : 0.13266, 
epoch  17 summary: dyn_dyn_loss   : 0.07130, dyn_sta_loss   : 2.87635, tot_dyn_loss   : 0.29571, sta_sta_loss   : 0.13266, 
epoch  18 summary: dyn_dyn_loss   : 0.06971, dyn_sta_loss   : 2.87071, tot_dyn_loss   : 0.29379, sta_sta_loss   : 0.13266, 
epoch  19 summary: dyn_dyn_loss   : 0.06847, dyn_sta_loss   : 2.85931, tot_dyn_loss   : 0.29174, sta_sta_loss   : 0.13266, 
epoch  20 summary: dyn_dyn_loss   : 0.06737, dyn_sta_loss   : 2.87434, tot_dyn_loss   : 0.29193, sta_sta_loss   : 0.13266, 
train loss: 0.011886, train acc: 0.9995
epoch  21 summary: dyn_dyn_loss   : 0.06615, dyn_sta_loss   : 2.87541, tot_dyn_loss   : 0.29090, sta_sta_loss   : 0.13266, 
epoch  22 summary: dyn_dyn_loss   : 0.06539, dyn_sta_loss   : 2.87390, tot_dyn_loss   : 0.29007, sta_sta_loss   : 0.13266, 
epoch  23 summary: dyn_dyn_loss   : 0.06481, dyn_sta_loss   : 2.87526, tot_dyn_loss   : 0.28964, sta_sta_loss   : 0.13266, 
epoch  24 summary: dyn_dyn_loss   : 0.06409, dyn_sta_loss   : 2.86682, tot_dyn_loss   : 0.28831, sta_sta_loss   : 0.13266, 
epoch  25 summary: dyn_dyn_loss   : 0.06620, dyn_sta_loss   : 2.88042, tot_dyn_loss   : 0.29134, sta_sta_loss   : 0.13266, 
epoch  26 summary: dyn_dyn_loss   : 0.06310, dyn_sta_loss   : 2.89531, tot_dyn_loss   : 0.28968, sta_sta_loss   : 0.13266, 
epoch  27 summary: dyn_dyn_loss   : 0.06267, dyn_sta_loss   : 2.88418, tot_dyn_loss   : 0.28839, sta_sta_loss   : 0.13266, 
epoch  28 summary: dyn_dyn_loss   : 0.06221, dyn_sta_loss   : 2.88417, tot_dyn_loss   : 0.28797, sta_sta_loss   : 0.13266, 
epoch  29 summary: dyn_dyn_loss   : 0.06207, dyn_sta_loss   : 2.89443, tot_dyn_loss   : 0.28866, sta_sta_loss   : 0.13266, 
epoch  30 summary: dyn_dyn_loss   : 0.06165, dyn_sta_loss   : 2.88437, tot_dyn_loss   : 0.28747, sta_sta_loss   : 0.13266, 
train loss: 0.009700, train acc: 1.0000
epoch  31 summary: dyn_dyn_loss   : 0.06151, dyn_sta_loss   : 2.87965, tot_dyn_loss   : 0.28696, sta_sta_loss   : 0.13266, 
epoch  32 summary: dyn_dyn_loss   : 0.06126, dyn_sta_loss   : 2.87813, tot_dyn_loss   : 0.28661, sta_sta_loss   : 0.13266, 
epoch  33 summary: dyn_dyn_loss   : 0.06075, dyn_sta_loss   : 2.89776, tot_dyn_loss   : 0.28771, sta_sta_loss   : 0.13266, 
epoch  34 summary: dyn_dyn_loss   : 0.06020, dyn_sta_loss   : 2.89827, tot_dyn_loss   : 0.28725, sta_sta_loss   : 0.13266, 
epoch  35 summary: dyn_dyn_loss   : 0.06027, dyn_sta_loss   : 2.89013, tot_dyn_loss   : 0.28666, sta_sta_loss   : 0.13266, 
epoch  36 summary: dyn_dyn_loss   : 0.06024, dyn_sta_loss   : 2.89089, tot_dyn_loss   : 0.28669, sta_sta_loss   : 0.13266, 
epoch  37 summary: dyn_dyn_loss   : 0.05985, dyn_sta_loss   : 2.88410, tot_dyn_loss   : 0.28579, sta_sta_loss   : 0.13266, 
epoch  38 summary: dyn_dyn_loss   : 0.05978, dyn_sta_loss   : 2.90137, tot_dyn_loss   : 0.28710, sta_sta_loss   : 0.13266, 
epoch  39 summary: dyn_dyn_loss   : 0.05927, dyn_sta_loss   : 2.89587, tot_dyn_loss   : 0.28619, sta_sta_loss   : 0.13266, 
epoch  40 summary: dyn_dyn_loss   : 0.05914, dyn_sta_loss   : 2.89234, tot_dyn_loss   : 0.28580, sta_sta_loss   : 0.13266, 
train loss: 0.008348, train acc: 1.0000
epoch  41 summary: dyn_dyn_loss   : 0.05911, dyn_sta_loss   : 2.89078, tot_dyn_loss   : 0.28564, sta_sta_loss   : 0.13266, 
epoch  42 summary: dyn_dyn_loss   : 0.05896, dyn_sta_loss   : 2.88499, tot_dyn_loss   : 0.28504, sta_sta_loss   : 0.13266, 
epoch  43 summary: dyn_dyn_loss   : 0.05899, dyn_sta_loss   : 2.88774, tot_dyn_loss   : 0.28529, sta_sta_loss   : 0.13266, 
epoch  44 summary: dyn_dyn_loss   : 0.05862, dyn_sta_loss   : 2.88776, tot_dyn_loss   : 0.28495, sta_sta_loss   : 0.13266, 
epoch  45 summary: dyn_dyn_loss   : 0.05849, dyn_sta_loss   : 2.90754, tot_dyn_loss   : 0.28641, sta_sta_loss   : 0.13266, 
epoch  46 summary: dyn_dyn_loss   : 0.05801, dyn_sta_loss   : 2.89961, tot_dyn_loss   : 0.28534, sta_sta_loss   : 0.13266, 
epoch  47 summary: dyn_dyn_loss   : 0.05826, dyn_sta_loss   : 2.88422, tot_dyn_loss   : 0.28434, sta_sta_loss   : 0.13266, 
epoch  48 summary: dyn_dyn_loss   : 0.05861, dyn_sta_loss   : 2.88607, tot_dyn_loss   : 0.28481, sta_sta_loss   : 0.13266, 
epoch  49 summary: dyn_dyn_loss   : 0.05846, dyn_sta_loss   : 2.89954, tot_dyn_loss   : 0.28574, sta_sta_loss   : 0.13266, 
epoch  50 summary: dyn_dyn_loss   : 0.05923, dyn_sta_loss   : 2.89938, tot_dyn_loss   : 0.28644, sta_sta_loss   : 0.13266, 
train loss: 0.009668, train acc: 0.9995
epoch  51 summary: dyn_dyn_loss   : 0.05829, dyn_sta_loss   : 2.90139, tot_dyn_loss   : 0.28574, sta_sta_loss   : 0.13266, 
epoch  52 summary: dyn_dyn_loss   : 0.05827, dyn_sta_loss   : 2.89646, tot_dyn_loss   : 0.28533, sta_sta_loss   : 0.13266, 
epoch  53 summary: dyn_dyn_loss   : 0.05811, dyn_sta_loss   : 2.89667, tot_dyn_loss   : 0.28520, sta_sta_loss   : 0.13266, 
epoch  54 summary: dyn_dyn_loss   : 0.05794, dyn_sta_loss   : 2.89420, tot_dyn_loss   : 0.28484, sta_sta_loss   : 0.13266, 
epoch  55 summary: dyn_dyn_loss   : 0.05802, dyn_sta_loss   : 2.89360, tot_dyn_loss   : 0.28486, sta_sta_loss   : 0.13266, 
epoch  56 summary: dyn_dyn_loss   : 0.05797, dyn_sta_loss   : 2.89221, tot_dyn_loss   : 0.28471, sta_sta_loss   : 0.13266, 
epoch  57 summary: dyn_dyn_loss   : 0.05774, dyn_sta_loss   : 2.88778, tot_dyn_loss   : 0.28415, sta_sta_loss   : 0.13266, 
epoch  58 summary: dyn_dyn_loss   : 0.05751, dyn_sta_loss   : 2.89045, tot_dyn_loss   : 0.28414, sta_sta_loss   : 0.13266, 
epoch  59 summary: dyn_dyn_loss   : 0.05745, dyn_sta_loss   : 2.88686, tot_dyn_loss   : 0.28380, sta_sta_loss   : 0.13266, 
epoch  60 summary: dyn_dyn_loss   : 0.05735, dyn_sta_loss   : 2.89184, tot_dyn_loss   : 0.28411, sta_sta_loss   : 0.13266, 
train loss: 0.011487, train acc: 0.9995
epoch  61 summary: dyn_dyn_loss   : 0.05695, dyn_sta_loss   : 2.90588, tot_dyn_loss   : 0.28486, sta_sta_loss   : 0.13266, 
epoch  62 summary: dyn_dyn_loss   : 0.05631, dyn_sta_loss   : 2.89129, tot_dyn_loss   : 0.28311, sta_sta_loss   : 0.13266, 
epoch  63 summary: dyn_dyn_loss   : 0.05670, dyn_sta_loss   : 2.90415, tot_dyn_loss   : 0.28450, sta_sta_loss   : 0.13266, 
epoch  64 summary: dyn_dyn_loss   : 0.05652, dyn_sta_loss   : 2.89983, tot_dyn_loss   : 0.28399, sta_sta_loss   : 0.13266, 
epoch  65 summary: dyn_dyn_loss   : 0.05657, dyn_sta_loss   : 2.90383, tot_dyn_loss   : 0.28435, sta_sta_loss   : 0.13266, 
epoch  66 summary: dyn_dyn_loss   : 0.05632, dyn_sta_loss   : 2.90262, tot_dyn_loss   : 0.28403, sta_sta_loss   : 0.13266, 
epoch  67 summary: dyn_dyn_loss   : 0.05643, dyn_sta_loss   : 2.89307, tot_dyn_loss   : 0.28336, sta_sta_loss   : 0.13266, 
epoch  68 summary: dyn_dyn_loss   : 0.05659, dyn_sta_loss   : 2.89703, tot_dyn_loss   : 0.28382, sta_sta_loss   : 0.13266, 
epoch  69 summary: dyn_dyn_loss   : 0.05636, dyn_sta_loss   : 2.90640, tot_dyn_loss   : 0.28436, sta_sta_loss   : 0.13266, 
epoch  70 summary: dyn_dyn_loss   : 0.05621, dyn_sta_loss   : 2.89243, tot_dyn_loss   : 0.28311, sta_sta_loss   : 0.13266, 
train loss: 0.011411, train acc: 0.9995
epoch  71 summary: dyn_dyn_loss   : 0.05647, dyn_sta_loss   : 2.89747, tot_dyn_loss   : 0.28375, sta_sta_loss   : 0.13266, 
epoch  72 summary: dyn_dyn_loss   : 0.05651, dyn_sta_loss   : 2.88472, tot_dyn_loss   : 0.28276, sta_sta_loss   : 0.13266, 
epoch  73 summary: dyn_dyn_loss   : 0.05647, dyn_sta_loss   : 2.89918, tot_dyn_loss   : 0.28389, sta_sta_loss   : 0.13266, 
epoch  74 summary: dyn_dyn_loss   : 0.05616, dyn_sta_loss   : 2.89863, tot_dyn_loss   : 0.28356, sta_sta_loss   : 0.13266, 
epoch  75 summary: dyn_dyn_loss   : 0.05706, dyn_sta_loss   : 2.89729, tot_dyn_loss   : 0.28428, sta_sta_loss   : 0.13266, 
epoch  76 summary: dyn_dyn_loss   : 0.05602, dyn_sta_loss   : 2.90134, tot_dyn_loss   : 0.28364, sta_sta_loss   : 0.13266, 
epoch  77 summary: dyn_dyn_loss   : 0.05592, dyn_sta_loss   : 2.89616, tot_dyn_loss   : 0.28314, sta_sta_loss   : 0.13266, 
epoch  78 summary: dyn_dyn_loss   : 0.05595, dyn_sta_loss   : 2.89717, tot_dyn_loss   : 0.28325, sta_sta_loss   : 0.13266, 
epoch  79 summary: dyn_dyn_loss   : 0.05582, dyn_sta_loss   : 2.89330, tot_dyn_loss   : 0.28282, sta_sta_loss   : 0.13266, 
epoch  80 summary: dyn_dyn_loss   : 0.05563, dyn_sta_loss   : 2.92145, tot_dyn_loss   : 0.28490, sta_sta_loss   : 0.13266, 
train loss: 0.012112, train acc: 1.0000
epoch  81 summary: dyn_dyn_loss   : 0.05507, dyn_sta_loss   : 2.91849, tot_dyn_loss   : 0.28414, sta_sta_loss   : 0.13266, 
epoch  82 summary: dyn_dyn_loss   : 0.05516, dyn_sta_loss   : 2.90637, tot_dyn_loss   : 0.28326, sta_sta_loss   : 0.13266, 
epoch  83 summary: dyn_dyn_loss   : 0.05527, dyn_sta_loss   : 2.90575, tot_dyn_loss   : 0.28331, sta_sta_loss   : 0.13266, 
epoch  84 summary: dyn_dyn_loss   : 0.05527, dyn_sta_loss   : 2.90023, tot_dyn_loss   : 0.28286, sta_sta_loss   : 0.13266, 
epoch  85 summary: dyn_dyn_loss   : 0.05554, dyn_sta_loss   : 2.89020, tot_dyn_loss   : 0.28231, sta_sta_loss   : 0.13266, 
epoch  86 summary: dyn_dyn_loss   : 0.05569, dyn_sta_loss   : 2.89929, tot_dyn_loss   : 0.28318, sta_sta_loss   : 0.13266, 
epoch  87 summary: dyn_dyn_loss   : 0.05540, dyn_sta_loss   : 2.90246, tot_dyn_loss   : 0.28316, sta_sta_loss   : 0.13266, 
epoch  88 summary: dyn_dyn_loss   : 0.05552, dyn_sta_loss   : 2.89975, tot_dyn_loss   : 0.28306, sta_sta_loss   : 0.13266, 
epoch  89 summary: dyn_dyn_loss   : 0.05544, dyn_sta_loss   : 2.89671, tot_dyn_loss   : 0.28274, sta_sta_loss   : 0.13266, 
epoch  90 summary: dyn_dyn_loss   : 0.05522, dyn_sta_loss   : 2.91335, tot_dyn_loss   : 0.28387, sta_sta_loss   : 0.13266, 
train loss: 0.012162, train acc: 0.9995
epoch  91 summary: dyn_dyn_loss   : 0.05495, dyn_sta_loss   : 2.90494, tot_dyn_loss   : 0.28295, sta_sta_loss   : 0.13266, 
epoch  92 summary: dyn_dyn_loss   : 0.05529, dyn_sta_loss   : 2.89868, tot_dyn_loss   : 0.28276, sta_sta_loss   : 0.13266, 
epoch  93 summary: dyn_dyn_loss   : 0.05537, dyn_sta_loss   : 2.90302, tot_dyn_loss   : 0.28319, sta_sta_loss   : 0.13266, 
epoch  94 summary: dyn_dyn_loss   : 0.05529, dyn_sta_loss   : 2.89630, tot_dyn_loss   : 0.28257, sta_sta_loss   : 0.13266, 
epoch  95 summary: dyn_dyn_loss   : 0.05538, dyn_sta_loss   : 2.90093, tot_dyn_loss   : 0.28303, sta_sta_loss   : 0.13266, 
epoch  96 summary: dyn_dyn_loss   : 0.05527, dyn_sta_loss   : 2.89255, tot_dyn_loss   : 0.28225, sta_sta_loss   : 0.13266, 
epoch  97 summary: dyn_dyn_loss   : 0.05535, dyn_sta_loss   : 2.90286, tot_dyn_loss   : 0.28315, sta_sta_loss   : 0.13266, 
epoch  98 summary: dyn_dyn_loss   : 0.05516, dyn_sta_loss   : 2.90354, tot_dyn_loss   : 0.28303, sta_sta_loss   : 0.13266, 
epoch  99 summary: dyn_dyn_loss   : 0.05500, dyn_sta_loss   : 2.89640, tot_dyn_loss   : 0.28231, sta_sta_loss   : 0.13266, 
train loss: 0.010910, train acc: 0.9995
all                          19326.176ms
all_epoch                    18689.397ms
all_preparation                636.753ms
all_preparation_2              636.005ms
all_preparation_3                0.727ms
epoch                          106.828ms
epoch_pos_train                  0.658ms
epoch_preparation                1.895ms
epoch_train                    103.474ms
epoch_valid                      0.555ms
----------------------------------------
all                          19326.176ms
  all_epoch             96.71%
  all_preparation        3.29%
all_preparation                636.753ms
  all_preparation_2     99.88%
  all_preparation_3      0.11%
epoch                        10682.828ms
  epoch_train           96.86%
  epoch_preparation      1.77%
  epoch_pos_train        0.62%
  epoch_valid            0.52%
epoch   0 summary: tot_dyn_loss   : 0.10147, 
valid loss: 3.742681, valid acc: 0.1914
epoch   1 summary: tot_dyn_loss   : 0.07903, 
epoch   2 summary: tot_dyn_loss   : 0.06408, 
epoch   3 summary: tot_dyn_loss   : 0.05471, 
epoch   4 summary: tot_dyn_loss   : 0.04770, 
epoch   5 summary: tot_dyn_loss   : 0.04235, 
epoch   6 summary: tot_dyn_loss   : 0.03879, 
epoch   7 summary: tot_dyn_loss   : 0.03576, 
epoch   8 summary: tot_dyn_loss   : 0.03351, 
epoch   9 summary: tot_dyn_loss   : 0.03197, 
epoch  10 summary: tot_dyn_loss   : 0.03082, 
valid loss: 2.397819, valid acc: 0.4844
epoch  11 summary: tot_dyn_loss   : 0.02995, 
epoch  12 summary: tot_dyn_loss   : 0.02913, 
epoch  13 summary: tot_dyn_loss   : 0.02860, 
epoch  14 summary: tot_dyn_loss   : 0.02819, 
epoch  15 summary: tot_dyn_loss   : 0.02776, 
epoch  16 summary: tot_dyn_loss   : 0.02747, 
epoch  17 summary: tot_dyn_loss   : 0.02724, 
epoch  18 summary: tot_dyn_loss   : 0.02702, 
epoch  19 summary: tot_dyn_loss   : 0.02688, 
epoch  20 summary: tot_dyn_loss   : 0.02676, 
valid loss: 2.340650, valid acc: 0.4863
epoch  21 summary: tot_dyn_loss   : 0.02664, 
epoch  22 summary: tot_dyn_loss   : 0.02655, 
epoch  23 summary: tot_dyn_loss   : 0.02648, 
epoch  24 summary: tot_dyn_loss   : 0.02642, 
epoch  25 summary: tot_dyn_loss   : 0.02859, 
epoch  26 summary: tot_dyn_loss   : 0.02816, 
epoch  27 summary: tot_dyn_loss   : 0.02780, 
epoch  28 summary: tot_dyn_loss   : 0.02754, 
epoch  29 summary: tot_dyn_loss   : 0.02733, 
epoch  30 summary: tot_dyn_loss   : 0.02715, 
valid loss: 2.331726, valid acc: 0.4941
epoch  31 summary: tot_dyn_loss   : 0.02701, 
epoch  32 summary: tot_dyn_loss   : 0.02688, 
epoch  33 summary: tot_dyn_loss   : 0.02678, 
epoch  34 summary: tot_dyn_loss   : 0.02670, 
epoch  35 summary: tot_dyn_loss   : 0.02663, 
epoch  36 summary: tot_dyn_loss   : 0.02658, 
epoch  37 summary: tot_dyn_loss   : 0.02653, 
epoch  38 summary: tot_dyn_loss   : 0.02649, 
epoch  39 summary: tot_dyn_loss   : 0.02644, 
epoch  40 summary: tot_dyn_loss   : 0.02641, 
valid loss: 2.314904, valid acc: 0.4980
epoch  41 summary: tot_dyn_loss   : 0.02638, 
epoch  42 summary: tot_dyn_loss   : 0.02635, 
epoch  43 summary: tot_dyn_loss   : 0.02633, 
epoch  44 summary: tot_dyn_loss   : 0.02631, 
epoch  45 summary: tot_dyn_loss   : 0.02630, 
epoch  46 summary: tot_dyn_loss   : 0.02628, 
epoch  47 summary: tot_dyn_loss   : 0.02627, 
epoch  48 summary: tot_dyn_loss   : 0.02626, 
epoch  49 summary: tot_dyn_loss   : 0.02625, 
epoch  50 summary: tot_dyn_loss   : 0.02787, 
valid loss: 2.329739, valid acc: 0.4902
epoch  51 summary: tot_dyn_loss   : 0.02755, 
epoch  52 summary: tot_dyn_loss   : 0.02731, 
epoch  53 summary: tot_dyn_loss   : 0.02709, 
epoch  54 summary: tot_dyn_loss   : 0.02692, 
epoch  55 summary: tot_dyn_loss   : 0.02678, 
epoch  56 summary: tot_dyn_loss   : 0.02666, 
epoch  57 summary: tot_dyn_loss   : 0.02656, 
epoch  58 summary: tot_dyn_loss   : 0.02648, 
epoch  59 summary: tot_dyn_loss   : 0.02641, 
epoch  60 summary: tot_dyn_loss   : 0.02635, 
valid loss: 2.347883, valid acc: 0.4746
epoch  61 summary: tot_dyn_loss   : 0.02631, 
epoch  62 summary: tot_dyn_loss   : 0.02627, 
epoch  63 summary: tot_dyn_loss   : 0.02623, 
epoch  64 summary: tot_dyn_loss   : 0.02620, 
epoch  65 summary: tot_dyn_loss   : 0.02617, 
epoch  66 summary: tot_dyn_loss   : 0.02615, 
epoch  67 summary: tot_dyn_loss   : 0.02613, 
epoch  68 summary: tot_dyn_loss   : 0.02611, 
epoch  69 summary: tot_dyn_loss   : 0.02610, 
epoch  70 summary: tot_dyn_loss   : 0.02608, 
valid loss: 2.363601, valid acc: 0.4688
epoch  71 summary: tot_dyn_loss   : 0.02607, 
epoch  72 summary: tot_dyn_loss   : 0.02606, 
epoch  73 summary: tot_dyn_loss   : 0.02605, 
epoch  74 summary: tot_dyn_loss   : 0.02604, 
epoch  75 summary: tot_dyn_loss   : 0.02752, 
epoch  76 summary: tot_dyn_loss   : 0.02723, 
epoch  77 summary: tot_dyn_loss   : 0.02700, 
epoch  78 summary: tot_dyn_loss   : 0.02677, 
epoch  79 summary: tot_dyn_loss   : 0.02663, 
epoch  80 summary: tot_dyn_loss   : 0.02650, 
valid loss: 2.301286, valid acc: 0.4941
epoch  81 summary: tot_dyn_loss   : 0.02638, 
epoch  82 summary: tot_dyn_loss   : 0.02629, 
epoch  83 summary: tot_dyn_loss   : 0.02619, 
epoch  84 summary: tot_dyn_loss   : 0.02613, 
epoch  85 summary: tot_dyn_loss   : 0.02608, 
epoch  86 summary: tot_dyn_loss   : 0.02604, 
epoch  87 summary: tot_dyn_loss   : 0.02600, 
epoch  88 summary: tot_dyn_loss   : 0.02597, 
epoch  89 summary: tot_dyn_loss   : 0.02594, 
epoch  90 summary: tot_dyn_loss   : 0.02591, 
valid loss: 2.304839, valid acc: 0.4844
epoch  91 summary: tot_dyn_loss   : 0.02589, 
epoch  92 summary: tot_dyn_loss   : 0.02587, 
epoch  93 summary: tot_dyn_loss   : 0.02586, 
epoch  94 summary: tot_dyn_loss   : 0.02585, 
epoch  95 summary: tot_dyn_loss   : 0.02584, 
epoch  96 summary: tot_dyn_loss   : 0.02583, 
epoch  97 summary: tot_dyn_loss   : 0.02582, 
epoch  98 summary: tot_dyn_loss   : 0.02581, 
epoch  99 summary: tot_dyn_loss   : 0.02580, 
valid loss: 2.295688, valid acc: 0.4844
all                           8506.224ms
all_epoch                     8502.860ms
all_preparation                  3.351ms
all_preparation_2                2.291ms
all_preparation_3                1.054ms
epoch                           35.613ms
epoch_pos_train                  0.564ms
epoch_preparation                0.131ms
epoch_train                     34.622ms
epoch_valid                      0.185ms
----------------------------------------
all                           8506.224ms
  all_epoch             99.96%
  all_preparation        0.04%
all_preparation                  3.351ms
  all_preparation_2     68.37%
  all_preparation_3     31.45%
epoch                         3561.344ms
  epoch_train           97.22%
  epoch_pos_train        1.58%
  epoch_valid            0.52%
  epoch_preparation      0.37%
