Before CTE Training: train eu loss: 0.9447107911109924, eval eu loss: 1.4130948781967163
Before CTE Training: train eu acc: 0.68505859375, eval eu acc: 0.595703125
epoch   0 summary: dyn_dyn_loss   : 0.11141, dyn_sta_loss   : 3.99154, tot_dyn_loss   : 0.26662, sta_sta_loss   : 0.13266, 
train loss: 0.867264, train acc: 0.7920
epoch   1 summary: dyn_dyn_loss   : 0.09658, dyn_sta_loss   : 3.46256, tot_dyn_loss   : 0.23122, sta_sta_loss   : 0.13266, 
epoch   2 summary: dyn_dyn_loss   : 0.08650, dyn_sta_loss   : 3.16561, tot_dyn_loss   : 0.20966, sta_sta_loss   : 0.13266, 
epoch   3 summary: dyn_dyn_loss   : 0.07245, dyn_sta_loss   : 3.13179, tot_dyn_loss   : 0.19482, sta_sta_loss   : 0.13266, 
epoch   4 summary: dyn_dyn_loss   : 0.05983, dyn_sta_loss   : 3.15022, tot_dyn_loss   : 0.18345, sta_sta_loss   : 0.13266, 
epoch   5 summary: dyn_dyn_loss   : 0.05224, dyn_sta_loss   : 3.15796, tot_dyn_loss   : 0.17647, sta_sta_loss   : 0.13266, 
epoch   6 summary: dyn_dyn_loss   : 0.04667, dyn_sta_loss   : 3.17153, tot_dyn_loss   : 0.17166, sta_sta_loss   : 0.13266, 
epoch   7 summary: dyn_dyn_loss   : 0.04511, dyn_sta_loss   : 3.14600, tot_dyn_loss   : 0.16915, sta_sta_loss   : 0.13266, 
epoch   8 summary: dyn_dyn_loss   : 0.04267, dyn_sta_loss   : 3.15605, tot_dyn_loss   : 0.16721, sta_sta_loss   : 0.13266, 
epoch   9 summary: dyn_dyn_loss   : 0.04258, dyn_sta_loss   : 3.14024, tot_dyn_loss   : 0.16648, sta_sta_loss   : 0.13266, 
epoch  10 summary: dyn_dyn_loss   : 0.04079, dyn_sta_loss   : 3.14677, tot_dyn_loss   : 0.16503, sta_sta_loss   : 0.13266, 
train loss: 0.368426, train acc: 0.9038
epoch  11 summary: dyn_dyn_loss   : 0.04111, dyn_sta_loss   : 3.14941, tot_dyn_loss   : 0.16544, sta_sta_loss   : 0.13266, 
epoch  12 summary: dyn_dyn_loss   : 0.03982, dyn_sta_loss   : 3.14776, tot_dyn_loss   : 0.16414, sta_sta_loss   : 0.13266, 
epoch  13 summary: dyn_dyn_loss   : 0.04016, dyn_sta_loss   : 3.13917, tot_dyn_loss   : 0.16412, sta_sta_loss   : 0.13266, 
epoch  14 summary: dyn_dyn_loss   : 0.03914, dyn_sta_loss   : 3.14833, tot_dyn_loss   : 0.16351, sta_sta_loss   : 0.13266, 
epoch  15 summary: dyn_dyn_loss   : 0.03962, dyn_sta_loss   : 3.13861, tot_dyn_loss   : 0.16358, sta_sta_loss   : 0.13266, 
epoch  16 summary: dyn_dyn_loss   : 0.03904, dyn_sta_loss   : 3.14138, tot_dyn_loss   : 0.16314, sta_sta_loss   : 0.13266, 
epoch  17 summary: dyn_dyn_loss   : 0.03927, dyn_sta_loss   : 3.13496, tot_dyn_loss   : 0.16310, sta_sta_loss   : 0.13266, 
epoch  18 summary: dyn_dyn_loss   : 0.03865, dyn_sta_loss   : 3.13835, tot_dyn_loss   : 0.16264, sta_sta_loss   : 0.13266, 
epoch  19 summary: dyn_dyn_loss   : 0.03901, dyn_sta_loss   : 3.15117, tot_dyn_loss   : 0.16349, sta_sta_loss   : 0.13266, 
epoch  20 summary: dyn_dyn_loss   : 0.03855, dyn_sta_loss   : 3.13782, tot_dyn_loss   : 0.16252, sta_sta_loss   : 0.13266, 
train loss: 0.350060, train acc: 0.9146
epoch  21 summary: dyn_dyn_loss   : 0.03870, dyn_sta_loss   : 3.14140, tot_dyn_loss   : 0.16281, sta_sta_loss   : 0.13266, 
epoch  22 summary: dyn_dyn_loss   : 0.03841, dyn_sta_loss   : 3.14964, tot_dyn_loss   : 0.16286, sta_sta_loss   : 0.13266, 
epoch  23 summary: dyn_dyn_loss   : 0.03845, dyn_sta_loss   : 3.13958, tot_dyn_loss   : 0.16249, sta_sta_loss   : 0.13266, 
epoch  24 summary: dyn_dyn_loss   : 0.03836, dyn_sta_loss   : 3.14579, tot_dyn_loss   : 0.16266, sta_sta_loss   : 0.13266, 
epoch  25 summary: dyn_dyn_loss   : 0.03977, dyn_sta_loss   : 3.14704, tot_dyn_loss   : 0.16407, sta_sta_loss   : 0.13266, 
epoch  26 summary: dyn_dyn_loss   : 0.03871, dyn_sta_loss   : 3.14791, tot_dyn_loss   : 0.16308, sta_sta_loss   : 0.13266, 
epoch  27 summary: dyn_dyn_loss   : 0.03842, dyn_sta_loss   : 3.15381, tot_dyn_loss   : 0.16304, sta_sta_loss   : 0.13266, 
epoch  28 summary: dyn_dyn_loss   : 0.03839, dyn_sta_loss   : 3.15298, tot_dyn_loss   : 0.16297, sta_sta_loss   : 0.13266, 
epoch  29 summary: dyn_dyn_loss   : 0.03789, dyn_sta_loss   : 3.15246, tot_dyn_loss   : 0.16247, sta_sta_loss   : 0.13266, 
epoch  30 summary: dyn_dyn_loss   : 0.03792, dyn_sta_loss   : 3.15189, tot_dyn_loss   : 0.16248, sta_sta_loss   : 0.13266, 
train loss: 0.340240, train acc: 0.8989
epoch  31 summary: dyn_dyn_loss   : 0.03759, dyn_sta_loss   : 3.14918, tot_dyn_loss   : 0.16205, sta_sta_loss   : 0.13266, 
epoch  32 summary: dyn_dyn_loss   : 0.03764, dyn_sta_loss   : 3.15107, tot_dyn_loss   : 0.16218, sta_sta_loss   : 0.13266, 
epoch  33 summary: dyn_dyn_loss   : 0.03759, dyn_sta_loss   : 3.15530, tot_dyn_loss   : 0.16230, sta_sta_loss   : 0.13266, 
epoch  34 summary: dyn_dyn_loss   : 0.03776, dyn_sta_loss   : 3.14765, tot_dyn_loss   : 0.16215, sta_sta_loss   : 0.13266, 
epoch  35 summary: dyn_dyn_loss   : 0.03780, dyn_sta_loss   : 3.15047, tot_dyn_loss   : 0.16231, sta_sta_loss   : 0.13266, 
epoch  36 summary: dyn_dyn_loss   : 0.03764, dyn_sta_loss   : 3.15758, tot_dyn_loss   : 0.16244, sta_sta_loss   : 0.13266, 
epoch  37 summary: dyn_dyn_loss   : 0.03744, dyn_sta_loss   : 3.13979, tot_dyn_loss   : 0.16154, sta_sta_loss   : 0.13266, 
epoch  38 summary: dyn_dyn_loss   : 0.03747, dyn_sta_loss   : 3.15372, tot_dyn_loss   : 0.16212, sta_sta_loss   : 0.13266, 
epoch  39 summary: dyn_dyn_loss   : 0.03729, dyn_sta_loss   : 3.14910, tot_dyn_loss   : 0.16176, sta_sta_loss   : 0.13266, 
epoch  40 summary: dyn_dyn_loss   : 0.03737, dyn_sta_loss   : 3.15384, tot_dyn_loss   : 0.16203, sta_sta_loss   : 0.13266, 
train loss: 0.383581, train acc: 0.8950
epoch  41 summary: dyn_dyn_loss   : 0.03704, dyn_sta_loss   : 3.16231, tot_dyn_loss   : 0.16205, sta_sta_loss   : 0.13266, 
epoch  42 summary: dyn_dyn_loss   : 0.03702, dyn_sta_loss   : 3.15769, tot_dyn_loss   : 0.16184, sta_sta_loss   : 0.13266, 
epoch  43 summary: dyn_dyn_loss   : 0.03699, dyn_sta_loss   : 3.15374, tot_dyn_loss   : 0.16166, sta_sta_loss   : 0.13266, 
epoch  44 summary: dyn_dyn_loss   : 0.03686, dyn_sta_loss   : 3.15398, tot_dyn_loss   : 0.16154, sta_sta_loss   : 0.13266, 
epoch  45 summary: dyn_dyn_loss   : 0.03721, dyn_sta_loss   : 3.15733, tot_dyn_loss   : 0.16202, sta_sta_loss   : 0.13266, 
epoch  46 summary: dyn_dyn_loss   : 0.03729, dyn_sta_loss   : 3.15219, tot_dyn_loss   : 0.16189, sta_sta_loss   : 0.13266, 
epoch  47 summary: dyn_dyn_loss   : 0.03730, dyn_sta_loss   : 3.15736, tot_dyn_loss   : 0.16210, sta_sta_loss   : 0.13266, 
epoch  48 summary: dyn_dyn_loss   : 0.03699, dyn_sta_loss   : 3.15923, tot_dyn_loss   : 0.16188, sta_sta_loss   : 0.13266, 
epoch  49 summary: dyn_dyn_loss   : 0.03701, dyn_sta_loss   : 3.15484, tot_dyn_loss   : 0.16173, sta_sta_loss   : 0.13266, 
epoch  50 summary: dyn_dyn_loss   : 0.03803, dyn_sta_loss   : 3.16183, tot_dyn_loss   : 0.16298, sta_sta_loss   : 0.13266, 
train loss: 0.356395, train acc: 0.9019
epoch  51 summary: dyn_dyn_loss   : 0.03714, dyn_sta_loss   : 3.15761, tot_dyn_loss   : 0.16196, sta_sta_loss   : 0.13266, 
epoch  52 summary: dyn_dyn_loss   : 0.03746, dyn_sta_loss   : 3.15967, tot_dyn_loss   : 0.16235, sta_sta_loss   : 0.13266, 
epoch  53 summary: dyn_dyn_loss   : 0.03734, dyn_sta_loss   : 3.15701, tot_dyn_loss   : 0.16213, sta_sta_loss   : 0.13266, 
epoch  54 summary: dyn_dyn_loss   : 0.03719, dyn_sta_loss   : 3.14771, tot_dyn_loss   : 0.16161, sta_sta_loss   : 0.13266, 
epoch  55 summary: dyn_dyn_loss   : 0.03703, dyn_sta_loss   : 3.16714, tot_dyn_loss   : 0.16223, sta_sta_loss   : 0.13266, 
epoch  56 summary: dyn_dyn_loss   : 0.03711, dyn_sta_loss   : 3.15509, tot_dyn_loss   : 0.16183, sta_sta_loss   : 0.13266, 
epoch  57 summary: dyn_dyn_loss   : 0.03726, dyn_sta_loss   : 3.15255, tot_dyn_loss   : 0.16188, sta_sta_loss   : 0.13266, 
epoch  58 summary: dyn_dyn_loss   : 0.03721, dyn_sta_loss   : 3.14799, tot_dyn_loss   : 0.16164, sta_sta_loss   : 0.13266, 
epoch  59 summary: dyn_dyn_loss   : 0.03704, dyn_sta_loss   : 3.16264, tot_dyn_loss   : 0.16206, sta_sta_loss   : 0.13266, 
epoch  60 summary: dyn_dyn_loss   : 0.03733, dyn_sta_loss   : 3.15262, tot_dyn_loss   : 0.16194, sta_sta_loss   : 0.13266, 
train loss: 0.377357, train acc: 0.8945
epoch  61 summary: dyn_dyn_loss   : 0.03731, dyn_sta_loss   : 3.15801, tot_dyn_loss   : 0.16214, sta_sta_loss   : 0.13266, 
epoch  62 summary: dyn_dyn_loss   : 0.03732, dyn_sta_loss   : 3.14895, tot_dyn_loss   : 0.16178, sta_sta_loss   : 0.13266, 
epoch  63 summary: dyn_dyn_loss   : 0.03731, dyn_sta_loss   : 3.15107, tot_dyn_loss   : 0.16186, sta_sta_loss   : 0.13266, 
epoch  64 summary: dyn_dyn_loss   : 0.03717, dyn_sta_loss   : 3.16235, tot_dyn_loss   : 0.16218, sta_sta_loss   : 0.13266, 
epoch  65 summary: dyn_dyn_loss   : 0.03732, dyn_sta_loss   : 3.15504, tot_dyn_loss   : 0.16203, sta_sta_loss   : 0.13266, 
epoch  66 summary: dyn_dyn_loss   : 0.03698, dyn_sta_loss   : 3.15143, tot_dyn_loss   : 0.16155, sta_sta_loss   : 0.13266, 
epoch  67 summary: dyn_dyn_loss   : 0.03697, dyn_sta_loss   : 3.15358, tot_dyn_loss   : 0.16163, sta_sta_loss   : 0.13266, 
epoch  68 summary: dyn_dyn_loss   : 0.03684, dyn_sta_loss   : 3.16227, tot_dyn_loss   : 0.16186, sta_sta_loss   : 0.13266, 
epoch  69 summary: dyn_dyn_loss   : 0.03723, dyn_sta_loss   : 3.15266, tot_dyn_loss   : 0.16185, sta_sta_loss   : 0.13266, 
epoch  70 summary: dyn_dyn_loss   : 0.03706, dyn_sta_loss   : 3.15738, tot_dyn_loss   : 0.16188, sta_sta_loss   : 0.13266, 
train loss: 0.347914, train acc: 0.9077
epoch  71 summary: dyn_dyn_loss   : 0.03707, dyn_sta_loss   : 3.15206, tot_dyn_loss   : 0.16167, sta_sta_loss   : 0.13266, 
epoch  72 summary: dyn_dyn_loss   : 0.03703, dyn_sta_loss   : 3.15942, tot_dyn_loss   : 0.16193, sta_sta_loss   : 0.13266, 
epoch  73 summary: dyn_dyn_loss   : 0.03717, dyn_sta_loss   : 3.15618, tot_dyn_loss   : 0.16193, sta_sta_loss   : 0.13266, 
epoch  74 summary: dyn_dyn_loss   : 0.03720, dyn_sta_loss   : 3.15509, tot_dyn_loss   : 0.16191, sta_sta_loss   : 0.13266, 
epoch  75 summary: dyn_dyn_loss   : 0.03792, dyn_sta_loss   : 3.16250, tot_dyn_loss   : 0.16290, sta_sta_loss   : 0.13266, 
epoch  76 summary: dyn_dyn_loss   : 0.03695, dyn_sta_loss   : 3.16658, tot_dyn_loss   : 0.16213, sta_sta_loss   : 0.13266, 
epoch  77 summary: dyn_dyn_loss   : 0.03708, dyn_sta_loss   : 3.15883, tot_dyn_loss   : 0.16195, sta_sta_loss   : 0.13266, 
epoch  78 summary: dyn_dyn_loss   : 0.03690, dyn_sta_loss   : 3.14992, tot_dyn_loss   : 0.16142, sta_sta_loss   : 0.13266, 
epoch  79 summary: dyn_dyn_loss   : 0.03701, dyn_sta_loss   : 3.15446, tot_dyn_loss   : 0.16171, sta_sta_loss   : 0.13266, 
epoch  80 summary: dyn_dyn_loss   : 0.03689, dyn_sta_loss   : 3.15904, tot_dyn_loss   : 0.16177, sta_sta_loss   : 0.13266, 
train loss: 0.327539, train acc: 0.9185
epoch  81 summary: dyn_dyn_loss   : 0.03693, dyn_sta_loss   : 3.15733, tot_dyn_loss   : 0.16175, sta_sta_loss   : 0.13266, 
epoch  82 summary: dyn_dyn_loss   : 0.03706, dyn_sta_loss   : 3.15449, tot_dyn_loss   : 0.16176, sta_sta_loss   : 0.13266, 
epoch  83 summary: dyn_dyn_loss   : 0.03714, dyn_sta_loss   : 3.15183, tot_dyn_loss   : 0.16173, sta_sta_loss   : 0.13266, 
epoch  84 summary: dyn_dyn_loss   : 0.03689, dyn_sta_loss   : 3.16067, tot_dyn_loss   : 0.16184, sta_sta_loss   : 0.13266, 
epoch  85 summary: dyn_dyn_loss   : 0.03670, dyn_sta_loss   : 3.15312, tot_dyn_loss   : 0.16136, sta_sta_loss   : 0.13266, 
epoch  86 summary: dyn_dyn_loss   : 0.03678, dyn_sta_loss   : 3.15345, tot_dyn_loss   : 0.16145, sta_sta_loss   : 0.13266, 
epoch  87 summary: dyn_dyn_loss   : 0.03662, dyn_sta_loss   : 3.15856, tot_dyn_loss   : 0.16150, sta_sta_loss   : 0.13266, 
epoch  88 summary: dyn_dyn_loss   : 0.03676, dyn_sta_loss   : 3.14870, tot_dyn_loss   : 0.16124, sta_sta_loss   : 0.13266, 
epoch  89 summary: dyn_dyn_loss   : 0.03664, dyn_sta_loss   : 3.16128, tot_dyn_loss   : 0.16162, sta_sta_loss   : 0.13266, 
epoch  90 summary: dyn_dyn_loss   : 0.03679, dyn_sta_loss   : 3.15440, tot_dyn_loss   : 0.16149, sta_sta_loss   : 0.13266, 
train loss: 0.328664, train acc: 0.9004
epoch  91 summary: dyn_dyn_loss   : 0.03662, dyn_sta_loss   : 3.15654, tot_dyn_loss   : 0.16142, sta_sta_loss   : 0.13266, 
epoch  92 summary: dyn_dyn_loss   : 0.03667, dyn_sta_loss   : 3.14862, tot_dyn_loss   : 0.16115, sta_sta_loss   : 0.13266, 
epoch  93 summary: dyn_dyn_loss   : 0.03675, dyn_sta_loss   : 3.15419, tot_dyn_loss   : 0.16145, sta_sta_loss   : 0.13266, 
epoch  94 summary: dyn_dyn_loss   : 0.03667, dyn_sta_loss   : 3.14554, tot_dyn_loss   : 0.16102, sta_sta_loss   : 0.13266, 
epoch  95 summary: dyn_dyn_loss   : 0.03690, dyn_sta_loss   : 3.16113, tot_dyn_loss   : 0.16187, sta_sta_loss   : 0.13266, 
epoch  96 summary: dyn_dyn_loss   : 0.03689, dyn_sta_loss   : 3.15212, tot_dyn_loss   : 0.16150, sta_sta_loss   : 0.13266, 
epoch  97 summary: dyn_dyn_loss   : 0.03693, dyn_sta_loss   : 3.14923, tot_dyn_loss   : 0.16142, sta_sta_loss   : 0.13266, 
epoch  98 summary: dyn_dyn_loss   : 0.03680, dyn_sta_loss   : 3.15102, tot_dyn_loss   : 0.16137, sta_sta_loss   : 0.13266, 
epoch  99 summary: dyn_dyn_loss   : 0.03696, dyn_sta_loss   : 3.15780, tot_dyn_loss   : 0.16180, sta_sta_loss   : 0.13266, 
train loss: 0.369204, train acc: 0.8945
all                          15182.523ms
all_epoch                    14598.436ms
all_preparation                584.073ms
all_preparation_2              583.407ms
all_preparation_3                0.653ms
epoch                           66.999ms
epoch_pos_train                  0.488ms
epoch_preparation                1.513ms
epoch_train                     64.221ms
epoch_valid                      0.589ms
----------------------------------------
all                          15182.523ms
  all_epoch             96.15%
  all_preparation        3.85%
all_preparation                584.073ms
  all_preparation_2     99.89%
  all_preparation_3      0.11%
epoch                         6699.859ms
  epoch_train           95.85%
  epoch_preparation      2.26%
  epoch_valid            0.88%
  epoch_pos_train        0.73%
epoch   0 summary: tot_dyn_loss   : 0.08928, 
valid loss: 3.655491, valid acc: 0.2637
epoch   1 summary: tot_dyn_loss   : 0.05092, 
epoch   2 summary: tot_dyn_loss   : 0.03727, 
epoch   3 summary: tot_dyn_loss   : 0.03107, 
epoch   4 summary: tot_dyn_loss   : 0.02770, 
epoch   5 summary: tot_dyn_loss   : 0.02625, 
epoch   6 summary: tot_dyn_loss   : 0.02541, 
epoch   7 summary: tot_dyn_loss   : 0.02505, 
epoch   8 summary: tot_dyn_loss   : 0.02487, 
epoch   9 summary: tot_dyn_loss   : 0.02480, 
epoch  10 summary: tot_dyn_loss   : 0.02474, 
valid loss: 2.984190, valid acc: 0.4023
epoch  11 summary: tot_dyn_loss   : 0.02469, 
epoch  12 summary: tot_dyn_loss   : 0.02465, 
epoch  13 summary: tot_dyn_loss   : 0.02462, 
epoch  14 summary: tot_dyn_loss   : 0.02459, 
epoch  15 summary: tot_dyn_loss   : 0.02458, 
epoch  16 summary: tot_dyn_loss   : 0.02457, 
epoch  17 summary: tot_dyn_loss   : 0.02456, 
epoch  18 summary: tot_dyn_loss   : 0.02455, 
epoch  19 summary: tot_dyn_loss   : 0.02455, 
epoch  20 summary: tot_dyn_loss   : 0.02454, 
valid loss: 2.991711, valid acc: 0.3945
epoch  21 summary: tot_dyn_loss   : 0.02454, 
epoch  22 summary: tot_dyn_loss   : 0.02453, 
epoch  23 summary: tot_dyn_loss   : 0.02453, 
epoch  24 summary: tot_dyn_loss   : 0.02452, 
epoch  25 summary: tot_dyn_loss   : 0.02609, 
epoch  26 summary: tot_dyn_loss   : 0.02557, 
epoch  27 summary: tot_dyn_loss   : 0.02528, 
epoch  28 summary: tot_dyn_loss   : 0.02512, 
epoch  29 summary: tot_dyn_loss   : 0.02503, 
epoch  30 summary: tot_dyn_loss   : 0.02498, 
valid loss: 2.931633, valid acc: 0.3867
epoch  31 summary: tot_dyn_loss   : 0.02493, 
epoch  32 summary: tot_dyn_loss   : 0.02489, 
epoch  33 summary: tot_dyn_loss   : 0.02487, 
epoch  34 summary: tot_dyn_loss   : 0.02486, 
epoch  35 summary: tot_dyn_loss   : 0.02485, 
epoch  36 summary: tot_dyn_loss   : 0.02485, 
epoch  37 summary: tot_dyn_loss   : 0.02484, 
epoch  38 summary: tot_dyn_loss   : 0.02483, 
epoch  39 summary: tot_dyn_loss   : 0.02483, 
epoch  40 summary: tot_dyn_loss   : 0.02482, 
valid loss: 2.920885, valid acc: 0.3945
epoch  41 summary: tot_dyn_loss   : 0.02482, 
epoch  42 summary: tot_dyn_loss   : 0.02482, 
epoch  43 summary: tot_dyn_loss   : 0.02482, 
epoch  44 summary: tot_dyn_loss   : 0.02482, 
epoch  45 summary: tot_dyn_loss   : 0.02481, 
epoch  46 summary: tot_dyn_loss   : 0.02481, 
epoch  47 summary: tot_dyn_loss   : 0.02481, 
epoch  48 summary: tot_dyn_loss   : 0.02481, 
epoch  49 summary: tot_dyn_loss   : 0.02481, 
epoch  50 summary: tot_dyn_loss   : 0.02551, 
valid loss: 2.954986, valid acc: 0.3770
epoch  51 summary: tot_dyn_loss   : 0.02507, 
epoch  52 summary: tot_dyn_loss   : 0.02484, 
epoch  53 summary: tot_dyn_loss   : 0.02472, 
epoch  54 summary: tot_dyn_loss   : 0.02464, 
epoch  55 summary: tot_dyn_loss   : 0.02459, 
epoch  56 summary: tot_dyn_loss   : 0.02456, 
epoch  57 summary: tot_dyn_loss   : 0.02454, 
epoch  58 summary: tot_dyn_loss   : 0.02453, 
epoch  59 summary: tot_dyn_loss   : 0.02452, 
epoch  60 summary: tot_dyn_loss   : 0.02451, 
valid loss: 2.972548, valid acc: 0.3809
epoch  61 summary: tot_dyn_loss   : 0.02450, 
epoch  62 summary: tot_dyn_loss   : 0.02450, 
epoch  63 summary: tot_dyn_loss   : 0.02450, 
epoch  64 summary: tot_dyn_loss   : 0.02449, 
epoch  65 summary: tot_dyn_loss   : 0.02449, 
epoch  66 summary: tot_dyn_loss   : 0.02449, 
epoch  67 summary: tot_dyn_loss   : 0.02449, 
epoch  68 summary: tot_dyn_loss   : 0.02448, 
epoch  69 summary: tot_dyn_loss   : 0.02448, 
epoch  70 summary: tot_dyn_loss   : 0.02448, 
valid loss: 2.963941, valid acc: 0.3828
epoch  71 summary: tot_dyn_loss   : 0.02448, 
epoch  72 summary: tot_dyn_loss   : 0.02448, 
epoch  73 summary: tot_dyn_loss   : 0.02448, 
epoch  74 summary: tot_dyn_loss   : 0.02448, 
epoch  75 summary: tot_dyn_loss   : 0.02538, 
epoch  76 summary: tot_dyn_loss   : 0.02493, 
epoch  77 summary: tot_dyn_loss   : 0.02469, 
epoch  78 summary: tot_dyn_loss   : 0.02456, 
epoch  79 summary: tot_dyn_loss   : 0.02448, 
epoch  80 summary: tot_dyn_loss   : 0.02444, 
valid loss: 2.971435, valid acc: 0.3809
epoch  81 summary: tot_dyn_loss   : 0.02441, 
epoch  82 summary: tot_dyn_loss   : 0.02438, 
epoch  83 summary: tot_dyn_loss   : 0.02437, 
epoch  84 summary: tot_dyn_loss   : 0.02436, 
epoch  85 summary: tot_dyn_loss   : 0.02435, 
epoch  86 summary: tot_dyn_loss   : 0.02434, 
epoch  87 summary: tot_dyn_loss   : 0.02434, 
epoch  88 summary: tot_dyn_loss   : 0.02433, 
epoch  89 summary: tot_dyn_loss   : 0.02433, 
epoch  90 summary: tot_dyn_loss   : 0.02432, 
valid loss: 2.973317, valid acc: 0.3809
epoch  91 summary: tot_dyn_loss   : 0.02432, 
epoch  92 summary: tot_dyn_loss   : 0.02432, 
epoch  93 summary: tot_dyn_loss   : 0.02432, 
epoch  94 summary: tot_dyn_loss   : 0.02431, 
epoch  95 summary: tot_dyn_loss   : 0.02431, 
epoch  96 summary: tot_dyn_loss   : 0.02431, 
epoch  97 summary: tot_dyn_loss   : 0.02431, 
epoch  98 summary: tot_dyn_loss   : 0.02431, 
epoch  99 summary: tot_dyn_loss   : 0.02431, 
valid loss: 2.969668, valid acc: 0.3809
all                           6651.902ms
all_epoch                     6649.414ms
all_preparation                  2.480ms
all_preparation_2                1.777ms
all_preparation_3                0.696ms
epoch                           18.127ms
epoch_pos_train                  0.517ms
epoch_preparation                0.133ms
epoch_train                     17.252ms
epoch_valid                      0.123ms
----------------------------------------
all                           6651.902ms
  all_epoch             99.96%
  all_preparation        0.04%
all_preparation                  2.480ms
  all_preparation_2     71.67%
  all_preparation_3     28.06%
epoch                         1812.716ms
  epoch_train           95.17%
  epoch_pos_train        2.85%
  epoch_preparation      0.74%
  epoch_valid            0.68%
