Before CTE Training: train eu loss: 0.9447107911109924, eval eu loss: 1.4130948781967163
Before CTE Training: train eu acc: 0.68505859375, eval eu acc: 0.595703125
epoch   0 summary: dyn_dyn_loss   : 0.10497, dyn_sta_loss   : 4.14171, tot_dyn_loss   : 0.50865, sta_sta_loss   : 0.13266, 
train loss: 2.188902, train acc: 0.5635
epoch   1 summary: dyn_dyn_loss   : 0.10160, dyn_sta_loss   : 3.88295, tot_dyn_loss   : 0.47973, sta_sta_loss   : 0.13266, 
epoch   2 summary: dyn_dyn_loss   : 0.09627, dyn_sta_loss   : 3.65559, tot_dyn_loss   : 0.45220, sta_sta_loss   : 0.13266, 
epoch   3 summary: dyn_dyn_loss   : 0.09250, dyn_sta_loss   : 3.45474, tot_dyn_loss   : 0.42873, sta_sta_loss   : 0.13266, 
epoch   4 summary: dyn_dyn_loss   : 0.09095, dyn_sta_loss   : 3.28583, tot_dyn_loss   : 0.41044, sta_sta_loss   : 0.13266, 
epoch   5 summary: dyn_dyn_loss   : 0.09202, dyn_sta_loss   : 3.14364, tot_dyn_loss   : 0.39718, sta_sta_loss   : 0.13266, 
epoch   6 summary: dyn_dyn_loss   : 0.09493, dyn_sta_loss   : 3.02834, tot_dyn_loss   : 0.38827, sta_sta_loss   : 0.13266, 
epoch   7 summary: dyn_dyn_loss   : 0.09867, dyn_sta_loss   : 2.94694, tot_dyn_loss   : 0.38350, sta_sta_loss   : 0.13266, 
epoch   8 summary: dyn_dyn_loss   : 0.10116, dyn_sta_loss   : 2.87955, tot_dyn_loss   : 0.37900, sta_sta_loss   : 0.13266, 
epoch   9 summary: dyn_dyn_loss   : 0.10233, dyn_sta_loss   : 2.83408, tot_dyn_loss   : 0.37550, sta_sta_loss   : 0.13266, 
epoch  10 summary: dyn_dyn_loss   : 0.10178, dyn_sta_loss   : 2.80912, tot_dyn_loss   : 0.37251, sta_sta_loss   : 0.13266, 
train loss: 0.000705, train acc: 1.0000
epoch  11 summary: dyn_dyn_loss   : 0.10154, dyn_sta_loss   : 2.79262, tot_dyn_loss   : 0.37065, sta_sta_loss   : 0.13266, 
epoch  12 summary: dyn_dyn_loss   : 0.10015, dyn_sta_loss   : 2.77794, tot_dyn_loss   : 0.36793, sta_sta_loss   : 0.13266, 
epoch  13 summary: dyn_dyn_loss   : 0.09959, dyn_sta_loss   : 2.76885, tot_dyn_loss   : 0.36651, sta_sta_loss   : 0.13266, 
epoch  14 summary: dyn_dyn_loss   : 0.09845, dyn_sta_loss   : 2.76043, tot_dyn_loss   : 0.36465, sta_sta_loss   : 0.13266, 
epoch  15 summary: dyn_dyn_loss   : 0.09689, dyn_sta_loss   : 2.76536, tot_dyn_loss   : 0.36374, sta_sta_loss   : 0.13266, 
epoch  16 summary: dyn_dyn_loss   : 0.09546, dyn_sta_loss   : 2.75714, tot_dyn_loss   : 0.36163, sta_sta_loss   : 0.13266, 
epoch  17 summary: dyn_dyn_loss   : 0.09459, dyn_sta_loss   : 2.77195, tot_dyn_loss   : 0.36233, sta_sta_loss   : 0.13266, 
epoch  18 summary: dyn_dyn_loss   : 0.09272, dyn_sta_loss   : 2.76820, tot_dyn_loss   : 0.36026, sta_sta_loss   : 0.13266, 
epoch  19 summary: dyn_dyn_loss   : 0.09144, dyn_sta_loss   : 2.75608, tot_dyn_loss   : 0.35791, sta_sta_loss   : 0.13266, 
epoch  20 summary: dyn_dyn_loss   : 0.09038, dyn_sta_loss   : 2.77231, tot_dyn_loss   : 0.35858, sta_sta_loss   : 0.13266, 
train loss: 0.001718, train acc: 1.0000
epoch  21 summary: dyn_dyn_loss   : 0.08860, dyn_sta_loss   : 2.77538, tot_dyn_loss   : 0.35728, sta_sta_loss   : 0.13266, 
epoch  22 summary: dyn_dyn_loss   : 0.08756, dyn_sta_loss   : 2.77361, tot_dyn_loss   : 0.35616, sta_sta_loss   : 0.13266, 
epoch  23 summary: dyn_dyn_loss   : 0.08675, dyn_sta_loss   : 2.77558, tot_dyn_loss   : 0.35563, sta_sta_loss   : 0.13266, 
epoch  24 summary: dyn_dyn_loss   : 0.08571, dyn_sta_loss   : 2.76827, tot_dyn_loss   : 0.35397, sta_sta_loss   : 0.13266, 
epoch  25 summary: dyn_dyn_loss   : 0.08763, dyn_sta_loss   : 2.78275, tot_dyn_loss   : 0.35714, sta_sta_loss   : 0.13266, 
epoch  26 summary: dyn_dyn_loss   : 0.08419, dyn_sta_loss   : 2.79562, tot_dyn_loss   : 0.35533, sta_sta_loss   : 0.13266, 
epoch  27 summary: dyn_dyn_loss   : 0.08337, dyn_sta_loss   : 2.78621, tot_dyn_loss   : 0.35365, sta_sta_loss   : 0.13266, 
epoch  28 summary: dyn_dyn_loss   : 0.08270, dyn_sta_loss   : 2.78623, tot_dyn_loss   : 0.35305, sta_sta_loss   : 0.13266, 
epoch  29 summary: dyn_dyn_loss   : 0.08194, dyn_sta_loss   : 2.79870, tot_dyn_loss   : 0.35361, sta_sta_loss   : 0.13266, 
epoch  30 summary: dyn_dyn_loss   : 0.08127, dyn_sta_loss   : 2.78991, tot_dyn_loss   : 0.35213, sta_sta_loss   : 0.13266, 
train loss: 0.001620, train acc: 1.0000
epoch  31 summary: dyn_dyn_loss   : 0.08126, dyn_sta_loss   : 2.78324, tot_dyn_loss   : 0.35146, sta_sta_loss   : 0.13266, 
epoch  32 summary: dyn_dyn_loss   : 0.08082, dyn_sta_loss   : 2.78185, tot_dyn_loss   : 0.35092, sta_sta_loss   : 0.13266, 
epoch  33 summary: dyn_dyn_loss   : 0.08024, dyn_sta_loss   : 2.80151, tot_dyn_loss   : 0.35237, sta_sta_loss   : 0.13266, 
epoch  34 summary: dyn_dyn_loss   : 0.07945, dyn_sta_loss   : 2.80297, tot_dyn_loss   : 0.35180, sta_sta_loss   : 0.13266, 
epoch  35 summary: dyn_dyn_loss   : 0.07906, dyn_sta_loss   : 2.79593, tot_dyn_loss   : 0.35075, sta_sta_loss   : 0.13266, 
epoch  36 summary: dyn_dyn_loss   : 0.07869, dyn_sta_loss   : 2.79759, tot_dyn_loss   : 0.35058, sta_sta_loss   : 0.13266, 
epoch  37 summary: dyn_dyn_loss   : 0.07864, dyn_sta_loss   : 2.78939, tot_dyn_loss   : 0.34972, sta_sta_loss   : 0.13266, 
epoch  38 summary: dyn_dyn_loss   : 0.07857, dyn_sta_loss   : 2.80644, tot_dyn_loss   : 0.35135, sta_sta_loss   : 0.13266, 
epoch  39 summary: dyn_dyn_loss   : 0.07776, dyn_sta_loss   : 2.80131, tot_dyn_loss   : 0.35012, sta_sta_loss   : 0.13266, 
epoch  40 summary: dyn_dyn_loss   : 0.07756, dyn_sta_loss   : 2.79824, tot_dyn_loss   : 0.34963, sta_sta_loss   : 0.13266, 
train loss: 0.001813, train acc: 1.0000
epoch  41 summary: dyn_dyn_loss   : 0.07740, dyn_sta_loss   : 2.79779, tot_dyn_loss   : 0.34944, sta_sta_loss   : 0.13266, 
epoch  42 summary: dyn_dyn_loss   : 0.07691, dyn_sta_loss   : 2.79239, tot_dyn_loss   : 0.34846, sta_sta_loss   : 0.13266, 
epoch  43 summary: dyn_dyn_loss   : 0.07672, dyn_sta_loss   : 2.79594, tot_dyn_loss   : 0.34864, sta_sta_loss   : 0.13266, 
epoch  44 summary: dyn_dyn_loss   : 0.07645, dyn_sta_loss   : 2.79440, tot_dyn_loss   : 0.34825, sta_sta_loss   : 0.13266, 
epoch  45 summary: dyn_dyn_loss   : 0.07631, dyn_sta_loss   : 2.81393, tot_dyn_loss   : 0.35007, sta_sta_loss   : 0.13266, 
epoch  46 summary: dyn_dyn_loss   : 0.07563, dyn_sta_loss   : 2.80632, tot_dyn_loss   : 0.34870, sta_sta_loss   : 0.13266, 
epoch  47 summary: dyn_dyn_loss   : 0.07587, dyn_sta_loss   : 2.79119, tot_dyn_loss   : 0.34740, sta_sta_loss   : 0.13266, 
epoch  48 summary: dyn_dyn_loss   : 0.07609, dyn_sta_loss   : 2.79436, tot_dyn_loss   : 0.34792, sta_sta_loss   : 0.13266, 
epoch  49 summary: dyn_dyn_loss   : 0.07598, dyn_sta_loss   : 2.80681, tot_dyn_loss   : 0.34906, sta_sta_loss   : 0.13266, 
epoch  50 summary: dyn_dyn_loss   : 0.07670, dyn_sta_loss   : 2.80701, tot_dyn_loss   : 0.34973, sta_sta_loss   : 0.13266, 
train loss: 0.002098, train acc: 1.0000
epoch  51 summary: dyn_dyn_loss   : 0.07507, dyn_sta_loss   : 2.81133, tot_dyn_loss   : 0.34870, sta_sta_loss   : 0.13266, 
epoch  52 summary: dyn_dyn_loss   : 0.07482, dyn_sta_loss   : 2.80773, tot_dyn_loss   : 0.34811, sta_sta_loss   : 0.13266, 
epoch  53 summary: dyn_dyn_loss   : 0.07472, dyn_sta_loss   : 2.80560, tot_dyn_loss   : 0.34781, sta_sta_loss   : 0.13266, 
epoch  54 summary: dyn_dyn_loss   : 0.07466, dyn_sta_loss   : 2.80267, tot_dyn_loss   : 0.34746, sta_sta_loss   : 0.13266, 
epoch  55 summary: dyn_dyn_loss   : 0.07461, dyn_sta_loss   : 2.80198, tot_dyn_loss   : 0.34735, sta_sta_loss   : 0.13266, 
epoch  56 summary: dyn_dyn_loss   : 0.07460, dyn_sta_loss   : 2.80164, tot_dyn_loss   : 0.34730, sta_sta_loss   : 0.13266, 
epoch  57 summary: dyn_dyn_loss   : 0.07456, dyn_sta_loss   : 2.79579, tot_dyn_loss   : 0.34668, sta_sta_loss   : 0.13266, 
epoch  58 summary: dyn_dyn_loss   : 0.07437, dyn_sta_loss   : 2.79785, tot_dyn_loss   : 0.34672, sta_sta_loss   : 0.13266, 
epoch  59 summary: dyn_dyn_loss   : 0.07445, dyn_sta_loss   : 2.79590, tot_dyn_loss   : 0.34660, sta_sta_loss   : 0.13266, 
epoch  60 summary: dyn_dyn_loss   : 0.07404, dyn_sta_loss   : 2.80041, tot_dyn_loss   : 0.34668, sta_sta_loss   : 0.13266, 
train loss: 0.002211, train acc: 1.0000
epoch  61 summary: dyn_dyn_loss   : 0.07354, dyn_sta_loss   : 2.81407, tot_dyn_loss   : 0.34760, sta_sta_loss   : 0.13266, 
epoch  62 summary: dyn_dyn_loss   : 0.07304, dyn_sta_loss   : 2.79760, tot_dyn_loss   : 0.34550, sta_sta_loss   : 0.13266, 
epoch  63 summary: dyn_dyn_loss   : 0.07349, dyn_sta_loss   : 2.81179, tot_dyn_loss   : 0.34732, sta_sta_loss   : 0.13266, 
epoch  64 summary: dyn_dyn_loss   : 0.07313, dyn_sta_loss   : 2.80823, tot_dyn_loss   : 0.34664, sta_sta_loss   : 0.13266, 
epoch  65 summary: dyn_dyn_loss   : 0.07308, dyn_sta_loss   : 2.81133, tot_dyn_loss   : 0.34691, sta_sta_loss   : 0.13266, 
epoch  66 summary: dyn_dyn_loss   : 0.07297, dyn_sta_loss   : 2.81024, tot_dyn_loss   : 0.34670, sta_sta_loss   : 0.13266, 
epoch  67 summary: dyn_dyn_loss   : 0.07300, dyn_sta_loss   : 2.80180, tot_dyn_loss   : 0.34588, sta_sta_loss   : 0.13266, 
epoch  68 summary: dyn_dyn_loss   : 0.07321, dyn_sta_loss   : 2.80567, tot_dyn_loss   : 0.34645, sta_sta_loss   : 0.13266, 
epoch  69 summary: dyn_dyn_loss   : 0.07287, dyn_sta_loss   : 2.81390, tot_dyn_loss   : 0.34697, sta_sta_loss   : 0.13266, 
epoch  70 summary: dyn_dyn_loss   : 0.07266, dyn_sta_loss   : 2.80101, tot_dyn_loss   : 0.34550, sta_sta_loss   : 0.13266, 
train loss: 0.001929, train acc: 1.0000
epoch  71 summary: dyn_dyn_loss   : 0.07291, dyn_sta_loss   : 2.80694, tot_dyn_loss   : 0.34632, sta_sta_loss   : 0.13266, 
epoch  72 summary: dyn_dyn_loss   : 0.07317, dyn_sta_loss   : 2.79407, tot_dyn_loss   : 0.34526, sta_sta_loss   : 0.13266, 
epoch  73 summary: dyn_dyn_loss   : 0.07303, dyn_sta_loss   : 2.80745, tot_dyn_loss   : 0.34647, sta_sta_loss   : 0.13266, 
epoch  74 summary: dyn_dyn_loss   : 0.07265, dyn_sta_loss   : 2.80647, tot_dyn_loss   : 0.34604, sta_sta_loss   : 0.13266, 
epoch  75 summary: dyn_dyn_loss   : 0.07349, dyn_sta_loss   : 2.80492, tot_dyn_loss   : 0.34663, sta_sta_loss   : 0.13266, 
epoch  76 summary: dyn_dyn_loss   : 0.07196, dyn_sta_loss   : 2.81072, tot_dyn_loss   : 0.34583, sta_sta_loss   : 0.13266, 
epoch  77 summary: dyn_dyn_loss   : 0.07194, dyn_sta_loss   : 2.80465, tot_dyn_loss   : 0.34521, sta_sta_loss   : 0.13266, 
epoch  78 summary: dyn_dyn_loss   : 0.07197, dyn_sta_loss   : 2.80628, tot_dyn_loss   : 0.34540, sta_sta_loss   : 0.13266, 
epoch  79 summary: dyn_dyn_loss   : 0.07191, dyn_sta_loss   : 2.80158, tot_dyn_loss   : 0.34487, sta_sta_loss   : 0.13266, 
epoch  80 summary: dyn_dyn_loss   : 0.07151, dyn_sta_loss   : 2.83044, tot_dyn_loss   : 0.34740, sta_sta_loss   : 0.13266, 
train loss: 0.002073, train acc: 1.0000
epoch  81 summary: dyn_dyn_loss   : 0.07050, dyn_sta_loss   : 2.82825, tot_dyn_loss   : 0.34628, sta_sta_loss   : 0.13266, 
epoch  82 summary: dyn_dyn_loss   : 0.07057, dyn_sta_loss   : 2.81642, tot_dyn_loss   : 0.34515, sta_sta_loss   : 0.13266, 
epoch  83 summary: dyn_dyn_loss   : 0.07076, dyn_sta_loss   : 2.81468, tot_dyn_loss   : 0.34515, sta_sta_loss   : 0.13266, 
epoch  84 summary: dyn_dyn_loss   : 0.07064, dyn_sta_loss   : 2.81037, tot_dyn_loss   : 0.34461, sta_sta_loss   : 0.13266, 
epoch  85 summary: dyn_dyn_loss   : 0.07091, dyn_sta_loss   : 2.80178, tot_dyn_loss   : 0.34400, sta_sta_loss   : 0.13266, 
epoch  86 summary: dyn_dyn_loss   : 0.07111, dyn_sta_loss   : 2.80943, tot_dyn_loss   : 0.34494, sta_sta_loss   : 0.13266, 
epoch  87 summary: dyn_dyn_loss   : 0.07075, dyn_sta_loss   : 2.81364, tot_dyn_loss   : 0.34503, sta_sta_loss   : 0.13266, 
epoch  88 summary: dyn_dyn_loss   : 0.07060, dyn_sta_loss   : 2.81177, tot_dyn_loss   : 0.34472, sta_sta_loss   : 0.13266, 
epoch  89 summary: dyn_dyn_loss   : 0.07063, dyn_sta_loss   : 2.80890, tot_dyn_loss   : 0.34446, sta_sta_loss   : 0.13266, 
epoch  90 summary: dyn_dyn_loss   : 0.07032, dyn_sta_loss   : 2.82487, tot_dyn_loss   : 0.34577, sta_sta_loss   : 0.13266, 
train loss: 0.002348, train acc: 1.0000
epoch  91 summary: dyn_dyn_loss   : 0.06978, dyn_sta_loss   : 2.81807, tot_dyn_loss   : 0.34461, sta_sta_loss   : 0.13266, 
epoch  92 summary: dyn_dyn_loss   : 0.06984, dyn_sta_loss   : 2.81384, tot_dyn_loss   : 0.34424, sta_sta_loss   : 0.13266, 
epoch  93 summary: dyn_dyn_loss   : 0.06990, dyn_sta_loss   : 2.81797, tot_dyn_loss   : 0.34471, sta_sta_loss   : 0.13266, 
epoch  94 summary: dyn_dyn_loss   : 0.06980, dyn_sta_loss   : 2.81291, tot_dyn_loss   : 0.34411, sta_sta_loss   : 0.13266, 
epoch  95 summary: dyn_dyn_loss   : 0.06990, dyn_sta_loss   : 2.81740, tot_dyn_loss   : 0.34465, sta_sta_loss   : 0.13266, 
epoch  96 summary: dyn_dyn_loss   : 0.06972, dyn_sta_loss   : 2.80916, tot_dyn_loss   : 0.34366, sta_sta_loss   : 0.13266, 
epoch  97 summary: dyn_dyn_loss   : 0.06988, dyn_sta_loss   : 2.81869, tot_dyn_loss   : 0.34476, sta_sta_loss   : 0.13266, 
epoch  98 summary: dyn_dyn_loss   : 0.06970, dyn_sta_loss   : 2.81932, tot_dyn_loss   : 0.34466, sta_sta_loss   : 0.13266, 
epoch  99 summary: dyn_dyn_loss   : 0.06962, dyn_sta_loss   : 2.81133, tot_dyn_loss   : 0.34379, sta_sta_loss   : 0.13266, 
train loss: 0.002251, train acc: 1.0000
all                          19262.244ms
all_epoch                    18626.273ms
all_preparation                635.957ms
all_preparation_2              635.381ms
all_preparation_3                0.561ms
epoch                          107.039ms
epoch_pos_train                  0.575ms
epoch_preparation                1.955ms
epoch_train                    103.662ms
epoch_valid                      0.629ms
----------------------------------------
all                          19262.244ms
  all_epoch             96.70%
  all_preparation        3.30%
all_preparation                635.957ms
  all_preparation_2     99.91%
  all_preparation_3      0.09%
epoch                        10703.934ms
  epoch_train           96.84%
  epoch_preparation      1.83%
  epoch_valid            0.59%
  epoch_pos_train        0.54%
epoch   0 summary: tot_dyn_loss   : 0.10177, 
valid loss: 3.694054, valid acc: 0.1992
epoch   1 summary: tot_dyn_loss   : 0.08090, 
epoch   2 summary: tot_dyn_loss   : 0.06707, 
epoch   3 summary: tot_dyn_loss   : 0.05796, 
epoch   4 summary: tot_dyn_loss   : 0.05140, 
epoch   5 summary: tot_dyn_loss   : 0.04631, 
epoch   6 summary: tot_dyn_loss   : 0.04290, 
epoch   7 summary: tot_dyn_loss   : 0.04021, 
epoch   8 summary: tot_dyn_loss   : 0.03810, 
epoch   9 summary: tot_dyn_loss   : 0.03676, 
epoch  10 summary: tot_dyn_loss   : 0.03568, 
valid loss: 2.350583, valid acc: 0.4805
epoch  11 summary: tot_dyn_loss   : 0.03481, 
epoch  12 summary: tot_dyn_loss   : 0.03399, 
epoch  13 summary: tot_dyn_loss   : 0.03347, 
epoch  14 summary: tot_dyn_loss   : 0.03303, 
epoch  15 summary: tot_dyn_loss   : 0.03259, 
epoch  16 summary: tot_dyn_loss   : 0.03225, 
epoch  17 summary: tot_dyn_loss   : 0.03203, 
epoch  18 summary: tot_dyn_loss   : 0.03176, 
epoch  19 summary: tot_dyn_loss   : 0.03161, 
epoch  20 summary: tot_dyn_loss   : 0.03148, 
valid loss: 2.329781, valid acc: 0.4863
epoch  21 summary: tot_dyn_loss   : 0.03137, 
epoch  22 summary: tot_dyn_loss   : 0.03127, 
epoch  23 summary: tot_dyn_loss   : 0.03119, 
epoch  24 summary: tot_dyn_loss   : 0.03112, 
epoch  25 summary: tot_dyn_loss   : 0.03346, 
epoch  26 summary: tot_dyn_loss   : 0.03306, 
epoch  27 summary: tot_dyn_loss   : 0.03272, 
epoch  28 summary: tot_dyn_loss   : 0.03245, 
epoch  29 summary: tot_dyn_loss   : 0.03215, 
epoch  30 summary: tot_dyn_loss   : 0.03195, 
valid loss: 2.335529, valid acc: 0.4824
epoch  31 summary: tot_dyn_loss   : 0.03179, 
epoch  32 summary: tot_dyn_loss   : 0.03163, 
epoch  33 summary: tot_dyn_loss   : 0.03151, 
epoch  34 summary: tot_dyn_loss   : 0.03141, 
epoch  35 summary: tot_dyn_loss   : 0.03133, 
epoch  36 summary: tot_dyn_loss   : 0.03127, 
epoch  37 summary: tot_dyn_loss   : 0.03121, 
epoch  38 summary: tot_dyn_loss   : 0.03117, 
epoch  39 summary: tot_dyn_loss   : 0.03112, 
epoch  40 summary: tot_dyn_loss   : 0.03107, 
valid loss: 2.332193, valid acc: 0.4805
epoch  41 summary: tot_dyn_loss   : 0.03104, 
epoch  42 summary: tot_dyn_loss   : 0.03100, 
epoch  43 summary: tot_dyn_loss   : 0.03098, 
epoch  44 summary: tot_dyn_loss   : 0.03096, 
epoch  45 summary: tot_dyn_loss   : 0.03094, 
epoch  46 summary: tot_dyn_loss   : 0.03092, 
epoch  47 summary: tot_dyn_loss   : 0.03091, 
epoch  48 summary: tot_dyn_loss   : 0.03090, 
epoch  49 summary: tot_dyn_loss   : 0.03089, 
epoch  50 summary: tot_dyn_loss   : 0.03270, 
valid loss: 2.354621, valid acc: 0.4707
epoch  51 summary: tot_dyn_loss   : 0.03233, 
epoch  52 summary: tot_dyn_loss   : 0.03207, 
epoch  53 summary: tot_dyn_loss   : 0.03184, 
epoch  54 summary: tot_dyn_loss   : 0.03164, 
epoch  55 summary: tot_dyn_loss   : 0.03147, 
epoch  56 summary: tot_dyn_loss   : 0.03132, 
epoch  57 summary: tot_dyn_loss   : 0.03121, 
epoch  58 summary: tot_dyn_loss   : 0.03112, 
epoch  59 summary: tot_dyn_loss   : 0.03104, 
epoch  60 summary: tot_dyn_loss   : 0.03097, 
valid loss: 2.345244, valid acc: 0.4844
epoch  61 summary: tot_dyn_loss   : 0.03091, 
epoch  62 summary: tot_dyn_loss   : 0.03086, 
epoch  63 summary: tot_dyn_loss   : 0.03081, 
epoch  64 summary: tot_dyn_loss   : 0.03077, 
epoch  65 summary: tot_dyn_loss   : 0.03074, 
epoch  66 summary: tot_dyn_loss   : 0.03071, 
epoch  67 summary: tot_dyn_loss   : 0.03070, 
epoch  68 summary: tot_dyn_loss   : 0.03068, 
epoch  69 summary: tot_dyn_loss   : 0.03066, 
epoch  70 summary: tot_dyn_loss   : 0.03065, 
valid loss: 2.354620, valid acc: 0.4805
epoch  71 summary: tot_dyn_loss   : 0.03063, 
epoch  72 summary: tot_dyn_loss   : 0.03062, 
epoch  73 summary: tot_dyn_loss   : 0.03061, 
epoch  74 summary: tot_dyn_loss   : 0.03060, 
epoch  75 summary: tot_dyn_loss   : 0.03240, 
epoch  76 summary: tot_dyn_loss   : 0.03206, 
epoch  77 summary: tot_dyn_loss   : 0.03180, 
epoch  78 summary: tot_dyn_loss   : 0.03158, 
epoch  79 summary: tot_dyn_loss   : 0.03141, 
epoch  80 summary: tot_dyn_loss   : 0.03127, 
valid loss: 2.302341, valid acc: 0.4863
epoch  81 summary: tot_dyn_loss   : 0.03115, 
epoch  82 summary: tot_dyn_loss   : 0.03105, 
epoch  83 summary: tot_dyn_loss   : 0.03097, 
epoch  84 summary: tot_dyn_loss   : 0.03090, 
epoch  85 summary: tot_dyn_loss   : 0.03084, 
epoch  86 summary: tot_dyn_loss   : 0.03079, 
epoch  87 summary: tot_dyn_loss   : 0.03075, 
epoch  88 summary: tot_dyn_loss   : 0.03072, 
epoch  89 summary: tot_dyn_loss   : 0.03069, 
epoch  90 summary: tot_dyn_loss   : 0.03067, 
valid loss: 2.309573, valid acc: 0.4922
epoch  91 summary: tot_dyn_loss   : 0.03064, 
epoch  92 summary: tot_dyn_loss   : 0.03061, 
epoch  93 summary: tot_dyn_loss   : 0.03060, 
epoch  94 summary: tot_dyn_loss   : 0.03059, 
epoch  95 summary: tot_dyn_loss   : 0.03058, 
epoch  96 summary: tot_dyn_loss   : 0.03057, 
epoch  97 summary: tot_dyn_loss   : 0.03055, 
epoch  98 summary: tot_dyn_loss   : 0.03054, 
epoch  99 summary: tot_dyn_loss   : 0.03053, 
valid loss: 2.294404, valid acc: 0.4902
all                           8426.729ms
all_epoch                     8424.304ms
all_preparation                  2.412ms
all_preparation_2                1.714ms
all_preparation_3                0.692ms
epoch                           35.624ms
epoch_pos_train                  0.556ms
epoch_preparation                0.127ms
epoch_train                     34.686ms
epoch_valid                      0.136ms
----------------------------------------
all                           8426.729ms
  all_epoch             99.97%
  all_preparation        0.03%
all_preparation                  2.412ms
  all_preparation_2     71.07%
  all_preparation_3     28.71%
epoch                         3562.426ms
  epoch_train           97.37%
  epoch_pos_train        1.56%
  epoch_valid            0.38%
  epoch_preparation      0.36%
