Before CTE Training: train eu loss: 0.9447107911109924, eval eu loss: 1.4130948781967163
Before CTE Training: train eu acc: 0.68505859375, eval eu acc: 0.595703125
epoch   0 summary: dyn_dyn_loss   : 0.10492, dyn_sta_loss   : 4.14266, tot_dyn_loss   : 0.26643, sta_sta_loss   : 0.13266, 
train loss: 2.251620, train acc: 0.5454
epoch   1 summary: dyn_dyn_loss   : 0.10130, dyn_sta_loss   : 3.89054, tot_dyn_loss   : 0.25287, sta_sta_loss   : 0.13266, 
epoch   2 summary: dyn_dyn_loss   : 0.09535, dyn_sta_loss   : 3.67109, tot_dyn_loss   : 0.23838, sta_sta_loss   : 0.13266, 
epoch   3 summary: dyn_dyn_loss   : 0.08937, dyn_sta_loss   : 3.48815, tot_dyn_loss   : 0.22532, sta_sta_loss   : 0.13266, 
epoch   4 summary: dyn_dyn_loss   : 0.08283, dyn_sta_loss   : 3.35226, tot_dyn_loss   : 0.21360, sta_sta_loss   : 0.13266, 
epoch   5 summary: dyn_dyn_loss   : 0.07626, dyn_sta_loss   : 3.26128, tot_dyn_loss   : 0.20366, sta_sta_loss   : 0.13266, 
epoch   6 summary: dyn_dyn_loss   : 0.06967, dyn_sta_loss   : 3.20669, tot_dyn_loss   : 0.19515, sta_sta_loss   : 0.13266, 
epoch   7 summary: dyn_dyn_loss   : 0.06322, dyn_sta_loss   : 3.18887, tot_dyn_loss   : 0.18825, sta_sta_loss   : 0.13266, 
epoch   8 summary: dyn_dyn_loss   : 0.05682, dyn_sta_loss   : 3.17209, tot_dyn_loss   : 0.18143, sta_sta_loss   : 0.13266, 
epoch   9 summary: dyn_dyn_loss   : 0.05171, dyn_sta_loss   : 3.16252, tot_dyn_loss   : 0.17614, sta_sta_loss   : 0.13266, 
epoch  10 summary: dyn_dyn_loss   : 0.04799, dyn_sta_loss   : 3.15594, tot_dyn_loss   : 0.17231, sta_sta_loss   : 0.13266, 
train loss: 0.283481, train acc: 0.9399
epoch  11 summary: dyn_dyn_loss   : 0.04440, dyn_sta_loss   : 3.15647, tot_dyn_loss   : 0.16888, sta_sta_loss   : 0.13266, 
epoch  12 summary: dyn_dyn_loss   : 0.04136, dyn_sta_loss   : 3.15311, tot_dyn_loss   : 0.16583, sta_sta_loss   : 0.13266, 
epoch  13 summary: dyn_dyn_loss   : 0.03914, dyn_sta_loss   : 3.15175, tot_dyn_loss   : 0.16365, sta_sta_loss   : 0.13266, 
epoch  14 summary: dyn_dyn_loss   : 0.03761, dyn_sta_loss   : 3.14567, tot_dyn_loss   : 0.16194, sta_sta_loss   : 0.13266, 
epoch  15 summary: dyn_dyn_loss   : 0.03634, dyn_sta_loss   : 3.14821, tot_dyn_loss   : 0.16081, sta_sta_loss   : 0.13266, 
epoch  16 summary: dyn_dyn_loss   : 0.03544, dyn_sta_loss   : 3.13643, tot_dyn_loss   : 0.15948, sta_sta_loss   : 0.13266, 
epoch  17 summary: dyn_dyn_loss   : 0.03488, dyn_sta_loss   : 3.14160, tot_dyn_loss   : 0.15915, sta_sta_loss   : 0.13266, 
epoch  18 summary: dyn_dyn_loss   : 0.03442, dyn_sta_loss   : 3.13382, tot_dyn_loss   : 0.15839, sta_sta_loss   : 0.13266, 
epoch  19 summary: dyn_dyn_loss   : 0.03409, dyn_sta_loss   : 3.12142, tot_dyn_loss   : 0.15758, sta_sta_loss   : 0.13266, 
epoch  20 summary: dyn_dyn_loss   : 0.03386, dyn_sta_loss   : 3.12769, tot_dyn_loss   : 0.15761, sta_sta_loss   : 0.13266, 
train loss: 0.210036, train acc: 0.9541
epoch  21 summary: dyn_dyn_loss   : 0.03340, dyn_sta_loss   : 3.12571, tot_dyn_loss   : 0.15709, sta_sta_loss   : 0.13266, 
epoch  22 summary: dyn_dyn_loss   : 0.03315, dyn_sta_loss   : 3.12062, tot_dyn_loss   : 0.15664, sta_sta_loss   : 0.13266, 
epoch  23 summary: dyn_dyn_loss   : 0.03298, dyn_sta_loss   : 3.12115, tot_dyn_loss   : 0.15650, sta_sta_loss   : 0.13266, 
epoch  24 summary: dyn_dyn_loss   : 0.03275, dyn_sta_loss   : 3.11281, tot_dyn_loss   : 0.15595, sta_sta_loss   : 0.13266, 
epoch  25 summary: dyn_dyn_loss   : 0.03454, dyn_sta_loss   : 3.12149, tot_dyn_loss   : 0.15801, sta_sta_loss   : 0.13266, 
epoch  26 summary: dyn_dyn_loss   : 0.03335, dyn_sta_loss   : 3.13009, tot_dyn_loss   : 0.15722, sta_sta_loss   : 0.13266, 
epoch  27 summary: dyn_dyn_loss   : 0.03311, dyn_sta_loss   : 3.12047, tot_dyn_loss   : 0.15660, sta_sta_loss   : 0.13266, 
epoch  28 summary: dyn_dyn_loss   : 0.03293, dyn_sta_loss   : 3.11756, tot_dyn_loss   : 0.15631, sta_sta_loss   : 0.13266, 
epoch  29 summary: dyn_dyn_loss   : 0.03262, dyn_sta_loss   : 3.12567, tot_dyn_loss   : 0.15634, sta_sta_loss   : 0.13266, 
epoch  30 summary: dyn_dyn_loss   : 0.03243, dyn_sta_loss   : 3.11570, tot_dyn_loss   : 0.15576, sta_sta_loss   : 0.13266, 
train loss: 0.135965, train acc: 0.9692
epoch  31 summary: dyn_dyn_loss   : 0.03236, dyn_sta_loss   : 3.10923, tot_dyn_loss   : 0.15543, sta_sta_loss   : 0.13266, 
epoch  32 summary: dyn_dyn_loss   : 0.03235, dyn_sta_loss   : 3.10497, tot_dyn_loss   : 0.15525, sta_sta_loss   : 0.13266, 
epoch  33 summary: dyn_dyn_loss   : 0.03221, dyn_sta_loss   : 3.11975, tot_dyn_loss   : 0.15571, sta_sta_loss   : 0.13266, 
epoch  34 summary: dyn_dyn_loss   : 0.03193, dyn_sta_loss   : 3.12196, tot_dyn_loss   : 0.15553, sta_sta_loss   : 0.13266, 
epoch  35 summary: dyn_dyn_loss   : 0.03191, dyn_sta_loss   : 3.11098, tot_dyn_loss   : 0.15507, sta_sta_loss   : 0.13266, 
epoch  36 summary: dyn_dyn_loss   : 0.03183, dyn_sta_loss   : 3.11257, tot_dyn_loss   : 0.15506, sta_sta_loss   : 0.13266, 
epoch  37 summary: dyn_dyn_loss   : 0.03162, dyn_sta_loss   : 3.10625, tot_dyn_loss   : 0.15461, sta_sta_loss   : 0.13266, 
epoch  38 summary: dyn_dyn_loss   : 0.03156, dyn_sta_loss   : 3.11964, tot_dyn_loss   : 0.15508, sta_sta_loss   : 0.13266, 
epoch  39 summary: dyn_dyn_loss   : 0.03129, dyn_sta_loss   : 3.11476, tot_dyn_loss   : 0.15463, sta_sta_loss   : 0.13266, 
epoch  40 summary: dyn_dyn_loss   : 0.03137, dyn_sta_loss   : 3.10824, tot_dyn_loss   : 0.15445, sta_sta_loss   : 0.13266, 
train loss: 0.106690, train acc: 0.9746
epoch  41 summary: dyn_dyn_loss   : 0.03148, dyn_sta_loss   : 3.10530, tot_dyn_loss   : 0.15443, sta_sta_loss   : 0.13266, 
epoch  42 summary: dyn_dyn_loss   : 0.03140, dyn_sta_loss   : 3.09849, tot_dyn_loss   : 0.15408, sta_sta_loss   : 0.13266, 
epoch  43 summary: dyn_dyn_loss   : 0.03136, dyn_sta_loss   : 3.09903, tot_dyn_loss   : 0.15407, sta_sta_loss   : 0.13266, 
epoch  44 summary: dyn_dyn_loss   : 0.03133, dyn_sta_loss   : 3.09700, tot_dyn_loss   : 0.15396, sta_sta_loss   : 0.13266, 
epoch  45 summary: dyn_dyn_loss   : 0.03117, dyn_sta_loss   : 3.11510, tot_dyn_loss   : 0.15453, sta_sta_loss   : 0.13266, 
epoch  46 summary: dyn_dyn_loss   : 0.03097, dyn_sta_loss   : 3.10584, tot_dyn_loss   : 0.15397, sta_sta_loss   : 0.13266, 
epoch  47 summary: dyn_dyn_loss   : 0.03099, dyn_sta_loss   : 3.09408, tot_dyn_loss   : 0.15351, sta_sta_loss   : 0.13266, 
epoch  48 summary: dyn_dyn_loss   : 0.03100, dyn_sta_loss   : 3.09580, tot_dyn_loss   : 0.15359, sta_sta_loss   : 0.13266, 
epoch  49 summary: dyn_dyn_loss   : 0.03096, dyn_sta_loss   : 3.10811, tot_dyn_loss   : 0.15404, sta_sta_loss   : 0.13266, 
epoch  50 summary: dyn_dyn_loss   : 0.03179, dyn_sta_loss   : 3.10924, tot_dyn_loss   : 0.15489, sta_sta_loss   : 0.13266, 
train loss: 0.101488, train acc: 0.9775
epoch  51 summary: dyn_dyn_loss   : 0.03099, dyn_sta_loss   : 3.11330, tot_dyn_loss   : 0.15428, sta_sta_loss   : 0.13266, 
epoch  52 summary: dyn_dyn_loss   : 0.03083, dyn_sta_loss   : 3.10856, tot_dyn_loss   : 0.15394, sta_sta_loss   : 0.13266, 
epoch  53 summary: dyn_dyn_loss   : 0.03068, dyn_sta_loss   : 3.10855, tot_dyn_loss   : 0.15380, sta_sta_loss   : 0.13266, 
epoch  54 summary: dyn_dyn_loss   : 0.03055, dyn_sta_loss   : 3.10627, tot_dyn_loss   : 0.15358, sta_sta_loss   : 0.13266, 
epoch  55 summary: dyn_dyn_loss   : 0.03047, dyn_sta_loss   : 3.10454, tot_dyn_loss   : 0.15343, sta_sta_loss   : 0.13266, 
epoch  56 summary: dyn_dyn_loss   : 0.03031, dyn_sta_loss   : 3.10523, tot_dyn_loss   : 0.15330, sta_sta_loss   : 0.13266, 
epoch  57 summary: dyn_dyn_loss   : 0.03025, dyn_sta_loss   : 3.10083, tot_dyn_loss   : 0.15308, sta_sta_loss   : 0.13266, 
epoch  58 summary: dyn_dyn_loss   : 0.03017, dyn_sta_loss   : 3.10267, tot_dyn_loss   : 0.15307, sta_sta_loss   : 0.13266, 
epoch  59 summary: dyn_dyn_loss   : 0.03018, dyn_sta_loss   : 3.09820, tot_dyn_loss   : 0.15290, sta_sta_loss   : 0.13266, 
epoch  60 summary: dyn_dyn_loss   : 0.03011, dyn_sta_loss   : 3.10244, tot_dyn_loss   : 0.15301, sta_sta_loss   : 0.13266, 
train loss: 0.089171, train acc: 0.9854
epoch  61 summary: dyn_dyn_loss   : 0.02994, dyn_sta_loss   : 3.11475, tot_dyn_loss   : 0.15334, sta_sta_loss   : 0.13266, 
epoch  62 summary: dyn_dyn_loss   : 0.02990, dyn_sta_loss   : 3.10013, tot_dyn_loss   : 0.15271, sta_sta_loss   : 0.13266, 
epoch  63 summary: dyn_dyn_loss   : 0.03004, dyn_sta_loss   : 3.11234, tot_dyn_loss   : 0.15333, sta_sta_loss   : 0.13266, 
epoch  64 summary: dyn_dyn_loss   : 0.02993, dyn_sta_loss   : 3.10914, tot_dyn_loss   : 0.15310, sta_sta_loss   : 0.13266, 
epoch  65 summary: dyn_dyn_loss   : 0.03002, dyn_sta_loss   : 3.11194, tot_dyn_loss   : 0.15329, sta_sta_loss   : 0.13266, 
epoch  66 summary: dyn_dyn_loss   : 0.02992, dyn_sta_loss   : 3.10802, tot_dyn_loss   : 0.15305, sta_sta_loss   : 0.13266, 
epoch  67 summary: dyn_dyn_loss   : 0.02997, dyn_sta_loss   : 3.10055, tot_dyn_loss   : 0.15279, sta_sta_loss   : 0.13266, 
epoch  68 summary: dyn_dyn_loss   : 0.02993, dyn_sta_loss   : 3.10467, tot_dyn_loss   : 0.15292, sta_sta_loss   : 0.13266, 
epoch  69 summary: dyn_dyn_loss   : 0.02987, dyn_sta_loss   : 3.11208, tot_dyn_loss   : 0.15316, sta_sta_loss   : 0.13266, 
epoch  70 summary: dyn_dyn_loss   : 0.02983, dyn_sta_loss   : 3.10032, tot_dyn_loss   : 0.15265, sta_sta_loss   : 0.13266, 
train loss: 0.096773, train acc: 0.9795
epoch  71 summary: dyn_dyn_loss   : 0.02995, dyn_sta_loss   : 3.10353, tot_dyn_loss   : 0.15289, sta_sta_loss   : 0.13266, 
epoch  72 summary: dyn_dyn_loss   : 0.02995, dyn_sta_loss   : 3.09428, tot_dyn_loss   : 0.15252, sta_sta_loss   : 0.13266, 
epoch  73 summary: dyn_dyn_loss   : 0.02997, dyn_sta_loss   : 3.10487, tot_dyn_loss   : 0.15297, sta_sta_loss   : 0.13266, 
epoch  74 summary: dyn_dyn_loss   : 0.02986, dyn_sta_loss   : 3.10713, tot_dyn_loss   : 0.15295, sta_sta_loss   : 0.13266, 
epoch  75 summary: dyn_dyn_loss   : 0.03068, dyn_sta_loss   : 3.10364, tot_dyn_loss   : 0.15360, sta_sta_loss   : 0.13266, 
epoch  76 summary: dyn_dyn_loss   : 0.03014, dyn_sta_loss   : 3.10602, tot_dyn_loss   : 0.15318, sta_sta_loss   : 0.13266, 
epoch  77 summary: dyn_dyn_loss   : 0.03010, dyn_sta_loss   : 3.10145, tot_dyn_loss   : 0.15295, sta_sta_loss   : 0.13266, 
epoch  78 summary: dyn_dyn_loss   : 0.03000, dyn_sta_loss   : 3.10159, tot_dyn_loss   : 0.15287, sta_sta_loss   : 0.13266, 
epoch  79 summary: dyn_dyn_loss   : 0.02999, dyn_sta_loss   : 3.09775, tot_dyn_loss   : 0.15270, sta_sta_loss   : 0.13266, 
epoch  80 summary: dyn_dyn_loss   : 0.02978, dyn_sta_loss   : 3.12563, tot_dyn_loss   : 0.15361, sta_sta_loss   : 0.13266, 
train loss: 0.084313, train acc: 0.9839
epoch  81 summary: dyn_dyn_loss   : 0.02964, dyn_sta_loss   : 3.12227, tot_dyn_loss   : 0.15334, sta_sta_loss   : 0.13266, 
epoch  82 summary: dyn_dyn_loss   : 0.02972, dyn_sta_loss   : 3.11011, tot_dyn_loss   : 0.15293, sta_sta_loss   : 0.13266, 
epoch  83 summary: dyn_dyn_loss   : 0.02976, dyn_sta_loss   : 3.10943, tot_dyn_loss   : 0.15295, sta_sta_loss   : 0.13266, 
epoch  84 summary: dyn_dyn_loss   : 0.02975, dyn_sta_loss   : 3.10394, tot_dyn_loss   : 0.15272, sta_sta_loss   : 0.13266, 
epoch  85 summary: dyn_dyn_loss   : 0.02984, dyn_sta_loss   : 3.09530, tot_dyn_loss   : 0.15246, sta_sta_loss   : 0.13266, 
epoch  86 summary: dyn_dyn_loss   : 0.02988, dyn_sta_loss   : 3.10342, tot_dyn_loss   : 0.15282, sta_sta_loss   : 0.13266, 
epoch  87 summary: dyn_dyn_loss   : 0.02982, dyn_sta_loss   : 3.10448, tot_dyn_loss   : 0.15280, sta_sta_loss   : 0.13266, 
epoch  88 summary: dyn_dyn_loss   : 0.02986, dyn_sta_loss   : 3.10264, tot_dyn_loss   : 0.15277, sta_sta_loss   : 0.13266, 
epoch  89 summary: dyn_dyn_loss   : 0.02977, dyn_sta_loss   : 3.10065, tot_dyn_loss   : 0.15261, sta_sta_loss   : 0.13266, 
epoch  90 summary: dyn_dyn_loss   : 0.02965, dyn_sta_loss   : 3.11626, tot_dyn_loss   : 0.15312, sta_sta_loss   : 0.13266, 
train loss: 0.084577, train acc: 0.9800
epoch  91 summary: dyn_dyn_loss   : 0.02961, dyn_sta_loss   : 3.10823, tot_dyn_loss   : 0.15275, sta_sta_loss   : 0.13266, 
epoch  92 summary: dyn_dyn_loss   : 0.02973, dyn_sta_loss   : 3.10104, tot_dyn_loss   : 0.15258, sta_sta_loss   : 0.13266, 
epoch  93 summary: dyn_dyn_loss   : 0.02981, dyn_sta_loss   : 3.10606, tot_dyn_loss   : 0.15286, sta_sta_loss   : 0.13266, 
epoch  94 summary: dyn_dyn_loss   : 0.02980, dyn_sta_loss   : 3.10044, tot_dyn_loss   : 0.15262, sta_sta_loss   : 0.13266, 
epoch  95 summary: dyn_dyn_loss   : 0.02982, dyn_sta_loss   : 3.10530, tot_dyn_loss   : 0.15284, sta_sta_loss   : 0.13266, 
epoch  96 summary: dyn_dyn_loss   : 0.02978, dyn_sta_loss   : 3.09772, tot_dyn_loss   : 0.15250, sta_sta_loss   : 0.13266, 
epoch  97 summary: dyn_dyn_loss   : 0.02987, dyn_sta_loss   : 3.10453, tot_dyn_loss   : 0.15286, sta_sta_loss   : 0.13266, 
epoch  98 summary: dyn_dyn_loss   : 0.02980, dyn_sta_loss   : 3.10305, tot_dyn_loss   : 0.15273, sta_sta_loss   : 0.13266, 
epoch  99 summary: dyn_dyn_loss   : 0.02976, dyn_sta_loss   : 3.09756, tot_dyn_loss   : 0.15247, sta_sta_loss   : 0.13266, 
train loss: 0.069075, train acc: 0.9893
all                          19217.709ms
all_epoch                    18571.240ms
all_preparation                646.454ms
all_preparation_2              645.732ms
all_preparation_3                0.702ms
epoch                          106.116ms
epoch_pos_train                  0.321ms
epoch_preparation                1.787ms
epoch_train                    102.970ms
epoch_valid                      0.805ms
----------------------------------------
all                          19217.709ms
  all_epoch             96.64%
  all_preparation        3.36%
all_preparation                646.454ms
  all_preparation_2     99.89%
  all_preparation_3      0.11%
epoch                        10611.624ms
  epoch_train           97.03%
  epoch_preparation      1.68%
  epoch_valid            0.76%
  epoch_pos_train        0.30%
epoch   0 summary: tot_dyn_loss   : 0.10119, 
valid loss: 3.779445, valid acc: 0.1719
epoch   1 summary: tot_dyn_loss   : 0.07610, 
epoch   2 summary: tot_dyn_loss   : 0.05938, 
epoch   3 summary: tot_dyn_loss   : 0.04873, 
epoch   4 summary: tot_dyn_loss   : 0.04081, 
epoch   5 summary: tot_dyn_loss   : 0.03459, 
epoch   6 summary: tot_dyn_loss   : 0.03062, 
epoch   7 summary: tot_dyn_loss   : 0.02744, 
epoch   8 summary: tot_dyn_loss   : 0.02530, 
epoch   9 summary: tot_dyn_loss   : 0.02378, 
epoch  10 summary: tot_dyn_loss   : 0.02270, 
valid loss: 2.389517, valid acc: 0.4824
epoch  11 summary: tot_dyn_loss   : 0.02178, 
epoch  12 summary: tot_dyn_loss   : 0.02097, 
epoch  13 summary: tot_dyn_loss   : 0.02047, 
epoch  14 summary: tot_dyn_loss   : 0.02005, 
epoch  15 summary: tot_dyn_loss   : 0.01964, 
epoch  16 summary: tot_dyn_loss   : 0.01937, 
epoch  17 summary: tot_dyn_loss   : 0.01917, 
epoch  18 summary: tot_dyn_loss   : 0.01894, 
epoch  19 summary: tot_dyn_loss   : 0.01882, 
epoch  20 summary: tot_dyn_loss   : 0.01871, 
valid loss: 2.417424, valid acc: 0.4902
epoch  21 summary: tot_dyn_loss   : 0.01861, 
epoch  22 summary: tot_dyn_loss   : 0.01854, 
epoch  23 summary: tot_dyn_loss   : 0.01847, 
epoch  24 summary: tot_dyn_loss   : 0.01842, 
epoch  25 summary: tot_dyn_loss   : 0.02026, 
epoch  26 summary: tot_dyn_loss   : 0.01989, 
epoch  27 summary: tot_dyn_loss   : 0.01960, 
epoch  28 summary: tot_dyn_loss   : 0.01937, 
epoch  29 summary: tot_dyn_loss   : 0.01919, 
epoch  30 summary: tot_dyn_loss   : 0.01903, 
valid loss: 2.396478, valid acc: 0.4844
epoch  31 summary: tot_dyn_loss   : 0.01892, 
epoch  32 summary: tot_dyn_loss   : 0.01882, 
epoch  33 summary: tot_dyn_loss   : 0.01874, 
epoch  34 summary: tot_dyn_loss   : 0.01868, 
epoch  35 summary: tot_dyn_loss   : 0.01862, 
epoch  36 summary: tot_dyn_loss   : 0.01858, 
epoch  37 summary: tot_dyn_loss   : 0.01854, 
epoch  38 summary: tot_dyn_loss   : 0.01850, 
epoch  39 summary: tot_dyn_loss   : 0.01847, 
epoch  40 summary: tot_dyn_loss   : 0.01844, 
valid loss: 2.363937, valid acc: 0.4805
epoch  41 summary: tot_dyn_loss   : 0.01841, 
epoch  42 summary: tot_dyn_loss   : 0.01840, 
epoch  43 summary: tot_dyn_loss   : 0.01838, 
epoch  44 summary: tot_dyn_loss   : 0.01837, 
epoch  45 summary: tot_dyn_loss   : 0.01836, 
epoch  46 summary: tot_dyn_loss   : 0.01835, 
epoch  47 summary: tot_dyn_loss   : 0.01834, 
epoch  48 summary: tot_dyn_loss   : 0.01833, 
epoch  49 summary: tot_dyn_loss   : 0.01832, 
epoch  50 summary: tot_dyn_loss   : 0.01957, 
valid loss: 2.372453, valid acc: 0.4863
epoch  51 summary: tot_dyn_loss   : 0.01928, 
epoch  52 summary: tot_dyn_loss   : 0.01907, 
epoch  53 summary: tot_dyn_loss   : 0.01888, 
epoch  54 summary: tot_dyn_loss   : 0.01873, 
epoch  55 summary: tot_dyn_loss   : 0.01861, 
epoch  56 summary: tot_dyn_loss   : 0.01851, 
epoch  57 summary: tot_dyn_loss   : 0.01843, 
epoch  58 summary: tot_dyn_loss   : 0.01836, 
epoch  59 summary: tot_dyn_loss   : 0.01830, 
epoch  60 summary: tot_dyn_loss   : 0.01826, 
valid loss: 2.402997, valid acc: 0.4902
epoch  61 summary: tot_dyn_loss   : 0.01823, 
epoch  62 summary: tot_dyn_loss   : 0.01821, 
epoch  63 summary: tot_dyn_loss   : 0.01819, 
epoch  64 summary: tot_dyn_loss   : 0.01816, 
epoch  65 summary: tot_dyn_loss   : 0.01814, 
epoch  66 summary: tot_dyn_loss   : 0.01813, 
epoch  67 summary: tot_dyn_loss   : 0.01811, 
epoch  68 summary: tot_dyn_loss   : 0.01810, 
epoch  69 summary: tot_dyn_loss   : 0.01809, 
epoch  70 summary: tot_dyn_loss   : 0.01808, 
valid loss: 2.405989, valid acc: 0.4922
epoch  71 summary: tot_dyn_loss   : 0.01807, 
epoch  72 summary: tot_dyn_loss   : 0.01806, 
epoch  73 summary: tot_dyn_loss   : 0.01805, 
epoch  74 summary: tot_dyn_loss   : 0.01804, 
epoch  75 summary: tot_dyn_loss   : 0.01943, 
epoch  76 summary: tot_dyn_loss   : 0.01916, 
epoch  77 summary: tot_dyn_loss   : 0.01895, 
epoch  78 summary: tot_dyn_loss   : 0.01878, 
epoch  79 summary: tot_dyn_loss   : 0.01866, 
epoch  80 summary: tot_dyn_loss   : 0.01853, 
valid loss: 2.343888, valid acc: 0.4844
epoch  81 summary: tot_dyn_loss   : 0.01843, 
epoch  82 summary: tot_dyn_loss   : 0.01836, 
epoch  83 summary: tot_dyn_loss   : 0.01830, 
epoch  84 summary: tot_dyn_loss   : 0.01826, 
epoch  85 summary: tot_dyn_loss   : 0.01821, 
epoch  86 summary: tot_dyn_loss   : 0.01817, 
epoch  87 summary: tot_dyn_loss   : 0.01815, 
epoch  88 summary: tot_dyn_loss   : 0.01812, 
epoch  89 summary: tot_dyn_loss   : 0.01810, 
epoch  90 summary: tot_dyn_loss   : 0.01808, 
valid loss: 2.366777, valid acc: 0.4785
epoch  91 summary: tot_dyn_loss   : 0.01806, 
epoch  92 summary: tot_dyn_loss   : 0.01805, 
epoch  93 summary: tot_dyn_loss   : 0.01804, 
epoch  94 summary: tot_dyn_loss   : 0.01803, 
epoch  95 summary: tot_dyn_loss   : 0.01802, 
epoch  96 summary: tot_dyn_loss   : 0.01802, 
epoch  97 summary: tot_dyn_loss   : 0.01801, 
epoch  98 summary: tot_dyn_loss   : 0.01801, 
epoch  99 summary: tot_dyn_loss   : 0.01800, 
valid loss: 2.360378, valid acc: 0.4824
all                           8534.606ms
all_epoch                     8532.079ms
all_preparation                  2.513ms
all_preparation_2                1.821ms
all_preparation_3                0.686ms
epoch                           35.480ms
epoch_pos_train                  0.433ms
epoch_preparation                0.129ms
epoch_train                     34.675ms
epoch_valid                      0.139ms
----------------------------------------
all                           8534.606ms
  all_epoch             99.97%
  all_preparation        0.03%
all_preparation                  2.513ms
  all_preparation_2     72.46%
  all_preparation_3     27.29%
epoch                         3548.006ms
  epoch_train           97.73%
  epoch_pos_train        1.22%
  epoch_valid            0.39%
  epoch_preparation      0.36%
