Before CTE Training: train eu loss: 0.977757453918457, eval eu loss: 1.4130948781967163
Before CTE Training: train eu acc: 0.6748046875, eval eu acc: 0.595703125
epoch   0 summary: dyn_dyn_loss   : 0.11289, dyn_sta_loss   : 3.98553, tot_dyn_loss   : 0.42270, sta_sta_loss   : 0.13266, 
train loss: 0.740400, train acc: 0.8342
epoch   1 summary: dyn_dyn_loss   : 0.09847, dyn_sta_loss   : 3.43604, tot_dyn_loss   : 0.36547, sta_sta_loss   : 0.13266, 
epoch   2 summary: dyn_dyn_loss   : 0.09740, dyn_sta_loss   : 3.05621, tot_dyn_loss   : 0.33411, sta_sta_loss   : 0.13266, 
epoch   3 summary: dyn_dyn_loss   : 0.10511, dyn_sta_loss   : 2.87593, tot_dyn_loss   : 0.32677, sta_sta_loss   : 0.13266, 
epoch   4 summary: dyn_dyn_loss   : 0.10026, dyn_sta_loss   : 2.85553, tot_dyn_loss   : 0.32069, sta_sta_loss   : 0.13266, 
epoch   5 summary: dyn_dyn_loss   : 0.09686, dyn_sta_loss   : 2.85569, tot_dyn_loss   : 0.31756, sta_sta_loss   : 0.13266, 
epoch   6 summary: dyn_dyn_loss   : 0.09040, dyn_sta_loss   : 2.85997, tot_dyn_loss   : 0.31197, sta_sta_loss   : 0.13266, 
epoch   7 summary: dyn_dyn_loss   : 0.08880, dyn_sta_loss   : 2.86138, tot_dyn_loss   : 0.31060, sta_sta_loss   : 0.13266, 
epoch   8 summary: dyn_dyn_loss   : 0.08239, dyn_sta_loss   : 2.88343, tot_dyn_loss   : 0.30647, sta_sta_loss   : 0.13266, 
epoch   9 summary: dyn_dyn_loss   : 0.08164, dyn_sta_loss   : 2.86999, tot_dyn_loss   : 0.30471, sta_sta_loss   : 0.13266, 
epoch  10 summary: dyn_dyn_loss   : 0.07962, dyn_sta_loss   : 2.86820, tot_dyn_loss   : 0.30270, sta_sta_loss   : 0.13266, 
train loss: 0.048121, train acc: 0.9895
epoch  11 summary: dyn_dyn_loss   : 0.07854, dyn_sta_loss   : 2.86030, tot_dyn_loss   : 0.30108, sta_sta_loss   : 0.13266, 
epoch  12 summary: dyn_dyn_loss   : 0.07736, dyn_sta_loss   : 2.86988, tot_dyn_loss   : 0.30076, sta_sta_loss   : 0.13266, 
epoch  13 summary: dyn_dyn_loss   : 0.07734, dyn_sta_loss   : 2.86458, tot_dyn_loss   : 0.30032, sta_sta_loss   : 0.13266, 
epoch  14 summary: dyn_dyn_loss   : 0.07741, dyn_sta_loss   : 2.86111, tot_dyn_loss   : 0.30010, sta_sta_loss   : 0.13266, 
epoch  15 summary: dyn_dyn_loss   : 0.07679, dyn_sta_loss   : 2.86545, tot_dyn_loss   : 0.29988, sta_sta_loss   : 0.13266, 
epoch  16 summary: dyn_dyn_loss   : 0.07699, dyn_sta_loss   : 2.85590, tot_dyn_loss   : 0.29931, sta_sta_loss   : 0.13266, 
epoch  17 summary: dyn_dyn_loss   : 0.07662, dyn_sta_loss   : 2.86256, tot_dyn_loss   : 0.29949, sta_sta_loss   : 0.13266, 
epoch  18 summary: dyn_dyn_loss   : 0.07656, dyn_sta_loss   : 2.86332, tot_dyn_loss   : 0.29950, sta_sta_loss   : 0.13266, 
epoch  19 summary: dyn_dyn_loss   : 0.07656, dyn_sta_loss   : 2.86003, tot_dyn_loss   : 0.29924, sta_sta_loss   : 0.13266, 
epoch  20 summary: dyn_dyn_loss   : 0.07590, dyn_sta_loss   : 2.86220, tot_dyn_loss   : 0.29881, sta_sta_loss   : 0.13266, 
train loss: 0.024091, train acc: 0.9934
epoch  21 summary: dyn_dyn_loss   : 0.07640, dyn_sta_loss   : 2.85641, tot_dyn_loss   : 0.29880, sta_sta_loss   : 0.13266, 
epoch  22 summary: dyn_dyn_loss   : 0.07574, dyn_sta_loss   : 2.86330, tot_dyn_loss   : 0.29874, sta_sta_loss   : 0.13266, 
epoch  23 summary: dyn_dyn_loss   : 0.07592, dyn_sta_loss   : 2.86636, tot_dyn_loss   : 0.29916, sta_sta_loss   : 0.13266, 
epoch  24 summary: dyn_dyn_loss   : 0.07535, dyn_sta_loss   : 2.86674, tot_dyn_loss   : 0.29866, sta_sta_loss   : 0.13266, 
epoch  25 summary: dyn_dyn_loss   : 0.07845, dyn_sta_loss   : 2.86478, tot_dyn_loss   : 0.30135, sta_sta_loss   : 0.13266, 
epoch  26 summary: dyn_dyn_loss   : 0.07467, dyn_sta_loss   : 2.88576, tot_dyn_loss   : 0.29956, sta_sta_loss   : 0.13266, 
epoch  27 summary: dyn_dyn_loss   : 0.07616, dyn_sta_loss   : 2.87025, tot_dyn_loss   : 0.29969, sta_sta_loss   : 0.13266, 
epoch  28 summary: dyn_dyn_loss   : 0.07418, dyn_sta_loss   : 2.88159, tot_dyn_loss   : 0.29878, sta_sta_loss   : 0.13266, 
epoch  29 summary: dyn_dyn_loss   : 0.07540, dyn_sta_loss   : 2.86933, tot_dyn_loss   : 0.29891, sta_sta_loss   : 0.13266, 
epoch  30 summary: dyn_dyn_loss   : 0.07444, dyn_sta_loss   : 2.87334, tot_dyn_loss   : 0.29835, sta_sta_loss   : 0.13266, 
train loss: 0.041944, train acc: 0.9900
epoch  31 summary: dyn_dyn_loss   : 0.07510, dyn_sta_loss   : 2.87029, tot_dyn_loss   : 0.29872, sta_sta_loss   : 0.13266, 
epoch  32 summary: dyn_dyn_loss   : 0.07431, dyn_sta_loss   : 2.88313, tot_dyn_loss   : 0.29902, sta_sta_loss   : 0.13266, 
epoch  33 summary: dyn_dyn_loss   : 0.07441, dyn_sta_loss   : 2.86888, tot_dyn_loss   : 0.29797, sta_sta_loss   : 0.13266, 
epoch  34 summary: dyn_dyn_loss   : 0.07416, dyn_sta_loss   : 2.87329, tot_dyn_loss   : 0.29809, sta_sta_loss   : 0.13266, 
epoch  35 summary: dyn_dyn_loss   : 0.07371, dyn_sta_loss   : 2.87160, tot_dyn_loss   : 0.29754, sta_sta_loss   : 0.13266, 
epoch  36 summary: dyn_dyn_loss   : 0.07374, dyn_sta_loss   : 2.87948, tot_dyn_loss   : 0.29820, sta_sta_loss   : 0.13266, 
epoch  37 summary: dyn_dyn_loss   : 0.07409, dyn_sta_loss   : 2.87463, tot_dyn_loss   : 0.29813, sta_sta_loss   : 0.13266, 
epoch  38 summary: dyn_dyn_loss   : 0.07373, dyn_sta_loss   : 2.88010, tot_dyn_loss   : 0.29824, sta_sta_loss   : 0.13266, 
epoch  39 summary: dyn_dyn_loss   : 0.07401, dyn_sta_loss   : 2.87423, tot_dyn_loss   : 0.29803, sta_sta_loss   : 0.13266, 
epoch  40 summary: dyn_dyn_loss   : 0.07344, dyn_sta_loss   : 2.87603, tot_dyn_loss   : 0.29765, sta_sta_loss   : 0.13266, 
train loss: 0.050011, train acc: 0.9839
epoch  41 summary: dyn_dyn_loss   : 0.07340, dyn_sta_loss   : 2.86735, tot_dyn_loss   : 0.29691, sta_sta_loss   : 0.13266, 
epoch  42 summary: dyn_dyn_loss   : 0.07316, dyn_sta_loss   : 2.87815, tot_dyn_loss   : 0.29756, sta_sta_loss   : 0.13266, 
epoch  43 summary: dyn_dyn_loss   : 0.07352, dyn_sta_loss   : 2.87753, tot_dyn_loss   : 0.29784, sta_sta_loss   : 0.13266, 
epoch  44 summary: dyn_dyn_loss   : 0.07341, dyn_sta_loss   : 2.87571, tot_dyn_loss   : 0.29760, sta_sta_loss   : 0.13266, 
epoch  45 summary: dyn_dyn_loss   : 0.07349, dyn_sta_loss   : 2.87317, tot_dyn_loss   : 0.29747, sta_sta_loss   : 0.13266, 
epoch  46 summary: dyn_dyn_loss   : 0.07342, dyn_sta_loss   : 2.87725, tot_dyn_loss   : 0.29773, sta_sta_loss   : 0.13266, 
epoch  47 summary: dyn_dyn_loss   : 0.07340, dyn_sta_loss   : 2.87501, tot_dyn_loss   : 0.29753, sta_sta_loss   : 0.13266, 
epoch  48 summary: dyn_dyn_loss   : 0.07377, dyn_sta_loss   : 2.87468, tot_dyn_loss   : 0.29784, sta_sta_loss   : 0.13266, 
epoch  49 summary: dyn_dyn_loss   : 0.07326, dyn_sta_loss   : 2.88009, tot_dyn_loss   : 0.29781, sta_sta_loss   : 0.13266, 
epoch  50 summary: dyn_dyn_loss   : 0.07488, dyn_sta_loss   : 2.87691, tot_dyn_loss   : 0.29904, sta_sta_loss   : 0.13266, 
train loss: 0.039474, train acc: 0.9895
epoch  51 summary: dyn_dyn_loss   : 0.07261, dyn_sta_loss   : 2.88508, tot_dyn_loss   : 0.29761, sta_sta_loss   : 0.13266, 
epoch  52 summary: dyn_dyn_loss   : 0.07351, dyn_sta_loss   : 2.88224, tot_dyn_loss   : 0.29821, sta_sta_loss   : 0.13266, 
epoch  53 summary: dyn_dyn_loss   : 0.07285, dyn_sta_loss   : 2.88508, tot_dyn_loss   : 0.29782, sta_sta_loss   : 0.13266, 
epoch  54 summary: dyn_dyn_loss   : 0.07329, dyn_sta_loss   : 2.88036, tot_dyn_loss   : 0.29786, sta_sta_loss   : 0.13266, 
epoch  55 summary: dyn_dyn_loss   : 0.07305, dyn_sta_loss   : 2.87695, tot_dyn_loss   : 0.29737, sta_sta_loss   : 0.13266, 
epoch  56 summary: dyn_dyn_loss   : 0.07284, dyn_sta_loss   : 2.87860, tot_dyn_loss   : 0.29730, sta_sta_loss   : 0.13266, 
epoch  57 summary: dyn_dyn_loss   : 0.07317, dyn_sta_loss   : 2.88411, tot_dyn_loss   : 0.29805, sta_sta_loss   : 0.13266, 
epoch  58 summary: dyn_dyn_loss   : 0.07317, dyn_sta_loss   : 2.87837, tot_dyn_loss   : 0.29758, sta_sta_loss   : 0.13266, 
epoch  59 summary: dyn_dyn_loss   : 0.07296, dyn_sta_loss   : 2.87150, tot_dyn_loss   : 0.29685, sta_sta_loss   : 0.13266, 
epoch  60 summary: dyn_dyn_loss   : 0.07251, dyn_sta_loss   : 2.88772, tot_dyn_loss   : 0.29773, sta_sta_loss   : 0.13266, 
train loss: 0.041553, train acc: 0.9902
epoch  61 summary: dyn_dyn_loss   : 0.07280, dyn_sta_loss   : 2.87532, tot_dyn_loss   : 0.29700, sta_sta_loss   : 0.13266, 
epoch  62 summary: dyn_dyn_loss   : 0.07285, dyn_sta_loss   : 2.87613, tot_dyn_loss   : 0.29712, sta_sta_loss   : 0.13266, 
epoch  63 summary: dyn_dyn_loss   : 0.07249, dyn_sta_loss   : 2.88236, tot_dyn_loss   : 0.29728, sta_sta_loss   : 0.13266, 
epoch  64 summary: dyn_dyn_loss   : 0.07276, dyn_sta_loss   : 2.87149, tot_dyn_loss   : 0.29666, sta_sta_loss   : 0.13266, 
epoch  65 summary: dyn_dyn_loss   : 0.07277, dyn_sta_loss   : 2.87558, tot_dyn_loss   : 0.29699, sta_sta_loss   : 0.13266, 
epoch  66 summary: dyn_dyn_loss   : 0.07232, dyn_sta_loss   : 2.88399, tot_dyn_loss   : 0.29725, sta_sta_loss   : 0.13266, 
epoch  67 summary: dyn_dyn_loss   : 0.07236, dyn_sta_loss   : 2.88182, tot_dyn_loss   : 0.29712, sta_sta_loss   : 0.13266, 
epoch  68 summary: dyn_dyn_loss   : 0.07269, dyn_sta_loss   : 2.88233, tot_dyn_loss   : 0.29746, sta_sta_loss   : 0.13266, 
epoch  69 summary: dyn_dyn_loss   : 0.07222, dyn_sta_loss   : 2.87501, tot_dyn_loss   : 0.29644, sta_sta_loss   : 0.13266, 
epoch  70 summary: dyn_dyn_loss   : 0.07296, dyn_sta_loss   : 2.88102, tot_dyn_loss   : 0.29761, sta_sta_loss   : 0.13266, 
train loss: 0.042346, train acc: 0.9890
epoch  71 summary: dyn_dyn_loss   : 0.07206, dyn_sta_loss   : 2.88791, tot_dyn_loss   : 0.29733, sta_sta_loss   : 0.13266, 
epoch  72 summary: dyn_dyn_loss   : 0.07281, dyn_sta_loss   : 2.87654, tot_dyn_loss   : 0.29711, sta_sta_loss   : 0.13266, 
epoch  73 summary: dyn_dyn_loss   : 0.07255, dyn_sta_loss   : 2.87833, tot_dyn_loss   : 0.29701, sta_sta_loss   : 0.13266, 
epoch  74 summary: dyn_dyn_loss   : 0.07305, dyn_sta_loss   : 2.87057, tot_dyn_loss   : 0.29685, sta_sta_loss   : 0.13266, 
epoch  75 summary: dyn_dyn_loss   : 0.07317, dyn_sta_loss   : 2.87887, tot_dyn_loss   : 0.29763, sta_sta_loss   : 0.13266, 
epoch  76 summary: dyn_dyn_loss   : 0.07250, dyn_sta_loss   : 2.88113, tot_dyn_loss   : 0.29719, sta_sta_loss   : 0.13266, 
epoch  77 summary: dyn_dyn_loss   : 0.07256, dyn_sta_loss   : 2.89211, tot_dyn_loss   : 0.29812, sta_sta_loss   : 0.13266, 
epoch  78 summary: dyn_dyn_loss   : 0.07239, dyn_sta_loss   : 2.88441, tot_dyn_loss   : 0.29735, sta_sta_loss   : 0.13266, 
epoch  79 summary: dyn_dyn_loss   : 0.07269, dyn_sta_loss   : 2.87060, tot_dyn_loss   : 0.29652, sta_sta_loss   : 0.13266, 
epoch  80 summary: dyn_dyn_loss   : 0.07231, dyn_sta_loss   : 2.88143, tot_dyn_loss   : 0.29704, sta_sta_loss   : 0.13266, 
train loss: 0.041158, train acc: 0.9868
epoch  81 summary: dyn_dyn_loss   : 0.07178, dyn_sta_loss   : 2.88898, tot_dyn_loss   : 0.29715, sta_sta_loss   : 0.13266, 
epoch  82 summary: dyn_dyn_loss   : 0.07193, dyn_sta_loss   : 2.87116, tot_dyn_loss   : 0.29587, sta_sta_loss   : 0.13266, 
epoch  83 summary: dyn_dyn_loss   : 0.07207, dyn_sta_loss   : 2.88108, tot_dyn_loss   : 0.29679, sta_sta_loss   : 0.13266, 
epoch  84 summary: dyn_dyn_loss   : 0.07126, dyn_sta_loss   : 2.88607, tot_dyn_loss   : 0.29644, sta_sta_loss   : 0.13266, 
epoch  85 summary: dyn_dyn_loss   : 0.07235, dyn_sta_loss   : 2.88957, tot_dyn_loss   : 0.29773, sta_sta_loss   : 0.13266, 
epoch  86 summary: dyn_dyn_loss   : 0.07153, dyn_sta_loss   : 2.88658, tot_dyn_loss   : 0.29674, sta_sta_loss   : 0.13266, 
epoch  87 summary: dyn_dyn_loss   : 0.07236, dyn_sta_loss   : 2.88489, tot_dyn_loss   : 0.29736, sta_sta_loss   : 0.13266, 
epoch  88 summary: dyn_dyn_loss   : 0.07175, dyn_sta_loss   : 2.88503, tot_dyn_loss   : 0.29681, sta_sta_loss   : 0.13266, 
epoch  89 summary: dyn_dyn_loss   : 0.07223, dyn_sta_loss   : 2.88175, tot_dyn_loss   : 0.29699, sta_sta_loss   : 0.13266, 
epoch  90 summary: dyn_dyn_loss   : 0.07157, dyn_sta_loss   : 2.89166, tot_dyn_loss   : 0.29718, sta_sta_loss   : 0.13266, 
train loss: 0.041439, train acc: 0.9905
epoch  91 summary: dyn_dyn_loss   : 0.07174, dyn_sta_loss   : 2.88415, tot_dyn_loss   : 0.29674, sta_sta_loss   : 0.13266, 
epoch  92 summary: dyn_dyn_loss   : 0.07194, dyn_sta_loss   : 2.87847, tot_dyn_loss   : 0.29646, sta_sta_loss   : 0.13266, 
epoch  93 summary: dyn_dyn_loss   : 0.07114, dyn_sta_loss   : 2.88698, tot_dyn_loss   : 0.29640, sta_sta_loss   : 0.13266, 
epoch  94 summary: dyn_dyn_loss   : 0.07160, dyn_sta_loss   : 2.87740, tot_dyn_loss   : 0.29607, sta_sta_loss   : 0.13266, 
epoch  95 summary: dyn_dyn_loss   : 0.07095, dyn_sta_loss   : 2.88496, tot_dyn_loss   : 0.29607, sta_sta_loss   : 0.13266, 
epoch  96 summary: dyn_dyn_loss   : 0.07220, dyn_sta_loss   : 2.88561, tot_dyn_loss   : 0.29727, sta_sta_loss   : 0.13266, 
epoch  97 summary: dyn_dyn_loss   : 0.07142, dyn_sta_loss   : 2.88513, tot_dyn_loss   : 0.29651, sta_sta_loss   : 0.13266, 
epoch  98 summary: dyn_dyn_loss   : 0.07170, dyn_sta_loss   : 2.88342, tot_dyn_loss   : 0.29664, sta_sta_loss   : 0.13266, 
epoch  99 summary: dyn_dyn_loss   : 0.07193, dyn_sta_loss   : 2.87334, tot_dyn_loss   : 0.29605, sta_sta_loss   : 0.13266, 
train loss: 0.038964, train acc: 0.9915
all                          23260.283ms
all_epoch                    21722.566ms
all_preparation               1537.703ms
all_preparation_2             1537.301ms
all_preparation_3                0.385ms
epoch                          130.524ms
epoch_pos_train                  0.317ms
epoch_preparation                1.755ms
epoch_train                    127.236ms
epoch_valid                      1.012ms
----------------------------------------
all                          23260.283ms
  all_epoch             93.39%
  all_preparation        6.61%
all_preparation               1537.703ms
  all_preparation_2     99.97%
  all_preparation_3      0.03%
epoch                        13052.427ms
  epoch_train           97.48%
  epoch_preparation      1.34%
  epoch_valid            0.78%
  epoch_pos_train        0.24%
epoch   0 summary: tot_dyn_loss   : 0.09420, 
valid loss: 3.457067, valid acc: 0.3301
epoch   1 summary: tot_dyn_loss   : 0.06229, 
epoch   2 summary: tot_dyn_loss   : 0.05014, 
epoch   3 summary: tot_dyn_loss   : 0.04397, 
epoch   4 summary: tot_dyn_loss   : 0.04139, 
epoch   5 summary: tot_dyn_loss   : 0.04010, 
epoch   6 summary: tot_dyn_loss   : 0.03945, 
epoch   7 summary: tot_dyn_loss   : 0.03906, 
epoch   8 summary: tot_dyn_loss   : 0.03888, 
epoch   9 summary: tot_dyn_loss   : 0.03877, 
epoch  10 summary: tot_dyn_loss   : 0.03870, 
valid loss: 2.988214, valid acc: 0.3867
epoch  11 summary: tot_dyn_loss   : 0.03865, 
epoch  12 summary: tot_dyn_loss   : 0.03861, 
epoch  13 summary: tot_dyn_loss   : 0.03859, 
epoch  14 summary: tot_dyn_loss   : 0.03856, 
epoch  15 summary: tot_dyn_loss   : 0.03854, 
epoch  16 summary: tot_dyn_loss   : 0.03853, 
epoch  17 summary: tot_dyn_loss   : 0.03852, 
epoch  18 summary: tot_dyn_loss   : 0.03851, 
epoch  19 summary: tot_dyn_loss   : 0.03851, 
epoch  20 summary: tot_dyn_loss   : 0.03851, 
valid loss: 2.971861, valid acc: 0.3945
epoch  21 summary: tot_dyn_loss   : 0.03850, 
epoch  22 summary: tot_dyn_loss   : 0.03849, 
epoch  23 summary: tot_dyn_loss   : 0.03849, 
epoch  24 summary: tot_dyn_loss   : 0.03849, 
epoch  25 summary: tot_dyn_loss   : 0.04083, 
epoch  26 summary: tot_dyn_loss   : 0.03985, 
epoch  27 summary: tot_dyn_loss   : 0.03930, 
epoch  28 summary: tot_dyn_loss   : 0.03893, 
epoch  29 summary: tot_dyn_loss   : 0.03871, 
epoch  30 summary: tot_dyn_loss   : 0.03857, 
valid loss: 2.915561, valid acc: 0.4004
epoch  31 summary: tot_dyn_loss   : 0.03850, 
epoch  32 summary: tot_dyn_loss   : 0.03846, 
epoch  33 summary: tot_dyn_loss   : 0.03842, 
epoch  34 summary: tot_dyn_loss   : 0.03839, 
epoch  35 summary: tot_dyn_loss   : 0.03837, 
epoch  36 summary: tot_dyn_loss   : 0.03836, 
epoch  37 summary: tot_dyn_loss   : 0.03835, 
epoch  38 summary: tot_dyn_loss   : 0.03835, 
epoch  39 summary: tot_dyn_loss   : 0.03834, 
epoch  40 summary: tot_dyn_loss   : 0.03833, 
valid loss: 2.929332, valid acc: 0.3965
epoch  41 summary: tot_dyn_loss   : 0.03833, 
epoch  42 summary: tot_dyn_loss   : 0.03833, 
epoch  43 summary: tot_dyn_loss   : 0.03832, 
epoch  44 summary: tot_dyn_loss   : 0.03832, 
epoch  45 summary: tot_dyn_loss   : 0.03832, 
epoch  46 summary: tot_dyn_loss   : 0.03831, 
epoch  47 summary: tot_dyn_loss   : 0.03831, 
epoch  48 summary: tot_dyn_loss   : 0.03830, 
epoch  49 summary: tot_dyn_loss   : 0.03830, 
epoch  50 summary: tot_dyn_loss   : 0.04079, 
valid loss: 2.904307, valid acc: 0.4121
epoch  51 summary: tot_dyn_loss   : 0.03987, 
epoch  52 summary: tot_dyn_loss   : 0.03935, 
epoch  53 summary: tot_dyn_loss   : 0.03905, 
epoch  54 summary: tot_dyn_loss   : 0.03887, 
epoch  55 summary: tot_dyn_loss   : 0.03875, 
epoch  56 summary: tot_dyn_loss   : 0.03866, 
epoch  57 summary: tot_dyn_loss   : 0.03862, 
epoch  58 summary: tot_dyn_loss   : 0.03860, 
epoch  59 summary: tot_dyn_loss   : 0.03858, 
epoch  60 summary: tot_dyn_loss   : 0.03856, 
valid loss: 2.821389, valid acc: 0.4121
epoch  61 summary: tot_dyn_loss   : 0.03855, 
epoch  62 summary: tot_dyn_loss   : 0.03854, 
epoch  63 summary: tot_dyn_loss   : 0.03853, 
epoch  64 summary: tot_dyn_loss   : 0.03853, 
epoch  65 summary: tot_dyn_loss   : 0.03852, 
epoch  66 summary: tot_dyn_loss   : 0.03852, 
epoch  67 summary: tot_dyn_loss   : 0.03851, 
epoch  68 summary: tot_dyn_loss   : 0.03851, 
epoch  69 summary: tot_dyn_loss   : 0.03851, 
epoch  70 summary: tot_dyn_loss   : 0.03851, 
valid loss: 2.833553, valid acc: 0.4180
epoch  71 summary: tot_dyn_loss   : 0.03850, 
epoch  72 summary: tot_dyn_loss   : 0.03850, 
epoch  73 summary: tot_dyn_loss   : 0.03850, 
epoch  74 summary: tot_dyn_loss   : 0.03850, 
epoch  75 summary: tot_dyn_loss   : 0.04073, 
epoch  76 summary: tot_dyn_loss   : 0.03981, 
epoch  77 summary: tot_dyn_loss   : 0.03932, 
epoch  78 summary: tot_dyn_loss   : 0.03905, 
epoch  79 summary: tot_dyn_loss   : 0.03889, 
epoch  80 summary: tot_dyn_loss   : 0.03880, 
valid loss: 2.884585, valid acc: 0.4062
epoch  81 summary: tot_dyn_loss   : 0.03874, 
epoch  82 summary: tot_dyn_loss   : 0.03871, 
epoch  83 summary: tot_dyn_loss   : 0.03869, 
epoch  84 summary: tot_dyn_loss   : 0.03868, 
epoch  85 summary: tot_dyn_loss   : 0.03867, 
epoch  86 summary: tot_dyn_loss   : 0.03866, 
epoch  87 summary: tot_dyn_loss   : 0.03865, 
epoch  88 summary: tot_dyn_loss   : 0.03865, 
epoch  89 summary: tot_dyn_loss   : 0.03864, 
epoch  90 summary: tot_dyn_loss   : 0.03864, 
valid loss: 2.887911, valid acc: 0.4062
epoch  91 summary: tot_dyn_loss   : 0.03863, 
epoch  92 summary: tot_dyn_loss   : 0.03863, 
epoch  93 summary: tot_dyn_loss   : 0.03862, 
epoch  94 summary: tot_dyn_loss   : 0.03862, 
epoch  95 summary: tot_dyn_loss   : 0.03862, 
epoch  96 summary: tot_dyn_loss   : 0.03861, 
epoch  97 summary: tot_dyn_loss   : 0.03861, 
epoch  98 summary: tot_dyn_loss   : 0.03861, 
epoch  99 summary: tot_dyn_loss   : 0.03860, 
valid loss: 2.892320, valid acc: 0.4043
all                           7782.927ms
all_epoch                     7779.892ms
all_preparation                  3.027ms
all_preparation_2                2.382ms
all_preparation_3                0.639ms
epoch                           28.778ms
epoch_pos_train                  0.535ms
epoch_preparation                0.132ms
epoch_train                     27.884ms
epoch_valid                      0.126ms
----------------------------------------
all                           7782.927ms
  all_epoch             99.96%
  all_preparation        0.04%
all_preparation                  3.027ms
  all_preparation_2     78.68%
  all_preparation_3     21.12%
epoch                         2877.796ms
  epoch_train           96.89%
  epoch_pos_train        1.86%
  epoch_preparation      0.46%
  epoch_valid            0.44%
