Before CTE Training: train eu loss: 0.977757453918457, eval eu loss: 1.4130948781967163
Before CTE Training: train eu acc: 0.6748046875, eval eu acc: 0.595703125
epoch   0 summary: dyn_dyn_loss   : 0.10602, dyn_sta_loss   : 4.14016, tot_dyn_loss   : 0.34807, sta_sta_loss   : 0.13266, 
train loss: 2.189885, train acc: 0.5637
epoch   1 summary: dyn_dyn_loss   : 0.10285, dyn_sta_loss   : 3.88314, tot_dyn_loss   : 0.32966, sta_sta_loss   : 0.13266, 
epoch   2 summary: dyn_dyn_loss   : 0.09785, dyn_sta_loss   : 3.65861, tot_dyn_loss   : 0.31150, sta_sta_loss   : 0.13266, 
epoch   3 summary: dyn_dyn_loss   : 0.09341, dyn_sta_loss   : 3.46473, tot_dyn_loss   : 0.29569, sta_sta_loss   : 0.13266, 
epoch   4 summary: dyn_dyn_loss   : 0.09042, dyn_sta_loss   : 3.30513, tot_dyn_loss   : 0.28330, sta_sta_loss   : 0.13266, 
epoch   5 summary: dyn_dyn_loss   : 0.08858, dyn_sta_loss   : 3.17600, tot_dyn_loss   : 0.27382, sta_sta_loss   : 0.13266, 
epoch   6 summary: dyn_dyn_loss   : 0.08696, dyn_sta_loss   : 3.08239, tot_dyn_loss   : 0.26668, sta_sta_loss   : 0.13266, 
epoch   7 summary: dyn_dyn_loss   : 0.08421, dyn_sta_loss   : 3.02320, tot_dyn_loss   : 0.26055, sta_sta_loss   : 0.13266, 
epoch   8 summary: dyn_dyn_loss   : 0.08050, dyn_sta_loss   : 2.99549, tot_dyn_loss   : 0.25540, sta_sta_loss   : 0.13266, 
epoch   9 summary: dyn_dyn_loss   : 0.07672, dyn_sta_loss   : 2.98395, tot_dyn_loss   : 0.25116, sta_sta_loss   : 0.13266, 
epoch  10 summary: dyn_dyn_loss   : 0.07303, dyn_sta_loss   : 2.96712, tot_dyn_loss   : 0.24668, sta_sta_loss   : 0.13266, 
train loss: 0.030388, train acc: 0.9973
epoch  11 summary: dyn_dyn_loss   : 0.06967, dyn_sta_loss   : 2.96473, tot_dyn_loss   : 0.24337, sta_sta_loss   : 0.13266, 
epoch  12 summary: dyn_dyn_loss   : 0.06662, dyn_sta_loss   : 2.96231, tot_dyn_loss   : 0.24036, sta_sta_loss   : 0.13266, 
epoch  13 summary: dyn_dyn_loss   : 0.06393, dyn_sta_loss   : 2.95833, tot_dyn_loss   : 0.23759, sta_sta_loss   : 0.13266, 
epoch  14 summary: dyn_dyn_loss   : 0.06154, dyn_sta_loss   : 2.96459, tot_dyn_loss   : 0.23573, sta_sta_loss   : 0.13266, 
epoch  15 summary: dyn_dyn_loss   : 0.05927, dyn_sta_loss   : 2.97591, tot_dyn_loss   : 0.23427, sta_sta_loss   : 0.13266, 
epoch  16 summary: dyn_dyn_loss   : 0.05746, dyn_sta_loss   : 2.96713, tot_dyn_loss   : 0.23204, sta_sta_loss   : 0.13266, 
epoch  17 summary: dyn_dyn_loss   : 0.05609, dyn_sta_loss   : 2.96746, tot_dyn_loss   : 0.23078, sta_sta_loss   : 0.13266, 
epoch  18 summary: dyn_dyn_loss   : 0.05481, dyn_sta_loss   : 2.96268, tot_dyn_loss   : 0.22928, sta_sta_loss   : 0.13266, 
epoch  19 summary: dyn_dyn_loss   : 0.05405, dyn_sta_loss   : 2.96270, tot_dyn_loss   : 0.22857, sta_sta_loss   : 0.13266, 
epoch  20 summary: dyn_dyn_loss   : 0.05310, dyn_sta_loss   : 2.95806, tot_dyn_loss   : 0.22739, sta_sta_loss   : 0.13266, 
train loss: 0.033223, train acc: 0.9971
epoch  21 summary: dyn_dyn_loss   : 0.05227, dyn_sta_loss   : 2.96073, tot_dyn_loss   : 0.22678, sta_sta_loss   : 0.13266, 
epoch  22 summary: dyn_dyn_loss   : 0.05159, dyn_sta_loss   : 2.97337, tot_dyn_loss   : 0.22689, sta_sta_loss   : 0.13266, 
epoch  23 summary: dyn_dyn_loss   : 0.05084, dyn_sta_loss   : 2.97085, tot_dyn_loss   : 0.22604, sta_sta_loss   : 0.13266, 
epoch  24 summary: dyn_dyn_loss   : 0.05042, dyn_sta_loss   : 2.96436, tot_dyn_loss   : 0.22525, sta_sta_loss   : 0.13266, 
epoch  25 summary: dyn_dyn_loss   : 0.05353, dyn_sta_loss   : 2.96725, tot_dyn_loss   : 0.22835, sta_sta_loss   : 0.13266, 
epoch  26 summary: dyn_dyn_loss   : 0.05058, dyn_sta_loss   : 2.98470, tot_dyn_loss   : 0.22663, sta_sta_loss   : 0.13266, 
epoch  27 summary: dyn_dyn_loss   : 0.04985, dyn_sta_loss   : 2.97676, tot_dyn_loss   : 0.22547, sta_sta_loss   : 0.13266, 
epoch  28 summary: dyn_dyn_loss   : 0.04943, dyn_sta_loss   : 2.99393, tot_dyn_loss   : 0.22610, sta_sta_loss   : 0.13266, 
epoch  29 summary: dyn_dyn_loss   : 0.04870, dyn_sta_loss   : 2.98732, tot_dyn_loss   : 0.22501, sta_sta_loss   : 0.13266, 
epoch  30 summary: dyn_dyn_loss   : 0.04845, dyn_sta_loss   : 2.98184, tot_dyn_loss   : 0.22445, sta_sta_loss   : 0.13266, 
train loss: 0.030572, train acc: 0.9966
epoch  31 summary: dyn_dyn_loss   : 0.04797, dyn_sta_loss   : 2.98664, tot_dyn_loss   : 0.22429, sta_sta_loss   : 0.13266, 
epoch  32 summary: dyn_dyn_loss   : 0.04759, dyn_sta_loss   : 2.98392, tot_dyn_loss   : 0.22377, sta_sta_loss   : 0.13266, 
epoch  33 summary: dyn_dyn_loss   : 0.04736, dyn_sta_loss   : 2.98206, tot_dyn_loss   : 0.22344, sta_sta_loss   : 0.13266, 
epoch  34 summary: dyn_dyn_loss   : 0.04702, dyn_sta_loss   : 2.97874, tot_dyn_loss   : 0.22292, sta_sta_loss   : 0.13266, 
epoch  35 summary: dyn_dyn_loss   : 0.04686, dyn_sta_loss   : 2.97703, tot_dyn_loss   : 0.22267, sta_sta_loss   : 0.13266, 
epoch  36 summary: dyn_dyn_loss   : 0.04668, dyn_sta_loss   : 2.99130, tot_dyn_loss   : 0.22336, sta_sta_loss   : 0.13266, 
epoch  37 summary: dyn_dyn_loss   : 0.04632, dyn_sta_loss   : 2.98411, tot_dyn_loss   : 0.22259, sta_sta_loss   : 0.13266, 
epoch  38 summary: dyn_dyn_loss   : 0.04622, dyn_sta_loss   : 2.97763, tot_dyn_loss   : 0.22211, sta_sta_loss   : 0.13266, 
epoch  39 summary: dyn_dyn_loss   : 0.04608, dyn_sta_loss   : 2.97764, tot_dyn_loss   : 0.22198, sta_sta_loss   : 0.13266, 
epoch  40 summary: dyn_dyn_loss   : 0.04587, dyn_sta_loss   : 2.98987, tot_dyn_loss   : 0.22251, sta_sta_loss   : 0.13266, 
train loss: 0.028192, train acc: 0.9971
epoch  41 summary: dyn_dyn_loss   : 0.04567, dyn_sta_loss   : 2.97816, tot_dyn_loss   : 0.22162, sta_sta_loss   : 0.13266, 
epoch  42 summary: dyn_dyn_loss   : 0.04575, dyn_sta_loss   : 2.96979, tot_dyn_loss   : 0.22119, sta_sta_loss   : 0.13266, 
epoch  43 summary: dyn_dyn_loss   : 0.04562, dyn_sta_loss   : 2.97902, tot_dyn_loss   : 0.22162, sta_sta_loss   : 0.13266, 
epoch  44 summary: dyn_dyn_loss   : 0.04538, dyn_sta_loss   : 2.98120, tot_dyn_loss   : 0.22153, sta_sta_loss   : 0.13266, 
epoch  45 summary: dyn_dyn_loss   : 0.04526, dyn_sta_loss   : 2.99897, tot_dyn_loss   : 0.22249, sta_sta_loss   : 0.13266, 
epoch  46 summary: dyn_dyn_loss   : 0.04491, dyn_sta_loss   : 2.99420, tot_dyn_loss   : 0.22187, sta_sta_loss   : 0.13266, 
epoch  47 summary: dyn_dyn_loss   : 0.04483, dyn_sta_loss   : 2.99034, tot_dyn_loss   : 0.22156, sta_sta_loss   : 0.13266, 
epoch  48 summary: dyn_dyn_loss   : 0.04477, dyn_sta_loss   : 2.98583, tot_dyn_loss   : 0.22123, sta_sta_loss   : 0.13266, 
epoch  49 summary: dyn_dyn_loss   : 0.04478, dyn_sta_loss   : 2.98327, tot_dyn_loss   : 0.22109, sta_sta_loss   : 0.13266, 
epoch  50 summary: dyn_dyn_loss   : 0.04632, dyn_sta_loss   : 2.98037, tot_dyn_loss   : 0.22236, sta_sta_loss   : 0.13266, 
train loss: 0.025720, train acc: 0.9993
epoch  51 summary: dyn_dyn_loss   : 0.04482, dyn_sta_loss   : 2.99406, tot_dyn_loss   : 0.22177, sta_sta_loss   : 0.13266, 
epoch  52 summary: dyn_dyn_loss   : 0.04484, dyn_sta_loss   : 2.98433, tot_dyn_loss   : 0.22121, sta_sta_loss   : 0.13266, 
epoch  53 summary: dyn_dyn_loss   : 0.04463, dyn_sta_loss   : 2.99612, tot_dyn_loss   : 0.22172, sta_sta_loss   : 0.13266, 
epoch  54 summary: dyn_dyn_loss   : 0.04437, dyn_sta_loss   : 2.99377, tot_dyn_loss   : 0.22134, sta_sta_loss   : 0.13266, 
epoch  55 summary: dyn_dyn_loss   : 0.04449, dyn_sta_loss   : 2.99086, tot_dyn_loss   : 0.22127, sta_sta_loss   : 0.13266, 
epoch  56 summary: dyn_dyn_loss   : 0.04445, dyn_sta_loss   : 2.99000, tot_dyn_loss   : 0.22119, sta_sta_loss   : 0.13266, 
epoch  57 summary: dyn_dyn_loss   : 0.04423, dyn_sta_loss   : 3.00031, tot_dyn_loss   : 0.22160, sta_sta_loss   : 0.13266, 
epoch  58 summary: dyn_dyn_loss   : 0.04402, dyn_sta_loss   : 2.99942, tot_dyn_loss   : 0.22134, sta_sta_loss   : 0.13266, 
epoch  59 summary: dyn_dyn_loss   : 0.04398, dyn_sta_loss   : 2.99481, tot_dyn_loss   : 0.22103, sta_sta_loss   : 0.13266, 
epoch  60 summary: dyn_dyn_loss   : 0.04398, dyn_sta_loss   : 2.98603, tot_dyn_loss   : 0.22051, sta_sta_loss   : 0.13266, 
train loss: 0.021984, train acc: 0.9993
epoch  61 summary: dyn_dyn_loss   : 0.04404, dyn_sta_loss   : 2.98595, tot_dyn_loss   : 0.22055, sta_sta_loss   : 0.13266, 
epoch  62 summary: dyn_dyn_loss   : 0.04401, dyn_sta_loss   : 2.99585, tot_dyn_loss   : 0.22112, sta_sta_loss   : 0.13266, 
epoch  63 summary: dyn_dyn_loss   : 0.04380, dyn_sta_loss   : 2.98881, tot_dyn_loss   : 0.22050, sta_sta_loss   : 0.13266, 
epoch  64 summary: dyn_dyn_loss   : 0.04392, dyn_sta_loss   : 2.98438, tot_dyn_loss   : 0.22035, sta_sta_loss   : 0.13266, 
epoch  65 summary: dyn_dyn_loss   : 0.04383, dyn_sta_loss   : 2.98459, tot_dyn_loss   : 0.22027, sta_sta_loss   : 0.13266, 
epoch  66 summary: dyn_dyn_loss   : 0.04371, dyn_sta_loss   : 2.98825, tot_dyn_loss   : 0.22038, sta_sta_loss   : 0.13266, 
epoch  67 summary: dyn_dyn_loss   : 0.04354, dyn_sta_loss   : 2.98840, tot_dyn_loss   : 0.22023, sta_sta_loss   : 0.13266, 
epoch  68 summary: dyn_dyn_loss   : 0.04343, dyn_sta_loss   : 2.97947, tot_dyn_loss   : 0.21959, sta_sta_loss   : 0.13266, 
epoch  69 summary: dyn_dyn_loss   : 0.04343, dyn_sta_loss   : 2.98754, tot_dyn_loss   : 0.22008, sta_sta_loss   : 0.13266, 
epoch  70 summary: dyn_dyn_loss   : 0.04322, dyn_sta_loss   : 3.00402, tot_dyn_loss   : 0.22086, sta_sta_loss   : 0.13266, 
train loss: 0.026980, train acc: 0.9988
epoch  71 summary: dyn_dyn_loss   : 0.04297, dyn_sta_loss   : 2.99120, tot_dyn_loss   : 0.21986, sta_sta_loss   : 0.13266, 
epoch  72 summary: dyn_dyn_loss   : 0.04313, dyn_sta_loss   : 2.99476, tot_dyn_loss   : 0.22023, sta_sta_loss   : 0.13266, 
epoch  73 summary: dyn_dyn_loss   : 0.04303, dyn_sta_loss   : 2.99888, tot_dyn_loss   : 0.22038, sta_sta_loss   : 0.13266, 
epoch  74 summary: dyn_dyn_loss   : 0.04302, dyn_sta_loss   : 2.99693, tot_dyn_loss   : 0.22025, sta_sta_loss   : 0.13266, 
epoch  75 summary: dyn_dyn_loss   : 0.04442, dyn_sta_loss   : 2.99467, tot_dyn_loss   : 0.22144, sta_sta_loss   : 0.13266, 
epoch  76 summary: dyn_dyn_loss   : 0.04317, dyn_sta_loss   : 3.00530, tot_dyn_loss   : 0.22090, sta_sta_loss   : 0.13266, 
epoch  77 summary: dyn_dyn_loss   : 0.04305, dyn_sta_loss   : 3.00309, tot_dyn_loss   : 0.22066, sta_sta_loss   : 0.13266, 
epoch  78 summary: dyn_dyn_loss   : 0.04314, dyn_sta_loss   : 3.00415, tot_dyn_loss   : 0.22080, sta_sta_loss   : 0.13266, 
epoch  79 summary: dyn_dyn_loss   : 0.04309, dyn_sta_loss   : 2.99730, tot_dyn_loss   : 0.22034, sta_sta_loss   : 0.13266, 
epoch  80 summary: dyn_dyn_loss   : 0.04315, dyn_sta_loss   : 2.99618, tot_dyn_loss   : 0.22033, sta_sta_loss   : 0.13266, 
train loss: 0.031561, train acc: 0.9983
epoch  81 summary: dyn_dyn_loss   : 0.04300, dyn_sta_loss   : 3.01018, tot_dyn_loss   : 0.22103, sta_sta_loss   : 0.13266, 
epoch  82 summary: dyn_dyn_loss   : 0.04279, dyn_sta_loss   : 3.00360, tot_dyn_loss   : 0.22044, sta_sta_loss   : 0.13266, 
epoch  83 summary: dyn_dyn_loss   : 0.04284, dyn_sta_loss   : 3.00196, tot_dyn_loss   : 0.22038, sta_sta_loss   : 0.13266, 
epoch  84 summary: dyn_dyn_loss   : 0.04288, dyn_sta_loss   : 2.99402, tot_dyn_loss   : 0.21995, sta_sta_loss   : 0.13266, 
epoch  85 summary: dyn_dyn_loss   : 0.04289, dyn_sta_loss   : 2.99127, tot_dyn_loss   : 0.21979, sta_sta_loss   : 0.13266, 
epoch  86 summary: dyn_dyn_loss   : 0.04280, dyn_sta_loss   : 2.99256, tot_dyn_loss   : 0.21979, sta_sta_loss   : 0.13266, 
epoch  87 summary: dyn_dyn_loss   : 0.04277, dyn_sta_loss   : 2.99145, tot_dyn_loss   : 0.21969, sta_sta_loss   : 0.13266, 
epoch  88 summary: dyn_dyn_loss   : 0.04268, dyn_sta_loss   : 2.99010, tot_dyn_loss   : 0.21953, sta_sta_loss   : 0.13266, 
epoch  89 summary: dyn_dyn_loss   : 0.04257, dyn_sta_loss   : 2.99134, tot_dyn_loss   : 0.21950, sta_sta_loss   : 0.13266, 
epoch  90 summary: dyn_dyn_loss   : 0.04245, dyn_sta_loss   : 2.99155, tot_dyn_loss   : 0.21940, sta_sta_loss   : 0.13266, 
train loss: 0.032225, train acc: 0.9980
epoch  91 summary: dyn_dyn_loss   : 0.04231, dyn_sta_loss   : 3.00529, tot_dyn_loss   : 0.22009, sta_sta_loss   : 0.13266, 
epoch  92 summary: dyn_dyn_loss   : 0.04208, dyn_sta_loss   : 3.00359, tot_dyn_loss   : 0.21977, sta_sta_loss   : 0.13266, 
epoch  93 summary: dyn_dyn_loss   : 0.04222, dyn_sta_loss   : 2.99727, tot_dyn_loss   : 0.21952, sta_sta_loss   : 0.13266, 
epoch  94 summary: dyn_dyn_loss   : 0.04236, dyn_sta_loss   : 2.99083, tot_dyn_loss   : 0.21927, sta_sta_loss   : 0.13266, 
epoch  95 summary: dyn_dyn_loss   : 0.04235, dyn_sta_loss   : 3.00070, tot_dyn_loss   : 0.21985, sta_sta_loss   : 0.13266, 
epoch  96 summary: dyn_dyn_loss   : 0.04225, dyn_sta_loss   : 3.00157, tot_dyn_loss   : 0.21981, sta_sta_loss   : 0.13266, 
epoch  97 summary: dyn_dyn_loss   : 0.04225, dyn_sta_loss   : 2.99572, tot_dyn_loss   : 0.21945, sta_sta_loss   : 0.13266, 
epoch  98 summary: dyn_dyn_loss   : 0.04233, dyn_sta_loss   : 2.99553, tot_dyn_loss   : 0.21952, sta_sta_loss   : 0.13266, 
epoch  99 summary: dyn_dyn_loss   : 0.04230, dyn_sta_loss   : 2.99585, tot_dyn_loss   : 0.21952, sta_sta_loss   : 0.13266, 
train loss: 0.024048, train acc: 0.9985
all                          31233.206ms
all_epoch                    29694.281ms
all_preparation               1538.911ms
all_preparation_2             1538.427ms
all_preparation_3                0.467ms
epoch                          217.528ms
epoch_pos_train                  0.613ms
epoch_preparation                1.915ms
epoch_train                    213.717ms
epoch_valid                      1.037ms
----------------------------------------
all                          31233.206ms
  all_epoch             95.07%
  all_preparation        4.93%
all_preparation               1538.911ms
  all_preparation_2     99.97%
  all_preparation_3      0.03%
epoch                        21752.779ms
  epoch_train           98.25%
  epoch_preparation      0.88%
  epoch_valid            0.48%
  epoch_pos_train        0.28%
epoch   0 summary: tot_dyn_loss   : 0.10238, 
valid loss: 3.710793, valid acc: 0.1953
epoch   1 summary: tot_dyn_loss   : 0.07871, 
epoch   2 summary: tot_dyn_loss   : 0.06269, 
epoch   3 summary: tot_dyn_loss   : 0.05185, 
epoch   4 summary: tot_dyn_loss   : 0.04479, 
epoch   5 summary: tot_dyn_loss   : 0.03963, 
epoch   6 summary: tot_dyn_loss   : 0.03579, 
epoch   7 summary: tot_dyn_loss   : 0.03273, 
epoch   8 summary: tot_dyn_loss   : 0.03061, 
epoch   9 summary: tot_dyn_loss   : 0.02896, 
epoch  10 summary: tot_dyn_loss   : 0.02770, 
valid loss: 2.423825, valid acc: 0.4902
epoch  11 summary: tot_dyn_loss   : 0.02660, 
epoch  12 summary: tot_dyn_loss   : 0.02590, 
epoch  13 summary: tot_dyn_loss   : 0.02544, 
epoch  14 summary: tot_dyn_loss   : 0.02496, 
epoch  15 summary: tot_dyn_loss   : 0.02454, 
epoch  16 summary: tot_dyn_loss   : 0.02417, 
epoch  17 summary: tot_dyn_loss   : 0.02390, 
epoch  18 summary: tot_dyn_loss   : 0.02369, 
epoch  19 summary: tot_dyn_loss   : 0.02348, 
epoch  20 summary: tot_dyn_loss   : 0.02334, 
valid loss: 2.363551, valid acc: 0.4863
epoch  21 summary: tot_dyn_loss   : 0.02317, 
epoch  22 summary: tot_dyn_loss   : 0.02310, 
epoch  23 summary: tot_dyn_loss   : 0.02303, 
epoch  24 summary: tot_dyn_loss   : 0.02297, 
epoch  25 summary: tot_dyn_loss   : 0.02536, 
epoch  26 summary: tot_dyn_loss   : 0.02483, 
epoch  27 summary: tot_dyn_loss   : 0.02437, 
epoch  28 summary: tot_dyn_loss   : 0.02405, 
epoch  29 summary: tot_dyn_loss   : 0.02379, 
epoch  30 summary: tot_dyn_loss   : 0.02360, 
valid loss: 2.300878, valid acc: 0.4902
epoch  31 summary: tot_dyn_loss   : 0.02346, 
epoch  32 summary: tot_dyn_loss   : 0.02332, 
epoch  33 summary: tot_dyn_loss   : 0.02320, 
epoch  34 summary: tot_dyn_loss   : 0.02310, 
epoch  35 summary: tot_dyn_loss   : 0.02301, 
epoch  36 summary: tot_dyn_loss   : 0.02295, 
epoch  37 summary: tot_dyn_loss   : 0.02290, 
epoch  38 summary: tot_dyn_loss   : 0.02286, 
epoch  39 summary: tot_dyn_loss   : 0.02283, 
epoch  40 summary: tot_dyn_loss   : 0.02280, 
valid loss: 2.327811, valid acc: 0.4785
epoch  41 summary: tot_dyn_loss   : 0.02277, 
epoch  42 summary: tot_dyn_loss   : 0.02274, 
epoch  43 summary: tot_dyn_loss   : 0.02272, 
epoch  44 summary: tot_dyn_loss   : 0.02270, 
epoch  45 summary: tot_dyn_loss   : 0.02268, 
epoch  46 summary: tot_dyn_loss   : 0.02266, 
epoch  47 summary: tot_dyn_loss   : 0.02265, 
epoch  48 summary: tot_dyn_loss   : 0.02264, 
epoch  49 summary: tot_dyn_loss   : 0.02263, 
epoch  50 summary: tot_dyn_loss   : 0.02508, 
valid loss: 2.296355, valid acc: 0.4824
epoch  51 summary: tot_dyn_loss   : 0.02464, 
epoch  52 summary: tot_dyn_loss   : 0.02427, 
epoch  53 summary: tot_dyn_loss   : 0.02402, 
epoch  54 summary: tot_dyn_loss   : 0.02380, 
epoch  55 summary: tot_dyn_loss   : 0.02360, 
epoch  56 summary: tot_dyn_loss   : 0.02345, 
epoch  57 summary: tot_dyn_loss   : 0.02334, 
epoch  58 summary: tot_dyn_loss   : 0.02324, 
epoch  59 summary: tot_dyn_loss   : 0.02315, 
epoch  60 summary: tot_dyn_loss   : 0.02308, 
valid loss: 2.274945, valid acc: 0.4922
epoch  61 summary: tot_dyn_loss   : 0.02303, 
epoch  62 summary: tot_dyn_loss   : 0.02299, 
epoch  63 summary: tot_dyn_loss   : 0.02296, 
epoch  64 summary: tot_dyn_loss   : 0.02293, 
epoch  65 summary: tot_dyn_loss   : 0.02291, 
epoch  66 summary: tot_dyn_loss   : 0.02288, 
epoch  67 summary: tot_dyn_loss   : 0.02286, 
epoch  68 summary: tot_dyn_loss   : 0.02284, 
epoch  69 summary: tot_dyn_loss   : 0.02283, 
epoch  70 summary: tot_dyn_loss   : 0.02282, 
valid loss: 2.267157, valid acc: 0.5000
epoch  71 summary: tot_dyn_loss   : 0.02280, 
epoch  72 summary: tot_dyn_loss   : 0.02279, 
epoch  73 summary: tot_dyn_loss   : 0.02278, 
epoch  74 summary: tot_dyn_loss   : 0.02277, 
epoch  75 summary: tot_dyn_loss   : 0.02473, 
epoch  76 summary: tot_dyn_loss   : 0.02431, 
epoch  77 summary: tot_dyn_loss   : 0.02397, 
epoch  78 summary: tot_dyn_loss   : 0.02370, 
epoch  79 summary: tot_dyn_loss   : 0.02348, 
epoch  80 summary: tot_dyn_loss   : 0.02332, 
valid loss: 2.290523, valid acc: 0.5098
epoch  81 summary: tot_dyn_loss   : 0.02319, 
epoch  82 summary: tot_dyn_loss   : 0.02309, 
epoch  83 summary: tot_dyn_loss   : 0.02300, 
epoch  84 summary: tot_dyn_loss   : 0.02295, 
epoch  85 summary: tot_dyn_loss   : 0.02290, 
epoch  86 summary: tot_dyn_loss   : 0.02284, 
epoch  87 summary: tot_dyn_loss   : 0.02279, 
epoch  88 summary: tot_dyn_loss   : 0.02275, 
epoch  89 summary: tot_dyn_loss   : 0.02272, 
epoch  90 summary: tot_dyn_loss   : 0.02270, 
valid loss: 2.308269, valid acc: 0.5039
epoch  91 summary: tot_dyn_loss   : 0.02268, 
epoch  92 summary: tot_dyn_loss   : 0.02266, 
epoch  93 summary: tot_dyn_loss   : 0.02265, 
epoch  94 summary: tot_dyn_loss   : 0.02264, 
epoch  95 summary: tot_dyn_loss   : 0.02263, 
epoch  96 summary: tot_dyn_loss   : 0.02262, 
epoch  97 summary: tot_dyn_loss   : 0.02262, 
epoch  98 summary: tot_dyn_loss   : 0.02261, 
epoch  99 summary: tot_dyn_loss   : 0.02260, 
valid loss: 2.309059, valid acc: 0.5039
all                           8995.484ms
all_epoch                     8992.178ms
all_preparation                  3.291ms
all_preparation_2                2.570ms
all_preparation_3                0.716ms
epoch                           40.769ms
epoch_pos_train                  0.533ms
epoch_preparation                0.132ms
epoch_train                     39.846ms
epoch_valid                      0.148ms
----------------------------------------
all                           8995.484ms
  all_epoch             99.96%
  all_preparation        0.04%
all_preparation                  3.291ms
  all_preparation_2     78.08%
  all_preparation_3     21.75%
epoch                         4076.911ms
  epoch_train           97.73%
  epoch_pos_train        1.31%
  epoch_valid            0.36%
  epoch_preparation      0.32%
