Before CTE Training: train eu loss: 0.977757453918457, eval eu loss: 1.4130948781967163
Before CTE Training: train eu acc: 0.6748046875, eval eu acc: 0.595703125
epoch   0 summary: dyn_dyn_loss   : 0.10815, dyn_sta_loss   : 4.10791, tot_dyn_loss   : 0.50812, sta_sta_loss   : 0.13266, 
train loss: 1.593924, train acc: 0.6963
epoch   1 summary: dyn_dyn_loss   : 0.10221, dyn_sta_loss   : 3.75530, tot_dyn_loss   : 0.46752, sta_sta_loss   : 0.13266, 
epoch   2 summary: dyn_dyn_loss   : 0.09545, dyn_sta_loss   : 3.46448, tot_dyn_loss   : 0.43235, sta_sta_loss   : 0.13266, 
epoch   3 summary: dyn_dyn_loss   : 0.09306, dyn_sta_loss   : 3.22361, tot_dyn_loss   : 0.40612, sta_sta_loss   : 0.13266, 
epoch   4 summary: dyn_dyn_loss   : 0.09590, dyn_sta_loss   : 3.05130, tot_dyn_loss   : 0.39144, sta_sta_loss   : 0.13266, 
epoch   5 summary: dyn_dyn_loss   : 0.10166, dyn_sta_loss   : 2.92459, tot_dyn_loss   : 0.38395, sta_sta_loss   : 0.13266, 
epoch   6 summary: dyn_dyn_loss   : 0.10527, dyn_sta_loss   : 2.83821, tot_dyn_loss   : 0.37856, sta_sta_loss   : 0.13266, 
epoch   7 summary: dyn_dyn_loss   : 0.10577, dyn_sta_loss   : 2.80702, tot_dyn_loss   : 0.37589, sta_sta_loss   : 0.13266, 
epoch   8 summary: dyn_dyn_loss   : 0.10551, dyn_sta_loss   : 2.76955, tot_dyn_loss   : 0.37192, sta_sta_loss   : 0.13266, 
epoch   9 summary: dyn_dyn_loss   : 0.10438, dyn_sta_loss   : 2.75742, tot_dyn_loss   : 0.36968, sta_sta_loss   : 0.13266, 
epoch  10 summary: dyn_dyn_loss   : 0.10311, dyn_sta_loss   : 2.74905, tot_dyn_loss   : 0.36770, sta_sta_loss   : 0.13266, 
train loss: 0.002269, train acc: 0.9998
epoch  11 summary: dyn_dyn_loss   : 0.10179, dyn_sta_loss   : 2.75694, tot_dyn_loss   : 0.36730, sta_sta_loss   : 0.13266, 
epoch  12 summary: dyn_dyn_loss   : 0.09976, dyn_sta_loss   : 2.76511, tot_dyn_loss   : 0.36629, sta_sta_loss   : 0.13266, 
epoch  13 summary: dyn_dyn_loss   : 0.09774, dyn_sta_loss   : 2.77083, tot_dyn_loss   : 0.36505, sta_sta_loss   : 0.13266, 
epoch  14 summary: dyn_dyn_loss   : 0.09599, dyn_sta_loss   : 2.77360, tot_dyn_loss   : 0.36375, sta_sta_loss   : 0.13266, 
epoch  15 summary: dyn_dyn_loss   : 0.09413, dyn_sta_loss   : 2.78230, tot_dyn_loss   : 0.36295, sta_sta_loss   : 0.13266, 
epoch  16 summary: dyn_dyn_loss   : 0.09253, dyn_sta_loss   : 2.77131, tot_dyn_loss   : 0.36040, sta_sta_loss   : 0.13266, 
epoch  17 summary: dyn_dyn_loss   : 0.09126, dyn_sta_loss   : 2.78158, tot_dyn_loss   : 0.36029, sta_sta_loss   : 0.13266, 
epoch  18 summary: dyn_dyn_loss   : 0.09015, dyn_sta_loss   : 2.76837, tot_dyn_loss   : 0.35797, sta_sta_loss   : 0.13266, 
epoch  19 summary: dyn_dyn_loss   : 0.08971, dyn_sta_loss   : 2.77000, tot_dyn_loss   : 0.35774, sta_sta_loss   : 0.13266, 
epoch  20 summary: dyn_dyn_loss   : 0.08868, dyn_sta_loss   : 2.76215, tot_dyn_loss   : 0.35603, sta_sta_loss   : 0.13266, 
train loss: 0.003555, train acc: 1.0000
epoch  21 summary: dyn_dyn_loss   : 0.08778, dyn_sta_loss   : 2.77193, tot_dyn_loss   : 0.35619, sta_sta_loss   : 0.13266, 
epoch  22 summary: dyn_dyn_loss   : 0.08698, dyn_sta_loss   : 2.78727, tot_dyn_loss   : 0.35701, sta_sta_loss   : 0.13266, 
epoch  23 summary: dyn_dyn_loss   : 0.08638, dyn_sta_loss   : 2.78232, tot_dyn_loss   : 0.35597, sta_sta_loss   : 0.13266, 
epoch  24 summary: dyn_dyn_loss   : 0.08605, dyn_sta_loss   : 2.78057, tot_dyn_loss   : 0.35550, sta_sta_loss   : 0.13266, 
epoch  25 summary: dyn_dyn_loss   : 0.08945, dyn_sta_loss   : 2.78215, tot_dyn_loss   : 0.35872, sta_sta_loss   : 0.13266, 
epoch  26 summary: dyn_dyn_loss   : 0.08517, dyn_sta_loss   : 2.79671, tot_dyn_loss   : 0.35632, sta_sta_loss   : 0.13266, 
epoch  27 summary: dyn_dyn_loss   : 0.08543, dyn_sta_loss   : 2.78474, tot_dyn_loss   : 0.35536, sta_sta_loss   : 0.13266, 
epoch  28 summary: dyn_dyn_loss   : 0.08481, dyn_sta_loss   : 2.80980, tot_dyn_loss   : 0.35731, sta_sta_loss   : 0.13266, 
epoch  29 summary: dyn_dyn_loss   : 0.08354, dyn_sta_loss   : 2.80689, tot_dyn_loss   : 0.35587, sta_sta_loss   : 0.13266, 
epoch  30 summary: dyn_dyn_loss   : 0.08327, dyn_sta_loss   : 2.80153, tot_dyn_loss   : 0.35510, sta_sta_loss   : 0.13266, 
train loss: 0.005003, train acc: 0.9995
epoch  31 summary: dyn_dyn_loss   : 0.08289, dyn_sta_loss   : 2.81246, tot_dyn_loss   : 0.35585, sta_sta_loss   : 0.13266, 
epoch  32 summary: dyn_dyn_loss   : 0.08228, dyn_sta_loss   : 2.80371, tot_dyn_loss   : 0.35442, sta_sta_loss   : 0.13266, 
epoch  33 summary: dyn_dyn_loss   : 0.08220, dyn_sta_loss   : 2.79991, tot_dyn_loss   : 0.35397, sta_sta_loss   : 0.13266, 
epoch  34 summary: dyn_dyn_loss   : 0.08143, dyn_sta_loss   : 2.79402, tot_dyn_loss   : 0.35269, sta_sta_loss   : 0.13266, 
epoch  35 summary: dyn_dyn_loss   : 0.08165, dyn_sta_loss   : 2.79542, tot_dyn_loss   : 0.35303, sta_sta_loss   : 0.13266, 
epoch  36 summary: dyn_dyn_loss   : 0.08035, dyn_sta_loss   : 2.80575, tot_dyn_loss   : 0.35289, sta_sta_loss   : 0.13266, 
epoch  37 summary: dyn_dyn_loss   : 0.08012, dyn_sta_loss   : 2.80785, tot_dyn_loss   : 0.35289, sta_sta_loss   : 0.13266, 
epoch  38 summary: dyn_dyn_loss   : 0.07999, dyn_sta_loss   : 2.80925, tot_dyn_loss   : 0.35291, sta_sta_loss   : 0.13266, 
epoch  39 summary: dyn_dyn_loss   : 0.07968, dyn_sta_loss   : 2.80309, tot_dyn_loss   : 0.35203, sta_sta_loss   : 0.13266, 
epoch  40 summary: dyn_dyn_loss   : 0.07933, dyn_sta_loss   : 2.80490, tot_dyn_loss   : 0.35188, sta_sta_loss   : 0.13266, 
train loss: 0.003374, train acc: 0.9998
epoch  41 summary: dyn_dyn_loss   : 0.07921, dyn_sta_loss   : 2.80754, tot_dyn_loss   : 0.35205, sta_sta_loss   : 0.13266, 
epoch  42 summary: dyn_dyn_loss   : 0.07885, dyn_sta_loss   : 2.80534, tot_dyn_loss   : 0.35150, sta_sta_loss   : 0.13266, 
epoch  43 summary: dyn_dyn_loss   : 0.07879, dyn_sta_loss   : 2.81087, tot_dyn_loss   : 0.35200, sta_sta_loss   : 0.13266, 
epoch  44 summary: dyn_dyn_loss   : 0.07832, dyn_sta_loss   : 2.81345, tot_dyn_loss   : 0.35183, sta_sta_loss   : 0.13266, 
epoch  45 summary: dyn_dyn_loss   : 0.07790, dyn_sta_loss   : 2.80595, tot_dyn_loss   : 0.35071, sta_sta_loss   : 0.13266, 
epoch  46 summary: dyn_dyn_loss   : 0.07795, dyn_sta_loss   : 2.79855, tot_dyn_loss   : 0.35001, sta_sta_loss   : 0.13266, 
epoch  47 summary: dyn_dyn_loss   : 0.07781, dyn_sta_loss   : 2.81398, tot_dyn_loss   : 0.35143, sta_sta_loss   : 0.13266, 
epoch  48 summary: dyn_dyn_loss   : 0.07758, dyn_sta_loss   : 2.80116, tot_dyn_loss   : 0.34993, sta_sta_loss   : 0.13266, 
epoch  49 summary: dyn_dyn_loss   : 0.07784, dyn_sta_loss   : 2.81080, tot_dyn_loss   : 0.35114, sta_sta_loss   : 0.13266, 
epoch  50 summary: dyn_dyn_loss   : 0.07888, dyn_sta_loss   : 2.81063, tot_dyn_loss   : 0.35206, sta_sta_loss   : 0.13266, 
train loss: 0.002864, train acc: 1.0000
epoch  51 summary: dyn_dyn_loss   : 0.07703, dyn_sta_loss   : 2.81118, tot_dyn_loss   : 0.35045, sta_sta_loss   : 0.13266, 
epoch  52 summary: dyn_dyn_loss   : 0.07714, dyn_sta_loss   : 2.81759, tot_dyn_loss   : 0.35118, sta_sta_loss   : 0.13266, 
epoch  53 summary: dyn_dyn_loss   : 0.07698, dyn_sta_loss   : 2.82505, tot_dyn_loss   : 0.35179, sta_sta_loss   : 0.13266, 
epoch  54 summary: dyn_dyn_loss   : 0.07697, dyn_sta_loss   : 2.81270, tot_dyn_loss   : 0.35054, sta_sta_loss   : 0.13266, 
epoch  55 summary: dyn_dyn_loss   : 0.07703, dyn_sta_loss   : 2.81446, tot_dyn_loss   : 0.35078, sta_sta_loss   : 0.13266, 
epoch  56 summary: dyn_dyn_loss   : 0.07687, dyn_sta_loss   : 2.82111, tot_dyn_loss   : 0.35129, sta_sta_loss   : 0.13266, 
epoch  57 summary: dyn_dyn_loss   : 0.07667, dyn_sta_loss   : 2.81046, tot_dyn_loss   : 0.35005, sta_sta_loss   : 0.13266, 
epoch  58 summary: dyn_dyn_loss   : 0.07654, dyn_sta_loss   : 2.82188, tot_dyn_loss   : 0.35107, sta_sta_loss   : 0.13266, 
epoch  59 summary: dyn_dyn_loss   : 0.07561, dyn_sta_loss   : 2.82578, tot_dyn_loss   : 0.35062, sta_sta_loss   : 0.13266, 
epoch  60 summary: dyn_dyn_loss   : 0.07613, dyn_sta_loss   : 2.81783, tot_dyn_loss   : 0.35030, sta_sta_loss   : 0.13266, 
train loss: 0.003274, train acc: 0.9998
epoch  61 summary: dyn_dyn_loss   : 0.07611, dyn_sta_loss   : 2.82051, tot_dyn_loss   : 0.35055, sta_sta_loss   : 0.13266, 
epoch  62 summary: dyn_dyn_loss   : 0.07633, dyn_sta_loss   : 2.80622, tot_dyn_loss   : 0.34932, sta_sta_loss   : 0.13266, 
epoch  63 summary: dyn_dyn_loss   : 0.07637, dyn_sta_loss   : 2.81552, tot_dyn_loss   : 0.35029, sta_sta_loss   : 0.13266, 
epoch  64 summary: dyn_dyn_loss   : 0.07595, dyn_sta_loss   : 2.81752, tot_dyn_loss   : 0.35011, sta_sta_loss   : 0.13266, 
epoch  65 summary: dyn_dyn_loss   : 0.07621, dyn_sta_loss   : 2.81085, tot_dyn_loss   : 0.34967, sta_sta_loss   : 0.13266, 
epoch  66 summary: dyn_dyn_loss   : 0.07605, dyn_sta_loss   : 2.82080, tot_dyn_loss   : 0.35052, sta_sta_loss   : 0.13266, 
epoch  67 summary: dyn_dyn_loss   : 0.07568, dyn_sta_loss   : 2.83245, tot_dyn_loss   : 0.35135, sta_sta_loss   : 0.13266, 
epoch  68 summary: dyn_dyn_loss   : 0.07546, dyn_sta_loss   : 2.82566, tot_dyn_loss   : 0.35048, sta_sta_loss   : 0.13266, 
epoch  69 summary: dyn_dyn_loss   : 0.07562, dyn_sta_loss   : 2.80938, tot_dyn_loss   : 0.34899, sta_sta_loss   : 0.13266, 
epoch  70 summary: dyn_dyn_loss   : 0.07563, dyn_sta_loss   : 2.83437, tot_dyn_loss   : 0.35151, sta_sta_loss   : 0.13266, 
train loss: 0.003575, train acc: 0.9998
epoch  71 summary: dyn_dyn_loss   : 0.07514, dyn_sta_loss   : 2.81974, tot_dyn_loss   : 0.34960, sta_sta_loss   : 0.13266, 
epoch  72 summary: dyn_dyn_loss   : 0.07573, dyn_sta_loss   : 2.81175, tot_dyn_loss   : 0.34933, sta_sta_loss   : 0.13266, 
epoch  73 summary: dyn_dyn_loss   : 0.07539, dyn_sta_loss   : 2.82309, tot_dyn_loss   : 0.35016, sta_sta_loss   : 0.13266, 
epoch  74 summary: dyn_dyn_loss   : 0.07486, dyn_sta_loss   : 2.82248, tot_dyn_loss   : 0.34962, sta_sta_loss   : 0.13266, 
epoch  75 summary: dyn_dyn_loss   : 0.07627, dyn_sta_loss   : 2.81859, tot_dyn_loss   : 0.35050, sta_sta_loss   : 0.13266, 
epoch  76 summary: dyn_dyn_loss   : 0.07464, dyn_sta_loss   : 2.82048, tot_dyn_loss   : 0.34923, sta_sta_loss   : 0.13266, 
epoch  77 summary: dyn_dyn_loss   : 0.07504, dyn_sta_loss   : 2.81537, tot_dyn_loss   : 0.34907, sta_sta_loss   : 0.13266, 
epoch  78 summary: dyn_dyn_loss   : 0.07522, dyn_sta_loss   : 2.83996, tot_dyn_loss   : 0.35170, sta_sta_loss   : 0.13266, 
epoch  79 summary: dyn_dyn_loss   : 0.07464, dyn_sta_loss   : 2.82118, tot_dyn_loss   : 0.34930, sta_sta_loss   : 0.13266, 
epoch  80 summary: dyn_dyn_loss   : 0.07517, dyn_sta_loss   : 2.81209, tot_dyn_loss   : 0.34887, sta_sta_loss   : 0.13266, 
train loss: 0.002390, train acc: 1.0000
epoch  81 summary: dyn_dyn_loss   : 0.07496, dyn_sta_loss   : 2.81422, tot_dyn_loss   : 0.34889, sta_sta_loss   : 0.13266, 
epoch  82 summary: dyn_dyn_loss   : 0.07489, dyn_sta_loss   : 2.82570, tot_dyn_loss   : 0.34997, sta_sta_loss   : 0.13266, 
epoch  83 summary: dyn_dyn_loss   : 0.07445, dyn_sta_loss   : 2.83277, tot_dyn_loss   : 0.35029, sta_sta_loss   : 0.13266, 
epoch  84 summary: dyn_dyn_loss   : 0.07452, dyn_sta_loss   : 2.81715, tot_dyn_loss   : 0.34878, sta_sta_loss   : 0.13266, 
epoch  85 summary: dyn_dyn_loss   : 0.07475, dyn_sta_loss   : 2.82519, tot_dyn_loss   : 0.34979, sta_sta_loss   : 0.13266, 
epoch  86 summary: dyn_dyn_loss   : 0.07457, dyn_sta_loss   : 2.82255, tot_dyn_loss   : 0.34937, sta_sta_loss   : 0.13266, 
epoch  87 summary: dyn_dyn_loss   : 0.07460, dyn_sta_loss   : 2.83380, tot_dyn_loss   : 0.35052, sta_sta_loss   : 0.13266, 
epoch  88 summary: dyn_dyn_loss   : 0.07444, dyn_sta_loss   : 2.82305, tot_dyn_loss   : 0.34930, sta_sta_loss   : 0.13266, 
epoch  89 summary: dyn_dyn_loss   : 0.07465, dyn_sta_loss   : 2.80658, tot_dyn_loss   : 0.34784, sta_sta_loss   : 0.13266, 
epoch  90 summary: dyn_dyn_loss   : 0.07462, dyn_sta_loss   : 2.81865, tot_dyn_loss   : 0.34902, sta_sta_loss   : 0.13266, 
train loss: 0.002797, train acc: 1.0000
epoch  91 summary: dyn_dyn_loss   : 0.07439, dyn_sta_loss   : 2.81336, tot_dyn_loss   : 0.34828, sta_sta_loss   : 0.13266, 
epoch  92 summary: dyn_dyn_loss   : 0.07450, dyn_sta_loss   : 2.82877, tot_dyn_loss   : 0.34992, sta_sta_loss   : 0.13266, 
epoch  93 summary: dyn_dyn_loss   : 0.07424, dyn_sta_loss   : 2.81704, tot_dyn_loss   : 0.34852, sta_sta_loss   : 0.13266, 
epoch  94 summary: dyn_dyn_loss   : 0.07464, dyn_sta_loss   : 2.80631, tot_dyn_loss   : 0.34781, sta_sta_loss   : 0.13266, 
epoch  95 summary: dyn_dyn_loss   : 0.07444, dyn_sta_loss   : 2.81972, tot_dyn_loss   : 0.34897, sta_sta_loss   : 0.13266, 
epoch  96 summary: dyn_dyn_loss   : 0.07459, dyn_sta_loss   : 2.81728, tot_dyn_loss   : 0.34886, sta_sta_loss   : 0.13266, 
epoch  97 summary: dyn_dyn_loss   : 0.07465, dyn_sta_loss   : 2.82332, tot_dyn_loss   : 0.34952, sta_sta_loss   : 0.13266, 
epoch  98 summary: dyn_dyn_loss   : 0.07396, dyn_sta_loss   : 2.82137, tot_dyn_loss   : 0.34870, sta_sta_loss   : 0.13266, 
epoch  99 summary: dyn_dyn_loss   : 0.07405, dyn_sta_loss   : 2.81876, tot_dyn_loss   : 0.34852, sta_sta_loss   : 0.13266, 
train loss: 0.002686, train acc: 1.0000
all                          26626.051ms
all_epoch                    25140.558ms
all_preparation               1485.478ms
all_preparation_2             1485.065ms
all_preparation_3                0.397ms
epoch                          168.487ms
epoch_pos_train                  0.466ms
epoch_preparation                1.789ms
epoch_train                    164.810ms
epoch_valid                      1.202ms
----------------------------------------
all                          26626.051ms
  all_epoch             94.42%
  all_preparation        5.58%
all_preparation               1485.478ms
  all_preparation_2     99.97%
  all_preparation_3      0.03%
epoch                        16848.667ms
  epoch_train           97.82%
  epoch_preparation      1.06%
  epoch_valid            0.71%
  epoch_pos_train        0.28%
epoch   0 summary: tot_dyn_loss   : 0.10104, 
valid loss: 3.480080, valid acc: 0.2812
epoch   1 summary: tot_dyn_loss   : 0.07527, 
epoch   2 summary: tot_dyn_loss   : 0.06115, 
epoch   3 summary: tot_dyn_loss   : 0.05328, 
epoch   4 summary: tot_dyn_loss   : 0.04729, 
epoch   5 summary: tot_dyn_loss   : 0.04307, 
epoch   6 summary: tot_dyn_loss   : 0.04046, 
epoch   7 summary: tot_dyn_loss   : 0.03879, 
epoch   8 summary: tot_dyn_loss   : 0.03741, 
epoch   9 summary: tot_dyn_loss   : 0.03655, 
epoch  10 summary: tot_dyn_loss   : 0.03603, 
valid loss: 2.502681, valid acc: 0.4727
epoch  11 summary: tot_dyn_loss   : 0.03567, 
epoch  12 summary: tot_dyn_loss   : 0.03533, 
epoch  13 summary: tot_dyn_loss   : 0.03505, 
epoch  14 summary: tot_dyn_loss   : 0.03483, 
epoch  15 summary: tot_dyn_loss   : 0.03469, 
epoch  16 summary: tot_dyn_loss   : 0.03459, 
epoch  17 summary: tot_dyn_loss   : 0.03452, 
epoch  18 summary: tot_dyn_loss   : 0.03446, 
epoch  19 summary: tot_dyn_loss   : 0.03442, 
epoch  20 summary: tot_dyn_loss   : 0.03438, 
valid loss: 2.490468, valid acc: 0.4688
epoch  21 summary: tot_dyn_loss   : 0.03436, 
epoch  22 summary: tot_dyn_loss   : 0.03434, 
epoch  23 summary: tot_dyn_loss   : 0.03432, 
epoch  24 summary: tot_dyn_loss   : 0.03430, 
epoch  25 summary: tot_dyn_loss   : 0.03724, 
epoch  26 summary: tot_dyn_loss   : 0.03648, 
epoch  27 summary: tot_dyn_loss   : 0.03595, 
epoch  28 summary: tot_dyn_loss   : 0.03557, 
epoch  29 summary: tot_dyn_loss   : 0.03530, 
epoch  30 summary: tot_dyn_loss   : 0.03508, 
valid loss: 2.400134, valid acc: 0.4707
epoch  31 summary: tot_dyn_loss   : 0.03492, 
epoch  32 summary: tot_dyn_loss   : 0.03480, 
epoch  33 summary: tot_dyn_loss   : 0.03469, 
epoch  34 summary: tot_dyn_loss   : 0.03461, 
epoch  35 summary: tot_dyn_loss   : 0.03455, 
epoch  36 summary: tot_dyn_loss   : 0.03449, 
epoch  37 summary: tot_dyn_loss   : 0.03445, 
epoch  38 summary: tot_dyn_loss   : 0.03442, 
epoch  39 summary: tot_dyn_loss   : 0.03439, 
epoch  40 summary: tot_dyn_loss   : 0.03437, 
valid loss: 2.399513, valid acc: 0.4688
epoch  41 summary: tot_dyn_loss   : 0.03436, 
epoch  42 summary: tot_dyn_loss   : 0.03434, 
epoch  43 summary: tot_dyn_loss   : 0.03433, 
epoch  44 summary: tot_dyn_loss   : 0.03432, 
epoch  45 summary: tot_dyn_loss   : 0.03431, 
epoch  46 summary: tot_dyn_loss   : 0.03430, 
epoch  47 summary: tot_dyn_loss   : 0.03430, 
epoch  48 summary: tot_dyn_loss   : 0.03429, 
epoch  49 summary: tot_dyn_loss   : 0.03428, 
epoch  50 summary: tot_dyn_loss   : 0.03686, 
valid loss: 2.371471, valid acc: 0.4551
epoch  51 summary: tot_dyn_loss   : 0.03616, 
epoch  52 summary: tot_dyn_loss   : 0.03570, 
epoch  53 summary: tot_dyn_loss   : 0.03538, 
epoch  54 summary: tot_dyn_loss   : 0.03512, 
epoch  55 summary: tot_dyn_loss   : 0.03495, 
epoch  56 summary: tot_dyn_loss   : 0.03482, 
epoch  57 summary: tot_dyn_loss   : 0.03472, 
epoch  58 summary: tot_dyn_loss   : 0.03464, 
epoch  59 summary: tot_dyn_loss   : 0.03457, 
epoch  60 summary: tot_dyn_loss   : 0.03451, 
valid loss: 2.378457, valid acc: 0.4570
epoch  61 summary: tot_dyn_loss   : 0.03448, 
epoch  62 summary: tot_dyn_loss   : 0.03444, 
epoch  63 summary: tot_dyn_loss   : 0.03442, 
epoch  64 summary: tot_dyn_loss   : 0.03440, 
epoch  65 summary: tot_dyn_loss   : 0.03438, 
epoch  66 summary: tot_dyn_loss   : 0.03437, 
epoch  67 summary: tot_dyn_loss   : 0.03436, 
epoch  68 summary: tot_dyn_loss   : 0.03435, 
epoch  69 summary: tot_dyn_loss   : 0.03433, 
epoch  70 summary: tot_dyn_loss   : 0.03432, 
valid loss: 2.384207, valid acc: 0.4629
epoch  71 summary: tot_dyn_loss   : 0.03432, 
epoch  72 summary: tot_dyn_loss   : 0.03431, 
epoch  73 summary: tot_dyn_loss   : 0.03430, 
epoch  74 summary: tot_dyn_loss   : 0.03429, 
epoch  75 summary: tot_dyn_loss   : 0.03685, 
epoch  76 summary: tot_dyn_loss   : 0.03621, 
epoch  77 summary: tot_dyn_loss   : 0.03570, 
epoch  78 summary: tot_dyn_loss   : 0.03535, 
epoch  79 summary: tot_dyn_loss   : 0.03511, 
epoch  80 summary: tot_dyn_loss   : 0.03491, 
valid loss: 2.395802, valid acc: 0.4609
epoch  81 summary: tot_dyn_loss   : 0.03474, 
epoch  82 summary: tot_dyn_loss   : 0.03464, 
epoch  83 summary: tot_dyn_loss   : 0.03454, 
epoch  84 summary: tot_dyn_loss   : 0.03447, 
epoch  85 summary: tot_dyn_loss   : 0.03442, 
epoch  86 summary: tot_dyn_loss   : 0.03438, 
epoch  87 summary: tot_dyn_loss   : 0.03436, 
epoch  88 summary: tot_dyn_loss   : 0.03434, 
epoch  89 summary: tot_dyn_loss   : 0.03433, 
epoch  90 summary: tot_dyn_loss   : 0.03431, 
valid loss: 2.375636, valid acc: 0.4688
epoch  91 summary: tot_dyn_loss   : 0.03429, 
epoch  92 summary: tot_dyn_loss   : 0.03427, 
epoch  93 summary: tot_dyn_loss   : 0.03427, 
epoch  94 summary: tot_dyn_loss   : 0.03426, 
epoch  95 summary: tot_dyn_loss   : 0.03425, 
epoch  96 summary: tot_dyn_loss   : 0.03425, 
epoch  97 summary: tot_dyn_loss   : 0.03424, 
epoch  98 summary: tot_dyn_loss   : 0.03423, 
epoch  99 summary: tot_dyn_loss   : 0.03423, 
valid loss: 2.373810, valid acc: 0.4727
all                           7930.038ms
all_epoch                     7926.781ms
all_preparation                  3.249ms
all_preparation_2                2.552ms
all_preparation_3                0.692ms
epoch                           30.293ms
epoch_pos_train                  0.563ms
epoch_preparation                0.133ms
epoch_train                     29.356ms
epoch_valid                      0.133ms
----------------------------------------
all                           7930.038ms
  all_epoch             99.96%
  all_preparation        0.04%
all_preparation                  3.249ms
  all_preparation_2     78.53%
  all_preparation_3     21.30%
epoch                         3029.250ms
  epoch_train           96.91%
  epoch_pos_train        1.86%
  epoch_preparation      0.44%
  epoch_valid            0.44%
