Before CTE Training: train eu loss: 1.0612127780914307, eval eu loss: 1.492782711982727
Before CTE Training: train eu acc: 0.658203125, eval eu acc: 0.560546875
epoch   0 summary: dyn_dyn_cos_loss: 0.02356, dyn_sta_cos_loss: 0.00709, total_cos_loss : 0.00956, vocab_cro_loss : 4.48199, 
train loss: 3.7250, train acc: 0.2021
epoch   1 summary: dyn_dyn_cos_loss: 0.00000, dyn_sta_cos_loss: 0.00000, total_cos_loss : 0.00000, vocab_cro_loss : 3.72481, 
epoch   2 summary: dyn_dyn_cos_loss: 0.00000, dyn_sta_cos_loss: 0.00000, total_cos_loss : 0.00000, vocab_cro_loss : 3.64479, 
epoch   3 summary: dyn_dyn_cos_loss: 0.00000, dyn_sta_cos_loss: 0.00000, total_cos_loss : 0.00000, vocab_cro_loss : 3.54530, 
epoch   4 summary: dyn_dyn_cos_loss: 0.02257, dyn_sta_cos_loss: 0.00615, total_cos_loss : 0.00861, vocab_cro_loss : 3.45462, 
epoch   5 summary: dyn_dyn_cos_loss: 0.00000, dyn_sta_cos_loss: 0.00000, total_cos_loss : 0.00000, vocab_cro_loss : 2.78629, 
epoch   6 summary: dyn_dyn_cos_loss: 0.00000, dyn_sta_cos_loss: 0.00000, total_cos_loss : 0.00000, vocab_cro_loss : 2.76248, 
epoch   7 summary: dyn_dyn_cos_loss: 0.00000, dyn_sta_cos_loss: 0.00000, total_cos_loss : 0.00000, vocab_cro_loss : 2.75134, 
epoch   8 summary: dyn_dyn_cos_loss: 0.02021, dyn_sta_cos_loss: 0.00498, total_cos_loss : 0.00727, vocab_cro_loss : 2.74142, 
epoch   9 summary: dyn_dyn_cos_loss: 0.00000, dyn_sta_cos_loss: 0.00000, total_cos_loss : 0.00000, vocab_cro_loss : 2.36960, 
epoch  10 summary: dyn_dyn_cos_loss: 0.00000, dyn_sta_cos_loss: 0.00000, total_cos_loss : 0.00000, vocab_cro_loss : 2.35907, 
train loss: 2.3476, train acc: 0.4545
epoch  11 summary: dyn_dyn_cos_loss: 0.00000, dyn_sta_cos_loss: 0.00000, total_cos_loss : 0.00000, vocab_cro_loss : 2.34757, 
epoch  12 summary: dyn_dyn_cos_loss: 0.01724, dyn_sta_cos_loss: 0.00415, total_cos_loss : 0.00612, vocab_cro_loss : 2.33801, 
epoch  13 summary: dyn_dyn_cos_loss: 0.00000, dyn_sta_cos_loss: 0.00000, total_cos_loss : 0.00000, vocab_cro_loss : 2.08262, 
epoch  14 summary: dyn_dyn_cos_loss: 0.00000, dyn_sta_cos_loss: 0.00000, total_cos_loss : 0.00000, vocab_cro_loss : 2.07709, 
epoch  15 summary: dyn_dyn_cos_loss: 0.00000, dyn_sta_cos_loss: 0.00000, total_cos_loss : 0.00000, vocab_cro_loss : 2.07291, 
epoch  16 summary: dyn_dyn_cos_loss: 0.01464, dyn_sta_cos_loss: 0.00360, total_cos_loss : 0.00525, vocab_cro_loss : 2.06970, 
epoch  17 summary: dyn_dyn_cos_loss: 0.00000, dyn_sta_cos_loss: 0.00000, total_cos_loss : 0.00000, vocab_cro_loss : 1.88919, 
epoch  18 summary: dyn_dyn_cos_loss: 0.00000, dyn_sta_cos_loss: 0.00000, total_cos_loss : 0.00000, vocab_cro_loss : 1.88347, 
epoch  19 summary: dyn_dyn_cos_loss: 0.00000, dyn_sta_cos_loss: 0.00000, total_cos_loss : 0.00000, vocab_cro_loss : 1.87846, 
epoch  20 summary: dyn_dyn_cos_loss: 0.01218, dyn_sta_cos_loss: 0.00322, total_cos_loss : 0.00457, vocab_cro_loss : 1.87475, 
train loss: 1.7554, train acc: 0.5535
epoch  21 summary: dyn_dyn_cos_loss: 0.00000, dyn_sta_cos_loss: 0.00000, total_cos_loss : 0.00000, vocab_cro_loss : 1.75536, 
epoch  22 summary: dyn_dyn_cos_loss: 0.00000, dyn_sta_cos_loss: 0.00000, total_cos_loss : 0.00000, vocab_cro_loss : 1.75103, 
epoch  23 summary: dyn_dyn_cos_loss: 0.00000, dyn_sta_cos_loss: 0.00000, total_cos_loss : 0.00000, vocab_cro_loss : 1.74920, 
epoch  24 summary: dyn_dyn_cos_loss: 0.01012, dyn_sta_cos_loss: 0.00293, total_cos_loss : 0.00401, vocab_cro_loss : 1.74479, 
epoch  25 summary: dyn_dyn_cos_loss: 0.00000, dyn_sta_cos_loss: 0.00000, total_cos_loss : 0.00000, vocab_cro_loss : 1.67127, 
epoch  26 summary: dyn_dyn_cos_loss: 0.00000, dyn_sta_cos_loss: 0.00000, total_cos_loss : 0.00000, vocab_cro_loss : 1.66417, 
epoch  27 summary: dyn_dyn_cos_loss: 0.00000, dyn_sta_cos_loss: 0.00000, total_cos_loss : 0.00000, vocab_cro_loss : 1.65605, 
epoch  28 summary: dyn_dyn_cos_loss: 0.00845, dyn_sta_cos_loss: 0.00270, total_cos_loss : 0.00357, vocab_cro_loss : 1.65246, 
epoch  29 summary: dyn_dyn_cos_loss: 0.00000, dyn_sta_cos_loss: 0.00000, total_cos_loss : 0.00000, vocab_cro_loss : 1.59952, 
epoch  30 summary: dyn_dyn_cos_loss: 0.00000, dyn_sta_cos_loss: 0.00000, total_cos_loss : 0.00000, vocab_cro_loss : 1.59325, 
train loss: 1.5911, train acc: 0.5743
epoch  31 summary: dyn_dyn_cos_loss: 0.00000, dyn_sta_cos_loss: 0.00000, total_cos_loss : 0.00000, vocab_cro_loss : 1.59105, 
epoch  32 summary: dyn_dyn_cos_loss: 0.00716, dyn_sta_cos_loss: 0.00253, total_cos_loss : 0.00322, vocab_cro_loss : 1.58726, 
epoch  33 summary: dyn_dyn_cos_loss: 0.00000, dyn_sta_cos_loss: 0.00000, total_cos_loss : 0.00000, vocab_cro_loss : 1.56646, 
epoch  34 summary: dyn_dyn_cos_loss: 0.00000, dyn_sta_cos_loss: 0.00000, total_cos_loss : 0.00000, vocab_cro_loss : 1.56291, 
epoch  35 summary: dyn_dyn_cos_loss: 0.00000, dyn_sta_cos_loss: 0.00000, total_cos_loss : 0.00000, vocab_cro_loss : 1.56039, 
epoch  36 summary: dyn_dyn_cos_loss: 0.00601, dyn_sta_cos_loss: 0.00245, total_cos_loss : 0.00298, vocab_cro_loss : 1.57108, 
epoch  37 summary: dyn_dyn_cos_loss: 0.00000, dyn_sta_cos_loss: 0.00000, total_cos_loss : 0.00000, vocab_cro_loss : 1.53615, 
epoch  38 summary: dyn_dyn_cos_loss: 0.00000, dyn_sta_cos_loss: 0.00000, total_cos_loss : 0.00000, vocab_cro_loss : 1.52640, 
epoch  39 summary: dyn_dyn_cos_loss: 0.00000, dyn_sta_cos_loss: 0.00000, total_cos_loss : 0.00000, vocab_cro_loss : 1.52170, 
epoch  40 summary: dyn_dyn_cos_loss: 0.00513, dyn_sta_cos_loss: 0.00231, total_cos_loss : 0.00273, vocab_cro_loss : 1.51803, 
train loss: 1.5000, train acc: 0.5864
epoch  41 summary: dyn_dyn_cos_loss: 0.00000, dyn_sta_cos_loss: 0.00000, total_cos_loss : 0.00000, vocab_cro_loss : 1.49994, 
epoch  42 summary: dyn_dyn_cos_loss: 0.00000, dyn_sta_cos_loss: 0.00000, total_cos_loss : 0.00000, vocab_cro_loss : 1.49184, 
epoch  43 summary: dyn_dyn_cos_loss: 0.00000, dyn_sta_cos_loss: 0.00000, total_cos_loss : 0.00000, vocab_cro_loss : 1.48983, 
epoch  44 summary: dyn_dyn_cos_loss: 0.00446, dyn_sta_cos_loss: 0.00222, total_cos_loss : 0.00255, vocab_cro_loss : 1.48712, 
epoch  45 summary: dyn_dyn_cos_loss: 0.00000, dyn_sta_cos_loss: 0.00000, total_cos_loss : 0.00000, vocab_cro_loss : 1.46742, 
epoch  46 summary: dyn_dyn_cos_loss: 0.00000, dyn_sta_cos_loss: 0.00000, total_cos_loss : 0.00000, vocab_cro_loss : 1.46193, 
epoch  47 summary: dyn_dyn_cos_loss: 0.00000, dyn_sta_cos_loss: 0.00000, total_cos_loss : 0.00000, vocab_cro_loss : 1.45877, 
epoch  48 summary: dyn_dyn_cos_loss: 0.00402, dyn_sta_cos_loss: 0.00216, total_cos_loss : 0.00244, vocab_cro_loss : 1.45467, 
epoch  49 summary: dyn_dyn_cos_loss: 0.00000, dyn_sta_cos_loss: 0.00000, total_cos_loss : 0.00000, vocab_cro_loss : 1.45166, 
epoch  50 summary: dyn_dyn_cos_loss: 0.00000, dyn_sta_cos_loss: 0.00000, total_cos_loss : 0.00000, vocab_cro_loss : 1.44465, 
train loss: 1.4364, train acc: 0.5956
epoch  51 summary: dyn_dyn_cos_loss: 0.00000, dyn_sta_cos_loss: 0.00000, total_cos_loss : 0.00000, vocab_cro_loss : 1.43639, 
epoch  52 summary: dyn_dyn_cos_loss: 0.00363, dyn_sta_cos_loss: 0.00210, total_cos_loss : 0.00233, vocab_cro_loss : 1.43427, 
epoch  53 summary: dyn_dyn_cos_loss: 0.00000, dyn_sta_cos_loss: 0.00000, total_cos_loss : 0.00000, vocab_cro_loss : 1.44329, 
epoch  54 summary: dyn_dyn_cos_loss: 0.00000, dyn_sta_cos_loss: 0.00000, total_cos_loss : 0.00000, vocab_cro_loss : 1.43653, 
epoch  55 summary: dyn_dyn_cos_loss: 0.00000, dyn_sta_cos_loss: 0.00000, total_cos_loss : 0.00000, vocab_cro_loss : 1.43312, 
epoch  56 summary: dyn_dyn_cos_loss: 0.00332, dyn_sta_cos_loss: 0.00203, total_cos_loss : 0.00222, vocab_cro_loss : 1.42717, 
epoch  57 summary: dyn_dyn_cos_loss: 0.00000, dyn_sta_cos_loss: 0.00000, total_cos_loss : 0.00000, vocab_cro_loss : 1.42239, 
epoch  58 summary: dyn_dyn_cos_loss: 0.00000, dyn_sta_cos_loss: 0.00000, total_cos_loss : 0.00000, vocab_cro_loss : 1.41809, 
epoch  59 summary: dyn_dyn_cos_loss: 0.00000, dyn_sta_cos_loss: 0.00000, total_cos_loss : 0.00000, vocab_cro_loss : 1.40893, 
epoch  60 summary: dyn_dyn_cos_loss: 0.00314, dyn_sta_cos_loss: 0.00198, total_cos_loss : 0.00215, vocab_cro_loss : 1.40621, 
train loss: 1.4084, train acc: 0.5954
epoch  61 summary: dyn_dyn_cos_loss: 0.00000, dyn_sta_cos_loss: 0.00000, total_cos_loss : 0.00000, vocab_cro_loss : 1.40837, 
epoch  62 summary: dyn_dyn_cos_loss: 0.00000, dyn_sta_cos_loss: 0.00000, total_cos_loss : 0.00000, vocab_cro_loss : 1.40370, 
epoch  63 summary: dyn_dyn_cos_loss: 0.00000, dyn_sta_cos_loss: 0.00000, total_cos_loss : 0.00000, vocab_cro_loss : 1.40161, 
epoch  64 summary: dyn_dyn_cos_loss: 0.00293, dyn_sta_cos_loss: 0.00195, total_cos_loss : 0.00210, vocab_cro_loss : 1.40382, 
epoch  65 summary: dyn_dyn_cos_loss: 0.00000, dyn_sta_cos_loss: 0.00000, total_cos_loss : 0.00000, vocab_cro_loss : 1.40880, 
epoch  66 summary: dyn_dyn_cos_loss: 0.00000, dyn_sta_cos_loss: 0.00000, total_cos_loss : 0.00000, vocab_cro_loss : 1.40486, 
epoch  67 summary: dyn_dyn_cos_loss: 0.00000, dyn_sta_cos_loss: 0.00000, total_cos_loss : 0.00000, vocab_cro_loss : 1.40823, 
epoch  68 summary: dyn_dyn_cos_loss: 0.00277, dyn_sta_cos_loss: 0.00193, total_cos_loss : 0.00206, vocab_cro_loss : 1.40062, 
epoch  69 summary: dyn_dyn_cos_loss: 0.00000, dyn_sta_cos_loss: 0.00000, total_cos_loss : 0.00000, vocab_cro_loss : 1.39874, 
epoch  70 summary: dyn_dyn_cos_loss: 0.00000, dyn_sta_cos_loss: 0.00000, total_cos_loss : 0.00000, vocab_cro_loss : 1.38736, 
train loss: 1.3844, train acc: 0.5989
epoch  71 summary: dyn_dyn_cos_loss: 0.00000, dyn_sta_cos_loss: 0.00000, total_cos_loss : 0.00000, vocab_cro_loss : 1.38438, 
epoch  72 summary: dyn_dyn_cos_loss: 0.00264, dyn_sta_cos_loss: 0.00190, total_cos_loss : 0.00201, vocab_cro_loss : 1.38576, 
epoch  73 summary: dyn_dyn_cos_loss: 0.00000, dyn_sta_cos_loss: 0.00000, total_cos_loss : 0.00000, vocab_cro_loss : 1.40026, 
epoch  74 summary: dyn_dyn_cos_loss: 0.00000, dyn_sta_cos_loss: 0.00000, total_cos_loss : 0.00000, vocab_cro_loss : 1.39288, 
epoch  75 summary: dyn_dyn_cos_loss: 0.00000, dyn_sta_cos_loss: 0.00000, total_cos_loss : 0.00000, vocab_cro_loss : 1.39206, 
epoch  76 summary: dyn_dyn_cos_loss: 0.00258, dyn_sta_cos_loss: 0.00190, total_cos_loss : 0.00200, vocab_cro_loss : 1.38857, 
epoch  77 summary: dyn_dyn_cos_loss: 0.00000, dyn_sta_cos_loss: 0.00000, total_cos_loss : 0.00000, vocab_cro_loss : 1.40113, 
epoch  78 summary: dyn_dyn_cos_loss: 0.00000, dyn_sta_cos_loss: 0.00000, total_cos_loss : 0.00000, vocab_cro_loss : 1.39668, 
epoch  79 summary: dyn_dyn_cos_loss: 0.00000, dyn_sta_cos_loss: 0.00000, total_cos_loss : 0.00000, vocab_cro_loss : 1.38973, 
epoch  80 summary: dyn_dyn_cos_loss: 0.00249, dyn_sta_cos_loss: 0.00187, total_cos_loss : 0.00196, vocab_cro_loss : 1.38320, 
train loss: 1.3963, train acc: 0.5969
epoch  81 summary: dyn_dyn_cos_loss: 0.00000, dyn_sta_cos_loss: 0.00000, total_cos_loss : 0.00000, vocab_cro_loss : 1.39619, 
epoch  82 summary: dyn_dyn_cos_loss: 0.00000, dyn_sta_cos_loss: 0.00000, total_cos_loss : 0.00000, vocab_cro_loss : 1.38897, 
epoch  83 summary: dyn_dyn_cos_loss: 0.00000, dyn_sta_cos_loss: 0.00000, total_cos_loss : 0.00000, vocab_cro_loss : 1.38089, 
epoch  84 summary: dyn_dyn_cos_loss: 0.00243, dyn_sta_cos_loss: 0.00184, total_cos_loss : 0.00193, vocab_cro_loss : 1.37666, 
epoch  85 summary: dyn_dyn_cos_loss: 0.00000, dyn_sta_cos_loss: 0.00000, total_cos_loss : 0.00000, vocab_cro_loss : 1.38047, 
epoch  86 summary: dyn_dyn_cos_loss: 0.00000, dyn_sta_cos_loss: 0.00000, total_cos_loss : 0.00000, vocab_cro_loss : 1.36902, 
epoch  87 summary: dyn_dyn_cos_loss: 0.00000, dyn_sta_cos_loss: 0.00000, total_cos_loss : 0.00000, vocab_cro_loss : 1.36483, 
epoch  88 summary: dyn_dyn_cos_loss: 0.00237, dyn_sta_cos_loss: 0.00183, total_cos_loss : 0.00191, vocab_cro_loss : 1.36017, 
epoch  89 summary: dyn_dyn_cos_loss: 0.00000, dyn_sta_cos_loss: 0.00000, total_cos_loss : 0.00000, vocab_cro_loss : 1.37351, 
epoch  90 summary: dyn_dyn_cos_loss: 0.00000, dyn_sta_cos_loss: 0.00000, total_cos_loss : 0.00000, vocab_cro_loss : 1.36323, 
train loss: 1.3615, train acc: 0.6030
epoch  91 summary: dyn_dyn_cos_loss: 0.00000, dyn_sta_cos_loss: 0.00000, total_cos_loss : 0.00000, vocab_cro_loss : 1.36143, 
epoch  92 summary: dyn_dyn_cos_loss: 0.00237, dyn_sta_cos_loss: 0.00180, total_cos_loss : 0.00188, vocab_cro_loss : 1.36082, 
epoch  93 summary: dyn_dyn_cos_loss: 0.00000, dyn_sta_cos_loss: 0.00000, total_cos_loss : 0.00000, vocab_cro_loss : 1.37066, 
epoch  94 summary: dyn_dyn_cos_loss: 0.00000, dyn_sta_cos_loss: 0.00000, total_cos_loss : 0.00000, vocab_cro_loss : 1.36550, 
epoch  95 summary: dyn_dyn_cos_loss: 0.00000, dyn_sta_cos_loss: 0.00000, total_cos_loss : 0.00000, vocab_cro_loss : 1.35707, 
epoch  96 summary: dyn_dyn_cos_loss: 0.00230, dyn_sta_cos_loss: 0.00179, total_cos_loss : 0.00187, vocab_cro_loss : 1.36034, 
epoch  97 summary: dyn_dyn_cos_loss: 0.00000, dyn_sta_cos_loss: 0.00000, total_cos_loss : 0.00000, vocab_cro_loss : 1.36808, 
epoch  98 summary: dyn_dyn_cos_loss: 0.00000, dyn_sta_cos_loss: 0.00000, total_cos_loss : 0.00000, vocab_cro_loss : 1.36164, 
epoch  99 summary: dyn_dyn_cos_loss: 0.00000, dyn_sta_cos_loss: 0.00000, total_cos_loss : 0.00000, vocab_cro_loss : 1.35467, 
epoch 100 summary: dyn_dyn_cos_loss: 0.00226, dyn_sta_cos_loss: 0.00178, total_cos_loss : 0.00185, vocab_cro_loss : 1.35027, 
train loss: 1.3597, train acc: 0.5999
epoch 101 summary: dyn_dyn_cos_loss: 0.00000, dyn_sta_cos_loss: 0.00000, total_cos_loss : 0.00000, vocab_cro_loss : 1.35964, 
epoch 102 summary: dyn_dyn_cos_loss: 0.00000, dyn_sta_cos_loss: 0.00000, total_cos_loss : 0.00000, vocab_cro_loss : 1.35175, 
epoch 103 summary: dyn_dyn_cos_loss: 0.00000, dyn_sta_cos_loss: 0.00000, total_cos_loss : 0.00000, vocab_cro_loss : 1.34836, 
epoch 104 summary: dyn_dyn_cos_loss: 0.00221, dyn_sta_cos_loss: 0.00179, total_cos_loss : 0.00186, vocab_cro_loss : 1.34687, 
epoch 105 summary: dyn_dyn_cos_loss: 0.00000, dyn_sta_cos_loss: 0.00000, total_cos_loss : 0.00000, vocab_cro_loss : 1.36468, 
epoch 106 summary: dyn_dyn_cos_loss: 0.00000, dyn_sta_cos_loss: 0.00000, total_cos_loss : 0.00000, vocab_cro_loss : 1.35704, 
epoch 107 summary: dyn_dyn_cos_loss: 0.00000, dyn_sta_cos_loss: 0.00000, total_cos_loss : 0.00000, vocab_cro_loss : 1.35265, 
epoch 108 summary: dyn_dyn_cos_loss: 0.00225, dyn_sta_cos_loss: 0.00177, total_cos_loss : 0.00184, vocab_cro_loss : 1.34810, 
epoch 109 summary: dyn_dyn_cos_loss: 0.00000, dyn_sta_cos_loss: 0.00000, total_cos_loss : 0.00000, vocab_cro_loss : 1.36117, 
epoch 110 summary: dyn_dyn_cos_loss: 0.00000, dyn_sta_cos_loss: 0.00000, total_cos_loss : 0.00000, vocab_cro_loss : 1.35527, 
train loss: 1.3495, train acc: 0.6016
epoch 111 summary: dyn_dyn_cos_loss: 0.00000, dyn_sta_cos_loss: 0.00000, total_cos_loss : 0.00000, vocab_cro_loss : 1.34952, 
epoch 112 summary: dyn_dyn_cos_loss: 0.00221, dyn_sta_cos_loss: 0.00173, total_cos_loss : 0.00180, vocab_cro_loss : 1.34512, 
epoch 113 summary: dyn_dyn_cos_loss: 0.00000, dyn_sta_cos_loss: 0.00000, total_cos_loss : 0.00000, vocab_cro_loss : 1.35663, 
epoch 114 summary: dyn_dyn_cos_loss: 0.00000, dyn_sta_cos_loss: 0.00000, total_cos_loss : 0.00000, vocab_cro_loss : 1.35294, 
epoch 115 summary: dyn_dyn_cos_loss: 0.00000, dyn_sta_cos_loss: 0.00000, total_cos_loss : 0.00000, vocab_cro_loss : 1.34633, 
epoch 116 summary: dyn_dyn_cos_loss: 0.00217, dyn_sta_cos_loss: 0.00175, total_cos_loss : 0.00182, vocab_cro_loss : 1.34815, 
epoch 117 summary: dyn_dyn_cos_loss: 0.00000, dyn_sta_cos_loss: 0.00000, total_cos_loss : 0.00000, vocab_cro_loss : 1.36001, 
epoch 118 summary: dyn_dyn_cos_loss: 0.00000, dyn_sta_cos_loss: 0.00000, total_cos_loss : 0.00000, vocab_cro_loss : 1.35615, 
epoch 119 summary: dyn_dyn_cos_loss: 0.00000, dyn_sta_cos_loss: 0.00000, total_cos_loss : 0.00000, vocab_cro_loss : 1.35050, 
epoch 120 summary: dyn_dyn_cos_loss: 0.00219, dyn_sta_cos_loss: 0.00174, total_cos_loss : 0.00181, vocab_cro_loss : 1.34758, 
train loss: 1.3535, train acc: 0.6009
epoch 121 summary: dyn_dyn_cos_loss: 0.00000, dyn_sta_cos_loss: 0.00000, total_cos_loss : 0.00000, vocab_cro_loss : 1.35350, 
epoch 122 summary: dyn_dyn_cos_loss: 0.00000, dyn_sta_cos_loss: 0.00000, total_cos_loss : 0.00000, vocab_cro_loss : 1.34368, 
epoch 123 summary: dyn_dyn_cos_loss: 0.00000, dyn_sta_cos_loss: 0.00000, total_cos_loss : 0.00000, vocab_cro_loss : 1.34075, 
epoch 124 summary: dyn_dyn_cos_loss: 0.00215, dyn_sta_cos_loss: 0.00176, total_cos_loss : 0.00182, vocab_cro_loss : 1.33492, 
epoch 125 summary: dyn_dyn_cos_loss: 0.00000, dyn_sta_cos_loss: 0.00000, total_cos_loss : 0.00000, vocab_cro_loss : 1.34466, 
epoch 126 summary: dyn_dyn_cos_loss: 0.00000, dyn_sta_cos_loss: 0.00000, total_cos_loss : 0.00000, vocab_cro_loss : 1.34296, 
epoch 127 summary: dyn_dyn_cos_loss: 0.00000, dyn_sta_cos_loss: 0.00000, total_cos_loss : 0.00000, vocab_cro_loss : 1.33769, 
epoch 128 summary: dyn_dyn_cos_loss: 0.00212, dyn_sta_cos_loss: 0.00172, total_cos_loss : 0.00178, vocab_cro_loss : 1.33459, 
epoch 129 summary: dyn_dyn_cos_loss: 0.00000, dyn_sta_cos_loss: 0.00000, total_cos_loss : 0.00000, vocab_cro_loss : 1.34582, 
epoch 130 summary: dyn_dyn_cos_loss: 0.00000, dyn_sta_cos_loss: 0.00000, total_cos_loss : 0.00000, vocab_cro_loss : 1.34196, 
train loss: 1.3450, train acc: 0.6011
epoch 131 summary: dyn_dyn_cos_loss: 0.00000, dyn_sta_cos_loss: 0.00000, total_cos_loss : 0.00000, vocab_cro_loss : 1.34494, 
epoch 132 summary: dyn_dyn_cos_loss: 0.00211, dyn_sta_cos_loss: 0.00172, total_cos_loss : 0.00178, vocab_cro_loss : 1.34362, 
epoch 133 summary: dyn_dyn_cos_loss: 0.00000, dyn_sta_cos_loss: 0.00000, total_cos_loss : 0.00000, vocab_cro_loss : 1.35152, 
epoch 134 summary: dyn_dyn_cos_loss: 0.00000, dyn_sta_cos_loss: 0.00000, total_cos_loss : 0.00000, vocab_cro_loss : 1.34185, 
epoch 135 summary: dyn_dyn_cos_loss: 0.00000, dyn_sta_cos_loss: 0.00000, total_cos_loss : 0.00000, vocab_cro_loss : 1.33750, 
epoch 136 summary: dyn_dyn_cos_loss: 0.00213, dyn_sta_cos_loss: 0.00172, total_cos_loss : 0.00178, vocab_cro_loss : 1.34027, 
epoch 137 summary: dyn_dyn_cos_loss: 0.00000, dyn_sta_cos_loss: 0.00000, total_cos_loss : 0.00000, vocab_cro_loss : 1.35666, 
epoch 138 summary: dyn_dyn_cos_loss: 0.00000, dyn_sta_cos_loss: 0.00000, total_cos_loss : 0.00000, vocab_cro_loss : 1.34706, 
epoch 139 summary: dyn_dyn_cos_loss: 0.00000, dyn_sta_cos_loss: 0.00000, total_cos_loss : 0.00000, vocab_cro_loss : 1.33279, 
epoch 140 summary: dyn_dyn_cos_loss: 0.00213, dyn_sta_cos_loss: 0.00174, total_cos_loss : 0.00179, vocab_cro_loss : 1.32818, 
train loss: 1.3370, train acc: 0.6075
epoch 141 summary: dyn_dyn_cos_loss: 0.00000, dyn_sta_cos_loss: 0.00000, total_cos_loss : 0.00000, vocab_cro_loss : 1.33701, 
epoch 142 summary: dyn_dyn_cos_loss: 0.00000, dyn_sta_cos_loss: 0.00000, total_cos_loss : 0.00000, vocab_cro_loss : 1.33421, 
epoch 143 summary: dyn_dyn_cos_loss: 0.00000, dyn_sta_cos_loss: 0.00000, total_cos_loss : 0.00000, vocab_cro_loss : 1.33398, 
epoch 144 summary: dyn_dyn_cos_loss: 0.00212, dyn_sta_cos_loss: 0.00172, total_cos_loss : 0.00178, vocab_cro_loss : 1.32825, 
epoch 145 summary: dyn_dyn_cos_loss: 0.00000, dyn_sta_cos_loss: 0.00000, total_cos_loss : 0.00000, vocab_cro_loss : 1.33560, 
epoch 146 summary: dyn_dyn_cos_loss: 0.00000, dyn_sta_cos_loss: 0.00000, total_cos_loss : 0.00000, vocab_cro_loss : 1.32930, 
epoch 147 summary: dyn_dyn_cos_loss: 0.00000, dyn_sta_cos_loss: 0.00000, total_cos_loss : 0.00000, vocab_cro_loss : 1.32598, 
epoch 148 summary: dyn_dyn_cos_loss: 0.00210, dyn_sta_cos_loss: 0.00170, total_cos_loss : 0.00176, vocab_cro_loss : 1.32233, 
epoch 149 summary: dyn_dyn_cos_loss: 0.00000, dyn_sta_cos_loss: 0.00000, total_cos_loss : 0.00000, vocab_cro_loss : 1.32909, 
epoch 150 summary: dyn_dyn_cos_loss: 0.00000, dyn_sta_cos_loss: 0.00000, total_cos_loss : 0.00000, vocab_cro_loss : 1.32666, 
train loss: 1.3233, train acc: 0.6091
epoch 151 summary: dyn_dyn_cos_loss: 0.00000, dyn_sta_cos_loss: 0.00000, total_cos_loss : 0.00000, vocab_cro_loss : 1.32328, 
epoch 152 summary: dyn_dyn_cos_loss: 0.00212, dyn_sta_cos_loss: 0.00173, total_cos_loss : 0.00179, vocab_cro_loss : 1.32086, 
epoch 153 summary: dyn_dyn_cos_loss: 0.00000, dyn_sta_cos_loss: 0.00000, total_cos_loss : 0.00000, vocab_cro_loss : 1.32696, 
epoch 154 summary: dyn_dyn_cos_loss: 0.00000, dyn_sta_cos_loss: 0.00000, total_cos_loss : 0.00000, vocab_cro_loss : 1.32399, 
epoch 155 summary: dyn_dyn_cos_loss: 0.00000, dyn_sta_cos_loss: 0.00000, total_cos_loss : 0.00000, vocab_cro_loss : 1.31676, 
epoch 156 summary: dyn_dyn_cos_loss: 0.00210, dyn_sta_cos_loss: 0.00171, total_cos_loss : 0.00177, vocab_cro_loss : 1.31440, 
epoch 157 summary: dyn_dyn_cos_loss: 0.00000, dyn_sta_cos_loss: 0.00000, total_cos_loss : 0.00000, vocab_cro_loss : 1.32915, 
epoch 158 summary: dyn_dyn_cos_loss: 0.00000, dyn_sta_cos_loss: 0.00000, total_cos_loss : 0.00000, vocab_cro_loss : 1.32547, 
epoch 159 summary: dyn_dyn_cos_loss: 0.00000, dyn_sta_cos_loss: 0.00000, total_cos_loss : 0.00000, vocab_cro_loss : 1.31989, 
epoch 160 summary: dyn_dyn_cos_loss: 0.00209, dyn_sta_cos_loss: 0.00172, total_cos_loss : 0.00178, vocab_cro_loss : 1.31979, 
train loss: 1.3300, train acc: 0.6101
epoch 161 summary: dyn_dyn_cos_loss: 0.00000, dyn_sta_cos_loss: 0.00000, total_cos_loss : 0.00000, vocab_cro_loss : 1.32998, 
epoch 162 summary: dyn_dyn_cos_loss: 0.00000, dyn_sta_cos_loss: 0.00000, total_cos_loss : 0.00000, vocab_cro_loss : 1.32774, 
epoch 163 summary: dyn_dyn_cos_loss: 0.00000, dyn_sta_cos_loss: 0.00000, total_cos_loss : 0.00000, vocab_cro_loss : 1.32514, 
epoch 164 summary: dyn_dyn_cos_loss: 0.00207, dyn_sta_cos_loss: 0.00170, total_cos_loss : 0.00175, vocab_cro_loss : 1.32198, 
epoch 165 summary: dyn_dyn_cos_loss: 0.00000, dyn_sta_cos_loss: 0.00000, total_cos_loss : 0.00000, vocab_cro_loss : 1.33543, 
epoch 166 summary: dyn_dyn_cos_loss: 0.00000, dyn_sta_cos_loss: 0.00000, total_cos_loss : 0.00000, vocab_cro_loss : 1.32482, 
epoch 167 summary: dyn_dyn_cos_loss: 0.00000, dyn_sta_cos_loss: 0.00000, total_cos_loss : 0.00000, vocab_cro_loss : 1.32017, 
epoch 168 summary: dyn_dyn_cos_loss: 0.00208, dyn_sta_cos_loss: 0.00174, total_cos_loss : 0.00179, vocab_cro_loss : 1.31386, 
epoch 169 summary: dyn_dyn_cos_loss: 0.00000, dyn_sta_cos_loss: 0.00000, total_cos_loss : 0.00000, vocab_cro_loss : 1.32175, 
epoch 170 summary: dyn_dyn_cos_loss: 0.00000, dyn_sta_cos_loss: 0.00000, total_cos_loss : 0.00000, vocab_cro_loss : 1.31681, 
train loss: 1.3128, train acc: 0.6127
epoch 171 summary: dyn_dyn_cos_loss: 0.00000, dyn_sta_cos_loss: 0.00000, total_cos_loss : 0.00000, vocab_cro_loss : 1.31280, 
epoch 172 summary: dyn_dyn_cos_loss: 0.00207, dyn_sta_cos_loss: 0.00170, total_cos_loss : 0.00175, vocab_cro_loss : 1.31224, 
epoch 173 summary: dyn_dyn_cos_loss: 0.00000, dyn_sta_cos_loss: 0.00000, total_cos_loss : 0.00000, vocab_cro_loss : 1.32512, 
epoch 174 summary: dyn_dyn_cos_loss: 0.00000, dyn_sta_cos_loss: 0.00000, total_cos_loss : 0.00000, vocab_cro_loss : 1.31480, 
epoch 175 summary: dyn_dyn_cos_loss: 0.00000, dyn_sta_cos_loss: 0.00000, total_cos_loss : 0.00000, vocab_cro_loss : 1.31187, 
epoch 176 summary: dyn_dyn_cos_loss: 0.00206, dyn_sta_cos_loss: 0.00167, total_cos_loss : 0.00173, vocab_cro_loss : 1.30867, 
epoch 177 summary: dyn_dyn_cos_loss: 0.00000, dyn_sta_cos_loss: 0.00000, total_cos_loss : 0.00000, vocab_cro_loss : 1.31859, 
epoch 178 summary: dyn_dyn_cos_loss: 0.00000, dyn_sta_cos_loss: 0.00000, total_cos_loss : 0.00000, vocab_cro_loss : 1.31578, 
epoch 179 summary: dyn_dyn_cos_loss: 0.00000, dyn_sta_cos_loss: 0.00000, total_cos_loss : 0.00000, vocab_cro_loss : 1.31404, 
epoch 180 summary: dyn_dyn_cos_loss: 0.00210, dyn_sta_cos_loss: 0.00168, total_cos_loss : 0.00174, vocab_cro_loss : 1.30799, 
train loss: 1.3160, train acc: 0.6124
epoch 181 summary: dyn_dyn_cos_loss: 0.00000, dyn_sta_cos_loss: 0.00000, total_cos_loss : 0.00000, vocab_cro_loss : 1.31600, 
epoch 182 summary: dyn_dyn_cos_loss: 0.00000, dyn_sta_cos_loss: 0.00000, total_cos_loss : 0.00000, vocab_cro_loss : 1.30713, 
epoch 183 summary: dyn_dyn_cos_loss: 0.00000, dyn_sta_cos_loss: 0.00000, total_cos_loss : 0.00000, vocab_cro_loss : 1.30454, 
epoch 184 summary: dyn_dyn_cos_loss: 0.00208, dyn_sta_cos_loss: 0.00167, total_cos_loss : 0.00173, vocab_cro_loss : 1.30150, 
epoch 185 summary: dyn_dyn_cos_loss: 0.00000, dyn_sta_cos_loss: 0.00000, total_cos_loss : 0.00000, vocab_cro_loss : 1.31408, 
epoch 186 summary: dyn_dyn_cos_loss: 0.00000, dyn_sta_cos_loss: 0.00000, total_cos_loss : 0.00000, vocab_cro_loss : 1.30902, 
epoch 187 summary: dyn_dyn_cos_loss: 0.00000, dyn_sta_cos_loss: 0.00000, total_cos_loss : 0.00000, vocab_cro_loss : 1.30662, 
epoch 188 summary: dyn_dyn_cos_loss: 0.00207, dyn_sta_cos_loss: 0.00167, total_cos_loss : 0.00173, vocab_cro_loss : 1.30392, 
epoch 189 summary: dyn_dyn_cos_loss: 0.00000, dyn_sta_cos_loss: 0.00000, total_cos_loss : 0.00000, vocab_cro_loss : 1.31377, 
epoch 190 summary: dyn_dyn_cos_loss: 0.00000, dyn_sta_cos_loss: 0.00000, total_cos_loss : 0.00000, vocab_cro_loss : 1.30936, 
train loss: 1.3068, train acc: 0.6140
epoch 191 summary: dyn_dyn_cos_loss: 0.00000, dyn_sta_cos_loss: 0.00000, total_cos_loss : 0.00000, vocab_cro_loss : 1.30679, 
epoch 192 summary: dyn_dyn_cos_loss: 0.00206, dyn_sta_cos_loss: 0.00166, total_cos_loss : 0.00172, vocab_cro_loss : 1.30304, 
epoch 193 summary: dyn_dyn_cos_loss: 0.00000, dyn_sta_cos_loss: 0.00000, total_cos_loss : 0.00000, vocab_cro_loss : 1.31239, 
epoch 194 summary: dyn_dyn_cos_loss: 0.00000, dyn_sta_cos_loss: 0.00000, total_cos_loss : 0.00000, vocab_cro_loss : 1.30673, 
epoch 195 summary: dyn_dyn_cos_loss: 0.00000, dyn_sta_cos_loss: 0.00000, total_cos_loss : 0.00000, vocab_cro_loss : 1.30204, 
epoch 196 summary: dyn_dyn_cos_loss: 0.00208, dyn_sta_cos_loss: 0.00165, total_cos_loss : 0.00172, vocab_cro_loss : 1.30139, 
epoch 197 summary: dyn_dyn_cos_loss: 0.00000, dyn_sta_cos_loss: 0.00000, total_cos_loss : 0.00000, vocab_cro_loss : 1.31711, 
epoch 198 summary: dyn_dyn_cos_loss: 0.00000, dyn_sta_cos_loss: 0.00000, total_cos_loss : 0.00000, vocab_cro_loss : 1.31013, 
epoch 199 summary: dyn_dyn_cos_loss: 0.00000, dyn_sta_cos_loss: 0.00000, total_cos_loss : 0.00000, vocab_cro_loss : 1.30854, 
epoch 200 summary: dyn_dyn_cos_loss: 0.00207, dyn_sta_cos_loss: 0.00165, total_cos_loss : 0.00172, vocab_cro_loss : 1.30463, 
train loss: 1.3122, train acc: 0.6111
epoch 201 summary: dyn_dyn_cos_loss: 0.00000, dyn_sta_cos_loss: 0.00000, total_cos_loss : 0.00000, vocab_cro_loss : 1.31221, 
epoch 202 summary: dyn_dyn_cos_loss: 0.00000, dyn_sta_cos_loss: 0.00000, total_cos_loss : 0.00000, vocab_cro_loss : 1.30673, 
epoch 203 summary: dyn_dyn_cos_loss: 0.00000, dyn_sta_cos_loss: 0.00000, total_cos_loss : 0.00000, vocab_cro_loss : 1.30443, 
epoch 204 summary: dyn_dyn_cos_loss: 0.00206, dyn_sta_cos_loss: 0.00166, total_cos_loss : 0.00172, vocab_cro_loss : 1.30321, 
epoch 205 summary: dyn_dyn_cos_loss: 0.00000, dyn_sta_cos_loss: 0.00000, total_cos_loss : 0.00000, vocab_cro_loss : 1.31526, 
epoch 206 summary: dyn_dyn_cos_loss: 0.00000, dyn_sta_cos_loss: 0.00000, total_cos_loss : 0.00000, vocab_cro_loss : 1.31137, 
epoch 207 summary: dyn_dyn_cos_loss: 0.00000, dyn_sta_cos_loss: 0.00000, total_cos_loss : 0.00000, vocab_cro_loss : 1.30859, 
epoch 208 summary: dyn_dyn_cos_loss: 0.00204, dyn_sta_cos_loss: 0.00166, total_cos_loss : 0.00171, vocab_cro_loss : 1.30336, 
epoch 209 summary: dyn_dyn_cos_loss: 0.00000, dyn_sta_cos_loss: 0.00000, total_cos_loss : 0.00000, vocab_cro_loss : 1.31736, 
epoch 210 summary: dyn_dyn_cos_loss: 0.00000, dyn_sta_cos_loss: 0.00000, total_cos_loss : 0.00000, vocab_cro_loss : 1.31275, 
train loss: 1.3052, train acc: 0.6129
epoch 211 summary: dyn_dyn_cos_loss: 0.00000, dyn_sta_cos_loss: 0.00000, total_cos_loss : 0.00000, vocab_cro_loss : 1.30515, 
epoch 212 summary: dyn_dyn_cos_loss: 0.00207, dyn_sta_cos_loss: 0.00166, total_cos_loss : 0.00172, vocab_cro_loss : 1.30153, 
epoch 213 summary: dyn_dyn_cos_loss: 0.00000, dyn_sta_cos_loss: 0.00000, total_cos_loss : 0.00000, vocab_cro_loss : 1.31292, 
epoch 214 summary: dyn_dyn_cos_loss: 0.00000, dyn_sta_cos_loss: 0.00000, total_cos_loss : 0.00000, vocab_cro_loss : 1.30879, 
epoch 215 summary: dyn_dyn_cos_loss: 0.00000, dyn_sta_cos_loss: 0.00000, total_cos_loss : 0.00000, vocab_cro_loss : 1.30491, 
epoch 216 summary: dyn_dyn_cos_loss: 0.00205, dyn_sta_cos_loss: 0.00166, total_cos_loss : 0.00172, vocab_cro_loss : 1.30375, 
epoch 217 summary: dyn_dyn_cos_loss: 0.00000, dyn_sta_cos_loss: 0.00000, total_cos_loss : 0.00000, vocab_cro_loss : 1.31407, 
epoch 218 summary: dyn_dyn_cos_loss: 0.00000, dyn_sta_cos_loss: 0.00000, total_cos_loss : 0.00000, vocab_cro_loss : 1.30596, 
epoch 219 summary: dyn_dyn_cos_loss: 0.00000, dyn_sta_cos_loss: 0.00000, total_cos_loss : 0.00000, vocab_cro_loss : 1.30327, 
epoch 220 summary: dyn_dyn_cos_loss: 0.00204, dyn_sta_cos_loss: 0.00168, total_cos_loss : 0.00173, vocab_cro_loss : 1.30118, 
train loss: 1.3159, train acc: 0.6081
epoch 221 summary: dyn_dyn_cos_loss: 0.00000, dyn_sta_cos_loss: 0.00000, total_cos_loss : 0.00000, vocab_cro_loss : 1.31583, 
epoch 222 summary: dyn_dyn_cos_loss: 0.00000, dyn_sta_cos_loss: 0.00000, total_cos_loss : 0.00000, vocab_cro_loss : 1.30833, 
epoch 223 summary: dyn_dyn_cos_loss: 0.00000, dyn_sta_cos_loss: 0.00000, total_cos_loss : 0.00000, vocab_cro_loss : 1.30610, 
epoch 224 summary: dyn_dyn_cos_loss: 0.00204, dyn_sta_cos_loss: 0.00169, total_cos_loss : 0.00174, vocab_cro_loss : 1.30251, 
epoch 225 summary: dyn_dyn_cos_loss: 0.00000, dyn_sta_cos_loss: 0.00000, total_cos_loss : 0.00000, vocab_cro_loss : 1.31587, 
epoch 226 summary: dyn_dyn_cos_loss: 0.00000, dyn_sta_cos_loss: 0.00000, total_cos_loss : 0.00000, vocab_cro_loss : 1.31313, 
epoch 227 summary: dyn_dyn_cos_loss: 0.00000, dyn_sta_cos_loss: 0.00000, total_cos_loss : 0.00000, vocab_cro_loss : 1.30900, 
epoch 228 summary: dyn_dyn_cos_loss: 0.00207, dyn_sta_cos_loss: 0.00169, total_cos_loss : 0.00175, vocab_cro_loss : 1.30546, 
epoch 229 summary: dyn_dyn_cos_loss: 0.00000, dyn_sta_cos_loss: 0.00000, total_cos_loss : 0.00000, vocab_cro_loss : 1.31815, 
epoch 230 summary: dyn_dyn_cos_loss: 0.00000, dyn_sta_cos_loss: 0.00000, total_cos_loss : 0.00000, vocab_cro_loss : 1.31488, 
train loss: 1.3107, train acc: 0.6098
epoch 231 summary: dyn_dyn_cos_loss: 0.00000, dyn_sta_cos_loss: 0.00000, total_cos_loss : 0.00000, vocab_cro_loss : 1.31072, 
epoch 232 summary: dyn_dyn_cos_loss: 0.00205, dyn_sta_cos_loss: 0.00168, total_cos_loss : 0.00173, vocab_cro_loss : 1.30568, 
epoch 233 summary: dyn_dyn_cos_loss: 0.00000, dyn_sta_cos_loss: 0.00000, total_cos_loss : 0.00000, vocab_cro_loss : 1.31159, 
epoch 234 summary: dyn_dyn_cos_loss: 0.00000, dyn_sta_cos_loss: 0.00000, total_cos_loss : 0.00000, vocab_cro_loss : 1.30644, 
epoch 235 summary: dyn_dyn_cos_loss: 0.00000, dyn_sta_cos_loss: 0.00000, total_cos_loss : 0.00000, vocab_cro_loss : 1.30179, 
epoch 236 summary: dyn_dyn_cos_loss: 0.00205, dyn_sta_cos_loss: 0.00167, total_cos_loss : 0.00173, vocab_cro_loss : 1.30073, 
epoch 237 summary: dyn_dyn_cos_loss: 0.00000, dyn_sta_cos_loss: 0.00000, total_cos_loss : 0.00000, vocab_cro_loss : 1.31474, 
epoch 238 summary: dyn_dyn_cos_loss: 0.00000, dyn_sta_cos_loss: 0.00000, total_cos_loss : 0.00000, vocab_cro_loss : 1.30823, 
epoch 239 summary: dyn_dyn_cos_loss: 0.00000, dyn_sta_cos_loss: 0.00000, total_cos_loss : 0.00000, vocab_cro_loss : 1.30446, 
epoch 240 summary: dyn_dyn_cos_loss: 0.00206, dyn_sta_cos_loss: 0.00169, total_cos_loss : 0.00175, vocab_cro_loss : 1.29584, 
train loss: 1.3100, train acc: 0.6089
epoch 241 summary: dyn_dyn_cos_loss: 0.00000, dyn_sta_cos_loss: 0.00000, total_cos_loss : 0.00000, vocab_cro_loss : 1.30999, 
epoch 242 summary: dyn_dyn_cos_loss: 0.00000, dyn_sta_cos_loss: 0.00000, total_cos_loss : 0.00000, vocab_cro_loss : 1.30660, 
epoch 243 summary: dyn_dyn_cos_loss: 0.00000, dyn_sta_cos_loss: 0.00000, total_cos_loss : 0.00000, vocab_cro_loss : 1.30169, 
epoch 244 summary: dyn_dyn_cos_loss: 0.00205, dyn_sta_cos_loss: 0.00170, total_cos_loss : 0.00175, vocab_cro_loss : 1.29806, 
epoch 245 summary: dyn_dyn_cos_loss: 0.00000, dyn_sta_cos_loss: 0.00000, total_cos_loss : 0.00000, vocab_cro_loss : 1.30717, 
epoch 246 summary: dyn_dyn_cos_loss: 0.00000, dyn_sta_cos_loss: 0.00000, total_cos_loss : 0.00000, vocab_cro_loss : 1.30014, 
epoch 247 summary: dyn_dyn_cos_loss: 0.00000, dyn_sta_cos_loss: 0.00000, total_cos_loss : 0.00000, vocab_cro_loss : 1.29777, 
epoch 248 summary: dyn_dyn_cos_loss: 0.00204, dyn_sta_cos_loss: 0.00169, total_cos_loss : 0.00174, vocab_cro_loss : 1.29684, 
epoch 249 summary: dyn_dyn_cos_loss: 0.00000, dyn_sta_cos_loss: 0.00000, total_cos_loss : 0.00000, vocab_cro_loss : 1.30892, 
epoch 250 summary: dyn_dyn_cos_loss: 0.00000, dyn_sta_cos_loss: 0.00000, total_cos_loss : 0.00000, vocab_cro_loss : 1.30111, 
train loss: 1.2983, train acc: 0.6102
epoch 251 summary: dyn_dyn_cos_loss: 0.00000, dyn_sta_cos_loss: 0.00000, total_cos_loss : 0.00000, vocab_cro_loss : 1.29830, 
epoch 252 summary: dyn_dyn_cos_loss: 0.00203, dyn_sta_cos_loss: 0.00169, total_cos_loss : 0.00174, vocab_cro_loss : 1.29571, 
epoch 253 summary: dyn_dyn_cos_loss: 0.00000, dyn_sta_cos_loss: 0.00000, total_cos_loss : 0.00000, vocab_cro_loss : 1.31378, 
epoch 254 summary: dyn_dyn_cos_loss: 0.00000, dyn_sta_cos_loss: 0.00000, total_cos_loss : 0.00000, vocab_cro_loss : 1.30614, 
epoch 255 summary: dyn_dyn_cos_loss: 0.00000, dyn_sta_cos_loss: 0.00000, total_cos_loss : 0.00000, vocab_cro_loss : 1.30249, 
epoch 256 summary: dyn_dyn_cos_loss: 0.00206, dyn_sta_cos_loss: 0.00167, total_cos_loss : 0.00173, vocab_cro_loss : 1.29793, 
epoch 257 summary: dyn_dyn_cos_loss: 0.00000, dyn_sta_cos_loss: 0.00000, total_cos_loss : 0.00000, vocab_cro_loss : 1.31174, 
epoch 258 summary: dyn_dyn_cos_loss: 0.00000, dyn_sta_cos_loss: 0.00000, total_cos_loss : 0.00000, vocab_cro_loss : 1.30657, 
epoch 259 summary: dyn_dyn_cos_loss: 0.00000, dyn_sta_cos_loss: 0.00000, total_cos_loss : 0.00000, vocab_cro_loss : 1.30345, 
epoch 260 summary: dyn_dyn_cos_loss: 0.00203, dyn_sta_cos_loss: 0.00167, total_cos_loss : 0.00172, vocab_cro_loss : 1.29937, 
train loss: 1.3130, train acc: 0.6089
epoch 261 summary: dyn_dyn_cos_loss: 0.00000, dyn_sta_cos_loss: 0.00000, total_cos_loss : 0.00000, vocab_cro_loss : 1.31295, 
epoch 262 summary: dyn_dyn_cos_loss: 0.00000, dyn_sta_cos_loss: 0.00000, total_cos_loss : 0.00000, vocab_cro_loss : 1.30915, 
epoch 263 summary: dyn_dyn_cos_loss: 0.00000, dyn_sta_cos_loss: 0.00000, total_cos_loss : 0.00000, vocab_cro_loss : 1.30352, 
epoch 264 summary: dyn_dyn_cos_loss: 0.00202, dyn_sta_cos_loss: 0.00166, total_cos_loss : 0.00171, vocab_cro_loss : 1.29677, 
epoch 265 summary: dyn_dyn_cos_loss: 0.00000, dyn_sta_cos_loss: 0.00000, total_cos_loss : 0.00000, vocab_cro_loss : 1.31035, 
epoch 266 summary: dyn_dyn_cos_loss: 0.00000, dyn_sta_cos_loss: 0.00000, total_cos_loss : 0.00000, vocab_cro_loss : 1.30746, 
epoch 267 summary: dyn_dyn_cos_loss: 0.00000, dyn_sta_cos_loss: 0.00000, total_cos_loss : 0.00000, vocab_cro_loss : 1.30066, 
epoch 268 summary: dyn_dyn_cos_loss: 0.00200, dyn_sta_cos_loss: 0.00164, total_cos_loss : 0.00170, vocab_cro_loss : 1.29818, 
epoch 269 summary: dyn_dyn_cos_loss: 0.00000, dyn_sta_cos_loss: 0.00000, total_cos_loss : 0.00000, vocab_cro_loss : 1.30740, 
epoch 270 summary: dyn_dyn_cos_loss: 0.00000, dyn_sta_cos_loss: 0.00000, total_cos_loss : 0.00000, vocab_cro_loss : 1.30129, 
train loss: 1.2976, train acc: 0.6116
epoch 271 summary: dyn_dyn_cos_loss: 0.00000, dyn_sta_cos_loss: 0.00000, total_cos_loss : 0.00000, vocab_cro_loss : 1.29762, 
epoch 272 summary: dyn_dyn_cos_loss: 0.00203, dyn_sta_cos_loss: 0.00165, total_cos_loss : 0.00171, vocab_cro_loss : 1.29669, 
epoch 273 summary: dyn_dyn_cos_loss: 0.00000, dyn_sta_cos_loss: 0.00000, total_cos_loss : 0.00000, vocab_cro_loss : 1.30706, 
epoch 274 summary: dyn_dyn_cos_loss: 0.00000, dyn_sta_cos_loss: 0.00000, total_cos_loss : 0.00000, vocab_cro_loss : 1.30193, 
epoch 275 summary: dyn_dyn_cos_loss: 0.00000, dyn_sta_cos_loss: 0.00000, total_cos_loss : 0.00000, vocab_cro_loss : 1.29805, 
epoch 276 summary: dyn_dyn_cos_loss: 0.00202, dyn_sta_cos_loss: 0.00167, total_cos_loss : 0.00172, vocab_cro_loss : 1.29699, 
epoch 277 summary: dyn_dyn_cos_loss: 0.00000, dyn_sta_cos_loss: 0.00000, total_cos_loss : 0.00000, vocab_cro_loss : 1.30984, 
epoch 278 summary: dyn_dyn_cos_loss: 0.00000, dyn_sta_cos_loss: 0.00000, total_cos_loss : 0.00000, vocab_cro_loss : 1.30786, 
epoch 279 summary: dyn_dyn_cos_loss: 0.00000, dyn_sta_cos_loss: 0.00000, total_cos_loss : 0.00000, vocab_cro_loss : 1.30223, 
epoch 280 summary: dyn_dyn_cos_loss: 0.00201, dyn_sta_cos_loss: 0.00165, total_cos_loss : 0.00170, vocab_cro_loss : 1.29963, 
train loss: 1.3081, train acc: 0.6086
epoch 281 summary: dyn_dyn_cos_loss: 0.00000, dyn_sta_cos_loss: 0.00000, total_cos_loss : 0.00000, vocab_cro_loss : 1.30804, 
epoch 282 summary: dyn_dyn_cos_loss: 0.00000, dyn_sta_cos_loss: 0.00000, total_cos_loss : 0.00000, vocab_cro_loss : 1.30183, 
epoch 283 summary: dyn_dyn_cos_loss: 0.00000, dyn_sta_cos_loss: 0.00000, total_cos_loss : 0.00000, vocab_cro_loss : 1.29968, 
epoch 284 summary: dyn_dyn_cos_loss: 0.00199, dyn_sta_cos_loss: 0.00164, total_cos_loss : 0.00169, vocab_cro_loss : 1.29642, 
epoch 285 summary: dyn_dyn_cos_loss: 0.00000, dyn_sta_cos_loss: 0.00000, total_cos_loss : 0.00000, vocab_cro_loss : 1.30933, 
epoch 286 summary: dyn_dyn_cos_loss: 0.00000, dyn_sta_cos_loss: 0.00000, total_cos_loss : 0.00000, vocab_cro_loss : 1.30299, 
epoch 287 summary: dyn_dyn_cos_loss: 0.00000, dyn_sta_cos_loss: 0.00000, total_cos_loss : 0.00000, vocab_cro_loss : 1.30050, 
epoch 288 summary: dyn_dyn_cos_loss: 0.00201, dyn_sta_cos_loss: 0.00165, total_cos_loss : 0.00171, vocab_cro_loss : 1.29869, 
epoch 289 summary: dyn_dyn_cos_loss: 0.00000, dyn_sta_cos_loss: 0.00000, total_cos_loss : 0.00000, vocab_cro_loss : 1.31198, 
epoch 290 summary: dyn_dyn_cos_loss: 0.00000, dyn_sta_cos_loss: 0.00000, total_cos_loss : 0.00000, vocab_cro_loss : 1.30975, 
train loss: 1.3076, train acc: 0.6071
epoch 291 summary: dyn_dyn_cos_loss: 0.00000, dyn_sta_cos_loss: 0.00000, total_cos_loss : 0.00000, vocab_cro_loss : 1.30754, 
epoch 292 summary: dyn_dyn_cos_loss: 0.00200, dyn_sta_cos_loss: 0.00165, total_cos_loss : 0.00171, vocab_cro_loss : 1.30054, 
epoch 293 summary: dyn_dyn_cos_loss: 0.00000, dyn_sta_cos_loss: 0.00000, total_cos_loss : 0.00000, vocab_cro_loss : 1.30974, 
epoch 294 summary: dyn_dyn_cos_loss: 0.00000, dyn_sta_cos_loss: 0.00000, total_cos_loss : 0.00000, vocab_cro_loss : 1.30629, 
epoch 295 summary: dyn_dyn_cos_loss: 0.00000, dyn_sta_cos_loss: 0.00000, total_cos_loss : 0.00000, vocab_cro_loss : 1.30276, 
epoch 296 summary: dyn_dyn_cos_loss: 0.00198, dyn_sta_cos_loss: 0.00166, total_cos_loss : 0.00171, vocab_cro_loss : 1.29685, 
epoch 297 summary: dyn_dyn_cos_loss: 0.00000, dyn_sta_cos_loss: 0.00000, total_cos_loss : 0.00000, vocab_cro_loss : 1.30934, 
epoch 298 summary: dyn_dyn_cos_loss: 0.00000, dyn_sta_cos_loss: 0.00000, total_cos_loss : 0.00000, vocab_cro_loss : 1.30549, 
epoch 299 summary: dyn_dyn_cos_loss: 0.00000, dyn_sta_cos_loss: 0.00000, total_cos_loss : 0.00000, vocab_cro_loss : 1.29867, 
epoch 300 summary: dyn_dyn_cos_loss: 0.00200, dyn_sta_cos_loss: 0.00166, total_cos_loss : 0.00171, vocab_cro_loss : 1.29654, 
train loss: 1.3114, train acc: 0.6066
epoch 301 summary: dyn_dyn_cos_loss: 0.00000, dyn_sta_cos_loss: 0.00000, total_cos_loss : 0.00000, vocab_cro_loss : 1.31135, 
epoch 302 summary: dyn_dyn_cos_loss: 0.00000, dyn_sta_cos_loss: 0.00000, total_cos_loss : 0.00000, vocab_cro_loss : 1.30575, 
epoch 303 summary: dyn_dyn_cos_loss: 0.00000, dyn_sta_cos_loss: 0.00000, total_cos_loss : 0.00000, vocab_cro_loss : 1.30051, 
epoch 304 summary: dyn_dyn_cos_loss: 0.00199, dyn_sta_cos_loss: 0.00166, total_cos_loss : 0.00171, vocab_cro_loss : 1.29851, 
epoch 305 summary: dyn_dyn_cos_loss: 0.00000, dyn_sta_cos_loss: 0.00000, total_cos_loss : 0.00000, vocab_cro_loss : 1.31155, 
epoch 306 summary: dyn_dyn_cos_loss: 0.00000, dyn_sta_cos_loss: 0.00000, total_cos_loss : 0.00000, vocab_cro_loss : 1.30780, 
epoch 307 summary: dyn_dyn_cos_loss: 0.00000, dyn_sta_cos_loss: 0.00000, total_cos_loss : 0.00000, vocab_cro_loss : 1.30108, 
epoch 308 summary: dyn_dyn_cos_loss: 0.00199, dyn_sta_cos_loss: 0.00166, total_cos_loss : 0.00171, vocab_cro_loss : 1.29809, 
epoch 309 summary: dyn_dyn_cos_loss: 0.00000, dyn_sta_cos_loss: 0.00000, total_cos_loss : 0.00000, vocab_cro_loss : 1.30777, 
epoch 310 summary: dyn_dyn_cos_loss: 0.00000, dyn_sta_cos_loss: 0.00000, total_cos_loss : 0.00000, vocab_cro_loss : 1.30464, 
train loss: 1.3016, train acc: 0.6093
epoch 311 summary: dyn_dyn_cos_loss: 0.00000, dyn_sta_cos_loss: 0.00000, total_cos_loss : 0.00000, vocab_cro_loss : 1.30162, 
epoch 312 summary: dyn_dyn_cos_loss: 0.00198, dyn_sta_cos_loss: 0.00166, total_cos_loss : 0.00170, vocab_cro_loss : 1.30040, 
epoch 313 summary: dyn_dyn_cos_loss: 0.00000, dyn_sta_cos_loss: 0.00000, total_cos_loss : 0.00000, vocab_cro_loss : 1.30759, 
epoch 314 summary: dyn_dyn_cos_loss: 0.00000, dyn_sta_cos_loss: 0.00000, total_cos_loss : 0.00000, vocab_cro_loss : 1.30519, 
epoch 315 summary: dyn_dyn_cos_loss: 0.00000, dyn_sta_cos_loss: 0.00000, total_cos_loss : 0.00000, vocab_cro_loss : 1.30095, 
epoch 316 summary: dyn_dyn_cos_loss: 0.00200, dyn_sta_cos_loss: 0.00165, total_cos_loss : 0.00170, vocab_cro_loss : 1.29888, 
epoch 317 summary: dyn_dyn_cos_loss: 0.00000, dyn_sta_cos_loss: 0.00000, total_cos_loss : 0.00000, vocab_cro_loss : 1.31281, 
epoch 318 summary: dyn_dyn_cos_loss: 0.00000, dyn_sta_cos_loss: 0.00000, total_cos_loss : 0.00000, vocab_cro_loss : 1.30491, 
epoch 319 summary: dyn_dyn_cos_loss: 0.00000, dyn_sta_cos_loss: 0.00000, total_cos_loss : 0.00000, vocab_cro_loss : 1.30114, 
epoch 320 summary: dyn_dyn_cos_loss: 0.00198, dyn_sta_cos_loss: 0.00164, total_cos_loss : 0.00169, vocab_cro_loss : 1.30071, 
train loss: 1.3080, train acc: 0.6077
epoch 321 summary: dyn_dyn_cos_loss: 0.00000, dyn_sta_cos_loss: 0.00000, total_cos_loss : 0.00000, vocab_cro_loss : 1.30800, 
epoch 322 summary: dyn_dyn_cos_loss: 0.00000, dyn_sta_cos_loss: 0.00000, total_cos_loss : 0.00000, vocab_cro_loss : 1.30308, 
epoch 323 summary: dyn_dyn_cos_loss: 0.00000, dyn_sta_cos_loss: 0.00000, total_cos_loss : 0.00000, vocab_cro_loss : 1.29964, 
epoch 324 summary: dyn_dyn_cos_loss: 0.00197, dyn_sta_cos_loss: 0.00168, total_cos_loss : 0.00172, vocab_cro_loss : 1.29757, 
epoch 325 summary: dyn_dyn_cos_loss: 0.00000, dyn_sta_cos_loss: 0.00000, total_cos_loss : 0.00000, vocab_cro_loss : 1.31079, 
epoch 326 summary: dyn_dyn_cos_loss: 0.00000, dyn_sta_cos_loss: 0.00000, total_cos_loss : 0.00000, vocab_cro_loss : 1.30314, 
epoch 327 summary: dyn_dyn_cos_loss: 0.00000, dyn_sta_cos_loss: 0.00000, total_cos_loss : 0.00000, vocab_cro_loss : 1.30038, 
epoch 328 summary: dyn_dyn_cos_loss: 0.00196, dyn_sta_cos_loss: 0.00168, total_cos_loss : 0.00172, vocab_cro_loss : 1.29958, 
epoch 329 summary: dyn_dyn_cos_loss: 0.00000, dyn_sta_cos_loss: 0.00000, total_cos_loss : 0.00000, vocab_cro_loss : 1.30965, 
epoch 330 summary: dyn_dyn_cos_loss: 0.00000, dyn_sta_cos_loss: 0.00000, total_cos_loss : 0.00000, vocab_cro_loss : 1.30317, 
train loss: 1.2990, train acc: 0.6083
epoch 331 summary: dyn_dyn_cos_loss: 0.00000, dyn_sta_cos_loss: 0.00000, total_cos_loss : 0.00000, vocab_cro_loss : 1.29902, 
epoch 332 summary: dyn_dyn_cos_loss: 0.00198, dyn_sta_cos_loss: 0.00168, total_cos_loss : 0.00173, vocab_cro_loss : 1.29639, 
epoch 333 summary: dyn_dyn_cos_loss: 0.00000, dyn_sta_cos_loss: 0.00000, total_cos_loss : 0.00000, vocab_cro_loss : 1.31103, 
epoch 334 summary: dyn_dyn_cos_loss: 0.00000, dyn_sta_cos_loss: 0.00000, total_cos_loss : 0.00000, vocab_cro_loss : 1.30084, 
epoch 335 summary: dyn_dyn_cos_loss: 0.00000, dyn_sta_cos_loss: 0.00000, total_cos_loss : 0.00000, vocab_cro_loss : 1.29695, 
epoch 336 summary: dyn_dyn_cos_loss: 0.00197, dyn_sta_cos_loss: 0.00169, total_cos_loss : 0.00173, vocab_cro_loss : 1.29630, 
epoch 337 summary: dyn_dyn_cos_loss: 0.00000, dyn_sta_cos_loss: 0.00000, total_cos_loss : 0.00000, vocab_cro_loss : 1.30849, 
epoch 338 summary: dyn_dyn_cos_loss: 0.00000, dyn_sta_cos_loss: 0.00000, total_cos_loss : 0.00000, vocab_cro_loss : 1.30226, 
epoch 339 summary: dyn_dyn_cos_loss: 0.00000, dyn_sta_cos_loss: 0.00000, total_cos_loss : 0.00000, vocab_cro_loss : 1.29943, 
epoch 340 summary: dyn_dyn_cos_loss: 0.00197, dyn_sta_cos_loss: 0.00167, total_cos_loss : 0.00172, vocab_cro_loss : 1.29750, 
train loss: 1.3108, train acc: 0.6075
epoch 341 summary: dyn_dyn_cos_loss: 0.00000, dyn_sta_cos_loss: 0.00000, total_cos_loss : 0.00000, vocab_cro_loss : 1.31074, 
epoch 342 summary: dyn_dyn_cos_loss: 0.00000, dyn_sta_cos_loss: 0.00000, total_cos_loss : 0.00000, vocab_cro_loss : 1.30394, 
epoch 343 summary: dyn_dyn_cos_loss: 0.00000, dyn_sta_cos_loss: 0.00000, total_cos_loss : 0.00000, vocab_cro_loss : 1.30053, 
epoch 344 summary: dyn_dyn_cos_loss: 0.00196, dyn_sta_cos_loss: 0.00166, total_cos_loss : 0.00171, vocab_cro_loss : 1.29728, 
epoch 345 summary: dyn_dyn_cos_loss: 0.00000, dyn_sta_cos_loss: 0.00000, total_cos_loss : 0.00000, vocab_cro_loss : 1.30536, 
epoch 346 summary: dyn_dyn_cos_loss: 0.00000, dyn_sta_cos_loss: 0.00000, total_cos_loss : 0.00000, vocab_cro_loss : 1.29761, 
epoch 347 summary: dyn_dyn_cos_loss: 0.00000, dyn_sta_cos_loss: 0.00000, total_cos_loss : 0.00000, vocab_cro_loss : 1.29498, 
epoch 348 summary: dyn_dyn_cos_loss: 0.00199, dyn_sta_cos_loss: 0.00166, total_cos_loss : 0.00171, vocab_cro_loss : 1.29409, 
epoch 349 summary: dyn_dyn_cos_loss: 0.00000, dyn_sta_cos_loss: 0.00000, total_cos_loss : 0.00000, vocab_cro_loss : 1.30301, 
epoch 350 summary: dyn_dyn_cos_loss: 0.00000, dyn_sta_cos_loss: 0.00000, total_cos_loss : 0.00000, vocab_cro_loss : 1.30049, 
train loss: 1.2964, train acc: 0.6098
epoch 351 summary: dyn_dyn_cos_loss: 0.00000, dyn_sta_cos_loss: 0.00000, total_cos_loss : 0.00000, vocab_cro_loss : 1.29640, 
epoch 352 summary: dyn_dyn_cos_loss: 0.00199, dyn_sta_cos_loss: 0.00166, total_cos_loss : 0.00171, vocab_cro_loss : 1.29271, 
epoch 353 summary: dyn_dyn_cos_loss: 0.00000, dyn_sta_cos_loss: 0.00000, total_cos_loss : 0.00000, vocab_cro_loss : 1.30119, 
epoch 354 summary: dyn_dyn_cos_loss: 0.00000, dyn_sta_cos_loss: 0.00000, total_cos_loss : 0.00000, vocab_cro_loss : 1.29604, 
epoch 355 summary: dyn_dyn_cos_loss: 0.00000, dyn_sta_cos_loss: 0.00000, total_cos_loss : 0.00000, vocab_cro_loss : 1.29274, 
epoch 356 summary: dyn_dyn_cos_loss: 0.00198, dyn_sta_cos_loss: 0.00165, total_cos_loss : 0.00170, vocab_cro_loss : 1.29044, 
epoch 357 summary: dyn_dyn_cos_loss: 0.00000, dyn_sta_cos_loss: 0.00000, total_cos_loss : 0.00000, vocab_cro_loss : 1.30793, 
epoch 358 summary: dyn_dyn_cos_loss: 0.00000, dyn_sta_cos_loss: 0.00000, total_cos_loss : 0.00000, vocab_cro_loss : 1.30579, 
epoch 359 summary: dyn_dyn_cos_loss: 0.00000, dyn_sta_cos_loss: 0.00000, total_cos_loss : 0.00000, vocab_cro_loss : 1.29688, 
epoch 360 summary: dyn_dyn_cos_loss: 0.00199, dyn_sta_cos_loss: 0.00164, total_cos_loss : 0.00170, vocab_cro_loss : 1.29431, 
train loss: 1.3048, train acc: 0.6093
epoch 361 summary: dyn_dyn_cos_loss: 0.00000, dyn_sta_cos_loss: 0.00000, total_cos_loss : 0.00000, vocab_cro_loss : 1.30482, 
epoch 362 summary: dyn_dyn_cos_loss: 0.00000, dyn_sta_cos_loss: 0.00000, total_cos_loss : 0.00000, vocab_cro_loss : 1.30102, 
epoch 363 summary: dyn_dyn_cos_loss: 0.00000, dyn_sta_cos_loss: 0.00000, total_cos_loss : 0.00000, vocab_cro_loss : 1.29807, 
epoch 364 summary: dyn_dyn_cos_loss: 0.00198, dyn_sta_cos_loss: 0.00165, total_cos_loss : 0.00170, vocab_cro_loss : 1.29400, 
epoch 365 summary: dyn_dyn_cos_loss: 0.00000, dyn_sta_cos_loss: 0.00000, total_cos_loss : 0.00000, vocab_cro_loss : 1.30215, 
epoch 366 summary: dyn_dyn_cos_loss: 0.00000, dyn_sta_cos_loss: 0.00000, total_cos_loss : 0.00000, vocab_cro_loss : 1.29877, 
epoch 367 summary: dyn_dyn_cos_loss: 0.00000, dyn_sta_cos_loss: 0.00000, total_cos_loss : 0.00000, vocab_cro_loss : 1.29614, 
epoch 368 summary: dyn_dyn_cos_loss: 0.00197, dyn_sta_cos_loss: 0.00164, total_cos_loss : 0.00169, vocab_cro_loss : 1.29319, 
epoch 369 summary: dyn_dyn_cos_loss: 0.00000, dyn_sta_cos_loss: 0.00000, total_cos_loss : 0.00000, vocab_cro_loss : 1.30586, 
epoch 370 summary: dyn_dyn_cos_loss: 0.00000, dyn_sta_cos_loss: 0.00000, total_cos_loss : 0.00000, vocab_cro_loss : 1.29824, 
train loss: 1.2965, train acc: 0.6137
epoch 371 summary: dyn_dyn_cos_loss: 0.00000, dyn_sta_cos_loss: 0.00000, total_cos_loss : 0.00000, vocab_cro_loss : 1.29648, 
epoch 372 summary: dyn_dyn_cos_loss: 0.00196, dyn_sta_cos_loss: 0.00165, total_cos_loss : 0.00170, vocab_cro_loss : 1.29388, 
epoch 373 summary: dyn_dyn_cos_loss: 0.00000, dyn_sta_cos_loss: 0.00000, total_cos_loss : 0.00000, vocab_cro_loss : 1.30393, 
epoch 374 summary: dyn_dyn_cos_loss: 0.00000, dyn_sta_cos_loss: 0.00000, total_cos_loss : 0.00000, vocab_cro_loss : 1.29887, 
epoch 375 summary: dyn_dyn_cos_loss: 0.00000, dyn_sta_cos_loss: 0.00000, total_cos_loss : 0.00000, vocab_cro_loss : 1.29115, 
epoch 376 summary: dyn_dyn_cos_loss: 0.00199, dyn_sta_cos_loss: 0.00166, total_cos_loss : 0.00171, vocab_cro_loss : 1.28928, 
epoch 377 summary: dyn_dyn_cos_loss: 0.00000, dyn_sta_cos_loss: 0.00000, total_cos_loss : 0.00000, vocab_cro_loss : 1.30233, 
epoch 378 summary: dyn_dyn_cos_loss: 0.00000, dyn_sta_cos_loss: 0.00000, total_cos_loss : 0.00000, vocab_cro_loss : 1.29991, 
epoch 379 summary: dyn_dyn_cos_loss: 0.00000, dyn_sta_cos_loss: 0.00000, total_cos_loss : 0.00000, vocab_cro_loss : 1.29429, 
epoch 380 summary: dyn_dyn_cos_loss: 0.00198, dyn_sta_cos_loss: 0.00166, total_cos_loss : 0.00170, vocab_cro_loss : 1.29160, 
train loss: 1.3058, train acc: 0.6112
epoch 381 summary: dyn_dyn_cos_loss: 0.00000, dyn_sta_cos_loss: 0.00000, total_cos_loss : 0.00000, vocab_cro_loss : 1.30576, 
epoch 382 summary: dyn_dyn_cos_loss: 0.00000, dyn_sta_cos_loss: 0.00000, total_cos_loss : 0.00000, vocab_cro_loss : 1.29769, 
epoch 383 summary: dyn_dyn_cos_loss: 0.00000, dyn_sta_cos_loss: 0.00000, total_cos_loss : 0.00000, vocab_cro_loss : 1.29288, 
epoch 384 summary: dyn_dyn_cos_loss: 0.00198, dyn_sta_cos_loss: 0.00167, total_cos_loss : 0.00171, vocab_cro_loss : 1.28792, 
epoch 385 summary: dyn_dyn_cos_loss: 0.00000, dyn_sta_cos_loss: 0.00000, total_cos_loss : 0.00000, vocab_cro_loss : 1.30085, 
epoch 386 summary: dyn_dyn_cos_loss: 0.00000, dyn_sta_cos_loss: 0.00000, total_cos_loss : 0.00000, vocab_cro_loss : 1.29366, 
epoch 387 summary: dyn_dyn_cos_loss: 0.00000, dyn_sta_cos_loss: 0.00000, total_cos_loss : 0.00000, vocab_cro_loss : 1.29182, 
epoch 388 summary: dyn_dyn_cos_loss: 0.00198, dyn_sta_cos_loss: 0.00167, total_cos_loss : 0.00171, vocab_cro_loss : 1.29034, 
epoch 389 summary: dyn_dyn_cos_loss: 0.00000, dyn_sta_cos_loss: 0.00000, total_cos_loss : 0.00000, vocab_cro_loss : 1.29877, 
epoch 390 summary: dyn_dyn_cos_loss: 0.00000, dyn_sta_cos_loss: 0.00000, total_cos_loss : 0.00000, vocab_cro_loss : 1.29478, 
train loss: 1.2904, train acc: 0.6130
epoch 391 summary: dyn_dyn_cos_loss: 0.00000, dyn_sta_cos_loss: 0.00000, total_cos_loss : 0.00000, vocab_cro_loss : 1.29038, 
epoch 392 summary: dyn_dyn_cos_loss: 0.00201, dyn_sta_cos_loss: 0.00166, total_cos_loss : 0.00172, vocab_cro_loss : 1.28729, 
epoch 393 summary: dyn_dyn_cos_loss: 0.00000, dyn_sta_cos_loss: 0.00000, total_cos_loss : 0.00000, vocab_cro_loss : 1.29966, 
epoch 394 summary: dyn_dyn_cos_loss: 0.00000, dyn_sta_cos_loss: 0.00000, total_cos_loss : 0.00000, vocab_cro_loss : 1.29752, 
epoch 395 summary: dyn_dyn_cos_loss: 0.00000, dyn_sta_cos_loss: 0.00000, total_cos_loss : 0.00000, vocab_cro_loss : 1.29323, 
epoch 396 summary: dyn_dyn_cos_loss: 0.00200, dyn_sta_cos_loss: 0.00164, total_cos_loss : 0.00170, vocab_cro_loss : 1.29226, 
epoch 397 summary: dyn_dyn_cos_loss: 0.00000, dyn_sta_cos_loss: 0.00000, total_cos_loss : 0.00000, vocab_cro_loss : 1.30558, 
epoch 398 summary: dyn_dyn_cos_loss: 0.00000, dyn_sta_cos_loss: 0.00000, total_cos_loss : 0.00000, vocab_cro_loss : 1.30061, 
epoch 399 summary: dyn_dyn_cos_loss: 0.00000, dyn_sta_cos_loss: 0.00000, total_cos_loss : 0.00000, vocab_cro_loss : 1.29728, 
train loss: 1.2924, train acc: 0.6127
all                        1451738.845ms
all_epoch                  1444404.938ms
all_preparation               7333.880ms
all_preparation_2             7331.182ms
all_preparation_3                2.665ms
epoch                         3469.967ms
epoch_pos_train                  4.531ms
epoch_preparation               16.258ms
epoch_train                   3371.973ms
epoch_valid                     74.855ms
----------------------------------------
all                        1451738.845ms
  all_epoch             99.49%
  all_preparation        0.51%
all_preparation               7333.880ms
  all_preparation_2     99.96%
  all_preparation_3      0.04%
epoch                      1387986.813ms
  epoch_train           97.18%
  epoch_valid            2.16%
  epoch_preparation      0.47%
  epoch_pos_train        0.13%
epoch   0 summary: dyn_dyn_cos_loss: 0.02069, dyn_sta_cos_loss: 0.00687, total_cos_loss : 0.00895, 
valid loss: 3.6121, valid acc: 0.1738
epoch   1 summary: dyn_dyn_cos_loss: 0.01611, dyn_sta_cos_loss: 0.00552, total_cos_loss : 0.00711, 
epoch   2 summary: dyn_dyn_cos_loss: 0.01233, dyn_sta_cos_loss: 0.00448, total_cos_loss : 0.00566, 
epoch   3 summary: dyn_dyn_cos_loss: 0.00952, dyn_sta_cos_loss: 0.00377, total_cos_loss : 0.00463, 
epoch   4 summary: dyn_dyn_cos_loss: 0.00760, dyn_sta_cos_loss: 0.00322, total_cos_loss : 0.00388, 
epoch   5 summary: dyn_dyn_cos_loss: 0.00580, dyn_sta_cos_loss: 0.00280, total_cos_loss : 0.00325, 
epoch   6 summary: dyn_dyn_cos_loss: 0.00470, dyn_sta_cos_loss: 0.00253, total_cos_loss : 0.00285, 
epoch   7 summary: dyn_dyn_cos_loss: 0.00398, dyn_sta_cos_loss: 0.00232, total_cos_loss : 0.00256, 
epoch   8 summary: dyn_dyn_cos_loss: 0.00338, dyn_sta_cos_loss: 0.00215, total_cos_loss : 0.00233, 
epoch   9 summary: dyn_dyn_cos_loss: 0.00292, dyn_sta_cos_loss: 0.00202, total_cos_loss : 0.00216, 
epoch  10 summary: dyn_dyn_cos_loss: 0.00263, dyn_sta_cos_loss: 0.00192, total_cos_loss : 0.00202, 
valid loss: 1.8303, valid acc: 0.5234
epoch  11 summary: dyn_dyn_cos_loss: 0.00241, dyn_sta_cos_loss: 0.00183, total_cos_loss : 0.00192, 
epoch  12 summary: dyn_dyn_cos_loss: 0.00230, dyn_sta_cos_loss: 0.00178, total_cos_loss : 0.00185, 
epoch  13 summary: dyn_dyn_cos_loss: 0.00221, dyn_sta_cos_loss: 0.00172, total_cos_loss : 0.00179, 
epoch  14 summary: dyn_dyn_cos_loss: 0.00215, dyn_sta_cos_loss: 0.00168, total_cos_loss : 0.00175, 
epoch  15 summary: dyn_dyn_cos_loss: 0.00215, dyn_sta_cos_loss: 0.00165, total_cos_loss : 0.00172, 
epoch  16 summary: dyn_dyn_cos_loss: 0.00209, dyn_sta_cos_loss: 0.00162, total_cos_loss : 0.00169, 
epoch  17 summary: dyn_dyn_cos_loss: 0.00205, dyn_sta_cos_loss: 0.00160, total_cos_loss : 0.00167, 
epoch  18 summary: dyn_dyn_cos_loss: 0.00202, dyn_sta_cos_loss: 0.00158, total_cos_loss : 0.00165, 
epoch  19 summary: dyn_dyn_cos_loss: 0.00199, dyn_sta_cos_loss: 0.00157, total_cos_loss : 0.00163, 
epoch  20 summary: dyn_dyn_cos_loss: 0.00196, dyn_sta_cos_loss: 0.00155, total_cos_loss : 0.00162, 
valid loss: 1.7650, valid acc: 0.5293
epoch  21 summary: dyn_dyn_cos_loss: 0.00195, dyn_sta_cos_loss: 0.00155, total_cos_loss : 0.00161, 
epoch  22 summary: dyn_dyn_cos_loss: 0.00193, dyn_sta_cos_loss: 0.00154, total_cos_loss : 0.00160, 
epoch  23 summary: dyn_dyn_cos_loss: 0.00193, dyn_sta_cos_loss: 0.00153, total_cos_loss : 0.00159, 
epoch  24 summary: dyn_dyn_cos_loss: 0.00193, dyn_sta_cos_loss: 0.00152, total_cos_loss : 0.00158, 
epoch  25 summary: dyn_dyn_cos_loss: 0.00192, dyn_sta_cos_loss: 0.00152, total_cos_loss : 0.00158, 
epoch  26 summary: dyn_dyn_cos_loss: 0.00191, dyn_sta_cos_loss: 0.00151, total_cos_loss : 0.00157, 
epoch  27 summary: dyn_dyn_cos_loss: 0.00191, dyn_sta_cos_loss: 0.00151, total_cos_loss : 0.00157, 
epoch  28 summary: dyn_dyn_cos_loss: 0.00191, dyn_sta_cos_loss: 0.00150, total_cos_loss : 0.00156, 
epoch  29 summary: dyn_dyn_cos_loss: 0.00190, dyn_sta_cos_loss: 0.00150, total_cos_loss : 0.00156, 
epoch  30 summary: dyn_dyn_cos_loss: 0.00199, dyn_sta_cos_loss: 0.00150, total_cos_loss : 0.00157, 
valid loss: 1.8066, valid acc: 0.5078
epoch  31 summary: dyn_dyn_cos_loss: 0.00198, dyn_sta_cos_loss: 0.00150, total_cos_loss : 0.00157, 
epoch  32 summary: dyn_dyn_cos_loss: 0.00197, dyn_sta_cos_loss: 0.00150, total_cos_loss : 0.00157, 
epoch  33 summary: dyn_dyn_cos_loss: 0.00196, dyn_sta_cos_loss: 0.00150, total_cos_loss : 0.00157, 
epoch  34 summary: dyn_dyn_cos_loss: 0.00195, dyn_sta_cos_loss: 0.00149, total_cos_loss : 0.00156, 
epoch  35 summary: dyn_dyn_cos_loss: 0.00196, dyn_sta_cos_loss: 0.00149, total_cos_loss : 0.00156, 
epoch  36 summary: dyn_dyn_cos_loss: 0.00195, dyn_sta_cos_loss: 0.00149, total_cos_loss : 0.00156, 
epoch  37 summary: dyn_dyn_cos_loss: 0.00195, dyn_sta_cos_loss: 0.00149, total_cos_loss : 0.00156, 
epoch  38 summary: dyn_dyn_cos_loss: 0.00194, dyn_sta_cos_loss: 0.00149, total_cos_loss : 0.00155, 
epoch  39 summary: dyn_dyn_cos_loss: 0.00194, dyn_sta_cos_loss: 0.00148, total_cos_loss : 0.00155, 
epoch  40 summary: dyn_dyn_cos_loss: 0.00194, dyn_sta_cos_loss: 0.00148, total_cos_loss : 0.00155, 
valid loss: 1.7800, valid acc: 0.5156
epoch  41 summary: dyn_dyn_cos_loss: 0.00194, dyn_sta_cos_loss: 0.00148, total_cos_loss : 0.00155, 
epoch  42 summary: dyn_dyn_cos_loss: 0.00194, dyn_sta_cos_loss: 0.00148, total_cos_loss : 0.00155, 
epoch  43 summary: dyn_dyn_cos_loss: 0.00194, dyn_sta_cos_loss: 0.00148, total_cos_loss : 0.00155, 
epoch  44 summary: dyn_dyn_cos_loss: 0.00194, dyn_sta_cos_loss: 0.00148, total_cos_loss : 0.00155, 
epoch  45 summary: dyn_dyn_cos_loss: 0.00196, dyn_sta_cos_loss: 0.00148, total_cos_loss : 0.00155, 
epoch  46 summary: dyn_dyn_cos_loss: 0.00196, dyn_sta_cos_loss: 0.00148, total_cos_loss : 0.00155, 
epoch  47 summary: dyn_dyn_cos_loss: 0.00195, dyn_sta_cos_loss: 0.00148, total_cos_loss : 0.00155, 
epoch  48 summary: dyn_dyn_cos_loss: 0.00195, dyn_sta_cos_loss: 0.00148, total_cos_loss : 0.00155, 
epoch  49 summary: dyn_dyn_cos_loss: 0.00194, dyn_sta_cos_loss: 0.00148, total_cos_loss : 0.00155, 
epoch  50 summary: dyn_dyn_cos_loss: 0.00194, dyn_sta_cos_loss: 0.00148, total_cos_loss : 0.00155, 
valid loss: 1.7768, valid acc: 0.5234
epoch  51 summary: dyn_dyn_cos_loss: 0.00194, dyn_sta_cos_loss: 0.00148, total_cos_loss : 0.00155, 
epoch  52 summary: dyn_dyn_cos_loss: 0.00194, dyn_sta_cos_loss: 0.00148, total_cos_loss : 0.00155, 
epoch  53 summary: dyn_dyn_cos_loss: 0.00194, dyn_sta_cos_loss: 0.00148, total_cos_loss : 0.00155, 
epoch  54 summary: dyn_dyn_cos_loss: 0.00194, dyn_sta_cos_loss: 0.00148, total_cos_loss : 0.00155, 
epoch  55 summary: dyn_dyn_cos_loss: 0.00194, dyn_sta_cos_loss: 0.00148, total_cos_loss : 0.00155, 
epoch  56 summary: dyn_dyn_cos_loss: 0.00193, dyn_sta_cos_loss: 0.00148, total_cos_loss : 0.00155, 
epoch  57 summary: dyn_dyn_cos_loss: 0.00193, dyn_sta_cos_loss: 0.00148, total_cos_loss : 0.00155, 
epoch  58 summary: dyn_dyn_cos_loss: 0.00193, dyn_sta_cos_loss: 0.00148, total_cos_loss : 0.00155, 
epoch  59 summary: dyn_dyn_cos_loss: 0.00193, dyn_sta_cos_loss: 0.00148, total_cos_loss : 0.00154, 
epoch  60 summary: dyn_dyn_cos_loss: 0.00201, dyn_sta_cos_loss: 0.00148, total_cos_loss : 0.00156, 
valid loss: 1.7629, valid acc: 0.5176
epoch  61 summary: dyn_dyn_cos_loss: 0.00199, dyn_sta_cos_loss: 0.00148, total_cos_loss : 0.00155, 
epoch  62 summary: dyn_dyn_cos_loss: 0.00199, dyn_sta_cos_loss: 0.00148, total_cos_loss : 0.00155, 
epoch  63 summary: dyn_dyn_cos_loss: 0.00198, dyn_sta_cos_loss: 0.00148, total_cos_loss : 0.00155, 
epoch  64 summary: dyn_dyn_cos_loss: 0.00198, dyn_sta_cos_loss: 0.00148, total_cos_loss : 0.00155, 
epoch  65 summary: dyn_dyn_cos_loss: 0.00197, dyn_sta_cos_loss: 0.00148, total_cos_loss : 0.00155, 
epoch  66 summary: dyn_dyn_cos_loss: 0.00197, dyn_sta_cos_loss: 0.00148, total_cos_loss : 0.00155, 
epoch  67 summary: dyn_dyn_cos_loss: 0.00197, dyn_sta_cos_loss: 0.00148, total_cos_loss : 0.00155, 
epoch  68 summary: dyn_dyn_cos_loss: 0.00196, dyn_sta_cos_loss: 0.00147, total_cos_loss : 0.00155, 
epoch  69 summary: dyn_dyn_cos_loss: 0.00196, dyn_sta_cos_loss: 0.00147, total_cos_loss : 0.00155, 
epoch  70 summary: dyn_dyn_cos_loss: 0.00195, dyn_sta_cos_loss: 0.00147, total_cos_loss : 0.00155, 
valid loss: 1.7732, valid acc: 0.5176
epoch  71 summary: dyn_dyn_cos_loss: 0.00195, dyn_sta_cos_loss: 0.00147, total_cos_loss : 0.00155, 
epoch  72 summary: dyn_dyn_cos_loss: 0.00195, dyn_sta_cos_loss: 0.00147, total_cos_loss : 0.00154, 
epoch  73 summary: dyn_dyn_cos_loss: 0.00195, dyn_sta_cos_loss: 0.00147, total_cos_loss : 0.00154, 
epoch  74 summary: dyn_dyn_cos_loss: 0.00195, dyn_sta_cos_loss: 0.00147, total_cos_loss : 0.00154, 
epoch  75 summary: dyn_dyn_cos_loss: 0.00198, dyn_sta_cos_loss: 0.00147, total_cos_loss : 0.00155, 
epoch  76 summary: dyn_dyn_cos_loss: 0.00197, dyn_sta_cos_loss: 0.00147, total_cos_loss : 0.00155, 
epoch  77 summary: dyn_dyn_cos_loss: 0.00196, dyn_sta_cos_loss: 0.00147, total_cos_loss : 0.00155, 
epoch  78 summary: dyn_dyn_cos_loss: 0.00196, dyn_sta_cos_loss: 0.00147, total_cos_loss : 0.00154, 
epoch  79 summary: dyn_dyn_cos_loss: 0.00196, dyn_sta_cos_loss: 0.00147, total_cos_loss : 0.00154, 
epoch  80 summary: dyn_dyn_cos_loss: 0.00195, dyn_sta_cos_loss: 0.00147, total_cos_loss : 0.00154, 
valid loss: 1.7636, valid acc: 0.5156
epoch  81 summary: dyn_dyn_cos_loss: 0.00195, dyn_sta_cos_loss: 0.00147, total_cos_loss : 0.00154, 
epoch  82 summary: dyn_dyn_cos_loss: 0.00195, dyn_sta_cos_loss: 0.00147, total_cos_loss : 0.00154, 
epoch  83 summary: dyn_dyn_cos_loss: 0.00195, dyn_sta_cos_loss: 0.00147, total_cos_loss : 0.00154, 
epoch  84 summary: dyn_dyn_cos_loss: 0.00195, dyn_sta_cos_loss: 0.00147, total_cos_loss : 0.00154, 
epoch  85 summary: dyn_dyn_cos_loss: 0.00194, dyn_sta_cos_loss: 0.00147, total_cos_loss : 0.00154, 
epoch  86 summary: dyn_dyn_cos_loss: 0.00194, dyn_sta_cos_loss: 0.00147, total_cos_loss : 0.00154, 
epoch  87 summary: dyn_dyn_cos_loss: 0.00194, dyn_sta_cos_loss: 0.00147, total_cos_loss : 0.00154, 
epoch  88 summary: dyn_dyn_cos_loss: 0.00194, dyn_sta_cos_loss: 0.00147, total_cos_loss : 0.00154, 
epoch  89 summary: dyn_dyn_cos_loss: 0.00194, dyn_sta_cos_loss: 0.00147, total_cos_loss : 0.00154, 
epoch  90 summary: dyn_dyn_cos_loss: 0.00199, dyn_sta_cos_loss: 0.00147, total_cos_loss : 0.00155, 
valid loss: 1.7520, valid acc: 0.5156
epoch  91 summary: dyn_dyn_cos_loss: 0.00198, dyn_sta_cos_loss: 0.00147, total_cos_loss : 0.00155, 
epoch  92 summary: dyn_dyn_cos_loss: 0.00197, dyn_sta_cos_loss: 0.00147, total_cos_loss : 0.00154, 
epoch  93 summary: dyn_dyn_cos_loss: 0.00196, dyn_sta_cos_loss: 0.00147, total_cos_loss : 0.00154, 
epoch  94 summary: dyn_dyn_cos_loss: 0.00196, dyn_sta_cos_loss: 0.00147, total_cos_loss : 0.00154, 
epoch  95 summary: dyn_dyn_cos_loss: 0.00195, dyn_sta_cos_loss: 0.00147, total_cos_loss : 0.00154, 
epoch  96 summary: dyn_dyn_cos_loss: 0.00195, dyn_sta_cos_loss: 0.00147, total_cos_loss : 0.00154, 
epoch  97 summary: dyn_dyn_cos_loss: 0.00195, dyn_sta_cos_loss: 0.00147, total_cos_loss : 0.00154, 
epoch  98 summary: dyn_dyn_cos_loss: 0.00194, dyn_sta_cos_loss: 0.00147, total_cos_loss : 0.00154, 
epoch  99 summary: dyn_dyn_cos_loss: 0.00194, dyn_sta_cos_loss: 0.00147, total_cos_loss : 0.00154, 
epoch 100 summary: dyn_dyn_cos_loss: 0.00194, dyn_sta_cos_loss: 0.00147, total_cos_loss : 0.00154, 
valid loss: 1.7297, valid acc: 0.5254
epoch 101 summary: dyn_dyn_cos_loss: 0.00193, dyn_sta_cos_loss: 0.00147, total_cos_loss : 0.00154, 
epoch 102 summary: dyn_dyn_cos_loss: 0.00193, dyn_sta_cos_loss: 0.00147, total_cos_loss : 0.00154, 
epoch 103 summary: dyn_dyn_cos_loss: 0.00193, dyn_sta_cos_loss: 0.00147, total_cos_loss : 0.00154, 
epoch 104 summary: dyn_dyn_cos_loss: 0.00193, dyn_sta_cos_loss: 0.00147, total_cos_loss : 0.00154, 
epoch 105 summary: dyn_dyn_cos_loss: 0.00201, dyn_sta_cos_loss: 0.00147, total_cos_loss : 0.00155, 
epoch 106 summary: dyn_dyn_cos_loss: 0.00200, dyn_sta_cos_loss: 0.00147, total_cos_loss : 0.00155, 
epoch 107 summary: dyn_dyn_cos_loss: 0.00199, dyn_sta_cos_loss: 0.00147, total_cos_loss : 0.00155, 
epoch 108 summary: dyn_dyn_cos_loss: 0.00199, dyn_sta_cos_loss: 0.00147, total_cos_loss : 0.00155, 
epoch 109 summary: dyn_dyn_cos_loss: 0.00198, dyn_sta_cos_loss: 0.00147, total_cos_loss : 0.00154, 
epoch 110 summary: dyn_dyn_cos_loss: 0.00197, dyn_sta_cos_loss: 0.00147, total_cos_loss : 0.00154, 
valid loss: 1.7249, valid acc: 0.5215
epoch 111 summary: dyn_dyn_cos_loss: 0.00197, dyn_sta_cos_loss: 0.00147, total_cos_loss : 0.00154, 
epoch 112 summary: dyn_dyn_cos_loss: 0.00197, dyn_sta_cos_loss: 0.00147, total_cos_loss : 0.00154, 
epoch 113 summary: dyn_dyn_cos_loss: 0.00197, dyn_sta_cos_loss: 0.00147, total_cos_loss : 0.00154, 
epoch 114 summary: dyn_dyn_cos_loss: 0.00196, dyn_sta_cos_loss: 0.00147, total_cos_loss : 0.00154, 
epoch 115 summary: dyn_dyn_cos_loss: 0.00196, dyn_sta_cos_loss: 0.00147, total_cos_loss : 0.00154, 
epoch 116 summary: dyn_dyn_cos_loss: 0.00196, dyn_sta_cos_loss: 0.00147, total_cos_loss : 0.00154, 
epoch 117 summary: dyn_dyn_cos_loss: 0.00196, dyn_sta_cos_loss: 0.00147, total_cos_loss : 0.00154, 
epoch 118 summary: dyn_dyn_cos_loss: 0.00196, dyn_sta_cos_loss: 0.00147, total_cos_loss : 0.00154, 
epoch 119 summary: dyn_dyn_cos_loss: 0.00196, dyn_sta_cos_loss: 0.00147, total_cos_loss : 0.00154, 
epoch 120 summary: dyn_dyn_cos_loss: 0.00201, dyn_sta_cos_loss: 0.00147, total_cos_loss : 0.00155, 
valid loss: 1.7292, valid acc: 0.5254
epoch 121 summary: dyn_dyn_cos_loss: 0.00200, dyn_sta_cos_loss: 0.00147, total_cos_loss : 0.00155, 
epoch 122 summary: dyn_dyn_cos_loss: 0.00199, dyn_sta_cos_loss: 0.00147, total_cos_loss : 0.00155, 
epoch 123 summary: dyn_dyn_cos_loss: 0.00199, dyn_sta_cos_loss: 0.00147, total_cos_loss : 0.00155, 
epoch 124 summary: dyn_dyn_cos_loss: 0.00198, dyn_sta_cos_loss: 0.00147, total_cos_loss : 0.00154, 
epoch 125 summary: dyn_dyn_cos_loss: 0.00198, dyn_sta_cos_loss: 0.00147, total_cos_loss : 0.00154, 
epoch 126 summary: dyn_dyn_cos_loss: 0.00198, dyn_sta_cos_loss: 0.00147, total_cos_loss : 0.00154, 
epoch 127 summary: dyn_dyn_cos_loss: 0.00197, dyn_sta_cos_loss: 0.00147, total_cos_loss : 0.00154, 
epoch 128 summary: dyn_dyn_cos_loss: 0.00197, dyn_sta_cos_loss: 0.00147, total_cos_loss : 0.00154, 
epoch 129 summary: dyn_dyn_cos_loss: 0.00197, dyn_sta_cos_loss: 0.00147, total_cos_loss : 0.00154, 
epoch 130 summary: dyn_dyn_cos_loss: 0.00197, dyn_sta_cos_loss: 0.00147, total_cos_loss : 0.00154, 
valid loss: 1.7229, valid acc: 0.5312
epoch 131 summary: dyn_dyn_cos_loss: 0.00197, dyn_sta_cos_loss: 0.00147, total_cos_loss : 0.00154, 
epoch 132 summary: dyn_dyn_cos_loss: 0.00197, dyn_sta_cos_loss: 0.00147, total_cos_loss : 0.00154, 
epoch 133 summary: dyn_dyn_cos_loss: 0.00197, dyn_sta_cos_loss: 0.00147, total_cos_loss : 0.00154, 
epoch 134 summary: dyn_dyn_cos_loss: 0.00196, dyn_sta_cos_loss: 0.00147, total_cos_loss : 0.00154, 
epoch 135 summary: dyn_dyn_cos_loss: 0.00201, dyn_sta_cos_loss: 0.00147, total_cos_loss : 0.00155, 
epoch 136 summary: dyn_dyn_cos_loss: 0.00200, dyn_sta_cos_loss: 0.00147, total_cos_loss : 0.00155, 
epoch 137 summary: dyn_dyn_cos_loss: 0.00199, dyn_sta_cos_loss: 0.00147, total_cos_loss : 0.00154, 
epoch 138 summary: dyn_dyn_cos_loss: 0.00198, dyn_sta_cos_loss: 0.00147, total_cos_loss : 0.00154, 
epoch 139 summary: dyn_dyn_cos_loss: 0.00198, dyn_sta_cos_loss: 0.00147, total_cos_loss : 0.00154, 
epoch 140 summary: dyn_dyn_cos_loss: 0.00197, dyn_sta_cos_loss: 0.00147, total_cos_loss : 0.00154, 
valid loss: 1.7245, valid acc: 0.5273
epoch 141 summary: dyn_dyn_cos_loss: 0.00197, dyn_sta_cos_loss: 0.00147, total_cos_loss : 0.00154, 
epoch 142 summary: dyn_dyn_cos_loss: 0.00196, dyn_sta_cos_loss: 0.00146, total_cos_loss : 0.00154, 
epoch 143 summary: dyn_dyn_cos_loss: 0.00196, dyn_sta_cos_loss: 0.00147, total_cos_loss : 0.00154, 
epoch 144 summary: dyn_dyn_cos_loss: 0.00196, dyn_sta_cos_loss: 0.00147, total_cos_loss : 0.00154, 
epoch 145 summary: dyn_dyn_cos_loss: 0.00195, dyn_sta_cos_loss: 0.00147, total_cos_loss : 0.00154, 
epoch 146 summary: dyn_dyn_cos_loss: 0.00195, dyn_sta_cos_loss: 0.00147, total_cos_loss : 0.00154, 
epoch 147 summary: dyn_dyn_cos_loss: 0.00195, dyn_sta_cos_loss: 0.00147, total_cos_loss : 0.00154, 
epoch 148 summary: dyn_dyn_cos_loss: 0.00195, dyn_sta_cos_loss: 0.00147, total_cos_loss : 0.00154, 
epoch 149 summary: dyn_dyn_cos_loss: 0.00195, dyn_sta_cos_loss: 0.00146, total_cos_loss : 0.00154, 
epoch 150 summary: dyn_dyn_cos_loss: 0.00198, dyn_sta_cos_loss: 0.00147, total_cos_loss : 0.00154, 
valid loss: 1.7417, valid acc: 0.5234
epoch 151 summary: dyn_dyn_cos_loss: 0.00196, dyn_sta_cos_loss: 0.00147, total_cos_loss : 0.00154, 
epoch 152 summary: dyn_dyn_cos_loss: 0.00196, dyn_sta_cos_loss: 0.00147, total_cos_loss : 0.00154, 
epoch 153 summary: dyn_dyn_cos_loss: 0.00195, dyn_sta_cos_loss: 0.00147, total_cos_loss : 0.00154, 
epoch 154 summary: dyn_dyn_cos_loss: 0.00195, dyn_sta_cos_loss: 0.00146, total_cos_loss : 0.00154, 
epoch 155 summary: dyn_dyn_cos_loss: 0.00194, dyn_sta_cos_loss: 0.00146, total_cos_loss : 0.00154, 
epoch 156 summary: dyn_dyn_cos_loss: 0.00194, dyn_sta_cos_loss: 0.00146, total_cos_loss : 0.00154, 
epoch 157 summary: dyn_dyn_cos_loss: 0.00194, dyn_sta_cos_loss: 0.00146, total_cos_loss : 0.00153, 
epoch 158 summary: dyn_dyn_cos_loss: 0.00194, dyn_sta_cos_loss: 0.00146, total_cos_loss : 0.00153, 
epoch 159 summary: dyn_dyn_cos_loss: 0.00194, dyn_sta_cos_loss: 0.00146, total_cos_loss : 0.00153, 
epoch 160 summary: dyn_dyn_cos_loss: 0.00194, dyn_sta_cos_loss: 0.00146, total_cos_loss : 0.00153, 
valid loss: 1.7317, valid acc: 0.5234
epoch 161 summary: dyn_dyn_cos_loss: 0.00194, dyn_sta_cos_loss: 0.00146, total_cos_loss : 0.00153, 
epoch 162 summary: dyn_dyn_cos_loss: 0.00194, dyn_sta_cos_loss: 0.00146, total_cos_loss : 0.00153, 
epoch 163 summary: dyn_dyn_cos_loss: 0.00194, dyn_sta_cos_loss: 0.00146, total_cos_loss : 0.00153, 
epoch 164 summary: dyn_dyn_cos_loss: 0.00194, dyn_sta_cos_loss: 0.00146, total_cos_loss : 0.00153, 
epoch 165 summary: dyn_dyn_cos_loss: 0.00201, dyn_sta_cos_loss: 0.00146, total_cos_loss : 0.00154, 
epoch 166 summary: dyn_dyn_cos_loss: 0.00200, dyn_sta_cos_loss: 0.00146, total_cos_loss : 0.00154, 
epoch 167 summary: dyn_dyn_cos_loss: 0.00199, dyn_sta_cos_loss: 0.00146, total_cos_loss : 0.00154, 
epoch 168 summary: dyn_dyn_cos_loss: 0.00199, dyn_sta_cos_loss: 0.00146, total_cos_loss : 0.00154, 
epoch 169 summary: dyn_dyn_cos_loss: 0.00198, dyn_sta_cos_loss: 0.00146, total_cos_loss : 0.00154, 
epoch 170 summary: dyn_dyn_cos_loss: 0.00198, dyn_sta_cos_loss: 0.00146, total_cos_loss : 0.00154, 
valid loss: 1.7328, valid acc: 0.5215
epoch 171 summary: dyn_dyn_cos_loss: 0.00197, dyn_sta_cos_loss: 0.00146, total_cos_loss : 0.00154, 
epoch 172 summary: dyn_dyn_cos_loss: 0.00197, dyn_sta_cos_loss: 0.00146, total_cos_loss : 0.00154, 
epoch 173 summary: dyn_dyn_cos_loss: 0.00197, dyn_sta_cos_loss: 0.00146, total_cos_loss : 0.00154, 
epoch 174 summary: dyn_dyn_cos_loss: 0.00197, dyn_sta_cos_loss: 0.00146, total_cos_loss : 0.00154, 
epoch 175 summary: dyn_dyn_cos_loss: 0.00197, dyn_sta_cos_loss: 0.00146, total_cos_loss : 0.00154, 
epoch 176 summary: dyn_dyn_cos_loss: 0.00196, dyn_sta_cos_loss: 0.00146, total_cos_loss : 0.00154, 
epoch 177 summary: dyn_dyn_cos_loss: 0.00196, dyn_sta_cos_loss: 0.00146, total_cos_loss : 0.00154, 
epoch 178 summary: dyn_dyn_cos_loss: 0.00196, dyn_sta_cos_loss: 0.00146, total_cos_loss : 0.00154, 
epoch 179 summary: dyn_dyn_cos_loss: 0.00196, dyn_sta_cos_loss: 0.00146, total_cos_loss : 0.00154, 
epoch 180 summary: dyn_dyn_cos_loss: 0.00202, dyn_sta_cos_loss: 0.00146, total_cos_loss : 0.00155, 
valid loss: 1.7382, valid acc: 0.5195
epoch 181 summary: dyn_dyn_cos_loss: 0.00202, dyn_sta_cos_loss: 0.00146, total_cos_loss : 0.00155, 
epoch 182 summary: dyn_dyn_cos_loss: 0.00201, dyn_sta_cos_loss: 0.00146, total_cos_loss : 0.00154, 
epoch 183 summary: dyn_dyn_cos_loss: 0.00201, dyn_sta_cos_loss: 0.00146, total_cos_loss : 0.00154, 
epoch 184 summary: dyn_dyn_cos_loss: 0.00200, dyn_sta_cos_loss: 0.00146, total_cos_loss : 0.00154, 
epoch 185 summary: dyn_dyn_cos_loss: 0.00200, dyn_sta_cos_loss: 0.00146, total_cos_loss : 0.00154, 
epoch 186 summary: dyn_dyn_cos_loss: 0.00199, dyn_sta_cos_loss: 0.00146, total_cos_loss : 0.00154, 
epoch 187 summary: dyn_dyn_cos_loss: 0.00199, dyn_sta_cos_loss: 0.00146, total_cos_loss : 0.00154, 
epoch 188 summary: dyn_dyn_cos_loss: 0.00199, dyn_sta_cos_loss: 0.00146, total_cos_loss : 0.00154, 
epoch 189 summary: dyn_dyn_cos_loss: 0.00198, dyn_sta_cos_loss: 0.00146, total_cos_loss : 0.00154, 
epoch 190 summary: dyn_dyn_cos_loss: 0.00198, dyn_sta_cos_loss: 0.00146, total_cos_loss : 0.00154, 
valid loss: 1.7405, valid acc: 0.5137
epoch 191 summary: dyn_dyn_cos_loss: 0.00198, dyn_sta_cos_loss: 0.00146, total_cos_loss : 0.00154, 
epoch 192 summary: dyn_dyn_cos_loss: 0.00198, dyn_sta_cos_loss: 0.00146, total_cos_loss : 0.00154, 
epoch 193 summary: dyn_dyn_cos_loss: 0.00198, dyn_sta_cos_loss: 0.00146, total_cos_loss : 0.00154, 
epoch 194 summary: dyn_dyn_cos_loss: 0.00198, dyn_sta_cos_loss: 0.00146, total_cos_loss : 0.00154, 
epoch 195 summary: dyn_dyn_cos_loss: 0.00204, dyn_sta_cos_loss: 0.00146, total_cos_loss : 0.00155, 
epoch 196 summary: dyn_dyn_cos_loss: 0.00203, dyn_sta_cos_loss: 0.00146, total_cos_loss : 0.00155, 
epoch 197 summary: dyn_dyn_cos_loss: 0.00202, dyn_sta_cos_loss: 0.00146, total_cos_loss : 0.00155, 
epoch 198 summary: dyn_dyn_cos_loss: 0.00201, dyn_sta_cos_loss: 0.00146, total_cos_loss : 0.00154, 
epoch 199 summary: dyn_dyn_cos_loss: 0.00201, dyn_sta_cos_loss: 0.00146, total_cos_loss : 0.00154, 
all                          67451.935ms
all_epoch                    67402.743ms
all_preparation                 49.175ms
all_preparation_2               47.596ms
all_preparation_3                1.555ms
epoch                          249.642ms
epoch_pos_train                  9.594ms
epoch_preparation                0.468ms
epoch_train                    236.019ms
epoch_valid                      2.012ms
----------------------------------------
all                          67451.935ms
  all_epoch             99.93%
  all_preparation        0.07%
all_preparation                 49.175ms
  all_preparation_2     96.79%
  all_preparation_3      3.16%
epoch                        49928.364ms
  epoch_train           94.54%
  epoch_pos_train        3.84%
  epoch_valid            0.81%
  epoch_preparation      0.19%
