Before CTE Training: train eu loss: 1.063186526298523, eval eu loss: 1.492782711982727
Before CTE Training: train eu acc: 0.6669921875, eval eu acc: 0.560546875
epoch   0 summary: dyn_dyn_cos_loss: 0.02338, dyn_sta_cos_loss: 0.00713, total_cos_loss : 0.00956, vocab_cro_loss : 4.49871, 
train loss: 3.6551, train acc: 0.2134
epoch   1 summary: dyn_dyn_cos_loss: 0.00000, dyn_sta_cos_loss: 0.00000, total_cos_loss : 0.00000, vocab_cro_loss : 3.65471, 
epoch   2 summary: dyn_dyn_cos_loss: 0.00000, dyn_sta_cos_loss: 0.00000, total_cos_loss : 0.00000, vocab_cro_loss : 3.52235, 
epoch   3 summary: dyn_dyn_cos_loss: 0.00000, dyn_sta_cos_loss: 0.00000, total_cos_loss : 0.00000, vocab_cro_loss : 3.41556, 
epoch   4 summary: dyn_dyn_cos_loss: 0.02239, dyn_sta_cos_loss: 0.00615, total_cos_loss : 0.00859, vocab_cro_loss : 3.31236, 
epoch   5 summary: dyn_dyn_cos_loss: 0.00000, dyn_sta_cos_loss: 0.00000, total_cos_loss : 0.00000, vocab_cro_loss : 2.67080, 
epoch   6 summary: dyn_dyn_cos_loss: 0.00000, dyn_sta_cos_loss: 0.00000, total_cos_loss : 0.00000, vocab_cro_loss : 2.61720, 
epoch   7 summary: dyn_dyn_cos_loss: 0.00000, dyn_sta_cos_loss: 0.00000, total_cos_loss : 0.00000, vocab_cro_loss : 2.57003, 
epoch   8 summary: dyn_dyn_cos_loss: 0.01992, dyn_sta_cos_loss: 0.00503, total_cos_loss : 0.00727, vocab_cro_loss : 2.54151, 
epoch   9 summary: dyn_dyn_cos_loss: 0.00000, dyn_sta_cos_loss: 0.00000, total_cos_loss : 0.00000, vocab_cro_loss : 2.20025, 
epoch  10 summary: dyn_dyn_cos_loss: 0.00000, dyn_sta_cos_loss: 0.00000, total_cos_loss : 0.00000, vocab_cro_loss : 2.17248, 
train loss: 2.1503, train acc: 0.5000
epoch  11 summary: dyn_dyn_cos_loss: 0.00000, dyn_sta_cos_loss: 0.00000, total_cos_loss : 0.00000, vocab_cro_loss : 2.15029, 
epoch  12 summary: dyn_dyn_cos_loss: 0.01688, dyn_sta_cos_loss: 0.00417, total_cos_loss : 0.00607, vocab_cro_loss : 2.13174, 
epoch  13 summary: dyn_dyn_cos_loss: 0.00000, dyn_sta_cos_loss: 0.00000, total_cos_loss : 0.00000, vocab_cro_loss : 1.90816, 
epoch  14 summary: dyn_dyn_cos_loss: 0.00000, dyn_sta_cos_loss: 0.00000, total_cos_loss : 0.00000, vocab_cro_loss : 1.89296, 
epoch  15 summary: dyn_dyn_cos_loss: 0.00000, dyn_sta_cos_loss: 0.00000, total_cos_loss : 0.00000, vocab_cro_loss : 1.91852, 
epoch  16 summary: dyn_dyn_cos_loss: 0.01398, dyn_sta_cos_loss: 0.00356, total_cos_loss : 0.00512, vocab_cro_loss : 1.90044, 
epoch  17 summary: dyn_dyn_cos_loss: 0.00000, dyn_sta_cos_loss: 0.00000, total_cos_loss : 0.00000, vocab_cro_loss : 1.78381, 
epoch  18 summary: dyn_dyn_cos_loss: 0.00000, dyn_sta_cos_loss: 0.00000, total_cos_loss : 0.00000, vocab_cro_loss : 1.81058, 
epoch  19 summary: dyn_dyn_cos_loss: 0.00000, dyn_sta_cos_loss: 0.00000, total_cos_loss : 0.00000, vocab_cro_loss : 1.80233, 
epoch  20 summary: dyn_dyn_cos_loss: 0.01142, dyn_sta_cos_loss: 0.00309, total_cos_loss : 0.00434, vocab_cro_loss : 1.78896, 
train loss: 1.7205, train acc: 0.5522
epoch  21 summary: dyn_dyn_cos_loss: 0.00000, dyn_sta_cos_loss: 0.00000, total_cos_loss : 0.00000, vocab_cro_loss : 1.72042, 
epoch  22 summary: dyn_dyn_cos_loss: 0.00000, dyn_sta_cos_loss: 0.00000, total_cos_loss : 0.00000, vocab_cro_loss : 1.71109, 
epoch  23 summary: dyn_dyn_cos_loss: 0.00000, dyn_sta_cos_loss: 0.00000, total_cos_loss : 0.00000, vocab_cro_loss : 1.69668, 
epoch  24 summary: dyn_dyn_cos_loss: 0.00936, dyn_sta_cos_loss: 0.00274, total_cos_loss : 0.00373, vocab_cro_loss : 1.68457, 
epoch  25 summary: dyn_dyn_cos_loss: 0.00000, dyn_sta_cos_loss: 0.00000, total_cos_loss : 0.00000, vocab_cro_loss : 1.63582, 
epoch  26 summary: dyn_dyn_cos_loss: 0.00000, dyn_sta_cos_loss: 0.00000, total_cos_loss : 0.00000, vocab_cro_loss : 1.62131, 
epoch  27 summary: dyn_dyn_cos_loss: 0.00000, dyn_sta_cos_loss: 0.00000, total_cos_loss : 0.00000, vocab_cro_loss : 1.60480, 
epoch  28 summary: dyn_dyn_cos_loss: 0.00771, dyn_sta_cos_loss: 0.00260, total_cos_loss : 0.00337, vocab_cro_loss : 1.56263, 
epoch  29 summary: dyn_dyn_cos_loss: 0.00000, dyn_sta_cos_loss: 0.00000, total_cos_loss : 0.00000, vocab_cro_loss : 1.53609, 
epoch  30 summary: dyn_dyn_cos_loss: 0.00000, dyn_sta_cos_loss: 0.00000, total_cos_loss : 0.00000, vocab_cro_loss : 1.51473, 
train loss: 1.5019, train acc: 0.5796
epoch  31 summary: dyn_dyn_cos_loss: 0.00000, dyn_sta_cos_loss: 0.00000, total_cos_loss : 0.00000, vocab_cro_loss : 1.50182, 
epoch  32 summary: dyn_dyn_cos_loss: 0.00658, dyn_sta_cos_loss: 0.00235, total_cos_loss : 0.00298, vocab_cro_loss : 1.48900, 
epoch  33 summary: dyn_dyn_cos_loss: 0.00000, dyn_sta_cos_loss: 0.00000, total_cos_loss : 0.00000, vocab_cro_loss : 1.48243, 
epoch  34 summary: dyn_dyn_cos_loss: 0.00000, dyn_sta_cos_loss: 0.00000, total_cos_loss : 0.00000, vocab_cro_loss : 1.46745, 
epoch  35 summary: dyn_dyn_cos_loss: 0.00000, dyn_sta_cos_loss: 0.00000, total_cos_loss : 0.00000, vocab_cro_loss : 1.45386, 
epoch  36 summary: dyn_dyn_cos_loss: 0.00542, dyn_sta_cos_loss: 0.00225, total_cos_loss : 0.00273, vocab_cro_loss : 1.43610, 
epoch  37 summary: dyn_dyn_cos_loss: 0.00000, dyn_sta_cos_loss: 0.00000, total_cos_loss : 0.00000, vocab_cro_loss : 1.44287, 
epoch  38 summary: dyn_dyn_cos_loss: 0.00000, dyn_sta_cos_loss: 0.00000, total_cos_loss : 0.00000, vocab_cro_loss : 1.42569, 
epoch  39 summary: dyn_dyn_cos_loss: 0.00000, dyn_sta_cos_loss: 0.00000, total_cos_loss : 0.00000, vocab_cro_loss : 1.41543, 
epoch  40 summary: dyn_dyn_cos_loss: 0.00465, dyn_sta_cos_loss: 0.00216, total_cos_loss : 0.00253, vocab_cro_loss : 1.40816, 
train loss: 1.4156, train acc: 0.6021
epoch  41 summary: dyn_dyn_cos_loss: 0.00000, dyn_sta_cos_loss: 0.00000, total_cos_loss : 0.00000, vocab_cro_loss : 1.41549, 
epoch  42 summary: dyn_dyn_cos_loss: 0.00000, dyn_sta_cos_loss: 0.00000, total_cos_loss : 0.00000, vocab_cro_loss : 1.40282, 
epoch  43 summary: dyn_dyn_cos_loss: 0.00000, dyn_sta_cos_loss: 0.00000, total_cos_loss : 0.00000, vocab_cro_loss : 1.39654, 
epoch  44 summary: dyn_dyn_cos_loss: 0.00401, dyn_sta_cos_loss: 0.00206, total_cos_loss : 0.00235, vocab_cro_loss : 1.39596, 
epoch  45 summary: dyn_dyn_cos_loss: 0.00000, dyn_sta_cos_loss: 0.00000, total_cos_loss : 0.00000, vocab_cro_loss : 1.37209, 
epoch  46 summary: dyn_dyn_cos_loss: 0.00000, dyn_sta_cos_loss: 0.00000, total_cos_loss : 0.00000, vocab_cro_loss : 1.36706, 
epoch  47 summary: dyn_dyn_cos_loss: 0.00000, dyn_sta_cos_loss: 0.00000, total_cos_loss : 0.00000, vocab_cro_loss : 1.35644, 
epoch  48 summary: dyn_dyn_cos_loss: 0.00363, dyn_sta_cos_loss: 0.00200, total_cos_loss : 0.00224, vocab_cro_loss : 1.35555, 
epoch  49 summary: dyn_dyn_cos_loss: 0.00000, dyn_sta_cos_loss: 0.00000, total_cos_loss : 0.00000, vocab_cro_loss : 1.38998, 
epoch  50 summary: dyn_dyn_cos_loss: 0.00000, dyn_sta_cos_loss: 0.00000, total_cos_loss : 0.00000, vocab_cro_loss : 1.39085, 
train loss: 1.3796, train acc: 0.5977
epoch  51 summary: dyn_dyn_cos_loss: 0.00000, dyn_sta_cos_loss: 0.00000, total_cos_loss : 0.00000, vocab_cro_loss : 1.37958, 
epoch  52 summary: dyn_dyn_cos_loss: 0.00328, dyn_sta_cos_loss: 0.00197, total_cos_loss : 0.00217, vocab_cro_loss : 1.37375, 
epoch  53 summary: dyn_dyn_cos_loss: 0.00000, dyn_sta_cos_loss: 0.00000, total_cos_loss : 0.00000, vocab_cro_loss : 1.37141, 
epoch  54 summary: dyn_dyn_cos_loss: 0.00000, dyn_sta_cos_loss: 0.00000, total_cos_loss : 0.00000, vocab_cro_loss : 1.38628, 
epoch  55 summary: dyn_dyn_cos_loss: 0.00000, dyn_sta_cos_loss: 0.00000, total_cos_loss : 0.00000, vocab_cro_loss : 1.36443, 
epoch  56 summary: dyn_dyn_cos_loss: 0.00307, dyn_sta_cos_loss: 0.00185, total_cos_loss : 0.00203, vocab_cro_loss : 1.35800, 
epoch  57 summary: dyn_dyn_cos_loss: 0.00000, dyn_sta_cos_loss: 0.00000, total_cos_loss : 0.00000, vocab_cro_loss : 1.34663, 
epoch  58 summary: dyn_dyn_cos_loss: 0.00000, dyn_sta_cos_loss: 0.00000, total_cos_loss : 0.00000, vocab_cro_loss : 1.33851, 
epoch  59 summary: dyn_dyn_cos_loss: 0.00000, dyn_sta_cos_loss: 0.00000, total_cos_loss : 0.00000, vocab_cro_loss : 1.35770, 
epoch  60 summary: dyn_dyn_cos_loss: 0.00285, dyn_sta_cos_loss: 0.00175, total_cos_loss : 0.00192, vocab_cro_loss : 1.32845, 
train loss: 1.3205, train acc: 0.6074
epoch  61 summary: dyn_dyn_cos_loss: 0.00000, dyn_sta_cos_loss: 0.00000, total_cos_loss : 0.00000, vocab_cro_loss : 1.32046, 
epoch  62 summary: dyn_dyn_cos_loss: 0.00000, dyn_sta_cos_loss: 0.00000, total_cos_loss : 0.00000, vocab_cro_loss : 1.31708, 
epoch  63 summary: dyn_dyn_cos_loss: 0.00000, dyn_sta_cos_loss: 0.00000, total_cos_loss : 0.00000, vocab_cro_loss : 1.30882, 
epoch  64 summary: dyn_dyn_cos_loss: 0.00264, dyn_sta_cos_loss: 0.00170, total_cos_loss : 0.00184, vocab_cro_loss : 1.30221, 
epoch  65 summary: dyn_dyn_cos_loss: 0.00000, dyn_sta_cos_loss: 0.00000, total_cos_loss : 0.00000, vocab_cro_loss : 1.30628, 
epoch  66 summary: dyn_dyn_cos_loss: 0.00000, dyn_sta_cos_loss: 0.00000, total_cos_loss : 0.00000, vocab_cro_loss : 1.30031, 
epoch  67 summary: dyn_dyn_cos_loss: 0.00000, dyn_sta_cos_loss: 0.00000, total_cos_loss : 0.00000, vocab_cro_loss : 1.29657, 
epoch  68 summary: dyn_dyn_cos_loss: 0.00251, dyn_sta_cos_loss: 0.00169, total_cos_loss : 0.00181, vocab_cro_loss : 1.29024, 
epoch  69 summary: dyn_dyn_cos_loss: 0.00000, dyn_sta_cos_loss: 0.00000, total_cos_loss : 0.00000, vocab_cro_loss : 1.30500, 
epoch  70 summary: dyn_dyn_cos_loss: 0.00000, dyn_sta_cos_loss: 0.00000, total_cos_loss : 0.00000, vocab_cro_loss : 1.29844, 
train loss: 1.2906, train acc: 0.6172
epoch  71 summary: dyn_dyn_cos_loss: 0.00000, dyn_sta_cos_loss: 0.00000, total_cos_loss : 0.00000, vocab_cro_loss : 1.29059, 
epoch  72 summary: dyn_dyn_cos_loss: 0.00239, dyn_sta_cos_loss: 0.00168, total_cos_loss : 0.00179, vocab_cro_loss : 1.29085, 
epoch  73 summary: dyn_dyn_cos_loss: 0.00000, dyn_sta_cos_loss: 0.00000, total_cos_loss : 0.00000, vocab_cro_loss : 1.29417, 
epoch  74 summary: dyn_dyn_cos_loss: 0.00000, dyn_sta_cos_loss: 0.00000, total_cos_loss : 0.00000, vocab_cro_loss : 1.28331, 
epoch  75 summary: dyn_dyn_cos_loss: 0.00000, dyn_sta_cos_loss: 0.00000, total_cos_loss : 0.00000, vocab_cro_loss : 1.27575, 
epoch  76 summary: dyn_dyn_cos_loss: 0.00241, dyn_sta_cos_loss: 0.00165, total_cos_loss : 0.00177, vocab_cro_loss : 1.27685, 
epoch  77 summary: dyn_dyn_cos_loss: 0.00000, dyn_sta_cos_loss: 0.00000, total_cos_loss : 0.00000, vocab_cro_loss : 1.28473, 
epoch  78 summary: dyn_dyn_cos_loss: 0.00000, dyn_sta_cos_loss: 0.00000, total_cos_loss : 0.00000, vocab_cro_loss : 1.27701, 
epoch  79 summary: dyn_dyn_cos_loss: 0.00000, dyn_sta_cos_loss: 0.00000, total_cos_loss : 0.00000, vocab_cro_loss : 1.26229, 
epoch  80 summary: dyn_dyn_cos_loss: 0.00239, dyn_sta_cos_loss: 0.00164, total_cos_loss : 0.00175, vocab_cro_loss : 1.25727, 
train loss: 1.2829, train acc: 0.6089
epoch  81 summary: dyn_dyn_cos_loss: 0.00000, dyn_sta_cos_loss: 0.00000, total_cos_loss : 0.00000, vocab_cro_loss : 1.28284, 
epoch  82 summary: dyn_dyn_cos_loss: 0.00000, dyn_sta_cos_loss: 0.00000, total_cos_loss : 0.00000, vocab_cro_loss : 1.27122, 
epoch  83 summary: dyn_dyn_cos_loss: 0.00000, dyn_sta_cos_loss: 0.00000, total_cos_loss : 0.00000, vocab_cro_loss : 1.26766, 
epoch  84 summary: dyn_dyn_cos_loss: 0.00234, dyn_sta_cos_loss: 0.00161, total_cos_loss : 0.00172, vocab_cro_loss : 1.26270, 
epoch  85 summary: dyn_dyn_cos_loss: 0.00000, dyn_sta_cos_loss: 0.00000, total_cos_loss : 0.00000, vocab_cro_loss : 1.25549, 
epoch  86 summary: dyn_dyn_cos_loss: 0.00000, dyn_sta_cos_loss: 0.00000, total_cos_loss : 0.00000, vocab_cro_loss : 1.24712, 
epoch  87 summary: dyn_dyn_cos_loss: 0.00000, dyn_sta_cos_loss: 0.00000, total_cos_loss : 0.00000, vocab_cro_loss : 1.24052, 
epoch  88 summary: dyn_dyn_cos_loss: 0.00230, dyn_sta_cos_loss: 0.00157, total_cos_loss : 0.00168, vocab_cro_loss : 1.23951, 
epoch  89 summary: dyn_dyn_cos_loss: 0.00000, dyn_sta_cos_loss: 0.00000, total_cos_loss : 0.00000, vocab_cro_loss : 1.25195, 
epoch  90 summary: dyn_dyn_cos_loss: 0.00000, dyn_sta_cos_loss: 0.00000, total_cos_loss : 0.00000, vocab_cro_loss : 1.24233, 
train loss: 1.2408, train acc: 0.6182
epoch  91 summary: dyn_dyn_cos_loss: 0.00000, dyn_sta_cos_loss: 0.00000, total_cos_loss : 0.00000, vocab_cro_loss : 1.24077, 
epoch  92 summary: dyn_dyn_cos_loss: 0.00227, dyn_sta_cos_loss: 0.00152, total_cos_loss : 0.00163, vocab_cro_loss : 1.23347, 
epoch  93 summary: dyn_dyn_cos_loss: 0.00000, dyn_sta_cos_loss: 0.00000, total_cos_loss : 0.00000, vocab_cro_loss : 1.25319, 
epoch  94 summary: dyn_dyn_cos_loss: 0.00000, dyn_sta_cos_loss: 0.00000, total_cos_loss : 0.00000, vocab_cro_loss : 1.25899, 
epoch  95 summary: dyn_dyn_cos_loss: 0.00000, dyn_sta_cos_loss: 0.00000, total_cos_loss : 0.00000, vocab_cro_loss : 1.25244, 
epoch  96 summary: dyn_dyn_cos_loss: 0.00220, dyn_sta_cos_loss: 0.00158, total_cos_loss : 0.00167, vocab_cro_loss : 1.27443, 
epoch  97 summary: dyn_dyn_cos_loss: 0.00000, dyn_sta_cos_loss: 0.00000, total_cos_loss : 0.00000, vocab_cro_loss : 1.29636, 
epoch  98 summary: dyn_dyn_cos_loss: 0.00000, dyn_sta_cos_loss: 0.00000, total_cos_loss : 0.00000, vocab_cro_loss : 1.28305, 
epoch  99 summary: dyn_dyn_cos_loss: 0.00000, dyn_sta_cos_loss: 0.00000, total_cos_loss : 0.00000, vocab_cro_loss : 1.27979, 
epoch 100 summary: dyn_dyn_cos_loss: 0.00215, dyn_sta_cos_loss: 0.00154, total_cos_loss : 0.00163, vocab_cro_loss : 1.26871, 
train loss: 1.2715, train acc: 0.6143
epoch 101 summary: dyn_dyn_cos_loss: 0.00000, dyn_sta_cos_loss: 0.00000, total_cos_loss : 0.00000, vocab_cro_loss : 1.27140, 
epoch 102 summary: dyn_dyn_cos_loss: 0.00000, dyn_sta_cos_loss: 0.00000, total_cos_loss : 0.00000, vocab_cro_loss : 1.25548, 
epoch 103 summary: dyn_dyn_cos_loss: 0.00000, dyn_sta_cos_loss: 0.00000, total_cos_loss : 0.00000, vocab_cro_loss : 1.24263, 
epoch 104 summary: dyn_dyn_cos_loss: 0.00211, dyn_sta_cos_loss: 0.00148, total_cos_loss : 0.00158, vocab_cro_loss : 1.23812, 
epoch 105 summary: dyn_dyn_cos_loss: 0.00000, dyn_sta_cos_loss: 0.00000, total_cos_loss : 0.00000, vocab_cro_loss : 1.24959, 
epoch 106 summary: dyn_dyn_cos_loss: 0.00000, dyn_sta_cos_loss: 0.00000, total_cos_loss : 0.00000, vocab_cro_loss : 1.24264, 
epoch 107 summary: dyn_dyn_cos_loss: 0.00000, dyn_sta_cos_loss: 0.00000, total_cos_loss : 0.00000, vocab_cro_loss : 1.23641, 
epoch 108 summary: dyn_dyn_cos_loss: 0.00216, dyn_sta_cos_loss: 0.00146, total_cos_loss : 0.00156, vocab_cro_loss : 1.22655, 
epoch 109 summary: dyn_dyn_cos_loss: 0.00000, dyn_sta_cos_loss: 0.00000, total_cos_loss : 0.00000, vocab_cro_loss : 1.22796, 
epoch 110 summary: dyn_dyn_cos_loss: 0.00000, dyn_sta_cos_loss: 0.00000, total_cos_loss : 0.00000, vocab_cro_loss : 1.22250, 
train loss: 1.2133, train acc: 0.6221
epoch 111 summary: dyn_dyn_cos_loss: 0.00000, dyn_sta_cos_loss: 0.00000, total_cos_loss : 0.00000, vocab_cro_loss : 1.21332, 
epoch 112 summary: dyn_dyn_cos_loss: 0.00212, dyn_sta_cos_loss: 0.00144, total_cos_loss : 0.00155, vocab_cro_loss : 1.20847, 
epoch 113 summary: dyn_dyn_cos_loss: 0.00000, dyn_sta_cos_loss: 0.00000, total_cos_loss : 0.00000, vocab_cro_loss : 1.23260, 
epoch 114 summary: dyn_dyn_cos_loss: 0.00000, dyn_sta_cos_loss: 0.00000, total_cos_loss : 0.00000, vocab_cro_loss : 1.22540, 
epoch 115 summary: dyn_dyn_cos_loss: 0.00000, dyn_sta_cos_loss: 0.00000, total_cos_loss : 0.00000, vocab_cro_loss : 1.22231, 
epoch 116 summary: dyn_dyn_cos_loss: 0.00209, dyn_sta_cos_loss: 0.00141, total_cos_loss : 0.00152, vocab_cro_loss : 1.21303, 
epoch 117 summary: dyn_dyn_cos_loss: 0.00000, dyn_sta_cos_loss: 0.00000, total_cos_loss : 0.00000, vocab_cro_loss : 1.23035, 
epoch 118 summary: dyn_dyn_cos_loss: 0.00000, dyn_sta_cos_loss: 0.00000, total_cos_loss : 0.00000, vocab_cro_loss : 1.22145, 
epoch 119 summary: dyn_dyn_cos_loss: 0.00000, dyn_sta_cos_loss: 0.00000, total_cos_loss : 0.00000, vocab_cro_loss : 1.21375, 
epoch 120 summary: dyn_dyn_cos_loss: 0.00208, dyn_sta_cos_loss: 0.00141, total_cos_loss : 0.00151, vocab_cro_loss : 1.21099, 
train loss: 1.2122, train acc: 0.6304
epoch 121 summary: dyn_dyn_cos_loss: 0.00000, dyn_sta_cos_loss: 0.00000, total_cos_loss : 0.00000, vocab_cro_loss : 1.21215, 
epoch 122 summary: dyn_dyn_cos_loss: 0.00000, dyn_sta_cos_loss: 0.00000, total_cos_loss : 0.00000, vocab_cro_loss : 1.20624, 
epoch 123 summary: dyn_dyn_cos_loss: 0.00000, dyn_sta_cos_loss: 0.00000, total_cos_loss : 0.00000, vocab_cro_loss : 1.20035, 
epoch 124 summary: dyn_dyn_cos_loss: 0.00206, dyn_sta_cos_loss: 0.00141, total_cos_loss : 0.00151, vocab_cro_loss : 1.19252, 
epoch 125 summary: dyn_dyn_cos_loss: 0.00000, dyn_sta_cos_loss: 0.00000, total_cos_loss : 0.00000, vocab_cro_loss : 1.21722, 
epoch 126 summary: dyn_dyn_cos_loss: 0.00000, dyn_sta_cos_loss: 0.00000, total_cos_loss : 0.00000, vocab_cro_loss : 1.21301, 
epoch 127 summary: dyn_dyn_cos_loss: 0.00000, dyn_sta_cos_loss: 0.00000, total_cos_loss : 0.00000, vocab_cro_loss : 1.20868, 
epoch 128 summary: dyn_dyn_cos_loss: 0.00203, dyn_sta_cos_loss: 0.00142, total_cos_loss : 0.00151, vocab_cro_loss : 1.20481, 
epoch 129 summary: dyn_dyn_cos_loss: 0.00000, dyn_sta_cos_loss: 0.00000, total_cos_loss : 0.00000, vocab_cro_loss : 1.21446, 
epoch 130 summary: dyn_dyn_cos_loss: 0.00000, dyn_sta_cos_loss: 0.00000, total_cos_loss : 0.00000, vocab_cro_loss : 1.21121, 
train loss: 1.2089, train acc: 0.6353
epoch 131 summary: dyn_dyn_cos_loss: 0.00000, dyn_sta_cos_loss: 0.00000, total_cos_loss : 0.00000, vocab_cro_loss : 1.20889, 
epoch 132 summary: dyn_dyn_cos_loss: 0.00202, dyn_sta_cos_loss: 0.00141, total_cos_loss : 0.00150, vocab_cro_loss : 1.20535, 
epoch 133 summary: dyn_dyn_cos_loss: 0.00000, dyn_sta_cos_loss: 0.00000, total_cos_loss : 0.00000, vocab_cro_loss : 1.23879, 
epoch 134 summary: dyn_dyn_cos_loss: 0.00000, dyn_sta_cos_loss: 0.00000, total_cos_loss : 0.00000, vocab_cro_loss : 1.22559, 
epoch 135 summary: dyn_dyn_cos_loss: 0.00000, dyn_sta_cos_loss: 0.00000, total_cos_loss : 0.00000, vocab_cro_loss : 1.22312, 
epoch 136 summary: dyn_dyn_cos_loss: 0.00203, dyn_sta_cos_loss: 0.00140, total_cos_loss : 0.00150, vocab_cro_loss : 1.21869, 
epoch 137 summary: dyn_dyn_cos_loss: 0.00000, dyn_sta_cos_loss: 0.00000, total_cos_loss : 0.00000, vocab_cro_loss : 1.22879, 
epoch 138 summary: dyn_dyn_cos_loss: 0.00000, dyn_sta_cos_loss: 0.00000, total_cos_loss : 0.00000, vocab_cro_loss : 1.23055, 
epoch 139 summary: dyn_dyn_cos_loss: 0.00000, dyn_sta_cos_loss: 0.00000, total_cos_loss : 0.00000, vocab_cro_loss : 1.22444, 
epoch 140 summary: dyn_dyn_cos_loss: 0.00200, dyn_sta_cos_loss: 0.00143, total_cos_loss : 0.00151, vocab_cro_loss : 1.22645, 
train loss: 1.2388, train acc: 0.6206
epoch 141 summary: dyn_dyn_cos_loss: 0.00000, dyn_sta_cos_loss: 0.00000, total_cos_loss : 0.00000, vocab_cro_loss : 1.23873, 
epoch 142 summary: dyn_dyn_cos_loss: 0.00000, dyn_sta_cos_loss: 0.00000, total_cos_loss : 0.00000, vocab_cro_loss : 1.23554, 
epoch 143 summary: dyn_dyn_cos_loss: 0.00000, dyn_sta_cos_loss: 0.00000, total_cos_loss : 0.00000, vocab_cro_loss : 1.23067, 
epoch 144 summary: dyn_dyn_cos_loss: 0.00197, dyn_sta_cos_loss: 0.00141, total_cos_loss : 0.00149, vocab_cro_loss : 1.22879, 
epoch 145 summary: dyn_dyn_cos_loss: 0.00000, dyn_sta_cos_loss: 0.00000, total_cos_loss : 0.00000, vocab_cro_loss : 1.24542, 
epoch 146 summary: dyn_dyn_cos_loss: 0.00000, dyn_sta_cos_loss: 0.00000, total_cos_loss : 0.00000, vocab_cro_loss : 1.23873, 
epoch 147 summary: dyn_dyn_cos_loss: 0.00000, dyn_sta_cos_loss: 0.00000, total_cos_loss : 0.00000, vocab_cro_loss : 1.23545, 
epoch 148 summary: dyn_dyn_cos_loss: 0.00196, dyn_sta_cos_loss: 0.00141, total_cos_loss : 0.00149, vocab_cro_loss : 1.23151, 
epoch 149 summary: dyn_dyn_cos_loss: 0.00000, dyn_sta_cos_loss: 0.00000, total_cos_loss : 0.00000, vocab_cro_loss : 1.25739, 
epoch 150 summary: dyn_dyn_cos_loss: 0.00000, dyn_sta_cos_loss: 0.00000, total_cos_loss : 0.00000, vocab_cro_loss : 1.24809, 
train loss: 1.2392, train acc: 0.6226
epoch 151 summary: dyn_dyn_cos_loss: 0.00000, dyn_sta_cos_loss: 0.00000, total_cos_loss : 0.00000, vocab_cro_loss : 1.23912, 
epoch 152 summary: dyn_dyn_cos_loss: 0.00199, dyn_sta_cos_loss: 0.00139, total_cos_loss : 0.00148, vocab_cro_loss : 1.23471, 
epoch 153 summary: dyn_dyn_cos_loss: 0.00000, dyn_sta_cos_loss: 0.00000, total_cos_loss : 0.00000, vocab_cro_loss : 1.25161, 
epoch 154 summary: dyn_dyn_cos_loss: 0.00000, dyn_sta_cos_loss: 0.00000, total_cos_loss : 0.00000, vocab_cro_loss : 1.23944, 
epoch 155 summary: dyn_dyn_cos_loss: 0.00000, dyn_sta_cos_loss: 0.00000, total_cos_loss : 0.00000, vocab_cro_loss : 1.23263, 
epoch 156 summary: dyn_dyn_cos_loss: 0.00198, dyn_sta_cos_loss: 0.00135, total_cos_loss : 0.00144, vocab_cro_loss : 1.22365, 
epoch 157 summary: dyn_dyn_cos_loss: 0.00000, dyn_sta_cos_loss: 0.00000, total_cos_loss : 0.00000, vocab_cro_loss : 1.24232, 
epoch 158 summary: dyn_dyn_cos_loss: 0.00000, dyn_sta_cos_loss: 0.00000, total_cos_loss : 0.00000, vocab_cro_loss : 1.23146, 
epoch 159 summary: dyn_dyn_cos_loss: 0.00000, dyn_sta_cos_loss: 0.00000, total_cos_loss : 0.00000, vocab_cro_loss : 1.22321, 
epoch 160 summary: dyn_dyn_cos_loss: 0.00195, dyn_sta_cos_loss: 0.00139, total_cos_loss : 0.00147, vocab_cro_loss : 1.21857, 
train loss: 1.2310, train acc: 0.6289
epoch 161 summary: dyn_dyn_cos_loss: 0.00000, dyn_sta_cos_loss: 0.00000, total_cos_loss : 0.00000, vocab_cro_loss : 1.23094, 
epoch 162 summary: dyn_dyn_cos_loss: 0.00000, dyn_sta_cos_loss: 0.00000, total_cos_loss : 0.00000, vocab_cro_loss : 1.22565, 
epoch 163 summary: dyn_dyn_cos_loss: 0.00000, dyn_sta_cos_loss: 0.00000, total_cos_loss : 0.00000, vocab_cro_loss : 1.22325, 
epoch 164 summary: dyn_dyn_cos_loss: 0.00193, dyn_sta_cos_loss: 0.00139, total_cos_loss : 0.00147, vocab_cro_loss : 1.21946, 
epoch 165 summary: dyn_dyn_cos_loss: 0.00000, dyn_sta_cos_loss: 0.00000, total_cos_loss : 0.00000, vocab_cro_loss : 1.23592, 
epoch 166 summary: dyn_dyn_cos_loss: 0.00000, dyn_sta_cos_loss: 0.00000, total_cos_loss : 0.00000, vocab_cro_loss : 1.22811, 
epoch 167 summary: dyn_dyn_cos_loss: 0.00000, dyn_sta_cos_loss: 0.00000, total_cos_loss : 0.00000, vocab_cro_loss : 1.22397, 
epoch 168 summary: dyn_dyn_cos_loss: 0.00196, dyn_sta_cos_loss: 0.00140, total_cos_loss : 0.00148, vocab_cro_loss : 1.21889, 
epoch 169 summary: dyn_dyn_cos_loss: 0.00000, dyn_sta_cos_loss: 0.00000, total_cos_loss : 0.00000, vocab_cro_loss : 1.23070, 
epoch 170 summary: dyn_dyn_cos_loss: 0.00000, dyn_sta_cos_loss: 0.00000, total_cos_loss : 0.00000, vocab_cro_loss : 1.22226, 
train loss: 1.2172, train acc: 0.6309
epoch 171 summary: dyn_dyn_cos_loss: 0.00000, dyn_sta_cos_loss: 0.00000, total_cos_loss : 0.00000, vocab_cro_loss : 1.21720, 
epoch 172 summary: dyn_dyn_cos_loss: 0.00195, dyn_sta_cos_loss: 0.00147, total_cos_loss : 0.00154, vocab_cro_loss : 1.21926, 
epoch 173 summary: dyn_dyn_cos_loss: 0.00000, dyn_sta_cos_loss: 0.00000, total_cos_loss : 0.00000, vocab_cro_loss : 1.22823, 
epoch 174 summary: dyn_dyn_cos_loss: 0.00000, dyn_sta_cos_loss: 0.00000, total_cos_loss : 0.00000, vocab_cro_loss : 1.22497, 
epoch 175 summary: dyn_dyn_cos_loss: 0.00000, dyn_sta_cos_loss: 0.00000, total_cos_loss : 0.00000, vocab_cro_loss : 1.22086, 
epoch 176 summary: dyn_dyn_cos_loss: 0.00195, dyn_sta_cos_loss: 0.00145, total_cos_loss : 0.00153, vocab_cro_loss : 1.21896, 
epoch 177 summary: dyn_dyn_cos_loss: 0.00000, dyn_sta_cos_loss: 0.00000, total_cos_loss : 0.00000, vocab_cro_loss : 1.22833, 
epoch 178 summary: dyn_dyn_cos_loss: 0.00000, dyn_sta_cos_loss: 0.00000, total_cos_loss : 0.00000, vocab_cro_loss : 1.21876, 
epoch 179 summary: dyn_dyn_cos_loss: 0.00000, dyn_sta_cos_loss: 0.00000, total_cos_loss : 0.00000, vocab_cro_loss : 1.21333, 
epoch 180 summary: dyn_dyn_cos_loss: 0.00201, dyn_sta_cos_loss: 0.00146, total_cos_loss : 0.00155, vocab_cro_loss : 1.20421, 
train loss: 1.2279, train acc: 0.6294
epoch 181 summary: dyn_dyn_cos_loss: 0.00000, dyn_sta_cos_loss: 0.00000, total_cos_loss : 0.00000, vocab_cro_loss : 1.22791, 
epoch 182 summary: dyn_dyn_cos_loss: 0.00000, dyn_sta_cos_loss: 0.00000, total_cos_loss : 0.00000, vocab_cro_loss : 1.21657, 
epoch 183 summary: dyn_dyn_cos_loss: 0.00000, dyn_sta_cos_loss: 0.00000, total_cos_loss : 0.00000, vocab_cro_loss : 1.21057, 
epoch 184 summary: dyn_dyn_cos_loss: 0.00201, dyn_sta_cos_loss: 0.00145, total_cos_loss : 0.00153, vocab_cro_loss : 1.20329, 
epoch 185 summary: dyn_dyn_cos_loss: 0.00000, dyn_sta_cos_loss: 0.00000, total_cos_loss : 0.00000, vocab_cro_loss : 1.22263, 
epoch 186 summary: dyn_dyn_cos_loss: 0.00000, dyn_sta_cos_loss: 0.00000, total_cos_loss : 0.00000, vocab_cro_loss : 1.21264, 
epoch 187 summary: dyn_dyn_cos_loss: 0.00000, dyn_sta_cos_loss: 0.00000, total_cos_loss : 0.00000, vocab_cro_loss : 1.20693, 
epoch 188 summary: dyn_dyn_cos_loss: 0.00202, dyn_sta_cos_loss: 0.00139, total_cos_loss : 0.00148, vocab_cro_loss : 1.20124, 
epoch 189 summary: dyn_dyn_cos_loss: 0.00000, dyn_sta_cos_loss: 0.00000, total_cos_loss : 0.00000, vocab_cro_loss : 1.22324, 
epoch 190 summary: dyn_dyn_cos_loss: 0.00000, dyn_sta_cos_loss: 0.00000, total_cos_loss : 0.00000, vocab_cro_loss : 1.21537, 
train loss: 1.2088, train acc: 0.6387
epoch 191 summary: dyn_dyn_cos_loss: 0.00000, dyn_sta_cos_loss: 0.00000, total_cos_loss : 0.00000, vocab_cro_loss : 1.20880, 
epoch 192 summary: dyn_dyn_cos_loss: 0.00200, dyn_sta_cos_loss: 0.00141, total_cos_loss : 0.00150, vocab_cro_loss : 1.20076, 
epoch 193 summary: dyn_dyn_cos_loss: 0.00000, dyn_sta_cos_loss: 0.00000, total_cos_loss : 0.00000, vocab_cro_loss : 1.21660, 
epoch 194 summary: dyn_dyn_cos_loss: 0.00000, dyn_sta_cos_loss: 0.00000, total_cos_loss : 0.00000, vocab_cro_loss : 1.20844, 
epoch 195 summary: dyn_dyn_cos_loss: 0.00000, dyn_sta_cos_loss: 0.00000, total_cos_loss : 0.00000, vocab_cro_loss : 1.20265, 
epoch 196 summary: dyn_dyn_cos_loss: 0.00203, dyn_sta_cos_loss: 0.00139, total_cos_loss : 0.00149, vocab_cro_loss : 1.19837, 
epoch 197 summary: dyn_dyn_cos_loss: 0.00000, dyn_sta_cos_loss: 0.00000, total_cos_loss : 0.00000, vocab_cro_loss : 1.22690, 
epoch 198 summary: dyn_dyn_cos_loss: 0.00000, dyn_sta_cos_loss: 0.00000, total_cos_loss : 0.00000, vocab_cro_loss : 1.21984, 
epoch 199 summary: dyn_dyn_cos_loss: 0.00000, dyn_sta_cos_loss: 0.00000, total_cos_loss : 0.00000, vocab_cro_loss : 1.21376, 
epoch 200 summary: dyn_dyn_cos_loss: 0.00201, dyn_sta_cos_loss: 0.00140, total_cos_loss : 0.00149, vocab_cro_loss : 1.20874, 
train loss: 1.2401, train acc: 0.6216
epoch 201 summary: dyn_dyn_cos_loss: 0.00000, dyn_sta_cos_loss: 0.00000, total_cos_loss : 0.00000, vocab_cro_loss : 1.24004, 
epoch 202 summary: dyn_dyn_cos_loss: 0.00000, dyn_sta_cos_loss: 0.00000, total_cos_loss : 0.00000, vocab_cro_loss : 1.22987, 
epoch 203 summary: dyn_dyn_cos_loss: 0.00000, dyn_sta_cos_loss: 0.00000, total_cos_loss : 0.00000, vocab_cro_loss : 1.22452, 
epoch 204 summary: dyn_dyn_cos_loss: 0.00200, dyn_sta_cos_loss: 0.00133, total_cos_loss : 0.00143, vocab_cro_loss : 1.22270, 
epoch 205 summary: dyn_dyn_cos_loss: 0.00000, dyn_sta_cos_loss: 0.00000, total_cos_loss : 0.00000, vocab_cro_loss : 1.24232, 
epoch 206 summary: dyn_dyn_cos_loss: 0.00000, dyn_sta_cos_loss: 0.00000, total_cos_loss : 0.00000, vocab_cro_loss : 1.23423, 
epoch 207 summary: dyn_dyn_cos_loss: 0.00000, dyn_sta_cos_loss: 0.00000, total_cos_loss : 0.00000, vocab_cro_loss : 1.23106, 
epoch 208 summary: dyn_dyn_cos_loss: 0.00199, dyn_sta_cos_loss: 0.00139, total_cos_loss : 0.00148, vocab_cro_loss : 1.22569, 
epoch 209 summary: dyn_dyn_cos_loss: 0.00000, dyn_sta_cos_loss: 0.00000, total_cos_loss : 0.00000, vocab_cro_loss : 1.24091, 
epoch 210 summary: dyn_dyn_cos_loss: 0.00000, dyn_sta_cos_loss: 0.00000, total_cos_loss : 0.00000, vocab_cro_loss : 1.23558, 
train loss: 1.2284, train acc: 0.6357
epoch 211 summary: dyn_dyn_cos_loss: 0.00000, dyn_sta_cos_loss: 0.00000, total_cos_loss : 0.00000, vocab_cro_loss : 1.22838, 
epoch 212 summary: dyn_dyn_cos_loss: 0.00201, dyn_sta_cos_loss: 0.00136, total_cos_loss : 0.00145, vocab_cro_loss : 1.21783, 
epoch 213 summary: dyn_dyn_cos_loss: 0.00000, dyn_sta_cos_loss: 0.00000, total_cos_loss : 0.00000, vocab_cro_loss : 1.23093, 
epoch 214 summary: dyn_dyn_cos_loss: 0.00000, dyn_sta_cos_loss: 0.00000, total_cos_loss : 0.00000, vocab_cro_loss : 1.22410, 
epoch 215 summary: dyn_dyn_cos_loss: 0.00000, dyn_sta_cos_loss: 0.00000, total_cos_loss : 0.00000, vocab_cro_loss : 1.22055, 
epoch 216 summary: dyn_dyn_cos_loss: 0.00199, dyn_sta_cos_loss: 0.00136, total_cos_loss : 0.00145, vocab_cro_loss : 1.21811, 
epoch 217 summary: dyn_dyn_cos_loss: 0.00000, dyn_sta_cos_loss: 0.00000, total_cos_loss : 0.00000, vocab_cro_loss : 1.23191, 
epoch 218 summary: dyn_dyn_cos_loss: 0.00000, dyn_sta_cos_loss: 0.00000, total_cos_loss : 0.00000, vocab_cro_loss : 1.22375, 
epoch 219 summary: dyn_dyn_cos_loss: 0.00000, dyn_sta_cos_loss: 0.00000, total_cos_loss : 0.00000, vocab_cro_loss : 1.22557, 
epoch 220 summary: dyn_dyn_cos_loss: 0.00196, dyn_sta_cos_loss: 0.00137, total_cos_loss : 0.00146, vocab_cro_loss : 1.22423, 
train loss: 1.2528, train acc: 0.6245
epoch 221 summary: dyn_dyn_cos_loss: 0.00000, dyn_sta_cos_loss: 0.00000, total_cos_loss : 0.00000, vocab_cro_loss : 1.25279, 
epoch 222 summary: dyn_dyn_cos_loss: 0.00000, dyn_sta_cos_loss: 0.00000, total_cos_loss : 0.00000, vocab_cro_loss : 1.24942, 
epoch 223 summary: dyn_dyn_cos_loss: 0.00000, dyn_sta_cos_loss: 0.00000, total_cos_loss : 0.00000, vocab_cro_loss : 1.24349, 
epoch 224 summary: dyn_dyn_cos_loss: 0.00195, dyn_sta_cos_loss: 0.00141, total_cos_loss : 0.00149, vocab_cro_loss : 1.23752, 
epoch 225 summary: dyn_dyn_cos_loss: 0.00000, dyn_sta_cos_loss: 0.00000, total_cos_loss : 0.00000, vocab_cro_loss : 1.24581, 
epoch 226 summary: dyn_dyn_cos_loss: 0.00000, dyn_sta_cos_loss: 0.00000, total_cos_loss : 0.00000, vocab_cro_loss : 1.24533, 
epoch 227 summary: dyn_dyn_cos_loss: 0.00000, dyn_sta_cos_loss: 0.00000, total_cos_loss : 0.00000, vocab_cro_loss : 1.24308, 
epoch 228 summary: dyn_dyn_cos_loss: 0.00200, dyn_sta_cos_loss: 0.00137, total_cos_loss : 0.00146, vocab_cro_loss : 1.23224, 
epoch 229 summary: dyn_dyn_cos_loss: 0.00000, dyn_sta_cos_loss: 0.00000, total_cos_loss : 0.00000, vocab_cro_loss : 1.25921, 
epoch 230 summary: dyn_dyn_cos_loss: 0.00000, dyn_sta_cos_loss: 0.00000, total_cos_loss : 0.00000, vocab_cro_loss : 1.25332, 
train loss: 1.2404, train acc: 0.6284
epoch 231 summary: dyn_dyn_cos_loss: 0.00000, dyn_sta_cos_loss: 0.00000, total_cos_loss : 0.00000, vocab_cro_loss : 1.24035, 
epoch 232 summary: dyn_dyn_cos_loss: 0.00199, dyn_sta_cos_loss: 0.00143, total_cos_loss : 0.00151, vocab_cro_loss : 1.23588, 
epoch 233 summary: dyn_dyn_cos_loss: 0.00000, dyn_sta_cos_loss: 0.00000, total_cos_loss : 0.00000, vocab_cro_loss : 1.24319, 
epoch 234 summary: dyn_dyn_cos_loss: 0.00000, dyn_sta_cos_loss: 0.00000, total_cos_loss : 0.00000, vocab_cro_loss : 1.23607, 
epoch 235 summary: dyn_dyn_cos_loss: 0.00000, dyn_sta_cos_loss: 0.00000, total_cos_loss : 0.00000, vocab_cro_loss : 1.23135, 
epoch 236 summary: dyn_dyn_cos_loss: 0.00198, dyn_sta_cos_loss: 0.00143, total_cos_loss : 0.00151, vocab_cro_loss : 1.22435, 
epoch 237 summary: dyn_dyn_cos_loss: 0.00000, dyn_sta_cos_loss: 0.00000, total_cos_loss : 0.00000, vocab_cro_loss : 1.23888, 
epoch 238 summary: dyn_dyn_cos_loss: 0.00000, dyn_sta_cos_loss: 0.00000, total_cos_loss : 0.00000, vocab_cro_loss : 1.22854, 
epoch 239 summary: dyn_dyn_cos_loss: 0.00000, dyn_sta_cos_loss: 0.00000, total_cos_loss : 0.00000, vocab_cro_loss : 1.21816, 
epoch 240 summary: dyn_dyn_cos_loss: 0.00200, dyn_sta_cos_loss: 0.00150, total_cos_loss : 0.00157, vocab_cro_loss : 1.21503, 
train loss: 1.2351, train acc: 0.6372
epoch 241 summary: dyn_dyn_cos_loss: 0.00000, dyn_sta_cos_loss: 0.00000, total_cos_loss : 0.00000, vocab_cro_loss : 1.23503, 
epoch 242 summary: dyn_dyn_cos_loss: 0.00000, dyn_sta_cos_loss: 0.00000, total_cos_loss : 0.00000, vocab_cro_loss : 1.23397, 
epoch 243 summary: dyn_dyn_cos_loss: 0.00000, dyn_sta_cos_loss: 0.00000, total_cos_loss : 0.00000, vocab_cro_loss : 1.23153, 
epoch 244 summary: dyn_dyn_cos_loss: 0.00198, dyn_sta_cos_loss: 0.00148, total_cos_loss : 0.00155, vocab_cro_loss : 1.22124, 
epoch 245 summary: dyn_dyn_cos_loss: 0.00000, dyn_sta_cos_loss: 0.00000, total_cos_loss : 0.00000, vocab_cro_loss : 1.22947, 
epoch 246 summary: dyn_dyn_cos_loss: 0.00000, dyn_sta_cos_loss: 0.00000, total_cos_loss : 0.00000, vocab_cro_loss : 1.22053, 
epoch 247 summary: dyn_dyn_cos_loss: 0.00000, dyn_sta_cos_loss: 0.00000, total_cos_loss : 0.00000, vocab_cro_loss : 1.21464, 
epoch 248 summary: dyn_dyn_cos_loss: 0.00197, dyn_sta_cos_loss: 0.00143, total_cos_loss : 0.00151, vocab_cro_loss : 1.21048, 
epoch 249 summary: dyn_dyn_cos_loss: 0.00000, dyn_sta_cos_loss: 0.00000, total_cos_loss : 0.00000, vocab_cro_loss : 1.22052, 
epoch 250 summary: dyn_dyn_cos_loss: 0.00000, dyn_sta_cos_loss: 0.00000, total_cos_loss : 0.00000, vocab_cro_loss : 1.21172, 
train loss: 1.2088, train acc: 0.6357
epoch 251 summary: dyn_dyn_cos_loss: 0.00000, dyn_sta_cos_loss: 0.00000, total_cos_loss : 0.00000, vocab_cro_loss : 1.20876, 
epoch 252 summary: dyn_dyn_cos_loss: 0.00194, dyn_sta_cos_loss: 0.00149, total_cos_loss : 0.00156, vocab_cro_loss : 1.20229, 
epoch 253 summary: dyn_dyn_cos_loss: 0.00000, dyn_sta_cos_loss: 0.00000, total_cos_loss : 0.00000, vocab_cro_loss : 1.22894, 
epoch 254 summary: dyn_dyn_cos_loss: 0.00000, dyn_sta_cos_loss: 0.00000, total_cos_loss : 0.00000, vocab_cro_loss : 1.22090, 
epoch 255 summary: dyn_dyn_cos_loss: 0.00000, dyn_sta_cos_loss: 0.00000, total_cos_loss : 0.00000, vocab_cro_loss : 1.21284, 
epoch 256 summary: dyn_dyn_cos_loss: 0.00196, dyn_sta_cos_loss: 0.00143, total_cos_loss : 0.00151, vocab_cro_loss : 1.20618, 
epoch 257 summary: dyn_dyn_cos_loss: 0.00000, dyn_sta_cos_loss: 0.00000, total_cos_loss : 0.00000, vocab_cro_loss : 1.22657, 
epoch 258 summary: dyn_dyn_cos_loss: 0.00000, dyn_sta_cos_loss: 0.00000, total_cos_loss : 0.00000, vocab_cro_loss : 1.21681, 
epoch 259 summary: dyn_dyn_cos_loss: 0.00000, dyn_sta_cos_loss: 0.00000, total_cos_loss : 0.00000, vocab_cro_loss : 1.20825, 
epoch 260 summary: dyn_dyn_cos_loss: 0.00192, dyn_sta_cos_loss: 0.00143, total_cos_loss : 0.00150, vocab_cro_loss : 1.20338, 
train loss: 1.2194, train acc: 0.6294
epoch 261 summary: dyn_dyn_cos_loss: 0.00000, dyn_sta_cos_loss: 0.00000, total_cos_loss : 0.00000, vocab_cro_loss : 1.21942, 
epoch 262 summary: dyn_dyn_cos_loss: 0.00000, dyn_sta_cos_loss: 0.00000, total_cos_loss : 0.00000, vocab_cro_loss : 1.21367, 
epoch 263 summary: dyn_dyn_cos_loss: 0.00000, dyn_sta_cos_loss: 0.00000, total_cos_loss : 0.00000, vocab_cro_loss : 1.20766, 
epoch 264 summary: dyn_dyn_cos_loss: 0.00190, dyn_sta_cos_loss: 0.00144, total_cos_loss : 0.00151, vocab_cro_loss : 1.20534, 
epoch 265 summary: dyn_dyn_cos_loss: 0.00000, dyn_sta_cos_loss: 0.00000, total_cos_loss : 0.00000, vocab_cro_loss : 1.22465, 
epoch 266 summary: dyn_dyn_cos_loss: 0.00000, dyn_sta_cos_loss: 0.00000, total_cos_loss : 0.00000, vocab_cro_loss : 1.21566, 
epoch 267 summary: dyn_dyn_cos_loss: 0.00000, dyn_sta_cos_loss: 0.00000, total_cos_loss : 0.00000, vocab_cro_loss : 1.20904, 
epoch 268 summary: dyn_dyn_cos_loss: 0.00190, dyn_sta_cos_loss: 0.00148, total_cos_loss : 0.00154, vocab_cro_loss : 1.20151, 
epoch 269 summary: dyn_dyn_cos_loss: 0.00000, dyn_sta_cos_loss: 0.00000, total_cos_loss : 0.00000, vocab_cro_loss : 1.22687, 
epoch 270 summary: dyn_dyn_cos_loss: 0.00000, dyn_sta_cos_loss: 0.00000, total_cos_loss : 0.00000, vocab_cro_loss : 1.21730, 
train loss: 1.2124, train acc: 0.6387
epoch 271 summary: dyn_dyn_cos_loss: 0.00000, dyn_sta_cos_loss: 0.00000, total_cos_loss : 0.00000, vocab_cro_loss : 1.21237, 
epoch 272 summary: dyn_dyn_cos_loss: 0.00192, dyn_sta_cos_loss: 0.00148, total_cos_loss : 0.00155, vocab_cro_loss : 1.20759, 
epoch 273 summary: dyn_dyn_cos_loss: 0.00000, dyn_sta_cos_loss: 0.00000, total_cos_loss : 0.00000, vocab_cro_loss : 1.22247, 
epoch 274 summary: dyn_dyn_cos_loss: 0.00000, dyn_sta_cos_loss: 0.00000, total_cos_loss : 0.00000, vocab_cro_loss : 1.21437, 
epoch 275 summary: dyn_dyn_cos_loss: 0.00000, dyn_sta_cos_loss: 0.00000, total_cos_loss : 0.00000, vocab_cro_loss : 1.20769, 
epoch 276 summary: dyn_dyn_cos_loss: 0.00192, dyn_sta_cos_loss: 0.00151, total_cos_loss : 0.00157, vocab_cro_loss : 1.20258, 
epoch 277 summary: dyn_dyn_cos_loss: 0.00000, dyn_sta_cos_loss: 0.00000, total_cos_loss : 0.00000, vocab_cro_loss : 1.23313, 
epoch 278 summary: dyn_dyn_cos_loss: 0.00000, dyn_sta_cos_loss: 0.00000, total_cos_loss : 0.00000, vocab_cro_loss : 1.22511, 
epoch 279 summary: dyn_dyn_cos_loss: 0.00000, dyn_sta_cos_loss: 0.00000, total_cos_loss : 0.00000, vocab_cro_loss : 1.21779, 
epoch 280 summary: dyn_dyn_cos_loss: 0.00191, dyn_sta_cos_loss: 0.00149, total_cos_loss : 0.00156, vocab_cro_loss : 1.21418, 
train loss: 1.2499, train acc: 0.6201
epoch 281 summary: dyn_dyn_cos_loss: 0.00000, dyn_sta_cos_loss: 0.00000, total_cos_loss : 0.00000, vocab_cro_loss : 1.24983, 
epoch 282 summary: dyn_dyn_cos_loss: 0.00000, dyn_sta_cos_loss: 0.00000, total_cos_loss : 0.00000, vocab_cro_loss : 1.23770, 
epoch 283 summary: dyn_dyn_cos_loss: 0.00000, dyn_sta_cos_loss: 0.00000, total_cos_loss : 0.00000, vocab_cro_loss : 1.23015, 
epoch 284 summary: dyn_dyn_cos_loss: 0.00191, dyn_sta_cos_loss: 0.00146, total_cos_loss : 0.00153, vocab_cro_loss : 1.22379, 
epoch 285 summary: dyn_dyn_cos_loss: 0.00000, dyn_sta_cos_loss: 0.00000, total_cos_loss : 0.00000, vocab_cro_loss : 1.25538, 
epoch 286 summary: dyn_dyn_cos_loss: 0.00000, dyn_sta_cos_loss: 0.00000, total_cos_loss : 0.00000, vocab_cro_loss : 1.24471, 
epoch 287 summary: dyn_dyn_cos_loss: 0.00000, dyn_sta_cos_loss: 0.00000, total_cos_loss : 0.00000, vocab_cro_loss : 1.23840, 
epoch 288 summary: dyn_dyn_cos_loss: 0.00192, dyn_sta_cos_loss: 0.00146, total_cos_loss : 0.00153, vocab_cro_loss : 1.23403, 
epoch 289 summary: dyn_dyn_cos_loss: 0.00000, dyn_sta_cos_loss: 0.00000, total_cos_loss : 0.00000, vocab_cro_loss : 1.24966, 
epoch 290 summary: dyn_dyn_cos_loss: 0.00000, dyn_sta_cos_loss: 0.00000, total_cos_loss : 0.00000, vocab_cro_loss : 1.24421, 
train loss: 1.2386, train acc: 0.6313
epoch 291 summary: dyn_dyn_cos_loss: 0.00000, dyn_sta_cos_loss: 0.00000, total_cos_loss : 0.00000, vocab_cro_loss : 1.23852, 
epoch 292 summary: dyn_dyn_cos_loss: 0.00189, dyn_sta_cos_loss: 0.00149, total_cos_loss : 0.00155, vocab_cro_loss : 1.24376, 
epoch 293 summary: dyn_dyn_cos_loss: 0.00000, dyn_sta_cos_loss: 0.00000, total_cos_loss : 0.00000, vocab_cro_loss : 1.25319, 
epoch 294 summary: dyn_dyn_cos_loss: 0.00000, dyn_sta_cos_loss: 0.00000, total_cos_loss : 0.00000, vocab_cro_loss : 1.24719, 
epoch 295 summary: dyn_dyn_cos_loss: 0.00000, dyn_sta_cos_loss: 0.00000, total_cos_loss : 0.00000, vocab_cro_loss : 1.23938, 
epoch 296 summary: dyn_dyn_cos_loss: 0.00190, dyn_sta_cos_loss: 0.00146, total_cos_loss : 0.00152, vocab_cro_loss : 1.23328, 
epoch 297 summary: dyn_dyn_cos_loss: 0.00000, dyn_sta_cos_loss: 0.00000, total_cos_loss : 0.00000, vocab_cro_loss : 1.26589, 
epoch 298 summary: dyn_dyn_cos_loss: 0.00000, dyn_sta_cos_loss: 0.00000, total_cos_loss : 0.00000, vocab_cro_loss : 1.26092, 
epoch 299 summary: dyn_dyn_cos_loss: 0.00000, dyn_sta_cos_loss: 0.00000, total_cos_loss : 0.00000, vocab_cro_loss : 1.24639, 
epoch 300 summary: dyn_dyn_cos_loss: 0.00193, dyn_sta_cos_loss: 0.00144, total_cos_loss : 0.00151, vocab_cro_loss : 1.23708, 
train loss: 1.2519, train acc: 0.6284
epoch 301 summary: dyn_dyn_cos_loss: 0.00000, dyn_sta_cos_loss: 0.00000, total_cos_loss : 0.00000, vocab_cro_loss : 1.25188, 
epoch 302 summary: dyn_dyn_cos_loss: 0.00000, dyn_sta_cos_loss: 0.00000, total_cos_loss : 0.00000, vocab_cro_loss : 1.24729, 
epoch 303 summary: dyn_dyn_cos_loss: 0.00000, dyn_sta_cos_loss: 0.00000, total_cos_loss : 0.00000, vocab_cro_loss : 1.24243, 
epoch 304 summary: dyn_dyn_cos_loss: 0.00192, dyn_sta_cos_loss: 0.00140, total_cos_loss : 0.00148, vocab_cro_loss : 1.23967, 
epoch 305 summary: dyn_dyn_cos_loss: 0.00000, dyn_sta_cos_loss: 0.00000, total_cos_loss : 0.00000, vocab_cro_loss : 1.26374, 
epoch 306 summary: dyn_dyn_cos_loss: 0.00000, dyn_sta_cos_loss: 0.00000, total_cos_loss : 0.00000, vocab_cro_loss : 1.25679, 
epoch 307 summary: dyn_dyn_cos_loss: 0.00000, dyn_sta_cos_loss: 0.00000, total_cos_loss : 0.00000, vocab_cro_loss : 1.24803, 
epoch 308 summary: dyn_dyn_cos_loss: 0.00194, dyn_sta_cos_loss: 0.00143, total_cos_loss : 0.00150, vocab_cro_loss : 1.24345, 
epoch 309 summary: dyn_dyn_cos_loss: 0.00000, dyn_sta_cos_loss: 0.00000, total_cos_loss : 0.00000, vocab_cro_loss : 1.26197, 
epoch 310 summary: dyn_dyn_cos_loss: 0.00000, dyn_sta_cos_loss: 0.00000, total_cos_loss : 0.00000, vocab_cro_loss : 1.25411, 
train loss: 1.2523, train acc: 0.6294
epoch 311 summary: dyn_dyn_cos_loss: 0.00000, dyn_sta_cos_loss: 0.00000, total_cos_loss : 0.00000, vocab_cro_loss : 1.25231, 
epoch 312 summary: dyn_dyn_cos_loss: 0.00192, dyn_sta_cos_loss: 0.00155, total_cos_loss : 0.00161, vocab_cro_loss : 1.24514, 
epoch 313 summary: dyn_dyn_cos_loss: 0.00000, dyn_sta_cos_loss: 0.00000, total_cos_loss : 0.00000, vocab_cro_loss : 1.26361, 
epoch 314 summary: dyn_dyn_cos_loss: 0.00000, dyn_sta_cos_loss: 0.00000, total_cos_loss : 0.00000, vocab_cro_loss : 1.25585, 
epoch 315 summary: dyn_dyn_cos_loss: 0.00000, dyn_sta_cos_loss: 0.00000, total_cos_loss : 0.00000, vocab_cro_loss : 1.25092, 
epoch 316 summary: dyn_dyn_cos_loss: 0.00197, dyn_sta_cos_loss: 0.00149, total_cos_loss : 0.00157, vocab_cro_loss : 1.24212, 
epoch 317 summary: dyn_dyn_cos_loss: 0.00000, dyn_sta_cos_loss: 0.00000, total_cos_loss : 0.00000, vocab_cro_loss : 1.25479, 
epoch 318 summary: dyn_dyn_cos_loss: 0.00000, dyn_sta_cos_loss: 0.00000, total_cos_loss : 0.00000, vocab_cro_loss : 1.24705, 
epoch 319 summary: dyn_dyn_cos_loss: 0.00000, dyn_sta_cos_loss: 0.00000, total_cos_loss : 0.00000, vocab_cro_loss : 1.24165, 
epoch 320 summary: dyn_dyn_cos_loss: 0.00198, dyn_sta_cos_loss: 0.00150, total_cos_loss : 0.00157, vocab_cro_loss : 1.23820, 
train loss: 1.2461, train acc: 0.6245
epoch 321 summary: dyn_dyn_cos_loss: 0.00000, dyn_sta_cos_loss: 0.00000, total_cos_loss : 0.00000, vocab_cro_loss : 1.24603, 
epoch 322 summary: dyn_dyn_cos_loss: 0.00000, dyn_sta_cos_loss: 0.00000, total_cos_loss : 0.00000, vocab_cro_loss : 1.24641, 
epoch 323 summary: dyn_dyn_cos_loss: 0.00000, dyn_sta_cos_loss: 0.00000, total_cos_loss : 0.00000, vocab_cro_loss : 1.24380, 
epoch 324 summary: dyn_dyn_cos_loss: 0.00196, dyn_sta_cos_loss: 0.00146, total_cos_loss : 0.00154, vocab_cro_loss : 1.23386, 
epoch 325 summary: dyn_dyn_cos_loss: 0.00000, dyn_sta_cos_loss: 0.00000, total_cos_loss : 0.00000, vocab_cro_loss : 1.24668, 
epoch 326 summary: dyn_dyn_cos_loss: 0.00000, dyn_sta_cos_loss: 0.00000, total_cos_loss : 0.00000, vocab_cro_loss : 1.23790, 
epoch 327 summary: dyn_dyn_cos_loss: 0.00000, dyn_sta_cos_loss: 0.00000, total_cos_loss : 0.00000, vocab_cro_loss : 1.23454, 
epoch 328 summary: dyn_dyn_cos_loss: 0.00193, dyn_sta_cos_loss: 0.00141, total_cos_loss : 0.00149, vocab_cro_loss : 1.22666, 
epoch 329 summary: dyn_dyn_cos_loss: 0.00000, dyn_sta_cos_loss: 0.00000, total_cos_loss : 0.00000, vocab_cro_loss : 1.23311, 
epoch 330 summary: dyn_dyn_cos_loss: 0.00000, dyn_sta_cos_loss: 0.00000, total_cos_loss : 0.00000, vocab_cro_loss : 1.22776, 
train loss: 1.2221, train acc: 0.6362
epoch 331 summary: dyn_dyn_cos_loss: 0.00000, dyn_sta_cos_loss: 0.00000, total_cos_loss : 0.00000, vocab_cro_loss : 1.22213, 
epoch 332 summary: dyn_dyn_cos_loss: 0.00192, dyn_sta_cos_loss: 0.00142, total_cos_loss : 0.00149, vocab_cro_loss : 1.21765, 
epoch 333 summary: dyn_dyn_cos_loss: 0.00000, dyn_sta_cos_loss: 0.00000, total_cos_loss : 0.00000, vocab_cro_loss : 1.23217, 
epoch 334 summary: dyn_dyn_cos_loss: 0.00000, dyn_sta_cos_loss: 0.00000, total_cos_loss : 0.00000, vocab_cro_loss : 1.22102, 
epoch 335 summary: dyn_dyn_cos_loss: 0.00000, dyn_sta_cos_loss: 0.00000, total_cos_loss : 0.00000, vocab_cro_loss : 1.21871, 
epoch 336 summary: dyn_dyn_cos_loss: 0.00187, dyn_sta_cos_loss: 0.00141, total_cos_loss : 0.00148, vocab_cro_loss : 1.21698, 
epoch 337 summary: dyn_dyn_cos_loss: 0.00000, dyn_sta_cos_loss: 0.00000, total_cos_loss : 0.00000, vocab_cro_loss : 1.23004, 
epoch 338 summary: dyn_dyn_cos_loss: 0.00000, dyn_sta_cos_loss: 0.00000, total_cos_loss : 0.00000, vocab_cro_loss : 1.22887, 
epoch 339 summary: dyn_dyn_cos_loss: 0.00000, dyn_sta_cos_loss: 0.00000, total_cos_loss : 0.00000, vocab_cro_loss : 1.22098, 
epoch 340 summary: dyn_dyn_cos_loss: 0.00182, dyn_sta_cos_loss: 0.00134, total_cos_loss : 0.00141, vocab_cro_loss : 1.21806, 
train loss: 1.2356, train acc: 0.6279
epoch 341 summary: dyn_dyn_cos_loss: 0.00000, dyn_sta_cos_loss: 0.00000, total_cos_loss : 0.00000, vocab_cro_loss : 1.23558, 
epoch 342 summary: dyn_dyn_cos_loss: 0.00000, dyn_sta_cos_loss: 0.00000, total_cos_loss : 0.00000, vocab_cro_loss : 1.22826, 
epoch 343 summary: dyn_dyn_cos_loss: 0.00000, dyn_sta_cos_loss: 0.00000, total_cos_loss : 0.00000, vocab_cro_loss : 1.22063, 
epoch 344 summary: dyn_dyn_cos_loss: 0.00178, dyn_sta_cos_loss: 0.00137, total_cos_loss : 0.00143, vocab_cro_loss : 1.22735, 
epoch 345 summary: dyn_dyn_cos_loss: 0.00000, dyn_sta_cos_loss: 0.00000, total_cos_loss : 0.00000, vocab_cro_loss : 1.23832, 
epoch 346 summary: dyn_dyn_cos_loss: 0.00000, dyn_sta_cos_loss: 0.00000, total_cos_loss : 0.00000, vocab_cro_loss : 1.22614, 
epoch 347 summary: dyn_dyn_cos_loss: 0.00000, dyn_sta_cos_loss: 0.00000, total_cos_loss : 0.00000, vocab_cro_loss : 1.22560, 
epoch 348 summary: dyn_dyn_cos_loss: 0.00179, dyn_sta_cos_loss: 0.00137, total_cos_loss : 0.00143, vocab_cro_loss : 1.22164, 
epoch 349 summary: dyn_dyn_cos_loss: 0.00000, dyn_sta_cos_loss: 0.00000, total_cos_loss : 0.00000, vocab_cro_loss : 1.23312, 
epoch 350 summary: dyn_dyn_cos_loss: 0.00000, dyn_sta_cos_loss: 0.00000, total_cos_loss : 0.00000, vocab_cro_loss : 1.23364, 
train loss: 1.2255, train acc: 0.6245
epoch 351 summary: dyn_dyn_cos_loss: 0.00000, dyn_sta_cos_loss: 0.00000, total_cos_loss : 0.00000, vocab_cro_loss : 1.22554, 
epoch 352 summary: dyn_dyn_cos_loss: 0.00177, dyn_sta_cos_loss: 0.00128, total_cos_loss : 0.00135, vocab_cro_loss : 1.22125, 
epoch 353 summary: dyn_dyn_cos_loss: 0.00000, dyn_sta_cos_loss: 0.00000, total_cos_loss : 0.00000, vocab_cro_loss : 1.22499, 
epoch 354 summary: dyn_dyn_cos_loss: 0.00000, dyn_sta_cos_loss: 0.00000, total_cos_loss : 0.00000, vocab_cro_loss : 1.21980, 
epoch 355 summary: dyn_dyn_cos_loss: 0.00000, dyn_sta_cos_loss: 0.00000, total_cos_loss : 0.00000, vocab_cro_loss : 1.21234, 
epoch 356 summary: dyn_dyn_cos_loss: 0.00174, dyn_sta_cos_loss: 0.00126, total_cos_loss : 0.00133, vocab_cro_loss : 1.21092, 
epoch 357 summary: dyn_dyn_cos_loss: 0.00000, dyn_sta_cos_loss: 0.00000, total_cos_loss : 0.00000, vocab_cro_loss : 1.23628, 
epoch 358 summary: dyn_dyn_cos_loss: 0.00000, dyn_sta_cos_loss: 0.00000, total_cos_loss : 0.00000, vocab_cro_loss : 1.23286, 
epoch 359 summary: dyn_dyn_cos_loss: 0.00000, dyn_sta_cos_loss: 0.00000, total_cos_loss : 0.00000, vocab_cro_loss : 1.22720, 
epoch 360 summary: dyn_dyn_cos_loss: 0.00174, dyn_sta_cos_loss: 0.00129, total_cos_loss : 0.00136, vocab_cro_loss : 1.22622, 
train loss: 1.2293, train acc: 0.6255
epoch 361 summary: dyn_dyn_cos_loss: 0.00000, dyn_sta_cos_loss: 0.00000, total_cos_loss : 0.00000, vocab_cro_loss : 1.22925, 
epoch 362 summary: dyn_dyn_cos_loss: 0.00000, dyn_sta_cos_loss: 0.00000, total_cos_loss : 0.00000, vocab_cro_loss : 1.22645, 
epoch 363 summary: dyn_dyn_cos_loss: 0.00000, dyn_sta_cos_loss: 0.00000, total_cos_loss : 0.00000, vocab_cro_loss : 1.22679, 
epoch 364 summary: dyn_dyn_cos_loss: 0.00172, dyn_sta_cos_loss: 0.00135, total_cos_loss : 0.00141, vocab_cro_loss : 1.21939, 
epoch 365 summary: dyn_dyn_cos_loss: 0.00000, dyn_sta_cos_loss: 0.00000, total_cos_loss : 0.00000, vocab_cro_loss : 1.22308, 
epoch 366 summary: dyn_dyn_cos_loss: 0.00000, dyn_sta_cos_loss: 0.00000, total_cos_loss : 0.00000, vocab_cro_loss : 1.21922, 
epoch 367 summary: dyn_dyn_cos_loss: 0.00000, dyn_sta_cos_loss: 0.00000, total_cos_loss : 0.00000, vocab_cro_loss : 1.21591, 
epoch 368 summary: dyn_dyn_cos_loss: 0.00173, dyn_sta_cos_loss: 0.00137, total_cos_loss : 0.00143, vocab_cro_loss : 1.21567, 
epoch 369 summary: dyn_dyn_cos_loss: 0.00000, dyn_sta_cos_loss: 0.00000, total_cos_loss : 0.00000, vocab_cro_loss : 1.22528, 
epoch 370 summary: dyn_dyn_cos_loss: 0.00000, dyn_sta_cos_loss: 0.00000, total_cos_loss : 0.00000, vocab_cro_loss : 1.21984, 
train loss: 1.2169, train acc: 0.6289
epoch 371 summary: dyn_dyn_cos_loss: 0.00000, dyn_sta_cos_loss: 0.00000, total_cos_loss : 0.00000, vocab_cro_loss : 1.21692, 
epoch 372 summary: dyn_dyn_cos_loss: 0.00176, dyn_sta_cos_loss: 0.00132, total_cos_loss : 0.00139, vocab_cro_loss : 1.21191, 
epoch 373 summary: dyn_dyn_cos_loss: 0.00000, dyn_sta_cos_loss: 0.00000, total_cos_loss : 0.00000, vocab_cro_loss : 1.24664, 
epoch 374 summary: dyn_dyn_cos_loss: 0.00000, dyn_sta_cos_loss: 0.00000, total_cos_loss : 0.00000, vocab_cro_loss : 1.23018, 
epoch 375 summary: dyn_dyn_cos_loss: 0.00000, dyn_sta_cos_loss: 0.00000, total_cos_loss : 0.00000, vocab_cro_loss : 1.22235, 
epoch 376 summary: dyn_dyn_cos_loss: 0.00181, dyn_sta_cos_loss: 0.00129, total_cos_loss : 0.00137, vocab_cro_loss : 1.21646, 
epoch 377 summary: dyn_dyn_cos_loss: 0.00000, dyn_sta_cos_loss: 0.00000, total_cos_loss : 0.00000, vocab_cro_loss : 1.23820, 
epoch 378 summary: dyn_dyn_cos_loss: 0.00000, dyn_sta_cos_loss: 0.00000, total_cos_loss : 0.00000, vocab_cro_loss : 1.22976, 
epoch 379 summary: dyn_dyn_cos_loss: 0.00000, dyn_sta_cos_loss: 0.00000, total_cos_loss : 0.00000, vocab_cro_loss : 1.22504, 
epoch 380 summary: dyn_dyn_cos_loss: 0.00179, dyn_sta_cos_loss: 0.00130, total_cos_loss : 0.00137, vocab_cro_loss : 1.22127, 
train loss: 1.2419, train acc: 0.6240
epoch 381 summary: dyn_dyn_cos_loss: 0.00000, dyn_sta_cos_loss: 0.00000, total_cos_loss : 0.00000, vocab_cro_loss : 1.24190, 
epoch 382 summary: dyn_dyn_cos_loss: 0.00000, dyn_sta_cos_loss: 0.00000, total_cos_loss : 0.00000, vocab_cro_loss : 1.23166, 
epoch 383 summary: dyn_dyn_cos_loss: 0.00000, dyn_sta_cos_loss: 0.00000, total_cos_loss : 0.00000, vocab_cro_loss : 1.22631, 
epoch 384 summary: dyn_dyn_cos_loss: 0.00178, dyn_sta_cos_loss: 0.00132, total_cos_loss : 0.00139, vocab_cro_loss : 1.24614, 
epoch 385 summary: dyn_dyn_cos_loss: 0.00000, dyn_sta_cos_loss: 0.00000, total_cos_loss : 0.00000, vocab_cro_loss : 1.27383, 
epoch 386 summary: dyn_dyn_cos_loss: 0.00000, dyn_sta_cos_loss: 0.00000, total_cos_loss : 0.00000, vocab_cro_loss : 1.26959, 
epoch 387 summary: dyn_dyn_cos_loss: 0.00000, dyn_sta_cos_loss: 0.00000, total_cos_loss : 0.00000, vocab_cro_loss : 1.25443, 
epoch 388 summary: dyn_dyn_cos_loss: 0.00176, dyn_sta_cos_loss: 0.00148, total_cos_loss : 0.00152, vocab_cro_loss : 1.22903, 
epoch 389 summary: dyn_dyn_cos_loss: 0.00000, dyn_sta_cos_loss: 0.00000, total_cos_loss : 0.00000, vocab_cro_loss : 1.24859, 
epoch 390 summary: dyn_dyn_cos_loss: 0.00000, dyn_sta_cos_loss: 0.00000, total_cos_loss : 0.00000, vocab_cro_loss : 1.25535, 
train loss: 1.2461, train acc: 0.6284
epoch 391 summary: dyn_dyn_cos_loss: 0.00000, dyn_sta_cos_loss: 0.00000, total_cos_loss : 0.00000, vocab_cro_loss : 1.24602, 
epoch 392 summary: dyn_dyn_cos_loss: 0.00176, dyn_sta_cos_loss: 0.00139, total_cos_loss : 0.00145, vocab_cro_loss : 1.24302, 
epoch 393 summary: dyn_dyn_cos_loss: 0.00000, dyn_sta_cos_loss: 0.00000, total_cos_loss : 0.00000, vocab_cro_loss : 1.26015, 
epoch 394 summary: dyn_dyn_cos_loss: 0.00000, dyn_sta_cos_loss: 0.00000, total_cos_loss : 0.00000, vocab_cro_loss : 1.25667, 
epoch 395 summary: dyn_dyn_cos_loss: 0.00000, dyn_sta_cos_loss: 0.00000, total_cos_loss : 0.00000, vocab_cro_loss : 1.25241, 
epoch 396 summary: dyn_dyn_cos_loss: 0.00174, dyn_sta_cos_loss: 0.00139, total_cos_loss : 0.00144, vocab_cro_loss : 1.25015, 
epoch 397 summary: dyn_dyn_cos_loss: 0.00000, dyn_sta_cos_loss: 0.00000, total_cos_loss : 0.00000, vocab_cro_loss : 1.25536, 
epoch 398 summary: dyn_dyn_cos_loss: 0.00000, dyn_sta_cos_loss: 0.00000, total_cos_loss : 0.00000, vocab_cro_loss : 1.25019, 
epoch 399 summary: dyn_dyn_cos_loss: 0.00000, dyn_sta_cos_loss: 0.00000, total_cos_loss : 0.00000, vocab_cro_loss : 1.25619, 
train loss: 1.2484, train acc: 0.6338
all                         221813.917ms
all_epoch                   216969.965ms
all_preparation               4843.896ms
all_preparation_2             4842.269ms
all_preparation_3                1.591ms
epoch                          409.313ms
epoch_pos_train                  4.324ms
epoch_preparation               12.249ms
epoch_train                    383.723ms
epoch_valid                      7.416ms
----------------------------------------
all                         221813.917ms
  all_epoch             97.82%
  all_preparation        2.18%
all_preparation               4843.896ms
  all_preparation_2     99.97%
  all_preparation_3      0.03%
epoch                       163725.217ms
  epoch_train           93.75%
  epoch_preparation      2.99%
  epoch_valid            1.81%
  epoch_pos_train        1.06%
epoch   0 summary: dyn_dyn_cos_loss: 0.02076, dyn_sta_cos_loss: 0.00692, total_cos_loss : 0.00900, 
valid loss: 3.6039, valid acc: 0.1504
epoch   1 summary: dyn_dyn_cos_loss: 0.01549, dyn_sta_cos_loss: 0.00546, total_cos_loss : 0.00696, 
epoch   2 summary: dyn_dyn_cos_loss: 0.01117, dyn_sta_cos_loss: 0.00439, total_cos_loss : 0.00541, 
epoch   3 summary: dyn_dyn_cos_loss: 0.00814, dyn_sta_cos_loss: 0.00354, total_cos_loss : 0.00423, 
epoch   4 summary: dyn_dyn_cos_loss: 0.00614, dyn_sta_cos_loss: 0.00294, total_cos_loss : 0.00342, 
epoch   5 summary: dyn_dyn_cos_loss: 0.00490, dyn_sta_cos_loss: 0.00256, total_cos_loss : 0.00291, 
epoch   6 summary: dyn_dyn_cos_loss: 0.00401, dyn_sta_cos_loss: 0.00228, total_cos_loss : 0.00254, 
epoch   7 summary: dyn_dyn_cos_loss: 0.00331, dyn_sta_cos_loss: 0.00207, total_cos_loss : 0.00225, 
epoch   8 summary: dyn_dyn_cos_loss: 0.00289, dyn_sta_cos_loss: 0.00190, total_cos_loss : 0.00205, 
epoch   9 summary: dyn_dyn_cos_loss: 0.00254, dyn_sta_cos_loss: 0.00177, total_cos_loss : 0.00188, 
epoch  10 summary: dyn_dyn_cos_loss: 0.00230, dyn_sta_cos_loss: 0.00167, total_cos_loss : 0.00177, 
valid loss: 1.8459, valid acc: 0.5254
epoch  11 summary: dyn_dyn_cos_loss: 0.00215, dyn_sta_cos_loss: 0.00160, total_cos_loss : 0.00168, 
epoch  12 summary: dyn_dyn_cos_loss: 0.00201, dyn_sta_cos_loss: 0.00155, total_cos_loss : 0.00162, 
epoch  13 summary: dyn_dyn_cos_loss: 0.00192, dyn_sta_cos_loss: 0.00150, total_cos_loss : 0.00156, 
epoch  14 summary: dyn_dyn_cos_loss: 0.00187, dyn_sta_cos_loss: 0.00146, total_cos_loss : 0.00152, 
epoch  15 summary: dyn_dyn_cos_loss: 0.00195, dyn_sta_cos_loss: 0.00143, total_cos_loss : 0.00150, 
epoch  16 summary: dyn_dyn_cos_loss: 0.00190, dyn_sta_cos_loss: 0.00140, total_cos_loss : 0.00148, 
epoch  17 summary: dyn_dyn_cos_loss: 0.00187, dyn_sta_cos_loss: 0.00138, total_cos_loss : 0.00146, 
epoch  18 summary: dyn_dyn_cos_loss: 0.00184, dyn_sta_cos_loss: 0.00137, total_cos_loss : 0.00144, 
epoch  19 summary: dyn_dyn_cos_loss: 0.00181, dyn_sta_cos_loss: 0.00136, total_cos_loss : 0.00143, 
epoch  20 summary: dyn_dyn_cos_loss: 0.00179, dyn_sta_cos_loss: 0.00135, total_cos_loss : 0.00141, 
valid loss: 1.7918, valid acc: 0.5117
epoch  21 summary: dyn_dyn_cos_loss: 0.00178, dyn_sta_cos_loss: 0.00134, total_cos_loss : 0.00140, 
epoch  22 summary: dyn_dyn_cos_loss: 0.00177, dyn_sta_cos_loss: 0.00133, total_cos_loss : 0.00140, 
epoch  23 summary: dyn_dyn_cos_loss: 0.00177, dyn_sta_cos_loss: 0.00133, total_cos_loss : 0.00139, 
epoch  24 summary: dyn_dyn_cos_loss: 0.00176, dyn_sta_cos_loss: 0.00132, total_cos_loss : 0.00139, 
epoch  25 summary: dyn_dyn_cos_loss: 0.00175, dyn_sta_cos_loss: 0.00132, total_cos_loss : 0.00138, 
epoch  26 summary: dyn_dyn_cos_loss: 0.00175, dyn_sta_cos_loss: 0.00131, total_cos_loss : 0.00138, 
epoch  27 summary: dyn_dyn_cos_loss: 0.00175, dyn_sta_cos_loss: 0.00131, total_cos_loss : 0.00138, 
epoch  28 summary: dyn_dyn_cos_loss: 0.00174, dyn_sta_cos_loss: 0.00131, total_cos_loss : 0.00137, 
epoch  29 summary: dyn_dyn_cos_loss: 0.00174, dyn_sta_cos_loss: 0.00131, total_cos_loss : 0.00137, 
epoch  30 summary: dyn_dyn_cos_loss: 0.00178, dyn_sta_cos_loss: 0.00131, total_cos_loss : 0.00138, 
valid loss: 1.7862, valid acc: 0.5156
epoch  31 summary: dyn_dyn_cos_loss: 0.00176, dyn_sta_cos_loss: 0.00130, total_cos_loss : 0.00137, 
epoch  32 summary: dyn_dyn_cos_loss: 0.00175, dyn_sta_cos_loss: 0.00130, total_cos_loss : 0.00137, 
epoch  33 summary: dyn_dyn_cos_loss: 0.00174, dyn_sta_cos_loss: 0.00130, total_cos_loss : 0.00137, 
epoch  34 summary: dyn_dyn_cos_loss: 0.00174, dyn_sta_cos_loss: 0.00130, total_cos_loss : 0.00137, 
epoch  35 summary: dyn_dyn_cos_loss: 0.00173, dyn_sta_cos_loss: 0.00130, total_cos_loss : 0.00137, 
epoch  36 summary: dyn_dyn_cos_loss: 0.00173, dyn_sta_cos_loss: 0.00130, total_cos_loss : 0.00136, 
epoch  37 summary: dyn_dyn_cos_loss: 0.00173, dyn_sta_cos_loss: 0.00130, total_cos_loss : 0.00136, 
epoch  38 summary: dyn_dyn_cos_loss: 0.00173, dyn_sta_cos_loss: 0.00130, total_cos_loss : 0.00136, 
epoch  39 summary: dyn_dyn_cos_loss: 0.00173, dyn_sta_cos_loss: 0.00130, total_cos_loss : 0.00136, 
epoch  40 summary: dyn_dyn_cos_loss: 0.00172, dyn_sta_cos_loss: 0.00130, total_cos_loss : 0.00136, 
valid loss: 1.7761, valid acc: 0.5098
epoch  41 summary: dyn_dyn_cos_loss: 0.00172, dyn_sta_cos_loss: 0.00130, total_cos_loss : 0.00136, 
epoch  42 summary: dyn_dyn_cos_loss: 0.00172, dyn_sta_cos_loss: 0.00130, total_cos_loss : 0.00136, 
epoch  43 summary: dyn_dyn_cos_loss: 0.00172, dyn_sta_cos_loss: 0.00129, total_cos_loss : 0.00136, 
epoch  44 summary: dyn_dyn_cos_loss: 0.00171, dyn_sta_cos_loss: 0.00129, total_cos_loss : 0.00136, 
epoch  45 summary: dyn_dyn_cos_loss: 0.00181, dyn_sta_cos_loss: 0.00129, total_cos_loss : 0.00137, 
epoch  46 summary: dyn_dyn_cos_loss: 0.00180, dyn_sta_cos_loss: 0.00129, total_cos_loss : 0.00137, 
epoch  47 summary: dyn_dyn_cos_loss: 0.00178, dyn_sta_cos_loss: 0.00129, total_cos_loss : 0.00137, 
epoch  48 summary: dyn_dyn_cos_loss: 0.00177, dyn_sta_cos_loss: 0.00129, total_cos_loss : 0.00137, 
epoch  49 summary: dyn_dyn_cos_loss: 0.00176, dyn_sta_cos_loss: 0.00129, total_cos_loss : 0.00136, 
epoch  50 summary: dyn_dyn_cos_loss: 0.00175, dyn_sta_cos_loss: 0.00129, total_cos_loss : 0.00136, 
valid loss: 1.7701, valid acc: 0.5117
epoch  51 summary: dyn_dyn_cos_loss: 0.00175, dyn_sta_cos_loss: 0.00129, total_cos_loss : 0.00136, 
epoch  52 summary: dyn_dyn_cos_loss: 0.00175, dyn_sta_cos_loss: 0.00129, total_cos_loss : 0.00136, 
epoch  53 summary: dyn_dyn_cos_loss: 0.00174, dyn_sta_cos_loss: 0.00129, total_cos_loss : 0.00136, 
epoch  54 summary: dyn_dyn_cos_loss: 0.00174, dyn_sta_cos_loss: 0.00129, total_cos_loss : 0.00136, 
epoch  55 summary: dyn_dyn_cos_loss: 0.00174, dyn_sta_cos_loss: 0.00129, total_cos_loss : 0.00136, 
epoch  56 summary: dyn_dyn_cos_loss: 0.00174, dyn_sta_cos_loss: 0.00129, total_cos_loss : 0.00136, 
epoch  57 summary: dyn_dyn_cos_loss: 0.00174, dyn_sta_cos_loss: 0.00129, total_cos_loss : 0.00136, 
epoch  58 summary: dyn_dyn_cos_loss: 0.00174, dyn_sta_cos_loss: 0.00129, total_cos_loss : 0.00136, 
epoch  59 summary: dyn_dyn_cos_loss: 0.00173, dyn_sta_cos_loss: 0.00129, total_cos_loss : 0.00136, 
epoch  60 summary: dyn_dyn_cos_loss: 0.00179, dyn_sta_cos_loss: 0.00129, total_cos_loss : 0.00137, 
valid loss: 1.7681, valid acc: 0.5195
epoch  61 summary: dyn_dyn_cos_loss: 0.00178, dyn_sta_cos_loss: 0.00129, total_cos_loss : 0.00136, 
epoch  62 summary: dyn_dyn_cos_loss: 0.00177, dyn_sta_cos_loss: 0.00129, total_cos_loss : 0.00136, 
epoch  63 summary: dyn_dyn_cos_loss: 0.00176, dyn_sta_cos_loss: 0.00129, total_cos_loss : 0.00136, 
epoch  64 summary: dyn_dyn_cos_loss: 0.00176, dyn_sta_cos_loss: 0.00129, total_cos_loss : 0.00136, 
epoch  65 summary: dyn_dyn_cos_loss: 0.00176, dyn_sta_cos_loss: 0.00129, total_cos_loss : 0.00136, 
epoch  66 summary: dyn_dyn_cos_loss: 0.00175, dyn_sta_cos_loss: 0.00129, total_cos_loss : 0.00136, 
epoch  67 summary: dyn_dyn_cos_loss: 0.00175, dyn_sta_cos_loss: 0.00129, total_cos_loss : 0.00136, 
epoch  68 summary: dyn_dyn_cos_loss: 0.00175, dyn_sta_cos_loss: 0.00129, total_cos_loss : 0.00136, 
epoch  69 summary: dyn_dyn_cos_loss: 0.00175, dyn_sta_cos_loss: 0.00129, total_cos_loss : 0.00136, 
epoch  70 summary: dyn_dyn_cos_loss: 0.00175, dyn_sta_cos_loss: 0.00129, total_cos_loss : 0.00136, 
valid loss: 1.7581, valid acc: 0.5137
epoch  71 summary: dyn_dyn_cos_loss: 0.00175, dyn_sta_cos_loss: 0.00129, total_cos_loss : 0.00136, 
epoch  72 summary: dyn_dyn_cos_loss: 0.00175, dyn_sta_cos_loss: 0.00129, total_cos_loss : 0.00136, 
epoch  73 summary: dyn_dyn_cos_loss: 0.00175, dyn_sta_cos_loss: 0.00129, total_cos_loss : 0.00136, 
epoch  74 summary: dyn_dyn_cos_loss: 0.00175, dyn_sta_cos_loss: 0.00129, total_cos_loss : 0.00136, 
epoch  75 summary: dyn_dyn_cos_loss: 0.00178, dyn_sta_cos_loss: 0.00129, total_cos_loss : 0.00136, 
epoch  76 summary: dyn_dyn_cos_loss: 0.00177, dyn_sta_cos_loss: 0.00129, total_cos_loss : 0.00136, 
epoch  77 summary: dyn_dyn_cos_loss: 0.00176, dyn_sta_cos_loss: 0.00129, total_cos_loss : 0.00136, 
epoch  78 summary: dyn_dyn_cos_loss: 0.00175, dyn_sta_cos_loss: 0.00129, total_cos_loss : 0.00136, 
epoch  79 summary: dyn_dyn_cos_loss: 0.00175, dyn_sta_cos_loss: 0.00129, total_cos_loss : 0.00136, 
epoch  80 summary: dyn_dyn_cos_loss: 0.00175, dyn_sta_cos_loss: 0.00129, total_cos_loss : 0.00136, 
valid loss: 1.7526, valid acc: 0.5156
epoch  81 summary: dyn_dyn_cos_loss: 0.00175, dyn_sta_cos_loss: 0.00129, total_cos_loss : 0.00136, 
epoch  82 summary: dyn_dyn_cos_loss: 0.00174, dyn_sta_cos_loss: 0.00129, total_cos_loss : 0.00135, 
epoch  83 summary: dyn_dyn_cos_loss: 0.00174, dyn_sta_cos_loss: 0.00129, total_cos_loss : 0.00135, 
epoch  84 summary: dyn_dyn_cos_loss: 0.00174, dyn_sta_cos_loss: 0.00129, total_cos_loss : 0.00135, 
epoch  85 summary: dyn_dyn_cos_loss: 0.00174, dyn_sta_cos_loss: 0.00129, total_cos_loss : 0.00135, 
epoch  86 summary: dyn_dyn_cos_loss: 0.00174, dyn_sta_cos_loss: 0.00129, total_cos_loss : 0.00135, 
epoch  87 summary: dyn_dyn_cos_loss: 0.00174, dyn_sta_cos_loss: 0.00128, total_cos_loss : 0.00135, 
epoch  88 summary: dyn_dyn_cos_loss: 0.00174, dyn_sta_cos_loss: 0.00128, total_cos_loss : 0.00135, 
epoch  89 summary: dyn_dyn_cos_loss: 0.00174, dyn_sta_cos_loss: 0.00128, total_cos_loss : 0.00135, 
epoch  90 summary: dyn_dyn_cos_loss: 0.00179, dyn_sta_cos_loss: 0.00128, total_cos_loss : 0.00136, 
valid loss: 1.7655, valid acc: 0.5078
epoch  91 summary: dyn_dyn_cos_loss: 0.00177, dyn_sta_cos_loss: 0.00128, total_cos_loss : 0.00136, 
epoch  92 summary: dyn_dyn_cos_loss: 0.00176, dyn_sta_cos_loss: 0.00129, total_cos_loss : 0.00136, 
epoch  93 summary: dyn_dyn_cos_loss: 0.00176, dyn_sta_cos_loss: 0.00128, total_cos_loss : 0.00136, 
epoch  94 summary: dyn_dyn_cos_loss: 0.00176, dyn_sta_cos_loss: 0.00128, total_cos_loss : 0.00136, 
epoch  95 summary: dyn_dyn_cos_loss: 0.00175, dyn_sta_cos_loss: 0.00128, total_cos_loss : 0.00135, 
epoch  96 summary: dyn_dyn_cos_loss: 0.00175, dyn_sta_cos_loss: 0.00128, total_cos_loss : 0.00135, 
epoch  97 summary: dyn_dyn_cos_loss: 0.00175, dyn_sta_cos_loss: 0.00128, total_cos_loss : 0.00135, 
epoch  98 summary: dyn_dyn_cos_loss: 0.00175, dyn_sta_cos_loss: 0.00128, total_cos_loss : 0.00135, 
epoch  99 summary: dyn_dyn_cos_loss: 0.00175, dyn_sta_cos_loss: 0.00128, total_cos_loss : 0.00135, 
epoch 100 summary: dyn_dyn_cos_loss: 0.00175, dyn_sta_cos_loss: 0.00128, total_cos_loss : 0.00135, 
valid loss: 1.7726, valid acc: 0.5078
epoch 101 summary: dyn_dyn_cos_loss: 0.00175, dyn_sta_cos_loss: 0.00128, total_cos_loss : 0.00135, 
epoch 102 summary: dyn_dyn_cos_loss: 0.00174, dyn_sta_cos_loss: 0.00128, total_cos_loss : 0.00135, 
epoch 103 summary: dyn_dyn_cos_loss: 0.00174, dyn_sta_cos_loss: 0.00128, total_cos_loss : 0.00135, 
epoch 104 summary: dyn_dyn_cos_loss: 0.00174, dyn_sta_cos_loss: 0.00128, total_cos_loss : 0.00135, 
epoch 105 summary: dyn_dyn_cos_loss: 0.00179, dyn_sta_cos_loss: 0.00128, total_cos_loss : 0.00136, 
epoch 106 summary: dyn_dyn_cos_loss: 0.00178, dyn_sta_cos_loss: 0.00128, total_cos_loss : 0.00136, 
epoch 107 summary: dyn_dyn_cos_loss: 0.00177, dyn_sta_cos_loss: 0.00128, total_cos_loss : 0.00136, 
epoch 108 summary: dyn_dyn_cos_loss: 0.00176, dyn_sta_cos_loss: 0.00128, total_cos_loss : 0.00136, 
epoch 109 summary: dyn_dyn_cos_loss: 0.00176, dyn_sta_cos_loss: 0.00128, total_cos_loss : 0.00136, 
epoch 110 summary: dyn_dyn_cos_loss: 0.00176, dyn_sta_cos_loss: 0.00128, total_cos_loss : 0.00135, 
valid loss: 1.7725, valid acc: 0.5195
epoch 111 summary: dyn_dyn_cos_loss: 0.00176, dyn_sta_cos_loss: 0.00128, total_cos_loss : 0.00135, 
epoch 112 summary: dyn_dyn_cos_loss: 0.00176, dyn_sta_cos_loss: 0.00128, total_cos_loss : 0.00135, 
epoch 113 summary: dyn_dyn_cos_loss: 0.00175, dyn_sta_cos_loss: 0.00128, total_cos_loss : 0.00135, 
epoch 114 summary: dyn_dyn_cos_loss: 0.00175, dyn_sta_cos_loss: 0.00128, total_cos_loss : 0.00135, 
epoch 115 summary: dyn_dyn_cos_loss: 0.00175, dyn_sta_cos_loss: 0.00128, total_cos_loss : 0.00135, 
epoch 116 summary: dyn_dyn_cos_loss: 0.00175, dyn_sta_cos_loss: 0.00128, total_cos_loss : 0.00135, 
epoch 117 summary: dyn_dyn_cos_loss: 0.00175, dyn_sta_cos_loss: 0.00128, total_cos_loss : 0.00135, 
epoch 118 summary: dyn_dyn_cos_loss: 0.00175, dyn_sta_cos_loss: 0.00128, total_cos_loss : 0.00135, 
epoch 119 summary: dyn_dyn_cos_loss: 0.00175, dyn_sta_cos_loss: 0.00128, total_cos_loss : 0.00135, 
epoch 120 summary: dyn_dyn_cos_loss: 0.00180, dyn_sta_cos_loss: 0.00128, total_cos_loss : 0.00136, 
valid loss: 1.7731, valid acc: 0.5176
epoch 121 summary: dyn_dyn_cos_loss: 0.00179, dyn_sta_cos_loss: 0.00128, total_cos_loss : 0.00136, 
epoch 122 summary: dyn_dyn_cos_loss: 0.00178, dyn_sta_cos_loss: 0.00128, total_cos_loss : 0.00136, 
epoch 123 summary: dyn_dyn_cos_loss: 0.00177, dyn_sta_cos_loss: 0.00128, total_cos_loss : 0.00136, 
epoch 124 summary: dyn_dyn_cos_loss: 0.00177, dyn_sta_cos_loss: 0.00128, total_cos_loss : 0.00136, 
epoch 125 summary: dyn_dyn_cos_loss: 0.00176, dyn_sta_cos_loss: 0.00128, total_cos_loss : 0.00135, 
epoch 126 summary: dyn_dyn_cos_loss: 0.00176, dyn_sta_cos_loss: 0.00128, total_cos_loss : 0.00135, 
epoch 127 summary: dyn_dyn_cos_loss: 0.00176, dyn_sta_cos_loss: 0.00128, total_cos_loss : 0.00135, 
epoch 128 summary: dyn_dyn_cos_loss: 0.00175, dyn_sta_cos_loss: 0.00128, total_cos_loss : 0.00135, 
epoch 129 summary: dyn_dyn_cos_loss: 0.00175, dyn_sta_cos_loss: 0.00128, total_cos_loss : 0.00135, 
epoch 130 summary: dyn_dyn_cos_loss: 0.00175, dyn_sta_cos_loss: 0.00128, total_cos_loss : 0.00135, 
valid loss: 1.7918, valid acc: 0.5059
epoch 131 summary: dyn_dyn_cos_loss: 0.00175, dyn_sta_cos_loss: 0.00128, total_cos_loss : 0.00135, 
epoch 132 summary: dyn_dyn_cos_loss: 0.00175, dyn_sta_cos_loss: 0.00128, total_cos_loss : 0.00135, 
epoch 133 summary: dyn_dyn_cos_loss: 0.00175, dyn_sta_cos_loss: 0.00128, total_cos_loss : 0.00135, 
epoch 134 summary: dyn_dyn_cos_loss: 0.00175, dyn_sta_cos_loss: 0.00128, total_cos_loss : 0.00135, 
epoch 135 summary: dyn_dyn_cos_loss: 0.00178, dyn_sta_cos_loss: 0.00128, total_cos_loss : 0.00136, 
epoch 136 summary: dyn_dyn_cos_loss: 0.00176, dyn_sta_cos_loss: 0.00128, total_cos_loss : 0.00136, 
epoch 137 summary: dyn_dyn_cos_loss: 0.00176, dyn_sta_cos_loss: 0.00128, total_cos_loss : 0.00135, 
epoch 138 summary: dyn_dyn_cos_loss: 0.00175, dyn_sta_cos_loss: 0.00128, total_cos_loss : 0.00135, 
epoch 139 summary: dyn_dyn_cos_loss: 0.00175, dyn_sta_cos_loss: 0.00128, total_cos_loss : 0.00135, 
epoch 140 summary: dyn_dyn_cos_loss: 0.00175, dyn_sta_cos_loss: 0.00128, total_cos_loss : 0.00135, 
valid loss: 1.7809, valid acc: 0.5137
epoch 141 summary: dyn_dyn_cos_loss: 0.00175, dyn_sta_cos_loss: 0.00128, total_cos_loss : 0.00135, 
epoch 142 summary: dyn_dyn_cos_loss: 0.00174, dyn_sta_cos_loss: 0.00128, total_cos_loss : 0.00135, 
epoch 143 summary: dyn_dyn_cos_loss: 0.00174, dyn_sta_cos_loss: 0.00128, total_cos_loss : 0.00135, 
epoch 144 summary: dyn_dyn_cos_loss: 0.00174, dyn_sta_cos_loss: 0.00128, total_cos_loss : 0.00135, 
epoch 145 summary: dyn_dyn_cos_loss: 0.00173, dyn_sta_cos_loss: 0.00128, total_cos_loss : 0.00135, 
epoch 146 summary: dyn_dyn_cos_loss: 0.00173, dyn_sta_cos_loss: 0.00128, total_cos_loss : 0.00135, 
epoch 147 summary: dyn_dyn_cos_loss: 0.00173, dyn_sta_cos_loss: 0.00128, total_cos_loss : 0.00135, 
epoch 148 summary: dyn_dyn_cos_loss: 0.00173, dyn_sta_cos_loss: 0.00128, total_cos_loss : 0.00135, 
epoch 149 summary: dyn_dyn_cos_loss: 0.00173, dyn_sta_cos_loss: 0.00128, total_cos_loss : 0.00135, 
epoch 150 summary: dyn_dyn_cos_loss: 0.00183, dyn_sta_cos_loss: 0.00128, total_cos_loss : 0.00136, 
valid loss: 1.7764, valid acc: 0.5098
epoch 151 summary: dyn_dyn_cos_loss: 0.00182, dyn_sta_cos_loss: 0.00128, total_cos_loss : 0.00136, 
epoch 152 summary: dyn_dyn_cos_loss: 0.00181, dyn_sta_cos_loss: 0.00128, total_cos_loss : 0.00136, 
epoch 153 summary: dyn_dyn_cos_loss: 0.00180, dyn_sta_cos_loss: 0.00128, total_cos_loss : 0.00136, 
epoch 154 summary: dyn_dyn_cos_loss: 0.00180, dyn_sta_cos_loss: 0.00128, total_cos_loss : 0.00136, 
epoch 155 summary: dyn_dyn_cos_loss: 0.00179, dyn_sta_cos_loss: 0.00128, total_cos_loss : 0.00136, 
epoch 156 summary: dyn_dyn_cos_loss: 0.00179, dyn_sta_cos_loss: 0.00128, total_cos_loss : 0.00136, 
epoch 157 summary: dyn_dyn_cos_loss: 0.00179, dyn_sta_cos_loss: 0.00128, total_cos_loss : 0.00136, 
epoch 158 summary: dyn_dyn_cos_loss: 0.00178, dyn_sta_cos_loss: 0.00128, total_cos_loss : 0.00136, 
epoch 159 summary: dyn_dyn_cos_loss: 0.00178, dyn_sta_cos_loss: 0.00128, total_cos_loss : 0.00136, 
epoch 160 summary: dyn_dyn_cos_loss: 0.00178, dyn_sta_cos_loss: 0.00128, total_cos_loss : 0.00136, 
valid loss: 1.7833, valid acc: 0.5078
epoch 161 summary: dyn_dyn_cos_loss: 0.00178, dyn_sta_cos_loss: 0.00128, total_cos_loss : 0.00136, 
epoch 162 summary: dyn_dyn_cos_loss: 0.00178, dyn_sta_cos_loss: 0.00128, total_cos_loss : 0.00136, 
epoch 163 summary: dyn_dyn_cos_loss: 0.00178, dyn_sta_cos_loss: 0.00128, total_cos_loss : 0.00136, 
epoch 164 summary: dyn_dyn_cos_loss: 0.00177, dyn_sta_cos_loss: 0.00128, total_cos_loss : 0.00136, 
epoch 165 summary: dyn_dyn_cos_loss: 0.00183, dyn_sta_cos_loss: 0.00128, total_cos_loss : 0.00136, 
epoch 166 summary: dyn_dyn_cos_loss: 0.00182, dyn_sta_cos_loss: 0.00128, total_cos_loss : 0.00136, 
epoch 167 summary: dyn_dyn_cos_loss: 0.00181, dyn_sta_cos_loss: 0.00128, total_cos_loss : 0.00136, 
epoch 168 summary: dyn_dyn_cos_loss: 0.00180, dyn_sta_cos_loss: 0.00128, total_cos_loss : 0.00136, 
epoch 169 summary: dyn_dyn_cos_loss: 0.00180, dyn_sta_cos_loss: 0.00128, total_cos_loss : 0.00136, 
epoch 170 summary: dyn_dyn_cos_loss: 0.00179, dyn_sta_cos_loss: 0.00128, total_cos_loss : 0.00136, 
valid loss: 1.7779, valid acc: 0.5039
epoch 171 summary: dyn_dyn_cos_loss: 0.00179, dyn_sta_cos_loss: 0.00128, total_cos_loss : 0.00136, 
epoch 172 summary: dyn_dyn_cos_loss: 0.00179, dyn_sta_cos_loss: 0.00128, total_cos_loss : 0.00136, 
epoch 173 summary: dyn_dyn_cos_loss: 0.00179, dyn_sta_cos_loss: 0.00128, total_cos_loss : 0.00136, 
epoch 174 summary: dyn_dyn_cos_loss: 0.00179, dyn_sta_cos_loss: 0.00128, total_cos_loss : 0.00136, 
epoch 175 summary: dyn_dyn_cos_loss: 0.00179, dyn_sta_cos_loss: 0.00128, total_cos_loss : 0.00136, 
epoch 176 summary: dyn_dyn_cos_loss: 0.00179, dyn_sta_cos_loss: 0.00128, total_cos_loss : 0.00136, 
epoch 177 summary: dyn_dyn_cos_loss: 0.00179, dyn_sta_cos_loss: 0.00128, total_cos_loss : 0.00136, 
epoch 178 summary: dyn_dyn_cos_loss: 0.00178, dyn_sta_cos_loss: 0.00128, total_cos_loss : 0.00136, 
epoch 179 summary: dyn_dyn_cos_loss: 0.00178, dyn_sta_cos_loss: 0.00128, total_cos_loss : 0.00136, 
epoch 180 summary: dyn_dyn_cos_loss: 0.00177, dyn_sta_cos_loss: 0.00128, total_cos_loss : 0.00135, 
valid loss: 1.7747, valid acc: 0.5000
epoch 181 summary: dyn_dyn_cos_loss: 0.00176, dyn_sta_cos_loss: 0.00128, total_cos_loss : 0.00135, 
epoch 182 summary: dyn_dyn_cos_loss: 0.00175, dyn_sta_cos_loss: 0.00128, total_cos_loss : 0.00135, 
epoch 183 summary: dyn_dyn_cos_loss: 0.00175, dyn_sta_cos_loss: 0.00128, total_cos_loss : 0.00135, 
epoch 184 summary: dyn_dyn_cos_loss: 0.00174, dyn_sta_cos_loss: 0.00128, total_cos_loss : 0.00135, 
epoch 185 summary: dyn_dyn_cos_loss: 0.00174, dyn_sta_cos_loss: 0.00128, total_cos_loss : 0.00135, 
epoch 186 summary: dyn_dyn_cos_loss: 0.00174, dyn_sta_cos_loss: 0.00128, total_cos_loss : 0.00135, 
epoch 187 summary: dyn_dyn_cos_loss: 0.00174, dyn_sta_cos_loss: 0.00128, total_cos_loss : 0.00135, 
epoch 188 summary: dyn_dyn_cos_loss: 0.00174, dyn_sta_cos_loss: 0.00128, total_cos_loss : 0.00135, 
epoch 189 summary: dyn_dyn_cos_loss: 0.00173, dyn_sta_cos_loss: 0.00128, total_cos_loss : 0.00135, 
epoch 190 summary: dyn_dyn_cos_loss: 0.00173, dyn_sta_cos_loss: 0.00128, total_cos_loss : 0.00135, 
valid loss: 1.7761, valid acc: 0.5098
epoch 191 summary: dyn_dyn_cos_loss: 0.00173, dyn_sta_cos_loss: 0.00128, total_cos_loss : 0.00135, 
epoch 192 summary: dyn_dyn_cos_loss: 0.00173, dyn_sta_cos_loss: 0.00128, total_cos_loss : 0.00135, 
epoch 193 summary: dyn_dyn_cos_loss: 0.00173, dyn_sta_cos_loss: 0.00128, total_cos_loss : 0.00135, 
epoch 194 summary: dyn_dyn_cos_loss: 0.00173, dyn_sta_cos_loss: 0.00128, total_cos_loss : 0.00135, 
epoch 195 summary: dyn_dyn_cos_loss: 0.00178, dyn_sta_cos_loss: 0.00128, total_cos_loss : 0.00135, 
epoch 196 summary: dyn_dyn_cos_loss: 0.00177, dyn_sta_cos_loss: 0.00128, total_cos_loss : 0.00135, 
epoch 197 summary: dyn_dyn_cos_loss: 0.00176, dyn_sta_cos_loss: 0.00128, total_cos_loss : 0.00135, 
epoch 198 summary: dyn_dyn_cos_loss: 0.00176, dyn_sta_cos_loss: 0.00128, total_cos_loss : 0.00135, 
epoch 199 summary: dyn_dyn_cos_loss: 0.00175, dyn_sta_cos_loss: 0.00128, total_cos_loss : 0.00135, 
all                          60005.485ms
all_epoch                    59995.303ms
all_preparation                 10.147ms
all_preparation_2                8.362ms
all_preparation_3                1.764ms
epoch                          218.807ms
epoch_pos_train                  5.232ms
epoch_preparation                0.466ms
epoch_train                    209.302ms
epoch_valid                      2.288ms
----------------------------------------
all                          60005.485ms
  all_epoch             99.98%
  all_preparation        0.02%
all_preparation                 10.147ms
  all_preparation_2     82.40%
  all_preparation_3     17.38%
epoch                        43761.479ms
  epoch_train           95.66%
  epoch_pos_train        2.39%
  epoch_valid            1.05%
  epoch_preparation      0.21%
