Before CTE Training: train eu loss: 1.063186526298523, eval eu loss: 1.492782711982727
Before CTE Training: train eu acc: 0.6669921875, eval eu acc: 0.560546875
epoch   0 summary: dyn_dyn_cos_loss: 0.02338, dyn_sta_cos_loss: 0.00713, total_cos_loss : 0.00875, vocab_cro_loss : 4.49871, 
train loss: 3.6501, train acc: 0.2124
epoch   1 summary: dyn_dyn_cos_loss: 0.00000, dyn_sta_cos_loss: 0.00000, total_cos_loss : 0.00000, vocab_cro_loss : 3.64979, 
epoch   2 summary: dyn_dyn_cos_loss: 0.02243, dyn_sta_cos_loss: 0.00638, total_cos_loss : 0.00799, vocab_cro_loss : 3.51853, 
epoch   3 summary: dyn_dyn_cos_loss: 0.00000, dyn_sta_cos_loss: 0.00000, total_cos_loss : 0.00000, vocab_cro_loss : 2.80460, 
epoch   4 summary: dyn_dyn_cos_loss: 0.02042, dyn_sta_cos_loss: 0.00536, total_cos_loss : 0.00687, vocab_cro_loss : 2.70620, 
epoch   5 summary: dyn_dyn_cos_loss: 0.00000, dyn_sta_cos_loss: 0.00000, total_cos_loss : 0.00000, vocab_cro_loss : 2.30598, 
epoch   6 summary: dyn_dyn_cos_loss: 0.01763, dyn_sta_cos_loss: 0.00451, total_cos_loss : 0.00582, vocab_cro_loss : 2.26289, 
epoch   7 summary: dyn_dyn_cos_loss: 0.00000, dyn_sta_cos_loss: 0.00000, total_cos_loss : 0.00000, vocab_cro_loss : 1.99032, 
epoch   8 summary: dyn_dyn_cos_loss: 0.01469, dyn_sta_cos_loss: 0.00392, total_cos_loss : 0.00500, vocab_cro_loss : 1.96096, 
epoch   9 summary: dyn_dyn_cos_loss: 0.00000, dyn_sta_cos_loss: 0.00000, total_cos_loss : 0.00000, vocab_cro_loss : 1.78926, 
epoch  10 summary: dyn_dyn_cos_loss: 0.01216, dyn_sta_cos_loss: 0.00342, total_cos_loss : 0.00430, vocab_cro_loss : 1.76593, 
train loss: 1.6745, train acc: 0.5664
epoch  11 summary: dyn_dyn_cos_loss: 0.00000, dyn_sta_cos_loss: 0.00000, total_cos_loss : 0.00000, vocab_cro_loss : 1.67440, 
epoch  12 summary: dyn_dyn_cos_loss: 0.01018, dyn_sta_cos_loss: 0.00304, total_cos_loss : 0.00376, vocab_cro_loss : 1.65330, 
epoch  13 summary: dyn_dyn_cos_loss: 0.00000, dyn_sta_cos_loss: 0.00000, total_cos_loss : 0.00000, vocab_cro_loss : 1.57001, 
epoch  14 summary: dyn_dyn_cos_loss: 0.00863, dyn_sta_cos_loss: 0.00288, total_cos_loss : 0.00346, vocab_cro_loss : 1.55538, 
epoch  15 summary: dyn_dyn_cos_loss: 0.00000, dyn_sta_cos_loss: 0.00000, total_cos_loss : 0.00000, vocab_cro_loss : 1.53036, 
epoch  16 summary: dyn_dyn_cos_loss: 0.00748, dyn_sta_cos_loss: 0.00262, total_cos_loss : 0.00310, vocab_cro_loss : 1.50492, 
epoch  17 summary: dyn_dyn_cos_loss: 0.00000, dyn_sta_cos_loss: 0.00000, total_cos_loss : 0.00000, vocab_cro_loss : 1.46307, 
epoch  18 summary: dyn_dyn_cos_loss: 0.00631, dyn_sta_cos_loss: 0.00252, total_cos_loss : 0.00290, vocab_cro_loss : 1.45028, 
epoch  19 summary: dyn_dyn_cos_loss: 0.00000, dyn_sta_cos_loss: 0.00000, total_cos_loss : 0.00000, vocab_cro_loss : 1.41745, 
epoch  20 summary: dyn_dyn_cos_loss: 0.00557, dyn_sta_cos_loss: 0.00234, total_cos_loss : 0.00266, vocab_cro_loss : 1.40124, 
train loss: 1.3840, train acc: 0.6104
epoch  21 summary: dyn_dyn_cos_loss: 0.00000, dyn_sta_cos_loss: 0.00000, total_cos_loss : 0.00000, vocab_cro_loss : 1.38394, 
epoch  22 summary: dyn_dyn_cos_loss: 0.00485, dyn_sta_cos_loss: 0.00222, total_cos_loss : 0.00248, vocab_cro_loss : 1.36378, 
epoch  23 summary: dyn_dyn_cos_loss: 0.00000, dyn_sta_cos_loss: 0.00000, total_cos_loss : 0.00000, vocab_cro_loss : 1.36584, 
epoch  24 summary: dyn_dyn_cos_loss: 0.00434, dyn_sta_cos_loss: 0.00215, total_cos_loss : 0.00237, vocab_cro_loss : 1.35343, 
epoch  25 summary: dyn_dyn_cos_loss: 0.00000, dyn_sta_cos_loss: 0.00000, total_cos_loss : 0.00000, vocab_cro_loss : 1.36000, 
epoch  26 summary: dyn_dyn_cos_loss: 0.00394, dyn_sta_cos_loss: 0.00214, total_cos_loss : 0.00232, vocab_cro_loss : 1.34167, 
epoch  27 summary: dyn_dyn_cos_loss: 0.00000, dyn_sta_cos_loss: 0.00000, total_cos_loss : 0.00000, vocab_cro_loss : 1.34782, 
epoch  28 summary: dyn_dyn_cos_loss: 0.00368, dyn_sta_cos_loss: 0.00208, total_cos_loss : 0.00224, vocab_cro_loss : 1.33474, 
epoch  29 summary: dyn_dyn_cos_loss: 0.00000, dyn_sta_cos_loss: 0.00000, total_cos_loss : 0.00000, vocab_cro_loss : 1.33984, 
epoch  30 summary: dyn_dyn_cos_loss: 0.00366, dyn_sta_cos_loss: 0.00205, total_cos_loss : 0.00221, vocab_cro_loss : 1.31604, 
train loss: 1.3336, train acc: 0.6162
epoch  31 summary: dyn_dyn_cos_loss: 0.00000, dyn_sta_cos_loss: 0.00000, total_cos_loss : 0.00000, vocab_cro_loss : 1.33351, 
epoch  32 summary: dyn_dyn_cos_loss: 0.00352, dyn_sta_cos_loss: 0.00198, total_cos_loss : 0.00213, vocab_cro_loss : 1.31822, 
epoch  33 summary: dyn_dyn_cos_loss: 0.00000, dyn_sta_cos_loss: 0.00000, total_cos_loss : 0.00000, vocab_cro_loss : 1.32745, 
epoch  34 summary: dyn_dyn_cos_loss: 0.00336, dyn_sta_cos_loss: 0.00187, total_cos_loss : 0.00202, vocab_cro_loss : 1.31266, 
epoch  35 summary: dyn_dyn_cos_loss: 0.00000, dyn_sta_cos_loss: 0.00000, total_cos_loss : 0.00000, vocab_cro_loss : 1.32378, 
epoch  36 summary: dyn_dyn_cos_loss: 0.00321, dyn_sta_cos_loss: 0.00188, total_cos_loss : 0.00201, vocab_cro_loss : 1.30726, 
epoch  37 summary: dyn_dyn_cos_loss: 0.00000, dyn_sta_cos_loss: 0.00000, total_cos_loss : 0.00000, vocab_cro_loss : 1.31204, 
epoch  38 summary: dyn_dyn_cos_loss: 0.00314, dyn_sta_cos_loss: 0.00179, total_cos_loss : 0.00192, vocab_cro_loss : 1.29178, 
epoch  39 summary: dyn_dyn_cos_loss: 0.00000, dyn_sta_cos_loss: 0.00000, total_cos_loss : 0.00000, vocab_cro_loss : 1.31748, 
epoch  40 summary: dyn_dyn_cos_loss: 0.00309, dyn_sta_cos_loss: 0.00172, total_cos_loss : 0.00186, vocab_cro_loss : 1.29861, 
train loss: 1.3089, train acc: 0.6230
epoch  41 summary: dyn_dyn_cos_loss: 0.00000, dyn_sta_cos_loss: 0.00000, total_cos_loss : 0.00000, vocab_cro_loss : 1.30884, 
epoch  42 summary: dyn_dyn_cos_loss: 0.00302, dyn_sta_cos_loss: 0.00170, total_cos_loss : 0.00183, vocab_cro_loss : 1.29823, 
epoch  43 summary: dyn_dyn_cos_loss: 0.00000, dyn_sta_cos_loss: 0.00000, total_cos_loss : 0.00000, vocab_cro_loss : 1.30107, 
epoch  44 summary: dyn_dyn_cos_loss: 0.00298, dyn_sta_cos_loss: 0.00169, total_cos_loss : 0.00182, vocab_cro_loss : 1.28179, 
epoch  45 summary: dyn_dyn_cos_loss: 0.00000, dyn_sta_cos_loss: 0.00000, total_cos_loss : 0.00000, vocab_cro_loss : 1.28140, 
epoch  46 summary: dyn_dyn_cos_loss: 0.00302, dyn_sta_cos_loss: 0.00172, total_cos_loss : 0.00185, vocab_cro_loss : 1.27343, 
epoch  47 summary: dyn_dyn_cos_loss: 0.00000, dyn_sta_cos_loss: 0.00000, total_cos_loss : 0.00000, vocab_cro_loss : 1.28270, 
epoch  48 summary: dyn_dyn_cos_loss: 0.00298, dyn_sta_cos_loss: 0.00173, total_cos_loss : 0.00185, vocab_cro_loss : 1.27269, 
epoch  49 summary: dyn_dyn_cos_loss: 0.00000, dyn_sta_cos_loss: 0.00000, total_cos_loss : 0.00000, vocab_cro_loss : 1.28501, 
epoch  50 summary: dyn_dyn_cos_loss: 0.00293, dyn_sta_cos_loss: 0.00174, total_cos_loss : 0.00186, vocab_cro_loss : 1.27613, 
train loss: 1.2903, train acc: 0.6240
epoch  51 summary: dyn_dyn_cos_loss: 0.00000, dyn_sta_cos_loss: 0.00000, total_cos_loss : 0.00000, vocab_cro_loss : 1.29025, 
epoch  52 summary: dyn_dyn_cos_loss: 0.00290, dyn_sta_cos_loss: 0.00172, total_cos_loss : 0.00183, vocab_cro_loss : 1.27937, 
epoch  53 summary: dyn_dyn_cos_loss: 0.00000, dyn_sta_cos_loss: 0.00000, total_cos_loss : 0.00000, vocab_cro_loss : 1.29721, 
epoch  54 summary: dyn_dyn_cos_loss: 0.00282, dyn_sta_cos_loss: 0.00168, total_cos_loss : 0.00179, vocab_cro_loss : 1.28126, 
epoch  55 summary: dyn_dyn_cos_loss: 0.00000, dyn_sta_cos_loss: 0.00000, total_cos_loss : 0.00000, vocab_cro_loss : 1.29565, 
epoch  56 summary: dyn_dyn_cos_loss: 0.00276, dyn_sta_cos_loss: 0.00166, total_cos_loss : 0.00177, vocab_cro_loss : 1.28303, 
epoch  57 summary: dyn_dyn_cos_loss: 0.00000, dyn_sta_cos_loss: 0.00000, total_cos_loss : 0.00000, vocab_cro_loss : 1.30883, 
epoch  58 summary: dyn_dyn_cos_loss: 0.00271, dyn_sta_cos_loss: 0.00163, total_cos_loss : 0.00174, vocab_cro_loss : 1.29901, 
epoch  59 summary: dyn_dyn_cos_loss: 0.00000, dyn_sta_cos_loss: 0.00000, total_cos_loss : 0.00000, vocab_cro_loss : 1.30232, 
epoch  60 summary: dyn_dyn_cos_loss: 0.00269, dyn_sta_cos_loss: 0.00161, total_cos_loss : 0.00172, vocab_cro_loss : 1.29339, 
train loss: 1.3044, train acc: 0.6128
epoch  61 summary: dyn_dyn_cos_loss: 0.00000, dyn_sta_cos_loss: 0.00000, total_cos_loss : 0.00000, vocab_cro_loss : 1.30434, 
epoch  62 summary: dyn_dyn_cos_loss: 0.00265, dyn_sta_cos_loss: 0.00163, total_cos_loss : 0.00173, vocab_cro_loss : 1.29387, 
epoch  63 summary: dyn_dyn_cos_loss: 0.00000, dyn_sta_cos_loss: 0.00000, total_cos_loss : 0.00000, vocab_cro_loss : 1.29454, 
epoch  64 summary: dyn_dyn_cos_loss: 0.00263, dyn_sta_cos_loss: 0.00163, total_cos_loss : 0.00173, vocab_cro_loss : 1.28969, 
epoch  65 summary: dyn_dyn_cos_loss: 0.00000, dyn_sta_cos_loss: 0.00000, total_cos_loss : 0.00000, vocab_cro_loss : 1.30179, 
epoch  66 summary: dyn_dyn_cos_loss: 0.00261, dyn_sta_cos_loss: 0.00162, total_cos_loss : 0.00172, vocab_cro_loss : 1.28941, 
epoch  67 summary: dyn_dyn_cos_loss: 0.00000, dyn_sta_cos_loss: 0.00000, total_cos_loss : 0.00000, vocab_cro_loss : 1.28734, 
epoch  68 summary: dyn_dyn_cos_loss: 0.00259, dyn_sta_cos_loss: 0.00157, total_cos_loss : 0.00167, vocab_cro_loss : 1.27856, 
epoch  69 summary: dyn_dyn_cos_loss: 0.00000, dyn_sta_cos_loss: 0.00000, total_cos_loss : 0.00000, vocab_cro_loss : 1.26920, 
epoch  70 summary: dyn_dyn_cos_loss: 0.00258, dyn_sta_cos_loss: 0.00166, total_cos_loss : 0.00175, vocab_cro_loss : 1.26874, 
train loss: 1.2893, train acc: 0.6118
epoch  71 summary: dyn_dyn_cos_loss: 0.00000, dyn_sta_cos_loss: 0.00000, total_cos_loss : 0.00000, vocab_cro_loss : 1.28921, 
epoch  72 summary: dyn_dyn_cos_loss: 0.00263, dyn_sta_cos_loss: 0.00170, total_cos_loss : 0.00179, vocab_cro_loss : 1.31652, 
epoch  73 summary: dyn_dyn_cos_loss: 0.00000, dyn_sta_cos_loss: 0.00000, total_cos_loss : 0.00000, vocab_cro_loss : 1.32966, 
epoch  74 summary: dyn_dyn_cos_loss: 0.00268, dyn_sta_cos_loss: 0.00167, total_cos_loss : 0.00177, vocab_cro_loss : 1.30247, 
epoch  75 summary: dyn_dyn_cos_loss: 0.00000, dyn_sta_cos_loss: 0.00000, total_cos_loss : 0.00000, vocab_cro_loss : 1.31151, 
epoch  76 summary: dyn_dyn_cos_loss: 0.00276, dyn_sta_cos_loss: 0.00162, total_cos_loss : 0.00174, vocab_cro_loss : 1.30063, 
epoch  77 summary: dyn_dyn_cos_loss: 0.00000, dyn_sta_cos_loss: 0.00000, total_cos_loss : 0.00000, vocab_cro_loss : 1.29418, 
epoch  78 summary: dyn_dyn_cos_loss: 0.00272, dyn_sta_cos_loss: 0.00164, total_cos_loss : 0.00175, vocab_cro_loss : 1.29271, 
epoch  79 summary: dyn_dyn_cos_loss: 0.00000, dyn_sta_cos_loss: 0.00000, total_cos_loss : 0.00000, vocab_cro_loss : 1.30554, 
epoch  80 summary: dyn_dyn_cos_loss: 0.00271, dyn_sta_cos_loss: 0.00163, total_cos_loss : 0.00174, vocab_cro_loss : 1.29530, 
train loss: 1.2961, train acc: 0.6152
epoch  81 summary: dyn_dyn_cos_loss: 0.00000, dyn_sta_cos_loss: 0.00000, total_cos_loss : 0.00000, vocab_cro_loss : 1.29601, 
epoch  82 summary: dyn_dyn_cos_loss: 0.00264, dyn_sta_cos_loss: 0.00160, total_cos_loss : 0.00171, vocab_cro_loss : 1.27602, 
epoch  83 summary: dyn_dyn_cos_loss: 0.00000, dyn_sta_cos_loss: 0.00000, total_cos_loss : 0.00000, vocab_cro_loss : 1.29119, 
epoch  84 summary: dyn_dyn_cos_loss: 0.00258, dyn_sta_cos_loss: 0.00159, total_cos_loss : 0.00169, vocab_cro_loss : 1.28308, 
epoch  85 summary: dyn_dyn_cos_loss: 0.00000, dyn_sta_cos_loss: 0.00000, total_cos_loss : 0.00000, vocab_cro_loss : 1.29146, 
epoch  86 summary: dyn_dyn_cos_loss: 0.00254, dyn_sta_cos_loss: 0.00163, total_cos_loss : 0.00172, vocab_cro_loss : 1.27591, 
epoch  87 summary: dyn_dyn_cos_loss: 0.00000, dyn_sta_cos_loss: 0.00000, total_cos_loss : 0.00000, vocab_cro_loss : 1.28937, 
epoch  88 summary: dyn_dyn_cos_loss: 0.00248, dyn_sta_cos_loss: 0.00159, total_cos_loss : 0.00168, vocab_cro_loss : 1.27948, 
epoch  89 summary: dyn_dyn_cos_loss: 0.00000, dyn_sta_cos_loss: 0.00000, total_cos_loss : 0.00000, vocab_cro_loss : 1.29015, 
epoch  90 summary: dyn_dyn_cos_loss: 0.00248, dyn_sta_cos_loss: 0.00160, total_cos_loss : 0.00169, vocab_cro_loss : 1.27907, 
train loss: 1.2826, train acc: 0.6201
epoch  91 summary: dyn_dyn_cos_loss: 0.00000, dyn_sta_cos_loss: 0.00000, total_cos_loss : 0.00000, vocab_cro_loss : 1.28258, 
epoch  92 summary: dyn_dyn_cos_loss: 0.00244, dyn_sta_cos_loss: 0.00160, total_cos_loss : 0.00169, vocab_cro_loss : 1.27701, 
epoch  93 summary: dyn_dyn_cos_loss: 0.00000, dyn_sta_cos_loss: 0.00000, total_cos_loss : 0.00000, vocab_cro_loss : 1.29050, 
epoch  94 summary: dyn_dyn_cos_loss: 0.00240, dyn_sta_cos_loss: 0.00157, total_cos_loss : 0.00165, vocab_cro_loss : 1.28332, 
epoch  95 summary: dyn_dyn_cos_loss: 0.00000, dyn_sta_cos_loss: 0.00000, total_cos_loss : 0.00000, vocab_cro_loss : 1.28383, 
epoch  96 summary: dyn_dyn_cos_loss: 0.00238, dyn_sta_cos_loss: 0.00157, total_cos_loss : 0.00165, vocab_cro_loss : 1.27654, 
epoch  97 summary: dyn_dyn_cos_loss: 0.00000, dyn_sta_cos_loss: 0.00000, total_cos_loss : 0.00000, vocab_cro_loss : 1.27751, 
epoch  98 summary: dyn_dyn_cos_loss: 0.00237, dyn_sta_cos_loss: 0.00160, total_cos_loss : 0.00168, vocab_cro_loss : 1.26767, 
epoch  99 summary: dyn_dyn_cos_loss: 0.00000, dyn_sta_cos_loss: 0.00000, total_cos_loss : 0.00000, vocab_cro_loss : 1.27473, 
epoch 100 summary: dyn_dyn_cos_loss: 0.00237, dyn_sta_cos_loss: 0.00164, total_cos_loss : 0.00171, vocab_cro_loss : 1.26432, 
train loss: 1.2700, train acc: 0.6196
epoch 101 summary: dyn_dyn_cos_loss: 0.00000, dyn_sta_cos_loss: 0.00000, total_cos_loss : 0.00000, vocab_cro_loss : 1.26993, 
epoch 102 summary: dyn_dyn_cos_loss: 0.00235, dyn_sta_cos_loss: 0.00161, total_cos_loss : 0.00169, vocab_cro_loss : 1.26172, 
epoch 103 summary: dyn_dyn_cos_loss: 0.00000, dyn_sta_cos_loss: 0.00000, total_cos_loss : 0.00000, vocab_cro_loss : 1.28266, 
epoch 104 summary: dyn_dyn_cos_loss: 0.00234, dyn_sta_cos_loss: 0.00160, total_cos_loss : 0.00168, vocab_cro_loss : 1.27504, 
epoch 105 summary: dyn_dyn_cos_loss: 0.00000, dyn_sta_cos_loss: 0.00000, total_cos_loss : 0.00000, vocab_cro_loss : 1.27275, 
epoch 106 summary: dyn_dyn_cos_loss: 0.00241, dyn_sta_cos_loss: 0.00155, total_cos_loss : 0.00164, vocab_cro_loss : 1.26936, 
epoch 107 summary: dyn_dyn_cos_loss: 0.00000, dyn_sta_cos_loss: 0.00000, total_cos_loss : 0.00000, vocab_cro_loss : 1.26272, 
epoch 108 summary: dyn_dyn_cos_loss: 0.00238, dyn_sta_cos_loss: 0.00154, total_cos_loss : 0.00162, vocab_cro_loss : 1.25376, 
epoch 109 summary: dyn_dyn_cos_loss: 0.00000, dyn_sta_cos_loss: 0.00000, total_cos_loss : 0.00000, vocab_cro_loss : 1.26913, 
epoch 110 summary: dyn_dyn_cos_loss: 0.00237, dyn_sta_cos_loss: 0.00155, total_cos_loss : 0.00163, vocab_cro_loss : 1.26091, 
train loss: 1.2708, train acc: 0.6260
epoch 111 summary: dyn_dyn_cos_loss: 0.00000, dyn_sta_cos_loss: 0.00000, total_cos_loss : 0.00000, vocab_cro_loss : 1.27080, 
epoch 112 summary: dyn_dyn_cos_loss: 0.00232, dyn_sta_cos_loss: 0.00160, total_cos_loss : 0.00167, vocab_cro_loss : 1.26862, 
epoch 113 summary: dyn_dyn_cos_loss: 0.00000, dyn_sta_cos_loss: 0.00000, total_cos_loss : 0.00000, vocab_cro_loss : 1.27165, 
epoch 114 summary: dyn_dyn_cos_loss: 0.00231, dyn_sta_cos_loss: 0.00157, total_cos_loss : 0.00164, vocab_cro_loss : 1.25806, 
epoch 115 summary: dyn_dyn_cos_loss: 0.00000, dyn_sta_cos_loss: 0.00000, total_cos_loss : 0.00000, vocab_cro_loss : 1.27196, 
epoch 116 summary: dyn_dyn_cos_loss: 0.00230, dyn_sta_cos_loss: 0.00161, total_cos_loss : 0.00168, vocab_cro_loss : 1.27087, 
epoch 117 summary: dyn_dyn_cos_loss: 0.00000, dyn_sta_cos_loss: 0.00000, total_cos_loss : 0.00000, vocab_cro_loss : 1.27402, 
epoch 118 summary: dyn_dyn_cos_loss: 0.00228, dyn_sta_cos_loss: 0.00155, total_cos_loss : 0.00162, vocab_cro_loss : 1.26015, 
epoch 119 summary: dyn_dyn_cos_loss: 0.00000, dyn_sta_cos_loss: 0.00000, total_cos_loss : 0.00000, vocab_cro_loss : 1.25518, 
epoch 120 summary: dyn_dyn_cos_loss: 0.00230, dyn_sta_cos_loss: 0.00156, total_cos_loss : 0.00163, vocab_cro_loss : 1.24523, 
train loss: 1.2576, train acc: 0.6260
epoch 121 summary: dyn_dyn_cos_loss: 0.00000, dyn_sta_cos_loss: 0.00000, total_cos_loss : 0.00000, vocab_cro_loss : 1.25753, 
epoch 122 summary: dyn_dyn_cos_loss: 0.00226, dyn_sta_cos_loss: 0.00155, total_cos_loss : 0.00162, vocab_cro_loss : 1.24114, 
epoch 123 summary: dyn_dyn_cos_loss: 0.00000, dyn_sta_cos_loss: 0.00000, total_cos_loss : 0.00000, vocab_cro_loss : 1.24657, 
epoch 124 summary: dyn_dyn_cos_loss: 0.00224, dyn_sta_cos_loss: 0.00155, total_cos_loss : 0.00162, vocab_cro_loss : 1.23406, 
epoch 125 summary: dyn_dyn_cos_loss: 0.00000, dyn_sta_cos_loss: 0.00000, total_cos_loss : 0.00000, vocab_cro_loss : 1.24175, 
epoch 126 summary: dyn_dyn_cos_loss: 0.00224, dyn_sta_cos_loss: 0.00153, total_cos_loss : 0.00160, vocab_cro_loss : 1.23583, 
epoch 127 summary: dyn_dyn_cos_loss: 0.00000, dyn_sta_cos_loss: 0.00000, total_cos_loss : 0.00000, vocab_cro_loss : 1.24713, 
epoch 128 summary: dyn_dyn_cos_loss: 0.00222, dyn_sta_cos_loss: 0.00152, total_cos_loss : 0.00159, vocab_cro_loss : 1.23936, 
epoch 129 summary: dyn_dyn_cos_loss: 0.00000, dyn_sta_cos_loss: 0.00000, total_cos_loss : 0.00000, vocab_cro_loss : 1.24644, 
epoch 130 summary: dyn_dyn_cos_loss: 0.00223, dyn_sta_cos_loss: 0.00152, total_cos_loss : 0.00159, vocab_cro_loss : 1.23628, 
train loss: 1.2472, train acc: 0.6304
epoch 131 summary: dyn_dyn_cos_loss: 0.00000, dyn_sta_cos_loss: 0.00000, total_cos_loss : 0.00000, vocab_cro_loss : 1.24718, 
epoch 132 summary: dyn_dyn_cos_loss: 0.00224, dyn_sta_cos_loss: 0.00149, total_cos_loss : 0.00157, vocab_cro_loss : 1.24275, 
epoch 133 summary: dyn_dyn_cos_loss: 0.00000, dyn_sta_cos_loss: 0.00000, total_cos_loss : 0.00000, vocab_cro_loss : 1.25519, 
epoch 134 summary: dyn_dyn_cos_loss: 0.00224, dyn_sta_cos_loss: 0.00152, total_cos_loss : 0.00159, vocab_cro_loss : 1.24384, 
epoch 135 summary: dyn_dyn_cos_loss: 0.00000, dyn_sta_cos_loss: 0.00000, total_cos_loss : 0.00000, vocab_cro_loss : 1.25397, 
epoch 136 summary: dyn_dyn_cos_loss: 0.00227, dyn_sta_cos_loss: 0.00149, total_cos_loss : 0.00157, vocab_cro_loss : 1.24473, 
epoch 137 summary: dyn_dyn_cos_loss: 0.00000, dyn_sta_cos_loss: 0.00000, total_cos_loss : 0.00000, vocab_cro_loss : 1.24831, 
epoch 138 summary: dyn_dyn_cos_loss: 0.00225, dyn_sta_cos_loss: 0.00148, total_cos_loss : 0.00155, vocab_cro_loss : 1.24177, 
epoch 139 summary: dyn_dyn_cos_loss: 0.00000, dyn_sta_cos_loss: 0.00000, total_cos_loss : 0.00000, vocab_cro_loss : 1.25153, 
epoch 140 summary: dyn_dyn_cos_loss: 0.00223, dyn_sta_cos_loss: 0.00149, total_cos_loss : 0.00157, vocab_cro_loss : 1.24706, 
train loss: 1.2500, train acc: 0.6289
epoch 141 summary: dyn_dyn_cos_loss: 0.00000, dyn_sta_cos_loss: 0.00000, total_cos_loss : 0.00000, vocab_cro_loss : 1.25000, 
epoch 142 summary: dyn_dyn_cos_loss: 0.00222, dyn_sta_cos_loss: 0.00148, total_cos_loss : 0.00155, vocab_cro_loss : 1.24164, 
epoch 143 summary: dyn_dyn_cos_loss: 0.00000, dyn_sta_cos_loss: 0.00000, total_cos_loss : 0.00000, vocab_cro_loss : 1.24854, 
epoch 144 summary: dyn_dyn_cos_loss: 0.00220, dyn_sta_cos_loss: 0.00146, total_cos_loss : 0.00154, vocab_cro_loss : 1.24166, 
epoch 145 summary: dyn_dyn_cos_loss: 0.00000, dyn_sta_cos_loss: 0.00000, total_cos_loss : 0.00000, vocab_cro_loss : 1.24941, 
epoch 146 summary: dyn_dyn_cos_loss: 0.00220, dyn_sta_cos_loss: 0.00148, total_cos_loss : 0.00155, vocab_cro_loss : 1.24335, 
epoch 147 summary: dyn_dyn_cos_loss: 0.00000, dyn_sta_cos_loss: 0.00000, total_cos_loss : 0.00000, vocab_cro_loss : 1.25454, 
epoch 148 summary: dyn_dyn_cos_loss: 0.00220, dyn_sta_cos_loss: 0.00144, total_cos_loss : 0.00152, vocab_cro_loss : 1.24501, 
epoch 149 summary: dyn_dyn_cos_loss: 0.00000, dyn_sta_cos_loss: 0.00000, total_cos_loss : 0.00000, vocab_cro_loss : 1.25774, 
epoch 150 summary: dyn_dyn_cos_loss: 0.00227, dyn_sta_cos_loss: 0.00147, total_cos_loss : 0.00155, vocab_cro_loss : 1.24729, 
train loss: 1.2535, train acc: 0.6318
epoch 151 summary: dyn_dyn_cos_loss: 0.00000, dyn_sta_cos_loss: 0.00000, total_cos_loss : 0.00000, vocab_cro_loss : 1.25350, 
epoch 152 summary: dyn_dyn_cos_loss: 0.00222, dyn_sta_cos_loss: 0.00150, total_cos_loss : 0.00157, vocab_cro_loss : 1.24273, 
epoch 153 summary: dyn_dyn_cos_loss: 0.00000, dyn_sta_cos_loss: 0.00000, total_cos_loss : 0.00000, vocab_cro_loss : 1.26019, 
epoch 154 summary: dyn_dyn_cos_loss: 0.00220, dyn_sta_cos_loss: 0.00150, total_cos_loss : 0.00157, vocab_cro_loss : 1.24809, 
epoch 155 summary: dyn_dyn_cos_loss: 0.00000, dyn_sta_cos_loss: 0.00000, total_cos_loss : 0.00000, vocab_cro_loss : 1.25574, 
epoch 156 summary: dyn_dyn_cos_loss: 0.00220, dyn_sta_cos_loss: 0.00149, total_cos_loss : 0.00157, vocab_cro_loss : 1.24654, 
epoch 157 summary: dyn_dyn_cos_loss: 0.00000, dyn_sta_cos_loss: 0.00000, total_cos_loss : 0.00000, vocab_cro_loss : 1.25389, 
epoch 158 summary: dyn_dyn_cos_loss: 0.00222, dyn_sta_cos_loss: 0.00147, total_cos_loss : 0.00154, vocab_cro_loss : 1.24526, 
epoch 159 summary: dyn_dyn_cos_loss: 0.00000, dyn_sta_cos_loss: 0.00000, total_cos_loss : 0.00000, vocab_cro_loss : 1.24758, 
epoch 160 summary: dyn_dyn_cos_loss: 0.00222, dyn_sta_cos_loss: 0.00148, total_cos_loss : 0.00155, vocab_cro_loss : 1.24204, 
train loss: 1.2555, train acc: 0.6343
epoch 161 summary: dyn_dyn_cos_loss: 0.00000, dyn_sta_cos_loss: 0.00000, total_cos_loss : 0.00000, vocab_cro_loss : 1.25553, 
epoch 162 summary: dyn_dyn_cos_loss: 0.00220, dyn_sta_cos_loss: 0.00146, total_cos_loss : 0.00154, vocab_cro_loss : 1.24937, 
epoch 163 summary: dyn_dyn_cos_loss: 0.00000, dyn_sta_cos_loss: 0.00000, total_cos_loss : 0.00000, vocab_cro_loss : 1.25547, 
epoch 164 summary: dyn_dyn_cos_loss: 0.00219, dyn_sta_cos_loss: 0.00146, total_cos_loss : 0.00153, vocab_cro_loss : 1.24545, 
epoch 165 summary: dyn_dyn_cos_loss: 0.00000, dyn_sta_cos_loss: 0.00000, total_cos_loss : 0.00000, vocab_cro_loss : 1.25587, 
epoch 166 summary: dyn_dyn_cos_loss: 0.00222, dyn_sta_cos_loss: 0.00146, total_cos_loss : 0.00153, vocab_cro_loss : 1.24852, 
epoch 167 summary: dyn_dyn_cos_loss: 0.00000, dyn_sta_cos_loss: 0.00000, total_cos_loss : 0.00000, vocab_cro_loss : 1.25132, 
epoch 168 summary: dyn_dyn_cos_loss: 0.00221, dyn_sta_cos_loss: 0.00146, total_cos_loss : 0.00153, vocab_cro_loss : 1.24202, 
epoch 169 summary: dyn_dyn_cos_loss: 0.00000, dyn_sta_cos_loss: 0.00000, total_cos_loss : 0.00000, vocab_cro_loss : 1.25310, 
epoch 170 summary: dyn_dyn_cos_loss: 0.00220, dyn_sta_cos_loss: 0.00146, total_cos_loss : 0.00153, vocab_cro_loss : 1.24646, 
train loss: 1.2582, train acc: 0.6309
epoch 171 summary: dyn_dyn_cos_loss: 0.00000, dyn_sta_cos_loss: 0.00000, total_cos_loss : 0.00000, vocab_cro_loss : 1.25823, 
epoch 172 summary: dyn_dyn_cos_loss: 0.00219, dyn_sta_cos_loss: 0.00145, total_cos_loss : 0.00152, vocab_cro_loss : 1.25695, 
epoch 173 summary: dyn_dyn_cos_loss: 0.00000, dyn_sta_cos_loss: 0.00000, total_cos_loss : 0.00000, vocab_cro_loss : 1.25992, 
epoch 174 summary: dyn_dyn_cos_loss: 0.00219, dyn_sta_cos_loss: 0.00147, total_cos_loss : 0.00155, vocab_cro_loss : 1.25164, 
epoch 175 summary: dyn_dyn_cos_loss: 0.00000, dyn_sta_cos_loss: 0.00000, total_cos_loss : 0.00000, vocab_cro_loss : 1.25807, 
epoch 176 summary: dyn_dyn_cos_loss: 0.00219, dyn_sta_cos_loss: 0.00147, total_cos_loss : 0.00154, vocab_cro_loss : 1.24904, 
epoch 177 summary: dyn_dyn_cos_loss: 0.00000, dyn_sta_cos_loss: 0.00000, total_cos_loss : 0.00000, vocab_cro_loss : 1.26069, 
epoch 178 summary: dyn_dyn_cos_loss: 0.00221, dyn_sta_cos_loss: 0.00144, total_cos_loss : 0.00152, vocab_cro_loss : 1.25301, 
epoch 179 summary: dyn_dyn_cos_loss: 0.00000, dyn_sta_cos_loss: 0.00000, total_cos_loss : 0.00000, vocab_cro_loss : 1.25962, 
epoch 180 summary: dyn_dyn_cos_loss: 0.00226, dyn_sta_cos_loss: 0.00143, total_cos_loss : 0.00151, vocab_cro_loss : 1.24896, 
train loss: 1.2447, train acc: 0.6270
epoch 181 summary: dyn_dyn_cos_loss: 0.00000, dyn_sta_cos_loss: 0.00000, total_cos_loss : 0.00000, vocab_cro_loss : 1.24468, 
epoch 182 summary: dyn_dyn_cos_loss: 0.00225, dyn_sta_cos_loss: 0.00146, total_cos_loss : 0.00154, vocab_cro_loss : 1.23047, 
epoch 183 summary: dyn_dyn_cos_loss: 0.00000, dyn_sta_cos_loss: 0.00000, total_cos_loss : 0.00000, vocab_cro_loss : 1.24588, 
epoch 184 summary: dyn_dyn_cos_loss: 0.00224, dyn_sta_cos_loss: 0.00145, total_cos_loss : 0.00153, vocab_cro_loss : 1.23848, 
epoch 185 summary: dyn_dyn_cos_loss: 0.00000, dyn_sta_cos_loss: 0.00000, total_cos_loss : 0.00000, vocab_cro_loss : 1.24564, 
epoch 186 summary: dyn_dyn_cos_loss: 0.00224, dyn_sta_cos_loss: 0.00143, total_cos_loss : 0.00151, vocab_cro_loss : 1.23536, 
epoch 187 summary: dyn_dyn_cos_loss: 0.00000, dyn_sta_cos_loss: 0.00000, total_cos_loss : 0.00000, vocab_cro_loss : 1.25032, 
epoch 188 summary: dyn_dyn_cos_loss: 0.00223, dyn_sta_cos_loss: 0.00141, total_cos_loss : 0.00149, vocab_cro_loss : 1.24370, 
epoch 189 summary: dyn_dyn_cos_loss: 0.00000, dyn_sta_cos_loss: 0.00000, total_cos_loss : 0.00000, vocab_cro_loss : 1.26460, 
epoch 190 summary: dyn_dyn_cos_loss: 0.00221, dyn_sta_cos_loss: 0.00140, total_cos_loss : 0.00149, vocab_cro_loss : 1.25766, 
train loss: 1.2496, train acc: 0.6318
epoch 191 summary: dyn_dyn_cos_loss: 0.00000, dyn_sta_cos_loss: 0.00000, total_cos_loss : 0.00000, vocab_cro_loss : 1.24961, 
epoch 192 summary: dyn_dyn_cos_loss: 0.00219, dyn_sta_cos_loss: 0.00142, total_cos_loss : 0.00150, vocab_cro_loss : 1.23745, 
epoch 193 summary: dyn_dyn_cos_loss: 0.00000, dyn_sta_cos_loss: 0.00000, total_cos_loss : 0.00000, vocab_cro_loss : 1.23302, 
epoch 194 summary: dyn_dyn_cos_loss: 0.00217, dyn_sta_cos_loss: 0.00140, total_cos_loss : 0.00147, vocab_cro_loss : 1.22525, 
epoch 195 summary: dyn_dyn_cos_loss: 0.00000, dyn_sta_cos_loss: 0.00000, total_cos_loss : 0.00000, vocab_cro_loss : 1.22899, 
epoch 196 summary: dyn_dyn_cos_loss: 0.00219, dyn_sta_cos_loss: 0.00137, total_cos_loss : 0.00145, vocab_cro_loss : 1.22333, 
epoch 197 summary: dyn_dyn_cos_loss: 0.00000, dyn_sta_cos_loss: 0.00000, total_cos_loss : 0.00000, vocab_cro_loss : 1.23181, 
epoch 198 summary: dyn_dyn_cos_loss: 0.00218, dyn_sta_cos_loss: 0.00138, total_cos_loss : 0.00146, vocab_cro_loss : 1.22141, 
epoch 199 summary: dyn_dyn_cos_loss: 0.00000, dyn_sta_cos_loss: 0.00000, total_cos_loss : 0.00000, vocab_cro_loss : 1.23663, 
train loss: 1.2272, train acc: 0.6343
all                         188292.312ms
all_epoch                   182747.907ms
all_preparation               5544.351ms
all_preparation_2             5540.725ms
all_preparation_3                3.571ms
epoch                          780.478ms
epoch_pos_train                  4.511ms
epoch_preparation               16.439ms
epoch_train                    747.372ms
epoch_valid                      9.623ms
----------------------------------------
all                         188292.312ms
  all_epoch             97.06%
  all_preparation        2.94%
all_preparation               5544.351ms
  all_preparation_2     99.93%
  all_preparation_3      0.06%
epoch                       156095.515ms
  epoch_train           95.76%
  epoch_preparation      2.11%
  epoch_valid            1.23%
  epoch_pos_train        0.58%
epoch   0 summary: dyn_dyn_cos_loss: 0.02084, dyn_sta_cos_loss: 0.00691, total_cos_loss : 0.00831, 
valid loss: 3.5684, valid acc: 0.1738
epoch   1 summary: dyn_dyn_cos_loss: 0.01601, dyn_sta_cos_loss: 0.00546, total_cos_loss : 0.00651, 
epoch   2 summary: dyn_dyn_cos_loss: 0.01205, dyn_sta_cos_loss: 0.00438, total_cos_loss : 0.00515, 
epoch   3 summary: dyn_dyn_cos_loss: 0.00916, dyn_sta_cos_loss: 0.00354, total_cos_loss : 0.00410, 
epoch   4 summary: dyn_dyn_cos_loss: 0.00715, dyn_sta_cos_loss: 0.00295, total_cos_loss : 0.00337, 
epoch   5 summary: dyn_dyn_cos_loss: 0.00588, dyn_sta_cos_loss: 0.00257, total_cos_loss : 0.00290, 
epoch   6 summary: dyn_dyn_cos_loss: 0.00492, dyn_sta_cos_loss: 0.00230, total_cos_loss : 0.00256, 
epoch   7 summary: dyn_dyn_cos_loss: 0.00413, dyn_sta_cos_loss: 0.00206, total_cos_loss : 0.00227, 
epoch   8 summary: dyn_dyn_cos_loss: 0.00363, dyn_sta_cos_loss: 0.00190, total_cos_loss : 0.00207, 
epoch   9 summary: dyn_dyn_cos_loss: 0.00322, dyn_sta_cos_loss: 0.00176, total_cos_loss : 0.00191, 
epoch  10 summary: dyn_dyn_cos_loss: 0.00298, dyn_sta_cos_loss: 0.00166, total_cos_loss : 0.00179, 
valid loss: 1.8947, valid acc: 0.5312
epoch  11 summary: dyn_dyn_cos_loss: 0.00279, dyn_sta_cos_loss: 0.00158, total_cos_loss : 0.00171, 
epoch  12 summary: dyn_dyn_cos_loss: 0.00262, dyn_sta_cos_loss: 0.00152, total_cos_loss : 0.00163, 
epoch  13 summary: dyn_dyn_cos_loss: 0.00250, dyn_sta_cos_loss: 0.00147, total_cos_loss : 0.00157, 
epoch  14 summary: dyn_dyn_cos_loss: 0.00240, dyn_sta_cos_loss: 0.00143, total_cos_loss : 0.00153, 
epoch  15 summary: dyn_dyn_cos_loss: 0.00246, dyn_sta_cos_loss: 0.00139, total_cos_loss : 0.00150, 
epoch  16 summary: dyn_dyn_cos_loss: 0.00240, dyn_sta_cos_loss: 0.00137, total_cos_loss : 0.00147, 
epoch  17 summary: dyn_dyn_cos_loss: 0.00235, dyn_sta_cos_loss: 0.00135, total_cos_loss : 0.00145, 
epoch  18 summary: dyn_dyn_cos_loss: 0.00231, dyn_sta_cos_loss: 0.00133, total_cos_loss : 0.00143, 
epoch  19 summary: dyn_dyn_cos_loss: 0.00228, dyn_sta_cos_loss: 0.00132, total_cos_loss : 0.00142, 
epoch  20 summary: dyn_dyn_cos_loss: 0.00226, dyn_sta_cos_loss: 0.00131, total_cos_loss : 0.00140, 
valid loss: 1.7818, valid acc: 0.5410
epoch  21 summary: dyn_dyn_cos_loss: 0.00225, dyn_sta_cos_loss: 0.00130, total_cos_loss : 0.00139, 
epoch  22 summary: dyn_dyn_cos_loss: 0.00224, dyn_sta_cos_loss: 0.00129, total_cos_loss : 0.00139, 
epoch  23 summary: dyn_dyn_cos_loss: 0.00223, dyn_sta_cos_loss: 0.00128, total_cos_loss : 0.00138, 
epoch  24 summary: dyn_dyn_cos_loss: 0.00222, dyn_sta_cos_loss: 0.00128, total_cos_loss : 0.00137, 
epoch  25 summary: dyn_dyn_cos_loss: 0.00221, dyn_sta_cos_loss: 0.00128, total_cos_loss : 0.00137, 
epoch  26 summary: dyn_dyn_cos_loss: 0.00221, dyn_sta_cos_loss: 0.00127, total_cos_loss : 0.00137, 
epoch  27 summary: dyn_dyn_cos_loss: 0.00220, dyn_sta_cos_loss: 0.00127, total_cos_loss : 0.00136, 
epoch  28 summary: dyn_dyn_cos_loss: 0.00220, dyn_sta_cos_loss: 0.00127, total_cos_loss : 0.00136, 
epoch  29 summary: dyn_dyn_cos_loss: 0.00220, dyn_sta_cos_loss: 0.00126, total_cos_loss : 0.00136, 
epoch  30 summary: dyn_dyn_cos_loss: 0.00226, dyn_sta_cos_loss: 0.00126, total_cos_loss : 0.00136, 
valid loss: 1.7702, valid acc: 0.5488
epoch  31 summary: dyn_dyn_cos_loss: 0.00225, dyn_sta_cos_loss: 0.00126, total_cos_loss : 0.00136, 
epoch  32 summary: dyn_dyn_cos_loss: 0.00223, dyn_sta_cos_loss: 0.00126, total_cos_loss : 0.00136, 
epoch  33 summary: dyn_dyn_cos_loss: 0.00223, dyn_sta_cos_loss: 0.00126, total_cos_loss : 0.00135, 
epoch  34 summary: dyn_dyn_cos_loss: 0.00222, dyn_sta_cos_loss: 0.00126, total_cos_loss : 0.00135, 
epoch  35 summary: dyn_dyn_cos_loss: 0.00222, dyn_sta_cos_loss: 0.00126, total_cos_loss : 0.00135, 
epoch  36 summary: dyn_dyn_cos_loss: 0.00221, dyn_sta_cos_loss: 0.00126, total_cos_loss : 0.00135, 
epoch  37 summary: dyn_dyn_cos_loss: 0.00221, dyn_sta_cos_loss: 0.00125, total_cos_loss : 0.00135, 
epoch  38 summary: dyn_dyn_cos_loss: 0.00221, dyn_sta_cos_loss: 0.00125, total_cos_loss : 0.00135, 
epoch  39 summary: dyn_dyn_cos_loss: 0.00221, dyn_sta_cos_loss: 0.00125, total_cos_loss : 0.00135, 
epoch  40 summary: dyn_dyn_cos_loss: 0.00220, dyn_sta_cos_loss: 0.00125, total_cos_loss : 0.00135, 
valid loss: 1.7717, valid acc: 0.5449
epoch  41 summary: dyn_dyn_cos_loss: 0.00220, dyn_sta_cos_loss: 0.00125, total_cos_loss : 0.00135, 
epoch  42 summary: dyn_dyn_cos_loss: 0.00219, dyn_sta_cos_loss: 0.00125, total_cos_loss : 0.00135, 
epoch  43 summary: dyn_dyn_cos_loss: 0.00219, dyn_sta_cos_loss: 0.00125, total_cos_loss : 0.00135, 
epoch  44 summary: dyn_dyn_cos_loss: 0.00219, dyn_sta_cos_loss: 0.00125, total_cos_loss : 0.00134, 
epoch  45 summary: dyn_dyn_cos_loss: 0.00219, dyn_sta_cos_loss: 0.00125, total_cos_loss : 0.00134, 
epoch  46 summary: dyn_dyn_cos_loss: 0.00218, dyn_sta_cos_loss: 0.00125, total_cos_loss : 0.00134, 
epoch  47 summary: dyn_dyn_cos_loss: 0.00217, dyn_sta_cos_loss: 0.00125, total_cos_loss : 0.00134, 
epoch  48 summary: dyn_dyn_cos_loss: 0.00217, dyn_sta_cos_loss: 0.00125, total_cos_loss : 0.00134, 
epoch  49 summary: dyn_dyn_cos_loss: 0.00217, dyn_sta_cos_loss: 0.00125, total_cos_loss : 0.00134, 
epoch  50 summary: dyn_dyn_cos_loss: 0.00217, dyn_sta_cos_loss: 0.00125, total_cos_loss : 0.00134, 
valid loss: 1.7623, valid acc: 0.5410
epoch  51 summary: dyn_dyn_cos_loss: 0.00216, dyn_sta_cos_loss: 0.00125, total_cos_loss : 0.00134, 
epoch  52 summary: dyn_dyn_cos_loss: 0.00217, dyn_sta_cos_loss: 0.00125, total_cos_loss : 0.00134, 
epoch  53 summary: dyn_dyn_cos_loss: 0.00216, dyn_sta_cos_loss: 0.00125, total_cos_loss : 0.00134, 
epoch  54 summary: dyn_dyn_cos_loss: 0.00216, dyn_sta_cos_loss: 0.00125, total_cos_loss : 0.00134, 
epoch  55 summary: dyn_dyn_cos_loss: 0.00216, dyn_sta_cos_loss: 0.00125, total_cos_loss : 0.00134, 
epoch  56 summary: dyn_dyn_cos_loss: 0.00216, dyn_sta_cos_loss: 0.00125, total_cos_loss : 0.00134, 
epoch  57 summary: dyn_dyn_cos_loss: 0.00216, dyn_sta_cos_loss: 0.00124, total_cos_loss : 0.00134, 
epoch  58 summary: dyn_dyn_cos_loss: 0.00216, dyn_sta_cos_loss: 0.00124, total_cos_loss : 0.00134, 
epoch  59 summary: dyn_dyn_cos_loss: 0.00216, dyn_sta_cos_loss: 0.00124, total_cos_loss : 0.00134, 
epoch  60 summary: dyn_dyn_cos_loss: 0.00213, dyn_sta_cos_loss: 0.00124, total_cos_loss : 0.00133, 
valid loss: 1.7503, valid acc: 0.5410
epoch  61 summary: dyn_dyn_cos_loss: 0.00213, dyn_sta_cos_loss: 0.00124, total_cos_loss : 0.00133, 
epoch  62 summary: dyn_dyn_cos_loss: 0.00212, dyn_sta_cos_loss: 0.00124, total_cos_loss : 0.00133, 
epoch  63 summary: dyn_dyn_cos_loss: 0.00212, dyn_sta_cos_loss: 0.00124, total_cos_loss : 0.00133, 
epoch  64 summary: dyn_dyn_cos_loss: 0.00211, dyn_sta_cos_loss: 0.00124, total_cos_loss : 0.00133, 
epoch  65 summary: dyn_dyn_cos_loss: 0.00211, dyn_sta_cos_loss: 0.00124, total_cos_loss : 0.00133, 
epoch  66 summary: dyn_dyn_cos_loss: 0.00211, dyn_sta_cos_loss: 0.00124, total_cos_loss : 0.00133, 
epoch  67 summary: dyn_dyn_cos_loss: 0.00211, dyn_sta_cos_loss: 0.00124, total_cos_loss : 0.00133, 
epoch  68 summary: dyn_dyn_cos_loss: 0.00211, dyn_sta_cos_loss: 0.00124, total_cos_loss : 0.00133, 
epoch  69 summary: dyn_dyn_cos_loss: 0.00211, dyn_sta_cos_loss: 0.00124, total_cos_loss : 0.00133, 
epoch  70 summary: dyn_dyn_cos_loss: 0.00211, dyn_sta_cos_loss: 0.00124, total_cos_loss : 0.00133, 
valid loss: 1.7424, valid acc: 0.5488
epoch  71 summary: dyn_dyn_cos_loss: 0.00211, dyn_sta_cos_loss: 0.00124, total_cos_loss : 0.00133, 
epoch  72 summary: dyn_dyn_cos_loss: 0.00210, dyn_sta_cos_loss: 0.00124, total_cos_loss : 0.00133, 
epoch  73 summary: dyn_dyn_cos_loss: 0.00210, dyn_sta_cos_loss: 0.00124, total_cos_loss : 0.00133, 
epoch  74 summary: dyn_dyn_cos_loss: 0.00210, dyn_sta_cos_loss: 0.00124, total_cos_loss : 0.00133, 
epoch  75 summary: dyn_dyn_cos_loss: 0.00218, dyn_sta_cos_loss: 0.00124, total_cos_loss : 0.00133, 
epoch  76 summary: dyn_dyn_cos_loss: 0.00218, dyn_sta_cos_loss: 0.00124, total_cos_loss : 0.00133, 
epoch  77 summary: dyn_dyn_cos_loss: 0.00217, dyn_sta_cos_loss: 0.00124, total_cos_loss : 0.00133, 
epoch  78 summary: dyn_dyn_cos_loss: 0.00217, dyn_sta_cos_loss: 0.00124, total_cos_loss : 0.00133, 
epoch  79 summary: dyn_dyn_cos_loss: 0.00216, dyn_sta_cos_loss: 0.00124, total_cos_loss : 0.00133, 
epoch  80 summary: dyn_dyn_cos_loss: 0.00215, dyn_sta_cos_loss: 0.00124, total_cos_loss : 0.00133, 
valid loss: 1.7711, valid acc: 0.5391
epoch  81 summary: dyn_dyn_cos_loss: 0.00215, dyn_sta_cos_loss: 0.00124, total_cos_loss : 0.00133, 
epoch  82 summary: dyn_dyn_cos_loss: 0.00215, dyn_sta_cos_loss: 0.00124, total_cos_loss : 0.00133, 
epoch  83 summary: dyn_dyn_cos_loss: 0.00215, dyn_sta_cos_loss: 0.00124, total_cos_loss : 0.00133, 
epoch  84 summary: dyn_dyn_cos_loss: 0.00215, dyn_sta_cos_loss: 0.00124, total_cos_loss : 0.00133, 
epoch  85 summary: dyn_dyn_cos_loss: 0.00214, dyn_sta_cos_loss: 0.00124, total_cos_loss : 0.00133, 
epoch  86 summary: dyn_dyn_cos_loss: 0.00214, dyn_sta_cos_loss: 0.00124, total_cos_loss : 0.00133, 
epoch  87 summary: dyn_dyn_cos_loss: 0.00214, dyn_sta_cos_loss: 0.00124, total_cos_loss : 0.00133, 
epoch  88 summary: dyn_dyn_cos_loss: 0.00214, dyn_sta_cos_loss: 0.00124, total_cos_loss : 0.00133, 
epoch  89 summary: dyn_dyn_cos_loss: 0.00214, dyn_sta_cos_loss: 0.00124, total_cos_loss : 0.00133, 
epoch  90 summary: dyn_dyn_cos_loss: 0.00221, dyn_sta_cos_loss: 0.00124, total_cos_loss : 0.00133, 
valid loss: 1.7594, valid acc: 0.5449
epoch  91 summary: dyn_dyn_cos_loss: 0.00220, dyn_sta_cos_loss: 0.00124, total_cos_loss : 0.00133, 
epoch  92 summary: dyn_dyn_cos_loss: 0.00220, dyn_sta_cos_loss: 0.00124, total_cos_loss : 0.00133, 
epoch  93 summary: dyn_dyn_cos_loss: 0.00219, dyn_sta_cos_loss: 0.00124, total_cos_loss : 0.00133, 
epoch  94 summary: dyn_dyn_cos_loss: 0.00219, dyn_sta_cos_loss: 0.00124, total_cos_loss : 0.00133, 
epoch  95 summary: dyn_dyn_cos_loss: 0.00219, dyn_sta_cos_loss: 0.00124, total_cos_loss : 0.00133, 
epoch  96 summary: dyn_dyn_cos_loss: 0.00218, dyn_sta_cos_loss: 0.00124, total_cos_loss : 0.00133, 
epoch  97 summary: dyn_dyn_cos_loss: 0.00218, dyn_sta_cos_loss: 0.00124, total_cos_loss : 0.00133, 
epoch  98 summary: dyn_dyn_cos_loss: 0.00218, dyn_sta_cos_loss: 0.00124, total_cos_loss : 0.00133, 
epoch  99 summary: dyn_dyn_cos_loss: 0.00218, dyn_sta_cos_loss: 0.00124, total_cos_loss : 0.00133, 
epoch 100 summary: dyn_dyn_cos_loss: 0.00218, dyn_sta_cos_loss: 0.00124, total_cos_loss : 0.00133, 
valid loss: 1.7422, valid acc: 0.5469
epoch 101 summary: dyn_dyn_cos_loss: 0.00218, dyn_sta_cos_loss: 0.00124, total_cos_loss : 0.00133, 
epoch 102 summary: dyn_dyn_cos_loss: 0.00218, dyn_sta_cos_loss: 0.00124, total_cos_loss : 0.00133, 
epoch 103 summary: dyn_dyn_cos_loss: 0.00218, dyn_sta_cos_loss: 0.00124, total_cos_loss : 0.00133, 
epoch 104 summary: dyn_dyn_cos_loss: 0.00217, dyn_sta_cos_loss: 0.00124, total_cos_loss : 0.00133, 
epoch 105 summary: dyn_dyn_cos_loss: 0.00220, dyn_sta_cos_loss: 0.00124, total_cos_loss : 0.00133, 
epoch 106 summary: dyn_dyn_cos_loss: 0.00219, dyn_sta_cos_loss: 0.00124, total_cos_loss : 0.00133, 
epoch 107 summary: dyn_dyn_cos_loss: 0.00219, dyn_sta_cos_loss: 0.00123, total_cos_loss : 0.00133, 
epoch 108 summary: dyn_dyn_cos_loss: 0.00219, dyn_sta_cos_loss: 0.00123, total_cos_loss : 0.00133, 
epoch 109 summary: dyn_dyn_cos_loss: 0.00219, dyn_sta_cos_loss: 0.00123, total_cos_loss : 0.00133, 
epoch 110 summary: dyn_dyn_cos_loss: 0.00218, dyn_sta_cos_loss: 0.00123, total_cos_loss : 0.00133, 
valid loss: 1.7488, valid acc: 0.5449
epoch 111 summary: dyn_dyn_cos_loss: 0.00218, dyn_sta_cos_loss: 0.00123, total_cos_loss : 0.00133, 
epoch 112 summary: dyn_dyn_cos_loss: 0.00218, dyn_sta_cos_loss: 0.00123, total_cos_loss : 0.00133, 
epoch 113 summary: dyn_dyn_cos_loss: 0.00218, dyn_sta_cos_loss: 0.00123, total_cos_loss : 0.00133, 
epoch 114 summary: dyn_dyn_cos_loss: 0.00218, dyn_sta_cos_loss: 0.00123, total_cos_loss : 0.00133, 
epoch 115 summary: dyn_dyn_cos_loss: 0.00217, dyn_sta_cos_loss: 0.00123, total_cos_loss : 0.00133, 
epoch 116 summary: dyn_dyn_cos_loss: 0.00218, dyn_sta_cos_loss: 0.00123, total_cos_loss : 0.00133, 
epoch 117 summary: dyn_dyn_cos_loss: 0.00217, dyn_sta_cos_loss: 0.00123, total_cos_loss : 0.00133, 
epoch 118 summary: dyn_dyn_cos_loss: 0.00217, dyn_sta_cos_loss: 0.00123, total_cos_loss : 0.00133, 
epoch 119 summary: dyn_dyn_cos_loss: 0.00217, dyn_sta_cos_loss: 0.00123, total_cos_loss : 0.00133, 
epoch 120 summary: dyn_dyn_cos_loss: 0.00217, dyn_sta_cos_loss: 0.00123, total_cos_loss : 0.00133, 
valid loss: 1.7585, valid acc: 0.5352
epoch 121 summary: dyn_dyn_cos_loss: 0.00216, dyn_sta_cos_loss: 0.00123, total_cos_loss : 0.00133, 
epoch 122 summary: dyn_dyn_cos_loss: 0.00215, dyn_sta_cos_loss: 0.00123, total_cos_loss : 0.00133, 
epoch 123 summary: dyn_dyn_cos_loss: 0.00215, dyn_sta_cos_loss: 0.00123, total_cos_loss : 0.00133, 
epoch 124 summary: dyn_dyn_cos_loss: 0.00215, dyn_sta_cos_loss: 0.00123, total_cos_loss : 0.00133, 
epoch 125 summary: dyn_dyn_cos_loss: 0.00215, dyn_sta_cos_loss: 0.00123, total_cos_loss : 0.00133, 
epoch 126 summary: dyn_dyn_cos_loss: 0.00215, dyn_sta_cos_loss: 0.00123, total_cos_loss : 0.00133, 
epoch 127 summary: dyn_dyn_cos_loss: 0.00214, dyn_sta_cos_loss: 0.00123, total_cos_loss : 0.00132, 
epoch 128 summary: dyn_dyn_cos_loss: 0.00214, dyn_sta_cos_loss: 0.00123, total_cos_loss : 0.00132, 
epoch 129 summary: dyn_dyn_cos_loss: 0.00214, dyn_sta_cos_loss: 0.00123, total_cos_loss : 0.00132, 
epoch 130 summary: dyn_dyn_cos_loss: 0.00214, dyn_sta_cos_loss: 0.00123, total_cos_loss : 0.00132, 
valid loss: 1.7665, valid acc: 0.5352
epoch 131 summary: dyn_dyn_cos_loss: 0.00214, dyn_sta_cos_loss: 0.00123, total_cos_loss : 0.00132, 
epoch 132 summary: dyn_dyn_cos_loss: 0.00214, dyn_sta_cos_loss: 0.00123, total_cos_loss : 0.00132, 
epoch 133 summary: dyn_dyn_cos_loss: 0.00214, dyn_sta_cos_loss: 0.00123, total_cos_loss : 0.00132, 
epoch 134 summary: dyn_dyn_cos_loss: 0.00214, dyn_sta_cos_loss: 0.00123, total_cos_loss : 0.00132, 
epoch 135 summary: dyn_dyn_cos_loss: 0.00218, dyn_sta_cos_loss: 0.00123, total_cos_loss : 0.00133, 
epoch 136 summary: dyn_dyn_cos_loss: 0.00217, dyn_sta_cos_loss: 0.00123, total_cos_loss : 0.00133, 
epoch 137 summary: dyn_dyn_cos_loss: 0.00216, dyn_sta_cos_loss: 0.00123, total_cos_loss : 0.00133, 
epoch 138 summary: dyn_dyn_cos_loss: 0.00216, dyn_sta_cos_loss: 0.00123, total_cos_loss : 0.00133, 
epoch 139 summary: dyn_dyn_cos_loss: 0.00216, dyn_sta_cos_loss: 0.00123, total_cos_loss : 0.00132, 
epoch 140 summary: dyn_dyn_cos_loss: 0.00215, dyn_sta_cos_loss: 0.00123, total_cos_loss : 0.00132, 
valid loss: 1.7691, valid acc: 0.5371
epoch 141 summary: dyn_dyn_cos_loss: 0.00215, dyn_sta_cos_loss: 0.00123, total_cos_loss : 0.00132, 
epoch 142 summary: dyn_dyn_cos_loss: 0.00215, dyn_sta_cos_loss: 0.00123, total_cos_loss : 0.00132, 
epoch 143 summary: dyn_dyn_cos_loss: 0.00215, dyn_sta_cos_loss: 0.00123, total_cos_loss : 0.00132, 
epoch 144 summary: dyn_dyn_cos_loss: 0.00214, dyn_sta_cos_loss: 0.00123, total_cos_loss : 0.00132, 
epoch 145 summary: dyn_dyn_cos_loss: 0.00214, dyn_sta_cos_loss: 0.00123, total_cos_loss : 0.00132, 
epoch 146 summary: dyn_dyn_cos_loss: 0.00214, dyn_sta_cos_loss: 0.00123, total_cos_loss : 0.00132, 
epoch 147 summary: dyn_dyn_cos_loss: 0.00214, dyn_sta_cos_loss: 0.00123, total_cos_loss : 0.00132, 
epoch 148 summary: dyn_dyn_cos_loss: 0.00214, dyn_sta_cos_loss: 0.00123, total_cos_loss : 0.00132, 
epoch 149 summary: dyn_dyn_cos_loss: 0.00214, dyn_sta_cos_loss: 0.00123, total_cos_loss : 0.00132, 
epoch 150 summary: dyn_dyn_cos_loss: 0.00221, dyn_sta_cos_loss: 0.00123, total_cos_loss : 0.00133, 
valid loss: 1.7640, valid acc: 0.5410
epoch 151 summary: dyn_dyn_cos_loss: 0.00220, dyn_sta_cos_loss: 0.00123, total_cos_loss : 0.00133, 
epoch 152 summary: dyn_dyn_cos_loss: 0.00220, dyn_sta_cos_loss: 0.00123, total_cos_loss : 0.00133, 
epoch 153 summary: dyn_dyn_cos_loss: 0.00219, dyn_sta_cos_loss: 0.00123, total_cos_loss : 0.00133, 
epoch 154 summary: dyn_dyn_cos_loss: 0.00219, dyn_sta_cos_loss: 0.00123, total_cos_loss : 0.00133, 
epoch 155 summary: dyn_dyn_cos_loss: 0.00218, dyn_sta_cos_loss: 0.00123, total_cos_loss : 0.00133, 
epoch 156 summary: dyn_dyn_cos_loss: 0.00218, dyn_sta_cos_loss: 0.00123, total_cos_loss : 0.00133, 
epoch 157 summary: dyn_dyn_cos_loss: 0.00218, dyn_sta_cos_loss: 0.00123, total_cos_loss : 0.00133, 
epoch 158 summary: dyn_dyn_cos_loss: 0.00218, dyn_sta_cos_loss: 0.00123, total_cos_loss : 0.00133, 
epoch 159 summary: dyn_dyn_cos_loss: 0.00218, dyn_sta_cos_loss: 0.00123, total_cos_loss : 0.00133, 
epoch 160 summary: dyn_dyn_cos_loss: 0.00218, dyn_sta_cos_loss: 0.00123, total_cos_loss : 0.00133, 
valid loss: 1.7692, valid acc: 0.5430
epoch 161 summary: dyn_dyn_cos_loss: 0.00218, dyn_sta_cos_loss: 0.00123, total_cos_loss : 0.00133, 
epoch 162 summary: dyn_dyn_cos_loss: 0.00218, dyn_sta_cos_loss: 0.00123, total_cos_loss : 0.00133, 
epoch 163 summary: dyn_dyn_cos_loss: 0.00218, dyn_sta_cos_loss: 0.00123, total_cos_loss : 0.00133, 
epoch 164 summary: dyn_dyn_cos_loss: 0.00217, dyn_sta_cos_loss: 0.00123, total_cos_loss : 0.00133, 
epoch 165 summary: dyn_dyn_cos_loss: 0.00218, dyn_sta_cos_loss: 0.00123, total_cos_loss : 0.00133, 
epoch 166 summary: dyn_dyn_cos_loss: 0.00218, dyn_sta_cos_loss: 0.00123, total_cos_loss : 0.00133, 
epoch 167 summary: dyn_dyn_cos_loss: 0.00218, dyn_sta_cos_loss: 0.00123, total_cos_loss : 0.00132, 
epoch 168 summary: dyn_dyn_cos_loss: 0.00217, dyn_sta_cos_loss: 0.00123, total_cos_loss : 0.00132, 
epoch 169 summary: dyn_dyn_cos_loss: 0.00217, dyn_sta_cos_loss: 0.00123, total_cos_loss : 0.00132, 
epoch 170 summary: dyn_dyn_cos_loss: 0.00217, dyn_sta_cos_loss: 0.00123, total_cos_loss : 0.00132, 
valid loss: 1.7688, valid acc: 0.5391
epoch 171 summary: dyn_dyn_cos_loss: 0.00217, dyn_sta_cos_loss: 0.00123, total_cos_loss : 0.00132, 
epoch 172 summary: dyn_dyn_cos_loss: 0.00216, dyn_sta_cos_loss: 0.00123, total_cos_loss : 0.00132, 
epoch 173 summary: dyn_dyn_cos_loss: 0.00216, dyn_sta_cos_loss: 0.00123, total_cos_loss : 0.00132, 
epoch 174 summary: dyn_dyn_cos_loss: 0.00216, dyn_sta_cos_loss: 0.00123, total_cos_loss : 0.00132, 
epoch 175 summary: dyn_dyn_cos_loss: 0.00216, dyn_sta_cos_loss: 0.00123, total_cos_loss : 0.00132, 
epoch 176 summary: dyn_dyn_cos_loss: 0.00216, dyn_sta_cos_loss: 0.00123, total_cos_loss : 0.00132, 
epoch 177 summary: dyn_dyn_cos_loss: 0.00216, dyn_sta_cos_loss: 0.00123, total_cos_loss : 0.00132, 
epoch 178 summary: dyn_dyn_cos_loss: 0.00216, dyn_sta_cos_loss: 0.00123, total_cos_loss : 0.00132, 
epoch 179 summary: dyn_dyn_cos_loss: 0.00216, dyn_sta_cos_loss: 0.00123, total_cos_loss : 0.00132, 
epoch 180 summary: dyn_dyn_cos_loss: 0.00219, dyn_sta_cos_loss: 0.00123, total_cos_loss : 0.00133, 
valid loss: 1.7622, valid acc: 0.5391
epoch 181 summary: dyn_dyn_cos_loss: 0.00218, dyn_sta_cos_loss: 0.00123, total_cos_loss : 0.00133, 
epoch 182 summary: dyn_dyn_cos_loss: 0.00218, dyn_sta_cos_loss: 0.00123, total_cos_loss : 0.00133, 
epoch 183 summary: dyn_dyn_cos_loss: 0.00218, dyn_sta_cos_loss: 0.00123, total_cos_loss : 0.00132, 
epoch 184 summary: dyn_dyn_cos_loss: 0.00217, dyn_sta_cos_loss: 0.00123, total_cos_loss : 0.00132, 
epoch 185 summary: dyn_dyn_cos_loss: 0.00217, dyn_sta_cos_loss: 0.00123, total_cos_loss : 0.00132, 
epoch 186 summary: dyn_dyn_cos_loss: 0.00217, dyn_sta_cos_loss: 0.00123, total_cos_loss : 0.00132, 
epoch 187 summary: dyn_dyn_cos_loss: 0.00217, dyn_sta_cos_loss: 0.00123, total_cos_loss : 0.00132, 
epoch 188 summary: dyn_dyn_cos_loss: 0.00216, dyn_sta_cos_loss: 0.00123, total_cos_loss : 0.00132, 
epoch 189 summary: dyn_dyn_cos_loss: 0.00216, dyn_sta_cos_loss: 0.00123, total_cos_loss : 0.00132, 
epoch 190 summary: dyn_dyn_cos_loss: 0.00216, dyn_sta_cos_loss: 0.00123, total_cos_loss : 0.00132, 
valid loss: 1.7648, valid acc: 0.5371
epoch 191 summary: dyn_dyn_cos_loss: 0.00215, dyn_sta_cos_loss: 0.00123, total_cos_loss : 0.00132, 
epoch 192 summary: dyn_dyn_cos_loss: 0.00215, dyn_sta_cos_loss: 0.00123, total_cos_loss : 0.00132, 
epoch 193 summary: dyn_dyn_cos_loss: 0.00215, dyn_sta_cos_loss: 0.00123, total_cos_loss : 0.00132, 
epoch 194 summary: dyn_dyn_cos_loss: 0.00215, dyn_sta_cos_loss: 0.00123, total_cos_loss : 0.00132, 
epoch 195 summary: dyn_dyn_cos_loss: 0.00216, dyn_sta_cos_loss: 0.00123, total_cos_loss : 0.00132, 
epoch 196 summary: dyn_dyn_cos_loss: 0.00216, dyn_sta_cos_loss: 0.00123, total_cos_loss : 0.00132, 
epoch 197 summary: dyn_dyn_cos_loss: 0.00215, dyn_sta_cos_loss: 0.00123, total_cos_loss : 0.00132, 
epoch 198 summary: dyn_dyn_cos_loss: 0.00215, dyn_sta_cos_loss: 0.00123, total_cos_loss : 0.00132, 
epoch 199 summary: dyn_dyn_cos_loss: 0.00215, dyn_sta_cos_loss: 0.00123, total_cos_loss : 0.00132, 
valid loss: 1.7680, valid acc: 0.5410
all                          71397.909ms
all_epoch                    71386.980ms
all_preparation                 10.911ms
all_preparation_2                8.964ms
all_preparation_3                1.923ms
epoch                          270.902ms
epoch_pos_train                  5.075ms
epoch_preparation                0.381ms
epoch_train                    260.540ms
epoch_valid                      2.960ms
----------------------------------------
all                          71397.909ms
  all_epoch             99.98%
  all_preparation        0.02%
all_preparation                 10.911ms
  all_preparation_2     82.16%
  all_preparation_3     17.62%
epoch                        54180.428ms
  epoch_train           96.17%
  epoch_pos_train        1.87%
  epoch_valid            1.09%
  epoch_preparation      0.14%
