Before CTE Training: train eu loss: 1.063186526298523, eval eu loss: 1.492782711982727
Before CTE Training: train eu acc: 0.6669921875, eval eu acc: 0.560546875
epoch   0 summary: dyn_dyn_cos_loss: 0.02331, dyn_sta_cos_loss: 0.00716, total_cos_loss : 0.01524, vocab_cro_loss : 4.49871, 
train loss: 3.7521, train acc: 0.1826
epoch   1 summary: dyn_dyn_cos_loss: 0.00000, dyn_sta_cos_loss: 0.00000, total_cos_loss : 0.00000, vocab_cro_loss : 3.75179, 
epoch   2 summary: dyn_dyn_cos_loss: 0.00000, dyn_sta_cos_loss: 0.00000, total_cos_loss : 0.00000, vocab_cro_loss : 3.62265, 
epoch   3 summary: dyn_dyn_cos_loss: 0.00000, dyn_sta_cos_loss: 0.00000, total_cos_loss : 0.00000, vocab_cro_loss : 3.53340, 
epoch   4 summary: dyn_dyn_cos_loss: 0.02228, dyn_sta_cos_loss: 0.00637, total_cos_loss : 0.01433, vocab_cro_loss : 3.44632, 
epoch   5 summary: dyn_dyn_cos_loss: 0.00000, dyn_sta_cos_loss: 0.00000, total_cos_loss : 0.00000, vocab_cro_loss : 2.78527, 
epoch   6 summary: dyn_dyn_cos_loss: 0.00000, dyn_sta_cos_loss: 0.00000, total_cos_loss : 0.00000, vocab_cro_loss : 2.73407, 
epoch   7 summary: dyn_dyn_cos_loss: 0.00000, dyn_sta_cos_loss: 0.00000, total_cos_loss : 0.00000, vocab_cro_loss : 2.68442, 
epoch   8 summary: dyn_dyn_cos_loss: 0.02032, dyn_sta_cos_loss: 0.00529, total_cos_loss : 0.01281, vocab_cro_loss : 2.65879, 
epoch   9 summary: dyn_dyn_cos_loss: 0.00000, dyn_sta_cos_loss: 0.00000, total_cos_loss : 0.00000, vocab_cro_loss : 2.32815, 
epoch  10 summary: dyn_dyn_cos_loss: 0.00000, dyn_sta_cos_loss: 0.00000, total_cos_loss : 0.00000, vocab_cro_loss : 2.30232, 
train loss: 2.2864, train acc: 0.4609
epoch  11 summary: dyn_dyn_cos_loss: 0.00000, dyn_sta_cos_loss: 0.00000, total_cos_loss : 0.00000, vocab_cro_loss : 2.28633, 
epoch  12 summary: dyn_dyn_cos_loss: 0.01750, dyn_sta_cos_loss: 0.00438, total_cos_loss : 0.01094, vocab_cro_loss : 2.26669, 
epoch  13 summary: dyn_dyn_cos_loss: 0.00000, dyn_sta_cos_loss: 0.00000, total_cos_loss : 0.00000, vocab_cro_loss : 2.12536, 
epoch  14 summary: dyn_dyn_cos_loss: 0.00000, dyn_sta_cos_loss: 0.00000, total_cos_loss : 0.00000, vocab_cro_loss : 2.10213, 
epoch  15 summary: dyn_dyn_cos_loss: 0.00000, dyn_sta_cos_loss: 0.00000, total_cos_loss : 0.00000, vocab_cro_loss : 2.07993, 
epoch  16 summary: dyn_dyn_cos_loss: 0.01460, dyn_sta_cos_loss: 0.00365, total_cos_loss : 0.00913, vocab_cro_loss : 2.05848, 
epoch  17 summary: dyn_dyn_cos_loss: 0.00000, dyn_sta_cos_loss: 0.00000, total_cos_loss : 0.00000, vocab_cro_loss : 1.98536, 
epoch  18 summary: dyn_dyn_cos_loss: 0.00000, dyn_sta_cos_loss: 0.00000, total_cos_loss : 0.00000, vocab_cro_loss : 1.96502, 
epoch  19 summary: dyn_dyn_cos_loss: 0.00000, dyn_sta_cos_loss: 0.00000, total_cos_loss : 0.00000, vocab_cro_loss : 1.94403, 
epoch  20 summary: dyn_dyn_cos_loss: 0.01153, dyn_sta_cos_loss: 0.00317, total_cos_loss : 0.00735, vocab_cro_loss : 1.93050, 
train loss: 1.8740, train acc: 0.5029
epoch  21 summary: dyn_dyn_cos_loss: 0.00000, dyn_sta_cos_loss: 0.00000, total_cos_loss : 0.00000, vocab_cro_loss : 1.87388, 
epoch  22 summary: dyn_dyn_cos_loss: 0.00000, dyn_sta_cos_loss: 0.00000, total_cos_loss : 0.00000, vocab_cro_loss : 1.88612, 
epoch  23 summary: dyn_dyn_cos_loss: 0.00000, dyn_sta_cos_loss: 0.00000, total_cos_loss : 0.00000, vocab_cro_loss : 1.88661, 
epoch  24 summary: dyn_dyn_cos_loss: 0.00912, dyn_sta_cos_loss: 0.00288, total_cos_loss : 0.00600, vocab_cro_loss : 1.90539, 
epoch  25 summary: dyn_dyn_cos_loss: 0.00000, dyn_sta_cos_loss: 0.00000, total_cos_loss : 0.00000, vocab_cro_loss : 1.80433, 
epoch  26 summary: dyn_dyn_cos_loss: 0.00000, dyn_sta_cos_loss: 0.00000, total_cos_loss : 0.00000, vocab_cro_loss : 1.78540, 
epoch  27 summary: dyn_dyn_cos_loss: 0.00000, dyn_sta_cos_loss: 0.00000, total_cos_loss : 0.00000, vocab_cro_loss : 1.77002, 
epoch  28 summary: dyn_dyn_cos_loss: 0.00720, dyn_sta_cos_loss: 0.00263, total_cos_loss : 0.00491, vocab_cro_loss : 1.75723, 
epoch  29 summary: dyn_dyn_cos_loss: 0.00000, dyn_sta_cos_loss: 0.00000, total_cos_loss : 0.00000, vocab_cro_loss : 1.69440, 
epoch  30 summary: dyn_dyn_cos_loss: 0.00000, dyn_sta_cos_loss: 0.00000, total_cos_loss : 0.00000, vocab_cro_loss : 1.68425, 
train loss: 1.6736, train acc: 0.5298
epoch  31 summary: dyn_dyn_cos_loss: 0.00000, dyn_sta_cos_loss: 0.00000, total_cos_loss : 0.00000, vocab_cro_loss : 1.67355, 
epoch  32 summary: dyn_dyn_cos_loss: 0.00600, dyn_sta_cos_loss: 0.00238, total_cos_loss : 0.00419, vocab_cro_loss : 1.67741, 
epoch  33 summary: dyn_dyn_cos_loss: 0.00000, dyn_sta_cos_loss: 0.00000, total_cos_loss : 0.00000, vocab_cro_loss : 1.61891, 
epoch  34 summary: dyn_dyn_cos_loss: 0.00000, dyn_sta_cos_loss: 0.00000, total_cos_loss : 0.00000, vocab_cro_loss : 1.60753, 
epoch  35 summary: dyn_dyn_cos_loss: 0.00000, dyn_sta_cos_loss: 0.00000, total_cos_loss : 0.00000, vocab_cro_loss : 1.60688, 
epoch  36 summary: dyn_dyn_cos_loss: 0.00475, dyn_sta_cos_loss: 0.00216, total_cos_loss : 0.00345, vocab_cro_loss : 1.59935, 
epoch  37 summary: dyn_dyn_cos_loss: 0.00000, dyn_sta_cos_loss: 0.00000, total_cos_loss : 0.00000, vocab_cro_loss : 1.59690, 
epoch  38 summary: dyn_dyn_cos_loss: 0.00000, dyn_sta_cos_loss: 0.00000, total_cos_loss : 0.00000, vocab_cro_loss : 1.56019, 
epoch  39 summary: dyn_dyn_cos_loss: 0.00000, dyn_sta_cos_loss: 0.00000, total_cos_loss : 0.00000, vocab_cro_loss : 1.55139, 
epoch  40 summary: dyn_dyn_cos_loss: 0.00393, dyn_sta_cos_loss: 0.00209, total_cos_loss : 0.00301, vocab_cro_loss : 1.53548, 
train loss: 1.4966, train acc: 0.5649
epoch  41 summary: dyn_dyn_cos_loss: 0.00000, dyn_sta_cos_loss: 0.00000, total_cos_loss : 0.00000, vocab_cro_loss : 1.49657, 
epoch  42 summary: dyn_dyn_cos_loss: 0.00000, dyn_sta_cos_loss: 0.00000, total_cos_loss : 0.00000, vocab_cro_loss : 1.48668, 
epoch  43 summary: dyn_dyn_cos_loss: 0.00000, dyn_sta_cos_loss: 0.00000, total_cos_loss : 0.00000, vocab_cro_loss : 1.48037, 
epoch  44 summary: dyn_dyn_cos_loss: 0.00321, dyn_sta_cos_loss: 0.00197, total_cos_loss : 0.00259, vocab_cro_loss : 1.47645, 
epoch  45 summary: dyn_dyn_cos_loss: 0.00000, dyn_sta_cos_loss: 0.00000, total_cos_loss : 0.00000, vocab_cro_loss : 1.45902, 
epoch  46 summary: dyn_dyn_cos_loss: 0.00000, dyn_sta_cos_loss: 0.00000, total_cos_loss : 0.00000, vocab_cro_loss : 1.44722, 
epoch  47 summary: dyn_dyn_cos_loss: 0.00000, dyn_sta_cos_loss: 0.00000, total_cos_loss : 0.00000, vocab_cro_loss : 1.43874, 
epoch  48 summary: dyn_dyn_cos_loss: 0.00286, dyn_sta_cos_loss: 0.00190, total_cos_loss : 0.00238, vocab_cro_loss : 1.42576, 
epoch  49 summary: dyn_dyn_cos_loss: 0.00000, dyn_sta_cos_loss: 0.00000, total_cos_loss : 0.00000, vocab_cro_loss : 1.40104, 
epoch  50 summary: dyn_dyn_cos_loss: 0.00000, dyn_sta_cos_loss: 0.00000, total_cos_loss : 0.00000, vocab_cro_loss : 1.39075, 
train loss: 1.3800, train acc: 0.6011
epoch  51 summary: dyn_dyn_cos_loss: 0.00000, dyn_sta_cos_loss: 0.00000, total_cos_loss : 0.00000, vocab_cro_loss : 1.38002, 
epoch  52 summary: dyn_dyn_cos_loss: 0.00246, dyn_sta_cos_loss: 0.00181, total_cos_loss : 0.00213, vocab_cro_loss : 1.37507, 
epoch  53 summary: dyn_dyn_cos_loss: 0.00000, dyn_sta_cos_loss: 0.00000, total_cos_loss : 0.00000, vocab_cro_loss : 1.36926, 
epoch  54 summary: dyn_dyn_cos_loss: 0.00000, dyn_sta_cos_loss: 0.00000, total_cos_loss : 0.00000, vocab_cro_loss : 1.36217, 
epoch  55 summary: dyn_dyn_cos_loss: 0.00000, dyn_sta_cos_loss: 0.00000, total_cos_loss : 0.00000, vocab_cro_loss : 1.35576, 
epoch  56 summary: dyn_dyn_cos_loss: 0.00216, dyn_sta_cos_loss: 0.00175, total_cos_loss : 0.00196, vocab_cro_loss : 1.34868, 
epoch  57 summary: dyn_dyn_cos_loss: 0.00000, dyn_sta_cos_loss: 0.00000, total_cos_loss : 0.00000, vocab_cro_loss : 1.34113, 
epoch  58 summary: dyn_dyn_cos_loss: 0.00000, dyn_sta_cos_loss: 0.00000, total_cos_loss : 0.00000, vocab_cro_loss : 1.33611, 
epoch  59 summary: dyn_dyn_cos_loss: 0.00000, dyn_sta_cos_loss: 0.00000, total_cos_loss : 0.00000, vocab_cro_loss : 1.32889, 
epoch  60 summary: dyn_dyn_cos_loss: 0.00199, dyn_sta_cos_loss: 0.00170, total_cos_loss : 0.00185, vocab_cro_loss : 1.32446, 
train loss: 1.3212, train acc: 0.5972
epoch  61 summary: dyn_dyn_cos_loss: 0.00000, dyn_sta_cos_loss: 0.00000, total_cos_loss : 0.00000, vocab_cro_loss : 1.32121, 
epoch  62 summary: dyn_dyn_cos_loss: 0.00000, dyn_sta_cos_loss: 0.00000, total_cos_loss : 0.00000, vocab_cro_loss : 1.31389, 
epoch  63 summary: dyn_dyn_cos_loss: 0.00000, dyn_sta_cos_loss: 0.00000, total_cos_loss : 0.00000, vocab_cro_loss : 1.30872, 
epoch  64 summary: dyn_dyn_cos_loss: 0.00179, dyn_sta_cos_loss: 0.00161, total_cos_loss : 0.00170, vocab_cro_loss : 1.30335, 
epoch  65 summary: dyn_dyn_cos_loss: 0.00000, dyn_sta_cos_loss: 0.00000, total_cos_loss : 0.00000, vocab_cro_loss : 1.31558, 
epoch  66 summary: dyn_dyn_cos_loss: 0.00000, dyn_sta_cos_loss: 0.00000, total_cos_loss : 0.00000, vocab_cro_loss : 1.30914, 
epoch  67 summary: dyn_dyn_cos_loss: 0.00000, dyn_sta_cos_loss: 0.00000, total_cos_loss : 0.00000, vocab_cro_loss : 1.30535, 
epoch  68 summary: dyn_dyn_cos_loss: 0.00166, dyn_sta_cos_loss: 0.00163, total_cos_loss : 0.00164, vocab_cro_loss : 1.29880, 
epoch  69 summary: dyn_dyn_cos_loss: 0.00000, dyn_sta_cos_loss: 0.00000, total_cos_loss : 0.00000, vocab_cro_loss : 1.30887, 
epoch  70 summary: dyn_dyn_cos_loss: 0.00000, dyn_sta_cos_loss: 0.00000, total_cos_loss : 0.00000, vocab_cro_loss : 1.29961, 
train loss: 1.2935, train acc: 0.6162
epoch  71 summary: dyn_dyn_cos_loss: 0.00000, dyn_sta_cos_loss: 0.00000, total_cos_loss : 0.00000, vocab_cro_loss : 1.29352, 
epoch  72 summary: dyn_dyn_cos_loss: 0.00157, dyn_sta_cos_loss: 0.00160, total_cos_loss : 0.00158, vocab_cro_loss : 1.28800, 
epoch  73 summary: dyn_dyn_cos_loss: 0.00000, dyn_sta_cos_loss: 0.00000, total_cos_loss : 0.00000, vocab_cro_loss : 1.28867, 
epoch  74 summary: dyn_dyn_cos_loss: 0.00000, dyn_sta_cos_loss: 0.00000, total_cos_loss : 0.00000, vocab_cro_loss : 1.28581, 
epoch  75 summary: dyn_dyn_cos_loss: 0.00000, dyn_sta_cos_loss: 0.00000, total_cos_loss : 0.00000, vocab_cro_loss : 1.27810, 
epoch  76 summary: dyn_dyn_cos_loss: 0.00157, dyn_sta_cos_loss: 0.00160, total_cos_loss : 0.00159, vocab_cro_loss : 1.27514, 
epoch  77 summary: dyn_dyn_cos_loss: 0.00000, dyn_sta_cos_loss: 0.00000, total_cos_loss : 0.00000, vocab_cro_loss : 1.29323, 
epoch  78 summary: dyn_dyn_cos_loss: 0.00000, dyn_sta_cos_loss: 0.00000, total_cos_loss : 0.00000, vocab_cro_loss : 1.28494, 
epoch  79 summary: dyn_dyn_cos_loss: 0.00000, dyn_sta_cos_loss: 0.00000, total_cos_loss : 0.00000, vocab_cro_loss : 1.28277, 
epoch  80 summary: dyn_dyn_cos_loss: 0.00147, dyn_sta_cos_loss: 0.00157, total_cos_loss : 0.00152, vocab_cro_loss : 1.27982, 
train loss: 1.2900, train acc: 0.6147
epoch  81 summary: dyn_dyn_cos_loss: 0.00000, dyn_sta_cos_loss: 0.00000, total_cos_loss : 0.00000, vocab_cro_loss : 1.28997, 
epoch  82 summary: dyn_dyn_cos_loss: 0.00000, dyn_sta_cos_loss: 0.00000, total_cos_loss : 0.00000, vocab_cro_loss : 1.28264, 
epoch  83 summary: dyn_dyn_cos_loss: 0.00000, dyn_sta_cos_loss: 0.00000, total_cos_loss : 0.00000, vocab_cro_loss : 1.27739, 
epoch  84 summary: dyn_dyn_cos_loss: 0.00140, dyn_sta_cos_loss: 0.00158, total_cos_loss : 0.00149, vocab_cro_loss : 1.27177, 
epoch  85 summary: dyn_dyn_cos_loss: 0.00000, dyn_sta_cos_loss: 0.00000, total_cos_loss : 0.00000, vocab_cro_loss : 1.28390, 
epoch  86 summary: dyn_dyn_cos_loss: 0.00000, dyn_sta_cos_loss: 0.00000, total_cos_loss : 0.00000, vocab_cro_loss : 1.28104, 
epoch  87 summary: dyn_dyn_cos_loss: 0.00000, dyn_sta_cos_loss: 0.00000, total_cos_loss : 0.00000, vocab_cro_loss : 1.27481, 
epoch  88 summary: dyn_dyn_cos_loss: 0.00134, dyn_sta_cos_loss: 0.00153, total_cos_loss : 0.00143, vocab_cro_loss : 1.27051, 
epoch  89 summary: dyn_dyn_cos_loss: 0.00000, dyn_sta_cos_loss: 0.00000, total_cos_loss : 0.00000, vocab_cro_loss : 1.27386, 
epoch  90 summary: dyn_dyn_cos_loss: 0.00000, dyn_sta_cos_loss: 0.00000, total_cos_loss : 0.00000, vocab_cro_loss : 1.26807, 
train loss: 1.2660, train acc: 0.6284
epoch  91 summary: dyn_dyn_cos_loss: 0.00000, dyn_sta_cos_loss: 0.00000, total_cos_loss : 0.00000, vocab_cro_loss : 1.26596, 
epoch  92 summary: dyn_dyn_cos_loss: 0.00136, dyn_sta_cos_loss: 0.00149, total_cos_loss : 0.00142, vocab_cro_loss : 1.26186, 
epoch  93 summary: dyn_dyn_cos_loss: 0.00000, dyn_sta_cos_loss: 0.00000, total_cos_loss : 0.00000, vocab_cro_loss : 1.27442, 
epoch  94 summary: dyn_dyn_cos_loss: 0.00000, dyn_sta_cos_loss: 0.00000, total_cos_loss : 0.00000, vocab_cro_loss : 1.26591, 
epoch  95 summary: dyn_dyn_cos_loss: 0.00000, dyn_sta_cos_loss: 0.00000, total_cos_loss : 0.00000, vocab_cro_loss : 1.26067, 
epoch  96 summary: dyn_dyn_cos_loss: 0.00130, dyn_sta_cos_loss: 0.00148, total_cos_loss : 0.00139, vocab_cro_loss : 1.25744, 
epoch  97 summary: dyn_dyn_cos_loss: 0.00000, dyn_sta_cos_loss: 0.00000, total_cos_loss : 0.00000, vocab_cro_loss : 1.27182, 
epoch  98 summary: dyn_dyn_cos_loss: 0.00000, dyn_sta_cos_loss: 0.00000, total_cos_loss : 0.00000, vocab_cro_loss : 1.26397, 
epoch  99 summary: dyn_dyn_cos_loss: 0.00000, dyn_sta_cos_loss: 0.00000, total_cos_loss : 0.00000, vocab_cro_loss : 1.25936, 
epoch 100 summary: dyn_dyn_cos_loss: 0.00125, dyn_sta_cos_loss: 0.00145, total_cos_loss : 0.00135, vocab_cro_loss : 1.25536, 
train loss: 1.2628, train acc: 0.6284
epoch 101 summary: dyn_dyn_cos_loss: 0.00000, dyn_sta_cos_loss: 0.00000, total_cos_loss : 0.00000, vocab_cro_loss : 1.26273, 
epoch 102 summary: dyn_dyn_cos_loss: 0.00000, dyn_sta_cos_loss: 0.00000, total_cos_loss : 0.00000, vocab_cro_loss : 1.25360, 
epoch 103 summary: dyn_dyn_cos_loss: 0.00000, dyn_sta_cos_loss: 0.00000, total_cos_loss : 0.00000, vocab_cro_loss : 1.24832, 
epoch 104 summary: dyn_dyn_cos_loss: 0.00121, dyn_sta_cos_loss: 0.00144, total_cos_loss : 0.00133, vocab_cro_loss : 1.24478, 
epoch 105 summary: dyn_dyn_cos_loss: 0.00000, dyn_sta_cos_loss: 0.00000, total_cos_loss : 0.00000, vocab_cro_loss : 1.25770, 
epoch 106 summary: dyn_dyn_cos_loss: 0.00000, dyn_sta_cos_loss: 0.00000, total_cos_loss : 0.00000, vocab_cro_loss : 1.25118, 
epoch 107 summary: dyn_dyn_cos_loss: 0.00000, dyn_sta_cos_loss: 0.00000, total_cos_loss : 0.00000, vocab_cro_loss : 1.24655, 
epoch 108 summary: dyn_dyn_cos_loss: 0.00127, dyn_sta_cos_loss: 0.00142, total_cos_loss : 0.00135, vocab_cro_loss : 1.24294, 
epoch 109 summary: dyn_dyn_cos_loss: 0.00000, dyn_sta_cos_loss: 0.00000, total_cos_loss : 0.00000, vocab_cro_loss : 1.25337, 
epoch 110 summary: dyn_dyn_cos_loss: 0.00000, dyn_sta_cos_loss: 0.00000, total_cos_loss : 0.00000, vocab_cro_loss : 1.24770, 
train loss: 1.2409, train acc: 0.6323
epoch 111 summary: dyn_dyn_cos_loss: 0.00000, dyn_sta_cos_loss: 0.00000, total_cos_loss : 0.00000, vocab_cro_loss : 1.24091, 
epoch 112 summary: dyn_dyn_cos_loss: 0.00123, dyn_sta_cos_loss: 0.00142, total_cos_loss : 0.00133, vocab_cro_loss : 1.23800, 
epoch 113 summary: dyn_dyn_cos_loss: 0.00000, dyn_sta_cos_loss: 0.00000, total_cos_loss : 0.00000, vocab_cro_loss : 1.26530, 
epoch 114 summary: dyn_dyn_cos_loss: 0.00000, dyn_sta_cos_loss: 0.00000, total_cos_loss : 0.00000, vocab_cro_loss : 1.25385, 
epoch 115 summary: dyn_dyn_cos_loss: 0.00000, dyn_sta_cos_loss: 0.00000, total_cos_loss : 0.00000, vocab_cro_loss : 1.24885, 
epoch 116 summary: dyn_dyn_cos_loss: 0.00120, dyn_sta_cos_loss: 0.00142, total_cos_loss : 0.00131, vocab_cro_loss : 1.24395, 
epoch 117 summary: dyn_dyn_cos_loss: 0.00000, dyn_sta_cos_loss: 0.00000, total_cos_loss : 0.00000, vocab_cro_loss : 1.25103, 
epoch 118 summary: dyn_dyn_cos_loss: 0.00000, dyn_sta_cos_loss: 0.00000, total_cos_loss : 0.00000, vocab_cro_loss : 1.24564, 
epoch 119 summary: dyn_dyn_cos_loss: 0.00000, dyn_sta_cos_loss: 0.00000, total_cos_loss : 0.00000, vocab_cro_loss : 1.24334, 
epoch 120 summary: dyn_dyn_cos_loss: 0.00123, dyn_sta_cos_loss: 0.00142, total_cos_loss : 0.00132, vocab_cro_loss : 1.24535, 
train loss: 1.2636, train acc: 0.6230
epoch 121 summary: dyn_dyn_cos_loss: 0.00000, dyn_sta_cos_loss: 0.00000, total_cos_loss : 0.00000, vocab_cro_loss : 1.26358, 
epoch 122 summary: dyn_dyn_cos_loss: 0.00000, dyn_sta_cos_loss: 0.00000, total_cos_loss : 0.00000, vocab_cro_loss : 1.25812, 
epoch 123 summary: dyn_dyn_cos_loss: 0.00000, dyn_sta_cos_loss: 0.00000, total_cos_loss : 0.00000, vocab_cro_loss : 1.25210, 
epoch 124 summary: dyn_dyn_cos_loss: 0.00118, dyn_sta_cos_loss: 0.00145, total_cos_loss : 0.00132, vocab_cro_loss : 1.24673, 
epoch 125 summary: dyn_dyn_cos_loss: 0.00000, dyn_sta_cos_loss: 0.00000, total_cos_loss : 0.00000, vocab_cro_loss : 1.25956, 
epoch 126 summary: dyn_dyn_cos_loss: 0.00000, dyn_sta_cos_loss: 0.00000, total_cos_loss : 0.00000, vocab_cro_loss : 1.29565, 
epoch 127 summary: dyn_dyn_cos_loss: 0.00000, dyn_sta_cos_loss: 0.00000, total_cos_loss : 0.00000, vocab_cro_loss : 1.29922, 
epoch 128 summary: dyn_dyn_cos_loss: 0.00115, dyn_sta_cos_loss: 0.00150, total_cos_loss : 0.00133, vocab_cro_loss : 1.29718, 
epoch 129 summary: dyn_dyn_cos_loss: 0.00000, dyn_sta_cos_loss: 0.00000, total_cos_loss : 0.00000, vocab_cro_loss : 1.28907, 
epoch 130 summary: dyn_dyn_cos_loss: 0.00000, dyn_sta_cos_loss: 0.00000, total_cos_loss : 0.00000, vocab_cro_loss : 1.28417, 
train loss: 1.2866, train acc: 0.6245
epoch 131 summary: dyn_dyn_cos_loss: 0.00000, dyn_sta_cos_loss: 0.00000, total_cos_loss : 0.00000, vocab_cro_loss : 1.28660, 
epoch 132 summary: dyn_dyn_cos_loss: 0.00113, dyn_sta_cos_loss: 0.00149, total_cos_loss : 0.00131, vocab_cro_loss : 1.27455, 
epoch 133 summary: dyn_dyn_cos_loss: 0.00000, dyn_sta_cos_loss: 0.00000, total_cos_loss : 0.00000, vocab_cro_loss : 1.25565, 
epoch 134 summary: dyn_dyn_cos_loss: 0.00000, dyn_sta_cos_loss: 0.00000, total_cos_loss : 0.00000, vocab_cro_loss : 1.25716, 
epoch 135 summary: dyn_dyn_cos_loss: 0.00000, dyn_sta_cos_loss: 0.00000, total_cos_loss : 0.00000, vocab_cro_loss : 1.25657, 
epoch 136 summary: dyn_dyn_cos_loss: 0.00118, dyn_sta_cos_loss: 0.00149, total_cos_loss : 0.00134, vocab_cro_loss : 1.25125, 
epoch 137 summary: dyn_dyn_cos_loss: 0.00000, dyn_sta_cos_loss: 0.00000, total_cos_loss : 0.00000, vocab_cro_loss : 1.26791, 
epoch 138 summary: dyn_dyn_cos_loss: 0.00000, dyn_sta_cos_loss: 0.00000, total_cos_loss : 0.00000, vocab_cro_loss : 1.26109, 
epoch 139 summary: dyn_dyn_cos_loss: 0.00000, dyn_sta_cos_loss: 0.00000, total_cos_loss : 0.00000, vocab_cro_loss : 1.26174, 
epoch 140 summary: dyn_dyn_cos_loss: 0.00115, dyn_sta_cos_loss: 0.00146, total_cos_loss : 0.00131, vocab_cro_loss : 1.26096, 
train loss: 1.2739, train acc: 0.6265
epoch 141 summary: dyn_dyn_cos_loss: 0.00000, dyn_sta_cos_loss: 0.00000, total_cos_loss : 0.00000, vocab_cro_loss : 1.27383, 
epoch 142 summary: dyn_dyn_cos_loss: 0.00000, dyn_sta_cos_loss: 0.00000, total_cos_loss : 0.00000, vocab_cro_loss : 1.26013, 
epoch 143 summary: dyn_dyn_cos_loss: 0.00000, dyn_sta_cos_loss: 0.00000, total_cos_loss : 0.00000, vocab_cro_loss : 1.25317, 
epoch 144 summary: dyn_dyn_cos_loss: 0.00113, dyn_sta_cos_loss: 0.00147, total_cos_loss : 0.00130, vocab_cro_loss : 1.24615, 
epoch 145 summary: dyn_dyn_cos_loss: 0.00000, dyn_sta_cos_loss: 0.00000, total_cos_loss : 0.00000, vocab_cro_loss : 1.25927, 
epoch 146 summary: dyn_dyn_cos_loss: 0.00000, dyn_sta_cos_loss: 0.00000, total_cos_loss : 0.00000, vocab_cro_loss : 1.25465, 
epoch 147 summary: dyn_dyn_cos_loss: 0.00000, dyn_sta_cos_loss: 0.00000, total_cos_loss : 0.00000, vocab_cro_loss : 1.25058, 
epoch 148 summary: dyn_dyn_cos_loss: 0.00111, dyn_sta_cos_loss: 0.00149, total_cos_loss : 0.00130, vocab_cro_loss : 1.24658, 
epoch 149 summary: dyn_dyn_cos_loss: 0.00000, dyn_sta_cos_loss: 0.00000, total_cos_loss : 0.00000, vocab_cro_loss : 1.24746, 
epoch 150 summary: dyn_dyn_cos_loss: 0.00000, dyn_sta_cos_loss: 0.00000, total_cos_loss : 0.00000, vocab_cro_loss : 1.24483, 
train loss: 1.2382, train acc: 0.6338
epoch 151 summary: dyn_dyn_cos_loss: 0.00000, dyn_sta_cos_loss: 0.00000, total_cos_loss : 0.00000, vocab_cro_loss : 1.23819, 
epoch 152 summary: dyn_dyn_cos_loss: 0.00116, dyn_sta_cos_loss: 0.00149, total_cos_loss : 0.00132, vocab_cro_loss : 1.23471, 
epoch 153 summary: dyn_dyn_cos_loss: 0.00000, dyn_sta_cos_loss: 0.00000, total_cos_loss : 0.00000, vocab_cro_loss : 1.25391, 
epoch 154 summary: dyn_dyn_cos_loss: 0.00000, dyn_sta_cos_loss: 0.00000, total_cos_loss : 0.00000, vocab_cro_loss : 1.24599, 
epoch 155 summary: dyn_dyn_cos_loss: 0.00000, dyn_sta_cos_loss: 0.00000, total_cos_loss : 0.00000, vocab_cro_loss : 1.23967, 
epoch 156 summary: dyn_dyn_cos_loss: 0.00113, dyn_sta_cos_loss: 0.00143, total_cos_loss : 0.00128, vocab_cro_loss : 1.23512, 
epoch 157 summary: dyn_dyn_cos_loss: 0.00000, dyn_sta_cos_loss: 0.00000, total_cos_loss : 0.00000, vocab_cro_loss : 1.24981, 
epoch 158 summary: dyn_dyn_cos_loss: 0.00000, dyn_sta_cos_loss: 0.00000, total_cos_loss : 0.00000, vocab_cro_loss : 1.24540, 
epoch 159 summary: dyn_dyn_cos_loss: 0.00000, dyn_sta_cos_loss: 0.00000, total_cos_loss : 0.00000, vocab_cro_loss : 1.24149, 
epoch 160 summary: dyn_dyn_cos_loss: 0.00111, dyn_sta_cos_loss: 0.00142, total_cos_loss : 0.00126, vocab_cro_loss : 1.23957, 
train loss: 1.2440, train acc: 0.6240
epoch 161 summary: dyn_dyn_cos_loss: 0.00000, dyn_sta_cos_loss: 0.00000, total_cos_loss : 0.00000, vocab_cro_loss : 1.24397, 
epoch 162 summary: dyn_dyn_cos_loss: 0.00000, dyn_sta_cos_loss: 0.00000, total_cos_loss : 0.00000, vocab_cro_loss : 1.23642, 
epoch 163 summary: dyn_dyn_cos_loss: 0.00000, dyn_sta_cos_loss: 0.00000, total_cos_loss : 0.00000, vocab_cro_loss : 1.23223, 
epoch 164 summary: dyn_dyn_cos_loss: 0.00109, dyn_sta_cos_loss: 0.00149, total_cos_loss : 0.00129, vocab_cro_loss : 1.22810, 
epoch 165 summary: dyn_dyn_cos_loss: 0.00000, dyn_sta_cos_loss: 0.00000, total_cos_loss : 0.00000, vocab_cro_loss : 1.24598, 
epoch 166 summary: dyn_dyn_cos_loss: 0.00000, dyn_sta_cos_loss: 0.00000, total_cos_loss : 0.00000, vocab_cro_loss : 1.23887, 
epoch 167 summary: dyn_dyn_cos_loss: 0.00000, dyn_sta_cos_loss: 0.00000, total_cos_loss : 0.00000, vocab_cro_loss : 1.23403, 
epoch 168 summary: dyn_dyn_cos_loss: 0.00114, dyn_sta_cos_loss: 0.00150, total_cos_loss : 0.00132, vocab_cro_loss : 1.23137, 
epoch 169 summary: dyn_dyn_cos_loss: 0.00000, dyn_sta_cos_loss: 0.00000, total_cos_loss : 0.00000, vocab_cro_loss : 1.23852, 
epoch 170 summary: dyn_dyn_cos_loss: 0.00000, dyn_sta_cos_loss: 0.00000, total_cos_loss : 0.00000, vocab_cro_loss : 1.23420, 
train loss: 1.2290, train acc: 0.6377
epoch 171 summary: dyn_dyn_cos_loss: 0.00000, dyn_sta_cos_loss: 0.00000, total_cos_loss : 0.00000, vocab_cro_loss : 1.22902, 
epoch 172 summary: dyn_dyn_cos_loss: 0.00112, dyn_sta_cos_loss: 0.00154, total_cos_loss : 0.00133, vocab_cro_loss : 1.22671, 
epoch 173 summary: dyn_dyn_cos_loss: 0.00000, dyn_sta_cos_loss: 0.00000, total_cos_loss : 0.00000, vocab_cro_loss : 1.24123, 
epoch 174 summary: dyn_dyn_cos_loss: 0.00000, dyn_sta_cos_loss: 0.00000, total_cos_loss : 0.00000, vocab_cro_loss : 1.23296, 
epoch 175 summary: dyn_dyn_cos_loss: 0.00000, dyn_sta_cos_loss: 0.00000, total_cos_loss : 0.00000, vocab_cro_loss : 1.22853, 
epoch 176 summary: dyn_dyn_cos_loss: 0.00111, dyn_sta_cos_loss: 0.00153, total_cos_loss : 0.00132, vocab_cro_loss : 1.22686, 
epoch 177 summary: dyn_dyn_cos_loss: 0.00000, dyn_sta_cos_loss: 0.00000, total_cos_loss : 0.00000, vocab_cro_loss : 1.23207, 
epoch 178 summary: dyn_dyn_cos_loss: 0.00000, dyn_sta_cos_loss: 0.00000, total_cos_loss : 0.00000, vocab_cro_loss : 1.22979, 
epoch 179 summary: dyn_dyn_cos_loss: 0.00000, dyn_sta_cos_loss: 0.00000, total_cos_loss : 0.00000, vocab_cro_loss : 1.22679, 
epoch 180 summary: dyn_dyn_cos_loss: 0.00114, dyn_sta_cos_loss: 0.00148, total_cos_loss : 0.00131, vocab_cro_loss : 1.22405, 
train loss: 1.2464, train acc: 0.6250
epoch 181 summary: dyn_dyn_cos_loss: 0.00000, dyn_sta_cos_loss: 0.00000, total_cos_loss : 0.00000, vocab_cro_loss : 1.24637, 
epoch 182 summary: dyn_dyn_cos_loss: 0.00000, dyn_sta_cos_loss: 0.00000, total_cos_loss : 0.00000, vocab_cro_loss : 1.23903, 
epoch 183 summary: dyn_dyn_cos_loss: 0.00000, dyn_sta_cos_loss: 0.00000, total_cos_loss : 0.00000, vocab_cro_loss : 1.23230, 
epoch 184 summary: dyn_dyn_cos_loss: 0.00112, dyn_sta_cos_loss: 0.00147, total_cos_loss : 0.00130, vocab_cro_loss : 1.23232, 
epoch 185 summary: dyn_dyn_cos_loss: 0.00000, dyn_sta_cos_loss: 0.00000, total_cos_loss : 0.00000, vocab_cro_loss : 1.23290, 
epoch 186 summary: dyn_dyn_cos_loss: 0.00000, dyn_sta_cos_loss: 0.00000, total_cos_loss : 0.00000, vocab_cro_loss : 1.23021, 
epoch 187 summary: dyn_dyn_cos_loss: 0.00000, dyn_sta_cos_loss: 0.00000, total_cos_loss : 0.00000, vocab_cro_loss : 1.24739, 
epoch 188 summary: dyn_dyn_cos_loss: 0.00110, dyn_sta_cos_loss: 0.00148, total_cos_loss : 0.00129, vocab_cro_loss : 1.24352, 
epoch 189 summary: dyn_dyn_cos_loss: 0.00000, dyn_sta_cos_loss: 0.00000, total_cos_loss : 0.00000, vocab_cro_loss : 1.23586, 
epoch 190 summary: dyn_dyn_cos_loss: 0.00000, dyn_sta_cos_loss: 0.00000, total_cos_loss : 0.00000, vocab_cro_loss : 1.23127, 
train loss: 1.2315, train acc: 0.6323
epoch 191 summary: dyn_dyn_cos_loss: 0.00000, dyn_sta_cos_loss: 0.00000, total_cos_loss : 0.00000, vocab_cro_loss : 1.23141, 
epoch 192 summary: dyn_dyn_cos_loss: 0.00108, dyn_sta_cos_loss: 0.00150, total_cos_loss : 0.00129, vocab_cro_loss : 1.22201, 
epoch 193 summary: dyn_dyn_cos_loss: 0.00000, dyn_sta_cos_loss: 0.00000, total_cos_loss : 0.00000, vocab_cro_loss : 1.23540, 
epoch 194 summary: dyn_dyn_cos_loss: 0.00000, dyn_sta_cos_loss: 0.00000, total_cos_loss : 0.00000, vocab_cro_loss : 1.23059, 
epoch 195 summary: dyn_dyn_cos_loss: 0.00000, dyn_sta_cos_loss: 0.00000, total_cos_loss : 0.00000, vocab_cro_loss : 1.22677, 
epoch 196 summary: dyn_dyn_cos_loss: 0.00114, dyn_sta_cos_loss: 0.00148, total_cos_loss : 0.00131, vocab_cro_loss : 1.23499, 
epoch 197 summary: dyn_dyn_cos_loss: 0.00000, dyn_sta_cos_loss: 0.00000, total_cos_loss : 0.00000, vocab_cro_loss : 1.25131, 
epoch 198 summary: dyn_dyn_cos_loss: 0.00000, dyn_sta_cos_loss: 0.00000, total_cos_loss : 0.00000, vocab_cro_loss : 1.23809, 
epoch 199 summary: dyn_dyn_cos_loss: 0.00000, dyn_sta_cos_loss: 0.00000, total_cos_loss : 0.00000, vocab_cro_loss : 1.24813, 
epoch 200 summary: dyn_dyn_cos_loss: 0.00112, dyn_sta_cos_loss: 0.00144, total_cos_loss : 0.00128, vocab_cro_loss : 1.24262, 
train loss: 1.2462, train acc: 0.6245
epoch 201 summary: dyn_dyn_cos_loss: 0.00000, dyn_sta_cos_loss: 0.00000, total_cos_loss : 0.00000, vocab_cro_loss : 1.24615, 
epoch 202 summary: dyn_dyn_cos_loss: 0.00000, dyn_sta_cos_loss: 0.00000, total_cos_loss : 0.00000, vocab_cro_loss : 1.24137, 
epoch 203 summary: dyn_dyn_cos_loss: 0.00000, dyn_sta_cos_loss: 0.00000, total_cos_loss : 0.00000, vocab_cro_loss : 1.24743, 
epoch 204 summary: dyn_dyn_cos_loss: 0.00110, dyn_sta_cos_loss: 0.00146, total_cos_loss : 0.00128, vocab_cro_loss : 1.24714, 
epoch 205 summary: dyn_dyn_cos_loss: 0.00000, dyn_sta_cos_loss: 0.00000, total_cos_loss : 0.00000, vocab_cro_loss : 1.24822, 
epoch 206 summary: dyn_dyn_cos_loss: 0.00000, dyn_sta_cos_loss: 0.00000, total_cos_loss : 0.00000, vocab_cro_loss : 1.24460, 
epoch 207 summary: dyn_dyn_cos_loss: 0.00000, dyn_sta_cos_loss: 0.00000, total_cos_loss : 0.00000, vocab_cro_loss : 1.25294, 
epoch 208 summary: dyn_dyn_cos_loss: 0.00108, dyn_sta_cos_loss: 0.00144, total_cos_loss : 0.00126, vocab_cro_loss : 1.25050, 
epoch 209 summary: dyn_dyn_cos_loss: 0.00000, dyn_sta_cos_loss: 0.00000, total_cos_loss : 0.00000, vocab_cro_loss : 1.25205, 
epoch 210 summary: dyn_dyn_cos_loss: 0.00000, dyn_sta_cos_loss: 0.00000, total_cos_loss : 0.00000, vocab_cro_loss : 1.24889, 
train loss: 1.2434, train acc: 0.6265
epoch 211 summary: dyn_dyn_cos_loss: 0.00000, dyn_sta_cos_loss: 0.00000, total_cos_loss : 0.00000, vocab_cro_loss : 1.24333, 
epoch 212 summary: dyn_dyn_cos_loss: 0.00112, dyn_sta_cos_loss: 0.00148, total_cos_loss : 0.00130, vocab_cro_loss : 1.23863, 
epoch 213 summary: dyn_dyn_cos_loss: 0.00000, dyn_sta_cos_loss: 0.00000, total_cos_loss : 0.00000, vocab_cro_loss : 1.24157, 
epoch 214 summary: dyn_dyn_cos_loss: 0.00000, dyn_sta_cos_loss: 0.00000, total_cos_loss : 0.00000, vocab_cro_loss : 1.23954, 
epoch 215 summary: dyn_dyn_cos_loss: 0.00000, dyn_sta_cos_loss: 0.00000, total_cos_loss : 0.00000, vocab_cro_loss : 1.23638, 
epoch 216 summary: dyn_dyn_cos_loss: 0.00110, dyn_sta_cos_loss: 0.00145, total_cos_loss : 0.00128, vocab_cro_loss : 1.24379, 
epoch 217 summary: dyn_dyn_cos_loss: 0.00000, dyn_sta_cos_loss: 0.00000, total_cos_loss : 0.00000, vocab_cro_loss : 1.24521, 
epoch 218 summary: dyn_dyn_cos_loss: 0.00000, dyn_sta_cos_loss: 0.00000, total_cos_loss : 0.00000, vocab_cro_loss : 1.24230, 
epoch 219 summary: dyn_dyn_cos_loss: 0.00000, dyn_sta_cos_loss: 0.00000, total_cos_loss : 0.00000, vocab_cro_loss : 1.25114, 
epoch 220 summary: dyn_dyn_cos_loss: 0.00108, dyn_sta_cos_loss: 0.00147, total_cos_loss : 0.00128, vocab_cro_loss : 1.24196, 
train loss: 1.2592, train acc: 0.6240
epoch 221 summary: dyn_dyn_cos_loss: 0.00000, dyn_sta_cos_loss: 0.00000, total_cos_loss : 0.00000, vocab_cro_loss : 1.25917, 
epoch 222 summary: dyn_dyn_cos_loss: 0.00000, dyn_sta_cos_loss: 0.00000, total_cos_loss : 0.00000, vocab_cro_loss : 1.24182, 
epoch 223 summary: dyn_dyn_cos_loss: 0.00000, dyn_sta_cos_loss: 0.00000, total_cos_loss : 0.00000, vocab_cro_loss : 1.23960, 
epoch 224 summary: dyn_dyn_cos_loss: 0.00107, dyn_sta_cos_loss: 0.00145, total_cos_loss : 0.00126, vocab_cro_loss : 1.23389, 
epoch 225 summary: dyn_dyn_cos_loss: 0.00000, dyn_sta_cos_loss: 0.00000, total_cos_loss : 0.00000, vocab_cro_loss : 1.23710, 
epoch 226 summary: dyn_dyn_cos_loss: 0.00000, dyn_sta_cos_loss: 0.00000, total_cos_loss : 0.00000, vocab_cro_loss : 1.23082, 
epoch 227 summary: dyn_dyn_cos_loss: 0.00000, dyn_sta_cos_loss: 0.00000, total_cos_loss : 0.00000, vocab_cro_loss : 1.22896, 
epoch 228 summary: dyn_dyn_cos_loss: 0.00114, dyn_sta_cos_loss: 0.00144, total_cos_loss : 0.00129, vocab_cro_loss : 1.22466, 
epoch 229 summary: dyn_dyn_cos_loss: 0.00000, dyn_sta_cos_loss: 0.00000, total_cos_loss : 0.00000, vocab_cro_loss : 1.23143, 
epoch 230 summary: dyn_dyn_cos_loss: 0.00000, dyn_sta_cos_loss: 0.00000, total_cos_loss : 0.00000, vocab_cro_loss : 1.22879, 
train loss: 1.2173, train acc: 0.6416
epoch 231 summary: dyn_dyn_cos_loss: 0.00000, dyn_sta_cos_loss: 0.00000, total_cos_loss : 0.00000, vocab_cro_loss : 1.21731, 
epoch 232 summary: dyn_dyn_cos_loss: 0.00112, dyn_sta_cos_loss: 0.00140, total_cos_loss : 0.00126, vocab_cro_loss : 1.21601, 
epoch 233 summary: dyn_dyn_cos_loss: 0.00000, dyn_sta_cos_loss: 0.00000, total_cos_loss : 0.00000, vocab_cro_loss : 1.22919, 
epoch 234 summary: dyn_dyn_cos_loss: 0.00000, dyn_sta_cos_loss: 0.00000, total_cos_loss : 0.00000, vocab_cro_loss : 1.22492, 
epoch 235 summary: dyn_dyn_cos_loss: 0.00000, dyn_sta_cos_loss: 0.00000, total_cos_loss : 0.00000, vocab_cro_loss : 1.22150, 
epoch 236 summary: dyn_dyn_cos_loss: 0.00110, dyn_sta_cos_loss: 0.00140, total_cos_loss : 0.00125, vocab_cro_loss : 1.21818, 
epoch 237 summary: dyn_dyn_cos_loss: 0.00000, dyn_sta_cos_loss: 0.00000, total_cos_loss : 0.00000, vocab_cro_loss : 1.23494, 
epoch 238 summary: dyn_dyn_cos_loss: 0.00000, dyn_sta_cos_loss: 0.00000, total_cos_loss : 0.00000, vocab_cro_loss : 1.22688, 
epoch 239 summary: dyn_dyn_cos_loss: 0.00000, dyn_sta_cos_loss: 0.00000, total_cos_loss : 0.00000, vocab_cro_loss : 1.22197, 
epoch 240 summary: dyn_dyn_cos_loss: 0.00113, dyn_sta_cos_loss: 0.00141, total_cos_loss : 0.00127, vocab_cro_loss : 1.21788, 
train loss: 1.2348, train acc: 0.6367
epoch 241 summary: dyn_dyn_cos_loss: 0.00000, dyn_sta_cos_loss: 0.00000, total_cos_loss : 0.00000, vocab_cro_loss : 1.23473, 
epoch 242 summary: dyn_dyn_cos_loss: 0.00000, dyn_sta_cos_loss: 0.00000, total_cos_loss : 0.00000, vocab_cro_loss : 1.22626, 
epoch 243 summary: dyn_dyn_cos_loss: 0.00000, dyn_sta_cos_loss: 0.00000, total_cos_loss : 0.00000, vocab_cro_loss : 1.22204, 
epoch 244 summary: dyn_dyn_cos_loss: 0.00110, dyn_sta_cos_loss: 0.00138, total_cos_loss : 0.00124, vocab_cro_loss : 1.21756, 
epoch 245 summary: dyn_dyn_cos_loss: 0.00000, dyn_sta_cos_loss: 0.00000, total_cos_loss : 0.00000, vocab_cro_loss : 1.23584, 
epoch 246 summary: dyn_dyn_cos_loss: 0.00000, dyn_sta_cos_loss: 0.00000, total_cos_loss : 0.00000, vocab_cro_loss : 1.23001, 
epoch 247 summary: dyn_dyn_cos_loss: 0.00000, dyn_sta_cos_loss: 0.00000, total_cos_loss : 0.00000, vocab_cro_loss : 1.22804, 
epoch 248 summary: dyn_dyn_cos_loss: 0.00108, dyn_sta_cos_loss: 0.00136, total_cos_loss : 0.00122, vocab_cro_loss : 1.22517, 
epoch 249 summary: dyn_dyn_cos_loss: 0.00000, dyn_sta_cos_loss: 0.00000, total_cos_loss : 0.00000, vocab_cro_loss : 1.23721, 
epoch 250 summary: dyn_dyn_cos_loss: 0.00000, dyn_sta_cos_loss: 0.00000, total_cos_loss : 0.00000, vocab_cro_loss : 1.23137, 
train loss: 1.2270, train acc: 0.6396
epoch 251 summary: dyn_dyn_cos_loss: 0.00000, dyn_sta_cos_loss: 0.00000, total_cos_loss : 0.00000, vocab_cro_loss : 1.22700, 
epoch 252 summary: dyn_dyn_cos_loss: 0.00107, dyn_sta_cos_loss: 0.00137, total_cos_loss : 0.00122, vocab_cro_loss : 1.22476, 
epoch 253 summary: dyn_dyn_cos_loss: 0.00000, dyn_sta_cos_loss: 0.00000, total_cos_loss : 0.00000, vocab_cro_loss : 1.23210, 
epoch 254 summary: dyn_dyn_cos_loss: 0.00000, dyn_sta_cos_loss: 0.00000, total_cos_loss : 0.00000, vocab_cro_loss : 1.22614, 
epoch 255 summary: dyn_dyn_cos_loss: 0.00000, dyn_sta_cos_loss: 0.00000, total_cos_loss : 0.00000, vocab_cro_loss : 1.22250, 
epoch 256 summary: dyn_dyn_cos_loss: 0.00112, dyn_sta_cos_loss: 0.00138, total_cos_loss : 0.00125, vocab_cro_loss : 1.21797, 
epoch 257 summary: dyn_dyn_cos_loss: 0.00000, dyn_sta_cos_loss: 0.00000, total_cos_loss : 0.00000, vocab_cro_loss : 1.21891, 
epoch 258 summary: dyn_dyn_cos_loss: 0.00000, dyn_sta_cos_loss: 0.00000, total_cos_loss : 0.00000, vocab_cro_loss : 1.21459, 
epoch 259 summary: dyn_dyn_cos_loss: 0.00000, dyn_sta_cos_loss: 0.00000, total_cos_loss : 0.00000, vocab_cro_loss : 1.21287, 
epoch 260 summary: dyn_dyn_cos_loss: 0.00110, dyn_sta_cos_loss: 0.00139, total_cos_loss : 0.00125, vocab_cro_loss : 1.21044, 
train loss: 1.2226, train acc: 0.6338
epoch 261 summary: dyn_dyn_cos_loss: 0.00000, dyn_sta_cos_loss: 0.00000, total_cos_loss : 0.00000, vocab_cro_loss : 1.22253, 
epoch 262 summary: dyn_dyn_cos_loss: 0.00000, dyn_sta_cos_loss: 0.00000, total_cos_loss : 0.00000, vocab_cro_loss : 1.21866, 
epoch 263 summary: dyn_dyn_cos_loss: 0.00000, dyn_sta_cos_loss: 0.00000, total_cos_loss : 0.00000, vocab_cro_loss : 1.21788, 
epoch 264 summary: dyn_dyn_cos_loss: 0.00109, dyn_sta_cos_loss: 0.00139, total_cos_loss : 0.00124, vocab_cro_loss : 1.21279, 
epoch 265 summary: dyn_dyn_cos_loss: 0.00000, dyn_sta_cos_loss: 0.00000, total_cos_loss : 0.00000, vocab_cro_loss : 1.22187, 
epoch 266 summary: dyn_dyn_cos_loss: 0.00000, dyn_sta_cos_loss: 0.00000, total_cos_loss : 0.00000, vocab_cro_loss : 1.22178, 
epoch 267 summary: dyn_dyn_cos_loss: 0.00000, dyn_sta_cos_loss: 0.00000, total_cos_loss : 0.00000, vocab_cro_loss : 1.22019, 
epoch 268 summary: dyn_dyn_cos_loss: 0.00108, dyn_sta_cos_loss: 0.00138, total_cos_loss : 0.00123, vocab_cro_loss : 1.21818, 
epoch 269 summary: dyn_dyn_cos_loss: 0.00000, dyn_sta_cos_loss: 0.00000, total_cos_loss : 0.00000, vocab_cro_loss : 1.22360, 
epoch 270 summary: dyn_dyn_cos_loss: 0.00000, dyn_sta_cos_loss: 0.00000, total_cos_loss : 0.00000, vocab_cro_loss : 1.21944, 
train loss: 1.2146, train acc: 0.6343
epoch 271 summary: dyn_dyn_cos_loss: 0.00000, dyn_sta_cos_loss: 0.00000, total_cos_loss : 0.00000, vocab_cro_loss : 1.21464, 
epoch 272 summary: dyn_dyn_cos_loss: 0.00112, dyn_sta_cos_loss: 0.00140, total_cos_loss : 0.00126, vocab_cro_loss : 1.21269, 
epoch 273 summary: dyn_dyn_cos_loss: 0.00000, dyn_sta_cos_loss: 0.00000, total_cos_loss : 0.00000, vocab_cro_loss : 1.23380, 
epoch 274 summary: dyn_dyn_cos_loss: 0.00000, dyn_sta_cos_loss: 0.00000, total_cos_loss : 0.00000, vocab_cro_loss : 1.22817, 
epoch 275 summary: dyn_dyn_cos_loss: 0.00000, dyn_sta_cos_loss: 0.00000, total_cos_loss : 0.00000, vocab_cro_loss : 1.22568, 
epoch 276 summary: dyn_dyn_cos_loss: 0.00110, dyn_sta_cos_loss: 0.00140, total_cos_loss : 0.00125, vocab_cro_loss : 1.22359, 
epoch 277 summary: dyn_dyn_cos_loss: 0.00000, dyn_sta_cos_loss: 0.00000, total_cos_loss : 0.00000, vocab_cro_loss : 1.22975, 
epoch 278 summary: dyn_dyn_cos_loss: 0.00000, dyn_sta_cos_loss: 0.00000, total_cos_loss : 0.00000, vocab_cro_loss : 1.22582, 
epoch 279 summary: dyn_dyn_cos_loss: 0.00000, dyn_sta_cos_loss: 0.00000, total_cos_loss : 0.00000, vocab_cro_loss : 1.22294, 
epoch 280 summary: dyn_dyn_cos_loss: 0.00109, dyn_sta_cos_loss: 0.00137, total_cos_loss : 0.00123, vocab_cro_loss : 1.22149, 
train loss: 1.2452, train acc: 0.6260
epoch 281 summary: dyn_dyn_cos_loss: 0.00000, dyn_sta_cos_loss: 0.00000, total_cos_loss : 0.00000, vocab_cro_loss : 1.24519, 
epoch 282 summary: dyn_dyn_cos_loss: 0.00000, dyn_sta_cos_loss: 0.00000, total_cos_loss : 0.00000, vocab_cro_loss : 1.24320, 
epoch 283 summary: dyn_dyn_cos_loss: 0.00000, dyn_sta_cos_loss: 0.00000, total_cos_loss : 0.00000, vocab_cro_loss : 1.23728, 
epoch 284 summary: dyn_dyn_cos_loss: 0.00108, dyn_sta_cos_loss: 0.00144, total_cos_loss : 0.00126, vocab_cro_loss : 1.23744, 
epoch 285 summary: dyn_dyn_cos_loss: 0.00000, dyn_sta_cos_loss: 0.00000, total_cos_loss : 0.00000, vocab_cro_loss : 1.24559, 
epoch 286 summary: dyn_dyn_cos_loss: 0.00000, dyn_sta_cos_loss: 0.00000, total_cos_loss : 0.00000, vocab_cro_loss : 1.23936, 
epoch 287 summary: dyn_dyn_cos_loss: 0.00000, dyn_sta_cos_loss: 0.00000, total_cos_loss : 0.00000, vocab_cro_loss : 1.23588, 
epoch 288 summary: dyn_dyn_cos_loss: 0.00113, dyn_sta_cos_loss: 0.00141, total_cos_loss : 0.00127, vocab_cro_loss : 1.23276, 
epoch 289 summary: dyn_dyn_cos_loss: 0.00000, dyn_sta_cos_loss: 0.00000, total_cos_loss : 0.00000, vocab_cro_loss : 1.24046, 
epoch 290 summary: dyn_dyn_cos_loss: 0.00000, dyn_sta_cos_loss: 0.00000, total_cos_loss : 0.00000, vocab_cro_loss : 1.23724, 
train loss: 1.2319, train acc: 0.6343
epoch 291 summary: dyn_dyn_cos_loss: 0.00000, dyn_sta_cos_loss: 0.00000, total_cos_loss : 0.00000, vocab_cro_loss : 1.23185, 
epoch 292 summary: dyn_dyn_cos_loss: 0.00112, dyn_sta_cos_loss: 0.00140, total_cos_loss : 0.00126, vocab_cro_loss : 1.22848, 
epoch 293 summary: dyn_dyn_cos_loss: 0.00000, dyn_sta_cos_loss: 0.00000, total_cos_loss : 0.00000, vocab_cro_loss : 1.22962, 
epoch 294 summary: dyn_dyn_cos_loss: 0.00000, dyn_sta_cos_loss: 0.00000, total_cos_loss : 0.00000, vocab_cro_loss : 1.22729, 
epoch 295 summary: dyn_dyn_cos_loss: 0.00000, dyn_sta_cos_loss: 0.00000, total_cos_loss : 0.00000, vocab_cro_loss : 1.22455, 
epoch 296 summary: dyn_dyn_cos_loss: 0.00110, dyn_sta_cos_loss: 0.00140, total_cos_loss : 0.00125, vocab_cro_loss : 1.22291, 
epoch 297 summary: dyn_dyn_cos_loss: 0.00000, dyn_sta_cos_loss: 0.00000, total_cos_loss : 0.00000, vocab_cro_loss : 1.23237, 
epoch 298 summary: dyn_dyn_cos_loss: 0.00000, dyn_sta_cos_loss: 0.00000, total_cos_loss : 0.00000, vocab_cro_loss : 1.22763, 
epoch 299 summary: dyn_dyn_cos_loss: 0.00000, dyn_sta_cos_loss: 0.00000, total_cos_loss : 0.00000, vocab_cro_loss : 1.22278, 
epoch 300 summary: dyn_dyn_cos_loss: 0.00114, dyn_sta_cos_loss: 0.00140, total_cos_loss : 0.00127, vocab_cro_loss : 1.21903, 
train loss: 1.2333, train acc: 0.6343
epoch 301 summary: dyn_dyn_cos_loss: 0.00000, dyn_sta_cos_loss: 0.00000, total_cos_loss : 0.00000, vocab_cro_loss : 1.23330, 
epoch 302 summary: dyn_dyn_cos_loss: 0.00000, dyn_sta_cos_loss: 0.00000, total_cos_loss : 0.00000, vocab_cro_loss : 1.22897, 
epoch 303 summary: dyn_dyn_cos_loss: 0.00000, dyn_sta_cos_loss: 0.00000, total_cos_loss : 0.00000, vocab_cro_loss : 1.22300, 
epoch 304 summary: dyn_dyn_cos_loss: 0.00111, dyn_sta_cos_loss: 0.00140, total_cos_loss : 0.00126, vocab_cro_loss : 1.22176, 
epoch 305 summary: dyn_dyn_cos_loss: 0.00000, dyn_sta_cos_loss: 0.00000, total_cos_loss : 0.00000, vocab_cro_loss : 1.24099, 
epoch 306 summary: dyn_dyn_cos_loss: 0.00000, dyn_sta_cos_loss: 0.00000, total_cos_loss : 0.00000, vocab_cro_loss : 1.23764, 
epoch 307 summary: dyn_dyn_cos_loss: 0.00000, dyn_sta_cos_loss: 0.00000, total_cos_loss : 0.00000, vocab_cro_loss : 1.23683, 
epoch 308 summary: dyn_dyn_cos_loss: 0.00109, dyn_sta_cos_loss: 0.00144, total_cos_loss : 0.00127, vocab_cro_loss : 1.23965, 
epoch 309 summary: dyn_dyn_cos_loss: 0.00000, dyn_sta_cos_loss: 0.00000, total_cos_loss : 0.00000, vocab_cro_loss : 1.25195, 
epoch 310 summary: dyn_dyn_cos_loss: 0.00000, dyn_sta_cos_loss: 0.00000, total_cos_loss : 0.00000, vocab_cro_loss : 1.24778, 
train loss: 1.2574, train acc: 0.6221
epoch 311 summary: dyn_dyn_cos_loss: 0.00000, dyn_sta_cos_loss: 0.00000, total_cos_loss : 0.00000, vocab_cro_loss : 1.25735, 
epoch 312 summary: dyn_dyn_cos_loss: 0.00108, dyn_sta_cos_loss: 0.00144, total_cos_loss : 0.00126, vocab_cro_loss : 1.25390, 
epoch 313 summary: dyn_dyn_cos_loss: 0.00000, dyn_sta_cos_loss: 0.00000, total_cos_loss : 0.00000, vocab_cro_loss : 1.25617, 
epoch 314 summary: dyn_dyn_cos_loss: 0.00000, dyn_sta_cos_loss: 0.00000, total_cos_loss : 0.00000, vocab_cro_loss : 1.25638, 
epoch 315 summary: dyn_dyn_cos_loss: 0.00000, dyn_sta_cos_loss: 0.00000, total_cos_loss : 0.00000, vocab_cro_loss : 1.24598, 
epoch 316 summary: dyn_dyn_cos_loss: 0.00113, dyn_sta_cos_loss: 0.00147, total_cos_loss : 0.00130, vocab_cro_loss : 1.24293, 
epoch 317 summary: dyn_dyn_cos_loss: 0.00000, dyn_sta_cos_loss: 0.00000, total_cos_loss : 0.00000, vocab_cro_loss : 1.25684, 
epoch 318 summary: dyn_dyn_cos_loss: 0.00000, dyn_sta_cos_loss: 0.00000, total_cos_loss : 0.00000, vocab_cro_loss : 1.24897, 
epoch 319 summary: dyn_dyn_cos_loss: 0.00000, dyn_sta_cos_loss: 0.00000, total_cos_loss : 0.00000, vocab_cro_loss : 1.27151, 
epoch 320 summary: dyn_dyn_cos_loss: 0.00110, dyn_sta_cos_loss: 0.00140, total_cos_loss : 0.00125, vocab_cro_loss : 1.24178, 
train loss: 1.2730, train acc: 0.6177
epoch 321 summary: dyn_dyn_cos_loss: 0.00000, dyn_sta_cos_loss: 0.00000, total_cos_loss : 0.00000, vocab_cro_loss : 1.27281, 
epoch 322 summary: dyn_dyn_cos_loss: 0.00000, dyn_sta_cos_loss: 0.00000, total_cos_loss : 0.00000, vocab_cro_loss : 1.25072, 
epoch 323 summary: dyn_dyn_cos_loss: 0.00000, dyn_sta_cos_loss: 0.00000, total_cos_loss : 0.00000, vocab_cro_loss : 1.24396, 
epoch 324 summary: dyn_dyn_cos_loss: 0.00108, dyn_sta_cos_loss: 0.00137, total_cos_loss : 0.00123, vocab_cro_loss : 1.23952, 
epoch 325 summary: dyn_dyn_cos_loss: 0.00000, dyn_sta_cos_loss: 0.00000, total_cos_loss : 0.00000, vocab_cro_loss : 1.24449, 
epoch 326 summary: dyn_dyn_cos_loss: 0.00000, dyn_sta_cos_loss: 0.00000, total_cos_loss : 0.00000, vocab_cro_loss : 1.23603, 
epoch 327 summary: dyn_dyn_cos_loss: 0.00000, dyn_sta_cos_loss: 0.00000, total_cos_loss : 0.00000, vocab_cro_loss : 1.23336, 
epoch 328 summary: dyn_dyn_cos_loss: 0.00107, dyn_sta_cos_loss: 0.00133, total_cos_loss : 0.00120, vocab_cro_loss : 1.23100, 
epoch 329 summary: dyn_dyn_cos_loss: 0.00000, dyn_sta_cos_loss: 0.00000, total_cos_loss : 0.00000, vocab_cro_loss : 1.23774, 
epoch 330 summary: dyn_dyn_cos_loss: 0.00000, dyn_sta_cos_loss: 0.00000, total_cos_loss : 0.00000, vocab_cro_loss : 1.23247, 
train loss: 1.2292, train acc: 0.6333
epoch 331 summary: dyn_dyn_cos_loss: 0.00000, dyn_sta_cos_loss: 0.00000, total_cos_loss : 0.00000, vocab_cro_loss : 1.22917, 
epoch 332 summary: dyn_dyn_cos_loss: 0.00111, dyn_sta_cos_loss: 0.00134, total_cos_loss : 0.00122, vocab_cro_loss : 1.22662, 
epoch 333 summary: dyn_dyn_cos_loss: 0.00000, dyn_sta_cos_loss: 0.00000, total_cos_loss : 0.00000, vocab_cro_loss : 1.23645, 
epoch 334 summary: dyn_dyn_cos_loss: 0.00000, dyn_sta_cos_loss: 0.00000, total_cos_loss : 0.00000, vocab_cro_loss : 1.23332, 
epoch 335 summary: dyn_dyn_cos_loss: 0.00000, dyn_sta_cos_loss: 0.00000, total_cos_loss : 0.00000, vocab_cro_loss : 1.23084, 
epoch 336 summary: dyn_dyn_cos_loss: 0.00109, dyn_sta_cos_loss: 0.00131, total_cos_loss : 0.00120, vocab_cro_loss : 1.22879, 
epoch 337 summary: dyn_dyn_cos_loss: 0.00000, dyn_sta_cos_loss: 0.00000, total_cos_loss : 0.00000, vocab_cro_loss : 1.23463, 
epoch 338 summary: dyn_dyn_cos_loss: 0.00000, dyn_sta_cos_loss: 0.00000, total_cos_loss : 0.00000, vocab_cro_loss : 1.22962, 
epoch 339 summary: dyn_dyn_cos_loss: 0.00000, dyn_sta_cos_loss: 0.00000, total_cos_loss : 0.00000, vocab_cro_loss : 1.22579, 
epoch 340 summary: dyn_dyn_cos_loss: 0.00107, dyn_sta_cos_loss: 0.00131, total_cos_loss : 0.00119, vocab_cro_loss : 1.22433, 
train loss: 1.2550, train acc: 0.6304
epoch 341 summary: dyn_dyn_cos_loss: 0.00000, dyn_sta_cos_loss: 0.00000, total_cos_loss : 0.00000, vocab_cro_loss : 1.25496, 
epoch 342 summary: dyn_dyn_cos_loss: 0.00000, dyn_sta_cos_loss: 0.00000, total_cos_loss : 0.00000, vocab_cro_loss : 1.24573, 
epoch 343 summary: dyn_dyn_cos_loss: 0.00000, dyn_sta_cos_loss: 0.00000, total_cos_loss : 0.00000, vocab_cro_loss : 1.23979, 
epoch 344 summary: dyn_dyn_cos_loss: 0.00105, dyn_sta_cos_loss: 0.00131, total_cos_loss : 0.00118, vocab_cro_loss : 1.23659, 
epoch 345 summary: dyn_dyn_cos_loss: 0.00000, dyn_sta_cos_loss: 0.00000, total_cos_loss : 0.00000, vocab_cro_loss : 1.24368, 
epoch 346 summary: dyn_dyn_cos_loss: 0.00000, dyn_sta_cos_loss: 0.00000, total_cos_loss : 0.00000, vocab_cro_loss : 1.24087, 
epoch 347 summary: dyn_dyn_cos_loss: 0.00000, dyn_sta_cos_loss: 0.00000, total_cos_loss : 0.00000, vocab_cro_loss : 1.23841, 
epoch 348 summary: dyn_dyn_cos_loss: 0.00111, dyn_sta_cos_loss: 0.00126, total_cos_loss : 0.00119, vocab_cro_loss : 1.24033, 
epoch 349 summary: dyn_dyn_cos_loss: 0.00000, dyn_sta_cos_loss: 0.00000, total_cos_loss : 0.00000, vocab_cro_loss : 1.25120, 
epoch 350 summary: dyn_dyn_cos_loss: 0.00000, dyn_sta_cos_loss: 0.00000, total_cos_loss : 0.00000, vocab_cro_loss : 1.25015, 
train loss: 1.2485, train acc: 0.6387
epoch 351 summary: dyn_dyn_cos_loss: 0.00000, dyn_sta_cos_loss: 0.00000, total_cos_loss : 0.00000, vocab_cro_loss : 1.24845, 
epoch 352 summary: dyn_dyn_cos_loss: 0.00108, dyn_sta_cos_loss: 0.00126, total_cos_loss : 0.00117, vocab_cro_loss : 1.24521, 
epoch 353 summary: dyn_dyn_cos_loss: 0.00000, dyn_sta_cos_loss: 0.00000, total_cos_loss : 0.00000, vocab_cro_loss : 1.24688, 
epoch 354 summary: dyn_dyn_cos_loss: 0.00000, dyn_sta_cos_loss: 0.00000, total_cos_loss : 0.00000, vocab_cro_loss : 1.23939, 
epoch 355 summary: dyn_dyn_cos_loss: 0.00000, dyn_sta_cos_loss: 0.00000, total_cos_loss : 0.00000, vocab_cro_loss : 1.23466, 
epoch 356 summary: dyn_dyn_cos_loss: 0.00106, dyn_sta_cos_loss: 0.00127, total_cos_loss : 0.00117, vocab_cro_loss : 1.23175, 
epoch 357 summary: dyn_dyn_cos_loss: 0.00000, dyn_sta_cos_loss: 0.00000, total_cos_loss : 0.00000, vocab_cro_loss : 1.24901, 
epoch 358 summary: dyn_dyn_cos_loss: 0.00000, dyn_sta_cos_loss: 0.00000, total_cos_loss : 0.00000, vocab_cro_loss : 1.24438, 
epoch 359 summary: dyn_dyn_cos_loss: 0.00000, dyn_sta_cos_loss: 0.00000, total_cos_loss : 0.00000, vocab_cro_loss : 1.24103, 
epoch 360 summary: dyn_dyn_cos_loss: 0.00111, dyn_sta_cos_loss: 0.00131, total_cos_loss : 0.00121, vocab_cro_loss : 1.23943, 
train loss: 1.2495, train acc: 0.6338
epoch 361 summary: dyn_dyn_cos_loss: 0.00000, dyn_sta_cos_loss: 0.00000, total_cos_loss : 0.00000, vocab_cro_loss : 1.24947, 
epoch 362 summary: dyn_dyn_cos_loss: 0.00000, dyn_sta_cos_loss: 0.00000, total_cos_loss : 0.00000, vocab_cro_loss : 1.24456, 
epoch 363 summary: dyn_dyn_cos_loss: 0.00000, dyn_sta_cos_loss: 0.00000, total_cos_loss : 0.00000, vocab_cro_loss : 1.24118, 
epoch 364 summary: dyn_dyn_cos_loss: 0.00109, dyn_sta_cos_loss: 0.00131, total_cos_loss : 0.00120, vocab_cro_loss : 1.23638, 
epoch 365 summary: dyn_dyn_cos_loss: 0.00000, dyn_sta_cos_loss: 0.00000, total_cos_loss : 0.00000, vocab_cro_loss : 1.24109, 
epoch 366 summary: dyn_dyn_cos_loss: 0.00000, dyn_sta_cos_loss: 0.00000, total_cos_loss : 0.00000, vocab_cro_loss : 1.23526, 
epoch 367 summary: dyn_dyn_cos_loss: 0.00000, dyn_sta_cos_loss: 0.00000, total_cos_loss : 0.00000, vocab_cro_loss : 1.23301, 
epoch 368 summary: dyn_dyn_cos_loss: 0.00107, dyn_sta_cos_loss: 0.00128, total_cos_loss : 0.00118, vocab_cro_loss : 1.23000, 
epoch 369 summary: dyn_dyn_cos_loss: 0.00000, dyn_sta_cos_loss: 0.00000, total_cos_loss : 0.00000, vocab_cro_loss : 1.23295, 
epoch 370 summary: dyn_dyn_cos_loss: 0.00000, dyn_sta_cos_loss: 0.00000, total_cos_loss : 0.00000, vocab_cro_loss : 1.22975, 
train loss: 1.2273, train acc: 0.6411
epoch 371 summary: dyn_dyn_cos_loss: 0.00000, dyn_sta_cos_loss: 0.00000, total_cos_loss : 0.00000, vocab_cro_loss : 1.22725, 
epoch 372 summary: dyn_dyn_cos_loss: 0.00105, dyn_sta_cos_loss: 0.00129, total_cos_loss : 0.00117, vocab_cro_loss : 1.22325, 
epoch 373 summary: dyn_dyn_cos_loss: 0.00000, dyn_sta_cos_loss: 0.00000, total_cos_loss : 0.00000, vocab_cro_loss : 1.22584, 
epoch 374 summary: dyn_dyn_cos_loss: 0.00000, dyn_sta_cos_loss: 0.00000, total_cos_loss : 0.00000, vocab_cro_loss : 1.22136, 
epoch 375 summary: dyn_dyn_cos_loss: 0.00000, dyn_sta_cos_loss: 0.00000, total_cos_loss : 0.00000, vocab_cro_loss : 1.21857, 
epoch 376 summary: dyn_dyn_cos_loss: 0.00111, dyn_sta_cos_loss: 0.00126, total_cos_loss : 0.00118, vocab_cro_loss : 1.21404, 
epoch 377 summary: dyn_dyn_cos_loss: 0.00000, dyn_sta_cos_loss: 0.00000, total_cos_loss : 0.00000, vocab_cro_loss : 1.24410, 
epoch 378 summary: dyn_dyn_cos_loss: 0.00000, dyn_sta_cos_loss: 0.00000, total_cos_loss : 0.00000, vocab_cro_loss : 1.23430, 
epoch 379 summary: dyn_dyn_cos_loss: 0.00000, dyn_sta_cos_loss: 0.00000, total_cos_loss : 0.00000, vocab_cro_loss : 1.23136, 
epoch 380 summary: dyn_dyn_cos_loss: 0.00108, dyn_sta_cos_loss: 0.00129, total_cos_loss : 0.00118, vocab_cro_loss : 1.22859, 
train loss: 1.2356, train acc: 0.6431
epoch 381 summary: dyn_dyn_cos_loss: 0.00000, dyn_sta_cos_loss: 0.00000, total_cos_loss : 0.00000, vocab_cro_loss : 1.23556, 
epoch 382 summary: dyn_dyn_cos_loss: 0.00000, dyn_sta_cos_loss: 0.00000, total_cos_loss : 0.00000, vocab_cro_loss : 1.23051, 
epoch 383 summary: dyn_dyn_cos_loss: 0.00000, dyn_sta_cos_loss: 0.00000, total_cos_loss : 0.00000, vocab_cro_loss : 1.22605, 
epoch 384 summary: dyn_dyn_cos_loss: 0.00106, dyn_sta_cos_loss: 0.00129, total_cos_loss : 0.00117, vocab_cro_loss : 1.22355, 
epoch 385 summary: dyn_dyn_cos_loss: 0.00000, dyn_sta_cos_loss: 0.00000, total_cos_loss : 0.00000, vocab_cro_loss : 1.25003, 
epoch 386 summary: dyn_dyn_cos_loss: 0.00000, dyn_sta_cos_loss: 0.00000, total_cos_loss : 0.00000, vocab_cro_loss : 1.24541, 
epoch 387 summary: dyn_dyn_cos_loss: 0.00000, dyn_sta_cos_loss: 0.00000, total_cos_loss : 0.00000, vocab_cro_loss : 1.24785, 
epoch 388 summary: dyn_dyn_cos_loss: 0.00104, dyn_sta_cos_loss: 0.00128, total_cos_loss : 0.00116, vocab_cro_loss : 1.24642, 
epoch 389 summary: dyn_dyn_cos_loss: 0.00000, dyn_sta_cos_loss: 0.00000, total_cos_loss : 0.00000, vocab_cro_loss : 1.25405, 
epoch 390 summary: dyn_dyn_cos_loss: 0.00000, dyn_sta_cos_loss: 0.00000, total_cos_loss : 0.00000, vocab_cro_loss : 1.26257, 
train loss: 1.2618, train acc: 0.6304
epoch 391 summary: dyn_dyn_cos_loss: 0.00000, dyn_sta_cos_loss: 0.00000, total_cos_loss : 0.00000, vocab_cro_loss : 1.26176, 
epoch 392 summary: dyn_dyn_cos_loss: 0.00109, dyn_sta_cos_loss: 0.00138, total_cos_loss : 0.00123, vocab_cro_loss : 1.25911, 
epoch 393 summary: dyn_dyn_cos_loss: 0.00000, dyn_sta_cos_loss: 0.00000, total_cos_loss : 0.00000, vocab_cro_loss : 1.26097, 
epoch 394 summary: dyn_dyn_cos_loss: 0.00000, dyn_sta_cos_loss: 0.00000, total_cos_loss : 0.00000, vocab_cro_loss : 1.25648, 
epoch 395 summary: dyn_dyn_cos_loss: 0.00000, dyn_sta_cos_loss: 0.00000, total_cos_loss : 0.00000, vocab_cro_loss : 1.24864, 
epoch 396 summary: dyn_dyn_cos_loss: 0.00107, dyn_sta_cos_loss: 0.00132, total_cos_loss : 0.00119, vocab_cro_loss : 1.24130, 
epoch 397 summary: dyn_dyn_cos_loss: 0.00000, dyn_sta_cos_loss: 0.00000, total_cos_loss : 0.00000, vocab_cro_loss : 1.24773, 
epoch 398 summary: dyn_dyn_cos_loss: 0.00000, dyn_sta_cos_loss: 0.00000, total_cos_loss : 0.00000, vocab_cro_loss : 1.24455, 
epoch 399 summary: dyn_dyn_cos_loss: 0.00000, dyn_sta_cos_loss: 0.00000, total_cos_loss : 0.00000, vocab_cro_loss : 1.24338, 
train loss: 1.2398, train acc: 0.6411
all                         236828.910ms
all_epoch                   231178.055ms
all_preparation               5650.825ms
all_preparation_2             5647.854ms
all_preparation_3                2.919ms
epoch                          469.610ms
epoch_pos_train                  3.859ms
epoch_preparation               12.970ms
epoch_train                    442.618ms
epoch_valid                      8.428ms
----------------------------------------
all                         236828.910ms
  all_epoch             97.61%
  all_preparation        2.39%
all_preparation               5650.825ms
  all_preparation_2     99.95%
  all_preparation_3      0.05%
epoch                       187843.918ms
  epoch_train           94.25%
  epoch_preparation      2.76%
  epoch_valid            1.79%
  epoch_pos_train        0.82%
epoch   0 summary: dyn_dyn_cos_loss: 0.02044, dyn_sta_cos_loss: 0.00681, total_cos_loss : 0.01363, 
valid loss: 3.7194, valid acc: 0.1035
epoch   1 summary: dyn_dyn_cos_loss: 0.01499, dyn_sta_cos_loss: 0.00523, total_cos_loss : 0.01011, 
epoch   2 summary: dyn_dyn_cos_loss: 0.01069, dyn_sta_cos_loss: 0.00412, total_cos_loss : 0.00741, 
epoch   3 summary: dyn_dyn_cos_loss: 0.00758, dyn_sta_cos_loss: 0.00328, total_cos_loss : 0.00543, 
epoch   4 summary: dyn_dyn_cos_loss: 0.00561, dyn_sta_cos_loss: 0.00272, total_cos_loss : 0.00417, 
epoch   5 summary: dyn_dyn_cos_loss: 0.00442, dyn_sta_cos_loss: 0.00238, total_cos_loss : 0.00340, 
epoch   6 summary: dyn_dyn_cos_loss: 0.00355, dyn_sta_cos_loss: 0.00212, total_cos_loss : 0.00283, 
epoch   7 summary: dyn_dyn_cos_loss: 0.00280, dyn_sta_cos_loss: 0.00190, total_cos_loss : 0.00235, 
epoch   8 summary: dyn_dyn_cos_loss: 0.00237, dyn_sta_cos_loss: 0.00176, total_cos_loss : 0.00206, 
epoch   9 summary: dyn_dyn_cos_loss: 0.00198, dyn_sta_cos_loss: 0.00165, total_cos_loss : 0.00182, 
epoch  10 summary: dyn_dyn_cos_loss: 0.00171, dyn_sta_cos_loss: 0.00156, total_cos_loss : 0.00164, 
valid loss: 1.8507, valid acc: 0.5039
epoch  11 summary: dyn_dyn_cos_loss: 0.00154, dyn_sta_cos_loss: 0.00150, total_cos_loss : 0.00152, 
epoch  12 summary: dyn_dyn_cos_loss: 0.00141, dyn_sta_cos_loss: 0.00145, total_cos_loss : 0.00143, 
epoch  13 summary: dyn_dyn_cos_loss: 0.00130, dyn_sta_cos_loss: 0.00141, total_cos_loss : 0.00136, 
epoch  14 summary: dyn_dyn_cos_loss: 0.00123, dyn_sta_cos_loss: 0.00138, total_cos_loss : 0.00130, 
epoch  15 summary: dyn_dyn_cos_loss: 0.00132, dyn_sta_cos_loss: 0.00135, total_cos_loss : 0.00134, 
epoch  16 summary: dyn_dyn_cos_loss: 0.00124, dyn_sta_cos_loss: 0.00134, total_cos_loss : 0.00129, 
epoch  17 summary: dyn_dyn_cos_loss: 0.00118, dyn_sta_cos_loss: 0.00132, total_cos_loss : 0.00125, 
epoch  18 summary: dyn_dyn_cos_loss: 0.00114, dyn_sta_cos_loss: 0.00131, total_cos_loss : 0.00122, 
epoch  19 summary: dyn_dyn_cos_loss: 0.00111, dyn_sta_cos_loss: 0.00130, total_cos_loss : 0.00120, 
epoch  20 summary: dyn_dyn_cos_loss: 0.00108, dyn_sta_cos_loss: 0.00129, total_cos_loss : 0.00118, 
valid loss: 1.7703, valid acc: 0.5410
epoch  21 summary: dyn_dyn_cos_loss: 0.00106, dyn_sta_cos_loss: 0.00128, total_cos_loss : 0.00117, 
epoch  22 summary: dyn_dyn_cos_loss: 0.00105, dyn_sta_cos_loss: 0.00127, total_cos_loss : 0.00116, 
epoch  23 summary: dyn_dyn_cos_loss: 0.00104, dyn_sta_cos_loss: 0.00126, total_cos_loss : 0.00115, 
epoch  24 summary: dyn_dyn_cos_loss: 0.00102, dyn_sta_cos_loss: 0.00126, total_cos_loss : 0.00114, 
epoch  25 summary: dyn_dyn_cos_loss: 0.00102, dyn_sta_cos_loss: 0.00125, total_cos_loss : 0.00114, 
epoch  26 summary: dyn_dyn_cos_loss: 0.00101, dyn_sta_cos_loss: 0.00125, total_cos_loss : 0.00113, 
epoch  27 summary: dyn_dyn_cos_loss: 0.00101, dyn_sta_cos_loss: 0.00125, total_cos_loss : 0.00113, 
epoch  28 summary: dyn_dyn_cos_loss: 0.00100, dyn_sta_cos_loss: 0.00125, total_cos_loss : 0.00112, 
epoch  29 summary: dyn_dyn_cos_loss: 0.00099, dyn_sta_cos_loss: 0.00124, total_cos_loss : 0.00112, 
epoch  30 summary: dyn_dyn_cos_loss: 0.00111, dyn_sta_cos_loss: 0.00124, total_cos_loss : 0.00118, 
valid loss: 1.7452, valid acc: 0.5293
epoch  31 summary: dyn_dyn_cos_loss: 0.00108, dyn_sta_cos_loss: 0.00124, total_cos_loss : 0.00116, 
epoch  32 summary: dyn_dyn_cos_loss: 0.00106, dyn_sta_cos_loss: 0.00124, total_cos_loss : 0.00115, 
epoch  33 summary: dyn_dyn_cos_loss: 0.00105, dyn_sta_cos_loss: 0.00124, total_cos_loss : 0.00114, 
epoch  34 summary: dyn_dyn_cos_loss: 0.00103, dyn_sta_cos_loss: 0.00124, total_cos_loss : 0.00113, 
epoch  35 summary: dyn_dyn_cos_loss: 0.00102, dyn_sta_cos_loss: 0.00123, total_cos_loss : 0.00113, 
epoch  36 summary: dyn_dyn_cos_loss: 0.00101, dyn_sta_cos_loss: 0.00123, total_cos_loss : 0.00112, 
epoch  37 summary: dyn_dyn_cos_loss: 0.00100, dyn_sta_cos_loss: 0.00123, total_cos_loss : 0.00112, 
epoch  38 summary: dyn_dyn_cos_loss: 0.00100, dyn_sta_cos_loss: 0.00123, total_cos_loss : 0.00111, 
epoch  39 summary: dyn_dyn_cos_loss: 0.00099, dyn_sta_cos_loss: 0.00123, total_cos_loss : 0.00111, 
epoch  40 summary: dyn_dyn_cos_loss: 0.00099, dyn_sta_cos_loss: 0.00122, total_cos_loss : 0.00111, 
valid loss: 1.7229, valid acc: 0.5332
epoch  41 summary: dyn_dyn_cos_loss: 0.00099, dyn_sta_cos_loss: 0.00122, total_cos_loss : 0.00111, 
epoch  42 summary: dyn_dyn_cos_loss: 0.00098, dyn_sta_cos_loss: 0.00122, total_cos_loss : 0.00110, 
epoch  43 summary: dyn_dyn_cos_loss: 0.00098, dyn_sta_cos_loss: 0.00122, total_cos_loss : 0.00110, 
epoch  44 summary: dyn_dyn_cos_loss: 0.00098, dyn_sta_cos_loss: 0.00122, total_cos_loss : 0.00110, 
epoch  45 summary: dyn_dyn_cos_loss: 0.00112, dyn_sta_cos_loss: 0.00122, total_cos_loss : 0.00117, 
epoch  46 summary: dyn_dyn_cos_loss: 0.00109, dyn_sta_cos_loss: 0.00122, total_cos_loss : 0.00115, 
epoch  47 summary: dyn_dyn_cos_loss: 0.00107, dyn_sta_cos_loss: 0.00122, total_cos_loss : 0.00115, 
epoch  48 summary: dyn_dyn_cos_loss: 0.00105, dyn_sta_cos_loss: 0.00122, total_cos_loss : 0.00114, 
epoch  49 summary: dyn_dyn_cos_loss: 0.00104, dyn_sta_cos_loss: 0.00122, total_cos_loss : 0.00113, 
epoch  50 summary: dyn_dyn_cos_loss: 0.00102, dyn_sta_cos_loss: 0.00122, total_cos_loss : 0.00112, 
valid loss: 1.7145, valid acc: 0.5254
epoch  51 summary: dyn_dyn_cos_loss: 0.00102, dyn_sta_cos_loss: 0.00122, total_cos_loss : 0.00112, 
epoch  52 summary: dyn_dyn_cos_loss: 0.00101, dyn_sta_cos_loss: 0.00122, total_cos_loss : 0.00111, 
epoch  53 summary: dyn_dyn_cos_loss: 0.00100, dyn_sta_cos_loss: 0.00122, total_cos_loss : 0.00111, 
epoch  54 summary: dyn_dyn_cos_loss: 0.00100, dyn_sta_cos_loss: 0.00122, total_cos_loss : 0.00111, 
epoch  55 summary: dyn_dyn_cos_loss: 0.00100, dyn_sta_cos_loss: 0.00121, total_cos_loss : 0.00111, 
epoch  56 summary: dyn_dyn_cos_loss: 0.00099, dyn_sta_cos_loss: 0.00121, total_cos_loss : 0.00110, 
epoch  57 summary: dyn_dyn_cos_loss: 0.00099, dyn_sta_cos_loss: 0.00121, total_cos_loss : 0.00110, 
epoch  58 summary: dyn_dyn_cos_loss: 0.00099, dyn_sta_cos_loss: 0.00121, total_cos_loss : 0.00110, 
epoch  59 summary: dyn_dyn_cos_loss: 0.00099, dyn_sta_cos_loss: 0.00121, total_cos_loss : 0.00110, 
epoch  60 summary: dyn_dyn_cos_loss: 0.00108, dyn_sta_cos_loss: 0.00121, total_cos_loss : 0.00115, 
valid loss: 1.6979, valid acc: 0.5430
epoch  61 summary: dyn_dyn_cos_loss: 0.00105, dyn_sta_cos_loss: 0.00121, total_cos_loss : 0.00113, 
epoch  62 summary: dyn_dyn_cos_loss: 0.00104, dyn_sta_cos_loss: 0.00122, total_cos_loss : 0.00113, 
epoch  63 summary: dyn_dyn_cos_loss: 0.00103, dyn_sta_cos_loss: 0.00122, total_cos_loss : 0.00112, 
epoch  64 summary: dyn_dyn_cos_loss: 0.00101, dyn_sta_cos_loss: 0.00122, total_cos_loss : 0.00111, 
epoch  65 summary: dyn_dyn_cos_loss: 0.00100, dyn_sta_cos_loss: 0.00121, total_cos_loss : 0.00111, 
epoch  66 summary: dyn_dyn_cos_loss: 0.00100, dyn_sta_cos_loss: 0.00121, total_cos_loss : 0.00111, 
epoch  67 summary: dyn_dyn_cos_loss: 0.00100, dyn_sta_cos_loss: 0.00121, total_cos_loss : 0.00110, 
epoch  68 summary: dyn_dyn_cos_loss: 0.00099, dyn_sta_cos_loss: 0.00121, total_cos_loss : 0.00110, 
epoch  69 summary: dyn_dyn_cos_loss: 0.00099, dyn_sta_cos_loss: 0.00121, total_cos_loss : 0.00110, 
epoch  70 summary: dyn_dyn_cos_loss: 0.00099, dyn_sta_cos_loss: 0.00121, total_cos_loss : 0.00110, 
valid loss: 1.6895, valid acc: 0.5391
epoch  71 summary: dyn_dyn_cos_loss: 0.00098, dyn_sta_cos_loss: 0.00121, total_cos_loss : 0.00110, 
epoch  72 summary: dyn_dyn_cos_loss: 0.00098, dyn_sta_cos_loss: 0.00121, total_cos_loss : 0.00109, 
epoch  73 summary: dyn_dyn_cos_loss: 0.00098, dyn_sta_cos_loss: 0.00121, total_cos_loss : 0.00109, 
epoch  74 summary: dyn_dyn_cos_loss: 0.00098, dyn_sta_cos_loss: 0.00121, total_cos_loss : 0.00109, 
epoch  75 summary: dyn_dyn_cos_loss: 0.00108, dyn_sta_cos_loss: 0.00121, total_cos_loss : 0.00114, 
epoch  76 summary: dyn_dyn_cos_loss: 0.00105, dyn_sta_cos_loss: 0.00121, total_cos_loss : 0.00113, 
epoch  77 summary: dyn_dyn_cos_loss: 0.00103, dyn_sta_cos_loss: 0.00121, total_cos_loss : 0.00112, 
epoch  78 summary: dyn_dyn_cos_loss: 0.00102, dyn_sta_cos_loss: 0.00121, total_cos_loss : 0.00111, 
epoch  79 summary: dyn_dyn_cos_loss: 0.00101, dyn_sta_cos_loss: 0.00121, total_cos_loss : 0.00111, 
epoch  80 summary: dyn_dyn_cos_loss: 0.00100, dyn_sta_cos_loss: 0.00121, total_cos_loss : 0.00110, 
valid loss: 1.7004, valid acc: 0.5273
epoch  81 summary: dyn_dyn_cos_loss: 0.00099, dyn_sta_cos_loss: 0.00121, total_cos_loss : 0.00110, 
epoch  82 summary: dyn_dyn_cos_loss: 0.00099, dyn_sta_cos_loss: 0.00121, total_cos_loss : 0.00110, 
epoch  83 summary: dyn_dyn_cos_loss: 0.00098, dyn_sta_cos_loss: 0.00121, total_cos_loss : 0.00109, 
epoch  84 summary: dyn_dyn_cos_loss: 0.00098, dyn_sta_cos_loss: 0.00121, total_cos_loss : 0.00109, 
epoch  85 summary: dyn_dyn_cos_loss: 0.00098, dyn_sta_cos_loss: 0.00121, total_cos_loss : 0.00109, 
epoch  86 summary: dyn_dyn_cos_loss: 0.00097, dyn_sta_cos_loss: 0.00120, total_cos_loss : 0.00109, 
epoch  87 summary: dyn_dyn_cos_loss: 0.00097, dyn_sta_cos_loss: 0.00120, total_cos_loss : 0.00109, 
epoch  88 summary: dyn_dyn_cos_loss: 0.00097, dyn_sta_cos_loss: 0.00120, total_cos_loss : 0.00109, 
epoch  89 summary: dyn_dyn_cos_loss: 0.00097, dyn_sta_cos_loss: 0.00120, total_cos_loss : 0.00109, 
epoch  90 summary: dyn_dyn_cos_loss: 0.00108, dyn_sta_cos_loss: 0.00120, total_cos_loss : 0.00114, 
valid loss: 1.6918, valid acc: 0.5430
epoch  91 summary: dyn_dyn_cos_loss: 0.00106, dyn_sta_cos_loss: 0.00121, total_cos_loss : 0.00113, 
epoch  92 summary: dyn_dyn_cos_loss: 0.00104, dyn_sta_cos_loss: 0.00121, total_cos_loss : 0.00112, 
epoch  93 summary: dyn_dyn_cos_loss: 0.00103, dyn_sta_cos_loss: 0.00121, total_cos_loss : 0.00112, 
epoch  94 summary: dyn_dyn_cos_loss: 0.00102, dyn_sta_cos_loss: 0.00121, total_cos_loss : 0.00111, 
epoch  95 summary: dyn_dyn_cos_loss: 0.00101, dyn_sta_cos_loss: 0.00121, total_cos_loss : 0.00111, 
epoch  96 summary: dyn_dyn_cos_loss: 0.00100, dyn_sta_cos_loss: 0.00121, total_cos_loss : 0.00111, 
epoch  97 summary: dyn_dyn_cos_loss: 0.00099, dyn_sta_cos_loss: 0.00121, total_cos_loss : 0.00110, 
epoch  98 summary: dyn_dyn_cos_loss: 0.00099, dyn_sta_cos_loss: 0.00121, total_cos_loss : 0.00110, 
epoch  99 summary: dyn_dyn_cos_loss: 0.00099, dyn_sta_cos_loss: 0.00120, total_cos_loss : 0.00110, 
epoch 100 summary: dyn_dyn_cos_loss: 0.00098, dyn_sta_cos_loss: 0.00120, total_cos_loss : 0.00109, 
valid loss: 1.6755, valid acc: 0.5430
epoch 101 summary: dyn_dyn_cos_loss: 0.00098, dyn_sta_cos_loss: 0.00120, total_cos_loss : 0.00109, 
epoch 102 summary: dyn_dyn_cos_loss: 0.00098, dyn_sta_cos_loss: 0.00120, total_cos_loss : 0.00109, 
epoch 103 summary: dyn_dyn_cos_loss: 0.00098, dyn_sta_cos_loss: 0.00120, total_cos_loss : 0.00109, 
epoch 104 summary: dyn_dyn_cos_loss: 0.00098, dyn_sta_cos_loss: 0.00120, total_cos_loss : 0.00109, 
epoch 105 summary: dyn_dyn_cos_loss: 0.00109, dyn_sta_cos_loss: 0.00120, total_cos_loss : 0.00115, 
epoch 106 summary: dyn_dyn_cos_loss: 0.00106, dyn_sta_cos_loss: 0.00120, total_cos_loss : 0.00113, 
epoch 107 summary: dyn_dyn_cos_loss: 0.00104, dyn_sta_cos_loss: 0.00121, total_cos_loss : 0.00112, 
epoch 108 summary: dyn_dyn_cos_loss: 0.00102, dyn_sta_cos_loss: 0.00121, total_cos_loss : 0.00111, 
epoch 109 summary: dyn_dyn_cos_loss: 0.00101, dyn_sta_cos_loss: 0.00121, total_cos_loss : 0.00111, 
epoch 110 summary: dyn_dyn_cos_loss: 0.00100, dyn_sta_cos_loss: 0.00120, total_cos_loss : 0.00110, 
valid loss: 1.6847, valid acc: 0.5293
epoch 111 summary: dyn_dyn_cos_loss: 0.00100, dyn_sta_cos_loss: 0.00120, total_cos_loss : 0.00110, 
epoch 112 summary: dyn_dyn_cos_loss: 0.00099, dyn_sta_cos_loss: 0.00120, total_cos_loss : 0.00110, 
epoch 113 summary: dyn_dyn_cos_loss: 0.00099, dyn_sta_cos_loss: 0.00120, total_cos_loss : 0.00110, 
epoch 114 summary: dyn_dyn_cos_loss: 0.00099, dyn_sta_cos_loss: 0.00120, total_cos_loss : 0.00109, 
epoch 115 summary: dyn_dyn_cos_loss: 0.00098, dyn_sta_cos_loss: 0.00120, total_cos_loss : 0.00109, 
epoch 116 summary: dyn_dyn_cos_loss: 0.00098, dyn_sta_cos_loss: 0.00120, total_cos_loss : 0.00109, 
epoch 117 summary: dyn_dyn_cos_loss: 0.00098, dyn_sta_cos_loss: 0.00120, total_cos_loss : 0.00109, 
epoch 118 summary: dyn_dyn_cos_loss: 0.00098, dyn_sta_cos_loss: 0.00120, total_cos_loss : 0.00109, 
epoch 119 summary: dyn_dyn_cos_loss: 0.00097, dyn_sta_cos_loss: 0.00120, total_cos_loss : 0.00109, 
epoch 120 summary: dyn_dyn_cos_loss: 0.00110, dyn_sta_cos_loss: 0.00120, total_cos_loss : 0.00115, 
valid loss: 1.6937, valid acc: 0.5273
epoch 121 summary: dyn_dyn_cos_loss: 0.00107, dyn_sta_cos_loss: 0.00120, total_cos_loss : 0.00114, 
epoch 122 summary: dyn_dyn_cos_loss: 0.00105, dyn_sta_cos_loss: 0.00121, total_cos_loss : 0.00113, 
epoch 123 summary: dyn_dyn_cos_loss: 0.00104, dyn_sta_cos_loss: 0.00120, total_cos_loss : 0.00112, 
epoch 124 summary: dyn_dyn_cos_loss: 0.00102, dyn_sta_cos_loss: 0.00120, total_cos_loss : 0.00111, 
epoch 125 summary: dyn_dyn_cos_loss: 0.00101, dyn_sta_cos_loss: 0.00120, total_cos_loss : 0.00111, 
epoch 126 summary: dyn_dyn_cos_loss: 0.00101, dyn_sta_cos_loss: 0.00120, total_cos_loss : 0.00110, 
epoch 127 summary: dyn_dyn_cos_loss: 0.00100, dyn_sta_cos_loss: 0.00120, total_cos_loss : 0.00110, 
epoch 128 summary: dyn_dyn_cos_loss: 0.00100, dyn_sta_cos_loss: 0.00120, total_cos_loss : 0.00110, 
epoch 129 summary: dyn_dyn_cos_loss: 0.00100, dyn_sta_cos_loss: 0.00120, total_cos_loss : 0.00110, 
epoch 130 summary: dyn_dyn_cos_loss: 0.00099, dyn_sta_cos_loss: 0.00120, total_cos_loss : 0.00110, 
valid loss: 1.6855, valid acc: 0.5234
epoch 131 summary: dyn_dyn_cos_loss: 0.00099, dyn_sta_cos_loss: 0.00120, total_cos_loss : 0.00110, 
epoch 132 summary: dyn_dyn_cos_loss: 0.00099, dyn_sta_cos_loss: 0.00120, total_cos_loss : 0.00109, 
epoch 133 summary: dyn_dyn_cos_loss: 0.00098, dyn_sta_cos_loss: 0.00120, total_cos_loss : 0.00109, 
epoch 134 summary: dyn_dyn_cos_loss: 0.00098, dyn_sta_cos_loss: 0.00120, total_cos_loss : 0.00109, 
epoch 135 summary: dyn_dyn_cos_loss: 0.00109, dyn_sta_cos_loss: 0.00120, total_cos_loss : 0.00114, 
epoch 136 summary: dyn_dyn_cos_loss: 0.00106, dyn_sta_cos_loss: 0.00120, total_cos_loss : 0.00113, 
epoch 137 summary: dyn_dyn_cos_loss: 0.00104, dyn_sta_cos_loss: 0.00120, total_cos_loss : 0.00112, 
epoch 138 summary: dyn_dyn_cos_loss: 0.00103, dyn_sta_cos_loss: 0.00120, total_cos_loss : 0.00112, 
epoch 139 summary: dyn_dyn_cos_loss: 0.00102, dyn_sta_cos_loss: 0.00120, total_cos_loss : 0.00111, 
epoch 140 summary: dyn_dyn_cos_loss: 0.00101, dyn_sta_cos_loss: 0.00120, total_cos_loss : 0.00111, 
valid loss: 1.7138, valid acc: 0.5273
epoch 141 summary: dyn_dyn_cos_loss: 0.00100, dyn_sta_cos_loss: 0.00120, total_cos_loss : 0.00110, 
epoch 142 summary: dyn_dyn_cos_loss: 0.00100, dyn_sta_cos_loss: 0.00120, total_cos_loss : 0.00110, 
epoch 143 summary: dyn_dyn_cos_loss: 0.00100, dyn_sta_cos_loss: 0.00120, total_cos_loss : 0.00110, 
epoch 144 summary: dyn_dyn_cos_loss: 0.00099, dyn_sta_cos_loss: 0.00120, total_cos_loss : 0.00110, 
epoch 145 summary: dyn_dyn_cos_loss: 0.00099, dyn_sta_cos_loss: 0.00120, total_cos_loss : 0.00109, 
epoch 146 summary: dyn_dyn_cos_loss: 0.00099, dyn_sta_cos_loss: 0.00120, total_cos_loss : 0.00109, 
epoch 147 summary: dyn_dyn_cos_loss: 0.00099, dyn_sta_cos_loss: 0.00120, total_cos_loss : 0.00109, 
epoch 148 summary: dyn_dyn_cos_loss: 0.00099, dyn_sta_cos_loss: 0.00120, total_cos_loss : 0.00109, 
epoch 149 summary: dyn_dyn_cos_loss: 0.00098, dyn_sta_cos_loss: 0.00120, total_cos_loss : 0.00109, 
epoch 150 summary: dyn_dyn_cos_loss: 0.00112, dyn_sta_cos_loss: 0.00120, total_cos_loss : 0.00116, 
valid loss: 1.7021, valid acc: 0.5371
epoch 151 summary: dyn_dyn_cos_loss: 0.00109, dyn_sta_cos_loss: 0.00120, total_cos_loss : 0.00114, 
epoch 152 summary: dyn_dyn_cos_loss: 0.00107, dyn_sta_cos_loss: 0.00120, total_cos_loss : 0.00114, 
epoch 153 summary: dyn_dyn_cos_loss: 0.00105, dyn_sta_cos_loss: 0.00120, total_cos_loss : 0.00113, 
epoch 154 summary: dyn_dyn_cos_loss: 0.00104, dyn_sta_cos_loss: 0.00121, total_cos_loss : 0.00112, 
epoch 155 summary: dyn_dyn_cos_loss: 0.00103, dyn_sta_cos_loss: 0.00120, total_cos_loss : 0.00112, 
epoch 156 summary: dyn_dyn_cos_loss: 0.00102, dyn_sta_cos_loss: 0.00120, total_cos_loss : 0.00111, 
epoch 157 summary: dyn_dyn_cos_loss: 0.00102, dyn_sta_cos_loss: 0.00120, total_cos_loss : 0.00111, 
epoch 158 summary: dyn_dyn_cos_loss: 0.00101, dyn_sta_cos_loss: 0.00120, total_cos_loss : 0.00111, 
epoch 159 summary: dyn_dyn_cos_loss: 0.00101, dyn_sta_cos_loss: 0.00120, total_cos_loss : 0.00111, 
epoch 160 summary: dyn_dyn_cos_loss: 0.00100, dyn_sta_cos_loss: 0.00120, total_cos_loss : 0.00110, 
valid loss: 1.6739, valid acc: 0.5332
epoch 161 summary: dyn_dyn_cos_loss: 0.00100, dyn_sta_cos_loss: 0.00120, total_cos_loss : 0.00110, 
epoch 162 summary: dyn_dyn_cos_loss: 0.00100, dyn_sta_cos_loss: 0.00120, total_cos_loss : 0.00110, 
epoch 163 summary: dyn_dyn_cos_loss: 0.00100, dyn_sta_cos_loss: 0.00120, total_cos_loss : 0.00110, 
epoch 164 summary: dyn_dyn_cos_loss: 0.00099, dyn_sta_cos_loss: 0.00120, total_cos_loss : 0.00110, 
epoch 165 summary: dyn_dyn_cos_loss: 0.00110, dyn_sta_cos_loss: 0.00120, total_cos_loss : 0.00115, 
epoch 166 summary: dyn_dyn_cos_loss: 0.00107, dyn_sta_cos_loss: 0.00121, total_cos_loss : 0.00114, 
epoch 167 summary: dyn_dyn_cos_loss: 0.00105, dyn_sta_cos_loss: 0.00121, total_cos_loss : 0.00113, 
epoch 168 summary: dyn_dyn_cos_loss: 0.00104, dyn_sta_cos_loss: 0.00121, total_cos_loss : 0.00112, 
epoch 169 summary: dyn_dyn_cos_loss: 0.00103, dyn_sta_cos_loss: 0.00121, total_cos_loss : 0.00112, 
epoch 170 summary: dyn_dyn_cos_loss: 0.00102, dyn_sta_cos_loss: 0.00120, total_cos_loss : 0.00111, 
valid loss: 1.7112, valid acc: 0.5352
epoch 171 summary: dyn_dyn_cos_loss: 0.00101, dyn_sta_cos_loss: 0.00120, total_cos_loss : 0.00111, 
epoch 172 summary: dyn_dyn_cos_loss: 0.00101, dyn_sta_cos_loss: 0.00120, total_cos_loss : 0.00111, 
epoch 173 summary: dyn_dyn_cos_loss: 0.00100, dyn_sta_cos_loss: 0.00120, total_cos_loss : 0.00110, 
epoch 174 summary: dyn_dyn_cos_loss: 0.00100, dyn_sta_cos_loss: 0.00120, total_cos_loss : 0.00110, 
epoch 175 summary: dyn_dyn_cos_loss: 0.00100, dyn_sta_cos_loss: 0.00120, total_cos_loss : 0.00110, 
epoch 176 summary: dyn_dyn_cos_loss: 0.00100, dyn_sta_cos_loss: 0.00120, total_cos_loss : 0.00110, 
epoch 177 summary: dyn_dyn_cos_loss: 0.00100, dyn_sta_cos_loss: 0.00120, total_cos_loss : 0.00110, 
epoch 178 summary: dyn_dyn_cos_loss: 0.00099, dyn_sta_cos_loss: 0.00120, total_cos_loss : 0.00110, 
epoch 179 summary: dyn_dyn_cos_loss: 0.00099, dyn_sta_cos_loss: 0.00120, total_cos_loss : 0.00110, 
epoch 180 summary: dyn_dyn_cos_loss: 0.00108, dyn_sta_cos_loss: 0.00120, total_cos_loss : 0.00114, 
valid loss: 1.7071, valid acc: 0.5273
epoch 181 summary: dyn_dyn_cos_loss: 0.00106, dyn_sta_cos_loss: 0.00120, total_cos_loss : 0.00113, 
epoch 182 summary: dyn_dyn_cos_loss: 0.00104, dyn_sta_cos_loss: 0.00120, total_cos_loss : 0.00112, 
epoch 183 summary: dyn_dyn_cos_loss: 0.00103, dyn_sta_cos_loss: 0.00120, total_cos_loss : 0.00111, 
epoch 184 summary: dyn_dyn_cos_loss: 0.00101, dyn_sta_cos_loss: 0.00120, total_cos_loss : 0.00111, 
epoch 185 summary: dyn_dyn_cos_loss: 0.00101, dyn_sta_cos_loss: 0.00120, total_cos_loss : 0.00110, 
epoch 186 summary: dyn_dyn_cos_loss: 0.00100, dyn_sta_cos_loss: 0.00120, total_cos_loss : 0.00110, 
epoch 187 summary: dyn_dyn_cos_loss: 0.00100, dyn_sta_cos_loss: 0.00120, total_cos_loss : 0.00110, 
epoch 188 summary: dyn_dyn_cos_loss: 0.00099, dyn_sta_cos_loss: 0.00120, total_cos_loss : 0.00110, 
epoch 189 summary: dyn_dyn_cos_loss: 0.00099, dyn_sta_cos_loss: 0.00120, total_cos_loss : 0.00109, 
epoch 190 summary: dyn_dyn_cos_loss: 0.00099, dyn_sta_cos_loss: 0.00120, total_cos_loss : 0.00109, 
valid loss: 1.7026, valid acc: 0.5234
epoch 191 summary: dyn_dyn_cos_loss: 0.00098, dyn_sta_cos_loss: 0.00120, total_cos_loss : 0.00109, 
epoch 192 summary: dyn_dyn_cos_loss: 0.00098, dyn_sta_cos_loss: 0.00120, total_cos_loss : 0.00109, 
epoch 193 summary: dyn_dyn_cos_loss: 0.00098, dyn_sta_cos_loss: 0.00120, total_cos_loss : 0.00109, 
epoch 194 summary: dyn_dyn_cos_loss: 0.00098, dyn_sta_cos_loss: 0.00120, total_cos_loss : 0.00109, 
epoch 195 summary: dyn_dyn_cos_loss: 0.00107, dyn_sta_cos_loss: 0.00120, total_cos_loss : 0.00114, 
epoch 196 summary: dyn_dyn_cos_loss: 0.00105, dyn_sta_cos_loss: 0.00120, total_cos_loss : 0.00112, 
epoch 197 summary: dyn_dyn_cos_loss: 0.00103, dyn_sta_cos_loss: 0.00120, total_cos_loss : 0.00111, 
epoch 198 summary: dyn_dyn_cos_loss: 0.00102, dyn_sta_cos_loss: 0.00120, total_cos_loss : 0.00111, 
epoch 199 summary: dyn_dyn_cos_loss: 0.00101, dyn_sta_cos_loss: 0.00120, total_cos_loss : 0.00110, 
all                          67888.342ms
all_epoch                    67880.451ms
all_preparation                  7.847ms
all_preparation_2                5.650ms
all_preparation_3                2.179ms
epoch                          272.839ms
epoch_pos_train                  4.844ms
epoch_preparation                0.383ms
epoch_train                    262.992ms
epoch_valid                      2.661ms
----------------------------------------
all                          67888.342ms
  all_epoch             99.99%
  all_preparation        0.01%
all_preparation                  7.847ms
  all_preparation_2     72.00%
  all_preparation_3     27.77%
epoch                        54567.778ms
  epoch_train           96.39%
  epoch_pos_train        1.78%
  epoch_valid            0.98%
  epoch_preparation      0.14%
