Before CTE Training: train eu loss: 1.0543208122253418, eval eu loss: 1.492782711982727
Before CTE Training: train eu acc: 0.659027099609375, eval eu acc: 0.560546875
epoch   0 summary: dyn_dyn_cos_loss: 0.02345, dyn_sta_cos_loss: 0.00709, total_cos_loss : 0.00873, vocab_cro_loss : 4.48728, 
train loss: 3.7135, train acc: 0.2030
epoch   1 summary: dyn_dyn_cos_loss: 0.00000, dyn_sta_cos_loss: 0.00000, total_cos_loss : 0.00000, vocab_cro_loss : 3.71333, 
epoch   2 summary: dyn_dyn_cos_loss: 0.00000, dyn_sta_cos_loss: 0.00000, total_cos_loss : 0.00000, vocab_cro_loss : 3.63086, 
epoch   3 summary: dyn_dyn_cos_loss: 0.00000, dyn_sta_cos_loss: 0.00000, total_cos_loss : 0.00000, vocab_cro_loss : 3.53963, 
epoch   4 summary: dyn_dyn_cos_loss: 0.02247, dyn_sta_cos_loss: 0.00613, total_cos_loss : 0.00777, vocab_cro_loss : 3.46299, 
epoch   5 summary: dyn_dyn_cos_loss: 0.00000, dyn_sta_cos_loss: 0.00000, total_cos_loss : 0.00000, vocab_cro_loss : 2.81974, 
epoch   6 summary: dyn_dyn_cos_loss: 0.00000, dyn_sta_cos_loss: 0.00000, total_cos_loss : 0.00000, vocab_cro_loss : 2.79850, 
epoch   7 summary: dyn_dyn_cos_loss: 0.00000, dyn_sta_cos_loss: 0.00000, total_cos_loss : 0.00000, vocab_cro_loss : 2.78227, 
epoch   8 summary: dyn_dyn_cos_loss: 0.02016, dyn_sta_cos_loss: 0.00498, total_cos_loss : 0.00650, vocab_cro_loss : 2.77093, 
epoch   9 summary: dyn_dyn_cos_loss: 0.00000, dyn_sta_cos_loss: 0.00000, total_cos_loss : 0.00000, vocab_cro_loss : 2.37323, 
epoch  10 summary: dyn_dyn_cos_loss: 0.00000, dyn_sta_cos_loss: 0.00000, total_cos_loss : 0.00000, vocab_cro_loss : 2.35451, 
train loss: 2.3450, train acc: 0.4551
epoch  11 summary: dyn_dyn_cos_loss: 0.00000, dyn_sta_cos_loss: 0.00000, total_cos_loss : 0.00000, vocab_cro_loss : 2.34496, 
epoch  12 summary: dyn_dyn_cos_loss: 0.01730, dyn_sta_cos_loss: 0.00418, total_cos_loss : 0.00549, vocab_cro_loss : 2.34024, 
epoch  13 summary: dyn_dyn_cos_loss: 0.00000, dyn_sta_cos_loss: 0.00000, total_cos_loss : 0.00000, vocab_cro_loss : 2.06736, 
epoch  14 summary: dyn_dyn_cos_loss: 0.00000, dyn_sta_cos_loss: 0.00000, total_cos_loss : 0.00000, vocab_cro_loss : 2.06300, 
epoch  15 summary: dyn_dyn_cos_loss: 0.00000, dyn_sta_cos_loss: 0.00000, total_cos_loss : 0.00000, vocab_cro_loss : 2.05867, 
epoch  16 summary: dyn_dyn_cos_loss: 0.01488, dyn_sta_cos_loss: 0.00365, total_cos_loss : 0.00478, vocab_cro_loss : 2.05495, 
epoch  17 summary: dyn_dyn_cos_loss: 0.00000, dyn_sta_cos_loss: 0.00000, total_cos_loss : 0.00000, vocab_cro_loss : 1.87049, 
epoch  18 summary: dyn_dyn_cos_loss: 0.00000, dyn_sta_cos_loss: 0.00000, total_cos_loss : 0.00000, vocab_cro_loss : 1.86496, 
epoch  19 summary: dyn_dyn_cos_loss: 0.00000, dyn_sta_cos_loss: 0.00000, total_cos_loss : 0.00000, vocab_cro_loss : 1.86129, 
epoch  20 summary: dyn_dyn_cos_loss: 0.01280, dyn_sta_cos_loss: 0.00328, total_cos_loss : 0.00423, vocab_cro_loss : 1.86066, 
train loss: 1.7428, train acc: 0.5542
epoch  21 summary: dyn_dyn_cos_loss: 0.00000, dyn_sta_cos_loss: 0.00000, total_cos_loss : 0.00000, vocab_cro_loss : 1.74277, 
epoch  22 summary: dyn_dyn_cos_loss: 0.00000, dyn_sta_cos_loss: 0.00000, total_cos_loss : 0.00000, vocab_cro_loss : 1.73885, 
epoch  23 summary: dyn_dyn_cos_loss: 0.00000, dyn_sta_cos_loss: 0.00000, total_cos_loss : 0.00000, vocab_cro_loss : 1.73552, 
epoch  24 summary: dyn_dyn_cos_loss: 0.01108, dyn_sta_cos_loss: 0.00300, total_cos_loss : 0.00381, vocab_cro_loss : 1.73046, 
epoch  25 summary: dyn_dyn_cos_loss: 0.00000, dyn_sta_cos_loss: 0.00000, total_cos_loss : 0.00000, vocab_cro_loss : 1.65839, 
epoch  26 summary: dyn_dyn_cos_loss: 0.00000, dyn_sta_cos_loss: 0.00000, total_cos_loss : 0.00000, vocab_cro_loss : 1.65052, 
epoch  27 summary: dyn_dyn_cos_loss: 0.00000, dyn_sta_cos_loss: 0.00000, total_cos_loss : 0.00000, vocab_cro_loss : 1.64865, 
epoch  28 summary: dyn_dyn_cos_loss: 0.00956, dyn_sta_cos_loss: 0.00278, total_cos_loss : 0.00346, vocab_cro_loss : 1.64277, 
epoch  29 summary: dyn_dyn_cos_loss: 0.00000, dyn_sta_cos_loss: 0.00000, total_cos_loss : 0.00000, vocab_cro_loss : 1.58850, 
epoch  30 summary: dyn_dyn_cos_loss: 0.00000, dyn_sta_cos_loss: 0.00000, total_cos_loss : 0.00000, vocab_cro_loss : 1.58148, 
train loss: 1.5803, train acc: 0.5768
epoch  31 summary: dyn_dyn_cos_loss: 0.00000, dyn_sta_cos_loss: 0.00000, total_cos_loss : 0.00000, vocab_cro_loss : 1.58026, 
epoch  32 summary: dyn_dyn_cos_loss: 0.00837, dyn_sta_cos_loss: 0.00264, total_cos_loss : 0.00322, vocab_cro_loss : 1.58066, 
epoch  33 summary: dyn_dyn_cos_loss: 0.00000, dyn_sta_cos_loss: 0.00000, total_cos_loss : 0.00000, vocab_cro_loss : 1.55348, 
epoch  34 summary: dyn_dyn_cos_loss: 0.00000, dyn_sta_cos_loss: 0.00000, total_cos_loss : 0.00000, vocab_cro_loss : 1.56621, 
epoch  35 summary: dyn_dyn_cos_loss: 0.00000, dyn_sta_cos_loss: 0.00000, total_cos_loss : 0.00000, vocab_cro_loss : 1.56108, 
epoch  36 summary: dyn_dyn_cos_loss: 0.00723, dyn_sta_cos_loss: 0.00261, total_cos_loss : 0.00308, vocab_cro_loss : 1.55891, 
epoch  37 summary: dyn_dyn_cos_loss: 0.00000, dyn_sta_cos_loss: 0.00000, total_cos_loss : 0.00000, vocab_cro_loss : 1.52326, 
epoch  38 summary: dyn_dyn_cos_loss: 0.00000, dyn_sta_cos_loss: 0.00000, total_cos_loss : 0.00000, vocab_cro_loss : 1.51199, 
epoch  39 summary: dyn_dyn_cos_loss: 0.00000, dyn_sta_cos_loss: 0.00000, total_cos_loss : 0.00000, vocab_cro_loss : 1.50712, 
epoch  40 summary: dyn_dyn_cos_loss: 0.00634, dyn_sta_cos_loss: 0.00246, total_cos_loss : 0.00285, vocab_cro_loss : 1.50427, 
train loss: 1.4888, train acc: 0.5937
epoch  41 summary: dyn_dyn_cos_loss: 0.00000, dyn_sta_cos_loss: 0.00000, total_cos_loss : 0.00000, vocab_cro_loss : 1.48874, 
epoch  42 summary: dyn_dyn_cos_loss: 0.00000, dyn_sta_cos_loss: 0.00000, total_cos_loss : 0.00000, vocab_cro_loss : 1.48040, 
epoch  43 summary: dyn_dyn_cos_loss: 0.00000, dyn_sta_cos_loss: 0.00000, total_cos_loss : 0.00000, vocab_cro_loss : 1.47817, 
epoch  44 summary: dyn_dyn_cos_loss: 0.00562, dyn_sta_cos_loss: 0.00235, total_cos_loss : 0.00268, vocab_cro_loss : 1.47508, 
epoch  45 summary: dyn_dyn_cos_loss: 0.00000, dyn_sta_cos_loss: 0.00000, total_cos_loss : 0.00000, vocab_cro_loss : 1.46361, 
epoch  46 summary: dyn_dyn_cos_loss: 0.00000, dyn_sta_cos_loss: 0.00000, total_cos_loss : 0.00000, vocab_cro_loss : 1.45905, 
epoch  47 summary: dyn_dyn_cos_loss: 0.00000, dyn_sta_cos_loss: 0.00000, total_cos_loss : 0.00000, vocab_cro_loss : 1.45476, 
epoch  48 summary: dyn_dyn_cos_loss: 0.00514, dyn_sta_cos_loss: 0.00237, total_cos_loss : 0.00265, vocab_cro_loss : 1.44822, 
epoch  49 summary: dyn_dyn_cos_loss: 0.00000, dyn_sta_cos_loss: 0.00000, total_cos_loss : 0.00000, vocab_cro_loss : 1.44232, 
epoch  50 summary: dyn_dyn_cos_loss: 0.00000, dyn_sta_cos_loss: 0.00000, total_cos_loss : 0.00000, vocab_cro_loss : 1.43613, 
train loss: 1.4258, train acc: 0.5994
epoch  51 summary: dyn_dyn_cos_loss: 0.00000, dyn_sta_cos_loss: 0.00000, total_cos_loss : 0.00000, vocab_cro_loss : 1.42581, 
epoch  52 summary: dyn_dyn_cos_loss: 0.00481, dyn_sta_cos_loss: 0.00228, total_cos_loss : 0.00253, vocab_cro_loss : 1.42265, 
epoch  53 summary: dyn_dyn_cos_loss: 0.00000, dyn_sta_cos_loss: 0.00000, total_cos_loss : 0.00000, vocab_cro_loss : 1.42286, 
epoch  54 summary: dyn_dyn_cos_loss: 0.00000, dyn_sta_cos_loss: 0.00000, total_cos_loss : 0.00000, vocab_cro_loss : 1.41535, 
epoch  55 summary: dyn_dyn_cos_loss: 0.00000, dyn_sta_cos_loss: 0.00000, total_cos_loss : 0.00000, vocab_cro_loss : 1.41168, 
epoch  56 summary: dyn_dyn_cos_loss: 0.00454, dyn_sta_cos_loss: 0.00219, total_cos_loss : 0.00243, vocab_cro_loss : 1.40698, 
epoch  57 summary: dyn_dyn_cos_loss: 0.00000, dyn_sta_cos_loss: 0.00000, total_cos_loss : 0.00000, vocab_cro_loss : 1.41321, 
epoch  58 summary: dyn_dyn_cos_loss: 0.00000, dyn_sta_cos_loss: 0.00000, total_cos_loss : 0.00000, vocab_cro_loss : 1.40700, 
epoch  59 summary: dyn_dyn_cos_loss: 0.00000, dyn_sta_cos_loss: 0.00000, total_cos_loss : 0.00000, vocab_cro_loss : 1.39591, 
epoch  60 summary: dyn_dyn_cos_loss: 0.00435, dyn_sta_cos_loss: 0.00216, total_cos_loss : 0.00238, vocab_cro_loss : 1.39365, 
train loss: 1.4010, train acc: 0.6032
epoch  61 summary: dyn_dyn_cos_loss: 0.00000, dyn_sta_cos_loss: 0.00000, total_cos_loss : 0.00000, vocab_cro_loss : 1.40102, 
epoch  62 summary: dyn_dyn_cos_loss: 0.00000, dyn_sta_cos_loss: 0.00000, total_cos_loss : 0.00000, vocab_cro_loss : 1.39370, 
epoch  63 summary: dyn_dyn_cos_loss: 0.00000, dyn_sta_cos_loss: 0.00000, total_cos_loss : 0.00000, vocab_cro_loss : 1.38834, 
epoch  64 summary: dyn_dyn_cos_loss: 0.00420, dyn_sta_cos_loss: 0.00212, total_cos_loss : 0.00233, vocab_cro_loss : 1.38603, 
epoch  65 summary: dyn_dyn_cos_loss: 0.00000, dyn_sta_cos_loss: 0.00000, total_cos_loss : 0.00000, vocab_cro_loss : 1.39312, 
epoch  66 summary: dyn_dyn_cos_loss: 0.00000, dyn_sta_cos_loss: 0.00000, total_cos_loss : 0.00000, vocab_cro_loss : 1.38816, 
epoch  67 summary: dyn_dyn_cos_loss: 0.00000, dyn_sta_cos_loss: 0.00000, total_cos_loss : 0.00000, vocab_cro_loss : 1.38376, 
epoch  68 summary: dyn_dyn_cos_loss: 0.00404, dyn_sta_cos_loss: 0.00208, total_cos_loss : 0.00227, vocab_cro_loss : 1.37945, 
epoch  69 summary: dyn_dyn_cos_loss: 0.00000, dyn_sta_cos_loss: 0.00000, total_cos_loss : 0.00000, vocab_cro_loss : 1.38239, 
epoch  70 summary: dyn_dyn_cos_loss: 0.00000, dyn_sta_cos_loss: 0.00000, total_cos_loss : 0.00000, vocab_cro_loss : 1.37526, 
train loss: 1.3701, train acc: 0.6050
epoch  71 summary: dyn_dyn_cos_loss: 0.00000, dyn_sta_cos_loss: 0.00000, total_cos_loss : 0.00000, vocab_cro_loss : 1.37008, 
epoch  72 summary: dyn_dyn_cos_loss: 0.00388, dyn_sta_cos_loss: 0.00210, total_cos_loss : 0.00228, vocab_cro_loss : 1.36776, 
epoch  73 summary: dyn_dyn_cos_loss: 0.00000, dyn_sta_cos_loss: 0.00000, total_cos_loss : 0.00000, vocab_cro_loss : 1.38298, 
epoch  74 summary: dyn_dyn_cos_loss: 0.00000, dyn_sta_cos_loss: 0.00000, total_cos_loss : 0.00000, vocab_cro_loss : 1.38248, 
epoch  75 summary: dyn_dyn_cos_loss: 0.00000, dyn_sta_cos_loss: 0.00000, total_cos_loss : 0.00000, vocab_cro_loss : 1.36834, 
epoch  76 summary: dyn_dyn_cos_loss: 0.00388, dyn_sta_cos_loss: 0.00210, total_cos_loss : 0.00228, vocab_cro_loss : 1.36561, 
epoch  77 summary: dyn_dyn_cos_loss: 0.00000, dyn_sta_cos_loss: 0.00000, total_cos_loss : 0.00000, vocab_cro_loss : 1.38174, 
epoch  78 summary: dyn_dyn_cos_loss: 0.00000, dyn_sta_cos_loss: 0.00000, total_cos_loss : 0.00000, vocab_cro_loss : 1.37634, 
epoch  79 summary: dyn_dyn_cos_loss: 0.00000, dyn_sta_cos_loss: 0.00000, total_cos_loss : 0.00000, vocab_cro_loss : 1.36945, 
epoch  80 summary: dyn_dyn_cos_loss: 0.00382, dyn_sta_cos_loss: 0.00208, total_cos_loss : 0.00226, vocab_cro_loss : 1.36570, 
train loss: 1.3810, train acc: 0.6043
epoch  81 summary: dyn_dyn_cos_loss: 0.00000, dyn_sta_cos_loss: 0.00000, total_cos_loss : 0.00000, vocab_cro_loss : 1.38095, 
epoch  82 summary: dyn_dyn_cos_loss: 0.00000, dyn_sta_cos_loss: 0.00000, total_cos_loss : 0.00000, vocab_cro_loss : 1.36961, 
epoch  83 summary: dyn_dyn_cos_loss: 0.00000, dyn_sta_cos_loss: 0.00000, total_cos_loss : 0.00000, vocab_cro_loss : 1.36356, 
epoch  84 summary: dyn_dyn_cos_loss: 0.00375, dyn_sta_cos_loss: 0.00206, total_cos_loss : 0.00223, vocab_cro_loss : 1.36106, 
epoch  85 summary: dyn_dyn_cos_loss: 0.00000, dyn_sta_cos_loss: 0.00000, total_cos_loss : 0.00000, vocab_cro_loss : 1.36664, 
epoch  86 summary: dyn_dyn_cos_loss: 0.00000, dyn_sta_cos_loss: 0.00000, total_cos_loss : 0.00000, vocab_cro_loss : 1.36450, 
epoch  87 summary: dyn_dyn_cos_loss: 0.00000, dyn_sta_cos_loss: 0.00000, total_cos_loss : 0.00000, vocab_cro_loss : 1.35829, 
epoch  88 summary: dyn_dyn_cos_loss: 0.00366, dyn_sta_cos_loss: 0.00209, total_cos_loss : 0.00224, vocab_cro_loss : 1.34903, 
epoch  89 summary: dyn_dyn_cos_loss: 0.00000, dyn_sta_cos_loss: 0.00000, total_cos_loss : 0.00000, vocab_cro_loss : 1.36219, 
epoch  90 summary: dyn_dyn_cos_loss: 0.00000, dyn_sta_cos_loss: 0.00000, total_cos_loss : 0.00000, vocab_cro_loss : 1.35019, 
train loss: 1.3486, train acc: 0.6084
epoch  91 summary: dyn_dyn_cos_loss: 0.00000, dyn_sta_cos_loss: 0.00000, total_cos_loss : 0.00000, vocab_cro_loss : 1.34855, 
epoch  92 summary: dyn_dyn_cos_loss: 0.00370, dyn_sta_cos_loss: 0.00202, total_cos_loss : 0.00219, vocab_cro_loss : 1.34760, 
epoch  93 summary: dyn_dyn_cos_loss: 0.00000, dyn_sta_cos_loss: 0.00000, total_cos_loss : 0.00000, vocab_cro_loss : 1.35769, 
epoch  94 summary: dyn_dyn_cos_loss: 0.00000, dyn_sta_cos_loss: 0.00000, total_cos_loss : 0.00000, vocab_cro_loss : 1.35295, 
epoch  95 summary: dyn_dyn_cos_loss: 0.00000, dyn_sta_cos_loss: 0.00000, total_cos_loss : 0.00000, vocab_cro_loss : 1.34197, 
epoch  96 summary: dyn_dyn_cos_loss: 0.00363, dyn_sta_cos_loss: 0.00199, total_cos_loss : 0.00216, vocab_cro_loss : 1.33884, 
epoch  97 summary: dyn_dyn_cos_loss: 0.00000, dyn_sta_cos_loss: 0.00000, total_cos_loss : 0.00000, vocab_cro_loss : 1.35692, 
epoch  98 summary: dyn_dyn_cos_loss: 0.00000, dyn_sta_cos_loss: 0.00000, total_cos_loss : 0.00000, vocab_cro_loss : 1.34772, 
epoch  99 summary: dyn_dyn_cos_loss: 0.00000, dyn_sta_cos_loss: 0.00000, total_cos_loss : 0.00000, vocab_cro_loss : 1.33853, 
epoch 100 summary: dyn_dyn_cos_loss: 0.00355, dyn_sta_cos_loss: 0.00196, total_cos_loss : 0.00212, vocab_cro_loss : 1.33357, 
train loss: 1.3509, train acc: 0.6077
epoch 101 summary: dyn_dyn_cos_loss: 0.00000, dyn_sta_cos_loss: 0.00000, total_cos_loss : 0.00000, vocab_cro_loss : 1.35091, 
epoch 102 summary: dyn_dyn_cos_loss: 0.00000, dyn_sta_cos_loss: 0.00000, total_cos_loss : 0.00000, vocab_cro_loss : 1.34028, 
epoch 103 summary: dyn_dyn_cos_loss: 0.00000, dyn_sta_cos_loss: 0.00000, total_cos_loss : 0.00000, vocab_cro_loss : 1.33419, 
epoch 104 summary: dyn_dyn_cos_loss: 0.00349, dyn_sta_cos_loss: 0.00195, total_cos_loss : 0.00211, vocab_cro_loss : 1.33250, 
epoch 105 summary: dyn_dyn_cos_loss: 0.00000, dyn_sta_cos_loss: 0.00000, total_cos_loss : 0.00000, vocab_cro_loss : 1.34776, 
epoch 106 summary: dyn_dyn_cos_loss: 0.00000, dyn_sta_cos_loss: 0.00000, total_cos_loss : 0.00000, vocab_cro_loss : 1.34094, 
epoch 107 summary: dyn_dyn_cos_loss: 0.00000, dyn_sta_cos_loss: 0.00000, total_cos_loss : 0.00000, vocab_cro_loss : 1.33499, 
epoch 108 summary: dyn_dyn_cos_loss: 0.00348, dyn_sta_cos_loss: 0.00194, total_cos_loss : 0.00209, vocab_cro_loss : 1.32935, 
epoch 109 summary: dyn_dyn_cos_loss: 0.00000, dyn_sta_cos_loss: 0.00000, total_cos_loss : 0.00000, vocab_cro_loss : 1.34261, 
epoch 110 summary: dyn_dyn_cos_loss: 0.00000, dyn_sta_cos_loss: 0.00000, total_cos_loss : 0.00000, vocab_cro_loss : 1.33725, 
train loss: 1.3325, train acc: 0.6120
epoch 111 summary: dyn_dyn_cos_loss: 0.00000, dyn_sta_cos_loss: 0.00000, total_cos_loss : 0.00000, vocab_cro_loss : 1.33246, 
epoch 112 summary: dyn_dyn_cos_loss: 0.00342, dyn_sta_cos_loss: 0.00192, total_cos_loss : 0.00207, vocab_cro_loss : 1.32959, 
epoch 113 summary: dyn_dyn_cos_loss: 0.00000, dyn_sta_cos_loss: 0.00000, total_cos_loss : 0.00000, vocab_cro_loss : 1.34799, 
epoch 114 summary: dyn_dyn_cos_loss: 0.00000, dyn_sta_cos_loss: 0.00000, total_cos_loss : 0.00000, vocab_cro_loss : 1.34288, 
epoch 115 summary: dyn_dyn_cos_loss: 0.00000, dyn_sta_cos_loss: 0.00000, total_cos_loss : 0.00000, vocab_cro_loss : 1.33330, 
epoch 116 summary: dyn_dyn_cos_loss: 0.00339, dyn_sta_cos_loss: 0.00192, total_cos_loss : 0.00207, vocab_cro_loss : 1.32371, 
epoch 117 summary: dyn_dyn_cos_loss: 0.00000, dyn_sta_cos_loss: 0.00000, total_cos_loss : 0.00000, vocab_cro_loss : 1.34306, 
epoch 118 summary: dyn_dyn_cos_loss: 0.00000, dyn_sta_cos_loss: 0.00000, total_cos_loss : 0.00000, vocab_cro_loss : 1.33533, 
epoch 119 summary: dyn_dyn_cos_loss: 0.00000, dyn_sta_cos_loss: 0.00000, total_cos_loss : 0.00000, vocab_cro_loss : 1.33097, 
epoch 120 summary: dyn_dyn_cos_loss: 0.00340, dyn_sta_cos_loss: 0.00189, total_cos_loss : 0.00204, vocab_cro_loss : 1.32882, 
train loss: 1.3475, train acc: 0.6111
epoch 121 summary: dyn_dyn_cos_loss: 0.00000, dyn_sta_cos_loss: 0.00000, total_cos_loss : 0.00000, vocab_cro_loss : 1.34748, 
epoch 122 summary: dyn_dyn_cos_loss: 0.00000, dyn_sta_cos_loss: 0.00000, total_cos_loss : 0.00000, vocab_cro_loss : 1.34457, 
epoch 123 summary: dyn_dyn_cos_loss: 0.00000, dyn_sta_cos_loss: 0.00000, total_cos_loss : 0.00000, vocab_cro_loss : 1.33863, 
epoch 124 summary: dyn_dyn_cos_loss: 0.00336, dyn_sta_cos_loss: 0.00194, total_cos_loss : 0.00208, vocab_cro_loss : 1.33062, 
epoch 125 summary: dyn_dyn_cos_loss: 0.00000, dyn_sta_cos_loss: 0.00000, total_cos_loss : 0.00000, vocab_cro_loss : 1.34156, 
epoch 126 summary: dyn_dyn_cos_loss: 0.00000, dyn_sta_cos_loss: 0.00000, total_cos_loss : 0.00000, vocab_cro_loss : 1.33689, 
epoch 127 summary: dyn_dyn_cos_loss: 0.00000, dyn_sta_cos_loss: 0.00000, total_cos_loss : 0.00000, vocab_cro_loss : 1.32983, 
epoch 128 summary: dyn_dyn_cos_loss: 0.00336, dyn_sta_cos_loss: 0.00191, total_cos_loss : 0.00205, vocab_cro_loss : 1.32629, 
epoch 129 summary: dyn_dyn_cos_loss: 0.00000, dyn_sta_cos_loss: 0.00000, total_cos_loss : 0.00000, vocab_cro_loss : 1.34601, 
epoch 130 summary: dyn_dyn_cos_loss: 0.00000, dyn_sta_cos_loss: 0.00000, total_cos_loss : 0.00000, vocab_cro_loss : 1.33547, 
train loss: 1.3324, train acc: 0.6124
epoch 131 summary: dyn_dyn_cos_loss: 0.00000, dyn_sta_cos_loss: 0.00000, total_cos_loss : 0.00000, vocab_cro_loss : 1.33236, 
epoch 132 summary: dyn_dyn_cos_loss: 0.00333, dyn_sta_cos_loss: 0.00192, total_cos_loss : 0.00206, vocab_cro_loss : 1.32862, 
epoch 133 summary: dyn_dyn_cos_loss: 0.00000, dyn_sta_cos_loss: 0.00000, total_cos_loss : 0.00000, vocab_cro_loss : 1.34470, 
epoch 134 summary: dyn_dyn_cos_loss: 0.00000, dyn_sta_cos_loss: 0.00000, total_cos_loss : 0.00000, vocab_cro_loss : 1.34677, 
epoch 135 summary: dyn_dyn_cos_loss: 0.00000, dyn_sta_cos_loss: 0.00000, total_cos_loss : 0.00000, vocab_cro_loss : 1.33496, 
epoch 136 summary: dyn_dyn_cos_loss: 0.00334, dyn_sta_cos_loss: 0.00193, total_cos_loss : 0.00207, vocab_cro_loss : 1.34137, 
epoch 137 summary: dyn_dyn_cos_loss: 0.00000, dyn_sta_cos_loss: 0.00000, total_cos_loss : 0.00000, vocab_cro_loss : 1.34525, 
epoch 138 summary: dyn_dyn_cos_loss: 0.00000, dyn_sta_cos_loss: 0.00000, total_cos_loss : 0.00000, vocab_cro_loss : 1.33171, 
epoch 139 summary: dyn_dyn_cos_loss: 0.00000, dyn_sta_cos_loss: 0.00000, total_cos_loss : 0.00000, vocab_cro_loss : 1.32738, 
epoch 140 summary: dyn_dyn_cos_loss: 0.00336, dyn_sta_cos_loss: 0.00187, total_cos_loss : 0.00202, vocab_cro_loss : 1.32368, 
train loss: 1.3337, train acc: 0.6112
epoch 141 summary: dyn_dyn_cos_loss: 0.00000, dyn_sta_cos_loss: 0.00000, total_cos_loss : 0.00000, vocab_cro_loss : 1.33367, 
epoch 142 summary: dyn_dyn_cos_loss: 0.00000, dyn_sta_cos_loss: 0.00000, total_cos_loss : 0.00000, vocab_cro_loss : 1.32870, 
epoch 143 summary: dyn_dyn_cos_loss: 0.00000, dyn_sta_cos_loss: 0.00000, total_cos_loss : 0.00000, vocab_cro_loss : 1.32360, 
epoch 144 summary: dyn_dyn_cos_loss: 0.00332, dyn_sta_cos_loss: 0.00190, total_cos_loss : 0.00204, vocab_cro_loss : 1.32099, 
epoch 145 summary: dyn_dyn_cos_loss: 0.00000, dyn_sta_cos_loss: 0.00000, total_cos_loss : 0.00000, vocab_cro_loss : 1.33762, 
epoch 146 summary: dyn_dyn_cos_loss: 0.00000, dyn_sta_cos_loss: 0.00000, total_cos_loss : 0.00000, vocab_cro_loss : 1.33009, 
epoch 147 summary: dyn_dyn_cos_loss: 0.00000, dyn_sta_cos_loss: 0.00000, total_cos_loss : 0.00000, vocab_cro_loss : 1.32770, 
epoch 148 summary: dyn_dyn_cos_loss: 0.00331, dyn_sta_cos_loss: 0.00188, total_cos_loss : 0.00202, vocab_cro_loss : 1.32862, 
epoch 149 summary: dyn_dyn_cos_loss: 0.00000, dyn_sta_cos_loss: 0.00000, total_cos_loss : 0.00000, vocab_cro_loss : 1.34760, 
epoch 150 summary: dyn_dyn_cos_loss: 0.00000, dyn_sta_cos_loss: 0.00000, total_cos_loss : 0.00000, vocab_cro_loss : 1.33654, 
train loss: 1.3277, train acc: 0.6108
epoch 151 summary: dyn_dyn_cos_loss: 0.00000, dyn_sta_cos_loss: 0.00000, total_cos_loss : 0.00000, vocab_cro_loss : 1.32771, 
epoch 152 summary: dyn_dyn_cos_loss: 0.00332, dyn_sta_cos_loss: 0.00188, total_cos_loss : 0.00203, vocab_cro_loss : 1.32573, 
epoch 153 summary: dyn_dyn_cos_loss: 0.00000, dyn_sta_cos_loss: 0.00000, total_cos_loss : 0.00000, vocab_cro_loss : 1.33924, 
epoch 154 summary: dyn_dyn_cos_loss: 0.00000, dyn_sta_cos_loss: 0.00000, total_cos_loss : 0.00000, vocab_cro_loss : 1.33615, 
epoch 155 summary: dyn_dyn_cos_loss: 0.00000, dyn_sta_cos_loss: 0.00000, total_cos_loss : 0.00000, vocab_cro_loss : 1.33229, 
epoch 156 summary: dyn_dyn_cos_loss: 0.00331, dyn_sta_cos_loss: 0.00184, total_cos_loss : 0.00199, vocab_cro_loss : 1.32693, 
epoch 157 summary: dyn_dyn_cos_loss: 0.00000, dyn_sta_cos_loss: 0.00000, total_cos_loss : 0.00000, vocab_cro_loss : 1.34531, 
epoch 158 summary: dyn_dyn_cos_loss: 0.00000, dyn_sta_cos_loss: 0.00000, total_cos_loss : 0.00000, vocab_cro_loss : 1.34191, 
epoch 159 summary: dyn_dyn_cos_loss: 0.00000, dyn_sta_cos_loss: 0.00000, total_cos_loss : 0.00000, vocab_cro_loss : 1.34177, 
epoch 160 summary: dyn_dyn_cos_loss: 0.00334, dyn_sta_cos_loss: 0.00183, total_cos_loss : 0.00198, vocab_cro_loss : 1.33783, 
train loss: 1.3408, train acc: 0.6105
epoch 161 summary: dyn_dyn_cos_loss: 0.00000, dyn_sta_cos_loss: 0.00000, total_cos_loss : 0.00000, vocab_cro_loss : 1.34074, 
epoch 162 summary: dyn_dyn_cos_loss: 0.00000, dyn_sta_cos_loss: 0.00000, total_cos_loss : 0.00000, vocab_cro_loss : 1.33518, 
epoch 163 summary: dyn_dyn_cos_loss: 0.00000, dyn_sta_cos_loss: 0.00000, total_cos_loss : 0.00000, vocab_cro_loss : 1.33269, 
epoch 164 summary: dyn_dyn_cos_loss: 0.00336, dyn_sta_cos_loss: 0.00182, total_cos_loss : 0.00198, vocab_cro_loss : 1.33420, 
epoch 165 summary: dyn_dyn_cos_loss: 0.00000, dyn_sta_cos_loss: 0.00000, total_cos_loss : 0.00000, vocab_cro_loss : 1.34344, 
epoch 166 summary: dyn_dyn_cos_loss: 0.00000, dyn_sta_cos_loss: 0.00000, total_cos_loss : 0.00000, vocab_cro_loss : 1.33606, 
epoch 167 summary: dyn_dyn_cos_loss: 0.00000, dyn_sta_cos_loss: 0.00000, total_cos_loss : 0.00000, vocab_cro_loss : 1.32760, 
epoch 168 summary: dyn_dyn_cos_loss: 0.00336, dyn_sta_cos_loss: 0.00185, total_cos_loss : 0.00200, vocab_cro_loss : 1.32298, 
epoch 169 summary: dyn_dyn_cos_loss: 0.00000, dyn_sta_cos_loss: 0.00000, total_cos_loss : 0.00000, vocab_cro_loss : 1.33000, 
epoch 170 summary: dyn_dyn_cos_loss: 0.00000, dyn_sta_cos_loss: 0.00000, total_cos_loss : 0.00000, vocab_cro_loss : 1.32454, 
train loss: 1.3203, train acc: 0.6161
epoch 171 summary: dyn_dyn_cos_loss: 0.00000, dyn_sta_cos_loss: 0.00000, total_cos_loss : 0.00000, vocab_cro_loss : 1.32027, 
epoch 172 summary: dyn_dyn_cos_loss: 0.00337, dyn_sta_cos_loss: 0.00183, total_cos_loss : 0.00198, vocab_cro_loss : 1.31965, 
epoch 173 summary: dyn_dyn_cos_loss: 0.00000, dyn_sta_cos_loss: 0.00000, total_cos_loss : 0.00000, vocab_cro_loss : 1.32951, 
epoch 174 summary: dyn_dyn_cos_loss: 0.00000, dyn_sta_cos_loss: 0.00000, total_cos_loss : 0.00000, vocab_cro_loss : 1.32125, 
epoch 175 summary: dyn_dyn_cos_loss: 0.00000, dyn_sta_cos_loss: 0.00000, total_cos_loss : 0.00000, vocab_cro_loss : 1.31688, 
epoch 176 summary: dyn_dyn_cos_loss: 0.00335, dyn_sta_cos_loss: 0.00184, total_cos_loss : 0.00199, vocab_cro_loss : 1.31405, 
epoch 177 summary: dyn_dyn_cos_loss: 0.00000, dyn_sta_cos_loss: 0.00000, total_cos_loss : 0.00000, vocab_cro_loss : 1.32852, 
epoch 178 summary: dyn_dyn_cos_loss: 0.00000, dyn_sta_cos_loss: 0.00000, total_cos_loss : 0.00000, vocab_cro_loss : 1.32441, 
epoch 179 summary: dyn_dyn_cos_loss: 0.00000, dyn_sta_cos_loss: 0.00000, total_cos_loss : 0.00000, vocab_cro_loss : 1.32086, 
epoch 180 summary: dyn_dyn_cos_loss: 0.00336, dyn_sta_cos_loss: 0.00185, total_cos_loss : 0.00200, vocab_cro_loss : 1.31635, 
train loss: 1.3247, train acc: 0.6162
epoch 181 summary: dyn_dyn_cos_loss: 0.00000, dyn_sta_cos_loss: 0.00000, total_cos_loss : 0.00000, vocab_cro_loss : 1.32471, 
epoch 182 summary: dyn_dyn_cos_loss: 0.00000, dyn_sta_cos_loss: 0.00000, total_cos_loss : 0.00000, vocab_cro_loss : 1.31624, 
epoch 183 summary: dyn_dyn_cos_loss: 0.00000, dyn_sta_cos_loss: 0.00000, total_cos_loss : 0.00000, vocab_cro_loss : 1.31269, 
epoch 184 summary: dyn_dyn_cos_loss: 0.00334, dyn_sta_cos_loss: 0.00183, total_cos_loss : 0.00198, vocab_cro_loss : 1.30964, 
epoch 185 summary: dyn_dyn_cos_loss: 0.00000, dyn_sta_cos_loss: 0.00000, total_cos_loss : 0.00000, vocab_cro_loss : 1.33087, 
epoch 186 summary: dyn_dyn_cos_loss: 0.00000, dyn_sta_cos_loss: 0.00000, total_cos_loss : 0.00000, vocab_cro_loss : 1.31944, 
epoch 187 summary: dyn_dyn_cos_loss: 0.00000, dyn_sta_cos_loss: 0.00000, total_cos_loss : 0.00000, vocab_cro_loss : 1.31505, 
epoch 188 summary: dyn_dyn_cos_loss: 0.00330, dyn_sta_cos_loss: 0.00183, total_cos_loss : 0.00197, vocab_cro_loss : 1.31078, 
epoch 189 summary: dyn_dyn_cos_loss: 0.00000, dyn_sta_cos_loss: 0.00000, total_cos_loss : 0.00000, vocab_cro_loss : 1.32915, 
epoch 190 summary: dyn_dyn_cos_loss: 0.00000, dyn_sta_cos_loss: 0.00000, total_cos_loss : 0.00000, vocab_cro_loss : 1.32523, 
train loss: 1.3181, train acc: 0.6148
epoch 191 summary: dyn_dyn_cos_loss: 0.00000, dyn_sta_cos_loss: 0.00000, total_cos_loss : 0.00000, vocab_cro_loss : 1.31809, 
epoch 192 summary: dyn_dyn_cos_loss: 0.00326, dyn_sta_cos_loss: 0.00179, total_cos_loss : 0.00194, vocab_cro_loss : 1.31613, 
epoch 193 summary: dyn_dyn_cos_loss: 0.00000, dyn_sta_cos_loss: 0.00000, total_cos_loss : 0.00000, vocab_cro_loss : 1.33154, 
epoch 194 summary: dyn_dyn_cos_loss: 0.00000, dyn_sta_cos_loss: 0.00000, total_cos_loss : 0.00000, vocab_cro_loss : 1.32267, 
epoch 195 summary: dyn_dyn_cos_loss: 0.00000, dyn_sta_cos_loss: 0.00000, total_cos_loss : 0.00000, vocab_cro_loss : 1.33043, 
epoch 196 summary: dyn_dyn_cos_loss: 0.00326, dyn_sta_cos_loss: 0.00178, total_cos_loss : 0.00193, vocab_cro_loss : 1.33090, 
epoch 197 summary: dyn_dyn_cos_loss: 0.00000, dyn_sta_cos_loss: 0.00000, total_cos_loss : 0.00000, vocab_cro_loss : 1.34797, 
epoch 198 summary: dyn_dyn_cos_loss: 0.00000, dyn_sta_cos_loss: 0.00000, total_cos_loss : 0.00000, vocab_cro_loss : 1.35992, 
epoch 199 summary: dyn_dyn_cos_loss: 0.00000, dyn_sta_cos_loss: 0.00000, total_cos_loss : 0.00000, vocab_cro_loss : 1.36224, 
epoch 200 summary: dyn_dyn_cos_loss: 0.00324, dyn_sta_cos_loss: 0.00177, total_cos_loss : 0.00192, vocab_cro_loss : 1.34519, 
train loss: 1.3799, train acc: 0.5997
epoch 201 summary: dyn_dyn_cos_loss: 0.00000, dyn_sta_cos_loss: 0.00000, total_cos_loss : 0.00000, vocab_cro_loss : 1.37977, 
epoch 202 summary: dyn_dyn_cos_loss: 0.00000, dyn_sta_cos_loss: 0.00000, total_cos_loss : 0.00000, vocab_cro_loss : 1.36444, 
epoch 203 summary: dyn_dyn_cos_loss: 0.00000, dyn_sta_cos_loss: 0.00000, total_cos_loss : 0.00000, vocab_cro_loss : 1.34034, 
epoch 204 summary: dyn_dyn_cos_loss: 0.00326, dyn_sta_cos_loss: 0.00175, total_cos_loss : 0.00190, vocab_cro_loss : 1.34000, 
epoch 205 summary: dyn_dyn_cos_loss: 0.00000, dyn_sta_cos_loss: 0.00000, total_cos_loss : 0.00000, vocab_cro_loss : 1.34382, 
epoch 206 summary: dyn_dyn_cos_loss: 0.00000, dyn_sta_cos_loss: 0.00000, total_cos_loss : 0.00000, vocab_cro_loss : 1.33548, 
epoch 207 summary: dyn_dyn_cos_loss: 0.00000, dyn_sta_cos_loss: 0.00000, total_cos_loss : 0.00000, vocab_cro_loss : 1.33049, 
epoch 208 summary: dyn_dyn_cos_loss: 0.00329, dyn_sta_cos_loss: 0.00173, total_cos_loss : 0.00188, vocab_cro_loss : 1.32310, 
epoch 209 summary: dyn_dyn_cos_loss: 0.00000, dyn_sta_cos_loss: 0.00000, total_cos_loss : 0.00000, vocab_cro_loss : 1.32925, 
epoch 210 summary: dyn_dyn_cos_loss: 0.00000, dyn_sta_cos_loss: 0.00000, total_cos_loss : 0.00000, vocab_cro_loss : 1.32288, 
train loss: 1.3162, train acc: 0.6141
epoch 211 summary: dyn_dyn_cos_loss: 0.00000, dyn_sta_cos_loss: 0.00000, total_cos_loss : 0.00000, vocab_cro_loss : 1.31623, 
epoch 212 summary: dyn_dyn_cos_loss: 0.00329, dyn_sta_cos_loss: 0.00169, total_cos_loss : 0.00185, vocab_cro_loss : 1.31272, 
epoch 213 summary: dyn_dyn_cos_loss: 0.00000, dyn_sta_cos_loss: 0.00000, total_cos_loss : 0.00000, vocab_cro_loss : 1.32404, 
epoch 214 summary: dyn_dyn_cos_loss: 0.00000, dyn_sta_cos_loss: 0.00000, total_cos_loss : 0.00000, vocab_cro_loss : 1.32048, 
epoch 215 summary: dyn_dyn_cos_loss: 0.00000, dyn_sta_cos_loss: 0.00000, total_cos_loss : 0.00000, vocab_cro_loss : 1.31375, 
epoch 216 summary: dyn_dyn_cos_loss: 0.00325, dyn_sta_cos_loss: 0.00167, total_cos_loss : 0.00183, vocab_cro_loss : 1.31232, 
epoch 217 summary: dyn_dyn_cos_loss: 0.00000, dyn_sta_cos_loss: 0.00000, total_cos_loss : 0.00000, vocab_cro_loss : 1.32177, 
epoch 218 summary: dyn_dyn_cos_loss: 0.00000, dyn_sta_cos_loss: 0.00000, total_cos_loss : 0.00000, vocab_cro_loss : 1.31241, 
epoch 219 summary: dyn_dyn_cos_loss: 0.00000, dyn_sta_cos_loss: 0.00000, total_cos_loss : 0.00000, vocab_cro_loss : 1.30783, 
epoch 220 summary: dyn_dyn_cos_loss: 0.00321, dyn_sta_cos_loss: 0.00167, total_cos_loss : 0.00183, vocab_cro_loss : 1.30330, 
train loss: 1.3167, train acc: 0.6139
epoch 221 summary: dyn_dyn_cos_loss: 0.00000, dyn_sta_cos_loss: 0.00000, total_cos_loss : 0.00000, vocab_cro_loss : 1.31665, 
epoch 222 summary: dyn_dyn_cos_loss: 0.00000, dyn_sta_cos_loss: 0.00000, total_cos_loss : 0.00000, vocab_cro_loss : 1.30801, 
epoch 223 summary: dyn_dyn_cos_loss: 0.00000, dyn_sta_cos_loss: 0.00000, total_cos_loss : 0.00000, vocab_cro_loss : 1.30455, 
epoch 224 summary: dyn_dyn_cos_loss: 0.00320, dyn_sta_cos_loss: 0.00165, total_cos_loss : 0.00180, vocab_cro_loss : 1.30208, 
epoch 225 summary: dyn_dyn_cos_loss: 0.00000, dyn_sta_cos_loss: 0.00000, total_cos_loss : 0.00000, vocab_cro_loss : 1.31712, 
epoch 226 summary: dyn_dyn_cos_loss: 0.00000, dyn_sta_cos_loss: 0.00000, total_cos_loss : 0.00000, vocab_cro_loss : 1.31440, 
epoch 227 summary: dyn_dyn_cos_loss: 0.00000, dyn_sta_cos_loss: 0.00000, total_cos_loss : 0.00000, vocab_cro_loss : 1.30915, 
epoch 228 summary: dyn_dyn_cos_loss: 0.00321, dyn_sta_cos_loss: 0.00163, total_cos_loss : 0.00179, vocab_cro_loss : 1.30274, 
epoch 229 summary: dyn_dyn_cos_loss: 0.00000, dyn_sta_cos_loss: 0.00000, total_cos_loss : 0.00000, vocab_cro_loss : 1.31631, 
epoch 230 summary: dyn_dyn_cos_loss: 0.00000, dyn_sta_cos_loss: 0.00000, total_cos_loss : 0.00000, vocab_cro_loss : 1.31301, 
train loss: 1.3086, train acc: 0.6159
epoch 231 summary: dyn_dyn_cos_loss: 0.00000, dyn_sta_cos_loss: 0.00000, total_cos_loss : 0.00000, vocab_cro_loss : 1.30859, 
epoch 232 summary: dyn_dyn_cos_loss: 0.00318, dyn_sta_cos_loss: 0.00162, total_cos_loss : 0.00177, vocab_cro_loss : 1.30412, 
epoch 233 summary: dyn_dyn_cos_loss: 0.00000, dyn_sta_cos_loss: 0.00000, total_cos_loss : 0.00000, vocab_cro_loss : 1.31627, 
epoch 234 summary: dyn_dyn_cos_loss: 0.00000, dyn_sta_cos_loss: 0.00000, total_cos_loss : 0.00000, vocab_cro_loss : 1.31028, 
epoch 235 summary: dyn_dyn_cos_loss: 0.00000, dyn_sta_cos_loss: 0.00000, total_cos_loss : 0.00000, vocab_cro_loss : 1.30607, 
epoch 236 summary: dyn_dyn_cos_loss: 0.00314, dyn_sta_cos_loss: 0.00160, total_cos_loss : 0.00176, vocab_cro_loss : 1.30429, 
epoch 237 summary: dyn_dyn_cos_loss: 0.00000, dyn_sta_cos_loss: 0.00000, total_cos_loss : 0.00000, vocab_cro_loss : 1.31648, 
epoch 238 summary: dyn_dyn_cos_loss: 0.00000, dyn_sta_cos_loss: 0.00000, total_cos_loss : 0.00000, vocab_cro_loss : 1.30873, 
epoch 239 summary: dyn_dyn_cos_loss: 0.00000, dyn_sta_cos_loss: 0.00000, total_cos_loss : 0.00000, vocab_cro_loss : 1.30237, 
epoch 240 summary: dyn_dyn_cos_loss: 0.00313, dyn_sta_cos_loss: 0.00163, total_cos_loss : 0.00178, vocab_cro_loss : 1.29385, 
train loss: 1.3072, train acc: 0.6173
epoch 241 summary: dyn_dyn_cos_loss: 0.00000, dyn_sta_cos_loss: 0.00000, total_cos_loss : 0.00000, vocab_cro_loss : 1.30721, 
epoch 242 summary: dyn_dyn_cos_loss: 0.00000, dyn_sta_cos_loss: 0.00000, total_cos_loss : 0.00000, vocab_cro_loss : 1.30421, 
epoch 243 summary: dyn_dyn_cos_loss: 0.00000, dyn_sta_cos_loss: 0.00000, total_cos_loss : 0.00000, vocab_cro_loss : 1.29777, 
epoch 244 summary: dyn_dyn_cos_loss: 0.00311, dyn_sta_cos_loss: 0.00160, total_cos_loss : 0.00175, vocab_cro_loss : 1.29381, 
epoch 245 summary: dyn_dyn_cos_loss: 0.00000, dyn_sta_cos_loss: 0.00000, total_cos_loss : 0.00000, vocab_cro_loss : 1.30590, 
epoch 246 summary: dyn_dyn_cos_loss: 0.00000, dyn_sta_cos_loss: 0.00000, total_cos_loss : 0.00000, vocab_cro_loss : 1.29935, 
epoch 247 summary: dyn_dyn_cos_loss: 0.00000, dyn_sta_cos_loss: 0.00000, total_cos_loss : 0.00000, vocab_cro_loss : 1.29624, 
epoch 248 summary: dyn_dyn_cos_loss: 0.00307, dyn_sta_cos_loss: 0.00158, total_cos_loss : 0.00173, vocab_cro_loss : 1.29318, 
epoch 249 summary: dyn_dyn_cos_loss: 0.00000, dyn_sta_cos_loss: 0.00000, total_cos_loss : 0.00000, vocab_cro_loss : 1.30818, 
epoch 250 summary: dyn_dyn_cos_loss: 0.00000, dyn_sta_cos_loss: 0.00000, total_cos_loss : 0.00000, vocab_cro_loss : 1.29971, 
train loss: 1.2962, train acc: 0.6194
epoch 251 summary: dyn_dyn_cos_loss: 0.00000, dyn_sta_cos_loss: 0.00000, total_cos_loss : 0.00000, vocab_cro_loss : 1.29616, 
epoch 252 summary: dyn_dyn_cos_loss: 0.00304, dyn_sta_cos_loss: 0.00156, total_cos_loss : 0.00171, vocab_cro_loss : 1.29419, 
epoch 253 summary: dyn_dyn_cos_loss: 0.00000, dyn_sta_cos_loss: 0.00000, total_cos_loss : 0.00000, vocab_cro_loss : 1.31063, 
epoch 254 summary: dyn_dyn_cos_loss: 0.00000, dyn_sta_cos_loss: 0.00000, total_cos_loss : 0.00000, vocab_cro_loss : 1.30470, 
epoch 255 summary: dyn_dyn_cos_loss: 0.00000, dyn_sta_cos_loss: 0.00000, total_cos_loss : 0.00000, vocab_cro_loss : 1.29890, 
epoch 256 summary: dyn_dyn_cos_loss: 0.00304, dyn_sta_cos_loss: 0.00158, total_cos_loss : 0.00173, vocab_cro_loss : 1.29365, 
epoch 257 summary: dyn_dyn_cos_loss: 0.00000, dyn_sta_cos_loss: 0.00000, total_cos_loss : 0.00000, vocab_cro_loss : 1.30713, 
epoch 258 summary: dyn_dyn_cos_loss: 0.00000, dyn_sta_cos_loss: 0.00000, total_cos_loss : 0.00000, vocab_cro_loss : 1.29963, 
epoch 259 summary: dyn_dyn_cos_loss: 0.00000, dyn_sta_cos_loss: 0.00000, total_cos_loss : 0.00000, vocab_cro_loss : 1.29497, 
epoch 260 summary: dyn_dyn_cos_loss: 0.00302, dyn_sta_cos_loss: 0.00156, total_cos_loss : 0.00171, vocab_cro_loss : 1.29067, 
train loss: 1.3090, train acc: 0.6153
epoch 261 summary: dyn_dyn_cos_loss: 0.00000, dyn_sta_cos_loss: 0.00000, total_cos_loss : 0.00000, vocab_cro_loss : 1.30895, 
epoch 262 summary: dyn_dyn_cos_loss: 0.00000, dyn_sta_cos_loss: 0.00000, total_cos_loss : 0.00000, vocab_cro_loss : 1.30299, 
epoch 263 summary: dyn_dyn_cos_loss: 0.00000, dyn_sta_cos_loss: 0.00000, total_cos_loss : 0.00000, vocab_cro_loss : 1.29666, 
epoch 264 summary: dyn_dyn_cos_loss: 0.00299, dyn_sta_cos_loss: 0.00156, total_cos_loss : 0.00170, vocab_cro_loss : 1.29189, 
epoch 265 summary: dyn_dyn_cos_loss: 0.00000, dyn_sta_cos_loss: 0.00000, total_cos_loss : 0.00000, vocab_cro_loss : 1.30724, 
epoch 266 summary: dyn_dyn_cos_loss: 0.00000, dyn_sta_cos_loss: 0.00000, total_cos_loss : 0.00000, vocab_cro_loss : 1.30550, 
epoch 267 summary: dyn_dyn_cos_loss: 0.00000, dyn_sta_cos_loss: 0.00000, total_cos_loss : 0.00000, vocab_cro_loss : 1.30098, 
epoch 268 summary: dyn_dyn_cos_loss: 0.00297, dyn_sta_cos_loss: 0.00154, total_cos_loss : 0.00168, vocab_cro_loss : 1.29655, 
epoch 269 summary: dyn_dyn_cos_loss: 0.00000, dyn_sta_cos_loss: 0.00000, total_cos_loss : 0.00000, vocab_cro_loss : 1.30629, 
epoch 270 summary: dyn_dyn_cos_loss: 0.00000, dyn_sta_cos_loss: 0.00000, total_cos_loss : 0.00000, vocab_cro_loss : 1.29843, 
train loss: 1.2923, train acc: 0.6180
epoch 271 summary: dyn_dyn_cos_loss: 0.00000, dyn_sta_cos_loss: 0.00000, total_cos_loss : 0.00000, vocab_cro_loss : 1.29225, 
epoch 272 summary: dyn_dyn_cos_loss: 0.00298, dyn_sta_cos_loss: 0.00155, total_cos_loss : 0.00169, vocab_cro_loss : 1.29063, 
epoch 273 summary: dyn_dyn_cos_loss: 0.00000, dyn_sta_cos_loss: 0.00000, total_cos_loss : 0.00000, vocab_cro_loss : 1.30407, 
epoch 274 summary: dyn_dyn_cos_loss: 0.00000, dyn_sta_cos_loss: 0.00000, total_cos_loss : 0.00000, vocab_cro_loss : 1.29459, 
epoch 275 summary: dyn_dyn_cos_loss: 0.00000, dyn_sta_cos_loss: 0.00000, total_cos_loss : 0.00000, vocab_cro_loss : 1.29156, 
epoch 276 summary: dyn_dyn_cos_loss: 0.00295, dyn_sta_cos_loss: 0.00154, total_cos_loss : 0.00168, vocab_cro_loss : 1.28948, 
epoch 277 summary: dyn_dyn_cos_loss: 0.00000, dyn_sta_cos_loss: 0.00000, total_cos_loss : 0.00000, vocab_cro_loss : 1.30065, 
epoch 278 summary: dyn_dyn_cos_loss: 0.00000, dyn_sta_cos_loss: 0.00000, total_cos_loss : 0.00000, vocab_cro_loss : 1.29873, 
epoch 279 summary: dyn_dyn_cos_loss: 0.00000, dyn_sta_cos_loss: 0.00000, total_cos_loss : 0.00000, vocab_cro_loss : 1.29088, 
epoch 280 summary: dyn_dyn_cos_loss: 0.00293, dyn_sta_cos_loss: 0.00154, total_cos_loss : 0.00168, vocab_cro_loss : 1.28492, 
train loss: 1.2989, train acc: 0.6169
epoch 281 summary: dyn_dyn_cos_loss: 0.00000, dyn_sta_cos_loss: 0.00000, total_cos_loss : 0.00000, vocab_cro_loss : 1.29892, 
epoch 282 summary: dyn_dyn_cos_loss: 0.00000, dyn_sta_cos_loss: 0.00000, total_cos_loss : 0.00000, vocab_cro_loss : 1.29040, 
epoch 283 summary: dyn_dyn_cos_loss: 0.00000, dyn_sta_cos_loss: 0.00000, total_cos_loss : 0.00000, vocab_cro_loss : 1.28790, 
epoch 284 summary: dyn_dyn_cos_loss: 0.00292, dyn_sta_cos_loss: 0.00154, total_cos_loss : 0.00168, vocab_cro_loss : 1.28357, 
epoch 285 summary: dyn_dyn_cos_loss: 0.00000, dyn_sta_cos_loss: 0.00000, total_cos_loss : 0.00000, vocab_cro_loss : 1.29994, 
epoch 286 summary: dyn_dyn_cos_loss: 0.00000, dyn_sta_cos_loss: 0.00000, total_cos_loss : 0.00000, vocab_cro_loss : 1.29341, 
epoch 287 summary: dyn_dyn_cos_loss: 0.00000, dyn_sta_cos_loss: 0.00000, total_cos_loss : 0.00000, vocab_cro_loss : 1.28770, 
epoch 288 summary: dyn_dyn_cos_loss: 0.00293, dyn_sta_cos_loss: 0.00153, total_cos_loss : 0.00167, vocab_cro_loss : 1.28539, 
epoch 289 summary: dyn_dyn_cos_loss: 0.00000, dyn_sta_cos_loss: 0.00000, total_cos_loss : 0.00000, vocab_cro_loss : 1.29988, 
epoch 290 summary: dyn_dyn_cos_loss: 0.00000, dyn_sta_cos_loss: 0.00000, total_cos_loss : 0.00000, vocab_cro_loss : 1.29772, 
train loss: 1.2921, train acc: 0.6176
epoch 291 summary: dyn_dyn_cos_loss: 0.00000, dyn_sta_cos_loss: 0.00000, total_cos_loss : 0.00000, vocab_cro_loss : 1.29206, 
epoch 292 summary: dyn_dyn_cos_loss: 0.00292, dyn_sta_cos_loss: 0.00152, total_cos_loss : 0.00166, vocab_cro_loss : 1.28795, 
epoch 293 summary: dyn_dyn_cos_loss: 0.00000, dyn_sta_cos_loss: 0.00000, total_cos_loss : 0.00000, vocab_cro_loss : 1.30084, 
epoch 294 summary: dyn_dyn_cos_loss: 0.00000, dyn_sta_cos_loss: 0.00000, total_cos_loss : 0.00000, vocab_cro_loss : 1.29747, 
epoch 295 summary: dyn_dyn_cos_loss: 0.00000, dyn_sta_cos_loss: 0.00000, total_cos_loss : 0.00000, vocab_cro_loss : 1.29230, 
epoch 296 summary: dyn_dyn_cos_loss: 0.00290, dyn_sta_cos_loss: 0.00153, total_cos_loss : 0.00167, vocab_cro_loss : 1.28473, 
epoch 297 summary: dyn_dyn_cos_loss: 0.00000, dyn_sta_cos_loss: 0.00000, total_cos_loss : 0.00000, vocab_cro_loss : 1.29632, 
epoch 298 summary: dyn_dyn_cos_loss: 0.00000, dyn_sta_cos_loss: 0.00000, total_cos_loss : 0.00000, vocab_cro_loss : 1.29125, 
epoch 299 summary: dyn_dyn_cos_loss: 0.00000, dyn_sta_cos_loss: 0.00000, total_cos_loss : 0.00000, vocab_cro_loss : 1.28307, 
epoch 300 summary: dyn_dyn_cos_loss: 0.00290, dyn_sta_cos_loss: 0.00153, total_cos_loss : 0.00167, vocab_cro_loss : 1.27909, 
train loss: 1.2955, train acc: 0.6176
epoch 301 summary: dyn_dyn_cos_loss: 0.00000, dyn_sta_cos_loss: 0.00000, total_cos_loss : 0.00000, vocab_cro_loss : 1.29553, 
epoch 302 summary: dyn_dyn_cos_loss: 0.00000, dyn_sta_cos_loss: 0.00000, total_cos_loss : 0.00000, vocab_cro_loss : 1.29248, 
epoch 303 summary: dyn_dyn_cos_loss: 0.00000, dyn_sta_cos_loss: 0.00000, total_cos_loss : 0.00000, vocab_cro_loss : 1.28348, 
epoch 304 summary: dyn_dyn_cos_loss: 0.00290, dyn_sta_cos_loss: 0.00153, total_cos_loss : 0.00167, vocab_cro_loss : 1.28151, 
epoch 305 summary: dyn_dyn_cos_loss: 0.00000, dyn_sta_cos_loss: 0.00000, total_cos_loss : 0.00000, vocab_cro_loss : 1.29518, 
epoch 306 summary: dyn_dyn_cos_loss: 0.00000, dyn_sta_cos_loss: 0.00000, total_cos_loss : 0.00000, vocab_cro_loss : 1.28806, 
epoch 307 summary: dyn_dyn_cos_loss: 0.00000, dyn_sta_cos_loss: 0.00000, total_cos_loss : 0.00000, vocab_cro_loss : 1.28405, 
epoch 308 summary: dyn_dyn_cos_loss: 0.00290, dyn_sta_cos_loss: 0.00154, total_cos_loss : 0.00167, vocab_cro_loss : 1.28169, 
epoch 309 summary: dyn_dyn_cos_loss: 0.00000, dyn_sta_cos_loss: 0.00000, total_cos_loss : 0.00000, vocab_cro_loss : 1.29141, 
epoch 310 summary: dyn_dyn_cos_loss: 0.00000, dyn_sta_cos_loss: 0.00000, total_cos_loss : 0.00000, vocab_cro_loss : 1.28745, 
train loss: 1.2855, train acc: 0.6205
epoch 311 summary: dyn_dyn_cos_loss: 0.00000, dyn_sta_cos_loss: 0.00000, total_cos_loss : 0.00000, vocab_cro_loss : 1.28547, 
epoch 312 summary: dyn_dyn_cos_loss: 0.00289, dyn_sta_cos_loss: 0.00152, total_cos_loss : 0.00166, vocab_cro_loss : 1.28284, 
epoch 313 summary: dyn_dyn_cos_loss: 0.00000, dyn_sta_cos_loss: 0.00000, total_cos_loss : 0.00000, vocab_cro_loss : 1.29639, 
epoch 314 summary: dyn_dyn_cos_loss: 0.00000, dyn_sta_cos_loss: 0.00000, total_cos_loss : 0.00000, vocab_cro_loss : 1.29277, 
epoch 315 summary: dyn_dyn_cos_loss: 0.00000, dyn_sta_cos_loss: 0.00000, total_cos_loss : 0.00000, vocab_cro_loss : 1.28359, 
epoch 316 summary: dyn_dyn_cos_loss: 0.00291, dyn_sta_cos_loss: 0.00152, total_cos_loss : 0.00166, vocab_cro_loss : 1.28128, 
epoch 317 summary: dyn_dyn_cos_loss: 0.00000, dyn_sta_cos_loss: 0.00000, total_cos_loss : 0.00000, vocab_cro_loss : 1.29379, 
epoch 318 summary: dyn_dyn_cos_loss: 0.00000, dyn_sta_cos_loss: 0.00000, total_cos_loss : 0.00000, vocab_cro_loss : 1.28376, 
epoch 319 summary: dyn_dyn_cos_loss: 0.00000, dyn_sta_cos_loss: 0.00000, total_cos_loss : 0.00000, vocab_cro_loss : 1.28022, 
epoch 320 summary: dyn_dyn_cos_loss: 0.00290, dyn_sta_cos_loss: 0.00152, total_cos_loss : 0.00166, vocab_cro_loss : 1.27973, 
train loss: 1.2890, train acc: 0.6192
epoch 321 summary: dyn_dyn_cos_loss: 0.00000, dyn_sta_cos_loss: 0.00000, total_cos_loss : 0.00000, vocab_cro_loss : 1.28900, 
epoch 322 summary: dyn_dyn_cos_loss: 0.00000, dyn_sta_cos_loss: 0.00000, total_cos_loss : 0.00000, vocab_cro_loss : 1.28367, 
epoch 323 summary: dyn_dyn_cos_loss: 0.00000, dyn_sta_cos_loss: 0.00000, total_cos_loss : 0.00000, vocab_cro_loss : 1.28046, 
epoch 324 summary: dyn_dyn_cos_loss: 0.00289, dyn_sta_cos_loss: 0.00152, total_cos_loss : 0.00166, vocab_cro_loss : 1.27721, 
epoch 325 summary: dyn_dyn_cos_loss: 0.00000, dyn_sta_cos_loss: 0.00000, total_cos_loss : 0.00000, vocab_cro_loss : 1.29021, 
epoch 326 summary: dyn_dyn_cos_loss: 0.00000, dyn_sta_cos_loss: 0.00000, total_cos_loss : 0.00000, vocab_cro_loss : 1.28496, 
epoch 327 summary: dyn_dyn_cos_loss: 0.00000, dyn_sta_cos_loss: 0.00000, total_cos_loss : 0.00000, vocab_cro_loss : 1.28006, 
epoch 328 summary: dyn_dyn_cos_loss: 0.00287, dyn_sta_cos_loss: 0.00151, total_cos_loss : 0.00165, vocab_cro_loss : 1.27846, 
epoch 329 summary: dyn_dyn_cos_loss: 0.00000, dyn_sta_cos_loss: 0.00000, total_cos_loss : 0.00000, vocab_cro_loss : 1.29301, 
epoch 330 summary: dyn_dyn_cos_loss: 0.00000, dyn_sta_cos_loss: 0.00000, total_cos_loss : 0.00000, vocab_cro_loss : 1.28806, 
train loss: 1.2815, train acc: 0.6215
epoch 331 summary: dyn_dyn_cos_loss: 0.00000, dyn_sta_cos_loss: 0.00000, total_cos_loss : 0.00000, vocab_cro_loss : 1.28145, 
epoch 332 summary: dyn_dyn_cos_loss: 0.00288, dyn_sta_cos_loss: 0.00153, total_cos_loss : 0.00167, vocab_cro_loss : 1.27616, 
epoch 333 summary: dyn_dyn_cos_loss: 0.00000, dyn_sta_cos_loss: 0.00000, total_cos_loss : 0.00000, vocab_cro_loss : 1.29127, 
epoch 334 summary: dyn_dyn_cos_loss: 0.00000, dyn_sta_cos_loss: 0.00000, total_cos_loss : 0.00000, vocab_cro_loss : 1.27944, 
epoch 335 summary: dyn_dyn_cos_loss: 0.00000, dyn_sta_cos_loss: 0.00000, total_cos_loss : 0.00000, vocab_cro_loss : 1.27539, 
epoch 336 summary: dyn_dyn_cos_loss: 0.00287, dyn_sta_cos_loss: 0.00153, total_cos_loss : 0.00166, vocab_cro_loss : 1.27366, 
epoch 337 summary: dyn_dyn_cos_loss: 0.00000, dyn_sta_cos_loss: 0.00000, total_cos_loss : 0.00000, vocab_cro_loss : 1.28760, 
epoch 338 summary: dyn_dyn_cos_loss: 0.00000, dyn_sta_cos_loss: 0.00000, total_cos_loss : 0.00000, vocab_cro_loss : 1.28204, 
epoch 339 summary: dyn_dyn_cos_loss: 0.00000, dyn_sta_cos_loss: 0.00000, total_cos_loss : 0.00000, vocab_cro_loss : 1.27699, 
epoch 340 summary: dyn_dyn_cos_loss: 0.00286, dyn_sta_cos_loss: 0.00151, total_cos_loss : 0.00165, vocab_cro_loss : 1.27500, 
train loss: 1.2927, train acc: 0.6197
epoch 341 summary: dyn_dyn_cos_loss: 0.00000, dyn_sta_cos_loss: 0.00000, total_cos_loss : 0.00000, vocab_cro_loss : 1.29267, 
epoch 342 summary: dyn_dyn_cos_loss: 0.00000, dyn_sta_cos_loss: 0.00000, total_cos_loss : 0.00000, vocab_cro_loss : 1.28299, 
epoch 343 summary: dyn_dyn_cos_loss: 0.00000, dyn_sta_cos_loss: 0.00000, total_cos_loss : 0.00000, vocab_cro_loss : 1.27946, 
epoch 344 summary: dyn_dyn_cos_loss: 0.00285, dyn_sta_cos_loss: 0.00151, total_cos_loss : 0.00164, vocab_cro_loss : 1.27339, 
epoch 345 summary: dyn_dyn_cos_loss: 0.00000, dyn_sta_cos_loss: 0.00000, total_cos_loss : 0.00000, vocab_cro_loss : 1.28549, 
epoch 346 summary: dyn_dyn_cos_loss: 0.00000, dyn_sta_cos_loss: 0.00000, total_cos_loss : 0.00000, vocab_cro_loss : 1.27902, 
epoch 347 summary: dyn_dyn_cos_loss: 0.00000, dyn_sta_cos_loss: 0.00000, total_cos_loss : 0.00000, vocab_cro_loss : 1.27414, 
epoch 348 summary: dyn_dyn_cos_loss: 0.00285, dyn_sta_cos_loss: 0.00152, total_cos_loss : 0.00165, vocab_cro_loss : 1.27314, 
epoch 349 summary: dyn_dyn_cos_loss: 0.00000, dyn_sta_cos_loss: 0.00000, total_cos_loss : 0.00000, vocab_cro_loss : 1.28629, 
epoch 350 summary: dyn_dyn_cos_loss: 0.00000, dyn_sta_cos_loss: 0.00000, total_cos_loss : 0.00000, vocab_cro_loss : 1.28328, 
train loss: 1.2777, train acc: 0.6228
epoch 351 summary: dyn_dyn_cos_loss: 0.00000, dyn_sta_cos_loss: 0.00000, total_cos_loss : 0.00000, vocab_cro_loss : 1.27767, 
epoch 352 summary: dyn_dyn_cos_loss: 0.00285, dyn_sta_cos_loss: 0.00150, total_cos_loss : 0.00164, vocab_cro_loss : 1.27338, 
epoch 353 summary: dyn_dyn_cos_loss: 0.00000, dyn_sta_cos_loss: 0.00000, total_cos_loss : 0.00000, vocab_cro_loss : 1.28388, 
epoch 354 summary: dyn_dyn_cos_loss: 0.00000, dyn_sta_cos_loss: 0.00000, total_cos_loss : 0.00000, vocab_cro_loss : 1.27782, 
epoch 355 summary: dyn_dyn_cos_loss: 0.00000, dyn_sta_cos_loss: 0.00000, total_cos_loss : 0.00000, vocab_cro_loss : 1.27497, 
epoch 356 summary: dyn_dyn_cos_loss: 0.00284, dyn_sta_cos_loss: 0.00151, total_cos_loss : 0.00164, vocab_cro_loss : 1.27043, 
epoch 357 summary: dyn_dyn_cos_loss: 0.00000, dyn_sta_cos_loss: 0.00000, total_cos_loss : 0.00000, vocab_cro_loss : 1.28794, 
epoch 358 summary: dyn_dyn_cos_loss: 0.00000, dyn_sta_cos_loss: 0.00000, total_cos_loss : 0.00000, vocab_cro_loss : 1.28509, 
epoch 359 summary: dyn_dyn_cos_loss: 0.00000, dyn_sta_cos_loss: 0.00000, total_cos_loss : 0.00000, vocab_cro_loss : 1.27793, 
epoch 360 summary: dyn_dyn_cos_loss: 0.00285, dyn_sta_cos_loss: 0.00150, total_cos_loss : 0.00164, vocab_cro_loss : 1.27442, 
train loss: 1.2859, train acc: 0.6201
epoch 361 summary: dyn_dyn_cos_loss: 0.00000, dyn_sta_cos_loss: 0.00000, total_cos_loss : 0.00000, vocab_cro_loss : 1.28585, 
epoch 362 summary: dyn_dyn_cos_loss: 0.00000, dyn_sta_cos_loss: 0.00000, total_cos_loss : 0.00000, vocab_cro_loss : 1.28171, 
epoch 363 summary: dyn_dyn_cos_loss: 0.00000, dyn_sta_cos_loss: 0.00000, total_cos_loss : 0.00000, vocab_cro_loss : 1.27950, 
epoch 364 summary: dyn_dyn_cos_loss: 0.00284, dyn_sta_cos_loss: 0.00150, total_cos_loss : 0.00163, vocab_cro_loss : 1.27470, 
epoch 365 summary: dyn_dyn_cos_loss: 0.00000, dyn_sta_cos_loss: 0.00000, total_cos_loss : 0.00000, vocab_cro_loss : 1.28875, 
epoch 366 summary: dyn_dyn_cos_loss: 0.00000, dyn_sta_cos_loss: 0.00000, total_cos_loss : 0.00000, vocab_cro_loss : 1.28351, 
epoch 367 summary: dyn_dyn_cos_loss: 0.00000, dyn_sta_cos_loss: 0.00000, total_cos_loss : 0.00000, vocab_cro_loss : 1.28035, 
epoch 368 summary: dyn_dyn_cos_loss: 0.00284, dyn_sta_cos_loss: 0.00148, total_cos_loss : 0.00162, vocab_cro_loss : 1.27636, 
epoch 369 summary: dyn_dyn_cos_loss: 0.00000, dyn_sta_cos_loss: 0.00000, total_cos_loss : 0.00000, vocab_cro_loss : 1.28747, 
epoch 370 summary: dyn_dyn_cos_loss: 0.00000, dyn_sta_cos_loss: 0.00000, total_cos_loss : 0.00000, vocab_cro_loss : 1.27999, 
train loss: 1.2784, train acc: 0.6196
epoch 371 summary: dyn_dyn_cos_loss: 0.00000, dyn_sta_cos_loss: 0.00000, total_cos_loss : 0.00000, vocab_cro_loss : 1.27836, 
epoch 372 summary: dyn_dyn_cos_loss: 0.00283, dyn_sta_cos_loss: 0.00149, total_cos_loss : 0.00163, vocab_cro_loss : 1.27317, 
epoch 373 summary: dyn_dyn_cos_loss: 0.00000, dyn_sta_cos_loss: 0.00000, total_cos_loss : 0.00000, vocab_cro_loss : 1.28866, 
epoch 374 summary: dyn_dyn_cos_loss: 0.00000, dyn_sta_cos_loss: 0.00000, total_cos_loss : 0.00000, vocab_cro_loss : 1.27856, 
epoch 375 summary: dyn_dyn_cos_loss: 0.00000, dyn_sta_cos_loss: 0.00000, total_cos_loss : 0.00000, vocab_cro_loss : 1.27306, 
epoch 376 summary: dyn_dyn_cos_loss: 0.00285, dyn_sta_cos_loss: 0.00150, total_cos_loss : 0.00164, vocab_cro_loss : 1.27136, 
epoch 377 summary: dyn_dyn_cos_loss: 0.00000, dyn_sta_cos_loss: 0.00000, total_cos_loss : 0.00000, vocab_cro_loss : 1.28831, 
epoch 378 summary: dyn_dyn_cos_loss: 0.00000, dyn_sta_cos_loss: 0.00000, total_cos_loss : 0.00000, vocab_cro_loss : 1.28634, 
epoch 379 summary: dyn_dyn_cos_loss: 0.00000, dyn_sta_cos_loss: 0.00000, total_cos_loss : 0.00000, vocab_cro_loss : 1.27916, 
epoch 380 summary: dyn_dyn_cos_loss: 0.00284, dyn_sta_cos_loss: 0.00149, total_cos_loss : 0.00162, vocab_cro_loss : 1.27648, 
train loss: 1.2921, train acc: 0.6195
epoch 381 summary: dyn_dyn_cos_loss: 0.00000, dyn_sta_cos_loss: 0.00000, total_cos_loss : 0.00000, vocab_cro_loss : 1.29212, 
epoch 382 summary: dyn_dyn_cos_loss: 0.00000, dyn_sta_cos_loss: 0.00000, total_cos_loss : 0.00000, vocab_cro_loss : 1.28728, 
epoch 383 summary: dyn_dyn_cos_loss: 0.00000, dyn_sta_cos_loss: 0.00000, total_cos_loss : 0.00000, vocab_cro_loss : 1.28150, 
epoch 384 summary: dyn_dyn_cos_loss: 0.00283, dyn_sta_cos_loss: 0.00151, total_cos_loss : 0.00165, vocab_cro_loss : 1.27621, 
epoch 385 summary: dyn_dyn_cos_loss: 0.00000, dyn_sta_cos_loss: 0.00000, total_cos_loss : 0.00000, vocab_cro_loss : 1.28317, 
epoch 386 summary: dyn_dyn_cos_loss: 0.00000, dyn_sta_cos_loss: 0.00000, total_cos_loss : 0.00000, vocab_cro_loss : 1.27816, 
epoch 387 summary: dyn_dyn_cos_loss: 0.00000, dyn_sta_cos_loss: 0.00000, total_cos_loss : 0.00000, vocab_cro_loss : 1.27490, 
epoch 388 summary: dyn_dyn_cos_loss: 0.00284, dyn_sta_cos_loss: 0.00150, total_cos_loss : 0.00163, vocab_cro_loss : 1.27312, 
epoch 389 summary: dyn_dyn_cos_loss: 0.00000, dyn_sta_cos_loss: 0.00000, total_cos_loss : 0.00000, vocab_cro_loss : 1.28384, 
epoch 390 summary: dyn_dyn_cos_loss: 0.00000, dyn_sta_cos_loss: 0.00000, total_cos_loss : 0.00000, vocab_cro_loss : 1.27786, 
train loss: 1.2722, train acc: 0.6211
epoch 391 summary: dyn_dyn_cos_loss: 0.00000, dyn_sta_cos_loss: 0.00000, total_cos_loss : 0.00000, vocab_cro_loss : 1.27215, 
epoch 392 summary: dyn_dyn_cos_loss: 0.00285, dyn_sta_cos_loss: 0.00151, total_cos_loss : 0.00164, vocab_cro_loss : 1.26980, 
epoch 393 summary: dyn_dyn_cos_loss: 0.00000, dyn_sta_cos_loss: 0.00000, total_cos_loss : 0.00000, vocab_cro_loss : 1.28559, 
epoch 394 summary: dyn_dyn_cos_loss: 0.00000, dyn_sta_cos_loss: 0.00000, total_cos_loss : 0.00000, vocab_cro_loss : 1.28371, 
epoch 395 summary: dyn_dyn_cos_loss: 0.00000, dyn_sta_cos_loss: 0.00000, total_cos_loss : 0.00000, vocab_cro_loss : 1.27996, 
epoch 396 summary: dyn_dyn_cos_loss: 0.00284, dyn_sta_cos_loss: 0.00149, total_cos_loss : 0.00163, vocab_cro_loss : 1.27885, 
epoch 397 summary: dyn_dyn_cos_loss: 0.00000, dyn_sta_cos_loss: 0.00000, total_cos_loss : 0.00000, vocab_cro_loss : 1.29063, 
epoch 398 summary: dyn_dyn_cos_loss: 0.00000, dyn_sta_cos_loss: 0.00000, total_cos_loss : 0.00000, vocab_cro_loss : 1.28516, 
epoch 399 summary: dyn_dyn_cos_loss: 0.00000, dyn_sta_cos_loss: 0.00000, total_cos_loss : 0.00000, vocab_cro_loss : 1.28148, 
train loss: 1.2767, train acc: 0.6217
all                        3081527.995ms
all_epoch                  3070312.774ms
all_preparation              11215.190ms
all_preparation_2            11212.237ms
all_preparation_3                2.912ms
epoch                         7543.796ms
epoch_pos_train                  4.187ms
epoch_preparation               14.918ms
epoch_train                   7387.055ms
epoch_valid                    135.553ms
----------------------------------------
all                        3081527.995ms
  all_epoch             99.64%
  all_preparation        0.36%
all_preparation              11215.190ms
  all_preparation_2     99.97%
  all_preparation_3      0.03%
epoch                      3017518.400ms
  epoch_train           97.92%
  epoch_valid            1.80%
  epoch_preparation      0.20%
  epoch_pos_train        0.06%
epoch   0 summary: dyn_dyn_cos_loss: 0.02094, dyn_sta_cos_loss: 0.00685, total_cos_loss : 0.00826, 
valid loss: 3.5955, valid acc: 0.1836
epoch   1 summary: dyn_dyn_cos_loss: 0.01688, dyn_sta_cos_loss: 0.00536, total_cos_loss : 0.00652, 
epoch   2 summary: dyn_dyn_cos_loss: 0.01371, dyn_sta_cos_loss: 0.00442, total_cos_loss : 0.00535, 
epoch   3 summary: dyn_dyn_cos_loss: 0.01106, dyn_sta_cos_loss: 0.00370, total_cos_loss : 0.00444, 
epoch   4 summary: dyn_dyn_cos_loss: 0.00902, dyn_sta_cos_loss: 0.00316, total_cos_loss : 0.00375, 
epoch   5 summary: dyn_dyn_cos_loss: 0.00744, dyn_sta_cos_loss: 0.00275, total_cos_loss : 0.00322, 
epoch   6 summary: dyn_dyn_cos_loss: 0.00638, dyn_sta_cos_loss: 0.00247, total_cos_loss : 0.00286, 
epoch   7 summary: dyn_dyn_cos_loss: 0.00557, dyn_sta_cos_loss: 0.00226, total_cos_loss : 0.00259, 
epoch   8 summary: dyn_dyn_cos_loss: 0.00492, dyn_sta_cos_loss: 0.00208, total_cos_loss : 0.00236, 
epoch   9 summary: dyn_dyn_cos_loss: 0.00449, dyn_sta_cos_loss: 0.00194, total_cos_loss : 0.00220, 
epoch  10 summary: dyn_dyn_cos_loss: 0.00411, dyn_sta_cos_loss: 0.00183, total_cos_loss : 0.00205, 
valid loss: 1.9085, valid acc: 0.5020
epoch  11 summary: dyn_dyn_cos_loss: 0.00380, dyn_sta_cos_loss: 0.00174, total_cos_loss : 0.00195, 
epoch  12 summary: dyn_dyn_cos_loss: 0.00362, dyn_sta_cos_loss: 0.00167, total_cos_loss : 0.00187, 
epoch  13 summary: dyn_dyn_cos_loss: 0.00338, dyn_sta_cos_loss: 0.00161, total_cos_loss : 0.00179, 
epoch  14 summary: dyn_dyn_cos_loss: 0.00323, dyn_sta_cos_loss: 0.00157, total_cos_loss : 0.00174, 
epoch  15 summary: dyn_dyn_cos_loss: 0.00323, dyn_sta_cos_loss: 0.00153, total_cos_loss : 0.00170, 
epoch  16 summary: dyn_dyn_cos_loss: 0.00313, dyn_sta_cos_loss: 0.00150, total_cos_loss : 0.00167, 
epoch  17 summary: dyn_dyn_cos_loss: 0.00307, dyn_sta_cos_loss: 0.00148, total_cos_loss : 0.00164, 
epoch  18 summary: dyn_dyn_cos_loss: 0.00301, dyn_sta_cos_loss: 0.00146, total_cos_loss : 0.00161, 
epoch  19 summary: dyn_dyn_cos_loss: 0.00296, dyn_sta_cos_loss: 0.00144, total_cos_loss : 0.00159, 
epoch  20 summary: dyn_dyn_cos_loss: 0.00292, dyn_sta_cos_loss: 0.00143, total_cos_loss : 0.00158, 
valid loss: 1.8014, valid acc: 0.5195
epoch  21 summary: dyn_dyn_cos_loss: 0.00291, dyn_sta_cos_loss: 0.00141, total_cos_loss : 0.00156, 
epoch  22 summary: dyn_dyn_cos_loss: 0.00288, dyn_sta_cos_loss: 0.00141, total_cos_loss : 0.00155, 
epoch  23 summary: dyn_dyn_cos_loss: 0.00286, dyn_sta_cos_loss: 0.00139, total_cos_loss : 0.00154, 
epoch  24 summary: dyn_dyn_cos_loss: 0.00284, dyn_sta_cos_loss: 0.00139, total_cos_loss : 0.00153, 
epoch  25 summary: dyn_dyn_cos_loss: 0.00283, dyn_sta_cos_loss: 0.00138, total_cos_loss : 0.00152, 
epoch  26 summary: dyn_dyn_cos_loss: 0.00283, dyn_sta_cos_loss: 0.00137, total_cos_loss : 0.00152, 
epoch  27 summary: dyn_dyn_cos_loss: 0.00282, dyn_sta_cos_loss: 0.00137, total_cos_loss : 0.00151, 
epoch  28 summary: dyn_dyn_cos_loss: 0.00282, dyn_sta_cos_loss: 0.00136, total_cos_loss : 0.00151, 
epoch  29 summary: dyn_dyn_cos_loss: 0.00281, dyn_sta_cos_loss: 0.00136, total_cos_loss : 0.00150, 
epoch  30 summary: dyn_dyn_cos_loss: 0.00286, dyn_sta_cos_loss: 0.00136, total_cos_loss : 0.00151, 
valid loss: 1.7794, valid acc: 0.5293
epoch  31 summary: dyn_dyn_cos_loss: 0.00285, dyn_sta_cos_loss: 0.00136, total_cos_loss : 0.00151, 
epoch  32 summary: dyn_dyn_cos_loss: 0.00284, dyn_sta_cos_loss: 0.00136, total_cos_loss : 0.00150, 
epoch  33 summary: dyn_dyn_cos_loss: 0.00283, dyn_sta_cos_loss: 0.00136, total_cos_loss : 0.00150, 
epoch  34 summary: dyn_dyn_cos_loss: 0.00283, dyn_sta_cos_loss: 0.00135, total_cos_loss : 0.00150, 
epoch  35 summary: dyn_dyn_cos_loss: 0.00282, dyn_sta_cos_loss: 0.00135, total_cos_loss : 0.00150, 
epoch  36 summary: dyn_dyn_cos_loss: 0.00281, dyn_sta_cos_loss: 0.00135, total_cos_loss : 0.00150, 
epoch  37 summary: dyn_dyn_cos_loss: 0.00281, dyn_sta_cos_loss: 0.00135, total_cos_loss : 0.00149, 
epoch  38 summary: dyn_dyn_cos_loss: 0.00282, dyn_sta_cos_loss: 0.00135, total_cos_loss : 0.00149, 
epoch  39 summary: dyn_dyn_cos_loss: 0.00281, dyn_sta_cos_loss: 0.00135, total_cos_loss : 0.00149, 
epoch  40 summary: dyn_dyn_cos_loss: 0.00281, dyn_sta_cos_loss: 0.00134, total_cos_loss : 0.00149, 
valid loss: 1.7768, valid acc: 0.5273
epoch  41 summary: dyn_dyn_cos_loss: 0.00281, dyn_sta_cos_loss: 0.00134, total_cos_loss : 0.00149, 
epoch  42 summary: dyn_dyn_cos_loss: 0.00280, dyn_sta_cos_loss: 0.00134, total_cos_loss : 0.00149, 
epoch  43 summary: dyn_dyn_cos_loss: 0.00280, dyn_sta_cos_loss: 0.00134, total_cos_loss : 0.00149, 
epoch  44 summary: dyn_dyn_cos_loss: 0.00280, dyn_sta_cos_loss: 0.00134, total_cos_loss : 0.00149, 
epoch  45 summary: dyn_dyn_cos_loss: 0.00286, dyn_sta_cos_loss: 0.00134, total_cos_loss : 0.00149, 
epoch  46 summary: dyn_dyn_cos_loss: 0.00285, dyn_sta_cos_loss: 0.00134, total_cos_loss : 0.00149, 
epoch  47 summary: dyn_dyn_cos_loss: 0.00284, dyn_sta_cos_loss: 0.00134, total_cos_loss : 0.00149, 
epoch  48 summary: dyn_dyn_cos_loss: 0.00284, dyn_sta_cos_loss: 0.00134, total_cos_loss : 0.00149, 
epoch  49 summary: dyn_dyn_cos_loss: 0.00283, dyn_sta_cos_loss: 0.00134, total_cos_loss : 0.00149, 
epoch  50 summary: dyn_dyn_cos_loss: 0.00283, dyn_sta_cos_loss: 0.00134, total_cos_loss : 0.00149, 
valid loss: 1.7862, valid acc: 0.5176
epoch  51 summary: dyn_dyn_cos_loss: 0.00283, dyn_sta_cos_loss: 0.00134, total_cos_loss : 0.00149, 
epoch  52 summary: dyn_dyn_cos_loss: 0.00283, dyn_sta_cos_loss: 0.00134, total_cos_loss : 0.00149, 
epoch  53 summary: dyn_dyn_cos_loss: 0.00282, dyn_sta_cos_loss: 0.00134, total_cos_loss : 0.00149, 
epoch  54 summary: dyn_dyn_cos_loss: 0.00282, dyn_sta_cos_loss: 0.00134, total_cos_loss : 0.00149, 
epoch  55 summary: dyn_dyn_cos_loss: 0.00282, dyn_sta_cos_loss: 0.00134, total_cos_loss : 0.00148, 
epoch  56 summary: dyn_dyn_cos_loss: 0.00282, dyn_sta_cos_loss: 0.00134, total_cos_loss : 0.00148, 
epoch  57 summary: dyn_dyn_cos_loss: 0.00282, dyn_sta_cos_loss: 0.00133, total_cos_loss : 0.00148, 
epoch  58 summary: dyn_dyn_cos_loss: 0.00282, dyn_sta_cos_loss: 0.00133, total_cos_loss : 0.00148, 
epoch  59 summary: dyn_dyn_cos_loss: 0.00282, dyn_sta_cos_loss: 0.00133, total_cos_loss : 0.00148, 
epoch  60 summary: dyn_dyn_cos_loss: 0.00283, dyn_sta_cos_loss: 0.00133, total_cos_loss : 0.00148, 
valid loss: 1.8038, valid acc: 0.5137
epoch  61 summary: dyn_dyn_cos_loss: 0.00282, dyn_sta_cos_loss: 0.00133, total_cos_loss : 0.00148, 
epoch  62 summary: dyn_dyn_cos_loss: 0.00282, dyn_sta_cos_loss: 0.00133, total_cos_loss : 0.00148, 
epoch  63 summary: dyn_dyn_cos_loss: 0.00282, dyn_sta_cos_loss: 0.00133, total_cos_loss : 0.00148, 
epoch  64 summary: dyn_dyn_cos_loss: 0.00281, dyn_sta_cos_loss: 0.00133, total_cos_loss : 0.00148, 
epoch  65 summary: dyn_dyn_cos_loss: 0.00281, dyn_sta_cos_loss: 0.00133, total_cos_loss : 0.00148, 
epoch  66 summary: dyn_dyn_cos_loss: 0.00280, dyn_sta_cos_loss: 0.00133, total_cos_loss : 0.00148, 
epoch  67 summary: dyn_dyn_cos_loss: 0.00280, dyn_sta_cos_loss: 0.00133, total_cos_loss : 0.00148, 
epoch  68 summary: dyn_dyn_cos_loss: 0.00279, dyn_sta_cos_loss: 0.00133, total_cos_loss : 0.00148, 
epoch  69 summary: dyn_dyn_cos_loss: 0.00279, dyn_sta_cos_loss: 0.00133, total_cos_loss : 0.00148, 
epoch  70 summary: dyn_dyn_cos_loss: 0.00280, dyn_sta_cos_loss: 0.00133, total_cos_loss : 0.00148, 
valid loss: 1.7846, valid acc: 0.5176
epoch  71 summary: dyn_dyn_cos_loss: 0.00279, dyn_sta_cos_loss: 0.00133, total_cos_loss : 0.00148, 
epoch  72 summary: dyn_dyn_cos_loss: 0.00279, dyn_sta_cos_loss: 0.00133, total_cos_loss : 0.00148, 
epoch  73 summary: dyn_dyn_cos_loss: 0.00279, dyn_sta_cos_loss: 0.00133, total_cos_loss : 0.00148, 
epoch  74 summary: dyn_dyn_cos_loss: 0.00279, dyn_sta_cos_loss: 0.00133, total_cos_loss : 0.00147, 
epoch  75 summary: dyn_dyn_cos_loss: 0.00281, dyn_sta_cos_loss: 0.00133, total_cos_loss : 0.00148, 
epoch  76 summary: dyn_dyn_cos_loss: 0.00280, dyn_sta_cos_loss: 0.00133, total_cos_loss : 0.00148, 
epoch  77 summary: dyn_dyn_cos_loss: 0.00280, dyn_sta_cos_loss: 0.00133, total_cos_loss : 0.00147, 
epoch  78 summary: dyn_dyn_cos_loss: 0.00279, dyn_sta_cos_loss: 0.00133, total_cos_loss : 0.00147, 
epoch  79 summary: dyn_dyn_cos_loss: 0.00279, dyn_sta_cos_loss: 0.00133, total_cos_loss : 0.00147, 
epoch  80 summary: dyn_dyn_cos_loss: 0.00279, dyn_sta_cos_loss: 0.00133, total_cos_loss : 0.00147, 
valid loss: 1.7778, valid acc: 0.5215
epoch  81 summary: dyn_dyn_cos_loss: 0.00279, dyn_sta_cos_loss: 0.00133, total_cos_loss : 0.00147, 
epoch  82 summary: dyn_dyn_cos_loss: 0.00279, dyn_sta_cos_loss: 0.00133, total_cos_loss : 0.00147, 
epoch  83 summary: dyn_dyn_cos_loss: 0.00278, dyn_sta_cos_loss: 0.00132, total_cos_loss : 0.00147, 
epoch  84 summary: dyn_dyn_cos_loss: 0.00278, dyn_sta_cos_loss: 0.00132, total_cos_loss : 0.00147, 
epoch  85 summary: dyn_dyn_cos_loss: 0.00278, dyn_sta_cos_loss: 0.00132, total_cos_loss : 0.00147, 
epoch  86 summary: dyn_dyn_cos_loss: 0.00278, dyn_sta_cos_loss: 0.00132, total_cos_loss : 0.00147, 
epoch  87 summary: dyn_dyn_cos_loss: 0.00278, dyn_sta_cos_loss: 0.00132, total_cos_loss : 0.00147, 
epoch  88 summary: dyn_dyn_cos_loss: 0.00278, dyn_sta_cos_loss: 0.00132, total_cos_loss : 0.00147, 
epoch  89 summary: dyn_dyn_cos_loss: 0.00278, dyn_sta_cos_loss: 0.00132, total_cos_loss : 0.00147, 
epoch  90 summary: dyn_dyn_cos_loss: 0.00282, dyn_sta_cos_loss: 0.00132, total_cos_loss : 0.00147, 
valid loss: 1.7705, valid acc: 0.5234
epoch  91 summary: dyn_dyn_cos_loss: 0.00282, dyn_sta_cos_loss: 0.00132, total_cos_loss : 0.00147, 
epoch  92 summary: dyn_dyn_cos_loss: 0.00281, dyn_sta_cos_loss: 0.00132, total_cos_loss : 0.00147, 
epoch  93 summary: dyn_dyn_cos_loss: 0.00281, dyn_sta_cos_loss: 0.00132, total_cos_loss : 0.00147, 
epoch  94 summary: dyn_dyn_cos_loss: 0.00281, dyn_sta_cos_loss: 0.00132, total_cos_loss : 0.00147, 
epoch  95 summary: dyn_dyn_cos_loss: 0.00280, dyn_sta_cos_loss: 0.00132, total_cos_loss : 0.00147, 
epoch  96 summary: dyn_dyn_cos_loss: 0.00280, dyn_sta_cos_loss: 0.00132, total_cos_loss : 0.00147, 
epoch  97 summary: dyn_dyn_cos_loss: 0.00280, dyn_sta_cos_loss: 0.00132, total_cos_loss : 0.00147, 
epoch  98 summary: dyn_dyn_cos_loss: 0.00280, dyn_sta_cos_loss: 0.00132, total_cos_loss : 0.00147, 
epoch  99 summary: dyn_dyn_cos_loss: 0.00280, dyn_sta_cos_loss: 0.00132, total_cos_loss : 0.00147, 
epoch 100 summary: dyn_dyn_cos_loss: 0.00280, dyn_sta_cos_loss: 0.00132, total_cos_loss : 0.00147, 
valid loss: 1.7751, valid acc: 0.5195
epoch 101 summary: dyn_dyn_cos_loss: 0.00279, dyn_sta_cos_loss: 0.00132, total_cos_loss : 0.00147, 
epoch 102 summary: dyn_dyn_cos_loss: 0.00279, dyn_sta_cos_loss: 0.00132, total_cos_loss : 0.00147, 
epoch 103 summary: dyn_dyn_cos_loss: 0.00280, dyn_sta_cos_loss: 0.00132, total_cos_loss : 0.00147, 
epoch 104 summary: dyn_dyn_cos_loss: 0.00280, dyn_sta_cos_loss: 0.00132, total_cos_loss : 0.00147, 
epoch 105 summary: dyn_dyn_cos_loss: 0.00282, dyn_sta_cos_loss: 0.00132, total_cos_loss : 0.00147, 
epoch 106 summary: dyn_dyn_cos_loss: 0.00282, dyn_sta_cos_loss: 0.00132, total_cos_loss : 0.00147, 
epoch 107 summary: dyn_dyn_cos_loss: 0.00281, dyn_sta_cos_loss: 0.00132, total_cos_loss : 0.00147, 
epoch 108 summary: dyn_dyn_cos_loss: 0.00281, dyn_sta_cos_loss: 0.00132, total_cos_loss : 0.00147, 
epoch 109 summary: dyn_dyn_cos_loss: 0.00281, dyn_sta_cos_loss: 0.00132, total_cos_loss : 0.00147, 
epoch 110 summary: dyn_dyn_cos_loss: 0.00280, dyn_sta_cos_loss: 0.00132, total_cos_loss : 0.00147, 
valid loss: 1.7666, valid acc: 0.5254
epoch 111 summary: dyn_dyn_cos_loss: 0.00280, dyn_sta_cos_loss: 0.00132, total_cos_loss : 0.00147, 
epoch 112 summary: dyn_dyn_cos_loss: 0.00280, dyn_sta_cos_loss: 0.00132, total_cos_loss : 0.00147, 
epoch 113 summary: dyn_dyn_cos_loss: 0.00280, dyn_sta_cos_loss: 0.00132, total_cos_loss : 0.00147, 
epoch 114 summary: dyn_dyn_cos_loss: 0.00279, dyn_sta_cos_loss: 0.00132, total_cos_loss : 0.00147, 
epoch 115 summary: dyn_dyn_cos_loss: 0.00279, dyn_sta_cos_loss: 0.00132, total_cos_loss : 0.00147, 
epoch 116 summary: dyn_dyn_cos_loss: 0.00279, dyn_sta_cos_loss: 0.00132, total_cos_loss : 0.00147, 
epoch 117 summary: dyn_dyn_cos_loss: 0.00279, dyn_sta_cos_loss: 0.00132, total_cos_loss : 0.00147, 
epoch 118 summary: dyn_dyn_cos_loss: 0.00279, dyn_sta_cos_loss: 0.00132, total_cos_loss : 0.00147, 
epoch 119 summary: dyn_dyn_cos_loss: 0.00279, dyn_sta_cos_loss: 0.00132, total_cos_loss : 0.00147, 
epoch 120 summary: dyn_dyn_cos_loss: 0.00285, dyn_sta_cos_loss: 0.00132, total_cos_loss : 0.00147, 
valid loss: 1.7656, valid acc: 0.5234
epoch 121 summary: dyn_dyn_cos_loss: 0.00284, dyn_sta_cos_loss: 0.00132, total_cos_loss : 0.00147, 
epoch 122 summary: dyn_dyn_cos_loss: 0.00284, dyn_sta_cos_loss: 0.00132, total_cos_loss : 0.00147, 
epoch 123 summary: dyn_dyn_cos_loss: 0.00283, dyn_sta_cos_loss: 0.00132, total_cos_loss : 0.00147, 
epoch 124 summary: dyn_dyn_cos_loss: 0.00283, dyn_sta_cos_loss: 0.00132, total_cos_loss : 0.00147, 
epoch 125 summary: dyn_dyn_cos_loss: 0.00282, dyn_sta_cos_loss: 0.00132, total_cos_loss : 0.00147, 
epoch 126 summary: dyn_dyn_cos_loss: 0.00282, dyn_sta_cos_loss: 0.00132, total_cos_loss : 0.00147, 
epoch 127 summary: dyn_dyn_cos_loss: 0.00282, dyn_sta_cos_loss: 0.00132, total_cos_loss : 0.00147, 
epoch 128 summary: dyn_dyn_cos_loss: 0.00282, dyn_sta_cos_loss: 0.00132, total_cos_loss : 0.00147, 
epoch 129 summary: dyn_dyn_cos_loss: 0.00282, dyn_sta_cos_loss: 0.00132, total_cos_loss : 0.00147, 
epoch 130 summary: dyn_dyn_cos_loss: 0.00281, dyn_sta_cos_loss: 0.00132, total_cos_loss : 0.00147, 
valid loss: 1.7496, valid acc: 0.5234
epoch 131 summary: dyn_dyn_cos_loss: 0.00281, dyn_sta_cos_loss: 0.00132, total_cos_loss : 0.00147, 
epoch 132 summary: dyn_dyn_cos_loss: 0.00281, dyn_sta_cos_loss: 0.00132, total_cos_loss : 0.00147, 
epoch 133 summary: dyn_dyn_cos_loss: 0.00281, dyn_sta_cos_loss: 0.00132, total_cos_loss : 0.00147, 
epoch 134 summary: dyn_dyn_cos_loss: 0.00281, dyn_sta_cos_loss: 0.00132, total_cos_loss : 0.00147, 
epoch 135 summary: dyn_dyn_cos_loss: 0.00287, dyn_sta_cos_loss: 0.00132, total_cos_loss : 0.00148, 
epoch 136 summary: dyn_dyn_cos_loss: 0.00286, dyn_sta_cos_loss: 0.00132, total_cos_loss : 0.00147, 
epoch 137 summary: dyn_dyn_cos_loss: 0.00286, dyn_sta_cos_loss: 0.00132, total_cos_loss : 0.00147, 
epoch 138 summary: dyn_dyn_cos_loss: 0.00286, dyn_sta_cos_loss: 0.00132, total_cos_loss : 0.00147, 
epoch 139 summary: dyn_dyn_cos_loss: 0.00285, dyn_sta_cos_loss: 0.00132, total_cos_loss : 0.00147, 
epoch 140 summary: dyn_dyn_cos_loss: 0.00284, dyn_sta_cos_loss: 0.00132, total_cos_loss : 0.00147, 
valid loss: 1.7630, valid acc: 0.5195
epoch 141 summary: dyn_dyn_cos_loss: 0.00284, dyn_sta_cos_loss: 0.00132, total_cos_loss : 0.00147, 
epoch 142 summary: dyn_dyn_cos_loss: 0.00284, dyn_sta_cos_loss: 0.00132, total_cos_loss : 0.00147, 
epoch 143 summary: dyn_dyn_cos_loss: 0.00284, dyn_sta_cos_loss: 0.00132, total_cos_loss : 0.00147, 
epoch 144 summary: dyn_dyn_cos_loss: 0.00284, dyn_sta_cos_loss: 0.00132, total_cos_loss : 0.00147, 
epoch 145 summary: dyn_dyn_cos_loss: 0.00284, dyn_sta_cos_loss: 0.00132, total_cos_loss : 0.00147, 
epoch 146 summary: dyn_dyn_cos_loss: 0.00284, dyn_sta_cos_loss: 0.00132, total_cos_loss : 0.00147, 
epoch 147 summary: dyn_dyn_cos_loss: 0.00284, dyn_sta_cos_loss: 0.00132, total_cos_loss : 0.00147, 
epoch 148 summary: dyn_dyn_cos_loss: 0.00284, dyn_sta_cos_loss: 0.00132, total_cos_loss : 0.00147, 
epoch 149 summary: dyn_dyn_cos_loss: 0.00284, dyn_sta_cos_loss: 0.00132, total_cos_loss : 0.00147, 
epoch 150 summary: dyn_dyn_cos_loss: 0.00287, dyn_sta_cos_loss: 0.00132, total_cos_loss : 0.00147, 
valid loss: 1.7644, valid acc: 0.5156
epoch 151 summary: dyn_dyn_cos_loss: 0.00286, dyn_sta_cos_loss: 0.00132, total_cos_loss : 0.00147, 
epoch 152 summary: dyn_dyn_cos_loss: 0.00286, dyn_sta_cos_loss: 0.00132, total_cos_loss : 0.00147, 
epoch 153 summary: dyn_dyn_cos_loss: 0.00285, dyn_sta_cos_loss: 0.00132, total_cos_loss : 0.00147, 
epoch 154 summary: dyn_dyn_cos_loss: 0.00285, dyn_sta_cos_loss: 0.00132, total_cos_loss : 0.00147, 
epoch 155 summary: dyn_dyn_cos_loss: 0.00284, dyn_sta_cos_loss: 0.00132, total_cos_loss : 0.00147, 
epoch 156 summary: dyn_dyn_cos_loss: 0.00284, dyn_sta_cos_loss: 0.00132, total_cos_loss : 0.00147, 
epoch 157 summary: dyn_dyn_cos_loss: 0.00284, dyn_sta_cos_loss: 0.00132, total_cos_loss : 0.00147, 
epoch 158 summary: dyn_dyn_cos_loss: 0.00284, dyn_sta_cos_loss: 0.00132, total_cos_loss : 0.00147, 
epoch 159 summary: dyn_dyn_cos_loss: 0.00283, dyn_sta_cos_loss: 0.00132, total_cos_loss : 0.00147, 
epoch 160 summary: dyn_dyn_cos_loss: 0.00283, dyn_sta_cos_loss: 0.00132, total_cos_loss : 0.00147, 
valid loss: 1.7766, valid acc: 0.5156
epoch 161 summary: dyn_dyn_cos_loss: 0.00283, dyn_sta_cos_loss: 0.00132, total_cos_loss : 0.00147, 
epoch 162 summary: dyn_dyn_cos_loss: 0.00283, dyn_sta_cos_loss: 0.00132, total_cos_loss : 0.00147, 
epoch 163 summary: dyn_dyn_cos_loss: 0.00283, dyn_sta_cos_loss: 0.00132, total_cos_loss : 0.00147, 
epoch 164 summary: dyn_dyn_cos_loss: 0.00283, dyn_sta_cos_loss: 0.00132, total_cos_loss : 0.00147, 
epoch 165 summary: dyn_dyn_cos_loss: 0.00289, dyn_sta_cos_loss: 0.00132, total_cos_loss : 0.00147, 
epoch 166 summary: dyn_dyn_cos_loss: 0.00288, dyn_sta_cos_loss: 0.00132, total_cos_loss : 0.00147, 
epoch 167 summary: dyn_dyn_cos_loss: 0.00287, dyn_sta_cos_loss: 0.00132, total_cos_loss : 0.00147, 
epoch 168 summary: dyn_dyn_cos_loss: 0.00287, dyn_sta_cos_loss: 0.00132, total_cos_loss : 0.00147, 
epoch 169 summary: dyn_dyn_cos_loss: 0.00286, dyn_sta_cos_loss: 0.00132, total_cos_loss : 0.00147, 
epoch 170 summary: dyn_dyn_cos_loss: 0.00286, dyn_sta_cos_loss: 0.00132, total_cos_loss : 0.00147, 
valid loss: 1.7716, valid acc: 0.5156
epoch 171 summary: dyn_dyn_cos_loss: 0.00286, dyn_sta_cos_loss: 0.00132, total_cos_loss : 0.00147, 
epoch 172 summary: dyn_dyn_cos_loss: 0.00286, dyn_sta_cos_loss: 0.00132, total_cos_loss : 0.00147, 
epoch 173 summary: dyn_dyn_cos_loss: 0.00286, dyn_sta_cos_loss: 0.00132, total_cos_loss : 0.00147, 
epoch 174 summary: dyn_dyn_cos_loss: 0.00286, dyn_sta_cos_loss: 0.00132, total_cos_loss : 0.00147, 
epoch 175 summary: dyn_dyn_cos_loss: 0.00286, dyn_sta_cos_loss: 0.00132, total_cos_loss : 0.00147, 
epoch 176 summary: dyn_dyn_cos_loss: 0.00286, dyn_sta_cos_loss: 0.00132, total_cos_loss : 0.00147, 
epoch 177 summary: dyn_dyn_cos_loss: 0.00286, dyn_sta_cos_loss: 0.00132, total_cos_loss : 0.00147, 
epoch 178 summary: dyn_dyn_cos_loss: 0.00286, dyn_sta_cos_loss: 0.00132, total_cos_loss : 0.00147, 
epoch 179 summary: dyn_dyn_cos_loss: 0.00286, dyn_sta_cos_loss: 0.00132, total_cos_loss : 0.00147, 
epoch 180 summary: dyn_dyn_cos_loss: 0.00287, dyn_sta_cos_loss: 0.00132, total_cos_loss : 0.00147, 
valid loss: 1.7638, valid acc: 0.5215
epoch 181 summary: dyn_dyn_cos_loss: 0.00286, dyn_sta_cos_loss: 0.00132, total_cos_loss : 0.00147, 
epoch 182 summary: dyn_dyn_cos_loss: 0.00286, dyn_sta_cos_loss: 0.00132, total_cos_loss : 0.00147, 
epoch 183 summary: dyn_dyn_cos_loss: 0.00285, dyn_sta_cos_loss: 0.00132, total_cos_loss : 0.00147, 
epoch 184 summary: dyn_dyn_cos_loss: 0.00285, dyn_sta_cos_loss: 0.00132, total_cos_loss : 0.00147, 
epoch 185 summary: dyn_dyn_cos_loss: 0.00284, dyn_sta_cos_loss: 0.00132, total_cos_loss : 0.00147, 
epoch 186 summary: dyn_dyn_cos_loss: 0.00284, dyn_sta_cos_loss: 0.00132, total_cos_loss : 0.00147, 
epoch 187 summary: dyn_dyn_cos_loss: 0.00284, dyn_sta_cos_loss: 0.00132, total_cos_loss : 0.00147, 
epoch 188 summary: dyn_dyn_cos_loss: 0.00284, dyn_sta_cos_loss: 0.00132, total_cos_loss : 0.00147, 
epoch 189 summary: dyn_dyn_cos_loss: 0.00284, dyn_sta_cos_loss: 0.00132, total_cos_loss : 0.00147, 
epoch 190 summary: dyn_dyn_cos_loss: 0.00284, dyn_sta_cos_loss: 0.00132, total_cos_loss : 0.00147, 
valid loss: 1.7522, valid acc: 0.5176
epoch 191 summary: dyn_dyn_cos_loss: 0.00284, dyn_sta_cos_loss: 0.00132, total_cos_loss : 0.00147, 
epoch 192 summary: dyn_dyn_cos_loss: 0.00284, dyn_sta_cos_loss: 0.00132, total_cos_loss : 0.00147, 
epoch 193 summary: dyn_dyn_cos_loss: 0.00284, dyn_sta_cos_loss: 0.00132, total_cos_loss : 0.00147, 
epoch 194 summary: dyn_dyn_cos_loss: 0.00284, dyn_sta_cos_loss: 0.00132, total_cos_loss : 0.00147, 
epoch 195 summary: dyn_dyn_cos_loss: 0.00283, dyn_sta_cos_loss: 0.00132, total_cos_loss : 0.00147, 
epoch 196 summary: dyn_dyn_cos_loss: 0.00283, dyn_sta_cos_loss: 0.00132, total_cos_loss : 0.00147, 
epoch 197 summary: dyn_dyn_cos_loss: 0.00282, dyn_sta_cos_loss: 0.00132, total_cos_loss : 0.00147, 
epoch 198 summary: dyn_dyn_cos_loss: 0.00282, dyn_sta_cos_loss: 0.00132, total_cos_loss : 0.00147, 
epoch 199 summary: dyn_dyn_cos_loss: 0.00281, dyn_sta_cos_loss: 0.00132, total_cos_loss : 0.00147, 
all                          37646.326ms
all_epoch                    37574.867ms
all_preparation                 71.405ms
all_preparation_2               69.632ms
all_preparation_3                1.754ms
epoch                          121.618ms
epoch_pos_train                  5.442ms
epoch_preparation                0.715ms
epoch_train                    112.504ms
epoch_valid                      2.167ms
----------------------------------------
all                          37646.326ms
  all_epoch             99.81%
  all_preparation        0.19%
all_preparation                 71.405ms
  all_preparation_2     97.52%
  all_preparation_3      2.46%
epoch                        24323.697ms
  epoch_train           92.51%
  epoch_pos_train        4.48%
  epoch_valid            1.78%
  epoch_preparation      0.59%
