Before CTE Training: train eu loss: 1.0543208122253418, eval eu loss: 1.492782711982727
Before CTE Training: train eu acc: 0.659027099609375, eval eu acc: 0.560546875
epoch   0 summary: dyn_dyn_cos_loss: 0.02340, dyn_sta_cos_loss: 0.00711, total_cos_loss : 0.01363, vocab_cro_loss : 4.48728, 
train loss: 3.7730, train acc: 0.1860
epoch   1 summary: dyn_dyn_cos_loss: 0.00000, dyn_sta_cos_loss: 0.00000, total_cos_loss : 0.00000, vocab_cro_loss : 3.77283, 
epoch   2 summary: dyn_dyn_cos_loss: 0.00000, dyn_sta_cos_loss: 0.00000, total_cos_loss : 0.00000, vocab_cro_loss : 3.69697, 
epoch   3 summary: dyn_dyn_cos_loss: 0.00000, dyn_sta_cos_loss: 0.00000, total_cos_loss : 0.00000, vocab_cro_loss : 3.61453, 
epoch   4 summary: dyn_dyn_cos_loss: 0.02238, dyn_sta_cos_loss: 0.00626, total_cos_loss : 0.01271, vocab_cro_loss : 3.54235, 
epoch   5 summary: dyn_dyn_cos_loss: 0.00000, dyn_sta_cos_loss: 0.00000, total_cos_loss : 0.00000, vocab_cro_loss : 2.87350, 
epoch   6 summary: dyn_dyn_cos_loss: 0.00000, dyn_sta_cos_loss: 0.00000, total_cos_loss : 0.00000, vocab_cro_loss : 2.84759, 
epoch   7 summary: dyn_dyn_cos_loss: 0.00000, dyn_sta_cos_loss: 0.00000, total_cos_loss : 0.00000, vocab_cro_loss : 2.83179, 
epoch   8 summary: dyn_dyn_cos_loss: 0.02038, dyn_sta_cos_loss: 0.00513, total_cos_loss : 0.01123, vocab_cro_loss : 2.82011, 
epoch   9 summary: dyn_dyn_cos_loss: 0.00000, dyn_sta_cos_loss: 0.00000, total_cos_loss : 0.00000, vocab_cro_loss : 2.44865, 
epoch  10 summary: dyn_dyn_cos_loss: 0.00000, dyn_sta_cos_loss: 0.00000, total_cos_loss : 0.00000, vocab_cro_loss : 2.43662, 
train loss: 2.4284, train acc: 0.4377
epoch  11 summary: dyn_dyn_cos_loss: 0.00000, dyn_sta_cos_loss: 0.00000, total_cos_loss : 0.00000, vocab_cro_loss : 2.42835, 
epoch  12 summary: dyn_dyn_cos_loss: 0.01745, dyn_sta_cos_loss: 0.00428, total_cos_loss : 0.00955, vocab_cro_loss : 2.41949, 
epoch  13 summary: dyn_dyn_cos_loss: 0.00000, dyn_sta_cos_loss: 0.00000, total_cos_loss : 0.00000, vocab_cro_loss : 2.18776, 
epoch  14 summary: dyn_dyn_cos_loss: 0.00000, dyn_sta_cos_loss: 0.00000, total_cos_loss : 0.00000, vocab_cro_loss : 2.18480, 
epoch  15 summary: dyn_dyn_cos_loss: 0.00000, dyn_sta_cos_loss: 0.00000, total_cos_loss : 0.00000, vocab_cro_loss : 2.17785, 
epoch  16 summary: dyn_dyn_cos_loss: 0.01490, dyn_sta_cos_loss: 0.00378, total_cos_loss : 0.00823, vocab_cro_loss : 2.17285, 
epoch  17 summary: dyn_dyn_cos_loss: 0.00000, dyn_sta_cos_loss: 0.00000, total_cos_loss : 0.00000, vocab_cro_loss : 2.01745, 
epoch  18 summary: dyn_dyn_cos_loss: 0.00000, dyn_sta_cos_loss: 0.00000, total_cos_loss : 0.00000, vocab_cro_loss : 2.01931, 
epoch  19 summary: dyn_dyn_cos_loss: 0.00000, dyn_sta_cos_loss: 0.00000, total_cos_loss : 0.00000, vocab_cro_loss : 2.00914, 
epoch  20 summary: dyn_dyn_cos_loss: 0.01218, dyn_sta_cos_loss: 0.00348, total_cos_loss : 0.00696, vocab_cro_loss : 2.00690, 
train loss: 1.8974, train acc: 0.5182
epoch  21 summary: dyn_dyn_cos_loss: 0.00000, dyn_sta_cos_loss: 0.00000, total_cos_loss : 0.00000, vocab_cro_loss : 1.89743, 
epoch  22 summary: dyn_dyn_cos_loss: 0.00000, dyn_sta_cos_loss: 0.00000, total_cos_loss : 0.00000, vocab_cro_loss : 1.89508, 
epoch  23 summary: dyn_dyn_cos_loss: 0.00000, dyn_sta_cos_loss: 0.00000, total_cos_loss : 0.00000, vocab_cro_loss : 1.89276, 
epoch  24 summary: dyn_dyn_cos_loss: 0.00994, dyn_sta_cos_loss: 0.00320, total_cos_loss : 0.00590, vocab_cro_loss : 1.89020, 
epoch  25 summary: dyn_dyn_cos_loss: 0.00000, dyn_sta_cos_loss: 0.00000, total_cos_loss : 0.00000, vocab_cro_loss : 1.80662, 
epoch  26 summary: dyn_dyn_cos_loss: 0.00000, dyn_sta_cos_loss: 0.00000, total_cos_loss : 0.00000, vocab_cro_loss : 1.80253, 
epoch  27 summary: dyn_dyn_cos_loss: 0.00000, dyn_sta_cos_loss: 0.00000, total_cos_loss : 0.00000, vocab_cro_loss : 1.79769, 
epoch  28 summary: dyn_dyn_cos_loss: 0.00808, dyn_sta_cos_loss: 0.00301, total_cos_loss : 0.00504, vocab_cro_loss : 1.79486, 
epoch  29 summary: dyn_dyn_cos_loss: 0.00000, dyn_sta_cos_loss: 0.00000, total_cos_loss : 0.00000, vocab_cro_loss : 1.73130, 
epoch  30 summary: dyn_dyn_cos_loss: 0.00000, dyn_sta_cos_loss: 0.00000, total_cos_loss : 0.00000, vocab_cro_loss : 1.72922, 
train loss: 1.7286, train acc: 0.5446
epoch  31 summary: dyn_dyn_cos_loss: 0.00000, dyn_sta_cos_loss: 0.00000, total_cos_loss : 0.00000, vocab_cro_loss : 1.72860, 
epoch  32 summary: dyn_dyn_cos_loss: 0.00680, dyn_sta_cos_loss: 0.00283, total_cos_loss : 0.00442, vocab_cro_loss : 1.72659, 
epoch  33 summary: dyn_dyn_cos_loss: 0.00000, dyn_sta_cos_loss: 0.00000, total_cos_loss : 0.00000, vocab_cro_loss : 1.67764, 
epoch  34 summary: dyn_dyn_cos_loss: 0.00000, dyn_sta_cos_loss: 0.00000, total_cos_loss : 0.00000, vocab_cro_loss : 1.67635, 
epoch  35 summary: dyn_dyn_cos_loss: 0.00000, dyn_sta_cos_loss: 0.00000, total_cos_loss : 0.00000, vocab_cro_loss : 1.67398, 
epoch  36 summary: dyn_dyn_cos_loss: 0.00557, dyn_sta_cos_loss: 0.00272, total_cos_loss : 0.00386, vocab_cro_loss : 1.67292, 
epoch  37 summary: dyn_dyn_cos_loss: 0.00000, dyn_sta_cos_loss: 0.00000, total_cos_loss : 0.00000, vocab_cro_loss : 1.63338, 
epoch  38 summary: dyn_dyn_cos_loss: 0.00000, dyn_sta_cos_loss: 0.00000, total_cos_loss : 0.00000, vocab_cro_loss : 1.62989, 
epoch  39 summary: dyn_dyn_cos_loss: 0.00000, dyn_sta_cos_loss: 0.00000, total_cos_loss : 0.00000, vocab_cro_loss : 1.62675, 
epoch  40 summary: dyn_dyn_cos_loss: 0.00464, dyn_sta_cos_loss: 0.00259, total_cos_loss : 0.00341, vocab_cro_loss : 1.62490, 
train loss: 1.5959, train acc: 0.5593
epoch  41 summary: dyn_dyn_cos_loss: 0.00000, dyn_sta_cos_loss: 0.00000, total_cos_loss : 0.00000, vocab_cro_loss : 1.59591, 
epoch  42 summary: dyn_dyn_cos_loss: 0.00000, dyn_sta_cos_loss: 0.00000, total_cos_loss : 0.00000, vocab_cro_loss : 1.59324, 
epoch  43 summary: dyn_dyn_cos_loss: 0.00000, dyn_sta_cos_loss: 0.00000, total_cos_loss : 0.00000, vocab_cro_loss : 1.59204, 
epoch  44 summary: dyn_dyn_cos_loss: 0.00393, dyn_sta_cos_loss: 0.00252, total_cos_loss : 0.00308, vocab_cro_loss : 1.59070, 
epoch  45 summary: dyn_dyn_cos_loss: 0.00000, dyn_sta_cos_loss: 0.00000, total_cos_loss : 0.00000, vocab_cro_loss : 1.56067, 
epoch  46 summary: dyn_dyn_cos_loss: 0.00000, dyn_sta_cos_loss: 0.00000, total_cos_loss : 0.00000, vocab_cro_loss : 1.55987, 
epoch  47 summary: dyn_dyn_cos_loss: 0.00000, dyn_sta_cos_loss: 0.00000, total_cos_loss : 0.00000, vocab_cro_loss : 1.55843, 
epoch  48 summary: dyn_dyn_cos_loss: 0.00357, dyn_sta_cos_loss: 0.00241, total_cos_loss : 0.00287, vocab_cro_loss : 1.55408, 
epoch  49 summary: dyn_dyn_cos_loss: 0.00000, dyn_sta_cos_loss: 0.00000, total_cos_loss : 0.00000, vocab_cro_loss : 1.53619, 
epoch  50 summary: dyn_dyn_cos_loss: 0.00000, dyn_sta_cos_loss: 0.00000, total_cos_loss : 0.00000, vocab_cro_loss : 1.53442, 
train loss: 1.5300, train acc: 0.5766
epoch  51 summary: dyn_dyn_cos_loss: 0.00000, dyn_sta_cos_loss: 0.00000, total_cos_loss : 0.00000, vocab_cro_loss : 1.53001, 
epoch  52 summary: dyn_dyn_cos_loss: 0.00313, dyn_sta_cos_loss: 0.00237, total_cos_loss : 0.00267, vocab_cro_loss : 1.52833, 
epoch  53 summary: dyn_dyn_cos_loss: 0.00000, dyn_sta_cos_loss: 0.00000, total_cos_loss : 0.00000, vocab_cro_loss : 1.51114, 
epoch  54 summary: dyn_dyn_cos_loss: 0.00000, dyn_sta_cos_loss: 0.00000, total_cos_loss : 0.00000, vocab_cro_loss : 1.50793, 
epoch  55 summary: dyn_dyn_cos_loss: 0.00000, dyn_sta_cos_loss: 0.00000, total_cos_loss : 0.00000, vocab_cro_loss : 1.50634, 
epoch  56 summary: dyn_dyn_cos_loss: 0.00281, dyn_sta_cos_loss: 0.00227, total_cos_loss : 0.00249, vocab_cro_loss : 1.50497, 
epoch  57 summary: dyn_dyn_cos_loss: 0.00000, dyn_sta_cos_loss: 0.00000, total_cos_loss : 0.00000, vocab_cro_loss : 1.49288, 
epoch  58 summary: dyn_dyn_cos_loss: 0.00000, dyn_sta_cos_loss: 0.00000, total_cos_loss : 0.00000, vocab_cro_loss : 1.49239, 
epoch  59 summary: dyn_dyn_cos_loss: 0.00000, dyn_sta_cos_loss: 0.00000, total_cos_loss : 0.00000, vocab_cro_loss : 1.48475, 
epoch  60 summary: dyn_dyn_cos_loss: 0.00269, dyn_sta_cos_loss: 0.00218, total_cos_loss : 0.00239, vocab_cro_loss : 1.48346, 
train loss: 1.4731, train acc: 0.5893
epoch  61 summary: dyn_dyn_cos_loss: 0.00000, dyn_sta_cos_loss: 0.00000, total_cos_loss : 0.00000, vocab_cro_loss : 1.47309, 
epoch  62 summary: dyn_dyn_cos_loss: 0.00000, dyn_sta_cos_loss: 0.00000, total_cos_loss : 0.00000, vocab_cro_loss : 1.47057, 
epoch  63 summary: dyn_dyn_cos_loss: 0.00000, dyn_sta_cos_loss: 0.00000, total_cos_loss : 0.00000, vocab_cro_loss : 1.46861, 
epoch  64 summary: dyn_dyn_cos_loss: 0.00247, dyn_sta_cos_loss: 0.00212, total_cos_loss : 0.00226, vocab_cro_loss : 1.46746, 
epoch  65 summary: dyn_dyn_cos_loss: 0.00000, dyn_sta_cos_loss: 0.00000, total_cos_loss : 0.00000, vocab_cro_loss : 1.45712, 
epoch  66 summary: dyn_dyn_cos_loss: 0.00000, dyn_sta_cos_loss: 0.00000, total_cos_loss : 0.00000, vocab_cro_loss : 1.45555, 
epoch  67 summary: dyn_dyn_cos_loss: 0.00000, dyn_sta_cos_loss: 0.00000, total_cos_loss : 0.00000, vocab_cro_loss : 1.45461, 
epoch  68 summary: dyn_dyn_cos_loss: 0.00229, dyn_sta_cos_loss: 0.00208, total_cos_loss : 0.00216, vocab_cro_loss : 1.45230, 
epoch  69 summary: dyn_dyn_cos_loss: 0.00000, dyn_sta_cos_loss: 0.00000, total_cos_loss : 0.00000, vocab_cro_loss : 1.45071, 
epoch  70 summary: dyn_dyn_cos_loss: 0.00000, dyn_sta_cos_loss: 0.00000, total_cos_loss : 0.00000, vocab_cro_loss : 1.44509, 
train loss: 1.4430, train acc: 0.5939
epoch  71 summary: dyn_dyn_cos_loss: 0.00000, dyn_sta_cos_loss: 0.00000, total_cos_loss : 0.00000, vocab_cro_loss : 1.44302, 
epoch  72 summary: dyn_dyn_cos_loss: 0.00215, dyn_sta_cos_loss: 0.00206, total_cos_loss : 0.00209, vocab_cro_loss : 1.44214, 
epoch  73 summary: dyn_dyn_cos_loss: 0.00000, dyn_sta_cos_loss: 0.00000, total_cos_loss : 0.00000, vocab_cro_loss : 1.43776, 
epoch  74 summary: dyn_dyn_cos_loss: 0.00000, dyn_sta_cos_loss: 0.00000, total_cos_loss : 0.00000, vocab_cro_loss : 1.43347, 
epoch  75 summary: dyn_dyn_cos_loss: 0.00000, dyn_sta_cos_loss: 0.00000, total_cos_loss : 0.00000, vocab_cro_loss : 1.43098, 
epoch  76 summary: dyn_dyn_cos_loss: 0.00216, dyn_sta_cos_loss: 0.00197, total_cos_loss : 0.00204, vocab_cro_loss : 1.42896, 
epoch  77 summary: dyn_dyn_cos_loss: 0.00000, dyn_sta_cos_loss: 0.00000, total_cos_loss : 0.00000, vocab_cro_loss : 1.42450, 
epoch  78 summary: dyn_dyn_cos_loss: 0.00000, dyn_sta_cos_loss: 0.00000, total_cos_loss : 0.00000, vocab_cro_loss : 1.42309, 
epoch  79 summary: dyn_dyn_cos_loss: 0.00000, dyn_sta_cos_loss: 0.00000, total_cos_loss : 0.00000, vocab_cro_loss : 1.42028, 
epoch  80 summary: dyn_dyn_cos_loss: 0.00203, dyn_sta_cos_loss: 0.00193, total_cos_loss : 0.00197, vocab_cro_loss : 1.41929, 
train loss: 1.4194, train acc: 0.5968
epoch  81 summary: dyn_dyn_cos_loss: 0.00000, dyn_sta_cos_loss: 0.00000, total_cos_loss : 0.00000, vocab_cro_loss : 1.41939, 
epoch  82 summary: dyn_dyn_cos_loss: 0.00000, dyn_sta_cos_loss: 0.00000, total_cos_loss : 0.00000, vocab_cro_loss : 1.41714, 
epoch  83 summary: dyn_dyn_cos_loss: 0.00000, dyn_sta_cos_loss: 0.00000, total_cos_loss : 0.00000, vocab_cro_loss : 1.41457, 
epoch  84 summary: dyn_dyn_cos_loss: 0.00192, dyn_sta_cos_loss: 0.00188, total_cos_loss : 0.00189, vocab_cro_loss : 1.41218, 
epoch  85 summary: dyn_dyn_cos_loss: 0.00000, dyn_sta_cos_loss: 0.00000, total_cos_loss : 0.00000, vocab_cro_loss : 1.40816, 
epoch  86 summary: dyn_dyn_cos_loss: 0.00000, dyn_sta_cos_loss: 0.00000, total_cos_loss : 0.00000, vocab_cro_loss : 1.40599, 
epoch  87 summary: dyn_dyn_cos_loss: 0.00000, dyn_sta_cos_loss: 0.00000, total_cos_loss : 0.00000, vocab_cro_loss : 1.40507, 
epoch  88 summary: dyn_dyn_cos_loss: 0.00184, dyn_sta_cos_loss: 0.00185, total_cos_loss : 0.00184, vocab_cro_loss : 1.40340, 
epoch  89 summary: dyn_dyn_cos_loss: 0.00000, dyn_sta_cos_loss: 0.00000, total_cos_loss : 0.00000, vocab_cro_loss : 1.40718, 
epoch  90 summary: dyn_dyn_cos_loss: 0.00000, dyn_sta_cos_loss: 0.00000, total_cos_loss : 0.00000, vocab_cro_loss : 1.40151, 
train loss: 1.4003, train acc: 0.6002
epoch  91 summary: dyn_dyn_cos_loss: 0.00000, dyn_sta_cos_loss: 0.00000, total_cos_loss : 0.00000, vocab_cro_loss : 1.40031, 
epoch  92 summary: dyn_dyn_cos_loss: 0.00187, dyn_sta_cos_loss: 0.00182, total_cos_loss : 0.00184, vocab_cro_loss : 1.39929, 
epoch  93 summary: dyn_dyn_cos_loss: 0.00000, dyn_sta_cos_loss: 0.00000, total_cos_loss : 0.00000, vocab_cro_loss : 1.40193, 
epoch  94 summary: dyn_dyn_cos_loss: 0.00000, dyn_sta_cos_loss: 0.00000, total_cos_loss : 0.00000, vocab_cro_loss : 1.40095, 
epoch  95 summary: dyn_dyn_cos_loss: 0.00000, dyn_sta_cos_loss: 0.00000, total_cos_loss : 0.00000, vocab_cro_loss : 1.39544, 
epoch  96 summary: dyn_dyn_cos_loss: 0.00179, dyn_sta_cos_loss: 0.00179, total_cos_loss : 0.00179, vocab_cro_loss : 1.39529, 
epoch  97 summary: dyn_dyn_cos_loss: 0.00000, dyn_sta_cos_loss: 0.00000, total_cos_loss : 0.00000, vocab_cro_loss : 1.39898, 
epoch  98 summary: dyn_dyn_cos_loss: 0.00000, dyn_sta_cos_loss: 0.00000, total_cos_loss : 0.00000, vocab_cro_loss : 1.39329, 
epoch  99 summary: dyn_dyn_cos_loss: 0.00000, dyn_sta_cos_loss: 0.00000, total_cos_loss : 0.00000, vocab_cro_loss : 1.39556, 
epoch 100 summary: dyn_dyn_cos_loss: 0.00172, dyn_sta_cos_loss: 0.00182, total_cos_loss : 0.00178, vocab_cro_loss : 1.40761, 
train loss: 1.4175, train acc: 0.5901
epoch 101 summary: dyn_dyn_cos_loss: 0.00000, dyn_sta_cos_loss: 0.00000, total_cos_loss : 0.00000, vocab_cro_loss : 1.41737, 
epoch 102 summary: dyn_dyn_cos_loss: 0.00000, dyn_sta_cos_loss: 0.00000, total_cos_loss : 0.00000, vocab_cro_loss : 1.44869, 
epoch 103 summary: dyn_dyn_cos_loss: 0.00000, dyn_sta_cos_loss: 0.00000, total_cos_loss : 0.00000, vocab_cro_loss : 1.45545, 
epoch 104 summary: dyn_dyn_cos_loss: 0.00167, dyn_sta_cos_loss: 0.00187, total_cos_loss : 0.00179, vocab_cro_loss : 1.45399, 
epoch 105 summary: dyn_dyn_cos_loss: 0.00000, dyn_sta_cos_loss: 0.00000, total_cos_loss : 0.00000, vocab_cro_loss : 1.41525, 
epoch 106 summary: dyn_dyn_cos_loss: 0.00000, dyn_sta_cos_loss: 0.00000, total_cos_loss : 0.00000, vocab_cro_loss : 1.40759, 
epoch 107 summary: dyn_dyn_cos_loss: 0.00000, dyn_sta_cos_loss: 0.00000, total_cos_loss : 0.00000, vocab_cro_loss : 1.40291, 
epoch 108 summary: dyn_dyn_cos_loss: 0.00175, dyn_sta_cos_loss: 0.00177, total_cos_loss : 0.00176, vocab_cro_loss : 1.40263, 
epoch 109 summary: dyn_dyn_cos_loss: 0.00000, dyn_sta_cos_loss: 0.00000, total_cos_loss : 0.00000, vocab_cro_loss : 1.39955, 
epoch 110 summary: dyn_dyn_cos_loss: 0.00000, dyn_sta_cos_loss: 0.00000, total_cos_loss : 0.00000, vocab_cro_loss : 1.39942, 
train loss: 1.3953, train acc: 0.5932
epoch 111 summary: dyn_dyn_cos_loss: 0.00000, dyn_sta_cos_loss: 0.00000, total_cos_loss : 0.00000, vocab_cro_loss : 1.39527, 
epoch 112 summary: dyn_dyn_cos_loss: 0.00168, dyn_sta_cos_loss: 0.00176, total_cos_loss : 0.00173, vocab_cro_loss : 1.39308, 
epoch 113 summary: dyn_dyn_cos_loss: 0.00000, dyn_sta_cos_loss: 0.00000, total_cos_loss : 0.00000, vocab_cro_loss : 1.39454, 
epoch 114 summary: dyn_dyn_cos_loss: 0.00000, dyn_sta_cos_loss: 0.00000, total_cos_loss : 0.00000, vocab_cro_loss : 1.39222, 
epoch 115 summary: dyn_dyn_cos_loss: 0.00000, dyn_sta_cos_loss: 0.00000, total_cos_loss : 0.00000, vocab_cro_loss : 1.39057, 
epoch 116 summary: dyn_dyn_cos_loss: 0.00162, dyn_sta_cos_loss: 0.00173, total_cos_loss : 0.00169, vocab_cro_loss : 1.38798, 
epoch 117 summary: dyn_dyn_cos_loss: 0.00000, dyn_sta_cos_loss: 0.00000, total_cos_loss : 0.00000, vocab_cro_loss : 1.38859, 
epoch 118 summary: dyn_dyn_cos_loss: 0.00000, dyn_sta_cos_loss: 0.00000, total_cos_loss : 0.00000, vocab_cro_loss : 1.38593, 
epoch 119 summary: dyn_dyn_cos_loss: 0.00000, dyn_sta_cos_loss: 0.00000, total_cos_loss : 0.00000, vocab_cro_loss : 1.38379, 
epoch 120 summary: dyn_dyn_cos_loss: 0.00165, dyn_sta_cos_loss: 0.00170, total_cos_loss : 0.00168, vocab_cro_loss : 1.38117, 
train loss: 1.3788, train acc: 0.6000
epoch 121 summary: dyn_dyn_cos_loss: 0.00000, dyn_sta_cos_loss: 0.00000, total_cos_loss : 0.00000, vocab_cro_loss : 1.37877, 
epoch 122 summary: dyn_dyn_cos_loss: 0.00000, dyn_sta_cos_loss: 0.00000, total_cos_loss : 0.00000, vocab_cro_loss : 1.37757, 
epoch 123 summary: dyn_dyn_cos_loss: 0.00000, dyn_sta_cos_loss: 0.00000, total_cos_loss : 0.00000, vocab_cro_loss : 1.37518, 
epoch 124 summary: dyn_dyn_cos_loss: 0.00160, dyn_sta_cos_loss: 0.00167, total_cos_loss : 0.00164, vocab_cro_loss : 1.37356, 
epoch 125 summary: dyn_dyn_cos_loss: 0.00000, dyn_sta_cos_loss: 0.00000, total_cos_loss : 0.00000, vocab_cro_loss : 1.37472, 
epoch 126 summary: dyn_dyn_cos_loss: 0.00000, dyn_sta_cos_loss: 0.00000, total_cos_loss : 0.00000, vocab_cro_loss : 1.37310, 
epoch 127 summary: dyn_dyn_cos_loss: 0.00000, dyn_sta_cos_loss: 0.00000, total_cos_loss : 0.00000, vocab_cro_loss : 1.37171, 
epoch 128 summary: dyn_dyn_cos_loss: 0.00155, dyn_sta_cos_loss: 0.00164, total_cos_loss : 0.00160, vocab_cro_loss : 1.37004, 
epoch 129 summary: dyn_dyn_cos_loss: 0.00000, dyn_sta_cos_loss: 0.00000, total_cos_loss : 0.00000, vocab_cro_loss : 1.37271, 
epoch 130 summary: dyn_dyn_cos_loss: 0.00000, dyn_sta_cos_loss: 0.00000, total_cos_loss : 0.00000, vocab_cro_loss : 1.37096, 
train loss: 1.3699, train acc: 0.6016
epoch 131 summary: dyn_dyn_cos_loss: 0.00000, dyn_sta_cos_loss: 0.00000, total_cos_loss : 0.00000, vocab_cro_loss : 1.36987, 
epoch 132 summary: dyn_dyn_cos_loss: 0.00150, dyn_sta_cos_loss: 0.00161, total_cos_loss : 0.00157, vocab_cro_loss : 1.36833, 
epoch 133 summary: dyn_dyn_cos_loss: 0.00000, dyn_sta_cos_loss: 0.00000, total_cos_loss : 0.00000, vocab_cro_loss : 1.37084, 
epoch 134 summary: dyn_dyn_cos_loss: 0.00000, dyn_sta_cos_loss: 0.00000, total_cos_loss : 0.00000, vocab_cro_loss : 1.36770, 
epoch 135 summary: dyn_dyn_cos_loss: 0.00000, dyn_sta_cos_loss: 0.00000, total_cos_loss : 0.00000, vocab_cro_loss : 1.36492, 
epoch 136 summary: dyn_dyn_cos_loss: 0.00155, dyn_sta_cos_loss: 0.00161, total_cos_loss : 0.00159, vocab_cro_loss : 1.36405, 
epoch 137 summary: dyn_dyn_cos_loss: 0.00000, dyn_sta_cos_loss: 0.00000, total_cos_loss : 0.00000, vocab_cro_loss : 1.36660, 
epoch 138 summary: dyn_dyn_cos_loss: 0.00000, dyn_sta_cos_loss: 0.00000, total_cos_loss : 0.00000, vocab_cro_loss : 1.36526, 
epoch 139 summary: dyn_dyn_cos_loss: 0.00000, dyn_sta_cos_loss: 0.00000, total_cos_loss : 0.00000, vocab_cro_loss : 1.36434, 
epoch 140 summary: dyn_dyn_cos_loss: 0.00151, dyn_sta_cos_loss: 0.00160, total_cos_loss : 0.00157, vocab_cro_loss : 1.36336, 
train loss: 1.3643, train acc: 0.5998
epoch 141 summary: dyn_dyn_cos_loss: 0.00000, dyn_sta_cos_loss: 0.00000, total_cos_loss : 0.00000, vocab_cro_loss : 1.36433, 
epoch 142 summary: dyn_dyn_cos_loss: 0.00000, dyn_sta_cos_loss: 0.00000, total_cos_loss : 0.00000, vocab_cro_loss : 1.36207, 
epoch 143 summary: dyn_dyn_cos_loss: 0.00000, dyn_sta_cos_loss: 0.00000, total_cos_loss : 0.00000, vocab_cro_loss : 1.36076, 
epoch 144 summary: dyn_dyn_cos_loss: 0.00147, dyn_sta_cos_loss: 0.00158, total_cos_loss : 0.00154, vocab_cro_loss : 1.35982, 
epoch 145 summary: dyn_dyn_cos_loss: 0.00000, dyn_sta_cos_loss: 0.00000, total_cos_loss : 0.00000, vocab_cro_loss : 1.36575, 
epoch 146 summary: dyn_dyn_cos_loss: 0.00000, dyn_sta_cos_loss: 0.00000, total_cos_loss : 0.00000, vocab_cro_loss : 1.36158, 
epoch 147 summary: dyn_dyn_cos_loss: 0.00000, dyn_sta_cos_loss: 0.00000, total_cos_loss : 0.00000, vocab_cro_loss : 1.35978, 
epoch 148 summary: dyn_dyn_cos_loss: 0.00144, dyn_sta_cos_loss: 0.00157, total_cos_loss : 0.00152, vocab_cro_loss : 1.35819, 
epoch 149 summary: dyn_dyn_cos_loss: 0.00000, dyn_sta_cos_loss: 0.00000, total_cos_loss : 0.00000, vocab_cro_loss : 1.36125, 
epoch 150 summary: dyn_dyn_cos_loss: 0.00000, dyn_sta_cos_loss: 0.00000, total_cos_loss : 0.00000, vocab_cro_loss : 1.35840, 
train loss: 1.3562, train acc: 0.6000
epoch 151 summary: dyn_dyn_cos_loss: 0.00000, dyn_sta_cos_loss: 0.00000, total_cos_loss : 0.00000, vocab_cro_loss : 1.35623, 
epoch 152 summary: dyn_dyn_cos_loss: 0.00149, dyn_sta_cos_loss: 0.00156, total_cos_loss : 0.00153, vocab_cro_loss : 1.35532, 
epoch 153 summary: dyn_dyn_cos_loss: 0.00000, dyn_sta_cos_loss: 0.00000, total_cos_loss : 0.00000, vocab_cro_loss : 1.35873, 
epoch 154 summary: dyn_dyn_cos_loss: 0.00000, dyn_sta_cos_loss: 0.00000, total_cos_loss : 0.00000, vocab_cro_loss : 1.35176, 
epoch 155 summary: dyn_dyn_cos_loss: 0.00000, dyn_sta_cos_loss: 0.00000, total_cos_loss : 0.00000, vocab_cro_loss : 1.34870, 
epoch 156 summary: dyn_dyn_cos_loss: 0.00145, dyn_sta_cos_loss: 0.00153, total_cos_loss : 0.00150, vocab_cro_loss : 1.34712, 
epoch 157 summary: dyn_dyn_cos_loss: 0.00000, dyn_sta_cos_loss: 0.00000, total_cos_loss : 0.00000, vocab_cro_loss : 1.35223, 
epoch 158 summary: dyn_dyn_cos_loss: 0.00000, dyn_sta_cos_loss: 0.00000, total_cos_loss : 0.00000, vocab_cro_loss : 1.35029, 
epoch 159 summary: dyn_dyn_cos_loss: 0.00000, dyn_sta_cos_loss: 0.00000, total_cos_loss : 0.00000, vocab_cro_loss : 1.34741, 
epoch 160 summary: dyn_dyn_cos_loss: 0.00142, dyn_sta_cos_loss: 0.00151, total_cos_loss : 0.00147, vocab_cro_loss : 1.34682, 
train loss: 1.3487, train acc: 0.6042
epoch 161 summary: dyn_dyn_cos_loss: 0.00000, dyn_sta_cos_loss: 0.00000, total_cos_loss : 0.00000, vocab_cro_loss : 1.34873, 
epoch 162 summary: dyn_dyn_cos_loss: 0.00000, dyn_sta_cos_loss: 0.00000, total_cos_loss : 0.00000, vocab_cro_loss : 1.34732, 
epoch 163 summary: dyn_dyn_cos_loss: 0.00000, dyn_sta_cos_loss: 0.00000, total_cos_loss : 0.00000, vocab_cro_loss : 1.34678, 
epoch 164 summary: dyn_dyn_cos_loss: 0.00139, dyn_sta_cos_loss: 0.00149, total_cos_loss : 0.00145, vocab_cro_loss : 1.34559, 
epoch 165 summary: dyn_dyn_cos_loss: 0.00000, dyn_sta_cos_loss: 0.00000, total_cos_loss : 0.00000, vocab_cro_loss : 1.34704, 
epoch 166 summary: dyn_dyn_cos_loss: 0.00000, dyn_sta_cos_loss: 0.00000, total_cos_loss : 0.00000, vocab_cro_loss : 1.34555, 
epoch 167 summary: dyn_dyn_cos_loss: 0.00000, dyn_sta_cos_loss: 0.00000, total_cos_loss : 0.00000, vocab_cro_loss : 1.34351, 
epoch 168 summary: dyn_dyn_cos_loss: 0.00144, dyn_sta_cos_loss: 0.00150, total_cos_loss : 0.00147, vocab_cro_loss : 1.34573, 
epoch 169 summary: dyn_dyn_cos_loss: 0.00000, dyn_sta_cos_loss: 0.00000, total_cos_loss : 0.00000, vocab_cro_loss : 1.34283, 
epoch 170 summary: dyn_dyn_cos_loss: 0.00000, dyn_sta_cos_loss: 0.00000, total_cos_loss : 0.00000, vocab_cro_loss : 1.34011, 
train loss: 1.3384, train acc: 0.6039
epoch 171 summary: dyn_dyn_cos_loss: 0.00000, dyn_sta_cos_loss: 0.00000, total_cos_loss : 0.00000, vocab_cro_loss : 1.33836, 
epoch 172 summary: dyn_dyn_cos_loss: 0.00140, dyn_sta_cos_loss: 0.00151, total_cos_loss : 0.00147, vocab_cro_loss : 1.33702, 
epoch 173 summary: dyn_dyn_cos_loss: 0.00000, dyn_sta_cos_loss: 0.00000, total_cos_loss : 0.00000, vocab_cro_loss : 1.33859, 
epoch 174 summary: dyn_dyn_cos_loss: 0.00000, dyn_sta_cos_loss: 0.00000, total_cos_loss : 0.00000, vocab_cro_loss : 1.33627, 
epoch 175 summary: dyn_dyn_cos_loss: 0.00000, dyn_sta_cos_loss: 0.00000, total_cos_loss : 0.00000, vocab_cro_loss : 1.33439, 
epoch 176 summary: dyn_dyn_cos_loss: 0.00138, dyn_sta_cos_loss: 0.00149, total_cos_loss : 0.00145, vocab_cro_loss : 1.33352, 
epoch 177 summary: dyn_dyn_cos_loss: 0.00000, dyn_sta_cos_loss: 0.00000, total_cos_loss : 0.00000, vocab_cro_loss : 1.33773, 
epoch 178 summary: dyn_dyn_cos_loss: 0.00000, dyn_sta_cos_loss: 0.00000, total_cos_loss : 0.00000, vocab_cro_loss : 1.33593, 
epoch 179 summary: dyn_dyn_cos_loss: 0.00000, dyn_sta_cos_loss: 0.00000, total_cos_loss : 0.00000, vocab_cro_loss : 1.33372, 
epoch 180 summary: dyn_dyn_cos_loss: 0.00141, dyn_sta_cos_loss: 0.00146, total_cos_loss : 0.00144, vocab_cro_loss : 1.33210, 
train loss: 1.3307, train acc: 0.6048
epoch 181 summary: dyn_dyn_cos_loss: 0.00000, dyn_sta_cos_loss: 0.00000, total_cos_loss : 0.00000, vocab_cro_loss : 1.33068, 
epoch 182 summary: dyn_dyn_cos_loss: 0.00000, dyn_sta_cos_loss: 0.00000, total_cos_loss : 0.00000, vocab_cro_loss : 1.32832, 
epoch 183 summary: dyn_dyn_cos_loss: 0.00000, dyn_sta_cos_loss: 0.00000, total_cos_loss : 0.00000, vocab_cro_loss : 1.32779, 
epoch 184 summary: dyn_dyn_cos_loss: 0.00138, dyn_sta_cos_loss: 0.00146, total_cos_loss : 0.00142, vocab_cro_loss : 1.32754, 
epoch 185 summary: dyn_dyn_cos_loss: 0.00000, dyn_sta_cos_loss: 0.00000, total_cos_loss : 0.00000, vocab_cro_loss : 1.33338, 
epoch 186 summary: dyn_dyn_cos_loss: 0.00000, dyn_sta_cos_loss: 0.00000, total_cos_loss : 0.00000, vocab_cro_loss : 1.33123, 
epoch 187 summary: dyn_dyn_cos_loss: 0.00000, dyn_sta_cos_loss: 0.00000, total_cos_loss : 0.00000, vocab_cro_loss : 1.32904, 
epoch 188 summary: dyn_dyn_cos_loss: 0.00135, dyn_sta_cos_loss: 0.00144, total_cos_loss : 0.00140, vocab_cro_loss : 1.32768, 
epoch 189 summary: dyn_dyn_cos_loss: 0.00000, dyn_sta_cos_loss: 0.00000, total_cos_loss : 0.00000, vocab_cro_loss : 1.33176, 
epoch 190 summary: dyn_dyn_cos_loss: 0.00000, dyn_sta_cos_loss: 0.00000, total_cos_loss : 0.00000, vocab_cro_loss : 1.33084, 
train loss: 1.3292, train acc: 0.6057
epoch 191 summary: dyn_dyn_cos_loss: 0.00000, dyn_sta_cos_loss: 0.00000, total_cos_loss : 0.00000, vocab_cro_loss : 1.32917, 
epoch 192 summary: dyn_dyn_cos_loss: 0.00132, dyn_sta_cos_loss: 0.00142, total_cos_loss : 0.00138, vocab_cro_loss : 1.32849, 
epoch 193 summary: dyn_dyn_cos_loss: 0.00000, dyn_sta_cos_loss: 0.00000, total_cos_loss : 0.00000, vocab_cro_loss : 1.32929, 
epoch 194 summary: dyn_dyn_cos_loss: 0.00000, dyn_sta_cos_loss: 0.00000, total_cos_loss : 0.00000, vocab_cro_loss : 1.32690, 
epoch 195 summary: dyn_dyn_cos_loss: 0.00000, dyn_sta_cos_loss: 0.00000, total_cos_loss : 0.00000, vocab_cro_loss : 1.32503, 
epoch 196 summary: dyn_dyn_cos_loss: 0.00137, dyn_sta_cos_loss: 0.00143, total_cos_loss : 0.00140, vocab_cro_loss : 1.32399, 
epoch 197 summary: dyn_dyn_cos_loss: 0.00000, dyn_sta_cos_loss: 0.00000, total_cos_loss : 0.00000, vocab_cro_loss : 1.32857, 
epoch 198 summary: dyn_dyn_cos_loss: 0.00000, dyn_sta_cos_loss: 0.00000, total_cos_loss : 0.00000, vocab_cro_loss : 1.32582, 
epoch 199 summary: dyn_dyn_cos_loss: 0.00000, dyn_sta_cos_loss: 0.00000, total_cos_loss : 0.00000, vocab_cro_loss : 1.32518, 
epoch 200 summary: dyn_dyn_cos_loss: 0.00134, dyn_sta_cos_loss: 0.00142, total_cos_loss : 0.00139, vocab_cro_loss : 1.32443, 
train loss: 1.3295, train acc: 0.6048
epoch 201 summary: dyn_dyn_cos_loss: 0.00000, dyn_sta_cos_loss: 0.00000, total_cos_loss : 0.00000, vocab_cro_loss : 1.32945, 
epoch 202 summary: dyn_dyn_cos_loss: 0.00000, dyn_sta_cos_loss: 0.00000, total_cos_loss : 0.00000, vocab_cro_loss : 1.32652, 
epoch 203 summary: dyn_dyn_cos_loss: 0.00000, dyn_sta_cos_loss: 0.00000, total_cos_loss : 0.00000, vocab_cro_loss : 1.32509, 
epoch 204 summary: dyn_dyn_cos_loss: 0.00132, dyn_sta_cos_loss: 0.00141, total_cos_loss : 0.00138, vocab_cro_loss : 1.32464, 
epoch 205 summary: dyn_dyn_cos_loss: 0.00000, dyn_sta_cos_loss: 0.00000, total_cos_loss : 0.00000, vocab_cro_loss : 1.33132, 
epoch 206 summary: dyn_dyn_cos_loss: 0.00000, dyn_sta_cos_loss: 0.00000, total_cos_loss : 0.00000, vocab_cro_loss : 1.32793, 
epoch 207 summary: dyn_dyn_cos_loss: 0.00000, dyn_sta_cos_loss: 0.00000, total_cos_loss : 0.00000, vocab_cro_loss : 1.32572, 
epoch 208 summary: dyn_dyn_cos_loss: 0.00130, dyn_sta_cos_loss: 0.00141, total_cos_loss : 0.00136, vocab_cro_loss : 1.32382, 
epoch 209 summary: dyn_dyn_cos_loss: 0.00000, dyn_sta_cos_loss: 0.00000, total_cos_loss : 0.00000, vocab_cro_loss : 1.32968, 
epoch 210 summary: dyn_dyn_cos_loss: 0.00000, dyn_sta_cos_loss: 0.00000, total_cos_loss : 0.00000, vocab_cro_loss : 1.32731, 
train loss: 1.3258, train acc: 0.6050
epoch 211 summary: dyn_dyn_cos_loss: 0.00000, dyn_sta_cos_loss: 0.00000, total_cos_loss : 0.00000, vocab_cro_loss : 1.32581, 
epoch 212 summary: dyn_dyn_cos_loss: 0.00135, dyn_sta_cos_loss: 0.00140, total_cos_loss : 0.00138, vocab_cro_loss : 1.32502, 
epoch 213 summary: dyn_dyn_cos_loss: 0.00000, dyn_sta_cos_loss: 0.00000, total_cos_loss : 0.00000, vocab_cro_loss : 1.32693, 
epoch 214 summary: dyn_dyn_cos_loss: 0.00000, dyn_sta_cos_loss: 0.00000, total_cos_loss : 0.00000, vocab_cro_loss : 1.32530, 
epoch 215 summary: dyn_dyn_cos_loss: 0.00000, dyn_sta_cos_loss: 0.00000, total_cos_loss : 0.00000, vocab_cro_loss : 1.32368, 
epoch 216 summary: dyn_dyn_cos_loss: 0.00132, dyn_sta_cos_loss: 0.00140, total_cos_loss : 0.00137, vocab_cro_loss : 1.32347, 
epoch 217 summary: dyn_dyn_cos_loss: 0.00000, dyn_sta_cos_loss: 0.00000, total_cos_loss : 0.00000, vocab_cro_loss : 1.32601, 
epoch 218 summary: dyn_dyn_cos_loss: 0.00000, dyn_sta_cos_loss: 0.00000, total_cos_loss : 0.00000, vocab_cro_loss : 1.32400, 
epoch 219 summary: dyn_dyn_cos_loss: 0.00000, dyn_sta_cos_loss: 0.00000, total_cos_loss : 0.00000, vocab_cro_loss : 1.32239, 
epoch 220 summary: dyn_dyn_cos_loss: 0.00130, dyn_sta_cos_loss: 0.00142, total_cos_loss : 0.00137, vocab_cro_loss : 1.32138, 
train loss: 1.3257, train acc: 0.6049
epoch 221 summary: dyn_dyn_cos_loss: 0.00000, dyn_sta_cos_loss: 0.00000, total_cos_loss : 0.00000, vocab_cro_loss : 1.32564, 
epoch 222 summary: dyn_dyn_cos_loss: 0.00000, dyn_sta_cos_loss: 0.00000, total_cos_loss : 0.00000, vocab_cro_loss : 1.32289, 
epoch 223 summary: dyn_dyn_cos_loss: 0.00000, dyn_sta_cos_loss: 0.00000, total_cos_loss : 0.00000, vocab_cro_loss : 1.32060, 
epoch 224 summary: dyn_dyn_cos_loss: 0.00128, dyn_sta_cos_loss: 0.00144, total_cos_loss : 0.00138, vocab_cro_loss : 1.31962, 
epoch 225 summary: dyn_dyn_cos_loss: 0.00000, dyn_sta_cos_loss: 0.00000, total_cos_loss : 0.00000, vocab_cro_loss : 1.32274, 
epoch 226 summary: dyn_dyn_cos_loss: 0.00000, dyn_sta_cos_loss: 0.00000, total_cos_loss : 0.00000, vocab_cro_loss : 1.32188, 
epoch 227 summary: dyn_dyn_cos_loss: 0.00000, dyn_sta_cos_loss: 0.00000, total_cos_loss : 0.00000, vocab_cro_loss : 1.32104, 
epoch 228 summary: dyn_dyn_cos_loss: 0.00134, dyn_sta_cos_loss: 0.00142, total_cos_loss : 0.00139, vocab_cro_loss : 1.31992, 
epoch 229 summary: dyn_dyn_cos_loss: 0.00000, dyn_sta_cos_loss: 0.00000, total_cos_loss : 0.00000, vocab_cro_loss : 1.32560, 
epoch 230 summary: dyn_dyn_cos_loss: 0.00000, dyn_sta_cos_loss: 0.00000, total_cos_loss : 0.00000, vocab_cro_loss : 1.32398, 
train loss: 1.3227, train acc: 0.6068
epoch 231 summary: dyn_dyn_cos_loss: 0.00000, dyn_sta_cos_loss: 0.00000, total_cos_loss : 0.00000, vocab_cro_loss : 1.32265, 
epoch 232 summary: dyn_dyn_cos_loss: 0.00131, dyn_sta_cos_loss: 0.00140, total_cos_loss : 0.00137, vocab_cro_loss : 1.32065, 
epoch 233 summary: dyn_dyn_cos_loss: 0.00000, dyn_sta_cos_loss: 0.00000, total_cos_loss : 0.00000, vocab_cro_loss : 1.32388, 
epoch 234 summary: dyn_dyn_cos_loss: 0.00000, dyn_sta_cos_loss: 0.00000, total_cos_loss : 0.00000, vocab_cro_loss : 1.32208, 
epoch 235 summary: dyn_dyn_cos_loss: 0.00000, dyn_sta_cos_loss: 0.00000, total_cos_loss : 0.00000, vocab_cro_loss : 1.32078, 
epoch 236 summary: dyn_dyn_cos_loss: 0.00129, dyn_sta_cos_loss: 0.00140, total_cos_loss : 0.00135, vocab_cro_loss : 1.31994, 
epoch 237 summary: dyn_dyn_cos_loss: 0.00000, dyn_sta_cos_loss: 0.00000, total_cos_loss : 0.00000, vocab_cro_loss : 1.32568, 
epoch 238 summary: dyn_dyn_cos_loss: 0.00000, dyn_sta_cos_loss: 0.00000, total_cos_loss : 0.00000, vocab_cro_loss : 1.32335, 
epoch 239 summary: dyn_dyn_cos_loss: 0.00000, dyn_sta_cos_loss: 0.00000, total_cos_loss : 0.00000, vocab_cro_loss : 1.32133, 
epoch 240 summary: dyn_dyn_cos_loss: 0.00133, dyn_sta_cos_loss: 0.00140, total_cos_loss : 0.00137, vocab_cro_loss : 1.31872, 
train loss: 1.3222, train acc: 0.6055
epoch 241 summary: dyn_dyn_cos_loss: 0.00000, dyn_sta_cos_loss: 0.00000, total_cos_loss : 0.00000, vocab_cro_loss : 1.32221, 
epoch 242 summary: dyn_dyn_cos_loss: 0.00000, dyn_sta_cos_loss: 0.00000, total_cos_loss : 0.00000, vocab_cro_loss : 1.32057, 
epoch 243 summary: dyn_dyn_cos_loss: 0.00000, dyn_sta_cos_loss: 0.00000, total_cos_loss : 0.00000, vocab_cro_loss : 1.31795, 
epoch 244 summary: dyn_dyn_cos_loss: 0.00130, dyn_sta_cos_loss: 0.00139, total_cos_loss : 0.00136, vocab_cro_loss : 1.31633, 
epoch 245 summary: dyn_dyn_cos_loss: 0.00000, dyn_sta_cos_loss: 0.00000, total_cos_loss : 0.00000, vocab_cro_loss : 1.32013, 
epoch 246 summary: dyn_dyn_cos_loss: 0.00000, dyn_sta_cos_loss: 0.00000, total_cos_loss : 0.00000, vocab_cro_loss : 1.31768, 
epoch 247 summary: dyn_dyn_cos_loss: 0.00000, dyn_sta_cos_loss: 0.00000, total_cos_loss : 0.00000, vocab_cro_loss : 1.31589, 
epoch 248 summary: dyn_dyn_cos_loss: 0.00128, dyn_sta_cos_loss: 0.00139, total_cos_loss : 0.00135, vocab_cro_loss : 1.31559, 
epoch 249 summary: dyn_dyn_cos_loss: 0.00000, dyn_sta_cos_loss: 0.00000, total_cos_loss : 0.00000, vocab_cro_loss : 1.32070, 
epoch 250 summary: dyn_dyn_cos_loss: 0.00000, dyn_sta_cos_loss: 0.00000, total_cos_loss : 0.00000, vocab_cro_loss : 1.31780, 
train loss: 1.3166, train acc: 0.6051
epoch 251 summary: dyn_dyn_cos_loss: 0.00000, dyn_sta_cos_loss: 0.00000, total_cos_loss : 0.00000, vocab_cro_loss : 1.31660, 
epoch 252 summary: dyn_dyn_cos_loss: 0.00127, dyn_sta_cos_loss: 0.00138, total_cos_loss : 0.00134, vocab_cro_loss : 1.31573, 
epoch 253 summary: dyn_dyn_cos_loss: 0.00000, dyn_sta_cos_loss: 0.00000, total_cos_loss : 0.00000, vocab_cro_loss : 1.31980, 
epoch 254 summary: dyn_dyn_cos_loss: 0.00000, dyn_sta_cos_loss: 0.00000, total_cos_loss : 0.00000, vocab_cro_loss : 1.31743, 
epoch 255 summary: dyn_dyn_cos_loss: 0.00000, dyn_sta_cos_loss: 0.00000, total_cos_loss : 0.00000, vocab_cro_loss : 1.31634, 
epoch 256 summary: dyn_dyn_cos_loss: 0.00132, dyn_sta_cos_loss: 0.00136, total_cos_loss : 0.00135, vocab_cro_loss : 1.31460, 
epoch 257 summary: dyn_dyn_cos_loss: 0.00000, dyn_sta_cos_loss: 0.00000, total_cos_loss : 0.00000, vocab_cro_loss : 1.31965, 
epoch 258 summary: dyn_dyn_cos_loss: 0.00000, dyn_sta_cos_loss: 0.00000, total_cos_loss : 0.00000, vocab_cro_loss : 1.31711, 
epoch 259 summary: dyn_dyn_cos_loss: 0.00000, dyn_sta_cos_loss: 0.00000, total_cos_loss : 0.00000, vocab_cro_loss : 1.31645, 
epoch 260 summary: dyn_dyn_cos_loss: 0.00129, dyn_sta_cos_loss: 0.00135, total_cos_loss : 0.00133, vocab_cro_loss : 1.31563, 
train loss: 1.3208, train acc: 0.6033
epoch 261 summary: dyn_dyn_cos_loss: 0.00000, dyn_sta_cos_loss: 0.00000, total_cos_loss : 0.00000, vocab_cro_loss : 1.32081, 
epoch 262 summary: dyn_dyn_cos_loss: 0.00000, dyn_sta_cos_loss: 0.00000, total_cos_loss : 0.00000, vocab_cro_loss : 1.31914, 
epoch 263 summary: dyn_dyn_cos_loss: 0.00000, dyn_sta_cos_loss: 0.00000, total_cos_loss : 0.00000, vocab_cro_loss : 1.31750, 
epoch 264 summary: dyn_dyn_cos_loss: 0.00127, dyn_sta_cos_loss: 0.00134, total_cos_loss : 0.00131, vocab_cro_loss : 1.31602, 
epoch 265 summary: dyn_dyn_cos_loss: 0.00000, dyn_sta_cos_loss: 0.00000, total_cos_loss : 0.00000, vocab_cro_loss : 1.31881, 
epoch 266 summary: dyn_dyn_cos_loss: 0.00000, dyn_sta_cos_loss: 0.00000, total_cos_loss : 0.00000, vocab_cro_loss : 1.31670, 
epoch 267 summary: dyn_dyn_cos_loss: 0.00000, dyn_sta_cos_loss: 0.00000, total_cos_loss : 0.00000, vocab_cro_loss : 1.31474, 
epoch 268 summary: dyn_dyn_cos_loss: 0.00126, dyn_sta_cos_loss: 0.00135, total_cos_loss : 0.00131, vocab_cro_loss : 1.31420, 
epoch 269 summary: dyn_dyn_cos_loss: 0.00000, dyn_sta_cos_loss: 0.00000, total_cos_loss : 0.00000, vocab_cro_loss : 1.31653, 
epoch 270 summary: dyn_dyn_cos_loss: 0.00000, dyn_sta_cos_loss: 0.00000, total_cos_loss : 0.00000, vocab_cro_loss : 1.31440, 
train loss: 1.3131, train acc: 0.6054
epoch 271 summary: dyn_dyn_cos_loss: 0.00000, dyn_sta_cos_loss: 0.00000, total_cos_loss : 0.00000, vocab_cro_loss : 1.31309, 
epoch 272 summary: dyn_dyn_cos_loss: 0.00131, dyn_sta_cos_loss: 0.00134, total_cos_loss : 0.00133, vocab_cro_loss : 1.31265, 
epoch 273 summary: dyn_dyn_cos_loss: 0.00000, dyn_sta_cos_loss: 0.00000, total_cos_loss : 0.00000, vocab_cro_loss : 1.31552, 
epoch 274 summary: dyn_dyn_cos_loss: 0.00000, dyn_sta_cos_loss: 0.00000, total_cos_loss : 0.00000, vocab_cro_loss : 1.31302, 
epoch 275 summary: dyn_dyn_cos_loss: 0.00000, dyn_sta_cos_loss: 0.00000, total_cos_loss : 0.00000, vocab_cro_loss : 1.31235, 
epoch 276 summary: dyn_dyn_cos_loss: 0.00128, dyn_sta_cos_loss: 0.00134, total_cos_loss : 0.00132, vocab_cro_loss : 1.31180, 
epoch 277 summary: dyn_dyn_cos_loss: 0.00000, dyn_sta_cos_loss: 0.00000, total_cos_loss : 0.00000, vocab_cro_loss : 1.31456, 
epoch 278 summary: dyn_dyn_cos_loss: 0.00000, dyn_sta_cos_loss: 0.00000, total_cos_loss : 0.00000, vocab_cro_loss : 1.31252, 
epoch 279 summary: dyn_dyn_cos_loss: 0.00000, dyn_sta_cos_loss: 0.00000, total_cos_loss : 0.00000, vocab_cro_loss : 1.31091, 
epoch 280 summary: dyn_dyn_cos_loss: 0.00127, dyn_sta_cos_loss: 0.00133, total_cos_loss : 0.00131, vocab_cro_loss : 1.31031, 
train loss: 1.3135, train acc: 0.6071
epoch 281 summary: dyn_dyn_cos_loss: 0.00000, dyn_sta_cos_loss: 0.00000, total_cos_loss : 0.00000, vocab_cro_loss : 1.31347, 
epoch 282 summary: dyn_dyn_cos_loss: 0.00000, dyn_sta_cos_loss: 0.00000, total_cos_loss : 0.00000, vocab_cro_loss : 1.31183, 
epoch 283 summary: dyn_dyn_cos_loss: 0.00000, dyn_sta_cos_loss: 0.00000, total_cos_loss : 0.00000, vocab_cro_loss : 1.31113, 
epoch 284 summary: dyn_dyn_cos_loss: 0.00125, dyn_sta_cos_loss: 0.00132, total_cos_loss : 0.00129, vocab_cro_loss : 1.30924, 
epoch 285 summary: dyn_dyn_cos_loss: 0.00000, dyn_sta_cos_loss: 0.00000, total_cos_loss : 0.00000, vocab_cro_loss : 1.31332, 
epoch 286 summary: dyn_dyn_cos_loss: 0.00000, dyn_sta_cos_loss: 0.00000, total_cos_loss : 0.00000, vocab_cro_loss : 1.31146, 
epoch 287 summary: dyn_dyn_cos_loss: 0.00000, dyn_sta_cos_loss: 0.00000, total_cos_loss : 0.00000, vocab_cro_loss : 1.31044, 
epoch 288 summary: dyn_dyn_cos_loss: 0.00130, dyn_sta_cos_loss: 0.00132, total_cos_loss : 0.00131, vocab_cro_loss : 1.30986, 
epoch 289 summary: dyn_dyn_cos_loss: 0.00000, dyn_sta_cos_loss: 0.00000, total_cos_loss : 0.00000, vocab_cro_loss : 1.31648, 
epoch 290 summary: dyn_dyn_cos_loss: 0.00000, dyn_sta_cos_loss: 0.00000, total_cos_loss : 0.00000, vocab_cro_loss : 1.31544, 
train loss: 1.3145, train acc: 0.6075
epoch 291 summary: dyn_dyn_cos_loss: 0.00000, dyn_sta_cos_loss: 0.00000, total_cos_loss : 0.00000, vocab_cro_loss : 1.31447, 
epoch 292 summary: dyn_dyn_cos_loss: 0.00128, dyn_sta_cos_loss: 0.00131, total_cos_loss : 0.00130, vocab_cro_loss : 1.31298, 
epoch 293 summary: dyn_dyn_cos_loss: 0.00000, dyn_sta_cos_loss: 0.00000, total_cos_loss : 0.00000, vocab_cro_loss : 1.31752, 
epoch 294 summary: dyn_dyn_cos_loss: 0.00000, dyn_sta_cos_loss: 0.00000, total_cos_loss : 0.00000, vocab_cro_loss : 1.31626, 
epoch 295 summary: dyn_dyn_cos_loss: 0.00000, dyn_sta_cos_loss: 0.00000, total_cos_loss : 0.00000, vocab_cro_loss : 1.31472, 
epoch 296 summary: dyn_dyn_cos_loss: 0.00126, dyn_sta_cos_loss: 0.00131, total_cos_loss : 0.00129, vocab_cro_loss : 1.31292, 
epoch 297 summary: dyn_dyn_cos_loss: 0.00000, dyn_sta_cos_loss: 0.00000, total_cos_loss : 0.00000, vocab_cro_loss : 1.31637, 
epoch 298 summary: dyn_dyn_cos_loss: 0.00000, dyn_sta_cos_loss: 0.00000, total_cos_loss : 0.00000, vocab_cro_loss : 1.31397, 
epoch 299 summary: dyn_dyn_cos_loss: 0.00000, dyn_sta_cos_loss: 0.00000, total_cos_loss : 0.00000, vocab_cro_loss : 1.31308, 
epoch 300 summary: dyn_dyn_cos_loss: 0.00129, dyn_sta_cos_loss: 0.00131, total_cos_loss : 0.00130, vocab_cro_loss : 1.31213, 
train loss: 1.3151, train acc: 0.6075
epoch 301 summary: dyn_dyn_cos_loss: 0.00000, dyn_sta_cos_loss: 0.00000, total_cos_loss : 0.00000, vocab_cro_loss : 1.31510, 
epoch 302 summary: dyn_dyn_cos_loss: 0.00000, dyn_sta_cos_loss: 0.00000, total_cos_loss : 0.00000, vocab_cro_loss : 1.31413, 
epoch 303 summary: dyn_dyn_cos_loss: 0.00000, dyn_sta_cos_loss: 0.00000, total_cos_loss : 0.00000, vocab_cro_loss : 1.31172, 
epoch 304 summary: dyn_dyn_cos_loss: 0.00127, dyn_sta_cos_loss: 0.00132, total_cos_loss : 0.00130, vocab_cro_loss : 1.31243, 
epoch 305 summary: dyn_dyn_cos_loss: 0.00000, dyn_sta_cos_loss: 0.00000, total_cos_loss : 0.00000, vocab_cro_loss : 1.31364, 
epoch 306 summary: dyn_dyn_cos_loss: 0.00000, dyn_sta_cos_loss: 0.00000, total_cos_loss : 0.00000, vocab_cro_loss : 1.31211, 
epoch 307 summary: dyn_dyn_cos_loss: 0.00000, dyn_sta_cos_loss: 0.00000, total_cos_loss : 0.00000, vocab_cro_loss : 1.31076, 
epoch 308 summary: dyn_dyn_cos_loss: 0.00125, dyn_sta_cos_loss: 0.00130, total_cos_loss : 0.00128, vocab_cro_loss : 1.30944, 
epoch 309 summary: dyn_dyn_cos_loss: 0.00000, dyn_sta_cos_loss: 0.00000, total_cos_loss : 0.00000, vocab_cro_loss : 1.31099, 
epoch 310 summary: dyn_dyn_cos_loss: 0.00000, dyn_sta_cos_loss: 0.00000, total_cos_loss : 0.00000, vocab_cro_loss : 1.30923, 
train loss: 1.3087, train acc: 0.6105
epoch 311 summary: dyn_dyn_cos_loss: 0.00000, dyn_sta_cos_loss: 0.00000, total_cos_loss : 0.00000, vocab_cro_loss : 1.30869, 
epoch 312 summary: dyn_dyn_cos_loss: 0.00124, dyn_sta_cos_loss: 0.00129, total_cos_loss : 0.00127, vocab_cro_loss : 1.30810, 
epoch 313 summary: dyn_dyn_cos_loss: 0.00000, dyn_sta_cos_loss: 0.00000, total_cos_loss : 0.00000, vocab_cro_loss : 1.31074, 
epoch 314 summary: dyn_dyn_cos_loss: 0.00000, dyn_sta_cos_loss: 0.00000, total_cos_loss : 0.00000, vocab_cro_loss : 1.30908, 
epoch 315 summary: dyn_dyn_cos_loss: 0.00000, dyn_sta_cos_loss: 0.00000, total_cos_loss : 0.00000, vocab_cro_loss : 1.30793, 
epoch 316 summary: dyn_dyn_cos_loss: 0.00128, dyn_sta_cos_loss: 0.00129, total_cos_loss : 0.00129, vocab_cro_loss : 1.30662, 
epoch 317 summary: dyn_dyn_cos_loss: 0.00000, dyn_sta_cos_loss: 0.00000, total_cos_loss : 0.00000, vocab_cro_loss : 1.31104, 
epoch 318 summary: dyn_dyn_cos_loss: 0.00000, dyn_sta_cos_loss: 0.00000, total_cos_loss : 0.00000, vocab_cro_loss : 1.31057, 
epoch 319 summary: dyn_dyn_cos_loss: 0.00000, dyn_sta_cos_loss: 0.00000, total_cos_loss : 0.00000, vocab_cro_loss : 1.30900, 
epoch 320 summary: dyn_dyn_cos_loss: 0.00126, dyn_sta_cos_loss: 0.00130, total_cos_loss : 0.00128, vocab_cro_loss : 1.30818, 
train loss: 1.3131, train acc: 0.6087
epoch 321 summary: dyn_dyn_cos_loss: 0.00000, dyn_sta_cos_loss: 0.00000, total_cos_loss : 0.00000, vocab_cro_loss : 1.31304, 
epoch 322 summary: dyn_dyn_cos_loss: 0.00000, dyn_sta_cos_loss: 0.00000, total_cos_loss : 0.00000, vocab_cro_loss : 1.31045, 
epoch 323 summary: dyn_dyn_cos_loss: 0.00000, dyn_sta_cos_loss: 0.00000, total_cos_loss : 0.00000, vocab_cro_loss : 1.30939, 
epoch 324 summary: dyn_dyn_cos_loss: 0.00124, dyn_sta_cos_loss: 0.00130, total_cos_loss : 0.00127, vocab_cro_loss : 1.30900, 
epoch 325 summary: dyn_dyn_cos_loss: 0.00000, dyn_sta_cos_loss: 0.00000, total_cos_loss : 0.00000, vocab_cro_loss : 1.31241, 
epoch 326 summary: dyn_dyn_cos_loss: 0.00000, dyn_sta_cos_loss: 0.00000, total_cos_loss : 0.00000, vocab_cro_loss : 1.30924, 
epoch 327 summary: dyn_dyn_cos_loss: 0.00000, dyn_sta_cos_loss: 0.00000, total_cos_loss : 0.00000, vocab_cro_loss : 1.30828, 
epoch 328 summary: dyn_dyn_cos_loss: 0.00123, dyn_sta_cos_loss: 0.00131, total_cos_loss : 0.00127, vocab_cro_loss : 1.30721, 
epoch 329 summary: dyn_dyn_cos_loss: 0.00000, dyn_sta_cos_loss: 0.00000, total_cos_loss : 0.00000, vocab_cro_loss : 1.31052, 
epoch 330 summary: dyn_dyn_cos_loss: 0.00000, dyn_sta_cos_loss: 0.00000, total_cos_loss : 0.00000, vocab_cro_loss : 1.30845, 
train loss: 1.3076, train acc: 0.6115
epoch 331 summary: dyn_dyn_cos_loss: 0.00000, dyn_sta_cos_loss: 0.00000, total_cos_loss : 0.00000, vocab_cro_loss : 1.30763, 
epoch 332 summary: dyn_dyn_cos_loss: 0.00128, dyn_sta_cos_loss: 0.00130, total_cos_loss : 0.00129, vocab_cro_loss : 1.30698, 
epoch 333 summary: dyn_dyn_cos_loss: 0.00000, dyn_sta_cos_loss: 0.00000, total_cos_loss : 0.00000, vocab_cro_loss : 1.31135, 
epoch 334 summary: dyn_dyn_cos_loss: 0.00000, dyn_sta_cos_loss: 0.00000, total_cos_loss : 0.00000, vocab_cro_loss : 1.30931, 
epoch 335 summary: dyn_dyn_cos_loss: 0.00000, dyn_sta_cos_loss: 0.00000, total_cos_loss : 0.00000, vocab_cro_loss : 1.30776, 
epoch 336 summary: dyn_dyn_cos_loss: 0.00125, dyn_sta_cos_loss: 0.00131, total_cos_loss : 0.00129, vocab_cro_loss : 1.30677, 
epoch 337 summary: dyn_dyn_cos_loss: 0.00000, dyn_sta_cos_loss: 0.00000, total_cos_loss : 0.00000, vocab_cro_loss : 1.30912, 
epoch 338 summary: dyn_dyn_cos_loss: 0.00000, dyn_sta_cos_loss: 0.00000, total_cos_loss : 0.00000, vocab_cro_loss : 1.30791, 
epoch 339 summary: dyn_dyn_cos_loss: 0.00000, dyn_sta_cos_loss: 0.00000, total_cos_loss : 0.00000, vocab_cro_loss : 1.30691, 
epoch 340 summary: dyn_dyn_cos_loss: 0.00124, dyn_sta_cos_loss: 0.00130, total_cos_loss : 0.00128, vocab_cro_loss : 1.30621, 
train loss: 1.3120, train acc: 0.6106
epoch 341 summary: dyn_dyn_cos_loss: 0.00000, dyn_sta_cos_loss: 0.00000, total_cos_loss : 0.00000, vocab_cro_loss : 1.31197, 
epoch 342 summary: dyn_dyn_cos_loss: 0.00000, dyn_sta_cos_loss: 0.00000, total_cos_loss : 0.00000, vocab_cro_loss : 1.31056, 
epoch 343 summary: dyn_dyn_cos_loss: 0.00000, dyn_sta_cos_loss: 0.00000, total_cos_loss : 0.00000, vocab_cro_loss : 1.30882, 
epoch 344 summary: dyn_dyn_cos_loss: 0.00123, dyn_sta_cos_loss: 0.00130, total_cos_loss : 0.00127, vocab_cro_loss : 1.30755, 
epoch 345 summary: dyn_dyn_cos_loss: 0.00000, dyn_sta_cos_loss: 0.00000, total_cos_loss : 0.00000, vocab_cro_loss : 1.31122, 
epoch 346 summary: dyn_dyn_cos_loss: 0.00000, dyn_sta_cos_loss: 0.00000, total_cos_loss : 0.00000, vocab_cro_loss : 1.30999, 
epoch 347 summary: dyn_dyn_cos_loss: 0.00000, dyn_sta_cos_loss: 0.00000, total_cos_loss : 0.00000, vocab_cro_loss : 1.30857, 
epoch 348 summary: dyn_dyn_cos_loss: 0.00128, dyn_sta_cos_loss: 0.00129, total_cos_loss : 0.00129, vocab_cro_loss : 1.30818, 
epoch 349 summary: dyn_dyn_cos_loss: 0.00000, dyn_sta_cos_loss: 0.00000, total_cos_loss : 0.00000, vocab_cro_loss : 1.30979, 
epoch 350 summary: dyn_dyn_cos_loss: 0.00000, dyn_sta_cos_loss: 0.00000, total_cos_loss : 0.00000, vocab_cro_loss : 1.30880, 
train loss: 1.3061, train acc: 0.6106
epoch 351 summary: dyn_dyn_cos_loss: 0.00000, dyn_sta_cos_loss: 0.00000, total_cos_loss : 0.00000, vocab_cro_loss : 1.30613, 
epoch 352 summary: dyn_dyn_cos_loss: 0.00126, dyn_sta_cos_loss: 0.00130, total_cos_loss : 0.00128, vocab_cro_loss : 1.30490, 
epoch 353 summary: dyn_dyn_cos_loss: 0.00000, dyn_sta_cos_loss: 0.00000, total_cos_loss : 0.00000, vocab_cro_loss : 1.30915, 
epoch 354 summary: dyn_dyn_cos_loss: 0.00000, dyn_sta_cos_loss: 0.00000, total_cos_loss : 0.00000, vocab_cro_loss : 1.30640, 
epoch 355 summary: dyn_dyn_cos_loss: 0.00000, dyn_sta_cos_loss: 0.00000, total_cos_loss : 0.00000, vocab_cro_loss : 1.30512, 
epoch 356 summary: dyn_dyn_cos_loss: 0.00124, dyn_sta_cos_loss: 0.00130, total_cos_loss : 0.00127, vocab_cro_loss : 1.30442, 
epoch 357 summary: dyn_dyn_cos_loss: 0.00000, dyn_sta_cos_loss: 0.00000, total_cos_loss : 0.00000, vocab_cro_loss : 1.30917, 
epoch 358 summary: dyn_dyn_cos_loss: 0.00000, dyn_sta_cos_loss: 0.00000, total_cos_loss : 0.00000, vocab_cro_loss : 1.30700, 
epoch 359 summary: dyn_dyn_cos_loss: 0.00000, dyn_sta_cos_loss: 0.00000, total_cos_loss : 0.00000, vocab_cro_loss : 1.30434, 
epoch 360 summary: dyn_dyn_cos_loss: 0.00127, dyn_sta_cos_loss: 0.00129, total_cos_loss : 0.00129, vocab_cro_loss : 1.30388, 
train loss: 1.3083, train acc: 0.6123
epoch 361 summary: dyn_dyn_cos_loss: 0.00000, dyn_sta_cos_loss: 0.00000, total_cos_loss : 0.00000, vocab_cro_loss : 1.30826, 
epoch 362 summary: dyn_dyn_cos_loss: 0.00000, dyn_sta_cos_loss: 0.00000, total_cos_loss : 0.00000, vocab_cro_loss : 1.30647, 
epoch 363 summary: dyn_dyn_cos_loss: 0.00000, dyn_sta_cos_loss: 0.00000, total_cos_loss : 0.00000, vocab_cro_loss : 1.30553, 
epoch 364 summary: dyn_dyn_cos_loss: 0.00125, dyn_sta_cos_loss: 0.00129, total_cos_loss : 0.00127, vocab_cro_loss : 1.30488, 
epoch 365 summary: dyn_dyn_cos_loss: 0.00000, dyn_sta_cos_loss: 0.00000, total_cos_loss : 0.00000, vocab_cro_loss : 1.30959, 
epoch 366 summary: dyn_dyn_cos_loss: 0.00000, dyn_sta_cos_loss: 0.00000, total_cos_loss : 0.00000, vocab_cro_loss : 1.30766, 
epoch 367 summary: dyn_dyn_cos_loss: 0.00000, dyn_sta_cos_loss: 0.00000, total_cos_loss : 0.00000, vocab_cro_loss : 1.30690, 
epoch 368 summary: dyn_dyn_cos_loss: 0.00123, dyn_sta_cos_loss: 0.00128, total_cos_loss : 0.00126, vocab_cro_loss : 1.30629, 
epoch 369 summary: dyn_dyn_cos_loss: 0.00000, dyn_sta_cos_loss: 0.00000, total_cos_loss : 0.00000, vocab_cro_loss : 1.30864, 
epoch 370 summary: dyn_dyn_cos_loss: 0.00000, dyn_sta_cos_loss: 0.00000, total_cos_loss : 0.00000, vocab_cro_loss : 1.30733, 
train loss: 1.3065, train acc: 0.6122
epoch 371 summary: dyn_dyn_cos_loss: 0.00000, dyn_sta_cos_loss: 0.00000, total_cos_loss : 0.00000, vocab_cro_loss : 1.30654, 
epoch 372 summary: dyn_dyn_cos_loss: 0.00122, dyn_sta_cos_loss: 0.00128, total_cos_loss : 0.00126, vocab_cro_loss : 1.30481, 
epoch 373 summary: dyn_dyn_cos_loss: 0.00000, dyn_sta_cos_loss: 0.00000, total_cos_loss : 0.00000, vocab_cro_loss : 1.30688, 
epoch 374 summary: dyn_dyn_cos_loss: 0.00000, dyn_sta_cos_loss: 0.00000, total_cos_loss : 0.00000, vocab_cro_loss : 1.30491, 
epoch 375 summary: dyn_dyn_cos_loss: 0.00000, dyn_sta_cos_loss: 0.00000, total_cos_loss : 0.00000, vocab_cro_loss : 1.30325, 
epoch 376 summary: dyn_dyn_cos_loss: 0.00127, dyn_sta_cos_loss: 0.00128, total_cos_loss : 0.00127, vocab_cro_loss : 1.30269, 
epoch 377 summary: dyn_dyn_cos_loss: 0.00000, dyn_sta_cos_loss: 0.00000, total_cos_loss : 0.00000, vocab_cro_loss : 1.30619, 
epoch 378 summary: dyn_dyn_cos_loss: 0.00000, dyn_sta_cos_loss: 0.00000, total_cos_loss : 0.00000, vocab_cro_loss : 1.30500, 
epoch 379 summary: dyn_dyn_cos_loss: 0.00000, dyn_sta_cos_loss: 0.00000, total_cos_loss : 0.00000, vocab_cro_loss : 1.30382, 
epoch 380 summary: dyn_dyn_cos_loss: 0.00125, dyn_sta_cos_loss: 0.00128, total_cos_loss : 0.00126, vocab_cro_loss : 1.30326, 
train loss: 1.3079, train acc: 0.6109
epoch 381 summary: dyn_dyn_cos_loss: 0.00000, dyn_sta_cos_loss: 0.00000, total_cos_loss : 0.00000, vocab_cro_loss : 1.30788, 
epoch 382 summary: dyn_dyn_cos_loss: 0.00000, dyn_sta_cos_loss: 0.00000, total_cos_loss : 0.00000, vocab_cro_loss : 1.30583, 
epoch 383 summary: dyn_dyn_cos_loss: 0.00000, dyn_sta_cos_loss: 0.00000, total_cos_loss : 0.00000, vocab_cro_loss : 1.30382, 
epoch 384 summary: dyn_dyn_cos_loss: 0.00123, dyn_sta_cos_loss: 0.00127, total_cos_loss : 0.00126, vocab_cro_loss : 1.30298, 
epoch 385 summary: dyn_dyn_cos_loss: 0.00000, dyn_sta_cos_loss: 0.00000, total_cos_loss : 0.00000, vocab_cro_loss : 1.30664, 
epoch 386 summary: dyn_dyn_cos_loss: 0.00000, dyn_sta_cos_loss: 0.00000, total_cos_loss : 0.00000, vocab_cro_loss : 1.30393, 
epoch 387 summary: dyn_dyn_cos_loss: 0.00000, dyn_sta_cos_loss: 0.00000, total_cos_loss : 0.00000, vocab_cro_loss : 1.30292, 
epoch 388 summary: dyn_dyn_cos_loss: 0.00122, dyn_sta_cos_loss: 0.00129, total_cos_loss : 0.00126, vocab_cro_loss : 1.30127, 
epoch 389 summary: dyn_dyn_cos_loss: 0.00000, dyn_sta_cos_loss: 0.00000, total_cos_loss : 0.00000, vocab_cro_loss : 1.30584, 
epoch 390 summary: dyn_dyn_cos_loss: 0.00000, dyn_sta_cos_loss: 0.00000, total_cos_loss : 0.00000, vocab_cro_loss : 1.30356, 
train loss: 1.3031, train acc: 0.6111
epoch 391 summary: dyn_dyn_cos_loss: 0.00000, dyn_sta_cos_loss: 0.00000, total_cos_loss : 0.00000, vocab_cro_loss : 1.30308, 
epoch 392 summary: dyn_dyn_cos_loss: 0.00127, dyn_sta_cos_loss: 0.00127, total_cos_loss : 0.00127, vocab_cro_loss : 1.30251, 
epoch 393 summary: dyn_dyn_cos_loss: 0.00000, dyn_sta_cos_loss: 0.00000, total_cos_loss : 0.00000, vocab_cro_loss : 1.30417, 
epoch 394 summary: dyn_dyn_cos_loss: 0.00000, dyn_sta_cos_loss: 0.00000, total_cos_loss : 0.00000, vocab_cro_loss : 1.30276, 
epoch 395 summary: dyn_dyn_cos_loss: 0.00000, dyn_sta_cos_loss: 0.00000, total_cos_loss : 0.00000, vocab_cro_loss : 1.30215, 
epoch 396 summary: dyn_dyn_cos_loss: 0.00124, dyn_sta_cos_loss: 0.00127, total_cos_loss : 0.00126, vocab_cro_loss : 1.30151, 
epoch 397 summary: dyn_dyn_cos_loss: 0.00000, dyn_sta_cos_loss: 0.00000, total_cos_loss : 0.00000, vocab_cro_loss : 1.30408, 
epoch 398 summary: dyn_dyn_cos_loss: 0.00000, dyn_sta_cos_loss: 0.00000, total_cos_loss : 0.00000, vocab_cro_loss : 1.30146, 
epoch 399 summary: dyn_dyn_cos_loss: 0.00000, dyn_sta_cos_loss: 0.00000, total_cos_loss : 0.00000, vocab_cro_loss : 1.30077, 
train loss: 1.2990, train acc: 0.6130
all                        3038653.466ms
all_epoch                  3027267.166ms
all_preparation              11386.259ms
all_preparation_2            11384.145ms
all_preparation_3                2.072ms
epoch                         7434.574ms
epoch_pos_train                  4.215ms
epoch_preparation               15.595ms
epoch_train                   7276.357ms
epoch_valid                    136.127ms
----------------------------------------
all                        3038653.466ms
  all_epoch             99.63%
  all_preparation        0.37%
all_preparation              11386.259ms
  all_preparation_2     99.98%
  all_preparation_3      0.02%
epoch                      2973829.799ms
  epoch_train           97.87%
  epoch_valid            1.83%
  epoch_preparation      0.21%
  epoch_pos_train        0.06%
epoch   0 summary: dyn_dyn_cos_loss: 0.02080, dyn_sta_cos_loss: 0.00688, total_cos_loss : 0.01245, 
valid loss: 3.5885, valid acc: 0.1484
epoch   1 summary: dyn_dyn_cos_loss: 0.01556, dyn_sta_cos_loss: 0.00539, total_cos_loss : 0.00946, 
epoch   2 summary: dyn_dyn_cos_loss: 0.01173, dyn_sta_cos_loss: 0.00441, total_cos_loss : 0.00734, 
epoch   3 summary: dyn_dyn_cos_loss: 0.00871, dyn_sta_cos_loss: 0.00365, total_cos_loss : 0.00568, 
epoch   4 summary: dyn_dyn_cos_loss: 0.00647, dyn_sta_cos_loss: 0.00306, total_cos_loss : 0.00443, 
epoch   5 summary: dyn_dyn_cos_loss: 0.00500, dyn_sta_cos_loss: 0.00262, total_cos_loss : 0.00357, 
epoch   6 summary: dyn_dyn_cos_loss: 0.00401, dyn_sta_cos_loss: 0.00232, total_cos_loss : 0.00300, 
epoch   7 summary: dyn_dyn_cos_loss: 0.00321, dyn_sta_cos_loss: 0.00209, total_cos_loss : 0.00254, 
epoch   8 summary: dyn_dyn_cos_loss: 0.00267, dyn_sta_cos_loss: 0.00193, total_cos_loss : 0.00222, 
epoch   9 summary: dyn_dyn_cos_loss: 0.00226, dyn_sta_cos_loss: 0.00179, total_cos_loss : 0.00198, 
epoch  10 summary: dyn_dyn_cos_loss: 0.00198, dyn_sta_cos_loss: 0.00169, total_cos_loss : 0.00181, 
valid loss: 1.8736, valid acc: 0.4824
epoch  11 summary: dyn_dyn_cos_loss: 0.00174, dyn_sta_cos_loss: 0.00161, total_cos_loss : 0.00166, 
epoch  12 summary: dyn_dyn_cos_loss: 0.00160, dyn_sta_cos_loss: 0.00154, total_cos_loss : 0.00157, 
epoch  13 summary: dyn_dyn_cos_loss: 0.00147, dyn_sta_cos_loss: 0.00148, total_cos_loss : 0.00148, 
epoch  14 summary: dyn_dyn_cos_loss: 0.00139, dyn_sta_cos_loss: 0.00144, total_cos_loss : 0.00142, 
epoch  15 summary: dyn_dyn_cos_loss: 0.00148, dyn_sta_cos_loss: 0.00140, total_cos_loss : 0.00143, 
epoch  16 summary: dyn_dyn_cos_loss: 0.00140, dyn_sta_cos_loss: 0.00138, total_cos_loss : 0.00139, 
epoch  17 summary: dyn_dyn_cos_loss: 0.00135, dyn_sta_cos_loss: 0.00136, total_cos_loss : 0.00135, 
epoch  18 summary: dyn_dyn_cos_loss: 0.00131, dyn_sta_cos_loss: 0.00133, total_cos_loss : 0.00132, 
epoch  19 summary: dyn_dyn_cos_loss: 0.00128, dyn_sta_cos_loss: 0.00132, total_cos_loss : 0.00130, 
epoch  20 summary: dyn_dyn_cos_loss: 0.00126, dyn_sta_cos_loss: 0.00131, total_cos_loss : 0.00129, 
valid loss: 1.7357, valid acc: 0.5410
epoch  21 summary: dyn_dyn_cos_loss: 0.00123, dyn_sta_cos_loss: 0.00130, total_cos_loss : 0.00127, 
epoch  22 summary: dyn_dyn_cos_loss: 0.00122, dyn_sta_cos_loss: 0.00129, total_cos_loss : 0.00126, 
epoch  23 summary: dyn_dyn_cos_loss: 0.00120, dyn_sta_cos_loss: 0.00128, total_cos_loss : 0.00124, 
epoch  24 summary: dyn_dyn_cos_loss: 0.00118, dyn_sta_cos_loss: 0.00127, total_cos_loss : 0.00123, 
epoch  25 summary: dyn_dyn_cos_loss: 0.00117, dyn_sta_cos_loss: 0.00126, total_cos_loss : 0.00123, 
epoch  26 summary: dyn_dyn_cos_loss: 0.00117, dyn_sta_cos_loss: 0.00126, total_cos_loss : 0.00122, 
epoch  27 summary: dyn_dyn_cos_loss: 0.00116, dyn_sta_cos_loss: 0.00125, total_cos_loss : 0.00122, 
epoch  28 summary: dyn_dyn_cos_loss: 0.00115, dyn_sta_cos_loss: 0.00125, total_cos_loss : 0.00121, 
epoch  29 summary: dyn_dyn_cos_loss: 0.00115, dyn_sta_cos_loss: 0.00124, total_cos_loss : 0.00121, 
epoch  30 summary: dyn_dyn_cos_loss: 0.00127, dyn_sta_cos_loss: 0.00124, total_cos_loss : 0.00125, 
valid loss: 1.7189, valid acc: 0.5352
epoch  31 summary: dyn_dyn_cos_loss: 0.00124, dyn_sta_cos_loss: 0.00124, total_cos_loss : 0.00124, 
epoch  32 summary: dyn_dyn_cos_loss: 0.00122, dyn_sta_cos_loss: 0.00124, total_cos_loss : 0.00123, 
epoch  33 summary: dyn_dyn_cos_loss: 0.00121, dyn_sta_cos_loss: 0.00124, total_cos_loss : 0.00123, 
epoch  34 summary: dyn_dyn_cos_loss: 0.00119, dyn_sta_cos_loss: 0.00124, total_cos_loss : 0.00122, 
epoch  35 summary: dyn_dyn_cos_loss: 0.00118, dyn_sta_cos_loss: 0.00124, total_cos_loss : 0.00122, 
epoch  36 summary: dyn_dyn_cos_loss: 0.00118, dyn_sta_cos_loss: 0.00123, total_cos_loss : 0.00121, 
epoch  37 summary: dyn_dyn_cos_loss: 0.00117, dyn_sta_cos_loss: 0.00123, total_cos_loss : 0.00121, 
epoch  38 summary: dyn_dyn_cos_loss: 0.00117, dyn_sta_cos_loss: 0.00123, total_cos_loss : 0.00120, 
epoch  39 summary: dyn_dyn_cos_loss: 0.00116, dyn_sta_cos_loss: 0.00123, total_cos_loss : 0.00120, 
epoch  40 summary: dyn_dyn_cos_loss: 0.00116, dyn_sta_cos_loss: 0.00123, total_cos_loss : 0.00120, 
valid loss: 1.7042, valid acc: 0.5527
epoch  41 summary: dyn_dyn_cos_loss: 0.00116, dyn_sta_cos_loss: 0.00122, total_cos_loss : 0.00120, 
epoch  42 summary: dyn_dyn_cos_loss: 0.00116, dyn_sta_cos_loss: 0.00122, total_cos_loss : 0.00119, 
epoch  43 summary: dyn_dyn_cos_loss: 0.00115, dyn_sta_cos_loss: 0.00122, total_cos_loss : 0.00119, 
epoch  44 summary: dyn_dyn_cos_loss: 0.00115, dyn_sta_cos_loss: 0.00122, total_cos_loss : 0.00119, 
epoch  45 summary: dyn_dyn_cos_loss: 0.00129, dyn_sta_cos_loss: 0.00122, total_cos_loss : 0.00125, 
epoch  46 summary: dyn_dyn_cos_loss: 0.00127, dyn_sta_cos_loss: 0.00122, total_cos_loss : 0.00124, 
epoch  47 summary: dyn_dyn_cos_loss: 0.00125, dyn_sta_cos_loss: 0.00122, total_cos_loss : 0.00123, 
epoch  48 summary: dyn_dyn_cos_loss: 0.00123, dyn_sta_cos_loss: 0.00122, total_cos_loss : 0.00122, 
epoch  49 summary: dyn_dyn_cos_loss: 0.00122, dyn_sta_cos_loss: 0.00122, total_cos_loss : 0.00122, 
epoch  50 summary: dyn_dyn_cos_loss: 0.00121, dyn_sta_cos_loss: 0.00122, total_cos_loss : 0.00122, 
valid loss: 1.7102, valid acc: 0.5430
epoch  51 summary: dyn_dyn_cos_loss: 0.00120, dyn_sta_cos_loss: 0.00122, total_cos_loss : 0.00121, 
epoch  52 summary: dyn_dyn_cos_loss: 0.00120, dyn_sta_cos_loss: 0.00122, total_cos_loss : 0.00121, 
epoch  53 summary: dyn_dyn_cos_loss: 0.00119, dyn_sta_cos_loss: 0.00121, total_cos_loss : 0.00120, 
epoch  54 summary: dyn_dyn_cos_loss: 0.00119, dyn_sta_cos_loss: 0.00121, total_cos_loss : 0.00120, 
epoch  55 summary: dyn_dyn_cos_loss: 0.00119, dyn_sta_cos_loss: 0.00121, total_cos_loss : 0.00120, 
epoch  56 summary: dyn_dyn_cos_loss: 0.00118, dyn_sta_cos_loss: 0.00121, total_cos_loss : 0.00120, 
epoch  57 summary: dyn_dyn_cos_loss: 0.00118, dyn_sta_cos_loss: 0.00121, total_cos_loss : 0.00120, 
epoch  58 summary: dyn_dyn_cos_loss: 0.00118, dyn_sta_cos_loss: 0.00121, total_cos_loss : 0.00120, 
epoch  59 summary: dyn_dyn_cos_loss: 0.00118, dyn_sta_cos_loss: 0.00120, total_cos_loss : 0.00119, 
epoch  60 summary: dyn_dyn_cos_loss: 0.00129, dyn_sta_cos_loss: 0.00120, total_cos_loss : 0.00124, 
valid loss: 1.6981, valid acc: 0.5410
epoch  61 summary: dyn_dyn_cos_loss: 0.00126, dyn_sta_cos_loss: 0.00121, total_cos_loss : 0.00123, 
epoch  62 summary: dyn_dyn_cos_loss: 0.00124, dyn_sta_cos_loss: 0.00121, total_cos_loss : 0.00122, 
epoch  63 summary: dyn_dyn_cos_loss: 0.00122, dyn_sta_cos_loss: 0.00121, total_cos_loss : 0.00122, 
epoch  64 summary: dyn_dyn_cos_loss: 0.00121, dyn_sta_cos_loss: 0.00121, total_cos_loss : 0.00121, 
epoch  65 summary: dyn_dyn_cos_loss: 0.00120, dyn_sta_cos_loss: 0.00121, total_cos_loss : 0.00121, 
epoch  66 summary: dyn_dyn_cos_loss: 0.00119, dyn_sta_cos_loss: 0.00121, total_cos_loss : 0.00120, 
epoch  67 summary: dyn_dyn_cos_loss: 0.00119, dyn_sta_cos_loss: 0.00121, total_cos_loss : 0.00120, 
epoch  68 summary: dyn_dyn_cos_loss: 0.00118, dyn_sta_cos_loss: 0.00121, total_cos_loss : 0.00120, 
epoch  69 summary: dyn_dyn_cos_loss: 0.00118, dyn_sta_cos_loss: 0.00121, total_cos_loss : 0.00119, 
epoch  70 summary: dyn_dyn_cos_loss: 0.00117, dyn_sta_cos_loss: 0.00120, total_cos_loss : 0.00119, 
valid loss: 1.6806, valid acc: 0.5508
epoch  71 summary: dyn_dyn_cos_loss: 0.00117, dyn_sta_cos_loss: 0.00120, total_cos_loss : 0.00119, 
epoch  72 summary: dyn_dyn_cos_loss: 0.00117, dyn_sta_cos_loss: 0.00120, total_cos_loss : 0.00119, 
epoch  73 summary: dyn_dyn_cos_loss: 0.00117, dyn_sta_cos_loss: 0.00120, total_cos_loss : 0.00119, 
epoch  74 summary: dyn_dyn_cos_loss: 0.00117, dyn_sta_cos_loss: 0.00120, total_cos_loss : 0.00119, 
epoch  75 summary: dyn_dyn_cos_loss: 0.00126, dyn_sta_cos_loss: 0.00120, total_cos_loss : 0.00122, 
epoch  76 summary: dyn_dyn_cos_loss: 0.00123, dyn_sta_cos_loss: 0.00120, total_cos_loss : 0.00122, 
epoch  77 summary: dyn_dyn_cos_loss: 0.00122, dyn_sta_cos_loss: 0.00120, total_cos_loss : 0.00121, 
epoch  78 summary: dyn_dyn_cos_loss: 0.00121, dyn_sta_cos_loss: 0.00120, total_cos_loss : 0.00120, 
epoch  79 summary: dyn_dyn_cos_loss: 0.00120, dyn_sta_cos_loss: 0.00120, total_cos_loss : 0.00120, 
epoch  80 summary: dyn_dyn_cos_loss: 0.00119, dyn_sta_cos_loss: 0.00120, total_cos_loss : 0.00120, 
valid loss: 1.6826, valid acc: 0.5527
epoch  81 summary: dyn_dyn_cos_loss: 0.00118, dyn_sta_cos_loss: 0.00120, total_cos_loss : 0.00119, 
epoch  82 summary: dyn_dyn_cos_loss: 0.00118, dyn_sta_cos_loss: 0.00120, total_cos_loss : 0.00119, 
epoch  83 summary: dyn_dyn_cos_loss: 0.00117, dyn_sta_cos_loss: 0.00120, total_cos_loss : 0.00119, 
epoch  84 summary: dyn_dyn_cos_loss: 0.00117, dyn_sta_cos_loss: 0.00120, total_cos_loss : 0.00119, 
epoch  85 summary: dyn_dyn_cos_loss: 0.00117, dyn_sta_cos_loss: 0.00120, total_cos_loss : 0.00119, 
epoch  86 summary: dyn_dyn_cos_loss: 0.00117, dyn_sta_cos_loss: 0.00120, total_cos_loss : 0.00119, 
epoch  87 summary: dyn_dyn_cos_loss: 0.00116, dyn_sta_cos_loss: 0.00120, total_cos_loss : 0.00118, 
epoch  88 summary: dyn_dyn_cos_loss: 0.00116, dyn_sta_cos_loss: 0.00120, total_cos_loss : 0.00118, 
epoch  89 summary: dyn_dyn_cos_loss: 0.00116, dyn_sta_cos_loss: 0.00120, total_cos_loss : 0.00118, 
epoch  90 summary: dyn_dyn_cos_loss: 0.00128, dyn_sta_cos_loss: 0.00120, total_cos_loss : 0.00123, 
valid loss: 1.7183, valid acc: 0.5527
epoch  91 summary: dyn_dyn_cos_loss: 0.00126, dyn_sta_cos_loss: 0.00120, total_cos_loss : 0.00122, 
epoch  92 summary: dyn_dyn_cos_loss: 0.00124, dyn_sta_cos_loss: 0.00120, total_cos_loss : 0.00122, 
epoch  93 summary: dyn_dyn_cos_loss: 0.00122, dyn_sta_cos_loss: 0.00120, total_cos_loss : 0.00121, 
epoch  94 summary: dyn_dyn_cos_loss: 0.00121, dyn_sta_cos_loss: 0.00120, total_cos_loss : 0.00121, 
epoch  95 summary: dyn_dyn_cos_loss: 0.00120, dyn_sta_cos_loss: 0.00120, total_cos_loss : 0.00120, 
epoch  96 summary: dyn_dyn_cos_loss: 0.00119, dyn_sta_cos_loss: 0.00120, total_cos_loss : 0.00120, 
epoch  97 summary: dyn_dyn_cos_loss: 0.00119, dyn_sta_cos_loss: 0.00120, total_cos_loss : 0.00120, 
epoch  98 summary: dyn_dyn_cos_loss: 0.00118, dyn_sta_cos_loss: 0.00120, total_cos_loss : 0.00119, 
epoch  99 summary: dyn_dyn_cos_loss: 0.00118, dyn_sta_cos_loss: 0.00120, total_cos_loss : 0.00119, 
epoch 100 summary: dyn_dyn_cos_loss: 0.00118, dyn_sta_cos_loss: 0.00120, total_cos_loss : 0.00119, 
valid loss: 1.7214, valid acc: 0.5391
epoch 101 summary: dyn_dyn_cos_loss: 0.00117, dyn_sta_cos_loss: 0.00120, total_cos_loss : 0.00119, 
epoch 102 summary: dyn_dyn_cos_loss: 0.00117, dyn_sta_cos_loss: 0.00120, total_cos_loss : 0.00119, 
epoch 103 summary: dyn_dyn_cos_loss: 0.00117, dyn_sta_cos_loss: 0.00120, total_cos_loss : 0.00119, 
epoch 104 summary: dyn_dyn_cos_loss: 0.00117, dyn_sta_cos_loss: 0.00120, total_cos_loss : 0.00119, 
epoch 105 summary: dyn_dyn_cos_loss: 0.00126, dyn_sta_cos_loss: 0.00120, total_cos_loss : 0.00122, 
epoch 106 summary: dyn_dyn_cos_loss: 0.00124, dyn_sta_cos_loss: 0.00120, total_cos_loss : 0.00121, 
epoch 107 summary: dyn_dyn_cos_loss: 0.00122, dyn_sta_cos_loss: 0.00120, total_cos_loss : 0.00121, 
epoch 108 summary: dyn_dyn_cos_loss: 0.00121, dyn_sta_cos_loss: 0.00120, total_cos_loss : 0.00120, 
epoch 109 summary: dyn_dyn_cos_loss: 0.00120, dyn_sta_cos_loss: 0.00120, total_cos_loss : 0.00120, 
epoch 110 summary: dyn_dyn_cos_loss: 0.00119, dyn_sta_cos_loss: 0.00119, total_cos_loss : 0.00119, 
valid loss: 1.7126, valid acc: 0.5527
epoch 111 summary: dyn_dyn_cos_loss: 0.00119, dyn_sta_cos_loss: 0.00119, total_cos_loss : 0.00119, 
epoch 112 summary: dyn_dyn_cos_loss: 0.00118, dyn_sta_cos_loss: 0.00119, total_cos_loss : 0.00119, 
epoch 113 summary: dyn_dyn_cos_loss: 0.00118, dyn_sta_cos_loss: 0.00119, total_cos_loss : 0.00119, 
epoch 114 summary: dyn_dyn_cos_loss: 0.00117, dyn_sta_cos_loss: 0.00119, total_cos_loss : 0.00119, 
epoch 115 summary: dyn_dyn_cos_loss: 0.00117, dyn_sta_cos_loss: 0.00119, total_cos_loss : 0.00118, 
epoch 116 summary: dyn_dyn_cos_loss: 0.00117, dyn_sta_cos_loss: 0.00119, total_cos_loss : 0.00118, 
epoch 117 summary: dyn_dyn_cos_loss: 0.00117, dyn_sta_cos_loss: 0.00119, total_cos_loss : 0.00118, 
epoch 118 summary: dyn_dyn_cos_loss: 0.00117, dyn_sta_cos_loss: 0.00119, total_cos_loss : 0.00118, 
epoch 119 summary: dyn_dyn_cos_loss: 0.00116, dyn_sta_cos_loss: 0.00119, total_cos_loss : 0.00118, 
epoch 120 summary: dyn_dyn_cos_loss: 0.00127, dyn_sta_cos_loss: 0.00119, total_cos_loss : 0.00122, 
valid loss: 1.7146, valid acc: 0.5488
epoch 121 summary: dyn_dyn_cos_loss: 0.00125, dyn_sta_cos_loss: 0.00119, total_cos_loss : 0.00121, 
epoch 122 summary: dyn_dyn_cos_loss: 0.00123, dyn_sta_cos_loss: 0.00120, total_cos_loss : 0.00121, 
epoch 123 summary: dyn_dyn_cos_loss: 0.00121, dyn_sta_cos_loss: 0.00119, total_cos_loss : 0.00120, 
epoch 124 summary: dyn_dyn_cos_loss: 0.00120, dyn_sta_cos_loss: 0.00119, total_cos_loss : 0.00120, 
epoch 125 summary: dyn_dyn_cos_loss: 0.00119, dyn_sta_cos_loss: 0.00119, total_cos_loss : 0.00119, 
epoch 126 summary: dyn_dyn_cos_loss: 0.00119, dyn_sta_cos_loss: 0.00119, total_cos_loss : 0.00119, 
epoch 127 summary: dyn_dyn_cos_loss: 0.00118, dyn_sta_cos_loss: 0.00119, total_cos_loss : 0.00119, 
epoch 128 summary: dyn_dyn_cos_loss: 0.00118, dyn_sta_cos_loss: 0.00119, total_cos_loss : 0.00118, 
epoch 129 summary: dyn_dyn_cos_loss: 0.00117, dyn_sta_cos_loss: 0.00119, total_cos_loss : 0.00118, 
epoch 130 summary: dyn_dyn_cos_loss: 0.00117, dyn_sta_cos_loss: 0.00119, total_cos_loss : 0.00118, 
valid loss: 1.7045, valid acc: 0.5449
epoch 131 summary: dyn_dyn_cos_loss: 0.00117, dyn_sta_cos_loss: 0.00119, total_cos_loss : 0.00118, 
epoch 132 summary: dyn_dyn_cos_loss: 0.00117, dyn_sta_cos_loss: 0.00119, total_cos_loss : 0.00118, 
epoch 133 summary: dyn_dyn_cos_loss: 0.00117, dyn_sta_cos_loss: 0.00119, total_cos_loss : 0.00118, 
epoch 134 summary: dyn_dyn_cos_loss: 0.00117, dyn_sta_cos_loss: 0.00119, total_cos_loss : 0.00118, 
epoch 135 summary: dyn_dyn_cos_loss: 0.00127, dyn_sta_cos_loss: 0.00119, total_cos_loss : 0.00122, 
epoch 136 summary: dyn_dyn_cos_loss: 0.00124, dyn_sta_cos_loss: 0.00119, total_cos_loss : 0.00121, 
epoch 137 summary: dyn_dyn_cos_loss: 0.00122, dyn_sta_cos_loss: 0.00119, total_cos_loss : 0.00120, 
epoch 138 summary: dyn_dyn_cos_loss: 0.00121, dyn_sta_cos_loss: 0.00119, total_cos_loss : 0.00120, 
epoch 139 summary: dyn_dyn_cos_loss: 0.00120, dyn_sta_cos_loss: 0.00119, total_cos_loss : 0.00119, 
epoch 140 summary: dyn_dyn_cos_loss: 0.00119, dyn_sta_cos_loss: 0.00119, total_cos_loss : 0.00119, 
valid loss: 1.6995, valid acc: 0.5410
epoch 141 summary: dyn_dyn_cos_loss: 0.00118, dyn_sta_cos_loss: 0.00119, total_cos_loss : 0.00119, 
epoch 142 summary: dyn_dyn_cos_loss: 0.00117, dyn_sta_cos_loss: 0.00119, total_cos_loss : 0.00118, 
epoch 143 summary: dyn_dyn_cos_loss: 0.00117, dyn_sta_cos_loss: 0.00119, total_cos_loss : 0.00118, 
epoch 144 summary: dyn_dyn_cos_loss: 0.00117, dyn_sta_cos_loss: 0.00119, total_cos_loss : 0.00118, 
epoch 145 summary: dyn_dyn_cos_loss: 0.00117, dyn_sta_cos_loss: 0.00119, total_cos_loss : 0.00118, 
epoch 146 summary: dyn_dyn_cos_loss: 0.00116, dyn_sta_cos_loss: 0.00119, total_cos_loss : 0.00118, 
epoch 147 summary: dyn_dyn_cos_loss: 0.00116, dyn_sta_cos_loss: 0.00119, total_cos_loss : 0.00118, 
epoch 148 summary: dyn_dyn_cos_loss: 0.00116, dyn_sta_cos_loss: 0.00119, total_cos_loss : 0.00118, 
epoch 149 summary: dyn_dyn_cos_loss: 0.00116, dyn_sta_cos_loss: 0.00119, total_cos_loss : 0.00118, 
epoch 150 summary: dyn_dyn_cos_loss: 0.00127, dyn_sta_cos_loss: 0.00119, total_cos_loss : 0.00122, 
valid loss: 1.6731, valid acc: 0.5508
epoch 151 summary: dyn_dyn_cos_loss: 0.00124, dyn_sta_cos_loss: 0.00119, total_cos_loss : 0.00121, 
epoch 152 summary: dyn_dyn_cos_loss: 0.00122, dyn_sta_cos_loss: 0.00119, total_cos_loss : 0.00120, 
epoch 153 summary: dyn_dyn_cos_loss: 0.00120, dyn_sta_cos_loss: 0.00119, total_cos_loss : 0.00120, 
epoch 154 summary: dyn_dyn_cos_loss: 0.00119, dyn_sta_cos_loss: 0.00119, total_cos_loss : 0.00119, 
epoch 155 summary: dyn_dyn_cos_loss: 0.00118, dyn_sta_cos_loss: 0.00119, total_cos_loss : 0.00119, 
epoch 156 summary: dyn_dyn_cos_loss: 0.00118, dyn_sta_cos_loss: 0.00119, total_cos_loss : 0.00119, 
epoch 157 summary: dyn_dyn_cos_loss: 0.00117, dyn_sta_cos_loss: 0.00119, total_cos_loss : 0.00118, 
epoch 158 summary: dyn_dyn_cos_loss: 0.00117, dyn_sta_cos_loss: 0.00119, total_cos_loss : 0.00118, 
epoch 159 summary: dyn_dyn_cos_loss: 0.00117, dyn_sta_cos_loss: 0.00119, total_cos_loss : 0.00118, 
epoch 160 summary: dyn_dyn_cos_loss: 0.00117, dyn_sta_cos_loss: 0.00119, total_cos_loss : 0.00118, 
valid loss: 1.6851, valid acc: 0.5547
epoch 161 summary: dyn_dyn_cos_loss: 0.00116, dyn_sta_cos_loss: 0.00119, total_cos_loss : 0.00118, 
epoch 162 summary: dyn_dyn_cos_loss: 0.00116, dyn_sta_cos_loss: 0.00118, total_cos_loss : 0.00118, 
epoch 163 summary: dyn_dyn_cos_loss: 0.00116, dyn_sta_cos_loss: 0.00118, total_cos_loss : 0.00118, 
epoch 164 summary: dyn_dyn_cos_loss: 0.00116, dyn_sta_cos_loss: 0.00118, total_cos_loss : 0.00117, 
epoch 165 summary: dyn_dyn_cos_loss: 0.00128, dyn_sta_cos_loss: 0.00118, total_cos_loss : 0.00122, 
epoch 166 summary: dyn_dyn_cos_loss: 0.00126, dyn_sta_cos_loss: 0.00118, total_cos_loss : 0.00121, 
epoch 167 summary: dyn_dyn_cos_loss: 0.00124, dyn_sta_cos_loss: 0.00119, total_cos_loss : 0.00121, 
epoch 168 summary: dyn_dyn_cos_loss: 0.00123, dyn_sta_cos_loss: 0.00119, total_cos_loss : 0.00120, 
epoch 169 summary: dyn_dyn_cos_loss: 0.00122, dyn_sta_cos_loss: 0.00119, total_cos_loss : 0.00120, 
epoch 170 summary: dyn_dyn_cos_loss: 0.00121, dyn_sta_cos_loss: 0.00119, total_cos_loss : 0.00120, 
valid loss: 1.6893, valid acc: 0.5449
epoch 171 summary: dyn_dyn_cos_loss: 0.00120, dyn_sta_cos_loss: 0.00119, total_cos_loss : 0.00119, 
epoch 172 summary: dyn_dyn_cos_loss: 0.00119, dyn_sta_cos_loss: 0.00119, total_cos_loss : 0.00119, 
epoch 173 summary: dyn_dyn_cos_loss: 0.00119, dyn_sta_cos_loss: 0.00119, total_cos_loss : 0.00119, 
epoch 174 summary: dyn_dyn_cos_loss: 0.00119, dyn_sta_cos_loss: 0.00119, total_cos_loss : 0.00119, 
epoch 175 summary: dyn_dyn_cos_loss: 0.00118, dyn_sta_cos_loss: 0.00119, total_cos_loss : 0.00118, 
epoch 176 summary: dyn_dyn_cos_loss: 0.00118, dyn_sta_cos_loss: 0.00118, total_cos_loss : 0.00118, 
epoch 177 summary: dyn_dyn_cos_loss: 0.00118, dyn_sta_cos_loss: 0.00118, total_cos_loss : 0.00118, 
epoch 178 summary: dyn_dyn_cos_loss: 0.00118, dyn_sta_cos_loss: 0.00118, total_cos_loss : 0.00118, 
epoch 179 summary: dyn_dyn_cos_loss: 0.00117, dyn_sta_cos_loss: 0.00118, total_cos_loss : 0.00118, 
epoch 180 summary: dyn_dyn_cos_loss: 0.00128, dyn_sta_cos_loss: 0.00118, total_cos_loss : 0.00122, 
valid loss: 1.6925, valid acc: 0.5391
epoch 181 summary: dyn_dyn_cos_loss: 0.00125, dyn_sta_cos_loss: 0.00119, total_cos_loss : 0.00121, 
epoch 182 summary: dyn_dyn_cos_loss: 0.00124, dyn_sta_cos_loss: 0.00119, total_cos_loss : 0.00121, 
epoch 183 summary: dyn_dyn_cos_loss: 0.00122, dyn_sta_cos_loss: 0.00119, total_cos_loss : 0.00120, 
epoch 184 summary: dyn_dyn_cos_loss: 0.00121, dyn_sta_cos_loss: 0.00119, total_cos_loss : 0.00120, 
epoch 185 summary: dyn_dyn_cos_loss: 0.00121, dyn_sta_cos_loss: 0.00119, total_cos_loss : 0.00119, 
epoch 186 summary: dyn_dyn_cos_loss: 0.00120, dyn_sta_cos_loss: 0.00119, total_cos_loss : 0.00119, 
epoch 187 summary: dyn_dyn_cos_loss: 0.00120, dyn_sta_cos_loss: 0.00118, total_cos_loss : 0.00119, 
epoch 188 summary: dyn_dyn_cos_loss: 0.00119, dyn_sta_cos_loss: 0.00118, total_cos_loss : 0.00119, 
epoch 189 summary: dyn_dyn_cos_loss: 0.00119, dyn_sta_cos_loss: 0.00118, total_cos_loss : 0.00118, 
epoch 190 summary: dyn_dyn_cos_loss: 0.00118, dyn_sta_cos_loss: 0.00118, total_cos_loss : 0.00118, 
valid loss: 1.7062, valid acc: 0.5352
epoch 191 summary: dyn_dyn_cos_loss: 0.00118, dyn_sta_cos_loss: 0.00118, total_cos_loss : 0.00118, 
epoch 192 summary: dyn_dyn_cos_loss: 0.00118, dyn_sta_cos_loss: 0.00118, total_cos_loss : 0.00118, 
epoch 193 summary: dyn_dyn_cos_loss: 0.00118, dyn_sta_cos_loss: 0.00118, total_cos_loss : 0.00118, 
epoch 194 summary: dyn_dyn_cos_loss: 0.00118, dyn_sta_cos_loss: 0.00118, total_cos_loss : 0.00118, 
epoch 195 summary: dyn_dyn_cos_loss: 0.00126, dyn_sta_cos_loss: 0.00118, total_cos_loss : 0.00121, 
epoch 196 summary: dyn_dyn_cos_loss: 0.00124, dyn_sta_cos_loss: 0.00118, total_cos_loss : 0.00120, 
epoch 197 summary: dyn_dyn_cos_loss: 0.00122, dyn_sta_cos_loss: 0.00118, total_cos_loss : 0.00120, 
epoch 198 summary: dyn_dyn_cos_loss: 0.00121, dyn_sta_cos_loss: 0.00118, total_cos_loss : 0.00119, 
epoch 199 summary: dyn_dyn_cos_loss: 0.00120, dyn_sta_cos_loss: 0.00118, total_cos_loss : 0.00119, 
all                          51928.846ms
all_epoch                    51823.140ms
all_preparation                105.605ms
all_preparation_2              104.229ms
all_preparation_3                1.356ms
epoch                          188.732ms
epoch_pos_train                  5.403ms
epoch_preparation                0.458ms
epoch_train                    179.523ms
epoch_valid                      2.232ms
----------------------------------------
all                          51928.846ms
  all_epoch             99.80%
  all_preparation        0.20%
all_preparation                105.605ms
  all_preparation_2     98.70%
  all_preparation_3      1.28%
epoch                        37746.426ms
  epoch_train           95.12%
  epoch_pos_train        2.86%
  epoch_valid            1.18%
  epoch_preparation      0.24%
