Before CTE Training: train eu loss: 1.0543208122253418, eval eu loss: 1.492782711982727
Before CTE Training: train eu acc: 0.659027099609375, eval eu acc: 0.560546875
epoch   0 summary: dyn_dyn_cos_loss: 0.02342, dyn_sta_cos_loss: 0.00710, total_cos_loss : 0.01200, vocab_cro_loss : 4.48728, 
train loss: 3.7423, train acc: 0.1944
epoch   1 summary: dyn_dyn_cos_loss: 0.00000, dyn_sta_cos_loss: 0.00000, total_cos_loss : 0.00000, vocab_cro_loss : 3.74206, 
epoch   2 summary: dyn_dyn_cos_loss: 0.02239, dyn_sta_cos_loss: 0.00641, total_cos_loss : 0.01120, vocab_cro_loss : 3.66228, 
epoch   3 summary: dyn_dyn_cos_loss: 0.00000, dyn_sta_cos_loss: 0.00000, total_cos_loss : 0.00000, vocab_cro_loss : 2.93047, 
epoch   4 summary: dyn_dyn_cos_loss: 0.02050, dyn_sta_cos_loss: 0.00537, total_cos_loss : 0.00991, vocab_cro_loss : 2.88299, 
epoch   5 summary: dyn_dyn_cos_loss: 0.00000, dyn_sta_cos_loss: 0.00000, total_cos_loss : 0.00000, vocab_cro_loss : 2.46088, 
epoch   6 summary: dyn_dyn_cos_loss: 0.01770, dyn_sta_cos_loss: 0.00441, total_cos_loss : 0.00839, vocab_cro_loss : 2.44357, 
epoch   7 summary: dyn_dyn_cos_loss: 0.00000, dyn_sta_cos_loss: 0.00000, total_cos_loss : 0.00000, vocab_cro_loss : 2.19954, 
epoch   8 summary: dyn_dyn_cos_loss: 0.01466, dyn_sta_cos_loss: 0.00382, total_cos_loss : 0.00707, vocab_cro_loss : 2.17527, 
epoch   9 summary: dyn_dyn_cos_loss: 0.00000, dyn_sta_cos_loss: 0.00000, total_cos_loss : 0.00000, vocab_cro_loss : 2.01046, 
epoch  10 summary: dyn_dyn_cos_loss: 0.01195, dyn_sta_cos_loss: 0.00333, total_cos_loss : 0.00591, vocab_cro_loss : 1.99813, 
train loss: 1.8996, train acc: 0.5206
epoch  11 summary: dyn_dyn_cos_loss: 0.00000, dyn_sta_cos_loss: 0.00000, total_cos_loss : 0.00000, vocab_cro_loss : 1.89948, 
epoch  12 summary: dyn_dyn_cos_loss: 0.00969, dyn_sta_cos_loss: 0.00304, total_cos_loss : 0.00503, vocab_cro_loss : 1.87371, 
epoch  13 summary: dyn_dyn_cos_loss: 0.00000, dyn_sta_cos_loss: 0.00000, total_cos_loss : 0.00000, vocab_cro_loss : 1.78253, 
epoch  14 summary: dyn_dyn_cos_loss: 0.00784, dyn_sta_cos_loss: 0.00284, total_cos_loss : 0.00434, vocab_cro_loss : 1.78293, 
epoch  15 summary: dyn_dyn_cos_loss: 0.00000, dyn_sta_cos_loss: 0.00000, total_cos_loss : 0.00000, vocab_cro_loss : 1.72127, 
epoch  16 summary: dyn_dyn_cos_loss: 0.00679, dyn_sta_cos_loss: 0.00258, total_cos_loss : 0.00384, vocab_cro_loss : 1.72557, 
epoch  17 summary: dyn_dyn_cos_loss: 0.00000, dyn_sta_cos_loss: 0.00000, total_cos_loss : 0.00000, vocab_cro_loss : 1.65797, 
epoch  18 summary: dyn_dyn_cos_loss: 0.00558, dyn_sta_cos_loss: 0.00236, total_cos_loss : 0.00333, vocab_cro_loss : 1.65044, 
epoch  19 summary: dyn_dyn_cos_loss: 0.00000, dyn_sta_cos_loss: 0.00000, total_cos_loss : 0.00000, vocab_cro_loss : 1.59519, 
epoch  20 summary: dyn_dyn_cos_loss: 0.00465, dyn_sta_cos_loss: 0.00222, total_cos_loss : 0.00295, vocab_cro_loss : 1.58835, 
train loss: 1.5631, train acc: 0.5709
epoch  21 summary: dyn_dyn_cos_loss: 0.00000, dyn_sta_cos_loss: 0.00000, total_cos_loss : 0.00000, vocab_cro_loss : 1.56302, 
epoch  22 summary: dyn_dyn_cos_loss: 0.00395, dyn_sta_cos_loss: 0.00211, total_cos_loss : 0.00266, vocab_cro_loss : 1.55906, 
epoch  23 summary: dyn_dyn_cos_loss: 0.00000, dyn_sta_cos_loss: 0.00000, total_cos_loss : 0.00000, vocab_cro_loss : 1.53618, 
epoch  24 summary: dyn_dyn_cos_loss: 0.00342, dyn_sta_cos_loss: 0.00204, total_cos_loss : 0.00245, vocab_cro_loss : 1.53227, 
epoch  25 summary: dyn_dyn_cos_loss: 0.00000, dyn_sta_cos_loss: 0.00000, total_cos_loss : 0.00000, vocab_cro_loss : 1.50274, 
epoch  26 summary: dyn_dyn_cos_loss: 0.00303, dyn_sta_cos_loss: 0.00196, total_cos_loss : 0.00229, vocab_cro_loss : 1.49499, 
epoch  27 summary: dyn_dyn_cos_loss: 0.00000, dyn_sta_cos_loss: 0.00000, total_cos_loss : 0.00000, vocab_cro_loss : 1.47033, 
epoch  28 summary: dyn_dyn_cos_loss: 0.00274, dyn_sta_cos_loss: 0.00191, total_cos_loss : 0.00216, vocab_cro_loss : 1.46758, 
epoch  29 summary: dyn_dyn_cos_loss: 0.00000, dyn_sta_cos_loss: 0.00000, total_cos_loss : 0.00000, vocab_cro_loss : 1.44992, 
epoch  30 summary: dyn_dyn_cos_loss: 0.00265, dyn_sta_cos_loss: 0.00181, total_cos_loss : 0.00206, vocab_cro_loss : 1.44549, 
train loss: 1.4345, train acc: 0.5940
epoch  31 summary: dyn_dyn_cos_loss: 0.00000, dyn_sta_cos_loss: 0.00000, total_cos_loss : 0.00000, vocab_cro_loss : 1.43450, 
epoch  32 summary: dyn_dyn_cos_loss: 0.00245, dyn_sta_cos_loss: 0.00177, total_cos_loss : 0.00197, vocab_cro_loss : 1.42695, 
epoch  33 summary: dyn_dyn_cos_loss: 0.00000, dyn_sta_cos_loss: 0.00000, total_cos_loss : 0.00000, vocab_cro_loss : 1.41408, 
epoch  34 summary: dyn_dyn_cos_loss: 0.00229, dyn_sta_cos_loss: 0.00168, total_cos_loss : 0.00187, vocab_cro_loss : 1.40981, 
epoch  35 summary: dyn_dyn_cos_loss: 0.00000, dyn_sta_cos_loss: 0.00000, total_cos_loss : 0.00000, vocab_cro_loss : 1.40244, 
epoch  36 summary: dyn_dyn_cos_loss: 0.00215, dyn_sta_cos_loss: 0.00166, total_cos_loss : 0.00181, vocab_cro_loss : 1.40124, 
epoch  37 summary: dyn_dyn_cos_loss: 0.00000, dyn_sta_cos_loss: 0.00000, total_cos_loss : 0.00000, vocab_cro_loss : 1.39263, 
epoch  38 summary: dyn_dyn_cos_loss: 0.00205, dyn_sta_cos_loss: 0.00163, total_cos_loss : 0.00176, vocab_cro_loss : 1.38612, 
epoch  39 summary: dyn_dyn_cos_loss: 0.00000, dyn_sta_cos_loss: 0.00000, total_cos_loss : 0.00000, vocab_cro_loss : 1.37860, 
epoch  40 summary: dyn_dyn_cos_loss: 0.00197, dyn_sta_cos_loss: 0.00163, total_cos_loss : 0.00173, vocab_cro_loss : 1.37202, 
train loss: 1.3681, train acc: 0.6023
epoch  41 summary: dyn_dyn_cos_loss: 0.00000, dyn_sta_cos_loss: 0.00000, total_cos_loss : 0.00000, vocab_cro_loss : 1.36811, 
epoch  42 summary: dyn_dyn_cos_loss: 0.00190, dyn_sta_cos_loss: 0.00158, total_cos_loss : 0.00167, vocab_cro_loss : 1.36099, 
epoch  43 summary: dyn_dyn_cos_loss: 0.00000, dyn_sta_cos_loss: 0.00000, total_cos_loss : 0.00000, vocab_cro_loss : 1.36151, 
epoch  44 summary: dyn_dyn_cos_loss: 0.00183, dyn_sta_cos_loss: 0.00153, total_cos_loss : 0.00162, vocab_cro_loss : 1.35603, 
epoch  45 summary: dyn_dyn_cos_loss: 0.00000, dyn_sta_cos_loss: 0.00000, total_cos_loss : 0.00000, vocab_cro_loss : 1.35317, 
epoch  46 summary: dyn_dyn_cos_loss: 0.00187, dyn_sta_cos_loss: 0.00152, total_cos_loss : 0.00163, vocab_cro_loss : 1.34763, 
epoch  47 summary: dyn_dyn_cos_loss: 0.00000, dyn_sta_cos_loss: 0.00000, total_cos_loss : 0.00000, vocab_cro_loss : 1.35122, 
epoch  48 summary: dyn_dyn_cos_loss: 0.00179, dyn_sta_cos_loss: 0.00149, total_cos_loss : 0.00158, vocab_cro_loss : 1.34458, 
epoch  49 summary: dyn_dyn_cos_loss: 0.00000, dyn_sta_cos_loss: 0.00000, total_cos_loss : 0.00000, vocab_cro_loss : 1.34437, 
epoch  50 summary: dyn_dyn_cos_loss: 0.00173, dyn_sta_cos_loss: 0.00148, total_cos_loss : 0.00155, vocab_cro_loss : 1.33974, 
train loss: 1.3411, train acc: 0.6056
epoch  51 summary: dyn_dyn_cos_loss: 0.00000, dyn_sta_cos_loss: 0.00000, total_cos_loss : 0.00000, vocab_cro_loss : 1.34113, 
epoch  52 summary: dyn_dyn_cos_loss: 0.00168, dyn_sta_cos_loss: 0.00146, total_cos_loss : 0.00152, vocab_cro_loss : 1.33680, 
epoch  53 summary: dyn_dyn_cos_loss: 0.00000, dyn_sta_cos_loss: 0.00000, total_cos_loss : 0.00000, vocab_cro_loss : 1.33354, 
epoch  54 summary: dyn_dyn_cos_loss: 0.00164, dyn_sta_cos_loss: 0.00143, total_cos_loss : 0.00150, vocab_cro_loss : 1.33177, 
epoch  55 summary: dyn_dyn_cos_loss: 0.00000, dyn_sta_cos_loss: 0.00000, total_cos_loss : 0.00000, vocab_cro_loss : 1.33725, 
epoch  56 summary: dyn_dyn_cos_loss: 0.00161, dyn_sta_cos_loss: 0.00143, total_cos_loss : 0.00148, vocab_cro_loss : 1.33287, 
epoch  57 summary: dyn_dyn_cos_loss: 0.00000, dyn_sta_cos_loss: 0.00000, total_cos_loss : 0.00000, vocab_cro_loss : 1.33134, 
epoch  58 summary: dyn_dyn_cos_loss: 0.00158, dyn_sta_cos_loss: 0.00141, total_cos_loss : 0.00146, vocab_cro_loss : 1.32914, 
epoch  59 summary: dyn_dyn_cos_loss: 0.00000, dyn_sta_cos_loss: 0.00000, total_cos_loss : 0.00000, vocab_cro_loss : 1.32719, 
epoch  60 summary: dyn_dyn_cos_loss: 0.00164, dyn_sta_cos_loss: 0.00141, total_cos_loss : 0.00148, vocab_cro_loss : 1.32472, 
train loss: 1.3288, train acc: 0.6085
epoch  61 summary: dyn_dyn_cos_loss: 0.00000, dyn_sta_cos_loss: 0.00000, total_cos_loss : 0.00000, vocab_cro_loss : 1.32876, 
epoch  62 summary: dyn_dyn_cos_loss: 0.00160, dyn_sta_cos_loss: 0.00140, total_cos_loss : 0.00146, vocab_cro_loss : 1.32576, 
epoch  63 summary: dyn_dyn_cos_loss: 0.00000, dyn_sta_cos_loss: 0.00000, total_cos_loss : 0.00000, vocab_cro_loss : 1.32712, 
epoch  64 summary: dyn_dyn_cos_loss: 0.00156, dyn_sta_cos_loss: 0.00138, total_cos_loss : 0.00143, vocab_cro_loss : 1.32494, 
epoch  65 summary: dyn_dyn_cos_loss: 0.00000, dyn_sta_cos_loss: 0.00000, total_cos_loss : 0.00000, vocab_cro_loss : 1.33004, 
epoch  66 summary: dyn_dyn_cos_loss: 0.00153, dyn_sta_cos_loss: 0.00139, total_cos_loss : 0.00143, vocab_cro_loss : 1.32648, 
epoch  67 summary: dyn_dyn_cos_loss: 0.00000, dyn_sta_cos_loss: 0.00000, total_cos_loss : 0.00000, vocab_cro_loss : 1.32693, 
epoch  68 summary: dyn_dyn_cos_loss: 0.00151, dyn_sta_cos_loss: 0.00137, total_cos_loss : 0.00141, vocab_cro_loss : 1.32458, 
epoch  69 summary: dyn_dyn_cos_loss: 0.00000, dyn_sta_cos_loss: 0.00000, total_cos_loss : 0.00000, vocab_cro_loss : 1.32946, 
epoch  70 summary: dyn_dyn_cos_loss: 0.00149, dyn_sta_cos_loss: 0.00140, total_cos_loss : 0.00143, vocab_cro_loss : 1.31906, 
train loss: 1.3212, train acc: 0.6073
epoch  71 summary: dyn_dyn_cos_loss: 0.00000, dyn_sta_cos_loss: 0.00000, total_cos_loss : 0.00000, vocab_cro_loss : 1.32120, 
epoch  72 summary: dyn_dyn_cos_loss: 0.00148, dyn_sta_cos_loss: 0.00138, total_cos_loss : 0.00141, vocab_cro_loss : 1.31762, 
epoch  73 summary: dyn_dyn_cos_loss: 0.00000, dyn_sta_cos_loss: 0.00000, total_cos_loss : 0.00000, vocab_cro_loss : 1.32128, 
epoch  74 summary: dyn_dyn_cos_loss: 0.00147, dyn_sta_cos_loss: 0.00138, total_cos_loss : 0.00141, vocab_cro_loss : 1.31817, 
epoch  75 summary: dyn_dyn_cos_loss: 0.00000, dyn_sta_cos_loss: 0.00000, total_cos_loss : 0.00000, vocab_cro_loss : 1.32350, 
epoch  76 summary: dyn_dyn_cos_loss: 0.00153, dyn_sta_cos_loss: 0.00136, total_cos_loss : 0.00141, vocab_cro_loss : 1.32236, 
epoch  77 summary: dyn_dyn_cos_loss: 0.00000, dyn_sta_cos_loss: 0.00000, total_cos_loss : 0.00000, vocab_cro_loss : 1.32406, 
epoch  78 summary: dyn_dyn_cos_loss: 0.00151, dyn_sta_cos_loss: 0.00135, total_cos_loss : 0.00140, vocab_cro_loss : 1.32076, 
epoch  79 summary: dyn_dyn_cos_loss: 0.00000, dyn_sta_cos_loss: 0.00000, total_cos_loss : 0.00000, vocab_cro_loss : 1.32437, 
epoch  80 summary: dyn_dyn_cos_loss: 0.00149, dyn_sta_cos_loss: 0.00136, total_cos_loss : 0.00140, vocab_cro_loss : 1.31987, 
train loss: 1.3236, train acc: 0.6010
epoch  81 summary: dyn_dyn_cos_loss: 0.00000, dyn_sta_cos_loss: 0.00000, total_cos_loss : 0.00000, vocab_cro_loss : 1.32351, 
epoch  82 summary: dyn_dyn_cos_loss: 0.00147, dyn_sta_cos_loss: 0.00134, total_cos_loss : 0.00138, vocab_cro_loss : 1.32350, 
epoch  83 summary: dyn_dyn_cos_loss: 0.00000, dyn_sta_cos_loss: 0.00000, total_cos_loss : 0.00000, vocab_cro_loss : 1.32074, 
epoch  84 summary: dyn_dyn_cos_loss: 0.00146, dyn_sta_cos_loss: 0.00131, total_cos_loss : 0.00135, vocab_cro_loss : 1.31485, 
epoch  85 summary: dyn_dyn_cos_loss: 0.00000, dyn_sta_cos_loss: 0.00000, total_cos_loss : 0.00000, vocab_cro_loss : 1.31169, 
epoch  86 summary: dyn_dyn_cos_loss: 0.00145, dyn_sta_cos_loss: 0.00135, total_cos_loss : 0.00138, vocab_cro_loss : 1.30687, 
epoch  87 summary: dyn_dyn_cos_loss: 0.00000, dyn_sta_cos_loss: 0.00000, total_cos_loss : 0.00000, vocab_cro_loss : 1.30935, 
epoch  88 summary: dyn_dyn_cos_loss: 0.00145, dyn_sta_cos_loss: 0.00133, total_cos_loss : 0.00136, vocab_cro_loss : 1.30286, 
epoch  89 summary: dyn_dyn_cos_loss: 0.00000, dyn_sta_cos_loss: 0.00000, total_cos_loss : 0.00000, vocab_cro_loss : 1.30778, 
epoch  90 summary: dyn_dyn_cos_loss: 0.00151, dyn_sta_cos_loss: 0.00132, total_cos_loss : 0.00137, vocab_cro_loss : 1.29968, 
train loss: 1.3029, train acc: 0.6091
epoch  91 summary: dyn_dyn_cos_loss: 0.00000, dyn_sta_cos_loss: 0.00000, total_cos_loss : 0.00000, vocab_cro_loss : 1.30292, 
epoch  92 summary: dyn_dyn_cos_loss: 0.00148, dyn_sta_cos_loss: 0.00131, total_cos_loss : 0.00136, vocab_cro_loss : 1.30109, 
epoch  93 summary: dyn_dyn_cos_loss: 0.00000, dyn_sta_cos_loss: 0.00000, total_cos_loss : 0.00000, vocab_cro_loss : 1.30317, 
epoch  94 summary: dyn_dyn_cos_loss: 0.00146, dyn_sta_cos_loss: 0.00129, total_cos_loss : 0.00134, vocab_cro_loss : 1.30065, 
epoch  95 summary: dyn_dyn_cos_loss: 0.00000, dyn_sta_cos_loss: 0.00000, total_cos_loss : 0.00000, vocab_cro_loss : 1.29978, 
epoch  96 summary: dyn_dyn_cos_loss: 0.00145, dyn_sta_cos_loss: 0.00128, total_cos_loss : 0.00133, vocab_cro_loss : 1.29733, 
epoch  97 summary: dyn_dyn_cos_loss: 0.00000, dyn_sta_cos_loss: 0.00000, total_cos_loss : 0.00000, vocab_cro_loss : 1.30088, 
epoch  98 summary: dyn_dyn_cos_loss: 0.00143, dyn_sta_cos_loss: 0.00128, total_cos_loss : 0.00133, vocab_cro_loss : 1.29810, 
epoch  99 summary: dyn_dyn_cos_loss: 0.00000, dyn_sta_cos_loss: 0.00000, total_cos_loss : 0.00000, vocab_cro_loss : 1.29943, 
epoch 100 summary: dyn_dyn_cos_loss: 0.00142, dyn_sta_cos_loss: 0.00129, total_cos_loss : 0.00133, vocab_cro_loss : 1.29554, 
train loss: 1.2991, train acc: 0.6102
epoch 101 summary: dyn_dyn_cos_loss: 0.00000, dyn_sta_cos_loss: 0.00000, total_cos_loss : 0.00000, vocab_cro_loss : 1.29911, 
epoch 102 summary: dyn_dyn_cos_loss: 0.00143, dyn_sta_cos_loss: 0.00128, total_cos_loss : 0.00133, vocab_cro_loss : 1.29584, 
epoch 103 summary: dyn_dyn_cos_loss: 0.00000, dyn_sta_cos_loss: 0.00000, total_cos_loss : 0.00000, vocab_cro_loss : 1.29759, 
epoch 104 summary: dyn_dyn_cos_loss: 0.00143, dyn_sta_cos_loss: 0.00128, total_cos_loss : 0.00132, vocab_cro_loss : 1.29460, 
epoch 105 summary: dyn_dyn_cos_loss: 0.00000, dyn_sta_cos_loss: 0.00000, total_cos_loss : 0.00000, vocab_cro_loss : 1.29655, 
epoch 106 summary: dyn_dyn_cos_loss: 0.00150, dyn_sta_cos_loss: 0.00127, total_cos_loss : 0.00134, vocab_cro_loss : 1.29403, 
epoch 107 summary: dyn_dyn_cos_loss: 0.00000, dyn_sta_cos_loss: 0.00000, total_cos_loss : 0.00000, vocab_cro_loss : 1.29520, 
epoch 108 summary: dyn_dyn_cos_loss: 0.00147, dyn_sta_cos_loss: 0.00127, total_cos_loss : 0.00133, vocab_cro_loss : 1.29382, 
epoch 109 summary: dyn_dyn_cos_loss: 0.00000, dyn_sta_cos_loss: 0.00000, total_cos_loss : 0.00000, vocab_cro_loss : 1.29963, 
epoch 110 summary: dyn_dyn_cos_loss: 0.00146, dyn_sta_cos_loss: 0.00127, total_cos_loss : 0.00133, vocab_cro_loss : 1.29729, 
train loss: 1.3012, train acc: 0.6089
epoch 111 summary: dyn_dyn_cos_loss: 0.00000, dyn_sta_cos_loss: 0.00000, total_cos_loss : 0.00000, vocab_cro_loss : 1.30116, 
epoch 112 summary: dyn_dyn_cos_loss: 0.00145, dyn_sta_cos_loss: 0.00126, total_cos_loss : 0.00132, vocab_cro_loss : 1.29931, 
epoch 113 summary: dyn_dyn_cos_loss: 0.00000, dyn_sta_cos_loss: 0.00000, total_cos_loss : 0.00000, vocab_cro_loss : 1.30205, 
epoch 114 summary: dyn_dyn_cos_loss: 0.00144, dyn_sta_cos_loss: 0.00126, total_cos_loss : 0.00131, vocab_cro_loss : 1.29946, 
epoch 115 summary: dyn_dyn_cos_loss: 0.00000, dyn_sta_cos_loss: 0.00000, total_cos_loss : 0.00000, vocab_cro_loss : 1.29886, 
epoch 116 summary: dyn_dyn_cos_loss: 0.00143, dyn_sta_cos_loss: 0.00125, total_cos_loss : 0.00130, vocab_cro_loss : 1.29330, 
epoch 117 summary: dyn_dyn_cos_loss: 0.00000, dyn_sta_cos_loss: 0.00000, total_cos_loss : 0.00000, vocab_cro_loss : 1.29981, 
epoch 118 summary: dyn_dyn_cos_loss: 0.00141, dyn_sta_cos_loss: 0.00125, total_cos_loss : 0.00130, vocab_cro_loss : 1.29681, 
epoch 119 summary: dyn_dyn_cos_loss: 0.00000, dyn_sta_cos_loss: 0.00000, total_cos_loss : 0.00000, vocab_cro_loss : 1.29885, 
epoch 120 summary: dyn_dyn_cos_loss: 0.00146, dyn_sta_cos_loss: 0.00125, total_cos_loss : 0.00131, vocab_cro_loss : 1.29462, 
train loss: 1.2994, train acc: 0.6079
epoch 121 summary: dyn_dyn_cos_loss: 0.00000, dyn_sta_cos_loss: 0.00000, total_cos_loss : 0.00000, vocab_cro_loss : 1.29943, 
epoch 122 summary: dyn_dyn_cos_loss: 0.00144, dyn_sta_cos_loss: 0.00126, total_cos_loss : 0.00131, vocab_cro_loss : 1.29609, 
epoch 123 summary: dyn_dyn_cos_loss: 0.00000, dyn_sta_cos_loss: 0.00000, total_cos_loss : 0.00000, vocab_cro_loss : 1.29708, 
epoch 124 summary: dyn_dyn_cos_loss: 0.00142, dyn_sta_cos_loss: 0.00127, total_cos_loss : 0.00132, vocab_cro_loss : 1.29289, 
epoch 125 summary: dyn_dyn_cos_loss: 0.00000, dyn_sta_cos_loss: 0.00000, total_cos_loss : 0.00000, vocab_cro_loss : 1.29830, 
epoch 126 summary: dyn_dyn_cos_loss: 0.00141, dyn_sta_cos_loss: 0.00127, total_cos_loss : 0.00131, vocab_cro_loss : 1.29558, 
epoch 127 summary: dyn_dyn_cos_loss: 0.00000, dyn_sta_cos_loss: 0.00000, total_cos_loss : 0.00000, vocab_cro_loss : 1.29875, 
epoch 128 summary: dyn_dyn_cos_loss: 0.00140, dyn_sta_cos_loss: 0.00126, total_cos_loss : 0.00131, vocab_cro_loss : 1.29574, 
epoch 129 summary: dyn_dyn_cos_loss: 0.00000, dyn_sta_cos_loss: 0.00000, total_cos_loss : 0.00000, vocab_cro_loss : 1.29691, 
epoch 130 summary: dyn_dyn_cos_loss: 0.00139, dyn_sta_cos_loss: 0.00125, total_cos_loss : 0.00129, vocab_cro_loss : 1.29491, 
train loss: 1.2985, train acc: 0.6100
epoch 131 summary: dyn_dyn_cos_loss: 0.00000, dyn_sta_cos_loss: 0.00000, total_cos_loss : 0.00000, vocab_cro_loss : 1.29852, 
epoch 132 summary: dyn_dyn_cos_loss: 0.00139, dyn_sta_cos_loss: 0.00124, total_cos_loss : 0.00128, vocab_cro_loss : 1.29563, 
epoch 133 summary: dyn_dyn_cos_loss: 0.00000, dyn_sta_cos_loss: 0.00000, total_cos_loss : 0.00000, vocab_cro_loss : 1.29529, 
epoch 134 summary: dyn_dyn_cos_loss: 0.00138, dyn_sta_cos_loss: 0.00123, total_cos_loss : 0.00128, vocab_cro_loss : 1.29247, 
epoch 135 summary: dyn_dyn_cos_loss: 0.00000, dyn_sta_cos_loss: 0.00000, total_cos_loss : 0.00000, vocab_cro_loss : 1.29007, 
epoch 136 summary: dyn_dyn_cos_loss: 0.00144, dyn_sta_cos_loss: 0.00124, total_cos_loss : 0.00130, vocab_cro_loss : 1.28640, 
epoch 137 summary: dyn_dyn_cos_loss: 0.00000, dyn_sta_cos_loss: 0.00000, total_cos_loss : 0.00000, vocab_cro_loss : 1.28735, 
epoch 138 summary: dyn_dyn_cos_loss: 0.00141, dyn_sta_cos_loss: 0.00123, total_cos_loss : 0.00129, vocab_cro_loss : 1.28415, 
epoch 139 summary: dyn_dyn_cos_loss: 0.00000, dyn_sta_cos_loss: 0.00000, total_cos_loss : 0.00000, vocab_cro_loss : 1.28712, 
epoch 140 summary: dyn_dyn_cos_loss: 0.00139, dyn_sta_cos_loss: 0.00122, total_cos_loss : 0.00127, vocab_cro_loss : 1.28519, 
train loss: 1.2826, train acc: 0.6117
epoch 141 summary: dyn_dyn_cos_loss: 0.00000, dyn_sta_cos_loss: 0.00000, total_cos_loss : 0.00000, vocab_cro_loss : 1.28261, 
epoch 142 summary: dyn_dyn_cos_loss: 0.00138, dyn_sta_cos_loss: 0.00123, total_cos_loss : 0.00127, vocab_cro_loss : 1.28056, 
epoch 143 summary: dyn_dyn_cos_loss: 0.00000, dyn_sta_cos_loss: 0.00000, total_cos_loss : 0.00000, vocab_cro_loss : 1.28497, 
epoch 144 summary: dyn_dyn_cos_loss: 0.00136, dyn_sta_cos_loss: 0.00123, total_cos_loss : 0.00127, vocab_cro_loss : 1.28128, 
epoch 145 summary: dyn_dyn_cos_loss: 0.00000, dyn_sta_cos_loss: 0.00000, total_cos_loss : 0.00000, vocab_cro_loss : 1.28596, 
epoch 146 summary: dyn_dyn_cos_loss: 0.00136, dyn_sta_cos_loss: 0.00122, total_cos_loss : 0.00126, vocab_cro_loss : 1.28347, 
epoch 147 summary: dyn_dyn_cos_loss: 0.00000, dyn_sta_cos_loss: 0.00000, total_cos_loss : 0.00000, vocab_cro_loss : 1.28564, 
epoch 148 summary: dyn_dyn_cos_loss: 0.00135, dyn_sta_cos_loss: 0.00121, total_cos_loss : 0.00125, vocab_cro_loss : 1.28386, 
epoch 149 summary: dyn_dyn_cos_loss: 0.00000, dyn_sta_cos_loss: 0.00000, total_cos_loss : 0.00000, vocab_cro_loss : 1.28247, 
epoch 150 summary: dyn_dyn_cos_loss: 0.00141, dyn_sta_cos_loss: 0.00122, total_cos_loss : 0.00128, vocab_cro_loss : 1.27763, 
train loss: 1.2820, train acc: 0.6124
epoch 151 summary: dyn_dyn_cos_loss: 0.00000, dyn_sta_cos_loss: 0.00000, total_cos_loss : 0.00000, vocab_cro_loss : 1.28201, 
epoch 152 summary: dyn_dyn_cos_loss: 0.00139, dyn_sta_cos_loss: 0.00122, total_cos_loss : 0.00127, vocab_cro_loss : 1.27927, 
epoch 153 summary: dyn_dyn_cos_loss: 0.00000, dyn_sta_cos_loss: 0.00000, total_cos_loss : 0.00000, vocab_cro_loss : 1.28285, 
epoch 154 summary: dyn_dyn_cos_loss: 0.00138, dyn_sta_cos_loss: 0.00122, total_cos_loss : 0.00126, vocab_cro_loss : 1.28171, 
epoch 155 summary: dyn_dyn_cos_loss: 0.00000, dyn_sta_cos_loss: 0.00000, total_cos_loss : 0.00000, vocab_cro_loss : 1.28022, 
epoch 156 summary: dyn_dyn_cos_loss: 0.00137, dyn_sta_cos_loss: 0.00121, total_cos_loss : 0.00126, vocab_cro_loss : 1.27782, 
epoch 157 summary: dyn_dyn_cos_loss: 0.00000, dyn_sta_cos_loss: 0.00000, total_cos_loss : 0.00000, vocab_cro_loss : 1.28174, 
epoch 158 summary: dyn_dyn_cos_loss: 0.00135, dyn_sta_cos_loss: 0.00121, total_cos_loss : 0.00125, vocab_cro_loss : 1.27941, 
epoch 159 summary: dyn_dyn_cos_loss: 0.00000, dyn_sta_cos_loss: 0.00000, total_cos_loss : 0.00000, vocab_cro_loss : 1.28138, 
epoch 160 summary: dyn_dyn_cos_loss: 0.00135, dyn_sta_cos_loss: 0.00121, total_cos_loss : 0.00125, vocab_cro_loss : 1.27891, 
train loss: 1.2821, train acc: 0.6119
epoch 161 summary: dyn_dyn_cos_loss: 0.00000, dyn_sta_cos_loss: 0.00000, total_cos_loss : 0.00000, vocab_cro_loss : 1.28205, 
epoch 162 summary: dyn_dyn_cos_loss: 0.00134, dyn_sta_cos_loss: 0.00120, total_cos_loss : 0.00125, vocab_cro_loss : 1.28020, 
epoch 163 summary: dyn_dyn_cos_loss: 0.00000, dyn_sta_cos_loss: 0.00000, total_cos_loss : 0.00000, vocab_cro_loss : 1.28277, 
epoch 164 summary: dyn_dyn_cos_loss: 0.00134, dyn_sta_cos_loss: 0.00120, total_cos_loss : 0.00124, vocab_cro_loss : 1.27941, 
epoch 165 summary: dyn_dyn_cos_loss: 0.00000, dyn_sta_cos_loss: 0.00000, total_cos_loss : 0.00000, vocab_cro_loss : 1.28104, 
epoch 166 summary: dyn_dyn_cos_loss: 0.00140, dyn_sta_cos_loss: 0.00120, total_cos_loss : 0.00126, vocab_cro_loss : 1.27878, 
epoch 167 summary: dyn_dyn_cos_loss: 0.00000, dyn_sta_cos_loss: 0.00000, total_cos_loss : 0.00000, vocab_cro_loss : 1.27938, 
epoch 168 summary: dyn_dyn_cos_loss: 0.00138, dyn_sta_cos_loss: 0.00121, total_cos_loss : 0.00126, vocab_cro_loss : 1.27763, 
epoch 169 summary: dyn_dyn_cos_loss: 0.00000, dyn_sta_cos_loss: 0.00000, total_cos_loss : 0.00000, vocab_cro_loss : 1.27723, 
epoch 170 summary: dyn_dyn_cos_loss: 0.00136, dyn_sta_cos_loss: 0.00121, total_cos_loss : 0.00126, vocab_cro_loss : 1.27569, 
train loss: 1.2782, train acc: 0.6133
epoch 171 summary: dyn_dyn_cos_loss: 0.00000, dyn_sta_cos_loss: 0.00000, total_cos_loss : 0.00000, vocab_cro_loss : 1.27822, 
epoch 172 summary: dyn_dyn_cos_loss: 0.00135, dyn_sta_cos_loss: 0.00120, total_cos_loss : 0.00125, vocab_cro_loss : 1.27720, 
epoch 173 summary: dyn_dyn_cos_loss: 0.00000, dyn_sta_cos_loss: 0.00000, total_cos_loss : 0.00000, vocab_cro_loss : 1.27816, 
epoch 174 summary: dyn_dyn_cos_loss: 0.00134, dyn_sta_cos_loss: 0.00121, total_cos_loss : 0.00125, vocab_cro_loss : 1.27809, 
epoch 175 summary: dyn_dyn_cos_loss: 0.00000, dyn_sta_cos_loss: 0.00000, total_cos_loss : 0.00000, vocab_cro_loss : 1.27612, 
epoch 176 summary: dyn_dyn_cos_loss: 0.00133, dyn_sta_cos_loss: 0.00120, total_cos_loss : 0.00124, vocab_cro_loss : 1.27386, 
epoch 177 summary: dyn_dyn_cos_loss: 0.00000, dyn_sta_cos_loss: 0.00000, total_cos_loss : 0.00000, vocab_cro_loss : 1.27712, 
epoch 178 summary: dyn_dyn_cos_loss: 0.00133, dyn_sta_cos_loss: 0.00121, total_cos_loss : 0.00125, vocab_cro_loss : 1.27554, 
epoch 179 summary: dyn_dyn_cos_loss: 0.00000, dyn_sta_cos_loss: 0.00000, total_cos_loss : 0.00000, vocab_cro_loss : 1.27809, 
epoch 180 summary: dyn_dyn_cos_loss: 0.00139, dyn_sta_cos_loss: 0.00121, total_cos_loss : 0.00126, vocab_cro_loss : 1.27319, 
train loss: 1.2745, train acc: 0.6130
epoch 181 summary: dyn_dyn_cos_loss: 0.00000, dyn_sta_cos_loss: 0.00000, total_cos_loss : 0.00000, vocab_cro_loss : 1.27453, 
epoch 182 summary: dyn_dyn_cos_loss: 0.00137, dyn_sta_cos_loss: 0.00121, total_cos_loss : 0.00126, vocab_cro_loss : 1.27175, 
epoch 183 summary: dyn_dyn_cos_loss: 0.00000, dyn_sta_cos_loss: 0.00000, total_cos_loss : 0.00000, vocab_cro_loss : 1.27397, 
epoch 184 summary: dyn_dyn_cos_loss: 0.00136, dyn_sta_cos_loss: 0.00121, total_cos_loss : 0.00125, vocab_cro_loss : 1.27119, 
epoch 185 summary: dyn_dyn_cos_loss: 0.00000, dyn_sta_cos_loss: 0.00000, total_cos_loss : 0.00000, vocab_cro_loss : 1.27577, 
epoch 186 summary: dyn_dyn_cos_loss: 0.00135, dyn_sta_cos_loss: 0.00120, total_cos_loss : 0.00124, vocab_cro_loss : 1.27251, 
epoch 187 summary: dyn_dyn_cos_loss: 0.00000, dyn_sta_cos_loss: 0.00000, total_cos_loss : 0.00000, vocab_cro_loss : 1.27286, 
epoch 188 summary: dyn_dyn_cos_loss: 0.00134, dyn_sta_cos_loss: 0.00120, total_cos_loss : 0.00124, vocab_cro_loss : 1.26924, 
epoch 189 summary: dyn_dyn_cos_loss: 0.00000, dyn_sta_cos_loss: 0.00000, total_cos_loss : 0.00000, vocab_cro_loss : 1.27458, 
epoch 190 summary: dyn_dyn_cos_loss: 0.00133, dyn_sta_cos_loss: 0.00119, total_cos_loss : 0.00123, vocab_cro_loss : 1.27369, 
train loss: 1.2795, train acc: 0.6120
epoch 191 summary: dyn_dyn_cos_loss: 0.00000, dyn_sta_cos_loss: 0.00000, total_cos_loss : 0.00000, vocab_cro_loss : 1.27947, 
epoch 192 summary: dyn_dyn_cos_loss: 0.00133, dyn_sta_cos_loss: 0.00118, total_cos_loss : 0.00123, vocab_cro_loss : 1.27780, 
epoch 193 summary: dyn_dyn_cos_loss: 0.00000, dyn_sta_cos_loss: 0.00000, total_cos_loss : 0.00000, vocab_cro_loss : 1.27675, 
epoch 194 summary: dyn_dyn_cos_loss: 0.00133, dyn_sta_cos_loss: 0.00119, total_cos_loss : 0.00123, vocab_cro_loss : 1.27348, 
epoch 195 summary: dyn_dyn_cos_loss: 0.00000, dyn_sta_cos_loss: 0.00000, total_cos_loss : 0.00000, vocab_cro_loss : 1.27470, 
epoch 196 summary: dyn_dyn_cos_loss: 0.00139, dyn_sta_cos_loss: 0.00120, total_cos_loss : 0.00126, vocab_cro_loss : 1.27132, 
epoch 197 summary: dyn_dyn_cos_loss: 0.00000, dyn_sta_cos_loss: 0.00000, total_cos_loss : 0.00000, vocab_cro_loss : 1.27750, 
epoch 198 summary: dyn_dyn_cos_loss: 0.00137, dyn_sta_cos_loss: 0.00121, total_cos_loss : 0.00126, vocab_cro_loss : 1.27309, 
epoch 199 summary: dyn_dyn_cos_loss: 0.00000, dyn_sta_cos_loss: 0.00000, total_cos_loss : 0.00000, vocab_cro_loss : 1.27685, 
train loss: 1.2748, train acc: 0.6125
all                        2494347.750ms
all_epoch                  2484523.033ms
all_preparation               9824.668ms
all_preparation_2             9822.573ms
all_preparation_3                2.065ms
epoch                        12257.492ms
epoch_pos_train                  5.154ms
epoch_preparation               20.196ms
epoch_train                  12043.243ms
epoch_valid                    185.465ms
----------------------------------------
all                        2494347.750ms
  all_epoch             99.61%
  all_preparation        0.39%
all_preparation               9824.668ms
  all_preparation_2     99.98%
  all_preparation_3      0.02%
epoch                      2451498.315ms
  epoch_train           98.25%
  epoch_valid            1.51%
  epoch_preparation      0.16%
  epoch_pos_train        0.04%
epoch   0 summary: dyn_dyn_cos_loss: 0.02059, dyn_sta_cos_loss: 0.00690, total_cos_loss : 0.01101, 
valid loss: 3.6205, valid acc: 0.1719
epoch   1 summary: dyn_dyn_cos_loss: 0.01550, dyn_sta_cos_loss: 0.00540, total_cos_loss : 0.00843, 
epoch   2 summary: dyn_dyn_cos_loss: 0.01170, dyn_sta_cos_loss: 0.00438, total_cos_loss : 0.00657, 
epoch   3 summary: dyn_dyn_cos_loss: 0.00876, dyn_sta_cos_loss: 0.00359, total_cos_loss : 0.00514, 
epoch   4 summary: dyn_dyn_cos_loss: 0.00656, dyn_sta_cos_loss: 0.00299, total_cos_loss : 0.00406, 
epoch   5 summary: dyn_dyn_cos_loss: 0.00509, dyn_sta_cos_loss: 0.00254, total_cos_loss : 0.00331, 
epoch   6 summary: dyn_dyn_cos_loss: 0.00414, dyn_sta_cos_loss: 0.00224, total_cos_loss : 0.00281, 
epoch   7 summary: dyn_dyn_cos_loss: 0.00333, dyn_sta_cos_loss: 0.00201, total_cos_loss : 0.00241, 
epoch   8 summary: dyn_dyn_cos_loss: 0.00280, dyn_sta_cos_loss: 0.00184, total_cos_loss : 0.00212, 
epoch   9 summary: dyn_dyn_cos_loss: 0.00239, dyn_sta_cos_loss: 0.00170, total_cos_loss : 0.00191, 
epoch  10 summary: dyn_dyn_cos_loss: 0.00211, dyn_sta_cos_loss: 0.00159, total_cos_loss : 0.00175, 
valid loss: 1.8897, valid acc: 0.4961
epoch  11 summary: dyn_dyn_cos_loss: 0.00188, dyn_sta_cos_loss: 0.00150, total_cos_loss : 0.00162, 
epoch  12 summary: dyn_dyn_cos_loss: 0.00175, dyn_sta_cos_loss: 0.00144, total_cos_loss : 0.00153, 
epoch  13 summary: dyn_dyn_cos_loss: 0.00159, dyn_sta_cos_loss: 0.00139, total_cos_loss : 0.00145, 
epoch  14 summary: dyn_dyn_cos_loss: 0.00152, dyn_sta_cos_loss: 0.00135, total_cos_loss : 0.00140, 
epoch  15 summary: dyn_dyn_cos_loss: 0.00160, dyn_sta_cos_loss: 0.00131, total_cos_loss : 0.00140, 
epoch  16 summary: dyn_dyn_cos_loss: 0.00152, dyn_sta_cos_loss: 0.00129, total_cos_loss : 0.00136, 
epoch  17 summary: dyn_dyn_cos_loss: 0.00147, dyn_sta_cos_loss: 0.00126, total_cos_loss : 0.00132, 
epoch  18 summary: dyn_dyn_cos_loss: 0.00142, dyn_sta_cos_loss: 0.00125, total_cos_loss : 0.00130, 
epoch  19 summary: dyn_dyn_cos_loss: 0.00140, dyn_sta_cos_loss: 0.00123, total_cos_loss : 0.00128, 
epoch  20 summary: dyn_dyn_cos_loss: 0.00138, dyn_sta_cos_loss: 0.00122, total_cos_loss : 0.00126, 
valid loss: 1.7091, valid acc: 0.5410
epoch  21 summary: dyn_dyn_cos_loss: 0.00136, dyn_sta_cos_loss: 0.00121, total_cos_loss : 0.00125, 
epoch  22 summary: dyn_dyn_cos_loss: 0.00135, dyn_sta_cos_loss: 0.00120, total_cos_loss : 0.00124, 
epoch  23 summary: dyn_dyn_cos_loss: 0.00134, dyn_sta_cos_loss: 0.00119, total_cos_loss : 0.00123, 
epoch  24 summary: dyn_dyn_cos_loss: 0.00133, dyn_sta_cos_loss: 0.00118, total_cos_loss : 0.00122, 
epoch  25 summary: dyn_dyn_cos_loss: 0.00132, dyn_sta_cos_loss: 0.00118, total_cos_loss : 0.00122, 
epoch  26 summary: dyn_dyn_cos_loss: 0.00131, dyn_sta_cos_loss: 0.00117, total_cos_loss : 0.00121, 
epoch  27 summary: dyn_dyn_cos_loss: 0.00131, dyn_sta_cos_loss: 0.00117, total_cos_loss : 0.00121, 
epoch  28 summary: dyn_dyn_cos_loss: 0.00130, dyn_sta_cos_loss: 0.00116, total_cos_loss : 0.00120, 
epoch  29 summary: dyn_dyn_cos_loss: 0.00130, dyn_sta_cos_loss: 0.00116, total_cos_loss : 0.00120, 
epoch  30 summary: dyn_dyn_cos_loss: 0.00140, dyn_sta_cos_loss: 0.00116, total_cos_loss : 0.00123, 
valid loss: 1.7049, valid acc: 0.5391
epoch  31 summary: dyn_dyn_cos_loss: 0.00138, dyn_sta_cos_loss: 0.00116, total_cos_loss : 0.00122, 
epoch  32 summary: dyn_dyn_cos_loss: 0.00136, dyn_sta_cos_loss: 0.00116, total_cos_loss : 0.00122, 
epoch  33 summary: dyn_dyn_cos_loss: 0.00135, dyn_sta_cos_loss: 0.00115, total_cos_loss : 0.00121, 
epoch  34 summary: dyn_dyn_cos_loss: 0.00134, dyn_sta_cos_loss: 0.00115, total_cos_loss : 0.00121, 
epoch  35 summary: dyn_dyn_cos_loss: 0.00133, dyn_sta_cos_loss: 0.00115, total_cos_loss : 0.00120, 
epoch  36 summary: dyn_dyn_cos_loss: 0.00132, dyn_sta_cos_loss: 0.00115, total_cos_loss : 0.00120, 
epoch  37 summary: dyn_dyn_cos_loss: 0.00132, dyn_sta_cos_loss: 0.00115, total_cos_loss : 0.00120, 
epoch  38 summary: dyn_dyn_cos_loss: 0.00131, dyn_sta_cos_loss: 0.00115, total_cos_loss : 0.00120, 
epoch  39 summary: dyn_dyn_cos_loss: 0.00131, dyn_sta_cos_loss: 0.00115, total_cos_loss : 0.00120, 
epoch  40 summary: dyn_dyn_cos_loss: 0.00131, dyn_sta_cos_loss: 0.00114, total_cos_loss : 0.00119, 
valid loss: 1.6816, valid acc: 0.5371
epoch  41 summary: dyn_dyn_cos_loss: 0.00131, dyn_sta_cos_loss: 0.00114, total_cos_loss : 0.00119, 
epoch  42 summary: dyn_dyn_cos_loss: 0.00130, dyn_sta_cos_loss: 0.00114, total_cos_loss : 0.00119, 
epoch  43 summary: dyn_dyn_cos_loss: 0.00130, dyn_sta_cos_loss: 0.00114, total_cos_loss : 0.00119, 
epoch  44 summary: dyn_dyn_cos_loss: 0.00130, dyn_sta_cos_loss: 0.00114, total_cos_loss : 0.00119, 
epoch  45 summary: dyn_dyn_cos_loss: 0.00138, dyn_sta_cos_loss: 0.00114, total_cos_loss : 0.00121, 
epoch  46 summary: dyn_dyn_cos_loss: 0.00136, dyn_sta_cos_loss: 0.00114, total_cos_loss : 0.00121, 
epoch  47 summary: dyn_dyn_cos_loss: 0.00134, dyn_sta_cos_loss: 0.00114, total_cos_loss : 0.00120, 
epoch  48 summary: dyn_dyn_cos_loss: 0.00133, dyn_sta_cos_loss: 0.00114, total_cos_loss : 0.00120, 
epoch  49 summary: dyn_dyn_cos_loss: 0.00133, dyn_sta_cos_loss: 0.00114, total_cos_loss : 0.00120, 
epoch  50 summary: dyn_dyn_cos_loss: 0.00132, dyn_sta_cos_loss: 0.00114, total_cos_loss : 0.00119, 
valid loss: 1.6793, valid acc: 0.5293
epoch  51 summary: dyn_dyn_cos_loss: 0.00132, dyn_sta_cos_loss: 0.00114, total_cos_loss : 0.00119, 
epoch  52 summary: dyn_dyn_cos_loss: 0.00131, dyn_sta_cos_loss: 0.00114, total_cos_loss : 0.00119, 
epoch  53 summary: dyn_dyn_cos_loss: 0.00131, dyn_sta_cos_loss: 0.00114, total_cos_loss : 0.00119, 
epoch  54 summary: dyn_dyn_cos_loss: 0.00131, dyn_sta_cos_loss: 0.00114, total_cos_loss : 0.00119, 
epoch  55 summary: dyn_dyn_cos_loss: 0.00131, dyn_sta_cos_loss: 0.00114, total_cos_loss : 0.00119, 
epoch  56 summary: dyn_dyn_cos_loss: 0.00131, dyn_sta_cos_loss: 0.00114, total_cos_loss : 0.00119, 
epoch  57 summary: dyn_dyn_cos_loss: 0.00131, dyn_sta_cos_loss: 0.00114, total_cos_loss : 0.00119, 
epoch  58 summary: dyn_dyn_cos_loss: 0.00130, dyn_sta_cos_loss: 0.00114, total_cos_loss : 0.00119, 
epoch  59 summary: dyn_dyn_cos_loss: 0.00130, dyn_sta_cos_loss: 0.00114, total_cos_loss : 0.00119, 
epoch  60 summary: dyn_dyn_cos_loss: 0.00140, dyn_sta_cos_loss: 0.00114, total_cos_loss : 0.00122, 
valid loss: 1.6863, valid acc: 0.5332
epoch  61 summary: dyn_dyn_cos_loss: 0.00138, dyn_sta_cos_loss: 0.00114, total_cos_loss : 0.00121, 
epoch  62 summary: dyn_dyn_cos_loss: 0.00136, dyn_sta_cos_loss: 0.00114, total_cos_loss : 0.00121, 
epoch  63 summary: dyn_dyn_cos_loss: 0.00135, dyn_sta_cos_loss: 0.00114, total_cos_loss : 0.00120, 
epoch  64 summary: dyn_dyn_cos_loss: 0.00134, dyn_sta_cos_loss: 0.00114, total_cos_loss : 0.00120, 
epoch  65 summary: dyn_dyn_cos_loss: 0.00134, dyn_sta_cos_loss: 0.00114, total_cos_loss : 0.00120, 
epoch  66 summary: dyn_dyn_cos_loss: 0.00133, dyn_sta_cos_loss: 0.00114, total_cos_loss : 0.00120, 
epoch  67 summary: dyn_dyn_cos_loss: 0.00133, dyn_sta_cos_loss: 0.00114, total_cos_loss : 0.00119, 
epoch  68 summary: dyn_dyn_cos_loss: 0.00132, dyn_sta_cos_loss: 0.00114, total_cos_loss : 0.00119, 
epoch  69 summary: dyn_dyn_cos_loss: 0.00132, dyn_sta_cos_loss: 0.00114, total_cos_loss : 0.00119, 
epoch  70 summary: dyn_dyn_cos_loss: 0.00132, dyn_sta_cos_loss: 0.00114, total_cos_loss : 0.00119, 
valid loss: 1.6615, valid acc: 0.5391
epoch  71 summary: dyn_dyn_cos_loss: 0.00132, dyn_sta_cos_loss: 0.00113, total_cos_loss : 0.00119, 
epoch  72 summary: dyn_dyn_cos_loss: 0.00132, dyn_sta_cos_loss: 0.00114, total_cos_loss : 0.00119, 
epoch  73 summary: dyn_dyn_cos_loss: 0.00131, dyn_sta_cos_loss: 0.00113, total_cos_loss : 0.00119, 
epoch  74 summary: dyn_dyn_cos_loss: 0.00131, dyn_sta_cos_loss: 0.00113, total_cos_loss : 0.00119, 
epoch  75 summary: dyn_dyn_cos_loss: 0.00138, dyn_sta_cos_loss: 0.00113, total_cos_loss : 0.00121, 
epoch  76 summary: dyn_dyn_cos_loss: 0.00137, dyn_sta_cos_loss: 0.00113, total_cos_loss : 0.00120, 
epoch  77 summary: dyn_dyn_cos_loss: 0.00135, dyn_sta_cos_loss: 0.00114, total_cos_loss : 0.00120, 
epoch  78 summary: dyn_dyn_cos_loss: 0.00134, dyn_sta_cos_loss: 0.00113, total_cos_loss : 0.00120, 
epoch  79 summary: dyn_dyn_cos_loss: 0.00134, dyn_sta_cos_loss: 0.00113, total_cos_loss : 0.00119, 
epoch  80 summary: dyn_dyn_cos_loss: 0.00133, dyn_sta_cos_loss: 0.00113, total_cos_loss : 0.00119, 
valid loss: 1.6688, valid acc: 0.5449
epoch  81 summary: dyn_dyn_cos_loss: 0.00132, dyn_sta_cos_loss: 0.00113, total_cos_loss : 0.00119, 
epoch  82 summary: dyn_dyn_cos_loss: 0.00132, dyn_sta_cos_loss: 0.00113, total_cos_loss : 0.00119, 
epoch  83 summary: dyn_dyn_cos_loss: 0.00132, dyn_sta_cos_loss: 0.00113, total_cos_loss : 0.00119, 
epoch  84 summary: dyn_dyn_cos_loss: 0.00131, dyn_sta_cos_loss: 0.00113, total_cos_loss : 0.00119, 
epoch  85 summary: dyn_dyn_cos_loss: 0.00131, dyn_sta_cos_loss: 0.00113, total_cos_loss : 0.00119, 
epoch  86 summary: dyn_dyn_cos_loss: 0.00131, dyn_sta_cos_loss: 0.00113, total_cos_loss : 0.00118, 
epoch  87 summary: dyn_dyn_cos_loss: 0.00131, dyn_sta_cos_loss: 0.00113, total_cos_loss : 0.00118, 
epoch  88 summary: dyn_dyn_cos_loss: 0.00131, dyn_sta_cos_loss: 0.00113, total_cos_loss : 0.00118, 
epoch  89 summary: dyn_dyn_cos_loss: 0.00131, dyn_sta_cos_loss: 0.00113, total_cos_loss : 0.00118, 
epoch  90 summary: dyn_dyn_cos_loss: 0.00141, dyn_sta_cos_loss: 0.00113, total_cos_loss : 0.00121, 
valid loss: 1.6630, valid acc: 0.5469
epoch  91 summary: dyn_dyn_cos_loss: 0.00139, dyn_sta_cos_loss: 0.00113, total_cos_loss : 0.00121, 
epoch  92 summary: dyn_dyn_cos_loss: 0.00137, dyn_sta_cos_loss: 0.00113, total_cos_loss : 0.00121, 
epoch  93 summary: dyn_dyn_cos_loss: 0.00136, dyn_sta_cos_loss: 0.00113, total_cos_loss : 0.00120, 
epoch  94 summary: dyn_dyn_cos_loss: 0.00136, dyn_sta_cos_loss: 0.00113, total_cos_loss : 0.00120, 
epoch  95 summary: dyn_dyn_cos_loss: 0.00135, dyn_sta_cos_loss: 0.00113, total_cos_loss : 0.00120, 
epoch  96 summary: dyn_dyn_cos_loss: 0.00134, dyn_sta_cos_loss: 0.00113, total_cos_loss : 0.00120, 
epoch  97 summary: dyn_dyn_cos_loss: 0.00134, dyn_sta_cos_loss: 0.00113, total_cos_loss : 0.00119, 
epoch  98 summary: dyn_dyn_cos_loss: 0.00133, dyn_sta_cos_loss: 0.00113, total_cos_loss : 0.00119, 
epoch  99 summary: dyn_dyn_cos_loss: 0.00133, dyn_sta_cos_loss: 0.00113, total_cos_loss : 0.00119, 
epoch 100 summary: dyn_dyn_cos_loss: 0.00133, dyn_sta_cos_loss: 0.00113, total_cos_loss : 0.00119, 
valid loss: 1.6718, valid acc: 0.5371
epoch 101 summary: dyn_dyn_cos_loss: 0.00132, dyn_sta_cos_loss: 0.00113, total_cos_loss : 0.00119, 
epoch 102 summary: dyn_dyn_cos_loss: 0.00132, dyn_sta_cos_loss: 0.00113, total_cos_loss : 0.00119, 
epoch 103 summary: dyn_dyn_cos_loss: 0.00132, dyn_sta_cos_loss: 0.00113, total_cos_loss : 0.00119, 
epoch 104 summary: dyn_dyn_cos_loss: 0.00132, dyn_sta_cos_loss: 0.00113, total_cos_loss : 0.00119, 
epoch 105 summary: dyn_dyn_cos_loss: 0.00140, dyn_sta_cos_loss: 0.00113, total_cos_loss : 0.00121, 
epoch 106 summary: dyn_dyn_cos_loss: 0.00138, dyn_sta_cos_loss: 0.00113, total_cos_loss : 0.00121, 
epoch 107 summary: dyn_dyn_cos_loss: 0.00137, dyn_sta_cos_loss: 0.00113, total_cos_loss : 0.00120, 
epoch 108 summary: dyn_dyn_cos_loss: 0.00136, dyn_sta_cos_loss: 0.00113, total_cos_loss : 0.00120, 
epoch 109 summary: dyn_dyn_cos_loss: 0.00135, dyn_sta_cos_loss: 0.00113, total_cos_loss : 0.00120, 
epoch 110 summary: dyn_dyn_cos_loss: 0.00135, dyn_sta_cos_loss: 0.00113, total_cos_loss : 0.00120, 
valid loss: 1.6891, valid acc: 0.5312
epoch 111 summary: dyn_dyn_cos_loss: 0.00134, dyn_sta_cos_loss: 0.00113, total_cos_loss : 0.00119, 
epoch 112 summary: dyn_dyn_cos_loss: 0.00134, dyn_sta_cos_loss: 0.00113, total_cos_loss : 0.00119, 
epoch 113 summary: dyn_dyn_cos_loss: 0.00133, dyn_sta_cos_loss: 0.00113, total_cos_loss : 0.00119, 
epoch 114 summary: dyn_dyn_cos_loss: 0.00133, dyn_sta_cos_loss: 0.00113, total_cos_loss : 0.00119, 
epoch 115 summary: dyn_dyn_cos_loss: 0.00133, dyn_sta_cos_loss: 0.00113, total_cos_loss : 0.00119, 
epoch 116 summary: dyn_dyn_cos_loss: 0.00133, dyn_sta_cos_loss: 0.00113, total_cos_loss : 0.00119, 
epoch 117 summary: dyn_dyn_cos_loss: 0.00133, dyn_sta_cos_loss: 0.00113, total_cos_loss : 0.00119, 
epoch 118 summary: dyn_dyn_cos_loss: 0.00133, dyn_sta_cos_loss: 0.00113, total_cos_loss : 0.00119, 
epoch 119 summary: dyn_dyn_cos_loss: 0.00132, dyn_sta_cos_loss: 0.00113, total_cos_loss : 0.00118, 
epoch 120 summary: dyn_dyn_cos_loss: 0.00138, dyn_sta_cos_loss: 0.00113, total_cos_loss : 0.00120, 
valid loss: 1.6939, valid acc: 0.5293
epoch 121 summary: dyn_dyn_cos_loss: 0.00136, dyn_sta_cos_loss: 0.00113, total_cos_loss : 0.00120, 
epoch 122 summary: dyn_dyn_cos_loss: 0.00135, dyn_sta_cos_loss: 0.00113, total_cos_loss : 0.00119, 
epoch 123 summary: dyn_dyn_cos_loss: 0.00134, dyn_sta_cos_loss: 0.00113, total_cos_loss : 0.00119, 
epoch 124 summary: dyn_dyn_cos_loss: 0.00133, dyn_sta_cos_loss: 0.00113, total_cos_loss : 0.00119, 
epoch 125 summary: dyn_dyn_cos_loss: 0.00132, dyn_sta_cos_loss: 0.00113, total_cos_loss : 0.00119, 
epoch 126 summary: dyn_dyn_cos_loss: 0.00132, dyn_sta_cos_loss: 0.00113, total_cos_loss : 0.00118, 
epoch 127 summary: dyn_dyn_cos_loss: 0.00131, dyn_sta_cos_loss: 0.00113, total_cos_loss : 0.00118, 
epoch 128 summary: dyn_dyn_cos_loss: 0.00131, dyn_sta_cos_loss: 0.00113, total_cos_loss : 0.00118, 
epoch 129 summary: dyn_dyn_cos_loss: 0.00131, dyn_sta_cos_loss: 0.00113, total_cos_loss : 0.00118, 
epoch 130 summary: dyn_dyn_cos_loss: 0.00131, dyn_sta_cos_loss: 0.00113, total_cos_loss : 0.00118, 
valid loss: 1.6803, valid acc: 0.5312
epoch 131 summary: dyn_dyn_cos_loss: 0.00131, dyn_sta_cos_loss: 0.00113, total_cos_loss : 0.00118, 
epoch 132 summary: dyn_dyn_cos_loss: 0.00130, dyn_sta_cos_loss: 0.00113, total_cos_loss : 0.00118, 
epoch 133 summary: dyn_dyn_cos_loss: 0.00130, dyn_sta_cos_loss: 0.00112, total_cos_loss : 0.00118, 
epoch 134 summary: dyn_dyn_cos_loss: 0.00130, dyn_sta_cos_loss: 0.00112, total_cos_loss : 0.00118, 
epoch 135 summary: dyn_dyn_cos_loss: 0.00138, dyn_sta_cos_loss: 0.00112, total_cos_loss : 0.00120, 
epoch 136 summary: dyn_dyn_cos_loss: 0.00136, dyn_sta_cos_loss: 0.00113, total_cos_loss : 0.00120, 
epoch 137 summary: dyn_dyn_cos_loss: 0.00134, dyn_sta_cos_loss: 0.00113, total_cos_loss : 0.00119, 
epoch 138 summary: dyn_dyn_cos_loss: 0.00133, dyn_sta_cos_loss: 0.00113, total_cos_loss : 0.00119, 
epoch 139 summary: dyn_dyn_cos_loss: 0.00132, dyn_sta_cos_loss: 0.00113, total_cos_loss : 0.00119, 
epoch 140 summary: dyn_dyn_cos_loss: 0.00132, dyn_sta_cos_loss: 0.00113, total_cos_loss : 0.00118, 
valid loss: 1.6846, valid acc: 0.5312
epoch 141 summary: dyn_dyn_cos_loss: 0.00131, dyn_sta_cos_loss: 0.00113, total_cos_loss : 0.00118, 
epoch 142 summary: dyn_dyn_cos_loss: 0.00131, dyn_sta_cos_loss: 0.00113, total_cos_loss : 0.00118, 
epoch 143 summary: dyn_dyn_cos_loss: 0.00131, dyn_sta_cos_loss: 0.00113, total_cos_loss : 0.00118, 
epoch 144 summary: dyn_dyn_cos_loss: 0.00130, dyn_sta_cos_loss: 0.00112, total_cos_loss : 0.00118, 
epoch 145 summary: dyn_dyn_cos_loss: 0.00130, dyn_sta_cos_loss: 0.00112, total_cos_loss : 0.00118, 
epoch 146 summary: dyn_dyn_cos_loss: 0.00130, dyn_sta_cos_loss: 0.00112, total_cos_loss : 0.00118, 
epoch 147 summary: dyn_dyn_cos_loss: 0.00130, dyn_sta_cos_loss: 0.00112, total_cos_loss : 0.00118, 
epoch 148 summary: dyn_dyn_cos_loss: 0.00130, dyn_sta_cos_loss: 0.00112, total_cos_loss : 0.00118, 
epoch 149 summary: dyn_dyn_cos_loss: 0.00130, dyn_sta_cos_loss: 0.00112, total_cos_loss : 0.00118, 
epoch 150 summary: dyn_dyn_cos_loss: 0.00139, dyn_sta_cos_loss: 0.00112, total_cos_loss : 0.00120, 
valid loss: 1.6746, valid acc: 0.5410
epoch 151 summary: dyn_dyn_cos_loss: 0.00137, dyn_sta_cos_loss: 0.00113, total_cos_loss : 0.00120, 
epoch 152 summary: dyn_dyn_cos_loss: 0.00136, dyn_sta_cos_loss: 0.00113, total_cos_loss : 0.00120, 
epoch 153 summary: dyn_dyn_cos_loss: 0.00134, dyn_sta_cos_loss: 0.00113, total_cos_loss : 0.00119, 
epoch 154 summary: dyn_dyn_cos_loss: 0.00134, dyn_sta_cos_loss: 0.00113, total_cos_loss : 0.00119, 
epoch 155 summary: dyn_dyn_cos_loss: 0.00133, dyn_sta_cos_loss: 0.00113, total_cos_loss : 0.00119, 
epoch 156 summary: dyn_dyn_cos_loss: 0.00133, dyn_sta_cos_loss: 0.00113, total_cos_loss : 0.00119, 
epoch 157 summary: dyn_dyn_cos_loss: 0.00132, dyn_sta_cos_loss: 0.00113, total_cos_loss : 0.00118, 
epoch 158 summary: dyn_dyn_cos_loss: 0.00132, dyn_sta_cos_loss: 0.00113, total_cos_loss : 0.00118, 
epoch 159 summary: dyn_dyn_cos_loss: 0.00132, dyn_sta_cos_loss: 0.00112, total_cos_loss : 0.00118, 
epoch 160 summary: dyn_dyn_cos_loss: 0.00132, dyn_sta_cos_loss: 0.00112, total_cos_loss : 0.00118, 
valid loss: 1.6906, valid acc: 0.5469
epoch 161 summary: dyn_dyn_cos_loss: 0.00132, dyn_sta_cos_loss: 0.00112, total_cos_loss : 0.00118, 
epoch 162 summary: dyn_dyn_cos_loss: 0.00131, dyn_sta_cos_loss: 0.00112, total_cos_loss : 0.00118, 
epoch 163 summary: dyn_dyn_cos_loss: 0.00131, dyn_sta_cos_loss: 0.00112, total_cos_loss : 0.00118, 
epoch 164 summary: dyn_dyn_cos_loss: 0.00131, dyn_sta_cos_loss: 0.00112, total_cos_loss : 0.00118, 
epoch 165 summary: dyn_dyn_cos_loss: 0.00141, dyn_sta_cos_loss: 0.00112, total_cos_loss : 0.00121, 
epoch 166 summary: dyn_dyn_cos_loss: 0.00139, dyn_sta_cos_loss: 0.00113, total_cos_loss : 0.00120, 
epoch 167 summary: dyn_dyn_cos_loss: 0.00137, dyn_sta_cos_loss: 0.00113, total_cos_loss : 0.00120, 
epoch 168 summary: dyn_dyn_cos_loss: 0.00136, dyn_sta_cos_loss: 0.00113, total_cos_loss : 0.00120, 
epoch 169 summary: dyn_dyn_cos_loss: 0.00135, dyn_sta_cos_loss: 0.00113, total_cos_loss : 0.00119, 
epoch 170 summary: dyn_dyn_cos_loss: 0.00134, dyn_sta_cos_loss: 0.00113, total_cos_loss : 0.00119, 
valid loss: 1.6722, valid acc: 0.5371
epoch 171 summary: dyn_dyn_cos_loss: 0.00134, dyn_sta_cos_loss: 0.00113, total_cos_loss : 0.00119, 
epoch 172 summary: dyn_dyn_cos_loss: 0.00134, dyn_sta_cos_loss: 0.00112, total_cos_loss : 0.00119, 
epoch 173 summary: dyn_dyn_cos_loss: 0.00133, dyn_sta_cos_loss: 0.00112, total_cos_loss : 0.00119, 
epoch 174 summary: dyn_dyn_cos_loss: 0.00133, dyn_sta_cos_loss: 0.00112, total_cos_loss : 0.00119, 
epoch 175 summary: dyn_dyn_cos_loss: 0.00133, dyn_sta_cos_loss: 0.00112, total_cos_loss : 0.00119, 
epoch 176 summary: dyn_dyn_cos_loss: 0.00133, dyn_sta_cos_loss: 0.00112, total_cos_loss : 0.00118, 
epoch 177 summary: dyn_dyn_cos_loss: 0.00133, dyn_sta_cos_loss: 0.00112, total_cos_loss : 0.00118, 
epoch 178 summary: dyn_dyn_cos_loss: 0.00133, dyn_sta_cos_loss: 0.00112, total_cos_loss : 0.00118, 
epoch 179 summary: dyn_dyn_cos_loss: 0.00133, dyn_sta_cos_loss: 0.00112, total_cos_loss : 0.00118, 
epoch 180 summary: dyn_dyn_cos_loss: 0.00139, dyn_sta_cos_loss: 0.00112, total_cos_loss : 0.00120, 
valid loss: 1.6830, valid acc: 0.5293
epoch 181 summary: dyn_dyn_cos_loss: 0.00137, dyn_sta_cos_loss: 0.00112, total_cos_loss : 0.00120, 
epoch 182 summary: dyn_dyn_cos_loss: 0.00135, dyn_sta_cos_loss: 0.00113, total_cos_loss : 0.00119, 
epoch 183 summary: dyn_dyn_cos_loss: 0.00134, dyn_sta_cos_loss: 0.00113, total_cos_loss : 0.00119, 
epoch 184 summary: dyn_dyn_cos_loss: 0.00133, dyn_sta_cos_loss: 0.00113, total_cos_loss : 0.00119, 
epoch 185 summary: dyn_dyn_cos_loss: 0.00133, dyn_sta_cos_loss: 0.00112, total_cos_loss : 0.00119, 
epoch 186 summary: dyn_dyn_cos_loss: 0.00132, dyn_sta_cos_loss: 0.00112, total_cos_loss : 0.00118, 
epoch 187 summary: dyn_dyn_cos_loss: 0.00132, dyn_sta_cos_loss: 0.00112, total_cos_loss : 0.00118, 
epoch 188 summary: dyn_dyn_cos_loss: 0.00131, dyn_sta_cos_loss: 0.00112, total_cos_loss : 0.00118, 
epoch 189 summary: dyn_dyn_cos_loss: 0.00131, dyn_sta_cos_loss: 0.00112, total_cos_loss : 0.00118, 
epoch 190 summary: dyn_dyn_cos_loss: 0.00131, dyn_sta_cos_loss: 0.00112, total_cos_loss : 0.00118, 
valid loss: 1.6698, valid acc: 0.5293
epoch 191 summary: dyn_dyn_cos_loss: 0.00131, dyn_sta_cos_loss: 0.00112, total_cos_loss : 0.00118, 
epoch 192 summary: dyn_dyn_cos_loss: 0.00131, dyn_sta_cos_loss: 0.00112, total_cos_loss : 0.00118, 
epoch 193 summary: dyn_dyn_cos_loss: 0.00131, dyn_sta_cos_loss: 0.00112, total_cos_loss : 0.00118, 
epoch 194 summary: dyn_dyn_cos_loss: 0.00131, dyn_sta_cos_loss: 0.00112, total_cos_loss : 0.00118, 
epoch 195 summary: dyn_dyn_cos_loss: 0.00139, dyn_sta_cos_loss: 0.00112, total_cos_loss : 0.00120, 
epoch 196 summary: dyn_dyn_cos_loss: 0.00137, dyn_sta_cos_loss: 0.00112, total_cos_loss : 0.00120, 
epoch 197 summary: dyn_dyn_cos_loss: 0.00135, dyn_sta_cos_loss: 0.00113, total_cos_loss : 0.00119, 
epoch 198 summary: dyn_dyn_cos_loss: 0.00134, dyn_sta_cos_loss: 0.00113, total_cos_loss : 0.00119, 
epoch 199 summary: dyn_dyn_cos_loss: 0.00134, dyn_sta_cos_loss: 0.00112, total_cos_loss : 0.00119, 
valid loss: 1.6675, valid acc: 0.5449
all                          70334.477ms
all_epoch                    70198.924ms
all_preparation                135.525ms
all_preparation_2              133.508ms
all_preparation_3                1.988ms
epoch                          252.243ms
epoch_pos_train                  6.131ms
epoch_preparation                0.405ms
epoch_train                    241.192ms
epoch_valid                      2.757ms
----------------------------------------
all                          70334.477ms
  all_epoch             99.81%
  all_preparation        0.19%
all_preparation                135.525ms
  all_preparation_2     98.51%
  all_preparation_3      1.47%
epoch                        50448.507ms
  epoch_train           95.62%
  epoch_pos_train        2.43%
  epoch_valid            1.09%
  epoch_preparation      0.16%
