Before CTE Training: train eu loss: 1.0543208122253418, eval eu loss: 1.492782711982727
Before CTE Training: train eu acc: 0.659027099609375, eval eu acc: 0.560546875
epoch   0 summary: dyn_dyn_cos_loss: 0.02343, dyn_sta_cos_loss: 0.00709, total_cos_loss : 0.01036, vocab_cro_loss : 4.48728, 
train loss: 3.7244, train acc: 0.1990
epoch   1 summary: dyn_dyn_cos_loss: 0.00000, dyn_sta_cos_loss: 0.00000, total_cos_loss : 0.00000, vocab_cro_loss : 3.72418, 
epoch   2 summary: dyn_dyn_cos_loss: 0.00000, dyn_sta_cos_loss: 0.00000, total_cos_loss : 0.00000, vocab_cro_loss : 3.64152, 
epoch   3 summary: dyn_dyn_cos_loss: 0.00000, dyn_sta_cos_loss: 0.00000, total_cos_loss : 0.00000, vocab_cro_loss : 3.55257, 
epoch   4 summary: dyn_dyn_cos_loss: 0.02242, dyn_sta_cos_loss: 0.00616, total_cos_loss : 0.00941, vocab_cro_loss : 3.47594, 
epoch   5 summary: dyn_dyn_cos_loss: 0.00000, dyn_sta_cos_loss: 0.00000, total_cos_loss : 0.00000, vocab_cro_loss : 2.83007, 
epoch   6 summary: dyn_dyn_cos_loss: 0.00000, dyn_sta_cos_loss: 0.00000, total_cos_loss : 0.00000, vocab_cro_loss : 2.80593, 
epoch   7 summary: dyn_dyn_cos_loss: 0.00000, dyn_sta_cos_loss: 0.00000, total_cos_loss : 0.00000, vocab_cro_loss : 2.78913, 
epoch   8 summary: dyn_dyn_cos_loss: 0.02014, dyn_sta_cos_loss: 0.00501, total_cos_loss : 0.00804, vocab_cro_loss : 2.77604, 
epoch   9 summary: dyn_dyn_cos_loss: 0.00000, dyn_sta_cos_loss: 0.00000, total_cos_loss : 0.00000, vocab_cro_loss : 2.39677, 
epoch  10 summary: dyn_dyn_cos_loss: 0.00000, dyn_sta_cos_loss: 0.00000, total_cos_loss : 0.00000, vocab_cro_loss : 2.37988, 
train loss: 2.3699, train acc: 0.4506
epoch  11 summary: dyn_dyn_cos_loss: 0.00000, dyn_sta_cos_loss: 0.00000, total_cos_loss : 0.00000, vocab_cro_loss : 2.36988, 
epoch  12 summary: dyn_dyn_cos_loss: 0.01719, dyn_sta_cos_loss: 0.00420, total_cos_loss : 0.00680, vocab_cro_loss : 2.36301, 
epoch  13 summary: dyn_dyn_cos_loss: 0.00000, dyn_sta_cos_loss: 0.00000, total_cos_loss : 0.00000, vocab_cro_loss : 2.10661, 
epoch  14 summary: dyn_dyn_cos_loss: 0.00000, dyn_sta_cos_loss: 0.00000, total_cos_loss : 0.00000, vocab_cro_loss : 2.10267, 
epoch  15 summary: dyn_dyn_cos_loss: 0.00000, dyn_sta_cos_loss: 0.00000, total_cos_loss : 0.00000, vocab_cro_loss : 2.09706, 
epoch  16 summary: dyn_dyn_cos_loss: 0.01460, dyn_sta_cos_loss: 0.00370, total_cos_loss : 0.00588, vocab_cro_loss : 2.09334, 
epoch  17 summary: dyn_dyn_cos_loss: 0.00000, dyn_sta_cos_loss: 0.00000, total_cos_loss : 0.00000, vocab_cro_loss : 1.91206, 
epoch  18 summary: dyn_dyn_cos_loss: 0.00000, dyn_sta_cos_loss: 0.00000, total_cos_loss : 0.00000, vocab_cro_loss : 1.90645, 
epoch  19 summary: dyn_dyn_cos_loss: 0.00000, dyn_sta_cos_loss: 0.00000, total_cos_loss : 0.00000, vocab_cro_loss : 1.90093, 
epoch  20 summary: dyn_dyn_cos_loss: 0.01221, dyn_sta_cos_loss: 0.00337, total_cos_loss : 0.00514, vocab_cro_loss : 1.90002, 
train loss: 1.7798, train acc: 0.5410
epoch  21 summary: dyn_dyn_cos_loss: 0.00000, dyn_sta_cos_loss: 0.00000, total_cos_loss : 0.00000, vocab_cro_loss : 1.77981, 
epoch  22 summary: dyn_dyn_cos_loss: 0.00000, dyn_sta_cos_loss: 0.00000, total_cos_loss : 0.00000, vocab_cro_loss : 1.77704, 
epoch  23 summary: dyn_dyn_cos_loss: 0.00000, dyn_sta_cos_loss: 0.00000, total_cos_loss : 0.00000, vocab_cro_loss : 1.77501, 
epoch  24 summary: dyn_dyn_cos_loss: 0.01026, dyn_sta_cos_loss: 0.00309, total_cos_loss : 0.00453, vocab_cro_loss : 1.77032, 
epoch  25 summary: dyn_dyn_cos_loss: 0.00000, dyn_sta_cos_loss: 0.00000, total_cos_loss : 0.00000, vocab_cro_loss : 1.69176, 
epoch  26 summary: dyn_dyn_cos_loss: 0.00000, dyn_sta_cos_loss: 0.00000, total_cos_loss : 0.00000, vocab_cro_loss : 1.68535, 
epoch  27 summary: dyn_dyn_cos_loss: 0.00000, dyn_sta_cos_loss: 0.00000, total_cos_loss : 0.00000, vocab_cro_loss : 1.68175, 
epoch  28 summary: dyn_dyn_cos_loss: 0.00860, dyn_sta_cos_loss: 0.00286, total_cos_loss : 0.00401, vocab_cro_loss : 1.67505, 
epoch  29 summary: dyn_dyn_cos_loss: 0.00000, dyn_sta_cos_loss: 0.00000, total_cos_loss : 0.00000, vocab_cro_loss : 1.62205, 
epoch  30 summary: dyn_dyn_cos_loss: 0.00000, dyn_sta_cos_loss: 0.00000, total_cos_loss : 0.00000, vocab_cro_loss : 1.62549, 
train loss: 1.6224, train acc: 0.5623
epoch  31 summary: dyn_dyn_cos_loss: 0.00000, dyn_sta_cos_loss: 0.00000, total_cos_loss : 0.00000, vocab_cro_loss : 1.62237, 
epoch  32 summary: dyn_dyn_cos_loss: 0.00736, dyn_sta_cos_loss: 0.00267, total_cos_loss : 0.00361, vocab_cro_loss : 1.61927, 
epoch  33 summary: dyn_dyn_cos_loss: 0.00000, dyn_sta_cos_loss: 0.00000, total_cos_loss : 0.00000, vocab_cro_loss : 1.59449, 
epoch  34 summary: dyn_dyn_cos_loss: 0.00000, dyn_sta_cos_loss: 0.00000, total_cos_loss : 0.00000, vocab_cro_loss : 1.59209, 
epoch  35 summary: dyn_dyn_cos_loss: 0.00000, dyn_sta_cos_loss: 0.00000, total_cos_loss : 0.00000, vocab_cro_loss : 1.58831, 
epoch  36 summary: dyn_dyn_cos_loss: 0.00620, dyn_sta_cos_loss: 0.00259, total_cos_loss : 0.00331, vocab_cro_loss : 1.59479, 
epoch  37 summary: dyn_dyn_cos_loss: 0.00000, dyn_sta_cos_loss: 0.00000, total_cos_loss : 0.00000, vocab_cro_loss : 1.55161, 
epoch  38 summary: dyn_dyn_cos_loss: 0.00000, dyn_sta_cos_loss: 0.00000, total_cos_loss : 0.00000, vocab_cro_loss : 1.55452, 
epoch  39 summary: dyn_dyn_cos_loss: 0.00000, dyn_sta_cos_loss: 0.00000, total_cos_loss : 0.00000, vocab_cro_loss : 1.53798, 
epoch  40 summary: dyn_dyn_cos_loss: 0.00529, dyn_sta_cos_loss: 0.00241, total_cos_loss : 0.00299, vocab_cro_loss : 1.64661, 
train loss: 1.6462, train acc: 0.5670
epoch  41 summary: dyn_dyn_cos_loss: 0.00000, dyn_sta_cos_loss: 0.00000, total_cos_loss : 0.00000, vocab_cro_loss : 1.64564, 
epoch  42 summary: dyn_dyn_cos_loss: 0.00000, dyn_sta_cos_loss: 0.00000, total_cos_loss : 0.00000, vocab_cro_loss : 1.62449, 
epoch  43 summary: dyn_dyn_cos_loss: 0.00000, dyn_sta_cos_loss: 0.00000, total_cos_loss : 0.00000, vocab_cro_loss : 1.61442, 
epoch  44 summary: dyn_dyn_cos_loss: 0.00458, dyn_sta_cos_loss: 0.00223, total_cos_loss : 0.00270, vocab_cro_loss : 1.58554, 
epoch  45 summary: dyn_dyn_cos_loss: 0.00000, dyn_sta_cos_loss: 0.00000, total_cos_loss : 0.00000, vocab_cro_loss : 1.59091, 
epoch  46 summary: dyn_dyn_cos_loss: 0.00000, dyn_sta_cos_loss: 0.00000, total_cos_loss : 0.00000, vocab_cro_loss : 1.58564, 
epoch  47 summary: dyn_dyn_cos_loss: 0.00000, dyn_sta_cos_loss: 0.00000, total_cos_loss : 0.00000, vocab_cro_loss : 1.56645, 
epoch  48 summary: dyn_dyn_cos_loss: 0.00412, dyn_sta_cos_loss: 0.00211, total_cos_loss : 0.00251, vocab_cro_loss : 1.59915, 
epoch  49 summary: dyn_dyn_cos_loss: 0.00000, dyn_sta_cos_loss: 0.00000, total_cos_loss : 0.00000, vocab_cro_loss : 1.54218, 
epoch  50 summary: dyn_dyn_cos_loss: 0.00000, dyn_sta_cos_loss: 0.00000, total_cos_loss : 0.00000, vocab_cro_loss : 1.65475, 
train loss: 1.6307, train acc: 0.5608
epoch  51 summary: dyn_dyn_cos_loss: 0.00000, dyn_sta_cos_loss: 0.00000, total_cos_loss : 0.00000, vocab_cro_loss : 1.63054, 
epoch  52 summary: dyn_dyn_cos_loss: 0.00369, dyn_sta_cos_loss: 0.00208, total_cos_loss : 0.00240, vocab_cro_loss : 1.68036, 
epoch  53 summary: dyn_dyn_cos_loss: 0.00000, dyn_sta_cos_loss: 0.00000, total_cos_loss : 0.00000, vocab_cro_loss : 1.61376, 
epoch  54 summary: dyn_dyn_cos_loss: 0.00000, dyn_sta_cos_loss: 0.00000, total_cos_loss : 0.00000, vocab_cro_loss : 1.60323, 
epoch  55 summary: dyn_dyn_cos_loss: 0.00000, dyn_sta_cos_loss: 0.00000, total_cos_loss : 0.00000, vocab_cro_loss : 1.59526, 
epoch  56 summary: dyn_dyn_cos_loss: 0.00347, dyn_sta_cos_loss: 0.00188, total_cos_loss : 0.00220, vocab_cro_loss : 1.61120, 
epoch  57 summary: dyn_dyn_cos_loss: 0.00000, dyn_sta_cos_loss: 0.00000, total_cos_loss : 0.00000, vocab_cro_loss : 1.80868, 
epoch  58 summary: dyn_dyn_cos_loss: 0.00000, dyn_sta_cos_loss: 0.00000, total_cos_loss : 0.00000, vocab_cro_loss : 1.68956, 
epoch  59 summary: dyn_dyn_cos_loss: 0.00000, dyn_sta_cos_loss: 0.00000, total_cos_loss : 0.00000, vocab_cro_loss : 1.86311, 
epoch  60 summary: dyn_dyn_cos_loss: 0.00322, dyn_sta_cos_loss: 0.00176, total_cos_loss : 0.00205, vocab_cro_loss : 1.81895, 
train loss: 1.6648, train acc: 0.5640
epoch  61 summary: dyn_dyn_cos_loss: 0.00000, dyn_sta_cos_loss: 0.00000, total_cos_loss : 0.00000, vocab_cro_loss : 1.66450, 
epoch  62 summary: dyn_dyn_cos_loss: 0.00000, dyn_sta_cos_loss: 0.00000, total_cos_loss : 0.00000, vocab_cro_loss : 1.64559, 
epoch  63 summary: dyn_dyn_cos_loss: 0.00000, dyn_sta_cos_loss: 0.00000, total_cos_loss : 0.00000, vocab_cro_loss : 1.62491, 
epoch  64 summary: dyn_dyn_cos_loss: 0.00291, dyn_sta_cos_loss: 0.00161, total_cos_loss : 0.00187, vocab_cro_loss : 1.61177, 
epoch  65 summary: dyn_dyn_cos_loss: 0.00000, dyn_sta_cos_loss: 0.00000, total_cos_loss : 0.00000, vocab_cro_loss : 1.57298, 
epoch  66 summary: dyn_dyn_cos_loss: 0.00000, dyn_sta_cos_loss: 0.00000, total_cos_loss : 0.00000, vocab_cro_loss : 1.56118, 
epoch  67 summary: dyn_dyn_cos_loss: 0.00000, dyn_sta_cos_loss: 0.00000, total_cos_loss : 0.00000, vocab_cro_loss : 1.55620, 
epoch  68 summary: dyn_dyn_cos_loss: 0.00269, dyn_sta_cos_loss: 0.00156, total_cos_loss : 0.00179, vocab_cro_loss : 1.54347, 
epoch  69 summary: dyn_dyn_cos_loss: 0.00000, dyn_sta_cos_loss: 0.00000, total_cos_loss : 0.00000, vocab_cro_loss : 1.49431, 
epoch  70 summary: dyn_dyn_cos_loss: 0.00000, dyn_sta_cos_loss: 0.00000, total_cos_loss : 0.00000, vocab_cro_loss : 1.48598, 
train loss: 1.4966, train acc: 0.5778
epoch  71 summary: dyn_dyn_cos_loss: 0.00000, dyn_sta_cos_loss: 0.00000, total_cos_loss : 0.00000, vocab_cro_loss : 1.49654, 
epoch  72 summary: dyn_dyn_cos_loss: 0.00249, dyn_sta_cos_loss: 0.00148, total_cos_loss : 0.00168, vocab_cro_loss : 1.49484, 
epoch  73 summary: dyn_dyn_cos_loss: 0.00000, dyn_sta_cos_loss: 0.00000, total_cos_loss : 0.00000, vocab_cro_loss : 1.47390, 
epoch  74 summary: dyn_dyn_cos_loss: 0.00000, dyn_sta_cos_loss: 0.00000, total_cos_loss : 0.00000, vocab_cro_loss : 1.48490, 
epoch  75 summary: dyn_dyn_cos_loss: 0.00000, dyn_sta_cos_loss: 0.00000, total_cos_loss : 0.00000, vocab_cro_loss : 1.50011, 
epoch  76 summary: dyn_dyn_cos_loss: 0.00242, dyn_sta_cos_loss: 0.00145, total_cos_loss : 0.00164, vocab_cro_loss : 1.49122, 
epoch  77 summary: dyn_dyn_cos_loss: 0.00000, dyn_sta_cos_loss: 0.00000, total_cos_loss : 0.00000, vocab_cro_loss : 1.46669, 
epoch  78 summary: dyn_dyn_cos_loss: 0.00000, dyn_sta_cos_loss: 0.00000, total_cos_loss : 0.00000, vocab_cro_loss : 1.47404, 
epoch  79 summary: dyn_dyn_cos_loss: 0.00000, dyn_sta_cos_loss: 0.00000, total_cos_loss : 0.00000, vocab_cro_loss : 1.48531, 
epoch  80 summary: dyn_dyn_cos_loss: 0.00229, dyn_sta_cos_loss: 0.00140, total_cos_loss : 0.00158, vocab_cro_loss : 1.47564, 
train loss: 1.4614, train acc: 0.5883
epoch  81 summary: dyn_dyn_cos_loss: 0.00000, dyn_sta_cos_loss: 0.00000, total_cos_loss : 0.00000, vocab_cro_loss : 1.46117, 
epoch  82 summary: dyn_dyn_cos_loss: 0.00000, dyn_sta_cos_loss: 0.00000, total_cos_loss : 0.00000, vocab_cro_loss : 1.50381, 
epoch  83 summary: dyn_dyn_cos_loss: 0.00000, dyn_sta_cos_loss: 0.00000, total_cos_loss : 0.00000, vocab_cro_loss : 1.48072, 
epoch  84 summary: dyn_dyn_cos_loss: 0.00218, dyn_sta_cos_loss: 0.00139, total_cos_loss : 0.00155, vocab_cro_loss : 1.51261, 
epoch  85 summary: dyn_dyn_cos_loss: 0.00000, dyn_sta_cos_loss: 0.00000, total_cos_loss : 0.00000, vocab_cro_loss : 1.47125, 
epoch  86 summary: dyn_dyn_cos_loss: 0.00000, dyn_sta_cos_loss: 0.00000, total_cos_loss : 0.00000, vocab_cro_loss : 1.51954, 
epoch  87 summary: dyn_dyn_cos_loss: 0.00000, dyn_sta_cos_loss: 0.00000, total_cos_loss : 0.00000, vocab_cro_loss : 1.51891, 
epoch  88 summary: dyn_dyn_cos_loss: 0.00212, dyn_sta_cos_loss: 0.00139, total_cos_loss : 0.00154, vocab_cro_loss : 1.50375, 
epoch  89 summary: dyn_dyn_cos_loss: 0.00000, dyn_sta_cos_loss: 0.00000, total_cos_loss : 0.00000, vocab_cro_loss : 1.46730, 
epoch  90 summary: dyn_dyn_cos_loss: 0.00000, dyn_sta_cos_loss: 0.00000, total_cos_loss : 0.00000, vocab_cro_loss : 1.61320, 
train loss: 1.6201, train acc: 0.5824
epoch  91 summary: dyn_dyn_cos_loss: 0.00000, dyn_sta_cos_loss: 0.00000, total_cos_loss : 0.00000, vocab_cro_loss : 1.61993, 
epoch  92 summary: dyn_dyn_cos_loss: 0.00215, dyn_sta_cos_loss: 0.00141, total_cos_loss : 0.00155, vocab_cro_loss : 1.62243, 
epoch  93 summary: dyn_dyn_cos_loss: 0.00000, dyn_sta_cos_loss: 0.00000, total_cos_loss : 0.00000, vocab_cro_loss : 1.57057, 
epoch  94 summary: dyn_dyn_cos_loss: 0.00000, dyn_sta_cos_loss: 0.00000, total_cos_loss : 0.00000, vocab_cro_loss : 1.53458, 
epoch  95 summary: dyn_dyn_cos_loss: 0.00000, dyn_sta_cos_loss: 0.00000, total_cos_loss : 0.00000, vocab_cro_loss : 1.51167, 
epoch  96 summary: dyn_dyn_cos_loss: 0.00215, dyn_sta_cos_loss: 0.00135, total_cos_loss : 0.00151, vocab_cro_loss : 1.49784, 
epoch  97 summary: dyn_dyn_cos_loss: 0.00000, dyn_sta_cos_loss: 0.00000, total_cos_loss : 0.00000, vocab_cro_loss : 1.46530, 
epoch  98 summary: dyn_dyn_cos_loss: 0.00000, dyn_sta_cos_loss: 0.00000, total_cos_loss : 0.00000, vocab_cro_loss : 1.48356, 
epoch  99 summary: dyn_dyn_cos_loss: 0.00000, dyn_sta_cos_loss: 0.00000, total_cos_loss : 0.00000, vocab_cro_loss : 1.47349, 
epoch 100 summary: dyn_dyn_cos_loss: 0.00206, dyn_sta_cos_loss: 0.00131, total_cos_loss : 0.00146, vocab_cro_loss : 1.48574, 
train loss: 1.4487, train acc: 0.5881
epoch 101 summary: dyn_dyn_cos_loss: 0.00000, dyn_sta_cos_loss: 0.00000, total_cos_loss : 0.00000, vocab_cro_loss : 1.44846, 
epoch 102 summary: dyn_dyn_cos_loss: 0.00000, dyn_sta_cos_loss: 0.00000, total_cos_loss : 0.00000, vocab_cro_loss : 1.46915, 
epoch 103 summary: dyn_dyn_cos_loss: 0.00000, dyn_sta_cos_loss: 0.00000, total_cos_loss : 0.00000, vocab_cro_loss : 1.45183, 
epoch 104 summary: dyn_dyn_cos_loss: 0.00199, dyn_sta_cos_loss: 0.00126, total_cos_loss : 0.00141, vocab_cro_loss : 1.45600, 
epoch 105 summary: dyn_dyn_cos_loss: 0.00000, dyn_sta_cos_loss: 0.00000, total_cos_loss : 0.00000, vocab_cro_loss : 1.42746, 
epoch 106 summary: dyn_dyn_cos_loss: 0.00000, dyn_sta_cos_loss: 0.00000, total_cos_loss : 0.00000, vocab_cro_loss : 1.44783, 
epoch 107 summary: dyn_dyn_cos_loss: 0.00000, dyn_sta_cos_loss: 0.00000, total_cos_loss : 0.00000, vocab_cro_loss : 1.43760, 
epoch 108 summary: dyn_dyn_cos_loss: 0.00199, dyn_sta_cos_loss: 0.00125, total_cos_loss : 0.00140, vocab_cro_loss : 1.42041, 
epoch 109 summary: dyn_dyn_cos_loss: 0.00000, dyn_sta_cos_loss: 0.00000, total_cos_loss : 0.00000, vocab_cro_loss : 1.39707, 
epoch 110 summary: dyn_dyn_cos_loss: 0.00000, dyn_sta_cos_loss: 0.00000, total_cos_loss : 0.00000, vocab_cro_loss : 1.40059, 
train loss: 1.4006, train acc: 0.5969
epoch 111 summary: dyn_dyn_cos_loss: 0.00000, dyn_sta_cos_loss: 0.00000, total_cos_loss : 0.00000, vocab_cro_loss : 1.40058, 
epoch 112 summary: dyn_dyn_cos_loss: 0.00192, dyn_sta_cos_loss: 0.00120, total_cos_loss : 0.00135, vocab_cro_loss : 1.40714, 
epoch 113 summary: dyn_dyn_cos_loss: 0.00000, dyn_sta_cos_loss: 0.00000, total_cos_loss : 0.00000, vocab_cro_loss : 1.38855, 
epoch 114 summary: dyn_dyn_cos_loss: 0.00000, dyn_sta_cos_loss: 0.00000, total_cos_loss : 0.00000, vocab_cro_loss : 1.39925, 
epoch 115 summary: dyn_dyn_cos_loss: 0.00000, dyn_sta_cos_loss: 0.00000, total_cos_loss : 0.00000, vocab_cro_loss : 1.39771, 
epoch 116 summary: dyn_dyn_cos_loss: 0.00186, dyn_sta_cos_loss: 0.00116, total_cos_loss : 0.00130, vocab_cro_loss : 1.38336, 
epoch 117 summary: dyn_dyn_cos_loss: 0.00000, dyn_sta_cos_loss: 0.00000, total_cos_loss : 0.00000, vocab_cro_loss : 1.36711, 
epoch 118 summary: dyn_dyn_cos_loss: 0.00000, dyn_sta_cos_loss: 0.00000, total_cos_loss : 0.00000, vocab_cro_loss : 1.36604, 
epoch 119 summary: dyn_dyn_cos_loss: 0.00000, dyn_sta_cos_loss: 0.00000, total_cos_loss : 0.00000, vocab_cro_loss : 1.36070, 
epoch 120 summary: dyn_dyn_cos_loss: 0.00186, dyn_sta_cos_loss: 0.00114, total_cos_loss : 0.00128, vocab_cro_loss : 1.37796, 
train loss: 1.3845, train acc: 0.5974
epoch 121 summary: dyn_dyn_cos_loss: 0.00000, dyn_sta_cos_loss: 0.00000, total_cos_loss : 0.00000, vocab_cro_loss : 1.38432, 
epoch 122 summary: dyn_dyn_cos_loss: 0.00000, dyn_sta_cos_loss: 0.00000, total_cos_loss : 0.00000, vocab_cro_loss : 1.42195, 
epoch 123 summary: dyn_dyn_cos_loss: 0.00000, dyn_sta_cos_loss: 0.00000, total_cos_loss : 0.00000, vocab_cro_loss : 1.38493, 
epoch 124 summary: dyn_dyn_cos_loss: 0.00180, dyn_sta_cos_loss: 0.00114, total_cos_loss : 0.00127, vocab_cro_loss : 1.38229, 
epoch 125 summary: dyn_dyn_cos_loss: 0.00000, dyn_sta_cos_loss: 0.00000, total_cos_loss : 0.00000, vocab_cro_loss : 1.36661, 
epoch 126 summary: dyn_dyn_cos_loss: 0.00000, dyn_sta_cos_loss: 0.00000, total_cos_loss : 0.00000, vocab_cro_loss : 1.36064, 
epoch 127 summary: dyn_dyn_cos_loss: 0.00000, dyn_sta_cos_loss: 0.00000, total_cos_loss : 0.00000, vocab_cro_loss : 1.35871, 
epoch 128 summary: dyn_dyn_cos_loss: 0.00175, dyn_sta_cos_loss: 0.00109, total_cos_loss : 0.00122, vocab_cro_loss : 1.34973, 
epoch 129 summary: dyn_dyn_cos_loss: 0.00000, dyn_sta_cos_loss: 0.00000, total_cos_loss : 0.00000, vocab_cro_loss : 1.34143, 
epoch 130 summary: dyn_dyn_cos_loss: 0.00000, dyn_sta_cos_loss: 0.00000, total_cos_loss : 0.00000, vocab_cro_loss : 1.33561, 
train loss: 1.3405, train acc: 0.6032
epoch 131 summary: dyn_dyn_cos_loss: 0.00000, dyn_sta_cos_loss: 0.00000, total_cos_loss : 0.00000, vocab_cro_loss : 1.34051, 
epoch 132 summary: dyn_dyn_cos_loss: 0.00170, dyn_sta_cos_loss: 0.00107, total_cos_loss : 0.00120, vocab_cro_loss : 1.33916, 
epoch 133 summary: dyn_dyn_cos_loss: 0.00000, dyn_sta_cos_loss: 0.00000, total_cos_loss : 0.00000, vocab_cro_loss : 1.33553, 
epoch 134 summary: dyn_dyn_cos_loss: 0.00000, dyn_sta_cos_loss: 0.00000, total_cos_loss : 0.00000, vocab_cro_loss : 1.34537, 
epoch 135 summary: dyn_dyn_cos_loss: 0.00000, dyn_sta_cos_loss: 0.00000, total_cos_loss : 0.00000, vocab_cro_loss : 1.34215, 
epoch 136 summary: dyn_dyn_cos_loss: 0.00172, dyn_sta_cos_loss: 0.00107, total_cos_loss : 0.00120, vocab_cro_loss : 1.33607, 
epoch 137 summary: dyn_dyn_cos_loss: 0.00000, dyn_sta_cos_loss: 0.00000, total_cos_loss : 0.00000, vocab_cro_loss : 1.35026, 
epoch 138 summary: dyn_dyn_cos_loss: 0.00000, dyn_sta_cos_loss: 0.00000, total_cos_loss : 0.00000, vocab_cro_loss : 1.34298, 
epoch 139 summary: dyn_dyn_cos_loss: 0.00000, dyn_sta_cos_loss: 0.00000, total_cos_loss : 0.00000, vocab_cro_loss : 1.34009, 
epoch 140 summary: dyn_dyn_cos_loss: 0.00167, dyn_sta_cos_loss: 0.00105, total_cos_loss : 0.00118, vocab_cro_loss : 1.32496, 
train loss: 1.3167, train acc: 0.6136
epoch 141 summary: dyn_dyn_cos_loss: 0.00000, dyn_sta_cos_loss: 0.00000, total_cos_loss : 0.00000, vocab_cro_loss : 1.31664, 
epoch 142 summary: dyn_dyn_cos_loss: 0.00000, dyn_sta_cos_loss: 0.00000, total_cos_loss : 0.00000, vocab_cro_loss : 1.34274, 
epoch 143 summary: dyn_dyn_cos_loss: 0.00000, dyn_sta_cos_loss: 0.00000, total_cos_loss : 0.00000, vocab_cro_loss : 1.33367, 
epoch 144 summary: dyn_dyn_cos_loss: 0.00163, dyn_sta_cos_loss: 0.00105, total_cos_loss : 0.00117, vocab_cro_loss : 1.30731, 
epoch 145 summary: dyn_dyn_cos_loss: 0.00000, dyn_sta_cos_loss: 0.00000, total_cos_loss : 0.00000, vocab_cro_loss : 1.30824, 
epoch 146 summary: dyn_dyn_cos_loss: 0.00000, dyn_sta_cos_loss: 0.00000, total_cos_loss : 0.00000, vocab_cro_loss : 1.30762, 
epoch 147 summary: dyn_dyn_cos_loss: 0.00000, dyn_sta_cos_loss: 0.00000, total_cos_loss : 0.00000, vocab_cro_loss : 1.30648, 
epoch 148 summary: dyn_dyn_cos_loss: 0.00160, dyn_sta_cos_loss: 0.00104, total_cos_loss : 0.00115, vocab_cro_loss : 1.32001, 
epoch 149 summary: dyn_dyn_cos_loss: 0.00000, dyn_sta_cos_loss: 0.00000, total_cos_loss : 0.00000, vocab_cro_loss : 1.31862, 
epoch 150 summary: dyn_dyn_cos_loss: 0.00000, dyn_sta_cos_loss: 0.00000, total_cos_loss : 0.00000, vocab_cro_loss : 1.31730, 
train loss: 1.3515, train acc: 0.6024
epoch 151 summary: dyn_dyn_cos_loss: 0.00000, dyn_sta_cos_loss: 0.00000, total_cos_loss : 0.00000, vocab_cro_loss : 1.35120, 
epoch 152 summary: dyn_dyn_cos_loss: 0.00162, dyn_sta_cos_loss: 0.00102, total_cos_loss : 0.00114, vocab_cro_loss : 1.31554, 
epoch 153 summary: dyn_dyn_cos_loss: 0.00000, dyn_sta_cos_loss: 0.00000, total_cos_loss : 0.00000, vocab_cro_loss : 1.32372, 
epoch 154 summary: dyn_dyn_cos_loss: 0.00000, dyn_sta_cos_loss: 0.00000, total_cos_loss : 0.00000, vocab_cro_loss : 1.31859, 
epoch 155 summary: dyn_dyn_cos_loss: 0.00000, dyn_sta_cos_loss: 0.00000, total_cos_loss : 0.00000, vocab_cro_loss : 1.43896, 
epoch 156 summary: dyn_dyn_cos_loss: 0.00158, dyn_sta_cos_loss: 0.00105, total_cos_loss : 0.00116, vocab_cro_loss : 1.34440, 
epoch 157 summary: dyn_dyn_cos_loss: 0.00000, dyn_sta_cos_loss: 0.00000, total_cos_loss : 0.00000, vocab_cro_loss : 1.49122, 
epoch 158 summary: dyn_dyn_cos_loss: 0.00000, dyn_sta_cos_loss: 0.00000, total_cos_loss : 0.00000, vocab_cro_loss : 1.47100, 
epoch 159 summary: dyn_dyn_cos_loss: 0.00000, dyn_sta_cos_loss: 0.00000, total_cos_loss : 0.00000, vocab_cro_loss : 1.42094, 
epoch 160 summary: dyn_dyn_cos_loss: 0.00155, dyn_sta_cos_loss: 0.00111, total_cos_loss : 0.00119, vocab_cro_loss : 1.40909, 
train loss: 1.3732, train acc: 0.6021
epoch 161 summary: dyn_dyn_cos_loss: 0.00000, dyn_sta_cos_loss: 0.00000, total_cos_loss : 0.00000, vocab_cro_loss : 1.37318, 
epoch 162 summary: dyn_dyn_cos_loss: 0.00000, dyn_sta_cos_loss: 0.00000, total_cos_loss : 0.00000, vocab_cro_loss : 1.36378, 
epoch 163 summary: dyn_dyn_cos_loss: 0.00000, dyn_sta_cos_loss: 0.00000, total_cos_loss : 0.00000, vocab_cro_loss : 1.37819, 
epoch 164 summary: dyn_dyn_cos_loss: 0.00154, dyn_sta_cos_loss: 0.00109, total_cos_loss : 0.00118, vocab_cro_loss : 1.35861, 
epoch 165 summary: dyn_dyn_cos_loss: 0.00000, dyn_sta_cos_loss: 0.00000, total_cos_loss : 0.00000, vocab_cro_loss : 1.34077, 
epoch 166 summary: dyn_dyn_cos_loss: 0.00000, dyn_sta_cos_loss: 0.00000, total_cos_loss : 0.00000, vocab_cro_loss : 1.34168, 
epoch 167 summary: dyn_dyn_cos_loss: 0.00000, dyn_sta_cos_loss: 0.00000, total_cos_loss : 0.00000, vocab_cro_loss : 1.33023, 
epoch 168 summary: dyn_dyn_cos_loss: 0.00159, dyn_sta_cos_loss: 0.00107, total_cos_loss : 0.00118, vocab_cro_loss : 1.32749, 
epoch 169 summary: dyn_dyn_cos_loss: 0.00000, dyn_sta_cos_loss: 0.00000, total_cos_loss : 0.00000, vocab_cro_loss : 1.33432, 
epoch 170 summary: dyn_dyn_cos_loss: 0.00000, dyn_sta_cos_loss: 0.00000, total_cos_loss : 0.00000, vocab_cro_loss : 1.33201, 
train loss: 1.3231, train acc: 0.6051
epoch 171 summary: dyn_dyn_cos_loss: 0.00000, dyn_sta_cos_loss: 0.00000, total_cos_loss : 0.00000, vocab_cro_loss : 1.32306, 
epoch 172 summary: dyn_dyn_cos_loss: 0.00157, dyn_sta_cos_loss: 0.00108, total_cos_loss : 0.00118, vocab_cro_loss : 1.32821, 
epoch 173 summary: dyn_dyn_cos_loss: 0.00000, dyn_sta_cos_loss: 0.00000, total_cos_loss : 0.00000, vocab_cro_loss : 1.30973, 
epoch 174 summary: dyn_dyn_cos_loss: 0.00000, dyn_sta_cos_loss: 0.00000, total_cos_loss : 0.00000, vocab_cro_loss : 1.35632, 
epoch 175 summary: dyn_dyn_cos_loss: 0.00000, dyn_sta_cos_loss: 0.00000, total_cos_loss : 0.00000, vocab_cro_loss : 1.36275, 
epoch 176 summary: dyn_dyn_cos_loss: 0.00156, dyn_sta_cos_loss: 0.00107, total_cos_loss : 0.00116, vocab_cro_loss : 1.38324, 
epoch 177 summary: dyn_dyn_cos_loss: 0.00000, dyn_sta_cos_loss: 0.00000, total_cos_loss : 0.00000, vocab_cro_loss : 1.39922, 
epoch 178 summary: dyn_dyn_cos_loss: 0.00000, dyn_sta_cos_loss: 0.00000, total_cos_loss : 0.00000, vocab_cro_loss : 1.39606, 
epoch 179 summary: dyn_dyn_cos_loss: 0.00000, dyn_sta_cos_loss: 0.00000, total_cos_loss : 0.00000, vocab_cro_loss : 1.37269, 
epoch 180 summary: dyn_dyn_cos_loss: 0.00160, dyn_sta_cos_loss: 0.00108, total_cos_loss : 0.00119, vocab_cro_loss : 1.35297, 
train loss: 1.3278, train acc: 0.6003
epoch 181 summary: dyn_dyn_cos_loss: 0.00000, dyn_sta_cos_loss: 0.00000, total_cos_loss : 0.00000, vocab_cro_loss : 1.32777, 
epoch 182 summary: dyn_dyn_cos_loss: 0.00000, dyn_sta_cos_loss: 0.00000, total_cos_loss : 0.00000, vocab_cro_loss : 1.32442, 
epoch 183 summary: dyn_dyn_cos_loss: 0.00000, dyn_sta_cos_loss: 0.00000, total_cos_loss : 0.00000, vocab_cro_loss : 1.32593, 
epoch 184 summary: dyn_dyn_cos_loss: 0.00158, dyn_sta_cos_loss: 0.00105, total_cos_loss : 0.00115, vocab_cro_loss : 1.32459, 
epoch 185 summary: dyn_dyn_cos_loss: 0.00000, dyn_sta_cos_loss: 0.00000, total_cos_loss : 0.00000, vocab_cro_loss : 1.36946, 
epoch 186 summary: dyn_dyn_cos_loss: 0.00000, dyn_sta_cos_loss: 0.00000, total_cos_loss : 0.00000, vocab_cro_loss : 1.37331, 
epoch 187 summary: dyn_dyn_cos_loss: 0.00000, dyn_sta_cos_loss: 0.00000, total_cos_loss : 0.00000, vocab_cro_loss : 1.34378, 
epoch 188 summary: dyn_dyn_cos_loss: 0.00155, dyn_sta_cos_loss: 0.00105, total_cos_loss : 0.00115, vocab_cro_loss : 1.34380, 
epoch 189 summary: dyn_dyn_cos_loss: 0.00000, dyn_sta_cos_loss: 0.00000, total_cos_loss : 0.00000, vocab_cro_loss : 1.37921, 
epoch 190 summary: dyn_dyn_cos_loss: 0.00000, dyn_sta_cos_loss: 0.00000, total_cos_loss : 0.00000, vocab_cro_loss : 1.33859, 
train loss: 1.3465, train acc: 0.5975
epoch 191 summary: dyn_dyn_cos_loss: 0.00000, dyn_sta_cos_loss: 0.00000, total_cos_loss : 0.00000, vocab_cro_loss : 1.34644, 
epoch 192 summary: dyn_dyn_cos_loss: 0.00152, dyn_sta_cos_loss: 0.00104, total_cos_loss : 0.00113, vocab_cro_loss : 1.33628, 
epoch 193 summary: dyn_dyn_cos_loss: 0.00000, dyn_sta_cos_loss: 0.00000, total_cos_loss : 0.00000, vocab_cro_loss : 1.34708, 
epoch 194 summary: dyn_dyn_cos_loss: 0.00000, dyn_sta_cos_loss: 0.00000, total_cos_loss : 0.00000, vocab_cro_loss : 1.32011, 
epoch 195 summary: dyn_dyn_cos_loss: 0.00000, dyn_sta_cos_loss: 0.00000, total_cos_loss : 0.00000, vocab_cro_loss : 1.31716, 
epoch 196 summary: dyn_dyn_cos_loss: 0.00156, dyn_sta_cos_loss: 0.00102, total_cos_loss : 0.00113, vocab_cro_loss : 1.31645, 
epoch 197 summary: dyn_dyn_cos_loss: 0.00000, dyn_sta_cos_loss: 0.00000, total_cos_loss : 0.00000, vocab_cro_loss : 1.30468, 
epoch 198 summary: dyn_dyn_cos_loss: 0.00000, dyn_sta_cos_loss: 0.00000, total_cos_loss : 0.00000, vocab_cro_loss : 1.32244, 
epoch 199 summary: dyn_dyn_cos_loss: 0.00000, dyn_sta_cos_loss: 0.00000, total_cos_loss : 0.00000, vocab_cro_loss : 1.33408, 
epoch 200 summary: dyn_dyn_cos_loss: 0.00153, dyn_sta_cos_loss: 0.00103, total_cos_loss : 0.00113, vocab_cro_loss : 1.33282, 
train loss: 1.3281, train acc: 0.6116
epoch 201 summary: dyn_dyn_cos_loss: 0.00000, dyn_sta_cos_loss: 0.00000, total_cos_loss : 0.00000, vocab_cro_loss : 1.32809, 
epoch 202 summary: dyn_dyn_cos_loss: 0.00000, dyn_sta_cos_loss: 0.00000, total_cos_loss : 0.00000, vocab_cro_loss : 1.31711, 
epoch 203 summary: dyn_dyn_cos_loss: 0.00000, dyn_sta_cos_loss: 0.00000, total_cos_loss : 0.00000, vocab_cro_loss : 1.31344, 
epoch 204 summary: dyn_dyn_cos_loss: 0.00151, dyn_sta_cos_loss: 0.00102, total_cos_loss : 0.00112, vocab_cro_loss : 1.31302, 
epoch 205 summary: dyn_dyn_cos_loss: 0.00000, dyn_sta_cos_loss: 0.00000, total_cos_loss : 0.00000, vocab_cro_loss : 1.31125, 
epoch 206 summary: dyn_dyn_cos_loss: 0.00000, dyn_sta_cos_loss: 0.00000, total_cos_loss : 0.00000, vocab_cro_loss : 1.29487, 
epoch 207 summary: dyn_dyn_cos_loss: 0.00000, dyn_sta_cos_loss: 0.00000, total_cos_loss : 0.00000, vocab_cro_loss : 1.28565, 
epoch 208 summary: dyn_dyn_cos_loss: 0.00149, dyn_sta_cos_loss: 0.00100, total_cos_loss : 0.00110, vocab_cro_loss : 1.28296, 
epoch 209 summary: dyn_dyn_cos_loss: 0.00000, dyn_sta_cos_loss: 0.00000, total_cos_loss : 0.00000, vocab_cro_loss : 1.28180, 
epoch 210 summary: dyn_dyn_cos_loss: 0.00000, dyn_sta_cos_loss: 0.00000, total_cos_loss : 0.00000, vocab_cro_loss : 1.28041, 
train loss: 1.2845, train acc: 0.6147
epoch 211 summary: dyn_dyn_cos_loss: 0.00000, dyn_sta_cos_loss: 0.00000, total_cos_loss : 0.00000, vocab_cro_loss : 1.28455, 
epoch 212 summary: dyn_dyn_cos_loss: 0.00152, dyn_sta_cos_loss: 0.00101, total_cos_loss : 0.00111, vocab_cro_loss : 1.28406, 
epoch 213 summary: dyn_dyn_cos_loss: 0.00000, dyn_sta_cos_loss: 0.00000, total_cos_loss : 0.00000, vocab_cro_loss : 1.28268, 
epoch 214 summary: dyn_dyn_cos_loss: 0.00000, dyn_sta_cos_loss: 0.00000, total_cos_loss : 0.00000, vocab_cro_loss : 1.30809, 
epoch 215 summary: dyn_dyn_cos_loss: 0.00000, dyn_sta_cos_loss: 0.00000, total_cos_loss : 0.00000, vocab_cro_loss : 1.32443, 
epoch 216 summary: dyn_dyn_cos_loss: 0.00149, dyn_sta_cos_loss: 0.00101, total_cos_loss : 0.00111, vocab_cro_loss : 1.32361, 
epoch 217 summary: dyn_dyn_cos_loss: 0.00000, dyn_sta_cos_loss: 0.00000, total_cos_loss : 0.00000, vocab_cro_loss : 1.37341, 
epoch 218 summary: dyn_dyn_cos_loss: 0.00000, dyn_sta_cos_loss: 0.00000, total_cos_loss : 0.00000, vocab_cro_loss : 1.33686, 
epoch 219 summary: dyn_dyn_cos_loss: 0.00000, dyn_sta_cos_loss: 0.00000, total_cos_loss : 0.00000, vocab_cro_loss : 1.32660, 
epoch 220 summary: dyn_dyn_cos_loss: 0.00147, dyn_sta_cos_loss: 0.00103, total_cos_loss : 0.00112, vocab_cro_loss : 1.31659, 
train loss: 1.3062, train acc: 0.6146
epoch 221 summary: dyn_dyn_cos_loss: 0.00000, dyn_sta_cos_loss: 0.00000, total_cos_loss : 0.00000, vocab_cro_loss : 1.30618, 
epoch 222 summary: dyn_dyn_cos_loss: 0.00000, dyn_sta_cos_loss: 0.00000, total_cos_loss : 0.00000, vocab_cro_loss : 1.31057, 
epoch 223 summary: dyn_dyn_cos_loss: 0.00000, dyn_sta_cos_loss: 0.00000, total_cos_loss : 0.00000, vocab_cro_loss : 1.32657, 
epoch 224 summary: dyn_dyn_cos_loss: 0.00146, dyn_sta_cos_loss: 0.00102, total_cos_loss : 0.00111, vocab_cro_loss : 1.33992, 
epoch 225 summary: dyn_dyn_cos_loss: 0.00000, dyn_sta_cos_loss: 0.00000, total_cos_loss : 0.00000, vocab_cro_loss : 1.33706, 
epoch 226 summary: dyn_dyn_cos_loss: 0.00000, dyn_sta_cos_loss: 0.00000, total_cos_loss : 0.00000, vocab_cro_loss : 1.33570, 
epoch 227 summary: dyn_dyn_cos_loss: 0.00000, dyn_sta_cos_loss: 0.00000, total_cos_loss : 0.00000, vocab_cro_loss : 1.33482, 
epoch 228 summary: dyn_dyn_cos_loss: 0.00149, dyn_sta_cos_loss: 0.00102, total_cos_loss : 0.00112, vocab_cro_loss : 1.40937, 
epoch 229 summary: dyn_dyn_cos_loss: 0.00000, dyn_sta_cos_loss: 0.00000, total_cos_loss : 0.00000, vocab_cro_loss : 1.38063, 
epoch 230 summary: dyn_dyn_cos_loss: 0.00000, dyn_sta_cos_loss: 0.00000, total_cos_loss : 0.00000, vocab_cro_loss : 1.40871, 
train loss: 1.4065, train acc: 0.6102
epoch 231 summary: dyn_dyn_cos_loss: 0.00000, dyn_sta_cos_loss: 0.00000, total_cos_loss : 0.00000, vocab_cro_loss : 1.40623, 
epoch 232 summary: dyn_dyn_cos_loss: 0.00147, dyn_sta_cos_loss: 0.00112, total_cos_loss : 0.00119, vocab_cro_loss : 1.50798, 
epoch 233 summary: dyn_dyn_cos_loss: 0.00000, dyn_sta_cos_loss: 0.00000, total_cos_loss : 0.00000, vocab_cro_loss : 1.37901, 
epoch 234 summary: dyn_dyn_cos_loss: 0.00000, dyn_sta_cos_loss: 0.00000, total_cos_loss : 0.00000, vocab_cro_loss : 1.38220, 
epoch 235 summary: dyn_dyn_cos_loss: 0.00000, dyn_sta_cos_loss: 0.00000, total_cos_loss : 0.00000, vocab_cro_loss : 1.39457, 
epoch 236 summary: dyn_dyn_cos_loss: 0.00147, dyn_sta_cos_loss: 0.00106, total_cos_loss : 0.00114, vocab_cro_loss : 1.38249, 
epoch 237 summary: dyn_dyn_cos_loss: 0.00000, dyn_sta_cos_loss: 0.00000, total_cos_loss : 0.00000, vocab_cro_loss : 1.37618, 
epoch 238 summary: dyn_dyn_cos_loss: 0.00000, dyn_sta_cos_loss: 0.00000, total_cos_loss : 0.00000, vocab_cro_loss : 1.45794, 
epoch 239 summary: dyn_dyn_cos_loss: 0.00000, dyn_sta_cos_loss: 0.00000, total_cos_loss : 0.00000, vocab_cro_loss : 1.41739, 
epoch 240 summary: dyn_dyn_cos_loss: 0.00149, dyn_sta_cos_loss: 0.00103, total_cos_loss : 0.00112, vocab_cro_loss : 1.37291, 
train loss: 1.3487, train acc: 0.6067
epoch 241 summary: dyn_dyn_cos_loss: 0.00000, dyn_sta_cos_loss: 0.00000, total_cos_loss : 0.00000, vocab_cro_loss : 1.34855, 
epoch 242 summary: dyn_dyn_cos_loss: 0.00000, dyn_sta_cos_loss: 0.00000, total_cos_loss : 0.00000, vocab_cro_loss : 1.33278, 
epoch 243 summary: dyn_dyn_cos_loss: 0.00000, dyn_sta_cos_loss: 0.00000, total_cos_loss : 0.00000, vocab_cro_loss : 1.34714, 
epoch 244 summary: dyn_dyn_cos_loss: 0.00147, dyn_sta_cos_loss: 0.00104, total_cos_loss : 0.00112, vocab_cro_loss : 1.34351, 
epoch 245 summary: dyn_dyn_cos_loss: 0.00000, dyn_sta_cos_loss: 0.00000, total_cos_loss : 0.00000, vocab_cro_loss : 1.32358, 
epoch 246 summary: dyn_dyn_cos_loss: 0.00000, dyn_sta_cos_loss: 0.00000, total_cos_loss : 0.00000, vocab_cro_loss : 1.32129, 
epoch 247 summary: dyn_dyn_cos_loss: 0.00000, dyn_sta_cos_loss: 0.00000, total_cos_loss : 0.00000, vocab_cro_loss : 1.31607, 
epoch 248 summary: dyn_dyn_cos_loss: 0.00145, dyn_sta_cos_loss: 0.00101, total_cos_loss : 0.00110, vocab_cro_loss : 1.34532, 
epoch 249 summary: dyn_dyn_cos_loss: 0.00000, dyn_sta_cos_loss: 0.00000, total_cos_loss : 0.00000, vocab_cro_loss : 1.33782, 
epoch 250 summary: dyn_dyn_cos_loss: 0.00000, dyn_sta_cos_loss: 0.00000, total_cos_loss : 0.00000, vocab_cro_loss : 1.33472, 
train loss: 1.3332, train acc: 0.6015
epoch 251 summary: dyn_dyn_cos_loss: 0.00000, dyn_sta_cos_loss: 0.00000, total_cos_loss : 0.00000, vocab_cro_loss : 1.33299, 
epoch 252 summary: dyn_dyn_cos_loss: 0.00143, dyn_sta_cos_loss: 0.00102, total_cos_loss : 0.00110, vocab_cro_loss : 1.31580, 
epoch 253 summary: dyn_dyn_cos_loss: 0.00000, dyn_sta_cos_loss: 0.00000, total_cos_loss : 0.00000, vocab_cro_loss : 1.29773, 
epoch 254 summary: dyn_dyn_cos_loss: 0.00000, dyn_sta_cos_loss: 0.00000, total_cos_loss : 0.00000, vocab_cro_loss : 1.29495, 
epoch 255 summary: dyn_dyn_cos_loss: 0.00000, dyn_sta_cos_loss: 0.00000, total_cos_loss : 0.00000, vocab_cro_loss : 1.29393, 
epoch 256 summary: dyn_dyn_cos_loss: 0.00147, dyn_sta_cos_loss: 0.00100, total_cos_loss : 0.00110, vocab_cro_loss : 1.29317, 
epoch 257 summary: dyn_dyn_cos_loss: 0.00000, dyn_sta_cos_loss: 0.00000, total_cos_loss : 0.00000, vocab_cro_loss : 1.29037, 
epoch 258 summary: dyn_dyn_cos_loss: 0.00000, dyn_sta_cos_loss: 0.00000, total_cos_loss : 0.00000, vocab_cro_loss : 1.29070, 
epoch 259 summary: dyn_dyn_cos_loss: 0.00000, dyn_sta_cos_loss: 0.00000, total_cos_loss : 0.00000, vocab_cro_loss : 1.28887, 
epoch 260 summary: dyn_dyn_cos_loss: 0.00144, dyn_sta_cos_loss: 0.00099, total_cos_loss : 0.00108, vocab_cro_loss : 1.28977, 
train loss: 1.2951, train acc: 0.6095
epoch 261 summary: dyn_dyn_cos_loss: 0.00000, dyn_sta_cos_loss: 0.00000, total_cos_loss : 0.00000, vocab_cro_loss : 1.29499, 
epoch 262 summary: dyn_dyn_cos_loss: 0.00000, dyn_sta_cos_loss: 0.00000, total_cos_loss : 0.00000, vocab_cro_loss : 1.29191, 
epoch 263 summary: dyn_dyn_cos_loss: 0.00000, dyn_sta_cos_loss: 0.00000, total_cos_loss : 0.00000, vocab_cro_loss : 1.41717, 
epoch 264 summary: dyn_dyn_cos_loss: 0.00142, dyn_sta_cos_loss: 0.00102, total_cos_loss : 0.00110, vocab_cro_loss : 1.42063, 
epoch 265 summary: dyn_dyn_cos_loss: 0.00000, dyn_sta_cos_loss: 0.00000, total_cos_loss : 0.00000, vocab_cro_loss : 1.40763, 
epoch 266 summary: dyn_dyn_cos_loss: 0.00000, dyn_sta_cos_loss: 0.00000, total_cos_loss : 0.00000, vocab_cro_loss : 1.35760, 
epoch 267 summary: dyn_dyn_cos_loss: 0.00000, dyn_sta_cos_loss: 0.00000, total_cos_loss : 0.00000, vocab_cro_loss : 1.35908, 
epoch 268 summary: dyn_dyn_cos_loss: 0.00142, dyn_sta_cos_loss: 0.00104, total_cos_loss : 0.00111, vocab_cro_loss : 1.38053, 
epoch 269 summary: dyn_dyn_cos_loss: 0.00000, dyn_sta_cos_loss: 0.00000, total_cos_loss : 0.00000, vocab_cro_loss : 1.62338, 
epoch 270 summary: dyn_dyn_cos_loss: 0.00000, dyn_sta_cos_loss: 0.00000, total_cos_loss : 0.00000, vocab_cro_loss : 1.59957, 
train loss: 1.5530, train acc: 0.5896
epoch 271 summary: dyn_dyn_cos_loss: 0.00000, dyn_sta_cos_loss: 0.00000, total_cos_loss : 0.00000, vocab_cro_loss : 1.55216, 
epoch 272 summary: dyn_dyn_cos_loss: 0.00146, dyn_sta_cos_loss: 0.00113, total_cos_loss : 0.00120, vocab_cro_loss : 1.44661, 
epoch 273 summary: dyn_dyn_cos_loss: 0.00000, dyn_sta_cos_loss: 0.00000, total_cos_loss : 0.00000, vocab_cro_loss : 1.59258, 
epoch 274 summary: dyn_dyn_cos_loss: 0.00000, dyn_sta_cos_loss: 0.00000, total_cos_loss : 0.00000, vocab_cro_loss : 1.45941, 
epoch 275 summary: dyn_dyn_cos_loss: 0.00000, dyn_sta_cos_loss: 0.00000, total_cos_loss : 0.00000, vocab_cro_loss : 1.44128, 
epoch 276 summary: dyn_dyn_cos_loss: 0.00153, dyn_sta_cos_loss: 0.00127, total_cos_loss : 0.00132, vocab_cro_loss : 1.42943, 
epoch 277 summary: dyn_dyn_cos_loss: 0.00000, dyn_sta_cos_loss: 0.00000, total_cos_loss : 0.00000, vocab_cro_loss : 1.40799, 
epoch 278 summary: dyn_dyn_cos_loss: 0.00000, dyn_sta_cos_loss: 0.00000, total_cos_loss : 0.00000, vocab_cro_loss : 1.38932, 
epoch 279 summary: dyn_dyn_cos_loss: 0.00000, dyn_sta_cos_loss: 0.00000, total_cos_loss : 0.00000, vocab_cro_loss : 1.38841, 
epoch 280 summary: dyn_dyn_cos_loss: 0.00157, dyn_sta_cos_loss: 0.00120, total_cos_loss : 0.00127, vocab_cro_loss : 1.38403, 
train loss: 1.4003, train acc: 0.5961
epoch 281 summary: dyn_dyn_cos_loss: 0.00000, dyn_sta_cos_loss: 0.00000, total_cos_loss : 0.00000, vocab_cro_loss : 1.40004, 
epoch 282 summary: dyn_dyn_cos_loss: 0.00000, dyn_sta_cos_loss: 0.00000, total_cos_loss : 0.00000, vocab_cro_loss : 1.39364, 
epoch 283 summary: dyn_dyn_cos_loss: 0.00000, dyn_sta_cos_loss: 0.00000, total_cos_loss : 0.00000, vocab_cro_loss : 1.38923, 
epoch 284 summary: dyn_dyn_cos_loss: 0.00156, dyn_sta_cos_loss: 0.00119, total_cos_loss : 0.00127, vocab_cro_loss : 1.40872, 
epoch 285 summary: dyn_dyn_cos_loss: 0.00000, dyn_sta_cos_loss: 0.00000, total_cos_loss : 0.00000, vocab_cro_loss : 1.38498, 
epoch 286 summary: dyn_dyn_cos_loss: 0.00000, dyn_sta_cos_loss: 0.00000, total_cos_loss : 0.00000, vocab_cro_loss : 1.42321, 
epoch 287 summary: dyn_dyn_cos_loss: 0.00000, dyn_sta_cos_loss: 0.00000, total_cos_loss : 0.00000, vocab_cro_loss : 1.39403, 
epoch 288 summary: dyn_dyn_cos_loss: 0.00160, dyn_sta_cos_loss: 0.00120, total_cos_loss : 0.00128, vocab_cro_loss : 1.37195, 
epoch 289 summary: dyn_dyn_cos_loss: 0.00000, dyn_sta_cos_loss: 0.00000, total_cos_loss : 0.00000, vocab_cro_loss : 1.35526, 
epoch 290 summary: dyn_dyn_cos_loss: 0.00000, dyn_sta_cos_loss: 0.00000, total_cos_loss : 0.00000, vocab_cro_loss : 1.35209, 
train loss: 1.3665, train acc: 0.5995
epoch 291 summary: dyn_dyn_cos_loss: 0.00000, dyn_sta_cos_loss: 0.00000, total_cos_loss : 0.00000, vocab_cro_loss : 1.36647, 
epoch 292 summary: dyn_dyn_cos_loss: 0.00158, dyn_sta_cos_loss: 0.00115, total_cos_loss : 0.00124, vocab_cro_loss : 1.34781, 
epoch 293 summary: dyn_dyn_cos_loss: 0.00000, dyn_sta_cos_loss: 0.00000, total_cos_loss : 0.00000, vocab_cro_loss : 1.33702, 
epoch 294 summary: dyn_dyn_cos_loss: 0.00000, dyn_sta_cos_loss: 0.00000, total_cos_loss : 0.00000, vocab_cro_loss : 1.33564, 
epoch 295 summary: dyn_dyn_cos_loss: 0.00000, dyn_sta_cos_loss: 0.00000, total_cos_loss : 0.00000, vocab_cro_loss : 1.33425, 
epoch 296 summary: dyn_dyn_cos_loss: 0.00158, dyn_sta_cos_loss: 0.00114, total_cos_loss : 0.00122, vocab_cro_loss : 1.32783, 
epoch 297 summary: dyn_dyn_cos_loss: 0.00000, dyn_sta_cos_loss: 0.00000, total_cos_loss : 0.00000, vocab_cro_loss : 1.32083, 
epoch 298 summary: dyn_dyn_cos_loss: 0.00000, dyn_sta_cos_loss: 0.00000, total_cos_loss : 0.00000, vocab_cro_loss : 1.31831, 
epoch 299 summary: dyn_dyn_cos_loss: 0.00000, dyn_sta_cos_loss: 0.00000, total_cos_loss : 0.00000, vocab_cro_loss : 1.31496, 
epoch 300 summary: dyn_dyn_cos_loss: 0.00160, dyn_sta_cos_loss: 0.00115, total_cos_loss : 0.00124, vocab_cro_loss : 1.32228, 
train loss: 1.3161, train acc: 0.6146
epoch 301 summary: dyn_dyn_cos_loss: 0.00000, dyn_sta_cos_loss: 0.00000, total_cos_loss : 0.00000, vocab_cro_loss : 1.31606, 
epoch 302 summary: dyn_dyn_cos_loss: 0.00000, dyn_sta_cos_loss: 0.00000, total_cos_loss : 0.00000, vocab_cro_loss : 1.30619, 
epoch 303 summary: dyn_dyn_cos_loss: 0.00000, dyn_sta_cos_loss: 0.00000, total_cos_loss : 0.00000, vocab_cro_loss : 1.30181, 
epoch 304 summary: dyn_dyn_cos_loss: 0.00157, dyn_sta_cos_loss: 0.00112, total_cos_loss : 0.00121, vocab_cro_loss : 1.30138, 
epoch 305 summary: dyn_dyn_cos_loss: 0.00000, dyn_sta_cos_loss: 0.00000, total_cos_loss : 0.00000, vocab_cro_loss : 1.29824, 
epoch 306 summary: dyn_dyn_cos_loss: 0.00000, dyn_sta_cos_loss: 0.00000, total_cos_loss : 0.00000, vocab_cro_loss : 1.29737, 
epoch 307 summary: dyn_dyn_cos_loss: 0.00000, dyn_sta_cos_loss: 0.00000, total_cos_loss : 0.00000, vocab_cro_loss : 1.29598, 
epoch 308 summary: dyn_dyn_cos_loss: 0.00155, dyn_sta_cos_loss: 0.00110, total_cos_loss : 0.00119, vocab_cro_loss : 1.29468, 
epoch 309 summary: dyn_dyn_cos_loss: 0.00000, dyn_sta_cos_loss: 0.00000, total_cos_loss : 0.00000, vocab_cro_loss : 1.29115, 
epoch 310 summary: dyn_dyn_cos_loss: 0.00000, dyn_sta_cos_loss: 0.00000, total_cos_loss : 0.00000, vocab_cro_loss : 1.29026, 
train loss: 1.2897, train acc: 0.6151
epoch 311 summary: dyn_dyn_cos_loss: 0.00000, dyn_sta_cos_loss: 0.00000, total_cos_loss : 0.00000, vocab_cro_loss : 1.28967, 
epoch 312 summary: dyn_dyn_cos_loss: 0.00153, dyn_sta_cos_loss: 0.00108, total_cos_loss : 0.00117, vocab_cro_loss : 1.28835, 
epoch 313 summary: dyn_dyn_cos_loss: 0.00000, dyn_sta_cos_loss: 0.00000, total_cos_loss : 0.00000, vocab_cro_loss : 1.28635, 
epoch 314 summary: dyn_dyn_cos_loss: 0.00000, dyn_sta_cos_loss: 0.00000, total_cos_loss : 0.00000, vocab_cro_loss : 1.28518, 
epoch 315 summary: dyn_dyn_cos_loss: 0.00000, dyn_sta_cos_loss: 0.00000, total_cos_loss : 0.00000, vocab_cro_loss : 1.28407, 
epoch 316 summary: dyn_dyn_cos_loss: 0.00156, dyn_sta_cos_loss: 0.00109, total_cos_loss : 0.00118, vocab_cro_loss : 1.28356, 
epoch 317 summary: dyn_dyn_cos_loss: 0.00000, dyn_sta_cos_loss: 0.00000, total_cos_loss : 0.00000, vocab_cro_loss : 1.28063, 
epoch 318 summary: dyn_dyn_cos_loss: 0.00000, dyn_sta_cos_loss: 0.00000, total_cos_loss : 0.00000, vocab_cro_loss : 1.27762, 
epoch 319 summary: dyn_dyn_cos_loss: 0.00000, dyn_sta_cos_loss: 0.00000, total_cos_loss : 0.00000, vocab_cro_loss : 1.27677, 
epoch 320 summary: dyn_dyn_cos_loss: 0.00154, dyn_sta_cos_loss: 0.00106, total_cos_loss : 0.00116, vocab_cro_loss : 1.27624, 
train loss: 1.2765, train acc: 0.6177
epoch 321 summary: dyn_dyn_cos_loss: 0.00000, dyn_sta_cos_loss: 0.00000, total_cos_loss : 0.00000, vocab_cro_loss : 1.27648, 
epoch 322 summary: dyn_dyn_cos_loss: 0.00000, dyn_sta_cos_loss: 0.00000, total_cos_loss : 0.00000, vocab_cro_loss : 1.27550, 
epoch 323 summary: dyn_dyn_cos_loss: 0.00000, dyn_sta_cos_loss: 0.00000, total_cos_loss : 0.00000, vocab_cro_loss : 1.27464, 
epoch 324 summary: dyn_dyn_cos_loss: 0.00153, dyn_sta_cos_loss: 0.00105, total_cos_loss : 0.00115, vocab_cro_loss : 1.27380, 
epoch 325 summary: dyn_dyn_cos_loss: 0.00000, dyn_sta_cos_loss: 0.00000, total_cos_loss : 0.00000, vocab_cro_loss : 1.27641, 
epoch 326 summary: dyn_dyn_cos_loss: 0.00000, dyn_sta_cos_loss: 0.00000, total_cos_loss : 0.00000, vocab_cro_loss : 1.27478, 
epoch 327 summary: dyn_dyn_cos_loss: 0.00000, dyn_sta_cos_loss: 0.00000, total_cos_loss : 0.00000, vocab_cro_loss : 1.27369, 
epoch 328 summary: dyn_dyn_cos_loss: 0.00151, dyn_sta_cos_loss: 0.00104, total_cos_loss : 0.00113, vocab_cro_loss : 1.27341, 
epoch 329 summary: dyn_dyn_cos_loss: 0.00000, dyn_sta_cos_loss: 0.00000, total_cos_loss : 0.00000, vocab_cro_loss : 1.27418, 
epoch 330 summary: dyn_dyn_cos_loss: 0.00000, dyn_sta_cos_loss: 0.00000, total_cos_loss : 0.00000, vocab_cro_loss : 1.27281, 
train loss: 1.2714, train acc: 0.6181
epoch 331 summary: dyn_dyn_cos_loss: 0.00000, dyn_sta_cos_loss: 0.00000, total_cos_loss : 0.00000, vocab_cro_loss : 1.27144, 
epoch 332 summary: dyn_dyn_cos_loss: 0.00155, dyn_sta_cos_loss: 0.00105, total_cos_loss : 0.00115, vocab_cro_loss : 1.27069, 
epoch 333 summary: dyn_dyn_cos_loss: 0.00000, dyn_sta_cos_loss: 0.00000, total_cos_loss : 0.00000, vocab_cro_loss : 1.27111, 
epoch 334 summary: dyn_dyn_cos_loss: 0.00000, dyn_sta_cos_loss: 0.00000, total_cos_loss : 0.00000, vocab_cro_loss : 1.26881, 
epoch 335 summary: dyn_dyn_cos_loss: 0.00000, dyn_sta_cos_loss: 0.00000, total_cos_loss : 0.00000, vocab_cro_loss : 1.26827, 
epoch 336 summary: dyn_dyn_cos_loss: 0.00153, dyn_sta_cos_loss: 0.00105, total_cos_loss : 0.00114, vocab_cro_loss : 1.26789, 
epoch 337 summary: dyn_dyn_cos_loss: 0.00000, dyn_sta_cos_loss: 0.00000, total_cos_loss : 0.00000, vocab_cro_loss : 1.27081, 
epoch 338 summary: dyn_dyn_cos_loss: 0.00000, dyn_sta_cos_loss: 0.00000, total_cos_loss : 0.00000, vocab_cro_loss : 1.26954, 
epoch 339 summary: dyn_dyn_cos_loss: 0.00000, dyn_sta_cos_loss: 0.00000, total_cos_loss : 0.00000, vocab_cro_loss : 1.26866, 
epoch 340 summary: dyn_dyn_cos_loss: 0.00152, dyn_sta_cos_loss: 0.00104, total_cos_loss : 0.00114, vocab_cro_loss : 1.26804, 
train loss: 1.2718, train acc: 0.6193
epoch 341 summary: dyn_dyn_cos_loss: 0.00000, dyn_sta_cos_loss: 0.00000, total_cos_loss : 0.00000, vocab_cro_loss : 1.27176, 
epoch 342 summary: dyn_dyn_cos_loss: 0.00000, dyn_sta_cos_loss: 0.00000, total_cos_loss : 0.00000, vocab_cro_loss : 1.27023, 
epoch 343 summary: dyn_dyn_cos_loss: 0.00000, dyn_sta_cos_loss: 0.00000, total_cos_loss : 0.00000, vocab_cro_loss : 1.26975, 
epoch 344 summary: dyn_dyn_cos_loss: 0.00153, dyn_sta_cos_loss: 0.00103, total_cos_loss : 0.00113, vocab_cro_loss : 1.26928, 
epoch 345 summary: dyn_dyn_cos_loss: 0.00000, dyn_sta_cos_loss: 0.00000, total_cos_loss : 0.00000, vocab_cro_loss : 1.27148, 
epoch 346 summary: dyn_dyn_cos_loss: 0.00000, dyn_sta_cos_loss: 0.00000, total_cos_loss : 0.00000, vocab_cro_loss : 1.26872, 
epoch 347 summary: dyn_dyn_cos_loss: 0.00000, dyn_sta_cos_loss: 0.00000, total_cos_loss : 0.00000, vocab_cro_loss : 1.26717, 
epoch 348 summary: dyn_dyn_cos_loss: 0.00157, dyn_sta_cos_loss: 0.00103, total_cos_loss : 0.00114, vocab_cro_loss : 1.26701, 
epoch 349 summary: dyn_dyn_cos_loss: 0.00000, dyn_sta_cos_loss: 0.00000, total_cos_loss : 0.00000, vocab_cro_loss : 1.27056, 
epoch 350 summary: dyn_dyn_cos_loss: 0.00000, dyn_sta_cos_loss: 0.00000, total_cos_loss : 0.00000, vocab_cro_loss : 1.26968, 
train loss: 1.2682, train acc: 0.6203
epoch 351 summary: dyn_dyn_cos_loss: 0.00000, dyn_sta_cos_loss: 0.00000, total_cos_loss : 0.00000, vocab_cro_loss : 1.26820, 
epoch 352 summary: dyn_dyn_cos_loss: 0.00155, dyn_sta_cos_loss: 0.00103, total_cos_loss : 0.00113, vocab_cro_loss : 1.26722, 
epoch 353 summary: dyn_dyn_cos_loss: 0.00000, dyn_sta_cos_loss: 0.00000, total_cos_loss : 0.00000, vocab_cro_loss : 1.26906, 
epoch 354 summary: dyn_dyn_cos_loss: 0.00000, dyn_sta_cos_loss: 0.00000, total_cos_loss : 0.00000, vocab_cro_loss : 1.26678, 
epoch 355 summary: dyn_dyn_cos_loss: 0.00000, dyn_sta_cos_loss: 0.00000, total_cos_loss : 0.00000, vocab_cro_loss : 1.26561, 
epoch 356 summary: dyn_dyn_cos_loss: 0.00154, dyn_sta_cos_loss: 0.00102, total_cos_loss : 0.00113, vocab_cro_loss : 1.26526, 
epoch 357 summary: dyn_dyn_cos_loss: 0.00000, dyn_sta_cos_loss: 0.00000, total_cos_loss : 0.00000, vocab_cro_loss : 1.26918, 
epoch 358 summary: dyn_dyn_cos_loss: 0.00000, dyn_sta_cos_loss: 0.00000, total_cos_loss : 0.00000, vocab_cro_loss : 1.26847, 
epoch 359 summary: dyn_dyn_cos_loss: 0.00000, dyn_sta_cos_loss: 0.00000, total_cos_loss : 0.00000, vocab_cro_loss : 1.26672, 
epoch 360 summary: dyn_dyn_cos_loss: 0.00156, dyn_sta_cos_loss: 0.00101, total_cos_loss : 0.00112, vocab_cro_loss : 1.26542, 
train loss: 1.2711, train acc: 0.6205
epoch 361 summary: dyn_dyn_cos_loss: 0.00000, dyn_sta_cos_loss: 0.00000, total_cos_loss : 0.00000, vocab_cro_loss : 1.27113, 
epoch 362 summary: dyn_dyn_cos_loss: 0.00000, dyn_sta_cos_loss: 0.00000, total_cos_loss : 0.00000, vocab_cro_loss : 1.27005, 
epoch 363 summary: dyn_dyn_cos_loss: 0.00000, dyn_sta_cos_loss: 0.00000, total_cos_loss : 0.00000, vocab_cro_loss : 1.26889, 
epoch 364 summary: dyn_dyn_cos_loss: 0.00154, dyn_sta_cos_loss: 0.00101, total_cos_loss : 0.00111, vocab_cro_loss : 1.26754, 
epoch 365 summary: dyn_dyn_cos_loss: 0.00000, dyn_sta_cos_loss: 0.00000, total_cos_loss : 0.00000, vocab_cro_loss : 1.27225, 
epoch 366 summary: dyn_dyn_cos_loss: 0.00000, dyn_sta_cos_loss: 0.00000, total_cos_loss : 0.00000, vocab_cro_loss : 1.27157, 
epoch 367 summary: dyn_dyn_cos_loss: 0.00000, dyn_sta_cos_loss: 0.00000, total_cos_loss : 0.00000, vocab_cro_loss : 1.27101, 
epoch 368 summary: dyn_dyn_cos_loss: 0.00152, dyn_sta_cos_loss: 0.00099, total_cos_loss : 0.00110, vocab_cro_loss : 1.27045, 
epoch 369 summary: dyn_dyn_cos_loss: 0.00000, dyn_sta_cos_loss: 0.00000, total_cos_loss : 0.00000, vocab_cro_loss : 1.27340, 
epoch 370 summary: dyn_dyn_cos_loss: 0.00000, dyn_sta_cos_loss: 0.00000, total_cos_loss : 0.00000, vocab_cro_loss : 1.27246, 
train loss: 1.2717, train acc: 0.6201
epoch 371 summary: dyn_dyn_cos_loss: 0.00000, dyn_sta_cos_loss: 0.00000, total_cos_loss : 0.00000, vocab_cro_loss : 1.27167, 
epoch 372 summary: dyn_dyn_cos_loss: 0.00151, dyn_sta_cos_loss: 0.00099, total_cos_loss : 0.00109, vocab_cro_loss : 1.27120, 
epoch 373 summary: dyn_dyn_cos_loss: 0.00000, dyn_sta_cos_loss: 0.00000, total_cos_loss : 0.00000, vocab_cro_loss : 1.27416, 
epoch 374 summary: dyn_dyn_cos_loss: 0.00000, dyn_sta_cos_loss: 0.00000, total_cos_loss : 0.00000, vocab_cro_loss : 1.27203, 
epoch 375 summary: dyn_dyn_cos_loss: 0.00000, dyn_sta_cos_loss: 0.00000, total_cos_loss : 0.00000, vocab_cro_loss : 1.27099, 
epoch 376 summary: dyn_dyn_cos_loss: 0.00154, dyn_sta_cos_loss: 0.00100, total_cos_loss : 0.00111, vocab_cro_loss : 1.27043, 
epoch 377 summary: dyn_dyn_cos_loss: 0.00000, dyn_sta_cos_loss: 0.00000, total_cos_loss : 0.00000, vocab_cro_loss : 1.27368, 
epoch 378 summary: dyn_dyn_cos_loss: 0.00000, dyn_sta_cos_loss: 0.00000, total_cos_loss : 0.00000, vocab_cro_loss : 1.27266, 
epoch 379 summary: dyn_dyn_cos_loss: 0.00000, dyn_sta_cos_loss: 0.00000, total_cos_loss : 0.00000, vocab_cro_loss : 1.27132, 
epoch 380 summary: dyn_dyn_cos_loss: 0.00152, dyn_sta_cos_loss: 0.00099, total_cos_loss : 0.00109, vocab_cro_loss : 1.27080, 
train loss: 1.2747, train acc: 0.6185
epoch 381 summary: dyn_dyn_cos_loss: 0.00000, dyn_sta_cos_loss: 0.00000, total_cos_loss : 0.00000, vocab_cro_loss : 1.27469, 
epoch 382 summary: dyn_dyn_cos_loss: 0.00000, dyn_sta_cos_loss: 0.00000, total_cos_loss : 0.00000, vocab_cro_loss : 1.27268, 
epoch 383 summary: dyn_dyn_cos_loss: 0.00000, dyn_sta_cos_loss: 0.00000, total_cos_loss : 0.00000, vocab_cro_loss : 1.27183, 
epoch 384 summary: dyn_dyn_cos_loss: 0.00150, dyn_sta_cos_loss: 0.00101, total_cos_loss : 0.00111, vocab_cro_loss : 1.27153, 
epoch 385 summary: dyn_dyn_cos_loss: 0.00000, dyn_sta_cos_loss: 0.00000, total_cos_loss : 0.00000, vocab_cro_loss : 1.27245, 
epoch 386 summary: dyn_dyn_cos_loss: 0.00000, dyn_sta_cos_loss: 0.00000, total_cos_loss : 0.00000, vocab_cro_loss : 1.27075, 
epoch 387 summary: dyn_dyn_cos_loss: 0.00000, dyn_sta_cos_loss: 0.00000, total_cos_loss : 0.00000, vocab_cro_loss : 1.26989, 
epoch 388 summary: dyn_dyn_cos_loss: 0.00149, dyn_sta_cos_loss: 0.00101, total_cos_loss : 0.00110, vocab_cro_loss : 1.26907, 
epoch 389 summary: dyn_dyn_cos_loss: 0.00000, dyn_sta_cos_loss: 0.00000, total_cos_loss : 0.00000, vocab_cro_loss : 1.26916, 
epoch 390 summary: dyn_dyn_cos_loss: 0.00000, dyn_sta_cos_loss: 0.00000, total_cos_loss : 0.00000, vocab_cro_loss : 1.26834, 
train loss: 1.2668, train acc: 0.6193
epoch 391 summary: dyn_dyn_cos_loss: 0.00000, dyn_sta_cos_loss: 0.00000, total_cos_loss : 0.00000, vocab_cro_loss : 1.26681, 
epoch 392 summary: dyn_dyn_cos_loss: 0.00153, dyn_sta_cos_loss: 0.00101, total_cos_loss : 0.00111, vocab_cro_loss : 1.26630, 
epoch 393 summary: dyn_dyn_cos_loss: 0.00000, dyn_sta_cos_loss: 0.00000, total_cos_loss : 0.00000, vocab_cro_loss : 1.27186, 
epoch 394 summary: dyn_dyn_cos_loss: 0.00000, dyn_sta_cos_loss: 0.00000, total_cos_loss : 0.00000, vocab_cro_loss : 1.27074, 
epoch 395 summary: dyn_dyn_cos_loss: 0.00000, dyn_sta_cos_loss: 0.00000, total_cos_loss : 0.00000, vocab_cro_loss : 1.26972, 
epoch 396 summary: dyn_dyn_cos_loss: 0.00151, dyn_sta_cos_loss: 0.00101, total_cos_loss : 0.00111, vocab_cro_loss : 1.26931, 
epoch 397 summary: dyn_dyn_cos_loss: 0.00000, dyn_sta_cos_loss: 0.00000, total_cos_loss : 0.00000, vocab_cro_loss : 1.27200, 
epoch 398 summary: dyn_dyn_cos_loss: 0.00000, dyn_sta_cos_loss: 0.00000, total_cos_loss : 0.00000, vocab_cro_loss : 1.27062, 
epoch 399 summary: dyn_dyn_cos_loss: 0.00000, dyn_sta_cos_loss: 0.00000, total_cos_loss : 0.00000, vocab_cro_loss : 1.26899, 
train loss: 1.2683, train acc: 0.6203
all                        2982217.479ms
all_epoch                  2971745.489ms
all_preparation              10471.954ms
all_preparation_2            10468.985ms
all_preparation_3                2.916ms
epoch                         7285.675ms
epoch_pos_train                  4.143ms
epoch_preparation               15.362ms
epoch_train                   7142.748ms
epoch_valid                    121.244ms
----------------------------------------
all                        2982217.479ms
  all_epoch             99.65%
  all_preparation        0.35%
all_preparation              10471.954ms
  all_preparation_2     99.97%
  all_preparation_3      0.03%
epoch                      2914270.181ms
  epoch_train           98.04%
  epoch_valid            1.66%
  epoch_preparation      0.21%
  epoch_pos_train        0.06%
epoch   0 summary: dyn_dyn_cos_loss: 0.02077, dyn_sta_cos_loss: 0.00687, total_cos_loss : 0.00965, 
valid loss: 3.5632, valid acc: 0.1855
epoch   1 summary: dyn_dyn_cos_loss: 0.01557, dyn_sta_cos_loss: 0.00526, total_cos_loss : 0.00732, 
epoch   2 summary: dyn_dyn_cos_loss: 0.01170, dyn_sta_cos_loss: 0.00417, total_cos_loss : 0.00567, 
epoch   3 summary: dyn_dyn_cos_loss: 0.00876, dyn_sta_cos_loss: 0.00333, total_cos_loss : 0.00441, 
epoch   4 summary: dyn_dyn_cos_loss: 0.00656, dyn_sta_cos_loss: 0.00268, total_cos_loss : 0.00346, 
epoch   5 summary: dyn_dyn_cos_loss: 0.00508, dyn_sta_cos_loss: 0.00222, total_cos_loss : 0.00279, 
epoch   6 summary: dyn_dyn_cos_loss: 0.00414, dyn_sta_cos_loss: 0.00192, total_cos_loss : 0.00237, 
epoch   7 summary: dyn_dyn_cos_loss: 0.00340, dyn_sta_cos_loss: 0.00170, total_cos_loss : 0.00204, 
epoch   8 summary: dyn_dyn_cos_loss: 0.00287, dyn_sta_cos_loss: 0.00153, total_cos_loss : 0.00180, 
epoch   9 summary: dyn_dyn_cos_loss: 0.00248, dyn_sta_cos_loss: 0.00140, total_cos_loss : 0.00162, 
epoch  10 summary: dyn_dyn_cos_loss: 0.00223, dyn_sta_cos_loss: 0.00131, total_cos_loss : 0.00150, 
valid loss: 1.8602, valid acc: 0.5156
epoch  11 summary: dyn_dyn_cos_loss: 0.00201, dyn_sta_cos_loss: 0.00124, total_cos_loss : 0.00139, 
epoch  12 summary: dyn_dyn_cos_loss: 0.00189, dyn_sta_cos_loss: 0.00118, total_cos_loss : 0.00132, 
epoch  13 summary: dyn_dyn_cos_loss: 0.00179, dyn_sta_cos_loss: 0.00113, total_cos_loss : 0.00126, 
epoch  14 summary: dyn_dyn_cos_loss: 0.00170, dyn_sta_cos_loss: 0.00110, total_cos_loss : 0.00122, 
epoch  15 summary: dyn_dyn_cos_loss: 0.00176, dyn_sta_cos_loss: 0.00106, total_cos_loss : 0.00120, 
epoch  16 summary: dyn_dyn_cos_loss: 0.00169, dyn_sta_cos_loss: 0.00104, total_cos_loss : 0.00117, 
epoch  17 summary: dyn_dyn_cos_loss: 0.00164, dyn_sta_cos_loss: 0.00102, total_cos_loss : 0.00115, 
epoch  18 summary: dyn_dyn_cos_loss: 0.00160, dyn_sta_cos_loss: 0.00101, total_cos_loss : 0.00112, 
epoch  19 summary: dyn_dyn_cos_loss: 0.00157, dyn_sta_cos_loss: 0.00099, total_cos_loss : 0.00111, 
epoch  20 summary: dyn_dyn_cos_loss: 0.00155, dyn_sta_cos_loss: 0.00098, total_cos_loss : 0.00110, 
valid loss: 1.6754, valid acc: 0.5430
epoch  21 summary: dyn_dyn_cos_loss: 0.00154, dyn_sta_cos_loss: 0.00097, total_cos_loss : 0.00108, 
epoch  22 summary: dyn_dyn_cos_loss: 0.00152, dyn_sta_cos_loss: 0.00097, total_cos_loss : 0.00108, 
epoch  23 summary: dyn_dyn_cos_loss: 0.00151, dyn_sta_cos_loss: 0.00096, total_cos_loss : 0.00107, 
epoch  24 summary: dyn_dyn_cos_loss: 0.00150, dyn_sta_cos_loss: 0.00095, total_cos_loss : 0.00106, 
epoch  25 summary: dyn_dyn_cos_loss: 0.00150, dyn_sta_cos_loss: 0.00095, total_cos_loss : 0.00106, 
epoch  26 summary: dyn_dyn_cos_loss: 0.00150, dyn_sta_cos_loss: 0.00094, total_cos_loss : 0.00105, 
epoch  27 summary: dyn_dyn_cos_loss: 0.00149, dyn_sta_cos_loss: 0.00094, total_cos_loss : 0.00105, 
epoch  28 summary: dyn_dyn_cos_loss: 0.00149, dyn_sta_cos_loss: 0.00094, total_cos_loss : 0.00105, 
epoch  29 summary: dyn_dyn_cos_loss: 0.00149, dyn_sta_cos_loss: 0.00093, total_cos_loss : 0.00105, 
epoch  30 summary: dyn_dyn_cos_loss: 0.00156, dyn_sta_cos_loss: 0.00093, total_cos_loss : 0.00106, 
valid loss: 1.6459, valid acc: 0.5430
epoch  31 summary: dyn_dyn_cos_loss: 0.00154, dyn_sta_cos_loss: 0.00093, total_cos_loss : 0.00105, 
epoch  32 summary: dyn_dyn_cos_loss: 0.00152, dyn_sta_cos_loss: 0.00093, total_cos_loss : 0.00105, 
epoch  33 summary: dyn_dyn_cos_loss: 0.00151, dyn_sta_cos_loss: 0.00093, total_cos_loss : 0.00105, 
epoch  34 summary: dyn_dyn_cos_loss: 0.00150, dyn_sta_cos_loss: 0.00093, total_cos_loss : 0.00104, 
epoch  35 summary: dyn_dyn_cos_loss: 0.00149, dyn_sta_cos_loss: 0.00093, total_cos_loss : 0.00104, 
epoch  36 summary: dyn_dyn_cos_loss: 0.00149, dyn_sta_cos_loss: 0.00093, total_cos_loss : 0.00104, 
epoch  37 summary: dyn_dyn_cos_loss: 0.00149, dyn_sta_cos_loss: 0.00092, total_cos_loss : 0.00104, 
epoch  38 summary: dyn_dyn_cos_loss: 0.00148, dyn_sta_cos_loss: 0.00092, total_cos_loss : 0.00103, 
epoch  39 summary: dyn_dyn_cos_loss: 0.00148, dyn_sta_cos_loss: 0.00092, total_cos_loss : 0.00103, 
epoch  40 summary: dyn_dyn_cos_loss: 0.00148, dyn_sta_cos_loss: 0.00092, total_cos_loss : 0.00103, 
valid loss: 1.6383, valid acc: 0.5508
epoch  41 summary: dyn_dyn_cos_loss: 0.00148, dyn_sta_cos_loss: 0.00092, total_cos_loss : 0.00103, 
epoch  42 summary: dyn_dyn_cos_loss: 0.00148, dyn_sta_cos_loss: 0.00092, total_cos_loss : 0.00103, 
epoch  43 summary: dyn_dyn_cos_loss: 0.00148, dyn_sta_cos_loss: 0.00092, total_cos_loss : 0.00103, 
epoch  44 summary: dyn_dyn_cos_loss: 0.00148, dyn_sta_cos_loss: 0.00092, total_cos_loss : 0.00103, 
epoch  45 summary: dyn_dyn_cos_loss: 0.00159, dyn_sta_cos_loss: 0.00092, total_cos_loss : 0.00105, 
epoch  46 summary: dyn_dyn_cos_loss: 0.00157, dyn_sta_cos_loss: 0.00092, total_cos_loss : 0.00105, 
epoch  47 summary: dyn_dyn_cos_loss: 0.00156, dyn_sta_cos_loss: 0.00092, total_cos_loss : 0.00105, 
epoch  48 summary: dyn_dyn_cos_loss: 0.00155, dyn_sta_cos_loss: 0.00092, total_cos_loss : 0.00105, 
epoch  49 summary: dyn_dyn_cos_loss: 0.00154, dyn_sta_cos_loss: 0.00092, total_cos_loss : 0.00104, 
epoch  50 summary: dyn_dyn_cos_loss: 0.00153, dyn_sta_cos_loss: 0.00092, total_cos_loss : 0.00104, 
valid loss: 1.6501, valid acc: 0.5469
epoch  51 summary: dyn_dyn_cos_loss: 0.00153, dyn_sta_cos_loss: 0.00092, total_cos_loss : 0.00104, 
epoch  52 summary: dyn_dyn_cos_loss: 0.00152, dyn_sta_cos_loss: 0.00092, total_cos_loss : 0.00104, 
epoch  53 summary: dyn_dyn_cos_loss: 0.00152, dyn_sta_cos_loss: 0.00092, total_cos_loss : 0.00104, 
epoch  54 summary: dyn_dyn_cos_loss: 0.00152, dyn_sta_cos_loss: 0.00091, total_cos_loss : 0.00104, 
epoch  55 summary: dyn_dyn_cos_loss: 0.00152, dyn_sta_cos_loss: 0.00091, total_cos_loss : 0.00103, 
epoch  56 summary: dyn_dyn_cos_loss: 0.00151, dyn_sta_cos_loss: 0.00091, total_cos_loss : 0.00103, 
epoch  57 summary: dyn_dyn_cos_loss: 0.00151, dyn_sta_cos_loss: 0.00091, total_cos_loss : 0.00103, 
epoch  58 summary: dyn_dyn_cos_loss: 0.00151, dyn_sta_cos_loss: 0.00091, total_cos_loss : 0.00103, 
epoch  59 summary: dyn_dyn_cos_loss: 0.00151, dyn_sta_cos_loss: 0.00091, total_cos_loss : 0.00103, 
epoch  60 summary: dyn_dyn_cos_loss: 0.00156, dyn_sta_cos_loss: 0.00091, total_cos_loss : 0.00104, 
valid loss: 1.6567, valid acc: 0.5566
epoch  61 summary: dyn_dyn_cos_loss: 0.00154, dyn_sta_cos_loss: 0.00091, total_cos_loss : 0.00104, 
epoch  62 summary: dyn_dyn_cos_loss: 0.00153, dyn_sta_cos_loss: 0.00091, total_cos_loss : 0.00104, 
epoch  63 summary: dyn_dyn_cos_loss: 0.00152, dyn_sta_cos_loss: 0.00091, total_cos_loss : 0.00103, 
epoch  64 summary: dyn_dyn_cos_loss: 0.00151, dyn_sta_cos_loss: 0.00091, total_cos_loss : 0.00103, 
epoch  65 summary: dyn_dyn_cos_loss: 0.00151, dyn_sta_cos_loss: 0.00091, total_cos_loss : 0.00103, 
epoch  66 summary: dyn_dyn_cos_loss: 0.00150, dyn_sta_cos_loss: 0.00091, total_cos_loss : 0.00103, 
epoch  67 summary: dyn_dyn_cos_loss: 0.00150, dyn_sta_cos_loss: 0.00091, total_cos_loss : 0.00103, 
epoch  68 summary: dyn_dyn_cos_loss: 0.00150, dyn_sta_cos_loss: 0.00091, total_cos_loss : 0.00103, 
epoch  69 summary: dyn_dyn_cos_loss: 0.00150, dyn_sta_cos_loss: 0.00091, total_cos_loss : 0.00103, 
epoch  70 summary: dyn_dyn_cos_loss: 0.00150, dyn_sta_cos_loss: 0.00091, total_cos_loss : 0.00103, 
valid loss: 1.6548, valid acc: 0.5469
epoch  71 summary: dyn_dyn_cos_loss: 0.00149, dyn_sta_cos_loss: 0.00091, total_cos_loss : 0.00103, 
epoch  72 summary: dyn_dyn_cos_loss: 0.00149, dyn_sta_cos_loss: 0.00091, total_cos_loss : 0.00103, 
epoch  73 summary: dyn_dyn_cos_loss: 0.00149, dyn_sta_cos_loss: 0.00091, total_cos_loss : 0.00103, 
epoch  74 summary: dyn_dyn_cos_loss: 0.00149, dyn_sta_cos_loss: 0.00091, total_cos_loss : 0.00102, 
epoch  75 summary: dyn_dyn_cos_loss: 0.00157, dyn_sta_cos_loss: 0.00091, total_cos_loss : 0.00104, 
epoch  76 summary: dyn_dyn_cos_loss: 0.00155, dyn_sta_cos_loss: 0.00091, total_cos_loss : 0.00104, 
epoch  77 summary: dyn_dyn_cos_loss: 0.00154, dyn_sta_cos_loss: 0.00091, total_cos_loss : 0.00103, 
epoch  78 summary: dyn_dyn_cos_loss: 0.00153, dyn_sta_cos_loss: 0.00091, total_cos_loss : 0.00103, 
epoch  79 summary: dyn_dyn_cos_loss: 0.00152, dyn_sta_cos_loss: 0.00091, total_cos_loss : 0.00103, 
epoch  80 summary: dyn_dyn_cos_loss: 0.00151, dyn_sta_cos_loss: 0.00091, total_cos_loss : 0.00103, 
valid loss: 1.6502, valid acc: 0.5508
epoch  81 summary: dyn_dyn_cos_loss: 0.00151, dyn_sta_cos_loss: 0.00091, total_cos_loss : 0.00103, 
epoch  82 summary: dyn_dyn_cos_loss: 0.00150, dyn_sta_cos_loss: 0.00091, total_cos_loss : 0.00103, 
epoch  83 summary: dyn_dyn_cos_loss: 0.00150, dyn_sta_cos_loss: 0.00091, total_cos_loss : 0.00102, 
epoch  84 summary: dyn_dyn_cos_loss: 0.00150, dyn_sta_cos_loss: 0.00091, total_cos_loss : 0.00102, 
epoch  85 summary: dyn_dyn_cos_loss: 0.00149, dyn_sta_cos_loss: 0.00091, total_cos_loss : 0.00102, 
epoch  86 summary: dyn_dyn_cos_loss: 0.00149, dyn_sta_cos_loss: 0.00091, total_cos_loss : 0.00102, 
epoch  87 summary: dyn_dyn_cos_loss: 0.00149, dyn_sta_cos_loss: 0.00091, total_cos_loss : 0.00102, 
epoch  88 summary: dyn_dyn_cos_loss: 0.00149, dyn_sta_cos_loss: 0.00091, total_cos_loss : 0.00102, 
epoch  89 summary: dyn_dyn_cos_loss: 0.00149, dyn_sta_cos_loss: 0.00091, total_cos_loss : 0.00102, 
epoch  90 summary: dyn_dyn_cos_loss: 0.00159, dyn_sta_cos_loss: 0.00091, total_cos_loss : 0.00104, 
valid loss: 1.6472, valid acc: 0.5527
epoch  91 summary: dyn_dyn_cos_loss: 0.00158, dyn_sta_cos_loss: 0.00091, total_cos_loss : 0.00104, 
epoch  92 summary: dyn_dyn_cos_loss: 0.00157, dyn_sta_cos_loss: 0.00091, total_cos_loss : 0.00104, 
epoch  93 summary: dyn_dyn_cos_loss: 0.00156, dyn_sta_cos_loss: 0.00090, total_cos_loss : 0.00104, 
epoch  94 summary: dyn_dyn_cos_loss: 0.00155, dyn_sta_cos_loss: 0.00090, total_cos_loss : 0.00103, 
epoch  95 summary: dyn_dyn_cos_loss: 0.00155, dyn_sta_cos_loss: 0.00090, total_cos_loss : 0.00103, 
epoch  96 summary: dyn_dyn_cos_loss: 0.00154, dyn_sta_cos_loss: 0.00090, total_cos_loss : 0.00103, 
epoch  97 summary: dyn_dyn_cos_loss: 0.00154, dyn_sta_cos_loss: 0.00090, total_cos_loss : 0.00103, 
epoch  98 summary: dyn_dyn_cos_loss: 0.00154, dyn_sta_cos_loss: 0.00090, total_cos_loss : 0.00103, 
epoch  99 summary: dyn_dyn_cos_loss: 0.00153, dyn_sta_cos_loss: 0.00090, total_cos_loss : 0.00103, 
epoch 100 summary: dyn_dyn_cos_loss: 0.00153, dyn_sta_cos_loss: 0.00090, total_cos_loss : 0.00103, 
valid loss: 1.6475, valid acc: 0.5547
epoch 101 summary: dyn_dyn_cos_loss: 0.00153, dyn_sta_cos_loss: 0.00090, total_cos_loss : 0.00103, 
epoch 102 summary: dyn_dyn_cos_loss: 0.00153, dyn_sta_cos_loss: 0.00090, total_cos_loss : 0.00103, 
epoch 103 summary: dyn_dyn_cos_loss: 0.00153, dyn_sta_cos_loss: 0.00090, total_cos_loss : 0.00103, 
epoch 104 summary: dyn_dyn_cos_loss: 0.00153, dyn_sta_cos_loss: 0.00090, total_cos_loss : 0.00103, 
epoch 105 summary: dyn_dyn_cos_loss: 0.00158, dyn_sta_cos_loss: 0.00090, total_cos_loss : 0.00104, 
epoch 106 summary: dyn_dyn_cos_loss: 0.00156, dyn_sta_cos_loss: 0.00090, total_cos_loss : 0.00103, 
epoch 107 summary: dyn_dyn_cos_loss: 0.00155, dyn_sta_cos_loss: 0.00090, total_cos_loss : 0.00103, 
epoch 108 summary: dyn_dyn_cos_loss: 0.00153, dyn_sta_cos_loss: 0.00090, total_cos_loss : 0.00103, 
epoch 109 summary: dyn_dyn_cos_loss: 0.00153, dyn_sta_cos_loss: 0.00090, total_cos_loss : 0.00103, 
epoch 110 summary: dyn_dyn_cos_loss: 0.00152, dyn_sta_cos_loss: 0.00090, total_cos_loss : 0.00103, 
valid loss: 1.6355, valid acc: 0.5508
epoch 111 summary: dyn_dyn_cos_loss: 0.00152, dyn_sta_cos_loss: 0.00090, total_cos_loss : 0.00103, 
epoch 112 summary: dyn_dyn_cos_loss: 0.00151, dyn_sta_cos_loss: 0.00090, total_cos_loss : 0.00102, 
epoch 113 summary: dyn_dyn_cos_loss: 0.00151, dyn_sta_cos_loss: 0.00090, total_cos_loss : 0.00102, 
epoch 114 summary: dyn_dyn_cos_loss: 0.00151, dyn_sta_cos_loss: 0.00090, total_cos_loss : 0.00102, 
epoch 115 summary: dyn_dyn_cos_loss: 0.00151, dyn_sta_cos_loss: 0.00090, total_cos_loss : 0.00102, 
epoch 116 summary: dyn_dyn_cos_loss: 0.00150, dyn_sta_cos_loss: 0.00090, total_cos_loss : 0.00102, 
epoch 117 summary: dyn_dyn_cos_loss: 0.00150, dyn_sta_cos_loss: 0.00090, total_cos_loss : 0.00102, 
epoch 118 summary: dyn_dyn_cos_loss: 0.00150, dyn_sta_cos_loss: 0.00090, total_cos_loss : 0.00102, 
epoch 119 summary: dyn_dyn_cos_loss: 0.00150, dyn_sta_cos_loss: 0.00090, total_cos_loss : 0.00102, 
epoch 120 summary: dyn_dyn_cos_loss: 0.00158, dyn_sta_cos_loss: 0.00090, total_cos_loss : 0.00104, 
valid loss: 1.6444, valid acc: 0.5469
epoch 121 summary: dyn_dyn_cos_loss: 0.00156, dyn_sta_cos_loss: 0.00090, total_cos_loss : 0.00103, 
epoch 122 summary: dyn_dyn_cos_loss: 0.00155, dyn_sta_cos_loss: 0.00090, total_cos_loss : 0.00103, 
epoch 123 summary: dyn_dyn_cos_loss: 0.00154, dyn_sta_cos_loss: 0.00090, total_cos_loss : 0.00103, 
epoch 124 summary: dyn_dyn_cos_loss: 0.00153, dyn_sta_cos_loss: 0.00090, total_cos_loss : 0.00103, 
epoch 125 summary: dyn_dyn_cos_loss: 0.00153, dyn_sta_cos_loss: 0.00090, total_cos_loss : 0.00103, 
epoch 126 summary: dyn_dyn_cos_loss: 0.00152, dyn_sta_cos_loss: 0.00090, total_cos_loss : 0.00102, 
epoch 127 summary: dyn_dyn_cos_loss: 0.00152, dyn_sta_cos_loss: 0.00090, total_cos_loss : 0.00102, 
epoch 128 summary: dyn_dyn_cos_loss: 0.00152, dyn_sta_cos_loss: 0.00090, total_cos_loss : 0.00102, 
epoch 129 summary: dyn_dyn_cos_loss: 0.00151, dyn_sta_cos_loss: 0.00090, total_cos_loss : 0.00102, 
epoch 130 summary: dyn_dyn_cos_loss: 0.00151, dyn_sta_cos_loss: 0.00090, total_cos_loss : 0.00102, 
valid loss: 1.6413, valid acc: 0.5527
epoch 131 summary: dyn_dyn_cos_loss: 0.00151, dyn_sta_cos_loss: 0.00090, total_cos_loss : 0.00102, 
epoch 132 summary: dyn_dyn_cos_loss: 0.00151, dyn_sta_cos_loss: 0.00090, total_cos_loss : 0.00102, 
epoch 133 summary: dyn_dyn_cos_loss: 0.00151, dyn_sta_cos_loss: 0.00090, total_cos_loss : 0.00102, 
epoch 134 summary: dyn_dyn_cos_loss: 0.00151, dyn_sta_cos_loss: 0.00090, total_cos_loss : 0.00102, 
epoch 135 summary: dyn_dyn_cos_loss: 0.00159, dyn_sta_cos_loss: 0.00090, total_cos_loss : 0.00104, 
epoch 136 summary: dyn_dyn_cos_loss: 0.00157, dyn_sta_cos_loss: 0.00090, total_cos_loss : 0.00103, 
epoch 137 summary: dyn_dyn_cos_loss: 0.00155, dyn_sta_cos_loss: 0.00090, total_cos_loss : 0.00103, 
epoch 138 summary: dyn_dyn_cos_loss: 0.00154, dyn_sta_cos_loss: 0.00090, total_cos_loss : 0.00103, 
epoch 139 summary: dyn_dyn_cos_loss: 0.00153, dyn_sta_cos_loss: 0.00090, total_cos_loss : 0.00103, 
epoch 140 summary: dyn_dyn_cos_loss: 0.00153, dyn_sta_cos_loss: 0.00090, total_cos_loss : 0.00103, 
valid loss: 1.6339, valid acc: 0.5605
epoch 141 summary: dyn_dyn_cos_loss: 0.00153, dyn_sta_cos_loss: 0.00090, total_cos_loss : 0.00103, 
epoch 142 summary: dyn_dyn_cos_loss: 0.00152, dyn_sta_cos_loss: 0.00090, total_cos_loss : 0.00103, 
epoch 143 summary: dyn_dyn_cos_loss: 0.00152, dyn_sta_cos_loss: 0.00090, total_cos_loss : 0.00103, 
epoch 144 summary: dyn_dyn_cos_loss: 0.00152, dyn_sta_cos_loss: 0.00090, total_cos_loss : 0.00102, 
epoch 145 summary: dyn_dyn_cos_loss: 0.00152, dyn_sta_cos_loss: 0.00090, total_cos_loss : 0.00102, 
epoch 146 summary: dyn_dyn_cos_loss: 0.00151, dyn_sta_cos_loss: 0.00090, total_cos_loss : 0.00102, 
epoch 147 summary: dyn_dyn_cos_loss: 0.00151, dyn_sta_cos_loss: 0.00090, total_cos_loss : 0.00102, 
epoch 148 summary: dyn_dyn_cos_loss: 0.00151, dyn_sta_cos_loss: 0.00090, total_cos_loss : 0.00102, 
epoch 149 summary: dyn_dyn_cos_loss: 0.00151, dyn_sta_cos_loss: 0.00090, total_cos_loss : 0.00102, 
epoch 150 summary: dyn_dyn_cos_loss: 0.00157, dyn_sta_cos_loss: 0.00090, total_cos_loss : 0.00104, 
valid loss: 1.6303, valid acc: 0.5645
epoch 151 summary: dyn_dyn_cos_loss: 0.00156, dyn_sta_cos_loss: 0.00090, total_cos_loss : 0.00103, 
epoch 152 summary: dyn_dyn_cos_loss: 0.00155, dyn_sta_cos_loss: 0.00090, total_cos_loss : 0.00103, 
epoch 153 summary: dyn_dyn_cos_loss: 0.00154, dyn_sta_cos_loss: 0.00090, total_cos_loss : 0.00103, 
epoch 154 summary: dyn_dyn_cos_loss: 0.00153, dyn_sta_cos_loss: 0.00090, total_cos_loss : 0.00103, 
epoch 155 summary: dyn_dyn_cos_loss: 0.00153, dyn_sta_cos_loss: 0.00090, total_cos_loss : 0.00103, 
epoch 156 summary: dyn_dyn_cos_loss: 0.00152, dyn_sta_cos_loss: 0.00090, total_cos_loss : 0.00103, 
epoch 157 summary: dyn_dyn_cos_loss: 0.00152, dyn_sta_cos_loss: 0.00090, total_cos_loss : 0.00102, 
epoch 158 summary: dyn_dyn_cos_loss: 0.00152, dyn_sta_cos_loss: 0.00090, total_cos_loss : 0.00102, 
epoch 159 summary: dyn_dyn_cos_loss: 0.00152, dyn_sta_cos_loss: 0.00090, total_cos_loss : 0.00102, 
epoch 160 summary: dyn_dyn_cos_loss: 0.00152, dyn_sta_cos_loss: 0.00090, total_cos_loss : 0.00102, 
valid loss: 1.6412, valid acc: 0.5527
epoch 161 summary: dyn_dyn_cos_loss: 0.00151, dyn_sta_cos_loss: 0.00090, total_cos_loss : 0.00102, 
epoch 162 summary: dyn_dyn_cos_loss: 0.00151, dyn_sta_cos_loss: 0.00090, total_cos_loss : 0.00102, 
epoch 163 summary: dyn_dyn_cos_loss: 0.00151, dyn_sta_cos_loss: 0.00090, total_cos_loss : 0.00102, 
epoch 164 summary: dyn_dyn_cos_loss: 0.00151, dyn_sta_cos_loss: 0.00090, total_cos_loss : 0.00102, 
epoch 165 summary: dyn_dyn_cos_loss: 0.00161, dyn_sta_cos_loss: 0.00090, total_cos_loss : 0.00104, 
epoch 166 summary: dyn_dyn_cos_loss: 0.00159, dyn_sta_cos_loss: 0.00090, total_cos_loss : 0.00104, 
epoch 167 summary: dyn_dyn_cos_loss: 0.00158, dyn_sta_cos_loss: 0.00090, total_cos_loss : 0.00104, 
epoch 168 summary: dyn_dyn_cos_loss: 0.00157, dyn_sta_cos_loss: 0.00090, total_cos_loss : 0.00103, 
epoch 169 summary: dyn_dyn_cos_loss: 0.00156, dyn_sta_cos_loss: 0.00090, total_cos_loss : 0.00103, 
epoch 170 summary: dyn_dyn_cos_loss: 0.00155, dyn_sta_cos_loss: 0.00090, total_cos_loss : 0.00103, 
valid loss: 1.6365, valid acc: 0.5566
epoch 171 summary: dyn_dyn_cos_loss: 0.00155, dyn_sta_cos_loss: 0.00090, total_cos_loss : 0.00103, 
epoch 172 summary: dyn_dyn_cos_loss: 0.00154, dyn_sta_cos_loss: 0.00090, total_cos_loss : 0.00103, 
epoch 173 summary: dyn_dyn_cos_loss: 0.00154, dyn_sta_cos_loss: 0.00090, total_cos_loss : 0.00103, 
epoch 174 summary: dyn_dyn_cos_loss: 0.00153, dyn_sta_cos_loss: 0.00090, total_cos_loss : 0.00103, 
epoch 175 summary: dyn_dyn_cos_loss: 0.00153, dyn_sta_cos_loss: 0.00090, total_cos_loss : 0.00103, 
epoch 176 summary: dyn_dyn_cos_loss: 0.00153, dyn_sta_cos_loss: 0.00090, total_cos_loss : 0.00103, 
epoch 177 summary: dyn_dyn_cos_loss: 0.00153, dyn_sta_cos_loss: 0.00090, total_cos_loss : 0.00103, 
epoch 178 summary: dyn_dyn_cos_loss: 0.00153, dyn_sta_cos_loss: 0.00090, total_cos_loss : 0.00103, 
epoch 179 summary: dyn_dyn_cos_loss: 0.00152, dyn_sta_cos_loss: 0.00090, total_cos_loss : 0.00103, 
epoch 180 summary: dyn_dyn_cos_loss: 0.00159, dyn_sta_cos_loss: 0.00090, total_cos_loss : 0.00104, 
valid loss: 1.6472, valid acc: 0.5547
epoch 181 summary: dyn_dyn_cos_loss: 0.00157, dyn_sta_cos_loss: 0.00090, total_cos_loss : 0.00104, 
epoch 182 summary: dyn_dyn_cos_loss: 0.00156, dyn_sta_cos_loss: 0.00090, total_cos_loss : 0.00103, 
epoch 183 summary: dyn_dyn_cos_loss: 0.00155, dyn_sta_cos_loss: 0.00090, total_cos_loss : 0.00103, 
epoch 184 summary: dyn_dyn_cos_loss: 0.00154, dyn_sta_cos_loss: 0.00090, total_cos_loss : 0.00103, 
epoch 185 summary: dyn_dyn_cos_loss: 0.00154, dyn_sta_cos_loss: 0.00090, total_cos_loss : 0.00103, 
epoch 186 summary: dyn_dyn_cos_loss: 0.00154, dyn_sta_cos_loss: 0.00090, total_cos_loss : 0.00103, 
epoch 187 summary: dyn_dyn_cos_loss: 0.00153, dyn_sta_cos_loss: 0.00090, total_cos_loss : 0.00103, 
epoch 188 summary: dyn_dyn_cos_loss: 0.00153, dyn_sta_cos_loss: 0.00090, total_cos_loss : 0.00103, 
epoch 189 summary: dyn_dyn_cos_loss: 0.00153, dyn_sta_cos_loss: 0.00090, total_cos_loss : 0.00102, 
epoch 190 summary: dyn_dyn_cos_loss: 0.00153, dyn_sta_cos_loss: 0.00090, total_cos_loss : 0.00102, 
valid loss: 1.6388, valid acc: 0.5586
epoch 191 summary: dyn_dyn_cos_loss: 0.00152, dyn_sta_cos_loss: 0.00090, total_cos_loss : 0.00102, 
epoch 192 summary: dyn_dyn_cos_loss: 0.00152, dyn_sta_cos_loss: 0.00090, total_cos_loss : 0.00102, 
epoch 193 summary: dyn_dyn_cos_loss: 0.00152, dyn_sta_cos_loss: 0.00090, total_cos_loss : 0.00102, 
epoch 194 summary: dyn_dyn_cos_loss: 0.00152, dyn_sta_cos_loss: 0.00090, total_cos_loss : 0.00102, 
epoch 195 summary: dyn_dyn_cos_loss: 0.00157, dyn_sta_cos_loss: 0.00090, total_cos_loss : 0.00103, 
epoch 196 summary: dyn_dyn_cos_loss: 0.00156, dyn_sta_cos_loss: 0.00090, total_cos_loss : 0.00103, 
epoch 197 summary: dyn_dyn_cos_loss: 0.00155, dyn_sta_cos_loss: 0.00090, total_cos_loss : 0.00103, 
epoch 198 summary: dyn_dyn_cos_loss: 0.00154, dyn_sta_cos_loss: 0.00090, total_cos_loss : 0.00103, 
epoch 199 summary: dyn_dyn_cos_loss: 0.00153, dyn_sta_cos_loss: 0.00090, total_cos_loss : 0.00103, 
all                          65563.793ms
all_epoch                    65475.381ms
all_preparation                 88.380ms
all_preparation_2               87.269ms
all_preparation_3                1.093ms
epoch                          254.962ms
epoch_pos_train                  8.061ms
epoch_preparation                0.419ms
epoch_train                    242.545ms
epoch_valid                      2.224ms
----------------------------------------
all                          65563.793ms
  all_epoch             99.87%
  all_preparation        0.13%
all_preparation                 88.380ms
  all_preparation_2     98.74%
  all_preparation_3      1.24%
epoch                        50992.493ms
  epoch_train           95.13%
  epoch_pos_train        3.16%
  epoch_valid            0.87%
  epoch_preparation      0.16%
