Before CTE Training: train eu loss: 1.0543208122253418, eval eu loss: 1.492782711982727
Before CTE Training: train eu acc: 0.659027099609375, eval eu acc: 0.560546875
epoch   0 summary: dyn_dyn_cos_loss: 0.02340, dyn_sta_cos_loss: 0.00711, total_cos_loss : 0.01363, vocab_cro_loss : 4.48728, 
train loss: 3.7730, train acc: 0.1860
epoch   1 summary: dyn_dyn_cos_loss: 0.00000, dyn_sta_cos_loss: 0.00000, total_cos_loss : 0.00000, vocab_cro_loss : 3.77283, 
epoch   2 summary: dyn_dyn_cos_loss: 0.02237, dyn_sta_cos_loss: 0.00646, total_cos_loss : 0.01282, vocab_cro_loss : 3.69697, 
epoch   3 summary: dyn_dyn_cos_loss: 0.00000, dyn_sta_cos_loss: 0.00000, total_cos_loss : 0.00000, vocab_cro_loss : 2.97615, 
epoch   4 summary: dyn_dyn_cos_loss: 0.02066, dyn_sta_cos_loss: 0.00544, total_cos_loss : 0.01153, vocab_cro_loss : 2.92041, 
epoch   5 summary: dyn_dyn_cos_loss: 0.00000, dyn_sta_cos_loss: 0.00000, total_cos_loss : 0.00000, vocab_cro_loss : 2.50956, 
epoch   6 summary: dyn_dyn_cos_loss: 0.01800, dyn_sta_cos_loss: 0.00449, total_cos_loss : 0.00989, vocab_cro_loss : 2.49348, 
epoch   7 summary: dyn_dyn_cos_loss: 0.00000, dyn_sta_cos_loss: 0.00000, total_cos_loss : 0.00000, vocab_cro_loss : 2.29781, 
epoch   8 summary: dyn_dyn_cos_loss: 0.01499, dyn_sta_cos_loss: 0.00394, total_cos_loss : 0.00836, vocab_cro_loss : 2.30244, 
epoch   9 summary: dyn_dyn_cos_loss: 0.00000, dyn_sta_cos_loss: 0.00000, total_cos_loss : 0.00000, vocab_cro_loss : 2.08634, 
epoch  10 summary: dyn_dyn_cos_loss: 0.01225, dyn_sta_cos_loss: 0.00338, total_cos_loss : 0.00693, vocab_cro_loss : 2.07675, 
train loss: 1.9661, train acc: 0.5055
epoch  11 summary: dyn_dyn_cos_loss: 0.00000, dyn_sta_cos_loss: 0.00000, total_cos_loss : 0.00000, vocab_cro_loss : 1.96599, 
epoch  12 summary: dyn_dyn_cos_loss: 0.00993, dyn_sta_cos_loss: 0.00311, total_cos_loss : 0.00584, vocab_cro_loss : 1.96592, 
epoch  13 summary: dyn_dyn_cos_loss: 0.00000, dyn_sta_cos_loss: 0.00000, total_cos_loss : 0.00000, vocab_cro_loss : 1.86365, 
epoch  14 summary: dyn_dyn_cos_loss: 0.00804, dyn_sta_cos_loss: 0.00286, total_cos_loss : 0.00493, vocab_cro_loss : 1.85920, 
epoch  15 summary: dyn_dyn_cos_loss: 0.00000, dyn_sta_cos_loss: 0.00000, total_cos_loss : 0.00000, vocab_cro_loss : 1.79059, 
epoch  16 summary: dyn_dyn_cos_loss: 0.00701, dyn_sta_cos_loss: 0.00267, total_cos_loss : 0.00440, vocab_cro_loss : 1.81570, 
epoch  17 summary: dyn_dyn_cos_loss: 0.00000, dyn_sta_cos_loss: 0.00000, total_cos_loss : 0.00000, vocab_cro_loss : 1.73415, 
epoch  18 summary: dyn_dyn_cos_loss: 0.00573, dyn_sta_cos_loss: 0.00246, total_cos_loss : 0.00377, vocab_cro_loss : 1.77122, 
epoch  19 summary: dyn_dyn_cos_loss: 0.00000, dyn_sta_cos_loss: 0.00000, total_cos_loss : 0.00000, vocab_cro_loss : 1.71196, 
epoch  20 summary: dyn_dyn_cos_loss: 0.00475, dyn_sta_cos_loss: 0.00233, total_cos_loss : 0.00330, vocab_cro_loss : 1.71979, 
train loss: 1.6659, train acc: 0.5497
epoch  21 summary: dyn_dyn_cos_loss: 0.00000, dyn_sta_cos_loss: 0.00000, total_cos_loss : 0.00000, vocab_cro_loss : 1.66581, 
epoch  22 summary: dyn_dyn_cos_loss: 0.00402, dyn_sta_cos_loss: 0.00230, total_cos_loss : 0.00299, vocab_cro_loss : 1.69701, 
epoch  23 summary: dyn_dyn_cos_loss: 0.00000, dyn_sta_cos_loss: 0.00000, total_cos_loss : 0.00000, vocab_cro_loss : 1.69613, 
epoch  24 summary: dyn_dyn_cos_loss: 0.00347, dyn_sta_cos_loss: 0.00223, total_cos_loss : 0.00273, vocab_cro_loss : 1.74404, 
epoch  25 summary: dyn_dyn_cos_loss: 0.00000, dyn_sta_cos_loss: 0.00000, total_cos_loss : 0.00000, vocab_cro_loss : 1.75050, 
epoch  26 summary: dyn_dyn_cos_loss: 0.00304, dyn_sta_cos_loss: 0.00213, total_cos_loss : 0.00249, vocab_cro_loss : 1.67440, 
epoch  27 summary: dyn_dyn_cos_loss: 0.00000, dyn_sta_cos_loss: 0.00000, total_cos_loss : 0.00000, vocab_cro_loss : 1.61911, 
epoch  28 summary: dyn_dyn_cos_loss: 0.00272, dyn_sta_cos_loss: 0.00216, total_cos_loss : 0.00238, vocab_cro_loss : 1.63115, 
epoch  29 summary: dyn_dyn_cos_loss: 0.00000, dyn_sta_cos_loss: 0.00000, total_cos_loss : 0.00000, vocab_cro_loss : 1.56946, 
epoch  30 summary: dyn_dyn_cos_loss: 0.00262, dyn_sta_cos_loss: 0.00193, total_cos_loss : 0.00221, vocab_cro_loss : 1.55898, 
train loss: 1.5248, train acc: 0.5702
epoch  31 summary: dyn_dyn_cos_loss: 0.00000, dyn_sta_cos_loss: 0.00000, total_cos_loss : 0.00000, vocab_cro_loss : 1.52479, 
epoch  32 summary: dyn_dyn_cos_loss: 0.00238, dyn_sta_cos_loss: 0.00190, total_cos_loss : 0.00209, vocab_cro_loss : 1.52592, 
epoch  33 summary: dyn_dyn_cos_loss: 0.00000, dyn_sta_cos_loss: 0.00000, total_cos_loss : 0.00000, vocab_cro_loss : 1.58016, 
epoch  34 summary: dyn_dyn_cos_loss: 0.00220, dyn_sta_cos_loss: 0.00174, total_cos_loss : 0.00192, vocab_cro_loss : 1.57269, 
epoch  35 summary: dyn_dyn_cos_loss: 0.00000, dyn_sta_cos_loss: 0.00000, total_cos_loss : 0.00000, vocab_cro_loss : 1.54078, 
epoch  36 summary: dyn_dyn_cos_loss: 0.00204, dyn_sta_cos_loss: 0.00159, total_cos_loss : 0.00177, vocab_cro_loss : 1.50129, 
epoch  37 summary: dyn_dyn_cos_loss: 0.00000, dyn_sta_cos_loss: 0.00000, total_cos_loss : 0.00000, vocab_cro_loss : 1.48213, 
epoch  38 summary: dyn_dyn_cos_loss: 0.00191, dyn_sta_cos_loss: 0.00150, total_cos_loss : 0.00166, vocab_cro_loss : 1.51354, 
epoch  39 summary: dyn_dyn_cos_loss: 0.00000, dyn_sta_cos_loss: 0.00000, total_cos_loss : 0.00000, vocab_cro_loss : 1.48927, 
epoch  40 summary: dyn_dyn_cos_loss: 0.00180, dyn_sta_cos_loss: 0.00144, total_cos_loss : 0.00159, vocab_cro_loss : 1.50869, 
train loss: 1.4773, train acc: 0.5741
epoch  41 summary: dyn_dyn_cos_loss: 0.00000, dyn_sta_cos_loss: 0.00000, total_cos_loss : 0.00000, vocab_cro_loss : 1.47691, 
epoch  42 summary: dyn_dyn_cos_loss: 0.00170, dyn_sta_cos_loss: 0.00140, total_cos_loss : 0.00152, vocab_cro_loss : 1.45656, 
epoch  43 summary: dyn_dyn_cos_loss: 0.00000, dyn_sta_cos_loss: 0.00000, total_cos_loss : 0.00000, vocab_cro_loss : 1.45086, 
epoch  44 summary: dyn_dyn_cos_loss: 0.00163, dyn_sta_cos_loss: 0.00133, total_cos_loss : 0.00145, vocab_cro_loss : 1.44824, 
epoch  45 summary: dyn_dyn_cos_loss: 0.00000, dyn_sta_cos_loss: 0.00000, total_cos_loss : 0.00000, vocab_cro_loss : 1.45922, 
epoch  46 summary: dyn_dyn_cos_loss: 0.00168, dyn_sta_cos_loss: 0.00134, total_cos_loss : 0.00148, vocab_cro_loss : 1.45923, 
epoch  47 summary: dyn_dyn_cos_loss: 0.00000, dyn_sta_cos_loss: 0.00000, total_cos_loss : 0.00000, vocab_cro_loss : 1.41692, 
epoch  48 summary: dyn_dyn_cos_loss: 0.00160, dyn_sta_cos_loss: 0.00131, total_cos_loss : 0.00142, vocab_cro_loss : 1.41080, 
epoch  49 summary: dyn_dyn_cos_loss: 0.00000, dyn_sta_cos_loss: 0.00000, total_cos_loss : 0.00000, vocab_cro_loss : 1.45658, 
epoch  50 summary: dyn_dyn_cos_loss: 0.00153, dyn_sta_cos_loss: 0.00131, total_cos_loss : 0.00140, vocab_cro_loss : 1.43276, 
train loss: 1.4174, train acc: 0.5879
epoch  51 summary: dyn_dyn_cos_loss: 0.00000, dyn_sta_cos_loss: 0.00000, total_cos_loss : 0.00000, vocab_cro_loss : 1.41738, 
epoch  52 summary: dyn_dyn_cos_loss: 0.00148, dyn_sta_cos_loss: 0.00127, total_cos_loss : 0.00135, vocab_cro_loss : 1.40725, 
epoch  53 summary: dyn_dyn_cos_loss: 0.00000, dyn_sta_cos_loss: 0.00000, total_cos_loss : 0.00000, vocab_cro_loss : 1.49600, 
epoch  54 summary: dyn_dyn_cos_loss: 0.00143, dyn_sta_cos_loss: 0.00119, total_cos_loss : 0.00129, vocab_cro_loss : 1.42966, 
epoch  55 summary: dyn_dyn_cos_loss: 0.00000, dyn_sta_cos_loss: 0.00000, total_cos_loss : 0.00000, vocab_cro_loss : 1.40224, 
epoch  56 summary: dyn_dyn_cos_loss: 0.00139, dyn_sta_cos_loss: 0.00120, total_cos_loss : 0.00127, vocab_cro_loss : 1.40056, 
epoch  57 summary: dyn_dyn_cos_loss: 0.00000, dyn_sta_cos_loss: 0.00000, total_cos_loss : 0.00000, vocab_cro_loss : 1.42586, 
epoch  58 summary: dyn_dyn_cos_loss: 0.00135, dyn_sta_cos_loss: 0.00123, total_cos_loss : 0.00128, vocab_cro_loss : 1.42594, 
epoch  59 summary: dyn_dyn_cos_loss: 0.00000, dyn_sta_cos_loss: 0.00000, total_cos_loss : 0.00000, vocab_cro_loss : 1.40180, 
epoch  60 summary: dyn_dyn_cos_loss: 0.00143, dyn_sta_cos_loss: 0.00122, total_cos_loss : 0.00130, vocab_cro_loss : 1.40549, 
train loss: 1.4002, train acc: 0.5878
epoch  61 summary: dyn_dyn_cos_loss: 0.00000, dyn_sta_cos_loss: 0.00000, total_cos_loss : 0.00000, vocab_cro_loss : 1.40022, 
epoch  62 summary: dyn_dyn_cos_loss: 0.00138, dyn_sta_cos_loss: 0.00117, total_cos_loss : 0.00125, vocab_cro_loss : 1.39800, 
epoch  63 summary: dyn_dyn_cos_loss: 0.00000, dyn_sta_cos_loss: 0.00000, total_cos_loss : 0.00000, vocab_cro_loss : 1.39428, 
epoch  64 summary: dyn_dyn_cos_loss: 0.00134, dyn_sta_cos_loss: 0.00118, total_cos_loss : 0.00124, vocab_cro_loss : 1.38522, 
epoch  65 summary: dyn_dyn_cos_loss: 0.00000, dyn_sta_cos_loss: 0.00000, total_cos_loss : 0.00000, vocab_cro_loss : 1.36903, 
epoch  66 summary: dyn_dyn_cos_loss: 0.00131, dyn_sta_cos_loss: 0.00114, total_cos_loss : 0.00120, vocab_cro_loss : 1.36673, 
epoch  67 summary: dyn_dyn_cos_loss: 0.00000, dyn_sta_cos_loss: 0.00000, total_cos_loss : 0.00000, vocab_cro_loss : 1.36111, 
epoch  68 summary: dyn_dyn_cos_loss: 0.00128, dyn_sta_cos_loss: 0.00114, total_cos_loss : 0.00120, vocab_cro_loss : 1.37435, 
epoch  69 summary: dyn_dyn_cos_loss: 0.00000, dyn_sta_cos_loss: 0.00000, total_cos_loss : 0.00000, vocab_cro_loss : 1.43700, 
epoch  70 summary: dyn_dyn_cos_loss: 0.00126, dyn_sta_cos_loss: 0.00116, total_cos_loss : 0.00120, vocab_cro_loss : 1.42079, 
train loss: 1.4037, train acc: 0.5963
epoch  71 summary: dyn_dyn_cos_loss: 0.00000, dyn_sta_cos_loss: 0.00000, total_cos_loss : 0.00000, vocab_cro_loss : 1.40361, 
epoch  72 summary: dyn_dyn_cos_loss: 0.00124, dyn_sta_cos_loss: 0.00113, total_cos_loss : 0.00117, vocab_cro_loss : 1.39527, 
epoch  73 summary: dyn_dyn_cos_loss: 0.00000, dyn_sta_cos_loss: 0.00000, total_cos_loss : 0.00000, vocab_cro_loss : 1.37860, 
epoch  74 summary: dyn_dyn_cos_loss: 0.00122, dyn_sta_cos_loss: 0.00109, total_cos_loss : 0.00114, vocab_cro_loss : 1.39054, 
epoch  75 summary: dyn_dyn_cos_loss: 0.00000, dyn_sta_cos_loss: 0.00000, total_cos_loss : 0.00000, vocab_cro_loss : 1.39251, 
epoch  76 summary: dyn_dyn_cos_loss: 0.00130, dyn_sta_cos_loss: 0.00106, total_cos_loss : 0.00116, vocab_cro_loss : 1.38509, 
epoch  77 summary: dyn_dyn_cos_loss: 0.00000, dyn_sta_cos_loss: 0.00000, total_cos_loss : 0.00000, vocab_cro_loss : 1.39506, 
epoch  78 summary: dyn_dyn_cos_loss: 0.00126, dyn_sta_cos_loss: 0.00107, total_cos_loss : 0.00115, vocab_cro_loss : 1.41084, 
epoch  79 summary: dyn_dyn_cos_loss: 0.00000, dyn_sta_cos_loss: 0.00000, total_cos_loss : 0.00000, vocab_cro_loss : 1.43851, 
epoch  80 summary: dyn_dyn_cos_loss: 0.00123, dyn_sta_cos_loss: 0.00106, total_cos_loss : 0.00113, vocab_cro_loss : 1.43146, 
train loss: 1.4213, train acc: 0.5907
epoch  81 summary: dyn_dyn_cos_loss: 0.00000, dyn_sta_cos_loss: 0.00000, total_cos_loss : 0.00000, vocab_cro_loss : 1.42097, 
epoch  82 summary: dyn_dyn_cos_loss: 0.00120, dyn_sta_cos_loss: 0.00105, total_cos_loss : 0.00111, vocab_cro_loss : 1.48857, 
epoch  83 summary: dyn_dyn_cos_loss: 0.00000, dyn_sta_cos_loss: 0.00000, total_cos_loss : 0.00000, vocab_cro_loss : 1.47588, 
epoch  84 summary: dyn_dyn_cos_loss: 0.00119, dyn_sta_cos_loss: 0.00111, total_cos_loss : 0.00114, vocab_cro_loss : 1.50926, 
epoch  85 summary: dyn_dyn_cos_loss: 0.00000, dyn_sta_cos_loss: 0.00000, total_cos_loss : 0.00000, vocab_cro_loss : 1.48928, 
epoch  86 summary: dyn_dyn_cos_loss: 0.00117, dyn_sta_cos_loss: 0.00118, total_cos_loss : 0.00118, vocab_cro_loss : 1.66023, 
epoch  87 summary: dyn_dyn_cos_loss: 0.00000, dyn_sta_cos_loss: 0.00000, total_cos_loss : 0.00000, vocab_cro_loss : 1.61123, 
epoch  88 summary: dyn_dyn_cos_loss: 0.00117, dyn_sta_cos_loss: 0.00128, total_cos_loss : 0.00124, vocab_cro_loss : 1.56738, 
epoch  89 summary: dyn_dyn_cos_loss: 0.00000, dyn_sta_cos_loss: 0.00000, total_cos_loss : 0.00000, vocab_cro_loss : 1.53382, 
epoch  90 summary: dyn_dyn_cos_loss: 0.00127, dyn_sta_cos_loss: 0.00124, total_cos_loss : 0.00125, vocab_cro_loss : 1.67824, 
train loss: 1.5935, train acc: 0.5854
epoch  91 summary: dyn_dyn_cos_loss: 0.00000, dyn_sta_cos_loss: 0.00000, total_cos_loss : 0.00000, vocab_cro_loss : 1.59350, 
epoch  92 summary: dyn_dyn_cos_loss: 0.00125, dyn_sta_cos_loss: 0.00135, total_cos_loss : 0.00131, vocab_cro_loss : 1.58415, 
epoch  93 summary: dyn_dyn_cos_loss: 0.00000, dyn_sta_cos_loss: 0.00000, total_cos_loss : 0.00000, vocab_cro_loss : 1.54867, 
epoch  94 summary: dyn_dyn_cos_loss: 0.00125, dyn_sta_cos_loss: 0.00141, total_cos_loss : 0.00135, vocab_cro_loss : 1.52542, 
epoch  95 summary: dyn_dyn_cos_loss: 0.00000, dyn_sta_cos_loss: 0.00000, total_cos_loss : 0.00000, vocab_cro_loss : 1.48278, 
epoch  96 summary: dyn_dyn_cos_loss: 0.00124, dyn_sta_cos_loss: 0.00134, total_cos_loss : 0.00130, vocab_cro_loss : 1.48056, 
epoch  97 summary: dyn_dyn_cos_loss: 0.00000, dyn_sta_cos_loss: 0.00000, total_cos_loss : 0.00000, vocab_cro_loss : 1.45099, 
epoch  98 summary: dyn_dyn_cos_loss: 0.00122, dyn_sta_cos_loss: 0.00131, total_cos_loss : 0.00128, vocab_cro_loss : 1.44033, 
epoch  99 summary: dyn_dyn_cos_loss: 0.00000, dyn_sta_cos_loss: 0.00000, total_cos_loss : 0.00000, vocab_cro_loss : 1.41904, 
epoch 100 summary: dyn_dyn_cos_loss: 0.00121, dyn_sta_cos_loss: 0.00134, total_cos_loss : 0.00129, vocab_cro_loss : 1.44545, 
train loss: 1.4291, train acc: 0.5857
epoch 101 summary: dyn_dyn_cos_loss: 0.00000, dyn_sta_cos_loss: 0.00000, total_cos_loss : 0.00000, vocab_cro_loss : 1.42884, 
epoch 102 summary: dyn_dyn_cos_loss: 0.00119, dyn_sta_cos_loss: 0.00131, total_cos_loss : 0.00126, vocab_cro_loss : 1.43885, 
epoch 103 summary: dyn_dyn_cos_loss: 0.00000, dyn_sta_cos_loss: 0.00000, total_cos_loss : 0.00000, vocab_cro_loss : 1.41291, 
epoch 104 summary: dyn_dyn_cos_loss: 0.00118, dyn_sta_cos_loss: 0.00129, total_cos_loss : 0.00125, vocab_cro_loss : 1.41550, 
epoch 105 summary: dyn_dyn_cos_loss: 0.00000, dyn_sta_cos_loss: 0.00000, total_cos_loss : 0.00000, vocab_cro_loss : 1.42607, 
epoch 106 summary: dyn_dyn_cos_loss: 0.00127, dyn_sta_cos_loss: 0.00130, total_cos_loss : 0.00129, vocab_cro_loss : 1.42070, 
epoch 107 summary: dyn_dyn_cos_loss: 0.00000, dyn_sta_cos_loss: 0.00000, total_cos_loss : 0.00000, vocab_cro_loss : 1.47643, 
epoch 108 summary: dyn_dyn_cos_loss: 0.00124, dyn_sta_cos_loss: 0.00134, total_cos_loss : 0.00130, vocab_cro_loss : 1.50710, 
epoch 109 summary: dyn_dyn_cos_loss: 0.00000, dyn_sta_cos_loss: 0.00000, total_cos_loss : 0.00000, vocab_cro_loss : 1.49083, 
epoch 110 summary: dyn_dyn_cos_loss: 0.00122, dyn_sta_cos_loss: 0.00130, total_cos_loss : 0.00127, vocab_cro_loss : 1.47904, 
train loss: 1.4020, train acc: 0.5943
epoch 111 summary: dyn_dyn_cos_loss: 0.00000, dyn_sta_cos_loss: 0.00000, total_cos_loss : 0.00000, vocab_cro_loss : 1.40194, 
epoch 112 summary: dyn_dyn_cos_loss: 0.00120, dyn_sta_cos_loss: 0.00125, total_cos_loss : 0.00123, vocab_cro_loss : 1.40356, 
epoch 113 summary: dyn_dyn_cos_loss: 0.00000, dyn_sta_cos_loss: 0.00000, total_cos_loss : 0.00000, vocab_cro_loss : 1.38406, 
epoch 114 summary: dyn_dyn_cos_loss: 0.00119, dyn_sta_cos_loss: 0.00122, total_cos_loss : 0.00121, vocab_cro_loss : 1.39450, 
epoch 115 summary: dyn_dyn_cos_loss: 0.00000, dyn_sta_cos_loss: 0.00000, total_cos_loss : 0.00000, vocab_cro_loss : 1.40375, 
epoch 116 summary: dyn_dyn_cos_loss: 0.00117, dyn_sta_cos_loss: 0.00123, total_cos_loss : 0.00121, vocab_cro_loss : 1.41128, 
epoch 117 summary: dyn_dyn_cos_loss: 0.00000, dyn_sta_cos_loss: 0.00000, total_cos_loss : 0.00000, vocab_cro_loss : 1.38971, 
epoch 118 summary: dyn_dyn_cos_loss: 0.00116, dyn_sta_cos_loss: 0.00123, total_cos_loss : 0.00120, vocab_cro_loss : 1.42318, 
epoch 119 summary: dyn_dyn_cos_loss: 0.00000, dyn_sta_cos_loss: 0.00000, total_cos_loss : 0.00000, vocab_cro_loss : 1.43228, 
epoch 120 summary: dyn_dyn_cos_loss: 0.00124, dyn_sta_cos_loss: 0.00126, total_cos_loss : 0.00125, vocab_cro_loss : 1.43888, 
train loss: 1.3946, train acc: 0.5991
epoch 121 summary: dyn_dyn_cos_loss: 0.00000, dyn_sta_cos_loss: 0.00000, total_cos_loss : 0.00000, vocab_cro_loss : 1.39451, 
epoch 122 summary: dyn_dyn_cos_loss: 0.00122, dyn_sta_cos_loss: 0.00126, total_cos_loss : 0.00124, vocab_cro_loss : 1.39777, 
epoch 123 summary: dyn_dyn_cos_loss: 0.00000, dyn_sta_cos_loss: 0.00000, total_cos_loss : 0.00000, vocab_cro_loss : 1.37220, 
epoch 124 summary: dyn_dyn_cos_loss: 0.00120, dyn_sta_cos_loss: 0.00125, total_cos_loss : 0.00123, vocab_cro_loss : 1.37648, 
epoch 125 summary: dyn_dyn_cos_loss: 0.00000, dyn_sta_cos_loss: 0.00000, total_cos_loss : 0.00000, vocab_cro_loss : 1.40392, 
epoch 126 summary: dyn_dyn_cos_loss: 0.00118, dyn_sta_cos_loss: 0.00126, total_cos_loss : 0.00122, vocab_cro_loss : 1.39692, 
epoch 127 summary: dyn_dyn_cos_loss: 0.00000, dyn_sta_cos_loss: 0.00000, total_cos_loss : 0.00000, vocab_cro_loss : 1.39638, 
epoch 128 summary: dyn_dyn_cos_loss: 0.00116, dyn_sta_cos_loss: 0.00127, total_cos_loss : 0.00123, vocab_cro_loss : 1.39691, 
epoch 129 summary: dyn_dyn_cos_loss: 0.00000, dyn_sta_cos_loss: 0.00000, total_cos_loss : 0.00000, vocab_cro_loss : 1.38998, 
epoch 130 summary: dyn_dyn_cos_loss: 0.00116, dyn_sta_cos_loss: 0.00124, total_cos_loss : 0.00120, vocab_cro_loss : 1.36036, 
train loss: 1.3528, train acc: 0.6052
epoch 131 summary: dyn_dyn_cos_loss: 0.00000, dyn_sta_cos_loss: 0.00000, total_cos_loss : 0.00000, vocab_cro_loss : 1.35277, 
epoch 132 summary: dyn_dyn_cos_loss: 0.00114, dyn_sta_cos_loss: 0.00123, total_cos_loss : 0.00120, vocab_cro_loss : 1.35813, 
epoch 133 summary: dyn_dyn_cos_loss: 0.00000, dyn_sta_cos_loss: 0.00000, total_cos_loss : 0.00000, vocab_cro_loss : 1.35801, 
epoch 134 summary: dyn_dyn_cos_loss: 0.00113, dyn_sta_cos_loss: 0.00121, total_cos_loss : 0.00118, vocab_cro_loss : 1.43959, 
epoch 135 summary: dyn_dyn_cos_loss: 0.00000, dyn_sta_cos_loss: 0.00000, total_cos_loss : 0.00000, vocab_cro_loss : 1.44040, 
epoch 136 summary: dyn_dyn_cos_loss: 0.00122, dyn_sta_cos_loss: 0.00125, total_cos_loss : 0.00123, vocab_cro_loss : 1.40631, 
epoch 137 summary: dyn_dyn_cos_loss: 0.00000, dyn_sta_cos_loss: 0.00000, total_cos_loss : 0.00000, vocab_cro_loss : 1.38406, 
epoch 138 summary: dyn_dyn_cos_loss: 0.00119, dyn_sta_cos_loss: 0.00121, total_cos_loss : 0.00120, vocab_cro_loss : 1.38127, 
epoch 139 summary: dyn_dyn_cos_loss: 0.00000, dyn_sta_cos_loss: 0.00000, total_cos_loss : 0.00000, vocab_cro_loss : 1.36523, 
epoch 140 summary: dyn_dyn_cos_loss: 0.00117, dyn_sta_cos_loss: 0.00121, total_cos_loss : 0.00119, vocab_cro_loss : 1.36573, 
train loss: 1.3663, train acc: 0.5978
epoch 141 summary: dyn_dyn_cos_loss: 0.00000, dyn_sta_cos_loss: 0.00000, total_cos_loss : 0.00000, vocab_cro_loss : 1.36616, 
epoch 142 summary: dyn_dyn_cos_loss: 0.00115, dyn_sta_cos_loss: 0.00123, total_cos_loss : 0.00119, vocab_cro_loss : 1.37397, 
epoch 143 summary: dyn_dyn_cos_loss: 0.00000, dyn_sta_cos_loss: 0.00000, total_cos_loss : 0.00000, vocab_cro_loss : 1.35413, 
epoch 144 summary: dyn_dyn_cos_loss: 0.00113, dyn_sta_cos_loss: 0.00120, total_cos_loss : 0.00117, vocab_cro_loss : 1.35531, 
epoch 145 summary: dyn_dyn_cos_loss: 0.00000, dyn_sta_cos_loss: 0.00000, total_cos_loss : 0.00000, vocab_cro_loss : 1.34844, 
epoch 146 summary: dyn_dyn_cos_loss: 0.00112, dyn_sta_cos_loss: 0.00122, total_cos_loss : 0.00118, vocab_cro_loss : 1.35014, 
epoch 147 summary: dyn_dyn_cos_loss: 0.00000, dyn_sta_cos_loss: 0.00000, total_cos_loss : 0.00000, vocab_cro_loss : 1.34926, 
epoch 148 summary: dyn_dyn_cos_loss: 0.00111, dyn_sta_cos_loss: 0.00120, total_cos_loss : 0.00116, vocab_cro_loss : 1.44948, 
epoch 149 summary: dyn_dyn_cos_loss: 0.00000, dyn_sta_cos_loss: 0.00000, total_cos_loss : 0.00000, vocab_cro_loss : 1.39739, 
epoch 150 summary: dyn_dyn_cos_loss: 0.00117, dyn_sta_cos_loss: 0.00124, total_cos_loss : 0.00121, vocab_cro_loss : 1.38144, 
train loss: 1.6652, train acc: 0.5877
epoch 151 summary: dyn_dyn_cos_loss: 0.00000, dyn_sta_cos_loss: 0.00000, total_cos_loss : 0.00000, vocab_cro_loss : 1.66270, 
epoch 152 summary: dyn_dyn_cos_loss: 0.00116, dyn_sta_cos_loss: 0.00141, total_cos_loss : 0.00131, vocab_cro_loss : 1.56785, 
epoch 153 summary: dyn_dyn_cos_loss: 0.00000, dyn_sta_cos_loss: 0.00000, total_cos_loss : 0.00000, vocab_cro_loss : 1.50276, 
epoch 154 summary: dyn_dyn_cos_loss: 0.00117, dyn_sta_cos_loss: 0.00136, total_cos_loss : 0.00128, vocab_cro_loss : 1.48363, 
epoch 155 summary: dyn_dyn_cos_loss: 0.00000, dyn_sta_cos_loss: 0.00000, total_cos_loss : 0.00000, vocab_cro_loss : 1.45500, 
epoch 156 summary: dyn_dyn_cos_loss: 0.00116, dyn_sta_cos_loss: 0.00135, total_cos_loss : 0.00127, vocab_cro_loss : 1.43979, 
epoch 157 summary: dyn_dyn_cos_loss: 0.00000, dyn_sta_cos_loss: 0.00000, total_cos_loss : 0.00000, vocab_cro_loss : 1.42445, 
epoch 158 summary: dyn_dyn_cos_loss: 0.00115, dyn_sta_cos_loss: 0.00136, total_cos_loss : 0.00127, vocab_cro_loss : 1.43248, 
epoch 159 summary: dyn_dyn_cos_loss: 0.00000, dyn_sta_cos_loss: 0.00000, total_cos_loss : 0.00000, vocab_cro_loss : 1.41588, 
epoch 160 summary: dyn_dyn_cos_loss: 0.00115, dyn_sta_cos_loss: 0.00138, total_cos_loss : 0.00129, vocab_cro_loss : 1.41269, 
train loss: 1.3943, train acc: 0.5966
epoch 161 summary: dyn_dyn_cos_loss: 0.00000, dyn_sta_cos_loss: 0.00000, total_cos_loss : 0.00000, vocab_cro_loss : 1.39413, 
epoch 162 summary: dyn_dyn_cos_loss: 0.00114, dyn_sta_cos_loss: 0.00137, total_cos_loss : 0.00128, vocab_cro_loss : 1.42123, 
epoch 163 summary: dyn_dyn_cos_loss: 0.00000, dyn_sta_cos_loss: 0.00000, total_cos_loss : 0.00000, vocab_cro_loss : 1.37368, 
epoch 164 summary: dyn_dyn_cos_loss: 0.00113, dyn_sta_cos_loss: 0.00133, total_cos_loss : 0.00125, vocab_cro_loss : 1.41699, 
epoch 165 summary: dyn_dyn_cos_loss: 0.00000, dyn_sta_cos_loss: 0.00000, total_cos_loss : 0.00000, vocab_cro_loss : 1.38800, 
epoch 166 summary: dyn_dyn_cos_loss: 0.00122, dyn_sta_cos_loss: 0.00132, total_cos_loss : 0.00128, vocab_cro_loss : 1.44511, 
epoch 167 summary: dyn_dyn_cos_loss: 0.00000, dyn_sta_cos_loss: 0.00000, total_cos_loss : 0.00000, vocab_cro_loss : 1.40924, 
epoch 168 summary: dyn_dyn_cos_loss: 0.00120, dyn_sta_cos_loss: 0.00133, total_cos_loss : 0.00128, vocab_cro_loss : 1.40073, 
epoch 169 summary: dyn_dyn_cos_loss: 0.00000, dyn_sta_cos_loss: 0.00000, total_cos_loss : 0.00000, vocab_cro_loss : 1.37408, 
epoch 170 summary: dyn_dyn_cos_loss: 0.00120, dyn_sta_cos_loss: 0.00128, total_cos_loss : 0.00125, vocab_cro_loss : 1.36709, 
train loss: 1.3639, train acc: 0.5966
epoch 171 summary: dyn_dyn_cos_loss: 0.00000, dyn_sta_cos_loss: 0.00000, total_cos_loss : 0.00000, vocab_cro_loss : 1.36383, 
epoch 172 summary: dyn_dyn_cos_loss: 0.00118, dyn_sta_cos_loss: 0.00124, total_cos_loss : 0.00121, vocab_cro_loss : 1.36783, 
epoch 173 summary: dyn_dyn_cos_loss: 0.00000, dyn_sta_cos_loss: 0.00000, total_cos_loss : 0.00000, vocab_cro_loss : 1.35444, 
epoch 174 summary: dyn_dyn_cos_loss: 0.00116, dyn_sta_cos_loss: 0.00121, total_cos_loss : 0.00119, vocab_cro_loss : 1.33687, 
epoch 175 summary: dyn_dyn_cos_loss: 0.00000, dyn_sta_cos_loss: 0.00000, total_cos_loss : 0.00000, vocab_cro_loss : 1.33336, 
epoch 176 summary: dyn_dyn_cos_loss: 0.00115, dyn_sta_cos_loss: 0.00117, total_cos_loss : 0.00116, vocab_cro_loss : 1.33392, 
epoch 177 summary: dyn_dyn_cos_loss: 0.00000, dyn_sta_cos_loss: 0.00000, total_cos_loss : 0.00000, vocab_cro_loss : 1.33068, 
epoch 178 summary: dyn_dyn_cos_loss: 0.00113, dyn_sta_cos_loss: 0.00120, total_cos_loss : 0.00117, vocab_cro_loss : 1.33132, 
epoch 179 summary: dyn_dyn_cos_loss: 0.00000, dyn_sta_cos_loss: 0.00000, total_cos_loss : 0.00000, vocab_cro_loss : 1.32630, 
epoch 180 summary: dyn_dyn_cos_loss: 0.00121, dyn_sta_cos_loss: 0.00114, total_cos_loss : 0.00117, vocab_cro_loss : 1.32533, 
train loss: 1.3273, train acc: 0.6020
epoch 181 summary: dyn_dyn_cos_loss: 0.00000, dyn_sta_cos_loss: 0.00000, total_cos_loss : 0.00000, vocab_cro_loss : 1.32724, 
epoch 182 summary: dyn_dyn_cos_loss: 0.00118, dyn_sta_cos_loss: 0.00114, total_cos_loss : 0.00115, vocab_cro_loss : 1.32824, 
epoch 183 summary: dyn_dyn_cos_loss: 0.00000, dyn_sta_cos_loss: 0.00000, total_cos_loss : 0.00000, vocab_cro_loss : 1.32013, 
epoch 184 summary: dyn_dyn_cos_loss: 0.00116, dyn_sta_cos_loss: 0.00114, total_cos_loss : 0.00115, vocab_cro_loss : 1.31785, 
epoch 185 summary: dyn_dyn_cos_loss: 0.00000, dyn_sta_cos_loss: 0.00000, total_cos_loss : 0.00000, vocab_cro_loss : 1.31131, 
epoch 186 summary: dyn_dyn_cos_loss: 0.00114, dyn_sta_cos_loss: 0.00113, total_cos_loss : 0.00114, vocab_cro_loss : 1.30927, 
epoch 187 summary: dyn_dyn_cos_loss: 0.00000, dyn_sta_cos_loss: 0.00000, total_cos_loss : 0.00000, vocab_cro_loss : 1.31371, 
epoch 188 summary: dyn_dyn_cos_loss: 0.00113, dyn_sta_cos_loss: 0.00112, total_cos_loss : 0.00112, vocab_cro_loss : 1.31053, 
epoch 189 summary: dyn_dyn_cos_loss: 0.00000, dyn_sta_cos_loss: 0.00000, total_cos_loss : 0.00000, vocab_cro_loss : 1.31057, 
epoch 190 summary: dyn_dyn_cos_loss: 0.00112, dyn_sta_cos_loss: 0.00112, total_cos_loss : 0.00112, vocab_cro_loss : 1.31122, 
train loss: 1.3224, train acc: 0.6096
epoch 191 summary: dyn_dyn_cos_loss: 0.00000, dyn_sta_cos_loss: 0.00000, total_cos_loss : 0.00000, vocab_cro_loss : 1.32234, 
epoch 192 summary: dyn_dyn_cos_loss: 0.00111, dyn_sta_cos_loss: 0.00126, total_cos_loss : 0.00120, vocab_cro_loss : 1.33017, 
epoch 193 summary: dyn_dyn_cos_loss: 0.00000, dyn_sta_cos_loss: 0.00000, total_cos_loss : 0.00000, vocab_cro_loss : 1.32608, 
epoch 194 summary: dyn_dyn_cos_loss: 0.00111, dyn_sta_cos_loss: 0.00129, total_cos_loss : 0.00121, vocab_cro_loss : 1.31744, 
epoch 195 summary: dyn_dyn_cos_loss: 0.00000, dyn_sta_cos_loss: 0.00000, total_cos_loss : 0.00000, vocab_cro_loss : 1.31035, 
epoch 196 summary: dyn_dyn_cos_loss: 0.00119, dyn_sta_cos_loss: 0.00126, total_cos_loss : 0.00123, vocab_cro_loss : 1.30650, 
epoch 197 summary: dyn_dyn_cos_loss: 0.00000, dyn_sta_cos_loss: 0.00000, total_cos_loss : 0.00000, vocab_cro_loss : 1.31037, 
epoch 198 summary: dyn_dyn_cos_loss: 0.00117, dyn_sta_cos_loss: 0.00123, total_cos_loss : 0.00120, vocab_cro_loss : 1.30628, 
epoch 199 summary: dyn_dyn_cos_loss: 0.00000, dyn_sta_cos_loss: 0.00000, total_cos_loss : 0.00000, vocab_cro_loss : 1.30898, 
train loss: 1.3081, train acc: 0.6104
all                        2516944.849ms
all_epoch                  2505924.723ms
all_preparation              11020.083ms
all_preparation_2            11018.297ms
all_preparation_3                1.759ms
epoch                        12370.985ms
epoch_pos_train                  6.778ms
epoch_preparation               20.549ms
epoch_train                  12147.826ms
epoch_valid                    191.683ms
----------------------------------------
all                        2516944.849ms
  all_epoch             99.56%
  all_preparation        0.44%
all_preparation              11020.083ms
  all_preparation_2     99.98%
  all_preparation_3      0.02%
epoch                      2474197.065ms
  epoch_train           98.20%
  epoch_valid            1.55%
  epoch_preparation      0.17%
  epoch_pos_train        0.05%
epoch   0 summary: dyn_dyn_cos_loss: 0.02071, dyn_sta_cos_loss: 0.00688, total_cos_loss : 0.01241, 
valid loss: 3.6205, valid acc: 0.1543
epoch   1 summary: dyn_dyn_cos_loss: 0.01561, dyn_sta_cos_loss: 0.00525, total_cos_loss : 0.00939, 
epoch   2 summary: dyn_dyn_cos_loss: 0.01182, dyn_sta_cos_loss: 0.00420, total_cos_loss : 0.00725, 
epoch   3 summary: dyn_dyn_cos_loss: 0.00882, dyn_sta_cos_loss: 0.00338, total_cos_loss : 0.00555, 
epoch   4 summary: dyn_dyn_cos_loss: 0.00659, dyn_sta_cos_loss: 0.00276, total_cos_loss : 0.00429, 
epoch   5 summary: dyn_dyn_cos_loss: 0.00504, dyn_sta_cos_loss: 0.00231, total_cos_loss : 0.00340, 
epoch   6 summary: dyn_dyn_cos_loss: 0.00406, dyn_sta_cos_loss: 0.00203, total_cos_loss : 0.00284, 
epoch   7 summary: dyn_dyn_cos_loss: 0.00328, dyn_sta_cos_loss: 0.00183, total_cos_loss : 0.00241, 
epoch   8 summary: dyn_dyn_cos_loss: 0.00270, dyn_sta_cos_loss: 0.00167, total_cos_loss : 0.00208, 
epoch   9 summary: dyn_dyn_cos_loss: 0.00228, dyn_sta_cos_loss: 0.00155, total_cos_loss : 0.00184, 
epoch  10 summary: dyn_dyn_cos_loss: 0.00201, dyn_sta_cos_loss: 0.00146, total_cos_loss : 0.00168, 
valid loss: 1.9340, valid acc: 0.4961
epoch  11 summary: dyn_dyn_cos_loss: 0.00175, dyn_sta_cos_loss: 0.00138, total_cos_loss : 0.00153, 
epoch  12 summary: dyn_dyn_cos_loss: 0.00161, dyn_sta_cos_loss: 0.00132, total_cos_loss : 0.00144, 
epoch  13 summary: dyn_dyn_cos_loss: 0.00146, dyn_sta_cos_loss: 0.00127, total_cos_loss : 0.00134, 
epoch  14 summary: dyn_dyn_cos_loss: 0.00137, dyn_sta_cos_loss: 0.00123, total_cos_loss : 0.00129, 
epoch  15 summary: dyn_dyn_cos_loss: 0.00144, dyn_sta_cos_loss: 0.00120, total_cos_loss : 0.00130, 
epoch  16 summary: dyn_dyn_cos_loss: 0.00136, dyn_sta_cos_loss: 0.00118, total_cos_loss : 0.00125, 
epoch  17 summary: dyn_dyn_cos_loss: 0.00129, dyn_sta_cos_loss: 0.00116, total_cos_loss : 0.00121, 
epoch  18 summary: dyn_dyn_cos_loss: 0.00123, dyn_sta_cos_loss: 0.00115, total_cos_loss : 0.00118, 
epoch  19 summary: dyn_dyn_cos_loss: 0.00120, dyn_sta_cos_loss: 0.00114, total_cos_loss : 0.00116, 
epoch  20 summary: dyn_dyn_cos_loss: 0.00118, dyn_sta_cos_loss: 0.00112, total_cos_loss : 0.00115, 
valid loss: 1.7356, valid acc: 0.5254
epoch  21 summary: dyn_dyn_cos_loss: 0.00116, dyn_sta_cos_loss: 0.00111, total_cos_loss : 0.00113, 
epoch  22 summary: dyn_dyn_cos_loss: 0.00115, dyn_sta_cos_loss: 0.00111, total_cos_loss : 0.00112, 
epoch  23 summary: dyn_dyn_cos_loss: 0.00114, dyn_sta_cos_loss: 0.00110, total_cos_loss : 0.00111, 
epoch  24 summary: dyn_dyn_cos_loss: 0.00112, dyn_sta_cos_loss: 0.00109, total_cos_loss : 0.00111, 
epoch  25 summary: dyn_dyn_cos_loss: 0.00112, dyn_sta_cos_loss: 0.00109, total_cos_loss : 0.00110, 
epoch  26 summary: dyn_dyn_cos_loss: 0.00111, dyn_sta_cos_loss: 0.00109, total_cos_loss : 0.00110, 
epoch  27 summary: dyn_dyn_cos_loss: 0.00110, dyn_sta_cos_loss: 0.00108, total_cos_loss : 0.00109, 
epoch  28 summary: dyn_dyn_cos_loss: 0.00110, dyn_sta_cos_loss: 0.00108, total_cos_loss : 0.00109, 
epoch  29 summary: dyn_dyn_cos_loss: 0.00110, dyn_sta_cos_loss: 0.00108, total_cos_loss : 0.00109, 
epoch  30 summary: dyn_dyn_cos_loss: 0.00120, dyn_sta_cos_loss: 0.00108, total_cos_loss : 0.00113, 
valid loss: 1.7387, valid acc: 0.5137
epoch  31 summary: dyn_dyn_cos_loss: 0.00117, dyn_sta_cos_loss: 0.00108, total_cos_loss : 0.00111, 
epoch  32 summary: dyn_dyn_cos_loss: 0.00115, dyn_sta_cos_loss: 0.00108, total_cos_loss : 0.00111, 
epoch  33 summary: dyn_dyn_cos_loss: 0.00113, dyn_sta_cos_loss: 0.00108, total_cos_loss : 0.00110, 
epoch  34 summary: dyn_dyn_cos_loss: 0.00112, dyn_sta_cos_loss: 0.00108, total_cos_loss : 0.00109, 
epoch  35 summary: dyn_dyn_cos_loss: 0.00111, dyn_sta_cos_loss: 0.00107, total_cos_loss : 0.00109, 
epoch  36 summary: dyn_dyn_cos_loss: 0.00110, dyn_sta_cos_loss: 0.00107, total_cos_loss : 0.00108, 
epoch  37 summary: dyn_dyn_cos_loss: 0.00109, dyn_sta_cos_loss: 0.00107, total_cos_loss : 0.00108, 
epoch  38 summary: dyn_dyn_cos_loss: 0.00108, dyn_sta_cos_loss: 0.00107, total_cos_loss : 0.00108, 
epoch  39 summary: dyn_dyn_cos_loss: 0.00108, dyn_sta_cos_loss: 0.00107, total_cos_loss : 0.00107, 
epoch  40 summary: dyn_dyn_cos_loss: 0.00107, dyn_sta_cos_loss: 0.00107, total_cos_loss : 0.00107, 
valid loss: 1.7046, valid acc: 0.5254
epoch  41 summary: dyn_dyn_cos_loss: 0.00107, dyn_sta_cos_loss: 0.00107, total_cos_loss : 0.00107, 
epoch  42 summary: dyn_dyn_cos_loss: 0.00107, dyn_sta_cos_loss: 0.00106, total_cos_loss : 0.00107, 
epoch  43 summary: dyn_dyn_cos_loss: 0.00107, dyn_sta_cos_loss: 0.00106, total_cos_loss : 0.00107, 
epoch  44 summary: dyn_dyn_cos_loss: 0.00107, dyn_sta_cos_loss: 0.00106, total_cos_loss : 0.00106, 
epoch  45 summary: dyn_dyn_cos_loss: 0.00121, dyn_sta_cos_loss: 0.00106, total_cos_loss : 0.00112, 
epoch  46 summary: dyn_dyn_cos_loss: 0.00118, dyn_sta_cos_loss: 0.00107, total_cos_loss : 0.00111, 
epoch  47 summary: dyn_dyn_cos_loss: 0.00116, dyn_sta_cos_loss: 0.00107, total_cos_loss : 0.00110, 
epoch  48 summary: dyn_dyn_cos_loss: 0.00115, dyn_sta_cos_loss: 0.00106, total_cos_loss : 0.00110, 
epoch  49 summary: dyn_dyn_cos_loss: 0.00113, dyn_sta_cos_loss: 0.00106, total_cos_loss : 0.00109, 
epoch  50 summary: dyn_dyn_cos_loss: 0.00112, dyn_sta_cos_loss: 0.00106, total_cos_loss : 0.00109, 
valid loss: 1.6827, valid acc: 0.5293
epoch  51 summary: dyn_dyn_cos_loss: 0.00112, dyn_sta_cos_loss: 0.00106, total_cos_loss : 0.00108, 
epoch  52 summary: dyn_dyn_cos_loss: 0.00111, dyn_sta_cos_loss: 0.00106, total_cos_loss : 0.00108, 
epoch  53 summary: dyn_dyn_cos_loss: 0.00111, dyn_sta_cos_loss: 0.00106, total_cos_loss : 0.00108, 
epoch  54 summary: dyn_dyn_cos_loss: 0.00111, dyn_sta_cos_loss: 0.00106, total_cos_loss : 0.00108, 
epoch  55 summary: dyn_dyn_cos_loss: 0.00110, dyn_sta_cos_loss: 0.00106, total_cos_loss : 0.00107, 
epoch  56 summary: dyn_dyn_cos_loss: 0.00110, dyn_sta_cos_loss: 0.00105, total_cos_loss : 0.00107, 
epoch  57 summary: dyn_dyn_cos_loss: 0.00109, dyn_sta_cos_loss: 0.00105, total_cos_loss : 0.00107, 
epoch  58 summary: dyn_dyn_cos_loss: 0.00109, dyn_sta_cos_loss: 0.00105, total_cos_loss : 0.00107, 
epoch  59 summary: dyn_dyn_cos_loss: 0.00109, dyn_sta_cos_loss: 0.00105, total_cos_loss : 0.00107, 
epoch  60 summary: dyn_dyn_cos_loss: 0.00120, dyn_sta_cos_loss: 0.00105, total_cos_loss : 0.00111, 
valid loss: 1.7008, valid acc: 0.5254
epoch  61 summary: dyn_dyn_cos_loss: 0.00117, dyn_sta_cos_loss: 0.00105, total_cos_loss : 0.00110, 
epoch  62 summary: dyn_dyn_cos_loss: 0.00115, dyn_sta_cos_loss: 0.00106, total_cos_loss : 0.00109, 
epoch  63 summary: dyn_dyn_cos_loss: 0.00113, dyn_sta_cos_loss: 0.00106, total_cos_loss : 0.00109, 
epoch  64 summary: dyn_dyn_cos_loss: 0.00112, dyn_sta_cos_loss: 0.00105, total_cos_loss : 0.00108, 
epoch  65 summary: dyn_dyn_cos_loss: 0.00111, dyn_sta_cos_loss: 0.00105, total_cos_loss : 0.00108, 
epoch  66 summary: dyn_dyn_cos_loss: 0.00111, dyn_sta_cos_loss: 0.00105, total_cos_loss : 0.00107, 
epoch  67 summary: dyn_dyn_cos_loss: 0.00110, dyn_sta_cos_loss: 0.00105, total_cos_loss : 0.00107, 
epoch  68 summary: dyn_dyn_cos_loss: 0.00110, dyn_sta_cos_loss: 0.00105, total_cos_loss : 0.00107, 
epoch  69 summary: dyn_dyn_cos_loss: 0.00109, dyn_sta_cos_loss: 0.00105, total_cos_loss : 0.00107, 
epoch  70 summary: dyn_dyn_cos_loss: 0.00109, dyn_sta_cos_loss: 0.00105, total_cos_loss : 0.00106, 
valid loss: 1.7000, valid acc: 0.5234
epoch  71 summary: dyn_dyn_cos_loss: 0.00109, dyn_sta_cos_loss: 0.00104, total_cos_loss : 0.00106, 
epoch  72 summary: dyn_dyn_cos_loss: 0.00109, dyn_sta_cos_loss: 0.00104, total_cos_loss : 0.00106, 
epoch  73 summary: dyn_dyn_cos_loss: 0.00108, dyn_sta_cos_loss: 0.00104, total_cos_loss : 0.00106, 
epoch  74 summary: dyn_dyn_cos_loss: 0.00108, dyn_sta_cos_loss: 0.00104, total_cos_loss : 0.00106, 
epoch  75 summary: dyn_dyn_cos_loss: 0.00120, dyn_sta_cos_loss: 0.00104, total_cos_loss : 0.00110, 
epoch  76 summary: dyn_dyn_cos_loss: 0.00116, dyn_sta_cos_loss: 0.00105, total_cos_loss : 0.00109, 
epoch  77 summary: dyn_dyn_cos_loss: 0.00114, dyn_sta_cos_loss: 0.00105, total_cos_loss : 0.00109, 
epoch  78 summary: dyn_dyn_cos_loss: 0.00113, dyn_sta_cos_loss: 0.00105, total_cos_loss : 0.00108, 
epoch  79 summary: dyn_dyn_cos_loss: 0.00112, dyn_sta_cos_loss: 0.00105, total_cos_loss : 0.00108, 
epoch  80 summary: dyn_dyn_cos_loss: 0.00111, dyn_sta_cos_loss: 0.00105, total_cos_loss : 0.00107, 
valid loss: 1.7133, valid acc: 0.4961
epoch  81 summary: dyn_dyn_cos_loss: 0.00110, dyn_sta_cos_loss: 0.00105, total_cos_loss : 0.00107, 
epoch  82 summary: dyn_dyn_cos_loss: 0.00109, dyn_sta_cos_loss: 0.00105, total_cos_loss : 0.00107, 
epoch  83 summary: dyn_dyn_cos_loss: 0.00109, dyn_sta_cos_loss: 0.00105, total_cos_loss : 0.00106, 
epoch  84 summary: dyn_dyn_cos_loss: 0.00108, dyn_sta_cos_loss: 0.00104, total_cos_loss : 0.00106, 
epoch  85 summary: dyn_dyn_cos_loss: 0.00108, dyn_sta_cos_loss: 0.00104, total_cos_loss : 0.00106, 
epoch  86 summary: dyn_dyn_cos_loss: 0.00108, dyn_sta_cos_loss: 0.00104, total_cos_loss : 0.00106, 
epoch  87 summary: dyn_dyn_cos_loss: 0.00108, dyn_sta_cos_loss: 0.00104, total_cos_loss : 0.00106, 
epoch  88 summary: dyn_dyn_cos_loss: 0.00107, dyn_sta_cos_loss: 0.00104, total_cos_loss : 0.00105, 
epoch  89 summary: dyn_dyn_cos_loss: 0.00107, dyn_sta_cos_loss: 0.00104, total_cos_loss : 0.00105, 
epoch  90 summary: dyn_dyn_cos_loss: 0.00121, dyn_sta_cos_loss: 0.00104, total_cos_loss : 0.00111, 
valid loss: 1.6826, valid acc: 0.5117
epoch  91 summary: dyn_dyn_cos_loss: 0.00118, dyn_sta_cos_loss: 0.00105, total_cos_loss : 0.00110, 
epoch  92 summary: dyn_dyn_cos_loss: 0.00115, dyn_sta_cos_loss: 0.00105, total_cos_loss : 0.00109, 
epoch  93 summary: dyn_dyn_cos_loss: 0.00114, dyn_sta_cos_loss: 0.00105, total_cos_loss : 0.00108, 
epoch  94 summary: dyn_dyn_cos_loss: 0.00113, dyn_sta_cos_loss: 0.00105, total_cos_loss : 0.00108, 
epoch  95 summary: dyn_dyn_cos_loss: 0.00112, dyn_sta_cos_loss: 0.00105, total_cos_loss : 0.00108, 
epoch  96 summary: dyn_dyn_cos_loss: 0.00111, dyn_sta_cos_loss: 0.00105, total_cos_loss : 0.00107, 
epoch  97 summary: dyn_dyn_cos_loss: 0.00111, dyn_sta_cos_loss: 0.00105, total_cos_loss : 0.00107, 
epoch  98 summary: dyn_dyn_cos_loss: 0.00110, dyn_sta_cos_loss: 0.00105, total_cos_loss : 0.00107, 
epoch  99 summary: dyn_dyn_cos_loss: 0.00109, dyn_sta_cos_loss: 0.00105, total_cos_loss : 0.00107, 
epoch 100 summary: dyn_dyn_cos_loss: 0.00109, dyn_sta_cos_loss: 0.00105, total_cos_loss : 0.00106, 
valid loss: 1.6990, valid acc: 0.5059
epoch 101 summary: dyn_dyn_cos_loss: 0.00109, dyn_sta_cos_loss: 0.00105, total_cos_loss : 0.00106, 
epoch 102 summary: dyn_dyn_cos_loss: 0.00109, dyn_sta_cos_loss: 0.00104, total_cos_loss : 0.00106, 
epoch 103 summary: dyn_dyn_cos_loss: 0.00109, dyn_sta_cos_loss: 0.00104, total_cos_loss : 0.00106, 
epoch 104 summary: dyn_dyn_cos_loss: 0.00109, dyn_sta_cos_loss: 0.00104, total_cos_loss : 0.00106, 
epoch 105 summary: dyn_dyn_cos_loss: 0.00120, dyn_sta_cos_loss: 0.00104, total_cos_loss : 0.00110, 
epoch 106 summary: dyn_dyn_cos_loss: 0.00117, dyn_sta_cos_loss: 0.00104, total_cos_loss : 0.00110, 
epoch 107 summary: dyn_dyn_cos_loss: 0.00116, dyn_sta_cos_loss: 0.00104, total_cos_loss : 0.00109, 
epoch 108 summary: dyn_dyn_cos_loss: 0.00114, dyn_sta_cos_loss: 0.00104, total_cos_loss : 0.00108, 
epoch 109 summary: dyn_dyn_cos_loss: 0.00113, dyn_sta_cos_loss: 0.00104, total_cos_loss : 0.00108, 
epoch 110 summary: dyn_dyn_cos_loss: 0.00112, dyn_sta_cos_loss: 0.00104, total_cos_loss : 0.00107, 
valid loss: 1.6821, valid acc: 0.5176
epoch 111 summary: dyn_dyn_cos_loss: 0.00111, dyn_sta_cos_loss: 0.00104, total_cos_loss : 0.00107, 
epoch 112 summary: dyn_dyn_cos_loss: 0.00111, dyn_sta_cos_loss: 0.00104, total_cos_loss : 0.00107, 
epoch 113 summary: dyn_dyn_cos_loss: 0.00110, dyn_sta_cos_loss: 0.00104, total_cos_loss : 0.00107, 
epoch 114 summary: dyn_dyn_cos_loss: 0.00110, dyn_sta_cos_loss: 0.00104, total_cos_loss : 0.00106, 
epoch 115 summary: dyn_dyn_cos_loss: 0.00110, dyn_sta_cos_loss: 0.00104, total_cos_loss : 0.00106, 
epoch 116 summary: dyn_dyn_cos_loss: 0.00109, dyn_sta_cos_loss: 0.00104, total_cos_loss : 0.00106, 
epoch 117 summary: dyn_dyn_cos_loss: 0.00109, dyn_sta_cos_loss: 0.00104, total_cos_loss : 0.00106, 
epoch 118 summary: dyn_dyn_cos_loss: 0.00109, dyn_sta_cos_loss: 0.00104, total_cos_loss : 0.00106, 
epoch 119 summary: dyn_dyn_cos_loss: 0.00109, dyn_sta_cos_loss: 0.00104, total_cos_loss : 0.00106, 
epoch 120 summary: dyn_dyn_cos_loss: 0.00118, dyn_sta_cos_loss: 0.00104, total_cos_loss : 0.00109, 
valid loss: 1.7077, valid acc: 0.5156
epoch 121 summary: dyn_dyn_cos_loss: 0.00115, dyn_sta_cos_loss: 0.00104, total_cos_loss : 0.00109, 
epoch 122 summary: dyn_dyn_cos_loss: 0.00113, dyn_sta_cos_loss: 0.00104, total_cos_loss : 0.00108, 
epoch 123 summary: dyn_dyn_cos_loss: 0.00112, dyn_sta_cos_loss: 0.00104, total_cos_loss : 0.00107, 
epoch 124 summary: dyn_dyn_cos_loss: 0.00111, dyn_sta_cos_loss: 0.00104, total_cos_loss : 0.00107, 
epoch 125 summary: dyn_dyn_cos_loss: 0.00110, dyn_sta_cos_loss: 0.00104, total_cos_loss : 0.00106, 
epoch 126 summary: dyn_dyn_cos_loss: 0.00109, dyn_sta_cos_loss: 0.00104, total_cos_loss : 0.00106, 
epoch 127 summary: dyn_dyn_cos_loss: 0.00108, dyn_sta_cos_loss: 0.00104, total_cos_loss : 0.00106, 
epoch 128 summary: dyn_dyn_cos_loss: 0.00108, dyn_sta_cos_loss: 0.00104, total_cos_loss : 0.00106, 
epoch 129 summary: dyn_dyn_cos_loss: 0.00108, dyn_sta_cos_loss: 0.00104, total_cos_loss : 0.00105, 
epoch 130 summary: dyn_dyn_cos_loss: 0.00107, dyn_sta_cos_loss: 0.00104, total_cos_loss : 0.00105, 
valid loss: 1.6968, valid acc: 0.5215
epoch 131 summary: dyn_dyn_cos_loss: 0.00107, dyn_sta_cos_loss: 0.00104, total_cos_loss : 0.00105, 
epoch 132 summary: dyn_dyn_cos_loss: 0.00107, dyn_sta_cos_loss: 0.00104, total_cos_loss : 0.00105, 
epoch 133 summary: dyn_dyn_cos_loss: 0.00107, dyn_sta_cos_loss: 0.00104, total_cos_loss : 0.00105, 
epoch 134 summary: dyn_dyn_cos_loss: 0.00107, dyn_sta_cos_loss: 0.00104, total_cos_loss : 0.00105, 
epoch 135 summary: dyn_dyn_cos_loss: 0.00119, dyn_sta_cos_loss: 0.00104, total_cos_loss : 0.00110, 
epoch 136 summary: dyn_dyn_cos_loss: 0.00117, dyn_sta_cos_loss: 0.00104, total_cos_loss : 0.00109, 
epoch 137 summary: dyn_dyn_cos_loss: 0.00115, dyn_sta_cos_loss: 0.00104, total_cos_loss : 0.00108, 
epoch 138 summary: dyn_dyn_cos_loss: 0.00113, dyn_sta_cos_loss: 0.00104, total_cos_loss : 0.00108, 
epoch 139 summary: dyn_dyn_cos_loss: 0.00112, dyn_sta_cos_loss: 0.00104, total_cos_loss : 0.00107, 
epoch 140 summary: dyn_dyn_cos_loss: 0.00111, dyn_sta_cos_loss: 0.00104, total_cos_loss : 0.00107, 
valid loss: 1.6795, valid acc: 0.5215
epoch 141 summary: dyn_dyn_cos_loss: 0.00110, dyn_sta_cos_loss: 0.00104, total_cos_loss : 0.00107, 
epoch 142 summary: dyn_dyn_cos_loss: 0.00110, dyn_sta_cos_loss: 0.00104, total_cos_loss : 0.00106, 
epoch 143 summary: dyn_dyn_cos_loss: 0.00109, dyn_sta_cos_loss: 0.00104, total_cos_loss : 0.00106, 
epoch 144 summary: dyn_dyn_cos_loss: 0.00109, dyn_sta_cos_loss: 0.00104, total_cos_loss : 0.00106, 
epoch 145 summary: dyn_dyn_cos_loss: 0.00108, dyn_sta_cos_loss: 0.00104, total_cos_loss : 0.00106, 
epoch 146 summary: dyn_dyn_cos_loss: 0.00108, dyn_sta_cos_loss: 0.00104, total_cos_loss : 0.00106, 
epoch 147 summary: dyn_dyn_cos_loss: 0.00108, dyn_sta_cos_loss: 0.00104, total_cos_loss : 0.00105, 
epoch 148 summary: dyn_dyn_cos_loss: 0.00108, dyn_sta_cos_loss: 0.00104, total_cos_loss : 0.00105, 
epoch 149 summary: dyn_dyn_cos_loss: 0.00107, dyn_sta_cos_loss: 0.00104, total_cos_loss : 0.00105, 
epoch 150 summary: dyn_dyn_cos_loss: 0.00119, dyn_sta_cos_loss: 0.00104, total_cos_loss : 0.00110, 
valid loss: 1.6897, valid acc: 0.5273
epoch 151 summary: dyn_dyn_cos_loss: 0.00117, dyn_sta_cos_loss: 0.00104, total_cos_loss : 0.00109, 
epoch 152 summary: dyn_dyn_cos_loss: 0.00114, dyn_sta_cos_loss: 0.00104, total_cos_loss : 0.00108, 
epoch 153 summary: dyn_dyn_cos_loss: 0.00113, dyn_sta_cos_loss: 0.00104, total_cos_loss : 0.00108, 
epoch 154 summary: dyn_dyn_cos_loss: 0.00111, dyn_sta_cos_loss: 0.00105, total_cos_loss : 0.00107, 
epoch 155 summary: dyn_dyn_cos_loss: 0.00110, dyn_sta_cos_loss: 0.00104, total_cos_loss : 0.00107, 
epoch 156 summary: dyn_dyn_cos_loss: 0.00110, dyn_sta_cos_loss: 0.00104, total_cos_loss : 0.00106, 
epoch 157 summary: dyn_dyn_cos_loss: 0.00109, dyn_sta_cos_loss: 0.00104, total_cos_loss : 0.00106, 
epoch 158 summary: dyn_dyn_cos_loss: 0.00109, dyn_sta_cos_loss: 0.00104, total_cos_loss : 0.00106, 
epoch 159 summary: dyn_dyn_cos_loss: 0.00108, dyn_sta_cos_loss: 0.00104, total_cos_loss : 0.00106, 
epoch 160 summary: dyn_dyn_cos_loss: 0.00108, dyn_sta_cos_loss: 0.00104, total_cos_loss : 0.00106, 
valid loss: 1.6995, valid acc: 0.5117
epoch 161 summary: dyn_dyn_cos_loss: 0.00108, dyn_sta_cos_loss: 0.00104, total_cos_loss : 0.00106, 
epoch 162 summary: dyn_dyn_cos_loss: 0.00108, dyn_sta_cos_loss: 0.00104, total_cos_loss : 0.00106, 
epoch 163 summary: dyn_dyn_cos_loss: 0.00108, dyn_sta_cos_loss: 0.00104, total_cos_loss : 0.00105, 
epoch 164 summary: dyn_dyn_cos_loss: 0.00108, dyn_sta_cos_loss: 0.00104, total_cos_loss : 0.00105, 
epoch 165 summary: dyn_dyn_cos_loss: 0.00119, dyn_sta_cos_loss: 0.00104, total_cos_loss : 0.00110, 
epoch 166 summary: dyn_dyn_cos_loss: 0.00117, dyn_sta_cos_loss: 0.00104, total_cos_loss : 0.00109, 
epoch 167 summary: dyn_dyn_cos_loss: 0.00115, dyn_sta_cos_loss: 0.00104, total_cos_loss : 0.00108, 
epoch 168 summary: dyn_dyn_cos_loss: 0.00114, dyn_sta_cos_loss: 0.00104, total_cos_loss : 0.00108, 
epoch 169 summary: dyn_dyn_cos_loss: 0.00113, dyn_sta_cos_loss: 0.00104, total_cos_loss : 0.00107, 
epoch 170 summary: dyn_dyn_cos_loss: 0.00112, dyn_sta_cos_loss: 0.00104, total_cos_loss : 0.00107, 
valid loss: 1.7004, valid acc: 0.5137
epoch 171 summary: dyn_dyn_cos_loss: 0.00111, dyn_sta_cos_loss: 0.00104, total_cos_loss : 0.00107, 
epoch 172 summary: dyn_dyn_cos_loss: 0.00111, dyn_sta_cos_loss: 0.00104, total_cos_loss : 0.00106, 
epoch 173 summary: dyn_dyn_cos_loss: 0.00110, dyn_sta_cos_loss: 0.00104, total_cos_loss : 0.00106, 
epoch 174 summary: dyn_dyn_cos_loss: 0.00110, dyn_sta_cos_loss: 0.00103, total_cos_loss : 0.00106, 
epoch 175 summary: dyn_dyn_cos_loss: 0.00110, dyn_sta_cos_loss: 0.00104, total_cos_loss : 0.00106, 
epoch 176 summary: dyn_dyn_cos_loss: 0.00109, dyn_sta_cos_loss: 0.00103, total_cos_loss : 0.00106, 
epoch 177 summary: dyn_dyn_cos_loss: 0.00109, dyn_sta_cos_loss: 0.00103, total_cos_loss : 0.00106, 
epoch 178 summary: dyn_dyn_cos_loss: 0.00109, dyn_sta_cos_loss: 0.00103, total_cos_loss : 0.00106, 
epoch 179 summary: dyn_dyn_cos_loss: 0.00109, dyn_sta_cos_loss: 0.00103, total_cos_loss : 0.00106, 
epoch 180 summary: dyn_dyn_cos_loss: 0.00120, dyn_sta_cos_loss: 0.00103, total_cos_loss : 0.00110, 
valid loss: 1.7080, valid acc: 0.5215
epoch 181 summary: dyn_dyn_cos_loss: 0.00117, dyn_sta_cos_loss: 0.00103, total_cos_loss : 0.00109, 
epoch 182 summary: dyn_dyn_cos_loss: 0.00115, dyn_sta_cos_loss: 0.00104, total_cos_loss : 0.00108, 
epoch 183 summary: dyn_dyn_cos_loss: 0.00113, dyn_sta_cos_loss: 0.00104, total_cos_loss : 0.00107, 
epoch 184 summary: dyn_dyn_cos_loss: 0.00112, dyn_sta_cos_loss: 0.00104, total_cos_loss : 0.00107, 
epoch 185 summary: dyn_dyn_cos_loss: 0.00111, dyn_sta_cos_loss: 0.00104, total_cos_loss : 0.00107, 
epoch 186 summary: dyn_dyn_cos_loss: 0.00110, dyn_sta_cos_loss: 0.00104, total_cos_loss : 0.00106, 
epoch 187 summary: dyn_dyn_cos_loss: 0.00110, dyn_sta_cos_loss: 0.00104, total_cos_loss : 0.00106, 
epoch 188 summary: dyn_dyn_cos_loss: 0.00109, dyn_sta_cos_loss: 0.00103, total_cos_loss : 0.00106, 
epoch 189 summary: dyn_dyn_cos_loss: 0.00109, dyn_sta_cos_loss: 0.00103, total_cos_loss : 0.00106, 
epoch 190 summary: dyn_dyn_cos_loss: 0.00109, dyn_sta_cos_loss: 0.00103, total_cos_loss : 0.00105, 
valid loss: 1.6914, valid acc: 0.5293
epoch 191 summary: dyn_dyn_cos_loss: 0.00109, dyn_sta_cos_loss: 0.00103, total_cos_loss : 0.00105, 
epoch 192 summary: dyn_dyn_cos_loss: 0.00109, dyn_sta_cos_loss: 0.00103, total_cos_loss : 0.00105, 
epoch 193 summary: dyn_dyn_cos_loss: 0.00109, dyn_sta_cos_loss: 0.00103, total_cos_loss : 0.00105, 
epoch 194 summary: dyn_dyn_cos_loss: 0.00108, dyn_sta_cos_loss: 0.00103, total_cos_loss : 0.00105, 
epoch 195 summary: dyn_dyn_cos_loss: 0.00120, dyn_sta_cos_loss: 0.00103, total_cos_loss : 0.00110, 
epoch 196 summary: dyn_dyn_cos_loss: 0.00117, dyn_sta_cos_loss: 0.00104, total_cos_loss : 0.00109, 
epoch 197 summary: dyn_dyn_cos_loss: 0.00115, dyn_sta_cos_loss: 0.00104, total_cos_loss : 0.00108, 
epoch 198 summary: dyn_dyn_cos_loss: 0.00114, dyn_sta_cos_loss: 0.00104, total_cos_loss : 0.00108, 
epoch 199 summary: dyn_dyn_cos_loss: 0.00112, dyn_sta_cos_loss: 0.00104, total_cos_loss : 0.00107, 
valid loss: 1.6787, valid acc: 0.5234
all                          63811.906ms
all_epoch                    63710.715ms
all_preparation                101.167ms
all_preparation_2              100.020ms
all_preparation_3                1.128ms
epoch                          227.787ms
epoch_pos_train                  4.554ms
epoch_preparation                0.410ms
epoch_train                    218.735ms
epoch_valid                      2.501ms
----------------------------------------
all                          63811.906ms
  all_epoch             99.84%
  all_preparation        0.16%
all_preparation                101.167ms
  all_preparation_2     98.87%
  all_preparation_3      1.12%
epoch                        45557.361ms
  epoch_train           96.03%
  epoch_pos_train        2.00%
  epoch_valid            1.10%
  epoch_preparation      0.18%
