Before CTE Training: train eu loss: 1.0543208122253418, eval eu loss: 1.492782711982727
Before CTE Training: train eu acc: 0.659027099609375, eval eu acc: 0.560546875
epoch   0 summary: dyn_dyn_cos_loss: 0.02346, dyn_sta_cos_loss: 0.00709, total_cos_loss : 0.00709, vocab_cro_loss : 4.48728, 
train loss: 3.7122, train acc: 0.2018
epoch   1 summary: dyn_dyn_cos_loss: 0.00000, dyn_sta_cos_loss: 0.00000, total_cos_loss : 0.00000, vocab_cro_loss : 3.71195, 
epoch   2 summary: dyn_dyn_cos_loss: 0.00000, dyn_sta_cos_loss: 0.00000, total_cos_loss : 0.00000, vocab_cro_loss : 3.62915, 
epoch   3 summary: dyn_dyn_cos_loss: 0.00000, dyn_sta_cos_loss: 0.00000, total_cos_loss : 0.00000, vocab_cro_loss : 3.53636, 
epoch   4 summary: dyn_dyn_cos_loss: 0.02254, dyn_sta_cos_loss: 0.00613, total_cos_loss : 0.00613, vocab_cro_loss : 3.45910, 
epoch   5 summary: dyn_dyn_cos_loss: 0.00000, dyn_sta_cos_loss: 0.00000, total_cos_loss : 0.00000, vocab_cro_loss : 2.81664, 
epoch   6 summary: dyn_dyn_cos_loss: 0.00000, dyn_sta_cos_loss: 0.00000, total_cos_loss : 0.00000, vocab_cro_loss : 2.79503, 
epoch   7 summary: dyn_dyn_cos_loss: 0.00000, dyn_sta_cos_loss: 0.00000, total_cos_loss : 0.00000, vocab_cro_loss : 2.78036, 
epoch   8 summary: dyn_dyn_cos_loss: 0.02026, dyn_sta_cos_loss: 0.00498, total_cos_loss : 0.00498, vocab_cro_loss : 2.76775, 
epoch   9 summary: dyn_dyn_cos_loss: 0.00000, dyn_sta_cos_loss: 0.00000, total_cos_loss : 0.00000, vocab_cro_loss : 2.35908, 
epoch  10 summary: dyn_dyn_cos_loss: 0.00000, dyn_sta_cos_loss: 0.00000, total_cos_loss : 0.00000, vocab_cro_loss : 2.34622, 
train loss: 2.3376, train acc: 0.4554
epoch  11 summary: dyn_dyn_cos_loss: 0.00000, dyn_sta_cos_loss: 0.00000, total_cos_loss : 0.00000, vocab_cro_loss : 2.33759, 
epoch  12 summary: dyn_dyn_cos_loss: 0.01762, dyn_sta_cos_loss: 0.00415, total_cos_loss : 0.00415, vocab_cro_loss : 2.33128, 
epoch  13 summary: dyn_dyn_cos_loss: 0.00000, dyn_sta_cos_loss: 0.00000, total_cos_loss : 0.00000, vocab_cro_loss : 2.04320, 
epoch  14 summary: dyn_dyn_cos_loss: 0.00000, dyn_sta_cos_loss: 0.00000, total_cos_loss : 0.00000, vocab_cro_loss : 2.03906, 
epoch  15 summary: dyn_dyn_cos_loss: 0.00000, dyn_sta_cos_loss: 0.00000, total_cos_loss : 0.00000, vocab_cro_loss : 2.03588, 
epoch  16 summary: dyn_dyn_cos_loss: 0.01572, dyn_sta_cos_loss: 0.00366, total_cos_loss : 0.00366, vocab_cro_loss : 2.03179, 
epoch  17 summary: dyn_dyn_cos_loss: 0.00000, dyn_sta_cos_loss: 0.00000, total_cos_loss : 0.00000, vocab_cro_loss : 1.83974, 
epoch  18 summary: dyn_dyn_cos_loss: 0.00000, dyn_sta_cos_loss: 0.00000, total_cos_loss : 0.00000, vocab_cro_loss : 1.83438, 
epoch  19 summary: dyn_dyn_cos_loss: 0.00000, dyn_sta_cos_loss: 0.00000, total_cos_loss : 0.00000, vocab_cro_loss : 1.83194, 
epoch  20 summary: dyn_dyn_cos_loss: 0.01448, dyn_sta_cos_loss: 0.00330, total_cos_loss : 0.00330, vocab_cro_loss : 1.82987, 
train loss: 1.7090, train acc: 0.5678
epoch  21 summary: dyn_dyn_cos_loss: 0.00000, dyn_sta_cos_loss: 0.00000, total_cos_loss : 0.00000, vocab_cro_loss : 1.70897, 
epoch  22 summary: dyn_dyn_cos_loss: 0.00000, dyn_sta_cos_loss: 0.00000, total_cos_loss : 0.00000, vocab_cro_loss : 1.70452, 
epoch  23 summary: dyn_dyn_cos_loss: 0.00000, dyn_sta_cos_loss: 0.00000, total_cos_loss : 0.00000, vocab_cro_loss : 1.70116, 
epoch  24 summary: dyn_dyn_cos_loss: 0.01347, dyn_sta_cos_loss: 0.00305, total_cos_loss : 0.00305, vocab_cro_loss : 1.69702, 
epoch  25 summary: dyn_dyn_cos_loss: 0.00000, dyn_sta_cos_loss: 0.00000, total_cos_loss : 0.00000, vocab_cro_loss : 1.61976, 
epoch  26 summary: dyn_dyn_cos_loss: 0.00000, dyn_sta_cos_loss: 0.00000, total_cos_loss : 0.00000, vocab_cro_loss : 1.61332, 
epoch  27 summary: dyn_dyn_cos_loss: 0.00000, dyn_sta_cos_loss: 0.00000, total_cos_loss : 0.00000, vocab_cro_loss : 1.60814, 
epoch  28 summary: dyn_dyn_cos_loss: 0.01265, dyn_sta_cos_loss: 0.00284, total_cos_loss : 0.00284, vocab_cro_loss : 1.60442, 
epoch  29 summary: dyn_dyn_cos_loss: 0.00000, dyn_sta_cos_loss: 0.00000, total_cos_loss : 0.00000, vocab_cro_loss : 1.55170, 
epoch  30 summary: dyn_dyn_cos_loss: 0.00000, dyn_sta_cos_loss: 0.00000, total_cos_loss : 0.00000, vocab_cro_loss : 1.54428, 
train loss: 1.5428, train acc: 0.5910
epoch  31 summary: dyn_dyn_cos_loss: 0.00000, dyn_sta_cos_loss: 0.00000, total_cos_loss : 0.00000, vocab_cro_loss : 1.54282, 
epoch  32 summary: dyn_dyn_cos_loss: 0.01193, dyn_sta_cos_loss: 0.00268, total_cos_loss : 0.00268, vocab_cro_loss : 1.53832, 
epoch  33 summary: dyn_dyn_cos_loss: 0.00000, dyn_sta_cos_loss: 0.00000, total_cos_loss : 0.00000, vocab_cro_loss : 1.50931, 
epoch  34 summary: dyn_dyn_cos_loss: 0.00000, dyn_sta_cos_loss: 0.00000, total_cos_loss : 0.00000, vocab_cro_loss : 1.50463, 
epoch  35 summary: dyn_dyn_cos_loss: 0.00000, dyn_sta_cos_loss: 0.00000, total_cos_loss : 0.00000, vocab_cro_loss : 1.49911, 
epoch  36 summary: dyn_dyn_cos_loss: 0.01138, dyn_sta_cos_loss: 0.00255, total_cos_loss : 0.00255, vocab_cro_loss : 1.49302, 
epoch  37 summary: dyn_dyn_cos_loss: 0.00000, dyn_sta_cos_loss: 0.00000, total_cos_loss : 0.00000, vocab_cro_loss : 1.47440, 
epoch  38 summary: dyn_dyn_cos_loss: 0.00000, dyn_sta_cos_loss: 0.00000, total_cos_loss : 0.00000, vocab_cro_loss : 1.46609, 
epoch  39 summary: dyn_dyn_cos_loss: 0.00000, dyn_sta_cos_loss: 0.00000, total_cos_loss : 0.00000, vocab_cro_loss : 1.46240, 
epoch  40 summary: dyn_dyn_cos_loss: 0.01093, dyn_sta_cos_loss: 0.00244, total_cos_loss : 0.00244, vocab_cro_loss : 1.45918, 
train loss: 1.4555, train acc: 0.6082
epoch  41 summary: dyn_dyn_cos_loss: 0.00000, dyn_sta_cos_loss: 0.00000, total_cos_loss : 0.00000, vocab_cro_loss : 1.45549, 
epoch  42 summary: dyn_dyn_cos_loss: 0.00000, dyn_sta_cos_loss: 0.00000, total_cos_loss : 0.00000, vocab_cro_loss : 1.44828, 
epoch  43 summary: dyn_dyn_cos_loss: 0.00000, dyn_sta_cos_loss: 0.00000, total_cos_loss : 0.00000, vocab_cro_loss : 1.44634, 
epoch  44 summary: dyn_dyn_cos_loss: 0.01061, dyn_sta_cos_loss: 0.00234, total_cos_loss : 0.00234, vocab_cro_loss : 1.44029, 
epoch  45 summary: dyn_dyn_cos_loss: 0.00000, dyn_sta_cos_loss: 0.00000, total_cos_loss : 0.00000, vocab_cro_loss : 1.42765, 
epoch  46 summary: dyn_dyn_cos_loss: 0.00000, dyn_sta_cos_loss: 0.00000, total_cos_loss : 0.00000, vocab_cro_loss : 1.42074, 
epoch  47 summary: dyn_dyn_cos_loss: 0.00000, dyn_sta_cos_loss: 0.00000, total_cos_loss : 0.00000, vocab_cro_loss : 1.41692, 
epoch  48 summary: dyn_dyn_cos_loss: 0.01031, dyn_sta_cos_loss: 0.00231, total_cos_loss : 0.00231, vocab_cro_loss : 1.41091, 
epoch  49 summary: dyn_dyn_cos_loss: 0.00000, dyn_sta_cos_loss: 0.00000, total_cos_loss : 0.00000, vocab_cro_loss : 1.41188, 
epoch  50 summary: dyn_dyn_cos_loss: 0.00000, dyn_sta_cos_loss: 0.00000, total_cos_loss : 0.00000, vocab_cro_loss : 1.40577, 
train loss: 1.3963, train acc: 0.6126
epoch  51 summary: dyn_dyn_cos_loss: 0.00000, dyn_sta_cos_loss: 0.00000, total_cos_loss : 0.00000, vocab_cro_loss : 1.39631, 
epoch  52 summary: dyn_dyn_cos_loss: 0.01011, dyn_sta_cos_loss: 0.00225, total_cos_loss : 0.00225, vocab_cro_loss : 1.39326, 
epoch  53 summary: dyn_dyn_cos_loss: 0.00000, dyn_sta_cos_loss: 0.00000, total_cos_loss : 0.00000, vocab_cro_loss : 1.39858, 
epoch  54 summary: dyn_dyn_cos_loss: 0.00000, dyn_sta_cos_loss: 0.00000, total_cos_loss : 0.00000, vocab_cro_loss : 1.39147, 
epoch  55 summary: dyn_dyn_cos_loss: 0.00000, dyn_sta_cos_loss: 0.00000, total_cos_loss : 0.00000, vocab_cro_loss : 1.38452, 
epoch  56 summary: dyn_dyn_cos_loss: 0.00988, dyn_sta_cos_loss: 0.00219, total_cos_loss : 0.00219, vocab_cro_loss : 1.37995, 
epoch  57 summary: dyn_dyn_cos_loss: 0.00000, dyn_sta_cos_loss: 0.00000, total_cos_loss : 0.00000, vocab_cro_loss : 1.38935, 
epoch  58 summary: dyn_dyn_cos_loss: 0.00000, dyn_sta_cos_loss: 0.00000, total_cos_loss : 0.00000, vocab_cro_loss : 1.38465, 
epoch  59 summary: dyn_dyn_cos_loss: 0.00000, dyn_sta_cos_loss: 0.00000, total_cos_loss : 0.00000, vocab_cro_loss : 1.37257, 
epoch  60 summary: dyn_dyn_cos_loss: 0.00966, dyn_sta_cos_loss: 0.00214, total_cos_loss : 0.00214, vocab_cro_loss : 1.36947, 
train loss: 1.3843, train acc: 0.6153
epoch  61 summary: dyn_dyn_cos_loss: 0.00000, dyn_sta_cos_loss: 0.00000, total_cos_loss : 0.00000, vocab_cro_loss : 1.38431, 
epoch  62 summary: dyn_dyn_cos_loss: 0.00000, dyn_sta_cos_loss: 0.00000, total_cos_loss : 0.00000, vocab_cro_loss : 1.37665, 
epoch  63 summary: dyn_dyn_cos_loss: 0.00000, dyn_sta_cos_loss: 0.00000, total_cos_loss : 0.00000, vocab_cro_loss : 1.37120, 
epoch  64 summary: dyn_dyn_cos_loss: 0.00944, dyn_sta_cos_loss: 0.00211, total_cos_loss : 0.00211, vocab_cro_loss : 1.36726, 
epoch  65 summary: dyn_dyn_cos_loss: 0.00000, dyn_sta_cos_loss: 0.00000, total_cos_loss : 0.00000, vocab_cro_loss : 1.38048, 
epoch  66 summary: dyn_dyn_cos_loss: 0.00000, dyn_sta_cos_loss: 0.00000, total_cos_loss : 0.00000, vocab_cro_loss : 1.37430, 
epoch  67 summary: dyn_dyn_cos_loss: 0.00000, dyn_sta_cos_loss: 0.00000, total_cos_loss : 0.00000, vocab_cro_loss : 1.37081, 
epoch  68 summary: dyn_dyn_cos_loss: 0.00926, dyn_sta_cos_loss: 0.00207, total_cos_loss : 0.00207, vocab_cro_loss : 1.36679, 
epoch  69 summary: dyn_dyn_cos_loss: 0.00000, dyn_sta_cos_loss: 0.00000, total_cos_loss : 0.00000, vocab_cro_loss : 1.36610, 
epoch  70 summary: dyn_dyn_cos_loss: 0.00000, dyn_sta_cos_loss: 0.00000, total_cos_loss : 0.00000, vocab_cro_loss : 1.35486, 
train loss: 1.3496, train acc: 0.6183
epoch  71 summary: dyn_dyn_cos_loss: 0.00000, dyn_sta_cos_loss: 0.00000, total_cos_loss : 0.00000, vocab_cro_loss : 1.34957, 
epoch  72 summary: dyn_dyn_cos_loss: 0.00908, dyn_sta_cos_loss: 0.00206, total_cos_loss : 0.00206, vocab_cro_loss : 1.34690, 
epoch  73 summary: dyn_dyn_cos_loss: 0.00000, dyn_sta_cos_loss: 0.00000, total_cos_loss : 0.00000, vocab_cro_loss : 1.36306, 
epoch  74 summary: dyn_dyn_cos_loss: 0.00000, dyn_sta_cos_loss: 0.00000, total_cos_loss : 0.00000, vocab_cro_loss : 1.35489, 
epoch  75 summary: dyn_dyn_cos_loss: 0.00000, dyn_sta_cos_loss: 0.00000, total_cos_loss : 0.00000, vocab_cro_loss : 1.34712, 
epoch  76 summary: dyn_dyn_cos_loss: 0.00895, dyn_sta_cos_loss: 0.00203, total_cos_loss : 0.00203, vocab_cro_loss : 1.34405, 
epoch  77 summary: dyn_dyn_cos_loss: 0.00000, dyn_sta_cos_loss: 0.00000, total_cos_loss : 0.00000, vocab_cro_loss : 1.36266, 
epoch  78 summary: dyn_dyn_cos_loss: 0.00000, dyn_sta_cos_loss: 0.00000, total_cos_loss : 0.00000, vocab_cro_loss : 1.35585, 
epoch  79 summary: dyn_dyn_cos_loss: 0.00000, dyn_sta_cos_loss: 0.00000, total_cos_loss : 0.00000, vocab_cro_loss : 1.34703, 
epoch  80 summary: dyn_dyn_cos_loss: 0.00883, dyn_sta_cos_loss: 0.00204, total_cos_loss : 0.00204, vocab_cro_loss : 1.34346, 
train loss: 1.3587, train acc: 0.6178
epoch  81 summary: dyn_dyn_cos_loss: 0.00000, dyn_sta_cos_loss: 0.00000, total_cos_loss : 0.00000, vocab_cro_loss : 1.35863, 
epoch  82 summary: dyn_dyn_cos_loss: 0.00000, dyn_sta_cos_loss: 0.00000, total_cos_loss : 0.00000, vocab_cro_loss : 1.34761, 
epoch  83 summary: dyn_dyn_cos_loss: 0.00000, dyn_sta_cos_loss: 0.00000, total_cos_loss : 0.00000, vocab_cro_loss : 1.34213, 
epoch  84 summary: dyn_dyn_cos_loss: 0.00877, dyn_sta_cos_loss: 0.00201, total_cos_loss : 0.00201, vocab_cro_loss : 1.33737, 
epoch  85 summary: dyn_dyn_cos_loss: 0.00000, dyn_sta_cos_loss: 0.00000, total_cos_loss : 0.00000, vocab_cro_loss : 1.35248, 
epoch  86 summary: dyn_dyn_cos_loss: 0.00000, dyn_sta_cos_loss: 0.00000, total_cos_loss : 0.00000, vocab_cro_loss : 1.33969, 
epoch  87 summary: dyn_dyn_cos_loss: 0.00000, dyn_sta_cos_loss: 0.00000, total_cos_loss : 0.00000, vocab_cro_loss : 1.33608, 
epoch  88 summary: dyn_dyn_cos_loss: 0.00872, dyn_sta_cos_loss: 0.00200, total_cos_loss : 0.00200, vocab_cro_loss : 1.33010, 
epoch  89 summary: dyn_dyn_cos_loss: 0.00000, dyn_sta_cos_loss: 0.00000, total_cos_loss : 0.00000, vocab_cro_loss : 1.35189, 
epoch  90 summary: dyn_dyn_cos_loss: 0.00000, dyn_sta_cos_loss: 0.00000, total_cos_loss : 0.00000, vocab_cro_loss : 1.33889, 
train loss: 1.3368, train acc: 0.6176
epoch  91 summary: dyn_dyn_cos_loss: 0.00000, dyn_sta_cos_loss: 0.00000, total_cos_loss : 0.00000, vocab_cro_loss : 1.33680, 
epoch  92 summary: dyn_dyn_cos_loss: 0.00865, dyn_sta_cos_loss: 0.00198, total_cos_loss : 0.00198, vocab_cro_loss : 1.33397, 
epoch  93 summary: dyn_dyn_cos_loss: 0.00000, dyn_sta_cos_loss: 0.00000, total_cos_loss : 0.00000, vocab_cro_loss : 1.34484, 
epoch  94 summary: dyn_dyn_cos_loss: 0.00000, dyn_sta_cos_loss: 0.00000, total_cos_loss : 0.00000, vocab_cro_loss : 1.34060, 
epoch  95 summary: dyn_dyn_cos_loss: 0.00000, dyn_sta_cos_loss: 0.00000, total_cos_loss : 0.00000, vocab_cro_loss : 1.32955, 
epoch  96 summary: dyn_dyn_cos_loss: 0.00856, dyn_sta_cos_loss: 0.00197, total_cos_loss : 0.00197, vocab_cro_loss : 1.32644, 
epoch  97 summary: dyn_dyn_cos_loss: 0.00000, dyn_sta_cos_loss: 0.00000, total_cos_loss : 0.00000, vocab_cro_loss : 1.34742, 
epoch  98 summary: dyn_dyn_cos_loss: 0.00000, dyn_sta_cos_loss: 0.00000, total_cos_loss : 0.00000, vocab_cro_loss : 1.33527, 
epoch  99 summary: dyn_dyn_cos_loss: 0.00000, dyn_sta_cos_loss: 0.00000, total_cos_loss : 0.00000, vocab_cro_loss : 1.32729, 
epoch 100 summary: dyn_dyn_cos_loss: 0.00848, dyn_sta_cos_loss: 0.00197, total_cos_loss : 0.00197, vocab_cro_loss : 1.32194, 
train loss: 1.3475, train acc: 0.6194
epoch 101 summary: dyn_dyn_cos_loss: 0.00000, dyn_sta_cos_loss: 0.00000, total_cos_loss : 0.00000, vocab_cro_loss : 1.34743, 
epoch 102 summary: dyn_dyn_cos_loss: 0.00000, dyn_sta_cos_loss: 0.00000, total_cos_loss : 0.00000, vocab_cro_loss : 1.33620, 
epoch 103 summary: dyn_dyn_cos_loss: 0.00000, dyn_sta_cos_loss: 0.00000, total_cos_loss : 0.00000, vocab_cro_loss : 1.32764, 
epoch 104 summary: dyn_dyn_cos_loss: 0.00845, dyn_sta_cos_loss: 0.00195, total_cos_loss : 0.00195, vocab_cro_loss : 1.32403, 
epoch 105 summary: dyn_dyn_cos_loss: 0.00000, dyn_sta_cos_loss: 0.00000, total_cos_loss : 0.00000, vocab_cro_loss : 1.34102, 
epoch 106 summary: dyn_dyn_cos_loss: 0.00000, dyn_sta_cos_loss: 0.00000, total_cos_loss : 0.00000, vocab_cro_loss : 1.33448, 
epoch 107 summary: dyn_dyn_cos_loss: 0.00000, dyn_sta_cos_loss: 0.00000, total_cos_loss : 0.00000, vocab_cro_loss : 1.32679, 
epoch 108 summary: dyn_dyn_cos_loss: 0.00841, dyn_sta_cos_loss: 0.00195, total_cos_loss : 0.00195, vocab_cro_loss : 1.31881, 
epoch 109 summary: dyn_dyn_cos_loss: 0.00000, dyn_sta_cos_loss: 0.00000, total_cos_loss : 0.00000, vocab_cro_loss : 1.33691, 
epoch 110 summary: dyn_dyn_cos_loss: 0.00000, dyn_sta_cos_loss: 0.00000, total_cos_loss : 0.00000, vocab_cro_loss : 1.32705, 
train loss: 1.3217, train acc: 0.6207
epoch 111 summary: dyn_dyn_cos_loss: 0.00000, dyn_sta_cos_loss: 0.00000, total_cos_loss : 0.00000, vocab_cro_loss : 1.32172, 
epoch 112 summary: dyn_dyn_cos_loss: 0.00839, dyn_sta_cos_loss: 0.00194, total_cos_loss : 0.00194, vocab_cro_loss : 1.31767, 
epoch 113 summary: dyn_dyn_cos_loss: 0.00000, dyn_sta_cos_loss: 0.00000, total_cos_loss : 0.00000, vocab_cro_loss : 1.33903, 
epoch 114 summary: dyn_dyn_cos_loss: 0.00000, dyn_sta_cos_loss: 0.00000, total_cos_loss : 0.00000, vocab_cro_loss : 1.33251, 
epoch 115 summary: dyn_dyn_cos_loss: 0.00000, dyn_sta_cos_loss: 0.00000, total_cos_loss : 0.00000, vocab_cro_loss : 1.32160, 
epoch 116 summary: dyn_dyn_cos_loss: 0.00836, dyn_sta_cos_loss: 0.00193, total_cos_loss : 0.00193, vocab_cro_loss : 1.31154, 
epoch 117 summary: dyn_dyn_cos_loss: 0.00000, dyn_sta_cos_loss: 0.00000, total_cos_loss : 0.00000, vocab_cro_loss : 1.33345, 
epoch 118 summary: dyn_dyn_cos_loss: 0.00000, dyn_sta_cos_loss: 0.00000, total_cos_loss : 0.00000, vocab_cro_loss : 1.32527, 
epoch 119 summary: dyn_dyn_cos_loss: 0.00000, dyn_sta_cos_loss: 0.00000, total_cos_loss : 0.00000, vocab_cro_loss : 1.31960, 
epoch 120 summary: dyn_dyn_cos_loss: 0.00830, dyn_sta_cos_loss: 0.00189, total_cos_loss : 0.00189, vocab_cro_loss : 1.31611, 
train loss: 1.3358, train acc: 0.6194
epoch 121 summary: dyn_dyn_cos_loss: 0.00000, dyn_sta_cos_loss: 0.00000, total_cos_loss : 0.00000, vocab_cro_loss : 1.33581, 
epoch 122 summary: dyn_dyn_cos_loss: 0.00000, dyn_sta_cos_loss: 0.00000, total_cos_loss : 0.00000, vocab_cro_loss : 1.32542, 
epoch 123 summary: dyn_dyn_cos_loss: 0.00000, dyn_sta_cos_loss: 0.00000, total_cos_loss : 0.00000, vocab_cro_loss : 1.31769, 
epoch 124 summary: dyn_dyn_cos_loss: 0.00824, dyn_sta_cos_loss: 0.00192, total_cos_loss : 0.00192, vocab_cro_loss : 1.31011, 
epoch 125 summary: dyn_dyn_cos_loss: 0.00000, dyn_sta_cos_loss: 0.00000, total_cos_loss : 0.00000, vocab_cro_loss : 1.32911, 
epoch 126 summary: dyn_dyn_cos_loss: 0.00000, dyn_sta_cos_loss: 0.00000, total_cos_loss : 0.00000, vocab_cro_loss : 1.32597, 
epoch 127 summary: dyn_dyn_cos_loss: 0.00000, dyn_sta_cos_loss: 0.00000, total_cos_loss : 0.00000, vocab_cro_loss : 1.31842, 
epoch 128 summary: dyn_dyn_cos_loss: 0.00823, dyn_sta_cos_loss: 0.00188, total_cos_loss : 0.00188, vocab_cro_loss : 1.31494, 
epoch 129 summary: dyn_dyn_cos_loss: 0.00000, dyn_sta_cos_loss: 0.00000, total_cos_loss : 0.00000, vocab_cro_loss : 1.32866, 
epoch 130 summary: dyn_dyn_cos_loss: 0.00000, dyn_sta_cos_loss: 0.00000, total_cos_loss : 0.00000, vocab_cro_loss : 1.32125, 
train loss: 1.3184, train acc: 0.6213
epoch 131 summary: dyn_dyn_cos_loss: 0.00000, dyn_sta_cos_loss: 0.00000, total_cos_loss : 0.00000, vocab_cro_loss : 1.31838, 
epoch 132 summary: dyn_dyn_cos_loss: 0.00818, dyn_sta_cos_loss: 0.00187, total_cos_loss : 0.00187, vocab_cro_loss : 1.31531, 
epoch 133 summary: dyn_dyn_cos_loss: 0.00000, dyn_sta_cos_loss: 0.00000, total_cos_loss : 0.00000, vocab_cro_loss : 1.33284, 
epoch 134 summary: dyn_dyn_cos_loss: 0.00000, dyn_sta_cos_loss: 0.00000, total_cos_loss : 0.00000, vocab_cro_loss : 1.32258, 
epoch 135 summary: dyn_dyn_cos_loss: 0.00000, dyn_sta_cos_loss: 0.00000, total_cos_loss : 0.00000, vocab_cro_loss : 1.31427, 
epoch 136 summary: dyn_dyn_cos_loss: 0.00814, dyn_sta_cos_loss: 0.00188, total_cos_loss : 0.00188, vocab_cro_loss : 1.30947, 
epoch 137 summary: dyn_dyn_cos_loss: 0.00000, dyn_sta_cos_loss: 0.00000, total_cos_loss : 0.00000, vocab_cro_loss : 1.32555, 
epoch 138 summary: dyn_dyn_cos_loss: 0.00000, dyn_sta_cos_loss: 0.00000, total_cos_loss : 0.00000, vocab_cro_loss : 1.31560, 
epoch 139 summary: dyn_dyn_cos_loss: 0.00000, dyn_sta_cos_loss: 0.00000, total_cos_loss : 0.00000, vocab_cro_loss : 1.31226, 
epoch 140 summary: dyn_dyn_cos_loss: 0.00813, dyn_sta_cos_loss: 0.00186, total_cos_loss : 0.00186, vocab_cro_loss : 1.30993, 
train loss: 1.3216, train acc: 0.6201
epoch 141 summary: dyn_dyn_cos_loss: 0.00000, dyn_sta_cos_loss: 0.00000, total_cos_loss : 0.00000, vocab_cro_loss : 1.32154, 
epoch 142 summary: dyn_dyn_cos_loss: 0.00000, dyn_sta_cos_loss: 0.00000, total_cos_loss : 0.00000, vocab_cro_loss : 1.31539, 
epoch 143 summary: dyn_dyn_cos_loss: 0.00000, dyn_sta_cos_loss: 0.00000, total_cos_loss : 0.00000, vocab_cro_loss : 1.31235, 
epoch 144 summary: dyn_dyn_cos_loss: 0.00809, dyn_sta_cos_loss: 0.00187, total_cos_loss : 0.00187, vocab_cro_loss : 1.30951, 
epoch 145 summary: dyn_dyn_cos_loss: 0.00000, dyn_sta_cos_loss: 0.00000, total_cos_loss : 0.00000, vocab_cro_loss : 1.32805, 
epoch 146 summary: dyn_dyn_cos_loss: 0.00000, dyn_sta_cos_loss: 0.00000, total_cos_loss : 0.00000, vocab_cro_loss : 1.31661, 
epoch 147 summary: dyn_dyn_cos_loss: 0.00000, dyn_sta_cos_loss: 0.00000, total_cos_loss : 0.00000, vocab_cro_loss : 1.31177, 
epoch 148 summary: dyn_dyn_cos_loss: 0.00806, dyn_sta_cos_loss: 0.00185, total_cos_loss : 0.00185, vocab_cro_loss : 1.30992, 
epoch 149 summary: dyn_dyn_cos_loss: 0.00000, dyn_sta_cos_loss: 0.00000, total_cos_loss : 0.00000, vocab_cro_loss : 1.32778, 
epoch 150 summary: dyn_dyn_cos_loss: 0.00000, dyn_sta_cos_loss: 0.00000, total_cos_loss : 0.00000, vocab_cro_loss : 1.31678, 
train loss: 1.3126, train acc: 0.6202
epoch 151 summary: dyn_dyn_cos_loss: 0.00000, dyn_sta_cos_loss: 0.00000, total_cos_loss : 0.00000, vocab_cro_loss : 1.31259, 
epoch 152 summary: dyn_dyn_cos_loss: 0.00802, dyn_sta_cos_loss: 0.00186, total_cos_loss : 0.00186, vocab_cro_loss : 1.30536, 
epoch 153 summary: dyn_dyn_cos_loss: 0.00000, dyn_sta_cos_loss: 0.00000, total_cos_loss : 0.00000, vocab_cro_loss : 1.31962, 
epoch 154 summary: dyn_dyn_cos_loss: 0.00000, dyn_sta_cos_loss: 0.00000, total_cos_loss : 0.00000, vocab_cro_loss : 1.31451, 
epoch 155 summary: dyn_dyn_cos_loss: 0.00000, dyn_sta_cos_loss: 0.00000, total_cos_loss : 0.00000, vocab_cro_loss : 1.30596, 
epoch 156 summary: dyn_dyn_cos_loss: 0.00801, dyn_sta_cos_loss: 0.00187, total_cos_loss : 0.00187, vocab_cro_loss : 1.30042, 
epoch 157 summary: dyn_dyn_cos_loss: 0.00000, dyn_sta_cos_loss: 0.00000, total_cos_loss : 0.00000, vocab_cro_loss : 1.32147, 
epoch 158 summary: dyn_dyn_cos_loss: 0.00000, dyn_sta_cos_loss: 0.00000, total_cos_loss : 0.00000, vocab_cro_loss : 1.31516, 
epoch 159 summary: dyn_dyn_cos_loss: 0.00000, dyn_sta_cos_loss: 0.00000, total_cos_loss : 0.00000, vocab_cro_loss : 1.30848, 
epoch 160 summary: dyn_dyn_cos_loss: 0.00801, dyn_sta_cos_loss: 0.00185, total_cos_loss : 0.00185, vocab_cro_loss : 1.30624, 
train loss: 1.3213, train acc: 0.6186
epoch 161 summary: dyn_dyn_cos_loss: 0.00000, dyn_sta_cos_loss: 0.00000, total_cos_loss : 0.00000, vocab_cro_loss : 1.32123, 
epoch 162 summary: dyn_dyn_cos_loss: 0.00000, dyn_sta_cos_loss: 0.00000, total_cos_loss : 0.00000, vocab_cro_loss : 1.31317, 
epoch 163 summary: dyn_dyn_cos_loss: 0.00000, dyn_sta_cos_loss: 0.00000, total_cos_loss : 0.00000, vocab_cro_loss : 1.31054, 
epoch 164 summary: dyn_dyn_cos_loss: 0.00798, dyn_sta_cos_loss: 0.00184, total_cos_loss : 0.00184, vocab_cro_loss : 1.30553, 
epoch 165 summary: dyn_dyn_cos_loss: 0.00000, dyn_sta_cos_loss: 0.00000, total_cos_loss : 0.00000, vocab_cro_loss : 1.32488, 
epoch 166 summary: dyn_dyn_cos_loss: 0.00000, dyn_sta_cos_loss: 0.00000, total_cos_loss : 0.00000, vocab_cro_loss : 1.31779, 
epoch 167 summary: dyn_dyn_cos_loss: 0.00000, dyn_sta_cos_loss: 0.00000, total_cos_loss : 0.00000, vocab_cro_loss : 1.30768, 
epoch 168 summary: dyn_dyn_cos_loss: 0.00798, dyn_sta_cos_loss: 0.00184, total_cos_loss : 0.00184, vocab_cro_loss : 1.30259, 
epoch 169 summary: dyn_dyn_cos_loss: 0.00000, dyn_sta_cos_loss: 0.00000, total_cos_loss : 0.00000, vocab_cro_loss : 1.31236, 
epoch 170 summary: dyn_dyn_cos_loss: 0.00000, dyn_sta_cos_loss: 0.00000, total_cos_loss : 0.00000, vocab_cro_loss : 1.30789, 
train loss: 1.3028, train acc: 0.6227
epoch 171 summary: dyn_dyn_cos_loss: 0.00000, dyn_sta_cos_loss: 0.00000, total_cos_loss : 0.00000, vocab_cro_loss : 1.30280, 
epoch 172 summary: dyn_dyn_cos_loss: 0.00794, dyn_sta_cos_loss: 0.00184, total_cos_loss : 0.00184, vocab_cro_loss : 1.30186, 
epoch 173 summary: dyn_dyn_cos_loss: 0.00000, dyn_sta_cos_loss: 0.00000, total_cos_loss : 0.00000, vocab_cro_loss : 1.31974, 
epoch 174 summary: dyn_dyn_cos_loss: 0.00000, dyn_sta_cos_loss: 0.00000, total_cos_loss : 0.00000, vocab_cro_loss : 1.30992, 
epoch 175 summary: dyn_dyn_cos_loss: 0.00000, dyn_sta_cos_loss: 0.00000, total_cos_loss : 0.00000, vocab_cro_loss : 1.30182, 
epoch 176 summary: dyn_dyn_cos_loss: 0.00792, dyn_sta_cos_loss: 0.00184, total_cos_loss : 0.00184, vocab_cro_loss : 1.29796, 
epoch 177 summary: dyn_dyn_cos_loss: 0.00000, dyn_sta_cos_loss: 0.00000, total_cos_loss : 0.00000, vocab_cro_loss : 1.31675, 
epoch 178 summary: dyn_dyn_cos_loss: 0.00000, dyn_sta_cos_loss: 0.00000, total_cos_loss : 0.00000, vocab_cro_loss : 1.31124, 
epoch 179 summary: dyn_dyn_cos_loss: 0.00000, dyn_sta_cos_loss: 0.00000, total_cos_loss : 0.00000, vocab_cro_loss : 1.30750, 
epoch 180 summary: dyn_dyn_cos_loss: 0.00789, dyn_sta_cos_loss: 0.00184, total_cos_loss : 0.00184, vocab_cro_loss : 1.30028, 
train loss: 1.3108, train acc: 0.6232
epoch 181 summary: dyn_dyn_cos_loss: 0.00000, dyn_sta_cos_loss: 0.00000, total_cos_loss : 0.00000, vocab_cro_loss : 1.31080, 
epoch 182 summary: dyn_dyn_cos_loss: 0.00000, dyn_sta_cos_loss: 0.00000, total_cos_loss : 0.00000, vocab_cro_loss : 1.30285, 
epoch 183 summary: dyn_dyn_cos_loss: 0.00000, dyn_sta_cos_loss: 0.00000, total_cos_loss : 0.00000, vocab_cro_loss : 1.29857, 
epoch 184 summary: dyn_dyn_cos_loss: 0.00787, dyn_sta_cos_loss: 0.00184, total_cos_loss : 0.00184, vocab_cro_loss : 1.29522, 
epoch 185 summary: dyn_dyn_cos_loss: 0.00000, dyn_sta_cos_loss: 0.00000, total_cos_loss : 0.00000, vocab_cro_loss : 1.31794, 
epoch 186 summary: dyn_dyn_cos_loss: 0.00000, dyn_sta_cos_loss: 0.00000, total_cos_loss : 0.00000, vocab_cro_loss : 1.30693, 
epoch 187 summary: dyn_dyn_cos_loss: 0.00000, dyn_sta_cos_loss: 0.00000, total_cos_loss : 0.00000, vocab_cro_loss : 1.30118, 
epoch 188 summary: dyn_dyn_cos_loss: 0.00786, dyn_sta_cos_loss: 0.00183, total_cos_loss : 0.00183, vocab_cro_loss : 1.29710, 
epoch 189 summary: dyn_dyn_cos_loss: 0.00000, dyn_sta_cos_loss: 0.00000, total_cos_loss : 0.00000, vocab_cro_loss : 1.31715, 
epoch 190 summary: dyn_dyn_cos_loss: 0.00000, dyn_sta_cos_loss: 0.00000, total_cos_loss : 0.00000, vocab_cro_loss : 1.31305, 
train loss: 1.3078, train acc: 0.6232
epoch 191 summary: dyn_dyn_cos_loss: 0.00000, dyn_sta_cos_loss: 0.00000, total_cos_loss : 0.00000, vocab_cro_loss : 1.30782, 
epoch 192 summary: dyn_dyn_cos_loss: 0.00783, dyn_sta_cos_loss: 0.00181, total_cos_loss : 0.00181, vocab_cro_loss : 1.30348, 
epoch 193 summary: dyn_dyn_cos_loss: 0.00000, dyn_sta_cos_loss: 0.00000, total_cos_loss : 0.00000, vocab_cro_loss : 1.31622, 
epoch 194 summary: dyn_dyn_cos_loss: 0.00000, dyn_sta_cos_loss: 0.00000, total_cos_loss : 0.00000, vocab_cro_loss : 1.30798, 
epoch 195 summary: dyn_dyn_cos_loss: 0.00000, dyn_sta_cos_loss: 0.00000, total_cos_loss : 0.00000, vocab_cro_loss : 1.30124, 
epoch 196 summary: dyn_dyn_cos_loss: 0.00779, dyn_sta_cos_loss: 0.00180, total_cos_loss : 0.00180, vocab_cro_loss : 1.29848, 
epoch 197 summary: dyn_dyn_cos_loss: 0.00000, dyn_sta_cos_loss: 0.00000, total_cos_loss : 0.00000, vocab_cro_loss : 1.31709, 
epoch 198 summary: dyn_dyn_cos_loss: 0.00000, dyn_sta_cos_loss: 0.00000, total_cos_loss : 0.00000, vocab_cro_loss : 1.30488, 
epoch 199 summary: dyn_dyn_cos_loss: 0.00000, dyn_sta_cos_loss: 0.00000, total_cos_loss : 0.00000, vocab_cro_loss : 1.30287, 
epoch 200 summary: dyn_dyn_cos_loss: 0.00777, dyn_sta_cos_loss: 0.00180, total_cos_loss : 0.00180, vocab_cro_loss : 1.29822, 
train loss: 1.3162, train acc: 0.6189
epoch 201 summary: dyn_dyn_cos_loss: 0.00000, dyn_sta_cos_loss: 0.00000, total_cos_loss : 0.00000, vocab_cro_loss : 1.31618, 
epoch 202 summary: dyn_dyn_cos_loss: 0.00000, dyn_sta_cos_loss: 0.00000, total_cos_loss : 0.00000, vocab_cro_loss : 1.30868, 
epoch 203 summary: dyn_dyn_cos_loss: 0.00000, dyn_sta_cos_loss: 0.00000, total_cos_loss : 0.00000, vocab_cro_loss : 1.30178, 
epoch 204 summary: dyn_dyn_cos_loss: 0.00777, dyn_sta_cos_loss: 0.00187, total_cos_loss : 0.00187, vocab_cro_loss : 1.29668, 
epoch 205 summary: dyn_dyn_cos_loss: 0.00000, dyn_sta_cos_loss: 0.00000, total_cos_loss : 0.00000, vocab_cro_loss : 1.31905, 
epoch 206 summary: dyn_dyn_cos_loss: 0.00000, dyn_sta_cos_loss: 0.00000, total_cos_loss : 0.00000, vocab_cro_loss : 1.31337, 
epoch 207 summary: dyn_dyn_cos_loss: 0.00000, dyn_sta_cos_loss: 0.00000, total_cos_loss : 0.00000, vocab_cro_loss : 1.31176, 
epoch 208 summary: dyn_dyn_cos_loss: 0.00782, dyn_sta_cos_loss: 0.00185, total_cos_loss : 0.00185, vocab_cro_loss : 1.30224, 
epoch 209 summary: dyn_dyn_cos_loss: 0.00000, dyn_sta_cos_loss: 0.00000, total_cos_loss : 0.00000, vocab_cro_loss : 1.31328, 
epoch 210 summary: dyn_dyn_cos_loss: 0.00000, dyn_sta_cos_loss: 0.00000, total_cos_loss : 0.00000, vocab_cro_loss : 1.30831, 
train loss: 1.3009, train acc: 0.6233
epoch 211 summary: dyn_dyn_cos_loss: 0.00000, dyn_sta_cos_loss: 0.00000, total_cos_loss : 0.00000, vocab_cro_loss : 1.30092, 
epoch 212 summary: dyn_dyn_cos_loss: 0.00786, dyn_sta_cos_loss: 0.00183, total_cos_loss : 0.00183, vocab_cro_loss : 1.29620, 
epoch 213 summary: dyn_dyn_cos_loss: 0.00000, dyn_sta_cos_loss: 0.00000, total_cos_loss : 0.00000, vocab_cro_loss : 1.31684, 
epoch 214 summary: dyn_dyn_cos_loss: 0.00000, dyn_sta_cos_loss: 0.00000, total_cos_loss : 0.00000, vocab_cro_loss : 1.30929, 
epoch 215 summary: dyn_dyn_cos_loss: 0.00000, dyn_sta_cos_loss: 0.00000, total_cos_loss : 0.00000, vocab_cro_loss : 1.30221, 
epoch 216 summary: dyn_dyn_cos_loss: 0.00784, dyn_sta_cos_loss: 0.00181, total_cos_loss : 0.00181, vocab_cro_loss : 1.30148, 
epoch 217 summary: dyn_dyn_cos_loss: 0.00000, dyn_sta_cos_loss: 0.00000, total_cos_loss : 0.00000, vocab_cro_loss : 1.31895, 
epoch 218 summary: dyn_dyn_cos_loss: 0.00000, dyn_sta_cos_loss: 0.00000, total_cos_loss : 0.00000, vocab_cro_loss : 1.30927, 
epoch 219 summary: dyn_dyn_cos_loss: 0.00000, dyn_sta_cos_loss: 0.00000, total_cos_loss : 0.00000, vocab_cro_loss : 1.30332, 
epoch 220 summary: dyn_dyn_cos_loss: 0.00781, dyn_sta_cos_loss: 0.00184, total_cos_loss : 0.00184, vocab_cro_loss : 1.29636, 
train loss: 1.3097, train acc: 0.6220
epoch 221 summary: dyn_dyn_cos_loss: 0.00000, dyn_sta_cos_loss: 0.00000, total_cos_loss : 0.00000, vocab_cro_loss : 1.30963, 
epoch 222 summary: dyn_dyn_cos_loss: 0.00000, dyn_sta_cos_loss: 0.00000, total_cos_loss : 0.00000, vocab_cro_loss : 1.30161, 
epoch 223 summary: dyn_dyn_cos_loss: 0.00000, dyn_sta_cos_loss: 0.00000, total_cos_loss : 0.00000, vocab_cro_loss : 1.29958, 
epoch 224 summary: dyn_dyn_cos_loss: 0.00784, dyn_sta_cos_loss: 0.00182, total_cos_loss : 0.00182, vocab_cro_loss : 1.29543, 
epoch 225 summary: dyn_dyn_cos_loss: 0.00000, dyn_sta_cos_loss: 0.00000, total_cos_loss : 0.00000, vocab_cro_loss : 1.31812, 
epoch 226 summary: dyn_dyn_cos_loss: 0.00000, dyn_sta_cos_loss: 0.00000, total_cos_loss : 0.00000, vocab_cro_loss : 1.31298, 
epoch 227 summary: dyn_dyn_cos_loss: 0.00000, dyn_sta_cos_loss: 0.00000, total_cos_loss : 0.00000, vocab_cro_loss : 1.30894, 
epoch 228 summary: dyn_dyn_cos_loss: 0.00783, dyn_sta_cos_loss: 0.00181, total_cos_loss : 0.00181, vocab_cro_loss : 1.29993, 
epoch 229 summary: dyn_dyn_cos_loss: 0.00000, dyn_sta_cos_loss: 0.00000, total_cos_loss : 0.00000, vocab_cro_loss : 1.31639, 
epoch 230 summary: dyn_dyn_cos_loss: 0.00000, dyn_sta_cos_loss: 0.00000, total_cos_loss : 0.00000, vocab_cro_loss : 1.31281, 
train loss: 1.3058, train acc: 0.6219
epoch 231 summary: dyn_dyn_cos_loss: 0.00000, dyn_sta_cos_loss: 0.00000, total_cos_loss : 0.00000, vocab_cro_loss : 1.30577, 
epoch 232 summary: dyn_dyn_cos_loss: 0.00780, dyn_sta_cos_loss: 0.00181, total_cos_loss : 0.00181, vocab_cro_loss : 1.30022, 
epoch 233 summary: dyn_dyn_cos_loss: 0.00000, dyn_sta_cos_loss: 0.00000, total_cos_loss : 0.00000, vocab_cro_loss : 1.31705, 
epoch 234 summary: dyn_dyn_cos_loss: 0.00000, dyn_sta_cos_loss: 0.00000, total_cos_loss : 0.00000, vocab_cro_loss : 1.31010, 
epoch 235 summary: dyn_dyn_cos_loss: 0.00000, dyn_sta_cos_loss: 0.00000, total_cos_loss : 0.00000, vocab_cro_loss : 1.30231, 
epoch 236 summary: dyn_dyn_cos_loss: 0.00780, dyn_sta_cos_loss: 0.00181, total_cos_loss : 0.00181, vocab_cro_loss : 1.30023, 
epoch 237 summary: dyn_dyn_cos_loss: 0.00000, dyn_sta_cos_loss: 0.00000, total_cos_loss : 0.00000, vocab_cro_loss : 1.31639, 
epoch 238 summary: dyn_dyn_cos_loss: 0.00000, dyn_sta_cos_loss: 0.00000, total_cos_loss : 0.00000, vocab_cro_loss : 1.30948, 
epoch 239 summary: dyn_dyn_cos_loss: 0.00000, dyn_sta_cos_loss: 0.00000, total_cos_loss : 0.00000, vocab_cro_loss : 1.30166, 
epoch 240 summary: dyn_dyn_cos_loss: 0.00780, dyn_sta_cos_loss: 0.00183, total_cos_loss : 0.00183, vocab_cro_loss : 1.29210, 
train loss: 1.3109, train acc: 0.6218
epoch 241 summary: dyn_dyn_cos_loss: 0.00000, dyn_sta_cos_loss: 0.00000, total_cos_loss : 0.00000, vocab_cro_loss : 1.31090, 
epoch 242 summary: dyn_dyn_cos_loss: 0.00000, dyn_sta_cos_loss: 0.00000, total_cos_loss : 0.00000, vocab_cro_loss : 1.30620, 
epoch 243 summary: dyn_dyn_cos_loss: 0.00000, dyn_sta_cos_loss: 0.00000, total_cos_loss : 0.00000, vocab_cro_loss : 1.29874, 
epoch 244 summary: dyn_dyn_cos_loss: 0.00784, dyn_sta_cos_loss: 0.00182, total_cos_loss : 0.00182, vocab_cro_loss : 1.29441, 
epoch 245 summary: dyn_dyn_cos_loss: 0.00000, dyn_sta_cos_loss: 0.00000, total_cos_loss : 0.00000, vocab_cro_loss : 1.30770, 
epoch 246 summary: dyn_dyn_cos_loss: 0.00000, dyn_sta_cos_loss: 0.00000, total_cos_loss : 0.00000, vocab_cro_loss : 1.29906, 
epoch 247 summary: dyn_dyn_cos_loss: 0.00000, dyn_sta_cos_loss: 0.00000, total_cos_loss : 0.00000, vocab_cro_loss : 1.29580, 
epoch 248 summary: dyn_dyn_cos_loss: 0.00785, dyn_sta_cos_loss: 0.00182, total_cos_loss : 0.00182, vocab_cro_loss : 1.29425, 
epoch 249 summary: dyn_dyn_cos_loss: 0.00000, dyn_sta_cos_loss: 0.00000, total_cos_loss : 0.00000, vocab_cro_loss : 1.30977, 
epoch 250 summary: dyn_dyn_cos_loss: 0.00000, dyn_sta_cos_loss: 0.00000, total_cos_loss : 0.00000, vocab_cro_loss : 1.29948, 
train loss: 1.2956, train acc: 0.6226
epoch 251 summary: dyn_dyn_cos_loss: 0.00000, dyn_sta_cos_loss: 0.00000, total_cos_loss : 0.00000, vocab_cro_loss : 1.29559, 
epoch 252 summary: dyn_dyn_cos_loss: 0.00782, dyn_sta_cos_loss: 0.00181, total_cos_loss : 0.00181, vocab_cro_loss : 1.29302, 
epoch 253 summary: dyn_dyn_cos_loss: 0.00000, dyn_sta_cos_loss: 0.00000, total_cos_loss : 0.00000, vocab_cro_loss : 1.31205, 
epoch 254 summary: dyn_dyn_cos_loss: 0.00000, dyn_sta_cos_loss: 0.00000, total_cos_loss : 0.00000, vocab_cro_loss : 1.30231, 
epoch 255 summary: dyn_dyn_cos_loss: 0.00000, dyn_sta_cos_loss: 0.00000, total_cos_loss : 0.00000, vocab_cro_loss : 1.29877, 
epoch 256 summary: dyn_dyn_cos_loss: 0.00780, dyn_sta_cos_loss: 0.00180, total_cos_loss : 0.00180, vocab_cro_loss : 1.29430, 
epoch 257 summary: dyn_dyn_cos_loss: 0.00000, dyn_sta_cos_loss: 0.00000, total_cos_loss : 0.00000, vocab_cro_loss : 1.31514, 
epoch 258 summary: dyn_dyn_cos_loss: 0.00000, dyn_sta_cos_loss: 0.00000, total_cos_loss : 0.00000, vocab_cro_loss : 1.30516, 
epoch 259 summary: dyn_dyn_cos_loss: 0.00000, dyn_sta_cos_loss: 0.00000, total_cos_loss : 0.00000, vocab_cro_loss : 1.29755, 
epoch 260 summary: dyn_dyn_cos_loss: 0.00777, dyn_sta_cos_loss: 0.00180, total_cos_loss : 0.00180, vocab_cro_loss : 1.29436, 
train loss: 1.3170, train acc: 0.6213
epoch 261 summary: dyn_dyn_cos_loss: 0.00000, dyn_sta_cos_loss: 0.00000, total_cos_loss : 0.00000, vocab_cro_loss : 1.31701, 
epoch 262 summary: dyn_dyn_cos_loss: 0.00000, dyn_sta_cos_loss: 0.00000, total_cos_loss : 0.00000, vocab_cro_loss : 1.30834, 
epoch 263 summary: dyn_dyn_cos_loss: 0.00000, dyn_sta_cos_loss: 0.00000, total_cos_loss : 0.00000, vocab_cro_loss : 1.30012, 
epoch 264 summary: dyn_dyn_cos_loss: 0.00777, dyn_sta_cos_loss: 0.00179, total_cos_loss : 0.00179, vocab_cro_loss : 1.29347, 
epoch 265 summary: dyn_dyn_cos_loss: 0.00000, dyn_sta_cos_loss: 0.00000, total_cos_loss : 0.00000, vocab_cro_loss : 1.31734, 
epoch 266 summary: dyn_dyn_cos_loss: 0.00000, dyn_sta_cos_loss: 0.00000, total_cos_loss : 0.00000, vocab_cro_loss : 1.31203, 
epoch 267 summary: dyn_dyn_cos_loss: 0.00000, dyn_sta_cos_loss: 0.00000, total_cos_loss : 0.00000, vocab_cro_loss : 1.30474, 
epoch 268 summary: dyn_dyn_cos_loss: 0.00774, dyn_sta_cos_loss: 0.00178, total_cos_loss : 0.00178, vocab_cro_loss : 1.30116, 
epoch 269 summary: dyn_dyn_cos_loss: 0.00000, dyn_sta_cos_loss: 0.00000, total_cos_loss : 0.00000, vocab_cro_loss : 1.31635, 
epoch 270 summary: dyn_dyn_cos_loss: 0.00000, dyn_sta_cos_loss: 0.00000, total_cos_loss : 0.00000, vocab_cro_loss : 1.30768, 
train loss: 1.3025, train acc: 0.6209
epoch 271 summary: dyn_dyn_cos_loss: 0.00000, dyn_sta_cos_loss: 0.00000, total_cos_loss : 0.00000, vocab_cro_loss : 1.30248, 
epoch 272 summary: dyn_dyn_cos_loss: 0.00771, dyn_sta_cos_loss: 0.00179, total_cos_loss : 0.00179, vocab_cro_loss : 1.30036, 
epoch 273 summary: dyn_dyn_cos_loss: 0.00000, dyn_sta_cos_loss: 0.00000, total_cos_loss : 0.00000, vocab_cro_loss : 1.31958, 
epoch 274 summary: dyn_dyn_cos_loss: 0.00000, dyn_sta_cos_loss: 0.00000, total_cos_loss : 0.00000, vocab_cro_loss : 1.31430, 
epoch 275 summary: dyn_dyn_cos_loss: 0.00000, dyn_sta_cos_loss: 0.00000, total_cos_loss : 0.00000, vocab_cro_loss : 1.30848, 
epoch 276 summary: dyn_dyn_cos_loss: 0.00770, dyn_sta_cos_loss: 0.00182, total_cos_loss : 0.00182, vocab_cro_loss : 1.30518, 
epoch 277 summary: dyn_dyn_cos_loss: 0.00000, dyn_sta_cos_loss: 0.00000, total_cos_loss : 0.00000, vocab_cro_loss : 1.31625, 
epoch 278 summary: dyn_dyn_cos_loss: 0.00000, dyn_sta_cos_loss: 0.00000, total_cos_loss : 0.00000, vocab_cro_loss : 1.31202, 
epoch 279 summary: dyn_dyn_cos_loss: 0.00000, dyn_sta_cos_loss: 0.00000, total_cos_loss : 0.00000, vocab_cro_loss : 1.30379, 
epoch 280 summary: dyn_dyn_cos_loss: 0.00774, dyn_sta_cos_loss: 0.00180, total_cos_loss : 0.00180, vocab_cro_loss : 1.29723, 
train loss: 1.3123, train acc: 0.6212
epoch 281 summary: dyn_dyn_cos_loss: 0.00000, dyn_sta_cos_loss: 0.00000, total_cos_loss : 0.00000, vocab_cro_loss : 1.31228, 
epoch 282 summary: dyn_dyn_cos_loss: 0.00000, dyn_sta_cos_loss: 0.00000, total_cos_loss : 0.00000, vocab_cro_loss : 1.30476, 
epoch 283 summary: dyn_dyn_cos_loss: 0.00000, dyn_sta_cos_loss: 0.00000, total_cos_loss : 0.00000, vocab_cro_loss : 1.30045, 
epoch 284 summary: dyn_dyn_cos_loss: 0.00775, dyn_sta_cos_loss: 0.00181, total_cos_loss : 0.00181, vocab_cro_loss : 1.29506, 
epoch 285 summary: dyn_dyn_cos_loss: 0.00000, dyn_sta_cos_loss: 0.00000, total_cos_loss : 0.00000, vocab_cro_loss : 1.31257, 
epoch 286 summary: dyn_dyn_cos_loss: 0.00000, dyn_sta_cos_loss: 0.00000, total_cos_loss : 0.00000, vocab_cro_loss : 1.30310, 
epoch 287 summary: dyn_dyn_cos_loss: 0.00000, dyn_sta_cos_loss: 0.00000, total_cos_loss : 0.00000, vocab_cro_loss : 1.29761, 
epoch 288 summary: dyn_dyn_cos_loss: 0.00775, dyn_sta_cos_loss: 0.00180, total_cos_loss : 0.00180, vocab_cro_loss : 1.29504, 
epoch 289 summary: dyn_dyn_cos_loss: 0.00000, dyn_sta_cos_loss: 0.00000, total_cos_loss : 0.00000, vocab_cro_loss : 1.31410, 
epoch 290 summary: dyn_dyn_cos_loss: 0.00000, dyn_sta_cos_loss: 0.00000, total_cos_loss : 0.00000, vocab_cro_loss : 1.31128, 
train loss: 1.3053, train acc: 0.6232
epoch 291 summary: dyn_dyn_cos_loss: 0.00000, dyn_sta_cos_loss: 0.00000, total_cos_loss : 0.00000, vocab_cro_loss : 1.30532, 
epoch 292 summary: dyn_dyn_cos_loss: 0.00773, dyn_sta_cos_loss: 0.00177, total_cos_loss : 0.00177, vocab_cro_loss : 1.30099, 
epoch 293 summary: dyn_dyn_cos_loss: 0.00000, dyn_sta_cos_loss: 0.00000, total_cos_loss : 0.00000, vocab_cro_loss : 1.31881, 
epoch 294 summary: dyn_dyn_cos_loss: 0.00000, dyn_sta_cos_loss: 0.00000, total_cos_loss : 0.00000, vocab_cro_loss : 1.31357, 
epoch 295 summary: dyn_dyn_cos_loss: 0.00000, dyn_sta_cos_loss: 0.00000, total_cos_loss : 0.00000, vocab_cro_loss : 1.30546, 
epoch 296 summary: dyn_dyn_cos_loss: 0.00769, dyn_sta_cos_loss: 0.00180, total_cos_loss : 0.00180, vocab_cro_loss : 1.29399, 
epoch 297 summary: dyn_dyn_cos_loss: 0.00000, dyn_sta_cos_loss: 0.00000, total_cos_loss : 0.00000, vocab_cro_loss : 1.30833, 
epoch 298 summary: dyn_dyn_cos_loss: 0.00000, dyn_sta_cos_loss: 0.00000, total_cos_loss : 0.00000, vocab_cro_loss : 1.30040, 
epoch 299 summary: dyn_dyn_cos_loss: 0.00000, dyn_sta_cos_loss: 0.00000, total_cos_loss : 0.00000, vocab_cro_loss : 1.29287, 
epoch 300 summary: dyn_dyn_cos_loss: 0.00770, dyn_sta_cos_loss: 0.00180, total_cos_loss : 0.00180, vocab_cro_loss : 1.28942, 
train loss: 1.3060, train acc: 0.6221
epoch 301 summary: dyn_dyn_cos_loss: 0.00000, dyn_sta_cos_loss: 0.00000, total_cos_loss : 0.00000, vocab_cro_loss : 1.30601, 
epoch 302 summary: dyn_dyn_cos_loss: 0.00000, dyn_sta_cos_loss: 0.00000, total_cos_loss : 0.00000, vocab_cro_loss : 1.30088, 
epoch 303 summary: dyn_dyn_cos_loss: 0.00000, dyn_sta_cos_loss: 0.00000, total_cos_loss : 0.00000, vocab_cro_loss : 1.29568, 
epoch 304 summary: dyn_dyn_cos_loss: 0.00771, dyn_sta_cos_loss: 0.00179, total_cos_loss : 0.00179, vocab_cro_loss : 1.29186, 
epoch 305 summary: dyn_dyn_cos_loss: 0.00000, dyn_sta_cos_loss: 0.00000, total_cos_loss : 0.00000, vocab_cro_loss : 1.31321, 
epoch 306 summary: dyn_dyn_cos_loss: 0.00000, dyn_sta_cos_loss: 0.00000, total_cos_loss : 0.00000, vocab_cro_loss : 1.30610, 
epoch 307 summary: dyn_dyn_cos_loss: 0.00000, dyn_sta_cos_loss: 0.00000, total_cos_loss : 0.00000, vocab_cro_loss : 1.30037, 
epoch 308 summary: dyn_dyn_cos_loss: 0.00772, dyn_sta_cos_loss: 0.00180, total_cos_loss : 0.00180, vocab_cro_loss : 1.29653, 
epoch 309 summary: dyn_dyn_cos_loss: 0.00000, dyn_sta_cos_loss: 0.00000, total_cos_loss : 0.00000, vocab_cro_loss : 1.30997, 
epoch 310 summary: dyn_dyn_cos_loss: 0.00000, dyn_sta_cos_loss: 0.00000, total_cos_loss : 0.00000, vocab_cro_loss : 1.30073, 
train loss: 1.2980, train acc: 0.6228
epoch 311 summary: dyn_dyn_cos_loss: 0.00000, dyn_sta_cos_loss: 0.00000, total_cos_loss : 0.00000, vocab_cro_loss : 1.29795, 
epoch 312 summary: dyn_dyn_cos_loss: 0.00771, dyn_sta_cos_loss: 0.00179, total_cos_loss : 0.00179, vocab_cro_loss : 1.29577, 
epoch 313 summary: dyn_dyn_cos_loss: 0.00000, dyn_sta_cos_loss: 0.00000, total_cos_loss : 0.00000, vocab_cro_loss : 1.31414, 
epoch 314 summary: dyn_dyn_cos_loss: 0.00000, dyn_sta_cos_loss: 0.00000, total_cos_loss : 0.00000, vocab_cro_loss : 1.31311, 
epoch 315 summary: dyn_dyn_cos_loss: 0.00000, dyn_sta_cos_loss: 0.00000, total_cos_loss : 0.00000, vocab_cro_loss : 1.30282, 
epoch 316 summary: dyn_dyn_cos_loss: 0.00769, dyn_sta_cos_loss: 0.00178, total_cos_loss : 0.00178, vocab_cro_loss : 1.29853, 
epoch 317 summary: dyn_dyn_cos_loss: 0.00000, dyn_sta_cos_loss: 0.00000, total_cos_loss : 0.00000, vocab_cro_loss : 1.31555, 
epoch 318 summary: dyn_dyn_cos_loss: 0.00000, dyn_sta_cos_loss: 0.00000, total_cos_loss : 0.00000, vocab_cro_loss : 1.30532, 
epoch 319 summary: dyn_dyn_cos_loss: 0.00000, dyn_sta_cos_loss: 0.00000, total_cos_loss : 0.00000, vocab_cro_loss : 1.29819, 
epoch 320 summary: dyn_dyn_cos_loss: 0.00768, dyn_sta_cos_loss: 0.00181, total_cos_loss : 0.00181, vocab_cro_loss : 1.29698, 
train loss: 1.3100, train acc: 0.6210
epoch 321 summary: dyn_dyn_cos_loss: 0.00000, dyn_sta_cos_loss: 0.00000, total_cos_loss : 0.00000, vocab_cro_loss : 1.31003, 
epoch 322 summary: dyn_dyn_cos_loss: 0.00000, dyn_sta_cos_loss: 0.00000, total_cos_loss : 0.00000, vocab_cro_loss : 1.30337, 
epoch 323 summary: dyn_dyn_cos_loss: 0.00000, dyn_sta_cos_loss: 0.00000, total_cos_loss : 0.00000, vocab_cro_loss : 1.29956, 
epoch 324 summary: dyn_dyn_cos_loss: 0.00772, dyn_sta_cos_loss: 0.00180, total_cos_loss : 0.00180, vocab_cro_loss : 1.29416, 
epoch 325 summary: dyn_dyn_cos_loss: 0.00000, dyn_sta_cos_loss: 0.00000, total_cos_loss : 0.00000, vocab_cro_loss : 1.30933, 
epoch 326 summary: dyn_dyn_cos_loss: 0.00000, dyn_sta_cos_loss: 0.00000, total_cos_loss : 0.00000, vocab_cro_loss : 1.30194, 
epoch 327 summary: dyn_dyn_cos_loss: 0.00000, dyn_sta_cos_loss: 0.00000, total_cos_loss : 0.00000, vocab_cro_loss : 1.29935, 
epoch 328 summary: dyn_dyn_cos_loss: 0.00773, dyn_sta_cos_loss: 0.00179, total_cos_loss : 0.00179, vocab_cro_loss : 1.29656, 
epoch 329 summary: dyn_dyn_cos_loss: 0.00000, dyn_sta_cos_loss: 0.00000, total_cos_loss : 0.00000, vocab_cro_loss : 1.31412, 
epoch 330 summary: dyn_dyn_cos_loss: 0.00000, dyn_sta_cos_loss: 0.00000, total_cos_loss : 0.00000, vocab_cro_loss : 1.30188, 
train loss: 1.2964, train acc: 0.6235
epoch 331 summary: dyn_dyn_cos_loss: 0.00000, dyn_sta_cos_loss: 0.00000, total_cos_loss : 0.00000, vocab_cro_loss : 1.29641, 
epoch 332 summary: dyn_dyn_cos_loss: 0.00774, dyn_sta_cos_loss: 0.00180, total_cos_loss : 0.00180, vocab_cro_loss : 1.28985, 
epoch 333 summary: dyn_dyn_cos_loss: 0.00000, dyn_sta_cos_loss: 0.00000, total_cos_loss : 0.00000, vocab_cro_loss : 1.30924, 
epoch 334 summary: dyn_dyn_cos_loss: 0.00000, dyn_sta_cos_loss: 0.00000, total_cos_loss : 0.00000, vocab_cro_loss : 1.29903, 
epoch 335 summary: dyn_dyn_cos_loss: 0.00000, dyn_sta_cos_loss: 0.00000, total_cos_loss : 0.00000, vocab_cro_loss : 1.29518, 
epoch 336 summary: dyn_dyn_cos_loss: 0.00774, dyn_sta_cos_loss: 0.00179, total_cos_loss : 0.00179, vocab_cro_loss : 1.28997, 
epoch 337 summary: dyn_dyn_cos_loss: 0.00000, dyn_sta_cos_loss: 0.00000, total_cos_loss : 0.00000, vocab_cro_loss : 1.30538, 
epoch 338 summary: dyn_dyn_cos_loss: 0.00000, dyn_sta_cos_loss: 0.00000, total_cos_loss : 0.00000, vocab_cro_loss : 1.29673, 
epoch 339 summary: dyn_dyn_cos_loss: 0.00000, dyn_sta_cos_loss: 0.00000, total_cos_loss : 0.00000, vocab_cro_loss : 1.29227, 
epoch 340 summary: dyn_dyn_cos_loss: 0.00774, dyn_sta_cos_loss: 0.00177, total_cos_loss : 0.00177, vocab_cro_loss : 1.29009, 
train loss: 1.3113, train acc: 0.6228
epoch 341 summary: dyn_dyn_cos_loss: 0.00000, dyn_sta_cos_loss: 0.00000, total_cos_loss : 0.00000, vocab_cro_loss : 1.31124, 
epoch 342 summary: dyn_dyn_cos_loss: 0.00000, dyn_sta_cos_loss: 0.00000, total_cos_loss : 0.00000, vocab_cro_loss : 1.30188, 
epoch 343 summary: dyn_dyn_cos_loss: 0.00000, dyn_sta_cos_loss: 0.00000, total_cos_loss : 0.00000, vocab_cro_loss : 1.29824, 
epoch 344 summary: dyn_dyn_cos_loss: 0.00772, dyn_sta_cos_loss: 0.00177, total_cos_loss : 0.00177, vocab_cro_loss : 1.29125, 
epoch 345 summary: dyn_dyn_cos_loss: 0.00000, dyn_sta_cos_loss: 0.00000, total_cos_loss : 0.00000, vocab_cro_loss : 1.30672, 
epoch 346 summary: dyn_dyn_cos_loss: 0.00000, dyn_sta_cos_loss: 0.00000, total_cos_loss : 0.00000, vocab_cro_loss : 1.30026, 
epoch 347 summary: dyn_dyn_cos_loss: 0.00000, dyn_sta_cos_loss: 0.00000, total_cos_loss : 0.00000, vocab_cro_loss : 1.29526, 
epoch 348 summary: dyn_dyn_cos_loss: 0.00769, dyn_sta_cos_loss: 0.00178, total_cos_loss : 0.00178, vocab_cro_loss : 1.29439, 
epoch 349 summary: dyn_dyn_cos_loss: 0.00000, dyn_sta_cos_loss: 0.00000, total_cos_loss : 0.00000, vocab_cro_loss : 1.30767, 
epoch 350 summary: dyn_dyn_cos_loss: 0.00000, dyn_sta_cos_loss: 0.00000, total_cos_loss : 0.00000, vocab_cro_loss : 1.30265, 
train loss: 1.2965, train acc: 0.6227
epoch 351 summary: dyn_dyn_cos_loss: 0.00000, dyn_sta_cos_loss: 0.00000, total_cos_loss : 0.00000, vocab_cro_loss : 1.29650, 
epoch 352 summary: dyn_dyn_cos_loss: 0.00767, dyn_sta_cos_loss: 0.00178, total_cos_loss : 0.00178, vocab_cro_loss : 1.29067, 
epoch 353 summary: dyn_dyn_cos_loss: 0.00000, dyn_sta_cos_loss: 0.00000, total_cos_loss : 0.00000, vocab_cro_loss : 1.30398, 
epoch 354 summary: dyn_dyn_cos_loss: 0.00000, dyn_sta_cos_loss: 0.00000, total_cos_loss : 0.00000, vocab_cro_loss : 1.29549, 
epoch 355 summary: dyn_dyn_cos_loss: 0.00000, dyn_sta_cos_loss: 0.00000, total_cos_loss : 0.00000, vocab_cro_loss : 1.29168, 
epoch 356 summary: dyn_dyn_cos_loss: 0.00766, dyn_sta_cos_loss: 0.00178, total_cos_loss : 0.00178, vocab_cro_loss : 1.28762, 
epoch 357 summary: dyn_dyn_cos_loss: 0.00000, dyn_sta_cos_loss: 0.00000, total_cos_loss : 0.00000, vocab_cro_loss : 1.30915, 
epoch 358 summary: dyn_dyn_cos_loss: 0.00000, dyn_sta_cos_loss: 0.00000, total_cos_loss : 0.00000, vocab_cro_loss : 1.30229, 
epoch 359 summary: dyn_dyn_cos_loss: 0.00000, dyn_sta_cos_loss: 0.00000, total_cos_loss : 0.00000, vocab_cro_loss : 1.29323, 
epoch 360 summary: dyn_dyn_cos_loss: 0.00768, dyn_sta_cos_loss: 0.00178, total_cos_loss : 0.00178, vocab_cro_loss : 1.28942, 
train loss: 1.3054, train acc: 0.6247
epoch 361 summary: dyn_dyn_cos_loss: 0.00000, dyn_sta_cos_loss: 0.00000, total_cos_loss : 0.00000, vocab_cro_loss : 1.30538, 
epoch 362 summary: dyn_dyn_cos_loss: 0.00000, dyn_sta_cos_loss: 0.00000, total_cos_loss : 0.00000, vocab_cro_loss : 1.29900, 
epoch 363 summary: dyn_dyn_cos_loss: 0.00000, dyn_sta_cos_loss: 0.00000, total_cos_loss : 0.00000, vocab_cro_loss : 1.29609, 
epoch 364 summary: dyn_dyn_cos_loss: 0.00767, dyn_sta_cos_loss: 0.00178, total_cos_loss : 0.00178, vocab_cro_loss : 1.29068, 
epoch 365 summary: dyn_dyn_cos_loss: 0.00000, dyn_sta_cos_loss: 0.00000, total_cos_loss : 0.00000, vocab_cro_loss : 1.31164, 
epoch 366 summary: dyn_dyn_cos_loss: 0.00000, dyn_sta_cos_loss: 0.00000, total_cos_loss : 0.00000, vocab_cro_loss : 1.30605, 
epoch 367 summary: dyn_dyn_cos_loss: 0.00000, dyn_sta_cos_loss: 0.00000, total_cos_loss : 0.00000, vocab_cro_loss : 1.30380, 
epoch 368 summary: dyn_dyn_cos_loss: 0.00767, dyn_sta_cos_loss: 0.00176, total_cos_loss : 0.00176, vocab_cro_loss : 1.30037, 
epoch 369 summary: dyn_dyn_cos_loss: 0.00000, dyn_sta_cos_loss: 0.00000, total_cos_loss : 0.00000, vocab_cro_loss : 1.31356, 
epoch 370 summary: dyn_dyn_cos_loss: 0.00000, dyn_sta_cos_loss: 0.00000, total_cos_loss : 0.00000, vocab_cro_loss : 1.30215, 
train loss: 1.3004, train acc: 0.6214
epoch 371 summary: dyn_dyn_cos_loss: 0.00000, dyn_sta_cos_loss: 0.00000, total_cos_loss : 0.00000, vocab_cro_loss : 1.30039, 
epoch 372 summary: dyn_dyn_cos_loss: 0.00765, dyn_sta_cos_loss: 0.00179, total_cos_loss : 0.00179, vocab_cro_loss : 1.29512, 
epoch 373 summary: dyn_dyn_cos_loss: 0.00000, dyn_sta_cos_loss: 0.00000, total_cos_loss : 0.00000, vocab_cro_loss : 1.31164, 
epoch 374 summary: dyn_dyn_cos_loss: 0.00000, dyn_sta_cos_loss: 0.00000, total_cos_loss : 0.00000, vocab_cro_loss : 1.29852, 
epoch 375 summary: dyn_dyn_cos_loss: 0.00000, dyn_sta_cos_loss: 0.00000, total_cos_loss : 0.00000, vocab_cro_loss : 1.29009, 
epoch 376 summary: dyn_dyn_cos_loss: 0.00767, dyn_sta_cos_loss: 0.00179, total_cos_loss : 0.00179, vocab_cro_loss : 1.28604, 
epoch 377 summary: dyn_dyn_cos_loss: 0.00000, dyn_sta_cos_loss: 0.00000, total_cos_loss : 0.00000, vocab_cro_loss : 1.30812, 
epoch 378 summary: dyn_dyn_cos_loss: 0.00000, dyn_sta_cos_loss: 0.00000, total_cos_loss : 0.00000, vocab_cro_loss : 1.30170, 
epoch 379 summary: dyn_dyn_cos_loss: 0.00000, dyn_sta_cos_loss: 0.00000, total_cos_loss : 0.00000, vocab_cro_loss : 1.29789, 
epoch 380 summary: dyn_dyn_cos_loss: 0.00770, dyn_sta_cos_loss: 0.00179, total_cos_loss : 0.00179, vocab_cro_loss : 1.29216, 
train loss: 1.3124, train acc: 0.6214
epoch 381 summary: dyn_dyn_cos_loss: 0.00000, dyn_sta_cos_loss: 0.00000, total_cos_loss : 0.00000, vocab_cro_loss : 1.31234, 
epoch 382 summary: dyn_dyn_cos_loss: 0.00000, dyn_sta_cos_loss: 0.00000, total_cos_loss : 0.00000, vocab_cro_loss : 1.30276, 
epoch 383 summary: dyn_dyn_cos_loss: 0.00000, dyn_sta_cos_loss: 0.00000, total_cos_loss : 0.00000, vocab_cro_loss : 1.29678, 
epoch 384 summary: dyn_dyn_cos_loss: 0.00772, dyn_sta_cos_loss: 0.00179, total_cos_loss : 0.00179, vocab_cro_loss : 1.29096, 
epoch 385 summary: dyn_dyn_cos_loss: 0.00000, dyn_sta_cos_loss: 0.00000, total_cos_loss : 0.00000, vocab_cro_loss : 1.30559, 
epoch 386 summary: dyn_dyn_cos_loss: 0.00000, dyn_sta_cos_loss: 0.00000, total_cos_loss : 0.00000, vocab_cro_loss : 1.29631, 
epoch 387 summary: dyn_dyn_cos_loss: 0.00000, dyn_sta_cos_loss: 0.00000, total_cos_loss : 0.00000, vocab_cro_loss : 1.29144, 
epoch 388 summary: dyn_dyn_cos_loss: 0.00773, dyn_sta_cos_loss: 0.00180, total_cos_loss : 0.00180, vocab_cro_loss : 1.28591, 
epoch 389 summary: dyn_dyn_cos_loss: 0.00000, dyn_sta_cos_loss: 0.00000, total_cos_loss : 0.00000, vocab_cro_loss : 1.30433, 
epoch 390 summary: dyn_dyn_cos_loss: 0.00000, dyn_sta_cos_loss: 0.00000, total_cos_loss : 0.00000, vocab_cro_loss : 1.29852, 
train loss: 1.2931, train acc: 0.6238
epoch 391 summary: dyn_dyn_cos_loss: 0.00000, dyn_sta_cos_loss: 0.00000, total_cos_loss : 0.00000, vocab_cro_loss : 1.29311, 
epoch 392 summary: dyn_dyn_cos_loss: 0.00778, dyn_sta_cos_loss: 0.00180, total_cos_loss : 0.00180, vocab_cro_loss : 1.28816, 
epoch 393 summary: dyn_dyn_cos_loss: 0.00000, dyn_sta_cos_loss: 0.00000, total_cos_loss : 0.00000, vocab_cro_loss : 1.30535, 
epoch 394 summary: dyn_dyn_cos_loss: 0.00000, dyn_sta_cos_loss: 0.00000, total_cos_loss : 0.00000, vocab_cro_loss : 1.30049, 
epoch 395 summary: dyn_dyn_cos_loss: 0.00000, dyn_sta_cos_loss: 0.00000, total_cos_loss : 0.00000, vocab_cro_loss : 1.29710, 
epoch 396 summary: dyn_dyn_cos_loss: 0.00775, dyn_sta_cos_loss: 0.00177, total_cos_loss : 0.00177, vocab_cro_loss : 1.29573, 
epoch 397 summary: dyn_dyn_cos_loss: 0.00000, dyn_sta_cos_loss: 0.00000, total_cos_loss : 0.00000, vocab_cro_loss : 1.31278, 
epoch 398 summary: dyn_dyn_cos_loss: 0.00000, dyn_sta_cos_loss: 0.00000, total_cos_loss : 0.00000, vocab_cro_loss : 1.30514, 
epoch 399 summary: dyn_dyn_cos_loss: 0.00000, dyn_sta_cos_loss: 0.00000, total_cos_loss : 0.00000, vocab_cro_loss : 1.29908, 
train loss: 1.2926, train acc: 0.6251
all                        3053540.684ms
all_epoch                  3042122.294ms
all_preparation              11418.360ms
all_preparation_2            11415.650ms
all_preparation_3                2.665ms
epoch                         7481.349ms
epoch_pos_train                  4.247ms
epoch_preparation               15.386ms
epoch_train                   7315.259ms
epoch_valid                    144.151ms
----------------------------------------
all                        3053540.684ms
  all_epoch             99.63%
  all_preparation        0.37%
all_preparation              11418.360ms
  all_preparation_2     99.98%
  all_preparation_3      0.02%
epoch                      2992539.571ms
  epoch_train           97.78%
  epoch_valid            1.93%
  epoch_preparation      0.21%
  epoch_pos_train        0.06%
epoch   0 summary: dyn_dyn_cos_loss: 0.02112, dyn_sta_cos_loss: 0.00684, total_cos_loss : 0.00684, 
valid loss: 3.5760, valid acc: 0.1816
epoch   1 summary: dyn_dyn_cos_loss: 0.01786, dyn_sta_cos_loss: 0.00544, total_cos_loss : 0.00544, 
epoch   2 summary: dyn_dyn_cos_loss: 0.01545, dyn_sta_cos_loss: 0.00459, total_cos_loss : 0.00459, 
epoch   3 summary: dyn_dyn_cos_loss: 0.01353, dyn_sta_cos_loss: 0.00391, total_cos_loss : 0.00391, 
epoch   4 summary: dyn_dyn_cos_loss: 0.01216, dyn_sta_cos_loss: 0.00339, total_cos_loss : 0.00339, 
epoch   5 summary: dyn_dyn_cos_loss: 0.01112, dyn_sta_cos_loss: 0.00300, total_cos_loss : 0.00300, 
epoch   6 summary: dyn_dyn_cos_loss: 0.01042, dyn_sta_cos_loss: 0.00273, total_cos_loss : 0.00273, 
epoch   7 summary: dyn_dyn_cos_loss: 0.00985, dyn_sta_cos_loss: 0.00253, total_cos_loss : 0.00253, 
epoch   8 summary: dyn_dyn_cos_loss: 0.00941, dyn_sta_cos_loss: 0.00235, total_cos_loss : 0.00235, 
epoch   9 summary: dyn_dyn_cos_loss: 0.00901, dyn_sta_cos_loss: 0.00222, total_cos_loss : 0.00222, 
epoch  10 summary: dyn_dyn_cos_loss: 0.00872, dyn_sta_cos_loss: 0.00210, total_cos_loss : 0.00210, 
valid loss: 1.8810, valid acc: 0.5215
epoch  11 summary: dyn_dyn_cos_loss: 0.00848, dyn_sta_cos_loss: 0.00201, total_cos_loss : 0.00201, 
epoch  12 summary: dyn_dyn_cos_loss: 0.00835, dyn_sta_cos_loss: 0.00194, total_cos_loss : 0.00194, 
epoch  13 summary: dyn_dyn_cos_loss: 0.00819, dyn_sta_cos_loss: 0.00188, total_cos_loss : 0.00188, 
epoch  14 summary: dyn_dyn_cos_loss: 0.00805, dyn_sta_cos_loss: 0.00183, total_cos_loss : 0.00183, 
epoch  15 summary: dyn_dyn_cos_loss: 0.00800, dyn_sta_cos_loss: 0.00179, total_cos_loss : 0.00179, 
epoch  16 summary: dyn_dyn_cos_loss: 0.00790, dyn_sta_cos_loss: 0.00176, total_cos_loss : 0.00176, 
epoch  17 summary: dyn_dyn_cos_loss: 0.00782, dyn_sta_cos_loss: 0.00173, total_cos_loss : 0.00173, 
epoch  18 summary: dyn_dyn_cos_loss: 0.00777, dyn_sta_cos_loss: 0.00171, total_cos_loss : 0.00171, 
epoch  19 summary: dyn_dyn_cos_loss: 0.00773, dyn_sta_cos_loss: 0.00169, total_cos_loss : 0.00169, 
epoch  20 summary: dyn_dyn_cos_loss: 0.00770, dyn_sta_cos_loss: 0.00168, total_cos_loss : 0.00168, 
valid loss: 1.8428, valid acc: 0.5098
epoch  21 summary: dyn_dyn_cos_loss: 0.00767, dyn_sta_cos_loss: 0.00166, total_cos_loss : 0.00166, 
epoch  22 summary: dyn_dyn_cos_loss: 0.00765, dyn_sta_cos_loss: 0.00165, total_cos_loss : 0.00165, 
epoch  23 summary: dyn_dyn_cos_loss: 0.00763, dyn_sta_cos_loss: 0.00165, total_cos_loss : 0.00165, 
epoch  24 summary: dyn_dyn_cos_loss: 0.00762, dyn_sta_cos_loss: 0.00164, total_cos_loss : 0.00164, 
epoch  25 summary: dyn_dyn_cos_loss: 0.00761, dyn_sta_cos_loss: 0.00163, total_cos_loss : 0.00163, 
epoch  26 summary: dyn_dyn_cos_loss: 0.00759, dyn_sta_cos_loss: 0.00163, total_cos_loss : 0.00163, 
epoch  27 summary: dyn_dyn_cos_loss: 0.00757, dyn_sta_cos_loss: 0.00162, total_cos_loss : 0.00162, 
epoch  28 summary: dyn_dyn_cos_loss: 0.00754, dyn_sta_cos_loss: 0.00162, total_cos_loss : 0.00162, 
epoch  29 summary: dyn_dyn_cos_loss: 0.00754, dyn_sta_cos_loss: 0.00161, total_cos_loss : 0.00161, 
epoch  30 summary: dyn_dyn_cos_loss: 0.00735, dyn_sta_cos_loss: 0.00161, total_cos_loss : 0.00161, 
valid loss: 1.8264, valid acc: 0.5176
epoch  31 summary: dyn_dyn_cos_loss: 0.00735, dyn_sta_cos_loss: 0.00161, total_cos_loss : 0.00161, 
epoch  32 summary: dyn_dyn_cos_loss: 0.00736, dyn_sta_cos_loss: 0.00161, total_cos_loss : 0.00161, 
epoch  33 summary: dyn_dyn_cos_loss: 0.00735, dyn_sta_cos_loss: 0.00161, total_cos_loss : 0.00161, 
epoch  34 summary: dyn_dyn_cos_loss: 0.00734, dyn_sta_cos_loss: 0.00160, total_cos_loss : 0.00160, 
epoch  35 summary: dyn_dyn_cos_loss: 0.00733, dyn_sta_cos_loss: 0.00160, total_cos_loss : 0.00160, 
epoch  36 summary: dyn_dyn_cos_loss: 0.00733, dyn_sta_cos_loss: 0.00160, total_cos_loss : 0.00160, 
epoch  37 summary: dyn_dyn_cos_loss: 0.00733, dyn_sta_cos_loss: 0.00160, total_cos_loss : 0.00160, 
epoch  38 summary: dyn_dyn_cos_loss: 0.00733, dyn_sta_cos_loss: 0.00160, total_cos_loss : 0.00160, 
epoch  39 summary: dyn_dyn_cos_loss: 0.00732, dyn_sta_cos_loss: 0.00160, total_cos_loss : 0.00160, 
epoch  40 summary: dyn_dyn_cos_loss: 0.00732, dyn_sta_cos_loss: 0.00159, total_cos_loss : 0.00159, 
valid loss: 1.8647, valid acc: 0.5059
epoch  41 summary: dyn_dyn_cos_loss: 0.00732, dyn_sta_cos_loss: 0.00159, total_cos_loss : 0.00159, 
epoch  42 summary: dyn_dyn_cos_loss: 0.00732, dyn_sta_cos_loss: 0.00159, total_cos_loss : 0.00159, 
epoch  43 summary: dyn_dyn_cos_loss: 0.00732, dyn_sta_cos_loss: 0.00159, total_cos_loss : 0.00159, 
epoch  44 summary: dyn_dyn_cos_loss: 0.00732, dyn_sta_cos_loss: 0.00159, total_cos_loss : 0.00159, 
epoch  45 summary: dyn_dyn_cos_loss: 0.00753, dyn_sta_cos_loss: 0.00159, total_cos_loss : 0.00159, 
epoch  46 summary: dyn_dyn_cos_loss: 0.00753, dyn_sta_cos_loss: 0.00159, total_cos_loss : 0.00159, 
epoch  47 summary: dyn_dyn_cos_loss: 0.00752, dyn_sta_cos_loss: 0.00159, total_cos_loss : 0.00159, 
epoch  48 summary: dyn_dyn_cos_loss: 0.00753, dyn_sta_cos_loss: 0.00159, total_cos_loss : 0.00159, 
epoch  49 summary: dyn_dyn_cos_loss: 0.00754, dyn_sta_cos_loss: 0.00159, total_cos_loss : 0.00159, 
epoch  50 summary: dyn_dyn_cos_loss: 0.00754, dyn_sta_cos_loss: 0.00159, total_cos_loss : 0.00159, 
valid loss: 1.8463, valid acc: 0.5078
epoch  51 summary: dyn_dyn_cos_loss: 0.00754, dyn_sta_cos_loss: 0.00159, total_cos_loss : 0.00159, 
epoch  52 summary: dyn_dyn_cos_loss: 0.00753, dyn_sta_cos_loss: 0.00159, total_cos_loss : 0.00159, 
epoch  53 summary: dyn_dyn_cos_loss: 0.00754, dyn_sta_cos_loss: 0.00159, total_cos_loss : 0.00159, 
epoch  54 summary: dyn_dyn_cos_loss: 0.00754, dyn_sta_cos_loss: 0.00159, total_cos_loss : 0.00159, 
epoch  55 summary: dyn_dyn_cos_loss: 0.00753, dyn_sta_cos_loss: 0.00158, total_cos_loss : 0.00158, 
epoch  56 summary: dyn_dyn_cos_loss: 0.00753, dyn_sta_cos_loss: 0.00158, total_cos_loss : 0.00158, 
epoch  57 summary: dyn_dyn_cos_loss: 0.00753, dyn_sta_cos_loss: 0.00158, total_cos_loss : 0.00158, 
epoch  58 summary: dyn_dyn_cos_loss: 0.00753, dyn_sta_cos_loss: 0.00158, total_cos_loss : 0.00158, 
epoch  59 summary: dyn_dyn_cos_loss: 0.00753, dyn_sta_cos_loss: 0.00158, total_cos_loss : 0.00158, 
epoch  60 summary: dyn_dyn_cos_loss: 0.00752, dyn_sta_cos_loss: 0.00158, total_cos_loss : 0.00158, 
valid loss: 1.8245, valid acc: 0.5137
epoch  61 summary: dyn_dyn_cos_loss: 0.00752, dyn_sta_cos_loss: 0.00158, total_cos_loss : 0.00158, 
epoch  62 summary: dyn_dyn_cos_loss: 0.00752, dyn_sta_cos_loss: 0.00158, total_cos_loss : 0.00158, 
epoch  63 summary: dyn_dyn_cos_loss: 0.00752, dyn_sta_cos_loss: 0.00158, total_cos_loss : 0.00158, 
epoch  64 summary: dyn_dyn_cos_loss: 0.00751, dyn_sta_cos_loss: 0.00158, total_cos_loss : 0.00158, 
epoch  65 summary: dyn_dyn_cos_loss: 0.00752, dyn_sta_cos_loss: 0.00158, total_cos_loss : 0.00158, 
epoch  66 summary: dyn_dyn_cos_loss: 0.00752, dyn_sta_cos_loss: 0.00158, total_cos_loss : 0.00158, 
epoch  67 summary: dyn_dyn_cos_loss: 0.00752, dyn_sta_cos_loss: 0.00158, total_cos_loss : 0.00158, 
epoch  68 summary: dyn_dyn_cos_loss: 0.00752, dyn_sta_cos_loss: 0.00158, total_cos_loss : 0.00158, 
epoch  69 summary: dyn_dyn_cos_loss: 0.00752, dyn_sta_cos_loss: 0.00158, total_cos_loss : 0.00158, 
epoch  70 summary: dyn_dyn_cos_loss: 0.00752, dyn_sta_cos_loss: 0.00158, total_cos_loss : 0.00158, 
valid loss: 1.8046, valid acc: 0.5156
epoch  71 summary: dyn_dyn_cos_loss: 0.00752, dyn_sta_cos_loss: 0.00158, total_cos_loss : 0.00158, 
epoch  72 summary: dyn_dyn_cos_loss: 0.00751, dyn_sta_cos_loss: 0.00158, total_cos_loss : 0.00158, 
epoch  73 summary: dyn_dyn_cos_loss: 0.00752, dyn_sta_cos_loss: 0.00158, total_cos_loss : 0.00158, 
epoch  74 summary: dyn_dyn_cos_loss: 0.00752, dyn_sta_cos_loss: 0.00158, total_cos_loss : 0.00158, 
epoch  75 summary: dyn_dyn_cos_loss: 0.00736, dyn_sta_cos_loss: 0.00158, total_cos_loss : 0.00158, 
epoch  76 summary: dyn_dyn_cos_loss: 0.00736, dyn_sta_cos_loss: 0.00157, total_cos_loss : 0.00157, 
epoch  77 summary: dyn_dyn_cos_loss: 0.00736, dyn_sta_cos_loss: 0.00157, total_cos_loss : 0.00157, 
epoch  78 summary: dyn_dyn_cos_loss: 0.00735, dyn_sta_cos_loss: 0.00157, total_cos_loss : 0.00157, 
epoch  79 summary: dyn_dyn_cos_loss: 0.00735, dyn_sta_cos_loss: 0.00157, total_cos_loss : 0.00157, 
epoch  80 summary: dyn_dyn_cos_loss: 0.00735, dyn_sta_cos_loss: 0.00157, total_cos_loss : 0.00157, 
valid loss: 1.8060, valid acc: 0.5156
epoch  81 summary: dyn_dyn_cos_loss: 0.00735, dyn_sta_cos_loss: 0.00157, total_cos_loss : 0.00157, 
epoch  82 summary: dyn_dyn_cos_loss: 0.00735, dyn_sta_cos_loss: 0.00157, total_cos_loss : 0.00157, 
epoch  83 summary: dyn_dyn_cos_loss: 0.00735, dyn_sta_cos_loss: 0.00157, total_cos_loss : 0.00157, 
epoch  84 summary: dyn_dyn_cos_loss: 0.00735, dyn_sta_cos_loss: 0.00157, total_cos_loss : 0.00157, 
epoch  85 summary: dyn_dyn_cos_loss: 0.00735, dyn_sta_cos_loss: 0.00157, total_cos_loss : 0.00157, 
epoch  86 summary: dyn_dyn_cos_loss: 0.00735, dyn_sta_cos_loss: 0.00157, total_cos_loss : 0.00157, 
epoch  87 summary: dyn_dyn_cos_loss: 0.00735, dyn_sta_cos_loss: 0.00157, total_cos_loss : 0.00157, 
epoch  88 summary: dyn_dyn_cos_loss: 0.00735, dyn_sta_cos_loss: 0.00157, total_cos_loss : 0.00157, 
epoch  89 summary: dyn_dyn_cos_loss: 0.00735, dyn_sta_cos_loss: 0.00157, total_cos_loss : 0.00157, 
epoch  90 summary: dyn_dyn_cos_loss: 0.00738, dyn_sta_cos_loss: 0.00157, total_cos_loss : 0.00157, 
valid loss: 1.8019, valid acc: 0.5156
epoch  91 summary: dyn_dyn_cos_loss: 0.00739, dyn_sta_cos_loss: 0.00157, total_cos_loss : 0.00157, 
epoch  92 summary: dyn_dyn_cos_loss: 0.00739, dyn_sta_cos_loss: 0.00157, total_cos_loss : 0.00157, 
epoch  93 summary: dyn_dyn_cos_loss: 0.00739, dyn_sta_cos_loss: 0.00157, total_cos_loss : 0.00157, 
epoch  94 summary: dyn_dyn_cos_loss: 0.00739, dyn_sta_cos_loss: 0.00157, total_cos_loss : 0.00157, 
epoch  95 summary: dyn_dyn_cos_loss: 0.00739, dyn_sta_cos_loss: 0.00157, total_cos_loss : 0.00157, 
epoch  96 summary: dyn_dyn_cos_loss: 0.00739, dyn_sta_cos_loss: 0.00157, total_cos_loss : 0.00157, 
epoch  97 summary: dyn_dyn_cos_loss: 0.00739, dyn_sta_cos_loss: 0.00157, total_cos_loss : 0.00157, 
epoch  98 summary: dyn_dyn_cos_loss: 0.00739, dyn_sta_cos_loss: 0.00157, total_cos_loss : 0.00157, 
epoch  99 summary: dyn_dyn_cos_loss: 0.00739, dyn_sta_cos_loss: 0.00157, total_cos_loss : 0.00157, 
epoch 100 summary: dyn_dyn_cos_loss: 0.00739, dyn_sta_cos_loss: 0.00157, total_cos_loss : 0.00157, 
valid loss: 1.8021, valid acc: 0.5176
epoch 101 summary: dyn_dyn_cos_loss: 0.00739, dyn_sta_cos_loss: 0.00157, total_cos_loss : 0.00157, 
epoch 102 summary: dyn_dyn_cos_loss: 0.00739, dyn_sta_cos_loss: 0.00157, total_cos_loss : 0.00157, 
epoch 103 summary: dyn_dyn_cos_loss: 0.00739, dyn_sta_cos_loss: 0.00157, total_cos_loss : 0.00157, 
epoch 104 summary: dyn_dyn_cos_loss: 0.00739, dyn_sta_cos_loss: 0.00157, total_cos_loss : 0.00157, 
epoch 105 summary: dyn_dyn_cos_loss: 0.00745, dyn_sta_cos_loss: 0.00157, total_cos_loss : 0.00157, 
epoch 106 summary: dyn_dyn_cos_loss: 0.00746, dyn_sta_cos_loss: 0.00157, total_cos_loss : 0.00157, 
epoch 107 summary: dyn_dyn_cos_loss: 0.00746, dyn_sta_cos_loss: 0.00157, total_cos_loss : 0.00157, 
epoch 108 summary: dyn_dyn_cos_loss: 0.00746, dyn_sta_cos_loss: 0.00157, total_cos_loss : 0.00157, 
epoch 109 summary: dyn_dyn_cos_loss: 0.00746, dyn_sta_cos_loss: 0.00157, total_cos_loss : 0.00157, 
epoch 110 summary: dyn_dyn_cos_loss: 0.00746, dyn_sta_cos_loss: 0.00157, total_cos_loss : 0.00157, 
valid loss: 1.8018, valid acc: 0.5176
epoch 111 summary: dyn_dyn_cos_loss: 0.00746, dyn_sta_cos_loss: 0.00157, total_cos_loss : 0.00157, 
epoch 112 summary: dyn_dyn_cos_loss: 0.00746, dyn_sta_cos_loss: 0.00157, total_cos_loss : 0.00157, 
epoch 113 summary: dyn_dyn_cos_loss: 0.00746, dyn_sta_cos_loss: 0.00157, total_cos_loss : 0.00157, 
epoch 114 summary: dyn_dyn_cos_loss: 0.00746, dyn_sta_cos_loss: 0.00157, total_cos_loss : 0.00157, 
epoch 115 summary: dyn_dyn_cos_loss: 0.00746, dyn_sta_cos_loss: 0.00157, total_cos_loss : 0.00157, 
epoch 116 summary: dyn_dyn_cos_loss: 0.00746, dyn_sta_cos_loss: 0.00157, total_cos_loss : 0.00157, 
epoch 117 summary: dyn_dyn_cos_loss: 0.00746, dyn_sta_cos_loss: 0.00157, total_cos_loss : 0.00157, 
epoch 118 summary: dyn_dyn_cos_loss: 0.00746, dyn_sta_cos_loss: 0.00157, total_cos_loss : 0.00157, 
epoch 119 summary: dyn_dyn_cos_loss: 0.00746, dyn_sta_cos_loss: 0.00157, total_cos_loss : 0.00157, 
epoch 120 summary: dyn_dyn_cos_loss: 0.00745, dyn_sta_cos_loss: 0.00157, total_cos_loss : 0.00157, 
valid loss: 1.8090, valid acc: 0.5176
epoch 121 summary: dyn_dyn_cos_loss: 0.00745, dyn_sta_cos_loss: 0.00157, total_cos_loss : 0.00157, 
epoch 122 summary: dyn_dyn_cos_loss: 0.00745, dyn_sta_cos_loss: 0.00157, total_cos_loss : 0.00157, 
epoch 123 summary: dyn_dyn_cos_loss: 0.00745, dyn_sta_cos_loss: 0.00157, total_cos_loss : 0.00157, 
epoch 124 summary: dyn_dyn_cos_loss: 0.00745, dyn_sta_cos_loss: 0.00157, total_cos_loss : 0.00157, 
epoch 125 summary: dyn_dyn_cos_loss: 0.00745, dyn_sta_cos_loss: 0.00157, total_cos_loss : 0.00157, 
epoch 126 summary: dyn_dyn_cos_loss: 0.00747, dyn_sta_cos_loss: 0.00157, total_cos_loss : 0.00157, 
epoch 127 summary: dyn_dyn_cos_loss: 0.00747, dyn_sta_cos_loss: 0.00157, total_cos_loss : 0.00157, 
epoch 128 summary: dyn_dyn_cos_loss: 0.00747, dyn_sta_cos_loss: 0.00157, total_cos_loss : 0.00157, 
epoch 129 summary: dyn_dyn_cos_loss: 0.00747, dyn_sta_cos_loss: 0.00157, total_cos_loss : 0.00157, 
epoch 130 summary: dyn_dyn_cos_loss: 0.00747, dyn_sta_cos_loss: 0.00157, total_cos_loss : 0.00157, 
valid loss: 1.8033, valid acc: 0.5156
epoch 131 summary: dyn_dyn_cos_loss: 0.00747, dyn_sta_cos_loss: 0.00157, total_cos_loss : 0.00157, 
epoch 132 summary: dyn_dyn_cos_loss: 0.00747, dyn_sta_cos_loss: 0.00157, total_cos_loss : 0.00157, 
epoch 133 summary: dyn_dyn_cos_loss: 0.00747, dyn_sta_cos_loss: 0.00157, total_cos_loss : 0.00157, 
epoch 134 summary: dyn_dyn_cos_loss: 0.00747, dyn_sta_cos_loss: 0.00157, total_cos_loss : 0.00157, 
epoch 135 summary: dyn_dyn_cos_loss: 0.00761, dyn_sta_cos_loss: 0.00157, total_cos_loss : 0.00157, 
epoch 136 summary: dyn_dyn_cos_loss: 0.00761, dyn_sta_cos_loss: 0.00157, total_cos_loss : 0.00157, 
epoch 137 summary: dyn_dyn_cos_loss: 0.00761, dyn_sta_cos_loss: 0.00157, total_cos_loss : 0.00157, 
epoch 138 summary: dyn_dyn_cos_loss: 0.00761, dyn_sta_cos_loss: 0.00157, total_cos_loss : 0.00157, 
epoch 139 summary: dyn_dyn_cos_loss: 0.00761, dyn_sta_cos_loss: 0.00157, total_cos_loss : 0.00157, 
epoch 140 summary: dyn_dyn_cos_loss: 0.00761, dyn_sta_cos_loss: 0.00157, total_cos_loss : 0.00157, 
valid loss: 1.7990, valid acc: 0.5156
epoch 141 summary: dyn_dyn_cos_loss: 0.00761, dyn_sta_cos_loss: 0.00157, total_cos_loss : 0.00157, 
epoch 142 summary: dyn_dyn_cos_loss: 0.00761, dyn_sta_cos_loss: 0.00157, total_cos_loss : 0.00157, 
epoch 143 summary: dyn_dyn_cos_loss: 0.00761, dyn_sta_cos_loss: 0.00157, total_cos_loss : 0.00157, 
epoch 144 summary: dyn_dyn_cos_loss: 0.00760, dyn_sta_cos_loss: 0.00157, total_cos_loss : 0.00157, 
epoch 145 summary: dyn_dyn_cos_loss: 0.00761, dyn_sta_cos_loss: 0.00157, total_cos_loss : 0.00157, 
epoch 146 summary: dyn_dyn_cos_loss: 0.00761, dyn_sta_cos_loss: 0.00157, total_cos_loss : 0.00157, 
epoch 147 summary: dyn_dyn_cos_loss: 0.00761, dyn_sta_cos_loss: 0.00157, total_cos_loss : 0.00157, 
epoch 148 summary: dyn_dyn_cos_loss: 0.00761, dyn_sta_cos_loss: 0.00157, total_cos_loss : 0.00157, 
epoch 149 summary: dyn_dyn_cos_loss: 0.00761, dyn_sta_cos_loss: 0.00157, total_cos_loss : 0.00157, 
epoch 150 summary: dyn_dyn_cos_loss: 0.00752, dyn_sta_cos_loss: 0.00157, total_cos_loss : 0.00157, 
valid loss: 1.7934, valid acc: 0.5195
epoch 151 summary: dyn_dyn_cos_loss: 0.00752, dyn_sta_cos_loss: 0.00157, total_cos_loss : 0.00157, 
epoch 152 summary: dyn_dyn_cos_loss: 0.00752, dyn_sta_cos_loss: 0.00157, total_cos_loss : 0.00157, 
epoch 153 summary: dyn_dyn_cos_loss: 0.00752, dyn_sta_cos_loss: 0.00157, total_cos_loss : 0.00157, 
epoch 154 summary: dyn_dyn_cos_loss: 0.00752, dyn_sta_cos_loss: 0.00157, total_cos_loss : 0.00157, 
epoch 155 summary: dyn_dyn_cos_loss: 0.00752, dyn_sta_cos_loss: 0.00157, total_cos_loss : 0.00157, 
epoch 156 summary: dyn_dyn_cos_loss: 0.00752, dyn_sta_cos_loss: 0.00157, total_cos_loss : 0.00157, 
epoch 157 summary: dyn_dyn_cos_loss: 0.00752, dyn_sta_cos_loss: 0.00157, total_cos_loss : 0.00157, 
epoch 158 summary: dyn_dyn_cos_loss: 0.00752, dyn_sta_cos_loss: 0.00157, total_cos_loss : 0.00157, 
epoch 159 summary: dyn_dyn_cos_loss: 0.00752, dyn_sta_cos_loss: 0.00157, total_cos_loss : 0.00157, 
epoch 160 summary: dyn_dyn_cos_loss: 0.00752, dyn_sta_cos_loss: 0.00157, total_cos_loss : 0.00157, 
valid loss: 1.7934, valid acc: 0.5195
epoch 161 summary: dyn_dyn_cos_loss: 0.00752, dyn_sta_cos_loss: 0.00157, total_cos_loss : 0.00157, 
epoch 162 summary: dyn_dyn_cos_loss: 0.00752, dyn_sta_cos_loss: 0.00157, total_cos_loss : 0.00157, 
epoch 163 summary: dyn_dyn_cos_loss: 0.00752, dyn_sta_cos_loss: 0.00157, total_cos_loss : 0.00157, 
epoch 164 summary: dyn_dyn_cos_loss: 0.00752, dyn_sta_cos_loss: 0.00157, total_cos_loss : 0.00157, 
epoch 165 summary: dyn_dyn_cos_loss: 0.00759, dyn_sta_cos_loss: 0.00157, total_cos_loss : 0.00157, 
epoch 166 summary: dyn_dyn_cos_loss: 0.00759, dyn_sta_cos_loss: 0.00156, total_cos_loss : 0.00156, 
epoch 167 summary: dyn_dyn_cos_loss: 0.00759, dyn_sta_cos_loss: 0.00156, total_cos_loss : 0.00156, 
epoch 168 summary: dyn_dyn_cos_loss: 0.00759, dyn_sta_cos_loss: 0.00156, total_cos_loss : 0.00156, 
epoch 169 summary: dyn_dyn_cos_loss: 0.00759, dyn_sta_cos_loss: 0.00156, total_cos_loss : 0.00156, 
epoch 170 summary: dyn_dyn_cos_loss: 0.00759, dyn_sta_cos_loss: 0.00156, total_cos_loss : 0.00156, 
valid loss: 1.7872, valid acc: 0.5234
epoch 171 summary: dyn_dyn_cos_loss: 0.00759, dyn_sta_cos_loss: 0.00156, total_cos_loss : 0.00156, 
epoch 172 summary: dyn_dyn_cos_loss: 0.00759, dyn_sta_cos_loss: 0.00156, total_cos_loss : 0.00156, 
epoch 173 summary: dyn_dyn_cos_loss: 0.00759, dyn_sta_cos_loss: 0.00156, total_cos_loss : 0.00156, 
epoch 174 summary: dyn_dyn_cos_loss: 0.00759, dyn_sta_cos_loss: 0.00156, total_cos_loss : 0.00156, 
epoch 175 summary: dyn_dyn_cos_loss: 0.00759, dyn_sta_cos_loss: 0.00156, total_cos_loss : 0.00156, 
epoch 176 summary: dyn_dyn_cos_loss: 0.00759, dyn_sta_cos_loss: 0.00156, total_cos_loss : 0.00156, 
epoch 177 summary: dyn_dyn_cos_loss: 0.00760, dyn_sta_cos_loss: 0.00156, total_cos_loss : 0.00156, 
epoch 178 summary: dyn_dyn_cos_loss: 0.00759, dyn_sta_cos_loss: 0.00156, total_cos_loss : 0.00156, 
epoch 179 summary: dyn_dyn_cos_loss: 0.00759, dyn_sta_cos_loss: 0.00156, total_cos_loss : 0.00156, 
epoch 180 summary: dyn_dyn_cos_loss: 0.00753, dyn_sta_cos_loss: 0.00156, total_cos_loss : 0.00156, 
valid loss: 1.7850, valid acc: 0.5254
epoch 181 summary: dyn_dyn_cos_loss: 0.00753, dyn_sta_cos_loss: 0.00156, total_cos_loss : 0.00156, 
epoch 182 summary: dyn_dyn_cos_loss: 0.00753, dyn_sta_cos_loss: 0.00156, total_cos_loss : 0.00156, 
epoch 183 summary: dyn_dyn_cos_loss: 0.00753, dyn_sta_cos_loss: 0.00156, total_cos_loss : 0.00156, 
epoch 184 summary: dyn_dyn_cos_loss: 0.00753, dyn_sta_cos_loss: 0.00156, total_cos_loss : 0.00156, 
epoch 185 summary: dyn_dyn_cos_loss: 0.00753, dyn_sta_cos_loss: 0.00156, total_cos_loss : 0.00156, 
epoch 186 summary: dyn_dyn_cos_loss: 0.00753, dyn_sta_cos_loss: 0.00156, total_cos_loss : 0.00156, 
epoch 187 summary: dyn_dyn_cos_loss: 0.00753, dyn_sta_cos_loss: 0.00156, total_cos_loss : 0.00156, 
epoch 188 summary: dyn_dyn_cos_loss: 0.00753, dyn_sta_cos_loss: 0.00156, total_cos_loss : 0.00156, 
epoch 189 summary: dyn_dyn_cos_loss: 0.00753, dyn_sta_cos_loss: 0.00156, total_cos_loss : 0.00156, 
epoch 190 summary: dyn_dyn_cos_loss: 0.00753, dyn_sta_cos_loss: 0.00156, total_cos_loss : 0.00156, 
valid loss: 1.7783, valid acc: 0.5254
epoch 191 summary: dyn_dyn_cos_loss: 0.00753, dyn_sta_cos_loss: 0.00156, total_cos_loss : 0.00156, 
epoch 192 summary: dyn_dyn_cos_loss: 0.00753, dyn_sta_cos_loss: 0.00156, total_cos_loss : 0.00156, 
epoch 193 summary: dyn_dyn_cos_loss: 0.00753, dyn_sta_cos_loss: 0.00156, total_cos_loss : 0.00156, 
epoch 194 summary: dyn_dyn_cos_loss: 0.00753, dyn_sta_cos_loss: 0.00156, total_cos_loss : 0.00156, 
epoch 195 summary: dyn_dyn_cos_loss: 0.00736, dyn_sta_cos_loss: 0.00156, total_cos_loss : 0.00156, 
epoch 196 summary: dyn_dyn_cos_loss: 0.00736, dyn_sta_cos_loss: 0.00156, total_cos_loss : 0.00156, 
epoch 197 summary: dyn_dyn_cos_loss: 0.00736, dyn_sta_cos_loss: 0.00156, total_cos_loss : 0.00156, 
epoch 198 summary: dyn_dyn_cos_loss: 0.00736, dyn_sta_cos_loss: 0.00156, total_cos_loss : 0.00156, 
epoch 199 summary: dyn_dyn_cos_loss: 0.00736, dyn_sta_cos_loss: 0.00156, total_cos_loss : 0.00156, 
all                          46057.497ms
all_epoch                    45955.253ms
all_preparation                102.205ms
all_preparation_2              100.690ms
all_preparation_3                1.491ms
epoch                          165.595ms
epoch_pos_train                  4.845ms
epoch_preparation                0.518ms
epoch_train                    157.312ms
epoch_valid                      1.998ms
----------------------------------------
all                          46057.497ms
  all_epoch             99.78%
  all_preparation        0.22%
all_preparation                102.205ms
  all_preparation_2     98.52%
  all_preparation_3      1.46%
epoch                        33118.910ms
  epoch_train           95.00%
  epoch_pos_train        2.93%
  epoch_valid            1.21%
  epoch_preparation      0.31%
