Before CTE Training: train eu loss: 1.057024359703064, eval eu loss: 1.492782711982727
Before CTE Training: train eu acc: 0.66552734375, eval eu acc: 0.560546875
epoch   0 summary: dyn_dyn_cos_loss: 0.02364, dyn_sta_cos_loss: 0.00712, total_cos_loss : 0.01208, vocab_cro_loss : 4.48647, 
train loss: 3.6663, train acc: 0.2090
epoch   1 summary: dyn_dyn_cos_loss: 0.02262, dyn_sta_cos_loss: 0.00653, total_cos_loss : 0.01135, vocab_cro_loss : 3.66599, 
epoch   2 summary: dyn_dyn_cos_loss: 0.02096, dyn_sta_cos_loss: 0.00576, total_cos_loss : 0.01032, vocab_cro_loss : 2.88066, 
epoch   3 summary: dyn_dyn_cos_loss: 0.01870, dyn_sta_cos_loss: 0.00508, total_cos_loss : 0.00917, vocab_cro_loss : 2.43713, 
epoch   4 summary: dyn_dyn_cos_loss: 0.01615, dyn_sta_cos_loss: 0.00444, total_cos_loss : 0.00796, vocab_cro_loss : 2.15669, 
epoch   5 summary: dyn_dyn_cos_loss: 0.01363, dyn_sta_cos_loss: 0.00383, total_cos_loss : 0.00677, vocab_cro_loss : 2.00527, 
epoch   6 summary: dyn_dyn_cos_loss: 0.01134, dyn_sta_cos_loss: 0.00334, total_cos_loss : 0.00574, vocab_cro_loss : 1.85407, 
epoch   7 summary: dyn_dyn_cos_loss: 0.00946, dyn_sta_cos_loss: 0.00303, total_cos_loss : 0.00496, vocab_cro_loss : 1.79412, 
epoch   8 summary: dyn_dyn_cos_loss: 0.00784, dyn_sta_cos_loss: 0.00279, total_cos_loss : 0.00430, vocab_cro_loss : 1.72768, 
epoch   9 summary: dyn_dyn_cos_loss: 0.00652, dyn_sta_cos_loss: 0.00262, total_cos_loss : 0.00379, vocab_cro_loss : 1.70233, 
epoch  10 summary: dyn_dyn_cos_loss: 0.00540, dyn_sta_cos_loss: 0.00247, total_cos_loss : 0.00335, vocab_cro_loss : 1.65435, 
train loss: 1.6637, train acc: 0.5571
epoch  11 summary: dyn_dyn_cos_loss: 0.00459, dyn_sta_cos_loss: 0.00240, total_cos_loss : 0.00306, vocab_cro_loss : 1.66334, 
epoch  12 summary: dyn_dyn_cos_loss: 0.00387, dyn_sta_cos_loss: 0.00231, total_cos_loss : 0.00278, vocab_cro_loss : 1.57683, 
epoch  13 summary: dyn_dyn_cos_loss: 0.00333, dyn_sta_cos_loss: 0.00222, total_cos_loss : 0.00256, vocab_cro_loss : 1.59861, 
epoch  14 summary: dyn_dyn_cos_loss: 0.00291, dyn_sta_cos_loss: 0.00218, total_cos_loss : 0.00240, vocab_cro_loss : 1.59889, 
epoch  15 summary: dyn_dyn_cos_loss: 0.00293, dyn_sta_cos_loss: 0.00219, total_cos_loss : 0.00241, vocab_cro_loss : 1.54085, 
epoch  16 summary: dyn_dyn_cos_loss: 0.00266, dyn_sta_cos_loss: 0.00205, total_cos_loss : 0.00223, vocab_cro_loss : 1.50198, 
epoch  17 summary: dyn_dyn_cos_loss: 0.00242, dyn_sta_cos_loss: 0.00195, total_cos_loss : 0.00209, vocab_cro_loss : 1.46340, 
epoch  18 summary: dyn_dyn_cos_loss: 0.00225, dyn_sta_cos_loss: 0.00186, total_cos_loss : 0.00198, vocab_cro_loss : 1.43360, 
epoch  19 summary: dyn_dyn_cos_loss: 0.00210, dyn_sta_cos_loss: 0.00189, total_cos_loss : 0.00196, vocab_cro_loss : 1.40837, 
epoch  20 summary: dyn_dyn_cos_loss: 0.00200, dyn_sta_cos_loss: 0.00186, total_cos_loss : 0.00190, vocab_cro_loss : 1.39891, 
train loss: 1.3775, train acc: 0.5996
epoch  21 summary: dyn_dyn_cos_loss: 0.00192, dyn_sta_cos_loss: 0.00182, total_cos_loss : 0.00185, vocab_cro_loss : 1.37747, 
epoch  22 summary: dyn_dyn_cos_loss: 0.00185, dyn_sta_cos_loss: 0.00174, total_cos_loss : 0.00178, vocab_cro_loss : 1.36277, 
epoch  23 summary: dyn_dyn_cos_loss: 0.00180, dyn_sta_cos_loss: 0.00177, total_cos_loss : 0.00178, vocab_cro_loss : 1.37106, 
epoch  24 summary: dyn_dyn_cos_loss: 0.00175, dyn_sta_cos_loss: 0.00172, total_cos_loss : 0.00173, vocab_cro_loss : 1.35246, 
epoch  25 summary: dyn_dyn_cos_loss: 0.00172, dyn_sta_cos_loss: 0.00174, total_cos_loss : 0.00173, vocab_cro_loss : 1.35677, 
epoch  26 summary: dyn_dyn_cos_loss: 0.00169, dyn_sta_cos_loss: 0.00171, total_cos_loss : 0.00170, vocab_cro_loss : 1.34924, 
epoch  27 summary: dyn_dyn_cos_loss: 0.00166, dyn_sta_cos_loss: 0.00170, total_cos_loss : 0.00169, vocab_cro_loss : 1.33842, 
epoch  28 summary: dyn_dyn_cos_loss: 0.00165, dyn_sta_cos_loss: 0.00172, total_cos_loss : 0.00170, vocab_cro_loss : 1.31880, 
epoch  29 summary: dyn_dyn_cos_loss: 0.00163, dyn_sta_cos_loss: 0.00165, total_cos_loss : 0.00165, vocab_cro_loss : 1.31177, 
epoch  30 summary: dyn_dyn_cos_loss: 0.00172, dyn_sta_cos_loss: 0.00164, total_cos_loss : 0.00167, vocab_cro_loss : 1.30442, 
train loss: 1.3026, train acc: 0.6116
epoch  31 summary: dyn_dyn_cos_loss: 0.00168, dyn_sta_cos_loss: 0.00161, total_cos_loss : 0.00163, vocab_cro_loss : 1.30254, 
epoch  32 summary: dyn_dyn_cos_loss: 0.00165, dyn_sta_cos_loss: 0.00162, total_cos_loss : 0.00163, vocab_cro_loss : 1.30046, 
epoch  33 summary: dyn_dyn_cos_loss: 0.00163, dyn_sta_cos_loss: 0.00158, total_cos_loss : 0.00160, vocab_cro_loss : 1.29865, 
epoch  34 summary: dyn_dyn_cos_loss: 0.00161, dyn_sta_cos_loss: 0.00159, total_cos_loss : 0.00160, vocab_cro_loss : 1.29802, 
epoch  35 summary: dyn_dyn_cos_loss: 0.00160, dyn_sta_cos_loss: 0.00159, total_cos_loss : 0.00159, vocab_cro_loss : 1.30232, 
epoch  36 summary: dyn_dyn_cos_loss: 0.00158, dyn_sta_cos_loss: 0.00157, total_cos_loss : 0.00158, vocab_cro_loss : 1.29366, 
epoch  37 summary: dyn_dyn_cos_loss: 0.00157, dyn_sta_cos_loss: 0.00159, total_cos_loss : 0.00158, vocab_cro_loss : 1.29075, 
epoch  38 summary: dyn_dyn_cos_loss: 0.00155, dyn_sta_cos_loss: 0.00160, total_cos_loss : 0.00158, vocab_cro_loss : 1.28946, 
epoch  39 summary: dyn_dyn_cos_loss: 0.00153, dyn_sta_cos_loss: 0.00158, total_cos_loss : 0.00157, vocab_cro_loss : 1.28799, 
epoch  40 summary: dyn_dyn_cos_loss: 0.00152, dyn_sta_cos_loss: 0.00158, total_cos_loss : 0.00156, vocab_cro_loss : 1.29635, 
train loss: 1.3015, train acc: 0.6140
epoch  41 summary: dyn_dyn_cos_loss: 0.00152, dyn_sta_cos_loss: 0.00159, total_cos_loss : 0.00157, vocab_cro_loss : 1.30142, 
epoch  42 summary: dyn_dyn_cos_loss: 0.00152, dyn_sta_cos_loss: 0.00155, total_cos_loss : 0.00154, vocab_cro_loss : 1.29306, 
epoch  43 summary: dyn_dyn_cos_loss: 0.00151, dyn_sta_cos_loss: 0.00154, total_cos_loss : 0.00153, vocab_cro_loss : 1.29719, 
epoch  44 summary: dyn_dyn_cos_loss: 0.00151, dyn_sta_cos_loss: 0.00152, total_cos_loss : 0.00151, vocab_cro_loss : 1.29801, 
epoch  45 summary: dyn_dyn_cos_loss: 0.00159, dyn_sta_cos_loss: 0.00154, total_cos_loss : 0.00156, vocab_cro_loss : 1.29349, 
epoch  46 summary: dyn_dyn_cos_loss: 0.00156, dyn_sta_cos_loss: 0.00153, total_cos_loss : 0.00154, vocab_cro_loss : 1.28593, 
epoch  47 summary: dyn_dyn_cos_loss: 0.00154, dyn_sta_cos_loss: 0.00152, total_cos_loss : 0.00152, vocab_cro_loss : 1.28641, 
epoch  48 summary: dyn_dyn_cos_loss: 0.00153, dyn_sta_cos_loss: 0.00152, total_cos_loss : 0.00152, vocab_cro_loss : 1.28425, 
epoch  49 summary: dyn_dyn_cos_loss: 0.00152, dyn_sta_cos_loss: 0.00154, total_cos_loss : 0.00153, vocab_cro_loss : 1.28082, 
epoch  50 summary: dyn_dyn_cos_loss: 0.00151, dyn_sta_cos_loss: 0.00150, total_cos_loss : 0.00151, vocab_cro_loss : 1.29152, 
train loss: 1.2868, train acc: 0.6165
epoch  51 summary: dyn_dyn_cos_loss: 0.00150, dyn_sta_cos_loss: 0.00152, total_cos_loss : 0.00152, vocab_cro_loss : 1.28680, 
epoch  52 summary: dyn_dyn_cos_loss: 0.00150, dyn_sta_cos_loss: 0.00152, total_cos_loss : 0.00151, vocab_cro_loss : 1.28408, 
epoch  53 summary: dyn_dyn_cos_loss: 0.00149, dyn_sta_cos_loss: 0.00150, total_cos_loss : 0.00150, vocab_cro_loss : 1.27826, 
epoch  54 summary: dyn_dyn_cos_loss: 0.00149, dyn_sta_cos_loss: 0.00158, total_cos_loss : 0.00155, vocab_cro_loss : 1.28527, 
epoch  55 summary: dyn_dyn_cos_loss: 0.00148, dyn_sta_cos_loss: 0.00153, total_cos_loss : 0.00152, vocab_cro_loss : 1.28228, 
epoch  56 summary: dyn_dyn_cos_loss: 0.00147, dyn_sta_cos_loss: 0.00147, total_cos_loss : 0.00147, vocab_cro_loss : 1.27612, 
epoch  57 summary: dyn_dyn_cos_loss: 0.00146, dyn_sta_cos_loss: 0.00150, total_cos_loss : 0.00149, vocab_cro_loss : 1.28288, 
epoch  58 summary: dyn_dyn_cos_loss: 0.00145, dyn_sta_cos_loss: 0.00152, total_cos_loss : 0.00150, vocab_cro_loss : 1.27891, 
epoch  59 summary: dyn_dyn_cos_loss: 0.00145, dyn_sta_cos_loss: 0.00151, total_cos_loss : 0.00149, vocab_cro_loss : 1.27422, 
epoch  60 summary: dyn_dyn_cos_loss: 0.00152, dyn_sta_cos_loss: 0.00150, total_cos_loss : 0.00150, vocab_cro_loss : 1.26980, 
train loss: 1.2737, train acc: 0.6218
epoch  61 summary: dyn_dyn_cos_loss: 0.00149, dyn_sta_cos_loss: 0.00147, total_cos_loss : 0.00148, vocab_cro_loss : 1.27364, 
epoch  62 summary: dyn_dyn_cos_loss: 0.00146, dyn_sta_cos_loss: 0.00144, total_cos_loss : 0.00145, vocab_cro_loss : 1.27230, 
epoch  63 summary: dyn_dyn_cos_loss: 0.00145, dyn_sta_cos_loss: 0.00143, total_cos_loss : 0.00143, vocab_cro_loss : 1.27143, 
epoch  64 summary: dyn_dyn_cos_loss: 0.00143, dyn_sta_cos_loss: 0.00142, total_cos_loss : 0.00143, vocab_cro_loss : 1.26928, 
epoch  65 summary: dyn_dyn_cos_loss: 0.00142, dyn_sta_cos_loss: 0.00142, total_cos_loss : 0.00142, vocab_cro_loss : 1.26746, 
epoch  66 summary: dyn_dyn_cos_loss: 0.00143, dyn_sta_cos_loss: 0.00142, total_cos_loss : 0.00142, vocab_cro_loss : 1.27209, 
epoch  67 summary: dyn_dyn_cos_loss: 0.00143, dyn_sta_cos_loss: 0.00140, total_cos_loss : 0.00141, vocab_cro_loss : 1.27250, 
epoch  68 summary: dyn_dyn_cos_loss: 0.00142, dyn_sta_cos_loss: 0.00140, total_cos_loss : 0.00141, vocab_cro_loss : 1.27029, 
epoch  69 summary: dyn_dyn_cos_loss: 0.00142, dyn_sta_cos_loss: 0.00139, total_cos_loss : 0.00140, vocab_cro_loss : 1.26264, 
epoch  70 summary: dyn_dyn_cos_loss: 0.00142, dyn_sta_cos_loss: 0.00138, total_cos_loss : 0.00139, vocab_cro_loss : 1.26556, 
train loss: 1.2641, train acc: 0.6243
epoch  71 summary: dyn_dyn_cos_loss: 0.00141, dyn_sta_cos_loss: 0.00141, total_cos_loss : 0.00141, vocab_cro_loss : 1.26405, 
epoch  72 summary: dyn_dyn_cos_loss: 0.00141, dyn_sta_cos_loss: 0.00138, total_cos_loss : 0.00139, vocab_cro_loss : 1.25833, 
epoch  73 summary: dyn_dyn_cos_loss: 0.00141, dyn_sta_cos_loss: 0.00138, total_cos_loss : 0.00139, vocab_cro_loss : 1.25955, 
epoch  74 summary: dyn_dyn_cos_loss: 0.00140, dyn_sta_cos_loss: 0.00140, total_cos_loss : 0.00140, vocab_cro_loss : 1.26493, 
epoch  75 summary: dyn_dyn_cos_loss: 0.00148, dyn_sta_cos_loss: 0.00140, total_cos_loss : 0.00142, vocab_cro_loss : 1.26306, 
epoch  76 summary: dyn_dyn_cos_loss: 0.00146, dyn_sta_cos_loss: 0.00140, total_cos_loss : 0.00142, vocab_cro_loss : 1.26286, 
epoch  77 summary: dyn_dyn_cos_loss: 0.00145, dyn_sta_cos_loss: 0.00140, total_cos_loss : 0.00142, vocab_cro_loss : 1.26735, 
epoch  78 summary: dyn_dyn_cos_loss: 0.00143, dyn_sta_cos_loss: 0.00142, total_cos_loss : 0.00142, vocab_cro_loss : 1.26595, 
epoch  79 summary: dyn_dyn_cos_loss: 0.00143, dyn_sta_cos_loss: 0.00146, total_cos_loss : 0.00145, vocab_cro_loss : 1.26223, 
epoch  80 summary: dyn_dyn_cos_loss: 0.00142, dyn_sta_cos_loss: 0.00143, total_cos_loss : 0.00143, vocab_cro_loss : 1.26599, 
train loss: 1.2667, train acc: 0.6260
epoch  81 summary: dyn_dyn_cos_loss: 0.00141, dyn_sta_cos_loss: 0.00144, total_cos_loss : 0.00143, vocab_cro_loss : 1.26668, 
epoch  82 summary: dyn_dyn_cos_loss: 0.00141, dyn_sta_cos_loss: 0.00142, total_cos_loss : 0.00141, vocab_cro_loss : 1.27731, 
epoch  83 summary: dyn_dyn_cos_loss: 0.00140, dyn_sta_cos_loss: 0.00143, total_cos_loss : 0.00142, vocab_cro_loss : 1.27846, 
epoch  84 summary: dyn_dyn_cos_loss: 0.00139, dyn_sta_cos_loss: 0.00142, total_cos_loss : 0.00141, vocab_cro_loss : 1.27296, 
epoch  85 summary: dyn_dyn_cos_loss: 0.00139, dyn_sta_cos_loss: 0.00139, total_cos_loss : 0.00139, vocab_cro_loss : 1.27635, 
epoch  86 summary: dyn_dyn_cos_loss: 0.00138, dyn_sta_cos_loss: 0.00137, total_cos_loss : 0.00137, vocab_cro_loss : 1.27508, 
epoch  87 summary: dyn_dyn_cos_loss: 0.00137, dyn_sta_cos_loss: 0.00137, total_cos_loss : 0.00137, vocab_cro_loss : 1.27326, 
epoch  88 summary: dyn_dyn_cos_loss: 0.00136, dyn_sta_cos_loss: 0.00133, total_cos_loss : 0.00134, vocab_cro_loss : 1.27771, 
epoch  89 summary: dyn_dyn_cos_loss: 0.00136, dyn_sta_cos_loss: 0.00132, total_cos_loss : 0.00133, vocab_cro_loss : 1.27953, 
epoch  90 summary: dyn_dyn_cos_loss: 0.00143, dyn_sta_cos_loss: 0.00132, total_cos_loss : 0.00135, vocab_cro_loss : 1.27403, 
train loss: 1.2679, train acc: 0.6243
epoch  91 summary: dyn_dyn_cos_loss: 0.00141, dyn_sta_cos_loss: 0.00131, total_cos_loss : 0.00134, vocab_cro_loss : 1.26790, 
epoch  92 summary: dyn_dyn_cos_loss: 0.00139, dyn_sta_cos_loss: 0.00134, total_cos_loss : 0.00135, vocab_cro_loss : 1.26967, 
epoch  93 summary: dyn_dyn_cos_loss: 0.00138, dyn_sta_cos_loss: 0.00131, total_cos_loss : 0.00133, vocab_cro_loss : 1.27236, 
epoch  94 summary: dyn_dyn_cos_loss: 0.00138, dyn_sta_cos_loss: 0.00130, total_cos_loss : 0.00132, vocab_cro_loss : 1.27269, 
epoch  95 summary: dyn_dyn_cos_loss: 0.00137, dyn_sta_cos_loss: 0.00130, total_cos_loss : 0.00132, vocab_cro_loss : 1.26167, 
epoch  96 summary: dyn_dyn_cos_loss: 0.00136, dyn_sta_cos_loss: 0.00130, total_cos_loss : 0.00132, vocab_cro_loss : 1.27652, 
epoch  97 summary: dyn_dyn_cos_loss: 0.00136, dyn_sta_cos_loss: 0.00128, total_cos_loss : 0.00130, vocab_cro_loss : 1.27793, 
epoch  98 summary: dyn_dyn_cos_loss: 0.00136, dyn_sta_cos_loss: 0.00130, total_cos_loss : 0.00131, vocab_cro_loss : 1.26571, 
epoch  99 summary: dyn_dyn_cos_loss: 0.00136, dyn_sta_cos_loss: 0.00132, total_cos_loss : 0.00133, vocab_cro_loss : 1.26937, 
train loss: 1.2562, train acc: 0.6206
all                         323312.280ms
all_epoch                   318295.920ms
all_preparation               5016.313ms
all_preparation_2             5013.602ms
all_preparation_3                2.682ms
epoch                         3006.548ms
epoch_pos_train                  4.122ms
epoch_preparation               21.420ms
epoch_train                   2952.075ms
epoch_valid                     25.434ms
----------------------------------------
all                         323312.280ms
  all_epoch             98.45%
  all_preparation        1.55%
all_preparation               5016.313ms
  all_preparation_2     99.95%
  all_preparation_3      0.05%
epoch                       300654.845ms
  epoch_train           98.19%
  epoch_valid            0.85%
  epoch_preparation      0.71%
  epoch_pos_train        0.14%
epoch   0 summary: dyn_dyn_cos_loss: 0.02072, dyn_sta_cos_loss: 0.00687, total_cos_loss : 0.01103, 
valid loss: 3.7315, valid acc: 0.1230
epoch   1 summary: dyn_dyn_cos_loss: 0.01540, dyn_sta_cos_loss: 0.00550, total_cos_loss : 0.00847, 
epoch   2 summary: dyn_dyn_cos_loss: 0.01137, dyn_sta_cos_loss: 0.00447, total_cos_loss : 0.00654, 
epoch   3 summary: dyn_dyn_cos_loss: 0.00855, dyn_sta_cos_loss: 0.00367, total_cos_loss : 0.00513, 
epoch   4 summary: dyn_dyn_cos_loss: 0.00648, dyn_sta_cos_loss: 0.00309, total_cos_loss : 0.00411, 
epoch   5 summary: dyn_dyn_cos_loss: 0.00497, dyn_sta_cos_loss: 0.00266, total_cos_loss : 0.00336, 
epoch   6 summary: dyn_dyn_cos_loss: 0.00390, dyn_sta_cos_loss: 0.00232, total_cos_loss : 0.00280, 
epoch   7 summary: dyn_dyn_cos_loss: 0.00314, dyn_sta_cos_loss: 0.00206, total_cos_loss : 0.00238, 
epoch   8 summary: dyn_dyn_cos_loss: 0.00264, dyn_sta_cos_loss: 0.00188, total_cos_loss : 0.00211, 
epoch   9 summary: dyn_dyn_cos_loss: 0.00227, dyn_sta_cos_loss: 0.00174, total_cos_loss : 0.00190, 
epoch  10 summary: dyn_dyn_cos_loss: 0.00200, dyn_sta_cos_loss: 0.00162, total_cos_loss : 0.00173, 
valid loss: 1.8622, valid acc: 0.5195
epoch  11 summary: dyn_dyn_cos_loss: 0.00183, dyn_sta_cos_loss: 0.00154, total_cos_loss : 0.00163, 
epoch  12 summary: dyn_dyn_cos_loss: 0.00171, dyn_sta_cos_loss: 0.00148, total_cos_loss : 0.00155, 
epoch  13 summary: dyn_dyn_cos_loss: 0.00161, dyn_sta_cos_loss: 0.00144, total_cos_loss : 0.00149, 
epoch  14 summary: dyn_dyn_cos_loss: 0.00155, dyn_sta_cos_loss: 0.00140, total_cos_loss : 0.00145, 
epoch  15 summary: dyn_dyn_cos_loss: 0.00164, dyn_sta_cos_loss: 0.00138, total_cos_loss : 0.00145, 
epoch  16 summary: dyn_dyn_cos_loss: 0.00158, dyn_sta_cos_loss: 0.00136, total_cos_loss : 0.00142, 
epoch  17 summary: dyn_dyn_cos_loss: 0.00153, dyn_sta_cos_loss: 0.00133, total_cos_loss : 0.00139, 
epoch  18 summary: dyn_dyn_cos_loss: 0.00149, dyn_sta_cos_loss: 0.00132, total_cos_loss : 0.00137, 
epoch  19 summary: dyn_dyn_cos_loss: 0.00146, dyn_sta_cos_loss: 0.00130, total_cos_loss : 0.00135, 
epoch  20 summary: dyn_dyn_cos_loss: 0.00144, dyn_sta_cos_loss: 0.00129, total_cos_loss : 0.00133, 
valid loss: 1.7847, valid acc: 0.5625
epoch  21 summary: dyn_dyn_cos_loss: 0.00142, dyn_sta_cos_loss: 0.00128, total_cos_loss : 0.00132, 
epoch  22 summary: dyn_dyn_cos_loss: 0.00141, dyn_sta_cos_loss: 0.00127, total_cos_loss : 0.00131, 
epoch  23 summary: dyn_dyn_cos_loss: 0.00139, dyn_sta_cos_loss: 0.00127, total_cos_loss : 0.00130, 
epoch  24 summary: dyn_dyn_cos_loss: 0.00139, dyn_sta_cos_loss: 0.00126, total_cos_loss : 0.00130, 
epoch  25 summary: dyn_dyn_cos_loss: 0.00138, dyn_sta_cos_loss: 0.00126, total_cos_loss : 0.00129, 
epoch  26 summary: dyn_dyn_cos_loss: 0.00138, dyn_sta_cos_loss: 0.00125, total_cos_loss : 0.00129, 
epoch  27 summary: dyn_dyn_cos_loss: 0.00138, dyn_sta_cos_loss: 0.00125, total_cos_loss : 0.00129, 
epoch  28 summary: dyn_dyn_cos_loss: 0.00137, dyn_sta_cos_loss: 0.00125, total_cos_loss : 0.00128, 
epoch  29 summary: dyn_dyn_cos_loss: 0.00137, dyn_sta_cos_loss: 0.00124, total_cos_loss : 0.00128, 
epoch  30 summary: dyn_dyn_cos_loss: 0.00145, dyn_sta_cos_loss: 0.00124, total_cos_loss : 0.00130, 
valid loss: 1.7227, valid acc: 0.5605
epoch  31 summary: dyn_dyn_cos_loss: 0.00142, dyn_sta_cos_loss: 0.00124, total_cos_loss : 0.00130, 
epoch  32 summary: dyn_dyn_cos_loss: 0.00141, dyn_sta_cos_loss: 0.00124, total_cos_loss : 0.00129, 
epoch  33 summary: dyn_dyn_cos_loss: 0.00139, dyn_sta_cos_loss: 0.00124, total_cos_loss : 0.00129, 
epoch  34 summary: dyn_dyn_cos_loss: 0.00139, dyn_sta_cos_loss: 0.00124, total_cos_loss : 0.00128, 
epoch  35 summary: dyn_dyn_cos_loss: 0.00138, dyn_sta_cos_loss: 0.00124, total_cos_loss : 0.00128, 
epoch  36 summary: dyn_dyn_cos_loss: 0.00137, dyn_sta_cos_loss: 0.00124, total_cos_loss : 0.00128, 
epoch  37 summary: dyn_dyn_cos_loss: 0.00136, dyn_sta_cos_loss: 0.00124, total_cos_loss : 0.00128, 
epoch  38 summary: dyn_dyn_cos_loss: 0.00136, dyn_sta_cos_loss: 0.00124, total_cos_loss : 0.00127, 
epoch  39 summary: dyn_dyn_cos_loss: 0.00135, dyn_sta_cos_loss: 0.00124, total_cos_loss : 0.00127, 
epoch  40 summary: dyn_dyn_cos_loss: 0.00135, dyn_sta_cos_loss: 0.00124, total_cos_loss : 0.00127, 
valid loss: 1.7378, valid acc: 0.5547
epoch  41 summary: dyn_dyn_cos_loss: 0.00134, dyn_sta_cos_loss: 0.00123, total_cos_loss : 0.00127, 
epoch  42 summary: dyn_dyn_cos_loss: 0.00134, dyn_sta_cos_loss: 0.00123, total_cos_loss : 0.00127, 
epoch  43 summary: dyn_dyn_cos_loss: 0.00133, dyn_sta_cos_loss: 0.00123, total_cos_loss : 0.00126, 
epoch  44 summary: dyn_dyn_cos_loss: 0.00133, dyn_sta_cos_loss: 0.00123, total_cos_loss : 0.00126, 
epoch  45 summary: dyn_dyn_cos_loss: 0.00142, dyn_sta_cos_loss: 0.00123, total_cos_loss : 0.00129, 
epoch  46 summary: dyn_dyn_cos_loss: 0.00140, dyn_sta_cos_loss: 0.00123, total_cos_loss : 0.00129, 
epoch  47 summary: dyn_dyn_cos_loss: 0.00138, dyn_sta_cos_loss: 0.00124, total_cos_loss : 0.00128, 
epoch  48 summary: dyn_dyn_cos_loss: 0.00137, dyn_sta_cos_loss: 0.00123, total_cos_loss : 0.00128, 
epoch  49 summary: dyn_dyn_cos_loss: 0.00137, dyn_sta_cos_loss: 0.00123, total_cos_loss : 0.00127, 
epoch  50 summary: dyn_dyn_cos_loss: 0.00136, dyn_sta_cos_loss: 0.00123, total_cos_loss : 0.00127, 
valid loss: 1.7239, valid acc: 0.5547
epoch  51 summary: dyn_dyn_cos_loss: 0.00135, dyn_sta_cos_loss: 0.00123, total_cos_loss : 0.00127, 
epoch  52 summary: dyn_dyn_cos_loss: 0.00135, dyn_sta_cos_loss: 0.00123, total_cos_loss : 0.00126, 
epoch  53 summary: dyn_dyn_cos_loss: 0.00134, dyn_sta_cos_loss: 0.00123, total_cos_loss : 0.00126, 
epoch  54 summary: dyn_dyn_cos_loss: 0.00134, dyn_sta_cos_loss: 0.00123, total_cos_loss : 0.00126, 
epoch  55 summary: dyn_dyn_cos_loss: 0.00134, dyn_sta_cos_loss: 0.00123, total_cos_loss : 0.00126, 
epoch  56 summary: dyn_dyn_cos_loss: 0.00133, dyn_sta_cos_loss: 0.00123, total_cos_loss : 0.00126, 
epoch  57 summary: dyn_dyn_cos_loss: 0.00133, dyn_sta_cos_loss: 0.00122, total_cos_loss : 0.00126, 
epoch  58 summary: dyn_dyn_cos_loss: 0.00133, dyn_sta_cos_loss: 0.00122, total_cos_loss : 0.00126, 
epoch  59 summary: dyn_dyn_cos_loss: 0.00133, dyn_sta_cos_loss: 0.00122, total_cos_loss : 0.00125, 
epoch  60 summary: dyn_dyn_cos_loss: 0.00143, dyn_sta_cos_loss: 0.00122, total_cos_loss : 0.00129, 
valid loss: 1.7374, valid acc: 0.5488
epoch  61 summary: dyn_dyn_cos_loss: 0.00141, dyn_sta_cos_loss: 0.00122, total_cos_loss : 0.00128, 
epoch  62 summary: dyn_dyn_cos_loss: 0.00140, dyn_sta_cos_loss: 0.00122, total_cos_loss : 0.00128, 
epoch  63 summary: dyn_dyn_cos_loss: 0.00139, dyn_sta_cos_loss: 0.00123, total_cos_loss : 0.00128, 
epoch  64 summary: dyn_dyn_cos_loss: 0.00138, dyn_sta_cos_loss: 0.00123, total_cos_loss : 0.00127, 
epoch  65 summary: dyn_dyn_cos_loss: 0.00138, dyn_sta_cos_loss: 0.00123, total_cos_loss : 0.00127, 
epoch  66 summary: dyn_dyn_cos_loss: 0.00137, dyn_sta_cos_loss: 0.00123, total_cos_loss : 0.00127, 
epoch  67 summary: dyn_dyn_cos_loss: 0.00137, dyn_sta_cos_loss: 0.00122, total_cos_loss : 0.00127, 
epoch  68 summary: dyn_dyn_cos_loss: 0.00137, dyn_sta_cos_loss: 0.00122, total_cos_loss : 0.00127, 
epoch  69 summary: dyn_dyn_cos_loss: 0.00136, dyn_sta_cos_loss: 0.00122, total_cos_loss : 0.00126, 
epoch  70 summary: dyn_dyn_cos_loss: 0.00136, dyn_sta_cos_loss: 0.00122, total_cos_loss : 0.00126, 
valid loss: 1.7263, valid acc: 0.5586
epoch  71 summary: dyn_dyn_cos_loss: 0.00136, dyn_sta_cos_loss: 0.00122, total_cos_loss : 0.00126, 
epoch  72 summary: dyn_dyn_cos_loss: 0.00136, dyn_sta_cos_loss: 0.00122, total_cos_loss : 0.00126, 
epoch  73 summary: dyn_dyn_cos_loss: 0.00136, dyn_sta_cos_loss: 0.00122, total_cos_loss : 0.00126, 
epoch  74 summary: dyn_dyn_cos_loss: 0.00136, dyn_sta_cos_loss: 0.00122, total_cos_loss : 0.00126, 
epoch  75 summary: dyn_dyn_cos_loss: 0.00142, dyn_sta_cos_loss: 0.00122, total_cos_loss : 0.00128, 
epoch  76 summary: dyn_dyn_cos_loss: 0.00140, dyn_sta_cos_loss: 0.00122, total_cos_loss : 0.00128, 
epoch  77 summary: dyn_dyn_cos_loss: 0.00139, dyn_sta_cos_loss: 0.00122, total_cos_loss : 0.00127, 
epoch  78 summary: dyn_dyn_cos_loss: 0.00138, dyn_sta_cos_loss: 0.00122, total_cos_loss : 0.00127, 
epoch  79 summary: dyn_dyn_cos_loss: 0.00138, dyn_sta_cos_loss: 0.00122, total_cos_loss : 0.00127, 
epoch  80 summary: dyn_dyn_cos_loss: 0.00137, dyn_sta_cos_loss: 0.00122, total_cos_loss : 0.00127, 
valid loss: 1.7502, valid acc: 0.5547
epoch  81 summary: dyn_dyn_cos_loss: 0.00137, dyn_sta_cos_loss: 0.00122, total_cos_loss : 0.00126, 
epoch  82 summary: dyn_dyn_cos_loss: 0.00136, dyn_sta_cos_loss: 0.00122, total_cos_loss : 0.00126, 
epoch  83 summary: dyn_dyn_cos_loss: 0.00136, dyn_sta_cos_loss: 0.00122, total_cos_loss : 0.00126, 
epoch  84 summary: dyn_dyn_cos_loss: 0.00135, dyn_sta_cos_loss: 0.00122, total_cos_loss : 0.00126, 
epoch  85 summary: dyn_dyn_cos_loss: 0.00135, dyn_sta_cos_loss: 0.00122, total_cos_loss : 0.00126, 
epoch  86 summary: dyn_dyn_cos_loss: 0.00135, dyn_sta_cos_loss: 0.00122, total_cos_loss : 0.00126, 
epoch  87 summary: dyn_dyn_cos_loss: 0.00135, dyn_sta_cos_loss: 0.00122, total_cos_loss : 0.00126, 
epoch  88 summary: dyn_dyn_cos_loss: 0.00134, dyn_sta_cos_loss: 0.00122, total_cos_loss : 0.00126, 
epoch  89 summary: dyn_dyn_cos_loss: 0.00134, dyn_sta_cos_loss: 0.00122, total_cos_loss : 0.00126, 
epoch  90 summary: dyn_dyn_cos_loss: 0.00143, dyn_sta_cos_loss: 0.00122, total_cos_loss : 0.00128, 
valid loss: 1.7401, valid acc: 0.5566
epoch  91 summary: dyn_dyn_cos_loss: 0.00141, dyn_sta_cos_loss: 0.00122, total_cos_loss : 0.00128, 
epoch  92 summary: dyn_dyn_cos_loss: 0.00140, dyn_sta_cos_loss: 0.00122, total_cos_loss : 0.00127, 
epoch  93 summary: dyn_dyn_cos_loss: 0.00139, dyn_sta_cos_loss: 0.00122, total_cos_loss : 0.00127, 
epoch  94 summary: dyn_dyn_cos_loss: 0.00138, dyn_sta_cos_loss: 0.00122, total_cos_loss : 0.00127, 
epoch  95 summary: dyn_dyn_cos_loss: 0.00137, dyn_sta_cos_loss: 0.00122, total_cos_loss : 0.00127, 
epoch  96 summary: dyn_dyn_cos_loss: 0.00136, dyn_sta_cos_loss: 0.00122, total_cos_loss : 0.00126, 
epoch  97 summary: dyn_dyn_cos_loss: 0.00136, dyn_sta_cos_loss: 0.00122, total_cos_loss : 0.00126, 
epoch  98 summary: dyn_dyn_cos_loss: 0.00136, dyn_sta_cos_loss: 0.00122, total_cos_loss : 0.00126, 
epoch  99 summary: dyn_dyn_cos_loss: 0.00136, dyn_sta_cos_loss: 0.00122, total_cos_loss : 0.00126, 
valid loss: 1.7243, valid acc: 0.5488
epoch 100 summary: dyn_dyn_cos_loss: 0.00136, dyn_sta_cos_loss: 0.00122, total_cos_loss : 0.00126, 
valid loss: 1.7240, valid acc: 0.5508
epoch 101 summary: dyn_dyn_cos_loss: 0.00135, dyn_sta_cos_loss: 0.00122, total_cos_loss : 0.00126, 
epoch 102 summary: dyn_dyn_cos_loss: 0.00135, dyn_sta_cos_loss: 0.00122, total_cos_loss : 0.00126, 
epoch 103 summary: dyn_dyn_cos_loss: 0.00135, dyn_sta_cos_loss: 0.00122, total_cos_loss : 0.00126, 
epoch 104 summary: dyn_dyn_cos_loss: 0.00135, dyn_sta_cos_loss: 0.00122, total_cos_loss : 0.00126, 
epoch 105 summary: dyn_dyn_cos_loss: 0.00141, dyn_sta_cos_loss: 0.00122, total_cos_loss : 0.00127, 
epoch 106 summary: dyn_dyn_cos_loss: 0.00139, dyn_sta_cos_loss: 0.00122, total_cos_loss : 0.00127, 
epoch 107 summary: dyn_dyn_cos_loss: 0.00137, dyn_sta_cos_loss: 0.00122, total_cos_loss : 0.00126, 
epoch 108 summary: dyn_dyn_cos_loss: 0.00136, dyn_sta_cos_loss: 0.00122, total_cos_loss : 0.00126, 
epoch 109 summary: dyn_dyn_cos_loss: 0.00136, dyn_sta_cos_loss: 0.00122, total_cos_loss : 0.00126, 
epoch 110 summary: dyn_dyn_cos_loss: 0.00135, dyn_sta_cos_loss: 0.00122, total_cos_loss : 0.00126, 
valid loss: 1.7187, valid acc: 0.5586
epoch 111 summary: dyn_dyn_cos_loss: 0.00135, dyn_sta_cos_loss: 0.00121, total_cos_loss : 0.00125, 
epoch 112 summary: dyn_dyn_cos_loss: 0.00134, dyn_sta_cos_loss: 0.00121, total_cos_loss : 0.00125, 
epoch 113 summary: dyn_dyn_cos_loss: 0.00134, dyn_sta_cos_loss: 0.00121, total_cos_loss : 0.00125, 
epoch 114 summary: dyn_dyn_cos_loss: 0.00134, dyn_sta_cos_loss: 0.00121, total_cos_loss : 0.00125, 
epoch 115 summary: dyn_dyn_cos_loss: 0.00133, dyn_sta_cos_loss: 0.00121, total_cos_loss : 0.00125, 
epoch 116 summary: dyn_dyn_cos_loss: 0.00133, dyn_sta_cos_loss: 0.00121, total_cos_loss : 0.00125, 
epoch 117 summary: dyn_dyn_cos_loss: 0.00133, dyn_sta_cos_loss: 0.00121, total_cos_loss : 0.00125, 
epoch 118 summary: dyn_dyn_cos_loss: 0.00133, dyn_sta_cos_loss: 0.00121, total_cos_loss : 0.00125, 
epoch 119 summary: dyn_dyn_cos_loss: 0.00133, dyn_sta_cos_loss: 0.00121, total_cos_loss : 0.00125, 
epoch 120 summary: dyn_dyn_cos_loss: 0.00142, dyn_sta_cos_loss: 0.00121, total_cos_loss : 0.00127, 
valid loss: 1.7159, valid acc: 0.5664
epoch 121 summary: dyn_dyn_cos_loss: 0.00140, dyn_sta_cos_loss: 0.00121, total_cos_loss : 0.00127, 
epoch 122 summary: dyn_dyn_cos_loss: 0.00138, dyn_sta_cos_loss: 0.00121, total_cos_loss : 0.00127, 
epoch 123 summary: dyn_dyn_cos_loss: 0.00138, dyn_sta_cos_loss: 0.00121, total_cos_loss : 0.00126, 
epoch 124 summary: dyn_dyn_cos_loss: 0.00137, dyn_sta_cos_loss: 0.00121, total_cos_loss : 0.00126, 
epoch 125 summary: dyn_dyn_cos_loss: 0.00137, dyn_sta_cos_loss: 0.00121, total_cos_loss : 0.00126, 
epoch 126 summary: dyn_dyn_cos_loss: 0.00136, dyn_sta_cos_loss: 0.00121, total_cos_loss : 0.00126, 
epoch 127 summary: dyn_dyn_cos_loss: 0.00136, dyn_sta_cos_loss: 0.00121, total_cos_loss : 0.00126, 
epoch 128 summary: dyn_dyn_cos_loss: 0.00135, dyn_sta_cos_loss: 0.00121, total_cos_loss : 0.00125, 
epoch 129 summary: dyn_dyn_cos_loss: 0.00135, dyn_sta_cos_loss: 0.00121, total_cos_loss : 0.00125, 
epoch 130 summary: dyn_dyn_cos_loss: 0.00135, dyn_sta_cos_loss: 0.00121, total_cos_loss : 0.00125, 
valid loss: 1.7216, valid acc: 0.5527
epoch 131 summary: dyn_dyn_cos_loss: 0.00134, dyn_sta_cos_loss: 0.00121, total_cos_loss : 0.00125, 
epoch 132 summary: dyn_dyn_cos_loss: 0.00134, dyn_sta_cos_loss: 0.00121, total_cos_loss : 0.00125, 
epoch 133 summary: dyn_dyn_cos_loss: 0.00134, dyn_sta_cos_loss: 0.00121, total_cos_loss : 0.00125, 
epoch 134 summary: dyn_dyn_cos_loss: 0.00134, dyn_sta_cos_loss: 0.00121, total_cos_loss : 0.00125, 
epoch 135 summary: dyn_dyn_cos_loss: 0.00141, dyn_sta_cos_loss: 0.00121, total_cos_loss : 0.00127, 
epoch 136 summary: dyn_dyn_cos_loss: 0.00139, dyn_sta_cos_loss: 0.00121, total_cos_loss : 0.00127, 
epoch 137 summary: dyn_dyn_cos_loss: 0.00138, dyn_sta_cos_loss: 0.00121, total_cos_loss : 0.00126, 
epoch 138 summary: dyn_dyn_cos_loss: 0.00137, dyn_sta_cos_loss: 0.00121, total_cos_loss : 0.00126, 
epoch 139 summary: dyn_dyn_cos_loss: 0.00137, dyn_sta_cos_loss: 0.00121, total_cos_loss : 0.00126, 
epoch 140 summary: dyn_dyn_cos_loss: 0.00136, dyn_sta_cos_loss: 0.00121, total_cos_loss : 0.00126, 
valid loss: 1.6968, valid acc: 0.5586
epoch 141 summary: dyn_dyn_cos_loss: 0.00136, dyn_sta_cos_loss: 0.00121, total_cos_loss : 0.00126, 
epoch 142 summary: dyn_dyn_cos_loss: 0.00135, dyn_sta_cos_loss: 0.00121, total_cos_loss : 0.00125, 
epoch 143 summary: dyn_dyn_cos_loss: 0.00135, dyn_sta_cos_loss: 0.00121, total_cos_loss : 0.00125, 
epoch 144 summary: dyn_dyn_cos_loss: 0.00135, dyn_sta_cos_loss: 0.00121, total_cos_loss : 0.00125, 
epoch 145 summary: dyn_dyn_cos_loss: 0.00135, dyn_sta_cos_loss: 0.00121, total_cos_loss : 0.00125, 
epoch 146 summary: dyn_dyn_cos_loss: 0.00134, dyn_sta_cos_loss: 0.00121, total_cos_loss : 0.00125, 
epoch 147 summary: dyn_dyn_cos_loss: 0.00134, dyn_sta_cos_loss: 0.00121, total_cos_loss : 0.00125, 
epoch 148 summary: dyn_dyn_cos_loss: 0.00134, dyn_sta_cos_loss: 0.00121, total_cos_loss : 0.00125, 
epoch 149 summary: dyn_dyn_cos_loss: 0.00134, dyn_sta_cos_loss: 0.00121, total_cos_loss : 0.00125, 
epoch 150 summary: dyn_dyn_cos_loss: 0.00142, dyn_sta_cos_loss: 0.00121, total_cos_loss : 0.00127, 
valid loss: 1.7097, valid acc: 0.5508
epoch 151 summary: dyn_dyn_cos_loss: 0.00141, dyn_sta_cos_loss: 0.00121, total_cos_loss : 0.00127, 
epoch 152 summary: dyn_dyn_cos_loss: 0.00140, dyn_sta_cos_loss: 0.00121, total_cos_loss : 0.00127, 
epoch 153 summary: dyn_dyn_cos_loss: 0.00139, dyn_sta_cos_loss: 0.00121, total_cos_loss : 0.00126, 
epoch 154 summary: dyn_dyn_cos_loss: 0.00138, dyn_sta_cos_loss: 0.00121, total_cos_loss : 0.00126, 
epoch 155 summary: dyn_dyn_cos_loss: 0.00138, dyn_sta_cos_loss: 0.00121, total_cos_loss : 0.00126, 
epoch 156 summary: dyn_dyn_cos_loss: 0.00137, dyn_sta_cos_loss: 0.00121, total_cos_loss : 0.00126, 
epoch 157 summary: dyn_dyn_cos_loss: 0.00137, dyn_sta_cos_loss: 0.00121, total_cos_loss : 0.00126, 
epoch 158 summary: dyn_dyn_cos_loss: 0.00137, dyn_sta_cos_loss: 0.00121, total_cos_loss : 0.00126, 
epoch 159 summary: dyn_dyn_cos_loss: 0.00136, dyn_sta_cos_loss: 0.00121, total_cos_loss : 0.00126, 
epoch 160 summary: dyn_dyn_cos_loss: 0.00136, dyn_sta_cos_loss: 0.00121, total_cos_loss : 0.00126, 
valid loss: 1.7037, valid acc: 0.5547
epoch 161 summary: dyn_dyn_cos_loss: 0.00136, dyn_sta_cos_loss: 0.00121, total_cos_loss : 0.00126, 
epoch 162 summary: dyn_dyn_cos_loss: 0.00136, dyn_sta_cos_loss: 0.00121, total_cos_loss : 0.00125, 
epoch 163 summary: dyn_dyn_cos_loss: 0.00136, dyn_sta_cos_loss: 0.00121, total_cos_loss : 0.00125, 
epoch 164 summary: dyn_dyn_cos_loss: 0.00136, dyn_sta_cos_loss: 0.00121, total_cos_loss : 0.00125, 
epoch 165 summary: dyn_dyn_cos_loss: 0.00139, dyn_sta_cos_loss: 0.00121, total_cos_loss : 0.00126, 
epoch 166 summary: dyn_dyn_cos_loss: 0.00137, dyn_sta_cos_loss: 0.00121, total_cos_loss : 0.00126, 
epoch 167 summary: dyn_dyn_cos_loss: 0.00136, dyn_sta_cos_loss: 0.00121, total_cos_loss : 0.00126, 
epoch 168 summary: dyn_dyn_cos_loss: 0.00136, dyn_sta_cos_loss: 0.00121, total_cos_loss : 0.00125, 
epoch 169 summary: dyn_dyn_cos_loss: 0.00135, dyn_sta_cos_loss: 0.00121, total_cos_loss : 0.00125, 
epoch 170 summary: dyn_dyn_cos_loss: 0.00134, dyn_sta_cos_loss: 0.00121, total_cos_loss : 0.00125, 
valid loss: 1.6882, valid acc: 0.5547
epoch 171 summary: dyn_dyn_cos_loss: 0.00134, dyn_sta_cos_loss: 0.00121, total_cos_loss : 0.00125, 
epoch 172 summary: dyn_dyn_cos_loss: 0.00133, dyn_sta_cos_loss: 0.00121, total_cos_loss : 0.00125, 
epoch 173 summary: dyn_dyn_cos_loss: 0.00133, dyn_sta_cos_loss: 0.00121, total_cos_loss : 0.00125, 
epoch 174 summary: dyn_dyn_cos_loss: 0.00133, dyn_sta_cos_loss: 0.00121, total_cos_loss : 0.00125, 
epoch 175 summary: dyn_dyn_cos_loss: 0.00132, dyn_sta_cos_loss: 0.00121, total_cos_loss : 0.00125, 
epoch 176 summary: dyn_dyn_cos_loss: 0.00132, dyn_sta_cos_loss: 0.00121, total_cos_loss : 0.00124, 
epoch 177 summary: dyn_dyn_cos_loss: 0.00132, dyn_sta_cos_loss: 0.00121, total_cos_loss : 0.00124, 
epoch 178 summary: dyn_dyn_cos_loss: 0.00132, dyn_sta_cos_loss: 0.00121, total_cos_loss : 0.00124, 
epoch 179 summary: dyn_dyn_cos_loss: 0.00132, dyn_sta_cos_loss: 0.00121, total_cos_loss : 0.00124, 
epoch 180 summary: dyn_dyn_cos_loss: 0.00140, dyn_sta_cos_loss: 0.00121, total_cos_loss : 0.00127, 
valid loss: 1.6969, valid acc: 0.5586
epoch 181 summary: dyn_dyn_cos_loss: 0.00138, dyn_sta_cos_loss: 0.00121, total_cos_loss : 0.00126, 
epoch 182 summary: dyn_dyn_cos_loss: 0.00136, dyn_sta_cos_loss: 0.00121, total_cos_loss : 0.00126, 
epoch 183 summary: dyn_dyn_cos_loss: 0.00135, dyn_sta_cos_loss: 0.00121, total_cos_loss : 0.00126, 
epoch 184 summary: dyn_dyn_cos_loss: 0.00134, dyn_sta_cos_loss: 0.00121, total_cos_loss : 0.00125, 
epoch 185 summary: dyn_dyn_cos_loss: 0.00133, dyn_sta_cos_loss: 0.00121, total_cos_loss : 0.00125, 
epoch 186 summary: dyn_dyn_cos_loss: 0.00133, dyn_sta_cos_loss: 0.00121, total_cos_loss : 0.00125, 
epoch 187 summary: dyn_dyn_cos_loss: 0.00133, dyn_sta_cos_loss: 0.00121, total_cos_loss : 0.00125, 
epoch 188 summary: dyn_dyn_cos_loss: 0.00132, dyn_sta_cos_loss: 0.00121, total_cos_loss : 0.00125, 
epoch 189 summary: dyn_dyn_cos_loss: 0.00132, dyn_sta_cos_loss: 0.00121, total_cos_loss : 0.00125, 
epoch 190 summary: dyn_dyn_cos_loss: 0.00132, dyn_sta_cos_loss: 0.00121, total_cos_loss : 0.00124, 
valid loss: 1.6922, valid acc: 0.5527
epoch 191 summary: dyn_dyn_cos_loss: 0.00132, dyn_sta_cos_loss: 0.00121, total_cos_loss : 0.00124, 
epoch 192 summary: dyn_dyn_cos_loss: 0.00132, dyn_sta_cos_loss: 0.00121, total_cos_loss : 0.00124, 
epoch 193 summary: dyn_dyn_cos_loss: 0.00132, dyn_sta_cos_loss: 0.00121, total_cos_loss : 0.00124, 
epoch 194 summary: dyn_dyn_cos_loss: 0.00132, dyn_sta_cos_loss: 0.00121, total_cos_loss : 0.00124, 
epoch 195 summary: dyn_dyn_cos_loss: 0.00142, dyn_sta_cos_loss: 0.00121, total_cos_loss : 0.00127, 
epoch 196 summary: dyn_dyn_cos_loss: 0.00141, dyn_sta_cos_loss: 0.00121, total_cos_loss : 0.00127, 
epoch 197 summary: dyn_dyn_cos_loss: 0.00139, dyn_sta_cos_loss: 0.00121, total_cos_loss : 0.00127, 
epoch 198 summary: dyn_dyn_cos_loss: 0.00138, dyn_sta_cos_loss: 0.00121, total_cos_loss : 0.00126, 
epoch 199 summary: dyn_dyn_cos_loss: 0.00138, dyn_sta_cos_loss: 0.00121, total_cos_loss : 0.00126, 
all                          72289.977ms
all_epoch                    72277.998ms
all_preparation                 11.929ms
all_preparation_2                9.446ms
all_preparation_3                2.458ms
epoch                          277.904ms
epoch_pos_train                  4.944ms
epoch_preparation                0.474ms
epoch_train                    268.035ms
epoch_valid                      2.492ms
----------------------------------------
all                          72289.977ms
  all_epoch             99.98%
  all_preparation        0.02%
all_preparation                 11.929ms
  all_preparation_2     79.18%
  all_preparation_3     20.61%
epoch                        55580.763ms
  epoch_train           96.45%
  epoch_pos_train        1.78%
  epoch_valid            0.90%
  epoch_preparation      0.17%
