Before CTE Training: train eu loss: 1.057024359703064, eval eu loss: 1.492782711982727
Before CTE Training: train eu acc: 0.66552734375, eval eu acc: 0.560546875
epoch   0 summary: dyn_dyn_cos_loss: 0.02369, dyn_sta_cos_loss: 0.00711, total_cos_loss : 0.00711, vocab_cro_loss : 4.48647, 
train loss: 3.6435, train acc: 0.2146
epoch   1 summary: dyn_dyn_cos_loss: 0.02283, dyn_sta_cos_loss: 0.00649, total_cos_loss : 0.00649, vocab_cro_loss : 3.64321, 
epoch   2 summary: dyn_dyn_cos_loss: 0.02150, dyn_sta_cos_loss: 0.00572, total_cos_loss : 0.00572, vocab_cro_loss : 2.83978, 
epoch   3 summary: dyn_dyn_cos_loss: 0.01974, dyn_sta_cos_loss: 0.00504, total_cos_loss : 0.00504, vocab_cro_loss : 2.34838, 
epoch   4 summary: dyn_dyn_cos_loss: 0.01773, dyn_sta_cos_loss: 0.00437, total_cos_loss : 0.00437, vocab_cro_loss : 2.04151, 
epoch   5 summary: dyn_dyn_cos_loss: 0.01553, dyn_sta_cos_loss: 0.00381, total_cos_loss : 0.00381, vocab_cro_loss : 1.84529, 
epoch   6 summary: dyn_dyn_cos_loss: 0.01366, dyn_sta_cos_loss: 0.00339, total_cos_loss : 0.00339, vocab_cro_loss : 1.71950, 
epoch   7 summary: dyn_dyn_cos_loss: 0.01228, dyn_sta_cos_loss: 0.00304, total_cos_loss : 0.00304, vocab_cro_loss : 1.64597, 
epoch   8 summary: dyn_dyn_cos_loss: 0.01112, dyn_sta_cos_loss: 0.00278, total_cos_loss : 0.00278, vocab_cro_loss : 1.56811, 
epoch   9 summary: dyn_dyn_cos_loss: 0.01044, dyn_sta_cos_loss: 0.00264, total_cos_loss : 0.00264, vocab_cro_loss : 1.52750, 
epoch  10 summary: dyn_dyn_cos_loss: 0.00998, dyn_sta_cos_loss: 0.00245, total_cos_loss : 0.00245, vocab_cro_loss : 1.48292, 
train loss: 1.4613, train acc: 0.6018
epoch  11 summary: dyn_dyn_cos_loss: 0.00950, dyn_sta_cos_loss: 0.00235, total_cos_loss : 0.00235, vocab_cro_loss : 1.46125, 
epoch  12 summary: dyn_dyn_cos_loss: 0.00893, dyn_sta_cos_loss: 0.00226, total_cos_loss : 0.00226, vocab_cro_loss : 1.41457, 
epoch  13 summary: dyn_dyn_cos_loss: 0.00847, dyn_sta_cos_loss: 0.00217, total_cos_loss : 0.00217, vocab_cro_loss : 1.38148, 
epoch  14 summary: dyn_dyn_cos_loss: 0.00808, dyn_sta_cos_loss: 0.00209, total_cos_loss : 0.00209, vocab_cro_loss : 1.36840, 
epoch  15 summary: dyn_dyn_cos_loss: 0.00771, dyn_sta_cos_loss: 0.00213, total_cos_loss : 0.00213, vocab_cro_loss : 1.36942, 
epoch  16 summary: dyn_dyn_cos_loss: 0.00745, dyn_sta_cos_loss: 0.00208, total_cos_loss : 0.00208, vocab_cro_loss : 1.36559, 
epoch  17 summary: dyn_dyn_cos_loss: 0.00731, dyn_sta_cos_loss: 0.00199, total_cos_loss : 0.00199, vocab_cro_loss : 1.34654, 
epoch  18 summary: dyn_dyn_cos_loss: 0.00704, dyn_sta_cos_loss: 0.00196, total_cos_loss : 0.00196, vocab_cro_loss : 1.33400, 
epoch  19 summary: dyn_dyn_cos_loss: 0.00675, dyn_sta_cos_loss: 0.00192, total_cos_loss : 0.00192, vocab_cro_loss : 1.32335, 
epoch  20 summary: dyn_dyn_cos_loss: 0.00660, dyn_sta_cos_loss: 0.00189, total_cos_loss : 0.00189, vocab_cro_loss : 1.32753, 
train loss: 1.3204, train acc: 0.6221
epoch  21 summary: dyn_dyn_cos_loss: 0.00650, dyn_sta_cos_loss: 0.00185, total_cos_loss : 0.00185, vocab_cro_loss : 1.32039, 
epoch  22 summary: dyn_dyn_cos_loss: 0.00640, dyn_sta_cos_loss: 0.00185, total_cos_loss : 0.00185, vocab_cro_loss : 1.31569, 
epoch  23 summary: dyn_dyn_cos_loss: 0.00629, dyn_sta_cos_loss: 0.00183, total_cos_loss : 0.00183, vocab_cro_loss : 1.30832, 
epoch  24 summary: dyn_dyn_cos_loss: 0.00620, dyn_sta_cos_loss: 0.00183, total_cos_loss : 0.00183, vocab_cro_loss : 1.30805, 
epoch  25 summary: dyn_dyn_cos_loss: 0.00614, dyn_sta_cos_loss: 0.00180, total_cos_loss : 0.00180, vocab_cro_loss : 1.30159, 
epoch  26 summary: dyn_dyn_cos_loss: 0.00605, dyn_sta_cos_loss: 0.00180, total_cos_loss : 0.00180, vocab_cro_loss : 1.31155, 
epoch  27 summary: dyn_dyn_cos_loss: 0.00600, dyn_sta_cos_loss: 0.00178, total_cos_loss : 0.00178, vocab_cro_loss : 1.31437, 
epoch  28 summary: dyn_dyn_cos_loss: 0.00600, dyn_sta_cos_loss: 0.00175, total_cos_loss : 0.00175, vocab_cro_loss : 1.31439, 
epoch  29 summary: dyn_dyn_cos_loss: 0.00600, dyn_sta_cos_loss: 0.00177, total_cos_loss : 0.00177, vocab_cro_loss : 1.30433, 
epoch  30 summary: dyn_dyn_cos_loss: 0.00598, dyn_sta_cos_loss: 0.00178, total_cos_loss : 0.00178, vocab_cro_loss : 1.30984, 
train loss: 1.3107, train acc: 0.6208
epoch  31 summary: dyn_dyn_cos_loss: 0.00595, dyn_sta_cos_loss: 0.00176, total_cos_loss : 0.00176, vocab_cro_loss : 1.31065, 
epoch  32 summary: dyn_dyn_cos_loss: 0.00593, dyn_sta_cos_loss: 0.00179, total_cos_loss : 0.00179, vocab_cro_loss : 1.30040, 
epoch  33 summary: dyn_dyn_cos_loss: 0.00594, dyn_sta_cos_loss: 0.00176, total_cos_loss : 0.00176, vocab_cro_loss : 1.30428, 
epoch  34 summary: dyn_dyn_cos_loss: 0.00594, dyn_sta_cos_loss: 0.00178, total_cos_loss : 0.00178, vocab_cro_loss : 1.31501, 
epoch  35 summary: dyn_dyn_cos_loss: 0.00594, dyn_sta_cos_loss: 0.00177, total_cos_loss : 0.00177, vocab_cro_loss : 1.30986, 
epoch  36 summary: dyn_dyn_cos_loss: 0.00595, dyn_sta_cos_loss: 0.00176, total_cos_loss : 0.00176, vocab_cro_loss : 1.30514, 
epoch  37 summary: dyn_dyn_cos_loss: 0.00597, dyn_sta_cos_loss: 0.00173, total_cos_loss : 0.00173, vocab_cro_loss : 1.30469, 
epoch  38 summary: dyn_dyn_cos_loss: 0.00597, dyn_sta_cos_loss: 0.00173, total_cos_loss : 0.00173, vocab_cro_loss : 1.30384, 
epoch  39 summary: dyn_dyn_cos_loss: 0.00594, dyn_sta_cos_loss: 0.00174, total_cos_loss : 0.00174, vocab_cro_loss : 1.30037, 
epoch  40 summary: dyn_dyn_cos_loss: 0.00592, dyn_sta_cos_loss: 0.00173, total_cos_loss : 0.00173, vocab_cro_loss : 1.29545, 
train loss: 1.2949, train acc: 0.6252
epoch  41 summary: dyn_dyn_cos_loss: 0.00595, dyn_sta_cos_loss: 0.00173, total_cos_loss : 0.00173, vocab_cro_loss : 1.29483, 
epoch  42 summary: dyn_dyn_cos_loss: 0.00596, dyn_sta_cos_loss: 0.00174, total_cos_loss : 0.00174, vocab_cro_loss : 1.29556, 
epoch  43 summary: dyn_dyn_cos_loss: 0.00595, dyn_sta_cos_loss: 0.00172, total_cos_loss : 0.00172, vocab_cro_loss : 1.29915, 
epoch  44 summary: dyn_dyn_cos_loss: 0.00595, dyn_sta_cos_loss: 0.00168, total_cos_loss : 0.00168, vocab_cro_loss : 1.30242, 
epoch  45 summary: dyn_dyn_cos_loss: 0.00598, dyn_sta_cos_loss: 0.00172, total_cos_loss : 0.00172, vocab_cro_loss : 1.29400, 
epoch  46 summary: dyn_dyn_cos_loss: 0.00597, dyn_sta_cos_loss: 0.00171, total_cos_loss : 0.00171, vocab_cro_loss : 1.29110, 
epoch  47 summary: dyn_dyn_cos_loss: 0.00597, dyn_sta_cos_loss: 0.00170, total_cos_loss : 0.00170, vocab_cro_loss : 1.28385, 
epoch  48 summary: dyn_dyn_cos_loss: 0.00599, dyn_sta_cos_loss: 0.00169, total_cos_loss : 0.00169, vocab_cro_loss : 1.27929, 
epoch  49 summary: dyn_dyn_cos_loss: 0.00602, dyn_sta_cos_loss: 0.00167, total_cos_loss : 0.00167, vocab_cro_loss : 1.28140, 
epoch  50 summary: dyn_dyn_cos_loss: 0.00602, dyn_sta_cos_loss: 0.00165, total_cos_loss : 0.00165, vocab_cro_loss : 1.28989, 
train loss: 1.2785, train acc: 0.6260
epoch  51 summary: dyn_dyn_cos_loss: 0.00601, dyn_sta_cos_loss: 0.00166, total_cos_loss : 0.00166, vocab_cro_loss : 1.27850, 
epoch  52 summary: dyn_dyn_cos_loss: 0.00602, dyn_sta_cos_loss: 0.00165, total_cos_loss : 0.00165, vocab_cro_loss : 1.27600, 
epoch  53 summary: dyn_dyn_cos_loss: 0.00604, dyn_sta_cos_loss: 0.00167, total_cos_loss : 0.00167, vocab_cro_loss : 1.27010, 
epoch  54 summary: dyn_dyn_cos_loss: 0.00604, dyn_sta_cos_loss: 0.00166, total_cos_loss : 0.00166, vocab_cro_loss : 1.26772, 
epoch  55 summary: dyn_dyn_cos_loss: 0.00603, dyn_sta_cos_loss: 0.00167, total_cos_loss : 0.00167, vocab_cro_loss : 1.26076, 
epoch  56 summary: dyn_dyn_cos_loss: 0.00602, dyn_sta_cos_loss: 0.00166, total_cos_loss : 0.00166, vocab_cro_loss : 1.26523, 
epoch  57 summary: dyn_dyn_cos_loss: 0.00600, dyn_sta_cos_loss: 0.00166, total_cos_loss : 0.00166, vocab_cro_loss : 1.26922, 
epoch  58 summary: dyn_dyn_cos_loss: 0.00597, dyn_sta_cos_loss: 0.00164, total_cos_loss : 0.00164, vocab_cro_loss : 1.27265, 
epoch  59 summary: dyn_dyn_cos_loss: 0.00597, dyn_sta_cos_loss: 0.00164, total_cos_loss : 0.00164, vocab_cro_loss : 1.26899, 
epoch  60 summary: dyn_dyn_cos_loss: 0.00596, dyn_sta_cos_loss: 0.00163, total_cos_loss : 0.00163, vocab_cro_loss : 1.27170, 
train loss: 1.2664, train acc: 0.6282
epoch  61 summary: dyn_dyn_cos_loss: 0.00595, dyn_sta_cos_loss: 0.00165, total_cos_loss : 0.00165, vocab_cro_loss : 1.26634, 
epoch  62 summary: dyn_dyn_cos_loss: 0.00595, dyn_sta_cos_loss: 0.00165, total_cos_loss : 0.00165, vocab_cro_loss : 1.26866, 
epoch  63 summary: dyn_dyn_cos_loss: 0.00596, dyn_sta_cos_loss: 0.00167, total_cos_loss : 0.00167, vocab_cro_loss : 1.26707, 
epoch  64 summary: dyn_dyn_cos_loss: 0.00595, dyn_sta_cos_loss: 0.00163, total_cos_loss : 0.00163, vocab_cro_loss : 1.27115, 
epoch  65 summary: dyn_dyn_cos_loss: 0.00595, dyn_sta_cos_loss: 0.00162, total_cos_loss : 0.00162, vocab_cro_loss : 1.27320, 
epoch  66 summary: dyn_dyn_cos_loss: 0.00595, dyn_sta_cos_loss: 0.00160, total_cos_loss : 0.00160, vocab_cro_loss : 1.27720, 
epoch  67 summary: dyn_dyn_cos_loss: 0.00599, dyn_sta_cos_loss: 0.00160, total_cos_loss : 0.00160, vocab_cro_loss : 1.27971, 
epoch  68 summary: dyn_dyn_cos_loss: 0.00600, dyn_sta_cos_loss: 0.00160, total_cos_loss : 0.00160, vocab_cro_loss : 1.27946, 
epoch  69 summary: dyn_dyn_cos_loss: 0.00600, dyn_sta_cos_loss: 0.00162, total_cos_loss : 0.00162, vocab_cro_loss : 1.28044, 
epoch  70 summary: dyn_dyn_cos_loss: 0.00603, dyn_sta_cos_loss: 0.00163, total_cos_loss : 0.00163, vocab_cro_loss : 1.27107, 
train loss: 1.2717, train acc: 0.6240
epoch  71 summary: dyn_dyn_cos_loss: 0.00603, dyn_sta_cos_loss: 0.00163, total_cos_loss : 0.00163, vocab_cro_loss : 1.27165, 
epoch  72 summary: dyn_dyn_cos_loss: 0.00603, dyn_sta_cos_loss: 0.00163, total_cos_loss : 0.00163, vocab_cro_loss : 1.27911, 
epoch  73 summary: dyn_dyn_cos_loss: 0.00602, dyn_sta_cos_loss: 0.00163, total_cos_loss : 0.00163, vocab_cro_loss : 1.28157, 
epoch  74 summary: dyn_dyn_cos_loss: 0.00603, dyn_sta_cos_loss: 0.00164, total_cos_loss : 0.00164, vocab_cro_loss : 1.28016, 
epoch  75 summary: dyn_dyn_cos_loss: 0.00607, dyn_sta_cos_loss: 0.00164, total_cos_loss : 0.00164, vocab_cro_loss : 1.27808, 
epoch  76 summary: dyn_dyn_cos_loss: 0.00608, dyn_sta_cos_loss: 0.00165, total_cos_loss : 0.00165, vocab_cro_loss : 1.28730, 
epoch  77 summary: dyn_dyn_cos_loss: 0.00608, dyn_sta_cos_loss: 0.00165, total_cos_loss : 0.00165, vocab_cro_loss : 1.28988, 
epoch  78 summary: dyn_dyn_cos_loss: 0.00606, dyn_sta_cos_loss: 0.00164, total_cos_loss : 0.00164, vocab_cro_loss : 1.29027, 
epoch  79 summary: dyn_dyn_cos_loss: 0.00603, dyn_sta_cos_loss: 0.00165, total_cos_loss : 0.00165, vocab_cro_loss : 1.29276, 
epoch  80 summary: dyn_dyn_cos_loss: 0.00601, dyn_sta_cos_loss: 0.00166, total_cos_loss : 0.00166, vocab_cro_loss : 1.29578, 
train loss: 1.3012, train acc: 0.6257
epoch  81 summary: dyn_dyn_cos_loss: 0.00599, dyn_sta_cos_loss: 0.00164, total_cos_loss : 0.00164, vocab_cro_loss : 1.30109, 
epoch  82 summary: dyn_dyn_cos_loss: 0.00596, dyn_sta_cos_loss: 0.00166, total_cos_loss : 0.00166, vocab_cro_loss : 1.30735, 
epoch  83 summary: dyn_dyn_cos_loss: 0.00596, dyn_sta_cos_loss: 0.00166, total_cos_loss : 0.00166, vocab_cro_loss : 1.30547, 
epoch  84 summary: dyn_dyn_cos_loss: 0.00595, dyn_sta_cos_loss: 0.00166, total_cos_loss : 0.00166, vocab_cro_loss : 1.30128, 
epoch  85 summary: dyn_dyn_cos_loss: 0.00592, dyn_sta_cos_loss: 0.00166, total_cos_loss : 0.00166, vocab_cro_loss : 1.29713, 
epoch  86 summary: dyn_dyn_cos_loss: 0.00589, dyn_sta_cos_loss: 0.00167, total_cos_loss : 0.00167, vocab_cro_loss : 1.29555, 
epoch  87 summary: dyn_dyn_cos_loss: 0.00592, dyn_sta_cos_loss: 0.00165, total_cos_loss : 0.00165, vocab_cro_loss : 1.28875, 
epoch  88 summary: dyn_dyn_cos_loss: 0.00592, dyn_sta_cos_loss: 0.00164, total_cos_loss : 0.00164, vocab_cro_loss : 1.29716, 
epoch  89 summary: dyn_dyn_cos_loss: 0.00592, dyn_sta_cos_loss: 0.00163, total_cos_loss : 0.00163, vocab_cro_loss : 1.30382, 
epoch  90 summary: dyn_dyn_cos_loss: 0.00586, dyn_sta_cos_loss: 0.00166, total_cos_loss : 0.00166, vocab_cro_loss : 1.29500, 
train loss: 1.2958, train acc: 0.6235
epoch  91 summary: dyn_dyn_cos_loss: 0.00586, dyn_sta_cos_loss: 0.00165, total_cos_loss : 0.00165, vocab_cro_loss : 1.29583, 
epoch  92 summary: dyn_dyn_cos_loss: 0.00584, dyn_sta_cos_loss: 0.00164, total_cos_loss : 0.00164, vocab_cro_loss : 1.29848, 
epoch  93 summary: dyn_dyn_cos_loss: 0.00582, dyn_sta_cos_loss: 0.00163, total_cos_loss : 0.00163, vocab_cro_loss : 1.29840, 
epoch  94 summary: dyn_dyn_cos_loss: 0.00582, dyn_sta_cos_loss: 0.00161, total_cos_loss : 0.00161, vocab_cro_loss : 1.29928, 
epoch  95 summary: dyn_dyn_cos_loss: 0.00581, dyn_sta_cos_loss: 0.00163, total_cos_loss : 0.00163, vocab_cro_loss : 1.29420, 
epoch  96 summary: dyn_dyn_cos_loss: 0.00579, dyn_sta_cos_loss: 0.00160, total_cos_loss : 0.00160, vocab_cro_loss : 1.29406, 
epoch  97 summary: dyn_dyn_cos_loss: 0.00577, dyn_sta_cos_loss: 0.00161, total_cos_loss : 0.00161, vocab_cro_loss : 1.30163, 
epoch  98 summary: dyn_dyn_cos_loss: 0.00575, dyn_sta_cos_loss: 0.00161, total_cos_loss : 0.00161, vocab_cro_loss : 1.30412, 
epoch  99 summary: dyn_dyn_cos_loss: 0.00575, dyn_sta_cos_loss: 0.00161, total_cos_loss : 0.00161, vocab_cro_loss : 1.29743, 
train loss: 1.2948, train acc: 0.6228
all                         323009.067ms
all_epoch                   317618.624ms
all_preparation               5390.406ms
all_preparation_2             5388.763ms
all_preparation_3                1.600ms
epoch                         3004.065ms
epoch_pos_train                  6.398ms
epoch_preparation               21.119ms
epoch_train                   2945.779ms
epoch_valid                     26.796ms
----------------------------------------
all                         323009.067ms
  all_epoch             98.33%
  all_preparation        1.67%
all_preparation               5390.406ms
  all_preparation_2     99.97%
  all_preparation_3      0.03%
epoch                       300406.478ms
  epoch_train           98.06%
  epoch_valid            0.89%
  epoch_preparation      0.70%
  epoch_pos_train        0.21%
epoch   0 summary: dyn_dyn_cos_loss: 0.02105, dyn_sta_cos_loss: 0.00685, total_cos_loss : 0.00685, 
valid loss: 3.6433, valid acc: 0.1602
epoch   1 summary: dyn_dyn_cos_loss: 0.01731, dyn_sta_cos_loss: 0.00552, total_cos_loss : 0.00552, 
epoch   2 summary: dyn_dyn_cos_loss: 0.01438, dyn_sta_cos_loss: 0.00458, total_cos_loss : 0.00458, 
epoch   3 summary: dyn_dyn_cos_loss: 0.01220, dyn_sta_cos_loss: 0.00383, total_cos_loss : 0.00383, 
epoch   4 summary: dyn_dyn_cos_loss: 0.01061, dyn_sta_cos_loss: 0.00328, total_cos_loss : 0.00328, 
epoch   5 summary: dyn_dyn_cos_loss: 0.00934, dyn_sta_cos_loss: 0.00289, total_cos_loss : 0.00289, 
epoch   6 summary: dyn_dyn_cos_loss: 0.00844, dyn_sta_cos_loss: 0.00259, total_cos_loss : 0.00259, 
epoch   7 summary: dyn_dyn_cos_loss: 0.00777, dyn_sta_cos_loss: 0.00236, total_cos_loss : 0.00236, 
epoch   8 summary: dyn_dyn_cos_loss: 0.00726, dyn_sta_cos_loss: 0.00217, total_cos_loss : 0.00217, 
epoch   9 summary: dyn_dyn_cos_loss: 0.00684, dyn_sta_cos_loss: 0.00203, total_cos_loss : 0.00203, 
epoch  10 summary: dyn_dyn_cos_loss: 0.00647, dyn_sta_cos_loss: 0.00191, total_cos_loss : 0.00191, 
valid loss: 2.0232, valid acc: 0.5312
epoch  11 summary: dyn_dyn_cos_loss: 0.00624, dyn_sta_cos_loss: 0.00182, total_cos_loss : 0.00182, 
epoch  12 summary: dyn_dyn_cos_loss: 0.00610, dyn_sta_cos_loss: 0.00176, total_cos_loss : 0.00176, 
epoch  13 summary: dyn_dyn_cos_loss: 0.00592, dyn_sta_cos_loss: 0.00171, total_cos_loss : 0.00171, 
epoch  14 summary: dyn_dyn_cos_loss: 0.00582, dyn_sta_cos_loss: 0.00167, total_cos_loss : 0.00167, 
epoch  15 summary: dyn_dyn_cos_loss: 0.00579, dyn_sta_cos_loss: 0.00164, total_cos_loss : 0.00164, 
epoch  16 summary: dyn_dyn_cos_loss: 0.00573, dyn_sta_cos_loss: 0.00161, total_cos_loss : 0.00161, 
epoch  17 summary: dyn_dyn_cos_loss: 0.00567, dyn_sta_cos_loss: 0.00159, total_cos_loss : 0.00159, 
epoch  18 summary: dyn_dyn_cos_loss: 0.00561, dyn_sta_cos_loss: 0.00157, total_cos_loss : 0.00157, 
epoch  19 summary: dyn_dyn_cos_loss: 0.00556, dyn_sta_cos_loss: 0.00155, total_cos_loss : 0.00155, 
epoch  20 summary: dyn_dyn_cos_loss: 0.00553, dyn_sta_cos_loss: 0.00154, total_cos_loss : 0.00154, 
valid loss: 1.9067, valid acc: 0.5234
epoch  21 summary: dyn_dyn_cos_loss: 0.00550, dyn_sta_cos_loss: 0.00153, total_cos_loss : 0.00153, 
epoch  22 summary: dyn_dyn_cos_loss: 0.00548, dyn_sta_cos_loss: 0.00152, total_cos_loss : 0.00152, 
epoch  23 summary: dyn_dyn_cos_loss: 0.00546, dyn_sta_cos_loss: 0.00151, total_cos_loss : 0.00151, 
epoch  24 summary: dyn_dyn_cos_loss: 0.00545, dyn_sta_cos_loss: 0.00150, total_cos_loss : 0.00150, 
epoch  25 summary: dyn_dyn_cos_loss: 0.00544, dyn_sta_cos_loss: 0.00150, total_cos_loss : 0.00150, 
epoch  26 summary: dyn_dyn_cos_loss: 0.00544, dyn_sta_cos_loss: 0.00149, total_cos_loss : 0.00149, 
epoch  27 summary: dyn_dyn_cos_loss: 0.00544, dyn_sta_cos_loss: 0.00149, total_cos_loss : 0.00149, 
epoch  28 summary: dyn_dyn_cos_loss: 0.00543, dyn_sta_cos_loss: 0.00149, total_cos_loss : 0.00149, 
epoch  29 summary: dyn_dyn_cos_loss: 0.00543, dyn_sta_cos_loss: 0.00148, total_cos_loss : 0.00148, 
epoch  30 summary: dyn_dyn_cos_loss: 0.00534, dyn_sta_cos_loss: 0.00148, total_cos_loss : 0.00148, 
valid loss: 1.8682, valid acc: 0.5352
epoch  31 summary: dyn_dyn_cos_loss: 0.00534, dyn_sta_cos_loss: 0.00148, total_cos_loss : 0.00148, 
epoch  32 summary: dyn_dyn_cos_loss: 0.00533, dyn_sta_cos_loss: 0.00148, total_cos_loss : 0.00148, 
epoch  33 summary: dyn_dyn_cos_loss: 0.00533, dyn_sta_cos_loss: 0.00148, total_cos_loss : 0.00148, 
epoch  34 summary: dyn_dyn_cos_loss: 0.00533, dyn_sta_cos_loss: 0.00148, total_cos_loss : 0.00148, 
epoch  35 summary: dyn_dyn_cos_loss: 0.00533, dyn_sta_cos_loss: 0.00148, total_cos_loss : 0.00148, 
epoch  36 summary: dyn_dyn_cos_loss: 0.00532, dyn_sta_cos_loss: 0.00147, total_cos_loss : 0.00147, 
epoch  37 summary: dyn_dyn_cos_loss: 0.00532, dyn_sta_cos_loss: 0.00147, total_cos_loss : 0.00147, 
epoch  38 summary: dyn_dyn_cos_loss: 0.00532, dyn_sta_cos_loss: 0.00147, total_cos_loss : 0.00147, 
epoch  39 summary: dyn_dyn_cos_loss: 0.00532, dyn_sta_cos_loss: 0.00147, total_cos_loss : 0.00147, 
epoch  40 summary: dyn_dyn_cos_loss: 0.00533, dyn_sta_cos_loss: 0.00147, total_cos_loss : 0.00147, 
valid loss: 1.8505, valid acc: 0.5352
epoch  41 summary: dyn_dyn_cos_loss: 0.00532, dyn_sta_cos_loss: 0.00147, total_cos_loss : 0.00147, 
epoch  42 summary: dyn_dyn_cos_loss: 0.00532, dyn_sta_cos_loss: 0.00147, total_cos_loss : 0.00147, 
epoch  43 summary: dyn_dyn_cos_loss: 0.00532, dyn_sta_cos_loss: 0.00147, total_cos_loss : 0.00147, 
epoch  44 summary: dyn_dyn_cos_loss: 0.00532, dyn_sta_cos_loss: 0.00147, total_cos_loss : 0.00147, 
epoch  45 summary: dyn_dyn_cos_loss: 0.00534, dyn_sta_cos_loss: 0.00147, total_cos_loss : 0.00147, 
epoch  46 summary: dyn_dyn_cos_loss: 0.00534, dyn_sta_cos_loss: 0.00147, total_cos_loss : 0.00147, 
epoch  47 summary: dyn_dyn_cos_loss: 0.00533, dyn_sta_cos_loss: 0.00147, total_cos_loss : 0.00147, 
epoch  48 summary: dyn_dyn_cos_loss: 0.00533, dyn_sta_cos_loss: 0.00147, total_cos_loss : 0.00147, 
epoch  49 summary: dyn_dyn_cos_loss: 0.00534, dyn_sta_cos_loss: 0.00147, total_cos_loss : 0.00147, 
epoch  50 summary: dyn_dyn_cos_loss: 0.00534, dyn_sta_cos_loss: 0.00147, total_cos_loss : 0.00147, 
valid loss: 1.8343, valid acc: 0.5332
epoch  51 summary: dyn_dyn_cos_loss: 0.00533, dyn_sta_cos_loss: 0.00147, total_cos_loss : 0.00147, 
epoch  52 summary: dyn_dyn_cos_loss: 0.00533, dyn_sta_cos_loss: 0.00147, total_cos_loss : 0.00147, 
epoch  53 summary: dyn_dyn_cos_loss: 0.00533, dyn_sta_cos_loss: 0.00147, total_cos_loss : 0.00147, 
epoch  54 summary: dyn_dyn_cos_loss: 0.00533, dyn_sta_cos_loss: 0.00147, total_cos_loss : 0.00147, 
epoch  55 summary: dyn_dyn_cos_loss: 0.00533, dyn_sta_cos_loss: 0.00147, total_cos_loss : 0.00147, 
epoch  56 summary: dyn_dyn_cos_loss: 0.00533, dyn_sta_cos_loss: 0.00147, total_cos_loss : 0.00147, 
epoch  57 summary: dyn_dyn_cos_loss: 0.00533, dyn_sta_cos_loss: 0.00147, total_cos_loss : 0.00147, 
epoch  58 summary: dyn_dyn_cos_loss: 0.00533, dyn_sta_cos_loss: 0.00147, total_cos_loss : 0.00147, 
epoch  59 summary: dyn_dyn_cos_loss: 0.00534, dyn_sta_cos_loss: 0.00147, total_cos_loss : 0.00147, 
epoch  60 summary: dyn_dyn_cos_loss: 0.00547, dyn_sta_cos_loss: 0.00147, total_cos_loss : 0.00147, 
valid loss: 1.8170, valid acc: 0.5371
epoch  61 summary: dyn_dyn_cos_loss: 0.00547, dyn_sta_cos_loss: 0.00147, total_cos_loss : 0.00147, 
epoch  62 summary: dyn_dyn_cos_loss: 0.00547, dyn_sta_cos_loss: 0.00147, total_cos_loss : 0.00147, 
epoch  63 summary: dyn_dyn_cos_loss: 0.00548, dyn_sta_cos_loss: 0.00147, total_cos_loss : 0.00147, 
epoch  64 summary: dyn_dyn_cos_loss: 0.00548, dyn_sta_cos_loss: 0.00146, total_cos_loss : 0.00146, 
epoch  65 summary: dyn_dyn_cos_loss: 0.00547, dyn_sta_cos_loss: 0.00146, total_cos_loss : 0.00146, 
epoch  66 summary: dyn_dyn_cos_loss: 0.00547, dyn_sta_cos_loss: 0.00146, total_cos_loss : 0.00146, 
epoch  67 summary: dyn_dyn_cos_loss: 0.00547, dyn_sta_cos_loss: 0.00146, total_cos_loss : 0.00146, 
epoch  68 summary: dyn_dyn_cos_loss: 0.00547, dyn_sta_cos_loss: 0.00146, total_cos_loss : 0.00146, 
epoch  69 summary: dyn_dyn_cos_loss: 0.00547, dyn_sta_cos_loss: 0.00146, total_cos_loss : 0.00146, 
epoch  70 summary: dyn_dyn_cos_loss: 0.00547, dyn_sta_cos_loss: 0.00146, total_cos_loss : 0.00146, 
valid loss: 1.8192, valid acc: 0.5332
epoch  71 summary: dyn_dyn_cos_loss: 0.00547, dyn_sta_cos_loss: 0.00146, total_cos_loss : 0.00146, 
epoch  72 summary: dyn_dyn_cos_loss: 0.00547, dyn_sta_cos_loss: 0.00146, total_cos_loss : 0.00146, 
epoch  73 summary: dyn_dyn_cos_loss: 0.00547, dyn_sta_cos_loss: 0.00146, total_cos_loss : 0.00146, 
epoch  74 summary: dyn_dyn_cos_loss: 0.00547, dyn_sta_cos_loss: 0.00146, total_cos_loss : 0.00146, 
epoch  75 summary: dyn_dyn_cos_loss: 0.00529, dyn_sta_cos_loss: 0.00146, total_cos_loss : 0.00146, 
epoch  76 summary: dyn_dyn_cos_loss: 0.00529, dyn_sta_cos_loss: 0.00146, total_cos_loss : 0.00146, 
epoch  77 summary: dyn_dyn_cos_loss: 0.00529, dyn_sta_cos_loss: 0.00146, total_cos_loss : 0.00146, 
epoch  78 summary: dyn_dyn_cos_loss: 0.00529, dyn_sta_cos_loss: 0.00146, total_cos_loss : 0.00146, 
epoch  79 summary: dyn_dyn_cos_loss: 0.00529, dyn_sta_cos_loss: 0.00146, total_cos_loss : 0.00146, 
epoch  80 summary: dyn_dyn_cos_loss: 0.00529, dyn_sta_cos_loss: 0.00146, total_cos_loss : 0.00146, 
valid loss: 1.8023, valid acc: 0.5332
epoch  81 summary: dyn_dyn_cos_loss: 0.00529, dyn_sta_cos_loss: 0.00146, total_cos_loss : 0.00146, 
epoch  82 summary: dyn_dyn_cos_loss: 0.00529, dyn_sta_cos_loss: 0.00146, total_cos_loss : 0.00146, 
epoch  83 summary: dyn_dyn_cos_loss: 0.00529, dyn_sta_cos_loss: 0.00146, total_cos_loss : 0.00146, 
epoch  84 summary: dyn_dyn_cos_loss: 0.00529, dyn_sta_cos_loss: 0.00146, total_cos_loss : 0.00146, 
epoch  85 summary: dyn_dyn_cos_loss: 0.00529, dyn_sta_cos_loss: 0.00146, total_cos_loss : 0.00146, 
epoch  86 summary: dyn_dyn_cos_loss: 0.00528, dyn_sta_cos_loss: 0.00146, total_cos_loss : 0.00146, 
epoch  87 summary: dyn_dyn_cos_loss: 0.00528, dyn_sta_cos_loss: 0.00146, total_cos_loss : 0.00146, 
epoch  88 summary: dyn_dyn_cos_loss: 0.00528, dyn_sta_cos_loss: 0.00146, total_cos_loss : 0.00146, 
epoch  89 summary: dyn_dyn_cos_loss: 0.00528, dyn_sta_cos_loss: 0.00146, total_cos_loss : 0.00146, 
epoch  90 summary: dyn_dyn_cos_loss: 0.00545, dyn_sta_cos_loss: 0.00146, total_cos_loss : 0.00146, 
valid loss: 1.8024, valid acc: 0.5332
epoch  91 summary: dyn_dyn_cos_loss: 0.00545, dyn_sta_cos_loss: 0.00146, total_cos_loss : 0.00146, 
epoch  92 summary: dyn_dyn_cos_loss: 0.00545, dyn_sta_cos_loss: 0.00146, total_cos_loss : 0.00146, 
epoch  93 summary: dyn_dyn_cos_loss: 0.00545, dyn_sta_cos_loss: 0.00146, total_cos_loss : 0.00146, 
epoch  94 summary: dyn_dyn_cos_loss: 0.00544, dyn_sta_cos_loss: 0.00146, total_cos_loss : 0.00146, 
epoch  95 summary: dyn_dyn_cos_loss: 0.00544, dyn_sta_cos_loss: 0.00146, total_cos_loss : 0.00146, 
epoch  96 summary: dyn_dyn_cos_loss: 0.00545, dyn_sta_cos_loss: 0.00146, total_cos_loss : 0.00146, 
epoch  97 summary: dyn_dyn_cos_loss: 0.00545, dyn_sta_cos_loss: 0.00146, total_cos_loss : 0.00146, 
epoch  98 summary: dyn_dyn_cos_loss: 0.00545, dyn_sta_cos_loss: 0.00146, total_cos_loss : 0.00146, 
epoch  99 summary: dyn_dyn_cos_loss: 0.00545, dyn_sta_cos_loss: 0.00146, total_cos_loss : 0.00146, 
valid loss: 1.8003, valid acc: 0.5332
epoch 100 summary: dyn_dyn_cos_loss: 0.00545, dyn_sta_cos_loss: 0.00146, total_cos_loss : 0.00146, 
valid loss: 1.7991, valid acc: 0.5332
epoch 101 summary: dyn_dyn_cos_loss: 0.00544, dyn_sta_cos_loss: 0.00146, total_cos_loss : 0.00146, 
epoch 102 summary: dyn_dyn_cos_loss: 0.00544, dyn_sta_cos_loss: 0.00146, total_cos_loss : 0.00146, 
epoch 103 summary: dyn_dyn_cos_loss: 0.00544, dyn_sta_cos_loss: 0.00146, total_cos_loss : 0.00146, 
epoch 104 summary: dyn_dyn_cos_loss: 0.00544, dyn_sta_cos_loss: 0.00146, total_cos_loss : 0.00146, 
epoch 105 summary: dyn_dyn_cos_loss: 0.00532, dyn_sta_cos_loss: 0.00146, total_cos_loss : 0.00146, 
epoch 106 summary: dyn_dyn_cos_loss: 0.00533, dyn_sta_cos_loss: 0.00146, total_cos_loss : 0.00146, 
epoch 107 summary: dyn_dyn_cos_loss: 0.00533, dyn_sta_cos_loss: 0.00146, total_cos_loss : 0.00146, 
epoch 108 summary: dyn_dyn_cos_loss: 0.00533, dyn_sta_cos_loss: 0.00146, total_cos_loss : 0.00146, 
epoch 109 summary: dyn_dyn_cos_loss: 0.00533, dyn_sta_cos_loss: 0.00146, total_cos_loss : 0.00146, 
epoch 110 summary: dyn_dyn_cos_loss: 0.00533, dyn_sta_cos_loss: 0.00146, total_cos_loss : 0.00146, 
valid loss: 1.7998, valid acc: 0.5332
epoch 111 summary: dyn_dyn_cos_loss: 0.00533, dyn_sta_cos_loss: 0.00146, total_cos_loss : 0.00146, 
epoch 112 summary: dyn_dyn_cos_loss: 0.00533, dyn_sta_cos_loss: 0.00146, total_cos_loss : 0.00146, 
epoch 113 summary: dyn_dyn_cos_loss: 0.00533, dyn_sta_cos_loss: 0.00146, total_cos_loss : 0.00146, 
epoch 114 summary: dyn_dyn_cos_loss: 0.00533, dyn_sta_cos_loss: 0.00146, total_cos_loss : 0.00146, 
epoch 115 summary: dyn_dyn_cos_loss: 0.00533, dyn_sta_cos_loss: 0.00146, total_cos_loss : 0.00146, 
epoch 116 summary: dyn_dyn_cos_loss: 0.00533, dyn_sta_cos_loss: 0.00146, total_cos_loss : 0.00146, 
epoch 117 summary: dyn_dyn_cos_loss: 0.00533, dyn_sta_cos_loss: 0.00146, total_cos_loss : 0.00146, 
epoch 118 summary: dyn_dyn_cos_loss: 0.00533, dyn_sta_cos_loss: 0.00146, total_cos_loss : 0.00146, 
epoch 119 summary: dyn_dyn_cos_loss: 0.00533, dyn_sta_cos_loss: 0.00146, total_cos_loss : 0.00146, 
epoch 120 summary: dyn_dyn_cos_loss: 0.00535, dyn_sta_cos_loss: 0.00146, total_cos_loss : 0.00146, 
valid loss: 1.8036, valid acc: 0.5312
epoch 121 summary: dyn_dyn_cos_loss: 0.00535, dyn_sta_cos_loss: 0.00146, total_cos_loss : 0.00146, 
epoch 122 summary: dyn_dyn_cos_loss: 0.00534, dyn_sta_cos_loss: 0.00146, total_cos_loss : 0.00146, 
epoch 123 summary: dyn_dyn_cos_loss: 0.00534, dyn_sta_cos_loss: 0.00146, total_cos_loss : 0.00146, 
epoch 124 summary: dyn_dyn_cos_loss: 0.00534, dyn_sta_cos_loss: 0.00146, total_cos_loss : 0.00146, 
epoch 125 summary: dyn_dyn_cos_loss: 0.00534, dyn_sta_cos_loss: 0.00146, total_cos_loss : 0.00146, 
epoch 126 summary: dyn_dyn_cos_loss: 0.00534, dyn_sta_cos_loss: 0.00146, total_cos_loss : 0.00146, 
epoch 127 summary: dyn_dyn_cos_loss: 0.00534, dyn_sta_cos_loss: 0.00146, total_cos_loss : 0.00146, 
epoch 128 summary: dyn_dyn_cos_loss: 0.00534, dyn_sta_cos_loss: 0.00146, total_cos_loss : 0.00146, 
epoch 129 summary: dyn_dyn_cos_loss: 0.00534, dyn_sta_cos_loss: 0.00146, total_cos_loss : 0.00146, 
epoch 130 summary: dyn_dyn_cos_loss: 0.00533, dyn_sta_cos_loss: 0.00146, total_cos_loss : 0.00146, 
valid loss: 1.8038, valid acc: 0.5293
epoch 131 summary: dyn_dyn_cos_loss: 0.00534, dyn_sta_cos_loss: 0.00146, total_cos_loss : 0.00146, 
epoch 132 summary: dyn_dyn_cos_loss: 0.00534, dyn_sta_cos_loss: 0.00146, total_cos_loss : 0.00146, 
epoch 133 summary: dyn_dyn_cos_loss: 0.00533, dyn_sta_cos_loss: 0.00146, total_cos_loss : 0.00146, 
epoch 134 summary: dyn_dyn_cos_loss: 0.00533, dyn_sta_cos_loss: 0.00146, total_cos_loss : 0.00146, 
epoch 135 summary: dyn_dyn_cos_loss: 0.00527, dyn_sta_cos_loss: 0.00146, total_cos_loss : 0.00146, 
epoch 136 summary: dyn_dyn_cos_loss: 0.00527, dyn_sta_cos_loss: 0.00146, total_cos_loss : 0.00146, 
epoch 137 summary: dyn_dyn_cos_loss: 0.00527, dyn_sta_cos_loss: 0.00146, total_cos_loss : 0.00146, 
epoch 138 summary: dyn_dyn_cos_loss: 0.00527, dyn_sta_cos_loss: 0.00146, total_cos_loss : 0.00146, 
epoch 139 summary: dyn_dyn_cos_loss: 0.00527, dyn_sta_cos_loss: 0.00145, total_cos_loss : 0.00145, 
epoch 140 summary: dyn_dyn_cos_loss: 0.00527, dyn_sta_cos_loss: 0.00145, total_cos_loss : 0.00145, 
valid loss: 1.7954, valid acc: 0.5312
epoch 141 summary: dyn_dyn_cos_loss: 0.00527, dyn_sta_cos_loss: 0.00145, total_cos_loss : 0.00145, 
epoch 142 summary: dyn_dyn_cos_loss: 0.00527, dyn_sta_cos_loss: 0.00145, total_cos_loss : 0.00145, 
epoch 143 summary: dyn_dyn_cos_loss: 0.00527, dyn_sta_cos_loss: 0.00145, total_cos_loss : 0.00145, 
epoch 144 summary: dyn_dyn_cos_loss: 0.00527, dyn_sta_cos_loss: 0.00145, total_cos_loss : 0.00145, 
epoch 145 summary: dyn_dyn_cos_loss: 0.00527, dyn_sta_cos_loss: 0.00145, total_cos_loss : 0.00145, 
epoch 146 summary: dyn_dyn_cos_loss: 0.00527, dyn_sta_cos_loss: 0.00145, total_cos_loss : 0.00145, 
epoch 147 summary: dyn_dyn_cos_loss: 0.00527, dyn_sta_cos_loss: 0.00145, total_cos_loss : 0.00145, 
epoch 148 summary: dyn_dyn_cos_loss: 0.00527, dyn_sta_cos_loss: 0.00145, total_cos_loss : 0.00145, 
epoch 149 summary: dyn_dyn_cos_loss: 0.00527, dyn_sta_cos_loss: 0.00145, total_cos_loss : 0.00145, 
epoch 150 summary: dyn_dyn_cos_loss: 0.00540, dyn_sta_cos_loss: 0.00145, total_cos_loss : 0.00145, 
valid loss: 1.7976, valid acc: 0.5312
epoch 151 summary: dyn_dyn_cos_loss: 0.00540, dyn_sta_cos_loss: 0.00145, total_cos_loss : 0.00145, 
epoch 152 summary: dyn_dyn_cos_loss: 0.00540, dyn_sta_cos_loss: 0.00145, total_cos_loss : 0.00145, 
epoch 153 summary: dyn_dyn_cos_loss: 0.00539, dyn_sta_cos_loss: 0.00145, total_cos_loss : 0.00145, 
epoch 154 summary: dyn_dyn_cos_loss: 0.00540, dyn_sta_cos_loss: 0.00145, total_cos_loss : 0.00145, 
epoch 155 summary: dyn_dyn_cos_loss: 0.00540, dyn_sta_cos_loss: 0.00145, total_cos_loss : 0.00145, 
epoch 156 summary: dyn_dyn_cos_loss: 0.00540, dyn_sta_cos_loss: 0.00145, total_cos_loss : 0.00145, 
epoch 157 summary: dyn_dyn_cos_loss: 0.00540, dyn_sta_cos_loss: 0.00145, total_cos_loss : 0.00145, 
epoch 158 summary: dyn_dyn_cos_loss: 0.00540, dyn_sta_cos_loss: 0.00145, total_cos_loss : 0.00145, 
epoch 159 summary: dyn_dyn_cos_loss: 0.00539, dyn_sta_cos_loss: 0.00145, total_cos_loss : 0.00145, 
epoch 160 summary: dyn_dyn_cos_loss: 0.00539, dyn_sta_cos_loss: 0.00145, total_cos_loss : 0.00145, 
valid loss: 1.7949, valid acc: 0.5332
epoch 161 summary: dyn_dyn_cos_loss: 0.00539, dyn_sta_cos_loss: 0.00145, total_cos_loss : 0.00145, 
epoch 162 summary: dyn_dyn_cos_loss: 0.00539, dyn_sta_cos_loss: 0.00145, total_cos_loss : 0.00145, 
epoch 163 summary: dyn_dyn_cos_loss: 0.00539, dyn_sta_cos_loss: 0.00145, total_cos_loss : 0.00145, 
epoch 164 summary: dyn_dyn_cos_loss: 0.00539, dyn_sta_cos_loss: 0.00145, total_cos_loss : 0.00145, 
epoch 165 summary: dyn_dyn_cos_loss: 0.00517, dyn_sta_cos_loss: 0.00145, total_cos_loss : 0.00145, 
epoch 166 summary: dyn_dyn_cos_loss: 0.00517, dyn_sta_cos_loss: 0.00145, total_cos_loss : 0.00145, 
epoch 167 summary: dyn_dyn_cos_loss: 0.00517, dyn_sta_cos_loss: 0.00145, total_cos_loss : 0.00145, 
epoch 168 summary: dyn_dyn_cos_loss: 0.00517, dyn_sta_cos_loss: 0.00145, total_cos_loss : 0.00145, 
epoch 169 summary: dyn_dyn_cos_loss: 0.00517, dyn_sta_cos_loss: 0.00145, total_cos_loss : 0.00145, 
epoch 170 summary: dyn_dyn_cos_loss: 0.00517, dyn_sta_cos_loss: 0.00145, total_cos_loss : 0.00145, 
valid loss: 1.7921, valid acc: 0.5332
epoch 171 summary: dyn_dyn_cos_loss: 0.00517, dyn_sta_cos_loss: 0.00145, total_cos_loss : 0.00145, 
epoch 172 summary: dyn_dyn_cos_loss: 0.00517, dyn_sta_cos_loss: 0.00145, total_cos_loss : 0.00145, 
epoch 173 summary: dyn_dyn_cos_loss: 0.00517, dyn_sta_cos_loss: 0.00145, total_cos_loss : 0.00145, 
epoch 174 summary: dyn_dyn_cos_loss: 0.00517, dyn_sta_cos_loss: 0.00145, total_cos_loss : 0.00145, 
epoch 175 summary: dyn_dyn_cos_loss: 0.00517, dyn_sta_cos_loss: 0.00145, total_cos_loss : 0.00145, 
epoch 176 summary: dyn_dyn_cos_loss: 0.00517, dyn_sta_cos_loss: 0.00145, total_cos_loss : 0.00145, 
epoch 177 summary: dyn_dyn_cos_loss: 0.00517, dyn_sta_cos_loss: 0.00145, total_cos_loss : 0.00145, 
epoch 178 summary: dyn_dyn_cos_loss: 0.00517, dyn_sta_cos_loss: 0.00145, total_cos_loss : 0.00145, 
epoch 179 summary: dyn_dyn_cos_loss: 0.00517, dyn_sta_cos_loss: 0.00145, total_cos_loss : 0.00145, 
epoch 180 summary: dyn_dyn_cos_loss: 0.00535, dyn_sta_cos_loss: 0.00145, total_cos_loss : 0.00145, 
valid loss: 1.7926, valid acc: 0.5312
epoch 181 summary: dyn_dyn_cos_loss: 0.00535, dyn_sta_cos_loss: 0.00145, total_cos_loss : 0.00145, 
epoch 182 summary: dyn_dyn_cos_loss: 0.00535, dyn_sta_cos_loss: 0.00145, total_cos_loss : 0.00145, 
epoch 183 summary: dyn_dyn_cos_loss: 0.00535, dyn_sta_cos_loss: 0.00145, total_cos_loss : 0.00145, 
epoch 184 summary: dyn_dyn_cos_loss: 0.00535, dyn_sta_cos_loss: 0.00145, total_cos_loss : 0.00145, 
epoch 185 summary: dyn_dyn_cos_loss: 0.00535, dyn_sta_cos_loss: 0.00145, total_cos_loss : 0.00145, 
epoch 186 summary: dyn_dyn_cos_loss: 0.00535, dyn_sta_cos_loss: 0.00145, total_cos_loss : 0.00145, 
epoch 187 summary: dyn_dyn_cos_loss: 0.00535, dyn_sta_cos_loss: 0.00145, total_cos_loss : 0.00145, 
epoch 188 summary: dyn_dyn_cos_loss: 0.00535, dyn_sta_cos_loss: 0.00145, total_cos_loss : 0.00145, 
epoch 189 summary: dyn_dyn_cos_loss: 0.00535, dyn_sta_cos_loss: 0.00145, total_cos_loss : 0.00145, 
epoch 190 summary: dyn_dyn_cos_loss: 0.00535, dyn_sta_cos_loss: 0.00145, total_cos_loss : 0.00145, 
valid loss: 1.7926, valid acc: 0.5312
epoch 191 summary: dyn_dyn_cos_loss: 0.00535, dyn_sta_cos_loss: 0.00145, total_cos_loss : 0.00145, 
epoch 192 summary: dyn_dyn_cos_loss: 0.00535, dyn_sta_cos_loss: 0.00145, total_cos_loss : 0.00145, 
epoch 193 summary: dyn_dyn_cos_loss: 0.00535, dyn_sta_cos_loss: 0.00145, total_cos_loss : 0.00145, 
epoch 194 summary: dyn_dyn_cos_loss: 0.00535, dyn_sta_cos_loss: 0.00145, total_cos_loss : 0.00145, 
epoch 195 summary: dyn_dyn_cos_loss: 0.00526, dyn_sta_cos_loss: 0.00145, total_cos_loss : 0.00145, 
epoch 196 summary: dyn_dyn_cos_loss: 0.00526, dyn_sta_cos_loss: 0.00145, total_cos_loss : 0.00145, 
epoch 197 summary: dyn_dyn_cos_loss: 0.00526, dyn_sta_cos_loss: 0.00145, total_cos_loss : 0.00145, 
epoch 198 summary: dyn_dyn_cos_loss: 0.00526, dyn_sta_cos_loss: 0.00145, total_cos_loss : 0.00145, 
epoch 199 summary: dyn_dyn_cos_loss: 0.00526, dyn_sta_cos_loss: 0.00145, total_cos_loss : 0.00145, 
all                          72281.642ms
all_epoch                    72271.008ms
all_preparation                 10.612ms
all_preparation_2                8.264ms
all_preparation_3                2.328ms
epoch                          279.846ms
epoch_pos_train                  5.008ms
epoch_preparation                0.378ms
epoch_train                    269.661ms
epoch_valid                      2.764ms
----------------------------------------
all                          72281.642ms
  all_epoch             99.99%
  all_preparation        0.01%
all_preparation                 10.612ms
  all_preparation_2     77.88%
  all_preparation_3     21.93%
epoch                        55969.167ms
  epoch_train           96.36%
  epoch_pos_train        1.79%
  epoch_valid            0.99%
  epoch_preparation      0.13%
