Before CTE Training: train eu loss: 1.057024359703064, eval eu loss: 1.492782711982727
Before CTE Training: train eu acc: 0.66552734375, eval eu acc: 0.560546875
epoch   0 summary: dyn_dyn_cos_loss: 0.02369, dyn_sta_cos_loss: 0.00711, total_cos_loss : 0.00711, vocab_cro_loss : 4.48647, 
train loss: 3.6435, train acc: 0.2146
epoch   1 summary: dyn_dyn_cos_loss: 0.00000, dyn_sta_cos_loss: 0.00000, total_cos_loss : 0.00000, vocab_cro_loss : 3.64321, 
epoch   2 summary: dyn_dyn_cos_loss: 0.00000, dyn_sta_cos_loss: 0.00000, total_cos_loss : 0.00000, vocab_cro_loss : 3.53702, 
epoch   3 summary: dyn_dyn_cos_loss: 0.00000, dyn_sta_cos_loss: 0.00000, total_cos_loss : 0.00000, vocab_cro_loss : 3.44770, 
epoch   4 summary: dyn_dyn_cos_loss: 0.02278, dyn_sta_cos_loss: 0.00615, total_cos_loss : 0.00615, vocab_cro_loss : 3.35863, 
epoch   5 summary: dyn_dyn_cos_loss: 0.00000, dyn_sta_cos_loss: 0.00000, total_cos_loss : 0.00000, vocab_cro_loss : 2.70208, 
epoch   6 summary: dyn_dyn_cos_loss: 0.00000, dyn_sta_cos_loss: 0.00000, total_cos_loss : 0.00000, vocab_cro_loss : 2.66256, 
epoch   7 summary: dyn_dyn_cos_loss: 0.00000, dyn_sta_cos_loss: 0.00000, total_cos_loss : 0.00000, vocab_cro_loss : 2.63254, 
epoch   8 summary: dyn_dyn_cos_loss: 0.02050, dyn_sta_cos_loss: 0.00503, total_cos_loss : 0.00503, vocab_cro_loss : 2.61679, 
epoch   9 summary: dyn_dyn_cos_loss: 0.00000, dyn_sta_cos_loss: 0.00000, total_cos_loss : 0.00000, vocab_cro_loss : 2.25374, 
epoch  10 summary: dyn_dyn_cos_loss: 0.00000, dyn_sta_cos_loss: 0.00000, total_cos_loss : 0.00000, vocab_cro_loss : 2.23911, 
train loss: 2.2306, train acc: 0.4905
epoch  11 summary: dyn_dyn_cos_loss: 0.00000, dyn_sta_cos_loss: 0.00000, total_cos_loss : 0.00000, vocab_cro_loss : 2.23054, 
epoch  12 summary: dyn_dyn_cos_loss: 0.01773, dyn_sta_cos_loss: 0.00422, total_cos_loss : 0.00422, vocab_cro_loss : 2.21124, 
epoch  13 summary: dyn_dyn_cos_loss: 0.00000, dyn_sta_cos_loss: 0.00000, total_cos_loss : 0.00000, vocab_cro_loss : 1.98042, 
epoch  14 summary: dyn_dyn_cos_loss: 0.00000, dyn_sta_cos_loss: 0.00000, total_cos_loss : 0.00000, vocab_cro_loss : 1.96738, 
epoch  15 summary: dyn_dyn_cos_loss: 0.00000, dyn_sta_cos_loss: 0.00000, total_cos_loss : 0.00000, vocab_cro_loss : 1.96015, 
epoch  16 summary: dyn_dyn_cos_loss: 0.01547, dyn_sta_cos_loss: 0.00368, total_cos_loss : 0.00368, vocab_cro_loss : 1.95026, 
epoch  17 summary: dyn_dyn_cos_loss: 0.00000, dyn_sta_cos_loss: 0.00000, total_cos_loss : 0.00000, vocab_cro_loss : 1.77603, 
epoch  18 summary: dyn_dyn_cos_loss: 0.00000, dyn_sta_cos_loss: 0.00000, total_cos_loss : 0.00000, vocab_cro_loss : 1.76169, 
epoch  19 summary: dyn_dyn_cos_loss: 0.00000, dyn_sta_cos_loss: 0.00000, total_cos_loss : 0.00000, vocab_cro_loss : 1.75353, 
epoch  20 summary: dyn_dyn_cos_loss: 0.01387, dyn_sta_cos_loss: 0.00329, total_cos_loss : 0.00329, vocab_cro_loss : 1.74821, 
train loss: 1.6396, train acc: 0.5796
epoch  21 summary: dyn_dyn_cos_loss: 0.00000, dyn_sta_cos_loss: 0.00000, total_cos_loss : 0.00000, vocab_cro_loss : 1.63954, 
epoch  22 summary: dyn_dyn_cos_loss: 0.00000, dyn_sta_cos_loss: 0.00000, total_cos_loss : 0.00000, vocab_cro_loss : 1.62814, 
epoch  23 summary: dyn_dyn_cos_loss: 0.00000, dyn_sta_cos_loss: 0.00000, total_cos_loss : 0.00000, vocab_cro_loss : 1.62094, 
epoch  24 summary: dyn_dyn_cos_loss: 0.01254, dyn_sta_cos_loss: 0.00303, total_cos_loss : 0.00303, vocab_cro_loss : 1.61265, 
epoch  25 summary: dyn_dyn_cos_loss: 0.00000, dyn_sta_cos_loss: 0.00000, total_cos_loss : 0.00000, vocab_cro_loss : 1.56798, 
epoch  26 summary: dyn_dyn_cos_loss: 0.00000, dyn_sta_cos_loss: 0.00000, total_cos_loss : 0.00000, vocab_cro_loss : 1.55337, 
epoch  27 summary: dyn_dyn_cos_loss: 0.00000, dyn_sta_cos_loss: 0.00000, total_cos_loss : 0.00000, vocab_cro_loss : 1.54249, 
epoch  28 summary: dyn_dyn_cos_loss: 0.01143, dyn_sta_cos_loss: 0.00286, total_cos_loss : 0.00286, vocab_cro_loss : 1.53562, 
epoch  29 summary: dyn_dyn_cos_loss: 0.00000, dyn_sta_cos_loss: 0.00000, total_cos_loss : 0.00000, vocab_cro_loss : 1.49561, 
epoch  30 summary: dyn_dyn_cos_loss: 0.00000, dyn_sta_cos_loss: 0.00000, total_cos_loss : 0.00000, vocab_cro_loss : 1.48261, 
train loss: 1.4779, train acc: 0.6091
epoch  31 summary: dyn_dyn_cos_loss: 0.00000, dyn_sta_cos_loss: 0.00000, total_cos_loss : 0.00000, vocab_cro_loss : 1.47788, 
epoch  32 summary: dyn_dyn_cos_loss: 0.01059, dyn_sta_cos_loss: 0.00266, total_cos_loss : 0.00266, vocab_cro_loss : 1.46768, 
epoch  33 summary: dyn_dyn_cos_loss: 0.00000, dyn_sta_cos_loss: 0.00000, total_cos_loss : 0.00000, vocab_cro_loss : 1.44787, 
epoch  34 summary: dyn_dyn_cos_loss: 0.00000, dyn_sta_cos_loss: 0.00000, total_cos_loss : 0.00000, vocab_cro_loss : 1.43784, 
epoch  35 summary: dyn_dyn_cos_loss: 0.00000, dyn_sta_cos_loss: 0.00000, total_cos_loss : 0.00000, vocab_cro_loss : 1.43039, 
epoch  36 summary: dyn_dyn_cos_loss: 0.00986, dyn_sta_cos_loss: 0.00253, total_cos_loss : 0.00253, vocab_cro_loss : 1.41863, 
epoch  37 summary: dyn_dyn_cos_loss: 0.00000, dyn_sta_cos_loss: 0.00000, total_cos_loss : 0.00000, vocab_cro_loss : 1.41036, 
epoch  38 summary: dyn_dyn_cos_loss: 0.00000, dyn_sta_cos_loss: 0.00000, total_cos_loss : 0.00000, vocab_cro_loss : 1.39313, 
epoch  39 summary: dyn_dyn_cos_loss: 0.00000, dyn_sta_cos_loss: 0.00000, total_cos_loss : 0.00000, vocab_cro_loss : 1.38569, 
epoch  40 summary: dyn_dyn_cos_loss: 0.00937, dyn_sta_cos_loss: 0.00238, total_cos_loss : 0.00238, vocab_cro_loss : 1.37715, 
train loss: 1.3799, train acc: 0.6086
epoch  41 summary: dyn_dyn_cos_loss: 0.00000, dyn_sta_cos_loss: 0.00000, total_cos_loss : 0.00000, vocab_cro_loss : 1.37982, 
epoch  42 summary: dyn_dyn_cos_loss: 0.00000, dyn_sta_cos_loss: 0.00000, total_cos_loss : 0.00000, vocab_cro_loss : 1.36710, 
epoch  43 summary: dyn_dyn_cos_loss: 0.00000, dyn_sta_cos_loss: 0.00000, total_cos_loss : 0.00000, vocab_cro_loss : 1.36306, 
epoch  44 summary: dyn_dyn_cos_loss: 0.00889, dyn_sta_cos_loss: 0.00225, total_cos_loss : 0.00225, vocab_cro_loss : 1.35320, 
epoch  45 summary: dyn_dyn_cos_loss: 0.00000, dyn_sta_cos_loss: 0.00000, total_cos_loss : 0.00000, vocab_cro_loss : 1.35928, 
epoch  46 summary: dyn_dyn_cos_loss: 0.00000, dyn_sta_cos_loss: 0.00000, total_cos_loss : 0.00000, vocab_cro_loss : 1.35029, 
epoch  47 summary: dyn_dyn_cos_loss: 0.00000, dyn_sta_cos_loss: 0.00000, total_cos_loss : 0.00000, vocab_cro_loss : 1.34439, 
epoch  48 summary: dyn_dyn_cos_loss: 0.00839, dyn_sta_cos_loss: 0.00220, total_cos_loss : 0.00220, vocab_cro_loss : 1.33413, 
epoch  49 summary: dyn_dyn_cos_loss: 0.00000, dyn_sta_cos_loss: 0.00000, total_cos_loss : 0.00000, vocab_cro_loss : 1.34046, 
epoch  50 summary: dyn_dyn_cos_loss: 0.00000, dyn_sta_cos_loss: 0.00000, total_cos_loss : 0.00000, vocab_cro_loss : 1.32765, 
train loss: 1.3151, train acc: 0.6335
epoch  51 summary: dyn_dyn_cos_loss: 0.00000, dyn_sta_cos_loss: 0.00000, total_cos_loss : 0.00000, vocab_cro_loss : 1.31505, 
epoch  52 summary: dyn_dyn_cos_loss: 0.00804, dyn_sta_cos_loss: 0.00212, total_cos_loss : 0.00212, vocab_cro_loss : 1.30899, 
epoch  53 summary: dyn_dyn_cos_loss: 0.00000, dyn_sta_cos_loss: 0.00000, total_cos_loss : 0.00000, vocab_cro_loss : 1.32695, 
epoch  54 summary: dyn_dyn_cos_loss: 0.00000, dyn_sta_cos_loss: 0.00000, total_cos_loss : 0.00000, vocab_cro_loss : 1.31663, 
epoch  55 summary: dyn_dyn_cos_loss: 0.00000, dyn_sta_cos_loss: 0.00000, total_cos_loss : 0.00000, vocab_cro_loss : 1.31031, 
epoch  56 summary: dyn_dyn_cos_loss: 0.00765, dyn_sta_cos_loss: 0.00203, total_cos_loss : 0.00203, vocab_cro_loss : 1.29975, 
epoch  57 summary: dyn_dyn_cos_loss: 0.00000, dyn_sta_cos_loss: 0.00000, total_cos_loss : 0.00000, vocab_cro_loss : 1.32356, 
epoch  58 summary: dyn_dyn_cos_loss: 0.00000, dyn_sta_cos_loss: 0.00000, total_cos_loss : 0.00000, vocab_cro_loss : 1.31877, 
epoch  59 summary: dyn_dyn_cos_loss: 0.00000, dyn_sta_cos_loss: 0.00000, total_cos_loss : 0.00000, vocab_cro_loss : 1.30867, 
epoch  60 summary: dyn_dyn_cos_loss: 0.00736, dyn_sta_cos_loss: 0.00202, total_cos_loss : 0.00202, vocab_cro_loss : 1.30222, 
train loss: 1.3211, train acc: 0.6252
epoch  61 summary: dyn_dyn_cos_loss: 0.00000, dyn_sta_cos_loss: 0.00000, total_cos_loss : 0.00000, vocab_cro_loss : 1.32102, 
epoch  62 summary: dyn_dyn_cos_loss: 0.00000, dyn_sta_cos_loss: 0.00000, total_cos_loss : 0.00000, vocab_cro_loss : 1.30847, 
epoch  63 summary: dyn_dyn_cos_loss: 0.00000, dyn_sta_cos_loss: 0.00000, total_cos_loss : 0.00000, vocab_cro_loss : 1.30113, 
epoch  64 summary: dyn_dyn_cos_loss: 0.00708, dyn_sta_cos_loss: 0.00197, total_cos_loss : 0.00197, vocab_cro_loss : 1.29583, 
epoch  65 summary: dyn_dyn_cos_loss: 0.00000, dyn_sta_cos_loss: 0.00000, total_cos_loss : 0.00000, vocab_cro_loss : 1.31365, 
epoch  66 summary: dyn_dyn_cos_loss: 0.00000, dyn_sta_cos_loss: 0.00000, total_cos_loss : 0.00000, vocab_cro_loss : 1.30890, 
epoch  67 summary: dyn_dyn_cos_loss: 0.00000, dyn_sta_cos_loss: 0.00000, total_cos_loss : 0.00000, vocab_cro_loss : 1.30302, 
epoch  68 summary: dyn_dyn_cos_loss: 0.00682, dyn_sta_cos_loss: 0.00190, total_cos_loss : 0.00190, vocab_cro_loss : 1.29368, 
epoch  69 summary: dyn_dyn_cos_loss: 0.00000, dyn_sta_cos_loss: 0.00000, total_cos_loss : 0.00000, vocab_cro_loss : 1.31069, 
epoch  70 summary: dyn_dyn_cos_loss: 0.00000, dyn_sta_cos_loss: 0.00000, total_cos_loss : 0.00000, vocab_cro_loss : 1.30013, 
train loss: 1.2864, train acc: 0.6296
epoch  71 summary: dyn_dyn_cos_loss: 0.00000, dyn_sta_cos_loss: 0.00000, total_cos_loss : 0.00000, vocab_cro_loss : 1.28635, 
epoch  72 summary: dyn_dyn_cos_loss: 0.00664, dyn_sta_cos_loss: 0.00187, total_cos_loss : 0.00187, vocab_cro_loss : 1.28263, 
epoch  73 summary: dyn_dyn_cos_loss: 0.00000, dyn_sta_cos_loss: 0.00000, total_cos_loss : 0.00000, vocab_cro_loss : 1.30227, 
epoch  74 summary: dyn_dyn_cos_loss: 0.00000, dyn_sta_cos_loss: 0.00000, total_cos_loss : 0.00000, vocab_cro_loss : 1.29314, 
epoch  75 summary: dyn_dyn_cos_loss: 0.00000, dyn_sta_cos_loss: 0.00000, total_cos_loss : 0.00000, vocab_cro_loss : 1.28633, 
epoch  76 summary: dyn_dyn_cos_loss: 0.00656, dyn_sta_cos_loss: 0.00184, total_cos_loss : 0.00184, vocab_cro_loss : 1.28143, 
epoch  77 summary: dyn_dyn_cos_loss: 0.00000, dyn_sta_cos_loss: 0.00000, total_cos_loss : 0.00000, vocab_cro_loss : 1.30456, 
epoch  78 summary: dyn_dyn_cos_loss: 0.00000, dyn_sta_cos_loss: 0.00000, total_cos_loss : 0.00000, vocab_cro_loss : 1.29484, 
epoch  79 summary: dyn_dyn_cos_loss: 0.00000, dyn_sta_cos_loss: 0.00000, total_cos_loss : 0.00000, vocab_cro_loss : 1.28408, 
epoch  80 summary: dyn_dyn_cos_loss: 0.00643, dyn_sta_cos_loss: 0.00184, total_cos_loss : 0.00184, vocab_cro_loss : 1.27816, 
train loss: 1.3099, train acc: 0.6265
epoch  81 summary: dyn_dyn_cos_loss: 0.00000, dyn_sta_cos_loss: 0.00000, total_cos_loss : 0.00000, vocab_cro_loss : 1.30986, 
epoch  82 summary: dyn_dyn_cos_loss: 0.00000, dyn_sta_cos_loss: 0.00000, total_cos_loss : 0.00000, vocab_cro_loss : 1.29826, 
epoch  83 summary: dyn_dyn_cos_loss: 0.00000, dyn_sta_cos_loss: 0.00000, total_cos_loss : 0.00000, vocab_cro_loss : 1.28904, 
epoch  84 summary: dyn_dyn_cos_loss: 0.00628, dyn_sta_cos_loss: 0.00180, total_cos_loss : 0.00180, vocab_cro_loss : 1.27913, 
epoch  85 summary: dyn_dyn_cos_loss: 0.00000, dyn_sta_cos_loss: 0.00000, total_cos_loss : 0.00000, vocab_cro_loss : 1.29238, 
epoch  86 summary: dyn_dyn_cos_loss: 0.00000, dyn_sta_cos_loss: 0.00000, total_cos_loss : 0.00000, vocab_cro_loss : 1.27938, 
epoch  87 summary: dyn_dyn_cos_loss: 0.00000, dyn_sta_cos_loss: 0.00000, total_cos_loss : 0.00000, vocab_cro_loss : 1.27182, 
epoch  88 summary: dyn_dyn_cos_loss: 0.00616, dyn_sta_cos_loss: 0.00181, total_cos_loss : 0.00181, vocab_cro_loss : 1.26704, 
epoch  89 summary: dyn_dyn_cos_loss: 0.00000, dyn_sta_cos_loss: 0.00000, total_cos_loss : 0.00000, vocab_cro_loss : 1.29926, 
epoch  90 summary: dyn_dyn_cos_loss: 0.00000, dyn_sta_cos_loss: 0.00000, total_cos_loss : 0.00000, vocab_cro_loss : 1.28458, 
train loss: 1.2876, train acc: 0.6304
epoch  91 summary: dyn_dyn_cos_loss: 0.00000, dyn_sta_cos_loss: 0.00000, total_cos_loss : 0.00000, vocab_cro_loss : 1.28760, 
epoch  92 summary: dyn_dyn_cos_loss: 0.00606, dyn_sta_cos_loss: 0.00182, total_cos_loss : 0.00182, vocab_cro_loss : 1.27921, 
epoch  93 summary: dyn_dyn_cos_loss: 0.00000, dyn_sta_cos_loss: 0.00000, total_cos_loss : 0.00000, vocab_cro_loss : 1.30446, 
epoch  94 summary: dyn_dyn_cos_loss: 0.00000, dyn_sta_cos_loss: 0.00000, total_cos_loss : 0.00000, vocab_cro_loss : 1.29177, 
epoch  95 summary: dyn_dyn_cos_loss: 0.00000, dyn_sta_cos_loss: 0.00000, total_cos_loss : 0.00000, vocab_cro_loss : 1.27928, 
epoch  96 summary: dyn_dyn_cos_loss: 0.00593, dyn_sta_cos_loss: 0.00183, total_cos_loss : 0.00183, vocab_cro_loss : 1.27318, 
epoch  97 summary: dyn_dyn_cos_loss: 0.00000, dyn_sta_cos_loss: 0.00000, total_cos_loss : 0.00000, vocab_cro_loss : 1.30393, 
epoch  98 summary: dyn_dyn_cos_loss: 0.00000, dyn_sta_cos_loss: 0.00000, total_cos_loss : 0.00000, vocab_cro_loss : 1.29310, 
epoch  99 summary: dyn_dyn_cos_loss: 0.00000, dyn_sta_cos_loss: 0.00000, total_cos_loss : 0.00000, vocab_cro_loss : 1.28488, 
epoch 100 summary: dyn_dyn_cos_loss: 0.00581, dyn_sta_cos_loss: 0.00182, total_cos_loss : 0.00182, vocab_cro_loss : 1.27810, 
train loss: 1.2947, train acc: 0.6306
epoch 101 summary: dyn_dyn_cos_loss: 0.00000, dyn_sta_cos_loss: 0.00000, total_cos_loss : 0.00000, vocab_cro_loss : 1.29466, 
epoch 102 summary: dyn_dyn_cos_loss: 0.00000, dyn_sta_cos_loss: 0.00000, total_cos_loss : 0.00000, vocab_cro_loss : 1.28257, 
epoch 103 summary: dyn_dyn_cos_loss: 0.00000, dyn_sta_cos_loss: 0.00000, total_cos_loss : 0.00000, vocab_cro_loss : 1.27130, 
epoch 104 summary: dyn_dyn_cos_loss: 0.00574, dyn_sta_cos_loss: 0.00181, total_cos_loss : 0.00181, vocab_cro_loss : 1.26657, 
epoch 105 summary: dyn_dyn_cos_loss: 0.00000, dyn_sta_cos_loss: 0.00000, total_cos_loss : 0.00000, vocab_cro_loss : 1.29917, 
epoch 106 summary: dyn_dyn_cos_loss: 0.00000, dyn_sta_cos_loss: 0.00000, total_cos_loss : 0.00000, vocab_cro_loss : 1.28758, 
epoch 107 summary: dyn_dyn_cos_loss: 0.00000, dyn_sta_cos_loss: 0.00000, total_cos_loss : 0.00000, vocab_cro_loss : 1.27931, 
epoch 108 summary: dyn_dyn_cos_loss: 0.00573, dyn_sta_cos_loss: 0.00178, total_cos_loss : 0.00178, vocab_cro_loss : 1.27272, 
epoch 109 summary: dyn_dyn_cos_loss: 0.00000, dyn_sta_cos_loss: 0.00000, total_cos_loss : 0.00000, vocab_cro_loss : 1.31038, 
epoch 110 summary: dyn_dyn_cos_loss: 0.00000, dyn_sta_cos_loss: 0.00000, total_cos_loss : 0.00000, vocab_cro_loss : 1.30458, 
train loss: 1.2980, train acc: 0.6216
epoch 111 summary: dyn_dyn_cos_loss: 0.00000, dyn_sta_cos_loss: 0.00000, total_cos_loss : 0.00000, vocab_cro_loss : 1.29798, 
epoch 112 summary: dyn_dyn_cos_loss: 0.00565, dyn_sta_cos_loss: 0.00177, total_cos_loss : 0.00177, vocab_cro_loss : 1.29112, 
epoch 113 summary: dyn_dyn_cos_loss: 0.00000, dyn_sta_cos_loss: 0.00000, total_cos_loss : 0.00000, vocab_cro_loss : 1.32124, 
epoch 114 summary: dyn_dyn_cos_loss: 0.00000, dyn_sta_cos_loss: 0.00000, total_cos_loss : 0.00000, vocab_cro_loss : 1.31105, 
epoch 115 summary: dyn_dyn_cos_loss: 0.00000, dyn_sta_cos_loss: 0.00000, total_cos_loss : 0.00000, vocab_cro_loss : 1.29510, 
epoch 116 summary: dyn_dyn_cos_loss: 0.00561, dyn_sta_cos_loss: 0.00179, total_cos_loss : 0.00179, vocab_cro_loss : 1.28357, 
epoch 117 summary: dyn_dyn_cos_loss: 0.00000, dyn_sta_cos_loss: 0.00000, total_cos_loss : 0.00000, vocab_cro_loss : 1.30616, 
epoch 118 summary: dyn_dyn_cos_loss: 0.00000, dyn_sta_cos_loss: 0.00000, total_cos_loss : 0.00000, vocab_cro_loss : 1.30119, 
epoch 119 summary: dyn_dyn_cos_loss: 0.00000, dyn_sta_cos_loss: 0.00000, total_cos_loss : 0.00000, vocab_cro_loss : 1.29357, 
epoch 120 summary: dyn_dyn_cos_loss: 0.00557, dyn_sta_cos_loss: 0.00173, total_cos_loss : 0.00173, vocab_cro_loss : 1.28629, 
train loss: 1.3329, train acc: 0.6128
epoch 121 summary: dyn_dyn_cos_loss: 0.00000, dyn_sta_cos_loss: 0.00000, total_cos_loss : 0.00000, vocab_cro_loss : 1.33274, 
epoch 122 summary: dyn_dyn_cos_loss: 0.00000, dyn_sta_cos_loss: 0.00000, total_cos_loss : 0.00000, vocab_cro_loss : 1.35419, 
epoch 123 summary: dyn_dyn_cos_loss: 0.00000, dyn_sta_cos_loss: 0.00000, total_cos_loss : 0.00000, vocab_cro_loss : 1.32102, 
epoch 124 summary: dyn_dyn_cos_loss: 0.00554, dyn_sta_cos_loss: 0.00184, total_cos_loss : 0.00184, vocab_cro_loss : 1.30285, 
epoch 125 summary: dyn_dyn_cos_loss: 0.00000, dyn_sta_cos_loss: 0.00000, total_cos_loss : 0.00000, vocab_cro_loss : 1.31150, 
epoch 126 summary: dyn_dyn_cos_loss: 0.00000, dyn_sta_cos_loss: 0.00000, total_cos_loss : 0.00000, vocab_cro_loss : 1.30397, 
epoch 127 summary: dyn_dyn_cos_loss: 0.00000, dyn_sta_cos_loss: 0.00000, total_cos_loss : 0.00000, vocab_cro_loss : 1.29319, 
epoch 128 summary: dyn_dyn_cos_loss: 0.00557, dyn_sta_cos_loss: 0.00180, total_cos_loss : 0.00180, vocab_cro_loss : 1.28520, 
epoch 129 summary: dyn_dyn_cos_loss: 0.00000, dyn_sta_cos_loss: 0.00000, total_cos_loss : 0.00000, vocab_cro_loss : 1.29547, 
epoch 130 summary: dyn_dyn_cos_loss: 0.00000, dyn_sta_cos_loss: 0.00000, total_cos_loss : 0.00000, vocab_cro_loss : 1.28722, 
train loss: 1.2831, train acc: 0.6296
epoch 131 summary: dyn_dyn_cos_loss: 0.00000, dyn_sta_cos_loss: 0.00000, total_cos_loss : 0.00000, vocab_cro_loss : 1.28310, 
epoch 132 summary: dyn_dyn_cos_loss: 0.00552, dyn_sta_cos_loss: 0.00175, total_cos_loss : 0.00175, vocab_cro_loss : 1.27778, 
epoch 133 summary: dyn_dyn_cos_loss: 0.00000, dyn_sta_cos_loss: 0.00000, total_cos_loss : 0.00000, vocab_cro_loss : 1.29390, 
epoch 134 summary: dyn_dyn_cos_loss: 0.00000, dyn_sta_cos_loss: 0.00000, total_cos_loss : 0.00000, vocab_cro_loss : 1.28554, 
epoch 135 summary: dyn_dyn_cos_loss: 0.00000, dyn_sta_cos_loss: 0.00000, total_cos_loss : 0.00000, vocab_cro_loss : 1.27538, 
epoch 136 summary: dyn_dyn_cos_loss: 0.00545, dyn_sta_cos_loss: 0.00174, total_cos_loss : 0.00174, vocab_cro_loss : 1.27229, 
epoch 137 summary: dyn_dyn_cos_loss: 0.00000, dyn_sta_cos_loss: 0.00000, total_cos_loss : 0.00000, vocab_cro_loss : 1.28478, 
epoch 138 summary: dyn_dyn_cos_loss: 0.00000, dyn_sta_cos_loss: 0.00000, total_cos_loss : 0.00000, vocab_cro_loss : 1.27789, 
epoch 139 summary: dyn_dyn_cos_loss: 0.00000, dyn_sta_cos_loss: 0.00000, total_cos_loss : 0.00000, vocab_cro_loss : 1.27258, 
epoch 140 summary: dyn_dyn_cos_loss: 0.00537, dyn_sta_cos_loss: 0.00169, total_cos_loss : 0.00169, vocab_cro_loss : 1.26973, 
train loss: 1.2880, train acc: 0.6228
epoch 141 summary: dyn_dyn_cos_loss: 0.00000, dyn_sta_cos_loss: 0.00000, total_cos_loss : 0.00000, vocab_cro_loss : 1.28801, 
epoch 142 summary: dyn_dyn_cos_loss: 0.00000, dyn_sta_cos_loss: 0.00000, total_cos_loss : 0.00000, vocab_cro_loss : 1.27943, 
epoch 143 summary: dyn_dyn_cos_loss: 0.00000, dyn_sta_cos_loss: 0.00000, total_cos_loss : 0.00000, vocab_cro_loss : 1.27529, 
epoch 144 summary: dyn_dyn_cos_loss: 0.00535, dyn_sta_cos_loss: 0.00171, total_cos_loss : 0.00171, vocab_cro_loss : 1.26978, 
epoch 145 summary: dyn_dyn_cos_loss: 0.00000, dyn_sta_cos_loss: 0.00000, total_cos_loss : 0.00000, vocab_cro_loss : 1.28148, 
epoch 146 summary: dyn_dyn_cos_loss: 0.00000, dyn_sta_cos_loss: 0.00000, total_cos_loss : 0.00000, vocab_cro_loss : 1.26896, 
epoch 147 summary: dyn_dyn_cos_loss: 0.00000, dyn_sta_cos_loss: 0.00000, total_cos_loss : 0.00000, vocab_cro_loss : 1.26228, 
epoch 148 summary: dyn_dyn_cos_loss: 0.00534, dyn_sta_cos_loss: 0.00169, total_cos_loss : 0.00169, vocab_cro_loss : 1.25842, 
epoch 149 summary: dyn_dyn_cos_loss: 0.00000, dyn_sta_cos_loss: 0.00000, total_cos_loss : 0.00000, vocab_cro_loss : 1.28150, 
epoch 150 summary: dyn_dyn_cos_loss: 0.00000, dyn_sta_cos_loss: 0.00000, total_cos_loss : 0.00000, vocab_cro_loss : 1.27316, 
train loss: 1.2675, train acc: 0.6331
epoch 151 summary: dyn_dyn_cos_loss: 0.00000, dyn_sta_cos_loss: 0.00000, total_cos_loss : 0.00000, vocab_cro_loss : 1.26746, 
epoch 152 summary: dyn_dyn_cos_loss: 0.00527, dyn_sta_cos_loss: 0.00169, total_cos_loss : 0.00169, vocab_cro_loss : 1.26301, 
epoch 153 summary: dyn_dyn_cos_loss: 0.00000, dyn_sta_cos_loss: 0.00000, total_cos_loss : 0.00000, vocab_cro_loss : 1.27849, 
epoch 154 summary: dyn_dyn_cos_loss: 0.00000, dyn_sta_cos_loss: 0.00000, total_cos_loss : 0.00000, vocab_cro_loss : 1.27226, 
epoch 155 summary: dyn_dyn_cos_loss: 0.00000, dyn_sta_cos_loss: 0.00000, total_cos_loss : 0.00000, vocab_cro_loss : 1.26518, 
epoch 156 summary: dyn_dyn_cos_loss: 0.00527, dyn_sta_cos_loss: 0.00169, total_cos_loss : 0.00169, vocab_cro_loss : 1.25826, 
epoch 157 summary: dyn_dyn_cos_loss: 0.00000, dyn_sta_cos_loss: 0.00000, total_cos_loss : 0.00000, vocab_cro_loss : 1.27230, 
epoch 158 summary: dyn_dyn_cos_loss: 0.00000, dyn_sta_cos_loss: 0.00000, total_cos_loss : 0.00000, vocab_cro_loss : 1.26819, 
epoch 159 summary: dyn_dyn_cos_loss: 0.00000, dyn_sta_cos_loss: 0.00000, total_cos_loss : 0.00000, vocab_cro_loss : 1.26037, 
epoch 160 summary: dyn_dyn_cos_loss: 0.00530, dyn_sta_cos_loss: 0.00167, total_cos_loss : 0.00167, vocab_cro_loss : 1.25751, 
train loss: 1.2733, train acc: 0.6304
epoch 161 summary: dyn_dyn_cos_loss: 0.00000, dyn_sta_cos_loss: 0.00000, total_cos_loss : 0.00000, vocab_cro_loss : 1.27324, 
epoch 162 summary: dyn_dyn_cos_loss: 0.00000, dyn_sta_cos_loss: 0.00000, total_cos_loss : 0.00000, vocab_cro_loss : 1.26980, 
epoch 163 summary: dyn_dyn_cos_loss: 0.00000, dyn_sta_cos_loss: 0.00000, total_cos_loss : 0.00000, vocab_cro_loss : 1.26818, 
epoch 164 summary: dyn_dyn_cos_loss: 0.00530, dyn_sta_cos_loss: 0.00168, total_cos_loss : 0.00168, vocab_cro_loss : 1.26435, 
epoch 165 summary: dyn_dyn_cos_loss: 0.00000, dyn_sta_cos_loss: 0.00000, total_cos_loss : 0.00000, vocab_cro_loss : 1.28105, 
epoch 166 summary: dyn_dyn_cos_loss: 0.00000, dyn_sta_cos_loss: 0.00000, total_cos_loss : 0.00000, vocab_cro_loss : 1.27191, 
epoch 167 summary: dyn_dyn_cos_loss: 0.00000, dyn_sta_cos_loss: 0.00000, total_cos_loss : 0.00000, vocab_cro_loss : 1.26615, 
epoch 168 summary: dyn_dyn_cos_loss: 0.00533, dyn_sta_cos_loss: 0.00168, total_cos_loss : 0.00168, vocab_cro_loss : 1.26053, 
epoch 169 summary: dyn_dyn_cos_loss: 0.00000, dyn_sta_cos_loss: 0.00000, total_cos_loss : 0.00000, vocab_cro_loss : 1.27707, 
epoch 170 summary: dyn_dyn_cos_loss: 0.00000, dyn_sta_cos_loss: 0.00000, total_cos_loss : 0.00000, vocab_cro_loss : 1.27078, 
train loss: 1.2660, train acc: 0.6245
epoch 171 summary: dyn_dyn_cos_loss: 0.00000, dyn_sta_cos_loss: 0.00000, total_cos_loss : 0.00000, vocab_cro_loss : 1.26598, 
epoch 172 summary: dyn_dyn_cos_loss: 0.00529, dyn_sta_cos_loss: 0.00167, total_cos_loss : 0.00167, vocab_cro_loss : 1.26251, 
epoch 173 summary: dyn_dyn_cos_loss: 0.00000, dyn_sta_cos_loss: 0.00000, total_cos_loss : 0.00000, vocab_cro_loss : 1.27639, 
epoch 174 summary: dyn_dyn_cos_loss: 0.00000, dyn_sta_cos_loss: 0.00000, total_cos_loss : 0.00000, vocab_cro_loss : 1.26324, 
epoch 175 summary: dyn_dyn_cos_loss: 0.00000, dyn_sta_cos_loss: 0.00000, total_cos_loss : 0.00000, vocab_cro_loss : 1.25782, 
epoch 176 summary: dyn_dyn_cos_loss: 0.00526, dyn_sta_cos_loss: 0.00166, total_cos_loss : 0.00166, vocab_cro_loss : 1.25534, 
epoch 177 summary: dyn_dyn_cos_loss: 0.00000, dyn_sta_cos_loss: 0.00000, total_cos_loss : 0.00000, vocab_cro_loss : 1.26816, 
epoch 178 summary: dyn_dyn_cos_loss: 0.00000, dyn_sta_cos_loss: 0.00000, total_cos_loss : 0.00000, vocab_cro_loss : 1.26232, 
epoch 179 summary: dyn_dyn_cos_loss: 0.00000, dyn_sta_cos_loss: 0.00000, total_cos_loss : 0.00000, vocab_cro_loss : 1.25911, 
epoch 180 summary: dyn_dyn_cos_loss: 0.00519, dyn_sta_cos_loss: 0.00164, total_cos_loss : 0.00164, vocab_cro_loss : 1.25362, 
train loss: 1.2634, train acc: 0.6292
epoch 181 summary: dyn_dyn_cos_loss: 0.00000, dyn_sta_cos_loss: 0.00000, total_cos_loss : 0.00000, vocab_cro_loss : 1.26341, 
epoch 182 summary: dyn_dyn_cos_loss: 0.00000, dyn_sta_cos_loss: 0.00000, total_cos_loss : 0.00000, vocab_cro_loss : 1.25196, 
epoch 183 summary: dyn_dyn_cos_loss: 0.00000, dyn_sta_cos_loss: 0.00000, total_cos_loss : 0.00000, vocab_cro_loss : 1.24793, 
epoch 184 summary: dyn_dyn_cos_loss: 0.00515, dyn_sta_cos_loss: 0.00164, total_cos_loss : 0.00164, vocab_cro_loss : 1.24531, 
epoch 185 summary: dyn_dyn_cos_loss: 0.00000, dyn_sta_cos_loss: 0.00000, total_cos_loss : 0.00000, vocab_cro_loss : 1.26692, 
epoch 186 summary: dyn_dyn_cos_loss: 0.00000, dyn_sta_cos_loss: 0.00000, total_cos_loss : 0.00000, vocab_cro_loss : 1.25680, 
epoch 187 summary: dyn_dyn_cos_loss: 0.00000, dyn_sta_cos_loss: 0.00000, total_cos_loss : 0.00000, vocab_cro_loss : 1.25246, 
epoch 188 summary: dyn_dyn_cos_loss: 0.00510, dyn_sta_cos_loss: 0.00164, total_cos_loss : 0.00164, vocab_cro_loss : 1.24694, 
epoch 189 summary: dyn_dyn_cos_loss: 0.00000, dyn_sta_cos_loss: 0.00000, total_cos_loss : 0.00000, vocab_cro_loss : 1.26386, 
epoch 190 summary: dyn_dyn_cos_loss: 0.00000, dyn_sta_cos_loss: 0.00000, total_cos_loss : 0.00000, vocab_cro_loss : 1.25920, 
train loss: 1.2541, train acc: 0.6282
epoch 191 summary: dyn_dyn_cos_loss: 0.00000, dyn_sta_cos_loss: 0.00000, total_cos_loss : 0.00000, vocab_cro_loss : 1.25405, 
epoch 192 summary: dyn_dyn_cos_loss: 0.00506, dyn_sta_cos_loss: 0.00164, total_cos_loss : 0.00164, vocab_cro_loss : 1.25100, 
epoch 193 summary: dyn_dyn_cos_loss: 0.00000, dyn_sta_cos_loss: 0.00000, total_cos_loss : 0.00000, vocab_cro_loss : 1.26788, 
epoch 194 summary: dyn_dyn_cos_loss: 0.00000, dyn_sta_cos_loss: 0.00000, total_cos_loss : 0.00000, vocab_cro_loss : 1.26009, 
epoch 195 summary: dyn_dyn_cos_loss: 0.00000, dyn_sta_cos_loss: 0.00000, total_cos_loss : 0.00000, vocab_cro_loss : 1.25321, 
epoch 196 summary: dyn_dyn_cos_loss: 0.00507, dyn_sta_cos_loss: 0.00166, total_cos_loss : 0.00166, vocab_cro_loss : 1.24738, 
epoch 197 summary: dyn_dyn_cos_loss: 0.00000, dyn_sta_cos_loss: 0.00000, total_cos_loss : 0.00000, vocab_cro_loss : 1.26247, 
epoch 198 summary: dyn_dyn_cos_loss: 0.00000, dyn_sta_cos_loss: 0.00000, total_cos_loss : 0.00000, vocab_cro_loss : 1.24967, 
epoch 199 summary: dyn_dyn_cos_loss: 0.00000, dyn_sta_cos_loss: 0.00000, total_cos_loss : 0.00000, vocab_cro_loss : 1.24724, 
epoch 200 summary: dyn_dyn_cos_loss: 0.00503, dyn_sta_cos_loss: 0.00165, total_cos_loss : 0.00165, vocab_cro_loss : 1.24375, 
train loss: 1.2482, train acc: 0.6399
epoch 201 summary: dyn_dyn_cos_loss: 0.00000, dyn_sta_cos_loss: 0.00000, total_cos_loss : 0.00000, vocab_cro_loss : 1.24819, 
epoch 202 summary: dyn_dyn_cos_loss: 0.00000, dyn_sta_cos_loss: 0.00000, total_cos_loss : 0.00000, vocab_cro_loss : 1.24205, 
epoch 203 summary: dyn_dyn_cos_loss: 0.00000, dyn_sta_cos_loss: 0.00000, total_cos_loss : 0.00000, vocab_cro_loss : 1.23826, 
epoch 204 summary: dyn_dyn_cos_loss: 0.00500, dyn_sta_cos_loss: 0.00169, total_cos_loss : 0.00169, vocab_cro_loss : 1.23455, 
epoch 205 summary: dyn_dyn_cos_loss: 0.00000, dyn_sta_cos_loss: 0.00000, total_cos_loss : 0.00000, vocab_cro_loss : 1.25532, 
epoch 206 summary: dyn_dyn_cos_loss: 0.00000, dyn_sta_cos_loss: 0.00000, total_cos_loss : 0.00000, vocab_cro_loss : 1.25014, 
epoch 207 summary: dyn_dyn_cos_loss: 0.00000, dyn_sta_cos_loss: 0.00000, total_cos_loss : 0.00000, vocab_cro_loss : 1.24511, 
epoch 208 summary: dyn_dyn_cos_loss: 0.00499, dyn_sta_cos_loss: 0.00171, total_cos_loss : 0.00171, vocab_cro_loss : 1.23763, 
epoch 209 summary: dyn_dyn_cos_loss: 0.00000, dyn_sta_cos_loss: 0.00000, total_cos_loss : 0.00000, vocab_cro_loss : 1.25603, 
epoch 210 summary: dyn_dyn_cos_loss: 0.00000, dyn_sta_cos_loss: 0.00000, total_cos_loss : 0.00000, vocab_cro_loss : 1.24857, 
train loss: 1.2415, train acc: 0.6421
epoch 211 summary: dyn_dyn_cos_loss: 0.00000, dyn_sta_cos_loss: 0.00000, total_cos_loss : 0.00000, vocab_cro_loss : 1.24151, 
epoch 212 summary: dyn_dyn_cos_loss: 0.00492, dyn_sta_cos_loss: 0.00169, total_cos_loss : 0.00169, vocab_cro_loss : 1.23395, 
epoch 213 summary: dyn_dyn_cos_loss: 0.00000, dyn_sta_cos_loss: 0.00000, total_cos_loss : 0.00000, vocab_cro_loss : 1.25108, 
epoch 214 summary: dyn_dyn_cos_loss: 0.00000, dyn_sta_cos_loss: 0.00000, total_cos_loss : 0.00000, vocab_cro_loss : 1.24519, 
epoch 215 summary: dyn_dyn_cos_loss: 0.00000, dyn_sta_cos_loss: 0.00000, total_cos_loss : 0.00000, vocab_cro_loss : 1.23970, 
epoch 216 summary: dyn_dyn_cos_loss: 0.00490, dyn_sta_cos_loss: 0.00165, total_cos_loss : 0.00165, vocab_cro_loss : 1.23799, 
epoch 217 summary: dyn_dyn_cos_loss: 0.00000, dyn_sta_cos_loss: 0.00000, total_cos_loss : 0.00000, vocab_cro_loss : 1.24939, 
epoch 218 summary: dyn_dyn_cos_loss: 0.00000, dyn_sta_cos_loss: 0.00000, total_cos_loss : 0.00000, vocab_cro_loss : 1.24169, 
epoch 219 summary: dyn_dyn_cos_loss: 0.00000, dyn_sta_cos_loss: 0.00000, total_cos_loss : 0.00000, vocab_cro_loss : 1.23691, 
epoch 220 summary: dyn_dyn_cos_loss: 0.00484, dyn_sta_cos_loss: 0.00165, total_cos_loss : 0.00165, vocab_cro_loss : 1.23106, 
train loss: 1.2514, train acc: 0.6355
epoch 221 summary: dyn_dyn_cos_loss: 0.00000, dyn_sta_cos_loss: 0.00000, total_cos_loss : 0.00000, vocab_cro_loss : 1.25132, 
epoch 222 summary: dyn_dyn_cos_loss: 0.00000, dyn_sta_cos_loss: 0.00000, total_cos_loss : 0.00000, vocab_cro_loss : 1.23980, 
epoch 223 summary: dyn_dyn_cos_loss: 0.00000, dyn_sta_cos_loss: 0.00000, total_cos_loss : 0.00000, vocab_cro_loss : 1.23305, 
epoch 224 summary: dyn_dyn_cos_loss: 0.00478, dyn_sta_cos_loss: 0.00163, total_cos_loss : 0.00163, vocab_cro_loss : 1.22929, 
epoch 225 summary: dyn_dyn_cos_loss: 0.00000, dyn_sta_cos_loss: 0.00000, total_cos_loss : 0.00000, vocab_cro_loss : 1.25681, 
epoch 226 summary: dyn_dyn_cos_loss: 0.00000, dyn_sta_cos_loss: 0.00000, total_cos_loss : 0.00000, vocab_cro_loss : 1.24925, 
epoch 227 summary: dyn_dyn_cos_loss: 0.00000, dyn_sta_cos_loss: 0.00000, total_cos_loss : 0.00000, vocab_cro_loss : 1.24403, 
epoch 228 summary: dyn_dyn_cos_loss: 0.00477, dyn_sta_cos_loss: 0.00161, total_cos_loss : 0.00161, vocab_cro_loss : 1.23916, 
epoch 229 summary: dyn_dyn_cos_loss: 0.00000, dyn_sta_cos_loss: 0.00000, total_cos_loss : 0.00000, vocab_cro_loss : 1.25142, 
epoch 230 summary: dyn_dyn_cos_loss: 0.00000, dyn_sta_cos_loss: 0.00000, total_cos_loss : 0.00000, vocab_cro_loss : 1.24550, 
train loss: 1.2386, train acc: 0.6335
epoch 231 summary: dyn_dyn_cos_loss: 0.00000, dyn_sta_cos_loss: 0.00000, total_cos_loss : 0.00000, vocab_cro_loss : 1.23858, 
epoch 232 summary: dyn_dyn_cos_loss: 0.00474, dyn_sta_cos_loss: 0.00159, total_cos_loss : 0.00159, vocab_cro_loss : 1.23411, 
epoch 233 summary: dyn_dyn_cos_loss: 0.00000, dyn_sta_cos_loss: 0.00000, total_cos_loss : 0.00000, vocab_cro_loss : 1.25592, 
epoch 234 summary: dyn_dyn_cos_loss: 0.00000, dyn_sta_cos_loss: 0.00000, total_cos_loss : 0.00000, vocab_cro_loss : 1.24545, 
epoch 235 summary: dyn_dyn_cos_loss: 0.00000, dyn_sta_cos_loss: 0.00000, total_cos_loss : 0.00000, vocab_cro_loss : 1.23773, 
epoch 236 summary: dyn_dyn_cos_loss: 0.00471, dyn_sta_cos_loss: 0.00160, total_cos_loss : 0.00160, vocab_cro_loss : 1.23519, 
epoch 237 summary: dyn_dyn_cos_loss: 0.00000, dyn_sta_cos_loss: 0.00000, total_cos_loss : 0.00000, vocab_cro_loss : 1.25912, 
epoch 238 summary: dyn_dyn_cos_loss: 0.00000, dyn_sta_cos_loss: 0.00000, total_cos_loss : 0.00000, vocab_cro_loss : 1.25225, 
epoch 239 summary: dyn_dyn_cos_loss: 0.00000, dyn_sta_cos_loss: 0.00000, total_cos_loss : 0.00000, vocab_cro_loss : 1.24185, 
epoch 240 summary: dyn_dyn_cos_loss: 0.00468, dyn_sta_cos_loss: 0.00159, total_cos_loss : 0.00159, vocab_cro_loss : 1.23322, 
train loss: 1.2525, train acc: 0.6318
epoch 241 summary: dyn_dyn_cos_loss: 0.00000, dyn_sta_cos_loss: 0.00000, total_cos_loss : 0.00000, vocab_cro_loss : 1.25247, 
epoch 242 summary: dyn_dyn_cos_loss: 0.00000, dyn_sta_cos_loss: 0.00000, total_cos_loss : 0.00000, vocab_cro_loss : 1.24545, 
epoch 243 summary: dyn_dyn_cos_loss: 0.00000, dyn_sta_cos_loss: 0.00000, total_cos_loss : 0.00000, vocab_cro_loss : 1.24006, 
epoch 244 summary: dyn_dyn_cos_loss: 0.00466, dyn_sta_cos_loss: 0.00159, total_cos_loss : 0.00159, vocab_cro_loss : 1.23412, 
epoch 245 summary: dyn_dyn_cos_loss: 0.00000, dyn_sta_cos_loss: 0.00000, total_cos_loss : 0.00000, vocab_cro_loss : 1.25568, 
epoch 246 summary: dyn_dyn_cos_loss: 0.00000, dyn_sta_cos_loss: 0.00000, total_cos_loss : 0.00000, vocab_cro_loss : 1.24762, 
epoch 247 summary: dyn_dyn_cos_loss: 0.00000, dyn_sta_cos_loss: 0.00000, total_cos_loss : 0.00000, vocab_cro_loss : 1.24300, 
epoch 248 summary: dyn_dyn_cos_loss: 0.00466, dyn_sta_cos_loss: 0.00157, total_cos_loss : 0.00157, vocab_cro_loss : 1.23970, 
epoch 249 summary: dyn_dyn_cos_loss: 0.00000, dyn_sta_cos_loss: 0.00000, total_cos_loss : 0.00000, vocab_cro_loss : 1.25388, 
epoch 250 summary: dyn_dyn_cos_loss: 0.00000, dyn_sta_cos_loss: 0.00000, total_cos_loss : 0.00000, vocab_cro_loss : 1.24477, 
train loss: 1.2392, train acc: 0.6379
epoch 251 summary: dyn_dyn_cos_loss: 0.00000, dyn_sta_cos_loss: 0.00000, total_cos_loss : 0.00000, vocab_cro_loss : 1.23917, 
epoch 252 summary: dyn_dyn_cos_loss: 0.00462, dyn_sta_cos_loss: 0.00158, total_cos_loss : 0.00158, vocab_cro_loss : 1.23634, 
epoch 253 summary: dyn_dyn_cos_loss: 0.00000, dyn_sta_cos_loss: 0.00000, total_cos_loss : 0.00000, vocab_cro_loss : 1.26256, 
epoch 254 summary: dyn_dyn_cos_loss: 0.00000, dyn_sta_cos_loss: 0.00000, total_cos_loss : 0.00000, vocab_cro_loss : 1.25155, 
epoch 255 summary: dyn_dyn_cos_loss: 0.00000, dyn_sta_cos_loss: 0.00000, total_cos_loss : 0.00000, vocab_cro_loss : 1.24644, 
epoch 256 summary: dyn_dyn_cos_loss: 0.00462, dyn_sta_cos_loss: 0.00158, total_cos_loss : 0.00158, vocab_cro_loss : 1.23908, 
epoch 257 summary: dyn_dyn_cos_loss: 0.00000, dyn_sta_cos_loss: 0.00000, total_cos_loss : 0.00000, vocab_cro_loss : 1.25395, 
epoch 258 summary: dyn_dyn_cos_loss: 0.00000, dyn_sta_cos_loss: 0.00000, total_cos_loss : 0.00000, vocab_cro_loss : 1.24288, 
epoch 259 summary: dyn_dyn_cos_loss: 0.00000, dyn_sta_cos_loss: 0.00000, total_cos_loss : 0.00000, vocab_cro_loss : 1.24038, 
epoch 260 summary: dyn_dyn_cos_loss: 0.00461, dyn_sta_cos_loss: 0.00158, total_cos_loss : 0.00158, vocab_cro_loss : 1.23822, 
train loss: 1.2622, train acc: 0.6316
epoch 261 summary: dyn_dyn_cos_loss: 0.00000, dyn_sta_cos_loss: 0.00000, total_cos_loss : 0.00000, vocab_cro_loss : 1.26220, 
epoch 262 summary: dyn_dyn_cos_loss: 0.00000, dyn_sta_cos_loss: 0.00000, total_cos_loss : 0.00000, vocab_cro_loss : 1.25718, 
epoch 263 summary: dyn_dyn_cos_loss: 0.00000, dyn_sta_cos_loss: 0.00000, total_cos_loss : 0.00000, vocab_cro_loss : 1.25336, 
epoch 264 summary: dyn_dyn_cos_loss: 0.00460, dyn_sta_cos_loss: 0.00155, total_cos_loss : 0.00155, vocab_cro_loss : 1.25082, 
epoch 265 summary: dyn_dyn_cos_loss: 0.00000, dyn_sta_cos_loss: 0.00000, total_cos_loss : 0.00000, vocab_cro_loss : 1.27048, 
epoch 266 summary: dyn_dyn_cos_loss: 0.00000, dyn_sta_cos_loss: 0.00000, total_cos_loss : 0.00000, vocab_cro_loss : 1.26372, 
epoch 267 summary: dyn_dyn_cos_loss: 0.00000, dyn_sta_cos_loss: 0.00000, total_cos_loss : 0.00000, vocab_cro_loss : 1.25671, 
epoch 268 summary: dyn_dyn_cos_loss: 0.00458, dyn_sta_cos_loss: 0.00156, total_cos_loss : 0.00156, vocab_cro_loss : 1.25144, 
epoch 269 summary: dyn_dyn_cos_loss: 0.00000, dyn_sta_cos_loss: 0.00000, total_cos_loss : 0.00000, vocab_cro_loss : 1.26365, 
epoch 270 summary: dyn_dyn_cos_loss: 0.00000, dyn_sta_cos_loss: 0.00000, total_cos_loss : 0.00000, vocab_cro_loss : 1.25510, 
train loss: 1.2488, train acc: 0.6296
epoch 271 summary: dyn_dyn_cos_loss: 0.00000, dyn_sta_cos_loss: 0.00000, total_cos_loss : 0.00000, vocab_cro_loss : 1.24880, 
epoch 272 summary: dyn_dyn_cos_loss: 0.00453, dyn_sta_cos_loss: 0.00155, total_cos_loss : 0.00155, vocab_cro_loss : 1.24508, 
epoch 273 summary: dyn_dyn_cos_loss: 0.00000, dyn_sta_cos_loss: 0.00000, total_cos_loss : 0.00000, vocab_cro_loss : 1.27017, 
epoch 274 summary: dyn_dyn_cos_loss: 0.00000, dyn_sta_cos_loss: 0.00000, total_cos_loss : 0.00000, vocab_cro_loss : 1.25879, 
epoch 275 summary: dyn_dyn_cos_loss: 0.00000, dyn_sta_cos_loss: 0.00000, total_cos_loss : 0.00000, vocab_cro_loss : 1.25459, 
epoch 276 summary: dyn_dyn_cos_loss: 0.00449, dyn_sta_cos_loss: 0.00157, total_cos_loss : 0.00157, vocab_cro_loss : 1.25181, 
epoch 277 summary: dyn_dyn_cos_loss: 0.00000, dyn_sta_cos_loss: 0.00000, total_cos_loss : 0.00000, vocab_cro_loss : 1.26669, 
epoch 278 summary: dyn_dyn_cos_loss: 0.00000, dyn_sta_cos_loss: 0.00000, total_cos_loss : 0.00000, vocab_cro_loss : 1.26068, 
epoch 279 summary: dyn_dyn_cos_loss: 0.00000, dyn_sta_cos_loss: 0.00000, total_cos_loss : 0.00000, vocab_cro_loss : 1.25441, 
epoch 280 summary: dyn_dyn_cos_loss: 0.00447, dyn_sta_cos_loss: 0.00159, total_cos_loss : 0.00159, vocab_cro_loss : 1.25695, 
train loss: 1.2774, train acc: 0.6240
epoch 281 summary: dyn_dyn_cos_loss: 0.00000, dyn_sta_cos_loss: 0.00000, total_cos_loss : 0.00000, vocab_cro_loss : 1.27737, 
epoch 282 summary: dyn_dyn_cos_loss: 0.00000, dyn_sta_cos_loss: 0.00000, total_cos_loss : 0.00000, vocab_cro_loss : 1.26497, 
epoch 283 summary: dyn_dyn_cos_loss: 0.00000, dyn_sta_cos_loss: 0.00000, total_cos_loss : 0.00000, vocab_cro_loss : 1.25744, 
epoch 284 summary: dyn_dyn_cos_loss: 0.00446, dyn_sta_cos_loss: 0.00156, total_cos_loss : 0.00156, vocab_cro_loss : 1.25274, 
epoch 285 summary: dyn_dyn_cos_loss: 0.00000, dyn_sta_cos_loss: 0.00000, total_cos_loss : 0.00000, vocab_cro_loss : 1.27315, 
epoch 286 summary: dyn_dyn_cos_loss: 0.00000, dyn_sta_cos_loss: 0.00000, total_cos_loss : 0.00000, vocab_cro_loss : 1.26284, 
epoch 287 summary: dyn_dyn_cos_loss: 0.00000, dyn_sta_cos_loss: 0.00000, total_cos_loss : 0.00000, vocab_cro_loss : 1.25615, 
epoch 288 summary: dyn_dyn_cos_loss: 0.00447, dyn_sta_cos_loss: 0.00159, total_cos_loss : 0.00159, vocab_cro_loss : 1.25380, 
epoch 289 summary: dyn_dyn_cos_loss: 0.00000, dyn_sta_cos_loss: 0.00000, total_cos_loss : 0.00000, vocab_cro_loss : 1.27813, 
epoch 290 summary: dyn_dyn_cos_loss: 0.00000, dyn_sta_cos_loss: 0.00000, total_cos_loss : 0.00000, vocab_cro_loss : 1.27678, 
train loss: 1.2701, train acc: 0.6257
epoch 291 summary: dyn_dyn_cos_loss: 0.00000, dyn_sta_cos_loss: 0.00000, total_cos_loss : 0.00000, vocab_cro_loss : 1.27004, 
epoch 292 summary: dyn_dyn_cos_loss: 0.00449, dyn_sta_cos_loss: 0.00158, total_cos_loss : 0.00158, vocab_cro_loss : 1.25814, 
epoch 293 summary: dyn_dyn_cos_loss: 0.00000, dyn_sta_cos_loss: 0.00000, total_cos_loss : 0.00000, vocab_cro_loss : 1.27346, 
epoch 294 summary: dyn_dyn_cos_loss: 0.00000, dyn_sta_cos_loss: 0.00000, total_cos_loss : 0.00000, vocab_cro_loss : 1.26961, 
epoch 295 summary: dyn_dyn_cos_loss: 0.00000, dyn_sta_cos_loss: 0.00000, total_cos_loss : 0.00000, vocab_cro_loss : 1.26214, 
epoch 296 summary: dyn_dyn_cos_loss: 0.00448, dyn_sta_cos_loss: 0.00157, total_cos_loss : 0.00157, vocab_cro_loss : 1.25704, 
epoch 297 summary: dyn_dyn_cos_loss: 0.00000, dyn_sta_cos_loss: 0.00000, total_cos_loss : 0.00000, vocab_cro_loss : 1.27478, 
epoch 298 summary: dyn_dyn_cos_loss: 0.00000, dyn_sta_cos_loss: 0.00000, total_cos_loss : 0.00000, vocab_cro_loss : 1.27786, 
epoch 299 summary: dyn_dyn_cos_loss: 0.00000, dyn_sta_cos_loss: 0.00000, total_cos_loss : 0.00000, vocab_cro_loss : 1.26612, 
epoch 300 summary: dyn_dyn_cos_loss: 0.00448, dyn_sta_cos_loss: 0.00159, total_cos_loss : 0.00159, vocab_cro_loss : 1.26211, 
train loss: 1.2858, train acc: 0.6223
epoch 301 summary: dyn_dyn_cos_loss: 0.00000, dyn_sta_cos_loss: 0.00000, total_cos_loss : 0.00000, vocab_cro_loss : 1.28577, 
epoch 302 summary: dyn_dyn_cos_loss: 0.00000, dyn_sta_cos_loss: 0.00000, total_cos_loss : 0.00000, vocab_cro_loss : 1.27940, 
epoch 303 summary: dyn_dyn_cos_loss: 0.00000, dyn_sta_cos_loss: 0.00000, total_cos_loss : 0.00000, vocab_cro_loss : 1.26995, 
epoch 304 summary: dyn_dyn_cos_loss: 0.00445, dyn_sta_cos_loss: 0.00160, total_cos_loss : 0.00160, vocab_cro_loss : 1.26441, 
epoch 305 summary: dyn_dyn_cos_loss: 0.00000, dyn_sta_cos_loss: 0.00000, total_cos_loss : 0.00000, vocab_cro_loss : 1.29270, 
epoch 306 summary: dyn_dyn_cos_loss: 0.00000, dyn_sta_cos_loss: 0.00000, total_cos_loss : 0.00000, vocab_cro_loss : 1.28178, 
epoch 307 summary: dyn_dyn_cos_loss: 0.00000, dyn_sta_cos_loss: 0.00000, total_cos_loss : 0.00000, vocab_cro_loss : 1.27769, 
epoch 308 summary: dyn_dyn_cos_loss: 0.00445, dyn_sta_cos_loss: 0.00154, total_cos_loss : 0.00154, vocab_cro_loss : 1.26775, 
epoch 309 summary: dyn_dyn_cos_loss: 0.00000, dyn_sta_cos_loss: 0.00000, total_cos_loss : 0.00000, vocab_cro_loss : 1.27444, 
epoch 310 summary: dyn_dyn_cos_loss: 0.00000, dyn_sta_cos_loss: 0.00000, total_cos_loss : 0.00000, vocab_cro_loss : 1.26666, 
train loss: 1.2588, train acc: 0.6377
epoch 311 summary: dyn_dyn_cos_loss: 0.00000, dyn_sta_cos_loss: 0.00000, total_cos_loss : 0.00000, vocab_cro_loss : 1.25881, 
epoch 312 summary: dyn_dyn_cos_loss: 0.00443, dyn_sta_cos_loss: 0.00156, total_cos_loss : 0.00156, vocab_cro_loss : 1.25591, 
epoch 313 summary: dyn_dyn_cos_loss: 0.00000, dyn_sta_cos_loss: 0.00000, total_cos_loss : 0.00000, vocab_cro_loss : 1.26745, 
epoch 314 summary: dyn_dyn_cos_loss: 0.00000, dyn_sta_cos_loss: 0.00000, total_cos_loss : 0.00000, vocab_cro_loss : 1.26095, 
epoch 315 summary: dyn_dyn_cos_loss: 0.00000, dyn_sta_cos_loss: 0.00000, total_cos_loss : 0.00000, vocab_cro_loss : 1.25435, 
epoch 316 summary: dyn_dyn_cos_loss: 0.00436, dyn_sta_cos_loss: 0.00157, total_cos_loss : 0.00157, vocab_cro_loss : 1.24870, 
epoch 317 summary: dyn_dyn_cos_loss: 0.00000, dyn_sta_cos_loss: 0.00000, total_cos_loss : 0.00000, vocab_cro_loss : 1.26664, 
epoch 318 summary: dyn_dyn_cos_loss: 0.00000, dyn_sta_cos_loss: 0.00000, total_cos_loss : 0.00000, vocab_cro_loss : 1.25847, 
epoch 319 summary: dyn_dyn_cos_loss: 0.00000, dyn_sta_cos_loss: 0.00000, total_cos_loss : 0.00000, vocab_cro_loss : 1.25169, 
epoch 320 summary: dyn_dyn_cos_loss: 0.00434, dyn_sta_cos_loss: 0.00156, total_cos_loss : 0.00156, vocab_cro_loss : 1.24883, 
train loss: 1.2591, train acc: 0.6260
epoch 321 summary: dyn_dyn_cos_loss: 0.00000, dyn_sta_cos_loss: 0.00000, total_cos_loss : 0.00000, vocab_cro_loss : 1.25905, 
epoch 322 summary: dyn_dyn_cos_loss: 0.00000, dyn_sta_cos_loss: 0.00000, total_cos_loss : 0.00000, vocab_cro_loss : 1.25164, 
epoch 323 summary: dyn_dyn_cos_loss: 0.00000, dyn_sta_cos_loss: 0.00000, total_cos_loss : 0.00000, vocab_cro_loss : 1.24893, 
epoch 324 summary: dyn_dyn_cos_loss: 0.00430, dyn_sta_cos_loss: 0.00160, total_cos_loss : 0.00160, vocab_cro_loss : 1.24543, 
epoch 325 summary: dyn_dyn_cos_loss: 0.00000, dyn_sta_cos_loss: 0.00000, total_cos_loss : 0.00000, vocab_cro_loss : 1.25444, 
epoch 326 summary: dyn_dyn_cos_loss: 0.00000, dyn_sta_cos_loss: 0.00000, total_cos_loss : 0.00000, vocab_cro_loss : 1.25007, 
epoch 327 summary: dyn_dyn_cos_loss: 0.00000, dyn_sta_cos_loss: 0.00000, total_cos_loss : 0.00000, vocab_cro_loss : 1.24396, 
epoch 328 summary: dyn_dyn_cos_loss: 0.00432, dyn_sta_cos_loss: 0.00156, total_cos_loss : 0.00156, vocab_cro_loss : 1.24702, 
epoch 329 summary: dyn_dyn_cos_loss: 0.00000, dyn_sta_cos_loss: 0.00000, total_cos_loss : 0.00000, vocab_cro_loss : 1.25937, 
epoch 330 summary: dyn_dyn_cos_loss: 0.00000, dyn_sta_cos_loss: 0.00000, total_cos_loss : 0.00000, vocab_cro_loss : 1.25436, 
train loss: 1.2463, train acc: 0.6350
epoch 331 summary: dyn_dyn_cos_loss: 0.00000, dyn_sta_cos_loss: 0.00000, total_cos_loss : 0.00000, vocab_cro_loss : 1.24621, 
epoch 332 summary: dyn_dyn_cos_loss: 0.00428, dyn_sta_cos_loss: 0.00159, total_cos_loss : 0.00159, vocab_cro_loss : 1.24666, 
epoch 333 summary: dyn_dyn_cos_loss: 0.00000, dyn_sta_cos_loss: 0.00000, total_cos_loss : 0.00000, vocab_cro_loss : 1.26348, 
epoch 334 summary: dyn_dyn_cos_loss: 0.00000, dyn_sta_cos_loss: 0.00000, total_cos_loss : 0.00000, vocab_cro_loss : 1.27860, 
epoch 335 summary: dyn_dyn_cos_loss: 0.00000, dyn_sta_cos_loss: 0.00000, total_cos_loss : 0.00000, vocab_cro_loss : 1.27803, 
epoch 336 summary: dyn_dyn_cos_loss: 0.00425, dyn_sta_cos_loss: 0.00153, total_cos_loss : 0.00153, vocab_cro_loss : 1.26238, 
epoch 337 summary: dyn_dyn_cos_loss: 0.00000, dyn_sta_cos_loss: 0.00000, total_cos_loss : 0.00000, vocab_cro_loss : 1.26888, 
epoch 338 summary: dyn_dyn_cos_loss: 0.00000, dyn_sta_cos_loss: 0.00000, total_cos_loss : 0.00000, vocab_cro_loss : 1.25284, 
epoch 339 summary: dyn_dyn_cos_loss: 0.00000, dyn_sta_cos_loss: 0.00000, total_cos_loss : 0.00000, vocab_cro_loss : 1.24876, 
epoch 340 summary: dyn_dyn_cos_loss: 0.00422, dyn_sta_cos_loss: 0.00153, total_cos_loss : 0.00153, vocab_cro_loss : 1.24573, 
train loss: 1.2620, train acc: 0.6270
epoch 341 summary: dyn_dyn_cos_loss: 0.00000, dyn_sta_cos_loss: 0.00000, total_cos_loss : 0.00000, vocab_cro_loss : 1.26191, 
epoch 342 summary: dyn_dyn_cos_loss: 0.00000, dyn_sta_cos_loss: 0.00000, total_cos_loss : 0.00000, vocab_cro_loss : 1.25258, 
epoch 343 summary: dyn_dyn_cos_loss: 0.00000, dyn_sta_cos_loss: 0.00000, total_cos_loss : 0.00000, vocab_cro_loss : 1.25031, 
epoch 344 summary: dyn_dyn_cos_loss: 0.00424, dyn_sta_cos_loss: 0.00159, total_cos_loss : 0.00159, vocab_cro_loss : 1.24429, 
epoch 345 summary: dyn_dyn_cos_loss: 0.00000, dyn_sta_cos_loss: 0.00000, total_cos_loss : 0.00000, vocab_cro_loss : 1.25963, 
epoch 346 summary: dyn_dyn_cos_loss: 0.00000, dyn_sta_cos_loss: 0.00000, total_cos_loss : 0.00000, vocab_cro_loss : 1.25123, 
epoch 347 summary: dyn_dyn_cos_loss: 0.00000, dyn_sta_cos_loss: 0.00000, total_cos_loss : 0.00000, vocab_cro_loss : 1.24183, 
epoch 348 summary: dyn_dyn_cos_loss: 0.00425, dyn_sta_cos_loss: 0.00157, total_cos_loss : 0.00157, vocab_cro_loss : 1.23834, 
epoch 349 summary: dyn_dyn_cos_loss: 0.00000, dyn_sta_cos_loss: 0.00000, total_cos_loss : 0.00000, vocab_cro_loss : 1.25320, 
epoch 350 summary: dyn_dyn_cos_loss: 0.00000, dyn_sta_cos_loss: 0.00000, total_cos_loss : 0.00000, vocab_cro_loss : 1.25021, 
train loss: 1.2370, train acc: 0.6418
epoch 351 summary: dyn_dyn_cos_loss: 0.00000, dyn_sta_cos_loss: 0.00000, total_cos_loss : 0.00000, vocab_cro_loss : 1.23696, 
epoch 352 summary: dyn_dyn_cos_loss: 0.00424, dyn_sta_cos_loss: 0.00157, total_cos_loss : 0.00157, vocab_cro_loss : 1.23488, 
epoch 353 summary: dyn_dyn_cos_loss: 0.00000, dyn_sta_cos_loss: 0.00000, total_cos_loss : 0.00000, vocab_cro_loss : 1.25683, 
epoch 354 summary: dyn_dyn_cos_loss: 0.00000, dyn_sta_cos_loss: 0.00000, total_cos_loss : 0.00000, vocab_cro_loss : 1.24756, 
epoch 355 summary: dyn_dyn_cos_loss: 0.00000, dyn_sta_cos_loss: 0.00000, total_cos_loss : 0.00000, vocab_cro_loss : 1.23807, 
epoch 356 summary: dyn_dyn_cos_loss: 0.00422, dyn_sta_cos_loss: 0.00157, total_cos_loss : 0.00157, vocab_cro_loss : 1.23269, 
epoch 357 summary: dyn_dyn_cos_loss: 0.00000, dyn_sta_cos_loss: 0.00000, total_cos_loss : 0.00000, vocab_cro_loss : 1.25224, 
epoch 358 summary: dyn_dyn_cos_loss: 0.00000, dyn_sta_cos_loss: 0.00000, total_cos_loss : 0.00000, vocab_cro_loss : 1.24481, 
epoch 359 summary: dyn_dyn_cos_loss: 0.00000, dyn_sta_cos_loss: 0.00000, total_cos_loss : 0.00000, vocab_cro_loss : 1.23421, 
epoch 360 summary: dyn_dyn_cos_loss: 0.00426, dyn_sta_cos_loss: 0.00155, total_cos_loss : 0.00155, vocab_cro_loss : 1.22959, 
train loss: 1.2465, train acc: 0.6274
epoch 361 summary: dyn_dyn_cos_loss: 0.00000, dyn_sta_cos_loss: 0.00000, total_cos_loss : 0.00000, vocab_cro_loss : 1.24650, 
epoch 362 summary: dyn_dyn_cos_loss: 0.00000, dyn_sta_cos_loss: 0.00000, total_cos_loss : 0.00000, vocab_cro_loss : 1.24007, 
epoch 363 summary: dyn_dyn_cos_loss: 0.00000, dyn_sta_cos_loss: 0.00000, total_cos_loss : 0.00000, vocab_cro_loss : 1.23709, 
epoch 364 summary: dyn_dyn_cos_loss: 0.00430, dyn_sta_cos_loss: 0.00156, total_cos_loss : 0.00156, vocab_cro_loss : 1.22793, 
epoch 365 summary: dyn_dyn_cos_loss: 0.00000, dyn_sta_cos_loss: 0.00000, total_cos_loss : 0.00000, vocab_cro_loss : 1.25233, 
epoch 366 summary: dyn_dyn_cos_loss: 0.00000, dyn_sta_cos_loss: 0.00000, total_cos_loss : 0.00000, vocab_cro_loss : 1.24240, 
epoch 367 summary: dyn_dyn_cos_loss: 0.00000, dyn_sta_cos_loss: 0.00000, total_cos_loss : 0.00000, vocab_cro_loss : 1.23861, 
epoch 368 summary: dyn_dyn_cos_loss: 0.00433, dyn_sta_cos_loss: 0.00156, total_cos_loss : 0.00156, vocab_cro_loss : 1.23320, 
epoch 369 summary: dyn_dyn_cos_loss: 0.00000, dyn_sta_cos_loss: 0.00000, total_cos_loss : 0.00000, vocab_cro_loss : 1.25243, 
epoch 370 summary: dyn_dyn_cos_loss: 0.00000, dyn_sta_cos_loss: 0.00000, total_cos_loss : 0.00000, vocab_cro_loss : 1.24375, 
train loss: 1.2421, train acc: 0.6206
epoch 371 summary: dyn_dyn_cos_loss: 0.00000, dyn_sta_cos_loss: 0.00000, total_cos_loss : 0.00000, vocab_cro_loss : 1.24212, 
epoch 372 summary: dyn_dyn_cos_loss: 0.00434, dyn_sta_cos_loss: 0.00156, total_cos_loss : 0.00156, vocab_cro_loss : 1.23873, 
epoch 373 summary: dyn_dyn_cos_loss: 0.00000, dyn_sta_cos_loss: 0.00000, total_cos_loss : 0.00000, vocab_cro_loss : 1.25214, 
epoch 374 summary: dyn_dyn_cos_loss: 0.00000, dyn_sta_cos_loss: 0.00000, total_cos_loss : 0.00000, vocab_cro_loss : 1.23714, 
epoch 375 summary: dyn_dyn_cos_loss: 0.00000, dyn_sta_cos_loss: 0.00000, total_cos_loss : 0.00000, vocab_cro_loss : 1.22733, 
epoch 376 summary: dyn_dyn_cos_loss: 0.00438, dyn_sta_cos_loss: 0.00153, total_cos_loss : 0.00153, vocab_cro_loss : 1.22476, 
epoch 377 summary: dyn_dyn_cos_loss: 0.00000, dyn_sta_cos_loss: 0.00000, total_cos_loss : 0.00000, vocab_cro_loss : 1.23839, 
epoch 378 summary: dyn_dyn_cos_loss: 0.00000, dyn_sta_cos_loss: 0.00000, total_cos_loss : 0.00000, vocab_cro_loss : 1.23187, 
epoch 379 summary: dyn_dyn_cos_loss: 0.00000, dyn_sta_cos_loss: 0.00000, total_cos_loss : 0.00000, vocab_cro_loss : 1.22882, 
epoch 380 summary: dyn_dyn_cos_loss: 0.00438, dyn_sta_cos_loss: 0.00152, total_cos_loss : 0.00152, vocab_cro_loss : 1.22570, 
train loss: 1.2389, train acc: 0.6313
epoch 381 summary: dyn_dyn_cos_loss: 0.00000, dyn_sta_cos_loss: 0.00000, total_cos_loss : 0.00000, vocab_cro_loss : 1.23890, 
epoch 382 summary: dyn_dyn_cos_loss: 0.00000, dyn_sta_cos_loss: 0.00000, total_cos_loss : 0.00000, vocab_cro_loss : 1.23614, 
epoch 383 summary: dyn_dyn_cos_loss: 0.00000, dyn_sta_cos_loss: 0.00000, total_cos_loss : 0.00000, vocab_cro_loss : 1.23049, 
epoch 384 summary: dyn_dyn_cos_loss: 0.00439, dyn_sta_cos_loss: 0.00151, total_cos_loss : 0.00151, vocab_cro_loss : 1.22599, 
epoch 385 summary: dyn_dyn_cos_loss: 0.00000, dyn_sta_cos_loss: 0.00000, total_cos_loss : 0.00000, vocab_cro_loss : 1.24502, 
epoch 386 summary: dyn_dyn_cos_loss: 0.00000, dyn_sta_cos_loss: 0.00000, total_cos_loss : 0.00000, vocab_cro_loss : 1.23608, 
epoch 387 summary: dyn_dyn_cos_loss: 0.00000, dyn_sta_cos_loss: 0.00000, total_cos_loss : 0.00000, vocab_cro_loss : 1.22897, 
epoch 388 summary: dyn_dyn_cos_loss: 0.00443, dyn_sta_cos_loss: 0.00151, total_cos_loss : 0.00151, vocab_cro_loss : 1.22672, 
epoch 389 summary: dyn_dyn_cos_loss: 0.00000, dyn_sta_cos_loss: 0.00000, total_cos_loss : 0.00000, vocab_cro_loss : 1.24455, 
epoch 390 summary: dyn_dyn_cos_loss: 0.00000, dyn_sta_cos_loss: 0.00000, total_cos_loss : 0.00000, vocab_cro_loss : 1.24097, 
train loss: 1.2319, train acc: 0.6348
epoch 391 summary: dyn_dyn_cos_loss: 0.00000, dyn_sta_cos_loss: 0.00000, total_cos_loss : 0.00000, vocab_cro_loss : 1.23185, 
epoch 392 summary: dyn_dyn_cos_loss: 0.00441, dyn_sta_cos_loss: 0.00151, total_cos_loss : 0.00151, vocab_cro_loss : 1.22714, 
epoch 393 summary: dyn_dyn_cos_loss: 0.00000, dyn_sta_cos_loss: 0.00000, total_cos_loss : 0.00000, vocab_cro_loss : 1.24016, 
epoch 394 summary: dyn_dyn_cos_loss: 0.00000, dyn_sta_cos_loss: 0.00000, total_cos_loss : 0.00000, vocab_cro_loss : 1.23490, 
epoch 395 summary: dyn_dyn_cos_loss: 0.00000, dyn_sta_cos_loss: 0.00000, total_cos_loss : 0.00000, vocab_cro_loss : 1.23097, 
epoch 396 summary: dyn_dyn_cos_loss: 0.00441, dyn_sta_cos_loss: 0.00153, total_cos_loss : 0.00153, vocab_cro_loss : 1.22786, 
epoch 397 summary: dyn_dyn_cos_loss: 0.00000, dyn_sta_cos_loss: 0.00000, total_cos_loss : 0.00000, vocab_cro_loss : 1.24307, 
epoch 398 summary: dyn_dyn_cos_loss: 0.00000, dyn_sta_cos_loss: 0.00000, total_cos_loss : 0.00000, vocab_cro_loss : 1.23381, 
epoch 399 summary: dyn_dyn_cos_loss: 0.00000, dyn_sta_cos_loss: 0.00000, total_cos_loss : 0.00000, vocab_cro_loss : 1.23029, 
train loss: 1.2275, train acc: 0.6382
all                         412906.352ms
all_epoch                   407508.258ms
all_preparation               5398.037ms
all_preparation_2             5396.479ms
all_preparation_3                1.514ms
epoch                          898.145ms
epoch_pos_train                  4.271ms
epoch_preparation               14.021ms
epoch_train                    863.899ms
epoch_valid                     13.948ms
----------------------------------------
all                         412906.352ms
  all_epoch             98.69%
  all_preparation        1.31%
all_preparation               5398.037ms
  all_preparation_2     99.97%
  all_preparation_3      0.03%
epoch                       359257.854ms
  epoch_train           96.19%
  epoch_preparation      1.56%
  epoch_valid            1.55%
  epoch_pos_train        0.48%
epoch   0 summary: dyn_dyn_cos_loss: 0.02138, dyn_sta_cos_loss: 0.00689, total_cos_loss : 0.00689, 
valid loss: 3.6170, valid acc: 0.1816
epoch   1 summary: dyn_dyn_cos_loss: 0.01730, dyn_sta_cos_loss: 0.00548, total_cos_loss : 0.00548, 
epoch   2 summary: dyn_dyn_cos_loss: 0.01408, dyn_sta_cos_loss: 0.00448, total_cos_loss : 0.00448, 
epoch   3 summary: dyn_dyn_cos_loss: 0.01168, dyn_sta_cos_loss: 0.00370, total_cos_loss : 0.00370, 
epoch   4 summary: dyn_dyn_cos_loss: 0.00993, dyn_sta_cos_loss: 0.00314, total_cos_loss : 0.00314, 
epoch   5 summary: dyn_dyn_cos_loss: 0.00864, dyn_sta_cos_loss: 0.00276, total_cos_loss : 0.00276, 
epoch   6 summary: dyn_dyn_cos_loss: 0.00766, dyn_sta_cos_loss: 0.00245, total_cos_loss : 0.00245, 
epoch   7 summary: dyn_dyn_cos_loss: 0.00686, dyn_sta_cos_loss: 0.00221, total_cos_loss : 0.00221, 
epoch   8 summary: dyn_dyn_cos_loss: 0.00643, dyn_sta_cos_loss: 0.00204, total_cos_loss : 0.00204, 
epoch   9 summary: dyn_dyn_cos_loss: 0.00598, dyn_sta_cos_loss: 0.00190, total_cos_loss : 0.00190, 
epoch  10 summary: dyn_dyn_cos_loss: 0.00562, dyn_sta_cos_loss: 0.00179, total_cos_loss : 0.00179, 
valid loss: 1.8896, valid acc: 0.5117
epoch  11 summary: dyn_dyn_cos_loss: 0.00541, dyn_sta_cos_loss: 0.00170, total_cos_loss : 0.00170, 
epoch  12 summary: dyn_dyn_cos_loss: 0.00523, dyn_sta_cos_loss: 0.00164, total_cos_loss : 0.00164, 
epoch  13 summary: dyn_dyn_cos_loss: 0.00513, dyn_sta_cos_loss: 0.00160, total_cos_loss : 0.00160, 
epoch  14 summary: dyn_dyn_cos_loss: 0.00505, dyn_sta_cos_loss: 0.00156, total_cos_loss : 0.00156, 
epoch  15 summary: dyn_dyn_cos_loss: 0.00500, dyn_sta_cos_loss: 0.00152, total_cos_loss : 0.00152, 
epoch  16 summary: dyn_dyn_cos_loss: 0.00493, dyn_sta_cos_loss: 0.00150, total_cos_loss : 0.00150, 
epoch  17 summary: dyn_dyn_cos_loss: 0.00489, dyn_sta_cos_loss: 0.00147, total_cos_loss : 0.00147, 
epoch  18 summary: dyn_dyn_cos_loss: 0.00483, dyn_sta_cos_loss: 0.00145, total_cos_loss : 0.00145, 
epoch  19 summary: dyn_dyn_cos_loss: 0.00478, dyn_sta_cos_loss: 0.00143, total_cos_loss : 0.00143, 
epoch  20 summary: dyn_dyn_cos_loss: 0.00476, dyn_sta_cos_loss: 0.00142, total_cos_loss : 0.00142, 
valid loss: 1.8499, valid acc: 0.4980
epoch  21 summary: dyn_dyn_cos_loss: 0.00474, dyn_sta_cos_loss: 0.00141, total_cos_loss : 0.00141, 
epoch  22 summary: dyn_dyn_cos_loss: 0.00474, dyn_sta_cos_loss: 0.00140, total_cos_loss : 0.00140, 
epoch  23 summary: dyn_dyn_cos_loss: 0.00471, dyn_sta_cos_loss: 0.00139, total_cos_loss : 0.00139, 
epoch  24 summary: dyn_dyn_cos_loss: 0.00470, dyn_sta_cos_loss: 0.00139, total_cos_loss : 0.00139, 
epoch  25 summary: dyn_dyn_cos_loss: 0.00467, dyn_sta_cos_loss: 0.00138, total_cos_loss : 0.00138, 
epoch  26 summary: dyn_dyn_cos_loss: 0.00467, dyn_sta_cos_loss: 0.00138, total_cos_loss : 0.00138, 
epoch  27 summary: dyn_dyn_cos_loss: 0.00466, dyn_sta_cos_loss: 0.00137, total_cos_loss : 0.00137, 
epoch  28 summary: dyn_dyn_cos_loss: 0.00466, dyn_sta_cos_loss: 0.00137, total_cos_loss : 0.00137, 
epoch  29 summary: dyn_dyn_cos_loss: 0.00465, dyn_sta_cos_loss: 0.00137, total_cos_loss : 0.00137, 
epoch  30 summary: dyn_dyn_cos_loss: 0.00455, dyn_sta_cos_loss: 0.00136, total_cos_loss : 0.00136, 
valid loss: 1.8492, valid acc: 0.5078
epoch  31 summary: dyn_dyn_cos_loss: 0.00454, dyn_sta_cos_loss: 0.00136, total_cos_loss : 0.00136, 
epoch  32 summary: dyn_dyn_cos_loss: 0.00455, dyn_sta_cos_loss: 0.00136, total_cos_loss : 0.00136, 
epoch  33 summary: dyn_dyn_cos_loss: 0.00454, dyn_sta_cos_loss: 0.00136, total_cos_loss : 0.00136, 
epoch  34 summary: dyn_dyn_cos_loss: 0.00454, dyn_sta_cos_loss: 0.00136, total_cos_loss : 0.00136, 
epoch  35 summary: dyn_dyn_cos_loss: 0.00453, dyn_sta_cos_loss: 0.00136, total_cos_loss : 0.00136, 
epoch  36 summary: dyn_dyn_cos_loss: 0.00454, dyn_sta_cos_loss: 0.00135, total_cos_loss : 0.00135, 
epoch  37 summary: dyn_dyn_cos_loss: 0.00454, dyn_sta_cos_loss: 0.00135, total_cos_loss : 0.00135, 
epoch  38 summary: dyn_dyn_cos_loss: 0.00454, dyn_sta_cos_loss: 0.00135, total_cos_loss : 0.00135, 
epoch  39 summary: dyn_dyn_cos_loss: 0.00453, dyn_sta_cos_loss: 0.00135, total_cos_loss : 0.00135, 
epoch  40 summary: dyn_dyn_cos_loss: 0.00453, dyn_sta_cos_loss: 0.00135, total_cos_loss : 0.00135, 
valid loss: 1.8407, valid acc: 0.5098
epoch  41 summary: dyn_dyn_cos_loss: 0.00453, dyn_sta_cos_loss: 0.00135, total_cos_loss : 0.00135, 
epoch  42 summary: dyn_dyn_cos_loss: 0.00453, dyn_sta_cos_loss: 0.00135, total_cos_loss : 0.00135, 
epoch  43 summary: dyn_dyn_cos_loss: 0.00453, dyn_sta_cos_loss: 0.00135, total_cos_loss : 0.00135, 
epoch  44 summary: dyn_dyn_cos_loss: 0.00453, dyn_sta_cos_loss: 0.00135, total_cos_loss : 0.00135, 
epoch  45 summary: dyn_dyn_cos_loss: 0.00453, dyn_sta_cos_loss: 0.00135, total_cos_loss : 0.00135, 
epoch  46 summary: dyn_dyn_cos_loss: 0.00453, dyn_sta_cos_loss: 0.00135, total_cos_loss : 0.00135, 
epoch  47 summary: dyn_dyn_cos_loss: 0.00453, dyn_sta_cos_loss: 0.00135, total_cos_loss : 0.00135, 
epoch  48 summary: dyn_dyn_cos_loss: 0.00452, dyn_sta_cos_loss: 0.00135, total_cos_loss : 0.00135, 
epoch  49 summary: dyn_dyn_cos_loss: 0.00451, dyn_sta_cos_loss: 0.00134, total_cos_loss : 0.00134, 
epoch  50 summary: dyn_dyn_cos_loss: 0.00450, dyn_sta_cos_loss: 0.00134, total_cos_loss : 0.00134, 
valid loss: 1.8223, valid acc: 0.5117
epoch  51 summary: dyn_dyn_cos_loss: 0.00450, dyn_sta_cos_loss: 0.00134, total_cos_loss : 0.00134, 
epoch  52 summary: dyn_dyn_cos_loss: 0.00450, dyn_sta_cos_loss: 0.00134, total_cos_loss : 0.00134, 
epoch  53 summary: dyn_dyn_cos_loss: 0.00450, dyn_sta_cos_loss: 0.00134, total_cos_loss : 0.00134, 
epoch  54 summary: dyn_dyn_cos_loss: 0.00450, dyn_sta_cos_loss: 0.00134, total_cos_loss : 0.00134, 
epoch  55 summary: dyn_dyn_cos_loss: 0.00450, dyn_sta_cos_loss: 0.00134, total_cos_loss : 0.00134, 
epoch  56 summary: dyn_dyn_cos_loss: 0.00450, dyn_sta_cos_loss: 0.00134, total_cos_loss : 0.00134, 
epoch  57 summary: dyn_dyn_cos_loss: 0.00450, dyn_sta_cos_loss: 0.00134, total_cos_loss : 0.00134, 
epoch  58 summary: dyn_dyn_cos_loss: 0.00450, dyn_sta_cos_loss: 0.00134, total_cos_loss : 0.00134, 
epoch  59 summary: dyn_dyn_cos_loss: 0.00450, dyn_sta_cos_loss: 0.00134, total_cos_loss : 0.00134, 
epoch  60 summary: dyn_dyn_cos_loss: 0.00454, dyn_sta_cos_loss: 0.00134, total_cos_loss : 0.00134, 
valid loss: 1.8010, valid acc: 0.5098
epoch  61 summary: dyn_dyn_cos_loss: 0.00454, dyn_sta_cos_loss: 0.00134, total_cos_loss : 0.00134, 
epoch  62 summary: dyn_dyn_cos_loss: 0.00454, dyn_sta_cos_loss: 0.00134, total_cos_loss : 0.00134, 
epoch  63 summary: dyn_dyn_cos_loss: 0.00454, dyn_sta_cos_loss: 0.00134, total_cos_loss : 0.00134, 
epoch  64 summary: dyn_dyn_cos_loss: 0.00454, dyn_sta_cos_loss: 0.00134, total_cos_loss : 0.00134, 
epoch  65 summary: dyn_dyn_cos_loss: 0.00454, dyn_sta_cos_loss: 0.00134, total_cos_loss : 0.00134, 
epoch  66 summary: dyn_dyn_cos_loss: 0.00453, dyn_sta_cos_loss: 0.00134, total_cos_loss : 0.00134, 
epoch  67 summary: dyn_dyn_cos_loss: 0.00453, dyn_sta_cos_loss: 0.00133, total_cos_loss : 0.00133, 
epoch  68 summary: dyn_dyn_cos_loss: 0.00453, dyn_sta_cos_loss: 0.00133, total_cos_loss : 0.00133, 
epoch  69 summary: dyn_dyn_cos_loss: 0.00453, dyn_sta_cos_loss: 0.00133, total_cos_loss : 0.00133, 
epoch  70 summary: dyn_dyn_cos_loss: 0.00453, dyn_sta_cos_loss: 0.00133, total_cos_loss : 0.00133, 
valid loss: 1.7931, valid acc: 0.5117
epoch  71 summary: dyn_dyn_cos_loss: 0.00453, dyn_sta_cos_loss: 0.00133, total_cos_loss : 0.00133, 
epoch  72 summary: dyn_dyn_cos_loss: 0.00453, dyn_sta_cos_loss: 0.00133, total_cos_loss : 0.00133, 
epoch  73 summary: dyn_dyn_cos_loss: 0.00453, dyn_sta_cos_loss: 0.00133, total_cos_loss : 0.00133, 
epoch  74 summary: dyn_dyn_cos_loss: 0.00453, dyn_sta_cos_loss: 0.00133, total_cos_loss : 0.00133, 
epoch  75 summary: dyn_dyn_cos_loss: 0.00454, dyn_sta_cos_loss: 0.00133, total_cos_loss : 0.00133, 
epoch  76 summary: dyn_dyn_cos_loss: 0.00454, dyn_sta_cos_loss: 0.00133, total_cos_loss : 0.00133, 
epoch  77 summary: dyn_dyn_cos_loss: 0.00454, dyn_sta_cos_loss: 0.00133, total_cos_loss : 0.00133, 
epoch  78 summary: dyn_dyn_cos_loss: 0.00454, dyn_sta_cos_loss: 0.00133, total_cos_loss : 0.00133, 
epoch  79 summary: dyn_dyn_cos_loss: 0.00454, dyn_sta_cos_loss: 0.00133, total_cos_loss : 0.00133, 
epoch  80 summary: dyn_dyn_cos_loss: 0.00454, dyn_sta_cos_loss: 0.00133, total_cos_loss : 0.00133, 
valid loss: 1.7985, valid acc: 0.5098
epoch  81 summary: dyn_dyn_cos_loss: 0.00455, dyn_sta_cos_loss: 0.00133, total_cos_loss : 0.00133, 
epoch  82 summary: dyn_dyn_cos_loss: 0.00455, dyn_sta_cos_loss: 0.00133, total_cos_loss : 0.00133, 
epoch  83 summary: dyn_dyn_cos_loss: 0.00455, dyn_sta_cos_loss: 0.00133, total_cos_loss : 0.00133, 
epoch  84 summary: dyn_dyn_cos_loss: 0.00455, dyn_sta_cos_loss: 0.00133, total_cos_loss : 0.00133, 
epoch  85 summary: dyn_dyn_cos_loss: 0.00455, dyn_sta_cos_loss: 0.00133, total_cos_loss : 0.00133, 
epoch  86 summary: dyn_dyn_cos_loss: 0.00455, dyn_sta_cos_loss: 0.00133, total_cos_loss : 0.00133, 
epoch  87 summary: dyn_dyn_cos_loss: 0.00455, dyn_sta_cos_loss: 0.00133, total_cos_loss : 0.00133, 
epoch  88 summary: dyn_dyn_cos_loss: 0.00455, dyn_sta_cos_loss: 0.00133, total_cos_loss : 0.00133, 
epoch  89 summary: dyn_dyn_cos_loss: 0.00454, dyn_sta_cos_loss: 0.00133, total_cos_loss : 0.00133, 
epoch  90 summary: dyn_dyn_cos_loss: 0.00447, dyn_sta_cos_loss: 0.00133, total_cos_loss : 0.00133, 
valid loss: 1.7971, valid acc: 0.5117
epoch  91 summary: dyn_dyn_cos_loss: 0.00447, dyn_sta_cos_loss: 0.00133, total_cos_loss : 0.00133, 
epoch  92 summary: dyn_dyn_cos_loss: 0.00447, dyn_sta_cos_loss: 0.00133, total_cos_loss : 0.00133, 
epoch  93 summary: dyn_dyn_cos_loss: 0.00447, dyn_sta_cos_loss: 0.00133, total_cos_loss : 0.00133, 
epoch  94 summary: dyn_dyn_cos_loss: 0.00447, dyn_sta_cos_loss: 0.00133, total_cos_loss : 0.00133, 
epoch  95 summary: dyn_dyn_cos_loss: 0.00447, dyn_sta_cos_loss: 0.00133, total_cos_loss : 0.00133, 
epoch  96 summary: dyn_dyn_cos_loss: 0.00448, dyn_sta_cos_loss: 0.00133, total_cos_loss : 0.00133, 
epoch  97 summary: dyn_dyn_cos_loss: 0.00448, dyn_sta_cos_loss: 0.00133, total_cos_loss : 0.00133, 
epoch  98 summary: dyn_dyn_cos_loss: 0.00448, dyn_sta_cos_loss: 0.00133, total_cos_loss : 0.00133, 
epoch  99 summary: dyn_dyn_cos_loss: 0.00448, dyn_sta_cos_loss: 0.00133, total_cos_loss : 0.00133, 
epoch 100 summary: dyn_dyn_cos_loss: 0.00448, dyn_sta_cos_loss: 0.00133, total_cos_loss : 0.00133, 
valid loss: 1.7956, valid acc: 0.5117
epoch 101 summary: dyn_dyn_cos_loss: 0.00448, dyn_sta_cos_loss: 0.00133, total_cos_loss : 0.00133, 
epoch 102 summary: dyn_dyn_cos_loss: 0.00448, dyn_sta_cos_loss: 0.00133, total_cos_loss : 0.00133, 
epoch 103 summary: dyn_dyn_cos_loss: 0.00448, dyn_sta_cos_loss: 0.00133, total_cos_loss : 0.00133, 
epoch 104 summary: dyn_dyn_cos_loss: 0.00448, dyn_sta_cos_loss: 0.00133, total_cos_loss : 0.00133, 
epoch 105 summary: dyn_dyn_cos_loss: 0.00449, dyn_sta_cos_loss: 0.00133, total_cos_loss : 0.00133, 
epoch 106 summary: dyn_dyn_cos_loss: 0.00449, dyn_sta_cos_loss: 0.00133, total_cos_loss : 0.00133, 
epoch 107 summary: dyn_dyn_cos_loss: 0.00449, dyn_sta_cos_loss: 0.00133, total_cos_loss : 0.00133, 
epoch 108 summary: dyn_dyn_cos_loss: 0.00449, dyn_sta_cos_loss: 0.00133, total_cos_loss : 0.00133, 
epoch 109 summary: dyn_dyn_cos_loss: 0.00449, dyn_sta_cos_loss: 0.00133, total_cos_loss : 0.00133, 
epoch 110 summary: dyn_dyn_cos_loss: 0.00449, dyn_sta_cos_loss: 0.00133, total_cos_loss : 0.00133, 
valid loss: 1.7964, valid acc: 0.5098
epoch 111 summary: dyn_dyn_cos_loss: 0.00449, dyn_sta_cos_loss: 0.00133, total_cos_loss : 0.00133, 
epoch 112 summary: dyn_dyn_cos_loss: 0.00449, dyn_sta_cos_loss: 0.00133, total_cos_loss : 0.00133, 
epoch 113 summary: dyn_dyn_cos_loss: 0.00449, dyn_sta_cos_loss: 0.00133, total_cos_loss : 0.00133, 
epoch 114 summary: dyn_dyn_cos_loss: 0.00449, dyn_sta_cos_loss: 0.00133, total_cos_loss : 0.00133, 
epoch 115 summary: dyn_dyn_cos_loss: 0.00449, dyn_sta_cos_loss: 0.00133, total_cos_loss : 0.00133, 
epoch 116 summary: dyn_dyn_cos_loss: 0.00449, dyn_sta_cos_loss: 0.00133, total_cos_loss : 0.00133, 
epoch 117 summary: dyn_dyn_cos_loss: 0.00449, dyn_sta_cos_loss: 0.00133, total_cos_loss : 0.00133, 
epoch 118 summary: dyn_dyn_cos_loss: 0.00449, dyn_sta_cos_loss: 0.00133, total_cos_loss : 0.00133, 
epoch 119 summary: dyn_dyn_cos_loss: 0.00450, dyn_sta_cos_loss: 0.00133, total_cos_loss : 0.00133, 
epoch 120 summary: dyn_dyn_cos_loss: 0.00445, dyn_sta_cos_loss: 0.00133, total_cos_loss : 0.00133, 
valid loss: 1.8004, valid acc: 0.5059
epoch 121 summary: dyn_dyn_cos_loss: 0.00445, dyn_sta_cos_loss: 0.00133, total_cos_loss : 0.00133, 
epoch 122 summary: dyn_dyn_cos_loss: 0.00444, dyn_sta_cos_loss: 0.00133, total_cos_loss : 0.00133, 
epoch 123 summary: dyn_dyn_cos_loss: 0.00443, dyn_sta_cos_loss: 0.00133, total_cos_loss : 0.00133, 
epoch 124 summary: dyn_dyn_cos_loss: 0.00443, dyn_sta_cos_loss: 0.00133, total_cos_loss : 0.00133, 
epoch 125 summary: dyn_dyn_cos_loss: 0.00443, dyn_sta_cos_loss: 0.00133, total_cos_loss : 0.00133, 
epoch 126 summary: dyn_dyn_cos_loss: 0.00443, dyn_sta_cos_loss: 0.00133, total_cos_loss : 0.00133, 
epoch 127 summary: dyn_dyn_cos_loss: 0.00443, dyn_sta_cos_loss: 0.00133, total_cos_loss : 0.00133, 
epoch 128 summary: dyn_dyn_cos_loss: 0.00443, dyn_sta_cos_loss: 0.00133, total_cos_loss : 0.00133, 
epoch 129 summary: dyn_dyn_cos_loss: 0.00443, dyn_sta_cos_loss: 0.00133, total_cos_loss : 0.00133, 
epoch 130 summary: dyn_dyn_cos_loss: 0.00443, dyn_sta_cos_loss: 0.00133, total_cos_loss : 0.00133, 
valid loss: 1.7956, valid acc: 0.5059
epoch 131 summary: dyn_dyn_cos_loss: 0.00443, dyn_sta_cos_loss: 0.00133, total_cos_loss : 0.00133, 
epoch 132 summary: dyn_dyn_cos_loss: 0.00443, dyn_sta_cos_loss: 0.00133, total_cos_loss : 0.00133, 
epoch 133 summary: dyn_dyn_cos_loss: 0.00443, dyn_sta_cos_loss: 0.00133, total_cos_loss : 0.00133, 
epoch 134 summary: dyn_dyn_cos_loss: 0.00443, dyn_sta_cos_loss: 0.00133, total_cos_loss : 0.00133, 
epoch 135 summary: dyn_dyn_cos_loss: 0.00439, dyn_sta_cos_loss: 0.00133, total_cos_loss : 0.00133, 
epoch 136 summary: dyn_dyn_cos_loss: 0.00439, dyn_sta_cos_loss: 0.00133, total_cos_loss : 0.00133, 
epoch 137 summary: dyn_dyn_cos_loss: 0.00438, dyn_sta_cos_loss: 0.00133, total_cos_loss : 0.00133, 
epoch 138 summary: dyn_dyn_cos_loss: 0.00438, dyn_sta_cos_loss: 0.00133, total_cos_loss : 0.00133, 
epoch 139 summary: dyn_dyn_cos_loss: 0.00437, dyn_sta_cos_loss: 0.00133, total_cos_loss : 0.00133, 
epoch 140 summary: dyn_dyn_cos_loss: 0.00437, dyn_sta_cos_loss: 0.00133, total_cos_loss : 0.00133, 
valid loss: 1.7918, valid acc: 0.5078
epoch 141 summary: dyn_dyn_cos_loss: 0.00437, dyn_sta_cos_loss: 0.00133, total_cos_loss : 0.00133, 
epoch 142 summary: dyn_dyn_cos_loss: 0.00437, dyn_sta_cos_loss: 0.00133, total_cos_loss : 0.00133, 
epoch 143 summary: dyn_dyn_cos_loss: 0.00437, dyn_sta_cos_loss: 0.00133, total_cos_loss : 0.00133, 
epoch 144 summary: dyn_dyn_cos_loss: 0.00437, dyn_sta_cos_loss: 0.00133, total_cos_loss : 0.00133, 
epoch 145 summary: dyn_dyn_cos_loss: 0.00437, dyn_sta_cos_loss: 0.00133, total_cos_loss : 0.00133, 
epoch 146 summary: dyn_dyn_cos_loss: 0.00437, dyn_sta_cos_loss: 0.00133, total_cos_loss : 0.00133, 
epoch 147 summary: dyn_dyn_cos_loss: 0.00436, dyn_sta_cos_loss: 0.00133, total_cos_loss : 0.00133, 
epoch 148 summary: dyn_dyn_cos_loss: 0.00436, dyn_sta_cos_loss: 0.00133, total_cos_loss : 0.00133, 
epoch 149 summary: dyn_dyn_cos_loss: 0.00436, dyn_sta_cos_loss: 0.00133, total_cos_loss : 0.00133, 
epoch 150 summary: dyn_dyn_cos_loss: 0.00445, dyn_sta_cos_loss: 0.00133, total_cos_loss : 0.00133, 
valid loss: 1.7934, valid acc: 0.5078
epoch 151 summary: dyn_dyn_cos_loss: 0.00445, dyn_sta_cos_loss: 0.00133, total_cos_loss : 0.00133, 
epoch 152 summary: dyn_dyn_cos_loss: 0.00444, dyn_sta_cos_loss: 0.00133, total_cos_loss : 0.00133, 
epoch 153 summary: dyn_dyn_cos_loss: 0.00445, dyn_sta_cos_loss: 0.00133, total_cos_loss : 0.00133, 
epoch 154 summary: dyn_dyn_cos_loss: 0.00444, dyn_sta_cos_loss: 0.00133, total_cos_loss : 0.00133, 
epoch 155 summary: dyn_dyn_cos_loss: 0.00445, dyn_sta_cos_loss: 0.00133, total_cos_loss : 0.00133, 
epoch 156 summary: dyn_dyn_cos_loss: 0.00445, dyn_sta_cos_loss: 0.00133, total_cos_loss : 0.00133, 
epoch 157 summary: dyn_dyn_cos_loss: 0.00444, dyn_sta_cos_loss: 0.00133, total_cos_loss : 0.00133, 
epoch 158 summary: dyn_dyn_cos_loss: 0.00444, dyn_sta_cos_loss: 0.00133, total_cos_loss : 0.00133, 
epoch 159 summary: dyn_dyn_cos_loss: 0.00445, dyn_sta_cos_loss: 0.00133, total_cos_loss : 0.00133, 
epoch 160 summary: dyn_dyn_cos_loss: 0.00445, dyn_sta_cos_loss: 0.00133, total_cos_loss : 0.00133, 
valid loss: 1.7904, valid acc: 0.5098
epoch 161 summary: dyn_dyn_cos_loss: 0.00445, dyn_sta_cos_loss: 0.00133, total_cos_loss : 0.00133, 
epoch 162 summary: dyn_dyn_cos_loss: 0.00445, dyn_sta_cos_loss: 0.00133, total_cos_loss : 0.00133, 
epoch 163 summary: dyn_dyn_cos_loss: 0.00445, dyn_sta_cos_loss: 0.00133, total_cos_loss : 0.00133, 
epoch 164 summary: dyn_dyn_cos_loss: 0.00445, dyn_sta_cos_loss: 0.00133, total_cos_loss : 0.00133, 
epoch 165 summary: dyn_dyn_cos_loss: 0.00442, dyn_sta_cos_loss: 0.00133, total_cos_loss : 0.00133, 
epoch 166 summary: dyn_dyn_cos_loss: 0.00442, dyn_sta_cos_loss: 0.00133, total_cos_loss : 0.00133, 
epoch 167 summary: dyn_dyn_cos_loss: 0.00443, dyn_sta_cos_loss: 0.00133, total_cos_loss : 0.00133, 
epoch 168 summary: dyn_dyn_cos_loss: 0.00443, dyn_sta_cos_loss: 0.00133, total_cos_loss : 0.00133, 
epoch 169 summary: dyn_dyn_cos_loss: 0.00443, dyn_sta_cos_loss: 0.00133, total_cos_loss : 0.00133, 
epoch 170 summary: dyn_dyn_cos_loss: 0.00443, dyn_sta_cos_loss: 0.00133, total_cos_loss : 0.00133, 
valid loss: 1.7881, valid acc: 0.5098
epoch 171 summary: dyn_dyn_cos_loss: 0.00443, dyn_sta_cos_loss: 0.00133, total_cos_loss : 0.00133, 
epoch 172 summary: dyn_dyn_cos_loss: 0.00443, dyn_sta_cos_loss: 0.00133, total_cos_loss : 0.00133, 
epoch 173 summary: dyn_dyn_cos_loss: 0.00443, dyn_sta_cos_loss: 0.00133, total_cos_loss : 0.00133, 
epoch 174 summary: dyn_dyn_cos_loss: 0.00443, dyn_sta_cos_loss: 0.00133, total_cos_loss : 0.00133, 
epoch 175 summary: dyn_dyn_cos_loss: 0.00443, dyn_sta_cos_loss: 0.00133, total_cos_loss : 0.00133, 
epoch 176 summary: dyn_dyn_cos_loss: 0.00443, dyn_sta_cos_loss: 0.00133, total_cos_loss : 0.00133, 
epoch 177 summary: dyn_dyn_cos_loss: 0.00443, dyn_sta_cos_loss: 0.00133, total_cos_loss : 0.00133, 
epoch 178 summary: dyn_dyn_cos_loss: 0.00443, dyn_sta_cos_loss: 0.00133, total_cos_loss : 0.00133, 
epoch 179 summary: dyn_dyn_cos_loss: 0.00443, dyn_sta_cos_loss: 0.00133, total_cos_loss : 0.00133, 
epoch 180 summary: dyn_dyn_cos_loss: 0.00442, dyn_sta_cos_loss: 0.00133, total_cos_loss : 0.00133, 
valid loss: 1.7756, valid acc: 0.5137
epoch 181 summary: dyn_dyn_cos_loss: 0.00442, dyn_sta_cos_loss: 0.00133, total_cos_loss : 0.00133, 
epoch 182 summary: dyn_dyn_cos_loss: 0.00441, dyn_sta_cos_loss: 0.00133, total_cos_loss : 0.00133, 
epoch 183 summary: dyn_dyn_cos_loss: 0.00441, dyn_sta_cos_loss: 0.00133, total_cos_loss : 0.00133, 
epoch 184 summary: dyn_dyn_cos_loss: 0.00441, dyn_sta_cos_loss: 0.00133, total_cos_loss : 0.00133, 
epoch 185 summary: dyn_dyn_cos_loss: 0.00441, dyn_sta_cos_loss: 0.00133, total_cos_loss : 0.00133, 
epoch 186 summary: dyn_dyn_cos_loss: 0.00441, dyn_sta_cos_loss: 0.00133, total_cos_loss : 0.00133, 
epoch 187 summary: dyn_dyn_cos_loss: 0.00441, dyn_sta_cos_loss: 0.00133, total_cos_loss : 0.00133, 
epoch 188 summary: dyn_dyn_cos_loss: 0.00441, dyn_sta_cos_loss: 0.00133, total_cos_loss : 0.00133, 
epoch 189 summary: dyn_dyn_cos_loss: 0.00441, dyn_sta_cos_loss: 0.00133, total_cos_loss : 0.00133, 
epoch 190 summary: dyn_dyn_cos_loss: 0.00441, dyn_sta_cos_loss: 0.00133, total_cos_loss : 0.00133, 
valid loss: 1.7747, valid acc: 0.5137
epoch 191 summary: dyn_dyn_cos_loss: 0.00441, dyn_sta_cos_loss: 0.00133, total_cos_loss : 0.00133, 
epoch 192 summary: dyn_dyn_cos_loss: 0.00441, dyn_sta_cos_loss: 0.00133, total_cos_loss : 0.00133, 
epoch 193 summary: dyn_dyn_cos_loss: 0.00441, dyn_sta_cos_loss: 0.00133, total_cos_loss : 0.00133, 
epoch 194 summary: dyn_dyn_cos_loss: 0.00441, dyn_sta_cos_loss: 0.00133, total_cos_loss : 0.00133, 
epoch 195 summary: dyn_dyn_cos_loss: 0.00443, dyn_sta_cos_loss: 0.00133, total_cos_loss : 0.00133, 
epoch 196 summary: dyn_dyn_cos_loss: 0.00443, dyn_sta_cos_loss: 0.00133, total_cos_loss : 0.00133, 
epoch 197 summary: dyn_dyn_cos_loss: 0.00443, dyn_sta_cos_loss: 0.00133, total_cos_loss : 0.00133, 
epoch 198 summary: dyn_dyn_cos_loss: 0.00443, dyn_sta_cos_loss: 0.00133, total_cos_loss : 0.00133, 
epoch 199 summary: dyn_dyn_cos_loss: 0.00443, dyn_sta_cos_loss: 0.00133, total_cos_loss : 0.00133, 
all                          65264.102ms
all_epoch                    65249.438ms
all_preparation                 14.602ms
all_preparation_2               12.919ms
all_preparation_3                1.664ms
epoch                          255.138ms
epoch_pos_train                  4.883ms
epoch_preparation                0.438ms
epoch_train                    245.535ms
epoch_valid                      2.446ms
----------------------------------------
all                          65264.102ms
  all_epoch             99.98%
  all_preparation        0.02%
all_preparation                 14.602ms
  all_preparation_2     88.47%
  all_preparation_3     11.40%
epoch                        51027.686ms
  epoch_train           96.24%
  epoch_pos_train        1.91%
  epoch_valid            0.96%
  epoch_preparation      0.17%
