Before CTE Training: train eu loss: 1.057024359703064, eval eu loss: 1.492782711982727
Before CTE Training: train eu acc: 0.66552734375, eval eu acc: 0.560546875
epoch   0 summary: dyn_dyn_cos_loss: 0.02361, dyn_sta_cos_loss: 0.00714, total_cos_loss : 0.01538, vocab_cro_loss : 4.48647, 
train loss: 3.7574, train acc: 0.1870
epoch   1 summary: dyn_dyn_cos_loss: 0.00000, dyn_sta_cos_loss: 0.00000, total_cos_loss : 0.00000, vocab_cro_loss : 3.75714, 
epoch   2 summary: dyn_dyn_cos_loss: 0.02258, dyn_sta_cos_loss: 0.00653, total_cos_loss : 0.01455, vocab_cro_loss : 3.67082, 
epoch   3 summary: dyn_dyn_cos_loss: 0.00000, dyn_sta_cos_loss: 0.00000, total_cos_loss : 0.00000, vocab_cro_loss : 2.97349, 
epoch   4 summary: dyn_dyn_cos_loss: 0.02102, dyn_sta_cos_loss: 0.00563, total_cos_loss : 0.01333, vocab_cro_loss : 2.90290, 
epoch   5 summary: dyn_dyn_cos_loss: 0.00000, dyn_sta_cos_loss: 0.00000, total_cos_loss : 0.00000, vocab_cro_loss : 2.47838, 
epoch   6 summary: dyn_dyn_cos_loss: 0.01858, dyn_sta_cos_loss: 0.00474, total_cos_loss : 0.01166, vocab_cro_loss : 2.45030, 
epoch   7 summary: dyn_dyn_cos_loss: 0.00000, dyn_sta_cos_loss: 0.00000, total_cos_loss : 0.00000, vocab_cro_loss : 2.22635, 
epoch   8 summary: dyn_dyn_cos_loss: 0.01556, dyn_sta_cos_loss: 0.00407, total_cos_loss : 0.00982, vocab_cro_loss : 2.20580, 
epoch   9 summary: dyn_dyn_cos_loss: 0.00000, dyn_sta_cos_loss: 0.00000, total_cos_loss : 0.00000, vocab_cro_loss : 2.07041, 
epoch  10 summary: dyn_dyn_cos_loss: 0.01256, dyn_sta_cos_loss: 0.00352, total_cos_loss : 0.00804, vocab_cro_loss : 2.04284, 
train loss: 1.9444, train acc: 0.5100
epoch  11 summary: dyn_dyn_cos_loss: 0.00000, dyn_sta_cos_loss: 0.00000, total_cos_loss : 0.00000, vocab_cro_loss : 1.94433, 
epoch  12 summary: dyn_dyn_cos_loss: 0.01006, dyn_sta_cos_loss: 0.00322, total_cos_loss : 0.00664, vocab_cro_loss : 1.92883, 
epoch  13 summary: dyn_dyn_cos_loss: 0.00000, dyn_sta_cos_loss: 0.00000, total_cos_loss : 0.00000, vocab_cro_loss : 1.85791, 
epoch  14 summary: dyn_dyn_cos_loss: 0.00804, dyn_sta_cos_loss: 0.00299, total_cos_loss : 0.00552, vocab_cro_loss : 1.84676, 
epoch  15 summary: dyn_dyn_cos_loss: 0.00000, dyn_sta_cos_loss: 0.00000, total_cos_loss : 0.00000, vocab_cro_loss : 1.78027, 
epoch  16 summary: dyn_dyn_cos_loss: 0.00692, dyn_sta_cos_loss: 0.00283, total_cos_loss : 0.00487, vocab_cro_loss : 1.77826, 
epoch  17 summary: dyn_dyn_cos_loss: 0.00000, dyn_sta_cos_loss: 0.00000, total_cos_loss : 0.00000, vocab_cro_loss : 1.70672, 
epoch  18 summary: dyn_dyn_cos_loss: 0.00558, dyn_sta_cos_loss: 0.00262, total_cos_loss : 0.00410, vocab_cro_loss : 1.69565, 
epoch  19 summary: dyn_dyn_cos_loss: 0.00000, dyn_sta_cos_loss: 0.00000, total_cos_loss : 0.00000, vocab_cro_loss : 1.64073, 
epoch  20 summary: dyn_dyn_cos_loss: 0.00458, dyn_sta_cos_loss: 0.00245, total_cos_loss : 0.00351, vocab_cro_loss : 1.63060, 
train loss: 1.5813, train acc: 0.5562
epoch  21 summary: dyn_dyn_cos_loss: 0.00000, dyn_sta_cos_loss: 0.00000, total_cos_loss : 0.00000, vocab_cro_loss : 1.58129, 
epoch  22 summary: dyn_dyn_cos_loss: 0.00386, dyn_sta_cos_loss: 0.00232, total_cos_loss : 0.00309, vocab_cro_loss : 1.57425, 
epoch  23 summary: dyn_dyn_cos_loss: 0.00000, dyn_sta_cos_loss: 0.00000, total_cos_loss : 0.00000, vocab_cro_loss : 1.54004, 
epoch  24 summary: dyn_dyn_cos_loss: 0.00324, dyn_sta_cos_loss: 0.00226, total_cos_loss : 0.00275, vocab_cro_loss : 1.52612, 
epoch  25 summary: dyn_dyn_cos_loss: 0.00000, dyn_sta_cos_loss: 0.00000, total_cos_loss : 0.00000, vocab_cro_loss : 1.49106, 
epoch  26 summary: dyn_dyn_cos_loss: 0.00277, dyn_sta_cos_loss: 0.00215, total_cos_loss : 0.00246, vocab_cro_loss : 1.48317, 
epoch  27 summary: dyn_dyn_cos_loss: 0.00000, dyn_sta_cos_loss: 0.00000, total_cos_loss : 0.00000, vocab_cro_loss : 1.46107, 
epoch  28 summary: dyn_dyn_cos_loss: 0.00242, dyn_sta_cos_loss: 0.00208, total_cos_loss : 0.00225, vocab_cro_loss : 1.45760, 
epoch  29 summary: dyn_dyn_cos_loss: 0.00000, dyn_sta_cos_loss: 0.00000, total_cos_loss : 0.00000, vocab_cro_loss : 1.43589, 
epoch  30 summary: dyn_dyn_cos_loss: 0.00235, dyn_sta_cos_loss: 0.00202, total_cos_loss : 0.00218, vocab_cro_loss : 1.43076, 
train loss: 1.4318, train acc: 0.5845
epoch  31 summary: dyn_dyn_cos_loss: 0.00000, dyn_sta_cos_loss: 0.00000, total_cos_loss : 0.00000, vocab_cro_loss : 1.43172, 
epoch  32 summary: dyn_dyn_cos_loss: 0.00213, dyn_sta_cos_loss: 0.00202, total_cos_loss : 0.00208, vocab_cro_loss : 1.42101, 
epoch  33 summary: dyn_dyn_cos_loss: 0.00000, dyn_sta_cos_loss: 0.00000, total_cos_loss : 0.00000, vocab_cro_loss : 1.41157, 
epoch  34 summary: dyn_dyn_cos_loss: 0.00195, dyn_sta_cos_loss: 0.00194, total_cos_loss : 0.00194, vocab_cro_loss : 1.40799, 
epoch  35 summary: dyn_dyn_cos_loss: 0.00000, dyn_sta_cos_loss: 0.00000, total_cos_loss : 0.00000, vocab_cro_loss : 1.39446, 
epoch  36 summary: dyn_dyn_cos_loss: 0.00181, dyn_sta_cos_loss: 0.00191, total_cos_loss : 0.00186, vocab_cro_loss : 1.39146, 
epoch  37 summary: dyn_dyn_cos_loss: 0.00000, dyn_sta_cos_loss: 0.00000, total_cos_loss : 0.00000, vocab_cro_loss : 1.38528, 
epoch  38 summary: dyn_dyn_cos_loss: 0.00169, dyn_sta_cos_loss: 0.00185, total_cos_loss : 0.00177, vocab_cro_loss : 1.38653, 
epoch  39 summary: dyn_dyn_cos_loss: 0.00000, dyn_sta_cos_loss: 0.00000, total_cos_loss : 0.00000, vocab_cro_loss : 1.37873, 
epoch  40 summary: dyn_dyn_cos_loss: 0.00160, dyn_sta_cos_loss: 0.00176, total_cos_loss : 0.00168, vocab_cro_loss : 1.36677, 
train loss: 1.3681, train acc: 0.5933
epoch  41 summary: dyn_dyn_cos_loss: 0.00000, dyn_sta_cos_loss: 0.00000, total_cos_loss : 0.00000, vocab_cro_loss : 1.36803, 
epoch  42 summary: dyn_dyn_cos_loss: 0.00153, dyn_sta_cos_loss: 0.00171, total_cos_loss : 0.00162, vocab_cro_loss : 1.36049, 
epoch  43 summary: dyn_dyn_cos_loss: 0.00000, dyn_sta_cos_loss: 0.00000, total_cos_loss : 0.00000, vocab_cro_loss : 1.37480, 
epoch  44 summary: dyn_dyn_cos_loss: 0.00146, dyn_sta_cos_loss: 0.00167, total_cos_loss : 0.00157, vocab_cro_loss : 1.36993, 
epoch  45 summary: dyn_dyn_cos_loss: 0.00000, dyn_sta_cos_loss: 0.00000, total_cos_loss : 0.00000, vocab_cro_loss : 1.36325, 
epoch  46 summary: dyn_dyn_cos_loss: 0.00152, dyn_sta_cos_loss: 0.00166, total_cos_loss : 0.00159, vocab_cro_loss : 1.35818, 
epoch  47 summary: dyn_dyn_cos_loss: 0.00000, dyn_sta_cos_loss: 0.00000, total_cos_loss : 0.00000, vocab_cro_loss : 1.35187, 
epoch  48 summary: dyn_dyn_cos_loss: 0.00144, dyn_sta_cos_loss: 0.00163, total_cos_loss : 0.00153, vocab_cro_loss : 1.34166, 
epoch  49 summary: dyn_dyn_cos_loss: 0.00000, dyn_sta_cos_loss: 0.00000, total_cos_loss : 0.00000, vocab_cro_loss : 1.33265, 
epoch  50 summary: dyn_dyn_cos_loss: 0.00138, dyn_sta_cos_loss: 0.00162, total_cos_loss : 0.00150, vocab_cro_loss : 1.32804, 
train loss: 1.3344, train acc: 0.6118
epoch  51 summary: dyn_dyn_cos_loss: 0.00000, dyn_sta_cos_loss: 0.00000, total_cos_loss : 0.00000, vocab_cro_loss : 1.33434, 
epoch  52 summary: dyn_dyn_cos_loss: 0.00133, dyn_sta_cos_loss: 0.00159, total_cos_loss : 0.00146, vocab_cro_loss : 1.32975, 
epoch  53 summary: dyn_dyn_cos_loss: 0.00000, dyn_sta_cos_loss: 0.00000, total_cos_loss : 0.00000, vocab_cro_loss : 1.34252, 
epoch  54 summary: dyn_dyn_cos_loss: 0.00129, dyn_sta_cos_loss: 0.00156, total_cos_loss : 0.00143, vocab_cro_loss : 1.33927, 
epoch  55 summary: dyn_dyn_cos_loss: 0.00000, dyn_sta_cos_loss: 0.00000, total_cos_loss : 0.00000, vocab_cro_loss : 1.34874, 
epoch  56 summary: dyn_dyn_cos_loss: 0.00126, dyn_sta_cos_loss: 0.00158, total_cos_loss : 0.00142, vocab_cro_loss : 1.35528, 
epoch  57 summary: dyn_dyn_cos_loss: 0.00000, dyn_sta_cos_loss: 0.00000, total_cos_loss : 0.00000, vocab_cro_loss : 1.34876, 
epoch  58 summary: dyn_dyn_cos_loss: 0.00123, dyn_sta_cos_loss: 0.00160, total_cos_loss : 0.00142, vocab_cro_loss : 1.34410, 
epoch  59 summary: dyn_dyn_cos_loss: 0.00000, dyn_sta_cos_loss: 0.00000, total_cos_loss : 0.00000, vocab_cro_loss : 1.33355, 
epoch  60 summary: dyn_dyn_cos_loss: 0.00131, dyn_sta_cos_loss: 0.00159, total_cos_loss : 0.00145, vocab_cro_loss : 1.32687, 
train loss: 1.3321, train acc: 0.6074
epoch  61 summary: dyn_dyn_cos_loss: 0.00000, dyn_sta_cos_loss: 0.00000, total_cos_loss : 0.00000, vocab_cro_loss : 1.33208, 
epoch  62 summary: dyn_dyn_cos_loss: 0.00127, dyn_sta_cos_loss: 0.00155, total_cos_loss : 0.00141, vocab_cro_loss : 1.33249, 
epoch  63 summary: dyn_dyn_cos_loss: 0.00000, dyn_sta_cos_loss: 0.00000, total_cos_loss : 0.00000, vocab_cro_loss : 1.32917, 
epoch  64 summary: dyn_dyn_cos_loss: 0.00123, dyn_sta_cos_loss: 0.00153, total_cos_loss : 0.00138, vocab_cro_loss : 1.32298, 
epoch  65 summary: dyn_dyn_cos_loss: 0.00000, dyn_sta_cos_loss: 0.00000, total_cos_loss : 0.00000, vocab_cro_loss : 1.32384, 
epoch  66 summary: dyn_dyn_cos_loss: 0.00120, dyn_sta_cos_loss: 0.00150, total_cos_loss : 0.00135, vocab_cro_loss : 1.32669, 
epoch  67 summary: dyn_dyn_cos_loss: 0.00000, dyn_sta_cos_loss: 0.00000, total_cos_loss : 0.00000, vocab_cro_loss : 1.33067, 
epoch  68 summary: dyn_dyn_cos_loss: 0.00118, dyn_sta_cos_loss: 0.00155, total_cos_loss : 0.00137, vocab_cro_loss : 1.33062, 
epoch  69 summary: dyn_dyn_cos_loss: 0.00000, dyn_sta_cos_loss: 0.00000, total_cos_loss : 0.00000, vocab_cro_loss : 1.31465, 
epoch  70 summary: dyn_dyn_cos_loss: 0.00117, dyn_sta_cos_loss: 0.00152, total_cos_loss : 0.00134, vocab_cro_loss : 1.30918, 
train loss: 1.3047, train acc: 0.6140
epoch  71 summary: dyn_dyn_cos_loss: 0.00000, dyn_sta_cos_loss: 0.00000, total_cos_loss : 0.00000, vocab_cro_loss : 1.30467, 
epoch  72 summary: dyn_dyn_cos_loss: 0.00115, dyn_sta_cos_loss: 0.00152, total_cos_loss : 0.00133, vocab_cro_loss : 1.29957, 
epoch  73 summary: dyn_dyn_cos_loss: 0.00000, dyn_sta_cos_loss: 0.00000, total_cos_loss : 0.00000, vocab_cro_loss : 1.30685, 
epoch  74 summary: dyn_dyn_cos_loss: 0.00113, dyn_sta_cos_loss: 0.00147, total_cos_loss : 0.00130, vocab_cro_loss : 1.30405, 
epoch  75 summary: dyn_dyn_cos_loss: 0.00000, dyn_sta_cos_loss: 0.00000, total_cos_loss : 0.00000, vocab_cro_loss : 1.30079, 
epoch  76 summary: dyn_dyn_cos_loss: 0.00122, dyn_sta_cos_loss: 0.00148, total_cos_loss : 0.00135, vocab_cro_loss : 1.29887, 
epoch  77 summary: dyn_dyn_cos_loss: 0.00000, dyn_sta_cos_loss: 0.00000, total_cos_loss : 0.00000, vocab_cro_loss : 1.29542, 
epoch  78 summary: dyn_dyn_cos_loss: 0.00119, dyn_sta_cos_loss: 0.00151, total_cos_loss : 0.00135, vocab_cro_loss : 1.29336, 
epoch  79 summary: dyn_dyn_cos_loss: 0.00000, dyn_sta_cos_loss: 0.00000, total_cos_loss : 0.00000, vocab_cro_loss : 1.29485, 
epoch  80 summary: dyn_dyn_cos_loss: 0.00116, dyn_sta_cos_loss: 0.00149, total_cos_loss : 0.00133, vocab_cro_loss : 1.29350, 
train loss: 1.3017, train acc: 0.6138
epoch  81 summary: dyn_dyn_cos_loss: 0.00000, dyn_sta_cos_loss: 0.00000, total_cos_loss : 0.00000, vocab_cro_loss : 1.30166, 
epoch  82 summary: dyn_dyn_cos_loss: 0.00115, dyn_sta_cos_loss: 0.00148, total_cos_loss : 0.00131, vocab_cro_loss : 1.30055, 
epoch  83 summary: dyn_dyn_cos_loss: 0.00000, dyn_sta_cos_loss: 0.00000, total_cos_loss : 0.00000, vocab_cro_loss : 1.29705, 
epoch  84 summary: dyn_dyn_cos_loss: 0.00113, dyn_sta_cos_loss: 0.00146, total_cos_loss : 0.00130, vocab_cro_loss : 1.29463, 
epoch  85 summary: dyn_dyn_cos_loss: 0.00000, dyn_sta_cos_loss: 0.00000, total_cos_loss : 0.00000, vocab_cro_loss : 1.29618, 
epoch  86 summary: dyn_dyn_cos_loss: 0.00112, dyn_sta_cos_loss: 0.00148, total_cos_loss : 0.00130, vocab_cro_loss : 1.29069, 
epoch  87 summary: dyn_dyn_cos_loss: 0.00000, dyn_sta_cos_loss: 0.00000, total_cos_loss : 0.00000, vocab_cro_loss : 1.29492, 
epoch  88 summary: dyn_dyn_cos_loss: 0.00111, dyn_sta_cos_loss: 0.00145, total_cos_loss : 0.00128, vocab_cro_loss : 1.29662, 
epoch  89 summary: dyn_dyn_cos_loss: 0.00000, dyn_sta_cos_loss: 0.00000, total_cos_loss : 0.00000, vocab_cro_loss : 1.29809, 
epoch  90 summary: dyn_dyn_cos_loss: 0.00119, dyn_sta_cos_loss: 0.00147, total_cos_loss : 0.00133, vocab_cro_loss : 1.28928, 
train loss: 1.2949, train acc: 0.6118
epoch  91 summary: dyn_dyn_cos_loss: 0.00000, dyn_sta_cos_loss: 0.00000, total_cos_loss : 0.00000, vocab_cro_loss : 1.29492, 
epoch  92 summary: dyn_dyn_cos_loss: 0.00116, dyn_sta_cos_loss: 0.00147, total_cos_loss : 0.00132, vocab_cro_loss : 1.29820, 
epoch  93 summary: dyn_dyn_cos_loss: 0.00000, dyn_sta_cos_loss: 0.00000, total_cos_loss : 0.00000, vocab_cro_loss : 1.29313, 
epoch  94 summary: dyn_dyn_cos_loss: 0.00114, dyn_sta_cos_loss: 0.00146, total_cos_loss : 0.00130, vocab_cro_loss : 1.28855, 
epoch  95 summary: dyn_dyn_cos_loss: 0.00000, dyn_sta_cos_loss: 0.00000, total_cos_loss : 0.00000, vocab_cro_loss : 1.29075, 
epoch  96 summary: dyn_dyn_cos_loss: 0.00113, dyn_sta_cos_loss: 0.00145, total_cos_loss : 0.00129, vocab_cro_loss : 1.28888, 
epoch  97 summary: dyn_dyn_cos_loss: 0.00000, dyn_sta_cos_loss: 0.00000, total_cos_loss : 0.00000, vocab_cro_loss : 1.29504, 
epoch  98 summary: dyn_dyn_cos_loss: 0.00111, dyn_sta_cos_loss: 0.00145, total_cos_loss : 0.00128, vocab_cro_loss : 1.29092, 
epoch  99 summary: dyn_dyn_cos_loss: 0.00000, dyn_sta_cos_loss: 0.00000, total_cos_loss : 0.00000, vocab_cro_loss : 1.28814, 
epoch 100 summary: dyn_dyn_cos_loss: 0.00110, dyn_sta_cos_loss: 0.00145, total_cos_loss : 0.00128, vocab_cro_loss : 1.28526, 
train loss: 1.2919, train acc: 0.6094
epoch 101 summary: dyn_dyn_cos_loss: 0.00000, dyn_sta_cos_loss: 0.00000, total_cos_loss : 0.00000, vocab_cro_loss : 1.29190, 
epoch 102 summary: dyn_dyn_cos_loss: 0.00109, dyn_sta_cos_loss: 0.00145, total_cos_loss : 0.00127, vocab_cro_loss : 1.28439, 
epoch 103 summary: dyn_dyn_cos_loss: 0.00000, dyn_sta_cos_loss: 0.00000, total_cos_loss : 0.00000, vocab_cro_loss : 1.29102, 
epoch 104 summary: dyn_dyn_cos_loss: 0.00108, dyn_sta_cos_loss: 0.00144, total_cos_loss : 0.00126, vocab_cro_loss : 1.28739, 
epoch 105 summary: dyn_dyn_cos_loss: 0.00000, dyn_sta_cos_loss: 0.00000, total_cos_loss : 0.00000, vocab_cro_loss : 1.28800, 
epoch 106 summary: dyn_dyn_cos_loss: 0.00116, dyn_sta_cos_loss: 0.00147, total_cos_loss : 0.00132, vocab_cro_loss : 1.28561, 
epoch 107 summary: dyn_dyn_cos_loss: 0.00000, dyn_sta_cos_loss: 0.00000, total_cos_loss : 0.00000, vocab_cro_loss : 1.28940, 
epoch 108 summary: dyn_dyn_cos_loss: 0.00114, dyn_sta_cos_loss: 0.00147, total_cos_loss : 0.00130, vocab_cro_loss : 1.28528, 
epoch 109 summary: dyn_dyn_cos_loss: 0.00000, dyn_sta_cos_loss: 0.00000, total_cos_loss : 0.00000, vocab_cro_loss : 1.28995, 
epoch 110 summary: dyn_dyn_cos_loss: 0.00112, dyn_sta_cos_loss: 0.00147, total_cos_loss : 0.00130, vocab_cro_loss : 1.28685, 
train loss: 1.2845, train acc: 0.6191
epoch 111 summary: dyn_dyn_cos_loss: 0.00000, dyn_sta_cos_loss: 0.00000, total_cos_loss : 0.00000, vocab_cro_loss : 1.28453, 
epoch 112 summary: dyn_dyn_cos_loss: 0.00111, dyn_sta_cos_loss: 0.00147, total_cos_loss : 0.00129, vocab_cro_loss : 1.28027, 
epoch 113 summary: dyn_dyn_cos_loss: 0.00000, dyn_sta_cos_loss: 0.00000, total_cos_loss : 0.00000, vocab_cro_loss : 1.28074, 
epoch 114 summary: dyn_dyn_cos_loss: 0.00110, dyn_sta_cos_loss: 0.00147, total_cos_loss : 0.00128, vocab_cro_loss : 1.27693, 
epoch 115 summary: dyn_dyn_cos_loss: 0.00000, dyn_sta_cos_loss: 0.00000, total_cos_loss : 0.00000, vocab_cro_loss : 1.27257, 
epoch 116 summary: dyn_dyn_cos_loss: 0.00109, dyn_sta_cos_loss: 0.00146, total_cos_loss : 0.00128, vocab_cro_loss : 1.27024, 
epoch 117 summary: dyn_dyn_cos_loss: 0.00000, dyn_sta_cos_loss: 0.00000, total_cos_loss : 0.00000, vocab_cro_loss : 1.27390, 
epoch 118 summary: dyn_dyn_cos_loss: 0.00109, dyn_sta_cos_loss: 0.00145, total_cos_loss : 0.00127, vocab_cro_loss : 1.27190, 
epoch 119 summary: dyn_dyn_cos_loss: 0.00000, dyn_sta_cos_loss: 0.00000, total_cos_loss : 0.00000, vocab_cro_loss : 1.28199, 
epoch 120 summary: dyn_dyn_cos_loss: 0.00116, dyn_sta_cos_loss: 0.00146, total_cos_loss : 0.00131, vocab_cro_loss : 1.27906, 
train loss: 1.2840, train acc: 0.6260
epoch 121 summary: dyn_dyn_cos_loss: 0.00000, dyn_sta_cos_loss: 0.00000, total_cos_loss : 0.00000, vocab_cro_loss : 1.28401, 
epoch 122 summary: dyn_dyn_cos_loss: 0.00113, dyn_sta_cos_loss: 0.00146, total_cos_loss : 0.00130, vocab_cro_loss : 1.28251, 
epoch 123 summary: dyn_dyn_cos_loss: 0.00000, dyn_sta_cos_loss: 0.00000, total_cos_loss : 0.00000, vocab_cro_loss : 1.28593, 
epoch 124 summary: dyn_dyn_cos_loss: 0.00111, dyn_sta_cos_loss: 0.00147, total_cos_loss : 0.00129, vocab_cro_loss : 1.27776, 
epoch 125 summary: dyn_dyn_cos_loss: 0.00000, dyn_sta_cos_loss: 0.00000, total_cos_loss : 0.00000, vocab_cro_loss : 1.28154, 
epoch 126 summary: dyn_dyn_cos_loss: 0.00110, dyn_sta_cos_loss: 0.00145, total_cos_loss : 0.00127, vocab_cro_loss : 1.27965, 
epoch 127 summary: dyn_dyn_cos_loss: 0.00000, dyn_sta_cos_loss: 0.00000, total_cos_loss : 0.00000, vocab_cro_loss : 1.28925, 
epoch 128 summary: dyn_dyn_cos_loss: 0.00109, dyn_sta_cos_loss: 0.00145, total_cos_loss : 0.00127, vocab_cro_loss : 1.28593, 
epoch 129 summary: dyn_dyn_cos_loss: 0.00000, dyn_sta_cos_loss: 0.00000, total_cos_loss : 0.00000, vocab_cro_loss : 1.28797, 
epoch 130 summary: dyn_dyn_cos_loss: 0.00108, dyn_sta_cos_loss: 0.00144, total_cos_loss : 0.00126, vocab_cro_loss : 1.28546, 
train loss: 1.2910, train acc: 0.6125
epoch 131 summary: dyn_dyn_cos_loss: 0.00000, dyn_sta_cos_loss: 0.00000, total_cos_loss : 0.00000, vocab_cro_loss : 1.29094, 
epoch 132 summary: dyn_dyn_cos_loss: 0.00107, dyn_sta_cos_loss: 0.00145, total_cos_loss : 0.00126, vocab_cro_loss : 1.28852, 
epoch 133 summary: dyn_dyn_cos_loss: 0.00000, dyn_sta_cos_loss: 0.00000, total_cos_loss : 0.00000, vocab_cro_loss : 1.29372, 
epoch 134 summary: dyn_dyn_cos_loss: 0.00106, dyn_sta_cos_loss: 0.00144, total_cos_loss : 0.00125, vocab_cro_loss : 1.28400, 
epoch 135 summary: dyn_dyn_cos_loss: 0.00000, dyn_sta_cos_loss: 0.00000, total_cos_loss : 0.00000, vocab_cro_loss : 1.28128, 
epoch 136 summary: dyn_dyn_cos_loss: 0.00114, dyn_sta_cos_loss: 0.00144, total_cos_loss : 0.00129, vocab_cro_loss : 1.27929, 
epoch 137 summary: dyn_dyn_cos_loss: 0.00000, dyn_sta_cos_loss: 0.00000, total_cos_loss : 0.00000, vocab_cro_loss : 1.28855, 
epoch 138 summary: dyn_dyn_cos_loss: 0.00111, dyn_sta_cos_loss: 0.00142, total_cos_loss : 0.00127, vocab_cro_loss : 1.28519, 
epoch 139 summary: dyn_dyn_cos_loss: 0.00000, dyn_sta_cos_loss: 0.00000, total_cos_loss : 0.00000, vocab_cro_loss : 1.28847, 
epoch 140 summary: dyn_dyn_cos_loss: 0.00109, dyn_sta_cos_loss: 0.00144, total_cos_loss : 0.00127, vocab_cro_loss : 1.28596, 
train loss: 1.2834, train acc: 0.6221
epoch 141 summary: dyn_dyn_cos_loss: 0.00000, dyn_sta_cos_loss: 0.00000, total_cos_loss : 0.00000, vocab_cro_loss : 1.28334, 
epoch 142 summary: dyn_dyn_cos_loss: 0.00108, dyn_sta_cos_loss: 0.00146, total_cos_loss : 0.00127, vocab_cro_loss : 1.28436, 
epoch 143 summary: dyn_dyn_cos_loss: 0.00000, dyn_sta_cos_loss: 0.00000, total_cos_loss : 0.00000, vocab_cro_loss : 1.28052, 
epoch 144 summary: dyn_dyn_cos_loss: 0.00107, dyn_sta_cos_loss: 0.00145, total_cos_loss : 0.00126, vocab_cro_loss : 1.27636, 
epoch 145 summary: dyn_dyn_cos_loss: 0.00000, dyn_sta_cos_loss: 0.00000, total_cos_loss : 0.00000, vocab_cro_loss : 1.28258, 
epoch 146 summary: dyn_dyn_cos_loss: 0.00107, dyn_sta_cos_loss: 0.00143, total_cos_loss : 0.00125, vocab_cro_loss : 1.27680, 
epoch 147 summary: dyn_dyn_cos_loss: 0.00000, dyn_sta_cos_loss: 0.00000, total_cos_loss : 0.00000, vocab_cro_loss : 1.28102, 
epoch 148 summary: dyn_dyn_cos_loss: 0.00106, dyn_sta_cos_loss: 0.00141, total_cos_loss : 0.00124, vocab_cro_loss : 1.27705, 
epoch 149 summary: dyn_dyn_cos_loss: 0.00000, dyn_sta_cos_loss: 0.00000, total_cos_loss : 0.00000, vocab_cro_loss : 1.28475, 
epoch 150 summary: dyn_dyn_cos_loss: 0.00113, dyn_sta_cos_loss: 0.00145, total_cos_loss : 0.00129, vocab_cro_loss : 1.27769, 
train loss: 1.2788, train acc: 0.6211
epoch 151 summary: dyn_dyn_cos_loss: 0.00000, dyn_sta_cos_loss: 0.00000, total_cos_loss : 0.00000, vocab_cro_loss : 1.27874, 
epoch 152 summary: dyn_dyn_cos_loss: 0.00111, dyn_sta_cos_loss: 0.00145, total_cos_loss : 0.00128, vocab_cro_loss : 1.27939, 
epoch 153 summary: dyn_dyn_cos_loss: 0.00000, dyn_sta_cos_loss: 0.00000, total_cos_loss : 0.00000, vocab_cro_loss : 1.28209, 
epoch 154 summary: dyn_dyn_cos_loss: 0.00110, dyn_sta_cos_loss: 0.00144, total_cos_loss : 0.00127, vocab_cro_loss : 1.28360, 
epoch 155 summary: dyn_dyn_cos_loss: 0.00000, dyn_sta_cos_loss: 0.00000, total_cos_loss : 0.00000, vocab_cro_loss : 1.28072, 
epoch 156 summary: dyn_dyn_cos_loss: 0.00108, dyn_sta_cos_loss: 0.00146, total_cos_loss : 0.00127, vocab_cro_loss : 1.27637, 
epoch 157 summary: dyn_dyn_cos_loss: 0.00000, dyn_sta_cos_loss: 0.00000, total_cos_loss : 0.00000, vocab_cro_loss : 1.27946, 
epoch 158 summary: dyn_dyn_cos_loss: 0.00108, dyn_sta_cos_loss: 0.00145, total_cos_loss : 0.00126, vocab_cro_loss : 1.27600, 
epoch 159 summary: dyn_dyn_cos_loss: 0.00000, dyn_sta_cos_loss: 0.00000, total_cos_loss : 0.00000, vocab_cro_loss : 1.27601, 
epoch 160 summary: dyn_dyn_cos_loss: 0.00107, dyn_sta_cos_loss: 0.00145, total_cos_loss : 0.00126, vocab_cro_loss : 1.27254, 
train loss: 1.2731, train acc: 0.6252
epoch 161 summary: dyn_dyn_cos_loss: 0.00000, dyn_sta_cos_loss: 0.00000, total_cos_loss : 0.00000, vocab_cro_loss : 1.27308, 
epoch 162 summary: dyn_dyn_cos_loss: 0.00107, dyn_sta_cos_loss: 0.00146, total_cos_loss : 0.00127, vocab_cro_loss : 1.27405, 
epoch 163 summary: dyn_dyn_cos_loss: 0.00000, dyn_sta_cos_loss: 0.00000, total_cos_loss : 0.00000, vocab_cro_loss : 1.27282, 
epoch 164 summary: dyn_dyn_cos_loss: 0.00107, dyn_sta_cos_loss: 0.00146, total_cos_loss : 0.00126, vocab_cro_loss : 1.26743, 
epoch 165 summary: dyn_dyn_cos_loss: 0.00000, dyn_sta_cos_loss: 0.00000, total_cos_loss : 0.00000, vocab_cro_loss : 1.27548, 
epoch 166 summary: dyn_dyn_cos_loss: 0.00113, dyn_sta_cos_loss: 0.00146, total_cos_loss : 0.00129, vocab_cro_loss : 1.27531, 
epoch 167 summary: dyn_dyn_cos_loss: 0.00000, dyn_sta_cos_loss: 0.00000, total_cos_loss : 0.00000, vocab_cro_loss : 1.28092, 
epoch 168 summary: dyn_dyn_cos_loss: 0.00110, dyn_sta_cos_loss: 0.00145, total_cos_loss : 0.00128, vocab_cro_loss : 1.28696, 
epoch 169 summary: dyn_dyn_cos_loss: 0.00000, dyn_sta_cos_loss: 0.00000, total_cos_loss : 0.00000, vocab_cro_loss : 1.29504, 
epoch 170 summary: dyn_dyn_cos_loss: 0.00109, dyn_sta_cos_loss: 0.00153, total_cos_loss : 0.00131, vocab_cro_loss : 1.28469, 
train loss: 1.2839, train acc: 0.6255
epoch 171 summary: dyn_dyn_cos_loss: 0.00000, dyn_sta_cos_loss: 0.00000, total_cos_loss : 0.00000, vocab_cro_loss : 1.28384, 
epoch 172 summary: dyn_dyn_cos_loss: 0.00108, dyn_sta_cos_loss: 0.00152, total_cos_loss : 0.00130, vocab_cro_loss : 1.27937, 
epoch 173 summary: dyn_dyn_cos_loss: 0.00000, dyn_sta_cos_loss: 0.00000, total_cos_loss : 0.00000, vocab_cro_loss : 1.27675, 
epoch 174 summary: dyn_dyn_cos_loss: 0.00107, dyn_sta_cos_loss: 0.00148, total_cos_loss : 0.00128, vocab_cro_loss : 1.27345, 
epoch 175 summary: dyn_dyn_cos_loss: 0.00000, dyn_sta_cos_loss: 0.00000, total_cos_loss : 0.00000, vocab_cro_loss : 1.27647, 
epoch 176 summary: dyn_dyn_cos_loss: 0.00106, dyn_sta_cos_loss: 0.00147, total_cos_loss : 0.00127, vocab_cro_loss : 1.27495, 
epoch 177 summary: dyn_dyn_cos_loss: 0.00000, dyn_sta_cos_loss: 0.00000, total_cos_loss : 0.00000, vocab_cro_loss : 1.27419, 
epoch 178 summary: dyn_dyn_cos_loss: 0.00105, dyn_sta_cos_loss: 0.00148, total_cos_loss : 0.00126, vocab_cro_loss : 1.27637, 
epoch 179 summary: dyn_dyn_cos_loss: 0.00000, dyn_sta_cos_loss: 0.00000, total_cos_loss : 0.00000, vocab_cro_loss : 1.27610, 
epoch 180 summary: dyn_dyn_cos_loss: 0.00112, dyn_sta_cos_loss: 0.00147, total_cos_loss : 0.00130, vocab_cro_loss : 1.27659, 
train loss: 1.2801, train acc: 0.6230
epoch 181 summary: dyn_dyn_cos_loss: 0.00000, dyn_sta_cos_loss: 0.00000, total_cos_loss : 0.00000, vocab_cro_loss : 1.28000, 
epoch 182 summary: dyn_dyn_cos_loss: 0.00110, dyn_sta_cos_loss: 0.00147, total_cos_loss : 0.00129, vocab_cro_loss : 1.27216, 
epoch 183 summary: dyn_dyn_cos_loss: 0.00000, dyn_sta_cos_loss: 0.00000, total_cos_loss : 0.00000, vocab_cro_loss : 1.27847, 
epoch 184 summary: dyn_dyn_cos_loss: 0.00108, dyn_sta_cos_loss: 0.00147, total_cos_loss : 0.00127, vocab_cro_loss : 1.26837, 
epoch 185 summary: dyn_dyn_cos_loss: 0.00000, dyn_sta_cos_loss: 0.00000, total_cos_loss : 0.00000, vocab_cro_loss : 1.26361, 
epoch 186 summary: dyn_dyn_cos_loss: 0.00107, dyn_sta_cos_loss: 0.00147, total_cos_loss : 0.00127, vocab_cro_loss : 1.25995, 
epoch 187 summary: dyn_dyn_cos_loss: 0.00000, dyn_sta_cos_loss: 0.00000, total_cos_loss : 0.00000, vocab_cro_loss : 1.26946, 
epoch 188 summary: dyn_dyn_cos_loss: 0.00106, dyn_sta_cos_loss: 0.00146, total_cos_loss : 0.00126, vocab_cro_loss : 1.26499, 
epoch 189 summary: dyn_dyn_cos_loss: 0.00000, dyn_sta_cos_loss: 0.00000, total_cos_loss : 0.00000, vocab_cro_loss : 1.26926, 
epoch 190 summary: dyn_dyn_cos_loss: 0.00105, dyn_sta_cos_loss: 0.00146, total_cos_loss : 0.00126, vocab_cro_loss : 1.26645, 
train loss: 1.2655, train acc: 0.6221
epoch 191 summary: dyn_dyn_cos_loss: 0.00000, dyn_sta_cos_loss: 0.00000, total_cos_loss : 0.00000, vocab_cro_loss : 1.26548, 
epoch 192 summary: dyn_dyn_cos_loss: 0.00105, dyn_sta_cos_loss: 0.00145, total_cos_loss : 0.00125, vocab_cro_loss : 1.26221, 
epoch 193 summary: dyn_dyn_cos_loss: 0.00000, dyn_sta_cos_loss: 0.00000, total_cos_loss : 0.00000, vocab_cro_loss : 1.26346, 
epoch 194 summary: dyn_dyn_cos_loss: 0.00104, dyn_sta_cos_loss: 0.00145, total_cos_loss : 0.00125, vocab_cro_loss : 1.26022, 
epoch 195 summary: dyn_dyn_cos_loss: 0.00000, dyn_sta_cos_loss: 0.00000, total_cos_loss : 0.00000, vocab_cro_loss : 1.26007, 
epoch 196 summary: dyn_dyn_cos_loss: 0.00112, dyn_sta_cos_loss: 0.00145, total_cos_loss : 0.00129, vocab_cro_loss : 1.25756, 
epoch 197 summary: dyn_dyn_cos_loss: 0.00000, dyn_sta_cos_loss: 0.00000, total_cos_loss : 0.00000, vocab_cro_loss : 1.25896, 
epoch 198 summary: dyn_dyn_cos_loss: 0.00110, dyn_sta_cos_loss: 0.00145, total_cos_loss : 0.00127, vocab_cro_loss : 1.25262, 
epoch 199 summary: dyn_dyn_cos_loss: 0.00000, dyn_sta_cos_loss: 0.00000, total_cos_loss : 0.00000, vocab_cro_loss : 1.25796, 
train loss: 1.2549, train acc: 0.6248
all                         340703.283ms
all_epoch                   335738.359ms
all_preparation               4964.895ms
all_preparation_2             4962.403ms
all_preparation_3                2.465ms
epoch                         1546.270ms
epoch_pos_train                  5.194ms
epoch_preparation               18.382ms
epoch_train                   1499.347ms
epoch_valid                     20.109ms
----------------------------------------
all                         340703.283ms
  all_epoch             98.54%
  all_preparation        1.46%
all_preparation               4964.895ms
  all_preparation_2     99.95%
  all_preparation_3      0.05%
epoch                       309254.005ms
  epoch_train           96.97%
  epoch_valid            1.30%
  epoch_preparation      1.19%
  epoch_pos_train        0.34%
epoch   0 summary: dyn_dyn_cos_loss: 0.02108, dyn_sta_cos_loss: 0.00689, total_cos_loss : 0.01399, 
valid loss: 3.7190, valid acc: 0.1113
epoch   1 summary: dyn_dyn_cos_loss: 0.01548, dyn_sta_cos_loss: 0.00549, total_cos_loss : 0.01048, 
epoch   2 summary: dyn_dyn_cos_loss: 0.01132, dyn_sta_cos_loss: 0.00445, total_cos_loss : 0.00789, 
epoch   3 summary: dyn_dyn_cos_loss: 0.00846, dyn_sta_cos_loss: 0.00367, total_cos_loss : 0.00606, 
epoch   4 summary: dyn_dyn_cos_loss: 0.00622, dyn_sta_cos_loss: 0.00311, total_cos_loss : 0.00467, 
epoch   5 summary: dyn_dyn_cos_loss: 0.00471, dyn_sta_cos_loss: 0.00270, total_cos_loss : 0.00371, 
epoch   6 summary: dyn_dyn_cos_loss: 0.00361, dyn_sta_cos_loss: 0.00238, total_cos_loss : 0.00300, 
epoch   7 summary: dyn_dyn_cos_loss: 0.00287, dyn_sta_cos_loss: 0.00213, total_cos_loss : 0.00250, 
epoch   8 summary: dyn_dyn_cos_loss: 0.00238, dyn_sta_cos_loss: 0.00196, total_cos_loss : 0.00217, 
epoch   9 summary: dyn_dyn_cos_loss: 0.00199, dyn_sta_cos_loss: 0.00183, total_cos_loss : 0.00191, 
epoch  10 summary: dyn_dyn_cos_loss: 0.00169, dyn_sta_cos_loss: 0.00173, total_cos_loss : 0.00171, 
valid loss: 1.8404, valid acc: 0.5098
epoch  11 summary: dyn_dyn_cos_loss: 0.00155, dyn_sta_cos_loss: 0.00166, total_cos_loss : 0.00160, 
epoch  12 summary: dyn_dyn_cos_loss: 0.00143, dyn_sta_cos_loss: 0.00161, total_cos_loss : 0.00152, 
epoch  13 summary: dyn_dyn_cos_loss: 0.00132, dyn_sta_cos_loss: 0.00156, total_cos_loss : 0.00144, 
epoch  14 summary: dyn_dyn_cos_loss: 0.00127, dyn_sta_cos_loss: 0.00153, total_cos_loss : 0.00140, 
epoch  15 summary: dyn_dyn_cos_loss: 0.00134, dyn_sta_cos_loss: 0.00151, total_cos_loss : 0.00143, 
epoch  16 summary: dyn_dyn_cos_loss: 0.00127, dyn_sta_cos_loss: 0.00149, total_cos_loss : 0.00138, 
epoch  17 summary: dyn_dyn_cos_loss: 0.00122, dyn_sta_cos_loss: 0.00147, total_cos_loss : 0.00134, 
epoch  18 summary: dyn_dyn_cos_loss: 0.00117, dyn_sta_cos_loss: 0.00145, total_cos_loss : 0.00131, 
epoch  19 summary: dyn_dyn_cos_loss: 0.00114, dyn_sta_cos_loss: 0.00144, total_cos_loss : 0.00129, 
epoch  20 summary: dyn_dyn_cos_loss: 0.00111, dyn_sta_cos_loss: 0.00142, total_cos_loss : 0.00127, 
valid loss: 1.7193, valid acc: 0.5176
epoch  21 summary: dyn_dyn_cos_loss: 0.00110, dyn_sta_cos_loss: 0.00141, total_cos_loss : 0.00125, 
epoch  22 summary: dyn_dyn_cos_loss: 0.00108, dyn_sta_cos_loss: 0.00140, total_cos_loss : 0.00124, 
epoch  23 summary: dyn_dyn_cos_loss: 0.00106, dyn_sta_cos_loss: 0.00140, total_cos_loss : 0.00123, 
epoch  24 summary: dyn_dyn_cos_loss: 0.00106, dyn_sta_cos_loss: 0.00139, total_cos_loss : 0.00122, 
epoch  25 summary: dyn_dyn_cos_loss: 0.00105, dyn_sta_cos_loss: 0.00138, total_cos_loss : 0.00122, 
epoch  26 summary: dyn_dyn_cos_loss: 0.00104, dyn_sta_cos_loss: 0.00138, total_cos_loss : 0.00121, 
epoch  27 summary: dyn_dyn_cos_loss: 0.00104, dyn_sta_cos_loss: 0.00137, total_cos_loss : 0.00121, 
epoch  28 summary: dyn_dyn_cos_loss: 0.00104, dyn_sta_cos_loss: 0.00137, total_cos_loss : 0.00120, 
epoch  29 summary: dyn_dyn_cos_loss: 0.00103, dyn_sta_cos_loss: 0.00137, total_cos_loss : 0.00120, 
epoch  30 summary: dyn_dyn_cos_loss: 0.00116, dyn_sta_cos_loss: 0.00137, total_cos_loss : 0.00127, 
valid loss: 1.6907, valid acc: 0.5234
epoch  31 summary: dyn_dyn_cos_loss: 0.00114, dyn_sta_cos_loss: 0.00137, total_cos_loss : 0.00125, 
epoch  32 summary: dyn_dyn_cos_loss: 0.00111, dyn_sta_cos_loss: 0.00137, total_cos_loss : 0.00124, 
epoch  33 summary: dyn_dyn_cos_loss: 0.00109, dyn_sta_cos_loss: 0.00137, total_cos_loss : 0.00123, 
epoch  34 summary: dyn_dyn_cos_loss: 0.00108, dyn_sta_cos_loss: 0.00137, total_cos_loss : 0.00122, 
epoch  35 summary: dyn_dyn_cos_loss: 0.00107, dyn_sta_cos_loss: 0.00136, total_cos_loss : 0.00122, 
epoch  36 summary: dyn_dyn_cos_loss: 0.00106, dyn_sta_cos_loss: 0.00136, total_cos_loss : 0.00121, 
epoch  37 summary: dyn_dyn_cos_loss: 0.00105, dyn_sta_cos_loss: 0.00136, total_cos_loss : 0.00121, 
epoch  38 summary: dyn_dyn_cos_loss: 0.00105, dyn_sta_cos_loss: 0.00136, total_cos_loss : 0.00120, 
epoch  39 summary: dyn_dyn_cos_loss: 0.00105, dyn_sta_cos_loss: 0.00136, total_cos_loss : 0.00120, 
epoch  40 summary: dyn_dyn_cos_loss: 0.00104, dyn_sta_cos_loss: 0.00136, total_cos_loss : 0.00120, 
valid loss: 1.6810, valid acc: 0.5273
epoch  41 summary: dyn_dyn_cos_loss: 0.00104, dyn_sta_cos_loss: 0.00135, total_cos_loss : 0.00119, 
epoch  42 summary: dyn_dyn_cos_loss: 0.00103, dyn_sta_cos_loss: 0.00135, total_cos_loss : 0.00119, 
epoch  43 summary: dyn_dyn_cos_loss: 0.00103, dyn_sta_cos_loss: 0.00135, total_cos_loss : 0.00119, 
epoch  44 summary: dyn_dyn_cos_loss: 0.00103, dyn_sta_cos_loss: 0.00135, total_cos_loss : 0.00119, 
epoch  45 summary: dyn_dyn_cos_loss: 0.00114, dyn_sta_cos_loss: 0.00135, total_cos_loss : 0.00124, 
epoch  46 summary: dyn_dyn_cos_loss: 0.00111, dyn_sta_cos_loss: 0.00135, total_cos_loss : 0.00123, 
epoch  47 summary: dyn_dyn_cos_loss: 0.00109, dyn_sta_cos_loss: 0.00135, total_cos_loss : 0.00122, 
epoch  48 summary: dyn_dyn_cos_loss: 0.00108, dyn_sta_cos_loss: 0.00135, total_cos_loss : 0.00121, 
epoch  49 summary: dyn_dyn_cos_loss: 0.00107, dyn_sta_cos_loss: 0.00135, total_cos_loss : 0.00121, 
epoch  50 summary: dyn_dyn_cos_loss: 0.00106, dyn_sta_cos_loss: 0.00134, total_cos_loss : 0.00120, 
valid loss: 1.6600, valid acc: 0.5195
epoch  51 summary: dyn_dyn_cos_loss: 0.00105, dyn_sta_cos_loss: 0.00134, total_cos_loss : 0.00120, 
epoch  52 summary: dyn_dyn_cos_loss: 0.00105, dyn_sta_cos_loss: 0.00134, total_cos_loss : 0.00120, 
epoch  53 summary: dyn_dyn_cos_loss: 0.00104, dyn_sta_cos_loss: 0.00134, total_cos_loss : 0.00119, 
epoch  54 summary: dyn_dyn_cos_loss: 0.00104, dyn_sta_cos_loss: 0.00134, total_cos_loss : 0.00119, 
epoch  55 summary: dyn_dyn_cos_loss: 0.00104, dyn_sta_cos_loss: 0.00134, total_cos_loss : 0.00119, 
epoch  56 summary: dyn_dyn_cos_loss: 0.00104, dyn_sta_cos_loss: 0.00134, total_cos_loss : 0.00119, 
epoch  57 summary: dyn_dyn_cos_loss: 0.00103, dyn_sta_cos_loss: 0.00134, total_cos_loss : 0.00119, 
epoch  58 summary: dyn_dyn_cos_loss: 0.00103, dyn_sta_cos_loss: 0.00134, total_cos_loss : 0.00118, 
epoch  59 summary: dyn_dyn_cos_loss: 0.00103, dyn_sta_cos_loss: 0.00134, total_cos_loss : 0.00118, 
epoch  60 summary: dyn_dyn_cos_loss: 0.00113, dyn_sta_cos_loss: 0.00134, total_cos_loss : 0.00124, 
valid loss: 1.6445, valid acc: 0.5312
epoch  61 summary: dyn_dyn_cos_loss: 0.00111, dyn_sta_cos_loss: 0.00134, total_cos_loss : 0.00123, 
epoch  62 summary: dyn_dyn_cos_loss: 0.00109, dyn_sta_cos_loss: 0.00134, total_cos_loss : 0.00122, 
epoch  63 summary: dyn_dyn_cos_loss: 0.00107, dyn_sta_cos_loss: 0.00134, total_cos_loss : 0.00121, 
epoch  64 summary: dyn_dyn_cos_loss: 0.00106, dyn_sta_cos_loss: 0.00135, total_cos_loss : 0.00120, 
epoch  65 summary: dyn_dyn_cos_loss: 0.00105, dyn_sta_cos_loss: 0.00135, total_cos_loss : 0.00120, 
epoch  66 summary: dyn_dyn_cos_loss: 0.00104, dyn_sta_cos_loss: 0.00134, total_cos_loss : 0.00119, 
epoch  67 summary: dyn_dyn_cos_loss: 0.00104, dyn_sta_cos_loss: 0.00134, total_cos_loss : 0.00119, 
epoch  68 summary: dyn_dyn_cos_loss: 0.00103, dyn_sta_cos_loss: 0.00134, total_cos_loss : 0.00119, 
epoch  69 summary: dyn_dyn_cos_loss: 0.00103, dyn_sta_cos_loss: 0.00134, total_cos_loss : 0.00119, 
epoch  70 summary: dyn_dyn_cos_loss: 0.00103, dyn_sta_cos_loss: 0.00134, total_cos_loss : 0.00118, 
valid loss: 1.6628, valid acc: 0.5332
epoch  71 summary: dyn_dyn_cos_loss: 0.00103, dyn_sta_cos_loss: 0.00134, total_cos_loss : 0.00118, 
epoch  72 summary: dyn_dyn_cos_loss: 0.00103, dyn_sta_cos_loss: 0.00134, total_cos_loss : 0.00118, 
epoch  73 summary: dyn_dyn_cos_loss: 0.00102, dyn_sta_cos_loss: 0.00134, total_cos_loss : 0.00118, 
epoch  74 summary: dyn_dyn_cos_loss: 0.00102, dyn_sta_cos_loss: 0.00134, total_cos_loss : 0.00118, 
epoch  75 summary: dyn_dyn_cos_loss: 0.00114, dyn_sta_cos_loss: 0.00134, total_cos_loss : 0.00124, 
epoch  76 summary: dyn_dyn_cos_loss: 0.00111, dyn_sta_cos_loss: 0.00134, total_cos_loss : 0.00123, 
epoch  77 summary: dyn_dyn_cos_loss: 0.00109, dyn_sta_cos_loss: 0.00135, total_cos_loss : 0.00122, 
epoch  78 summary: dyn_dyn_cos_loss: 0.00107, dyn_sta_cos_loss: 0.00135, total_cos_loss : 0.00121, 
epoch  79 summary: dyn_dyn_cos_loss: 0.00106, dyn_sta_cos_loss: 0.00135, total_cos_loss : 0.00121, 
epoch  80 summary: dyn_dyn_cos_loss: 0.00106, dyn_sta_cos_loss: 0.00134, total_cos_loss : 0.00120, 
valid loss: 1.6638, valid acc: 0.5332
epoch  81 summary: dyn_dyn_cos_loss: 0.00105, dyn_sta_cos_loss: 0.00134, total_cos_loss : 0.00120, 
epoch  82 summary: dyn_dyn_cos_loss: 0.00105, dyn_sta_cos_loss: 0.00134, total_cos_loss : 0.00119, 
epoch  83 summary: dyn_dyn_cos_loss: 0.00104, dyn_sta_cos_loss: 0.00134, total_cos_loss : 0.00119, 
epoch  84 summary: dyn_dyn_cos_loss: 0.00104, dyn_sta_cos_loss: 0.00134, total_cos_loss : 0.00119, 
epoch  85 summary: dyn_dyn_cos_loss: 0.00103, dyn_sta_cos_loss: 0.00134, total_cos_loss : 0.00119, 
epoch  86 summary: dyn_dyn_cos_loss: 0.00103, dyn_sta_cos_loss: 0.00134, total_cos_loss : 0.00118, 
epoch  87 summary: dyn_dyn_cos_loss: 0.00103, dyn_sta_cos_loss: 0.00134, total_cos_loss : 0.00118, 
epoch  88 summary: dyn_dyn_cos_loss: 0.00102, dyn_sta_cos_loss: 0.00134, total_cos_loss : 0.00118, 
epoch  89 summary: dyn_dyn_cos_loss: 0.00102, dyn_sta_cos_loss: 0.00134, total_cos_loss : 0.00118, 
epoch  90 summary: dyn_dyn_cos_loss: 0.00113, dyn_sta_cos_loss: 0.00134, total_cos_loss : 0.00123, 
valid loss: 1.6736, valid acc: 0.5293
epoch  91 summary: dyn_dyn_cos_loss: 0.00111, dyn_sta_cos_loss: 0.00134, total_cos_loss : 0.00122, 
epoch  92 summary: dyn_dyn_cos_loss: 0.00109, dyn_sta_cos_loss: 0.00134, total_cos_loss : 0.00121, 
epoch  93 summary: dyn_dyn_cos_loss: 0.00107, dyn_sta_cos_loss: 0.00134, total_cos_loss : 0.00121, 
epoch  94 summary: dyn_dyn_cos_loss: 0.00106, dyn_sta_cos_loss: 0.00134, total_cos_loss : 0.00120, 
epoch  95 summary: dyn_dyn_cos_loss: 0.00105, dyn_sta_cos_loss: 0.00134, total_cos_loss : 0.00120, 
epoch  96 summary: dyn_dyn_cos_loss: 0.00104, dyn_sta_cos_loss: 0.00134, total_cos_loss : 0.00119, 
epoch  97 summary: dyn_dyn_cos_loss: 0.00104, dyn_sta_cos_loss: 0.00134, total_cos_loss : 0.00119, 
epoch  98 summary: dyn_dyn_cos_loss: 0.00103, dyn_sta_cos_loss: 0.00134, total_cos_loss : 0.00119, 
epoch  99 summary: dyn_dyn_cos_loss: 0.00103, dyn_sta_cos_loss: 0.00134, total_cos_loss : 0.00118, 
epoch 100 summary: dyn_dyn_cos_loss: 0.00103, dyn_sta_cos_loss: 0.00134, total_cos_loss : 0.00118, 
valid loss: 1.6558, valid acc: 0.5488
epoch 101 summary: dyn_dyn_cos_loss: 0.00103, dyn_sta_cos_loss: 0.00134, total_cos_loss : 0.00118, 
epoch 102 summary: dyn_dyn_cos_loss: 0.00102, dyn_sta_cos_loss: 0.00134, total_cos_loss : 0.00118, 
epoch 103 summary: dyn_dyn_cos_loss: 0.00102, dyn_sta_cos_loss: 0.00134, total_cos_loss : 0.00118, 
epoch 104 summary: dyn_dyn_cos_loss: 0.00102, dyn_sta_cos_loss: 0.00134, total_cos_loss : 0.00118, 
epoch 105 summary: dyn_dyn_cos_loss: 0.00115, dyn_sta_cos_loss: 0.00134, total_cos_loss : 0.00124, 
epoch 106 summary: dyn_dyn_cos_loss: 0.00112, dyn_sta_cos_loss: 0.00134, total_cos_loss : 0.00123, 
epoch 107 summary: dyn_dyn_cos_loss: 0.00109, dyn_sta_cos_loss: 0.00135, total_cos_loss : 0.00122, 
epoch 108 summary: dyn_dyn_cos_loss: 0.00108, dyn_sta_cos_loss: 0.00134, total_cos_loss : 0.00121, 
epoch 109 summary: dyn_dyn_cos_loss: 0.00107, dyn_sta_cos_loss: 0.00134, total_cos_loss : 0.00121, 
epoch 110 summary: dyn_dyn_cos_loss: 0.00106, dyn_sta_cos_loss: 0.00134, total_cos_loss : 0.00120, 
valid loss: 1.6557, valid acc: 0.5215
epoch 111 summary: dyn_dyn_cos_loss: 0.00105, dyn_sta_cos_loss: 0.00134, total_cos_loss : 0.00120, 
epoch 112 summary: dyn_dyn_cos_loss: 0.00105, dyn_sta_cos_loss: 0.00134, total_cos_loss : 0.00120, 
epoch 113 summary: dyn_dyn_cos_loss: 0.00105, dyn_sta_cos_loss: 0.00134, total_cos_loss : 0.00119, 
epoch 114 summary: dyn_dyn_cos_loss: 0.00104, dyn_sta_cos_loss: 0.00134, total_cos_loss : 0.00119, 
epoch 115 summary: dyn_dyn_cos_loss: 0.00104, dyn_sta_cos_loss: 0.00134, total_cos_loss : 0.00119, 
epoch 116 summary: dyn_dyn_cos_loss: 0.00104, dyn_sta_cos_loss: 0.00134, total_cos_loss : 0.00119, 
epoch 117 summary: dyn_dyn_cos_loss: 0.00104, dyn_sta_cos_loss: 0.00134, total_cos_loss : 0.00119, 
epoch 118 summary: dyn_dyn_cos_loss: 0.00104, dyn_sta_cos_loss: 0.00133, total_cos_loss : 0.00119, 
epoch 119 summary: dyn_dyn_cos_loss: 0.00104, dyn_sta_cos_loss: 0.00133, total_cos_loss : 0.00118, 
epoch 120 summary: dyn_dyn_cos_loss: 0.00113, dyn_sta_cos_loss: 0.00133, total_cos_loss : 0.00123, 
valid loss: 1.6474, valid acc: 0.5332
epoch 121 summary: dyn_dyn_cos_loss: 0.00110, dyn_sta_cos_loss: 0.00134, total_cos_loss : 0.00122, 
epoch 122 summary: dyn_dyn_cos_loss: 0.00108, dyn_sta_cos_loss: 0.00134, total_cos_loss : 0.00121, 
epoch 123 summary: dyn_dyn_cos_loss: 0.00106, dyn_sta_cos_loss: 0.00134, total_cos_loss : 0.00120, 
epoch 124 summary: dyn_dyn_cos_loss: 0.00105, dyn_sta_cos_loss: 0.00134, total_cos_loss : 0.00120, 
epoch 125 summary: dyn_dyn_cos_loss: 0.00104, dyn_sta_cos_loss: 0.00134, total_cos_loss : 0.00119, 
epoch 126 summary: dyn_dyn_cos_loss: 0.00104, dyn_sta_cos_loss: 0.00134, total_cos_loss : 0.00119, 
epoch 127 summary: dyn_dyn_cos_loss: 0.00103, dyn_sta_cos_loss: 0.00134, total_cos_loss : 0.00118, 
epoch 128 summary: dyn_dyn_cos_loss: 0.00103, dyn_sta_cos_loss: 0.00133, total_cos_loss : 0.00118, 
epoch 129 summary: dyn_dyn_cos_loss: 0.00102, dyn_sta_cos_loss: 0.00133, total_cos_loss : 0.00118, 
epoch 130 summary: dyn_dyn_cos_loss: 0.00102, dyn_sta_cos_loss: 0.00133, total_cos_loss : 0.00118, 
valid loss: 1.6472, valid acc: 0.5410
epoch 131 summary: dyn_dyn_cos_loss: 0.00102, dyn_sta_cos_loss: 0.00133, total_cos_loss : 0.00118, 
epoch 132 summary: dyn_dyn_cos_loss: 0.00102, dyn_sta_cos_loss: 0.00133, total_cos_loss : 0.00118, 
epoch 133 summary: dyn_dyn_cos_loss: 0.00102, dyn_sta_cos_loss: 0.00133, total_cos_loss : 0.00117, 
epoch 134 summary: dyn_dyn_cos_loss: 0.00102, dyn_sta_cos_loss: 0.00133, total_cos_loss : 0.00117, 
epoch 135 summary: dyn_dyn_cos_loss: 0.00111, dyn_sta_cos_loss: 0.00133, total_cos_loss : 0.00122, 
epoch 136 summary: dyn_dyn_cos_loss: 0.00108, dyn_sta_cos_loss: 0.00134, total_cos_loss : 0.00121, 
epoch 137 summary: dyn_dyn_cos_loss: 0.00106, dyn_sta_cos_loss: 0.00134, total_cos_loss : 0.00120, 
epoch 138 summary: dyn_dyn_cos_loss: 0.00105, dyn_sta_cos_loss: 0.00134, total_cos_loss : 0.00119, 
epoch 139 summary: dyn_dyn_cos_loss: 0.00104, dyn_sta_cos_loss: 0.00134, total_cos_loss : 0.00119, 
epoch 140 summary: dyn_dyn_cos_loss: 0.00103, dyn_sta_cos_loss: 0.00134, total_cos_loss : 0.00118, 
valid loss: 1.6374, valid acc: 0.5469
epoch 141 summary: dyn_dyn_cos_loss: 0.00103, dyn_sta_cos_loss: 0.00134, total_cos_loss : 0.00118, 
epoch 142 summary: dyn_dyn_cos_loss: 0.00102, dyn_sta_cos_loss: 0.00133, total_cos_loss : 0.00118, 
epoch 143 summary: dyn_dyn_cos_loss: 0.00102, dyn_sta_cos_loss: 0.00133, total_cos_loss : 0.00118, 
epoch 144 summary: dyn_dyn_cos_loss: 0.00102, dyn_sta_cos_loss: 0.00133, total_cos_loss : 0.00117, 
epoch 145 summary: dyn_dyn_cos_loss: 0.00101, dyn_sta_cos_loss: 0.00133, total_cos_loss : 0.00117, 
epoch 146 summary: dyn_dyn_cos_loss: 0.00101, dyn_sta_cos_loss: 0.00133, total_cos_loss : 0.00117, 
epoch 147 summary: dyn_dyn_cos_loss: 0.00101, dyn_sta_cos_loss: 0.00133, total_cos_loss : 0.00117, 
epoch 148 summary: dyn_dyn_cos_loss: 0.00101, dyn_sta_cos_loss: 0.00133, total_cos_loss : 0.00117, 
epoch 149 summary: dyn_dyn_cos_loss: 0.00101, dyn_sta_cos_loss: 0.00133, total_cos_loss : 0.00117, 
epoch 150 summary: dyn_dyn_cos_loss: 0.00112, dyn_sta_cos_loss: 0.00133, total_cos_loss : 0.00123, 
valid loss: 1.6104, valid acc: 0.5488
epoch 151 summary: dyn_dyn_cos_loss: 0.00110, dyn_sta_cos_loss: 0.00133, total_cos_loss : 0.00121, 
epoch 152 summary: dyn_dyn_cos_loss: 0.00108, dyn_sta_cos_loss: 0.00134, total_cos_loss : 0.00121, 
epoch 153 summary: dyn_dyn_cos_loss: 0.00106, dyn_sta_cos_loss: 0.00134, total_cos_loss : 0.00120, 
epoch 154 summary: dyn_dyn_cos_loss: 0.00105, dyn_sta_cos_loss: 0.00134, total_cos_loss : 0.00119, 
epoch 155 summary: dyn_dyn_cos_loss: 0.00104, dyn_sta_cos_loss: 0.00134, total_cos_loss : 0.00119, 
epoch 156 summary: dyn_dyn_cos_loss: 0.00104, dyn_sta_cos_loss: 0.00133, total_cos_loss : 0.00119, 
epoch 157 summary: dyn_dyn_cos_loss: 0.00103, dyn_sta_cos_loss: 0.00133, total_cos_loss : 0.00118, 
epoch 158 summary: dyn_dyn_cos_loss: 0.00103, dyn_sta_cos_loss: 0.00133, total_cos_loss : 0.00118, 
epoch 159 summary: dyn_dyn_cos_loss: 0.00103, dyn_sta_cos_loss: 0.00133, total_cos_loss : 0.00118, 
epoch 160 summary: dyn_dyn_cos_loss: 0.00102, dyn_sta_cos_loss: 0.00133, total_cos_loss : 0.00118, 
valid loss: 1.6320, valid acc: 0.5410
epoch 161 summary: dyn_dyn_cos_loss: 0.00102, dyn_sta_cos_loss: 0.00133, total_cos_loss : 0.00118, 
epoch 162 summary: dyn_dyn_cos_loss: 0.00102, dyn_sta_cos_loss: 0.00133, total_cos_loss : 0.00117, 
epoch 163 summary: dyn_dyn_cos_loss: 0.00102, dyn_sta_cos_loss: 0.00133, total_cos_loss : 0.00117, 
epoch 164 summary: dyn_dyn_cos_loss: 0.00102, dyn_sta_cos_loss: 0.00133, total_cos_loss : 0.00117, 
epoch 165 summary: dyn_dyn_cos_loss: 0.00113, dyn_sta_cos_loss: 0.00133, total_cos_loss : 0.00123, 
epoch 166 summary: dyn_dyn_cos_loss: 0.00110, dyn_sta_cos_loss: 0.00133, total_cos_loss : 0.00122, 
epoch 167 summary: dyn_dyn_cos_loss: 0.00108, dyn_sta_cos_loss: 0.00134, total_cos_loss : 0.00121, 
epoch 168 summary: dyn_dyn_cos_loss: 0.00107, dyn_sta_cos_loss: 0.00134, total_cos_loss : 0.00120, 
epoch 169 summary: dyn_dyn_cos_loss: 0.00106, dyn_sta_cos_loss: 0.00133, total_cos_loss : 0.00120, 
epoch 170 summary: dyn_dyn_cos_loss: 0.00105, dyn_sta_cos_loss: 0.00133, total_cos_loss : 0.00119, 
valid loss: 1.6071, valid acc: 0.5410
epoch 171 summary: dyn_dyn_cos_loss: 0.00105, dyn_sta_cos_loss: 0.00133, total_cos_loss : 0.00119, 
epoch 172 summary: dyn_dyn_cos_loss: 0.00104, dyn_sta_cos_loss: 0.00133, total_cos_loss : 0.00119, 
epoch 173 summary: dyn_dyn_cos_loss: 0.00104, dyn_sta_cos_loss: 0.00133, total_cos_loss : 0.00118, 
epoch 174 summary: dyn_dyn_cos_loss: 0.00103, dyn_sta_cos_loss: 0.00133, total_cos_loss : 0.00118, 
epoch 175 summary: dyn_dyn_cos_loss: 0.00103, dyn_sta_cos_loss: 0.00133, total_cos_loss : 0.00118, 
epoch 176 summary: dyn_dyn_cos_loss: 0.00103, dyn_sta_cos_loss: 0.00133, total_cos_loss : 0.00118, 
epoch 177 summary: dyn_dyn_cos_loss: 0.00103, dyn_sta_cos_loss: 0.00133, total_cos_loss : 0.00118, 
epoch 178 summary: dyn_dyn_cos_loss: 0.00103, dyn_sta_cos_loss: 0.00133, total_cos_loss : 0.00118, 
epoch 179 summary: dyn_dyn_cos_loss: 0.00102, dyn_sta_cos_loss: 0.00133, total_cos_loss : 0.00118, 
epoch 180 summary: dyn_dyn_cos_loss: 0.00112, dyn_sta_cos_loss: 0.00133, total_cos_loss : 0.00123, 
valid loss: 1.6039, valid acc: 0.5391
epoch 181 summary: dyn_dyn_cos_loss: 0.00110, dyn_sta_cos_loss: 0.00133, total_cos_loss : 0.00122, 
epoch 182 summary: dyn_dyn_cos_loss: 0.00108, dyn_sta_cos_loss: 0.00134, total_cos_loss : 0.00121, 
epoch 183 summary: dyn_dyn_cos_loss: 0.00107, dyn_sta_cos_loss: 0.00134, total_cos_loss : 0.00120, 
epoch 184 summary: dyn_dyn_cos_loss: 0.00105, dyn_sta_cos_loss: 0.00134, total_cos_loss : 0.00119, 
epoch 185 summary: dyn_dyn_cos_loss: 0.00104, dyn_sta_cos_loss: 0.00134, total_cos_loss : 0.00119, 
epoch 186 summary: dyn_dyn_cos_loss: 0.00104, dyn_sta_cos_loss: 0.00133, total_cos_loss : 0.00119, 
epoch 187 summary: dyn_dyn_cos_loss: 0.00103, dyn_sta_cos_loss: 0.00133, total_cos_loss : 0.00118, 
epoch 188 summary: dyn_dyn_cos_loss: 0.00103, dyn_sta_cos_loss: 0.00133, total_cos_loss : 0.00118, 
epoch 189 summary: dyn_dyn_cos_loss: 0.00102, dyn_sta_cos_loss: 0.00133, total_cos_loss : 0.00118, 
epoch 190 summary: dyn_dyn_cos_loss: 0.00102, dyn_sta_cos_loss: 0.00133, total_cos_loss : 0.00118, 
valid loss: 1.6269, valid acc: 0.5430
epoch 191 summary: dyn_dyn_cos_loss: 0.00102, dyn_sta_cos_loss: 0.00133, total_cos_loss : 0.00117, 
epoch 192 summary: dyn_dyn_cos_loss: 0.00102, dyn_sta_cos_loss: 0.00133, total_cos_loss : 0.00117, 
epoch 193 summary: dyn_dyn_cos_loss: 0.00101, dyn_sta_cos_loss: 0.00133, total_cos_loss : 0.00117, 
epoch 194 summary: dyn_dyn_cos_loss: 0.00101, dyn_sta_cos_loss: 0.00133, total_cos_loss : 0.00117, 
epoch 195 summary: dyn_dyn_cos_loss: 0.00114, dyn_sta_cos_loss: 0.00133, total_cos_loss : 0.00123, 
epoch 196 summary: dyn_dyn_cos_loss: 0.00111, dyn_sta_cos_loss: 0.00134, total_cos_loss : 0.00122, 
epoch 197 summary: dyn_dyn_cos_loss: 0.00109, dyn_sta_cos_loss: 0.00134, total_cos_loss : 0.00122, 
epoch 198 summary: dyn_dyn_cos_loss: 0.00108, dyn_sta_cos_loss: 0.00134, total_cos_loss : 0.00121, 
epoch 199 summary: dyn_dyn_cos_loss: 0.00107, dyn_sta_cos_loss: 0.00134, total_cos_loss : 0.00120, 
valid loss: 1.6472, valid acc: 0.5371
all                          71163.603ms
all_epoch                    71152.821ms
all_preparation                 10.757ms
all_preparation_2                8.792ms
all_preparation_3                1.947ms
epoch                          274.221ms
epoch_pos_train                  4.941ms
epoch_preparation                0.374ms
epoch_train                    264.455ms
epoch_valid                      2.494ms
----------------------------------------
all                          71163.603ms
  all_epoch             99.98%
  all_preparation        0.02%
all_preparation                 10.757ms
  all_preparation_2     81.73%
  all_preparation_3     18.10%
epoch                        54844.293ms
  epoch_train           96.44%
  epoch_pos_train        1.80%
  epoch_valid            0.91%
  epoch_preparation      0.14%
