Before CTE Training: train eu loss: 1.0526156425476074, eval eu loss: 1.492782711982727
Before CTE Training: train eu acc: 0.6604461669921875, eval eu acc: 0.560546875
epoch   0 summary: dyn_dyn_cos_loss: 0.02332, dyn_sta_cos_loss: 0.00712, total_cos_loss : 0.01522, vocab_cro_loss : 4.49139, 
train loss: 3.8506, train acc: 0.1685
epoch   1 summary: dyn_dyn_cos_loss: 0.00000, dyn_sta_cos_loss: 0.00000, total_cos_loss : 0.00000, vocab_cro_loss : 3.85036, 
epoch   2 summary: dyn_dyn_cos_loss: 0.02232, dyn_sta_cos_loss: 0.00656, total_cos_loss : 0.01444, vocab_cro_loss : 3.77267, 
epoch   3 summary: dyn_dyn_cos_loss: 0.00000, dyn_sta_cos_loss: 0.00000, total_cos_loss : 0.00000, vocab_cro_loss : 3.05892, 
epoch   4 summary: dyn_dyn_cos_loss: 0.02085, dyn_sta_cos_loss: 0.00561, total_cos_loss : 0.01323, vocab_cro_loss : 3.00325, 
epoch   5 summary: dyn_dyn_cos_loss: 0.00000, dyn_sta_cos_loss: 0.00000, total_cos_loss : 0.00000, vocab_cro_loss : 2.60086, 
epoch   6 summary: dyn_dyn_cos_loss: 0.01852, dyn_sta_cos_loss: 0.00456, total_cos_loss : 0.01154, vocab_cro_loss : 2.58364, 
epoch   7 summary: dyn_dyn_cos_loss: 0.00000, dyn_sta_cos_loss: 0.00000, total_cos_loss : 0.00000, vocab_cro_loss : 2.35600, 
epoch   8 summary: dyn_dyn_cos_loss: 0.01567, dyn_sta_cos_loss: 0.00389, total_cos_loss : 0.00978, vocab_cro_loss : 2.32428, 
epoch   9 summary: dyn_dyn_cos_loss: 0.00000, dyn_sta_cos_loss: 0.00000, total_cos_loss : 0.00000, vocab_cro_loss : 2.17924, 
epoch  10 summary: dyn_dyn_cos_loss: 0.01288, dyn_sta_cos_loss: 0.00341, total_cos_loss : 0.00815, vocab_cro_loss : 2.15849, 
train loss: 2.0448, train acc: 0.4838
epoch  11 summary: dyn_dyn_cos_loss: 0.00000, dyn_sta_cos_loss: 0.00000, total_cos_loss : 0.00000, vocab_cro_loss : 2.04476, 
epoch  12 summary: dyn_dyn_cos_loss: 0.01052, dyn_sta_cos_loss: 0.00310, total_cos_loss : 0.00681, vocab_cro_loss : 2.04314, 
epoch  13 summary: dyn_dyn_cos_loss: 0.00000, dyn_sta_cos_loss: 0.00000, total_cos_loss : 0.00000, vocab_cro_loss : 1.93843, 
epoch  14 summary: dyn_dyn_cos_loss: 0.00854, dyn_sta_cos_loss: 0.00285, total_cos_loss : 0.00570, vocab_cro_loss : 1.93088, 
epoch  15 summary: dyn_dyn_cos_loss: 0.00000, dyn_sta_cos_loss: 0.00000, total_cos_loss : 0.00000, vocab_cro_loss : 1.85036, 
epoch  16 summary: dyn_dyn_cos_loss: 0.00755, dyn_sta_cos_loss: 0.00267, total_cos_loss : 0.00511, vocab_cro_loss : 1.84482, 
epoch  17 summary: dyn_dyn_cos_loss: 0.00000, dyn_sta_cos_loss: 0.00000, total_cos_loss : 0.00000, vocab_cro_loss : 1.78174, 
epoch  18 summary: dyn_dyn_cos_loss: 0.00620, dyn_sta_cos_loss: 0.00257, total_cos_loss : 0.00438, vocab_cro_loss : 1.77264, 
epoch  19 summary: dyn_dyn_cos_loss: 0.00000, dyn_sta_cos_loss: 0.00000, total_cos_loss : 0.00000, vocab_cro_loss : 1.71440, 
epoch  20 summary: dyn_dyn_cos_loss: 0.00513, dyn_sta_cos_loss: 0.00245, total_cos_loss : 0.00379, vocab_cro_loss : 1.71319, 
train loss: 1.6732, train acc: 0.5457
epoch  21 summary: dyn_dyn_cos_loss: 0.00000, dyn_sta_cos_loss: 0.00000, total_cos_loss : 0.00000, vocab_cro_loss : 1.67321, 
epoch  22 summary: dyn_dyn_cos_loss: 0.00430, dyn_sta_cos_loss: 0.00232, total_cos_loss : 0.00331, vocab_cro_loss : 1.66501, 
epoch  23 summary: dyn_dyn_cos_loss: 0.00000, dyn_sta_cos_loss: 0.00000, total_cos_loss : 0.00000, vocab_cro_loss : 1.62427, 
epoch  24 summary: dyn_dyn_cos_loss: 0.00367, dyn_sta_cos_loss: 0.00222, total_cos_loss : 0.00295, vocab_cro_loss : 1.61932, 
epoch  25 summary: dyn_dyn_cos_loss: 0.00000, dyn_sta_cos_loss: 0.00000, total_cos_loss : 0.00000, vocab_cro_loss : 1.58558, 
epoch  26 summary: dyn_dyn_cos_loss: 0.00318, dyn_sta_cos_loss: 0.00212, total_cos_loss : 0.00265, vocab_cro_loss : 1.58169, 
epoch  27 summary: dyn_dyn_cos_loss: 0.00000, dyn_sta_cos_loss: 0.00000, total_cos_loss : 0.00000, vocab_cro_loss : 1.55483, 
epoch  28 summary: dyn_dyn_cos_loss: 0.00279, dyn_sta_cos_loss: 0.00205, total_cos_loss : 0.00242, vocab_cro_loss : 1.55342, 
epoch  29 summary: dyn_dyn_cos_loss: 0.00000, dyn_sta_cos_loss: 0.00000, total_cos_loss : 0.00000, vocab_cro_loss : 1.52864, 
epoch  30 summary: dyn_dyn_cos_loss: 0.00267, dyn_sta_cos_loss: 0.00200, total_cos_loss : 0.00234, vocab_cro_loss : 1.52432, 
train loss: 1.5066, train acc: 0.5726
epoch  31 summary: dyn_dyn_cos_loss: 0.00000, dyn_sta_cos_loss: 0.00000, total_cos_loss : 0.00000, vocab_cro_loss : 1.50660, 
epoch  32 summary: dyn_dyn_cos_loss: 0.00238, dyn_sta_cos_loss: 0.00193, total_cos_loss : 0.00215, vocab_cro_loss : 1.50327, 
epoch  33 summary: dyn_dyn_cos_loss: 0.00000, dyn_sta_cos_loss: 0.00000, total_cos_loss : 0.00000, vocab_cro_loss : 1.49128, 
epoch  34 summary: dyn_dyn_cos_loss: 0.00216, dyn_sta_cos_loss: 0.00189, total_cos_loss : 0.00203, vocab_cro_loss : 1.49071, 
epoch  35 summary: dyn_dyn_cos_loss: 0.00000, dyn_sta_cos_loss: 0.00000, total_cos_loss : 0.00000, vocab_cro_loss : 1.47880, 
epoch  36 summary: dyn_dyn_cos_loss: 0.00200, dyn_sta_cos_loss: 0.00182, total_cos_loss : 0.00191, vocab_cro_loss : 1.47652, 
epoch  37 summary: dyn_dyn_cos_loss: 0.00000, dyn_sta_cos_loss: 0.00000, total_cos_loss : 0.00000, vocab_cro_loss : 1.46663, 
epoch  38 summary: dyn_dyn_cos_loss: 0.00187, dyn_sta_cos_loss: 0.00180, total_cos_loss : 0.00184, vocab_cro_loss : 1.46270, 
epoch  39 summary: dyn_dyn_cos_loss: 0.00000, dyn_sta_cos_loss: 0.00000, total_cos_loss : 0.00000, vocab_cro_loss : 1.45577, 
epoch  40 summary: dyn_dyn_cos_loss: 0.00177, dyn_sta_cos_loss: 0.00175, total_cos_loss : 0.00176, vocab_cro_loss : 1.45295, 
train loss: 1.4467, train acc: 0.5814
epoch  41 summary: dyn_dyn_cos_loss: 0.00000, dyn_sta_cos_loss: 0.00000, total_cos_loss : 0.00000, vocab_cro_loss : 1.44668, 
epoch  42 summary: dyn_dyn_cos_loss: 0.00169, dyn_sta_cos_loss: 0.00172, total_cos_loss : 0.00170, vocab_cro_loss : 1.44364, 
epoch  43 summary: dyn_dyn_cos_loss: 0.00000, dyn_sta_cos_loss: 0.00000, total_cos_loss : 0.00000, vocab_cro_loss : 1.43720, 
epoch  44 summary: dyn_dyn_cos_loss: 0.00162, dyn_sta_cos_loss: 0.00170, total_cos_loss : 0.00166, vocab_cro_loss : 1.43488, 
epoch  45 summary: dyn_dyn_cos_loss: 0.00000, dyn_sta_cos_loss: 0.00000, total_cos_loss : 0.00000, vocab_cro_loss : 1.42748, 
epoch  46 summary: dyn_dyn_cos_loss: 0.00172, dyn_sta_cos_loss: 0.00169, total_cos_loss : 0.00170, vocab_cro_loss : 1.42587, 
epoch  47 summary: dyn_dyn_cos_loss: 0.00000, dyn_sta_cos_loss: 0.00000, total_cos_loss : 0.00000, vocab_cro_loss : 1.42121, 
epoch  48 summary: dyn_dyn_cos_loss: 0.00163, dyn_sta_cos_loss: 0.00167, total_cos_loss : 0.00165, vocab_cro_loss : 1.41940, 
epoch  49 summary: dyn_dyn_cos_loss: 0.00000, dyn_sta_cos_loss: 0.00000, total_cos_loss : 0.00000, vocab_cro_loss : 1.41359, 
epoch  50 summary: dyn_dyn_cos_loss: 0.00156, dyn_sta_cos_loss: 0.00164, total_cos_loss : 0.00160, vocab_cro_loss : 1.41204, 
train loss: 1.4034, train acc: 0.5907
epoch  51 summary: dyn_dyn_cos_loss: 0.00000, dyn_sta_cos_loss: 0.00000, total_cos_loss : 0.00000, vocab_cro_loss : 1.40344, 
epoch  52 summary: dyn_dyn_cos_loss: 0.00150, dyn_sta_cos_loss: 0.00161, total_cos_loss : 0.00156, vocab_cro_loss : 1.40082, 
epoch  53 summary: dyn_dyn_cos_loss: 0.00000, dyn_sta_cos_loss: 0.00000, total_cos_loss : 0.00000, vocab_cro_loss : 1.39757, 
epoch  54 summary: dyn_dyn_cos_loss: 0.00145, dyn_sta_cos_loss: 0.00159, total_cos_loss : 0.00152, vocab_cro_loss : 1.39619, 
epoch  55 summary: dyn_dyn_cos_loss: 0.00000, dyn_sta_cos_loss: 0.00000, total_cos_loss : 0.00000, vocab_cro_loss : 1.39329, 
epoch  56 summary: dyn_dyn_cos_loss: 0.00141, dyn_sta_cos_loss: 0.00159, total_cos_loss : 0.00150, vocab_cro_loss : 1.39066, 
epoch  57 summary: dyn_dyn_cos_loss: 0.00000, dyn_sta_cos_loss: 0.00000, total_cos_loss : 0.00000, vocab_cro_loss : 1.38947, 
epoch  58 summary: dyn_dyn_cos_loss: 0.00137, dyn_sta_cos_loss: 0.00157, total_cos_loss : 0.00147, vocab_cro_loss : 1.38742, 
epoch  59 summary: dyn_dyn_cos_loss: 0.00000, dyn_sta_cos_loss: 0.00000, total_cos_loss : 0.00000, vocab_cro_loss : 1.38506, 
epoch  60 summary: dyn_dyn_cos_loss: 0.00146, dyn_sta_cos_loss: 0.00157, total_cos_loss : 0.00151, vocab_cro_loss : 1.38358, 
train loss: 1.3826, train acc: 0.5949
epoch  61 summary: dyn_dyn_cos_loss: 0.00000, dyn_sta_cos_loss: 0.00000, total_cos_loss : 0.00000, vocab_cro_loss : 1.38264, 
epoch  62 summary: dyn_dyn_cos_loss: 0.00141, dyn_sta_cos_loss: 0.00156, total_cos_loss : 0.00148, vocab_cro_loss : 1.38147, 
epoch  63 summary: dyn_dyn_cos_loss: 0.00000, dyn_sta_cos_loss: 0.00000, total_cos_loss : 0.00000, vocab_cro_loss : 1.38277, 
epoch  64 summary: dyn_dyn_cos_loss: 0.00136, dyn_sta_cos_loss: 0.00152, total_cos_loss : 0.00144, vocab_cro_loss : 1.38134, 
epoch  65 summary: dyn_dyn_cos_loss: 0.00000, dyn_sta_cos_loss: 0.00000, total_cos_loss : 0.00000, vocab_cro_loss : 1.37935, 
epoch  66 summary: dyn_dyn_cos_loss: 0.00133, dyn_sta_cos_loss: 0.00151, total_cos_loss : 0.00142, vocab_cro_loss : 1.37787, 
epoch  67 summary: dyn_dyn_cos_loss: 0.00000, dyn_sta_cos_loss: 0.00000, total_cos_loss : 0.00000, vocab_cro_loss : 1.37639, 
epoch  68 summary: dyn_dyn_cos_loss: 0.00130, dyn_sta_cos_loss: 0.00150, total_cos_loss : 0.00140, vocab_cro_loss : 1.37400, 
epoch  69 summary: dyn_dyn_cos_loss: 0.00000, dyn_sta_cos_loss: 0.00000, total_cos_loss : 0.00000, vocab_cro_loss : 1.37156, 
epoch  70 summary: dyn_dyn_cos_loss: 0.00127, dyn_sta_cos_loss: 0.00149, total_cos_loss : 0.00138, vocab_cro_loss : 1.36887, 
train loss: 1.3694, train acc: 0.5950
epoch  71 summary: dyn_dyn_cos_loss: 0.00000, dyn_sta_cos_loss: 0.00000, total_cos_loss : 0.00000, vocab_cro_loss : 1.36937, 
epoch  72 summary: dyn_dyn_cos_loss: 0.00125, dyn_sta_cos_loss: 0.00149, total_cos_loss : 0.00137, vocab_cro_loss : 1.36794, 
epoch  73 summary: dyn_dyn_cos_loss: 0.00000, dyn_sta_cos_loss: 0.00000, total_cos_loss : 0.00000, vocab_cro_loss : 1.36770, 
epoch  74 summary: dyn_dyn_cos_loss: 0.00124, dyn_sta_cos_loss: 0.00148, total_cos_loss : 0.00136, vocab_cro_loss : 1.36429, 
epoch  75 summary: dyn_dyn_cos_loss: 0.00000, dyn_sta_cos_loss: 0.00000, total_cos_loss : 0.00000, vocab_cro_loss : 1.36380, 
epoch  76 summary: dyn_dyn_cos_loss: 0.00134, dyn_sta_cos_loss: 0.00146, total_cos_loss : 0.00140, vocab_cro_loss : 1.36186, 
epoch  77 summary: dyn_dyn_cos_loss: 0.00000, dyn_sta_cos_loss: 0.00000, total_cos_loss : 0.00000, vocab_cro_loss : 1.36205, 
epoch  78 summary: dyn_dyn_cos_loss: 0.00130, dyn_sta_cos_loss: 0.00146, total_cos_loss : 0.00138, vocab_cro_loss : 1.36115, 
epoch  79 summary: dyn_dyn_cos_loss: 0.00000, dyn_sta_cos_loss: 0.00000, total_cos_loss : 0.00000, vocab_cro_loss : 1.35954, 
epoch  80 summary: dyn_dyn_cos_loss: 0.00127, dyn_sta_cos_loss: 0.00146, total_cos_loss : 0.00136, vocab_cro_loss : 1.35817, 
train loss: 1.3579, train acc: 0.5975
epoch  81 summary: dyn_dyn_cos_loss: 0.00000, dyn_sta_cos_loss: 0.00000, total_cos_loss : 0.00000, vocab_cro_loss : 1.35791, 
epoch  82 summary: dyn_dyn_cos_loss: 0.00125, dyn_sta_cos_loss: 0.00146, total_cos_loss : 0.00135, vocab_cro_loss : 1.35488, 
epoch  83 summary: dyn_dyn_cos_loss: 0.00000, dyn_sta_cos_loss: 0.00000, total_cos_loss : 0.00000, vocab_cro_loss : 1.35841, 
epoch  84 summary: dyn_dyn_cos_loss: 0.00123, dyn_sta_cos_loss: 0.00144, total_cos_loss : 0.00133, vocab_cro_loss : 1.35379, 
epoch  85 summary: dyn_dyn_cos_loss: 0.00000, dyn_sta_cos_loss: 0.00000, total_cos_loss : 0.00000, vocab_cro_loss : 1.35447, 
epoch  86 summary: dyn_dyn_cos_loss: 0.00121, dyn_sta_cos_loss: 0.00145, total_cos_loss : 0.00133, vocab_cro_loss : 1.35165, 
epoch  87 summary: dyn_dyn_cos_loss: 0.00000, dyn_sta_cos_loss: 0.00000, total_cos_loss : 0.00000, vocab_cro_loss : 1.35363, 
epoch  88 summary: dyn_dyn_cos_loss: 0.00120, dyn_sta_cos_loss: 0.00143, total_cos_loss : 0.00131, vocab_cro_loss : 1.35257, 
epoch  89 summary: dyn_dyn_cos_loss: 0.00000, dyn_sta_cos_loss: 0.00000, total_cos_loss : 0.00000, vocab_cro_loss : 1.35308, 
epoch  90 summary: dyn_dyn_cos_loss: 0.00129, dyn_sta_cos_loss: 0.00142, total_cos_loss : 0.00136, vocab_cro_loss : 1.34942, 
train loss: 1.3512, train acc: 0.5997
epoch  91 summary: dyn_dyn_cos_loss: 0.00000, dyn_sta_cos_loss: 0.00000, total_cos_loss : 0.00000, vocab_cro_loss : 1.35124, 
epoch  92 summary: dyn_dyn_cos_loss: 0.00126, dyn_sta_cos_loss: 0.00142, total_cos_loss : 0.00134, vocab_cro_loss : 1.34974, 
epoch  93 summary: dyn_dyn_cos_loss: 0.00000, dyn_sta_cos_loss: 0.00000, total_cos_loss : 0.00000, vocab_cro_loss : 1.34887, 
epoch  94 summary: dyn_dyn_cos_loss: 0.00123, dyn_sta_cos_loss: 0.00142, total_cos_loss : 0.00132, vocab_cro_loss : 1.34751, 
epoch  95 summary: dyn_dyn_cos_loss: 0.00000, dyn_sta_cos_loss: 0.00000, total_cos_loss : 0.00000, vocab_cro_loss : 1.34995, 
epoch  96 summary: dyn_dyn_cos_loss: 0.00121, dyn_sta_cos_loss: 0.00142, total_cos_loss : 0.00131, vocab_cro_loss : 1.34740, 
epoch  97 summary: dyn_dyn_cos_loss: 0.00000, dyn_sta_cos_loss: 0.00000, total_cos_loss : 0.00000, vocab_cro_loss : 1.34811, 
epoch  98 summary: dyn_dyn_cos_loss: 0.00119, dyn_sta_cos_loss: 0.00142, total_cos_loss : 0.00131, vocab_cro_loss : 1.34521, 
epoch  99 summary: dyn_dyn_cos_loss: 0.00000, dyn_sta_cos_loss: 0.00000, total_cos_loss : 0.00000, vocab_cro_loss : 1.34609, 
epoch 100 summary: dyn_dyn_cos_loss: 0.00118, dyn_sta_cos_loss: 0.00141, total_cos_loss : 0.00129, vocab_cro_loss : 1.34345, 
train loss: 1.3453, train acc: 0.6017
epoch 101 summary: dyn_dyn_cos_loss: 0.00000, dyn_sta_cos_loss: 0.00000, total_cos_loss : 0.00000, vocab_cro_loss : 1.34526, 
epoch 102 summary: dyn_dyn_cos_loss: 0.00117, dyn_sta_cos_loss: 0.00141, total_cos_loss : 0.00129, vocab_cro_loss : 1.34352, 
epoch 103 summary: dyn_dyn_cos_loss: 0.00000, dyn_sta_cos_loss: 0.00000, total_cos_loss : 0.00000, vocab_cro_loss : 1.34616, 
epoch 104 summary: dyn_dyn_cos_loss: 0.00116, dyn_sta_cos_loss: 0.00140, total_cos_loss : 0.00128, vocab_cro_loss : 1.34331, 
epoch 105 summary: dyn_dyn_cos_loss: 0.00000, dyn_sta_cos_loss: 0.00000, total_cos_loss : 0.00000, vocab_cro_loss : 1.34433, 
epoch 106 summary: dyn_dyn_cos_loss: 0.00125, dyn_sta_cos_loss: 0.00139, total_cos_loss : 0.00132, vocab_cro_loss : 1.34292, 
epoch 107 summary: dyn_dyn_cos_loss: 0.00000, dyn_sta_cos_loss: 0.00000, total_cos_loss : 0.00000, vocab_cro_loss : 1.34226, 
epoch 108 summary: dyn_dyn_cos_loss: 0.00122, dyn_sta_cos_loss: 0.00139, total_cos_loss : 0.00131, vocab_cro_loss : 1.33997, 
epoch 109 summary: dyn_dyn_cos_loss: 0.00000, dyn_sta_cos_loss: 0.00000, total_cos_loss : 0.00000, vocab_cro_loss : 1.34167, 
epoch 110 summary: dyn_dyn_cos_loss: 0.00120, dyn_sta_cos_loss: 0.00139, total_cos_loss : 0.00129, vocab_cro_loss : 1.33910, 
train loss: 1.3409, train acc: 0.6040
epoch 111 summary: dyn_dyn_cos_loss: 0.00000, dyn_sta_cos_loss: 0.00000, total_cos_loss : 0.00000, vocab_cro_loss : 1.34088, 
epoch 112 summary: dyn_dyn_cos_loss: 0.00118, dyn_sta_cos_loss: 0.00140, total_cos_loss : 0.00129, vocab_cro_loss : 1.33935, 
epoch 113 summary: dyn_dyn_cos_loss: 0.00000, dyn_sta_cos_loss: 0.00000, total_cos_loss : 0.00000, vocab_cro_loss : 1.34097, 
epoch 114 summary: dyn_dyn_cos_loss: 0.00117, dyn_sta_cos_loss: 0.00139, total_cos_loss : 0.00128, vocab_cro_loss : 1.33964, 
epoch 115 summary: dyn_dyn_cos_loss: 0.00000, dyn_sta_cos_loss: 0.00000, total_cos_loss : 0.00000, vocab_cro_loss : 1.33905, 
epoch 116 summary: dyn_dyn_cos_loss: 0.00116, dyn_sta_cos_loss: 0.00140, total_cos_loss : 0.00128, vocab_cro_loss : 1.33646, 
epoch 117 summary: dyn_dyn_cos_loss: 0.00000, dyn_sta_cos_loss: 0.00000, total_cos_loss : 0.00000, vocab_cro_loss : 1.33911, 
epoch 118 summary: dyn_dyn_cos_loss: 0.00115, dyn_sta_cos_loss: 0.00138, total_cos_loss : 0.00127, vocab_cro_loss : 1.33742, 
epoch 119 summary: dyn_dyn_cos_loss: 0.00000, dyn_sta_cos_loss: 0.00000, total_cos_loss : 0.00000, vocab_cro_loss : 1.33729, 
epoch 120 summary: dyn_dyn_cos_loss: 0.00123, dyn_sta_cos_loss: 0.00138, total_cos_loss : 0.00131, vocab_cro_loss : 1.33621, 
train loss: 1.3365, train acc: 0.6069
epoch 121 summary: dyn_dyn_cos_loss: 0.00000, dyn_sta_cos_loss: 0.00000, total_cos_loss : 0.00000, vocab_cro_loss : 1.33649, 
epoch 122 summary: dyn_dyn_cos_loss: 0.00121, dyn_sta_cos_loss: 0.00138, total_cos_loss : 0.00129, vocab_cro_loss : 1.33501, 
epoch 123 summary: dyn_dyn_cos_loss: 0.00000, dyn_sta_cos_loss: 0.00000, total_cos_loss : 0.00000, vocab_cro_loss : 1.33493, 
epoch 124 summary: dyn_dyn_cos_loss: 0.00119, dyn_sta_cos_loss: 0.00139, total_cos_loss : 0.00129, vocab_cro_loss : 1.33190, 
epoch 125 summary: dyn_dyn_cos_loss: 0.00000, dyn_sta_cos_loss: 0.00000, total_cos_loss : 0.00000, vocab_cro_loss : 1.33540, 
epoch 126 summary: dyn_dyn_cos_loss: 0.00117, dyn_sta_cos_loss: 0.00138, total_cos_loss : 0.00128, vocab_cro_loss : 1.33432, 
epoch 127 summary: dyn_dyn_cos_loss: 0.00000, dyn_sta_cos_loss: 0.00000, total_cos_loss : 0.00000, vocab_cro_loss : 1.33602, 
epoch 128 summary: dyn_dyn_cos_loss: 0.00116, dyn_sta_cos_loss: 0.00138, total_cos_loss : 0.00127, vocab_cro_loss : 1.33375, 
epoch 129 summary: dyn_dyn_cos_loss: 0.00000, dyn_sta_cos_loss: 0.00000, total_cos_loss : 0.00000, vocab_cro_loss : 1.33429, 
epoch 130 summary: dyn_dyn_cos_loss: 0.00115, dyn_sta_cos_loss: 0.00138, total_cos_loss : 0.00126, vocab_cro_loss : 1.33252, 
train loss: 1.3344, train acc: 0.6074
epoch 131 summary: dyn_dyn_cos_loss: 0.00000, dyn_sta_cos_loss: 0.00000, total_cos_loss : 0.00000, vocab_cro_loss : 1.33435, 
epoch 132 summary: dyn_dyn_cos_loss: 0.00114, dyn_sta_cos_loss: 0.00137, total_cos_loss : 0.00125, vocab_cro_loss : 1.33306, 
epoch 133 summary: dyn_dyn_cos_loss: 0.00000, dyn_sta_cos_loss: 0.00000, total_cos_loss : 0.00000, vocab_cro_loss : 1.33460, 
epoch 134 summary: dyn_dyn_cos_loss: 0.00113, dyn_sta_cos_loss: 0.00136, total_cos_loss : 0.00125, vocab_cro_loss : 1.33185, 
epoch 135 summary: dyn_dyn_cos_loss: 0.00000, dyn_sta_cos_loss: 0.00000, total_cos_loss : 0.00000, vocab_cro_loss : 1.33207, 
epoch 136 summary: dyn_dyn_cos_loss: 0.00122, dyn_sta_cos_loss: 0.00137, total_cos_loss : 0.00130, vocab_cro_loss : 1.33013, 
epoch 137 summary: dyn_dyn_cos_loss: 0.00000, dyn_sta_cos_loss: 0.00000, total_cos_loss : 0.00000, vocab_cro_loss : 1.33399, 
epoch 138 summary: dyn_dyn_cos_loss: 0.00119, dyn_sta_cos_loss: 0.00138, total_cos_loss : 0.00129, vocab_cro_loss : 1.33159, 
epoch 139 summary: dyn_dyn_cos_loss: 0.00000, dyn_sta_cos_loss: 0.00000, total_cos_loss : 0.00000, vocab_cro_loss : 1.33415, 
epoch 140 summary: dyn_dyn_cos_loss: 0.00117, dyn_sta_cos_loss: 0.00137, total_cos_loss : 0.00127, vocab_cro_loss : 1.33248, 
train loss: 1.3322, train acc: 0.6080
epoch 141 summary: dyn_dyn_cos_loss: 0.00000, dyn_sta_cos_loss: 0.00000, total_cos_loss : 0.00000, vocab_cro_loss : 1.33215, 
epoch 142 summary: dyn_dyn_cos_loss: 0.00116, dyn_sta_cos_loss: 0.00137, total_cos_loss : 0.00127, vocab_cro_loss : 1.33101, 
epoch 143 summary: dyn_dyn_cos_loss: 0.00000, dyn_sta_cos_loss: 0.00000, total_cos_loss : 0.00000, vocab_cro_loss : 1.33245, 
epoch 144 summary: dyn_dyn_cos_loss: 0.00115, dyn_sta_cos_loss: 0.00137, total_cos_loss : 0.00126, vocab_cro_loss : 1.33084, 
epoch 145 summary: dyn_dyn_cos_loss: 0.00000, dyn_sta_cos_loss: 0.00000, total_cos_loss : 0.00000, vocab_cro_loss : 1.33218, 
epoch 146 summary: dyn_dyn_cos_loss: 0.00114, dyn_sta_cos_loss: 0.00136, total_cos_loss : 0.00125, vocab_cro_loss : 1.32937, 
epoch 147 summary: dyn_dyn_cos_loss: 0.00000, dyn_sta_cos_loss: 0.00000, total_cos_loss : 0.00000, vocab_cro_loss : 1.33236, 
epoch 148 summary: dyn_dyn_cos_loss: 0.00113, dyn_sta_cos_loss: 0.00137, total_cos_loss : 0.00125, vocab_cro_loss : 1.32965, 
epoch 149 summary: dyn_dyn_cos_loss: 0.00000, dyn_sta_cos_loss: 0.00000, total_cos_loss : 0.00000, vocab_cro_loss : 1.33098, 
epoch 150 summary: dyn_dyn_cos_loss: 0.00120, dyn_sta_cos_loss: 0.00136, total_cos_loss : 0.00128, vocab_cro_loss : 1.32944, 
train loss: 1.3303, train acc: 0.6093
epoch 151 summary: dyn_dyn_cos_loss: 0.00000, dyn_sta_cos_loss: 0.00000, total_cos_loss : 0.00000, vocab_cro_loss : 1.33031, 
epoch 152 summary: dyn_dyn_cos_loss: 0.00118, dyn_sta_cos_loss: 0.00137, total_cos_loss : 0.00127, vocab_cro_loss : 1.32752, 
epoch 153 summary: dyn_dyn_cos_loss: 0.00000, dyn_sta_cos_loss: 0.00000, total_cos_loss : 0.00000, vocab_cro_loss : 1.32725, 
epoch 154 summary: dyn_dyn_cos_loss: 0.00116, dyn_sta_cos_loss: 0.00137, total_cos_loss : 0.00127, vocab_cro_loss : 1.32562, 
epoch 155 summary: dyn_dyn_cos_loss: 0.00000, dyn_sta_cos_loss: 0.00000, total_cos_loss : 0.00000, vocab_cro_loss : 1.32795, 
epoch 156 summary: dyn_dyn_cos_loss: 0.00114, dyn_sta_cos_loss: 0.00137, total_cos_loss : 0.00126, vocab_cro_loss : 1.32640, 
epoch 157 summary: dyn_dyn_cos_loss: 0.00000, dyn_sta_cos_loss: 0.00000, total_cos_loss : 0.00000, vocab_cro_loss : 1.32822, 
epoch 158 summary: dyn_dyn_cos_loss: 0.00113, dyn_sta_cos_loss: 0.00137, total_cos_loss : 0.00125, vocab_cro_loss : 1.32740, 
epoch 159 summary: dyn_dyn_cos_loss: 0.00000, dyn_sta_cos_loss: 0.00000, total_cos_loss : 0.00000, vocab_cro_loss : 1.32814, 
epoch 160 summary: dyn_dyn_cos_loss: 0.00112, dyn_sta_cos_loss: 0.00136, total_cos_loss : 0.00124, vocab_cro_loss : 1.32696, 
train loss: 1.3283, train acc: 0.6095
epoch 161 summary: dyn_dyn_cos_loss: 0.00000, dyn_sta_cos_loss: 0.00000, total_cos_loss : 0.00000, vocab_cro_loss : 1.32832, 
epoch 162 summary: dyn_dyn_cos_loss: 0.00111, dyn_sta_cos_loss: 0.00138, total_cos_loss : 0.00124, vocab_cro_loss : 1.32504, 
epoch 163 summary: dyn_dyn_cos_loss: 0.00000, dyn_sta_cos_loss: 0.00000, total_cos_loss : 0.00000, vocab_cro_loss : 1.32842, 
epoch 164 summary: dyn_dyn_cos_loss: 0.00110, dyn_sta_cos_loss: 0.00137, total_cos_loss : 0.00124, vocab_cro_loss : 1.32583, 
epoch 165 summary: dyn_dyn_cos_loss: 0.00000, dyn_sta_cos_loss: 0.00000, total_cos_loss : 0.00000, vocab_cro_loss : 1.32686, 
epoch 166 summary: dyn_dyn_cos_loss: 0.00118, dyn_sta_cos_loss: 0.00137, total_cos_loss : 0.00128, vocab_cro_loss : 1.32482, 
epoch 167 summary: dyn_dyn_cos_loss: 0.00000, dyn_sta_cos_loss: 0.00000, total_cos_loss : 0.00000, vocab_cro_loss : 1.32621, 
epoch 168 summary: dyn_dyn_cos_loss: 0.00116, dyn_sta_cos_loss: 0.00137, total_cos_loss : 0.00127, vocab_cro_loss : 1.32480, 
epoch 169 summary: dyn_dyn_cos_loss: 0.00000, dyn_sta_cos_loss: 0.00000, total_cos_loss : 0.00000, vocab_cro_loss : 1.32650, 
epoch 170 summary: dyn_dyn_cos_loss: 0.00114, dyn_sta_cos_loss: 0.00137, total_cos_loss : 0.00126, vocab_cro_loss : 1.32439, 
train loss: 1.3273, train acc: 0.6096
epoch 171 summary: dyn_dyn_cos_loss: 0.00000, dyn_sta_cos_loss: 0.00000, total_cos_loss : 0.00000, vocab_cro_loss : 1.32734, 
epoch 172 summary: dyn_dyn_cos_loss: 0.00113, dyn_sta_cos_loss: 0.00137, total_cos_loss : 0.00125, vocab_cro_loss : 1.32555, 
epoch 173 summary: dyn_dyn_cos_loss: 0.00000, dyn_sta_cos_loss: 0.00000, total_cos_loss : 0.00000, vocab_cro_loss : 1.32618, 
epoch 174 summary: dyn_dyn_cos_loss: 0.00112, dyn_sta_cos_loss: 0.00137, total_cos_loss : 0.00124, vocab_cro_loss : 1.32424, 
epoch 175 summary: dyn_dyn_cos_loss: 0.00000, dyn_sta_cos_loss: 0.00000, total_cos_loss : 0.00000, vocab_cro_loss : 1.32620, 
epoch 176 summary: dyn_dyn_cos_loss: 0.00111, dyn_sta_cos_loss: 0.00136, total_cos_loss : 0.00124, vocab_cro_loss : 1.32550, 
epoch 177 summary: dyn_dyn_cos_loss: 0.00000, dyn_sta_cos_loss: 0.00000, total_cos_loss : 0.00000, vocab_cro_loss : 1.32796, 
epoch 178 summary: dyn_dyn_cos_loss: 0.00110, dyn_sta_cos_loss: 0.00135, total_cos_loss : 0.00123, vocab_cro_loss : 1.32616, 
epoch 179 summary: dyn_dyn_cos_loss: 0.00000, dyn_sta_cos_loss: 0.00000, total_cos_loss : 0.00000, vocab_cro_loss : 1.32760, 
epoch 180 summary: dyn_dyn_cos_loss: 0.00118, dyn_sta_cos_loss: 0.00135, total_cos_loss : 0.00127, vocab_cro_loss : 1.32524, 
train loss: 1.3283, train acc: 0.6081
epoch 181 summary: dyn_dyn_cos_loss: 0.00000, dyn_sta_cos_loss: 0.00000, total_cos_loss : 0.00000, vocab_cro_loss : 1.32831, 
epoch 182 summary: dyn_dyn_cos_loss: 0.00116, dyn_sta_cos_loss: 0.00135, total_cos_loss : 0.00126, vocab_cro_loss : 1.32573, 
epoch 183 summary: dyn_dyn_cos_loss: 0.00000, dyn_sta_cos_loss: 0.00000, total_cos_loss : 0.00000, vocab_cro_loss : 1.32694, 
epoch 184 summary: dyn_dyn_cos_loss: 0.00114, dyn_sta_cos_loss: 0.00136, total_cos_loss : 0.00125, vocab_cro_loss : 1.32449, 
epoch 185 summary: dyn_dyn_cos_loss: 0.00000, dyn_sta_cos_loss: 0.00000, total_cos_loss : 0.00000, vocab_cro_loss : 1.32711, 
epoch 186 summary: dyn_dyn_cos_loss: 0.00112, dyn_sta_cos_loss: 0.00135, total_cos_loss : 0.00124, vocab_cro_loss : 1.32503, 
epoch 187 summary: dyn_dyn_cos_loss: 0.00000, dyn_sta_cos_loss: 0.00000, total_cos_loss : 0.00000, vocab_cro_loss : 1.32573, 
epoch 188 summary: dyn_dyn_cos_loss: 0.00111, dyn_sta_cos_loss: 0.00135, total_cos_loss : 0.00123, vocab_cro_loss : 1.32278, 
epoch 189 summary: dyn_dyn_cos_loss: 0.00000, dyn_sta_cos_loss: 0.00000, total_cos_loss : 0.00000, vocab_cro_loss : 1.32790, 
epoch 190 summary: dyn_dyn_cos_loss: 0.00110, dyn_sta_cos_loss: 0.00133, total_cos_loss : 0.00122, vocab_cro_loss : 1.32654, 
train loss: 1.3289, train acc: 0.6071
epoch 191 summary: dyn_dyn_cos_loss: 0.00000, dyn_sta_cos_loss: 0.00000, total_cos_loss : 0.00000, vocab_cro_loss : 1.32891, 
epoch 192 summary: dyn_dyn_cos_loss: 0.00110, dyn_sta_cos_loss: 0.00134, total_cos_loss : 0.00122, vocab_cro_loss : 1.32679, 
epoch 193 summary: dyn_dyn_cos_loss: 0.00000, dyn_sta_cos_loss: 0.00000, total_cos_loss : 0.00000, vocab_cro_loss : 1.33013, 
epoch 194 summary: dyn_dyn_cos_loss: 0.00109, dyn_sta_cos_loss: 0.00134, total_cos_loss : 0.00121, vocab_cro_loss : 1.32835, 
epoch 195 summary: dyn_dyn_cos_loss: 0.00000, dyn_sta_cos_loss: 0.00000, total_cos_loss : 0.00000, vocab_cro_loss : 1.32962, 
epoch 196 summary: dyn_dyn_cos_loss: 0.00117, dyn_sta_cos_loss: 0.00134, total_cos_loss : 0.00125, vocab_cro_loss : 1.32677, 
epoch 197 summary: dyn_dyn_cos_loss: 0.00000, dyn_sta_cos_loss: 0.00000, total_cos_loss : 0.00000, vocab_cro_loss : 1.32825, 
epoch 198 summary: dyn_dyn_cos_loss: 0.00115, dyn_sta_cos_loss: 0.00135, total_cos_loss : 0.00125, vocab_cro_loss : 1.32589, 
epoch 199 summary: dyn_dyn_cos_loss: 0.00000, dyn_sta_cos_loss: 0.00000, total_cos_loss : 0.00000, vocab_cro_loss : 1.32655, 
train loss: 1.3259, train acc: 0.6090
all                        4961829.406ms
all_epoch                  4942541.158ms
all_preparation              19288.203ms
all_preparation_2            19285.713ms
all_preparation_3                2.433ms
epoch                        24532.418ms
epoch_pos_train                  6.198ms
epoch_preparation               18.687ms
epoch_train                  24121.346ms
epoch_valid                    382.617ms
----------------------------------------
all                        4961829.406ms
  all_epoch             99.61%
  all_preparation        0.39%
all_preparation              19288.203ms
  all_preparation_2     99.99%
  all_preparation_3      0.01%
epoch                      4906483.677ms
  epoch_train           98.32%
  epoch_valid            1.56%
  epoch_preparation      0.08%
  epoch_pos_train        0.03%
epoch   0 summary: dyn_dyn_cos_loss: 0.02094, dyn_sta_cos_loss: 0.00687, total_cos_loss : 0.01390, 
valid loss: 3.7136, valid acc: 0.1250
epoch   1 summary: dyn_dyn_cos_loss: 0.01533, dyn_sta_cos_loss: 0.00544, total_cos_loss : 0.01038, 
epoch   2 summary: dyn_dyn_cos_loss: 0.01130, dyn_sta_cos_loss: 0.00438, total_cos_loss : 0.00784, 
epoch   3 summary: dyn_dyn_cos_loss: 0.00861, dyn_sta_cos_loss: 0.00366, total_cos_loss : 0.00613, 
epoch   4 summary: dyn_dyn_cos_loss: 0.00655, dyn_sta_cos_loss: 0.00311, total_cos_loss : 0.00483, 
epoch   5 summary: dyn_dyn_cos_loss: 0.00520, dyn_sta_cos_loss: 0.00270, total_cos_loss : 0.00395, 
epoch   6 summary: dyn_dyn_cos_loss: 0.00399, dyn_sta_cos_loss: 0.00238, total_cos_loss : 0.00318, 
epoch   7 summary: dyn_dyn_cos_loss: 0.00318, dyn_sta_cos_loss: 0.00216, total_cos_loss : 0.00267, 
epoch   8 summary: dyn_dyn_cos_loss: 0.00260, dyn_sta_cos_loss: 0.00198, total_cos_loss : 0.00229, 
epoch   9 summary: dyn_dyn_cos_loss: 0.00215, dyn_sta_cos_loss: 0.00185, total_cos_loss : 0.00200, 
epoch  10 summary: dyn_dyn_cos_loss: 0.00179, dyn_sta_cos_loss: 0.00174, total_cos_loss : 0.00176, 
valid loss: 1.8891, valid acc: 0.4902
epoch  11 summary: dyn_dyn_cos_loss: 0.00161, dyn_sta_cos_loss: 0.00165, total_cos_loss : 0.00163, 
epoch  12 summary: dyn_dyn_cos_loss: 0.00146, dyn_sta_cos_loss: 0.00158, total_cos_loss : 0.00152, 
epoch  13 summary: dyn_dyn_cos_loss: 0.00136, dyn_sta_cos_loss: 0.00153, total_cos_loss : 0.00145, 
epoch  14 summary: dyn_dyn_cos_loss: 0.00130, dyn_sta_cos_loss: 0.00149, total_cos_loss : 0.00139, 
epoch  15 summary: dyn_dyn_cos_loss: 0.00142, dyn_sta_cos_loss: 0.00146, total_cos_loss : 0.00144, 
epoch  16 summary: dyn_dyn_cos_loss: 0.00134, dyn_sta_cos_loss: 0.00143, total_cos_loss : 0.00139, 
epoch  17 summary: dyn_dyn_cos_loss: 0.00127, dyn_sta_cos_loss: 0.00142, total_cos_loss : 0.00135, 
epoch  18 summary: dyn_dyn_cos_loss: 0.00121, dyn_sta_cos_loss: 0.00140, total_cos_loss : 0.00130, 
epoch  19 summary: dyn_dyn_cos_loss: 0.00118, dyn_sta_cos_loss: 0.00139, total_cos_loss : 0.00128, 
epoch  20 summary: dyn_dyn_cos_loss: 0.00115, dyn_sta_cos_loss: 0.00138, total_cos_loss : 0.00126, 
valid loss: 1.7386, valid acc: 0.5391
epoch  21 summary: dyn_dyn_cos_loss: 0.00113, dyn_sta_cos_loss: 0.00136, total_cos_loss : 0.00125, 
epoch  22 summary: dyn_dyn_cos_loss: 0.00112, dyn_sta_cos_loss: 0.00135, total_cos_loss : 0.00123, 
epoch  23 summary: dyn_dyn_cos_loss: 0.00111, dyn_sta_cos_loss: 0.00134, total_cos_loss : 0.00122, 
epoch  24 summary: dyn_dyn_cos_loss: 0.00110, dyn_sta_cos_loss: 0.00134, total_cos_loss : 0.00122, 
epoch  25 summary: dyn_dyn_cos_loss: 0.00109, dyn_sta_cos_loss: 0.00133, total_cos_loss : 0.00121, 
epoch  26 summary: dyn_dyn_cos_loss: 0.00109, dyn_sta_cos_loss: 0.00133, total_cos_loss : 0.00121, 
epoch  27 summary: dyn_dyn_cos_loss: 0.00108, dyn_sta_cos_loss: 0.00132, total_cos_loss : 0.00120, 
epoch  28 summary: dyn_dyn_cos_loss: 0.00108, dyn_sta_cos_loss: 0.00132, total_cos_loss : 0.00120, 
epoch  29 summary: dyn_dyn_cos_loss: 0.00108, dyn_sta_cos_loss: 0.00131, total_cos_loss : 0.00119, 
epoch  30 summary: dyn_dyn_cos_loss: 0.00120, dyn_sta_cos_loss: 0.00131, total_cos_loss : 0.00125, 
valid loss: 1.7389, valid acc: 0.5332
epoch  31 summary: dyn_dyn_cos_loss: 0.00116, dyn_sta_cos_loss: 0.00132, total_cos_loss : 0.00124, 
epoch  32 summary: dyn_dyn_cos_loss: 0.00114, dyn_sta_cos_loss: 0.00132, total_cos_loss : 0.00123, 
epoch  33 summary: dyn_dyn_cos_loss: 0.00112, dyn_sta_cos_loss: 0.00132, total_cos_loss : 0.00122, 
epoch  34 summary: dyn_dyn_cos_loss: 0.00110, dyn_sta_cos_loss: 0.00131, total_cos_loss : 0.00121, 
epoch  35 summary: dyn_dyn_cos_loss: 0.00109, dyn_sta_cos_loss: 0.00131, total_cos_loss : 0.00120, 
epoch  36 summary: dyn_dyn_cos_loss: 0.00108, dyn_sta_cos_loss: 0.00131, total_cos_loss : 0.00119, 
epoch  37 summary: dyn_dyn_cos_loss: 0.00108, dyn_sta_cos_loss: 0.00130, total_cos_loss : 0.00119, 
epoch  38 summary: dyn_dyn_cos_loss: 0.00107, dyn_sta_cos_loss: 0.00130, total_cos_loss : 0.00119, 
epoch  39 summary: dyn_dyn_cos_loss: 0.00107, dyn_sta_cos_loss: 0.00130, total_cos_loss : 0.00118, 
epoch  40 summary: dyn_dyn_cos_loss: 0.00106, dyn_sta_cos_loss: 0.00130, total_cos_loss : 0.00118, 
valid loss: 1.7326, valid acc: 0.5430
epoch  41 summary: dyn_dyn_cos_loss: 0.00106, dyn_sta_cos_loss: 0.00129, total_cos_loss : 0.00118, 
epoch  42 summary: dyn_dyn_cos_loss: 0.00106, dyn_sta_cos_loss: 0.00129, total_cos_loss : 0.00117, 
epoch  43 summary: dyn_dyn_cos_loss: 0.00105, dyn_sta_cos_loss: 0.00129, total_cos_loss : 0.00117, 
epoch  44 summary: dyn_dyn_cos_loss: 0.00105, dyn_sta_cos_loss: 0.00129, total_cos_loss : 0.00117, 
epoch  45 summary: dyn_dyn_cos_loss: 0.00118, dyn_sta_cos_loss: 0.00129, total_cos_loss : 0.00124, 
epoch  46 summary: dyn_dyn_cos_loss: 0.00115, dyn_sta_cos_loss: 0.00130, total_cos_loss : 0.00122, 
epoch  47 summary: dyn_dyn_cos_loss: 0.00113, dyn_sta_cos_loss: 0.00130, total_cos_loss : 0.00121, 
epoch  48 summary: dyn_dyn_cos_loss: 0.00111, dyn_sta_cos_loss: 0.00130, total_cos_loss : 0.00121, 
epoch  49 summary: dyn_dyn_cos_loss: 0.00110, dyn_sta_cos_loss: 0.00130, total_cos_loss : 0.00120, 
epoch  50 summary: dyn_dyn_cos_loss: 0.00109, dyn_sta_cos_loss: 0.00130, total_cos_loss : 0.00119, 
valid loss: 1.7185, valid acc: 0.5371
epoch  51 summary: dyn_dyn_cos_loss: 0.00108, dyn_sta_cos_loss: 0.00129, total_cos_loss : 0.00119, 
epoch  52 summary: dyn_dyn_cos_loss: 0.00107, dyn_sta_cos_loss: 0.00129, total_cos_loss : 0.00118, 
epoch  53 summary: dyn_dyn_cos_loss: 0.00107, dyn_sta_cos_loss: 0.00129, total_cos_loss : 0.00118, 
epoch  54 summary: dyn_dyn_cos_loss: 0.00107, dyn_sta_cos_loss: 0.00129, total_cos_loss : 0.00118, 
epoch  55 summary: dyn_dyn_cos_loss: 0.00106, dyn_sta_cos_loss: 0.00129, total_cos_loss : 0.00118, 
epoch  56 summary: dyn_dyn_cos_loss: 0.00106, dyn_sta_cos_loss: 0.00129, total_cos_loss : 0.00117, 
epoch  57 summary: dyn_dyn_cos_loss: 0.00106, dyn_sta_cos_loss: 0.00129, total_cos_loss : 0.00117, 
epoch  58 summary: dyn_dyn_cos_loss: 0.00106, dyn_sta_cos_loss: 0.00129, total_cos_loss : 0.00117, 
epoch  59 summary: dyn_dyn_cos_loss: 0.00105, dyn_sta_cos_loss: 0.00129, total_cos_loss : 0.00117, 
epoch  60 summary: dyn_dyn_cos_loss: 0.00118, dyn_sta_cos_loss: 0.00129, total_cos_loss : 0.00124, 
valid loss: 1.7071, valid acc: 0.5312
epoch  61 summary: dyn_dyn_cos_loss: 0.00115, dyn_sta_cos_loss: 0.00129, total_cos_loss : 0.00122, 
epoch  62 summary: dyn_dyn_cos_loss: 0.00113, dyn_sta_cos_loss: 0.00130, total_cos_loss : 0.00121, 
epoch  63 summary: dyn_dyn_cos_loss: 0.00111, dyn_sta_cos_loss: 0.00130, total_cos_loss : 0.00121, 
epoch  64 summary: dyn_dyn_cos_loss: 0.00110, dyn_sta_cos_loss: 0.00130, total_cos_loss : 0.00120, 
epoch  65 summary: dyn_dyn_cos_loss: 0.00109, dyn_sta_cos_loss: 0.00130, total_cos_loss : 0.00119, 
epoch  66 summary: dyn_dyn_cos_loss: 0.00109, dyn_sta_cos_loss: 0.00130, total_cos_loss : 0.00119, 
epoch  67 summary: dyn_dyn_cos_loss: 0.00108, dyn_sta_cos_loss: 0.00129, total_cos_loss : 0.00119, 
epoch  68 summary: dyn_dyn_cos_loss: 0.00107, dyn_sta_cos_loss: 0.00129, total_cos_loss : 0.00118, 
epoch  69 summary: dyn_dyn_cos_loss: 0.00107, dyn_sta_cos_loss: 0.00129, total_cos_loss : 0.00118, 
epoch  70 summary: dyn_dyn_cos_loss: 0.00107, dyn_sta_cos_loss: 0.00129, total_cos_loss : 0.00118, 
valid loss: 1.7133, valid acc: 0.5449
epoch  71 summary: dyn_dyn_cos_loss: 0.00107, dyn_sta_cos_loss: 0.00129, total_cos_loss : 0.00118, 
epoch  72 summary: dyn_dyn_cos_loss: 0.00106, dyn_sta_cos_loss: 0.00129, total_cos_loss : 0.00118, 
epoch  73 summary: dyn_dyn_cos_loss: 0.00106, dyn_sta_cos_loss: 0.00129, total_cos_loss : 0.00117, 
epoch  74 summary: dyn_dyn_cos_loss: 0.00106, dyn_sta_cos_loss: 0.00129, total_cos_loss : 0.00117, 
epoch  75 summary: dyn_dyn_cos_loss: 0.00118, dyn_sta_cos_loss: 0.00129, total_cos_loss : 0.00123, 
epoch  76 summary: dyn_dyn_cos_loss: 0.00115, dyn_sta_cos_loss: 0.00129, total_cos_loss : 0.00122, 
epoch  77 summary: dyn_dyn_cos_loss: 0.00113, dyn_sta_cos_loss: 0.00129, total_cos_loss : 0.00121, 
epoch  78 summary: dyn_dyn_cos_loss: 0.00111, dyn_sta_cos_loss: 0.00129, total_cos_loss : 0.00120, 
epoch  79 summary: dyn_dyn_cos_loss: 0.00110, dyn_sta_cos_loss: 0.00129, total_cos_loss : 0.00119, 
epoch  80 summary: dyn_dyn_cos_loss: 0.00109, dyn_sta_cos_loss: 0.00129, total_cos_loss : 0.00119, 
valid loss: 1.7009, valid acc: 0.5293
epoch  81 summary: dyn_dyn_cos_loss: 0.00108, dyn_sta_cos_loss: 0.00129, total_cos_loss : 0.00118, 
epoch  82 summary: dyn_dyn_cos_loss: 0.00107, dyn_sta_cos_loss: 0.00129, total_cos_loss : 0.00118, 
epoch  83 summary: dyn_dyn_cos_loss: 0.00107, dyn_sta_cos_loss: 0.00129, total_cos_loss : 0.00118, 
epoch  84 summary: dyn_dyn_cos_loss: 0.00106, dyn_sta_cos_loss: 0.00129, total_cos_loss : 0.00117, 
epoch  85 summary: dyn_dyn_cos_loss: 0.00106, dyn_sta_cos_loss: 0.00128, total_cos_loss : 0.00117, 
epoch  86 summary: dyn_dyn_cos_loss: 0.00106, dyn_sta_cos_loss: 0.00128, total_cos_loss : 0.00117, 
epoch  87 summary: dyn_dyn_cos_loss: 0.00106, dyn_sta_cos_loss: 0.00128, total_cos_loss : 0.00117, 
epoch  88 summary: dyn_dyn_cos_loss: 0.00105, dyn_sta_cos_loss: 0.00128, total_cos_loss : 0.00117, 
epoch  89 summary: dyn_dyn_cos_loss: 0.00105, dyn_sta_cos_loss: 0.00128, total_cos_loss : 0.00117, 
epoch  90 summary: dyn_dyn_cos_loss: 0.00118, dyn_sta_cos_loss: 0.00128, total_cos_loss : 0.00123, 
valid loss: 1.7023, valid acc: 0.5312
epoch  91 summary: dyn_dyn_cos_loss: 0.00116, dyn_sta_cos_loss: 0.00128, total_cos_loss : 0.00122, 
epoch  92 summary: dyn_dyn_cos_loss: 0.00114, dyn_sta_cos_loss: 0.00129, total_cos_loss : 0.00121, 
epoch  93 summary: dyn_dyn_cos_loss: 0.00112, dyn_sta_cos_loss: 0.00129, total_cos_loss : 0.00120, 
epoch  94 summary: dyn_dyn_cos_loss: 0.00110, dyn_sta_cos_loss: 0.00129, total_cos_loss : 0.00120, 
epoch  95 summary: dyn_dyn_cos_loss: 0.00109, dyn_sta_cos_loss: 0.00129, total_cos_loss : 0.00119, 
epoch  96 summary: dyn_dyn_cos_loss: 0.00109, dyn_sta_cos_loss: 0.00129, total_cos_loss : 0.00119, 
epoch  97 summary: dyn_dyn_cos_loss: 0.00108, dyn_sta_cos_loss: 0.00129, total_cos_loss : 0.00118, 
epoch  98 summary: dyn_dyn_cos_loss: 0.00108, dyn_sta_cos_loss: 0.00129, total_cos_loss : 0.00118, 
epoch  99 summary: dyn_dyn_cos_loss: 0.00107, dyn_sta_cos_loss: 0.00129, total_cos_loss : 0.00118, 
epoch 100 summary: dyn_dyn_cos_loss: 0.00107, dyn_sta_cos_loss: 0.00129, total_cos_loss : 0.00118, 
valid loss: 1.7280, valid acc: 0.5371
epoch 101 summary: dyn_dyn_cos_loss: 0.00106, dyn_sta_cos_loss: 0.00128, total_cos_loss : 0.00117, 
epoch 102 summary: dyn_dyn_cos_loss: 0.00106, dyn_sta_cos_loss: 0.00128, total_cos_loss : 0.00117, 
epoch 103 summary: dyn_dyn_cos_loss: 0.00106, dyn_sta_cos_loss: 0.00128, total_cos_loss : 0.00117, 
epoch 104 summary: dyn_dyn_cos_loss: 0.00106, dyn_sta_cos_loss: 0.00128, total_cos_loss : 0.00117, 
epoch 105 summary: dyn_dyn_cos_loss: 0.00117, dyn_sta_cos_loss: 0.00128, total_cos_loss : 0.00123, 
epoch 106 summary: dyn_dyn_cos_loss: 0.00114, dyn_sta_cos_loss: 0.00129, total_cos_loss : 0.00122, 
epoch 107 summary: dyn_dyn_cos_loss: 0.00112, dyn_sta_cos_loss: 0.00129, total_cos_loss : 0.00121, 
epoch 108 summary: dyn_dyn_cos_loss: 0.00110, dyn_sta_cos_loss: 0.00129, total_cos_loss : 0.00120, 
epoch 109 summary: dyn_dyn_cos_loss: 0.00109, dyn_sta_cos_loss: 0.00129, total_cos_loss : 0.00119, 
epoch 110 summary: dyn_dyn_cos_loss: 0.00109, dyn_sta_cos_loss: 0.00129, total_cos_loss : 0.00119, 
valid loss: 1.7116, valid acc: 0.5371
epoch 111 summary: dyn_dyn_cos_loss: 0.00108, dyn_sta_cos_loss: 0.00129, total_cos_loss : 0.00118, 
epoch 112 summary: dyn_dyn_cos_loss: 0.00107, dyn_sta_cos_loss: 0.00129, total_cos_loss : 0.00118, 
epoch 113 summary: dyn_dyn_cos_loss: 0.00106, dyn_sta_cos_loss: 0.00129, total_cos_loss : 0.00117, 
epoch 114 summary: dyn_dyn_cos_loss: 0.00106, dyn_sta_cos_loss: 0.00129, total_cos_loss : 0.00117, 
epoch 115 summary: dyn_dyn_cos_loss: 0.00105, dyn_sta_cos_loss: 0.00128, total_cos_loss : 0.00117, 
epoch 116 summary: dyn_dyn_cos_loss: 0.00105, dyn_sta_cos_loss: 0.00128, total_cos_loss : 0.00117, 
epoch 117 summary: dyn_dyn_cos_loss: 0.00105, dyn_sta_cos_loss: 0.00128, total_cos_loss : 0.00117, 
epoch 118 summary: dyn_dyn_cos_loss: 0.00105, dyn_sta_cos_loss: 0.00128, total_cos_loss : 0.00116, 
epoch 119 summary: dyn_dyn_cos_loss: 0.00105, dyn_sta_cos_loss: 0.00128, total_cos_loss : 0.00116, 
epoch 120 summary: dyn_dyn_cos_loss: 0.00119, dyn_sta_cos_loss: 0.00128, total_cos_loss : 0.00123, 
valid loss: 1.7073, valid acc: 0.5430
epoch 121 summary: dyn_dyn_cos_loss: 0.00115, dyn_sta_cos_loss: 0.00128, total_cos_loss : 0.00122, 
epoch 122 summary: dyn_dyn_cos_loss: 0.00113, dyn_sta_cos_loss: 0.00129, total_cos_loss : 0.00121, 
epoch 123 summary: dyn_dyn_cos_loss: 0.00111, dyn_sta_cos_loss: 0.00129, total_cos_loss : 0.00120, 
epoch 124 summary: dyn_dyn_cos_loss: 0.00109, dyn_sta_cos_loss: 0.00129, total_cos_loss : 0.00119, 
epoch 125 summary: dyn_dyn_cos_loss: 0.00109, dyn_sta_cos_loss: 0.00129, total_cos_loss : 0.00119, 
epoch 126 summary: dyn_dyn_cos_loss: 0.00108, dyn_sta_cos_loss: 0.00129, total_cos_loss : 0.00118, 
epoch 127 summary: dyn_dyn_cos_loss: 0.00107, dyn_sta_cos_loss: 0.00129, total_cos_loss : 0.00118, 
epoch 128 summary: dyn_dyn_cos_loss: 0.00107, dyn_sta_cos_loss: 0.00129, total_cos_loss : 0.00118, 
epoch 129 summary: dyn_dyn_cos_loss: 0.00106, dyn_sta_cos_loss: 0.00129, total_cos_loss : 0.00117, 
epoch 130 summary: dyn_dyn_cos_loss: 0.00106, dyn_sta_cos_loss: 0.00129, total_cos_loss : 0.00117, 
valid loss: 1.7013, valid acc: 0.5332
epoch 131 summary: dyn_dyn_cos_loss: 0.00106, dyn_sta_cos_loss: 0.00129, total_cos_loss : 0.00117, 
epoch 132 summary: dyn_dyn_cos_loss: 0.00105, dyn_sta_cos_loss: 0.00129, total_cos_loss : 0.00117, 
epoch 133 summary: dyn_dyn_cos_loss: 0.00105, dyn_sta_cos_loss: 0.00128, total_cos_loss : 0.00117, 
epoch 134 summary: dyn_dyn_cos_loss: 0.00105, dyn_sta_cos_loss: 0.00128, total_cos_loss : 0.00117, 
epoch 135 summary: dyn_dyn_cos_loss: 0.00116, dyn_sta_cos_loss: 0.00128, total_cos_loss : 0.00122, 
epoch 136 summary: dyn_dyn_cos_loss: 0.00113, dyn_sta_cos_loss: 0.00129, total_cos_loss : 0.00121, 
epoch 137 summary: dyn_dyn_cos_loss: 0.00111, dyn_sta_cos_loss: 0.00129, total_cos_loss : 0.00120, 
epoch 138 summary: dyn_dyn_cos_loss: 0.00109, dyn_sta_cos_loss: 0.00129, total_cos_loss : 0.00119, 
epoch 139 summary: dyn_dyn_cos_loss: 0.00108, dyn_sta_cos_loss: 0.00129, total_cos_loss : 0.00119, 
epoch 140 summary: dyn_dyn_cos_loss: 0.00107, dyn_sta_cos_loss: 0.00129, total_cos_loss : 0.00118, 
valid loss: 1.6938, valid acc: 0.5312
epoch 141 summary: dyn_dyn_cos_loss: 0.00107, dyn_sta_cos_loss: 0.00129, total_cos_loss : 0.00118, 
epoch 142 summary: dyn_dyn_cos_loss: 0.00106, dyn_sta_cos_loss: 0.00129, total_cos_loss : 0.00117, 
epoch 143 summary: dyn_dyn_cos_loss: 0.00106, dyn_sta_cos_loss: 0.00129, total_cos_loss : 0.00117, 
epoch 144 summary: dyn_dyn_cos_loss: 0.00105, dyn_sta_cos_loss: 0.00129, total_cos_loss : 0.00117, 
epoch 145 summary: dyn_dyn_cos_loss: 0.00105, dyn_sta_cos_loss: 0.00128, total_cos_loss : 0.00117, 
epoch 146 summary: dyn_dyn_cos_loss: 0.00104, dyn_sta_cos_loss: 0.00128, total_cos_loss : 0.00116, 
epoch 147 summary: dyn_dyn_cos_loss: 0.00104, dyn_sta_cos_loss: 0.00128, total_cos_loss : 0.00116, 
epoch 148 summary: dyn_dyn_cos_loss: 0.00104, dyn_sta_cos_loss: 0.00128, total_cos_loss : 0.00116, 
epoch 149 summary: dyn_dyn_cos_loss: 0.00104, dyn_sta_cos_loss: 0.00128, total_cos_loss : 0.00116, 
epoch 150 summary: dyn_dyn_cos_loss: 0.00118, dyn_sta_cos_loss: 0.00128, total_cos_loss : 0.00123, 
valid loss: 1.6775, valid acc: 0.5332
epoch 151 summary: dyn_dyn_cos_loss: 0.00115, dyn_sta_cos_loss: 0.00128, total_cos_loss : 0.00122, 
epoch 152 summary: dyn_dyn_cos_loss: 0.00113, dyn_sta_cos_loss: 0.00129, total_cos_loss : 0.00121, 
epoch 153 summary: dyn_dyn_cos_loss: 0.00111, dyn_sta_cos_loss: 0.00129, total_cos_loss : 0.00120, 
epoch 154 summary: dyn_dyn_cos_loss: 0.00109, dyn_sta_cos_loss: 0.00129, total_cos_loss : 0.00119, 
epoch 155 summary: dyn_dyn_cos_loss: 0.00108, dyn_sta_cos_loss: 0.00129, total_cos_loss : 0.00119, 
epoch 156 summary: dyn_dyn_cos_loss: 0.00108, dyn_sta_cos_loss: 0.00129, total_cos_loss : 0.00118, 
epoch 157 summary: dyn_dyn_cos_loss: 0.00107, dyn_sta_cos_loss: 0.00129, total_cos_loss : 0.00118, 
epoch 158 summary: dyn_dyn_cos_loss: 0.00106, dyn_sta_cos_loss: 0.00129, total_cos_loss : 0.00117, 
epoch 159 summary: dyn_dyn_cos_loss: 0.00106, dyn_sta_cos_loss: 0.00128, total_cos_loss : 0.00117, 
epoch 160 summary: dyn_dyn_cos_loss: 0.00106, dyn_sta_cos_loss: 0.00128, total_cos_loss : 0.00117, 
valid loss: 1.7071, valid acc: 0.5332
epoch 161 summary: dyn_dyn_cos_loss: 0.00105, dyn_sta_cos_loss: 0.00128, total_cos_loss : 0.00117, 
epoch 162 summary: dyn_dyn_cos_loss: 0.00105, dyn_sta_cos_loss: 0.00128, total_cos_loss : 0.00117, 
epoch 163 summary: dyn_dyn_cos_loss: 0.00105, dyn_sta_cos_loss: 0.00128, total_cos_loss : 0.00117, 
epoch 164 summary: dyn_dyn_cos_loss: 0.00105, dyn_sta_cos_loss: 0.00128, total_cos_loss : 0.00117, 
epoch 165 summary: dyn_dyn_cos_loss: 0.00117, dyn_sta_cos_loss: 0.00128, total_cos_loss : 0.00123, 
epoch 166 summary: dyn_dyn_cos_loss: 0.00114, dyn_sta_cos_loss: 0.00129, total_cos_loss : 0.00121, 
epoch 167 summary: dyn_dyn_cos_loss: 0.00112, dyn_sta_cos_loss: 0.00129, total_cos_loss : 0.00121, 
epoch 168 summary: dyn_dyn_cos_loss: 0.00111, dyn_sta_cos_loss: 0.00129, total_cos_loss : 0.00120, 
epoch 169 summary: dyn_dyn_cos_loss: 0.00110, dyn_sta_cos_loss: 0.00129, total_cos_loss : 0.00119, 
epoch 170 summary: dyn_dyn_cos_loss: 0.00109, dyn_sta_cos_loss: 0.00129, total_cos_loss : 0.00119, 
valid loss: 1.7084, valid acc: 0.5449
epoch 171 summary: dyn_dyn_cos_loss: 0.00108, dyn_sta_cos_loss: 0.00128, total_cos_loss : 0.00118, 
epoch 172 summary: dyn_dyn_cos_loss: 0.00108, dyn_sta_cos_loss: 0.00128, total_cos_loss : 0.00118, 
epoch 173 summary: dyn_dyn_cos_loss: 0.00107, dyn_sta_cos_loss: 0.00128, total_cos_loss : 0.00118, 
epoch 174 summary: dyn_dyn_cos_loss: 0.00107, dyn_sta_cos_loss: 0.00128, total_cos_loss : 0.00117, 
epoch 175 summary: dyn_dyn_cos_loss: 0.00106, dyn_sta_cos_loss: 0.00128, total_cos_loss : 0.00117, 
epoch 176 summary: dyn_dyn_cos_loss: 0.00106, dyn_sta_cos_loss: 0.00128, total_cos_loss : 0.00117, 
epoch 177 summary: dyn_dyn_cos_loss: 0.00106, dyn_sta_cos_loss: 0.00128, total_cos_loss : 0.00117, 
epoch 178 summary: dyn_dyn_cos_loss: 0.00106, dyn_sta_cos_loss: 0.00128, total_cos_loss : 0.00117, 
epoch 179 summary: dyn_dyn_cos_loss: 0.00105, dyn_sta_cos_loss: 0.00128, total_cos_loss : 0.00117, 
epoch 180 summary: dyn_dyn_cos_loss: 0.00116, dyn_sta_cos_loss: 0.00128, total_cos_loss : 0.00122, 
valid loss: 1.6844, valid acc: 0.5332
epoch 181 summary: dyn_dyn_cos_loss: 0.00113, dyn_sta_cos_loss: 0.00129, total_cos_loss : 0.00121, 
epoch 182 summary: dyn_dyn_cos_loss: 0.00111, dyn_sta_cos_loss: 0.00129, total_cos_loss : 0.00120, 
epoch 183 summary: dyn_dyn_cos_loss: 0.00110, dyn_sta_cos_loss: 0.00129, total_cos_loss : 0.00119, 
epoch 184 summary: dyn_dyn_cos_loss: 0.00109, dyn_sta_cos_loss: 0.00129, total_cos_loss : 0.00119, 
epoch 185 summary: dyn_dyn_cos_loss: 0.00108, dyn_sta_cos_loss: 0.00129, total_cos_loss : 0.00118, 
epoch 186 summary: dyn_dyn_cos_loss: 0.00107, dyn_sta_cos_loss: 0.00128, total_cos_loss : 0.00118, 
epoch 187 summary: dyn_dyn_cos_loss: 0.00106, dyn_sta_cos_loss: 0.00128, total_cos_loss : 0.00117, 
epoch 188 summary: dyn_dyn_cos_loss: 0.00106, dyn_sta_cos_loss: 0.00128, total_cos_loss : 0.00117, 
epoch 189 summary: dyn_dyn_cos_loss: 0.00105, dyn_sta_cos_loss: 0.00128, total_cos_loss : 0.00117, 
epoch 190 summary: dyn_dyn_cos_loss: 0.00105, dyn_sta_cos_loss: 0.00128, total_cos_loss : 0.00117, 
valid loss: 1.6921, valid acc: 0.5391
epoch 191 summary: dyn_dyn_cos_loss: 0.00105, dyn_sta_cos_loss: 0.00128, total_cos_loss : 0.00116, 
epoch 192 summary: dyn_dyn_cos_loss: 0.00105, dyn_sta_cos_loss: 0.00128, total_cos_loss : 0.00116, 
epoch 193 summary: dyn_dyn_cos_loss: 0.00105, dyn_sta_cos_loss: 0.00128, total_cos_loss : 0.00116, 
epoch 194 summary: dyn_dyn_cos_loss: 0.00105, dyn_sta_cos_loss: 0.00128, total_cos_loss : 0.00116, 
epoch 195 summary: dyn_dyn_cos_loss: 0.00117, dyn_sta_cos_loss: 0.00128, total_cos_loss : 0.00122, 
epoch 196 summary: dyn_dyn_cos_loss: 0.00114, dyn_sta_cos_loss: 0.00129, total_cos_loss : 0.00121, 
epoch 197 summary: dyn_dyn_cos_loss: 0.00111, dyn_sta_cos_loss: 0.00129, total_cos_loss : 0.00120, 
epoch 198 summary: dyn_dyn_cos_loss: 0.00110, dyn_sta_cos_loss: 0.00129, total_cos_loss : 0.00119, 
epoch 199 summary: dyn_dyn_cos_loss: 0.00109, dyn_sta_cos_loss: 0.00129, total_cos_loss : 0.00119, 
valid loss: 1.6683, valid acc: 0.5430
all                          75642.318ms
all_epoch                    75414.608ms
all_preparation                227.690ms
all_preparation_2              225.956ms
all_preparation_3                1.706ms
epoch                          276.182ms
epoch_pos_train                  5.921ms
epoch_preparation                0.399ms
epoch_train                    265.138ms
epoch_valid                      2.835ms
----------------------------------------
all                          75642.318ms
  all_epoch             99.70%
  all_preparation        0.30%
all_preparation                227.690ms
  all_preparation_2     99.24%
  all_preparation_3      0.75%
epoch                        55236.363ms
  epoch_train           96.00%
  epoch_pos_train        2.14%
  epoch_valid            1.03%
  epoch_preparation      0.14%
