Before CTE Training: train eu loss: 1.0715794563293457, eval eu loss: 1.492782711982727
Before CTE Training: train eu acc: 0.6578369140625, eval eu acc: 0.560546875
epoch   0 summary: dyn_dyn_cos_loss: 0.02371, dyn_sta_cos_loss: 0.00710, total_cos_loss : 0.00710, vocab_cro_loss : 4.48642, 
train loss: 3.6829, train acc: 0.2102
epoch   1 summary: dyn_dyn_cos_loss: 0.00000, dyn_sta_cos_loss: 0.00000, total_cos_loss : 0.00000, vocab_cro_loss : 3.68263, 
epoch   2 summary: dyn_dyn_cos_loss: 0.00000, dyn_sta_cos_loss: 0.00000, total_cos_loss : 0.00000, vocab_cro_loss : 3.59632, 
epoch   3 summary: dyn_dyn_cos_loss: 0.00000, dyn_sta_cos_loss: 0.00000, total_cos_loss : 0.00000, vocab_cro_loss : 3.50734, 
epoch   4 summary: dyn_dyn_cos_loss: 0.02279, dyn_sta_cos_loss: 0.00615, total_cos_loss : 0.00615, vocab_cro_loss : 3.41610, 
epoch   5 summary: dyn_dyn_cos_loss: 0.00000, dyn_sta_cos_loss: 0.00000, total_cos_loss : 0.00000, vocab_cro_loss : 2.76895, 
epoch   6 summary: dyn_dyn_cos_loss: 0.00000, dyn_sta_cos_loss: 0.00000, total_cos_loss : 0.00000, vocab_cro_loss : 2.74246, 
epoch   7 summary: dyn_dyn_cos_loss: 0.00000, dyn_sta_cos_loss: 0.00000, total_cos_loss : 0.00000, vocab_cro_loss : 2.71608, 
epoch   8 summary: dyn_dyn_cos_loss: 0.02052, dyn_sta_cos_loss: 0.00501, total_cos_loss : 0.00501, vocab_cro_loss : 2.70684, 
epoch   9 summary: dyn_dyn_cos_loss: 0.00000, dyn_sta_cos_loss: 0.00000, total_cos_loss : 0.00000, vocab_cro_loss : 2.30377, 
epoch  10 summary: dyn_dyn_cos_loss: 0.00000, dyn_sta_cos_loss: 0.00000, total_cos_loss : 0.00000, vocab_cro_loss : 2.29145, 
train loss: 2.2769, train acc: 0.4739
epoch  11 summary: dyn_dyn_cos_loss: 0.00000, dyn_sta_cos_loss: 0.00000, total_cos_loss : 0.00000, vocab_cro_loss : 2.27684, 
epoch  12 summary: dyn_dyn_cos_loss: 0.01772, dyn_sta_cos_loss: 0.00415, total_cos_loss : 0.00415, vocab_cro_loss : 2.26836, 
epoch  13 summary: dyn_dyn_cos_loss: 0.00000, dyn_sta_cos_loss: 0.00000, total_cos_loss : 0.00000, vocab_cro_loss : 1.99173, 
epoch  14 summary: dyn_dyn_cos_loss: 0.00000, dyn_sta_cos_loss: 0.00000, total_cos_loss : 0.00000, vocab_cro_loss : 1.98666, 
epoch  15 summary: dyn_dyn_cos_loss: 0.00000, dyn_sta_cos_loss: 0.00000, total_cos_loss : 0.00000, vocab_cro_loss : 1.98298, 
epoch  16 summary: dyn_dyn_cos_loss: 0.01543, dyn_sta_cos_loss: 0.00362, total_cos_loss : 0.00362, vocab_cro_loss : 1.97588, 
epoch  17 summary: dyn_dyn_cos_loss: 0.00000, dyn_sta_cos_loss: 0.00000, total_cos_loss : 0.00000, vocab_cro_loss : 1.80678, 
epoch  18 summary: dyn_dyn_cos_loss: 0.00000, dyn_sta_cos_loss: 0.00000, total_cos_loss : 0.00000, vocab_cro_loss : 1.79923, 
epoch  19 summary: dyn_dyn_cos_loss: 0.00000, dyn_sta_cos_loss: 0.00000, total_cos_loss : 0.00000, vocab_cro_loss : 1.79183, 
epoch  20 summary: dyn_dyn_cos_loss: 0.01380, dyn_sta_cos_loss: 0.00325, total_cos_loss : 0.00325, vocab_cro_loss : 1.78837, 
train loss: 1.6890, train acc: 0.5673
epoch  21 summary: dyn_dyn_cos_loss: 0.00000, dyn_sta_cos_loss: 0.00000, total_cos_loss : 0.00000, vocab_cro_loss : 1.68901, 
epoch  22 summary: dyn_dyn_cos_loss: 0.00000, dyn_sta_cos_loss: 0.00000, total_cos_loss : 0.00000, vocab_cro_loss : 1.68269, 
epoch  23 summary: dyn_dyn_cos_loss: 0.00000, dyn_sta_cos_loss: 0.00000, total_cos_loss : 0.00000, vocab_cro_loss : 1.67597, 
epoch  24 summary: dyn_dyn_cos_loss: 0.01254, dyn_sta_cos_loss: 0.00295, total_cos_loss : 0.00295, vocab_cro_loss : 1.67134, 
epoch  25 summary: dyn_dyn_cos_loss: 0.00000, dyn_sta_cos_loss: 0.00000, total_cos_loss : 0.00000, vocab_cro_loss : 1.61370, 
epoch  26 summary: dyn_dyn_cos_loss: 0.00000, dyn_sta_cos_loss: 0.00000, total_cos_loss : 0.00000, vocab_cro_loss : 1.60289, 
epoch  27 summary: dyn_dyn_cos_loss: 0.00000, dyn_sta_cos_loss: 0.00000, total_cos_loss : 0.00000, vocab_cro_loss : 1.59202, 
epoch  28 summary: dyn_dyn_cos_loss: 0.01144, dyn_sta_cos_loss: 0.00277, total_cos_loss : 0.00277, vocab_cro_loss : 1.58554, 
epoch  29 summary: dyn_dyn_cos_loss: 0.00000, dyn_sta_cos_loss: 0.00000, total_cos_loss : 0.00000, vocab_cro_loss : 1.54601, 
epoch  30 summary: dyn_dyn_cos_loss: 0.00000, dyn_sta_cos_loss: 0.00000, total_cos_loss : 0.00000, vocab_cro_loss : 1.53292, 
train loss: 1.5287, train acc: 0.5955
epoch  31 summary: dyn_dyn_cos_loss: 0.00000, dyn_sta_cos_loss: 0.00000, total_cos_loss : 0.00000, vocab_cro_loss : 1.52867, 
epoch  32 summary: dyn_dyn_cos_loss: 0.01060, dyn_sta_cos_loss: 0.00260, total_cos_loss : 0.00260, vocab_cro_loss : 1.52135, 
epoch  33 summary: dyn_dyn_cos_loss: 0.00000, dyn_sta_cos_loss: 0.00000, total_cos_loss : 0.00000, vocab_cro_loss : 1.49715, 
epoch  34 summary: dyn_dyn_cos_loss: 0.00000, dyn_sta_cos_loss: 0.00000, total_cos_loss : 0.00000, vocab_cro_loss : 1.49000, 
epoch  35 summary: dyn_dyn_cos_loss: 0.00000, dyn_sta_cos_loss: 0.00000, total_cos_loss : 0.00000, vocab_cro_loss : 1.48414, 
epoch  36 summary: dyn_dyn_cos_loss: 0.00996, dyn_sta_cos_loss: 0.00247, total_cos_loss : 0.00247, vocab_cro_loss : 1.47604, 
epoch  37 summary: dyn_dyn_cos_loss: 0.00000, dyn_sta_cos_loss: 0.00000, total_cos_loss : 0.00000, vocab_cro_loss : 1.46798, 
epoch  38 summary: dyn_dyn_cos_loss: 0.00000, dyn_sta_cos_loss: 0.00000, total_cos_loss : 0.00000, vocab_cro_loss : 1.45479, 
epoch  39 summary: dyn_dyn_cos_loss: 0.00000, dyn_sta_cos_loss: 0.00000, total_cos_loss : 0.00000, vocab_cro_loss : 1.44779, 
epoch  40 summary: dyn_dyn_cos_loss: 0.00933, dyn_sta_cos_loss: 0.00235, total_cos_loss : 0.00235, vocab_cro_loss : 1.44163, 
train loss: 1.4397, train acc: 0.6084
epoch  41 summary: dyn_dyn_cos_loss: 0.00000, dyn_sta_cos_loss: 0.00000, total_cos_loss : 0.00000, vocab_cro_loss : 1.43964, 
epoch  42 summary: dyn_dyn_cos_loss: 0.00000, dyn_sta_cos_loss: 0.00000, total_cos_loss : 0.00000, vocab_cro_loss : 1.42974, 
epoch  43 summary: dyn_dyn_cos_loss: 0.00000, dyn_sta_cos_loss: 0.00000, total_cos_loss : 0.00000, vocab_cro_loss : 1.42535, 
epoch  44 summary: dyn_dyn_cos_loss: 0.00883, dyn_sta_cos_loss: 0.00223, total_cos_loss : 0.00223, vocab_cro_loss : 1.41821, 
epoch  45 summary: dyn_dyn_cos_loss: 0.00000, dyn_sta_cos_loss: 0.00000, total_cos_loss : 0.00000, vocab_cro_loss : 1.41614, 
epoch  46 summary: dyn_dyn_cos_loss: 0.00000, dyn_sta_cos_loss: 0.00000, total_cos_loss : 0.00000, vocab_cro_loss : 1.40916, 
epoch  47 summary: dyn_dyn_cos_loss: 0.00000, dyn_sta_cos_loss: 0.00000, total_cos_loss : 0.00000, vocab_cro_loss : 1.40047, 
epoch  48 summary: dyn_dyn_cos_loss: 0.00836, dyn_sta_cos_loss: 0.00218, total_cos_loss : 0.00218, vocab_cro_loss : 1.39395, 
epoch  49 summary: dyn_dyn_cos_loss: 0.00000, dyn_sta_cos_loss: 0.00000, total_cos_loss : 0.00000, vocab_cro_loss : 1.40036, 
epoch  50 summary: dyn_dyn_cos_loss: 0.00000, dyn_sta_cos_loss: 0.00000, total_cos_loss : 0.00000, vocab_cro_loss : 1.39172, 
train loss: 1.3830, train acc: 0.6155
epoch  51 summary: dyn_dyn_cos_loss: 0.00000, dyn_sta_cos_loss: 0.00000, total_cos_loss : 0.00000, vocab_cro_loss : 1.38301, 
epoch  52 summary: dyn_dyn_cos_loss: 0.00810, dyn_sta_cos_loss: 0.00212, total_cos_loss : 0.00212, vocab_cro_loss : 1.38071, 
epoch  53 summary: dyn_dyn_cos_loss: 0.00000, dyn_sta_cos_loss: 0.00000, total_cos_loss : 0.00000, vocab_cro_loss : 1.39111, 
epoch  54 summary: dyn_dyn_cos_loss: 0.00000, dyn_sta_cos_loss: 0.00000, total_cos_loss : 0.00000, vocab_cro_loss : 1.37935, 
epoch  55 summary: dyn_dyn_cos_loss: 0.00000, dyn_sta_cos_loss: 0.00000, total_cos_loss : 0.00000, vocab_cro_loss : 1.37221, 
epoch  56 summary: dyn_dyn_cos_loss: 0.00785, dyn_sta_cos_loss: 0.00207, total_cos_loss : 0.00207, vocab_cro_loss : 1.36854, 
epoch  57 summary: dyn_dyn_cos_loss: 0.00000, dyn_sta_cos_loss: 0.00000, total_cos_loss : 0.00000, vocab_cro_loss : 1.37486, 
epoch  58 summary: dyn_dyn_cos_loss: 0.00000, dyn_sta_cos_loss: 0.00000, total_cos_loss : 0.00000, vocab_cro_loss : 1.36784, 
epoch  59 summary: dyn_dyn_cos_loss: 0.00000, dyn_sta_cos_loss: 0.00000, total_cos_loss : 0.00000, vocab_cro_loss : 1.35684, 
epoch  60 summary: dyn_dyn_cos_loss: 0.00766, dyn_sta_cos_loss: 0.00202, total_cos_loss : 0.00202, vocab_cro_loss : 1.35295, 
train loss: 1.3653, train acc: 0.6166
epoch  61 summary: dyn_dyn_cos_loss: 0.00000, dyn_sta_cos_loss: 0.00000, total_cos_loss : 0.00000, vocab_cro_loss : 1.36531, 
epoch  62 summary: dyn_dyn_cos_loss: 0.00000, dyn_sta_cos_loss: 0.00000, total_cos_loss : 0.00000, vocab_cro_loss : 1.35268, 
epoch  63 summary: dyn_dyn_cos_loss: 0.00000, dyn_sta_cos_loss: 0.00000, total_cos_loss : 0.00000, vocab_cro_loss : 1.34723, 
epoch  64 summary: dyn_dyn_cos_loss: 0.00750, dyn_sta_cos_loss: 0.00199, total_cos_loss : 0.00199, vocab_cro_loss : 1.34073, 
epoch  65 summary: dyn_dyn_cos_loss: 0.00000, dyn_sta_cos_loss: 0.00000, total_cos_loss : 0.00000, vocab_cro_loss : 1.36484, 
epoch  66 summary: dyn_dyn_cos_loss: 0.00000, dyn_sta_cos_loss: 0.00000, total_cos_loss : 0.00000, vocab_cro_loss : 1.35867, 
epoch  67 summary: dyn_dyn_cos_loss: 0.00000, dyn_sta_cos_loss: 0.00000, total_cos_loss : 0.00000, vocab_cro_loss : 1.35118, 
epoch  68 summary: dyn_dyn_cos_loss: 0.00737, dyn_sta_cos_loss: 0.00193, total_cos_loss : 0.00193, vocab_cro_loss : 1.34714, 
epoch  69 summary: dyn_dyn_cos_loss: 0.00000, dyn_sta_cos_loss: 0.00000, total_cos_loss : 0.00000, vocab_cro_loss : 1.35178, 
epoch  70 summary: dyn_dyn_cos_loss: 0.00000, dyn_sta_cos_loss: 0.00000, total_cos_loss : 0.00000, vocab_cro_loss : 1.33777, 
train loss: 1.3294, train acc: 0.6244
epoch  71 summary: dyn_dyn_cos_loss: 0.00000, dyn_sta_cos_loss: 0.00000, total_cos_loss : 0.00000, vocab_cro_loss : 1.32940, 
epoch  72 summary: dyn_dyn_cos_loss: 0.00719, dyn_sta_cos_loss: 0.00191, total_cos_loss : 0.00191, vocab_cro_loss : 1.32695, 
epoch  73 summary: dyn_dyn_cos_loss: 0.00000, dyn_sta_cos_loss: 0.00000, total_cos_loss : 0.00000, vocab_cro_loss : 1.34834, 
epoch  74 summary: dyn_dyn_cos_loss: 0.00000, dyn_sta_cos_loss: 0.00000, total_cos_loss : 0.00000, vocab_cro_loss : 1.34287, 
epoch  75 summary: dyn_dyn_cos_loss: 0.00000, dyn_sta_cos_loss: 0.00000, total_cos_loss : 0.00000, vocab_cro_loss : 1.33610, 
epoch  76 summary: dyn_dyn_cos_loss: 0.00706, dyn_sta_cos_loss: 0.00187, total_cos_loss : 0.00187, vocab_cro_loss : 1.33129, 
epoch  77 summary: dyn_dyn_cos_loss: 0.00000, dyn_sta_cos_loss: 0.00000, total_cos_loss : 0.00000, vocab_cro_loss : 1.34735, 
epoch  78 summary: dyn_dyn_cos_loss: 0.00000, dyn_sta_cos_loss: 0.00000, total_cos_loss : 0.00000, vocab_cro_loss : 1.33988, 
epoch  79 summary: dyn_dyn_cos_loss: 0.00000, dyn_sta_cos_loss: 0.00000, total_cos_loss : 0.00000, vocab_cro_loss : 1.32813, 
epoch  80 summary: dyn_dyn_cos_loss: 0.00690, dyn_sta_cos_loss: 0.00187, total_cos_loss : 0.00187, vocab_cro_loss : 1.32388, 
train loss: 1.3464, train acc: 0.6200
epoch  81 summary: dyn_dyn_cos_loss: 0.00000, dyn_sta_cos_loss: 0.00000, total_cos_loss : 0.00000, vocab_cro_loss : 1.34633, 
epoch  82 summary: dyn_dyn_cos_loss: 0.00000, dyn_sta_cos_loss: 0.00000, total_cos_loss : 0.00000, vocab_cro_loss : 1.33851, 
epoch  83 summary: dyn_dyn_cos_loss: 0.00000, dyn_sta_cos_loss: 0.00000, total_cos_loss : 0.00000, vocab_cro_loss : 1.33246, 
epoch  84 summary: dyn_dyn_cos_loss: 0.00678, dyn_sta_cos_loss: 0.00184, total_cos_loss : 0.00184, vocab_cro_loss : 1.32622, 
epoch  85 summary: dyn_dyn_cos_loss: 0.00000, dyn_sta_cos_loss: 0.00000, total_cos_loss : 0.00000, vocab_cro_loss : 1.34205, 
epoch  86 summary: dyn_dyn_cos_loss: 0.00000, dyn_sta_cos_loss: 0.00000, total_cos_loss : 0.00000, vocab_cro_loss : 1.32558, 
epoch  87 summary: dyn_dyn_cos_loss: 0.00000, dyn_sta_cos_loss: 0.00000, total_cos_loss : 0.00000, vocab_cro_loss : 1.31901, 
epoch  88 summary: dyn_dyn_cos_loss: 0.00669, dyn_sta_cos_loss: 0.00183, total_cos_loss : 0.00183, vocab_cro_loss : 1.31502, 
epoch  89 summary: dyn_dyn_cos_loss: 0.00000, dyn_sta_cos_loss: 0.00000, total_cos_loss : 0.00000, vocab_cro_loss : 1.33523, 
epoch  90 summary: dyn_dyn_cos_loss: 0.00000, dyn_sta_cos_loss: 0.00000, total_cos_loss : 0.00000, vocab_cro_loss : 1.31745, 
train loss: 1.3137, train acc: 0.6218
epoch  91 summary: dyn_dyn_cos_loss: 0.00000, dyn_sta_cos_loss: 0.00000, total_cos_loss : 0.00000, vocab_cro_loss : 1.31369, 
epoch  92 summary: dyn_dyn_cos_loss: 0.00657, dyn_sta_cos_loss: 0.00182, total_cos_loss : 0.00182, vocab_cro_loss : 1.31065, 
epoch  93 summary: dyn_dyn_cos_loss: 0.00000, dyn_sta_cos_loss: 0.00000, total_cos_loss : 0.00000, vocab_cro_loss : 1.32742, 
epoch  94 summary: dyn_dyn_cos_loss: 0.00000, dyn_sta_cos_loss: 0.00000, total_cos_loss : 0.00000, vocab_cro_loss : 1.32136, 
epoch  95 summary: dyn_dyn_cos_loss: 0.00000, dyn_sta_cos_loss: 0.00000, total_cos_loss : 0.00000, vocab_cro_loss : 1.31456, 
epoch  96 summary: dyn_dyn_cos_loss: 0.00641, dyn_sta_cos_loss: 0.00178, total_cos_loss : 0.00178, vocab_cro_loss : 1.30788, 
epoch  97 summary: dyn_dyn_cos_loss: 0.00000, dyn_sta_cos_loss: 0.00000, total_cos_loss : 0.00000, vocab_cro_loss : 1.32693, 
epoch  98 summary: dyn_dyn_cos_loss: 0.00000, dyn_sta_cos_loss: 0.00000, total_cos_loss : 0.00000, vocab_cro_loss : 1.31772, 
epoch  99 summary: dyn_dyn_cos_loss: 0.00000, dyn_sta_cos_loss: 0.00000, total_cos_loss : 0.00000, vocab_cro_loss : 1.30926, 
epoch 100 summary: dyn_dyn_cos_loss: 0.00626, dyn_sta_cos_loss: 0.00176, total_cos_loss : 0.00176, vocab_cro_loss : 1.30386, 
train loss: 1.3239, train acc: 0.6189
epoch 101 summary: dyn_dyn_cos_loss: 0.00000, dyn_sta_cos_loss: 0.00000, total_cos_loss : 0.00000, vocab_cro_loss : 1.32393, 
epoch 102 summary: dyn_dyn_cos_loss: 0.00000, dyn_sta_cos_loss: 0.00000, total_cos_loss : 0.00000, vocab_cro_loss : 1.31631, 
epoch 103 summary: dyn_dyn_cos_loss: 0.00000, dyn_sta_cos_loss: 0.00000, total_cos_loss : 0.00000, vocab_cro_loss : 1.30829, 
epoch 104 summary: dyn_dyn_cos_loss: 0.00612, dyn_sta_cos_loss: 0.00173, total_cos_loss : 0.00173, vocab_cro_loss : 1.30349, 
epoch 105 summary: dyn_dyn_cos_loss: 0.00000, dyn_sta_cos_loss: 0.00000, total_cos_loss : 0.00000, vocab_cro_loss : 1.32290, 
epoch 106 summary: dyn_dyn_cos_loss: 0.00000, dyn_sta_cos_loss: 0.00000, total_cos_loss : 0.00000, vocab_cro_loss : 1.31604, 
epoch 107 summary: dyn_dyn_cos_loss: 0.00000, dyn_sta_cos_loss: 0.00000, total_cos_loss : 0.00000, vocab_cro_loss : 1.30967, 
epoch 108 summary: dyn_dyn_cos_loss: 0.00599, dyn_sta_cos_loss: 0.00173, total_cos_loss : 0.00173, vocab_cro_loss : 1.30343, 
epoch 109 summary: dyn_dyn_cos_loss: 0.00000, dyn_sta_cos_loss: 0.00000, total_cos_loss : 0.00000, vocab_cro_loss : 1.32408, 
epoch 110 summary: dyn_dyn_cos_loss: 0.00000, dyn_sta_cos_loss: 0.00000, total_cos_loss : 0.00000, vocab_cro_loss : 1.31712, 
train loss: 1.3069, train acc: 0.6157
epoch 111 summary: dyn_dyn_cos_loss: 0.00000, dyn_sta_cos_loss: 0.00000, total_cos_loss : 0.00000, vocab_cro_loss : 1.30689, 
epoch 112 summary: dyn_dyn_cos_loss: 0.00592, dyn_sta_cos_loss: 0.00171, total_cos_loss : 0.00171, vocab_cro_loss : 1.30214, 
epoch 113 summary: dyn_dyn_cos_loss: 0.00000, dyn_sta_cos_loss: 0.00000, total_cos_loss : 0.00000, vocab_cro_loss : 1.32825, 
epoch 114 summary: dyn_dyn_cos_loss: 0.00000, dyn_sta_cos_loss: 0.00000, total_cos_loss : 0.00000, vocab_cro_loss : 1.31528, 
epoch 115 summary: dyn_dyn_cos_loss: 0.00000, dyn_sta_cos_loss: 0.00000, total_cos_loss : 0.00000, vocab_cro_loss : 1.30386, 
epoch 116 summary: dyn_dyn_cos_loss: 0.00585, dyn_sta_cos_loss: 0.00174, total_cos_loss : 0.00174, vocab_cro_loss : 1.29589, 
epoch 117 summary: dyn_dyn_cos_loss: 0.00000, dyn_sta_cos_loss: 0.00000, total_cos_loss : 0.00000, vocab_cro_loss : 1.32201, 
epoch 118 summary: dyn_dyn_cos_loss: 0.00000, dyn_sta_cos_loss: 0.00000, total_cos_loss : 0.00000, vocab_cro_loss : 1.31119, 
epoch 119 summary: dyn_dyn_cos_loss: 0.00000, dyn_sta_cos_loss: 0.00000, total_cos_loss : 0.00000, vocab_cro_loss : 1.30435, 
epoch 120 summary: dyn_dyn_cos_loss: 0.00583, dyn_sta_cos_loss: 0.00172, total_cos_loss : 0.00172, vocab_cro_loss : 1.29802, 
train loss: 1.3131, train acc: 0.6224
epoch 121 summary: dyn_dyn_cos_loss: 0.00000, dyn_sta_cos_loss: 0.00000, total_cos_loss : 0.00000, vocab_cro_loss : 1.31308, 
epoch 122 summary: dyn_dyn_cos_loss: 0.00000, dyn_sta_cos_loss: 0.00000, total_cos_loss : 0.00000, vocab_cro_loss : 1.30517, 
epoch 123 summary: dyn_dyn_cos_loss: 0.00000, dyn_sta_cos_loss: 0.00000, total_cos_loss : 0.00000, vocab_cro_loss : 1.29423, 
epoch 124 summary: dyn_dyn_cos_loss: 0.00573, dyn_sta_cos_loss: 0.00170, total_cos_loss : 0.00170, vocab_cro_loss : 1.28820, 
epoch 125 summary: dyn_dyn_cos_loss: 0.00000, dyn_sta_cos_loss: 0.00000, total_cos_loss : 0.00000, vocab_cro_loss : 1.31218, 
epoch 126 summary: dyn_dyn_cos_loss: 0.00000, dyn_sta_cos_loss: 0.00000, total_cos_loss : 0.00000, vocab_cro_loss : 1.30185, 
epoch 127 summary: dyn_dyn_cos_loss: 0.00000, dyn_sta_cos_loss: 0.00000, total_cos_loss : 0.00000, vocab_cro_loss : 1.29403, 
epoch 128 summary: dyn_dyn_cos_loss: 0.00572, dyn_sta_cos_loss: 0.00168, total_cos_loss : 0.00168, vocab_cro_loss : 1.29174, 
epoch 129 summary: dyn_dyn_cos_loss: 0.00000, dyn_sta_cos_loss: 0.00000, total_cos_loss : 0.00000, vocab_cro_loss : 1.30950, 
epoch 130 summary: dyn_dyn_cos_loss: 0.00000, dyn_sta_cos_loss: 0.00000, total_cos_loss : 0.00000, vocab_cro_loss : 1.30036, 
train loss: 1.2981, train acc: 0.6232
epoch 131 summary: dyn_dyn_cos_loss: 0.00000, dyn_sta_cos_loss: 0.00000, total_cos_loss : 0.00000, vocab_cro_loss : 1.29811, 
epoch 132 summary: dyn_dyn_cos_loss: 0.00564, dyn_sta_cos_loss: 0.00165, total_cos_loss : 0.00165, vocab_cro_loss : 1.29346, 
epoch 133 summary: dyn_dyn_cos_loss: 0.00000, dyn_sta_cos_loss: 0.00000, total_cos_loss : 0.00000, vocab_cro_loss : 1.31178, 
epoch 134 summary: dyn_dyn_cos_loss: 0.00000, dyn_sta_cos_loss: 0.00000, total_cos_loss : 0.00000, vocab_cro_loss : 1.30465, 
epoch 135 summary: dyn_dyn_cos_loss: 0.00000, dyn_sta_cos_loss: 0.00000, total_cos_loss : 0.00000, vocab_cro_loss : 1.29276, 
epoch 136 summary: dyn_dyn_cos_loss: 0.00558, dyn_sta_cos_loss: 0.00168, total_cos_loss : 0.00168, vocab_cro_loss : 1.28453, 
epoch 137 summary: dyn_dyn_cos_loss: 0.00000, dyn_sta_cos_loss: 0.00000, total_cos_loss : 0.00000, vocab_cro_loss : 1.30590, 
epoch 138 summary: dyn_dyn_cos_loss: 0.00000, dyn_sta_cos_loss: 0.00000, total_cos_loss : 0.00000, vocab_cro_loss : 1.29926, 
epoch 139 summary: dyn_dyn_cos_loss: 0.00000, dyn_sta_cos_loss: 0.00000, total_cos_loss : 0.00000, vocab_cro_loss : 1.29417, 
epoch 140 summary: dyn_dyn_cos_loss: 0.00558, dyn_sta_cos_loss: 0.00165, total_cos_loss : 0.00165, vocab_cro_loss : 1.28927, 
train loss: 1.3110, train acc: 0.6182
epoch 141 summary: dyn_dyn_cos_loss: 0.00000, dyn_sta_cos_loss: 0.00000, total_cos_loss : 0.00000, vocab_cro_loss : 1.31096, 
epoch 142 summary: dyn_dyn_cos_loss: 0.00000, dyn_sta_cos_loss: 0.00000, total_cos_loss : 0.00000, vocab_cro_loss : 1.30332, 
epoch 143 summary: dyn_dyn_cos_loss: 0.00000, dyn_sta_cos_loss: 0.00000, total_cos_loss : 0.00000, vocab_cro_loss : 1.29817, 
epoch 144 summary: dyn_dyn_cos_loss: 0.00560, dyn_sta_cos_loss: 0.00164, total_cos_loss : 0.00164, vocab_cro_loss : 1.29311, 
epoch 145 summary: dyn_dyn_cos_loss: 0.00000, dyn_sta_cos_loss: 0.00000, total_cos_loss : 0.00000, vocab_cro_loss : 1.31642, 
epoch 146 summary: dyn_dyn_cos_loss: 0.00000, dyn_sta_cos_loss: 0.00000, total_cos_loss : 0.00000, vocab_cro_loss : 1.30584, 
epoch 147 summary: dyn_dyn_cos_loss: 0.00000, dyn_sta_cos_loss: 0.00000, total_cos_loss : 0.00000, vocab_cro_loss : 1.29735, 
epoch 148 summary: dyn_dyn_cos_loss: 0.00559, dyn_sta_cos_loss: 0.00162, total_cos_loss : 0.00162, vocab_cro_loss : 1.29394, 
epoch 149 summary: dyn_dyn_cos_loss: 0.00000, dyn_sta_cos_loss: 0.00000, total_cos_loss : 0.00000, vocab_cro_loss : 1.31056, 
epoch 150 summary: dyn_dyn_cos_loss: 0.00000, dyn_sta_cos_loss: 0.00000, total_cos_loss : 0.00000, vocab_cro_loss : 1.29897, 
train loss: 1.2945, train acc: 0.6190
epoch 151 summary: dyn_dyn_cos_loss: 0.00000, dyn_sta_cos_loss: 0.00000, total_cos_loss : 0.00000, vocab_cro_loss : 1.29447, 
epoch 152 summary: dyn_dyn_cos_loss: 0.00553, dyn_sta_cos_loss: 0.00162, total_cos_loss : 0.00162, vocab_cro_loss : 1.28983, 
epoch 153 summary: dyn_dyn_cos_loss: 0.00000, dyn_sta_cos_loss: 0.00000, total_cos_loss : 0.00000, vocab_cro_loss : 1.31105, 
epoch 154 summary: dyn_dyn_cos_loss: 0.00000, dyn_sta_cos_loss: 0.00000, total_cos_loss : 0.00000, vocab_cro_loss : 1.30185, 
epoch 155 summary: dyn_dyn_cos_loss: 0.00000, dyn_sta_cos_loss: 0.00000, total_cos_loss : 0.00000, vocab_cro_loss : 1.28914, 
epoch 156 summary: dyn_dyn_cos_loss: 0.00550, dyn_sta_cos_loss: 0.00161, total_cos_loss : 0.00161, vocab_cro_loss : 1.28344, 
epoch 157 summary: dyn_dyn_cos_loss: 0.00000, dyn_sta_cos_loss: 0.00000, total_cos_loss : 0.00000, vocab_cro_loss : 1.30636, 
epoch 158 summary: dyn_dyn_cos_loss: 0.00000, dyn_sta_cos_loss: 0.00000, total_cos_loss : 0.00000, vocab_cro_loss : 1.29884, 
epoch 159 summary: dyn_dyn_cos_loss: 0.00000, dyn_sta_cos_loss: 0.00000, total_cos_loss : 0.00000, vocab_cro_loss : 1.29187, 
epoch 160 summary: dyn_dyn_cos_loss: 0.00547, dyn_sta_cos_loss: 0.00160, total_cos_loss : 0.00160, vocab_cro_loss : 1.28882, 
train loss: 1.3091, train acc: 0.6151
epoch 161 summary: dyn_dyn_cos_loss: 0.00000, dyn_sta_cos_loss: 0.00000, total_cos_loss : 0.00000, vocab_cro_loss : 1.30904, 
epoch 162 summary: dyn_dyn_cos_loss: 0.00000, dyn_sta_cos_loss: 0.00000, total_cos_loss : 0.00000, vocab_cro_loss : 1.30130, 
epoch 163 summary: dyn_dyn_cos_loss: 0.00000, dyn_sta_cos_loss: 0.00000, total_cos_loss : 0.00000, vocab_cro_loss : 1.29630, 
epoch 164 summary: dyn_dyn_cos_loss: 0.00547, dyn_sta_cos_loss: 0.00159, total_cos_loss : 0.00159, vocab_cro_loss : 1.28862, 
epoch 165 summary: dyn_dyn_cos_loss: 0.00000, dyn_sta_cos_loss: 0.00000, total_cos_loss : 0.00000, vocab_cro_loss : 1.31223, 
epoch 166 summary: dyn_dyn_cos_loss: 0.00000, dyn_sta_cos_loss: 0.00000, total_cos_loss : 0.00000, vocab_cro_loss : 1.30678, 
epoch 167 summary: dyn_dyn_cos_loss: 0.00000, dyn_sta_cos_loss: 0.00000, total_cos_loss : 0.00000, vocab_cro_loss : 1.29712, 
epoch 168 summary: dyn_dyn_cos_loss: 0.00548, dyn_sta_cos_loss: 0.00161, total_cos_loss : 0.00161, vocab_cro_loss : 1.29060, 
epoch 169 summary: dyn_dyn_cos_loss: 0.00000, dyn_sta_cos_loss: 0.00000, total_cos_loss : 0.00000, vocab_cro_loss : 1.30391, 
epoch 170 summary: dyn_dyn_cos_loss: 0.00000, dyn_sta_cos_loss: 0.00000, total_cos_loss : 0.00000, vocab_cro_loss : 1.29592, 
train loss: 1.2899, train acc: 0.6196
epoch 171 summary: dyn_dyn_cos_loss: 0.00000, dyn_sta_cos_loss: 0.00000, total_cos_loss : 0.00000, vocab_cro_loss : 1.28984, 
epoch 172 summary: dyn_dyn_cos_loss: 0.00548, dyn_sta_cos_loss: 0.00162, total_cos_loss : 0.00162, vocab_cro_loss : 1.28632, 
epoch 173 summary: dyn_dyn_cos_loss: 0.00000, dyn_sta_cos_loss: 0.00000, total_cos_loss : 0.00000, vocab_cro_loss : 1.30781, 
epoch 174 summary: dyn_dyn_cos_loss: 0.00000, dyn_sta_cos_loss: 0.00000, total_cos_loss : 0.00000, vocab_cro_loss : 1.29772, 
epoch 175 summary: dyn_dyn_cos_loss: 0.00000, dyn_sta_cos_loss: 0.00000, total_cos_loss : 0.00000, vocab_cro_loss : 1.29132, 
epoch 176 summary: dyn_dyn_cos_loss: 0.00550, dyn_sta_cos_loss: 0.00161, total_cos_loss : 0.00161, vocab_cro_loss : 1.28673, 
epoch 177 summary: dyn_dyn_cos_loss: 0.00000, dyn_sta_cos_loss: 0.00000, total_cos_loss : 0.00000, vocab_cro_loss : 1.31136, 
epoch 178 summary: dyn_dyn_cos_loss: 0.00000, dyn_sta_cos_loss: 0.00000, total_cos_loss : 0.00000, vocab_cro_loss : 1.30579, 
epoch 179 summary: dyn_dyn_cos_loss: 0.00000, dyn_sta_cos_loss: 0.00000, total_cos_loss : 0.00000, vocab_cro_loss : 1.29854, 
epoch 180 summary: dyn_dyn_cos_loss: 0.00548, dyn_sta_cos_loss: 0.00160, total_cos_loss : 0.00160, vocab_cro_loss : 1.29196, 
train loss: 1.3115, train acc: 0.6154
epoch 181 summary: dyn_dyn_cos_loss: 0.00000, dyn_sta_cos_loss: 0.00000, total_cos_loss : 0.00000, vocab_cro_loss : 1.31148, 
epoch 182 summary: dyn_dyn_cos_loss: 0.00000, dyn_sta_cos_loss: 0.00000, total_cos_loss : 0.00000, vocab_cro_loss : 1.30018, 
epoch 183 summary: dyn_dyn_cos_loss: 0.00000, dyn_sta_cos_loss: 0.00000, total_cos_loss : 0.00000, vocab_cro_loss : 1.29301, 
epoch 184 summary: dyn_dyn_cos_loss: 0.00548, dyn_sta_cos_loss: 0.00161, total_cos_loss : 0.00161, vocab_cro_loss : 1.29144, 
epoch 185 summary: dyn_dyn_cos_loss: 0.00000, dyn_sta_cos_loss: 0.00000, total_cos_loss : 0.00000, vocab_cro_loss : 1.30603, 
epoch 186 summary: dyn_dyn_cos_loss: 0.00000, dyn_sta_cos_loss: 0.00000, total_cos_loss : 0.00000, vocab_cro_loss : 1.29859, 
epoch 187 summary: dyn_dyn_cos_loss: 0.00000, dyn_sta_cos_loss: 0.00000, total_cos_loss : 0.00000, vocab_cro_loss : 1.29179, 
epoch 188 summary: dyn_dyn_cos_loss: 0.00552, dyn_sta_cos_loss: 0.00159, total_cos_loss : 0.00159, vocab_cro_loss : 1.28592, 
epoch 189 summary: dyn_dyn_cos_loss: 0.00000, dyn_sta_cos_loss: 0.00000, total_cos_loss : 0.00000, vocab_cro_loss : 1.31004, 
epoch 190 summary: dyn_dyn_cos_loss: 0.00000, dyn_sta_cos_loss: 0.00000, total_cos_loss : 0.00000, vocab_cro_loss : 1.30540, 
train loss: 1.2999, train acc: 0.6219
epoch 191 summary: dyn_dyn_cos_loss: 0.00000, dyn_sta_cos_loss: 0.00000, total_cos_loss : 0.00000, vocab_cro_loss : 1.29992, 
epoch 192 summary: dyn_dyn_cos_loss: 0.00552, dyn_sta_cos_loss: 0.00157, total_cos_loss : 0.00157, vocab_cro_loss : 1.29578, 
epoch 193 summary: dyn_dyn_cos_loss: 0.00000, dyn_sta_cos_loss: 0.00000, total_cos_loss : 0.00000, vocab_cro_loss : 1.31510, 
epoch 194 summary: dyn_dyn_cos_loss: 0.00000, dyn_sta_cos_loss: 0.00000, total_cos_loss : 0.00000, vocab_cro_loss : 1.30654, 
epoch 195 summary: dyn_dyn_cos_loss: 0.00000, dyn_sta_cos_loss: 0.00000, total_cos_loss : 0.00000, vocab_cro_loss : 1.29903, 
epoch 196 summary: dyn_dyn_cos_loss: 0.00554, dyn_sta_cos_loss: 0.00158, total_cos_loss : 0.00158, vocab_cro_loss : 1.29331, 
epoch 197 summary: dyn_dyn_cos_loss: 0.00000, dyn_sta_cos_loss: 0.00000, total_cos_loss : 0.00000, vocab_cro_loss : 1.31129, 
epoch 198 summary: dyn_dyn_cos_loss: 0.00000, dyn_sta_cos_loss: 0.00000, total_cos_loss : 0.00000, vocab_cro_loss : 1.29885, 
epoch 199 summary: dyn_dyn_cos_loss: 0.00000, dyn_sta_cos_loss: 0.00000, total_cos_loss : 0.00000, vocab_cro_loss : 1.29313, 
epoch 200 summary: dyn_dyn_cos_loss: 0.00552, dyn_sta_cos_loss: 0.00159, total_cos_loss : 0.00159, vocab_cro_loss : 1.28791, 
train loss: 1.3123, train acc: 0.6174
epoch 201 summary: dyn_dyn_cos_loss: 0.00000, dyn_sta_cos_loss: 0.00000, total_cos_loss : 0.00000, vocab_cro_loss : 1.31227, 
epoch 202 summary: dyn_dyn_cos_loss: 0.00000, dyn_sta_cos_loss: 0.00000, total_cos_loss : 0.00000, vocab_cro_loss : 1.30515, 
epoch 203 summary: dyn_dyn_cos_loss: 0.00000, dyn_sta_cos_loss: 0.00000, total_cos_loss : 0.00000, vocab_cro_loss : 1.29486, 
epoch 204 summary: dyn_dyn_cos_loss: 0.00555, dyn_sta_cos_loss: 0.00161, total_cos_loss : 0.00161, vocab_cro_loss : 1.29194, 
epoch 205 summary: dyn_dyn_cos_loss: 0.00000, dyn_sta_cos_loss: 0.00000, total_cos_loss : 0.00000, vocab_cro_loss : 1.30718, 
epoch 206 summary: dyn_dyn_cos_loss: 0.00000, dyn_sta_cos_loss: 0.00000, total_cos_loss : 0.00000, vocab_cro_loss : 1.30149, 
epoch 207 summary: dyn_dyn_cos_loss: 0.00000, dyn_sta_cos_loss: 0.00000, total_cos_loss : 0.00000, vocab_cro_loss : 1.29536, 
epoch 208 summary: dyn_dyn_cos_loss: 0.00554, dyn_sta_cos_loss: 0.00161, total_cos_loss : 0.00161, vocab_cro_loss : 1.28802, 
epoch 209 summary: dyn_dyn_cos_loss: 0.00000, dyn_sta_cos_loss: 0.00000, total_cos_loss : 0.00000, vocab_cro_loss : 1.30891, 
epoch 210 summary: dyn_dyn_cos_loss: 0.00000, dyn_sta_cos_loss: 0.00000, total_cos_loss : 0.00000, vocab_cro_loss : 1.29947, 
train loss: 1.2904, train acc: 0.6245
epoch 211 summary: dyn_dyn_cos_loss: 0.00000, dyn_sta_cos_loss: 0.00000, total_cos_loss : 0.00000, vocab_cro_loss : 1.29038, 
epoch 212 summary: dyn_dyn_cos_loss: 0.00550, dyn_sta_cos_loss: 0.00158, total_cos_loss : 0.00158, vocab_cro_loss : 1.28627, 
epoch 213 summary: dyn_dyn_cos_loss: 0.00000, dyn_sta_cos_loss: 0.00000, total_cos_loss : 0.00000, vocab_cro_loss : 1.30593, 
epoch 214 summary: dyn_dyn_cos_loss: 0.00000, dyn_sta_cos_loss: 0.00000, total_cos_loss : 0.00000, vocab_cro_loss : 1.29765, 
epoch 215 summary: dyn_dyn_cos_loss: 0.00000, dyn_sta_cos_loss: 0.00000, total_cos_loss : 0.00000, vocab_cro_loss : 1.29124, 
epoch 216 summary: dyn_dyn_cos_loss: 0.00548, dyn_sta_cos_loss: 0.00157, total_cos_loss : 0.00157, vocab_cro_loss : 1.29008, 
epoch 217 summary: dyn_dyn_cos_loss: 0.00000, dyn_sta_cos_loss: 0.00000, total_cos_loss : 0.00000, vocab_cro_loss : 1.30798, 
epoch 218 summary: dyn_dyn_cos_loss: 0.00000, dyn_sta_cos_loss: 0.00000, total_cos_loss : 0.00000, vocab_cro_loss : 1.30022, 
epoch 219 summary: dyn_dyn_cos_loss: 0.00000, dyn_sta_cos_loss: 0.00000, total_cos_loss : 0.00000, vocab_cro_loss : 1.29504, 
epoch 220 summary: dyn_dyn_cos_loss: 0.00546, dyn_sta_cos_loss: 0.00160, total_cos_loss : 0.00160, vocab_cro_loss : 1.28949, 
train loss: 1.3082, train acc: 0.6172
epoch 221 summary: dyn_dyn_cos_loss: 0.00000, dyn_sta_cos_loss: 0.00000, total_cos_loss : 0.00000, vocab_cro_loss : 1.30821, 
epoch 222 summary: dyn_dyn_cos_loss: 0.00000, dyn_sta_cos_loss: 0.00000, total_cos_loss : 0.00000, vocab_cro_loss : 1.29727, 
epoch 223 summary: dyn_dyn_cos_loss: 0.00000, dyn_sta_cos_loss: 0.00000, total_cos_loss : 0.00000, vocab_cro_loss : 1.29411, 
epoch 224 summary: dyn_dyn_cos_loss: 0.00554, dyn_sta_cos_loss: 0.00161, total_cos_loss : 0.00161, vocab_cro_loss : 1.28945, 
epoch 225 summary: dyn_dyn_cos_loss: 0.00000, dyn_sta_cos_loss: 0.00000, total_cos_loss : 0.00000, vocab_cro_loss : 1.30845, 
epoch 226 summary: dyn_dyn_cos_loss: 0.00000, dyn_sta_cos_loss: 0.00000, total_cos_loss : 0.00000, vocab_cro_loss : 1.30163, 
epoch 227 summary: dyn_dyn_cos_loss: 0.00000, dyn_sta_cos_loss: 0.00000, total_cos_loss : 0.00000, vocab_cro_loss : 1.29841, 
epoch 228 summary: dyn_dyn_cos_loss: 0.00561, dyn_sta_cos_loss: 0.00159, total_cos_loss : 0.00159, vocab_cro_loss : 1.29115, 
epoch 229 summary: dyn_dyn_cos_loss: 0.00000, dyn_sta_cos_loss: 0.00000, total_cos_loss : 0.00000, vocab_cro_loss : 1.30626, 
epoch 230 summary: dyn_dyn_cos_loss: 0.00000, dyn_sta_cos_loss: 0.00000, total_cos_loss : 0.00000, vocab_cro_loss : 1.29835, 
train loss: 1.2909, train acc: 0.6223
epoch 231 summary: dyn_dyn_cos_loss: 0.00000, dyn_sta_cos_loss: 0.00000, total_cos_loss : 0.00000, vocab_cro_loss : 1.29085, 
epoch 232 summary: dyn_dyn_cos_loss: 0.00560, dyn_sta_cos_loss: 0.00158, total_cos_loss : 0.00158, vocab_cro_loss : 1.28687, 
epoch 233 summary: dyn_dyn_cos_loss: 0.00000, dyn_sta_cos_loss: 0.00000, total_cos_loss : 0.00000, vocab_cro_loss : 1.30603, 
epoch 234 summary: dyn_dyn_cos_loss: 0.00000, dyn_sta_cos_loss: 0.00000, total_cos_loss : 0.00000, vocab_cro_loss : 1.29753, 
epoch 235 summary: dyn_dyn_cos_loss: 0.00000, dyn_sta_cos_loss: 0.00000, total_cos_loss : 0.00000, vocab_cro_loss : 1.28722, 
epoch 236 summary: dyn_dyn_cos_loss: 0.00563, dyn_sta_cos_loss: 0.00157, total_cos_loss : 0.00157, vocab_cro_loss : 1.28297, 
epoch 237 summary: dyn_dyn_cos_loss: 0.00000, dyn_sta_cos_loss: 0.00000, total_cos_loss : 0.00000, vocab_cro_loss : 1.29599, 
epoch 238 summary: dyn_dyn_cos_loss: 0.00000, dyn_sta_cos_loss: 0.00000, total_cos_loss : 0.00000, vocab_cro_loss : 1.29081, 
epoch 239 summary: dyn_dyn_cos_loss: 0.00000, dyn_sta_cos_loss: 0.00000, total_cos_loss : 0.00000, vocab_cro_loss : 1.28251, 
epoch 240 summary: dyn_dyn_cos_loss: 0.00563, dyn_sta_cos_loss: 0.00157, total_cos_loss : 0.00157, vocab_cro_loss : 1.27500, 
train loss: 1.2984, train acc: 0.6190
epoch 241 summary: dyn_dyn_cos_loss: 0.00000, dyn_sta_cos_loss: 0.00000, total_cos_loss : 0.00000, vocab_cro_loss : 1.29842, 
epoch 242 summary: dyn_dyn_cos_loss: 0.00000, dyn_sta_cos_loss: 0.00000, total_cos_loss : 0.00000, vocab_cro_loss : 1.29170, 
epoch 243 summary: dyn_dyn_cos_loss: 0.00000, dyn_sta_cos_loss: 0.00000, total_cos_loss : 0.00000, vocab_cro_loss : 1.28623, 
epoch 244 summary: dyn_dyn_cos_loss: 0.00566, dyn_sta_cos_loss: 0.00155, total_cos_loss : 0.00155, vocab_cro_loss : 1.28089, 
epoch 245 summary: dyn_dyn_cos_loss: 0.00000, dyn_sta_cos_loss: 0.00000, total_cos_loss : 0.00000, vocab_cro_loss : 1.29903, 
epoch 246 summary: dyn_dyn_cos_loss: 0.00000, dyn_sta_cos_loss: 0.00000, total_cos_loss : 0.00000, vocab_cro_loss : 1.28814, 
epoch 247 summary: dyn_dyn_cos_loss: 0.00000, dyn_sta_cos_loss: 0.00000, total_cos_loss : 0.00000, vocab_cro_loss : 1.28226, 
epoch 248 summary: dyn_dyn_cos_loss: 0.00564, dyn_sta_cos_loss: 0.00156, total_cos_loss : 0.00156, vocab_cro_loss : 1.27985, 
epoch 249 summary: dyn_dyn_cos_loss: 0.00000, dyn_sta_cos_loss: 0.00000, total_cos_loss : 0.00000, vocab_cro_loss : 1.28893, 
epoch 250 summary: dyn_dyn_cos_loss: 0.00000, dyn_sta_cos_loss: 0.00000, total_cos_loss : 0.00000, vocab_cro_loss : 1.28156, 
train loss: 1.2746, train acc: 0.6238
epoch 251 summary: dyn_dyn_cos_loss: 0.00000, dyn_sta_cos_loss: 0.00000, total_cos_loss : 0.00000, vocab_cro_loss : 1.27456, 
epoch 252 summary: dyn_dyn_cos_loss: 0.00561, dyn_sta_cos_loss: 0.00157, total_cos_loss : 0.00157, vocab_cro_loss : 1.27121, 
epoch 253 summary: dyn_dyn_cos_loss: 0.00000, dyn_sta_cos_loss: 0.00000, total_cos_loss : 0.00000, vocab_cro_loss : 1.29099, 
epoch 254 summary: dyn_dyn_cos_loss: 0.00000, dyn_sta_cos_loss: 0.00000, total_cos_loss : 0.00000, vocab_cro_loss : 1.28343, 
epoch 255 summary: dyn_dyn_cos_loss: 0.00000, dyn_sta_cos_loss: 0.00000, total_cos_loss : 0.00000, vocab_cro_loss : 1.27896, 
epoch 256 summary: dyn_dyn_cos_loss: 0.00562, dyn_sta_cos_loss: 0.00157, total_cos_loss : 0.00157, vocab_cro_loss : 1.27271, 
epoch 257 summary: dyn_dyn_cos_loss: 0.00000, dyn_sta_cos_loss: 0.00000, total_cos_loss : 0.00000, vocab_cro_loss : 1.29093, 
epoch 258 summary: dyn_dyn_cos_loss: 0.00000, dyn_sta_cos_loss: 0.00000, total_cos_loss : 0.00000, vocab_cro_loss : 1.28433, 
epoch 259 summary: dyn_dyn_cos_loss: 0.00000, dyn_sta_cos_loss: 0.00000, total_cos_loss : 0.00000, vocab_cro_loss : 1.27710, 
epoch 260 summary: dyn_dyn_cos_loss: 0.00565, dyn_sta_cos_loss: 0.00158, total_cos_loss : 0.00158, vocab_cro_loss : 1.27328, 
train loss: 1.2895, train acc: 0.6234
epoch 261 summary: dyn_dyn_cos_loss: 0.00000, dyn_sta_cos_loss: 0.00000, total_cos_loss : 0.00000, vocab_cro_loss : 1.28948, 
epoch 262 summary: dyn_dyn_cos_loss: 0.00000, dyn_sta_cos_loss: 0.00000, total_cos_loss : 0.00000, vocab_cro_loss : 1.28166, 
epoch 263 summary: dyn_dyn_cos_loss: 0.00000, dyn_sta_cos_loss: 0.00000, total_cos_loss : 0.00000, vocab_cro_loss : 1.27491, 
epoch 264 summary: dyn_dyn_cos_loss: 0.00568, dyn_sta_cos_loss: 0.00157, total_cos_loss : 0.00157, vocab_cro_loss : 1.26823, 
epoch 265 summary: dyn_dyn_cos_loss: 0.00000, dyn_sta_cos_loss: 0.00000, total_cos_loss : 0.00000, vocab_cro_loss : 1.29375, 
epoch 266 summary: dyn_dyn_cos_loss: 0.00000, dyn_sta_cos_loss: 0.00000, total_cos_loss : 0.00000, vocab_cro_loss : 1.28826, 
epoch 267 summary: dyn_dyn_cos_loss: 0.00000, dyn_sta_cos_loss: 0.00000, total_cos_loss : 0.00000, vocab_cro_loss : 1.28111, 
epoch 268 summary: dyn_dyn_cos_loss: 0.00568, dyn_sta_cos_loss: 0.00156, total_cos_loss : 0.00156, vocab_cro_loss : 1.27618, 
epoch 269 summary: dyn_dyn_cos_loss: 0.00000, dyn_sta_cos_loss: 0.00000, total_cos_loss : 0.00000, vocab_cro_loss : 1.28784, 
epoch 270 summary: dyn_dyn_cos_loss: 0.00000, dyn_sta_cos_loss: 0.00000, total_cos_loss : 0.00000, vocab_cro_loss : 1.28036, 
train loss: 1.2727, train acc: 0.6244
epoch 271 summary: dyn_dyn_cos_loss: 0.00000, dyn_sta_cos_loss: 0.00000, total_cos_loss : 0.00000, vocab_cro_loss : 1.27266, 
epoch 272 summary: dyn_dyn_cos_loss: 0.00567, dyn_sta_cos_loss: 0.00155, total_cos_loss : 0.00155, vocab_cro_loss : 1.27037, 
epoch 273 summary: dyn_dyn_cos_loss: 0.00000, dyn_sta_cos_loss: 0.00000, total_cos_loss : 0.00000, vocab_cro_loss : 1.28751, 
epoch 274 summary: dyn_dyn_cos_loss: 0.00000, dyn_sta_cos_loss: 0.00000, total_cos_loss : 0.00000, vocab_cro_loss : 1.27711, 
epoch 275 summary: dyn_dyn_cos_loss: 0.00000, dyn_sta_cos_loss: 0.00000, total_cos_loss : 0.00000, vocab_cro_loss : 1.27424, 
epoch 276 summary: dyn_dyn_cos_loss: 0.00567, dyn_sta_cos_loss: 0.00155, total_cos_loss : 0.00155, vocab_cro_loss : 1.27094, 
epoch 277 summary: dyn_dyn_cos_loss: 0.00000, dyn_sta_cos_loss: 0.00000, total_cos_loss : 0.00000, vocab_cro_loss : 1.28718, 
epoch 278 summary: dyn_dyn_cos_loss: 0.00000, dyn_sta_cos_loss: 0.00000, total_cos_loss : 0.00000, vocab_cro_loss : 1.28165, 
epoch 279 summary: dyn_dyn_cos_loss: 0.00000, dyn_sta_cos_loss: 0.00000, total_cos_loss : 0.00000, vocab_cro_loss : 1.27264, 
epoch 280 summary: dyn_dyn_cos_loss: 0.00567, dyn_sta_cos_loss: 0.00155, total_cos_loss : 0.00155, vocab_cro_loss : 1.26703, 
train loss: 1.2897, train acc: 0.6193
epoch 281 summary: dyn_dyn_cos_loss: 0.00000, dyn_sta_cos_loss: 0.00000, total_cos_loss : 0.00000, vocab_cro_loss : 1.28968, 
epoch 282 summary: dyn_dyn_cos_loss: 0.00000, dyn_sta_cos_loss: 0.00000, total_cos_loss : 0.00000, vocab_cro_loss : 1.28136, 
epoch 283 summary: dyn_dyn_cos_loss: 0.00000, dyn_sta_cos_loss: 0.00000, total_cos_loss : 0.00000, vocab_cro_loss : 1.27708, 
epoch 284 summary: dyn_dyn_cos_loss: 0.00565, dyn_sta_cos_loss: 0.00156, total_cos_loss : 0.00156, vocab_cro_loss : 1.27239, 
epoch 285 summary: dyn_dyn_cos_loss: 0.00000, dyn_sta_cos_loss: 0.00000, total_cos_loss : 0.00000, vocab_cro_loss : 1.28671, 
epoch 286 summary: dyn_dyn_cos_loss: 0.00000, dyn_sta_cos_loss: 0.00000, total_cos_loss : 0.00000, vocab_cro_loss : 1.27671, 
epoch 287 summary: dyn_dyn_cos_loss: 0.00000, dyn_sta_cos_loss: 0.00000, total_cos_loss : 0.00000, vocab_cro_loss : 1.27060, 
epoch 288 summary: dyn_dyn_cos_loss: 0.00568, dyn_sta_cos_loss: 0.00156, total_cos_loss : 0.00156, vocab_cro_loss : 1.26743, 
epoch 289 summary: dyn_dyn_cos_loss: 0.00000, dyn_sta_cos_loss: 0.00000, total_cos_loss : 0.00000, vocab_cro_loss : 1.28769, 
epoch 290 summary: dyn_dyn_cos_loss: 0.00000, dyn_sta_cos_loss: 0.00000, total_cos_loss : 0.00000, vocab_cro_loss : 1.28450, 
train loss: 1.2757, train acc: 0.6248
epoch 291 summary: dyn_dyn_cos_loss: 0.00000, dyn_sta_cos_loss: 0.00000, total_cos_loss : 0.00000, vocab_cro_loss : 1.27563, 
epoch 292 summary: dyn_dyn_cos_loss: 0.00568, dyn_sta_cos_loss: 0.00156, total_cos_loss : 0.00156, vocab_cro_loss : 1.27202, 
epoch 293 summary: dyn_dyn_cos_loss: 0.00000, dyn_sta_cos_loss: 0.00000, total_cos_loss : 0.00000, vocab_cro_loss : 1.28345, 
epoch 294 summary: dyn_dyn_cos_loss: 0.00000, dyn_sta_cos_loss: 0.00000, total_cos_loss : 0.00000, vocab_cro_loss : 1.27873, 
epoch 295 summary: dyn_dyn_cos_loss: 0.00000, dyn_sta_cos_loss: 0.00000, total_cos_loss : 0.00000, vocab_cro_loss : 1.27206, 
epoch 296 summary: dyn_dyn_cos_loss: 0.00566, dyn_sta_cos_loss: 0.00156, total_cos_loss : 0.00156, vocab_cro_loss : 1.26627, 
epoch 297 summary: dyn_dyn_cos_loss: 0.00000, dyn_sta_cos_loss: 0.00000, total_cos_loss : 0.00000, vocab_cro_loss : 1.27873, 
epoch 298 summary: dyn_dyn_cos_loss: 0.00000, dyn_sta_cos_loss: 0.00000, total_cos_loss : 0.00000, vocab_cro_loss : 1.27288, 
epoch 299 summary: dyn_dyn_cos_loss: 0.00000, dyn_sta_cos_loss: 0.00000, total_cos_loss : 0.00000, vocab_cro_loss : 1.26340, 
epoch 300 summary: dyn_dyn_cos_loss: 0.00568, dyn_sta_cos_loss: 0.00157, total_cos_loss : 0.00157, vocab_cro_loss : 1.25957, 
train loss: 1.2807, train acc: 0.6252
epoch 301 summary: dyn_dyn_cos_loss: 0.00000, dyn_sta_cos_loss: 0.00000, total_cos_loss : 0.00000, vocab_cro_loss : 1.28066, 
epoch 302 summary: dyn_dyn_cos_loss: 0.00000, dyn_sta_cos_loss: 0.00000, total_cos_loss : 0.00000, vocab_cro_loss : 1.27483, 
epoch 303 summary: dyn_dyn_cos_loss: 0.00000, dyn_sta_cos_loss: 0.00000, total_cos_loss : 0.00000, vocab_cro_loss : 1.26820, 
epoch 304 summary: dyn_dyn_cos_loss: 0.00572, dyn_sta_cos_loss: 0.00155, total_cos_loss : 0.00155, vocab_cro_loss : 1.26310, 
epoch 305 summary: dyn_dyn_cos_loss: 0.00000, dyn_sta_cos_loss: 0.00000, total_cos_loss : 0.00000, vocab_cro_loss : 1.28571, 
epoch 306 summary: dyn_dyn_cos_loss: 0.00000, dyn_sta_cos_loss: 0.00000, total_cos_loss : 0.00000, vocab_cro_loss : 1.27925, 
epoch 307 summary: dyn_dyn_cos_loss: 0.00000, dyn_sta_cos_loss: 0.00000, total_cos_loss : 0.00000, vocab_cro_loss : 1.27340, 
epoch 308 summary: dyn_dyn_cos_loss: 0.00572, dyn_sta_cos_loss: 0.00154, total_cos_loss : 0.00154, vocab_cro_loss : 1.27159, 
epoch 309 summary: dyn_dyn_cos_loss: 0.00000, dyn_sta_cos_loss: 0.00000, total_cos_loss : 0.00000, vocab_cro_loss : 1.28561, 
epoch 310 summary: dyn_dyn_cos_loss: 0.00000, dyn_sta_cos_loss: 0.00000, total_cos_loss : 0.00000, vocab_cro_loss : 1.27835, 
train loss: 1.2754, train acc: 0.6223
epoch 311 summary: dyn_dyn_cos_loss: 0.00000, dyn_sta_cos_loss: 0.00000, total_cos_loss : 0.00000, vocab_cro_loss : 1.27536, 
epoch 312 summary: dyn_dyn_cos_loss: 0.00570, dyn_sta_cos_loss: 0.00155, total_cos_loss : 0.00155, vocab_cro_loss : 1.27136, 
epoch 313 summary: dyn_dyn_cos_loss: 0.00000, dyn_sta_cos_loss: 0.00000, total_cos_loss : 0.00000, vocab_cro_loss : 1.28447, 
epoch 314 summary: dyn_dyn_cos_loss: 0.00000, dyn_sta_cos_loss: 0.00000, total_cos_loss : 0.00000, vocab_cro_loss : 1.27664, 
epoch 315 summary: dyn_dyn_cos_loss: 0.00000, dyn_sta_cos_loss: 0.00000, total_cos_loss : 0.00000, vocab_cro_loss : 1.27014, 
epoch 316 summary: dyn_dyn_cos_loss: 0.00569, dyn_sta_cos_loss: 0.00156, total_cos_loss : 0.00156, vocab_cro_loss : 1.26627, 
epoch 317 summary: dyn_dyn_cos_loss: 0.00000, dyn_sta_cos_loss: 0.00000, total_cos_loss : 0.00000, vocab_cro_loss : 1.28693, 
epoch 318 summary: dyn_dyn_cos_loss: 0.00000, dyn_sta_cos_loss: 0.00000, total_cos_loss : 0.00000, vocab_cro_loss : 1.27474, 
epoch 319 summary: dyn_dyn_cos_loss: 0.00000, dyn_sta_cos_loss: 0.00000, total_cos_loss : 0.00000, vocab_cro_loss : 1.27098, 
epoch 320 summary: dyn_dyn_cos_loss: 0.00572, dyn_sta_cos_loss: 0.00155, total_cos_loss : 0.00155, vocab_cro_loss : 1.26876, 
train loss: 1.2828, train acc: 0.6221
epoch 321 summary: dyn_dyn_cos_loss: 0.00000, dyn_sta_cos_loss: 0.00000, total_cos_loss : 0.00000, vocab_cro_loss : 1.28277, 
epoch 322 summary: dyn_dyn_cos_loss: 0.00000, dyn_sta_cos_loss: 0.00000, total_cos_loss : 0.00000, vocab_cro_loss : 1.27507, 
epoch 323 summary: dyn_dyn_cos_loss: 0.00000, dyn_sta_cos_loss: 0.00000, total_cos_loss : 0.00000, vocab_cro_loss : 1.26597, 
epoch 324 summary: dyn_dyn_cos_loss: 0.00574, dyn_sta_cos_loss: 0.00156, total_cos_loss : 0.00156, vocab_cro_loss : 1.26017, 
epoch 325 summary: dyn_dyn_cos_loss: 0.00000, dyn_sta_cos_loss: 0.00000, total_cos_loss : 0.00000, vocab_cro_loss : 1.28014, 
epoch 326 summary: dyn_dyn_cos_loss: 0.00000, dyn_sta_cos_loss: 0.00000, total_cos_loss : 0.00000, vocab_cro_loss : 1.27290, 
epoch 327 summary: dyn_dyn_cos_loss: 0.00000, dyn_sta_cos_loss: 0.00000, total_cos_loss : 0.00000, vocab_cro_loss : 1.26935, 
epoch 328 summary: dyn_dyn_cos_loss: 0.00576, dyn_sta_cos_loss: 0.00154, total_cos_loss : 0.00154, vocab_cro_loss : 1.26607, 
epoch 329 summary: dyn_dyn_cos_loss: 0.00000, dyn_sta_cos_loss: 0.00000, total_cos_loss : 0.00000, vocab_cro_loss : 1.28631, 
epoch 330 summary: dyn_dyn_cos_loss: 0.00000, dyn_sta_cos_loss: 0.00000, total_cos_loss : 0.00000, vocab_cro_loss : 1.27843, 
train loss: 1.2708, train acc: 0.6260
epoch 331 summary: dyn_dyn_cos_loss: 0.00000, dyn_sta_cos_loss: 0.00000, total_cos_loss : 0.00000, vocab_cro_loss : 1.27078, 
epoch 332 summary: dyn_dyn_cos_loss: 0.00572, dyn_sta_cos_loss: 0.00157, total_cos_loss : 0.00157, vocab_cro_loss : 1.26534, 
epoch 333 summary: dyn_dyn_cos_loss: 0.00000, dyn_sta_cos_loss: 0.00000, total_cos_loss : 0.00000, vocab_cro_loss : 1.28648, 
epoch 334 summary: dyn_dyn_cos_loss: 0.00000, dyn_sta_cos_loss: 0.00000, total_cos_loss : 0.00000, vocab_cro_loss : 1.27438, 
epoch 335 summary: dyn_dyn_cos_loss: 0.00000, dyn_sta_cos_loss: 0.00000, total_cos_loss : 0.00000, vocab_cro_loss : 1.26963, 
epoch 336 summary: dyn_dyn_cos_loss: 0.00576, dyn_sta_cos_loss: 0.00157, total_cos_loss : 0.00157, vocab_cro_loss : 1.26742, 
epoch 337 summary: dyn_dyn_cos_loss: 0.00000, dyn_sta_cos_loss: 0.00000, total_cos_loss : 0.00000, vocab_cro_loss : 1.28417, 
epoch 338 summary: dyn_dyn_cos_loss: 0.00000, dyn_sta_cos_loss: 0.00000, total_cos_loss : 0.00000, vocab_cro_loss : 1.27611, 
epoch 339 summary: dyn_dyn_cos_loss: 0.00000, dyn_sta_cos_loss: 0.00000, total_cos_loss : 0.00000, vocab_cro_loss : 1.27043, 
epoch 340 summary: dyn_dyn_cos_loss: 0.00575, dyn_sta_cos_loss: 0.00155, total_cos_loss : 0.00155, vocab_cro_loss : 1.26640, 
train loss: 1.2904, train acc: 0.6196
epoch 341 summary: dyn_dyn_cos_loss: 0.00000, dyn_sta_cos_loss: 0.00000, total_cos_loss : 0.00000, vocab_cro_loss : 1.29036, 
epoch 342 summary: dyn_dyn_cos_loss: 0.00000, dyn_sta_cos_loss: 0.00000, total_cos_loss : 0.00000, vocab_cro_loss : 1.28157, 
epoch 343 summary: dyn_dyn_cos_loss: 0.00000, dyn_sta_cos_loss: 0.00000, total_cos_loss : 0.00000, vocab_cro_loss : 1.27355, 
epoch 344 summary: dyn_dyn_cos_loss: 0.00573, dyn_sta_cos_loss: 0.00157, total_cos_loss : 0.00157, vocab_cro_loss : 1.26471, 
epoch 345 summary: dyn_dyn_cos_loss: 0.00000, dyn_sta_cos_loss: 0.00000, total_cos_loss : 0.00000, vocab_cro_loss : 1.28382, 
epoch 346 summary: dyn_dyn_cos_loss: 0.00000, dyn_sta_cos_loss: 0.00000, total_cos_loss : 0.00000, vocab_cro_loss : 1.27216, 
epoch 347 summary: dyn_dyn_cos_loss: 0.00000, dyn_sta_cos_loss: 0.00000, total_cos_loss : 0.00000, vocab_cro_loss : 1.26599, 
epoch 348 summary: dyn_dyn_cos_loss: 0.00577, dyn_sta_cos_loss: 0.00158, total_cos_loss : 0.00158, vocab_cro_loss : 1.26526, 
epoch 349 summary: dyn_dyn_cos_loss: 0.00000, dyn_sta_cos_loss: 0.00000, total_cos_loss : 0.00000, vocab_cro_loss : 1.28350, 
epoch 350 summary: dyn_dyn_cos_loss: 0.00000, dyn_sta_cos_loss: 0.00000, total_cos_loss : 0.00000, vocab_cro_loss : 1.27694, 
train loss: 1.2694, train acc: 0.6260
epoch 351 summary: dyn_dyn_cos_loss: 0.00000, dyn_sta_cos_loss: 0.00000, total_cos_loss : 0.00000, vocab_cro_loss : 1.26938, 
epoch 352 summary: dyn_dyn_cos_loss: 0.00579, dyn_sta_cos_loss: 0.00160, total_cos_loss : 0.00160, vocab_cro_loss : 1.26500, 
epoch 353 summary: dyn_dyn_cos_loss: 0.00000, dyn_sta_cos_loss: 0.00000, total_cos_loss : 0.00000, vocab_cro_loss : 1.28764, 
epoch 354 summary: dyn_dyn_cos_loss: 0.00000, dyn_sta_cos_loss: 0.00000, total_cos_loss : 0.00000, vocab_cro_loss : 1.27844, 
epoch 355 summary: dyn_dyn_cos_loss: 0.00000, dyn_sta_cos_loss: 0.00000, total_cos_loss : 0.00000, vocab_cro_loss : 1.27460, 
epoch 356 summary: dyn_dyn_cos_loss: 0.00592, dyn_sta_cos_loss: 0.00159, total_cos_loss : 0.00159, vocab_cro_loss : 1.26889, 
epoch 357 summary: dyn_dyn_cos_loss: 0.00000, dyn_sta_cos_loss: 0.00000, total_cos_loss : 0.00000, vocab_cro_loss : 1.29823, 
epoch 358 summary: dyn_dyn_cos_loss: 0.00000, dyn_sta_cos_loss: 0.00000, total_cos_loss : 0.00000, vocab_cro_loss : 1.28876, 
epoch 359 summary: dyn_dyn_cos_loss: 0.00000, dyn_sta_cos_loss: 0.00000, total_cos_loss : 0.00000, vocab_cro_loss : 1.28117, 
epoch 360 summary: dyn_dyn_cos_loss: 0.00607, dyn_sta_cos_loss: 0.00157, total_cos_loss : 0.00157, vocab_cro_loss : 1.27534, 
train loss: 1.2878, train acc: 0.6202
epoch 361 summary: dyn_dyn_cos_loss: 0.00000, dyn_sta_cos_loss: 0.00000, total_cos_loss : 0.00000, vocab_cro_loss : 1.28772, 
epoch 362 summary: dyn_dyn_cos_loss: 0.00000, dyn_sta_cos_loss: 0.00000, total_cos_loss : 0.00000, vocab_cro_loss : 1.28356, 
epoch 363 summary: dyn_dyn_cos_loss: 0.00000, dyn_sta_cos_loss: 0.00000, total_cos_loss : 0.00000, vocab_cro_loss : 1.28137, 
epoch 364 summary: dyn_dyn_cos_loss: 0.00601, dyn_sta_cos_loss: 0.00159, total_cos_loss : 0.00159, vocab_cro_loss : 1.27587, 
epoch 365 summary: dyn_dyn_cos_loss: 0.00000, dyn_sta_cos_loss: 0.00000, total_cos_loss : 0.00000, vocab_cro_loss : 1.29437, 
epoch 366 summary: dyn_dyn_cos_loss: 0.00000, dyn_sta_cos_loss: 0.00000, total_cos_loss : 0.00000, vocab_cro_loss : 1.28710, 
epoch 367 summary: dyn_dyn_cos_loss: 0.00000, dyn_sta_cos_loss: 0.00000, total_cos_loss : 0.00000, vocab_cro_loss : 1.29089, 
epoch 368 summary: dyn_dyn_cos_loss: 0.00595, dyn_sta_cos_loss: 0.00156, total_cos_loss : 0.00156, vocab_cro_loss : 1.28603, 
epoch 369 summary: dyn_dyn_cos_loss: 0.00000, dyn_sta_cos_loss: 0.00000, total_cos_loss : 0.00000, vocab_cro_loss : 1.28836, 
epoch 370 summary: dyn_dyn_cos_loss: 0.00000, dyn_sta_cos_loss: 0.00000, total_cos_loss : 0.00000, vocab_cro_loss : 1.27958, 
train loss: 1.2757, train acc: 0.6221
epoch 371 summary: dyn_dyn_cos_loss: 0.00000, dyn_sta_cos_loss: 0.00000, total_cos_loss : 0.00000, vocab_cro_loss : 1.27567, 
epoch 372 summary: dyn_dyn_cos_loss: 0.00585, dyn_sta_cos_loss: 0.00155, total_cos_loss : 0.00155, vocab_cro_loss : 1.27064, 
epoch 373 summary: dyn_dyn_cos_loss: 0.00000, dyn_sta_cos_loss: 0.00000, total_cos_loss : 0.00000, vocab_cro_loss : 1.28992, 
epoch 374 summary: dyn_dyn_cos_loss: 0.00000, dyn_sta_cos_loss: 0.00000, total_cos_loss : 0.00000, vocab_cro_loss : 1.28282, 
epoch 375 summary: dyn_dyn_cos_loss: 0.00000, dyn_sta_cos_loss: 0.00000, total_cos_loss : 0.00000, vocab_cro_loss : 1.27269, 
epoch 376 summary: dyn_dyn_cos_loss: 0.00573, dyn_sta_cos_loss: 0.00156, total_cos_loss : 0.00156, vocab_cro_loss : 1.26964, 
epoch 377 summary: dyn_dyn_cos_loss: 0.00000, dyn_sta_cos_loss: 0.00000, total_cos_loss : 0.00000, vocab_cro_loss : 1.29672, 
epoch 378 summary: dyn_dyn_cos_loss: 0.00000, dyn_sta_cos_loss: 0.00000, total_cos_loss : 0.00000, vocab_cro_loss : 1.28741, 
epoch 379 summary: dyn_dyn_cos_loss: 0.00000, dyn_sta_cos_loss: 0.00000, total_cos_loss : 0.00000, vocab_cro_loss : 1.27793, 
epoch 380 summary: dyn_dyn_cos_loss: 0.00568, dyn_sta_cos_loss: 0.00156, total_cos_loss : 0.00156, vocab_cro_loss : 1.27503, 
train loss: 1.2928, train acc: 0.6172
epoch 381 summary: dyn_dyn_cos_loss: 0.00000, dyn_sta_cos_loss: 0.00000, total_cos_loss : 0.00000, vocab_cro_loss : 1.29275, 
epoch 382 summary: dyn_dyn_cos_loss: 0.00000, dyn_sta_cos_loss: 0.00000, total_cos_loss : 0.00000, vocab_cro_loss : 1.28566, 
epoch 383 summary: dyn_dyn_cos_loss: 0.00000, dyn_sta_cos_loss: 0.00000, total_cos_loss : 0.00000, vocab_cro_loss : 1.27767, 
epoch 384 summary: dyn_dyn_cos_loss: 0.00566, dyn_sta_cos_loss: 0.00156, total_cos_loss : 0.00156, vocab_cro_loss : 1.27403, 
epoch 385 summary: dyn_dyn_cos_loss: 0.00000, dyn_sta_cos_loss: 0.00000, total_cos_loss : 0.00000, vocab_cro_loss : 1.28633, 
epoch 386 summary: dyn_dyn_cos_loss: 0.00000, dyn_sta_cos_loss: 0.00000, total_cos_loss : 0.00000, vocab_cro_loss : 1.28013, 
epoch 387 summary: dyn_dyn_cos_loss: 0.00000, dyn_sta_cos_loss: 0.00000, total_cos_loss : 0.00000, vocab_cro_loss : 1.27689, 
epoch 388 summary: dyn_dyn_cos_loss: 0.00566, dyn_sta_cos_loss: 0.00157, total_cos_loss : 0.00157, vocab_cro_loss : 1.27132, 
epoch 389 summary: dyn_dyn_cos_loss: 0.00000, dyn_sta_cos_loss: 0.00000, total_cos_loss : 0.00000, vocab_cro_loss : 1.28859, 
epoch 390 summary: dyn_dyn_cos_loss: 0.00000, dyn_sta_cos_loss: 0.00000, total_cos_loss : 0.00000, vocab_cro_loss : 1.28247, 
train loss: 1.2782, train acc: 0.6243
epoch 391 summary: dyn_dyn_cos_loss: 0.00000, dyn_sta_cos_loss: 0.00000, total_cos_loss : 0.00000, vocab_cro_loss : 1.27817, 
epoch 392 summary: dyn_dyn_cos_loss: 0.00567, dyn_sta_cos_loss: 0.00159, total_cos_loss : 0.00159, vocab_cro_loss : 1.27678, 
epoch 393 summary: dyn_dyn_cos_loss: 0.00000, dyn_sta_cos_loss: 0.00000, total_cos_loss : 0.00000, vocab_cro_loss : 1.29472, 
epoch 394 summary: dyn_dyn_cos_loss: 0.00000, dyn_sta_cos_loss: 0.00000, total_cos_loss : 0.00000, vocab_cro_loss : 1.28939, 
epoch 395 summary: dyn_dyn_cos_loss: 0.00000, dyn_sta_cos_loss: 0.00000, total_cos_loss : 0.00000, vocab_cro_loss : 1.28752, 
epoch 396 summary: dyn_dyn_cos_loss: 0.00572, dyn_sta_cos_loss: 0.00157, total_cos_loss : 0.00157, vocab_cro_loss : 1.28554, 
epoch 397 summary: dyn_dyn_cos_loss: 0.00000, dyn_sta_cos_loss: 0.00000, total_cos_loss : 0.00000, vocab_cro_loss : 1.30648, 
epoch 398 summary: dyn_dyn_cos_loss: 0.00000, dyn_sta_cos_loss: 0.00000, total_cos_loss : 0.00000, vocab_cro_loss : 1.30202, 
epoch 399 summary: dyn_dyn_cos_loss: 0.00000, dyn_sta_cos_loss: 0.00000, total_cos_loss : 0.00000, vocab_cro_loss : 1.29643, 
train loss: 1.2915, train acc: 0.6232
all                         786884.829ms
all_epoch                   780348.518ms
all_preparation               6536.272ms
all_preparation_2             6533.739ms
all_preparation_3                2.504ms
epoch                         1819.924ms
epoch_pos_train                  4.181ms
epoch_preparation               14.613ms
epoch_train                   1769.806ms
epoch_valid                     29.310ms
----------------------------------------
all                         786884.829ms
  all_epoch             99.17%
  all_preparation        0.83%
all_preparation               6536.272ms
  all_preparation_2     99.96%
  all_preparation_3      0.04%
epoch                       727969.484ms
  epoch_train           97.25%
  epoch_valid            1.61%
  epoch_preparation      0.80%
  epoch_pos_train        0.23%
epoch   0 summary: dyn_dyn_cos_loss: 0.02107, dyn_sta_cos_loss: 0.00685, total_cos_loss : 0.00685, 
valid loss: 3.6938, valid acc: 0.1523
epoch   1 summary: dyn_dyn_cos_loss: 0.01714, dyn_sta_cos_loss: 0.00536, total_cos_loss : 0.00536, 
epoch   2 summary: dyn_dyn_cos_loss: 0.01438, dyn_sta_cos_loss: 0.00436, total_cos_loss : 0.00436, 
epoch   3 summary: dyn_dyn_cos_loss: 0.01244, dyn_sta_cos_loss: 0.00364, total_cos_loss : 0.00364, 
epoch   4 summary: dyn_dyn_cos_loss: 0.01108, dyn_sta_cos_loss: 0.00315, total_cos_loss : 0.00315, 
epoch   5 summary: dyn_dyn_cos_loss: 0.01002, dyn_sta_cos_loss: 0.00277, total_cos_loss : 0.00277, 
epoch   6 summary: dyn_dyn_cos_loss: 0.00918, dyn_sta_cos_loss: 0.00248, total_cos_loss : 0.00248, 
epoch   7 summary: dyn_dyn_cos_loss: 0.00857, dyn_sta_cos_loss: 0.00227, total_cos_loss : 0.00227, 
epoch   8 summary: dyn_dyn_cos_loss: 0.00819, dyn_sta_cos_loss: 0.00211, total_cos_loss : 0.00211, 
epoch   9 summary: dyn_dyn_cos_loss: 0.00781, dyn_sta_cos_loss: 0.00198, total_cos_loss : 0.00198, 
epoch  10 summary: dyn_dyn_cos_loss: 0.00753, dyn_sta_cos_loss: 0.00187, total_cos_loss : 0.00187, 
valid loss: 1.8943, valid acc: 0.5254
epoch  11 summary: dyn_dyn_cos_loss: 0.00733, dyn_sta_cos_loss: 0.00179, total_cos_loss : 0.00179, 
epoch  12 summary: dyn_dyn_cos_loss: 0.00716, dyn_sta_cos_loss: 0.00173, total_cos_loss : 0.00173, 
epoch  13 summary: dyn_dyn_cos_loss: 0.00701, dyn_sta_cos_loss: 0.00167, total_cos_loss : 0.00167, 
epoch  14 summary: dyn_dyn_cos_loss: 0.00694, dyn_sta_cos_loss: 0.00164, total_cos_loss : 0.00164, 
epoch  15 summary: dyn_dyn_cos_loss: 0.00693, dyn_sta_cos_loss: 0.00160, total_cos_loss : 0.00160, 
epoch  16 summary: dyn_dyn_cos_loss: 0.00683, dyn_sta_cos_loss: 0.00157, total_cos_loss : 0.00157, 
epoch  17 summary: dyn_dyn_cos_loss: 0.00675, dyn_sta_cos_loss: 0.00155, total_cos_loss : 0.00155, 
epoch  18 summary: dyn_dyn_cos_loss: 0.00672, dyn_sta_cos_loss: 0.00153, total_cos_loss : 0.00153, 
epoch  19 summary: dyn_dyn_cos_loss: 0.00668, dyn_sta_cos_loss: 0.00152, total_cos_loss : 0.00152, 
epoch  20 summary: dyn_dyn_cos_loss: 0.00664, dyn_sta_cos_loss: 0.00151, total_cos_loss : 0.00151, 
valid loss: 1.7766, valid acc: 0.5586
epoch  21 summary: dyn_dyn_cos_loss: 0.00662, dyn_sta_cos_loss: 0.00150, total_cos_loss : 0.00150, 
epoch  22 summary: dyn_dyn_cos_loss: 0.00659, dyn_sta_cos_loss: 0.00149, total_cos_loss : 0.00149, 
epoch  23 summary: dyn_dyn_cos_loss: 0.00658, dyn_sta_cos_loss: 0.00148, total_cos_loss : 0.00148, 
epoch  24 summary: dyn_dyn_cos_loss: 0.00657, dyn_sta_cos_loss: 0.00148, total_cos_loss : 0.00148, 
epoch  25 summary: dyn_dyn_cos_loss: 0.00658, dyn_sta_cos_loss: 0.00147, total_cos_loss : 0.00147, 
epoch  26 summary: dyn_dyn_cos_loss: 0.00657, dyn_sta_cos_loss: 0.00147, total_cos_loss : 0.00147, 
epoch  27 summary: dyn_dyn_cos_loss: 0.00656, dyn_sta_cos_loss: 0.00146, total_cos_loss : 0.00146, 
epoch  28 summary: dyn_dyn_cos_loss: 0.00655, dyn_sta_cos_loss: 0.00146, total_cos_loss : 0.00146, 
epoch  29 summary: dyn_dyn_cos_loss: 0.00655, dyn_sta_cos_loss: 0.00146, total_cos_loss : 0.00146, 
epoch  30 summary: dyn_dyn_cos_loss: 0.00642, dyn_sta_cos_loss: 0.00145, total_cos_loss : 0.00145, 
valid loss: 1.7664, valid acc: 0.5664
epoch  31 summary: dyn_dyn_cos_loss: 0.00641, dyn_sta_cos_loss: 0.00145, total_cos_loss : 0.00145, 
epoch  32 summary: dyn_dyn_cos_loss: 0.00641, dyn_sta_cos_loss: 0.00145, total_cos_loss : 0.00145, 
epoch  33 summary: dyn_dyn_cos_loss: 0.00641, dyn_sta_cos_loss: 0.00145, total_cos_loss : 0.00145, 
epoch  34 summary: dyn_dyn_cos_loss: 0.00640, dyn_sta_cos_loss: 0.00145, total_cos_loss : 0.00145, 
epoch  35 summary: dyn_dyn_cos_loss: 0.00640, dyn_sta_cos_loss: 0.00145, total_cos_loss : 0.00145, 
epoch  36 summary: dyn_dyn_cos_loss: 0.00640, dyn_sta_cos_loss: 0.00144, total_cos_loss : 0.00144, 
epoch  37 summary: dyn_dyn_cos_loss: 0.00640, dyn_sta_cos_loss: 0.00144, total_cos_loss : 0.00144, 
epoch  38 summary: dyn_dyn_cos_loss: 0.00639, dyn_sta_cos_loss: 0.00144, total_cos_loss : 0.00144, 
epoch  39 summary: dyn_dyn_cos_loss: 0.00640, dyn_sta_cos_loss: 0.00144, total_cos_loss : 0.00144, 
epoch  40 summary: dyn_dyn_cos_loss: 0.00639, dyn_sta_cos_loss: 0.00144, total_cos_loss : 0.00144, 
valid loss: 1.7527, valid acc: 0.5566
epoch  41 summary: dyn_dyn_cos_loss: 0.00639, dyn_sta_cos_loss: 0.00144, total_cos_loss : 0.00144, 
epoch  42 summary: dyn_dyn_cos_loss: 0.00639, dyn_sta_cos_loss: 0.00144, total_cos_loss : 0.00144, 
epoch  43 summary: dyn_dyn_cos_loss: 0.00639, dyn_sta_cos_loss: 0.00144, total_cos_loss : 0.00144, 
epoch  44 summary: dyn_dyn_cos_loss: 0.00639, dyn_sta_cos_loss: 0.00144, total_cos_loss : 0.00144, 
epoch  45 summary: dyn_dyn_cos_loss: 0.00633, dyn_sta_cos_loss: 0.00144, total_cos_loss : 0.00144, 
epoch  46 summary: dyn_dyn_cos_loss: 0.00633, dyn_sta_cos_loss: 0.00144, total_cos_loss : 0.00144, 
epoch  47 summary: dyn_dyn_cos_loss: 0.00633, dyn_sta_cos_loss: 0.00143, total_cos_loss : 0.00143, 
epoch  48 summary: dyn_dyn_cos_loss: 0.00633, dyn_sta_cos_loss: 0.00143, total_cos_loss : 0.00143, 
epoch  49 summary: dyn_dyn_cos_loss: 0.00632, dyn_sta_cos_loss: 0.00143, total_cos_loss : 0.00143, 
epoch  50 summary: dyn_dyn_cos_loss: 0.00632, dyn_sta_cos_loss: 0.00143, total_cos_loss : 0.00143, 
valid loss: 1.7245, valid acc: 0.5547
epoch  51 summary: dyn_dyn_cos_loss: 0.00632, dyn_sta_cos_loss: 0.00143, total_cos_loss : 0.00143, 
epoch  52 summary: dyn_dyn_cos_loss: 0.00632, dyn_sta_cos_loss: 0.00143, total_cos_loss : 0.00143, 
epoch  53 summary: dyn_dyn_cos_loss: 0.00632, dyn_sta_cos_loss: 0.00143, total_cos_loss : 0.00143, 
epoch  54 summary: dyn_dyn_cos_loss: 0.00632, dyn_sta_cos_loss: 0.00143, total_cos_loss : 0.00143, 
epoch  55 summary: dyn_dyn_cos_loss: 0.00632, dyn_sta_cos_loss: 0.00143, total_cos_loss : 0.00143, 
epoch  56 summary: dyn_dyn_cos_loss: 0.00632, dyn_sta_cos_loss: 0.00143, total_cos_loss : 0.00143, 
epoch  57 summary: dyn_dyn_cos_loss: 0.00632, dyn_sta_cos_loss: 0.00143, total_cos_loss : 0.00143, 
epoch  58 summary: dyn_dyn_cos_loss: 0.00631, dyn_sta_cos_loss: 0.00143, total_cos_loss : 0.00143, 
epoch  59 summary: dyn_dyn_cos_loss: 0.00632, dyn_sta_cos_loss: 0.00143, total_cos_loss : 0.00143, 
epoch  60 summary: dyn_dyn_cos_loss: 0.00639, dyn_sta_cos_loss: 0.00143, total_cos_loss : 0.00143, 
valid loss: 1.7224, valid acc: 0.5586
epoch  61 summary: dyn_dyn_cos_loss: 0.00639, dyn_sta_cos_loss: 0.00143, total_cos_loss : 0.00143, 
epoch  62 summary: dyn_dyn_cos_loss: 0.00639, dyn_sta_cos_loss: 0.00143, total_cos_loss : 0.00143, 
epoch  63 summary: dyn_dyn_cos_loss: 0.00639, dyn_sta_cos_loss: 0.00143, total_cos_loss : 0.00143, 
epoch  64 summary: dyn_dyn_cos_loss: 0.00639, dyn_sta_cos_loss: 0.00143, total_cos_loss : 0.00143, 
epoch  65 summary: dyn_dyn_cos_loss: 0.00638, dyn_sta_cos_loss: 0.00143, total_cos_loss : 0.00143, 
epoch  66 summary: dyn_dyn_cos_loss: 0.00638, dyn_sta_cos_loss: 0.00143, total_cos_loss : 0.00143, 
epoch  67 summary: dyn_dyn_cos_loss: 0.00638, dyn_sta_cos_loss: 0.00143, total_cos_loss : 0.00143, 
epoch  68 summary: dyn_dyn_cos_loss: 0.00638, dyn_sta_cos_loss: 0.00143, total_cos_loss : 0.00143, 
epoch  69 summary: dyn_dyn_cos_loss: 0.00638, dyn_sta_cos_loss: 0.00143, total_cos_loss : 0.00143, 
epoch  70 summary: dyn_dyn_cos_loss: 0.00638, dyn_sta_cos_loss: 0.00143, total_cos_loss : 0.00143, 
valid loss: 1.7339, valid acc: 0.5566
epoch  71 summary: dyn_dyn_cos_loss: 0.00637, dyn_sta_cos_loss: 0.00143, total_cos_loss : 0.00143, 
epoch  72 summary: dyn_dyn_cos_loss: 0.00637, dyn_sta_cos_loss: 0.00143, total_cos_loss : 0.00143, 
epoch  73 summary: dyn_dyn_cos_loss: 0.00637, dyn_sta_cos_loss: 0.00143, total_cos_loss : 0.00143, 
epoch  74 summary: dyn_dyn_cos_loss: 0.00637, dyn_sta_cos_loss: 0.00143, total_cos_loss : 0.00143, 
epoch  75 summary: dyn_dyn_cos_loss: 0.00642, dyn_sta_cos_loss: 0.00142, total_cos_loss : 0.00142, 
epoch  76 summary: dyn_dyn_cos_loss: 0.00642, dyn_sta_cos_loss: 0.00142, total_cos_loss : 0.00142, 
epoch  77 summary: dyn_dyn_cos_loss: 0.00642, dyn_sta_cos_loss: 0.00142, total_cos_loss : 0.00142, 
epoch  78 summary: dyn_dyn_cos_loss: 0.00642, dyn_sta_cos_loss: 0.00142, total_cos_loss : 0.00142, 
epoch  79 summary: dyn_dyn_cos_loss: 0.00642, dyn_sta_cos_loss: 0.00142, total_cos_loss : 0.00142, 
epoch  80 summary: dyn_dyn_cos_loss: 0.00642, dyn_sta_cos_loss: 0.00142, total_cos_loss : 0.00142, 
valid loss: 1.7300, valid acc: 0.5566
epoch  81 summary: dyn_dyn_cos_loss: 0.00642, dyn_sta_cos_loss: 0.00142, total_cos_loss : 0.00142, 
epoch  82 summary: dyn_dyn_cos_loss: 0.00642, dyn_sta_cos_loss: 0.00142, total_cos_loss : 0.00142, 
epoch  83 summary: dyn_dyn_cos_loss: 0.00642, dyn_sta_cos_loss: 0.00142, total_cos_loss : 0.00142, 
epoch  84 summary: dyn_dyn_cos_loss: 0.00642, dyn_sta_cos_loss: 0.00142, total_cos_loss : 0.00142, 
epoch  85 summary: dyn_dyn_cos_loss: 0.00642, dyn_sta_cos_loss: 0.00142, total_cos_loss : 0.00142, 
epoch  86 summary: dyn_dyn_cos_loss: 0.00642, dyn_sta_cos_loss: 0.00142, total_cos_loss : 0.00142, 
epoch  87 summary: dyn_dyn_cos_loss: 0.00642, dyn_sta_cos_loss: 0.00142, total_cos_loss : 0.00142, 
epoch  88 summary: dyn_dyn_cos_loss: 0.00642, dyn_sta_cos_loss: 0.00142, total_cos_loss : 0.00142, 
epoch  89 summary: dyn_dyn_cos_loss: 0.00642, dyn_sta_cos_loss: 0.00142, total_cos_loss : 0.00142, 
epoch  90 summary: dyn_dyn_cos_loss: 0.00650, dyn_sta_cos_loss: 0.00142, total_cos_loss : 0.00142, 
valid loss: 1.7349, valid acc: 0.5547
epoch  91 summary: dyn_dyn_cos_loss: 0.00651, dyn_sta_cos_loss: 0.00142, total_cos_loss : 0.00142, 
epoch  92 summary: dyn_dyn_cos_loss: 0.00651, dyn_sta_cos_loss: 0.00142, total_cos_loss : 0.00142, 
epoch  93 summary: dyn_dyn_cos_loss: 0.00650, dyn_sta_cos_loss: 0.00142, total_cos_loss : 0.00142, 
epoch  94 summary: dyn_dyn_cos_loss: 0.00650, dyn_sta_cos_loss: 0.00142, total_cos_loss : 0.00142, 
epoch  95 summary: dyn_dyn_cos_loss: 0.00650, dyn_sta_cos_loss: 0.00142, total_cos_loss : 0.00142, 
epoch  96 summary: dyn_dyn_cos_loss: 0.00651, dyn_sta_cos_loss: 0.00142, total_cos_loss : 0.00142, 
epoch  97 summary: dyn_dyn_cos_loss: 0.00651, dyn_sta_cos_loss: 0.00142, total_cos_loss : 0.00142, 
epoch  98 summary: dyn_dyn_cos_loss: 0.00651, dyn_sta_cos_loss: 0.00142, total_cos_loss : 0.00142, 
epoch  99 summary: dyn_dyn_cos_loss: 0.00651, dyn_sta_cos_loss: 0.00142, total_cos_loss : 0.00142, 
epoch 100 summary: dyn_dyn_cos_loss: 0.00651, dyn_sta_cos_loss: 0.00142, total_cos_loss : 0.00142, 
valid loss: 1.7296, valid acc: 0.5566
epoch 101 summary: dyn_dyn_cos_loss: 0.00651, dyn_sta_cos_loss: 0.00142, total_cos_loss : 0.00142, 
epoch 102 summary: dyn_dyn_cos_loss: 0.00651, dyn_sta_cos_loss: 0.00142, total_cos_loss : 0.00142, 
epoch 103 summary: dyn_dyn_cos_loss: 0.00651, dyn_sta_cos_loss: 0.00142, total_cos_loss : 0.00142, 
epoch 104 summary: dyn_dyn_cos_loss: 0.00650, dyn_sta_cos_loss: 0.00142, total_cos_loss : 0.00142, 
epoch 105 summary: dyn_dyn_cos_loss: 0.00642, dyn_sta_cos_loss: 0.00142, total_cos_loss : 0.00142, 
epoch 106 summary: dyn_dyn_cos_loss: 0.00642, dyn_sta_cos_loss: 0.00142, total_cos_loss : 0.00142, 
epoch 107 summary: dyn_dyn_cos_loss: 0.00642, dyn_sta_cos_loss: 0.00142, total_cos_loss : 0.00142, 
epoch 108 summary: dyn_dyn_cos_loss: 0.00642, dyn_sta_cos_loss: 0.00142, total_cos_loss : 0.00142, 
epoch 109 summary: dyn_dyn_cos_loss: 0.00642, dyn_sta_cos_loss: 0.00142, total_cos_loss : 0.00142, 
epoch 110 summary: dyn_dyn_cos_loss: 0.00643, dyn_sta_cos_loss: 0.00142, total_cos_loss : 0.00142, 
valid loss: 1.7357, valid acc: 0.5566
epoch 111 summary: dyn_dyn_cos_loss: 0.00643, dyn_sta_cos_loss: 0.00142, total_cos_loss : 0.00142, 
epoch 112 summary: dyn_dyn_cos_loss: 0.00643, dyn_sta_cos_loss: 0.00142, total_cos_loss : 0.00142, 
epoch 113 summary: dyn_dyn_cos_loss: 0.00643, dyn_sta_cos_loss: 0.00142, total_cos_loss : 0.00142, 
epoch 114 summary: dyn_dyn_cos_loss: 0.00643, dyn_sta_cos_loss: 0.00142, total_cos_loss : 0.00142, 
epoch 115 summary: dyn_dyn_cos_loss: 0.00643, dyn_sta_cos_loss: 0.00142, total_cos_loss : 0.00142, 
epoch 116 summary: dyn_dyn_cos_loss: 0.00643, dyn_sta_cos_loss: 0.00142, total_cos_loss : 0.00142, 
epoch 117 summary: dyn_dyn_cos_loss: 0.00643, dyn_sta_cos_loss: 0.00142, total_cos_loss : 0.00142, 
epoch 118 summary: dyn_dyn_cos_loss: 0.00643, dyn_sta_cos_loss: 0.00142, total_cos_loss : 0.00142, 
epoch 119 summary: dyn_dyn_cos_loss: 0.00643, dyn_sta_cos_loss: 0.00142, total_cos_loss : 0.00142, 
epoch 120 summary: dyn_dyn_cos_loss: 0.00646, dyn_sta_cos_loss: 0.00142, total_cos_loss : 0.00142, 
valid loss: 1.7339, valid acc: 0.5566
epoch 121 summary: dyn_dyn_cos_loss: 0.00646, dyn_sta_cos_loss: 0.00142, total_cos_loss : 0.00142, 
epoch 122 summary: dyn_dyn_cos_loss: 0.00646, dyn_sta_cos_loss: 0.00142, total_cos_loss : 0.00142, 
epoch 123 summary: dyn_dyn_cos_loss: 0.00646, dyn_sta_cos_loss: 0.00142, total_cos_loss : 0.00142, 
epoch 124 summary: dyn_dyn_cos_loss: 0.00646, dyn_sta_cos_loss: 0.00142, total_cos_loss : 0.00142, 
epoch 125 summary: dyn_dyn_cos_loss: 0.00646, dyn_sta_cos_loss: 0.00142, total_cos_loss : 0.00142, 
epoch 126 summary: dyn_dyn_cos_loss: 0.00646, dyn_sta_cos_loss: 0.00142, total_cos_loss : 0.00142, 
epoch 127 summary: dyn_dyn_cos_loss: 0.00646, dyn_sta_cos_loss: 0.00142, total_cos_loss : 0.00142, 
epoch 128 summary: dyn_dyn_cos_loss: 0.00646, dyn_sta_cos_loss: 0.00142, total_cos_loss : 0.00142, 
epoch 129 summary: dyn_dyn_cos_loss: 0.00646, dyn_sta_cos_loss: 0.00142, total_cos_loss : 0.00142, 
epoch 130 summary: dyn_dyn_cos_loss: 0.00646, dyn_sta_cos_loss: 0.00142, total_cos_loss : 0.00142, 
valid loss: 1.7369, valid acc: 0.5547
epoch 131 summary: dyn_dyn_cos_loss: 0.00646, dyn_sta_cos_loss: 0.00142, total_cos_loss : 0.00142, 
epoch 132 summary: dyn_dyn_cos_loss: 0.00647, dyn_sta_cos_loss: 0.00142, total_cos_loss : 0.00142, 
epoch 133 summary: dyn_dyn_cos_loss: 0.00647, dyn_sta_cos_loss: 0.00142, total_cos_loss : 0.00142, 
epoch 134 summary: dyn_dyn_cos_loss: 0.00647, dyn_sta_cos_loss: 0.00142, total_cos_loss : 0.00142, 
epoch 135 summary: dyn_dyn_cos_loss: 0.00639, dyn_sta_cos_loss: 0.00142, total_cos_loss : 0.00142, 
epoch 136 summary: dyn_dyn_cos_loss: 0.00639, dyn_sta_cos_loss: 0.00142, total_cos_loss : 0.00142, 
epoch 137 summary: dyn_dyn_cos_loss: 0.00639, dyn_sta_cos_loss: 0.00142, total_cos_loss : 0.00142, 
epoch 138 summary: dyn_dyn_cos_loss: 0.00639, dyn_sta_cos_loss: 0.00142, total_cos_loss : 0.00142, 
epoch 139 summary: dyn_dyn_cos_loss: 0.00639, dyn_sta_cos_loss: 0.00142, total_cos_loss : 0.00142, 
epoch 140 summary: dyn_dyn_cos_loss: 0.00639, dyn_sta_cos_loss: 0.00142, total_cos_loss : 0.00142, 
valid loss: 1.7359, valid acc: 0.5547
epoch 141 summary: dyn_dyn_cos_loss: 0.00639, dyn_sta_cos_loss: 0.00142, total_cos_loss : 0.00142, 
epoch 142 summary: dyn_dyn_cos_loss: 0.00639, dyn_sta_cos_loss: 0.00142, total_cos_loss : 0.00142, 
epoch 143 summary: dyn_dyn_cos_loss: 0.00639, dyn_sta_cos_loss: 0.00142, total_cos_loss : 0.00142, 
epoch 144 summary: dyn_dyn_cos_loss: 0.00639, dyn_sta_cos_loss: 0.00142, total_cos_loss : 0.00142, 
epoch 145 summary: dyn_dyn_cos_loss: 0.00639, dyn_sta_cos_loss: 0.00142, total_cos_loss : 0.00142, 
epoch 146 summary: dyn_dyn_cos_loss: 0.00639, dyn_sta_cos_loss: 0.00142, total_cos_loss : 0.00142, 
epoch 147 summary: dyn_dyn_cos_loss: 0.00639, dyn_sta_cos_loss: 0.00142, total_cos_loss : 0.00142, 
epoch 148 summary: dyn_dyn_cos_loss: 0.00639, dyn_sta_cos_loss: 0.00142, total_cos_loss : 0.00142, 
epoch 149 summary: dyn_dyn_cos_loss: 0.00638, dyn_sta_cos_loss: 0.00142, total_cos_loss : 0.00142, 
epoch 150 summary: dyn_dyn_cos_loss: 0.00638, dyn_sta_cos_loss: 0.00142, total_cos_loss : 0.00142, 
valid loss: 1.7366, valid acc: 0.5527
epoch 151 summary: dyn_dyn_cos_loss: 0.00638, dyn_sta_cos_loss: 0.00142, total_cos_loss : 0.00142, 
epoch 152 summary: dyn_dyn_cos_loss: 0.00638, dyn_sta_cos_loss: 0.00142, total_cos_loss : 0.00142, 
epoch 153 summary: dyn_dyn_cos_loss: 0.00638, dyn_sta_cos_loss: 0.00142, total_cos_loss : 0.00142, 
epoch 154 summary: dyn_dyn_cos_loss: 0.00638, dyn_sta_cos_loss: 0.00142, total_cos_loss : 0.00142, 
epoch 155 summary: dyn_dyn_cos_loss: 0.00638, dyn_sta_cos_loss: 0.00142, total_cos_loss : 0.00142, 
epoch 156 summary: dyn_dyn_cos_loss: 0.00638, dyn_sta_cos_loss: 0.00142, total_cos_loss : 0.00142, 
epoch 157 summary: dyn_dyn_cos_loss: 0.00638, dyn_sta_cos_loss: 0.00142, total_cos_loss : 0.00142, 
epoch 158 summary: dyn_dyn_cos_loss: 0.00638, dyn_sta_cos_loss: 0.00142, total_cos_loss : 0.00142, 
epoch 159 summary: dyn_dyn_cos_loss: 0.00638, dyn_sta_cos_loss: 0.00142, total_cos_loss : 0.00142, 
epoch 160 summary: dyn_dyn_cos_loss: 0.00638, dyn_sta_cos_loss: 0.00142, total_cos_loss : 0.00142, 
valid loss: 1.7329, valid acc: 0.5527
epoch 161 summary: dyn_dyn_cos_loss: 0.00638, dyn_sta_cos_loss: 0.00142, total_cos_loss : 0.00142, 
epoch 162 summary: dyn_dyn_cos_loss: 0.00638, dyn_sta_cos_loss: 0.00142, total_cos_loss : 0.00142, 
epoch 163 summary: dyn_dyn_cos_loss: 0.00637, dyn_sta_cos_loss: 0.00142, total_cos_loss : 0.00142, 
epoch 164 summary: dyn_dyn_cos_loss: 0.00637, dyn_sta_cos_loss: 0.00142, total_cos_loss : 0.00142, 
epoch 165 summary: dyn_dyn_cos_loss: 0.00649, dyn_sta_cos_loss: 0.00142, total_cos_loss : 0.00142, 
epoch 166 summary: dyn_dyn_cos_loss: 0.00649, dyn_sta_cos_loss: 0.00142, total_cos_loss : 0.00142, 
epoch 167 summary: dyn_dyn_cos_loss: 0.00649, dyn_sta_cos_loss: 0.00142, total_cos_loss : 0.00142, 
epoch 168 summary: dyn_dyn_cos_loss: 0.00649, dyn_sta_cos_loss: 0.00142, total_cos_loss : 0.00142, 
epoch 169 summary: dyn_dyn_cos_loss: 0.00649, dyn_sta_cos_loss: 0.00142, total_cos_loss : 0.00142, 
epoch 170 summary: dyn_dyn_cos_loss: 0.00649, dyn_sta_cos_loss: 0.00142, total_cos_loss : 0.00142, 
valid loss: 1.7370, valid acc: 0.5527
epoch 171 summary: dyn_dyn_cos_loss: 0.00649, dyn_sta_cos_loss: 0.00142, total_cos_loss : 0.00142, 
epoch 172 summary: dyn_dyn_cos_loss: 0.00649, dyn_sta_cos_loss: 0.00142, total_cos_loss : 0.00142, 
epoch 173 summary: dyn_dyn_cos_loss: 0.00649, dyn_sta_cos_loss: 0.00142, total_cos_loss : 0.00142, 
epoch 174 summary: dyn_dyn_cos_loss: 0.00649, dyn_sta_cos_loss: 0.00142, total_cos_loss : 0.00142, 
epoch 175 summary: dyn_dyn_cos_loss: 0.00649, dyn_sta_cos_loss: 0.00142, total_cos_loss : 0.00142, 
epoch 176 summary: dyn_dyn_cos_loss: 0.00649, dyn_sta_cos_loss: 0.00142, total_cos_loss : 0.00142, 
epoch 177 summary: dyn_dyn_cos_loss: 0.00649, dyn_sta_cos_loss: 0.00142, total_cos_loss : 0.00142, 
epoch 178 summary: dyn_dyn_cos_loss: 0.00649, dyn_sta_cos_loss: 0.00142, total_cos_loss : 0.00142, 
epoch 179 summary: dyn_dyn_cos_loss: 0.00649, dyn_sta_cos_loss: 0.00142, total_cos_loss : 0.00142, 
epoch 180 summary: dyn_dyn_cos_loss: 0.00647, dyn_sta_cos_loss: 0.00142, total_cos_loss : 0.00142, 
valid loss: 1.7409, valid acc: 0.5547
epoch 181 summary: dyn_dyn_cos_loss: 0.00647, dyn_sta_cos_loss: 0.00142, total_cos_loss : 0.00142, 
epoch 182 summary: dyn_dyn_cos_loss: 0.00647, dyn_sta_cos_loss: 0.00142, total_cos_loss : 0.00142, 
epoch 183 summary: dyn_dyn_cos_loss: 0.00647, dyn_sta_cos_loss: 0.00142, total_cos_loss : 0.00142, 
epoch 184 summary: dyn_dyn_cos_loss: 0.00647, dyn_sta_cos_loss: 0.00142, total_cos_loss : 0.00142, 
epoch 185 summary: dyn_dyn_cos_loss: 0.00647, dyn_sta_cos_loss: 0.00142, total_cos_loss : 0.00142, 
epoch 186 summary: dyn_dyn_cos_loss: 0.00647, dyn_sta_cos_loss: 0.00142, total_cos_loss : 0.00142, 
epoch 187 summary: dyn_dyn_cos_loss: 0.00647, dyn_sta_cos_loss: 0.00142, total_cos_loss : 0.00142, 
epoch 188 summary: dyn_dyn_cos_loss: 0.00647, dyn_sta_cos_loss: 0.00142, total_cos_loss : 0.00142, 
epoch 189 summary: dyn_dyn_cos_loss: 0.00647, dyn_sta_cos_loss: 0.00142, total_cos_loss : 0.00142, 
epoch 190 summary: dyn_dyn_cos_loss: 0.00647, dyn_sta_cos_loss: 0.00142, total_cos_loss : 0.00142, 
valid loss: 1.7421, valid acc: 0.5547
epoch 191 summary: dyn_dyn_cos_loss: 0.00647, dyn_sta_cos_loss: 0.00142, total_cos_loss : 0.00142, 
epoch 192 summary: dyn_dyn_cos_loss: 0.00647, dyn_sta_cos_loss: 0.00142, total_cos_loss : 0.00142, 
epoch 193 summary: dyn_dyn_cos_loss: 0.00647, dyn_sta_cos_loss: 0.00142, total_cos_loss : 0.00142, 
epoch 194 summary: dyn_dyn_cos_loss: 0.00647, dyn_sta_cos_loss: 0.00142, total_cos_loss : 0.00142, 
epoch 195 summary: dyn_dyn_cos_loss: 0.00633, dyn_sta_cos_loss: 0.00142, total_cos_loss : 0.00142, 
epoch 196 summary: dyn_dyn_cos_loss: 0.00633, dyn_sta_cos_loss: 0.00142, total_cos_loss : 0.00142, 
epoch 197 summary: dyn_dyn_cos_loss: 0.00633, dyn_sta_cos_loss: 0.00142, total_cos_loss : 0.00142, 
epoch 198 summary: dyn_dyn_cos_loss: 0.00633, dyn_sta_cos_loss: 0.00142, total_cos_loss : 0.00142, 
epoch 199 summary: dyn_dyn_cos_loss: 0.00633, dyn_sta_cos_loss: 0.00142, total_cos_loss : 0.00142, 
all                          64610.126ms
all_epoch                    64582.048ms
all_preparation                 28.055ms
all_preparation_2               26.340ms
all_preparation_3                1.680ms
epoch                          254.346ms
epoch_pos_train                  4.630ms
epoch_preparation                0.395ms
epoch_train                    244.880ms
epoch_valid                      2.582ms
----------------------------------------
all                          64610.126ms
  all_epoch             99.96%
  all_preparation        0.04%
all_preparation                 28.055ms
  all_preparation_2     93.89%
  all_preparation_3      5.99%
epoch                        50869.274ms
  epoch_train           96.28%
  epoch_pos_train        1.82%
  epoch_valid            1.02%
  epoch_preparation      0.16%
