Before CTE Training: train eu loss: 1.0612127780914307, eval eu loss: 1.4517745971679688
Before CTE Training: train eu acc: 0.658203125, eval eu acc: 0.5794677734375
epoch   0 summary: train_cos_loss : 0.138773, vocab_cro_loss : 4.268174, 
train loss: 4.2370, accuracy: 0.0195
epoch   1 summary: train_cos_loss : 0.137352, vocab_cro_loss : 4.236984, 
epoch   2 summary: train_cos_loss : 0.134975, vocab_cro_loss : 4.183186, 
epoch   3 summary: train_cos_loss : 0.130806, vocab_cro_loss : 4.068873, 
epoch   4 summary: train_cos_loss : 0.124561, vocab_cro_loss : 3.889051, 
epoch   5 summary: train_cos_loss : 0.116661, vocab_cro_loss : 3.728393, 
epoch   6 summary: train_cos_loss : 0.107658, vocab_cro_loss : 3.512623, 
epoch   7 summary: train_cos_loss : 0.098281, vocab_cro_loss : 3.322137, 
epoch   8 summary: train_cos_loss : 0.089123, vocab_cro_loss : 3.123863, 
epoch   9 summary: train_cos_loss : 0.080430, vocab_cro_loss : 2.952821, 
epoch  10 summary: train_cos_loss : 0.072646, vocab_cro_loss : 2.796339, 
train loss: 2.6737, accuracy: 0.4407
epoch  11 summary: train_cos_loss : 0.065482, vocab_cro_loss : 2.673595, 
epoch  12 summary: train_cos_loss : 0.059130, vocab_cro_loss : 2.544435, 
epoch  13 summary: train_cos_loss : 0.053557, vocab_cro_loss : 2.443528, 
epoch  14 summary: train_cos_loss : 0.048764, vocab_cro_loss : 2.371460, 
epoch  15 summary: train_cos_loss : 0.044595, vocab_cro_loss : 2.298136, 
epoch  16 summary: train_cos_loss : 0.040987, vocab_cro_loss : 2.228293, 
epoch  17 summary: train_cos_loss : 0.037832, vocab_cro_loss : 2.175707, 
epoch  18 summary: train_cos_loss : 0.035093, vocab_cro_loss : 2.120910, 
epoch  19 summary: train_cos_loss : 0.032634, vocab_cro_loss : 2.070943, 
epoch  20 summary: train_cos_loss : 0.030526, vocab_cro_loss : 2.030609, 
train loss: 1.9910, accuracy: 0.5210
epoch  21 summary: train_cos_loss : 0.028625, vocab_cro_loss : 1.990973, 
epoch  22 summary: train_cos_loss : 0.026899, vocab_cro_loss : 1.954838, 
epoch  23 summary: train_cos_loss : 0.025335, vocab_cro_loss : 1.919144, 
epoch  24 summary: train_cos_loss : 0.023945, vocab_cro_loss : 1.895932, 
epoch  25 summary: train_cos_loss : 0.022702, vocab_cro_loss : 1.867782, 
epoch  26 summary: train_cos_loss : 0.021599, vocab_cro_loss : 1.845719, 
epoch  27 summary: train_cos_loss : 0.020588, vocab_cro_loss : 1.822140, 
epoch  28 summary: train_cos_loss : 0.019688, vocab_cro_loss : 1.807376, 
epoch  29 summary: train_cos_loss : 0.018857, vocab_cro_loss : 1.794200, 
epoch  30 summary: train_cos_loss : 0.018203, vocab_cro_loss : 1.770484, 
train loss: 1.7565, accuracy: 0.5402
epoch  31 summary: train_cos_loss : 0.017536, vocab_cro_loss : 1.756473, 
epoch  32 summary: train_cos_loss : 0.016907, vocab_cro_loss : 1.738096, 
epoch  33 summary: train_cos_loss : 0.016335, vocab_cro_loss : 1.727545, 
epoch  34 summary: train_cos_loss : 0.015810, vocab_cro_loss : 1.710934, 
epoch  35 summary: train_cos_loss : 0.015330, vocab_cro_loss : 1.697755, 
epoch  36 summary: train_cos_loss : 0.014891, vocab_cro_loss : 1.684924, 
epoch  37 summary: train_cos_loss : 0.014485, vocab_cro_loss : 1.673409, 
epoch  38 summary: train_cos_loss : 0.014110, vocab_cro_loss : 1.664880, 
epoch  39 summary: train_cos_loss : 0.013755, vocab_cro_loss : 1.657206, 
epoch  40 summary: train_cos_loss : 0.013520, vocab_cro_loss : 1.650914, 
train loss: 1.6425, accuracy: 0.5574
epoch  41 summary: train_cos_loss : 0.013230, vocab_cro_loss : 1.642471, 
epoch  42 summary: train_cos_loss : 0.012943, vocab_cro_loss : 1.634687, 
epoch  43 summary: train_cos_loss : 0.012678, vocab_cro_loss : 1.632304, 
epoch  44 summary: train_cos_loss : 0.012435, vocab_cro_loss : 1.624025, 
epoch  45 summary: train_cos_loss : 0.012195, vocab_cro_loss : 1.616960, 
epoch  46 summary: train_cos_loss : 0.011990, vocab_cro_loss : 1.608937, 
epoch  47 summary: train_cos_loss : 0.011792, vocab_cro_loss : 1.602852, 
epoch  48 summary: train_cos_loss : 0.011597, vocab_cro_loss : 1.593420, 
epoch  49 summary: train_cos_loss : 0.011411, vocab_cro_loss : 1.587250, 
epoch  50 summary: train_cos_loss : 0.011342, vocab_cro_loss : 1.582346, 
train loss: 1.5793, accuracy: 0.5650
epoch  51 summary: train_cos_loss : 0.011199, vocab_cro_loss : 1.579327, 
epoch  52 summary: train_cos_loss : 0.011052, vocab_cro_loss : 1.579431, 
epoch  53 summary: train_cos_loss : 0.010904, vocab_cro_loss : 1.572474, 
epoch  54 summary: train_cos_loss : 0.010764, vocab_cro_loss : 1.569214, 
epoch  55 summary: train_cos_loss : 0.010626, vocab_cro_loss : 1.565820, 
epoch  56 summary: train_cos_loss : 0.010505, vocab_cro_loss : 1.560498, 
epoch  57 summary: train_cos_loss : 0.010384, vocab_cro_loss : 1.556938, 
epoch  58 summary: train_cos_loss : 0.010266, vocab_cro_loss : 1.553415, 
epoch  59 summary: train_cos_loss : 0.010159, vocab_cro_loss : 1.549713, 
epoch  60 summary: train_cos_loss : 0.010137, vocab_cro_loss : 1.545960, 
train loss: 1.5432, accuracy: 0.5693
epoch  61 summary: train_cos_loss : 0.010060, vocab_cro_loss : 1.543187, 
epoch  62 summary: train_cos_loss : 0.009960, vocab_cro_loss : 1.541154, 
epoch  63 summary: train_cos_loss : 0.009867, vocab_cro_loss : 1.539476, 
epoch  64 summary: train_cos_loss : 0.009771, vocab_cro_loss : 1.538774, 
epoch  65 summary: train_cos_loss : 0.009678, vocab_cro_loss : 1.535649, 
epoch  66 summary: train_cos_loss : 0.009594, vocab_cro_loss : 1.532429, 
epoch  67 summary: train_cos_loss : 0.009518, vocab_cro_loss : 1.530468, 
epoch  68 summary: train_cos_loss : 0.009449, vocab_cro_loss : 1.529166, 
epoch  69 summary: train_cos_loss : 0.009376, vocab_cro_loss : 1.527828, 
epoch  70 summary: train_cos_loss : 0.009393, vocab_cro_loss : 1.524684, 
train loss: 1.5228, accuracy: 0.5730
epoch  71 summary: train_cos_loss : 0.009329, vocab_cro_loss : 1.522766, 
epoch  72 summary: train_cos_loss : 0.009264, vocab_cro_loss : 1.520517, 
epoch  73 summary: train_cos_loss : 0.009197, vocab_cro_loss : 1.520064, 
epoch  74 summary: train_cos_loss : 0.009130, vocab_cro_loss : 1.519877, 
epoch  75 summary: train_cos_loss : 0.009067, vocab_cro_loss : 1.519558, 
epoch  76 summary: train_cos_loss : 0.009005, vocab_cro_loss : 1.518794, 
epoch  77 summary: train_cos_loss : 0.008951, vocab_cro_loss : 1.516665, 
epoch  78 summary: train_cos_loss : 0.008893, vocab_cro_loss : 1.515207, 
epoch  79 summary: train_cos_loss : 0.008840, vocab_cro_loss : 1.513833, 
epoch  80 summary: train_cos_loss : 0.008865, vocab_cro_loss : 1.511073, 
train loss: 1.5097, accuracy: 0.5773
epoch  81 summary: train_cos_loss : 0.008817, vocab_cro_loss : 1.509659, 
epoch  82 summary: train_cos_loss : 0.008764, vocab_cro_loss : 1.509863, 
epoch  83 summary: train_cos_loss : 0.008708, vocab_cro_loss : 1.508093, 
epoch  84 summary: train_cos_loss : 0.008653, vocab_cro_loss : 1.506056, 
epoch  85 summary: train_cos_loss : 0.008603, vocab_cro_loss : 1.506031, 
epoch  86 summary: train_cos_loss : 0.008559, vocab_cro_loss : 1.503337, 
epoch  87 summary: train_cos_loss : 0.008515, vocab_cro_loss : 1.502800, 
epoch  88 summary: train_cos_loss : 0.008467, vocab_cro_loss : 1.502062, 
epoch  89 summary: train_cos_loss : 0.008421, vocab_cro_loss : 1.501764, 
epoch  90 summary: train_cos_loss : 0.008460, vocab_cro_loss : 1.500873, 
train loss: 1.5012, accuracy: 0.5739
epoch  91 summary: train_cos_loss : 0.008420, vocab_cro_loss : 1.501159, 
epoch  92 summary: train_cos_loss : 0.008372, vocab_cro_loss : 1.499310, 
epoch  93 summary: train_cos_loss : 0.008328, vocab_cro_loss : 1.498069, 
epoch  94 summary: train_cos_loss : 0.008285, vocab_cro_loss : 1.496743, 
epoch  95 summary: train_cos_loss : 0.008249, vocab_cro_loss : 1.496762, 
epoch  96 summary: train_cos_loss : 0.008213, vocab_cro_loss : 1.496622, 
epoch  97 summary: train_cos_loss : 0.008175, vocab_cro_loss : 1.496449, 
epoch  98 summary: train_cos_loss : 0.008141, vocab_cro_loss : 1.498097, 
epoch  99 summary: train_cos_loss : 0.008106, vocab_cro_loss : 1.493814, 
epoch 100 summary: train_cos_loss : 0.008152, vocab_cro_loss : 1.492021, 
train loss: 1.4908, accuracy: 0.5774
epoch 101 summary: train_cos_loss : 0.008122, vocab_cro_loss : 1.490836, 
epoch 102 summary: train_cos_loss : 0.008080, vocab_cro_loss : 1.489286, 
epoch 103 summary: train_cos_loss : 0.008046, vocab_cro_loss : 1.487915, 
epoch 104 summary: train_cos_loss : 0.008015, vocab_cro_loss : 1.487463, 
epoch 105 summary: train_cos_loss : 0.007984, vocab_cro_loss : 1.487290, 
epoch 106 summary: train_cos_loss : 0.007949, vocab_cro_loss : 1.487125, 
epoch 107 summary: train_cos_loss : 0.007916, vocab_cro_loss : 1.484135, 
epoch 108 summary: train_cos_loss : 0.007886, vocab_cro_loss : 1.483008, 
epoch 109 summary: train_cos_loss : 0.007857, vocab_cro_loss : 1.481557, 
epoch 110 summary: train_cos_loss : 0.007899, vocab_cro_loss : 1.481148, 
train loss: 1.4802, accuracy: 0.5781
epoch 111 summary: train_cos_loss : 0.007876, vocab_cro_loss : 1.480212, 
epoch 112 summary: train_cos_loss : 0.007847, vocab_cro_loss : 1.479127, 
epoch 113 summary: train_cos_loss : 0.007821, vocab_cro_loss : 1.480479, 
epoch 114 summary: train_cos_loss : 0.007794, vocab_cro_loss : 1.480098, 
epoch 115 summary: train_cos_loss : 0.007767, vocab_cro_loss : 1.478651, 
epoch 116 summary: train_cos_loss : 0.007738, vocab_cro_loss : 1.477858, 
epoch 117 summary: train_cos_loss : 0.007712, vocab_cro_loss : 1.477176, 
epoch 118 summary: train_cos_loss : 0.007688, vocab_cro_loss : 1.477072, 
epoch 119 summary: train_cos_loss : 0.007666, vocab_cro_loss : 1.475411, 
epoch 120 summary: train_cos_loss : 0.007720, vocab_cro_loss : 1.475414, 
train loss: 1.4738, accuracy: 0.5760
epoch 121 summary: train_cos_loss : 0.007699, vocab_cro_loss : 1.473758, 
epoch 122 summary: train_cos_loss : 0.007673, vocab_cro_loss : 1.472927, 
epoch 123 summary: train_cos_loss : 0.007645, vocab_cro_loss : 1.471552, 
epoch 124 summary: train_cos_loss : 0.007621, vocab_cro_loss : 1.469159, 
epoch 125 summary: train_cos_loss : 0.007602, vocab_cro_loss : 1.468483, 
epoch 126 summary: train_cos_loss : 0.007577, vocab_cro_loss : 1.468391, 
epoch 127 summary: train_cos_loss : 0.007555, vocab_cro_loss : 1.468343, 
epoch 128 summary: train_cos_loss : 0.007532, vocab_cro_loss : 1.468986, 
epoch 129 summary: train_cos_loss : 0.007514, vocab_cro_loss : 1.468357, 
epoch 130 summary: train_cos_loss : 0.007564, vocab_cro_loss : 1.467087, 
train loss: 1.4676, accuracy: 0.5778
epoch 131 summary: train_cos_loss : 0.007547, vocab_cro_loss : 1.467611, 
epoch 132 summary: train_cos_loss : 0.007522, vocab_cro_loss : 1.466143, 
epoch 133 summary: train_cos_loss : 0.007499, vocab_cro_loss : 1.464894, 
epoch 134 summary: train_cos_loss : 0.007480, vocab_cro_loss : 1.464682, 
epoch 135 summary: train_cos_loss : 0.007460, vocab_cro_loss : 1.464718, 
epoch 136 summary: train_cos_loss : 0.007442, vocab_cro_loss : 1.463665, 
epoch 137 summary: train_cos_loss : 0.007425, vocab_cro_loss : 1.463053, 
epoch 138 summary: train_cos_loss : 0.007409, vocab_cro_loss : 1.462684, 
epoch 139 summary: train_cos_loss : 0.007394, vocab_cro_loss : 1.462545, 
epoch 140 summary: train_cos_loss : 0.007443, vocab_cro_loss : 1.462501, 
train loss: 1.4622, accuracy: 0.5757
epoch 141 summary: train_cos_loss : 0.007425, vocab_cro_loss : 1.462234, 
epoch 142 summary: train_cos_loss : 0.007406, vocab_cro_loss : 1.462529, 
epoch 143 summary: train_cos_loss : 0.007385, vocab_cro_loss : 1.462559, 
epoch 144 summary: train_cos_loss : 0.007366, vocab_cro_loss : 1.461869, 
epoch 145 summary: train_cos_loss : 0.007345, vocab_cro_loss : 1.461577, 
epoch 146 summary: train_cos_loss : 0.007322, vocab_cro_loss : 1.462003, 
epoch 147 summary: train_cos_loss : 0.007304, vocab_cro_loss : 1.460772, 
epoch 148 summary: train_cos_loss : 0.007286, vocab_cro_loss : 1.460495, 
epoch 149 summary: train_cos_loss : 0.007268, vocab_cro_loss : 1.460736, 
train loss: 1.4605, accuracy: 0.5754
all                        1588499.554ms
all_epoch                  1584579.062ms
all_preparation               3920.467ms
all_preparation_2             3918.412ms
all_preparation_3                2.031ms
epoch                        10340.076ms
epoch_pos_train                  3.040ms
epoch_preparation               31.121ms
epoch_train                  10260.298ms
epoch_valid                     44.769ms
----------------------------------------
all                        1588499.554ms
  all_epoch             99.75%
  all_preparation        0.25%
all_preparation               3920.467ms
  all_preparation_2     99.95%
  all_preparation_3      0.05%
epoch                      1551011.387ms
  epoch_train           99.23%
  epoch_valid            0.43%
  epoch_preparation      0.30%
  epoch_pos_train        0.03%
epoch   0 summary: valid_cos_loss : 0.250828, 
valid loss: 3.7970, accuracy: 0.1525
epoch   1 summary: valid_cos_loss : 0.195366, 
epoch   2 summary: valid_cos_loss : 0.155684, 
epoch   3 summary: valid_cos_loss : 0.125440, 
epoch   4 summary: valid_cos_loss : 0.101395, 
epoch   5 summary: valid_cos_loss : 0.082516, 
epoch   6 summary: valid_cos_loss : 0.067151, 
epoch   7 summary: valid_cos_loss : 0.055022, 
epoch   8 summary: valid_cos_loss : 0.045733, 
epoch   9 summary: valid_cos_loss : 0.038275, 
epoch  10 summary: valid_cos_loss : 0.032753, 
valid loss: 2.1896, accuracy: 0.4602
epoch  11 summary: valid_cos_loss : 0.028304, 
epoch  12 summary: valid_cos_loss : 0.024735, 
epoch  13 summary: valid_cos_loss : 0.021947, 
epoch  14 summary: valid_cos_loss : 0.019805, 
epoch  15 summary: valid_cos_loss : 0.018012, 
epoch  16 summary: valid_cos_loss : 0.016637, 
epoch  17 summary: valid_cos_loss : 0.015495, 
epoch  18 summary: valid_cos_loss : 0.014566, 
epoch  19 summary: valid_cos_loss : 0.013765, 
epoch  20 summary: valid_cos_loss : 0.013183, 
valid loss: 2.0621, accuracy: 0.4744
epoch  21 summary: valid_cos_loss : 0.012656, 
epoch  22 summary: valid_cos_loss : 0.012180, 
epoch  23 summary: valid_cos_loss : 0.011783, 
epoch  24 summary: valid_cos_loss : 0.011438, 
epoch  25 summary: valid_cos_loss : 0.011144, 
epoch  26 summary: valid_cos_loss : 0.010888, 
epoch  27 summary: valid_cos_loss : 0.010654, 
epoch  28 summary: valid_cos_loss : 0.010460, 
epoch  29 summary: valid_cos_loss : 0.010279, 
epoch  30 summary: valid_cos_loss : 0.010169, 
valid loss: 2.0398, accuracy: 0.4775
epoch  31 summary: valid_cos_loss : 0.010023, 
epoch  32 summary: valid_cos_loss : 0.009898, 
epoch  33 summary: valid_cos_loss : 0.009770, 
epoch  34 summary: valid_cos_loss : 0.009675, 
epoch  35 summary: valid_cos_loss : 0.009581, 
epoch  36 summary: valid_cos_loss : 0.009500, 
epoch  37 summary: valid_cos_loss : 0.009415, 
epoch  38 summary: valid_cos_loss : 0.009355, 
epoch  39 summary: valid_cos_loss : 0.009297, 
epoch  40 summary: valid_cos_loss : 0.009286, 
valid loss: 2.0318, accuracy: 0.4790
epoch  41 summary: valid_cos_loss : 0.009223, 
epoch  42 summary: valid_cos_loss : 0.009172, 
epoch  43 summary: valid_cos_loss : 0.009127, 
epoch  44 summary: valid_cos_loss : 0.009083, 
epoch  45 summary: valid_cos_loss : 0.009049, 
epoch  46 summary: valid_cos_loss : 0.009008, 
epoch  47 summary: valid_cos_loss : 0.008977, 
epoch  48 summary: valid_cos_loss : 0.008946, 
epoch  49 summary: valid_cos_loss : 0.008923, 
epoch  50 summary: valid_cos_loss : 0.008929, 
valid loss: 2.0308, accuracy: 0.4767
epoch  51 summary: valid_cos_loss : 0.008900, 
epoch  52 summary: valid_cos_loss : 0.008875, 
epoch  53 summary: valid_cos_loss : 0.008854, 
epoch  54 summary: valid_cos_loss : 0.008827, 
epoch  55 summary: valid_cos_loss : 0.008799, 
epoch  56 summary: valid_cos_loss : 0.008784, 
epoch  57 summary: valid_cos_loss : 0.008762, 
epoch  58 summary: valid_cos_loss : 0.008757, 
epoch  59 summary: valid_cos_loss : 0.008733, 
epoch  60 summary: valid_cos_loss : 0.008754, 
valid loss: 2.0253, accuracy: 0.4785
epoch  61 summary: valid_cos_loss : 0.008743, 
epoch  62 summary: valid_cos_loss : 0.008721, 
epoch  63 summary: valid_cos_loss : 0.008701, 
epoch  64 summary: valid_cos_loss : 0.008690, 
epoch  65 summary: valid_cos_loss : 0.008674, 
epoch  66 summary: valid_cos_loss : 0.008661, 
epoch  67 summary: valid_cos_loss : 0.008648, 
epoch  68 summary: valid_cos_loss : 0.008638, 
epoch  69 summary: valid_cos_loss : 0.008622, 
epoch  70 summary: valid_cos_loss : 0.008642, 
valid loss: 2.0186, accuracy: 0.4797
epoch  71 summary: valid_cos_loss : 0.008634, 
epoch  72 summary: valid_cos_loss : 0.008617, 
epoch  73 summary: valid_cos_loss : 0.008603, 
epoch  74 summary: valid_cos_loss : 0.008591, 
epoch  75 summary: valid_cos_loss : 0.008586, 
epoch  76 summary: valid_cos_loss : 0.008572, 
epoch  77 summary: valid_cos_loss : 0.008575, 
epoch  78 summary: valid_cos_loss : 0.008564, 
epoch  79 summary: valid_cos_loss : 0.008555, 
epoch  80 summary: valid_cos_loss : 0.008589, 
valid loss: 2.0150, accuracy: 0.4797
epoch  81 summary: valid_cos_loss : 0.008580, 
epoch  82 summary: valid_cos_loss : 0.008573, 
epoch  83 summary: valid_cos_loss : 0.008562, 
epoch  84 summary: valid_cos_loss : 0.008552, 
epoch  85 summary: valid_cos_loss : 0.008549, 
epoch  86 summary: valid_cos_loss : 0.008541, 
epoch  87 summary: valid_cos_loss : 0.008533, 
epoch  88 summary: valid_cos_loss : 0.008527, 
epoch  89 summary: valid_cos_loss : 0.008524, 
epoch  90 summary: valid_cos_loss : 0.008551, 
valid loss: 2.0133, accuracy: 0.4818
epoch  91 summary: valid_cos_loss : 0.008530, 
epoch  92 summary: valid_cos_loss : 0.008519, 
epoch  93 summary: valid_cos_loss : 0.008510, 
epoch  94 summary: valid_cos_loss : 0.008505, 
epoch  95 summary: valid_cos_loss : 0.008498, 
epoch  96 summary: valid_cos_loss : 0.008492, 
epoch  97 summary: valid_cos_loss : 0.008484, 
epoch  98 summary: valid_cos_loss : 0.008477, 
epoch  99 summary: valid_cos_loss : 0.008468, 
epoch 100 summary: valid_cos_loss : 0.008490, 
valid loss: 2.0146, accuracy: 0.4805
epoch 101 summary: valid_cos_loss : 0.008484, 
epoch 102 summary: valid_cos_loss : 0.008474, 
epoch 103 summary: valid_cos_loss : 0.008470, 
epoch 104 summary: valid_cos_loss : 0.008461, 
epoch 105 summary: valid_cos_loss : 0.008453, 
epoch 106 summary: valid_cos_loss : 0.008446, 
epoch 107 summary: valid_cos_loss : 0.008439, 
epoch 108 summary: valid_cos_loss : 0.008434, 
epoch 109 summary: valid_cos_loss : 0.008429, 
epoch 110 summary: valid_cos_loss : 0.008468, 
valid loss: 2.0157, accuracy: 0.4803
epoch 111 summary: valid_cos_loss : 0.008456, 
epoch 112 summary: valid_cos_loss : 0.008457, 
epoch 113 summary: valid_cos_loss : 0.008446, 
epoch 114 summary: valid_cos_loss : 0.008436, 
epoch 115 summary: valid_cos_loss : 0.008447, 
epoch 116 summary: valid_cos_loss : 0.008442, 
epoch 117 summary: valid_cos_loss : 0.008428, 
epoch 118 summary: valid_cos_loss : 0.008424, 
epoch 119 summary: valid_cos_loss : 0.008413, 
epoch 120 summary: valid_cos_loss : 0.008432, 
valid loss: 2.0126, accuracy: 0.4814
epoch 121 summary: valid_cos_loss : 0.008427, 
epoch 122 summary: valid_cos_loss : 0.008415, 
epoch 123 summary: valid_cos_loss : 0.008408, 
epoch 124 summary: valid_cos_loss : 0.008405, 
epoch 125 summary: valid_cos_loss : 0.008399, 
epoch 126 summary: valid_cos_loss : 0.008391, 
epoch 127 summary: valid_cos_loss : 0.008388, 
epoch 128 summary: valid_cos_loss : 0.008381, 
epoch 129 summary: valid_cos_loss : 0.008378, 
epoch 130 summary: valid_cos_loss : 0.008405, 
valid loss: 2.0120, accuracy: 0.4841
epoch 131 summary: valid_cos_loss : 0.008395, 
epoch 132 summary: valid_cos_loss : 0.008388, 
epoch 133 summary: valid_cos_loss : 0.008381, 
epoch 134 summary: valid_cos_loss : 0.008376, 
epoch 135 summary: valid_cos_loss : 0.008372, 
epoch 136 summary: valid_cos_loss : 0.008367, 
epoch 137 summary: valid_cos_loss : 0.008365, 
epoch 138 summary: valid_cos_loss : 0.008360, 
epoch 139 summary: valid_cos_loss : 0.008353, 
epoch 140 summary: valid_cos_loss : 0.008382, 
valid loss: 2.0121, accuracy: 0.4840
epoch 141 summary: valid_cos_loss : 0.008374, 
epoch 142 summary: valid_cos_loss : 0.008367, 
epoch 143 summary: valid_cos_loss : 0.008364, 
epoch 144 summary: valid_cos_loss : 0.008357, 
epoch 145 summary: valid_cos_loss : 0.008351, 
epoch 146 summary: valid_cos_loss : 0.008346, 
epoch 147 summary: valid_cos_loss : 0.008342, 
epoch 148 summary: valid_cos_loss : 0.008341, 
epoch 149 summary: valid_cos_loss : 0.008338, 
valid loss: 2.0127, accuracy: 0.4849
all                         552681.386ms
all_epoch                   552654.569ms
all_preparation                 26.791ms
all_preparation_2               25.501ms
all_preparation_3                1.270ms
epoch                         3550.345ms
epoch_pos_train                  3.832ms
epoch_preparation                0.465ms
epoch_train                   3523.602ms
epoch_valid                     22.033ms
----------------------------------------
all                         552681.386ms
  all_epoch            100.00%
  all_preparation        0.00%
all_preparation                 26.791ms
  all_preparation_2     95.19%
  all_preparation_3      4.74%
epoch                       532551.709ms
  epoch_train           99.25%
  epoch_valid            0.62%
  epoch_pos_train        0.11%
  epoch_preparation      0.01%
