Before CTE Training: train eu loss: 1.0612127780914307, eval eu loss: 1.4517745971679688
Before CTE Training: train eu acc: 0.658203125, eval eu acc: 0.5794677734375
epoch   0 summary: train_cos_loss : 0.139114, vocab_cro_loss : 4.321559, 
train loss: 4.2787, accuracy: 0.0206
epoch   1 summary: train_cos_loss : 0.136628, vocab_cro_loss : 4.278663, 
epoch   2 summary: train_cos_loss : 0.132639, vocab_cro_loss : 4.200400, 
epoch   3 summary: train_cos_loss : 0.126160, vocab_cro_loss : 4.051724, 
epoch   4 summary: train_cos_loss : 0.117331, vocab_cro_loss : 3.837057, 
epoch   5 summary: train_cos_loss : 0.107204, vocab_cro_loss : 3.658688, 
epoch   6 summary: train_cos_loss : 0.096691, vocab_cro_loss : 3.382744, 
epoch   7 summary: train_cos_loss : 0.086503, vocab_cro_loss : 3.181685, 
epoch   8 summary: train_cos_loss : 0.077067, vocab_cro_loss : 2.998455, 
epoch   9 summary: train_cos_loss : 0.068510, vocab_cro_loss : 2.826592, 
epoch  10 summary: train_cos_loss : 0.061243, vocab_cro_loss : 2.684562, 
train loss: 2.5485, accuracy: 0.4519
epoch  11 summary: train_cos_loss : 0.054677, vocab_cro_loss : 2.548380, 
epoch  12 summary: train_cos_loss : 0.049139, vocab_cro_loss : 2.423167, 
epoch  13 summary: train_cos_loss : 0.044465, vocab_cro_loss : 2.333176, 
epoch  14 summary: train_cos_loss : 0.040363, vocab_cro_loss : 2.253934, 
epoch  15 summary: train_cos_loss : 0.036872, vocab_cro_loss : 2.183204, 
epoch  16 summary: train_cos_loss : 0.033793, vocab_cro_loss : 2.121879, 
epoch  17 summary: train_cos_loss : 0.031118, vocab_cro_loss : 2.066686, 
epoch  18 summary: train_cos_loss : 0.028754, vocab_cro_loss : 2.019081, 
epoch  19 summary: train_cos_loss : 0.026732, vocab_cro_loss : 1.969432, 
epoch  20 summary: train_cos_loss : 0.025032, vocab_cro_loss : 1.931395, 
train loss: 1.8842, accuracy: 0.5304
epoch  21 summary: train_cos_loss : 0.023452, vocab_cro_loss : 1.884203, 
epoch  22 summary: train_cos_loss : 0.022024, vocab_cro_loss : 1.846954, 
epoch  23 summary: train_cos_loss : 0.020763, vocab_cro_loss : 1.815447, 
epoch  24 summary: train_cos_loss : 0.019659, vocab_cro_loss : 1.793537, 
epoch  25 summary: train_cos_loss : 0.018669, vocab_cro_loss : 1.769178, 
epoch  26 summary: train_cos_loss : 0.017772, vocab_cro_loss : 1.744151, 
epoch  27 summary: train_cos_loss : 0.016976, vocab_cro_loss : 1.723479, 
epoch  28 summary: train_cos_loss : 0.016281, vocab_cro_loss : 1.708484, 
epoch  29 summary: train_cos_loss : 0.015661, vocab_cro_loss : 1.694312, 
epoch  30 summary: train_cos_loss : 0.015188, vocab_cro_loss : 1.685260, 
train loss: 1.6767, accuracy: 0.5545
epoch  31 summary: train_cos_loss : 0.014678, vocab_cro_loss : 1.676687, 
epoch  32 summary: train_cos_loss : 0.014202, vocab_cro_loss : 1.664673, 
epoch  33 summary: train_cos_loss : 0.013768, vocab_cro_loss : 1.653402, 
epoch  34 summary: train_cos_loss : 0.013379, vocab_cro_loss : 1.642745, 
epoch  35 summary: train_cos_loss : 0.013028, vocab_cro_loss : 1.634237, 
epoch  36 summary: train_cos_loss : 0.012689, vocab_cro_loss : 1.621057, 
epoch  37 summary: train_cos_loss : 0.012394, vocab_cro_loss : 1.617063, 
epoch  38 summary: train_cos_loss : 0.012105, vocab_cro_loss : 1.608613, 
epoch  39 summary: train_cos_loss : 0.011843, vocab_cro_loss : 1.599545, 
epoch  40 summary: train_cos_loss : 0.011706, vocab_cro_loss : 1.597600, 
train loss: 1.5933, accuracy: 0.5654
epoch  41 summary: train_cos_loss : 0.011494, vocab_cro_loss : 1.593263, 
epoch  42 summary: train_cos_loss : 0.011274, vocab_cro_loss : 1.586800, 
epoch  43 summary: train_cos_loss : 0.011067, vocab_cro_loss : 1.584249, 
epoch  44 summary: train_cos_loss : 0.010867, vocab_cro_loss : 1.573759, 
epoch  45 summary: train_cos_loss : 0.010686, vocab_cro_loss : 1.568908, 
epoch  46 summary: train_cos_loss : 0.010518, vocab_cro_loss : 1.564608, 
epoch  47 summary: train_cos_loss : 0.010359, vocab_cro_loss : 1.560531, 
epoch  48 summary: train_cos_loss : 0.010211, vocab_cro_loss : 1.556231, 
epoch  49 summary: train_cos_loss : 0.010062, vocab_cro_loss : 1.554630, 
epoch  50 summary: train_cos_loss : 0.010026, vocab_cro_loss : 1.555116, 
train loss: 1.5500, accuracy: 0.5655
epoch  51 summary: train_cos_loss : 0.009911, vocab_cro_loss : 1.549992, 
epoch  52 summary: train_cos_loss : 0.009779, vocab_cro_loss : 1.544229, 
epoch  53 summary: train_cos_loss : 0.009661, vocab_cro_loss : 1.536902, 
epoch  54 summary: train_cos_loss : 0.009554, vocab_cro_loss : 1.535059, 
epoch  55 summary: train_cos_loss : 0.009450, vocab_cro_loss : 1.533745, 
epoch  56 summary: train_cos_loss : 0.009356, vocab_cro_loss : 1.533438, 
epoch  57 summary: train_cos_loss : 0.009271, vocab_cro_loss : 1.530095, 
epoch  58 summary: train_cos_loss : 0.009182, vocab_cro_loss : 1.527269, 
epoch  59 summary: train_cos_loss : 0.009100, vocab_cro_loss : 1.525822, 
epoch  60 summary: train_cos_loss : 0.009100, vocab_cro_loss : 1.523159, 
train loss: 1.5236, accuracy: 0.5696
epoch  61 summary: train_cos_loss : 0.009026, vocab_cro_loss : 1.523599, 
epoch  62 summary: train_cos_loss : 0.008948, vocab_cro_loss : 1.528503, 
epoch  63 summary: train_cos_loss : 0.008878, vocab_cro_loss : 1.527805, 
epoch  64 summary: train_cos_loss : 0.008806, vocab_cro_loss : 1.525581, 
epoch  65 summary: train_cos_loss : 0.008734, vocab_cro_loss : 1.524187, 
epoch  66 summary: train_cos_loss : 0.008667, vocab_cro_loss : 1.521446, 
epoch  67 summary: train_cos_loss : 0.008605, vocab_cro_loss : 1.520090, 
epoch  68 summary: train_cos_loss : 0.008547, vocab_cro_loss : 1.516469, 
epoch  69 summary: train_cos_loss : 0.008493, vocab_cro_loss : 1.516733, 
epoch  70 summary: train_cos_loss : 0.008532, vocab_cro_loss : 1.514286, 
train loss: 1.5141, accuracy: 0.5719
epoch  71 summary: train_cos_loss : 0.008484, vocab_cro_loss : 1.514092, 
epoch  72 summary: train_cos_loss : 0.008433, vocab_cro_loss : 1.522747, 
epoch  73 summary: train_cos_loss : 0.008374, vocab_cro_loss : 1.516361, 
epoch  74 summary: train_cos_loss : 0.008323, vocab_cro_loss : 1.520097, 
epoch  75 summary: train_cos_loss : 0.008278, vocab_cro_loss : 1.518193, 
epoch  76 summary: train_cos_loss : 0.008233, vocab_cro_loss : 1.523694, 
epoch  77 summary: train_cos_loss : 0.008192, vocab_cro_loss : 1.515361, 
epoch  78 summary: train_cos_loss : 0.008149, vocab_cro_loss : 1.514095, 
epoch  79 summary: train_cos_loss : 0.008113, vocab_cro_loss : 1.513568, 
epoch  80 summary: train_cos_loss : 0.008154, vocab_cro_loss : 1.510951, 
train loss: 1.5095, accuracy: 0.5736
epoch  81 summary: train_cos_loss : 0.008117, vocab_cro_loss : 1.509522, 
epoch  82 summary: train_cos_loss : 0.008074, vocab_cro_loss : 1.507643, 
epoch  83 summary: train_cos_loss : 0.008034, vocab_cro_loss : 1.503880, 
epoch  84 summary: train_cos_loss : 0.007994, vocab_cro_loss : 1.505249, 
epoch  85 summary: train_cos_loss : 0.007957, vocab_cro_loss : 1.504407, 
epoch  86 summary: train_cos_loss : 0.007915, vocab_cro_loss : 1.502399, 
epoch  87 summary: train_cos_loss : 0.007878, vocab_cro_loss : 1.499233, 
epoch  88 summary: train_cos_loss : 0.007846, vocab_cro_loss : 1.495284, 
epoch  89 summary: train_cos_loss : 0.007811, vocab_cro_loss : 1.492343, 
epoch  90 summary: train_cos_loss : 0.007865, vocab_cro_loss : 1.492072, 
train loss: 1.4953, accuracy: 0.5751
epoch  91 summary: train_cos_loss : 0.007833, vocab_cro_loss : 1.495343, 
epoch  92 summary: train_cos_loss : 0.007798, vocab_cro_loss : 1.494739, 
epoch  93 summary: train_cos_loss : 0.007760, vocab_cro_loss : 1.492390, 
epoch  94 summary: train_cos_loss : 0.007728, vocab_cro_loss : 1.488609, 
epoch  95 summary: train_cos_loss : 0.007698, vocab_cro_loss : 1.485930, 
epoch  96 summary: train_cos_loss : 0.007666, vocab_cro_loss : 1.487214, 
epoch  97 summary: train_cos_loss : 0.007638, vocab_cro_loss : 1.484280, 
epoch  98 summary: train_cos_loss : 0.007608, vocab_cro_loss : 1.482709, 
epoch  99 summary: train_cos_loss : 0.007584, vocab_cro_loss : 1.480599, 
epoch 100 summary: train_cos_loss : 0.007644, vocab_cro_loss : 1.476465, 
train loss: 1.4751, accuracy: 0.5786
epoch 101 summary: train_cos_loss : 0.007620, vocab_cro_loss : 1.475094, 
epoch 102 summary: train_cos_loss : 0.007586, vocab_cro_loss : 1.472848, 
epoch 103 summary: train_cos_loss : 0.007557, vocab_cro_loss : 1.473397, 
epoch 104 summary: train_cos_loss : 0.007530, vocab_cro_loss : 1.477013, 
epoch 105 summary: train_cos_loss : 0.007503, vocab_cro_loss : 1.478088, 
epoch 106 summary: train_cos_loss : 0.007478, vocab_cro_loss : 1.485334, 
epoch 107 summary: train_cos_loss : 0.007450, vocab_cro_loss : 1.471082, 
epoch 108 summary: train_cos_loss : 0.007424, vocab_cro_loss : 1.470317, 
epoch 109 summary: train_cos_loss : 0.007400, vocab_cro_loss : 1.468596, 
epoch 110 summary: train_cos_loss : 0.007450, vocab_cro_loss : 1.475131, 
train loss: 1.4700, accuracy: 0.5775
epoch 111 summary: train_cos_loss : 0.007424, vocab_cro_loss : 1.469947, 
epoch 112 summary: train_cos_loss : 0.007393, vocab_cro_loss : 1.466898, 
epoch 113 summary: train_cos_loss : 0.007368, vocab_cro_loss : 1.465796, 
epoch 114 summary: train_cos_loss : 0.007344, vocab_cro_loss : 1.465520, 
epoch 115 summary: train_cos_loss : 0.007319, vocab_cro_loss : 1.465212, 
epoch 116 summary: train_cos_loss : 0.007297, vocab_cro_loss : 1.465410, 
epoch 117 summary: train_cos_loss : 0.007277, vocab_cro_loss : 1.468879, 
epoch 118 summary: train_cos_loss : 0.007258, vocab_cro_loss : 1.474635, 
epoch 119 summary: train_cos_loss : 0.007239, vocab_cro_loss : 1.472506, 
epoch 120 summary: train_cos_loss : 0.007303, vocab_cro_loss : 1.473788, 
train loss: 1.4740, accuracy: 0.5792
epoch 121 summary: train_cos_loss : 0.007283, vocab_cro_loss : 1.473989, 
epoch 122 summary: train_cos_loss : 0.007259, vocab_cro_loss : 1.507901, 
epoch 123 summary: train_cos_loss : 0.007237, vocab_cro_loss : 1.474448, 
epoch 124 summary: train_cos_loss : 0.007219, vocab_cro_loss : 1.474866, 
epoch 125 summary: train_cos_loss : 0.007199, vocab_cro_loss : 1.472540, 
epoch 126 summary: train_cos_loss : 0.007178, vocab_cro_loss : 1.471316, 
epoch 127 summary: train_cos_loss : 0.007159, vocab_cro_loss : 1.482580, 
epoch 128 summary: train_cos_loss : 0.007138, vocab_cro_loss : 1.477848, 
epoch 129 summary: train_cos_loss : 0.007123, vocab_cro_loss : 1.466354, 
epoch 130 summary: train_cos_loss : 0.007186, vocab_cro_loss : 1.464961, 
train loss: 1.4648, accuracy: 0.5775
epoch 131 summary: train_cos_loss : 0.007170, vocab_cro_loss : 1.464821, 
epoch 132 summary: train_cos_loss : 0.007152, vocab_cro_loss : 1.464350, 
epoch 133 summary: train_cos_loss : 0.007131, vocab_cro_loss : 1.463418, 
epoch 134 summary: train_cos_loss : 0.007111, vocab_cro_loss : 1.462956, 
epoch 135 summary: train_cos_loss : 0.007095, vocab_cro_loss : 1.463339, 
epoch 136 summary: train_cos_loss : 0.007076, vocab_cro_loss : 1.471127, 
epoch 137 summary: train_cos_loss : 0.007060, vocab_cro_loss : 1.471911, 
epoch 138 summary: train_cos_loss : 0.007042, vocab_cro_loss : 1.477696, 
epoch 139 summary: train_cos_loss : 0.007030, vocab_cro_loss : 1.475957, 
epoch 140 summary: train_cos_loss : 0.007087, vocab_cro_loss : 1.469374, 
train loss: 1.4683, accuracy: 0.5766
epoch 141 summary: train_cos_loss : 0.007076, vocab_cro_loss : 1.468258, 
epoch 142 summary: train_cos_loss : 0.007057, vocab_cro_loss : 1.474837, 
epoch 143 summary: train_cos_loss : 0.007037, vocab_cro_loss : 1.470000, 
epoch 144 summary: train_cos_loss : 0.007020, vocab_cro_loss : 1.474379, 
epoch 145 summary: train_cos_loss : 0.007002, vocab_cro_loss : 1.464617, 
epoch 146 summary: train_cos_loss : 0.006988, vocab_cro_loss : 1.462373, 
epoch 147 summary: train_cos_loss : 0.006974, vocab_cro_loss : 1.462065, 
epoch 148 summary: train_cos_loss : 0.006962, vocab_cro_loss : 1.460744, 
epoch 149 summary: train_cos_loss : 0.006951, vocab_cro_loss : 1.459276, 
train loss: 1.4579, accuracy: 0.5778
all                        1483138.724ms
all_epoch                  1478662.179ms
all_preparation               4476.519ms
all_preparation_2             4474.372ms
all_preparation_3                2.121ms
epoch                         9633.687ms
epoch_pos_train                  3.050ms
epoch_preparation               22.685ms
epoch_train                   9583.749ms
epoch_valid                     23.369ms
----------------------------------------
all                        1483138.724ms
  all_epoch             99.70%
  all_preparation        0.30%
all_preparation               4476.519ms
  all_preparation_2     99.95%
  all_preparation_3      0.05%
epoch                      1445053.058ms
  epoch_train           99.48%
  epoch_valid            0.24%
  epoch_preparation      0.24%
  epoch_pos_train        0.03%
epoch   0 summary: valid_cos_loss : 0.255281, 
valid loss: 3.7964, accuracy: 0.1378
epoch   1 summary: valid_cos_loss : 0.190523, 
epoch   2 summary: valid_cos_loss : 0.145416, 
epoch   3 summary: valid_cos_loss : 0.112986, 
epoch   4 summary: valid_cos_loss : 0.088432, 
epoch   5 summary: valid_cos_loss : 0.069813, 
epoch   6 summary: valid_cos_loss : 0.055808, 
epoch   7 summary: valid_cos_loss : 0.045286, 
epoch   8 summary: valid_cos_loss : 0.037281, 
epoch   9 summary: valid_cos_loss : 0.031371, 
epoch  10 summary: valid_cos_loss : 0.027075, 
valid loss: 2.1615, accuracy: 0.4532
epoch  11 summary: valid_cos_loss : 0.023578, 
epoch  12 summary: valid_cos_loss : 0.020918, 
epoch  13 summary: valid_cos_loss : 0.018881, 
epoch  14 summary: valid_cos_loss : 0.017259, 
epoch  15 summary: valid_cos_loss : 0.015931, 
epoch  16 summary: valid_cos_loss : 0.014914, 
epoch  17 summary: valid_cos_loss : 0.014047, 
epoch  18 summary: valid_cos_loss : 0.013317, 
epoch  19 summary: valid_cos_loss : 0.012709, 
epoch  20 summary: valid_cos_loss : 0.012282, 
valid loss: 2.0558, accuracy: 0.4662
epoch  21 summary: valid_cos_loss : 0.011846, 
epoch  22 summary: valid_cos_loss : 0.011475, 
epoch  23 summary: valid_cos_loss : 0.011167, 
epoch  24 summary: valid_cos_loss : 0.010888, 
epoch  25 summary: valid_cos_loss : 0.010651, 
epoch  26 summary: valid_cos_loss : 0.010438, 
epoch  27 summary: valid_cos_loss : 0.010255, 
epoch  28 summary: valid_cos_loss : 0.010096, 
epoch  29 summary: valid_cos_loss : 0.009952, 
epoch  30 summary: valid_cos_loss : 0.009887, 
valid loss: 2.0265, accuracy: 0.4730
epoch  31 summary: valid_cos_loss : 0.009765, 
epoch  32 summary: valid_cos_loss : 0.009657, 
epoch  33 summary: valid_cos_loss : 0.009553, 
epoch  34 summary: valid_cos_loss : 0.009467, 
epoch  35 summary: valid_cos_loss : 0.009391, 
epoch  36 summary: valid_cos_loss : 0.009315, 
epoch  37 summary: valid_cos_loss : 0.009250, 
epoch  38 summary: valid_cos_loss : 0.009195, 
epoch  39 summary: valid_cos_loss : 0.009141, 
epoch  40 summary: valid_cos_loss : 0.009151, 
valid loss: 2.0209, accuracy: 0.4729
epoch  41 summary: valid_cos_loss : 0.009100, 
epoch  42 summary: valid_cos_loss : 0.009058, 
epoch  43 summary: valid_cos_loss : 0.009017, 
epoch  44 summary: valid_cos_loss : 0.008981, 
epoch  45 summary: valid_cos_loss : 0.008945, 
epoch  46 summary: valid_cos_loss : 0.008918, 
epoch  47 summary: valid_cos_loss : 0.008898, 
epoch  48 summary: valid_cos_loss : 0.008869, 
epoch  49 summary: valid_cos_loss : 0.008838, 
epoch  50 summary: valid_cos_loss : 0.008862, 
valid loss: 2.0200, accuracy: 0.4719
epoch  51 summary: valid_cos_loss : 0.008820, 
epoch  52 summary: valid_cos_loss : 0.008792, 
epoch  53 summary: valid_cos_loss : 0.008770, 
epoch  54 summary: valid_cos_loss : 0.008750, 
epoch  55 summary: valid_cos_loss : 0.008727, 
epoch  56 summary: valid_cos_loss : 0.008711, 
epoch  57 summary: valid_cos_loss : 0.008696, 
epoch  58 summary: valid_cos_loss : 0.008678, 
epoch  59 summary: valid_cos_loss : 0.008661, 
epoch  60 summary: valid_cos_loss : 0.008692, 
valid loss: 2.0169, accuracy: 0.4727
epoch  61 summary: valid_cos_loss : 0.008679, 
epoch  62 summary: valid_cos_loss : 0.008657, 
epoch  63 summary: valid_cos_loss : 0.008653, 
epoch  64 summary: valid_cos_loss : 0.008637, 
epoch  65 summary: valid_cos_loss : 0.008622, 
epoch  66 summary: valid_cos_loss : 0.008607, 
epoch  67 summary: valid_cos_loss : 0.008593, 
epoch  68 summary: valid_cos_loss : 0.008585, 
epoch  69 summary: valid_cos_loss : 0.008580, 
epoch  70 summary: valid_cos_loss : 0.008613, 
valid loss: 2.0169, accuracy: 0.4716
epoch  71 summary: valid_cos_loss : 0.008597, 
epoch  72 summary: valid_cos_loss : 0.008588, 
epoch  73 summary: valid_cos_loss : 0.008573, 
epoch  74 summary: valid_cos_loss : 0.008559, 
epoch  75 summary: valid_cos_loss : 0.008552, 
epoch  76 summary: valid_cos_loss : 0.008544, 
epoch  77 summary: valid_cos_loss : 0.008533, 
epoch  78 summary: valid_cos_loss : 0.008528, 
epoch  79 summary: valid_cos_loss : 0.008511, 
epoch  80 summary: valid_cos_loss : 0.008544, 
valid loss: 2.0157, accuracy: 0.4718
epoch  81 summary: valid_cos_loss : 0.008538, 
epoch  82 summary: valid_cos_loss : 0.008529, 
epoch  83 summary: valid_cos_loss : 0.008514, 
epoch  84 summary: valid_cos_loss : 0.008505, 
epoch  85 summary: valid_cos_loss : 0.008506, 
epoch  86 summary: valid_cos_loss : 0.008492, 
epoch  87 summary: valid_cos_loss : 0.008481, 
epoch  88 summary: valid_cos_loss : 0.008473, 
epoch  89 summary: valid_cos_loss : 0.008458, 
epoch  90 summary: valid_cos_loss : 0.008487, 
valid loss: 2.0145, accuracy: 0.4730
epoch  91 summary: valid_cos_loss : 0.008478, 
epoch  92 summary: valid_cos_loss : 0.008469, 
epoch  93 summary: valid_cos_loss : 0.008454, 
epoch  94 summary: valid_cos_loss : 0.008447, 
epoch  95 summary: valid_cos_loss : 0.008454, 
epoch  96 summary: valid_cos_loss : 0.008435, 
epoch  97 summary: valid_cos_loss : 0.008425, 
epoch  98 summary: valid_cos_loss : 0.008425, 
epoch  99 summary: valid_cos_loss : 0.008413, 
epoch 100 summary: valid_cos_loss : 0.008451, 
valid loss: 2.0142, accuracy: 0.4730
epoch 101 summary: valid_cos_loss : 0.008437, 
epoch 102 summary: valid_cos_loss : 0.008428, 
epoch 103 summary: valid_cos_loss : 0.008426, 
epoch 104 summary: valid_cos_loss : 0.008415, 
epoch 105 summary: valid_cos_loss : 0.008403, 
epoch 106 summary: valid_cos_loss : 0.008398, 
epoch 107 summary: valid_cos_loss : 0.008391, 
epoch 108 summary: valid_cos_loss : 0.008392, 
epoch 109 summary: valid_cos_loss : 0.008382, 
epoch 110 summary: valid_cos_loss : 0.008404, 
valid loss: 2.0150, accuracy: 0.4719
epoch 111 summary: valid_cos_loss : 0.008409, 
epoch 112 summary: valid_cos_loss : 0.008402, 
epoch 113 summary: valid_cos_loss : 0.008387, 
epoch 114 summary: valid_cos_loss : 0.008381, 
epoch 115 summary: valid_cos_loss : 0.008376, 
epoch 116 summary: valid_cos_loss : 0.008370, 
epoch 117 summary: valid_cos_loss : 0.008367, 
epoch 118 summary: valid_cos_loss : 0.008362, 
epoch 119 summary: valid_cos_loss : 0.008359, 
epoch 120 summary: valid_cos_loss : 0.008385, 
valid loss: 2.0128, accuracy: 0.4738
epoch 121 summary: valid_cos_loss : 0.008375, 
epoch 122 summary: valid_cos_loss : 0.008374, 
epoch 123 summary: valid_cos_loss : 0.008370, 
epoch 124 summary: valid_cos_loss : 0.008365, 
epoch 125 summary: valid_cos_loss : 0.008355, 
epoch 126 summary: valid_cos_loss : 0.008345, 
epoch 127 summary: valid_cos_loss : 0.008338, 
epoch 128 summary: valid_cos_loss : 0.008334, 
epoch 129 summary: valid_cos_loss : 0.008336, 
epoch 130 summary: valid_cos_loss : 0.008356, 
valid loss: 2.0113, accuracy: 0.4729
epoch 131 summary: valid_cos_loss : 0.008345, 
epoch 132 summary: valid_cos_loss : 0.008338, 
epoch 133 summary: valid_cos_loss : 0.008337, 
epoch 134 summary: valid_cos_loss : 0.008325, 
epoch 135 summary: valid_cos_loss : 0.008326, 
epoch 136 summary: valid_cos_loss : 0.008321, 
epoch 137 summary: valid_cos_loss : 0.008317, 
epoch 138 summary: valid_cos_loss : 0.008314, 
epoch 139 summary: valid_cos_loss : 0.008309, 
epoch 140 summary: valid_cos_loss : 0.008341, 
valid loss: 2.0105, accuracy: 0.4708
epoch 141 summary: valid_cos_loss : 0.008332, 
epoch 142 summary: valid_cos_loss : 0.008329, 
epoch 143 summary: valid_cos_loss : 0.008321, 
epoch 144 summary: valid_cos_loss : 0.008311, 
epoch 145 summary: valid_cos_loss : 0.008306, 
epoch 146 summary: valid_cos_loss : 0.008300, 
epoch 147 summary: valid_cos_loss : 0.008301, 
epoch 148 summary: valid_cos_loss : 0.008300, 
epoch 149 summary: valid_cos_loss : 0.008294, 
valid loss: 2.0118, accuracy: 0.4714
all                         558477.666ms
all_epoch                   558449.302ms
all_preparation                 28.342ms
all_preparation_2               27.097ms
all_preparation_3                1.228ms
epoch                         3590.450ms
epoch_pos_train                  3.525ms
epoch_preparation                0.451ms
epoch_train                   3574.083ms
epoch_valid                     11.979ms
----------------------------------------
all                         558477.666ms
  all_epoch             99.99%
  all_preparation        0.01%
all_preparation                 28.342ms
  all_preparation_2     95.61%
  all_preparation_3      4.33%
epoch                       538567.444ms
  epoch_train           99.54%
  epoch_valid            0.33%
  epoch_pos_train        0.10%
  epoch_preparation      0.01%
