Before CTE Training: train eu loss: 1.057024359703064, eval eu loss: 1.4517745971679688
Before CTE Training: train eu acc: 0.66552734375, eval eu acc: 0.5794677734375
epoch   0 summary: train_cos_loss : 0.104208, vocab_cro_loss : 4.567213, 
train loss: 4.2551, accuracy: 0.0586
epoch   1 summary: train_cos_loss : 0.093035, vocab_cro_loss : 4.253282, 
epoch   2 summary: train_cos_loss : 0.067493, vocab_cro_loss : 3.393203, 
epoch   3 summary: train_cos_loss : 0.049286, vocab_cro_loss : 2.921610, 
epoch   4 summary: train_cos_loss : 0.039265, vocab_cro_loss : 2.667004, 
epoch   5 summary: train_cos_loss : 0.033202, vocab_cro_loss : 2.732472, 
epoch   6 summary: train_cos_loss : 0.029151, vocab_cro_loss : 2.696533, 
epoch   7 summary: train_cos_loss : 0.026000, vocab_cro_loss : 2.636650, 
epoch   8 summary: train_cos_loss : 0.024206, vocab_cro_loss : 2.715923, 
epoch   9 summary: train_cos_loss : 0.022634, vocab_cro_loss : 2.735964, 
epoch  10 summary: train_cos_loss : 0.021460, vocab_cro_loss : 2.480418, 
train loss: 2.4623, accuracy: 0.4431
epoch  11 summary: train_cos_loss : 0.020587, vocab_cro_loss : 2.459153, 
epoch  12 summary: train_cos_loss : 0.019787, vocab_cro_loss : 2.477324, 
epoch  13 summary: train_cos_loss : 0.019195, vocab_cro_loss : 2.759647, 
epoch  14 summary: train_cos_loss : 0.018622, vocab_cro_loss : 2.625034, 
epoch  15 summary: train_cos_loss : 0.018239, vocab_cro_loss : 2.757043, 
epoch  16 summary: train_cos_loss : 0.017818, vocab_cro_loss : 2.653766, 
epoch  17 summary: train_cos_loss : 0.017595, vocab_cro_loss : 2.566391, 
epoch  18 summary: train_cos_loss : 0.017299, vocab_cro_loss : 2.527674, 
epoch  19 summary: train_cos_loss : 0.017115, vocab_cro_loss : 2.601688, 
epoch  20 summary: train_cos_loss : 0.016935, vocab_cro_loss : 2.585481, 
train loss: 2.4468, accuracy: 0.4492
epoch  21 summary: train_cos_loss : 0.016689, vocab_cro_loss : 2.444613, 
epoch  22 summary: train_cos_loss : 0.016542, vocab_cro_loss : 2.474212, 
epoch  23 summary: train_cos_loss : 0.016334, vocab_cro_loss : 2.472136, 
epoch  24 summary: train_cos_loss : 0.016344, vocab_cro_loss : 2.535542, 
epoch  25 summary: train_cos_loss : 0.016137, vocab_cro_loss : 2.570009, 
epoch  26 summary: train_cos_loss : 0.016092, vocab_cro_loss : 2.377230, 
epoch  27 summary: train_cos_loss : 0.015964, vocab_cro_loss : 2.245829, 
epoch  28 summary: train_cos_loss : 0.016050, vocab_cro_loss : 2.291513, 
epoch  29 summary: train_cos_loss : 0.015949, vocab_cro_loss : 2.328197, 
epoch  30 summary: train_cos_loss : 0.015886, vocab_cro_loss : 2.282449, 
train loss: 2.3129, accuracy: 0.4773
epoch  31 summary: train_cos_loss : 0.016014, vocab_cro_loss : 2.310417, 
epoch  32 summary: train_cos_loss : 0.015872, vocab_cro_loss : 2.438502, 
epoch  33 summary: train_cos_loss : 0.015860, vocab_cro_loss : 2.441987, 
epoch  34 summary: train_cos_loss : 0.015667, vocab_cro_loss : 2.300159, 
epoch  35 summary: train_cos_loss : 0.015738, vocab_cro_loss : 2.210853, 
epoch  36 summary: train_cos_loss : 0.015616, vocab_cro_loss : 2.335664, 
epoch  37 summary: train_cos_loss : 0.015605, vocab_cro_loss : 2.297852, 
epoch  38 summary: train_cos_loss : 0.015515, vocab_cro_loss : 2.323203, 
epoch  39 summary: train_cos_loss : 0.015651, vocab_cro_loss : 2.234877, 
epoch  40 summary: train_cos_loss : 0.015536, vocab_cro_loss : 2.203745, 
train loss: 2.3341, accuracy: 0.4492
epoch  41 summary: train_cos_loss : 0.015678, vocab_cro_loss : 2.331105, 
epoch  42 summary: train_cos_loss : 0.015628, vocab_cro_loss : 2.328429, 
epoch  43 summary: train_cos_loss : 0.015557, vocab_cro_loss : 2.390000, 
epoch  44 summary: train_cos_loss : 0.015602, vocab_cro_loss : 2.284274, 
epoch  45 summary: train_cos_loss : 0.015429, vocab_cro_loss : 2.221363, 
epoch  46 summary: train_cos_loss : 0.015371, vocab_cro_loss : 2.187144, 
epoch  47 summary: train_cos_loss : 0.015458, vocab_cro_loss : 2.181238, 
epoch  48 summary: train_cos_loss : 0.015323, vocab_cro_loss : 2.236913, 
epoch  49 summary: train_cos_loss : 0.015448, vocab_cro_loss : 2.163473, 
epoch  50 summary: train_cos_loss : 0.015369, vocab_cro_loss : 2.175054, 
train loss: 2.2867, accuracy: 0.4663
epoch  51 summary: train_cos_loss : 0.015274, vocab_cro_loss : 2.284585, 
epoch  52 summary: train_cos_loss : 0.015320, vocab_cro_loss : 2.480979, 
epoch  53 summary: train_cos_loss : 0.015402, vocab_cro_loss : 2.537923, 
epoch  54 summary: train_cos_loss : 0.015315, vocab_cro_loss : 2.337228, 
epoch  55 summary: train_cos_loss : 0.015167, vocab_cro_loss : 2.306943, 
epoch  56 summary: train_cos_loss : 0.015241, vocab_cro_loss : 2.274493, 
epoch  57 summary: train_cos_loss : 0.015165, vocab_cro_loss : 2.372729, 
epoch  58 summary: train_cos_loss : 0.015200, vocab_cro_loss : 2.349785, 
epoch  59 summary: train_cos_loss : 0.015117, vocab_cro_loss : 2.338580, 
epoch  60 summary: train_cos_loss : 0.015313, vocab_cro_loss : 2.226623, 
train loss: 2.1607, accuracy: 0.4785
epoch  61 summary: train_cos_loss : 0.015131, vocab_cro_loss : 2.158882, 
epoch  62 summary: train_cos_loss : 0.015071, vocab_cro_loss : 2.206886, 
epoch  63 summary: train_cos_loss : 0.015102, vocab_cro_loss : 2.131327, 
epoch  64 summary: train_cos_loss : 0.014994, vocab_cro_loss : 2.207552, 
epoch  65 summary: train_cos_loss : 0.015061, vocab_cro_loss : 2.205014, 
epoch  66 summary: train_cos_loss : 0.015129, vocab_cro_loss : 2.327273, 
epoch  67 summary: train_cos_loss : 0.014998, vocab_cro_loss : 2.313578, 
epoch  68 summary: train_cos_loss : 0.015101, vocab_cro_loss : 2.287208, 
epoch  69 summary: train_cos_loss : 0.015086, vocab_cro_loss : 2.267182, 
epoch  70 summary: train_cos_loss : 0.015088, vocab_cro_loss : 2.257274, 
train loss: 2.3965, accuracy: 0.4722
epoch  71 summary: train_cos_loss : 0.014996, vocab_cro_loss : 2.393043, 
epoch  72 summary: train_cos_loss : 0.015150, vocab_cro_loss : 2.301869, 
epoch  73 summary: train_cos_loss : 0.014956, vocab_cro_loss : 2.325911, 
epoch  74 summary: train_cos_loss : 0.015023, vocab_cro_loss : 2.263948, 
epoch  75 summary: train_cos_loss : 0.014962, vocab_cro_loss : 2.328210, 
epoch  76 summary: train_cos_loss : 0.014930, vocab_cro_loss : 2.239780, 
epoch  77 summary: train_cos_loss : 0.014954, vocab_cro_loss : 2.264633, 
epoch  78 summary: train_cos_loss : 0.015004, vocab_cro_loss : 2.251508, 
epoch  79 summary: train_cos_loss : 0.014961, vocab_cro_loss : 2.140940, 
epoch  80 summary: train_cos_loss : 0.014949, vocab_cro_loss : 2.187594, 
train loss: 2.2677, accuracy: 0.4722
epoch  81 summary: train_cos_loss : 0.014962, vocab_cro_loss : 2.264939, 
epoch  82 summary: train_cos_loss : 0.014876, vocab_cro_loss : 2.181637, 
epoch  83 summary: train_cos_loss : 0.014894, vocab_cro_loss : 2.163352, 
epoch  84 summary: train_cos_loss : 0.014845, vocab_cro_loss : 2.170587, 
epoch  85 summary: train_cos_loss : 0.014771, vocab_cro_loss : 2.187301, 
epoch  86 summary: train_cos_loss : 0.014627, vocab_cro_loss : 2.216165, 
epoch  87 summary: train_cos_loss : 0.014780, vocab_cro_loss : 2.155634, 
epoch  88 summary: train_cos_loss : 0.014707, vocab_cro_loss : 2.155511, 
epoch  89 summary: train_cos_loss : 0.014815, vocab_cro_loss : 2.265123, 
epoch  90 summary: train_cos_loss : 0.014682, vocab_cro_loss : 2.383765, 
train loss: 2.2974, accuracy: 0.4656
epoch  91 summary: train_cos_loss : 0.014732, vocab_cro_loss : 2.295824, 
epoch  92 summary: train_cos_loss : 0.014631, vocab_cro_loss : 2.368684, 
epoch  93 summary: train_cos_loss : 0.014697, vocab_cro_loss : 2.186037, 
epoch  94 summary: train_cos_loss : 0.014795, vocab_cro_loss : 2.327117, 
epoch  95 summary: train_cos_loss : 0.014696, vocab_cro_loss : 2.225629, 
epoch  96 summary: train_cos_loss : 0.014740, vocab_cro_loss : 2.530353, 
epoch  97 summary: train_cos_loss : 0.014629, vocab_cro_loss : 2.468455, 
epoch  98 summary: train_cos_loss : 0.014572, vocab_cro_loss : 2.317040, 
epoch  99 summary: train_cos_loss : 0.014613, vocab_cro_loss : 2.378406, 
epoch 100 summary: train_cos_loss : 0.014750, vocab_cro_loss : 2.369278, 
train loss: 2.4442, accuracy: 0.4561
epoch 101 summary: train_cos_loss : 0.014590, vocab_cro_loss : 2.442177, 
epoch 102 summary: train_cos_loss : 0.014586, vocab_cro_loss : 2.451853, 
epoch 103 summary: train_cos_loss : 0.014657, vocab_cro_loss : 2.409709, 
epoch 104 summary: train_cos_loss : 0.014607, vocab_cro_loss : 2.460533, 
epoch 105 summary: train_cos_loss : 0.014644, vocab_cro_loss : 2.236345, 
epoch 106 summary: train_cos_loss : 0.014529, vocab_cro_loss : 2.103079, 
epoch 107 summary: train_cos_loss : 0.014527, vocab_cro_loss : 2.182837, 
epoch 108 summary: train_cos_loss : 0.014493, vocab_cro_loss : 2.373654, 
epoch 109 summary: train_cos_loss : 0.014599, vocab_cro_loss : 2.466407, 
epoch 110 summary: train_cos_loss : 0.014667, vocab_cro_loss : 2.505295, 
train loss: 2.4709, accuracy: 0.4348
epoch 111 summary: train_cos_loss : 0.014508, vocab_cro_loss : 2.467114, 
epoch 112 summary: train_cos_loss : 0.014593, vocab_cro_loss : 2.581710, 
epoch 113 summary: train_cos_loss : 0.014497, vocab_cro_loss : 2.484702, 
epoch 114 summary: train_cos_loss : 0.014526, vocab_cro_loss : 2.442951, 
epoch 115 summary: train_cos_loss : 0.014655, vocab_cro_loss : 2.403932, 
epoch 116 summary: train_cos_loss : 0.014601, vocab_cro_loss : 2.337120, 
epoch 117 summary: train_cos_loss : 0.014462, vocab_cro_loss : 2.294463, 
epoch 118 summary: train_cos_loss : 0.014462, vocab_cro_loss : 2.336499, 
epoch 119 summary: train_cos_loss : 0.014569, vocab_cro_loss : 2.388889, 
epoch 120 summary: train_cos_loss : 0.014610, vocab_cro_loss : 2.463900, 
train loss: 2.3082, accuracy: 0.4521
epoch 121 summary: train_cos_loss : 0.014492, vocab_cro_loss : 2.306149, 
epoch 122 summary: train_cos_loss : 0.014527, vocab_cro_loss : 2.541732, 
epoch 123 summary: train_cos_loss : 0.014486, vocab_cro_loss : 2.556520, 
epoch 124 summary: train_cos_loss : 0.014639, vocab_cro_loss : 2.391462, 
epoch 125 summary: train_cos_loss : 0.014514, vocab_cro_loss : 2.368529, 
epoch 126 summary: train_cos_loss : 0.014461, vocab_cro_loss : 2.262111, 
epoch 127 summary: train_cos_loss : 0.014520, vocab_cro_loss : 2.275114, 
epoch 128 summary: train_cos_loss : 0.014503, vocab_cro_loss : 2.183513, 
epoch 129 summary: train_cos_loss : 0.014604, vocab_cro_loss : 2.299320, 
epoch 130 summary: train_cos_loss : 0.014509, vocab_cro_loss : 2.261190, 
train loss: 2.2856, accuracy: 0.4692
epoch 131 summary: train_cos_loss : 0.014520, vocab_cro_loss : 2.284321, 
epoch 132 summary: train_cos_loss : 0.014551, vocab_cro_loss : 2.252648, 
epoch 133 summary: train_cos_loss : 0.014579, vocab_cro_loss : 2.167743, 
epoch 134 summary: train_cos_loss : 0.014639, vocab_cro_loss : 2.224858, 
epoch 135 summary: train_cos_loss : 0.014651, vocab_cro_loss : 2.293397, 
epoch 136 summary: train_cos_loss : 0.014502, vocab_cro_loss : 2.522407, 
epoch 137 summary: train_cos_loss : 0.014597, vocab_cro_loss : 2.400181, 
epoch 138 summary: train_cos_loss : 0.014513, vocab_cro_loss : 2.190049, 
epoch 139 summary: train_cos_loss : 0.014440, vocab_cro_loss : 2.388622, 
epoch 140 summary: train_cos_loss : 0.014654, vocab_cro_loss : 2.432090, 
train loss: 2.4818, accuracy: 0.4629
epoch 141 summary: train_cos_loss : 0.014635, vocab_cro_loss : 2.477049, 
epoch 142 summary: train_cos_loss : 0.014541, vocab_cro_loss : 2.354510, 
epoch 143 summary: train_cos_loss : 0.014488, vocab_cro_loss : 2.232578, 
epoch 144 summary: train_cos_loss : 0.014544, vocab_cro_loss : 2.121844, 
epoch 145 summary: train_cos_loss : 0.014543, vocab_cro_loss : 2.273876, 
epoch 146 summary: train_cos_loss : 0.014514, vocab_cro_loss : 2.183916, 
epoch 147 summary: train_cos_loss : 0.014455, vocab_cro_loss : 2.342559, 
epoch 148 summary: train_cos_loss : 0.014344, vocab_cro_loss : 2.291755, 
epoch 149 summary: train_cos_loss : 0.014479, vocab_cro_loss : 2.356150, 
train loss: 2.3474, accuracy: 0.4482
all                         356712.378ms
all_epoch                   354568.964ms
all_preparation               2143.367ms
all_preparation_2             2141.147ms
all_preparation_3                2.195ms
epoch                         2145.866ms
epoch_pos_train                  3.390ms
epoch_preparation               10.857ms
epoch_train                   2119.132ms
epoch_valid                     11.756ms
----------------------------------------
all                         356712.378ms
  all_epoch             99.40%
  all_preparation        0.60%
all_preparation               2143.367ms
  all_preparation_2     99.90%
  all_preparation_3      0.10%
epoch                       321879.859ms
  epoch_train           98.75%
  epoch_valid            0.55%
  epoch_preparation      0.51%
  epoch_pos_train        0.16%
epoch   0 summary: valid_cos_loss : 0.275091, 
valid loss: 3.1565, accuracy: 0.2629
epoch   1 summary: valid_cos_loss : 0.142146, 
epoch   2 summary: valid_cos_loss : 0.081056, 
epoch   3 summary: valid_cos_loss : 0.058568, 
epoch   4 summary: valid_cos_loss : 0.050741, 
epoch   5 summary: valid_cos_loss : 0.048926, 
epoch   6 summary: valid_cos_loss : 0.048132, 
epoch   7 summary: valid_cos_loss : 0.049562, 
epoch   8 summary: valid_cos_loss : 0.049086, 
epoch   9 summary: valid_cos_loss : 0.049414, 
epoch  10 summary: valid_cos_loss : 0.050877, 
valid loss: 2.7895, accuracy: 0.3601
epoch  11 summary: valid_cos_loss : 0.050546, 
epoch  12 summary: valid_cos_loss : 0.049825, 
epoch  13 summary: valid_cos_loss : 0.050225, 
epoch  14 summary: valid_cos_loss : 0.050520, 
epoch  15 summary: valid_cos_loss : 0.050494, 
epoch  16 summary: valid_cos_loss : 0.049959, 
epoch  17 summary: valid_cos_loss : 0.049999, 
epoch  18 summary: valid_cos_loss : 0.049231, 
epoch  19 summary: valid_cos_loss : 0.049591, 
epoch  20 summary: valid_cos_loss : 0.050153, 
valid loss: 2.7977, accuracy: 0.3546
epoch  21 summary: valid_cos_loss : 0.049415, 
epoch  22 summary: valid_cos_loss : 0.049896, 
epoch  23 summary: valid_cos_loss : 0.050507, 
epoch  24 summary: valid_cos_loss : 0.049647, 
epoch  25 summary: valid_cos_loss : 0.050163, 
epoch  26 summary: valid_cos_loss : 0.050339, 
epoch  27 summary: valid_cos_loss : 0.050807, 
epoch  28 summary: valid_cos_loss : 0.049992, 
epoch  29 summary: valid_cos_loss : 0.050742, 
epoch  30 summary: valid_cos_loss : 0.051286, 
valid loss: 2.7847, accuracy: 0.3589
epoch  31 summary: valid_cos_loss : 0.050258, 
epoch  32 summary: valid_cos_loss : 0.049611, 
epoch  33 summary: valid_cos_loss : 0.050156, 
epoch  34 summary: valid_cos_loss : 0.049690, 
epoch  35 summary: valid_cos_loss : 0.050034, 
epoch  36 summary: valid_cos_loss : 0.049820, 
epoch  37 summary: valid_cos_loss : 0.049669, 
epoch  38 summary: valid_cos_loss : 0.050181, 
epoch  39 summary: valid_cos_loss : 0.049642, 
epoch  40 summary: valid_cos_loss : 0.050022, 
valid loss: 2.7936, accuracy: 0.3595
epoch  41 summary: valid_cos_loss : 0.049159, 
epoch  42 summary: valid_cos_loss : 0.049155, 
epoch  43 summary: valid_cos_loss : 0.049976, 
epoch  44 summary: valid_cos_loss : 0.050089, 
epoch  45 summary: valid_cos_loss : 0.049607, 
epoch  46 summary: valid_cos_loss : 0.050188, 
epoch  47 summary: valid_cos_loss : 0.049592, 
epoch  48 summary: valid_cos_loss : 0.049816, 
epoch  49 summary: valid_cos_loss : 0.048696, 
epoch  50 summary: valid_cos_loss : 0.049940, 
valid loss: 2.7843, accuracy: 0.3596
epoch  51 summary: valid_cos_loss : 0.048953, 
epoch  52 summary: valid_cos_loss : 0.050325, 
epoch  53 summary: valid_cos_loss : 0.049689, 
epoch  54 summary: valid_cos_loss : 0.048850, 
epoch  55 summary: valid_cos_loss : 0.049618, 
epoch  56 summary: valid_cos_loss : 0.049249, 
epoch  57 summary: valid_cos_loss : 0.049785, 
epoch  58 summary: valid_cos_loss : 0.050168, 
epoch  59 summary: valid_cos_loss : 0.049416, 
epoch  60 summary: valid_cos_loss : 0.050237, 
valid loss: 2.7972, accuracy: 0.3561
epoch  61 summary: valid_cos_loss : 0.049195, 
epoch  62 summary: valid_cos_loss : 0.049262, 
epoch  63 summary: valid_cos_loss : 0.050174, 
epoch  64 summary: valid_cos_loss : 0.049171, 
epoch  65 summary: valid_cos_loss : 0.049414, 
epoch  66 summary: valid_cos_loss : 0.049533, 
epoch  67 summary: valid_cos_loss : 0.050076, 
epoch  68 summary: valid_cos_loss : 0.049210, 
epoch  69 summary: valid_cos_loss : 0.050067, 
epoch  70 summary: valid_cos_loss : 0.049489, 
valid loss: 2.7933, accuracy: 0.3572
epoch  71 summary: valid_cos_loss : 0.049534, 
epoch  72 summary: valid_cos_loss : 0.049379, 
epoch  73 summary: valid_cos_loss : 0.049433, 
epoch  74 summary: valid_cos_loss : 0.049107, 
epoch  75 summary: valid_cos_loss : 0.049330, 
epoch  76 summary: valid_cos_loss : 0.049061, 
epoch  77 summary: valid_cos_loss : 0.050134, 
epoch  78 summary: valid_cos_loss : 0.050273, 
epoch  79 summary: valid_cos_loss : 0.048689, 
epoch  80 summary: valid_cos_loss : 0.049635, 
valid loss: 2.7981, accuracy: 0.3597
epoch  81 summary: valid_cos_loss : 0.049545, 
epoch  82 summary: valid_cos_loss : 0.049348, 
epoch  83 summary: valid_cos_loss : 0.049299, 
epoch  84 summary: valid_cos_loss : 0.049338, 
epoch  85 summary: valid_cos_loss : 0.049236, 
epoch  86 summary: valid_cos_loss : 0.049420, 
epoch  87 summary: valid_cos_loss : 0.050043, 
epoch  88 summary: valid_cos_loss : 0.048826, 
epoch  89 summary: valid_cos_loss : 0.049116, 
epoch  90 summary: valid_cos_loss : 0.049189, 
valid loss: 2.7781, accuracy: 0.3604
epoch  91 summary: valid_cos_loss : 0.049220, 
epoch  92 summary: valid_cos_loss : 0.048243, 
epoch  93 summary: valid_cos_loss : 0.048935, 
epoch  94 summary: valid_cos_loss : 0.049449, 
epoch  95 summary: valid_cos_loss : 0.048446, 
epoch  96 summary: valid_cos_loss : 0.048989, 
epoch  97 summary: valid_cos_loss : 0.048739, 
epoch  98 summary: valid_cos_loss : 0.048876, 
epoch  99 summary: valid_cos_loss : 0.048514, 
epoch 100 summary: valid_cos_loss : 0.048808, 
valid loss: 2.7901, accuracy: 0.3607
epoch 101 summary: valid_cos_loss : 0.048722, 
epoch 102 summary: valid_cos_loss : 0.047948, 
epoch 103 summary: valid_cos_loss : 0.048245, 
epoch 104 summary: valid_cos_loss : 0.049093, 
epoch 105 summary: valid_cos_loss : 0.048244, 
epoch 106 summary: valid_cos_loss : 0.048368, 
epoch 107 summary: valid_cos_loss : 0.048436, 
epoch 108 summary: valid_cos_loss : 0.048702, 
epoch 109 summary: valid_cos_loss : 0.049728, 
epoch 110 summary: valid_cos_loss : 0.048902, 
valid loss: 2.7976, accuracy: 0.3562
epoch 111 summary: valid_cos_loss : 0.049081, 
epoch 112 summary: valid_cos_loss : 0.048837, 
epoch 113 summary: valid_cos_loss : 0.048684, 
epoch 114 summary: valid_cos_loss : 0.049316, 
epoch 115 summary: valid_cos_loss : 0.048088, 
epoch 116 summary: valid_cos_loss : 0.048237, 
epoch 117 summary: valid_cos_loss : 0.048624, 
epoch 118 summary: valid_cos_loss : 0.048434, 
epoch 119 summary: valid_cos_loss : 0.048782, 
epoch 120 summary: valid_cos_loss : 0.049164, 
valid loss: 2.7899, accuracy: 0.3613
epoch 121 summary: valid_cos_loss : 0.048111, 
epoch 122 summary: valid_cos_loss : 0.048866, 
epoch 123 summary: valid_cos_loss : 0.048237, 
epoch 124 summary: valid_cos_loss : 0.048901, 
epoch 125 summary: valid_cos_loss : 0.048073, 
epoch 126 summary: valid_cos_loss : 0.048348, 
epoch 127 summary: valid_cos_loss : 0.048230, 
epoch 128 summary: valid_cos_loss : 0.048372, 
epoch 129 summary: valid_cos_loss : 0.047899, 
epoch 130 summary: valid_cos_loss : 0.048245, 
valid loss: 2.7864, accuracy: 0.3599
epoch 131 summary: valid_cos_loss : 0.048250, 
epoch 132 summary: valid_cos_loss : 0.048248, 
epoch 133 summary: valid_cos_loss : 0.047939, 
epoch 134 summary: valid_cos_loss : 0.048128, 
epoch 135 summary: valid_cos_loss : 0.048626, 
epoch 136 summary: valid_cos_loss : 0.047992, 
epoch 137 summary: valid_cos_loss : 0.048130, 
epoch 138 summary: valid_cos_loss : 0.048444, 
epoch 139 summary: valid_cos_loss : 0.048625, 
epoch 140 summary: valid_cos_loss : 0.047694, 
valid loss: 2.7935, accuracy: 0.3553
epoch 141 summary: valid_cos_loss : 0.048489, 
epoch 142 summary: valid_cos_loss : 0.048524, 
epoch 143 summary: valid_cos_loss : 0.048062, 
epoch 144 summary: valid_cos_loss : 0.048797, 
epoch 145 summary: valid_cos_loss : 0.048612, 
epoch 146 summary: valid_cos_loss : 0.048067, 
epoch 147 summary: valid_cos_loss : 0.048289, 
epoch 148 summary: valid_cos_loss : 0.048909, 
epoch 149 summary: valid_cos_loss : 0.048798, 
valid loss: 2.7794, accuracy: 0.3602
all                         662259.004ms
all_epoch                   662243.832ms
all_preparation                 15.146ms
all_preparation_2               13.439ms
all_preparation_3                1.689ms
epoch                         4275.484ms
epoch_pos_train                  4.866ms
epoch_preparation                0.414ms
epoch_train                   4245.892ms
epoch_valid                     23.841ms
----------------------------------------
all                         662259.004ms
  all_epoch            100.00%
  all_preparation        0.00%
all_preparation                 15.146ms
  all_preparation_2     88.73%
  all_preparation_3     11.15%
epoch                       641322.557ms
  epoch_train           99.31%
  epoch_valid            0.56%
  epoch_pos_train        0.11%
  epoch_preparation      0.01%
