Before CTE Training: train eu loss: 1.0715794563293457, eval eu loss: 1.4517745971679688
Before CTE Training: train eu acc: 0.6578369140625, eval eu acc: 0.5794677734375
epoch   0 summary: train_cos_loss : 0.126271, vocab_cro_loss : 5.259041, 
train loss: 4.7848, accuracy: 0.0482
epoch   1 summary: train_cos_loss : 0.110432, vocab_cro_loss : 4.782577, 
epoch   2 summary: train_cos_loss : 0.078707, vocab_cro_loss : 3.822473, 
epoch   3 summary: train_cos_loss : 0.055631, vocab_cro_loss : 3.155084, 
epoch   4 summary: train_cos_loss : 0.043332, vocab_cro_loss : 2.841792, 
epoch   5 summary: train_cos_loss : 0.036465, vocab_cro_loss : 2.695643, 
epoch   6 summary: train_cos_loss : 0.031977, vocab_cro_loss : 2.705765, 
epoch   7 summary: train_cos_loss : 0.029003, vocab_cro_loss : 2.572359, 
epoch   8 summary: train_cos_loss : 0.026665, vocab_cro_loss : 2.727744, 
epoch   9 summary: train_cos_loss : 0.025105, vocab_cro_loss : 2.993395, 
epoch  10 summary: train_cos_loss : 0.024334, vocab_cro_loss : 3.503262, 
train loss: 3.2949, accuracy: 0.4047
epoch  11 summary: train_cos_loss : 0.023655, vocab_cro_loss : 3.289547, 
epoch  12 summary: train_cos_loss : 0.023087, vocab_cro_loss : 3.194887, 
epoch  13 summary: train_cos_loss : 0.022483, vocab_cro_loss : 2.992508, 
epoch  14 summary: train_cos_loss : 0.022010, vocab_cro_loss : 2.898049, 
epoch  15 summary: train_cos_loss : 0.021859, vocab_cro_loss : 3.012485, 
epoch  16 summary: train_cos_loss : 0.021627, vocab_cro_loss : 2.957450, 
epoch  17 summary: train_cos_loss : 0.021447, vocab_cro_loss : 2.841638, 
epoch  18 summary: train_cos_loss : 0.021189, vocab_cro_loss : 2.781785, 
epoch  19 summary: train_cos_loss : 0.021070, vocab_cro_loss : 2.791906, 
epoch  20 summary: train_cos_loss : 0.021007, vocab_cro_loss : 2.762250, 
train loss: 2.7704, accuracy: 0.4359
epoch  21 summary: train_cos_loss : 0.020806, vocab_cro_loss : 2.766781, 
epoch  22 summary: train_cos_loss : 0.020695, vocab_cro_loss : 2.836413, 
epoch  23 summary: train_cos_loss : 0.020412, vocab_cro_loss : 2.847302, 
epoch  24 summary: train_cos_loss : 0.020401, vocab_cro_loss : 2.808582, 
epoch  25 summary: train_cos_loss : 0.020443, vocab_cro_loss : 2.899233, 
epoch  26 summary: train_cos_loss : 0.020352, vocab_cro_loss : 2.808611, 
epoch  27 summary: train_cos_loss : 0.020297, vocab_cro_loss : 2.692847, 
epoch  28 summary: train_cos_loss : 0.020198, vocab_cro_loss : 3.064501, 
epoch  29 summary: train_cos_loss : 0.020252, vocab_cro_loss : 2.912821, 
epoch  30 summary: train_cos_loss : 0.020251, vocab_cro_loss : 2.804261, 
train loss: 2.7635, accuracy: 0.4092
epoch  31 summary: train_cos_loss : 0.020182, vocab_cro_loss : 2.760213, 
epoch  32 summary: train_cos_loss : 0.020206, vocab_cro_loss : 2.698378, 
epoch  33 summary: train_cos_loss : 0.020085, vocab_cro_loss : 2.749732, 
epoch  34 summary: train_cos_loss : 0.020068, vocab_cro_loss : 2.892379, 
epoch  35 summary: train_cos_loss : 0.019966, vocab_cro_loss : 2.779880, 
epoch  36 summary: train_cos_loss : 0.019931, vocab_cro_loss : 2.811055, 
epoch  37 summary: train_cos_loss : 0.019870, vocab_cro_loss : 2.802963, 
epoch  38 summary: train_cos_loss : 0.019949, vocab_cro_loss : 2.684697, 
epoch  39 summary: train_cos_loss : 0.020026, vocab_cro_loss : 2.704984, 
epoch  40 summary: train_cos_loss : 0.019892, vocab_cro_loss : 2.707467, 
train loss: 2.5980, accuracy: 0.4153
epoch  41 summary: train_cos_loss : 0.019688, vocab_cro_loss : 2.595436, 
epoch  42 summary: train_cos_loss : 0.019680, vocab_cro_loss : 2.705580, 
epoch  43 summary: train_cos_loss : 0.019921, vocab_cro_loss : 2.781354, 
epoch  44 summary: train_cos_loss : 0.019584, vocab_cro_loss : 2.740707, 
epoch  45 summary: train_cos_loss : 0.019664, vocab_cro_loss : 2.695772, 
epoch  46 summary: train_cos_loss : 0.019650, vocab_cro_loss : 2.737073, 
epoch  47 summary: train_cos_loss : 0.019392, vocab_cro_loss : 2.770156, 
epoch  48 summary: train_cos_loss : 0.019581, vocab_cro_loss : 2.894121, 
epoch  49 summary: train_cos_loss : 0.019456, vocab_cro_loss : 3.063782, 
epoch  50 summary: train_cos_loss : 0.019464, vocab_cro_loss : 2.946834, 
train loss: 2.9177, accuracy: 0.3862
epoch  51 summary: train_cos_loss : 0.019571, vocab_cro_loss : 2.913577, 
epoch  52 summary: train_cos_loss : 0.019451, vocab_cro_loss : 2.794282, 
epoch  53 summary: train_cos_loss : 0.019285, vocab_cro_loss : 2.895528, 
epoch  54 summary: train_cos_loss : 0.019385, vocab_cro_loss : 2.966857, 
epoch  55 summary: train_cos_loss : 0.019365, vocab_cro_loss : 2.844321, 
epoch  56 summary: train_cos_loss : 0.019376, vocab_cro_loss : 2.951980, 
epoch  57 summary: train_cos_loss : 0.019120, vocab_cro_loss : 2.889173, 
epoch  58 summary: train_cos_loss : 0.019381, vocab_cro_loss : 3.016352, 
epoch  59 summary: train_cos_loss : 0.019294, vocab_cro_loss : 2.737870, 
epoch  60 summary: train_cos_loss : 0.019592, vocab_cro_loss : 2.702802, 
train loss: 2.6788, accuracy: 0.4032
epoch  61 summary: train_cos_loss : 0.019323, vocab_cro_loss : 2.675024, 
epoch  62 summary: train_cos_loss : 0.019386, vocab_cro_loss : 2.787692, 
epoch  63 summary: train_cos_loss : 0.019422, vocab_cro_loss : 2.783510, 
epoch  64 summary: train_cos_loss : 0.019285, vocab_cro_loss : 2.817840, 
epoch  65 summary: train_cos_loss : 0.019461, vocab_cro_loss : 2.798177, 
epoch  66 summary: train_cos_loss : 0.019266, vocab_cro_loss : 2.755306, 
epoch  67 summary: train_cos_loss : 0.019293, vocab_cro_loss : 2.734409, 
epoch  68 summary: train_cos_loss : 0.019305, vocab_cro_loss : 2.590173, 
epoch  69 summary: train_cos_loss : 0.019274, vocab_cro_loss : 2.749179, 
epoch  70 summary: train_cos_loss : 0.019195, vocab_cro_loss : 2.810913, 
train loss: 2.8400, accuracy: 0.4102
epoch  71 summary: train_cos_loss : 0.019351, vocab_cro_loss : 2.835881, 
epoch  72 summary: train_cos_loss : 0.019198, vocab_cro_loss : 2.731423, 
epoch  73 summary: train_cos_loss : 0.019043, vocab_cro_loss : 2.746493, 
epoch  74 summary: train_cos_loss : 0.019216, vocab_cro_loss : 2.789132, 
epoch  75 summary: train_cos_loss : 0.019185, vocab_cro_loss : 2.873519, 
epoch  76 summary: train_cos_loss : 0.019078, vocab_cro_loss : 2.737148, 
epoch  77 summary: train_cos_loss : 0.018942, vocab_cro_loss : 2.734147, 
epoch  78 summary: train_cos_loss : 0.019200, vocab_cro_loss : 2.741246, 
epoch  79 summary: train_cos_loss : 0.018971, vocab_cro_loss : 2.596549, 
epoch  80 summary: train_cos_loss : 0.019361, vocab_cro_loss : 2.890413, 
train loss: 2.8452, accuracy: 0.4167
epoch  81 summary: train_cos_loss : 0.019157, vocab_cro_loss : 2.841487, 
epoch  82 summary: train_cos_loss : 0.019424, vocab_cro_loss : 2.725315, 
epoch  83 summary: train_cos_loss : 0.018967, vocab_cro_loss : 2.883291, 
epoch  84 summary: train_cos_loss : 0.018998, vocab_cro_loss : 2.955118, 
epoch  85 summary: train_cos_loss : 0.019146, vocab_cro_loss : 2.900269, 
epoch  86 summary: train_cos_loss : 0.019024, vocab_cro_loss : 2.783723, 
epoch  87 summary: train_cos_loss : 0.019034, vocab_cro_loss : 2.884607, 
epoch  88 summary: train_cos_loss : 0.018977, vocab_cro_loss : 2.801184, 
epoch  89 summary: train_cos_loss : 0.019073, vocab_cro_loss : 2.886416, 
epoch  90 summary: train_cos_loss : 0.019297, vocab_cro_loss : 2.905314, 
train loss: 2.8142, accuracy: 0.4039
epoch  91 summary: train_cos_loss : 0.019398, vocab_cro_loss : 2.811337, 
epoch  92 summary: train_cos_loss : 0.019199, vocab_cro_loss : 2.799016, 
epoch  93 summary: train_cos_loss : 0.019141, vocab_cro_loss : 2.856917, 
epoch  94 summary: train_cos_loss : 0.019195, vocab_cro_loss : 2.870229, 
epoch  95 summary: train_cos_loss : 0.019175, vocab_cro_loss : 2.826951, 
epoch  96 summary: train_cos_loss : 0.018990, vocab_cro_loss : 2.759215, 
epoch  97 summary: train_cos_loss : 0.019146, vocab_cro_loss : 2.865126, 
epoch  98 summary: train_cos_loss : 0.019203, vocab_cro_loss : 2.789089, 
epoch  99 summary: train_cos_loss : 0.019274, vocab_cro_loss : 2.866103, 
epoch 100 summary: train_cos_loss : 0.019318, vocab_cro_loss : 2.782892, 
train loss: 2.8628, accuracy: 0.4116
epoch 101 summary: train_cos_loss : 0.019337, vocab_cro_loss : 2.860192, 
epoch 102 summary: train_cos_loss : 0.019322, vocab_cro_loss : 2.898193, 
epoch 103 summary: train_cos_loss : 0.019367, vocab_cro_loss : 2.951527, 
epoch 104 summary: train_cos_loss : 0.019173, vocab_cro_loss : 2.900697, 
epoch 105 summary: train_cos_loss : 0.019233, vocab_cro_loss : 2.972716, 
epoch 106 summary: train_cos_loss : 0.019222, vocab_cro_loss : 2.649754, 
epoch 107 summary: train_cos_loss : 0.019373, vocab_cro_loss : 2.778936, 
epoch 108 summary: train_cos_loss : 0.019123, vocab_cro_loss : 2.874501, 
epoch 109 summary: train_cos_loss : 0.019250, vocab_cro_loss : 2.806411, 
epoch 110 summary: train_cos_loss : 0.019468, vocab_cro_loss : 2.735582, 
train loss: 2.8051, accuracy: 0.3955
epoch 111 summary: train_cos_loss : 0.019248, vocab_cro_loss : 2.800521, 
epoch 112 summary: train_cos_loss : 0.019238, vocab_cro_loss : 3.003899, 
epoch 113 summary: train_cos_loss : 0.019393, vocab_cro_loss : 2.839453, 
epoch 114 summary: train_cos_loss : 0.019328, vocab_cro_loss : 2.756791, 
epoch 115 summary: train_cos_loss : 0.019116, vocab_cro_loss : 2.900376, 
epoch 116 summary: train_cos_loss : 0.019088, vocab_cro_loss : 3.043626, 
epoch 117 summary: train_cos_loss : 0.019165, vocab_cro_loss : 2.899607, 
epoch 118 summary: train_cos_loss : 0.019309, vocab_cro_loss : 3.021670, 
epoch 119 summary: train_cos_loss : 0.019211, vocab_cro_loss : 2.874138, 
epoch 120 summary: train_cos_loss : 0.019360, vocab_cro_loss : 2.896633, 
train loss: 2.9069, accuracy: 0.3826
epoch 121 summary: train_cos_loss : 0.019341, vocab_cro_loss : 2.902669, 
epoch 122 summary: train_cos_loss : 0.019153, vocab_cro_loss : 2.893693, 
epoch 123 summary: train_cos_loss : 0.019197, vocab_cro_loss : 2.863465, 
epoch 124 summary: train_cos_loss : 0.019240, vocab_cro_loss : 3.031388, 
epoch 125 summary: train_cos_loss : 0.019217, vocab_cro_loss : 2.815662, 
epoch 126 summary: train_cos_loss : 0.019244, vocab_cro_loss : 2.805155, 
epoch 127 summary: train_cos_loss : 0.019409, vocab_cro_loss : 2.828730, 
epoch 128 summary: train_cos_loss : 0.019276, vocab_cro_loss : 2.570484, 
epoch 129 summary: train_cos_loss : 0.019446, vocab_cro_loss : 2.928347, 
epoch 130 summary: train_cos_loss : 0.019473, vocab_cro_loss : 2.995543, 
train loss: 2.9573, accuracy: 0.4100
epoch 131 summary: train_cos_loss : 0.019612, vocab_cro_loss : 2.953658, 
epoch 132 summary: train_cos_loss : 0.019743, vocab_cro_loss : 2.817332, 
epoch 133 summary: train_cos_loss : 0.019704, vocab_cro_loss : 2.871140, 
epoch 134 summary: train_cos_loss : 0.019756, vocab_cro_loss : 2.874292, 
epoch 135 summary: train_cos_loss : 0.019697, vocab_cro_loss : 2.756228, 
epoch 136 summary: train_cos_loss : 0.019634, vocab_cro_loss : 3.012185, 
epoch 137 summary: train_cos_loss : 0.019752, vocab_cro_loss : 3.087408, 
epoch 138 summary: train_cos_loss : 0.019572, vocab_cro_loss : 2.868309, 
epoch 139 summary: train_cos_loss : 0.019756, vocab_cro_loss : 3.012135, 
epoch 140 summary: train_cos_loss : 0.019810, vocab_cro_loss : 2.882816, 
train loss: 2.9199, accuracy: 0.4008
epoch 141 summary: train_cos_loss : 0.019926, vocab_cro_loss : 2.915458, 
epoch 142 summary: train_cos_loss : 0.019635, vocab_cro_loss : 3.006089, 
epoch 143 summary: train_cos_loss : 0.019911, vocab_cro_loss : 2.784289, 
epoch 144 summary: train_cos_loss : 0.019624, vocab_cro_loss : 2.821393, 
epoch 145 summary: train_cos_loss : 0.020077, vocab_cro_loss : 2.898859, 
epoch 146 summary: train_cos_loss : 0.019927, vocab_cro_loss : 2.896743, 
epoch 147 summary: train_cos_loss : 0.019926, vocab_cro_loss : 3.062554, 
epoch 148 summary: train_cos_loss : 0.020062, vocab_cro_loss : 2.973658, 
epoch 149 summary: train_cos_loss : 0.019835, vocab_cro_loss : 2.886370, 
train loss: 2.7632, accuracy: 0.4193
all                         624352.317ms
all_epoch                   620709.361ms
all_preparation               3642.931ms
all_preparation_2             3640.707ms
all_preparation_3                2.198ms
epoch                         3920.945ms
epoch_pos_train                  3.812ms
epoch_preparation                7.429ms
epoch_train                   3900.661ms
epoch_valid                      8.176ms
----------------------------------------
all                         624352.317ms
  all_epoch             99.42%
  all_preparation        0.58%
all_preparation               3642.931ms
  all_preparation_2     99.94%
  all_preparation_3      0.06%
epoch                       588141.736ms
  epoch_train           99.48%
  epoch_valid            0.21%
  epoch_preparation      0.19%
  epoch_pos_train        0.10%
epoch   0 summary: valid_cos_loss : 0.276244, 
valid loss: 3.5665, accuracy: 0.2224
epoch   1 summary: valid_cos_loss : 0.129251, 
epoch   2 summary: valid_cos_loss : 0.083821, 
epoch   3 summary: valid_cos_loss : 0.075148, 
epoch   4 summary: valid_cos_loss : 0.073476, 
epoch   5 summary: valid_cos_loss : 0.075956, 
epoch   6 summary: valid_cos_loss : 0.079231, 
epoch   7 summary: valid_cos_loss : 0.080110, 
epoch   8 summary: valid_cos_loss : 0.081398, 
epoch   9 summary: valid_cos_loss : 0.081928, 
epoch  10 summary: valid_cos_loss : 0.084202, 
valid loss: 3.2871, accuracy: 0.3121
epoch  11 summary: valid_cos_loss : 0.083259, 
epoch  12 summary: valid_cos_loss : 0.085308, 
epoch  13 summary: valid_cos_loss : 0.084145, 
epoch  14 summary: valid_cos_loss : 0.084084, 
epoch  15 summary: valid_cos_loss : 0.084624, 
epoch  16 summary: valid_cos_loss : 0.084928, 
epoch  17 summary: valid_cos_loss : 0.083870, 
epoch  18 summary: valid_cos_loss : 0.084627, 
epoch  19 summary: valid_cos_loss : 0.084723, 
epoch  20 summary: valid_cos_loss : 0.085224, 
valid loss: 3.3077, accuracy: 0.3121
epoch  21 summary: valid_cos_loss : 0.084714, 
epoch  22 summary: valid_cos_loss : 0.084545, 
epoch  23 summary: valid_cos_loss : 0.084149, 
epoch  24 summary: valid_cos_loss : 0.085381, 
epoch  25 summary: valid_cos_loss : 0.084630, 
epoch  26 summary: valid_cos_loss : 0.083691, 
epoch  27 summary: valid_cos_loss : 0.083980, 
epoch  28 summary: valid_cos_loss : 0.083481, 
epoch  29 summary: valid_cos_loss : 0.084530, 
epoch  30 summary: valid_cos_loss : 0.082820, 
valid loss: 3.3259, accuracy: 0.3151
epoch  31 summary: valid_cos_loss : 0.084871, 
epoch  32 summary: valid_cos_loss : 0.082327, 
epoch  33 summary: valid_cos_loss : 0.082840, 
epoch  34 summary: valid_cos_loss : 0.081960, 
epoch  35 summary: valid_cos_loss : 0.083928, 
epoch  36 summary: valid_cos_loss : 0.082765, 
epoch  37 summary: valid_cos_loss : 0.082491, 
epoch  38 summary: valid_cos_loss : 0.082348, 
epoch  39 summary: valid_cos_loss : 0.083616, 
epoch  40 summary: valid_cos_loss : 0.082959, 
valid loss: 3.2976, accuracy: 0.3165
epoch  41 summary: valid_cos_loss : 0.081265, 
epoch  42 summary: valid_cos_loss : 0.083280, 
epoch  43 summary: valid_cos_loss : 0.084277, 
epoch  44 summary: valid_cos_loss : 0.082747, 
epoch  45 summary: valid_cos_loss : 0.081956, 
epoch  46 summary: valid_cos_loss : 0.081255, 
epoch  47 summary: valid_cos_loss : 0.082373, 
epoch  48 summary: valid_cos_loss : 0.080530, 
epoch  49 summary: valid_cos_loss : 0.082775, 
epoch  50 summary: valid_cos_loss : 0.081659, 
valid loss: 3.2981, accuracy: 0.3163
epoch  51 summary: valid_cos_loss : 0.082730, 
epoch  52 summary: valid_cos_loss : 0.081656, 
epoch  53 summary: valid_cos_loss : 0.082986, 
epoch  54 summary: valid_cos_loss : 0.082212, 
epoch  55 summary: valid_cos_loss : 0.082369, 
epoch  56 summary: valid_cos_loss : 0.082002, 
epoch  57 summary: valid_cos_loss : 0.081043, 
epoch  58 summary: valid_cos_loss : 0.083053, 
epoch  59 summary: valid_cos_loss : 0.080940, 
epoch  60 summary: valid_cos_loss : 0.081426, 
valid loss: 3.2992, accuracy: 0.3165
epoch  61 summary: valid_cos_loss : 0.079799, 
epoch  62 summary: valid_cos_loss : 0.082051, 
epoch  63 summary: valid_cos_loss : 0.080340, 
epoch  64 summary: valid_cos_loss : 0.081646, 
epoch  65 summary: valid_cos_loss : 0.081523, 
epoch  66 summary: valid_cos_loss : 0.080889, 
epoch  67 summary: valid_cos_loss : 0.081007, 
epoch  68 summary: valid_cos_loss : 0.082343, 
epoch  69 summary: valid_cos_loss : 0.080715, 
epoch  70 summary: valid_cos_loss : 0.081590, 
valid loss: 3.3009, accuracy: 0.3138
epoch  71 summary: valid_cos_loss : 0.080750, 
epoch  72 summary: valid_cos_loss : 0.080503, 
epoch  73 summary: valid_cos_loss : 0.082357, 
epoch  74 summary: valid_cos_loss : 0.081172, 
epoch  75 summary: valid_cos_loss : 0.080617, 
epoch  76 summary: valid_cos_loss : 0.080611, 
epoch  77 summary: valid_cos_loss : 0.083097, 
epoch  78 summary: valid_cos_loss : 0.081237, 
epoch  79 summary: valid_cos_loss : 0.081721, 
epoch  80 summary: valid_cos_loss : 0.080871, 
valid loss: 3.3050, accuracy: 0.3152
epoch  81 summary: valid_cos_loss : 0.080391, 
epoch  82 summary: valid_cos_loss : 0.080768, 
epoch  83 summary: valid_cos_loss : 0.078970, 
epoch  84 summary: valid_cos_loss : 0.080662, 
epoch  85 summary: valid_cos_loss : 0.079368, 
epoch  86 summary: valid_cos_loss : 0.080238, 
epoch  87 summary: valid_cos_loss : 0.078885, 
epoch  88 summary: valid_cos_loss : 0.079936, 
epoch  89 summary: valid_cos_loss : 0.080383, 
epoch  90 summary: valid_cos_loss : 0.080080, 
valid loss: 3.3032, accuracy: 0.3164
epoch  91 summary: valid_cos_loss : 0.079455, 
epoch  92 summary: valid_cos_loss : 0.081233, 
epoch  93 summary: valid_cos_loss : 0.079615, 
epoch  94 summary: valid_cos_loss : 0.080501, 
epoch  95 summary: valid_cos_loss : 0.080484, 
epoch  96 summary: valid_cos_loss : 0.080096, 
epoch  97 summary: valid_cos_loss : 0.077218, 
epoch  98 summary: valid_cos_loss : 0.078609, 
epoch  99 summary: valid_cos_loss : 0.079373, 
epoch 100 summary: valid_cos_loss : 0.079743, 
valid loss: 3.3233, accuracy: 0.3145
epoch 101 summary: valid_cos_loss : 0.079277, 
epoch 102 summary: valid_cos_loss : 0.078181, 
epoch 103 summary: valid_cos_loss : 0.078673, 
epoch 104 summary: valid_cos_loss : 0.078718, 
epoch 105 summary: valid_cos_loss : 0.081331, 
epoch 106 summary: valid_cos_loss : 0.079561, 
epoch 107 summary: valid_cos_loss : 0.079416, 
epoch 108 summary: valid_cos_loss : 0.079782, 
epoch 109 summary: valid_cos_loss : 0.078879, 
epoch 110 summary: valid_cos_loss : 0.078788, 
valid loss: 3.3064, accuracy: 0.3162
epoch 111 summary: valid_cos_loss : 0.080835, 
epoch 112 summary: valid_cos_loss : 0.079465, 
epoch 113 summary: valid_cos_loss : 0.077832, 
epoch 114 summary: valid_cos_loss : 0.077965, 
epoch 115 summary: valid_cos_loss : 0.079269, 
epoch 116 summary: valid_cos_loss : 0.078329, 
epoch 117 summary: valid_cos_loss : 0.078821, 
epoch 118 summary: valid_cos_loss : 0.078624, 
epoch 119 summary: valid_cos_loss : 0.078787, 
epoch 120 summary: valid_cos_loss : 0.078632, 
valid loss: 3.2925, accuracy: 0.3149
epoch 121 summary: valid_cos_loss : 0.078885, 
epoch 122 summary: valid_cos_loss : 0.078819, 
epoch 123 summary: valid_cos_loss : 0.078885, 
epoch 124 summary: valid_cos_loss : 0.077509, 
epoch 125 summary: valid_cos_loss : 0.078823, 
epoch 126 summary: valid_cos_loss : 0.078785, 
epoch 127 summary: valid_cos_loss : 0.079259, 
epoch 128 summary: valid_cos_loss : 0.079192, 
epoch 129 summary: valid_cos_loss : 0.079697, 
epoch 130 summary: valid_cos_loss : 0.077918, 
valid loss: 3.2939, accuracy: 0.3168
epoch 131 summary: valid_cos_loss : 0.078441, 
epoch 132 summary: valid_cos_loss : 0.078105, 
epoch 133 summary: valid_cos_loss : 0.078385, 
epoch 134 summary: valid_cos_loss : 0.078928, 
epoch 135 summary: valid_cos_loss : 0.079465, 
epoch 136 summary: valid_cos_loss : 0.079037, 
epoch 137 summary: valid_cos_loss : 0.078391, 
epoch 138 summary: valid_cos_loss : 0.078093, 
epoch 139 summary: valid_cos_loss : 0.077364, 
epoch 140 summary: valid_cos_loss : 0.079439, 
valid loss: 3.2873, accuracy: 0.3195
epoch 141 summary: valid_cos_loss : 0.078487, 
epoch 142 summary: valid_cos_loss : 0.078663, 
epoch 143 summary: valid_cos_loss : 0.077724, 
epoch 144 summary: valid_cos_loss : 0.079638, 
epoch 145 summary: valid_cos_loss : 0.078855, 
epoch 146 summary: valid_cos_loss : 0.080444, 
epoch 147 summary: valid_cos_loss : 0.078219, 
epoch 148 summary: valid_cos_loss : 0.079737, 
epoch 149 summary: valid_cos_loss : 0.078284, 
valid loss: 3.2918, accuracy: 0.3143
all                         599567.509ms
all_epoch                   599548.957ms
all_preparation                 18.531ms
all_preparation_2               16.792ms
all_preparation_3                1.724ms
epoch                         3860.189ms
epoch_pos_train                  3.615ms
epoch_preparation                0.425ms
epoch_train                   3848.240ms
epoch_valid                      7.446ms
----------------------------------------
all                         599567.509ms
  all_epoch            100.00%
  all_preparation        0.00%
all_preparation                 18.531ms
  all_preparation_2     90.61%
  all_preparation_3      9.30%
epoch                       579028.410ms
  epoch_train           99.69%
  epoch_valid            0.19%
  epoch_pos_train        0.09%
  epoch_preparation      0.01%
