Before CTE Training: train eu loss: 1.0375890731811523, eval eu loss: 1.4517745971679688
Before CTE Training: train eu acc: 0.6748046875, eval eu acc: 0.5794677734375
epoch   0 summary: train_cos_loss : 0.130175, vocab_cro_loss : 5.009734, 
train loss: 4.2399, accuracy: 0.0938
epoch   1 summary: train_cos_loss : 0.109168, vocab_cro_loss : 4.236121, 
epoch   2 summary: train_cos_loss : 0.075473, vocab_cro_loss : 3.149384, 
epoch   3 summary: train_cos_loss : 0.051779, vocab_cro_loss : 2.553828, 
epoch   4 summary: train_cos_loss : 0.039099, vocab_cro_loss : 2.678914, 
epoch   5 summary: train_cos_loss : 0.033693, vocab_cro_loss : 2.785592, 
epoch   6 summary: train_cos_loss : 0.030563, vocab_cro_loss : 2.895982, 
epoch   7 summary: train_cos_loss : 0.027067, vocab_cro_loss : 2.888854, 
epoch   8 summary: train_cos_loss : 0.024754, vocab_cro_loss : 2.972836, 
epoch   9 summary: train_cos_loss : 0.024444, vocab_cro_loss : 2.695763, 
epoch  10 summary: train_cos_loss : 0.023385, vocab_cro_loss : 2.467944, 
train loss: 2.6238, accuracy: 0.4785
epoch  11 summary: train_cos_loss : 0.023583, vocab_cro_loss : 2.617390, 
epoch  12 summary: train_cos_loss : 0.022247, vocab_cro_loss : 2.728249, 
epoch  13 summary: train_cos_loss : 0.022246, vocab_cro_loss : 2.380923, 
epoch  14 summary: train_cos_loss : 0.021617, vocab_cro_loss : 2.666811, 
epoch  15 summary: train_cos_loss : 0.021562, vocab_cro_loss : 2.425438, 
epoch  16 summary: train_cos_loss : 0.020855, vocab_cro_loss : 2.221655, 
epoch  17 summary: train_cos_loss : 0.021101, vocab_cro_loss : 2.567228, 
epoch  18 summary: train_cos_loss : 0.021812, vocab_cro_loss : 2.666233, 
epoch  19 summary: train_cos_loss : 0.021208, vocab_cro_loss : 2.375038, 
epoch  20 summary: train_cos_loss : 0.021451, vocab_cro_loss : 2.399138, 
train loss: 2.2455, accuracy: 0.5029
epoch  21 summary: train_cos_loss : 0.020825, vocab_cro_loss : 2.241783, 
epoch  22 summary: train_cos_loss : 0.020882, vocab_cro_loss : 2.312836, 
epoch  23 summary: train_cos_loss : 0.020957, vocab_cro_loss : 2.376001, 
epoch  24 summary: train_cos_loss : 0.020711, vocab_cro_loss : 2.333325, 
epoch  25 summary: train_cos_loss : 0.020597, vocab_cro_loss : 2.564811, 
epoch  26 summary: train_cos_loss : 0.020711, vocab_cro_loss : 2.640831, 
epoch  27 summary: train_cos_loss : 0.021204, vocab_cro_loss : 2.353002, 
epoch  28 summary: train_cos_loss : 0.020730, vocab_cro_loss : 2.287053, 
epoch  29 summary: train_cos_loss : 0.020977, vocab_cro_loss : 2.131754, 
epoch  30 summary: train_cos_loss : 0.020842, vocab_cro_loss : 2.123085, 
train loss: 2.2179, accuracy: 0.4922
epoch  31 summary: train_cos_loss : 0.020931, vocab_cro_loss : 2.213872, 
epoch  32 summary: train_cos_loss : 0.021259, vocab_cro_loss : 2.092795, 
epoch  33 summary: train_cos_loss : 0.020894, vocab_cro_loss : 2.147500, 
epoch  34 summary: train_cos_loss : 0.021335, vocab_cro_loss : 2.447160, 
epoch  35 summary: train_cos_loss : 0.020435, vocab_cro_loss : 2.142801, 
epoch  36 summary: train_cos_loss : 0.020722, vocab_cro_loss : 2.114524, 
epoch  37 summary: train_cos_loss : 0.020670, vocab_cro_loss : 1.982745, 
epoch  38 summary: train_cos_loss : 0.020376, vocab_cro_loss : 1.999618, 
epoch  39 summary: train_cos_loss : 0.020720, vocab_cro_loss : 2.108360, 
epoch  40 summary: train_cos_loss : 0.020748, vocab_cro_loss : 2.027784, 
train loss: 1.9617, accuracy: 0.5234
epoch  41 summary: train_cos_loss : 0.020377, vocab_cro_loss : 1.959100, 
epoch  42 summary: train_cos_loss : 0.020367, vocab_cro_loss : 1.945634, 
epoch  43 summary: train_cos_loss : 0.020433, vocab_cro_loss : 2.020723, 
epoch  44 summary: train_cos_loss : 0.020574, vocab_cro_loss : 1.922338, 
epoch  45 summary: train_cos_loss : 0.020031, vocab_cro_loss : 1.913431, 
epoch  46 summary: train_cos_loss : 0.020625, vocab_cro_loss : 1.902542, 
epoch  47 summary: train_cos_loss : 0.020274, vocab_cro_loss : 2.013120, 
epoch  48 summary: train_cos_loss : 0.020734, vocab_cro_loss : 1.986230, 
epoch  49 summary: train_cos_loss : 0.020051, vocab_cro_loss : 2.021633, 
epoch  50 summary: train_cos_loss : 0.020523, vocab_cro_loss : 2.178133, 
train loss: 2.0595, accuracy: 0.4941
epoch  51 summary: train_cos_loss : 0.019828, vocab_cro_loss : 2.056049, 
epoch  52 summary: train_cos_loss : 0.020839, vocab_cro_loss : 1.973811, 
epoch  53 summary: train_cos_loss : 0.020176, vocab_cro_loss : 1.991630, 
epoch  54 summary: train_cos_loss : 0.020614, vocab_cro_loss : 1.923514, 
epoch  55 summary: train_cos_loss : 0.020435, vocab_cro_loss : 1.989901, 
epoch  56 summary: train_cos_loss : 0.020791, vocab_cro_loss : 2.064795, 
epoch  57 summary: train_cos_loss : 0.020193, vocab_cro_loss : 1.905757, 
epoch  58 summary: train_cos_loss : 0.019667, vocab_cro_loss : 2.068278, 
epoch  59 summary: train_cos_loss : 0.020976, vocab_cro_loss : 2.056347, 
epoch  60 summary: train_cos_loss : 0.020838, vocab_cro_loss : 1.946052, 
train loss: 1.9646, accuracy: 0.5156
epoch  61 summary: train_cos_loss : 0.020768, vocab_cro_loss : 1.961221, 
epoch  62 summary: train_cos_loss : 0.020699, vocab_cro_loss : 1.948925, 
epoch  63 summary: train_cos_loss : 0.020809, vocab_cro_loss : 1.914497, 
epoch  64 summary: train_cos_loss : 0.020727, vocab_cro_loss : 1.995871, 
epoch  65 summary: train_cos_loss : 0.020952, vocab_cro_loss : 2.028049, 
epoch  66 summary: train_cos_loss : 0.020877, vocab_cro_loss : 2.006831, 
epoch  67 summary: train_cos_loss : 0.020672, vocab_cro_loss : 1.899295, 
epoch  68 summary: train_cos_loss : 0.020369, vocab_cro_loss : 2.023187, 
epoch  69 summary: train_cos_loss : 0.020757, vocab_cro_loss : 1.933872, 
epoch  70 summary: train_cos_loss : 0.021027, vocab_cro_loss : 1.901904, 
train loss: 1.9707, accuracy: 0.5186
epoch  71 summary: train_cos_loss : 0.020318, vocab_cro_loss : 1.968932, 
epoch  72 summary: train_cos_loss : 0.020155, vocab_cro_loss : 2.111047, 
epoch  73 summary: train_cos_loss : 0.020317, vocab_cro_loss : 1.935356, 
epoch  74 summary: train_cos_loss : 0.020142, vocab_cro_loss : 1.995659, 
epoch  75 summary: train_cos_loss : 0.020049, vocab_cro_loss : 1.868911, 
epoch  76 summary: train_cos_loss : 0.020330, vocab_cro_loss : 1.893910, 
epoch  77 summary: train_cos_loss : 0.020336, vocab_cro_loss : 1.967332, 
epoch  78 summary: train_cos_loss : 0.021067, vocab_cro_loss : 2.069091, 
epoch  79 summary: train_cos_loss : 0.020345, vocab_cro_loss : 2.179895, 
epoch  80 summary: train_cos_loss : 0.021113, vocab_cro_loss : 2.001655, 
train loss: 2.0250, accuracy: 0.5156
epoch  81 summary: train_cos_loss : 0.020440, vocab_cro_loss : 2.021821, 
epoch  82 summary: train_cos_loss : 0.020419, vocab_cro_loss : 1.962267, 
epoch  83 summary: train_cos_loss : 0.020782, vocab_cro_loss : 2.044846, 
epoch  84 summary: train_cos_loss : 0.020277, vocab_cro_loss : 1.967063, 
epoch  85 summary: train_cos_loss : 0.020441, vocab_cro_loss : 2.000506, 
epoch  86 summary: train_cos_loss : 0.020353, vocab_cro_loss : 1.963901, 
epoch  87 summary: train_cos_loss : 0.020197, vocab_cro_loss : 2.000477, 
epoch  88 summary: train_cos_loss : 0.020428, vocab_cro_loss : 1.959375, 
epoch  89 summary: train_cos_loss : 0.020473, vocab_cro_loss : 1.913100, 
epoch  90 summary: train_cos_loss : 0.020062, vocab_cro_loss : 2.053240, 
train loss: 2.0423, accuracy: 0.5068
epoch  91 summary: train_cos_loss : 0.020451, vocab_cro_loss : 2.040906, 
epoch  92 summary: train_cos_loss : 0.020522, vocab_cro_loss : 2.055996, 
epoch  93 summary: train_cos_loss : 0.020361, vocab_cro_loss : 1.937148, 
epoch  94 summary: train_cos_loss : 0.020136, vocab_cro_loss : 1.946506, 
epoch  95 summary: train_cos_loss : 0.019605, vocab_cro_loss : 1.902529, 
epoch  96 summary: train_cos_loss : 0.020348, vocab_cro_loss : 1.977376, 
epoch  97 summary: train_cos_loss : 0.020237, vocab_cro_loss : 1.944364, 
epoch  98 summary: train_cos_loss : 0.020406, vocab_cro_loss : 1.909340, 
epoch  99 summary: train_cos_loss : 0.020162, vocab_cro_loss : 1.932425, 
train loss: 1.8851, accuracy: 0.4980
all                          85863.103ms
all_epoch                    80147.271ms
all_preparation               5715.798ms
all_preparation_2             5714.032ms
all_preparation_3                1.735ms
epoch                          540.932ms
epoch_pos_train                  3.840ms
epoch_preparation               14.020ms
epoch_train                    517.999ms
epoch_valid                      3.335ms
----------------------------------------
all                          85863.103ms
  all_epoch             93.34%
  all_preparation        6.66%
all_preparation               5715.798ms
  all_preparation_2     99.97%
  all_preparation_3      0.03%
epoch                        54093.201ms
  epoch_train           95.76%
  epoch_preparation      2.59%
  epoch_pos_train        0.71%
  epoch_valid            0.62%
epoch   0 summary: valid_cos_loss : 0.283646, 
valid loss: 3.2280, accuracy: 0.2455
epoch   1 summary: valid_cos_loss : 0.131214, 
epoch   2 summary: valid_cos_loss : 0.077893, 
epoch   3 summary: valid_cos_loss : 0.063540, 
epoch   4 summary: valid_cos_loss : 0.057780, 
epoch   5 summary: valid_cos_loss : 0.055300, 
epoch   6 summary: valid_cos_loss : 0.054496, 
epoch   7 summary: valid_cos_loss : 0.055647, 
epoch   8 summary: valid_cos_loss : 0.055994, 
epoch   9 summary: valid_cos_loss : 0.057568, 
epoch  10 summary: valid_cos_loss : 0.057585, 
valid loss: 2.5363, accuracy: 0.3909
epoch  11 summary: valid_cos_loss : 0.057095, 
epoch  12 summary: valid_cos_loss : 0.058275, 
epoch  13 summary: valid_cos_loss : 0.057694, 
epoch  14 summary: valid_cos_loss : 0.056843, 
epoch  15 summary: valid_cos_loss : 0.057827, 
epoch  16 summary: valid_cos_loss : 0.056365, 
epoch  17 summary: valid_cos_loss : 0.056824, 
epoch  18 summary: valid_cos_loss : 0.056594, 
epoch  19 summary: valid_cos_loss : 0.056928, 
epoch  20 summary: valid_cos_loss : 0.057679, 
valid loss: 2.5257, accuracy: 0.3887
epoch  21 summary: valid_cos_loss : 0.056955, 
epoch  22 summary: valid_cos_loss : 0.055704, 
epoch  23 summary: valid_cos_loss : 0.056014, 
epoch  24 summary: valid_cos_loss : 0.055639, 
epoch  25 summary: valid_cos_loss : 0.056153, 
epoch  26 summary: valid_cos_loss : 0.055353, 
epoch  27 summary: valid_cos_loss : 0.055859, 
epoch  28 summary: valid_cos_loss : 0.055701, 
epoch  29 summary: valid_cos_loss : 0.055417, 
epoch  30 summary: valid_cos_loss : 0.056308, 
valid loss: 2.5176, accuracy: 0.3949
epoch  31 summary: valid_cos_loss : 0.053958, 
epoch  32 summary: valid_cos_loss : 0.056267, 
epoch  33 summary: valid_cos_loss : 0.054484, 
epoch  34 summary: valid_cos_loss : 0.056304, 
epoch  35 summary: valid_cos_loss : 0.055246, 
epoch  36 summary: valid_cos_loss : 0.054791, 
epoch  37 summary: valid_cos_loss : 0.056013, 
epoch  38 summary: valid_cos_loss : 0.054854, 
epoch  39 summary: valid_cos_loss : 0.054799, 
epoch  40 summary: valid_cos_loss : 0.055667, 
valid loss: 2.5278, accuracy: 0.3926
epoch  41 summary: valid_cos_loss : 0.054563, 
epoch  42 summary: valid_cos_loss : 0.053158, 
epoch  43 summary: valid_cos_loss : 0.055104, 
epoch  44 summary: valid_cos_loss : 0.053826, 
epoch  45 summary: valid_cos_loss : 0.053071, 
epoch  46 summary: valid_cos_loss : 0.054688, 
epoch  47 summary: valid_cos_loss : 0.053467, 
epoch  48 summary: valid_cos_loss : 0.055585, 
epoch  49 summary: valid_cos_loss : 0.053440, 
epoch  50 summary: valid_cos_loss : 0.056446, 
valid loss: 2.5150, accuracy: 0.3943
epoch  51 summary: valid_cos_loss : 0.054366, 
epoch  52 summary: valid_cos_loss : 0.055639, 
epoch  53 summary: valid_cos_loss : 0.054810, 
epoch  54 summary: valid_cos_loss : 0.055314, 
epoch  55 summary: valid_cos_loss : 0.053878, 
epoch  56 summary: valid_cos_loss : 0.054067, 
epoch  57 summary: valid_cos_loss : 0.055160, 
epoch  58 summary: valid_cos_loss : 0.053773, 
epoch  59 summary: valid_cos_loss : 0.053878, 
epoch  60 summary: valid_cos_loss : 0.054344, 
valid loss: 2.5313, accuracy: 0.3945
epoch  61 summary: valid_cos_loss : 0.054492, 
epoch  62 summary: valid_cos_loss : 0.053821, 
epoch  63 summary: valid_cos_loss : 0.054867, 
epoch  64 summary: valid_cos_loss : 0.054179, 
epoch  65 summary: valid_cos_loss : 0.053428, 
epoch  66 summary: valid_cos_loss : 0.053453, 
epoch  67 summary: valid_cos_loss : 0.053847, 
epoch  68 summary: valid_cos_loss : 0.053697, 
epoch  69 summary: valid_cos_loss : 0.053520, 
epoch  70 summary: valid_cos_loss : 0.054101, 
valid loss: 2.5135, accuracy: 0.3977
epoch  71 summary: valid_cos_loss : 0.052906, 
epoch  72 summary: valid_cos_loss : 0.054066, 
epoch  73 summary: valid_cos_loss : 0.053614, 
epoch  74 summary: valid_cos_loss : 0.054313, 
epoch  75 summary: valid_cos_loss : 0.054637, 
epoch  76 summary: valid_cos_loss : 0.053523, 
epoch  77 summary: valid_cos_loss : 0.053574, 
epoch  78 summary: valid_cos_loss : 0.053878, 
epoch  79 summary: valid_cos_loss : 0.054486, 
epoch  80 summary: valid_cos_loss : 0.053987, 
valid loss: 2.5254, accuracy: 0.3966
epoch  81 summary: valid_cos_loss : 0.052991, 
epoch  82 summary: valid_cos_loss : 0.055213, 
epoch  83 summary: valid_cos_loss : 0.052842, 
epoch  84 summary: valid_cos_loss : 0.053776, 
epoch  85 summary: valid_cos_loss : 0.053691, 
epoch  86 summary: valid_cos_loss : 0.053587, 
epoch  87 summary: valid_cos_loss : 0.054322, 
epoch  88 summary: valid_cos_loss : 0.053073, 
epoch  89 summary: valid_cos_loss : 0.054155, 
epoch  90 summary: valid_cos_loss : 0.053483, 
valid loss: 2.5342, accuracy: 0.3973
epoch  91 summary: valid_cos_loss : 0.054497, 
epoch  92 summary: valid_cos_loss : 0.053184, 
epoch  93 summary: valid_cos_loss : 0.053206, 
epoch  94 summary: valid_cos_loss : 0.053617, 
epoch  95 summary: valid_cos_loss : 0.053205, 
epoch  96 summary: valid_cos_loss : 0.053090, 
epoch  97 summary: valid_cos_loss : 0.053681, 
epoch  98 summary: valid_cos_loss : 0.053075, 
epoch  99 summary: valid_cos_loss : 0.053581, 
valid loss: 2.5057, accuracy: 0.3986
all                         502186.287ms
all_epoch                   502168.521ms
all_preparation                 17.703ms
all_preparation_2               16.312ms
all_preparation_3                1.372ms
epoch                         4816.263ms
epoch_pos_train                  9.616ms
epoch_preparation                1.399ms
epoch_train                   4765.313ms
epoch_valid                     37.691ms
----------------------------------------
all                         502186.287ms
  all_epoch            100.00%
  all_preparation        0.00%
all_preparation                 17.703ms
  all_preparation_2     92.14%
  all_preparation_3      7.75%
epoch                       481626.316ms
  epoch_train           98.94%
  epoch_valid            0.78%
  epoch_pos_train        0.20%
  epoch_preparation      0.03%
