Before CTE Training: train eu loss: 1.0612127780914307, eval eu loss: 1.4517745971679688
Before CTE Training: train eu acc: 0.658203125, eval eu acc: 0.5794677734375
epoch   0 summary: train_cos_loss : 0.290982, vocab_cro_loss : 5.298561, 
train loss: 4.7369, accuracy: 0.0300
epoch   1 summary: train_cos_loss : 0.247652, vocab_cro_loss : 4.734209, 
epoch   2 summary: train_cos_loss : 0.186495, vocab_cro_loss : 4.127269, 
epoch   3 summary: train_cos_loss : 0.142250, vocab_cro_loss : 3.804345, 
epoch   4 summary: train_cos_loss : 0.112740, vocab_cro_loss : 3.631109, 
epoch   5 summary: train_cos_loss : 0.092584, vocab_cro_loss : 3.552446, 
epoch   6 summary: train_cos_loss : 0.080639, vocab_cro_loss : 3.495857, 
epoch   7 summary: train_cos_loss : 0.072634, vocab_cro_loss : 3.439248, 
epoch   8 summary: train_cos_loss : 0.068168, vocab_cro_loss : 3.391412, 
epoch   9 summary: train_cos_loss : 0.064202, vocab_cro_loss : 3.335837, 
epoch  10 summary: train_cos_loss : 0.062231, vocab_cro_loss : 3.322156, 
train loss: 3.2994, accuracy: 0.1916
epoch  11 summary: train_cos_loss : 0.060096, vocab_cro_loss : 3.299095, 
epoch  12 summary: train_cos_loss : 0.058455, vocab_cro_loss : 3.274727, 
epoch  13 summary: train_cos_loss : 0.057205, vocab_cro_loss : 3.270201, 
epoch  14 summary: train_cos_loss : 0.055991, vocab_cro_loss : 3.262091, 
epoch  15 summary: train_cos_loss : 0.054996, vocab_cro_loss : 3.263701, 
epoch  16 summary: train_cos_loss : 0.053917, vocab_cro_loss : 3.252464, 
epoch  17 summary: train_cos_loss : 0.053065, vocab_cro_loss : 3.238336, 
epoch  18 summary: train_cos_loss : 0.052575, vocab_cro_loss : 3.226937, 
epoch  19 summary: train_cos_loss : 0.051933, vocab_cro_loss : 3.221285, 
epoch  20 summary: train_cos_loss : 0.051543, vocab_cro_loss : 3.207879, 
train loss: 3.2032, accuracy: 0.2219
epoch  21 summary: train_cos_loss : 0.050951, vocab_cro_loss : 3.203185, 
epoch  22 summary: train_cos_loss : 0.050717, vocab_cro_loss : 3.203441, 
epoch  23 summary: train_cos_loss : 0.050411, vocab_cro_loss : 3.201157, 
epoch  24 summary: train_cos_loss : 0.049996, vocab_cro_loss : 3.195687, 
epoch  25 summary: train_cos_loss : 0.049901, vocab_cro_loss : 3.197489, 
epoch  26 summary: train_cos_loss : 0.049470, vocab_cro_loss : 3.192596, 
epoch  27 summary: train_cos_loss : 0.049138, vocab_cro_loss : 3.189945, 
epoch  28 summary: train_cos_loss : 0.048785, vocab_cro_loss : 3.189008, 
epoch  29 summary: train_cos_loss : 0.048392, vocab_cro_loss : 3.183297, 
epoch  30 summary: train_cos_loss : 0.048355, vocab_cro_loss : 3.181205, 
train loss: 3.1719, accuracy: 0.2290
epoch  31 summary: train_cos_loss : 0.047874, vocab_cro_loss : 3.171925, 
epoch  32 summary: train_cos_loss : 0.047703, vocab_cro_loss : 3.170832, 
epoch  33 summary: train_cos_loss : 0.047377, vocab_cro_loss : 3.166603, 
epoch  34 summary: train_cos_loss : 0.047340, vocab_cro_loss : 3.166342, 
epoch  35 summary: train_cos_loss : 0.047082, vocab_cro_loss : 3.162301, 
epoch  36 summary: train_cos_loss : 0.046881, vocab_cro_loss : 3.160686, 
epoch  37 summary: train_cos_loss : 0.046698, vocab_cro_loss : 3.158839, 
epoch  38 summary: train_cos_loss : 0.046653, vocab_cro_loss : 3.157494, 
epoch  39 summary: train_cos_loss : 0.046592, vocab_cro_loss : 3.155152, 
epoch  40 summary: train_cos_loss : 0.046678, vocab_cro_loss : 3.155086, 
train loss: 3.1538, accuracy: 0.2317
epoch  41 summary: train_cos_loss : 0.046547, vocab_cro_loss : 3.153837, 
epoch  42 summary: train_cos_loss : 0.046473, vocab_cro_loss : 3.153064, 
epoch  43 summary: train_cos_loss : 0.046433, vocab_cro_loss : 3.151901, 
epoch  44 summary: train_cos_loss : 0.046373, vocab_cro_loss : 3.150828, 
epoch  45 summary: train_cos_loss : 0.046348, vocab_cro_loss : 3.149315, 
epoch  46 summary: train_cos_loss : 0.046260, vocab_cro_loss : 3.146375, 
epoch  47 summary: train_cos_loss : 0.046193, vocab_cro_loss : 3.144431, 
epoch  48 summary: train_cos_loss : 0.046089, vocab_cro_loss : 3.142976, 
epoch  49 summary: train_cos_loss : 0.046073, vocab_cro_loss : 3.142832, 
epoch  50 summary: train_cos_loss : 0.046100, vocab_cro_loss : 3.140801, 
train loss: 3.1400, accuracy: 0.2340
epoch  51 summary: train_cos_loss : 0.046000, vocab_cro_loss : 3.139962, 
epoch  52 summary: train_cos_loss : 0.045913, vocab_cro_loss : 3.138713, 
epoch  53 summary: train_cos_loss : 0.045870, vocab_cro_loss : 3.137935, 
epoch  54 summary: train_cos_loss : 0.045787, vocab_cro_loss : 3.136579, 
epoch  55 summary: train_cos_loss : 0.045730, vocab_cro_loss : 3.135878, 
epoch  56 summary: train_cos_loss : 0.045730, vocab_cro_loss : 3.134652, 
epoch  57 summary: train_cos_loss : 0.045666, vocab_cro_loss : 3.134254, 
epoch  58 summary: train_cos_loss : 0.045601, vocab_cro_loss : 3.132833, 
epoch  59 summary: train_cos_loss : 0.045492, vocab_cro_loss : 3.131890, 
epoch  60 summary: train_cos_loss : 0.045490, vocab_cro_loss : 3.130077, 
train loss: 3.1288, accuracy: 0.2355
epoch  61 summary: train_cos_loss : 0.045347, vocab_cro_loss : 3.128808, 
epoch  62 summary: train_cos_loss : 0.045272, vocab_cro_loss : 3.129284, 
epoch  63 summary: train_cos_loss : 0.045193, vocab_cro_loss : 3.129180, 
epoch  64 summary: train_cos_loss : 0.045125, vocab_cro_loss : 3.128526, 
epoch  65 summary: train_cos_loss : 0.045075, vocab_cro_loss : 3.128824, 
epoch  66 summary: train_cos_loss : 0.045020, vocab_cro_loss : 3.129214, 
epoch  67 summary: train_cos_loss : 0.044968, vocab_cro_loss : 3.129084, 
epoch  68 summary: train_cos_loss : 0.044902, vocab_cro_loss : 3.127353, 
epoch  69 summary: train_cos_loss : 0.044862, vocab_cro_loss : 3.123861, 
epoch  70 summary: train_cos_loss : 0.044861, vocab_cro_loss : 3.122524, 
train loss: 3.1214, accuracy: 0.2367
epoch  71 summary: train_cos_loss : 0.044769, vocab_cro_loss : 3.121350, 
epoch  72 summary: train_cos_loss : 0.044679, vocab_cro_loss : 3.119611, 
epoch  73 summary: train_cos_loss : 0.044582, vocab_cro_loss : 3.118828, 
epoch  74 summary: train_cos_loss : 0.044559, vocab_cro_loss : 3.118789, 
epoch  75 summary: train_cos_loss : 0.044515, vocab_cro_loss : 3.117994, 
epoch  76 summary: train_cos_loss : 0.044470, vocab_cro_loss : 3.118232, 
epoch  77 summary: train_cos_loss : 0.044445, vocab_cro_loss : 3.117743, 
epoch  78 summary: train_cos_loss : 0.044429, vocab_cro_loss : 3.117976, 
epoch  79 summary: train_cos_loss : 0.044428, vocab_cro_loss : 3.117966, 
epoch  80 summary: train_cos_loss : 0.044501, vocab_cro_loss : 3.118022, 
train loss: 3.1176, accuracy: 0.2380
epoch  81 summary: train_cos_loss : 0.044425, vocab_cro_loss : 3.117588, 
epoch  82 summary: train_cos_loss : 0.044392, vocab_cro_loss : 3.117148, 
epoch  83 summary: train_cos_loss : 0.044358, vocab_cro_loss : 3.116722, 
epoch  84 summary: train_cos_loss : 0.044323, vocab_cro_loss : 3.116425, 
epoch  85 summary: train_cos_loss : 0.044308, vocab_cro_loss : 3.116489, 
epoch  86 summary: train_cos_loss : 0.044301, vocab_cro_loss : 3.116080, 
epoch  87 summary: train_cos_loss : 0.044268, vocab_cro_loss : 3.115233, 
epoch  88 summary: train_cos_loss : 0.044255, vocab_cro_loss : 3.115552, 
epoch  89 summary: train_cos_loss : 0.044258, vocab_cro_loss : 3.114743, 
epoch  90 summary: train_cos_loss : 0.044381, vocab_cro_loss : 3.111211, 
train loss: 3.1109, accuracy: 0.2394
epoch  91 summary: train_cos_loss : 0.044355, vocab_cro_loss : 3.110895, 
epoch  92 summary: train_cos_loss : 0.044283, vocab_cro_loss : 3.109448, 
epoch  93 summary: train_cos_loss : 0.044281, vocab_cro_loss : 3.109191, 
epoch  94 summary: train_cos_loss : 0.044322, vocab_cro_loss : 3.107918, 
epoch  95 summary: train_cos_loss : 0.044359, vocab_cro_loss : 3.105174, 
epoch  96 summary: train_cos_loss : 0.044278, vocab_cro_loss : 3.103094, 
epoch  97 summary: train_cos_loss : 0.044353, vocab_cro_loss : 3.101912, 
epoch  98 summary: train_cos_loss : 0.044357, vocab_cro_loss : 3.099554, 
epoch  99 summary: train_cos_loss : 0.044411, vocab_cro_loss : 3.098772, 
train loss: 3.0963, accuracy: 0.2426
all                         547305.621ms
all_epoch                   540914.842ms
all_preparation               6390.732ms
all_preparation_2             6387.913ms
all_preparation_3                2.765ms
epoch                         5041.298ms
epoch_pos_train                  7.614ms
epoch_preparation               14.490ms
epoch_train                   4966.626ms
epoch_valid                     50.420ms
----------------------------------------
all                         547305.621ms
  all_epoch             98.83%
  all_preparation        1.17%
all_preparation               6390.732ms
  all_preparation_2     99.96%
  all_preparation_3      0.04%
epoch                       504129.774ms
  epoch_train           98.52%
  epoch_valid            1.00%
  epoch_preparation      0.29%
  epoch_pos_train        0.15%
epoch   0 summary: valid_cos_loss : 0.164810, 
valid loss: 3.7184, accuracy: 0.1505
epoch   1 summary: valid_cos_loss : 0.080599, 
epoch   2 summary: valid_cos_loss : 0.050384, 
epoch   3 summary: valid_cos_loss : 0.037927, 
epoch   4 summary: valid_cos_loss : 0.032809, 
epoch   5 summary: valid_cos_loss : 0.030457, 
epoch   6 summary: valid_cos_loss : 0.029389, 
epoch   7 summary: valid_cos_loss : 0.028759, 
epoch   8 summary: valid_cos_loss : 0.028450, 
epoch   9 summary: valid_cos_loss : 0.028190, 
epoch  10 summary: valid_cos_loss : 0.029153, 
valid loss: 3.3095, accuracy: 0.2029
epoch  11 summary: valid_cos_loss : 0.028325, 
epoch  12 summary: valid_cos_loss : 0.027931, 
epoch  13 summary: valid_cos_loss : 0.027665, 
epoch  14 summary: valid_cos_loss : 0.027605, 
epoch  15 summary: valid_cos_loss : 0.027456, 
epoch  16 summary: valid_cos_loss : 0.027391, 
epoch  17 summary: valid_cos_loss : 0.027343, 
epoch  18 summary: valid_cos_loss : 0.027315, 
epoch  19 summary: valid_cos_loss : 0.027239, 
epoch  20 summary: valid_cos_loss : 0.028165, 
valid loss: 3.3145, accuracy: 0.2073
epoch  21 summary: valid_cos_loss : 0.027654, 
epoch  22 summary: valid_cos_loss : 0.027350, 
epoch  23 summary: valid_cos_loss : 0.027204, 
epoch  24 summary: valid_cos_loss : 0.027140, 
epoch  25 summary: valid_cos_loss : 0.027084, 
epoch  26 summary: valid_cos_loss : 0.027026, 
epoch  27 summary: valid_cos_loss : 0.027117, 
epoch  28 summary: valid_cos_loss : 0.027022, 
epoch  29 summary: valid_cos_loss : 0.026997, 
epoch  30 summary: valid_cos_loss : 0.027931, 
valid loss: 3.3190, accuracy: 0.2051
epoch  31 summary: valid_cos_loss : 0.027377, 
epoch  32 summary: valid_cos_loss : 0.027170, 
epoch  33 summary: valid_cos_loss : 0.027103, 
epoch  34 summary: valid_cos_loss : 0.026962, 
epoch  35 summary: valid_cos_loss : 0.026950, 
epoch  36 summary: valid_cos_loss : 0.026869, 
epoch  37 summary: valid_cos_loss : 0.026859, 
epoch  38 summary: valid_cos_loss : 0.026931, 
epoch  39 summary: valid_cos_loss : 0.026828, 
epoch  40 summary: valid_cos_loss : 0.027924, 
valid loss: 3.3247, accuracy: 0.2063
epoch  41 summary: valid_cos_loss : 0.027289, 
epoch  42 summary: valid_cos_loss : 0.027007, 
epoch  43 summary: valid_cos_loss : 0.026875, 
epoch  44 summary: valid_cos_loss : 0.026933, 
epoch  45 summary: valid_cos_loss : 0.026880, 
epoch  46 summary: valid_cos_loss : 0.026820, 
epoch  47 summary: valid_cos_loss : 0.026869, 
epoch  48 summary: valid_cos_loss : 0.026723, 
epoch  49 summary: valid_cos_loss : 0.026810, 
epoch  50 summary: valid_cos_loss : 0.027626, 
valid loss: 3.3292, accuracy: 0.2045
epoch  51 summary: valid_cos_loss : 0.027104, 
epoch  52 summary: valid_cos_loss : 0.026888, 
epoch  53 summary: valid_cos_loss : 0.026737, 
epoch  54 summary: valid_cos_loss : 0.026693, 
epoch  55 summary: valid_cos_loss : 0.026637, 
epoch  56 summary: valid_cos_loss : 0.026627, 
epoch  57 summary: valid_cos_loss : 0.026633, 
epoch  58 summary: valid_cos_loss : 0.026607, 
epoch  59 summary: valid_cos_loss : 0.026566, 
epoch  60 summary: valid_cos_loss : 0.027654, 
valid loss: 3.3337, accuracy: 0.2046
epoch  61 summary: valid_cos_loss : 0.027140, 
epoch  62 summary: valid_cos_loss : 0.026830, 
epoch  63 summary: valid_cos_loss : 0.026686, 
epoch  64 summary: valid_cos_loss : 0.026645, 
epoch  65 summary: valid_cos_loss : 0.026629, 
epoch  66 summary: valid_cos_loss : 0.026597, 
epoch  67 summary: valid_cos_loss : 0.026577, 
epoch  68 summary: valid_cos_loss : 0.026590, 
epoch  69 summary: valid_cos_loss : 0.026557, 
epoch  70 summary: valid_cos_loss : 0.027496, 
valid loss: 3.3383, accuracy: 0.2052
epoch  71 summary: valid_cos_loss : 0.026973, 
epoch  72 summary: valid_cos_loss : 0.026735, 
epoch  73 summary: valid_cos_loss : 0.026608, 
epoch  74 summary: valid_cos_loss : 0.026582, 
epoch  75 summary: valid_cos_loss : 0.026636, 
epoch  76 summary: valid_cos_loss : 0.026513, 
epoch  77 summary: valid_cos_loss : 0.026537, 
epoch  78 summary: valid_cos_loss : 0.026474, 
epoch  79 summary: valid_cos_loss : 0.026524, 
epoch  80 summary: valid_cos_loss : 0.027422, 
valid loss: 3.3385, accuracy: 0.2047
epoch  81 summary: valid_cos_loss : 0.026857, 
epoch  82 summary: valid_cos_loss : 0.026663, 
epoch  83 summary: valid_cos_loss : 0.026557, 
epoch  84 summary: valid_cos_loss : 0.026555, 
epoch  85 summary: valid_cos_loss : 0.026501, 
epoch  86 summary: valid_cos_loss : 0.026448, 
epoch  87 summary: valid_cos_loss : 0.026478, 
epoch  88 summary: valid_cos_loss : 0.026441, 
epoch  89 summary: valid_cos_loss : 0.026416, 
epoch  90 summary: valid_cos_loss : 0.027436, 
valid loss: 3.3337, accuracy: 0.2058
epoch  91 summary: valid_cos_loss : 0.026865, 
epoch  92 summary: valid_cos_loss : 0.026648, 
epoch  93 summary: valid_cos_loss : 0.026538, 
epoch  94 summary: valid_cos_loss : 0.026499, 
epoch  95 summary: valid_cos_loss : 0.026477, 
epoch  96 summary: valid_cos_loss : 0.026457, 
epoch  97 summary: valid_cos_loss : 0.026509, 
epoch  98 summary: valid_cos_loss : 0.026442, 
epoch  99 summary: valid_cos_loss : 0.026425, 
valid loss: 3.3354, accuracy: 0.2051
all                         254707.455ms
all_epoch                   254678.809ms
all_preparation                 28.600ms
all_preparation_2               27.139ms
all_preparation_3                1.437ms
epoch                         2307.068ms
epoch_pos_train                  9.181ms
epoch_preparation                0.931ms
epoch_train                   2261.046ms
epoch_valid                     34.310ms
----------------------------------------
all                         254707.455ms
  all_epoch             99.99%
  all_preparation        0.01%
all_preparation                 28.600ms
  all_preparation_2     94.89%
  all_preparation_3      5.03%
epoch                       230706.816ms
  epoch_train           98.01%
  epoch_valid            1.49%
  epoch_pos_train        0.40%
  epoch_preparation      0.04%
