Before CTE Training: train eu loss: 1.0612127780914307, eval eu loss: 1.4517745971679688
Before CTE Training: train eu acc: 0.658203125, eval eu acc: 0.5794677734375
epoch   0 summary: train_cos_loss : 0.186144, vocab_cro_loss : 4.665103, 
train loss: 4.3064, accuracy: 0.0411
epoch   1 summary: train_cos_loss : 0.164704, vocab_cro_loss : 4.304619, 
epoch   2 summary: train_cos_loss : 0.123294, vocab_cro_loss : 3.502799, 
epoch   3 summary: train_cos_loss : 0.091517, vocab_cro_loss : 2.968927, 
epoch   4 summary: train_cos_loss : 0.072071, vocab_cro_loss : 2.728715, 
epoch   5 summary: train_cos_loss : 0.060703, vocab_cro_loss : 2.617792, 
epoch   6 summary: train_cos_loss : 0.053356, vocab_cro_loss : 2.578498, 
epoch   7 summary: train_cos_loss : 0.048300, vocab_cro_loss : 2.506707, 
epoch   8 summary: train_cos_loss : 0.044695, vocab_cro_loss : 2.498226, 
epoch   9 summary: train_cos_loss : 0.042427, vocab_cro_loss : 2.554274, 
epoch  10 summary: train_cos_loss : 0.040624, vocab_cro_loss : 2.493546, 
train loss: 2.5868, accuracy: 0.4144
epoch  11 summary: train_cos_loss : 0.039206, vocab_cro_loss : 2.583698, 
epoch  12 summary: train_cos_loss : 0.037784, vocab_cro_loss : 2.438589, 
epoch  13 summary: train_cos_loss : 0.037068, vocab_cro_loss : 2.615849, 
epoch  14 summary: train_cos_loss : 0.036409, vocab_cro_loss : 2.666805, 
epoch  15 summary: train_cos_loss : 0.035496, vocab_cro_loss : 2.573922, 
epoch  16 summary: train_cos_loss : 0.035195, vocab_cro_loss : 2.719222, 
epoch  17 summary: train_cos_loss : 0.034504, vocab_cro_loss : 2.566088, 
epoch  18 summary: train_cos_loss : 0.034132, vocab_cro_loss : 2.771332, 
epoch  19 summary: train_cos_loss : 0.033707, vocab_cro_loss : 2.525953, 
epoch  20 summary: train_cos_loss : 0.033265, vocab_cro_loss : 2.770906, 
train loss: 2.6544, accuracy: 0.4376
epoch  21 summary: train_cos_loss : 0.032992, vocab_cro_loss : 2.652205, 
epoch  22 summary: train_cos_loss : 0.032439, vocab_cro_loss : 2.669210, 
epoch  23 summary: train_cos_loss : 0.031973, vocab_cro_loss : 2.527367, 
epoch  24 summary: train_cos_loss : 0.031647, vocab_cro_loss : 2.558263, 
epoch  25 summary: train_cos_loss : 0.031062, vocab_cro_loss : 2.534592, 
epoch  26 summary: train_cos_loss : 0.030568, vocab_cro_loss : 2.444338, 
epoch  27 summary: train_cos_loss : 0.030324, vocab_cro_loss : 2.533226, 
epoch  28 summary: train_cos_loss : 0.029928, vocab_cro_loss : 2.422817, 
epoch  29 summary: train_cos_loss : 0.029737, vocab_cro_loss : 2.472968, 
epoch  30 summary: train_cos_loss : 0.029526, vocab_cro_loss : 2.453725, 
train loss: 2.4302, accuracy: 0.4551
epoch  31 summary: train_cos_loss : 0.029122, vocab_cro_loss : 2.428335, 
epoch  32 summary: train_cos_loss : 0.029069, vocab_cro_loss : 2.392056, 
epoch  33 summary: train_cos_loss : 0.028831, vocab_cro_loss : 2.407754, 
epoch  34 summary: train_cos_loss : 0.028661, vocab_cro_loss : 2.495283, 
epoch  35 summary: train_cos_loss : 0.028407, vocab_cro_loss : 2.507860, 
epoch  36 summary: train_cos_loss : 0.028479, vocab_cro_loss : 2.450796, 
epoch  37 summary: train_cos_loss : 0.028339, vocab_cro_loss : 2.457843, 
epoch  38 summary: train_cos_loss : 0.028162, vocab_cro_loss : 2.432564, 
epoch  39 summary: train_cos_loss : 0.028130, vocab_cro_loss : 2.394788, 
epoch  40 summary: train_cos_loss : 0.027704, vocab_cro_loss : 2.370115, 
train loss: 2.4156, accuracy: 0.4420
epoch  41 summary: train_cos_loss : 0.027699, vocab_cro_loss : 2.414133, 
epoch  42 summary: train_cos_loss : 0.027523, vocab_cro_loss : 2.427425, 
epoch  43 summary: train_cos_loss : 0.027468, vocab_cro_loss : 2.424157, 
epoch  44 summary: train_cos_loss : 0.027251, vocab_cro_loss : 2.430151, 
epoch  45 summary: train_cos_loss : 0.027403, vocab_cro_loss : 2.482920, 
epoch  46 summary: train_cos_loss : 0.027208, vocab_cro_loss : 2.430119, 
epoch  47 summary: train_cos_loss : 0.027091, vocab_cro_loss : 2.361961, 
epoch  48 summary: train_cos_loss : 0.027107, vocab_cro_loss : 2.304165, 
epoch  49 summary: train_cos_loss : 0.026843, vocab_cro_loss : 2.312711, 
epoch  50 summary: train_cos_loss : 0.026931, vocab_cro_loss : 2.360772, 
train loss: 2.3827, accuracy: 0.4623
epoch  51 summary: train_cos_loss : 0.026750, vocab_cro_loss : 2.381270, 
epoch  52 summary: train_cos_loss : 0.026695, vocab_cro_loss : 2.419991, 
epoch  53 summary: train_cos_loss : 0.026550, vocab_cro_loss : 2.421252, 
epoch  54 summary: train_cos_loss : 0.026662, vocab_cro_loss : 2.440712, 
epoch  55 summary: train_cos_loss : 0.026697, vocab_cro_loss : 2.525360, 
epoch  56 summary: train_cos_loss : 0.026825, vocab_cro_loss : 2.558824, 
epoch  57 summary: train_cos_loss : 0.026750, vocab_cro_loss : 2.537042, 
epoch  58 summary: train_cos_loss : 0.026649, vocab_cro_loss : 2.484887, 
epoch  59 summary: train_cos_loss : 0.026274, vocab_cro_loss : 2.360663, 
epoch  60 summary: train_cos_loss : 0.026328, vocab_cro_loss : 2.455701, 
train loss: 2.3924, accuracy: 0.4435
epoch  61 summary: train_cos_loss : 0.026227, vocab_cro_loss : 2.391391, 
epoch  62 summary: train_cos_loss : 0.026144, vocab_cro_loss : 2.359364, 
epoch  63 summary: train_cos_loss : 0.025889, vocab_cro_loss : 2.349168, 
epoch  64 summary: train_cos_loss : 0.026067, vocab_cro_loss : 2.426090, 
epoch  65 summary: train_cos_loss : 0.025946, vocab_cro_loss : 2.411897, 
epoch  66 summary: train_cos_loss : 0.025901, vocab_cro_loss : 2.395724, 
epoch  67 summary: train_cos_loss : 0.025748, vocab_cro_loss : 2.459617, 
epoch  68 summary: train_cos_loss : 0.025799, vocab_cro_loss : 2.424808, 
epoch  69 summary: train_cos_loss : 0.025663, vocab_cro_loss : 2.404015, 
epoch  70 summary: train_cos_loss : 0.025505, vocab_cro_loss : 2.366741, 
train loss: 2.3828, accuracy: 0.4636
epoch  71 summary: train_cos_loss : 0.025484, vocab_cro_loss : 2.381364, 
epoch  72 summary: train_cos_loss : 0.025246, vocab_cro_loss : 2.327368, 
epoch  73 summary: train_cos_loss : 0.025134, vocab_cro_loss : 2.254645, 
epoch  74 summary: train_cos_loss : 0.025106, vocab_cro_loss : 2.327378, 
epoch  75 summary: train_cos_loss : 0.025053, vocab_cro_loss : 2.424392, 
epoch  76 summary: train_cos_loss : 0.025121, vocab_cro_loss : 2.354252, 
epoch  77 summary: train_cos_loss : 0.025038, vocab_cro_loss : 2.388372, 
epoch  78 summary: train_cos_loss : 0.025156, vocab_cro_loss : 2.489334, 
epoch  79 summary: train_cos_loss : 0.025174, vocab_cro_loss : 2.499903, 
epoch  80 summary: train_cos_loss : 0.025249, vocab_cro_loss : 2.387041, 
train loss: 2.4245, accuracy: 0.4242
epoch  81 summary: train_cos_loss : 0.025108, vocab_cro_loss : 2.422828, 
epoch  82 summary: train_cos_loss : 0.025234, vocab_cro_loss : 2.435044, 
epoch  83 summary: train_cos_loss : 0.025367, vocab_cro_loss : 2.521633, 
epoch  84 summary: train_cos_loss : 0.025126, vocab_cro_loss : 2.472373, 
epoch  85 summary: train_cos_loss : 0.025161, vocab_cro_loss : 2.482527, 
epoch  86 summary: train_cos_loss : 0.025079, vocab_cro_loss : 2.403011, 
epoch  87 summary: train_cos_loss : 0.025088, vocab_cro_loss : 2.597447, 
epoch  88 summary: train_cos_loss : 0.025130, vocab_cro_loss : 2.487867, 
epoch  89 summary: train_cos_loss : 0.025087, vocab_cro_loss : 2.505872, 
epoch  90 summary: train_cos_loss : 0.025398, vocab_cro_loss : 2.437166, 
train loss: 2.3486, accuracy: 0.4410
epoch  91 summary: train_cos_loss : 0.025152, vocab_cro_loss : 2.347277, 
epoch  92 summary: train_cos_loss : 0.025198, vocab_cro_loss : 2.328479, 
epoch  93 summary: train_cos_loss : 0.025038, vocab_cro_loss : 2.310065, 
epoch  94 summary: train_cos_loss : 0.025065, vocab_cro_loss : 2.366535, 
epoch  95 summary: train_cos_loss : 0.024908, vocab_cro_loss : 2.364932, 
epoch  96 summary: train_cos_loss : 0.024991, vocab_cro_loss : 2.376998, 
epoch  97 summary: train_cos_loss : 0.025010, vocab_cro_loss : 2.344030, 
epoch  98 summary: train_cos_loss : 0.024896, vocab_cro_loss : 2.339049, 
epoch  99 summary: train_cos_loss : 0.025033, vocab_cro_loss : 2.406831, 
train loss: 2.4206, accuracy: 0.4418
all                        1510577.631ms
all_epoch                  1503554.314ms
all_preparation               7023.264ms
all_preparation_2             7021.290ms
all_preparation_3                1.935ms
epoch                        14616.754ms
epoch_pos_train                  9.321ms
epoch_preparation               27.379ms
epoch_train                  14511.074ms
epoch_valid                     66.095ms
----------------------------------------
all                        1510577.631ms
  all_epoch             99.54%
  all_preparation        0.46%
all_preparation               7023.264ms
  all_preparation_2     99.97%
  all_preparation_3      0.03%
epoch                      1461675.440ms
  epoch_train           99.28%
  epoch_valid            0.45%
  epoch_preparation      0.19%
  epoch_pos_train        0.06%
epoch   0 summary: valid_cos_loss : 0.211536, 
valid loss: 3.2286, accuracy: 0.2433
epoch   1 summary: valid_cos_loss : 0.107325, 
epoch   2 summary: valid_cos_loss : 0.065697, 
epoch   3 summary: valid_cos_loss : 0.048120, 
epoch   4 summary: valid_cos_loss : 0.042400, 
epoch   5 summary: valid_cos_loss : 0.040303, 
epoch   6 summary: valid_cos_loss : 0.039699, 
epoch   7 summary: valid_cos_loss : 0.040106, 
epoch   8 summary: valid_cos_loss : 0.040493, 
epoch   9 summary: valid_cos_loss : 0.041133, 
epoch  10 summary: valid_cos_loss : 0.041533, 
valid loss: 2.8557, accuracy: 0.3389
epoch  11 summary: valid_cos_loss : 0.041778, 
epoch  12 summary: valid_cos_loss : 0.041878, 
epoch  13 summary: valid_cos_loss : 0.041686, 
epoch  14 summary: valid_cos_loss : 0.041854, 
epoch  15 summary: valid_cos_loss : 0.041841, 
epoch  16 summary: valid_cos_loss : 0.042404, 
epoch  17 summary: valid_cos_loss : 0.042579, 
epoch  18 summary: valid_cos_loss : 0.041870, 
epoch  19 summary: valid_cos_loss : 0.042634, 
epoch  20 summary: valid_cos_loss : 0.042419, 
valid loss: 2.8609, accuracy: 0.3406
epoch  21 summary: valid_cos_loss : 0.042656, 
epoch  22 summary: valid_cos_loss : 0.042279, 
epoch  23 summary: valid_cos_loss : 0.042209, 
epoch  24 summary: valid_cos_loss : 0.042567, 
epoch  25 summary: valid_cos_loss : 0.042723, 
epoch  26 summary: valid_cos_loss : 0.042425, 
epoch  27 summary: valid_cos_loss : 0.042177, 
epoch  28 summary: valid_cos_loss : 0.042656, 
epoch  29 summary: valid_cos_loss : 0.043001, 
epoch  30 summary: valid_cos_loss : 0.042822, 
valid loss: 2.8729, accuracy: 0.3392
epoch  31 summary: valid_cos_loss : 0.042561, 
epoch  32 summary: valid_cos_loss : 0.042013, 
epoch  33 summary: valid_cos_loss : 0.042763, 
epoch  34 summary: valid_cos_loss : 0.042598, 
epoch  35 summary: valid_cos_loss : 0.042627, 
epoch  36 summary: valid_cos_loss : 0.042948, 
epoch  37 summary: valid_cos_loss : 0.042274, 
epoch  38 summary: valid_cos_loss : 0.042965, 
epoch  39 summary: valid_cos_loss : 0.042142, 
epoch  40 summary: valid_cos_loss : 0.042390, 
valid loss: 2.8687, accuracy: 0.3397
epoch  41 summary: valid_cos_loss : 0.042797, 
epoch  42 summary: valid_cos_loss : 0.042645, 
epoch  43 summary: valid_cos_loss : 0.042468, 
epoch  44 summary: valid_cos_loss : 0.041938, 
epoch  45 summary: valid_cos_loss : 0.042320, 
epoch  46 summary: valid_cos_loss : 0.042400, 
epoch  47 summary: valid_cos_loss : 0.042828, 
epoch  48 summary: valid_cos_loss : 0.042091, 
epoch  49 summary: valid_cos_loss : 0.042334, 
epoch  50 summary: valid_cos_loss : 0.042942, 
valid loss: 2.8770, accuracy: 0.3394
epoch  51 summary: valid_cos_loss : 0.042896, 
epoch  52 summary: valid_cos_loss : 0.042054, 
epoch  53 summary: valid_cos_loss : 0.043122, 
epoch  54 summary: valid_cos_loss : 0.042330, 
epoch  55 summary: valid_cos_loss : 0.042320, 
epoch  56 summary: valid_cos_loss : 0.042135, 
epoch  57 summary: valid_cos_loss : 0.042332, 
epoch  58 summary: valid_cos_loss : 0.042111, 
epoch  59 summary: valid_cos_loss : 0.042963, 
epoch  60 summary: valid_cos_loss : 0.042270, 
valid loss: 2.8806, accuracy: 0.3381
epoch  61 summary: valid_cos_loss : 0.043151, 
epoch  62 summary: valid_cos_loss : 0.042133, 
epoch  63 summary: valid_cos_loss : 0.042063, 
epoch  64 summary: valid_cos_loss : 0.042220, 
epoch  65 summary: valid_cos_loss : 0.042302, 
epoch  66 summary: valid_cos_loss : 0.042232, 
epoch  67 summary: valid_cos_loss : 0.042959, 
epoch  68 summary: valid_cos_loss : 0.042347, 
epoch  69 summary: valid_cos_loss : 0.042317, 
epoch  70 summary: valid_cos_loss : 0.042548, 
valid loss: 2.8753, accuracy: 0.3409
epoch  71 summary: valid_cos_loss : 0.042277, 
epoch  72 summary: valid_cos_loss : 0.041122, 
epoch  73 summary: valid_cos_loss : 0.042093, 
epoch  74 summary: valid_cos_loss : 0.042279, 
epoch  75 summary: valid_cos_loss : 0.042239, 
epoch  76 summary: valid_cos_loss : 0.041703, 
epoch  77 summary: valid_cos_loss : 0.042552, 
epoch  78 summary: valid_cos_loss : 0.042019, 
epoch  79 summary: valid_cos_loss : 0.042139, 
epoch  80 summary: valid_cos_loss : 0.043097, 
valid loss: 2.8750, accuracy: 0.3395
epoch  81 summary: valid_cos_loss : 0.041880, 
epoch  82 summary: valid_cos_loss : 0.042355, 
epoch  83 summary: valid_cos_loss : 0.042065, 
epoch  84 summary: valid_cos_loss : 0.042759, 
epoch  85 summary: valid_cos_loss : 0.042467, 
epoch  86 summary: valid_cos_loss : 0.042307, 
epoch  87 summary: valid_cos_loss : 0.041347, 
epoch  88 summary: valid_cos_loss : 0.042443, 
epoch  89 summary: valid_cos_loss : 0.041775, 
epoch  90 summary: valid_cos_loss : 0.041966, 
valid loss: 2.8653, accuracy: 0.3425
epoch  91 summary: valid_cos_loss : 0.041766, 
epoch  92 summary: valid_cos_loss : 0.041954, 
epoch  93 summary: valid_cos_loss : 0.042534, 
epoch  94 summary: valid_cos_loss : 0.041666, 
epoch  95 summary: valid_cos_loss : 0.042339, 
epoch  96 summary: valid_cos_loss : 0.042495, 
epoch  97 summary: valid_cos_loss : 0.041565, 
epoch  98 summary: valid_cos_loss : 0.041686, 
epoch  99 summary: valid_cos_loss : 0.041791, 
valid loss: 2.8795, accuracy: 0.3407
all                         723578.052ms
all_epoch                   723522.769ms
all_preparation                 55.259ms
all_preparation_2               54.123ms
all_preparation_3                1.117ms
epoch                         6982.299ms
epoch_pos_train                  9.107ms
epoch_preparation                1.377ms
epoch_train                   6929.224ms
epoch_valid                     40.805ms
----------------------------------------
all                         723578.052ms
  all_epoch             99.99%
  all_preparation        0.01%
all_preparation                 55.259ms
  all_preparation_2     97.94%
  all_preparation_3      2.02%
epoch                       698229.866ms
  epoch_train           99.24%
  epoch_valid            0.58%
  epoch_pos_train        0.13%
  epoch_preparation      0.02%
