Before CTE Training: train eu loss: 1.0612127780914307, eval eu loss: 1.4517745971679688
Before CTE Training: train eu acc: 0.658203125, eval eu acc: 0.5794677734375
epoch   0 summary: train_cos_loss : 0.219513, vocab_cro_loss : 4.329865, 
train loss: 4.2042, accuracy: 0.0333
epoch   1 summary: train_cos_loss : 0.212925, vocab_cro_loss : 4.204046, 
epoch   2 summary: train_cos_loss : 0.196966, vocab_cro_loss : 3.922522, 
epoch   3 summary: train_cos_loss : 0.173258, vocab_cro_loss : 3.501581, 
epoch   4 summary: train_cos_loss : 0.147947, vocab_cro_loss : 3.123757, 
epoch   5 summary: train_cos_loss : 0.124362, vocab_cro_loss : 2.912348, 
epoch   6 summary: train_cos_loss : 0.104159, vocab_cro_loss : 2.692131, 
epoch   7 summary: train_cos_loss : 0.087610, vocab_cro_loss : 2.565232, 
epoch   8 summary: train_cos_loss : 0.074425, vocab_cro_loss : 2.446574, 
epoch   9 summary: train_cos_loss : 0.064078, vocab_cro_loss : 2.370307, 
epoch  10 summary: train_cos_loss : 0.056433, vocab_cro_loss : 2.279772, 
train loss: 2.2119, accuracy: 0.4661
epoch  11 summary: train_cos_loss : 0.050444, vocab_cro_loss : 2.211797, 
epoch  12 summary: train_cos_loss : 0.045707, vocab_cro_loss : 2.153853, 
epoch  13 summary: train_cos_loss : 0.042067, vocab_cro_loss : 2.114997, 
epoch  14 summary: train_cos_loss : 0.039108, vocab_cro_loss : 2.077796, 
epoch  15 summary: train_cos_loss : 0.036677, vocab_cro_loss : 2.041053, 
epoch  16 summary: train_cos_loss : 0.034683, vocab_cro_loss : 2.012302, 
epoch  17 summary: train_cos_loss : 0.032935, vocab_cro_loss : 1.980030, 
epoch  18 summary: train_cos_loss : 0.031334, vocab_cro_loss : 1.952243, 
epoch  19 summary: train_cos_loss : 0.030093, vocab_cro_loss : 1.928176, 
epoch  20 summary: train_cos_loss : 0.029043, vocab_cro_loss : 1.912279, 
train loss: 1.8835, accuracy: 0.5135
epoch  21 summary: train_cos_loss : 0.028167, vocab_cro_loss : 1.883493, 
epoch  22 summary: train_cos_loss : 0.027201, vocab_cro_loss : 1.865549, 
epoch  23 summary: train_cos_loss : 0.026357, vocab_cro_loss : 1.850705, 
epoch  24 summary: train_cos_loss : 0.025657, vocab_cro_loss : 1.839056, 
epoch  25 summary: train_cos_loss : 0.024970, vocab_cro_loss : 1.828350, 
epoch  26 summary: train_cos_loss : 0.024310, vocab_cro_loss : 1.815972, 
epoch  27 summary: train_cos_loss : 0.023750, vocab_cro_loss : 1.808973, 
epoch  28 summary: train_cos_loss : 0.023247, vocab_cro_loss : 1.799177, 
epoch  29 summary: train_cos_loss : 0.022754, vocab_cro_loss : 1.795208, 
epoch  30 summary: train_cos_loss : 0.022422, vocab_cro_loss : 1.799567, 
train loss: 1.8096, accuracy: 0.5200
epoch  31 summary: train_cos_loss : 0.022164, vocab_cro_loss : 1.809546, 
epoch  32 summary: train_cos_loss : 0.021746, vocab_cro_loss : 1.798593, 
epoch  33 summary: train_cos_loss : 0.021331, vocab_cro_loss : 1.778873, 
epoch  34 summary: train_cos_loss : 0.020935, vocab_cro_loss : 1.789278, 
epoch  35 summary: train_cos_loss : 0.020597, vocab_cro_loss : 1.764728, 
epoch  36 summary: train_cos_loss : 0.020249, vocab_cro_loss : 1.759639, 
epoch  37 summary: train_cos_loss : 0.019964, vocab_cro_loss : 1.749127, 
epoch  38 summary: train_cos_loss : 0.019593, vocab_cro_loss : 1.741849, 
epoch  39 summary: train_cos_loss : 0.019299, vocab_cro_loss : 1.737265, 
epoch  40 summary: train_cos_loss : 0.019153, vocab_cro_loss : 1.731627, 
train loss: 1.7292, accuracy: 0.5279
epoch  41 summary: train_cos_loss : 0.018918, vocab_cro_loss : 1.729206, 
epoch  42 summary: train_cos_loss : 0.018639, vocab_cro_loss : 1.723144, 
epoch  43 summary: train_cos_loss : 0.018390, vocab_cro_loss : 1.720495, 
epoch  44 summary: train_cos_loss : 0.018162, vocab_cro_loss : 1.715911, 
epoch  45 summary: train_cos_loss : 0.017959, vocab_cro_loss : 1.712356, 
epoch  46 summary: train_cos_loss : 0.017761, vocab_cro_loss : 1.710984, 
epoch  47 summary: train_cos_loss : 0.017575, vocab_cro_loss : 1.707215, 
epoch  48 summary: train_cos_loss : 0.017411, vocab_cro_loss : 1.705705, 
epoch  49 summary: train_cos_loss : 0.017287, vocab_cro_loss : 1.703177, 
epoch  50 summary: train_cos_loss : 0.017245, vocab_cro_loss : 1.701205, 
train loss: 1.6995, accuracy: 0.5318
epoch  51 summary: train_cos_loss : 0.017113, vocab_cro_loss : 1.699515, 
epoch  52 summary: train_cos_loss : 0.016964, vocab_cro_loss : 1.697668, 
epoch  53 summary: train_cos_loss : 0.016817, vocab_cro_loss : 1.696859, 
epoch  54 summary: train_cos_loss : 0.016670, vocab_cro_loss : 1.698543, 
epoch  55 summary: train_cos_loss : 0.016560, vocab_cro_loss : 1.706814, 
epoch  56 summary: train_cos_loss : 0.016440, vocab_cro_loss : 1.697375, 
epoch  57 summary: train_cos_loss : 0.016317, vocab_cro_loss : 1.697689, 
epoch  58 summary: train_cos_loss : 0.016234, vocab_cro_loss : 1.694254, 
epoch  59 summary: train_cos_loss : 0.016129, vocab_cro_loss : 1.689913, 
epoch  60 summary: train_cos_loss : 0.016185, vocab_cro_loss : 1.688826, 
train loss: 1.6869, accuracy: 0.5331
epoch  61 summary: train_cos_loss : 0.016124, vocab_cro_loss : 1.686863, 
epoch  62 summary: train_cos_loss : 0.016020, vocab_cro_loss : 1.684157, 
epoch  63 summary: train_cos_loss : 0.015909, vocab_cro_loss : 1.683441, 
epoch  64 summary: train_cos_loss : 0.015838, vocab_cro_loss : 1.682135, 
epoch  65 summary: train_cos_loss : 0.015737, vocab_cro_loss : 1.679726, 
epoch  66 summary: train_cos_loss : 0.015661, vocab_cro_loss : 1.677886, 
epoch  67 summary: train_cos_loss : 0.015590, vocab_cro_loss : 1.675961, 
epoch  68 summary: train_cos_loss : 0.015528, vocab_cro_loss : 1.674238, 
epoch  69 summary: train_cos_loss : 0.015469, vocab_cro_loss : 1.673212, 
epoch  70 summary: train_cos_loss : 0.015507, vocab_cro_loss : 1.672484, 
train loss: 1.6697, accuracy: 0.5363
epoch  71 summary: train_cos_loss : 0.015476, vocab_cro_loss : 1.669745, 
epoch  72 summary: train_cos_loss : 0.015390, vocab_cro_loss : 1.668788, 
epoch  73 summary: train_cos_loss : 0.015309, vocab_cro_loss : 1.667738, 
epoch  74 summary: train_cos_loss : 0.015248, vocab_cro_loss : 1.666760, 
epoch  75 summary: train_cos_loss : 0.015188, vocab_cro_loss : 1.664766, 
epoch  76 summary: train_cos_loss : 0.015132, vocab_cro_loss : 1.665007, 
epoch  77 summary: train_cos_loss : 0.015072, vocab_cro_loss : 1.662230, 
epoch  78 summary: train_cos_loss : 0.015027, vocab_cro_loss : 1.661251, 
epoch  79 summary: train_cos_loss : 0.014982, vocab_cro_loss : 1.660701, 
epoch  80 summary: train_cos_loss : 0.015046, vocab_cro_loss : 1.659694, 
train loss: 1.6585, accuracy: 0.5403
epoch  81 summary: train_cos_loss : 0.015033, vocab_cro_loss : 1.658544, 
epoch  82 summary: train_cos_loss : 0.014952, vocab_cro_loss : 1.656312, 
epoch  83 summary: train_cos_loss : 0.014876, vocab_cro_loss : 1.654564, 
epoch  84 summary: train_cos_loss : 0.014812, vocab_cro_loss : 1.654180, 
epoch  85 summary: train_cos_loss : 0.014769, vocab_cro_loss : 1.653956, 
epoch  86 summary: train_cos_loss : 0.014723, vocab_cro_loss : 1.653311, 
epoch  87 summary: train_cos_loss : 0.014688, vocab_cro_loss : 1.652721, 
epoch  88 summary: train_cos_loss : 0.014660, vocab_cro_loss : 1.651881, 
epoch  89 summary: train_cos_loss : 0.014627, vocab_cro_loss : 1.651411, 
epoch  90 summary: train_cos_loss : 0.014685, vocab_cro_loss : 1.650797, 
train loss: 1.6504, accuracy: 0.5406
epoch  91 summary: train_cos_loss : 0.014673, vocab_cro_loss : 1.650377, 
epoch  92 summary: train_cos_loss : 0.014619, vocab_cro_loss : 1.648824, 
epoch  93 summary: train_cos_loss : 0.014552, vocab_cro_loss : 1.647144, 
epoch  94 summary: train_cos_loss : 0.014510, vocab_cro_loss : 1.646929, 
epoch  95 summary: train_cos_loss : 0.014469, vocab_cro_loss : 1.645408, 
epoch  96 summary: train_cos_loss : 0.014436, vocab_cro_loss : 1.643926, 
epoch  97 summary: train_cos_loss : 0.014402, vocab_cro_loss : 1.643154, 
epoch  98 summary: train_cos_loss : 0.014375, vocab_cro_loss : 1.642160, 
epoch  99 summary: train_cos_loss : 0.014347, vocab_cro_loss : 1.640938, 
train loss: 1.6408, accuracy: 0.5427
all                        1178357.646ms
all_epoch                  1171434.933ms
all_preparation               6922.636ms
all_preparation_2             6920.363ms
all_preparation_3                2.244ms
epoch                        11301.482ms
epoch_pos_train                  6.578ms
epoch_preparation               43.775ms
epoch_train                  11188.073ms
epoch_valid                     60.517ms
----------------------------------------
all                        1178357.646ms
  all_epoch             99.41%
  all_preparation        0.59%
all_preparation               6922.636ms
  all_preparation_2     99.97%
  all_preparation_3      0.03%
epoch                      1130148.178ms
  epoch_train           99.00%
  epoch_valid            0.54%
  epoch_preparation      0.39%
  epoch_pos_train        0.06%
epoch   0 summary: valid_cos_loss : 0.215602, 
valid loss: 3.5002, accuracy: 0.2063
epoch   1 summary: valid_cos_loss : 0.132394, 
epoch   2 summary: valid_cos_loss : 0.089774, 
epoch   3 summary: valid_cos_loss : 0.064303, 
epoch   4 summary: valid_cos_loss : 0.048110, 
epoch   5 summary: valid_cos_loss : 0.037605, 
epoch   6 summary: valid_cos_loss : 0.030730, 
epoch   7 summary: valid_cos_loss : 0.025809, 
epoch   8 summary: valid_cos_loss : 0.022704, 
epoch   9 summary: valid_cos_loss : 0.020342, 
epoch  10 summary: valid_cos_loss : 0.018896, 
valid loss: 2.2290, accuracy: 0.4276
epoch  11 summary: valid_cos_loss : 0.017786, 
epoch  12 summary: valid_cos_loss : 0.016861, 
epoch  13 summary: valid_cos_loss : 0.016223, 
epoch  14 summary: valid_cos_loss : 0.015697, 
epoch  15 summary: valid_cos_loss : 0.015250, 
epoch  16 summary: valid_cos_loss : 0.014965, 
epoch  17 summary: valid_cos_loss : 0.014662, 
epoch  18 summary: valid_cos_loss : 0.014417, 
epoch  19 summary: valid_cos_loss : 0.014221, 
epoch  20 summary: valid_cos_loss : 0.014314, 
valid loss: 2.2293, accuracy: 0.4270
epoch  21 summary: valid_cos_loss : 0.014326, 
epoch  22 summary: valid_cos_loss : 0.014129, 
epoch  23 summary: valid_cos_loss : 0.013993, 
epoch  24 summary: valid_cos_loss : 0.013894, 
epoch  25 summary: valid_cos_loss : 0.013858, 
epoch  26 summary: valid_cos_loss : 0.013764, 
epoch  27 summary: valid_cos_loss : 0.013747, 
epoch  28 summary: valid_cos_loss : 0.013668, 
epoch  29 summary: valid_cos_loss : 0.013597, 
epoch  30 summary: valid_cos_loss : 0.013645, 
valid loss: 2.2223, accuracy: 0.4271
epoch  31 summary: valid_cos_loss : 0.013758, 
epoch  32 summary: valid_cos_loss : 0.013554, 
epoch  33 summary: valid_cos_loss : 0.013409, 
epoch  34 summary: valid_cos_loss : 0.013435, 
epoch  35 summary: valid_cos_loss : 0.013383, 
epoch  36 summary: valid_cos_loss : 0.013306, 
epoch  37 summary: valid_cos_loss : 0.013289, 
epoch  38 summary: valid_cos_loss : 0.013259, 
epoch  39 summary: valid_cos_loss : 0.013176, 
epoch  40 summary: valid_cos_loss : 0.013339, 
valid loss: 2.2245, accuracy: 0.4309
epoch  41 summary: valid_cos_loss : 0.013297, 
epoch  42 summary: valid_cos_loss : 0.013278, 
epoch  43 summary: valid_cos_loss : 0.013207, 
epoch  44 summary: valid_cos_loss : 0.013154, 
epoch  45 summary: valid_cos_loss : 0.013177, 
epoch  46 summary: valid_cos_loss : 0.013162, 
epoch  47 summary: valid_cos_loss : 0.013123, 
epoch  48 summary: valid_cos_loss : 0.013062, 
epoch  49 summary: valid_cos_loss : 0.013045, 
epoch  50 summary: valid_cos_loss : 0.013199, 
valid loss: 2.2148, accuracy: 0.4318
epoch  51 summary: valid_cos_loss : 0.013247, 
epoch  52 summary: valid_cos_loss : 0.013149, 
epoch  53 summary: valid_cos_loss : 0.013142, 
epoch  54 summary: valid_cos_loss : 0.013090, 
epoch  55 summary: valid_cos_loss : 0.013000, 
epoch  56 summary: valid_cos_loss : 0.013000, 
epoch  57 summary: valid_cos_loss : 0.012988, 
epoch  58 summary: valid_cos_loss : 0.012992, 
epoch  59 summary: valid_cos_loss : 0.012978, 
epoch  60 summary: valid_cos_loss : 0.013092, 
valid loss: 2.2183, accuracy: 0.4319
epoch  61 summary: valid_cos_loss : 0.013165, 
epoch  62 summary: valid_cos_loss : 0.013142, 
epoch  63 summary: valid_cos_loss : 0.013045, 
epoch  64 summary: valid_cos_loss : 0.012978, 
epoch  65 summary: valid_cos_loss : 0.012955, 
epoch  66 summary: valid_cos_loss : 0.012923, 
epoch  67 summary: valid_cos_loss : 0.012962, 
epoch  68 summary: valid_cos_loss : 0.012922, 
epoch  69 summary: valid_cos_loss : 0.012907, 
epoch  70 summary: valid_cos_loss : 0.013004, 
valid loss: 2.2173, accuracy: 0.4321
epoch  71 summary: valid_cos_loss : 0.013043, 
epoch  72 summary: valid_cos_loss : 0.013014, 
epoch  73 summary: valid_cos_loss : 0.012905, 
epoch  74 summary: valid_cos_loss : 0.012855, 
epoch  75 summary: valid_cos_loss : 0.012832, 
epoch  76 summary: valid_cos_loss : 0.012833, 
epoch  77 summary: valid_cos_loss : 0.012880, 
epoch  78 summary: valid_cos_loss : 0.012903, 
epoch  79 summary: valid_cos_loss : 0.012847, 
epoch  80 summary: valid_cos_loss : 0.012974, 
valid loss: 2.2234, accuracy: 0.4294
epoch  81 summary: valid_cos_loss : 0.012971, 
epoch  82 summary: valid_cos_loss : 0.012943, 
epoch  83 summary: valid_cos_loss : 0.012911, 
epoch  84 summary: valid_cos_loss : 0.012849, 
epoch  85 summary: valid_cos_loss : 0.012822, 
epoch  86 summary: valid_cos_loss : 0.012857, 
epoch  87 summary: valid_cos_loss : 0.012853, 
epoch  88 summary: valid_cos_loss : 0.012766, 
epoch  89 summary: valid_cos_loss : 0.012812, 
epoch  90 summary: valid_cos_loss : 0.012939, 
valid loss: 2.2230, accuracy: 0.4298
epoch  91 summary: valid_cos_loss : 0.013021, 
epoch  92 summary: valid_cos_loss : 0.012869, 
epoch  93 summary: valid_cos_loss : 0.012878, 
epoch  94 summary: valid_cos_loss : 0.012832, 
epoch  95 summary: valid_cos_loss : 0.012842, 
epoch  96 summary: valid_cos_loss : 0.012812, 
epoch  97 summary: valid_cos_loss : 0.012815, 
epoch  98 summary: valid_cos_loss : 0.012773, 
epoch  99 summary: valid_cos_loss : 0.012824, 
valid loss: 2.2212, accuracy: 0.4312
all                         392074.213ms
all_epoch                   392014.606ms
all_preparation                 59.576ms
all_preparation_2               58.141ms
all_preparation_3                1.403ms
epoch                         3681.937ms
epoch_pos_train                  5.744ms
epoch_preparation                0.812ms
epoch_train                   3647.064ms
epoch_valid                     27.123ms
----------------------------------------
all                         392074.213ms
  all_epoch             99.98%
  all_preparation        0.02%
all_preparation                 59.576ms
  all_preparation_2     97.59%
  all_preparation_3      2.35%
epoch                       368193.744ms
  epoch_train           99.05%
  epoch_valid            0.74%
  epoch_pos_train        0.16%
  epoch_preparation      0.02%
