Before CTE Training: train eu loss: 1.063186526298523, eval eu loss: 1.4517745971679688
Before CTE Training: train eu acc: 0.6669921875, eval eu acc: 0.5794677734375
epoch   0 summary: train_cos_loss : 0.210923, vocab_cro_loss : 4.493716, 
train loss: 4.1091, accuracy: 0.0654
epoch   1 summary: train_cos_loss : 0.182202, vocab_cro_loss : 4.106548, 
epoch   2 summary: train_cos_loss : 0.137323, vocab_cro_loss : 3.270241, 
epoch   3 summary: train_cos_loss : 0.104334, vocab_cro_loss : 2.745372, 
epoch   4 summary: train_cos_loss : 0.081746, vocab_cro_loss : 2.423300, 
epoch   5 summary: train_cos_loss : 0.065867, vocab_cro_loss : 2.390295, 
epoch   6 summary: train_cos_loss : 0.057183, vocab_cro_loss : 2.312779, 
epoch   7 summary: train_cos_loss : 0.050952, vocab_cro_loss : 2.264373, 
epoch   8 summary: train_cos_loss : 0.046657, vocab_cro_loss : 2.272000, 
epoch   9 summary: train_cos_loss : 0.044591, vocab_cro_loss : 2.428972, 
epoch  10 summary: train_cos_loss : 0.043640, vocab_cro_loss : 2.358016, 
train loss: 2.5021, accuracy: 0.4854
epoch  11 summary: train_cos_loss : 0.041851, vocab_cro_loss : 2.496268, 
epoch  12 summary: train_cos_loss : 0.040568, vocab_cro_loss : 2.364200, 
epoch  13 summary: train_cos_loss : 0.039310, vocab_cro_loss : 2.735495, 
epoch  14 summary: train_cos_loss : 0.040083, vocab_cro_loss : 2.545557, 
epoch  15 summary: train_cos_loss : 0.039015, vocab_cro_loss : 2.453144, 
epoch  16 summary: train_cos_loss : 0.038875, vocab_cro_loss : 2.360597, 
epoch  17 summary: train_cos_loss : 0.038190, vocab_cro_loss : 2.471044, 
epoch  18 summary: train_cos_loss : 0.038191, vocab_cro_loss : 2.269341, 
epoch  19 summary: train_cos_loss : 0.037346, vocab_cro_loss : 2.509174, 
epoch  20 summary: train_cos_loss : 0.037823, vocab_cro_loss : 2.286811, 
train loss: 2.4359, accuracy: 0.5171
epoch  21 summary: train_cos_loss : 0.037380, vocab_cro_loss : 2.431542, 
epoch  22 summary: train_cos_loss : 0.036484, vocab_cro_loss : 2.306217, 
epoch  23 summary: train_cos_loss : 0.036497, vocab_cro_loss : 2.385640, 
epoch  24 summary: train_cos_loss : 0.036414, vocab_cro_loss : 2.283802, 
epoch  25 summary: train_cos_loss : 0.035879, vocab_cro_loss : 2.516150, 
epoch  26 summary: train_cos_loss : 0.036404, vocab_cro_loss : 2.443227, 
epoch  27 summary: train_cos_loss : 0.036074, vocab_cro_loss : 2.268563, 
epoch  28 summary: train_cos_loss : 0.035457, vocab_cro_loss : 2.361629, 
epoch  29 summary: train_cos_loss : 0.035351, vocab_cro_loss : 2.313671, 
epoch  30 summary: train_cos_loss : 0.035302, vocab_cro_loss : 2.413041, 
train loss: 2.3230, accuracy: 0.4927
epoch  31 summary: train_cos_loss : 0.034818, vocab_cro_loss : 2.320939, 
epoch  32 summary: train_cos_loss : 0.034557, vocab_cro_loss : 2.250523, 
epoch  33 summary: train_cos_loss : 0.034504, vocab_cro_loss : 2.414676, 
epoch  34 summary: train_cos_loss : 0.034403, vocab_cro_loss : 2.396317, 
epoch  35 summary: train_cos_loss : 0.034904, vocab_cro_loss : 2.518685, 
epoch  36 summary: train_cos_loss : 0.034343, vocab_cro_loss : 2.336063, 
epoch  37 summary: train_cos_loss : 0.034318, vocab_cro_loss : 2.351571, 
epoch  38 summary: train_cos_loss : 0.034491, vocab_cro_loss : 2.316068, 
epoch  39 summary: train_cos_loss : 0.033482, vocab_cro_loss : 2.283168, 
epoch  40 summary: train_cos_loss : 0.033507, vocab_cro_loss : 2.297399, 
train loss: 2.2373, accuracy: 0.4819
epoch  41 summary: train_cos_loss : 0.033185, vocab_cro_loss : 2.235530, 
epoch  42 summary: train_cos_loss : 0.032882, vocab_cro_loss : 2.216883, 
epoch  43 summary: train_cos_loss : 0.032824, vocab_cro_loss : 2.179672, 
epoch  44 summary: train_cos_loss : 0.032675, vocab_cro_loss : 2.239076, 
epoch  45 summary: train_cos_loss : 0.032270, vocab_cro_loss : 2.152610, 
epoch  46 summary: train_cos_loss : 0.031817, vocab_cro_loss : 2.146657, 
epoch  47 summary: train_cos_loss : 0.031610, vocab_cro_loss : 2.092231, 
epoch  48 summary: train_cos_loss : 0.031498, vocab_cro_loss : 2.071524, 
epoch  49 summary: train_cos_loss : 0.031516, vocab_cro_loss : 2.088869, 
epoch  50 summary: train_cos_loss : 0.031313, vocab_cro_loss : 2.070156, 
train loss: 2.0805, accuracy: 0.4814
epoch  51 summary: train_cos_loss : 0.031003, vocab_cro_loss : 2.078650, 
epoch  52 summary: train_cos_loss : 0.030405, vocab_cro_loss : 2.043617, 
epoch  53 summary: train_cos_loss : 0.030413, vocab_cro_loss : 2.048525, 
epoch  54 summary: train_cos_loss : 0.030281, vocab_cro_loss : 2.034637, 
epoch  55 summary: train_cos_loss : 0.030613, vocab_cro_loss : 2.003890, 
epoch  56 summary: train_cos_loss : 0.030298, vocab_cro_loss : 2.044774, 
epoch  57 summary: train_cos_loss : 0.030011, vocab_cro_loss : 1.973230, 
epoch  58 summary: train_cos_loss : 0.030005, vocab_cro_loss : 1.986820, 
epoch  59 summary: train_cos_loss : 0.029678, vocab_cro_loss : 2.024126, 
epoch  60 summary: train_cos_loss : 0.029764, vocab_cro_loss : 2.020220, 
train loss: 2.1614, accuracy: 0.4985
epoch  61 summary: train_cos_loss : 0.029943, vocab_cro_loss : 2.159942, 
epoch  62 summary: train_cos_loss : 0.029947, vocab_cro_loss : 2.129885, 
epoch  63 summary: train_cos_loss : 0.029658, vocab_cro_loss : 2.109190, 
epoch  64 summary: train_cos_loss : 0.029667, vocab_cro_loss : 2.096492, 
epoch  65 summary: train_cos_loss : 0.029220, vocab_cro_loss : 2.076748, 
epoch  66 summary: train_cos_loss : 0.029272, vocab_cro_loss : 1.992251, 
epoch  67 summary: train_cos_loss : 0.028692, vocab_cro_loss : 1.987848, 
epoch  68 summary: train_cos_loss : 0.029091, vocab_cro_loss : 1.999270, 
epoch  69 summary: train_cos_loss : 0.028535, vocab_cro_loss : 2.068506, 
epoch  70 summary: train_cos_loss : 0.029028, vocab_cro_loss : 2.103725, 
train loss: 2.0472, accuracy: 0.5146
epoch  71 summary: train_cos_loss : 0.028974, vocab_cro_loss : 2.045412, 
epoch  72 summary: train_cos_loss : 0.029083, vocab_cro_loss : 2.104197, 
epoch  73 summary: train_cos_loss : 0.028724, vocab_cro_loss : 2.060359, 
epoch  74 summary: train_cos_loss : 0.029017, vocab_cro_loss : 2.044905, 
epoch  75 summary: train_cos_loss : 0.028376, vocab_cro_loss : 2.024515, 
epoch  76 summary: train_cos_loss : 0.028631, vocab_cro_loss : 2.129320, 
epoch  77 summary: train_cos_loss : 0.028793, vocab_cro_loss : 2.187604, 
epoch  78 summary: train_cos_loss : 0.029061, vocab_cro_loss : 2.359853, 
epoch  79 summary: train_cos_loss : 0.029753, vocab_cro_loss : 2.273630, 
epoch  80 summary: train_cos_loss : 0.029401, vocab_cro_loss : 2.213543, 
train loss: 2.1211, accuracy: 0.5137
epoch  81 summary: train_cos_loss : 0.029371, vocab_cro_loss : 2.119657, 
epoch  82 summary: train_cos_loss : 0.028920, vocab_cro_loss : 1.979248, 
epoch  83 summary: train_cos_loss : 0.028761, vocab_cro_loss : 2.012268, 
epoch  84 summary: train_cos_loss : 0.028531, vocab_cro_loss : 2.039162, 
epoch  85 summary: train_cos_loss : 0.028820, vocab_cro_loss : 1.986331, 
epoch  86 summary: train_cos_loss : 0.028423, vocab_cro_loss : 2.040356, 
epoch  87 summary: train_cos_loss : 0.028935, vocab_cro_loss : 2.010066, 
epoch  88 summary: train_cos_loss : 0.028408, vocab_cro_loss : 2.002852, 
epoch  89 summary: train_cos_loss : 0.028494, vocab_cro_loss : 1.977883, 
epoch  90 summary: train_cos_loss : 0.028531, vocab_cro_loss : 1.960893, 
train loss: 2.0532, accuracy: 0.5127
epoch  91 summary: train_cos_loss : 0.028556, vocab_cro_loss : 2.051115, 
epoch  92 summary: train_cos_loss : 0.028464, vocab_cro_loss : 2.158336, 
epoch  93 summary: train_cos_loss : 0.028884, vocab_cro_loss : 2.125631, 
epoch  94 summary: train_cos_loss : 0.029441, vocab_cro_loss : 2.356195, 
epoch  95 summary: train_cos_loss : 0.029183, vocab_cro_loss : 2.123120, 
epoch  96 summary: train_cos_loss : 0.029426, vocab_cro_loss : 2.320686, 
epoch  97 summary: train_cos_loss : 0.028952, vocab_cro_loss : 2.168711, 
epoch  98 summary: train_cos_loss : 0.029038, vocab_cro_loss : 2.148545, 
epoch  99 summary: train_cos_loss : 0.028677, vocab_cro_loss : 2.136405, 
train loss: 2.2562, accuracy: 0.5020
all                          95991.522ms
all_epoch                    90511.482ms
all_preparation               5480.004ms
all_preparation_2             5478.619ms
all_preparation_3                1.358ms
epoch                          618.869ms
epoch_pos_train                  4.585ms
epoch_preparation               15.566ms
epoch_train                    592.311ms
epoch_valid                      5.100ms
----------------------------------------
all                          95991.522ms
  all_epoch             94.29%
  all_preparation        5.71%
all_preparation               5480.004ms
  all_preparation_2     99.97%
  all_preparation_3      0.02%
epoch                        61886.892ms
  epoch_train           95.71%
  epoch_preparation      2.52%
  epoch_valid            0.82%
  epoch_pos_train        0.74%
epoch   0 summary: valid_cos_loss : 0.218785, 
valid loss: 3.2385, accuracy: 0.2314
epoch   1 summary: valid_cos_loss : 0.104975, 
epoch   2 summary: valid_cos_loss : 0.063184, 
epoch   3 summary: valid_cos_loss : 0.046595, 
epoch   4 summary: valid_cos_loss : 0.040200, 
epoch   5 summary: valid_cos_loss : 0.037290, 
epoch   6 summary: valid_cos_loss : 0.036506, 
epoch   7 summary: valid_cos_loss : 0.036346, 
epoch   8 summary: valid_cos_loss : 0.037290, 
epoch   9 summary: valid_cos_loss : 0.037422, 
epoch  10 summary: valid_cos_loss : 0.038078, 
valid loss: 2.7595, accuracy: 0.4045
epoch  11 summary: valid_cos_loss : 0.037938, 
epoch  12 summary: valid_cos_loss : 0.038414, 
epoch  13 summary: valid_cos_loss : 0.038883, 
epoch  14 summary: valid_cos_loss : 0.039042, 
epoch  15 summary: valid_cos_loss : 0.038616, 
epoch  16 summary: valid_cos_loss : 0.038740, 
epoch  17 summary: valid_cos_loss : 0.039331, 
epoch  18 summary: valid_cos_loss : 0.039163, 
epoch  19 summary: valid_cos_loss : 0.038449, 
epoch  20 summary: valid_cos_loss : 0.039913, 
valid loss: 2.7822, accuracy: 0.3993
epoch  21 summary: valid_cos_loss : 0.039413, 
epoch  22 summary: valid_cos_loss : 0.040344, 
epoch  23 summary: valid_cos_loss : 0.040335, 
epoch  24 summary: valid_cos_loss : 0.039177, 
epoch  25 summary: valid_cos_loss : 0.039954, 
epoch  26 summary: valid_cos_loss : 0.039446, 
epoch  27 summary: valid_cos_loss : 0.039958, 
epoch  28 summary: valid_cos_loss : 0.039335, 
epoch  29 summary: valid_cos_loss : 0.039361, 
epoch  30 summary: valid_cos_loss : 0.039755, 
valid loss: 2.7824, accuracy: 0.4048
epoch  31 summary: valid_cos_loss : 0.039461, 
epoch  32 summary: valid_cos_loss : 0.039499, 
epoch  33 summary: valid_cos_loss : 0.039313, 
epoch  34 summary: valid_cos_loss : 0.039123, 
epoch  35 summary: valid_cos_loss : 0.039281, 
epoch  36 summary: valid_cos_loss : 0.039616, 
epoch  37 summary: valid_cos_loss : 0.039519, 
epoch  38 summary: valid_cos_loss : 0.039952, 
epoch  39 summary: valid_cos_loss : 0.039651, 
epoch  40 summary: valid_cos_loss : 0.040352, 
valid loss: 2.7769, accuracy: 0.4053
epoch  41 summary: valid_cos_loss : 0.040432, 
epoch  42 summary: valid_cos_loss : 0.040123, 
epoch  43 summary: valid_cos_loss : 0.039755, 
epoch  44 summary: valid_cos_loss : 0.040337, 
epoch  45 summary: valid_cos_loss : 0.040366, 
epoch  46 summary: valid_cos_loss : 0.040540, 
epoch  47 summary: valid_cos_loss : 0.040749, 
epoch  48 summary: valid_cos_loss : 0.039973, 
epoch  49 summary: valid_cos_loss : 0.039680, 
epoch  50 summary: valid_cos_loss : 0.040227, 
valid loss: 2.7647, accuracy: 0.4075
epoch  51 summary: valid_cos_loss : 0.039485, 
epoch  52 summary: valid_cos_loss : 0.040598, 
epoch  53 summary: valid_cos_loss : 0.039421, 
epoch  54 summary: valid_cos_loss : 0.040015, 
epoch  55 summary: valid_cos_loss : 0.039891, 
epoch  56 summary: valid_cos_loss : 0.039603, 
epoch  57 summary: valid_cos_loss : 0.039820, 
epoch  58 summary: valid_cos_loss : 0.040429, 
epoch  59 summary: valid_cos_loss : 0.040642, 
epoch  60 summary: valid_cos_loss : 0.040029, 
valid loss: 2.7812, accuracy: 0.3999
epoch  61 summary: valid_cos_loss : 0.039345, 
epoch  62 summary: valid_cos_loss : 0.039203, 
epoch  63 summary: valid_cos_loss : 0.039877, 
epoch  64 summary: valid_cos_loss : 0.039525, 
epoch  65 summary: valid_cos_loss : 0.039669, 
epoch  66 summary: valid_cos_loss : 0.040308, 
epoch  67 summary: valid_cos_loss : 0.040827, 
epoch  68 summary: valid_cos_loss : 0.040071, 
epoch  69 summary: valid_cos_loss : 0.039605, 
epoch  70 summary: valid_cos_loss : 0.040701, 
valid loss: 2.7792, accuracy: 0.4075
epoch  71 summary: valid_cos_loss : 0.040358, 
epoch  72 summary: valid_cos_loss : 0.040900, 
epoch  73 summary: valid_cos_loss : 0.039794, 
epoch  74 summary: valid_cos_loss : 0.040914, 
epoch  75 summary: valid_cos_loss : 0.040257, 
epoch  76 summary: valid_cos_loss : 0.040237, 
epoch  77 summary: valid_cos_loss : 0.040368, 
epoch  78 summary: valid_cos_loss : 0.040442, 
epoch  79 summary: valid_cos_loss : 0.040969, 
epoch  80 summary: valid_cos_loss : 0.041457, 
valid loss: 2.7779, accuracy: 0.4062
epoch  81 summary: valid_cos_loss : 0.040559, 
epoch  82 summary: valid_cos_loss : 0.040963, 
epoch  83 summary: valid_cos_loss : 0.039914, 
epoch  84 summary: valid_cos_loss : 0.040164, 
epoch  85 summary: valid_cos_loss : 0.039543, 
epoch  86 summary: valid_cos_loss : 0.040564, 
epoch  87 summary: valid_cos_loss : 0.040094, 
epoch  88 summary: valid_cos_loss : 0.040008, 
epoch  89 summary: valid_cos_loss : 0.040315, 
epoch  90 summary: valid_cos_loss : 0.040548, 
valid loss: 2.7827, accuracy: 0.4108
epoch  91 summary: valid_cos_loss : 0.040103, 
epoch  92 summary: valid_cos_loss : 0.041114, 
epoch  93 summary: valid_cos_loss : 0.040376, 
epoch  94 summary: valid_cos_loss : 0.040768, 
epoch  95 summary: valid_cos_loss : 0.040217, 
epoch  96 summary: valid_cos_loss : 0.040151, 
epoch  97 summary: valid_cos_loss : 0.040117, 
epoch  98 summary: valid_cos_loss : 0.040106, 
epoch  99 summary: valid_cos_loss : 0.040079, 
valid loss: 2.7857, accuracy: 0.4077
all                         263139.865ms
all_epoch                   263117.578ms
all_preparation                 22.253ms
all_preparation_2               20.523ms
all_preparation_3                1.709ms
epoch                         2424.370ms
epoch_pos_train                  9.503ms
epoch_preparation                1.225ms
epoch_train                   2379.121ms
epoch_valid                     32.474ms
----------------------------------------
all                         263139.865ms
  all_epoch             99.99%
  all_preparation        0.01%
all_preparation                 22.253ms
  all_preparation_2     92.22%
  all_preparation_3      7.68%
epoch                       242437.023ms
  epoch_train           98.13%
  epoch_valid            1.34%
  epoch_pos_train        0.39%
  epoch_preparation      0.05%
