Before CTE Training: train eu loss: 1.063186526298523, eval eu loss: 1.4517745971679688
Before CTE Training: train eu acc: 0.6669921875, eval eu acc: 0.5794677734375
epoch   0 summary: train_cos_loss : 0.123170, vocab_cro_loss : 4.671698, 
train loss: 4.1689, accuracy: 0.0732
epoch   1 summary: train_cos_loss : 0.105880, vocab_cro_loss : 4.166046, 
epoch   2 summary: train_cos_loss : 0.075365, vocab_cro_loss : 3.135459, 
epoch   3 summary: train_cos_loss : 0.053246, vocab_cro_loss : 2.575304, 
epoch   4 summary: train_cos_loss : 0.040978, vocab_cro_loss : 2.369057, 
epoch   5 summary: train_cos_loss : 0.034295, vocab_cro_loss : 2.250352, 
epoch   6 summary: train_cos_loss : 0.030193, vocab_cro_loss : 2.363969, 
epoch   7 summary: train_cos_loss : 0.027458, vocab_cro_loss : 2.245624, 
epoch   8 summary: train_cos_loss : 0.025560, vocab_cro_loss : 2.531885, 
epoch   9 summary: train_cos_loss : 0.024770, vocab_cro_loss : 2.536992, 
epoch  10 summary: train_cos_loss : 0.024409, vocab_cro_loss : 2.977505, 
train loss: 2.6349, accuracy: 0.4663
epoch  11 summary: train_cos_loss : 0.024092, vocab_cro_loss : 2.630023, 
epoch  12 summary: train_cos_loss : 0.023439, vocab_cro_loss : 2.749996, 
epoch  13 summary: train_cos_loss : 0.022630, vocab_cro_loss : 2.478949, 
epoch  14 summary: train_cos_loss : 0.021710, vocab_cro_loss : 2.436328, 
epoch  15 summary: train_cos_loss : 0.021636, vocab_cro_loss : 2.666961, 
epoch  16 summary: train_cos_loss : 0.020853, vocab_cro_loss : 2.385063, 
epoch  17 summary: train_cos_loss : 0.020886, vocab_cro_loss : 2.527619, 
epoch  18 summary: train_cos_loss : 0.020643, vocab_cro_loss : 2.486262, 
epoch  19 summary: train_cos_loss : 0.020601, vocab_cro_loss : 2.520865, 
epoch  20 summary: train_cos_loss : 0.020587, vocab_cro_loss : 2.353111, 
train loss: 2.2228, accuracy: 0.4741
epoch  21 summary: train_cos_loss : 0.020216, vocab_cro_loss : 2.220431, 
epoch  22 summary: train_cos_loss : 0.020153, vocab_cro_loss : 2.350582, 
epoch  23 summary: train_cos_loss : 0.020054, vocab_cro_loss : 2.505415, 
epoch  24 summary: train_cos_loss : 0.019764, vocab_cro_loss : 2.473172, 
epoch  25 summary: train_cos_loss : 0.019798, vocab_cro_loss : 2.531155, 
epoch  26 summary: train_cos_loss : 0.019659, vocab_cro_loss : 2.540030, 
epoch  27 summary: train_cos_loss : 0.019288, vocab_cro_loss : 2.221574, 
epoch  28 summary: train_cos_loss : 0.019383, vocab_cro_loss : 2.370699, 
epoch  29 summary: train_cos_loss : 0.019398, vocab_cro_loss : 2.326977, 
epoch  30 summary: train_cos_loss : 0.019301, vocab_cro_loss : 2.288018, 
train loss: 2.4113, accuracy: 0.4468
epoch  31 summary: train_cos_loss : 0.019125, vocab_cro_loss : 2.407289, 
epoch  32 summary: train_cos_loss : 0.019069, vocab_cro_loss : 2.263495, 
epoch  33 summary: train_cos_loss : 0.018473, vocab_cro_loss : 2.246463, 
epoch  34 summary: train_cos_loss : 0.018367, vocab_cro_loss : 2.237502, 
epoch  35 summary: train_cos_loss : 0.018549, vocab_cro_loss : 2.230970, 
epoch  36 summary: train_cos_loss : 0.018373, vocab_cro_loss : 2.178726, 
epoch  37 summary: train_cos_loss : 0.018537, vocab_cro_loss : 2.445226, 
epoch  38 summary: train_cos_loss : 0.018699, vocab_cro_loss : 2.430298, 
epoch  39 summary: train_cos_loss : 0.018594, vocab_cro_loss : 2.415049, 
epoch  40 summary: train_cos_loss : 0.018872, vocab_cro_loss : 2.372694, 
train loss: 2.4864, accuracy: 0.4663
epoch  41 summary: train_cos_loss : 0.018896, vocab_cro_loss : 2.482477, 
epoch  42 summary: train_cos_loss : 0.019113, vocab_cro_loss : 2.461568, 
epoch  43 summary: train_cos_loss : 0.018789, vocab_cro_loss : 2.389439, 
epoch  44 summary: train_cos_loss : 0.018564, vocab_cro_loss : 2.417541, 
epoch  45 summary: train_cos_loss : 0.019023, vocab_cro_loss : 2.319123, 
epoch  46 summary: train_cos_loss : 0.018750, vocab_cro_loss : 2.296943, 
epoch  47 summary: train_cos_loss : 0.018654, vocab_cro_loss : 2.194202, 
epoch  48 summary: train_cos_loss : 0.018686, vocab_cro_loss : 2.255343, 
epoch  49 summary: train_cos_loss : 0.019028, vocab_cro_loss : 2.233685, 
epoch  50 summary: train_cos_loss : 0.019304, vocab_cro_loss : 2.232628, 
train loss: 2.1940, accuracy: 0.4766
epoch  51 summary: train_cos_loss : 0.019184, vocab_cro_loss : 2.191296, 
epoch  52 summary: train_cos_loss : 0.018827, vocab_cro_loss : 2.192376, 
epoch  53 summary: train_cos_loss : 0.018894, vocab_cro_loss : 2.118993, 
epoch  54 summary: train_cos_loss : 0.018538, vocab_cro_loss : 2.194389, 
epoch  55 summary: train_cos_loss : 0.018751, vocab_cro_loss : 2.237958, 
epoch  56 summary: train_cos_loss : 0.018901, vocab_cro_loss : 2.164037, 
epoch  57 summary: train_cos_loss : 0.019063, vocab_cro_loss : 2.272139, 
epoch  58 summary: train_cos_loss : 0.019101, vocab_cro_loss : 2.475728, 
epoch  59 summary: train_cos_loss : 0.019296, vocab_cro_loss : 2.864221, 
epoch  60 summary: train_cos_loss : 0.019093, vocab_cro_loss : 2.554695, 
train loss: 2.4491, accuracy: 0.4390
epoch  61 summary: train_cos_loss : 0.018955, vocab_cro_loss : 2.443825, 
epoch  62 summary: train_cos_loss : 0.018757, vocab_cro_loss : 2.670386, 
epoch  63 summary: train_cos_loss : 0.018786, vocab_cro_loss : 2.466723, 
epoch  64 summary: train_cos_loss : 0.018741, vocab_cro_loss : 2.442063, 
epoch  65 summary: train_cos_loss : 0.018671, vocab_cro_loss : 2.281785, 
epoch  66 summary: train_cos_loss : 0.018719, vocab_cro_loss : 2.338497, 
epoch  67 summary: train_cos_loss : 0.018536, vocab_cro_loss : 2.328195, 
epoch  68 summary: train_cos_loss : 0.018444, vocab_cro_loss : 2.222501, 
epoch  69 summary: train_cos_loss : 0.018634, vocab_cro_loss : 2.138002, 
epoch  70 summary: train_cos_loss : 0.018699, vocab_cro_loss : 2.278633, 
train loss: 2.3612, accuracy: 0.4644
epoch  71 summary: train_cos_loss : 0.019033, vocab_cro_loss : 2.357947, 
epoch  72 summary: train_cos_loss : 0.018714, vocab_cro_loss : 2.302721, 
epoch  73 summary: train_cos_loss : 0.019109, vocab_cro_loss : 2.299756, 
epoch  74 summary: train_cos_loss : 0.018419, vocab_cro_loss : 2.251329, 
epoch  75 summary: train_cos_loss : 0.018659, vocab_cro_loss : 2.508672, 
epoch  76 summary: train_cos_loss : 0.018560, vocab_cro_loss : 2.252189, 
epoch  77 summary: train_cos_loss : 0.018794, vocab_cro_loss : 2.201782, 
epoch  78 summary: train_cos_loss : 0.018437, vocab_cro_loss : 2.280071, 
epoch  79 summary: train_cos_loss : 0.018455, vocab_cro_loss : 2.192175, 
epoch  80 summary: train_cos_loss : 0.018598, vocab_cro_loss : 2.369341, 
train loss: 2.3348, accuracy: 0.4727
epoch  81 summary: train_cos_loss : 0.018751, vocab_cro_loss : 2.331883, 
epoch  82 summary: train_cos_loss : 0.018586, vocab_cro_loss : 2.271884, 
epoch  83 summary: train_cos_loss : 0.018485, vocab_cro_loss : 2.278438, 
epoch  84 summary: train_cos_loss : 0.018533, vocab_cro_loss : 2.250815, 
epoch  85 summary: train_cos_loss : 0.018349, vocab_cro_loss : 2.103471, 
epoch  86 summary: train_cos_loss : 0.018489, vocab_cro_loss : 2.204776, 
epoch  87 summary: train_cos_loss : 0.018434, vocab_cro_loss : 2.169000, 
epoch  88 summary: train_cos_loss : 0.018740, vocab_cro_loss : 2.211928, 
epoch  89 summary: train_cos_loss : 0.018728, vocab_cro_loss : 2.260858, 
epoch  90 summary: train_cos_loss : 0.018486, vocab_cro_loss : 2.183168, 
train loss: 2.2481, accuracy: 0.4614
epoch  91 summary: train_cos_loss : 0.018678, vocab_cro_loss : 2.245247, 
epoch  92 summary: train_cos_loss : 0.018777, vocab_cro_loss : 2.218775, 
epoch  93 summary: train_cos_loss : 0.018931, vocab_cro_loss : 2.252409, 
epoch  94 summary: train_cos_loss : 0.019016, vocab_cro_loss : 2.185979, 
epoch  95 summary: train_cos_loss : 0.018802, vocab_cro_loss : 2.208514, 
epoch  96 summary: train_cos_loss : 0.018714, vocab_cro_loss : 2.153275, 
epoch  97 summary: train_cos_loss : 0.018868, vocab_cro_loss : 2.292898, 
epoch  98 summary: train_cos_loss : 0.018565, vocab_cro_loss : 2.484149, 
epoch  99 summary: train_cos_loss : 0.018648, vocab_cro_loss : 2.364433, 
train loss: 2.2063, accuracy: 0.4849
all                         203445.494ms
all_epoch                   197895.140ms
all_preparation               5550.324ms
all_preparation_2             5548.736ms
all_preparation_3                1.559ms
epoch                         1686.563ms
epoch_pos_train                  4.548ms
epoch_preparation               23.808ms
epoch_train                   1648.836ms
epoch_valid                      7.045ms
----------------------------------------
all                         203445.494ms
  all_epoch             97.27%
  all_preparation        2.73%
all_preparation               5550.324ms
  all_preparation_2     99.97%
  all_preparation_3      0.03%
epoch                       168656.308ms
  epoch_train           97.76%
  epoch_preparation      1.41%
  epoch_valid            0.42%
  epoch_pos_train        0.27%
epoch   0 summary: valid_cos_loss : 0.285811, 
valid loss: 3.1083, accuracy: 0.2792
epoch   1 summary: valid_cos_loss : 0.146121, 
epoch   2 summary: valid_cos_loss : 0.083505, 
epoch   3 summary: valid_cos_loss : 0.059479, 
epoch   4 summary: valid_cos_loss : 0.050429, 
epoch   5 summary: valid_cos_loss : 0.046904, 
epoch   6 summary: valid_cos_loss : 0.045518, 
epoch   7 summary: valid_cos_loss : 0.044228, 
epoch   8 summary: valid_cos_loss : 0.044549, 
epoch   9 summary: valid_cos_loss : 0.043708, 
epoch  10 summary: valid_cos_loss : 0.044326, 
valid loss: 2.5708, accuracy: 0.4266
epoch  11 summary: valid_cos_loss : 0.044331, 
epoch  12 summary: valid_cos_loss : 0.044896, 
epoch  13 summary: valid_cos_loss : 0.043928, 
epoch  14 summary: valid_cos_loss : 0.043533, 
epoch  15 summary: valid_cos_loss : 0.043547, 
epoch  16 summary: valid_cos_loss : 0.043133, 
epoch  17 summary: valid_cos_loss : 0.043191, 
epoch  18 summary: valid_cos_loss : 0.043263, 
epoch  19 summary: valid_cos_loss : 0.043123, 
epoch  20 summary: valid_cos_loss : 0.043591, 
valid loss: 2.5659, accuracy: 0.4269
epoch  21 summary: valid_cos_loss : 0.043139, 
epoch  22 summary: valid_cos_loss : 0.042746, 
epoch  23 summary: valid_cos_loss : 0.043013, 
epoch  24 summary: valid_cos_loss : 0.043296, 
epoch  25 summary: valid_cos_loss : 0.042760, 
epoch  26 summary: valid_cos_loss : 0.043725, 
epoch  27 summary: valid_cos_loss : 0.043149, 
epoch  28 summary: valid_cos_loss : 0.043424, 
epoch  29 summary: valid_cos_loss : 0.042764, 
epoch  30 summary: valid_cos_loss : 0.043608, 
valid loss: 2.5662, accuracy: 0.4293
epoch  31 summary: valid_cos_loss : 0.042022, 
epoch  32 summary: valid_cos_loss : 0.042708, 
epoch  33 summary: valid_cos_loss : 0.042349, 
epoch  34 summary: valid_cos_loss : 0.042489, 
epoch  35 summary: valid_cos_loss : 0.041824, 
epoch  36 summary: valid_cos_loss : 0.043246, 
epoch  37 summary: valid_cos_loss : 0.041981, 
epoch  38 summary: valid_cos_loss : 0.042465, 
epoch  39 summary: valid_cos_loss : 0.041989, 
epoch  40 summary: valid_cos_loss : 0.042720, 
valid loss: 2.5646, accuracy: 0.4308
epoch  41 summary: valid_cos_loss : 0.042182, 
epoch  42 summary: valid_cos_loss : 0.042808, 
epoch  43 summary: valid_cos_loss : 0.041801, 
epoch  44 summary: valid_cos_loss : 0.042182, 
epoch  45 summary: valid_cos_loss : 0.041329, 
epoch  46 summary: valid_cos_loss : 0.041640, 
epoch  47 summary: valid_cos_loss : 0.041767, 
epoch  48 summary: valid_cos_loss : 0.042561, 
epoch  49 summary: valid_cos_loss : 0.041868, 
epoch  50 summary: valid_cos_loss : 0.042112, 
valid loss: 2.5657, accuracy: 0.4307
epoch  51 summary: valid_cos_loss : 0.041913, 
epoch  52 summary: valid_cos_loss : 0.041424, 
epoch  53 summary: valid_cos_loss : 0.041044, 
epoch  54 summary: valid_cos_loss : 0.041604, 
epoch  55 summary: valid_cos_loss : 0.041404, 
epoch  56 summary: valid_cos_loss : 0.041829, 
epoch  57 summary: valid_cos_loss : 0.041596, 
epoch  58 summary: valid_cos_loss : 0.041561, 
epoch  59 summary: valid_cos_loss : 0.041040, 
epoch  60 summary: valid_cos_loss : 0.041364, 
valid loss: 2.5505, accuracy: 0.4330
epoch  61 summary: valid_cos_loss : 0.041274, 
epoch  62 summary: valid_cos_loss : 0.041203, 
epoch  63 summary: valid_cos_loss : 0.040674, 
epoch  64 summary: valid_cos_loss : 0.041430, 
epoch  65 summary: valid_cos_loss : 0.040824, 
epoch  66 summary: valid_cos_loss : 0.042028, 
epoch  67 summary: valid_cos_loss : 0.041440, 
epoch  68 summary: valid_cos_loss : 0.041416, 
epoch  69 summary: valid_cos_loss : 0.040672, 
epoch  70 summary: valid_cos_loss : 0.041170, 
valid loss: 2.5582, accuracy: 0.4325
epoch  71 summary: valid_cos_loss : 0.041268, 
epoch  72 summary: valid_cos_loss : 0.040697, 
epoch  73 summary: valid_cos_loss : 0.040268, 
epoch  74 summary: valid_cos_loss : 0.040779, 
epoch  75 summary: valid_cos_loss : 0.040690, 
epoch  76 summary: valid_cos_loss : 0.041477, 
epoch  77 summary: valid_cos_loss : 0.040256, 
epoch  78 summary: valid_cos_loss : 0.040978, 
epoch  79 summary: valid_cos_loss : 0.040877, 
epoch  80 summary: valid_cos_loss : 0.041138, 
valid loss: 2.5550, accuracy: 0.4327
epoch  81 summary: valid_cos_loss : 0.040922, 
epoch  82 summary: valid_cos_loss : 0.041022, 
epoch  83 summary: valid_cos_loss : 0.041191, 
epoch  84 summary: valid_cos_loss : 0.040997, 
epoch  85 summary: valid_cos_loss : 0.041249, 
epoch  86 summary: valid_cos_loss : 0.040984, 
epoch  87 summary: valid_cos_loss : 0.041347, 
epoch  88 summary: valid_cos_loss : 0.040669, 
epoch  89 summary: valid_cos_loss : 0.041363, 
epoch  90 summary: valid_cos_loss : 0.041289, 
valid loss: 2.5495, accuracy: 0.4342
epoch  91 summary: valid_cos_loss : 0.040489, 
epoch  92 summary: valid_cos_loss : 0.040016, 
epoch  93 summary: valid_cos_loss : 0.040389, 
epoch  94 summary: valid_cos_loss : 0.039868, 
epoch  95 summary: valid_cos_loss : 0.040936, 
epoch  96 summary: valid_cos_loss : 0.039994, 
epoch  97 summary: valid_cos_loss : 0.040268, 
epoch  98 summary: valid_cos_loss : 0.040193, 
epoch  99 summary: valid_cos_loss : 0.040903, 
valid loss: 2.5599, accuracy: 0.4330
all                         717499.373ms
all_epoch                   717473.843ms
all_preparation                 25.505ms
all_preparation_2               24.472ms
all_preparation_3                1.015ms
epoch                         6950.283ms
epoch_pos_train                  5.886ms
epoch_preparation                1.104ms
epoch_train                   6907.567ms
epoch_valid                     34.049ms
----------------------------------------
all                         717499.373ms
  all_epoch            100.00%
  all_preparation        0.00%
all_preparation                 25.505ms
  all_preparation_2     95.95%
  all_preparation_3      3.98%
epoch                       695028.343ms
  epoch_train           99.39%
  epoch_valid            0.49%
  epoch_pos_train        0.08%
  epoch_preparation      0.02%
