Before CTE Training: train eu loss: 1.063186526298523, eval eu loss: 1.4517745971679688
Before CTE Training: train eu acc: 0.6669921875, eval eu acc: 0.5794677734375
epoch   0 summary: train_cos_loss : 0.148965, vocab_cro_loss : 4.340528, 
train loss: 4.0622, accuracy: 0.0767
epoch   1 summary: train_cos_loss : 0.142375, vocab_cro_loss : 4.061800, 
epoch   2 summary: train_cos_loss : 0.129425, vocab_cro_loss : 3.645352, 
epoch   3 summary: train_cos_loss : 0.111735, vocab_cro_loss : 3.104478, 
epoch   4 summary: train_cos_loss : 0.093859, vocab_cro_loss : 2.645399, 
epoch   5 summary: train_cos_loss : 0.077701, vocab_cro_loss : 2.395480, 
epoch   6 summary: train_cos_loss : 0.063817, vocab_cro_loss : 2.105242, 
epoch   7 summary: train_cos_loss : 0.052632, vocab_cro_loss : 1.996562, 
epoch   8 summary: train_cos_loss : 0.044211, vocab_cro_loss : 1.903243, 
epoch   9 summary: train_cos_loss : 0.037620, vocab_cro_loss : 1.809819, 
epoch  10 summary: train_cos_loss : 0.032715, vocab_cro_loss : 1.742349, 
train loss: 1.7064, accuracy: 0.5352
epoch  11 summary: train_cos_loss : 0.028857, vocab_cro_loss : 1.706203, 
epoch  12 summary: train_cos_loss : 0.025815, vocab_cro_loss : 1.631110, 
epoch  13 summary: train_cos_loss : 0.023373, vocab_cro_loss : 1.620649, 
epoch  14 summary: train_cos_loss : 0.021566, vocab_cro_loss : 1.624308, 
epoch  15 summary: train_cos_loss : 0.020132, vocab_cro_loss : 1.596398, 
epoch  16 summary: train_cos_loss : 0.018884, vocab_cro_loss : 1.562401, 
epoch  17 summary: train_cos_loss : 0.017874, vocab_cro_loss : 1.557200, 
epoch  18 summary: train_cos_loss : 0.017088, vocab_cro_loss : 1.534830, 
epoch  19 summary: train_cos_loss : 0.016442, vocab_cro_loss : 1.546359, 
epoch  20 summary: train_cos_loss : 0.016113, vocab_cro_loss : 1.613784, 
train loss: 1.5448, accuracy: 0.5620
epoch  21 summary: train_cos_loss : 0.015607, vocab_cro_loss : 1.544687, 
epoch  22 summary: train_cos_loss : 0.015131, vocab_cro_loss : 1.533527, 
epoch  23 summary: train_cos_loss : 0.014806, vocab_cro_loss : 1.537855, 
epoch  24 summary: train_cos_loss : 0.014557, vocab_cro_loss : 1.502220, 
epoch  25 summary: train_cos_loss : 0.014281, vocab_cro_loss : 1.518794, 
epoch  26 summary: train_cos_loss : 0.014063, vocab_cro_loss : 1.537871, 
epoch  27 summary: train_cos_loss : 0.013790, vocab_cro_loss : 1.567608, 
epoch  28 summary: train_cos_loss : 0.013884, vocab_cro_loss : 1.587307, 
epoch  29 summary: train_cos_loss : 0.013737, vocab_cro_loss : 1.585101, 
epoch  30 summary: train_cos_loss : 0.013781, vocab_cro_loss : 1.814647, 
train loss: 1.7938, accuracy: 0.5483
epoch  31 summary: train_cos_loss : 0.014060, vocab_cro_loss : 1.793016, 
epoch  32 summary: train_cos_loss : 0.013917, vocab_cro_loss : 1.834794, 
epoch  33 summary: train_cos_loss : 0.013818, vocab_cro_loss : 1.698960, 
epoch  34 summary: train_cos_loss : 0.013738, vocab_cro_loss : 1.807902, 
epoch  35 summary: train_cos_loss : 0.013730, vocab_cro_loss : 1.756794, 
epoch  36 summary: train_cos_loss : 0.013682, vocab_cro_loss : 1.692675, 
epoch  37 summary: train_cos_loss : 0.013617, vocab_cro_loss : 1.731819, 
epoch  38 summary: train_cos_loss : 0.013724, vocab_cro_loss : 1.721812, 
epoch  39 summary: train_cos_loss : 0.013708, vocab_cro_loss : 1.688205, 
epoch  40 summary: train_cos_loss : 0.013775, vocab_cro_loss : 1.654949, 
train loss: 1.6192, accuracy: 0.5400
epoch  41 summary: train_cos_loss : 0.013706, vocab_cro_loss : 1.619002, 
epoch  42 summary: train_cos_loss : 0.013632, vocab_cro_loss : 1.615602, 
epoch  43 summary: train_cos_loss : 0.013585, vocab_cro_loss : 1.589818, 
epoch  44 summary: train_cos_loss : 0.013526, vocab_cro_loss : 1.557775, 
epoch  45 summary: train_cos_loss : 0.013410, vocab_cro_loss : 1.548672, 
epoch  46 summary: train_cos_loss : 0.013370, vocab_cro_loss : 1.545206, 
epoch  47 summary: train_cos_loss : 0.013246, vocab_cro_loss : 1.515063, 
epoch  48 summary: train_cos_loss : 0.013255, vocab_cro_loss : 1.583629, 
epoch  49 summary: train_cos_loss : 0.013257, vocab_cro_loss : 1.542549, 
epoch  50 summary: train_cos_loss : 0.013285, vocab_cro_loss : 1.519081, 
train loss: 1.5194, accuracy: 0.5747
epoch  51 summary: train_cos_loss : 0.013345, vocab_cro_loss : 1.519104, 
epoch  52 summary: train_cos_loss : 0.013317, vocab_cro_loss : 1.526305, 
epoch  53 summary: train_cos_loss : 0.013255, vocab_cro_loss : 1.540955, 
epoch  54 summary: train_cos_loss : 0.013129, vocab_cro_loss : 1.526838, 
epoch  55 summary: train_cos_loss : 0.013083, vocab_cro_loss : 1.532081, 
epoch  56 summary: train_cos_loss : 0.013093, vocab_cro_loss : 1.570366, 
epoch  57 summary: train_cos_loss : 0.012937, vocab_cro_loss : 1.529742, 
epoch  58 summary: train_cos_loss : 0.012951, vocab_cro_loss : 1.510279, 
epoch  59 summary: train_cos_loss : 0.012939, vocab_cro_loss : 1.692787, 
epoch  60 summary: train_cos_loss : 0.013227, vocab_cro_loss : 1.718788, 
train loss: 1.6603, accuracy: 0.5513
epoch  61 summary: train_cos_loss : 0.013534, vocab_cro_loss : 1.659817, 
epoch  62 summary: train_cos_loss : 0.013367, vocab_cro_loss : 1.600287, 
epoch  63 summary: train_cos_loss : 0.013345, vocab_cro_loss : 1.584972, 
epoch  64 summary: train_cos_loss : 0.013253, vocab_cro_loss : 1.553211, 
epoch  65 summary: train_cos_loss : 0.013273, vocab_cro_loss : 1.673723, 
epoch  66 summary: train_cos_loss : 0.013462, vocab_cro_loss : 1.638998, 
epoch  67 summary: train_cos_loss : 0.013471, vocab_cro_loss : 1.597275, 
epoch  68 summary: train_cos_loss : 0.013362, vocab_cro_loss : 1.542206, 
epoch  69 summary: train_cos_loss : 0.013450, vocab_cro_loss : 1.509431, 
epoch  70 summary: train_cos_loss : 0.013488, vocab_cro_loss : 1.511856, 
train loss: 1.5081, accuracy: 0.5596
epoch  71 summary: train_cos_loss : 0.013343, vocab_cro_loss : 1.507881, 
epoch  72 summary: train_cos_loss : 0.013279, vocab_cro_loss : 1.498235, 
epoch  73 summary: train_cos_loss : 0.013278, vocab_cro_loss : 1.498066, 
epoch  74 summary: train_cos_loss : 0.013171, vocab_cro_loss : 1.516346, 
epoch  75 summary: train_cos_loss : 0.013151, vocab_cro_loss : 1.489743, 
epoch  76 summary: train_cos_loss : 0.013088, vocab_cro_loss : 1.453380, 
epoch  77 summary: train_cos_loss : 0.013115, vocab_cro_loss : 1.444190, 
epoch  78 summary: train_cos_loss : 0.012976, vocab_cro_loss : 1.464114, 
epoch  79 summary: train_cos_loss : 0.013075, vocab_cro_loss : 1.447785, 
epoch  80 summary: train_cos_loss : 0.013034, vocab_cro_loss : 1.437263, 
train loss: 1.4411, accuracy: 0.5815
epoch  81 summary: train_cos_loss : 0.013130, vocab_cro_loss : 1.440959, 
epoch  82 summary: train_cos_loss : 0.012969, vocab_cro_loss : 1.423742, 
epoch  83 summary: train_cos_loss : 0.013068, vocab_cro_loss : 1.412858, 
epoch  84 summary: train_cos_loss : 0.013014, vocab_cro_loss : 1.432977, 
epoch  85 summary: train_cos_loss : 0.012919, vocab_cro_loss : 1.429855, 
epoch  86 summary: train_cos_loss : 0.012964, vocab_cro_loss : 1.468622, 
epoch  87 summary: train_cos_loss : 0.012952, vocab_cro_loss : 1.430099, 
epoch  88 summary: train_cos_loss : 0.012806, vocab_cro_loss : 1.409528, 
epoch  89 summary: train_cos_loss : 0.012766, vocab_cro_loss : 1.408380, 
epoch  90 summary: train_cos_loss : 0.012738, vocab_cro_loss : 1.388742, 
train loss: 1.4109, accuracy: 0.5815
epoch  91 summary: train_cos_loss : 0.012727, vocab_cro_loss : 1.410824, 
epoch  92 summary: train_cos_loss : 0.012683, vocab_cro_loss : 1.385810, 
epoch  93 summary: train_cos_loss : 0.012663, vocab_cro_loss : 1.382068, 
epoch  94 summary: train_cos_loss : 0.012616, vocab_cro_loss : 1.374620, 
epoch  95 summary: train_cos_loss : 0.012578, vocab_cro_loss : 1.381436, 
epoch  96 summary: train_cos_loss : 0.012592, vocab_cro_loss : 1.410746, 
epoch  97 summary: train_cos_loss : 0.012493, vocab_cro_loss : 1.377850, 
epoch  98 summary: train_cos_loss : 0.012613, vocab_cro_loss : 1.384433, 
epoch  99 summary: train_cos_loss : 0.012557, vocab_cro_loss : 1.374017, 
train loss: 1.3794, accuracy: 0.5967
all                         157969.133ms
all_epoch                   152866.900ms
all_preparation               5102.196ms
all_preparation_2             5100.557ms
all_preparation_3                1.596ms
epoch                         1230.557ms
epoch_pos_train                  5.837ms
epoch_preparation               37.391ms
epoch_train                   1178.580ms
epoch_valid                      6.759ms
----------------------------------------
all                         157969.133ms
  all_epoch             96.77%
  all_preparation        3.23%
all_preparation               5102.196ms
  all_preparation_2     99.97%
  all_preparation_3      0.03%
epoch                       123055.700ms
  epoch_train           95.78%
  epoch_preparation      3.04%
  epoch_valid            0.55%
  epoch_pos_train        0.47%
epoch   0 summary: valid_cos_loss : 0.285721, 
valid loss: 3.4650, accuracy: 0.1902
epoch   1 summary: valid_cos_loss : 0.191485, 
epoch   2 summary: valid_cos_loss : 0.132269, 
epoch   3 summary: valid_cos_loss : 0.093386, 
epoch   4 summary: valid_cos_loss : 0.067636, 
epoch   5 summary: valid_cos_loss : 0.050566, 
epoch   6 summary: valid_cos_loss : 0.039576, 
epoch   7 summary: valid_cos_loss : 0.032631, 
epoch   8 summary: valid_cos_loss : 0.028088, 
epoch   9 summary: valid_cos_loss : 0.024979, 
epoch  10 summary: valid_cos_loss : 0.023283, 
valid loss: 2.0996, accuracy: 0.4559
epoch  11 summary: valid_cos_loss : 0.021676, 
epoch  12 summary: valid_cos_loss : 0.020470, 
epoch  13 summary: valid_cos_loss : 0.019465, 
epoch  14 summary: valid_cos_loss : 0.018727, 
epoch  15 summary: valid_cos_loss : 0.018258, 
epoch  16 summary: valid_cos_loss : 0.017844, 
epoch  17 summary: valid_cos_loss : 0.017448, 
epoch  18 summary: valid_cos_loss : 0.017147, 
epoch  19 summary: valid_cos_loss : 0.016777, 
epoch  20 summary: valid_cos_loss : 0.016768, 
valid loss: 2.0698, accuracy: 0.4662
epoch  21 summary: valid_cos_loss : 0.016526, 
epoch  22 summary: valid_cos_loss : 0.016375, 
epoch  23 summary: valid_cos_loss : 0.016223, 
epoch  24 summary: valid_cos_loss : 0.015991, 
epoch  25 summary: valid_cos_loss : 0.015860, 
epoch  26 summary: valid_cos_loss : 0.015783, 
epoch  27 summary: valid_cos_loss : 0.015742, 
epoch  28 summary: valid_cos_loss : 0.015641, 
epoch  29 summary: valid_cos_loss : 0.015584, 
epoch  30 summary: valid_cos_loss : 0.015684, 
valid loss: 2.0598, accuracy: 0.4664
epoch  31 summary: valid_cos_loss : 0.015584, 
epoch  32 summary: valid_cos_loss : 0.015478, 
epoch  33 summary: valid_cos_loss : 0.015374, 
epoch  34 summary: valid_cos_loss : 0.015288, 
epoch  35 summary: valid_cos_loss : 0.015251, 
epoch  36 summary: valid_cos_loss : 0.015323, 
epoch  37 summary: valid_cos_loss : 0.015232, 
epoch  38 summary: valid_cos_loss : 0.015125, 
epoch  39 summary: valid_cos_loss : 0.015109, 
epoch  40 summary: valid_cos_loss : 0.015252, 
valid loss: 2.0572, accuracy: 0.4698
epoch  41 summary: valid_cos_loss : 0.015214, 
epoch  42 summary: valid_cos_loss : 0.015138, 
epoch  43 summary: valid_cos_loss : 0.015060, 
epoch  44 summary: valid_cos_loss : 0.015009, 
epoch  45 summary: valid_cos_loss : 0.014981, 
epoch  46 summary: valid_cos_loss : 0.014975, 
epoch  47 summary: valid_cos_loss : 0.014931, 
epoch  48 summary: valid_cos_loss : 0.014904, 
epoch  49 summary: valid_cos_loss : 0.014881, 
epoch  50 summary: valid_cos_loss : 0.015068, 
valid loss: 2.0554, accuracy: 0.4684
epoch  51 summary: valid_cos_loss : 0.015024, 
epoch  52 summary: valid_cos_loss : 0.014964, 
epoch  53 summary: valid_cos_loss : 0.014874, 
epoch  54 summary: valid_cos_loss : 0.014874, 
epoch  55 summary: valid_cos_loss : 0.014811, 
epoch  56 summary: valid_cos_loss : 0.014795, 
epoch  57 summary: valid_cos_loss : 0.014748, 
epoch  58 summary: valid_cos_loss : 0.014727, 
epoch  59 summary: valid_cos_loss : 0.014749, 
epoch  60 summary: valid_cos_loss : 0.014899, 
valid loss: 2.0530, accuracy: 0.4701
epoch  61 summary: valid_cos_loss : 0.014887, 
epoch  62 summary: valid_cos_loss : 0.014828, 
epoch  63 summary: valid_cos_loss : 0.014820, 
epoch  64 summary: valid_cos_loss : 0.014760, 
epoch  65 summary: valid_cos_loss : 0.014736, 
epoch  66 summary: valid_cos_loss : 0.014642, 
epoch  67 summary: valid_cos_loss : 0.014666, 
epoch  68 summary: valid_cos_loss : 0.014644, 
epoch  69 summary: valid_cos_loss : 0.014625, 
epoch  70 summary: valid_cos_loss : 0.014768, 
valid loss: 2.0466, accuracy: 0.4712
epoch  71 summary: valid_cos_loss : 0.014674, 
epoch  72 summary: valid_cos_loss : 0.014656, 
epoch  73 summary: valid_cos_loss : 0.014641, 
epoch  74 summary: valid_cos_loss : 0.014585, 
epoch  75 summary: valid_cos_loss : 0.014572, 
epoch  76 summary: valid_cos_loss : 0.014525, 
epoch  77 summary: valid_cos_loss : 0.014503, 
epoch  78 summary: valid_cos_loss : 0.014521, 
epoch  79 summary: valid_cos_loss : 0.014526, 
epoch  80 summary: valid_cos_loss : 0.014654, 
valid loss: 2.0482, accuracy: 0.4700
epoch  81 summary: valid_cos_loss : 0.014619, 
epoch  82 summary: valid_cos_loss : 0.014583, 
epoch  83 summary: valid_cos_loss : 0.014556, 
epoch  84 summary: valid_cos_loss : 0.014491, 
epoch  85 summary: valid_cos_loss : 0.014487, 
epoch  86 summary: valid_cos_loss : 0.014490, 
epoch  87 summary: valid_cos_loss : 0.014474, 
epoch  88 summary: valid_cos_loss : 0.014445, 
epoch  89 summary: valid_cos_loss : 0.014496, 
epoch  90 summary: valid_cos_loss : 0.014626, 
valid loss: 2.0448, accuracy: 0.4679
epoch  91 summary: valid_cos_loss : 0.014504, 
epoch  92 summary: valid_cos_loss : 0.014515, 
epoch  93 summary: valid_cos_loss : 0.014451, 
epoch  94 summary: valid_cos_loss : 0.014479, 
epoch  95 summary: valid_cos_loss : 0.014462, 
epoch  96 summary: valid_cos_loss : 0.014396, 
epoch  97 summary: valid_cos_loss : 0.014402, 
epoch  98 summary: valid_cos_loss : 0.014381, 
epoch  99 summary: valid_cos_loss : 0.014406, 
valid loss: 2.0463, accuracy: 0.4677
all                         503775.729ms
all_epoch                   503759.646ms
all_preparation                 16.048ms
all_preparation_2               14.665ms
all_preparation_3                1.368ms
epoch                         4797.034ms
epoch_pos_train                  8.520ms
epoch_preparation                0.915ms
epoch_train                   4749.132ms
epoch_valid                     36.958ms
----------------------------------------
all                         503775.729ms
  all_epoch            100.00%
  all_preparation        0.00%
all_preparation                 16.048ms
  all_preparation_2     91.38%
  all_preparation_3      8.52%
epoch                       479703.381ms
  epoch_train           99.00%
  epoch_valid            0.77%
  epoch_pos_train        0.18%
  epoch_preparation      0.02%
