Before CTE Training: train eu loss: 1.063186526298523, eval eu loss: 1.4517745971679688
Before CTE Training: train eu acc: 0.6669921875, eval eu acc: 0.5794677734375
epoch   0 summary: train_cos_loss : 0.174969, vocab_cro_loss : 5.286861, 
train loss: 4.5541, accuracy: 0.0581
epoch   1 summary: train_cos_loss : 0.149560, vocab_cro_loss : 4.550120, 
epoch   2 summary: train_cos_loss : 0.109259, vocab_cro_loss : 3.689408, 
epoch   3 summary: train_cos_loss : 0.081720, vocab_cro_loss : 3.213817, 
epoch   4 summary: train_cos_loss : 0.067851, vocab_cro_loss : 2.816991, 
epoch   5 summary: train_cos_loss : 0.059022, vocab_cro_loss : 2.679334, 
epoch   6 summary: train_cos_loss : 0.053847, vocab_cro_loss : 2.563446, 
epoch   7 summary: train_cos_loss : 0.050530, vocab_cro_loss : 2.501961, 
epoch   8 summary: train_cos_loss : 0.048319, vocab_cro_loss : 2.487734, 
epoch   9 summary: train_cos_loss : 0.047015, vocab_cro_loss : 2.461634, 
epoch  10 summary: train_cos_loss : 0.046113, vocab_cro_loss : 2.407658, 
train loss: 2.4597, accuracy: 0.3857
epoch  11 summary: train_cos_loss : 0.044884, vocab_cro_loss : 2.458550, 
epoch  12 summary: train_cos_loss : 0.044021, vocab_cro_loss : 2.445263, 
epoch  13 summary: train_cos_loss : 0.043503, vocab_cro_loss : 2.388200, 
epoch  14 summary: train_cos_loss : 0.043002, vocab_cro_loss : 2.405978, 
epoch  15 summary: train_cos_loss : 0.042391, vocab_cro_loss : 2.371829, 
epoch  16 summary: train_cos_loss : 0.042046, vocab_cro_loss : 2.340045, 
epoch  17 summary: train_cos_loss : 0.041780, vocab_cro_loss : 2.318668, 
epoch  18 summary: train_cos_loss : 0.041560, vocab_cro_loss : 2.308938, 
epoch  19 summary: train_cos_loss : 0.041160, vocab_cro_loss : 2.311885, 
epoch  20 summary: train_cos_loss : 0.040781, vocab_cro_loss : 2.300783, 
train loss: 2.2932, accuracy: 0.4136
epoch  21 summary: train_cos_loss : 0.040392, vocab_cro_loss : 2.293119, 
epoch  22 summary: train_cos_loss : 0.040108, vocab_cro_loss : 2.285733, 
epoch  23 summary: train_cos_loss : 0.039830, vocab_cro_loss : 2.285268, 
epoch  24 summary: train_cos_loss : 0.039804, vocab_cro_loss : 2.287434, 
epoch  25 summary: train_cos_loss : 0.039695, vocab_cro_loss : 2.284470, 
epoch  26 summary: train_cos_loss : 0.039638, vocab_cro_loss : 2.277792, 
epoch  27 summary: train_cos_loss : 0.039584, vocab_cro_loss : 2.278448, 
epoch  28 summary: train_cos_loss : 0.039601, vocab_cro_loss : 2.274555, 
epoch  29 summary: train_cos_loss : 0.039547, vocab_cro_loss : 2.279797, 
epoch  30 summary: train_cos_loss : 0.039695, vocab_cro_loss : 2.277204, 
train loss: 2.2739, accuracy: 0.4336
epoch  31 summary: train_cos_loss : 0.039543, vocab_cro_loss : 2.273898, 
epoch  32 summary: train_cos_loss : 0.039414, vocab_cro_loss : 2.271980, 
epoch  33 summary: train_cos_loss : 0.039350, vocab_cro_loss : 2.271594, 
epoch  34 summary: train_cos_loss : 0.039375, vocab_cro_loss : 2.271698, 
epoch  35 summary: train_cos_loss : 0.039306, vocab_cro_loss : 2.274545, 
epoch  36 summary: train_cos_loss : 0.039250, vocab_cro_loss : 2.271373, 
epoch  37 summary: train_cos_loss : 0.039182, vocab_cro_loss : 2.273453, 
epoch  38 summary: train_cos_loss : 0.039281, vocab_cro_loss : 2.269956, 
epoch  39 summary: train_cos_loss : 0.039244, vocab_cro_loss : 2.264618, 
epoch  40 summary: train_cos_loss : 0.039141, vocab_cro_loss : 2.266021, 
train loss: 2.2692, accuracy: 0.4282
epoch  41 summary: train_cos_loss : 0.039211, vocab_cro_loss : 2.269166, 
epoch  42 summary: train_cos_loss : 0.039171, vocab_cro_loss : 2.267653, 
epoch  43 summary: train_cos_loss : 0.039078, vocab_cro_loss : 2.271248, 
epoch  44 summary: train_cos_loss : 0.039051, vocab_cro_loss : 2.270807, 
epoch  45 summary: train_cos_loss : 0.038962, vocab_cro_loss : 2.271761, 
epoch  46 summary: train_cos_loss : 0.038930, vocab_cro_loss : 2.266834, 
epoch  47 summary: train_cos_loss : 0.038924, vocab_cro_loss : 2.275069, 
epoch  48 summary: train_cos_loss : 0.038885, vocab_cro_loss : 2.277596, 
epoch  49 summary: train_cos_loss : 0.038851, vocab_cro_loss : 2.273458, 
epoch  50 summary: train_cos_loss : 0.038903, vocab_cro_loss : 2.276720, 
train loss: 2.2878, accuracy: 0.4287
epoch  51 summary: train_cos_loss : 0.038775, vocab_cro_loss : 2.287741, 
epoch  52 summary: train_cos_loss : 0.038639, vocab_cro_loss : 2.283598, 
epoch  53 summary: train_cos_loss : 0.038738, vocab_cro_loss : 2.275253, 
epoch  54 summary: train_cos_loss : 0.038670, vocab_cro_loss : 2.278922, 
epoch  55 summary: train_cos_loss : 0.038555, vocab_cro_loss : 2.279369, 
epoch  56 summary: train_cos_loss : 0.038472, vocab_cro_loss : 2.268994, 
epoch  57 summary: train_cos_loss : 0.038279, vocab_cro_loss : 2.263218, 
epoch  58 summary: train_cos_loss : 0.038087, vocab_cro_loss : 2.238044, 
epoch  59 summary: train_cos_loss : 0.037947, vocab_cro_loss : 2.235327, 
epoch  60 summary: train_cos_loss : 0.037996, vocab_cro_loss : 2.230487, 
train loss: 2.2195, accuracy: 0.4409
epoch  61 summary: train_cos_loss : 0.037873, vocab_cro_loss : 2.219453, 
epoch  62 summary: train_cos_loss : 0.037830, vocab_cro_loss : 2.207686, 
epoch  63 summary: train_cos_loss : 0.037714, vocab_cro_loss : 2.194207, 
epoch  64 summary: train_cos_loss : 0.037519, vocab_cro_loss : 2.180762, 
epoch  65 summary: train_cos_loss : 0.037425, vocab_cro_loss : 2.180456, 
epoch  66 summary: train_cos_loss : 0.037241, vocab_cro_loss : 2.173695, 
epoch  67 summary: train_cos_loss : 0.037256, vocab_cro_loss : 2.172003, 
epoch  68 summary: train_cos_loss : 0.037202, vocab_cro_loss : 2.170418, 
epoch  69 summary: train_cos_loss : 0.037164, vocab_cro_loss : 2.171655, 
epoch  70 summary: train_cos_loss : 0.037102, vocab_cro_loss : 2.171688, 
train loss: 2.1725, accuracy: 0.4556
epoch  71 summary: train_cos_loss : 0.036983, vocab_cro_loss : 2.172503, 
epoch  72 summary: train_cos_loss : 0.037029, vocab_cro_loss : 2.172045, 
epoch  73 summary: train_cos_loss : 0.036992, vocab_cro_loss : 2.170404, 
epoch  74 summary: train_cos_loss : 0.036954, vocab_cro_loss : 2.172896, 
epoch  75 summary: train_cos_loss : 0.036934, vocab_cro_loss : 2.173959, 
epoch  76 summary: train_cos_loss : 0.036891, vocab_cro_loss : 2.172351, 
epoch  77 summary: train_cos_loss : 0.036898, vocab_cro_loss : 2.172444, 
epoch  78 summary: train_cos_loss : 0.036904, vocab_cro_loss : 2.172685, 
epoch  79 summary: train_cos_loss : 0.036921, vocab_cro_loss : 2.175660, 
epoch  80 summary: train_cos_loss : 0.037040, vocab_cro_loss : 2.176110, 
train loss: 2.1764, accuracy: 0.4561
epoch  81 summary: train_cos_loss : 0.036923, vocab_cro_loss : 2.176386, 
epoch  82 summary: train_cos_loss : 0.036935, vocab_cro_loss : 2.174076, 
epoch  83 summary: train_cos_loss : 0.036923, vocab_cro_loss : 2.170349, 
epoch  84 summary: train_cos_loss : 0.036901, vocab_cro_loss : 2.171670, 
epoch  85 summary: train_cos_loss : 0.036874, vocab_cro_loss : 2.171895, 
epoch  86 summary: train_cos_loss : 0.036891, vocab_cro_loss : 2.171417, 
epoch  87 summary: train_cos_loss : 0.036863, vocab_cro_loss : 2.172230, 
epoch  88 summary: train_cos_loss : 0.036831, vocab_cro_loss : 2.171833, 
epoch  89 summary: train_cos_loss : 0.036863, vocab_cro_loss : 2.172069, 
epoch  90 summary: train_cos_loss : 0.036913, vocab_cro_loss : 2.172386, 
train loss: 2.1710, accuracy: 0.4570
epoch  91 summary: train_cos_loss : 0.036830, vocab_cro_loss : 2.171019, 
epoch  92 summary: train_cos_loss : 0.036799, vocab_cro_loss : 2.173661, 
epoch  93 summary: train_cos_loss : 0.036768, vocab_cro_loss : 2.174204, 
epoch  94 summary: train_cos_loss : 0.037009, vocab_cro_loss : 2.173830, 
epoch  95 summary: train_cos_loss : 0.036957, vocab_cro_loss : 2.173913, 
epoch  96 summary: train_cos_loss : 0.036945, vocab_cro_loss : 2.172460, 
epoch  97 summary: train_cos_loss : 0.036955, vocab_cro_loss : 2.171488, 
epoch  98 summary: train_cos_loss : 0.036974, vocab_cro_loss : 2.171202, 
epoch  99 summary: train_cos_loss : 0.037100, vocab_cro_loss : 2.172478, 
train loss: 2.1709, accuracy: 0.4541
all                         115877.198ms
all_epoch                   110623.886ms
all_preparation               5253.273ms
all_preparation_2             5251.652ms
all_preparation_3                1.587ms
epoch                          800.210ms
epoch_pos_train                  4.621ms
epoch_preparation               14.507ms
epoch_train                    773.231ms
epoch_valid                      6.171ms
----------------------------------------
all                         115877.198ms
  all_epoch             95.47%
  all_preparation        4.53%
all_preparation               5253.273ms
  all_preparation_2     99.97%
  all_preparation_3      0.03%
epoch                        80021.047ms
  epoch_train           96.63%
  epoch_preparation      1.81%
  epoch_valid            0.77%
  epoch_pos_train        0.58%
epoch   0 summary: valid_cos_loss : 0.234902, 
valid loss: 3.2892, accuracy: 0.2588
epoch   1 summary: valid_cos_loss : 0.126437, 
epoch   2 summary: valid_cos_loss : 0.079750, 
epoch   3 summary: valid_cos_loss : 0.059281, 
epoch   4 summary: valid_cos_loss : 0.050106, 
epoch   5 summary: valid_cos_loss : 0.046124, 
epoch   6 summary: valid_cos_loss : 0.044160, 
epoch   7 summary: valid_cos_loss : 0.042949, 
epoch   8 summary: valid_cos_loss : 0.042263, 
epoch   9 summary: valid_cos_loss : 0.041886, 
epoch  10 summary: valid_cos_loss : 0.042441, 
valid loss: 2.6168, accuracy: 0.3816
epoch  11 summary: valid_cos_loss : 0.041877, 
epoch  12 summary: valid_cos_loss : 0.041426, 
epoch  13 summary: valid_cos_loss : 0.041298, 
epoch  14 summary: valid_cos_loss : 0.041092, 
epoch  15 summary: valid_cos_loss : 0.041078, 
epoch  16 summary: valid_cos_loss : 0.040963, 
epoch  17 summary: valid_cos_loss : 0.040908, 
epoch  18 summary: valid_cos_loss : 0.040885, 
epoch  19 summary: valid_cos_loss : 0.040728, 
epoch  20 summary: valid_cos_loss : 0.041368, 
valid loss: 2.6180, accuracy: 0.3844
epoch  21 summary: valid_cos_loss : 0.040969, 
epoch  22 summary: valid_cos_loss : 0.040747, 
epoch  23 summary: valid_cos_loss : 0.040655, 
epoch  24 summary: valid_cos_loss : 0.040580, 
epoch  25 summary: valid_cos_loss : 0.040578, 
epoch  26 summary: valid_cos_loss : 0.040494, 
epoch  27 summary: valid_cos_loss : 0.040405, 
epoch  28 summary: valid_cos_loss : 0.040387, 
epoch  29 summary: valid_cos_loss : 0.040377, 
epoch  30 summary: valid_cos_loss : 0.040999, 
valid loss: 2.6214, accuracy: 0.3850
epoch  31 summary: valid_cos_loss : 0.040640, 
epoch  32 summary: valid_cos_loss : 0.040494, 
epoch  33 summary: valid_cos_loss : 0.040429, 
epoch  34 summary: valid_cos_loss : 0.040337, 
epoch  35 summary: valid_cos_loss : 0.040311, 
epoch  36 summary: valid_cos_loss : 0.040248, 
epoch  37 summary: valid_cos_loss : 0.040290, 
epoch  38 summary: valid_cos_loss : 0.040193, 
epoch  39 summary: valid_cos_loss : 0.040177, 
epoch  40 summary: valid_cos_loss : 0.040843, 
valid loss: 2.6384, accuracy: 0.3829
epoch  41 summary: valid_cos_loss : 0.040514, 
epoch  42 summary: valid_cos_loss : 0.040421, 
epoch  43 summary: valid_cos_loss : 0.040306, 
epoch  44 summary: valid_cos_loss : 0.040212, 
epoch  45 summary: valid_cos_loss : 0.040211, 
epoch  46 summary: valid_cos_loss : 0.040172, 
epoch  47 summary: valid_cos_loss : 0.040139, 
epoch  48 summary: valid_cos_loss : 0.040140, 
epoch  49 summary: valid_cos_loss : 0.040115, 
epoch  50 summary: valid_cos_loss : 0.040665, 
valid loss: 2.6368, accuracy: 0.3843
epoch  51 summary: valid_cos_loss : 0.040348, 
epoch  52 summary: valid_cos_loss : 0.040206, 
epoch  53 summary: valid_cos_loss : 0.040110, 
epoch  54 summary: valid_cos_loss : 0.040098, 
epoch  55 summary: valid_cos_loss : 0.040078, 
epoch  56 summary: valid_cos_loss : 0.040093, 
epoch  57 summary: valid_cos_loss : 0.040046, 
epoch  58 summary: valid_cos_loss : 0.040016, 
epoch  59 summary: valid_cos_loss : 0.039936, 
epoch  60 summary: valid_cos_loss : 0.040567, 
valid loss: 2.6421, accuracy: 0.3842
epoch  61 summary: valid_cos_loss : 0.040252, 
epoch  62 summary: valid_cos_loss : 0.040094, 
epoch  63 summary: valid_cos_loss : 0.039986, 
epoch  64 summary: valid_cos_loss : 0.039958, 
epoch  65 summary: valid_cos_loss : 0.039917, 
epoch  66 summary: valid_cos_loss : 0.039967, 
epoch  67 summary: valid_cos_loss : 0.039917, 
epoch  68 summary: valid_cos_loss : 0.039869, 
epoch  69 summary: valid_cos_loss : 0.039854, 
epoch  70 summary: valid_cos_loss : 0.040370, 
valid loss: 2.6407, accuracy: 0.3857
epoch  71 summary: valid_cos_loss : 0.040122, 
epoch  72 summary: valid_cos_loss : 0.039924, 
epoch  73 summary: valid_cos_loss : 0.039846, 
epoch  74 summary: valid_cos_loss : 0.039826, 
epoch  75 summary: valid_cos_loss : 0.039815, 
epoch  76 summary: valid_cos_loss : 0.039829, 
epoch  77 summary: valid_cos_loss : 0.039771, 
epoch  78 summary: valid_cos_loss : 0.039739, 
epoch  79 summary: valid_cos_loss : 0.039768, 
epoch  80 summary: valid_cos_loss : 0.040573, 
valid loss: 2.6442, accuracy: 0.3837
epoch  81 summary: valid_cos_loss : 0.040151, 
epoch  82 summary: valid_cos_loss : 0.039994, 
epoch  83 summary: valid_cos_loss : 0.039924, 
epoch  84 summary: valid_cos_loss : 0.039852, 
epoch  85 summary: valid_cos_loss : 0.039832, 
epoch  86 summary: valid_cos_loss : 0.039816, 
epoch  87 summary: valid_cos_loss : 0.039763, 
epoch  88 summary: valid_cos_loss : 0.039777, 
epoch  89 summary: valid_cos_loss : 0.039735, 
epoch  90 summary: valid_cos_loss : 0.040387, 
valid loss: 2.6471, accuracy: 0.3842
epoch  91 summary: valid_cos_loss : 0.039994, 
epoch  92 summary: valid_cos_loss : 0.039847, 
epoch  93 summary: valid_cos_loss : 0.039843, 
epoch  94 summary: valid_cos_loss : 0.039748, 
epoch  95 summary: valid_cos_loss : 0.039802, 
epoch  96 summary: valid_cos_loss : 0.039709, 
epoch  97 summary: valid_cos_loss : 0.039677, 
epoch  98 summary: valid_cos_loss : 0.039686, 
epoch  99 summary: valid_cos_loss : 0.039685, 
valid loss: 2.6505, accuracy: 0.3846
all                         377221.311ms
all_epoch                   377197.392ms
all_preparation                 23.867ms
all_preparation_2               22.480ms
all_preparation_3                1.365ms
epoch                         3560.607ms
epoch_pos_train                  8.428ms
epoch_preparation                0.810ms
epoch_train                   3510.885ms
epoch_valid                     38.625ms
----------------------------------------
all                         377221.311ms
  all_epoch             99.99%
  all_preparation        0.01%
all_preparation                 23.867ms
  all_preparation_2     94.19%
  all_preparation_3      5.72%
epoch                       356060.732ms
  epoch_train           98.60%
  epoch_valid            1.08%
  epoch_pos_train        0.24%
  epoch_preparation      0.02%
