Before CTE Training: train eu loss: 1.0543208122253418, eval eu loss: 1.4517745971679688
Before CTE Training: train eu acc: 0.659027099609375, eval eu acc: 0.5794677734375
epoch   0 summary: train_cos_loss : 0.205596, vocab_cro_loss : 4.497437, 
train loss: 4.1618, accuracy: 0.0421
epoch   1 summary: train_cos_loss : 0.184722, vocab_cro_loss : 4.160371, 
epoch   2 summary: train_cos_loss : 0.140439, vocab_cro_loss : 3.547556, 
epoch   3 summary: train_cos_loss : 0.105108, vocab_cro_loss : 3.108954, 
epoch   4 summary: train_cos_loss : 0.080504, vocab_cro_loss : 2.862928, 
epoch   5 summary: train_cos_loss : 0.065322, vocab_cro_loss : 2.797136, 
epoch   6 summary: train_cos_loss : 0.056351, vocab_cro_loss : 2.700725, 
epoch   7 summary: train_cos_loss : 0.050691, vocab_cro_loss : 2.699649, 
epoch   8 summary: train_cos_loss : 0.046963, vocab_cro_loss : 2.628371, 
epoch   9 summary: train_cos_loss : 0.044716, vocab_cro_loss : 2.745298, 
epoch  10 summary: train_cos_loss : 0.042775, vocab_cro_loss : 2.640197, 
train loss: 2.7216, accuracy: 0.3940
epoch  11 summary: train_cos_loss : 0.041232, vocab_cro_loss : 2.718502, 
epoch  12 summary: train_cos_loss : 0.039914, vocab_cro_loss : 2.578893, 
epoch  13 summary: train_cos_loss : 0.038869, vocab_cro_loss : 2.730420, 
epoch  14 summary: train_cos_loss : 0.038098, vocab_cro_loss : 2.637888, 
epoch  15 summary: train_cos_loss : 0.037448, vocab_cro_loss : 2.637657, 
epoch  16 summary: train_cos_loss : 0.036969, vocab_cro_loss : 2.796690, 
epoch  17 summary: train_cos_loss : 0.036500, vocab_cro_loss : 2.731876, 
epoch  18 summary: train_cos_loss : 0.036182, vocab_cro_loss : 2.735488, 
epoch  19 summary: train_cos_loss : 0.035853, vocab_cro_loss : 2.756078, 
epoch  20 summary: train_cos_loss : 0.035669, vocab_cro_loss : 2.725744, 
train loss: 2.6888, accuracy: 0.4132
epoch  21 summary: train_cos_loss : 0.035347, vocab_cro_loss : 2.686071, 
epoch  22 summary: train_cos_loss : 0.035088, vocab_cro_loss : 2.607955, 
epoch  23 summary: train_cos_loss : 0.034736, vocab_cro_loss : 2.536371, 
epoch  24 summary: train_cos_loss : 0.034509, vocab_cro_loss : 2.657060, 
epoch  25 summary: train_cos_loss : 0.034377, vocab_cro_loss : 2.542543, 
epoch  26 summary: train_cos_loss : 0.034026, vocab_cro_loss : 2.597843, 
epoch  27 summary: train_cos_loss : 0.034034, vocab_cro_loss : 2.715127, 
epoch  28 summary: train_cos_loss : 0.033754, vocab_cro_loss : 2.556831, 
epoch  29 summary: train_cos_loss : 0.033683, vocab_cro_loss : 2.738345, 
epoch  30 summary: train_cos_loss : 0.033635, vocab_cro_loss : 2.596309, 
train loss: 2.6810, accuracy: 0.4194
epoch  31 summary: train_cos_loss : 0.033406, vocab_cro_loss : 2.679130, 
epoch  32 summary: train_cos_loss : 0.033586, vocab_cro_loss : 2.650356, 
epoch  33 summary: train_cos_loss : 0.033266, vocab_cro_loss : 2.640748, 
epoch  34 summary: train_cos_loss : 0.033304, vocab_cro_loss : 2.560182, 
epoch  35 summary: train_cos_loss : 0.032968, vocab_cro_loss : 2.467338, 
epoch  36 summary: train_cos_loss : 0.032823, vocab_cro_loss : 2.448046, 
epoch  37 summary: train_cos_loss : 0.032696, vocab_cro_loss : 2.441113, 
epoch  38 summary: train_cos_loss : 0.032575, vocab_cro_loss : 2.378746, 
epoch  39 summary: train_cos_loss : 0.032336, vocab_cro_loss : 2.385433, 
epoch  40 summary: train_cos_loss : 0.032370, vocab_cro_loss : 2.337420, 
train loss: 2.3379, accuracy: 0.4414
epoch  41 summary: train_cos_loss : 0.032198, vocab_cro_loss : 2.337383, 
epoch  42 summary: train_cos_loss : 0.031883, vocab_cro_loss : 2.322208, 
epoch  43 summary: train_cos_loss : 0.031664, vocab_cro_loss : 2.343882, 
epoch  44 summary: train_cos_loss : 0.031779, vocab_cro_loss : 2.339243, 
epoch  45 summary: train_cos_loss : 0.031514, vocab_cro_loss : 2.356305, 
epoch  46 summary: train_cos_loss : 0.031499, vocab_cro_loss : 2.327952, 
epoch  47 summary: train_cos_loss : 0.031382, vocab_cro_loss : 2.351617, 
epoch  48 summary: train_cos_loss : 0.031233, vocab_cro_loss : 2.368815, 
epoch  49 summary: train_cos_loss : 0.031375, vocab_cro_loss : 2.417865, 
epoch  50 summary: train_cos_loss : 0.031318, vocab_cro_loss : 2.325487, 
train loss: 2.3352, accuracy: 0.4521
epoch  51 summary: train_cos_loss : 0.031150, vocab_cro_loss : 2.334403, 
epoch  52 summary: train_cos_loss : 0.031136, vocab_cro_loss : 2.316585, 
epoch  53 summary: train_cos_loss : 0.031028, vocab_cro_loss : 2.306071, 
epoch  54 summary: train_cos_loss : 0.030975, vocab_cro_loss : 2.341358, 
epoch  55 summary: train_cos_loss : 0.031050, vocab_cro_loss : 2.345936, 
epoch  56 summary: train_cos_loss : 0.031133, vocab_cro_loss : 2.310529, 
epoch  57 summary: train_cos_loss : 0.030915, vocab_cro_loss : 2.288257, 
epoch  58 summary: train_cos_loss : 0.031001, vocab_cro_loss : 2.294866, 
epoch  59 summary: train_cos_loss : 0.030773, vocab_cro_loss : 2.284306, 
epoch  60 summary: train_cos_loss : 0.030860, vocab_cro_loss : 2.292833, 
train loss: 2.2708, accuracy: 0.4505
epoch  61 summary: train_cos_loss : 0.030841, vocab_cro_loss : 2.270059, 
epoch  62 summary: train_cos_loss : 0.030719, vocab_cro_loss : 2.342919, 
epoch  63 summary: train_cos_loss : 0.030682, vocab_cro_loss : 2.335471, 
epoch  64 summary: train_cos_loss : 0.030631, vocab_cro_loss : 2.374026, 
epoch  65 summary: train_cos_loss : 0.030560, vocab_cro_loss : 2.337346, 
epoch  66 summary: train_cos_loss : 0.030382, vocab_cro_loss : 2.324131, 
epoch  67 summary: train_cos_loss : 0.030322, vocab_cro_loss : 2.302709, 
epoch  68 summary: train_cos_loss : 0.030267, vocab_cro_loss : 2.532743, 
epoch  69 summary: train_cos_loss : 0.030491, vocab_cro_loss : 2.418467, 
epoch  70 summary: train_cos_loss : 0.030504, vocab_cro_loss : 2.810133, 
train loss: 2.6581, accuracy: 0.4262
epoch  71 summary: train_cos_loss : 0.030867, vocab_cro_loss : 2.654461, 
epoch  72 summary: train_cos_loss : 0.030805, vocab_cro_loss : 2.579151, 
epoch  73 summary: train_cos_loss : 0.030771, vocab_cro_loss : 2.533895, 
epoch  74 summary: train_cos_loss : 0.030867, vocab_cro_loss : 2.514347, 
epoch  75 summary: train_cos_loss : 0.030954, vocab_cro_loss : 2.549978, 
epoch  76 summary: train_cos_loss : 0.030800, vocab_cro_loss : 2.467557, 
epoch  77 summary: train_cos_loss : 0.030664, vocab_cro_loss : 2.509296, 
epoch  78 summary: train_cos_loss : 0.030665, vocab_cro_loss : 2.438982, 
epoch  79 summary: train_cos_loss : 0.030617, vocab_cro_loss : 2.511679, 
epoch  80 summary: train_cos_loss : 0.030617, vocab_cro_loss : 2.417264, 
train loss: 2.3914, accuracy: 0.4279
epoch  81 summary: train_cos_loss : 0.030373, vocab_cro_loss : 2.390880, 
epoch  82 summary: train_cos_loss : 0.030277, vocab_cro_loss : 2.368865, 
epoch  83 summary: train_cos_loss : 0.030237, vocab_cro_loss : 2.361779, 
epoch  84 summary: train_cos_loss : 0.030167, vocab_cro_loss : 2.368887, 
epoch  85 summary: train_cos_loss : 0.030136, vocab_cro_loss : 2.339182, 
epoch  86 summary: train_cos_loss : 0.030021, vocab_cro_loss : 2.327186, 
epoch  87 summary: train_cos_loss : 0.029904, vocab_cro_loss : 2.419082, 
epoch  88 summary: train_cos_loss : 0.029846, vocab_cro_loss : 2.395770, 
epoch  89 summary: train_cos_loss : 0.029883, vocab_cro_loss : 2.608850, 
epoch  90 summary: train_cos_loss : 0.030151, vocab_cro_loss : 2.488788, 
train loss: 2.6804, accuracy: 0.4411
epoch  91 summary: train_cos_loss : 0.030019, vocab_cro_loss : 2.675611, 
epoch  92 summary: train_cos_loss : 0.030120, vocab_cro_loss : 2.482029, 
epoch  93 summary: train_cos_loss : 0.029889, vocab_cro_loss : 2.502354, 
epoch  94 summary: train_cos_loss : 0.029947, vocab_cro_loss : 2.677006, 
epoch  95 summary: train_cos_loss : 0.029949, vocab_cro_loss : 2.576945, 
epoch  96 summary: train_cos_loss : 0.030025, vocab_cro_loss : 2.605635, 
epoch  97 summary: train_cos_loss : 0.030060, vocab_cro_loss : 2.544559, 
epoch  98 summary: train_cos_loss : 0.030154, vocab_cro_loss : 2.553936, 
epoch  99 summary: train_cos_loss : 0.029822, vocab_cro_loss : 2.493985, 
train loss: 2.4228, accuracy: 0.4396
all                        3005847.198ms
all_epoch                  2996652.447ms
all_preparation               9194.712ms
all_preparation_2             9193.274ms
all_preparation_3                1.397ms
epoch                        29456.208ms
epoch_pos_train                  7.769ms
epoch_preparation               27.710ms
epoch_train                  29290.971ms
epoch_valid                    127.039ms
----------------------------------------
all                        3005847.198ms
  all_epoch             99.69%
  all_preparation        0.31%
all_preparation               9194.712ms
  all_preparation_2     99.98%
  all_preparation_3      0.02%
epoch                      2945620.786ms
  epoch_train           99.44%
  epoch_valid            0.43%
  epoch_preparation      0.09%
  epoch_pos_train        0.03%
epoch   0 summary: valid_cos_loss : 0.184583, 
valid loss: 3.3700, accuracy: 0.2144
epoch   1 summary: valid_cos_loss : 0.100009, 
epoch   2 summary: valid_cos_loss : 0.064412, 
epoch   3 summary: valid_cos_loss : 0.047187, 
epoch   4 summary: valid_cos_loss : 0.039630, 
epoch   5 summary: valid_cos_loss : 0.036454, 
epoch   6 summary: valid_cos_loss : 0.034974, 
epoch   7 summary: valid_cos_loss : 0.035590, 
epoch   8 summary: valid_cos_loss : 0.035516, 
epoch   9 summary: valid_cos_loss : 0.036130, 
epoch  10 summary: valid_cos_loss : 0.037071, 
valid loss: 2.9567, accuracy: 0.3182
epoch  11 summary: valid_cos_loss : 0.037971, 
epoch  12 summary: valid_cos_loss : 0.036942, 
epoch  13 summary: valid_cos_loss : 0.037614, 
epoch  14 summary: valid_cos_loss : 0.038485, 
epoch  15 summary: valid_cos_loss : 0.037595, 
epoch  16 summary: valid_cos_loss : 0.037907, 
epoch  17 summary: valid_cos_loss : 0.037657, 
epoch  18 summary: valid_cos_loss : 0.038805, 
epoch  19 summary: valid_cos_loss : 0.037560, 
epoch  20 summary: valid_cos_loss : 0.038726, 
valid loss: 2.9451, accuracy: 0.3217
epoch  21 summary: valid_cos_loss : 0.037839, 
epoch  22 summary: valid_cos_loss : 0.038391, 
epoch  23 summary: valid_cos_loss : 0.038939, 
epoch  24 summary: valid_cos_loss : 0.038153, 
epoch  25 summary: valid_cos_loss : 0.038711, 
epoch  26 summary: valid_cos_loss : 0.037803, 
epoch  27 summary: valid_cos_loss : 0.038937, 
epoch  28 summary: valid_cos_loss : 0.038443, 
epoch  29 summary: valid_cos_loss : 0.039190, 
epoch  30 summary: valid_cos_loss : 0.038841, 
valid loss: 2.9665, accuracy: 0.3170
epoch  31 summary: valid_cos_loss : 0.038771, 
epoch  32 summary: valid_cos_loss : 0.038754, 
epoch  33 summary: valid_cos_loss : 0.038882, 
epoch  34 summary: valid_cos_loss : 0.038060, 
epoch  35 summary: valid_cos_loss : 0.039389, 
epoch  36 summary: valid_cos_loss : 0.038956, 
epoch  37 summary: valid_cos_loss : 0.039209, 
epoch  38 summary: valid_cos_loss : 0.038228, 
epoch  39 summary: valid_cos_loss : 0.038454, 
epoch  40 summary: valid_cos_loss : 0.038685, 
valid loss: 2.9667, accuracy: 0.3186
epoch  41 summary: valid_cos_loss : 0.039759, 
epoch  42 summary: valid_cos_loss : 0.038957, 
epoch  43 summary: valid_cos_loss : 0.038749, 
epoch  44 summary: valid_cos_loss : 0.038655, 
epoch  45 summary: valid_cos_loss : 0.038761, 
epoch  46 summary: valid_cos_loss : 0.037862, 
epoch  47 summary: valid_cos_loss : 0.037968, 
epoch  48 summary: valid_cos_loss : 0.038966, 
epoch  49 summary: valid_cos_loss : 0.039132, 
epoch  50 summary: valid_cos_loss : 0.038656, 
valid loss: 2.9748, accuracy: 0.3180
epoch  51 summary: valid_cos_loss : 0.039074, 
epoch  52 summary: valid_cos_loss : 0.039336, 
epoch  53 summary: valid_cos_loss : 0.039333, 
epoch  54 summary: valid_cos_loss : 0.038504, 
epoch  55 summary: valid_cos_loss : 0.038404, 
epoch  56 summary: valid_cos_loss : 0.038945, 
epoch  57 summary: valid_cos_loss : 0.038386, 
epoch  58 summary: valid_cos_loss : 0.039092, 
epoch  59 summary: valid_cos_loss : 0.039064, 
epoch  60 summary: valid_cos_loss : 0.039399, 
valid loss: 2.9606, accuracy: 0.3196
epoch  61 summary: valid_cos_loss : 0.038119, 
epoch  62 summary: valid_cos_loss : 0.038377, 
epoch  63 summary: valid_cos_loss : 0.038476, 
epoch  64 summary: valid_cos_loss : 0.038717, 
epoch  65 summary: valid_cos_loss : 0.038756, 
epoch  66 summary: valid_cos_loss : 0.038315, 
epoch  67 summary: valid_cos_loss : 0.038825, 
epoch  68 summary: valid_cos_loss : 0.038227, 
epoch  69 summary: valid_cos_loss : 0.038830, 
epoch  70 summary: valid_cos_loss : 0.038339, 
valid loss: 2.9691, accuracy: 0.3171
epoch  71 summary: valid_cos_loss : 0.038800, 
epoch  72 summary: valid_cos_loss : 0.038230, 
epoch  73 summary: valid_cos_loss : 0.038282, 
epoch  74 summary: valid_cos_loss : 0.039582, 
epoch  75 summary: valid_cos_loss : 0.038676, 
epoch  76 summary: valid_cos_loss : 0.038404, 
epoch  77 summary: valid_cos_loss : 0.038825, 
epoch  78 summary: valid_cos_loss : 0.039092, 
epoch  79 summary: valid_cos_loss : 0.038467, 
epoch  80 summary: valid_cos_loss : 0.038632, 
valid loss: 2.9729, accuracy: 0.3169
epoch  81 summary: valid_cos_loss : 0.038403, 
epoch  82 summary: valid_cos_loss : 0.038662, 
epoch  83 summary: valid_cos_loss : 0.038197, 
epoch  84 summary: valid_cos_loss : 0.038136, 
epoch  85 summary: valid_cos_loss : 0.038932, 
epoch  86 summary: valid_cos_loss : 0.038156, 
epoch  87 summary: valid_cos_loss : 0.038517, 
epoch  88 summary: valid_cos_loss : 0.038839, 
epoch  89 summary: valid_cos_loss : 0.038001, 
epoch  90 summary: valid_cos_loss : 0.038370, 
valid loss: 2.9741, accuracy: 0.3180
epoch  91 summary: valid_cos_loss : 0.039008, 
epoch  92 summary: valid_cos_loss : 0.039074, 
epoch  93 summary: valid_cos_loss : 0.038771, 
epoch  94 summary: valid_cos_loss : 0.039117, 
epoch  95 summary: valid_cos_loss : 0.038186, 
epoch  96 summary: valid_cos_loss : 0.038614, 
epoch  97 summary: valid_cos_loss : 0.037890, 
epoch  98 summary: valid_cos_loss : 0.038727, 
epoch  99 summary: valid_cos_loss : 0.037751, 
valid loss: 2.9707, accuracy: 0.3175
all                         677232.732ms
all_epoch                   677101.955ms
all_preparation                130.745ms
all_preparation_2              118.607ms
all_preparation_3               12.109ms
epoch                         6517.076ms
epoch_pos_train                  6.846ms
epoch_preparation                0.993ms
epoch_train                   6476.197ms
epoch_valid                     31.716ms
----------------------------------------
all                         677232.732ms
  all_epoch             99.98%
  all_preparation        0.02%
all_preparation                130.745ms
  all_preparation_2     90.72%
  all_preparation_3      9.26%
epoch                       651707.592ms
  epoch_train           99.37%
  epoch_valid            0.49%
  epoch_pos_train        0.11%
  epoch_preparation      0.02%
