Before CTE Training: train eu loss: 1.0543208122253418, eval eu loss: 1.4517745971679688
Before CTE Training: train eu acc: 0.659027099609375, eval eu acc: 0.5794677734375
epoch   0 summary: train_cos_loss : 0.240860, vocab_cro_loss : 4.332221, 
train loss: 4.2279, accuracy: 0.0259
epoch   1 summary: train_cos_loss : 0.234302, vocab_cro_loss : 4.227751, 
epoch   2 summary: train_cos_loss : 0.217282, vocab_cro_loss : 3.993933, 
epoch   3 summary: train_cos_loss : 0.192134, vocab_cro_loss : 3.611306, 
epoch   4 summary: train_cos_loss : 0.165039, vocab_cro_loss : 3.299681, 
epoch   5 summary: train_cos_loss : 0.139694, vocab_cro_loss : 3.124958, 
epoch   6 summary: train_cos_loss : 0.117813, vocab_cro_loss : 2.923050, 
epoch   7 summary: train_cos_loss : 0.099165, vocab_cro_loss : 2.784337, 
epoch   8 summary: train_cos_loss : 0.084227, vocab_cro_loss : 2.672362, 
epoch   9 summary: train_cos_loss : 0.072149, vocab_cro_loss : 2.576131, 
epoch  10 summary: train_cos_loss : 0.063053, vocab_cro_loss : 2.503937, 
train loss: 2.4334, accuracy: 0.4073
epoch  11 summary: train_cos_loss : 0.056072, vocab_cro_loss : 2.433378, 
epoch  12 summary: train_cos_loss : 0.050726, vocab_cro_loss : 2.367712, 
epoch  13 summary: train_cos_loss : 0.046638, vocab_cro_loss : 2.320264, 
epoch  14 summary: train_cos_loss : 0.043467, vocab_cro_loss : 2.284139, 
epoch  15 summary: train_cos_loss : 0.040980, vocab_cro_loss : 2.251698, 
epoch  16 summary: train_cos_loss : 0.038944, vocab_cro_loss : 2.226801, 
epoch  17 summary: train_cos_loss : 0.037149, vocab_cro_loss : 2.199063, 
epoch  18 summary: train_cos_loss : 0.035689, vocab_cro_loss : 2.173945, 
epoch  19 summary: train_cos_loss : 0.034365, vocab_cro_loss : 2.146857, 
epoch  20 summary: train_cos_loss : 0.033326, vocab_cro_loss : 2.126558, 
train loss: 2.1048, accuracy: 0.4825
epoch  21 summary: train_cos_loss : 0.032372, vocab_cro_loss : 2.104782, 
epoch  22 summary: train_cos_loss : 0.031349, vocab_cro_loss : 2.087726, 
epoch  23 summary: train_cos_loss : 0.030445, vocab_cro_loss : 2.071215, 
epoch  24 summary: train_cos_loss : 0.029633, vocab_cro_loss : 2.055994, 
epoch  25 summary: train_cos_loss : 0.028912, vocab_cro_loss : 2.044241, 
epoch  26 summary: train_cos_loss : 0.028230, vocab_cro_loss : 2.031766, 
epoch  27 summary: train_cos_loss : 0.027624, vocab_cro_loss : 2.022016, 
epoch  28 summary: train_cos_loss : 0.027089, vocab_cro_loss : 2.010990, 
epoch  29 summary: train_cos_loss : 0.026576, vocab_cro_loss : 2.002005, 
epoch  30 summary: train_cos_loss : 0.026251, vocab_cro_loss : 1.993590, 
train loss: 1.9847, accuracy: 0.5054
epoch  31 summary: train_cos_loss : 0.025892, vocab_cro_loss : 1.984679, 
epoch  32 summary: train_cos_loss : 0.025404, vocab_cro_loss : 1.974937, 
epoch  33 summary: train_cos_loss : 0.024959, vocab_cro_loss : 1.966196, 
epoch  34 summary: train_cos_loss : 0.024590, vocab_cro_loss : 1.957484, 
epoch  35 summary: train_cos_loss : 0.024231, vocab_cro_loss : 1.951000, 
epoch  36 summary: train_cos_loss : 0.023875, vocab_cro_loss : 1.944744, 
epoch  37 summary: train_cos_loss : 0.023562, vocab_cro_loss : 1.938546, 
epoch  38 summary: train_cos_loss : 0.023264, vocab_cro_loss : 1.934648, 
epoch  39 summary: train_cos_loss : 0.022963, vocab_cro_loss : 1.926790, 
epoch  40 summary: train_cos_loss : 0.022875, vocab_cro_loss : 1.921228, 
train loss: 1.9195, accuracy: 0.5161
epoch  41 summary: train_cos_loss : 0.022658, vocab_cro_loss : 1.919479, 
epoch  42 summary: train_cos_loss : 0.022347, vocab_cro_loss : 1.908451, 
epoch  43 summary: train_cos_loss : 0.022037, vocab_cro_loss : 1.904452, 
epoch  44 summary: train_cos_loss : 0.021772, vocab_cro_loss : 1.896472, 
epoch  45 summary: train_cos_loss : 0.021528, vocab_cro_loss : 1.890425, 
epoch  46 summary: train_cos_loss : 0.021289, vocab_cro_loss : 1.886783, 
epoch  47 summary: train_cos_loss : 0.021065, vocab_cro_loss : 1.880982, 
epoch  48 summary: train_cos_loss : 0.020852, vocab_cro_loss : 1.872905, 
epoch  49 summary: train_cos_loss : 0.020652, vocab_cro_loss : 1.867203, 
epoch  50 summary: train_cos_loss : 0.020589, vocab_cro_loss : 1.861108, 
train loss: 1.8555, accuracy: 0.5224
epoch  51 summary: train_cos_loss : 0.020434, vocab_cro_loss : 1.855533, 
epoch  52 summary: train_cos_loss : 0.020193, vocab_cro_loss : 1.851927, 
epoch  53 summary: train_cos_loss : 0.019962, vocab_cro_loss : 1.847226, 
epoch  54 summary: train_cos_loss : 0.019758, vocab_cro_loss : 1.844594, 
epoch  55 summary: train_cos_loss : 0.019558, vocab_cro_loss : 1.841943, 
epoch  56 summary: train_cos_loss : 0.019403, vocab_cro_loss : 1.836152, 
epoch  57 summary: train_cos_loss : 0.019224, vocab_cro_loss : 1.831369, 
epoch  58 summary: train_cos_loss : 0.019082, vocab_cro_loss : 1.827440, 
epoch  59 summary: train_cos_loss : 0.018940, vocab_cro_loss : 1.822958, 
epoch  60 summary: train_cos_loss : 0.018957, vocab_cro_loss : 1.822619, 
train loss: 1.8189, accuracy: 0.5249
epoch  61 summary: train_cos_loss : 0.018866, vocab_cro_loss : 1.818898, 
epoch  62 summary: train_cos_loss : 0.018703, vocab_cro_loss : 1.820446, 
epoch  63 summary: train_cos_loss : 0.018557, vocab_cro_loss : 1.825112, 
epoch  64 summary: train_cos_loss : 0.018418, vocab_cro_loss : 1.816417, 
epoch  65 summary: train_cos_loss : 0.018285, vocab_cro_loss : 1.813855, 
epoch  66 summary: train_cos_loss : 0.018157, vocab_cro_loss : 1.810471, 
epoch  67 summary: train_cos_loss : 0.018029, vocab_cro_loss : 1.805863, 
epoch  68 summary: train_cos_loss : 0.017904, vocab_cro_loss : 1.798939, 
epoch  69 summary: train_cos_loss : 0.017782, vocab_cro_loss : 1.795436, 
epoch  70 summary: train_cos_loss : 0.017769, vocab_cro_loss : 1.791321, 
train loss: 1.7873, accuracy: 0.5270
epoch  71 summary: train_cos_loss : 0.017683, vocab_cro_loss : 1.787302, 
epoch  72 summary: train_cos_loss : 0.017542, vocab_cro_loss : 1.783709, 
epoch  73 summary: train_cos_loss : 0.017387, vocab_cro_loss : 1.778183, 
epoch  74 summary: train_cos_loss : 0.017273, vocab_cro_loss : 1.775417, 
epoch  75 summary: train_cos_loss : 0.017149, vocab_cro_loss : 1.775742, 
epoch  76 summary: train_cos_loss : 0.017054, vocab_cro_loss : 1.773750, 
epoch  77 summary: train_cos_loss : 0.016974, vocab_cro_loss : 1.769657, 
epoch  78 summary: train_cos_loss : 0.016868, vocab_cro_loss : 1.765794, 
epoch  79 summary: train_cos_loss : 0.016793, vocab_cro_loss : 1.761716, 
epoch  80 summary: train_cos_loss : 0.016829, vocab_cro_loss : 1.758551, 
train loss: 1.7562, accuracy: 0.5301
epoch  81 summary: train_cos_loss : 0.016797, vocab_cro_loss : 1.756183, 
epoch  82 summary: train_cos_loss : 0.016689, vocab_cro_loss : 1.754030, 
epoch  83 summary: train_cos_loss : 0.016597, vocab_cro_loss : 1.751846, 
epoch  84 summary: train_cos_loss : 0.016504, vocab_cro_loss : 1.750059, 
epoch  85 summary: train_cos_loss : 0.016441, vocab_cro_loss : 1.747929, 
epoch  86 summary: train_cos_loss : 0.016358, vocab_cro_loss : 1.745280, 
epoch  87 summary: train_cos_loss : 0.016297, vocab_cro_loss : 1.743928, 
epoch  88 summary: train_cos_loss : 0.016239, vocab_cro_loss : 1.744629, 
epoch  89 summary: train_cos_loss : 0.016212, vocab_cro_loss : 1.745596, 
epoch  90 summary: train_cos_loss : 0.016272, vocab_cro_loss : 1.744518, 
train loss: 1.7476, accuracy: 0.5367
epoch  91 summary: train_cos_loss : 0.016256, vocab_cro_loss : 1.747611, 
epoch  92 summary: train_cos_loss : 0.016161, vocab_cro_loss : 1.739468, 
epoch  93 summary: train_cos_loss : 0.016070, vocab_cro_loss : 1.750333, 
epoch  94 summary: train_cos_loss : 0.015993, vocab_cro_loss : 1.739128, 
epoch  95 summary: train_cos_loss : 0.015926, vocab_cro_loss : 1.736538, 
epoch  96 summary: train_cos_loss : 0.015851, vocab_cro_loss : 1.737143, 
epoch  97 summary: train_cos_loss : 0.015802, vocab_cro_loss : 1.736558, 
epoch  98 summary: train_cos_loss : 0.015736, vocab_cro_loss : 1.733445, 
epoch  99 summary: train_cos_loss : 0.015702, vocab_cro_loss : 1.732888, 
train loss: 1.7340, accuracy: 0.5306
all                        2340114.790ms
all_epoch                  2332608.325ms
all_preparation               7506.419ms
all_preparation_2             7503.767ms
all_preparation_3                2.611ms
epoch                        22805.696ms
epoch_pos_train                  6.878ms
epoch_preparation               46.075ms
epoch_train                  22620.190ms
epoch_valid                    129.349ms
----------------------------------------
all                        2340114.790ms
  all_epoch             99.68%
  all_preparation        0.32%
all_preparation               7506.419ms
  all_preparation_2     99.96%
  all_preparation_3      0.03%
epoch                      2280569.641ms
  epoch_train           99.19%
  epoch_valid            0.57%
  epoch_preparation      0.20%
  epoch_pos_train        0.03%
epoch   0 summary: valid_cos_loss : 0.197320, 
valid loss: 3.5429, accuracy: 0.1646
epoch   1 summary: valid_cos_loss : 0.116913, 
epoch   2 summary: valid_cos_loss : 0.077889, 
epoch   3 summary: valid_cos_loss : 0.055902, 
epoch   4 summary: valid_cos_loss : 0.042168, 
epoch   5 summary: valid_cos_loss : 0.033008, 
epoch   6 summary: valid_cos_loss : 0.027201, 
epoch   7 summary: valid_cos_loss : 0.023162, 
epoch   8 summary: valid_cos_loss : 0.020421, 
epoch   9 summary: valid_cos_loss : 0.018470, 
epoch  10 summary: valid_cos_loss : 0.017099, 
valid loss: 2.2905, accuracy: 0.4333
epoch  11 summary: valid_cos_loss : 0.016320, 
epoch  12 summary: valid_cos_loss : 0.015447, 
epoch  13 summary: valid_cos_loss : 0.014751, 
epoch  14 summary: valid_cos_loss : 0.014217, 
epoch  15 summary: valid_cos_loss : 0.013862, 
epoch  16 summary: valid_cos_loss : 0.013610, 
epoch  17 summary: valid_cos_loss : 0.013415, 
epoch  18 summary: valid_cos_loss : 0.013279, 
epoch  19 summary: valid_cos_loss : 0.013044, 
epoch  20 summary: valid_cos_loss : 0.013041, 
valid loss: 2.2851, accuracy: 0.4307
epoch  21 summary: valid_cos_loss : 0.013150, 
epoch  22 summary: valid_cos_loss : 0.012900, 
epoch  23 summary: valid_cos_loss : 0.012793, 
epoch  24 summary: valid_cos_loss : 0.012744, 
epoch  25 summary: valid_cos_loss : 0.012635, 
epoch  26 summary: valid_cos_loss : 0.012532, 
epoch  27 summary: valid_cos_loss : 0.012515, 
epoch  28 summary: valid_cos_loss : 0.012499, 
epoch  29 summary: valid_cos_loss : 0.012433, 
epoch  30 summary: valid_cos_loss : 0.012529, 
valid loss: 2.2826, accuracy: 0.4309
epoch  31 summary: valid_cos_loss : 0.012542, 
epoch  32 summary: valid_cos_loss : 0.012487, 
epoch  33 summary: valid_cos_loss : 0.012441, 
epoch  34 summary: valid_cos_loss : 0.012263, 
epoch  35 summary: valid_cos_loss : 0.012175, 
epoch  36 summary: valid_cos_loss : 0.012177, 
epoch  37 summary: valid_cos_loss : 0.012179, 
epoch  38 summary: valid_cos_loss : 0.012220, 
epoch  39 summary: valid_cos_loss : 0.012195, 
epoch  40 summary: valid_cos_loss : 0.012268, 
valid loss: 2.2854, accuracy: 0.4352
epoch  41 summary: valid_cos_loss : 0.012316, 
epoch  42 summary: valid_cos_loss : 0.012210, 
epoch  43 summary: valid_cos_loss : 0.012148, 
epoch  44 summary: valid_cos_loss : 0.012077, 
epoch  45 summary: valid_cos_loss : 0.012065, 
epoch  46 summary: valid_cos_loss : 0.012037, 
epoch  47 summary: valid_cos_loss : 0.012053, 
epoch  48 summary: valid_cos_loss : 0.012026, 
epoch  49 summary: valid_cos_loss : 0.011988, 
epoch  50 summary: valid_cos_loss : 0.012122, 
valid loss: 2.2782, accuracy: 0.4371
epoch  51 summary: valid_cos_loss : 0.012255, 
epoch  52 summary: valid_cos_loss : 0.012112, 
epoch  53 summary: valid_cos_loss : 0.012085, 
epoch  54 summary: valid_cos_loss : 0.012003, 
epoch  55 summary: valid_cos_loss : 0.011941, 
epoch  56 summary: valid_cos_loss : 0.011935, 
epoch  57 summary: valid_cos_loss : 0.011929, 
epoch  58 summary: valid_cos_loss : 0.011926, 
epoch  59 summary: valid_cos_loss : 0.011917, 
epoch  60 summary: valid_cos_loss : 0.012005, 
valid loss: 2.2763, accuracy: 0.4348
epoch  61 summary: valid_cos_loss : 0.012081, 
epoch  62 summary: valid_cos_loss : 0.012072, 
epoch  63 summary: valid_cos_loss : 0.011998, 
epoch  64 summary: valid_cos_loss : 0.011967, 
epoch  65 summary: valid_cos_loss : 0.011919, 
epoch  66 summary: valid_cos_loss : 0.011920, 
epoch  67 summary: valid_cos_loss : 0.011852, 
epoch  68 summary: valid_cos_loss : 0.011840, 
epoch  69 summary: valid_cos_loss : 0.011817, 
epoch  70 summary: valid_cos_loss : 0.011982, 
valid loss: 2.2785, accuracy: 0.4360
epoch  71 summary: valid_cos_loss : 0.012083, 
epoch  72 summary: valid_cos_loss : 0.011914, 
epoch  73 summary: valid_cos_loss : 0.011850, 
epoch  74 summary: valid_cos_loss : 0.011799, 
epoch  75 summary: valid_cos_loss : 0.011823, 
epoch  76 summary: valid_cos_loss : 0.011779, 
epoch  77 summary: valid_cos_loss : 0.011802, 
epoch  78 summary: valid_cos_loss : 0.011750, 
epoch  79 summary: valid_cos_loss : 0.011737, 
epoch  80 summary: valid_cos_loss : 0.011877, 
valid loss: 2.2791, accuracy: 0.4360
epoch  81 summary: valid_cos_loss : 0.011983, 
epoch  82 summary: valid_cos_loss : 0.011886, 
epoch  83 summary: valid_cos_loss : 0.011859, 
epoch  84 summary: valid_cos_loss : 0.011761, 
epoch  85 summary: valid_cos_loss : 0.011799, 
epoch  86 summary: valid_cos_loss : 0.011776, 
epoch  87 summary: valid_cos_loss : 0.011749, 
epoch  88 summary: valid_cos_loss : 0.011772, 
epoch  89 summary: valid_cos_loss : 0.011758, 
epoch  90 summary: valid_cos_loss : 0.011889, 
valid loss: 2.2828, accuracy: 0.4347
epoch  91 summary: valid_cos_loss : 0.011967, 
epoch  92 summary: valid_cos_loss : 0.011834, 
epoch  93 summary: valid_cos_loss : 0.011776, 
epoch  94 summary: valid_cos_loss : 0.011769, 
epoch  95 summary: valid_cos_loss : 0.011754, 
epoch  96 summary: valid_cos_loss : 0.011715, 
epoch  97 summary: valid_cos_loss : 0.011730, 
epoch  98 summary: valid_cos_loss : 0.011716, 
epoch  99 summary: valid_cos_loss : 0.011692, 
valid loss: 2.2778, accuracy: 0.4369
all                         268618.171ms
all_epoch                   268518.718ms
all_preparation                 99.413ms
all_preparation_2               80.201ms
all_preparation_3               19.179ms
epoch                         2477.968ms
epoch_pos_train                  4.372ms
epoch_preparation                0.936ms
epoch_train                   2452.134ms
epoch_valid                     19.644ms
----------------------------------------
all                         268618.171ms
  all_epoch             99.96%
  all_preparation        0.04%
all_preparation                 99.413ms
  all_preparation_2     80.68%
  all_preparation_3     19.29%
epoch                       247796.802ms
  epoch_train           98.96%
  epoch_valid            0.79%
  epoch_pos_train        0.18%
  epoch_preparation      0.04%
