Before CTE Training: train eu loss: 1.057024359703064, eval eu loss: 1.4517745971679688
Before CTE Training: train eu acc: 0.66552734375, eval eu acc: 0.5794677734375
epoch   0 summary: train_cos_loss : 0.144040, vocab_cro_loss : 4.884691, 
train loss: 4.4290, accuracy: 0.0540
epoch   1 summary: train_cos_loss : 0.126315, vocab_cro_loss : 4.425504, 
epoch   2 summary: train_cos_loss : 0.098348, vocab_cro_loss : 3.604899, 
epoch   3 summary: train_cos_loss : 0.077353, vocab_cro_loss : 3.098009, 
epoch   4 summary: train_cos_loss : 0.064554, vocab_cro_loss : 2.814477, 
epoch   5 summary: train_cos_loss : 0.057462, vocab_cro_loss : 2.703403, 
epoch   6 summary: train_cos_loss : 0.052623, vocab_cro_loss : 2.600444, 
epoch   7 summary: train_cos_loss : 0.049304, vocab_cro_loss : 2.561061, 
epoch   8 summary: train_cos_loss : 0.046994, vocab_cro_loss : 2.525648, 
epoch   9 summary: train_cos_loss : 0.045226, vocab_cro_loss : 2.500559, 
epoch  10 summary: train_cos_loss : 0.043451, vocab_cro_loss : 2.496456, 
train loss: 2.4515, accuracy: 0.4070
epoch  11 summary: train_cos_loss : 0.041943, vocab_cro_loss : 2.450394, 
epoch  12 summary: train_cos_loss : 0.041237, vocab_cro_loss : 2.432100, 
epoch  13 summary: train_cos_loss : 0.040797, vocab_cro_loss : 2.417336, 
epoch  14 summary: train_cos_loss : 0.039970, vocab_cro_loss : 2.399677, 
epoch  15 summary: train_cos_loss : 0.039112, vocab_cro_loss : 2.369528, 
epoch  16 summary: train_cos_loss : 0.038753, vocab_cro_loss : 2.365556, 
epoch  17 summary: train_cos_loss : 0.038449, vocab_cro_loss : 2.358097, 
epoch  18 summary: train_cos_loss : 0.038176, vocab_cro_loss : 2.350157, 
epoch  19 summary: train_cos_loss : 0.038058, vocab_cro_loss : 2.364008, 
epoch  20 summary: train_cos_loss : 0.037851, vocab_cro_loss : 2.337735, 
train loss: 2.3517, accuracy: 0.4263
epoch  21 summary: train_cos_loss : 0.037786, vocab_cro_loss : 2.351084, 
epoch  22 summary: train_cos_loss : 0.037587, vocab_cro_loss : 2.332798, 
epoch  23 summary: train_cos_loss : 0.037519, vocab_cro_loss : 2.330931, 
epoch  24 summary: train_cos_loss : 0.037186, vocab_cro_loss : 2.323451, 
epoch  25 summary: train_cos_loss : 0.036914, vocab_cro_loss : 2.326523, 
epoch  26 summary: train_cos_loss : 0.036658, vocab_cro_loss : 2.307381, 
epoch  27 summary: train_cos_loss : 0.036508, vocab_cro_loss : 2.320682, 
epoch  28 summary: train_cos_loss : 0.036416, vocab_cro_loss : 2.308935, 
epoch  29 summary: train_cos_loss : 0.036438, vocab_cro_loss : 2.318930, 
epoch  30 summary: train_cos_loss : 0.036346, vocab_cro_loss : 2.313082, 
train loss: 2.3146, accuracy: 0.4258
epoch  31 summary: train_cos_loss : 0.036229, vocab_cro_loss : 2.314195, 
epoch  32 summary: train_cos_loss : 0.036194, vocab_cro_loss : 2.327171, 
epoch  33 summary: train_cos_loss : 0.036158, vocab_cro_loss : 2.324251, 
epoch  34 summary: train_cos_loss : 0.036050, vocab_cro_loss : 2.321835, 
epoch  35 summary: train_cos_loss : 0.036037, vocab_cro_loss : 2.318598, 
epoch  36 summary: train_cos_loss : 0.035909, vocab_cro_loss : 2.301714, 
epoch  37 summary: train_cos_loss : 0.036007, vocab_cro_loss : 2.315171, 
epoch  38 summary: train_cos_loss : 0.035989, vocab_cro_loss : 2.310867, 
epoch  39 summary: train_cos_loss : 0.036014, vocab_cro_loss : 2.328110, 
epoch  40 summary: train_cos_loss : 0.036022, vocab_cro_loss : 2.311014, 
train loss: 2.3170, accuracy: 0.4255
epoch  41 summary: train_cos_loss : 0.035961, vocab_cro_loss : 2.316688, 
epoch  42 summary: train_cos_loss : 0.035974, vocab_cro_loss : 2.318993, 
epoch  43 summary: train_cos_loss : 0.035857, vocab_cro_loss : 2.305218, 
epoch  44 summary: train_cos_loss : 0.035870, vocab_cro_loss : 2.305240, 
epoch  45 summary: train_cos_loss : 0.035861, vocab_cro_loss : 2.313070, 
epoch  46 summary: train_cos_loss : 0.035879, vocab_cro_loss : 2.303459, 
epoch  47 summary: train_cos_loss : 0.035858, vocab_cro_loss : 2.299986, 
epoch  48 summary: train_cos_loss : 0.035840, vocab_cro_loss : 2.322440, 
epoch  49 summary: train_cos_loss : 0.035845, vocab_cro_loss : 2.301834, 
epoch  50 summary: train_cos_loss : 0.035938, vocab_cro_loss : 2.305430, 
train loss: 2.3062, accuracy: 0.4241
epoch  51 summary: train_cos_loss : 0.035856, vocab_cro_loss : 2.306110, 
epoch  52 summary: train_cos_loss : 0.035904, vocab_cro_loss : 2.310237, 
epoch  53 summary: train_cos_loss : 0.035823, vocab_cro_loss : 2.303357, 
epoch  54 summary: train_cos_loss : 0.035899, vocab_cro_loss : 2.306077, 
epoch  55 summary: train_cos_loss : 0.035758, vocab_cro_loss : 2.299723, 
epoch  56 summary: train_cos_loss : 0.035922, vocab_cro_loss : 2.329531, 
epoch  57 summary: train_cos_loss : 0.035845, vocab_cro_loss : 2.320836, 
epoch  58 summary: train_cos_loss : 0.035868, vocab_cro_loss : 2.316001, 
epoch  59 summary: train_cos_loss : 0.035824, vocab_cro_loss : 2.304452, 
epoch  60 summary: train_cos_loss : 0.035913, vocab_cro_loss : 2.340866, 
train loss: 2.3226, accuracy: 0.4346
epoch  61 summary: train_cos_loss : 0.035938, vocab_cro_loss : 2.322312, 
epoch  62 summary: train_cos_loss : 0.035879, vocab_cro_loss : 2.313796, 
epoch  63 summary: train_cos_loss : 0.035912, vocab_cro_loss : 2.312370, 
epoch  64 summary: train_cos_loss : 0.035843, vocab_cro_loss : 2.307223, 
epoch  65 summary: train_cos_loss : 0.035865, vocab_cro_loss : 2.304148, 
epoch  66 summary: train_cos_loss : 0.035893, vocab_cro_loss : 2.304564, 
epoch  67 summary: train_cos_loss : 0.035831, vocab_cro_loss : 2.302521, 
epoch  68 summary: train_cos_loss : 0.035843, vocab_cro_loss : 2.303112, 
epoch  69 summary: train_cos_loss : 0.035866, vocab_cro_loss : 2.303038, 
epoch  70 summary: train_cos_loss : 0.035875, vocab_cro_loss : 2.302982, 
train loss: 2.3022, accuracy: 0.4280
epoch  71 summary: train_cos_loss : 0.035870, vocab_cro_loss : 2.302173, 
epoch  72 summary: train_cos_loss : 0.035840, vocab_cro_loss : 2.303577, 
epoch  73 summary: train_cos_loss : 0.035843, vocab_cro_loss : 2.302207, 
epoch  74 summary: train_cos_loss : 0.035852, vocab_cro_loss : 2.304537, 
epoch  75 summary: train_cos_loss : 0.035833, vocab_cro_loss : 2.305227, 
epoch  76 summary: train_cos_loss : 0.035828, vocab_cro_loss : 2.303948, 
epoch  77 summary: train_cos_loss : 0.035876, vocab_cro_loss : 2.304391, 
epoch  78 summary: train_cos_loss : 0.035887, vocab_cro_loss : 2.303527, 
epoch  79 summary: train_cos_loss : 0.035847, vocab_cro_loss : 2.302218, 
epoch  80 summary: train_cos_loss : 0.035834, vocab_cro_loss : 2.302809, 
train loss: 2.3035, accuracy: 0.4248
epoch  81 summary: train_cos_loss : 0.035829, vocab_cro_loss : 2.303488, 
epoch  82 summary: train_cos_loss : 0.035820, vocab_cro_loss : 2.304280, 
epoch  83 summary: train_cos_loss : 0.035820, vocab_cro_loss : 2.305055, 
epoch  84 summary: train_cos_loss : 0.035768, vocab_cro_loss : 2.304016, 
epoch  85 summary: train_cos_loss : 0.035768, vocab_cro_loss : 2.302755, 
epoch  86 summary: train_cos_loss : 0.035744, vocab_cro_loss : 2.302825, 
epoch  87 summary: train_cos_loss : 0.035773, vocab_cro_loss : 2.302590, 
epoch  88 summary: train_cos_loss : 0.035781, vocab_cro_loss : 2.304009, 
epoch  89 summary: train_cos_loss : 0.035758, vocab_cro_loss : 2.302748, 
epoch  90 summary: train_cos_loss : 0.035821, vocab_cro_loss : 2.301705, 
train loss: 2.3040, accuracy: 0.4287
epoch  91 summary: train_cos_loss : 0.035894, vocab_cro_loss : 2.303936, 
epoch  92 summary: train_cos_loss : 0.035837, vocab_cro_loss : 2.303787, 
epoch  93 summary: train_cos_loss : 0.035847, vocab_cro_loss : 2.301294, 
epoch  94 summary: train_cos_loss : 0.035852, vocab_cro_loss : 2.299772, 
epoch  95 summary: train_cos_loss : 0.035846, vocab_cro_loss : 2.297895, 
epoch  96 summary: train_cos_loss : 0.035815, vocab_cro_loss : 2.296770, 
epoch  97 summary: train_cos_loss : 0.035853, vocab_cro_loss : 2.296775, 
epoch  98 summary: train_cos_loss : 0.035836, vocab_cro_loss : 2.298045, 
epoch  99 summary: train_cos_loss : 0.035849, vocab_cro_loss : 2.296546, 
train loss: 2.2982, accuracy: 0.4299
all                         396782.100ms
all_epoch                   390729.789ms
all_preparation               6052.229ms
all_preparation_2             6050.542ms
all_preparation_3                1.641ms
epoch                         3580.925ms
epoch_pos_train                  7.592ms
epoch_preparation               18.679ms
epoch_train                   3537.230ms
epoch_valid                     14.720ms
----------------------------------------
all                         396782.100ms
  all_epoch             98.47%
  all_preparation        1.53%
all_preparation               6052.229ms
  all_preparation_2     99.97%
  all_preparation_3      0.03%
epoch                       358092.467ms
  epoch_train           98.78%
  epoch_preparation      0.52%
  epoch_valid            0.41%
  epoch_pos_train        0.21%
epoch   0 summary: valid_cos_loss : 0.244741, 
valid loss: 3.2700, accuracy: 0.2408
epoch   1 summary: valid_cos_loss : 0.143142, 
epoch   2 summary: valid_cos_loss : 0.092734, 
epoch   3 summary: valid_cos_loss : 0.068300, 
epoch   4 summary: valid_cos_loss : 0.056723, 
epoch   5 summary: valid_cos_loss : 0.051305, 
epoch   6 summary: valid_cos_loss : 0.048685, 
epoch   7 summary: valid_cos_loss : 0.047372, 
epoch   8 summary: valid_cos_loss : 0.046582, 
epoch   9 summary: valid_cos_loss : 0.046205, 
epoch  10 summary: valid_cos_loss : 0.046205, 
valid loss: 2.7475, accuracy: 0.3568
epoch  11 summary: valid_cos_loss : 0.045811, 
epoch  12 summary: valid_cos_loss : 0.045491, 
epoch  13 summary: valid_cos_loss : 0.045315, 
epoch  14 summary: valid_cos_loss : 0.045149, 
epoch  15 summary: valid_cos_loss : 0.045021, 
epoch  16 summary: valid_cos_loss : 0.044898, 
epoch  17 summary: valid_cos_loss : 0.044841, 
epoch  18 summary: valid_cos_loss : 0.044791, 
epoch  19 summary: valid_cos_loss : 0.044733, 
epoch  20 summary: valid_cos_loss : 0.044918, 
valid loss: 2.7455, accuracy: 0.3549
epoch  21 summary: valid_cos_loss : 0.044736, 
epoch  22 summary: valid_cos_loss : 0.044649, 
epoch  23 summary: valid_cos_loss : 0.044629, 
epoch  24 summary: valid_cos_loss : 0.044533, 
epoch  25 summary: valid_cos_loss : 0.044480, 
epoch  26 summary: valid_cos_loss : 0.044479, 
epoch  27 summary: valid_cos_loss : 0.044382, 
epoch  28 summary: valid_cos_loss : 0.044349, 
epoch  29 summary: valid_cos_loss : 0.044362, 
epoch  30 summary: valid_cos_loss : 0.044594, 
valid loss: 2.7457, accuracy: 0.3557
epoch  31 summary: valid_cos_loss : 0.044385, 
epoch  32 summary: valid_cos_loss : 0.044315, 
epoch  33 summary: valid_cos_loss : 0.044285, 
epoch  34 summary: valid_cos_loss : 0.044269, 
epoch  35 summary: valid_cos_loss : 0.044171, 
epoch  36 summary: valid_cos_loss : 0.044169, 
epoch  37 summary: valid_cos_loss : 0.044179, 
epoch  38 summary: valid_cos_loss : 0.044173, 
epoch  39 summary: valid_cos_loss : 0.044132, 
epoch  40 summary: valid_cos_loss : 0.044446, 
valid loss: 2.7477, accuracy: 0.3568
epoch  41 summary: valid_cos_loss : 0.044332, 
epoch  42 summary: valid_cos_loss : 0.044231, 
epoch  43 summary: valid_cos_loss : 0.044217, 
epoch  44 summary: valid_cos_loss : 0.044175, 
epoch  45 summary: valid_cos_loss : 0.044156, 
epoch  46 summary: valid_cos_loss : 0.044136, 
epoch  47 summary: valid_cos_loss : 0.044117, 
epoch  48 summary: valid_cos_loss : 0.044089, 
epoch  49 summary: valid_cos_loss : 0.044078, 
epoch  50 summary: valid_cos_loss : 0.044350, 
valid loss: 2.7474, accuracy: 0.3571
epoch  51 summary: valid_cos_loss : 0.044210, 
epoch  52 summary: valid_cos_loss : 0.044127, 
epoch  53 summary: valid_cos_loss : 0.044104, 
epoch  54 summary: valid_cos_loss : 0.044049, 
epoch  55 summary: valid_cos_loss : 0.044061, 
epoch  56 summary: valid_cos_loss : 0.044064, 
epoch  57 summary: valid_cos_loss : 0.044048, 
epoch  58 summary: valid_cos_loss : 0.044050, 
epoch  59 summary: valid_cos_loss : 0.044038, 
epoch  60 summary: valid_cos_loss : 0.044276, 
valid loss: 2.7482, accuracy: 0.3586
epoch  61 summary: valid_cos_loss : 0.044116, 
epoch  62 summary: valid_cos_loss : 0.044075, 
epoch  63 summary: valid_cos_loss : 0.044060, 
epoch  64 summary: valid_cos_loss : 0.044028, 
epoch  65 summary: valid_cos_loss : 0.043979, 
epoch  66 summary: valid_cos_loss : 0.043954, 
epoch  67 summary: valid_cos_loss : 0.043979, 
epoch  68 summary: valid_cos_loss : 0.043951, 
epoch  69 summary: valid_cos_loss : 0.043939, 
epoch  70 summary: valid_cos_loss : 0.044168, 
valid loss: 2.7514, accuracy: 0.3564
epoch  71 summary: valid_cos_loss : 0.044013, 
epoch  72 summary: valid_cos_loss : 0.043982, 
epoch  73 summary: valid_cos_loss : 0.043924, 
epoch  74 summary: valid_cos_loss : 0.043935, 
epoch  75 summary: valid_cos_loss : 0.043913, 
epoch  76 summary: valid_cos_loss : 0.043907, 
epoch  77 summary: valid_cos_loss : 0.043926, 
epoch  78 summary: valid_cos_loss : 0.043924, 
epoch  79 summary: valid_cos_loss : 0.043936, 
epoch  80 summary: valid_cos_loss : 0.044219, 
valid loss: 2.7533, accuracy: 0.3573
epoch  81 summary: valid_cos_loss : 0.044117, 
epoch  82 summary: valid_cos_loss : 0.044026, 
epoch  83 summary: valid_cos_loss : 0.043993, 
epoch  84 summary: valid_cos_loss : 0.043937, 
epoch  85 summary: valid_cos_loss : 0.043940, 
epoch  86 summary: valid_cos_loss : 0.043921, 
epoch  87 summary: valid_cos_loss : 0.043898, 
epoch  88 summary: valid_cos_loss : 0.043906, 
epoch  89 summary: valid_cos_loss : 0.043881, 
epoch  90 summary: valid_cos_loss : 0.043982, 
valid loss: 2.7510, accuracy: 0.3579
epoch  91 summary: valid_cos_loss : 0.043873, 
epoch  92 summary: valid_cos_loss : 0.043809, 
epoch  93 summary: valid_cos_loss : 0.043801, 
epoch  94 summary: valid_cos_loss : 0.043795, 
epoch  95 summary: valid_cos_loss : 0.043767, 
epoch  96 summary: valid_cos_loss : 0.043774, 
epoch  97 summary: valid_cos_loss : 0.043752, 
epoch  98 summary: valid_cos_loss : 0.043766, 
epoch  99 summary: valid_cos_loss : 0.043756, 
valid loss: 2.7474, accuracy: 0.3585
all                         740798.695ms
all_epoch                   740760.979ms
all_preparation                 37.665ms
all_preparation_2               35.265ms
all_preparation_3                2.370ms
epoch                         7172.977ms
epoch_pos_train                  8.761ms
epoch_preparation                1.384ms
epoch_train                   7123.535ms
epoch_valid                     37.382ms
----------------------------------------
all                         740798.695ms
  all_epoch             99.99%
  all_preparation        0.01%
all_preparation                 37.665ms
  all_preparation_2     93.63%
  all_preparation_3      6.29%
epoch                       717297.742ms
  epoch_train           99.31%
  epoch_valid            0.52%
  epoch_pos_train        0.12%
  epoch_preparation      0.02%
