Before CTE Training: train eu loss: 1.057024359703064, eval eu loss: 1.4517745971679688
Before CTE Training: train eu acc: 0.66552734375, eval eu acc: 0.5794677734375
epoch   0 summary: train_cos_loss : 0.196329, vocab_cro_loss : 4.498505, 
train loss: 4.0994, accuracy: 0.0635
epoch   1 summary: train_cos_loss : 0.172970, vocab_cro_loss : 4.097353, 
epoch   2 summary: train_cos_loss : 0.131514, vocab_cro_loss : 3.296062, 
epoch   3 summary: train_cos_loss : 0.101337, vocab_cro_loss : 2.788626, 
epoch   4 summary: train_cos_loss : 0.078020, vocab_cro_loss : 2.552776, 
epoch   5 summary: train_cos_loss : 0.063833, vocab_cro_loss : 2.471126, 
epoch   6 summary: train_cos_loss : 0.053591, vocab_cro_loss : 2.453248, 
epoch   7 summary: train_cos_loss : 0.047755, vocab_cro_loss : 2.587295, 
epoch   8 summary: train_cos_loss : 0.043541, vocab_cro_loss : 2.666652, 
epoch   9 summary: train_cos_loss : 0.041396, vocab_cro_loss : 2.469927, 
epoch  10 summary: train_cos_loss : 0.039637, vocab_cro_loss : 2.660986, 
train loss: 2.4859, accuracy: 0.4771
epoch  11 summary: train_cos_loss : 0.038895, vocab_cro_loss : 2.482615, 
epoch  12 summary: train_cos_loss : 0.037280, vocab_cro_loss : 2.622915, 
epoch  13 summary: train_cos_loss : 0.036147, vocab_cro_loss : 2.421628, 
epoch  14 summary: train_cos_loss : 0.035960, vocab_cro_loss : 2.396735, 
epoch  15 summary: train_cos_loss : 0.034550, vocab_cro_loss : 2.666513, 
epoch  16 summary: train_cos_loss : 0.033895, vocab_cro_loss : 2.307415, 
epoch  17 summary: train_cos_loss : 0.032920, vocab_cro_loss : 2.301097, 
epoch  18 summary: train_cos_loss : 0.032359, vocab_cro_loss : 2.716264, 
epoch  19 summary: train_cos_loss : 0.032424, vocab_cro_loss : 2.408923, 
epoch  20 summary: train_cos_loss : 0.032011, vocab_cro_loss : 2.398954, 
train loss: 2.2670, accuracy: 0.4895
epoch  21 summary: train_cos_loss : 0.031131, vocab_cro_loss : 2.265727, 
epoch  22 summary: train_cos_loss : 0.030674, vocab_cro_loss : 2.355516, 
epoch  23 summary: train_cos_loss : 0.030914, vocab_cro_loss : 3.034965, 
epoch  24 summary: train_cos_loss : 0.031056, vocab_cro_loss : 2.667188, 
epoch  25 summary: train_cos_loss : 0.031206, vocab_cro_loss : 2.943334, 
epoch  26 summary: train_cos_loss : 0.031498, vocab_cro_loss : 2.696541, 
epoch  27 summary: train_cos_loss : 0.031395, vocab_cro_loss : 2.465494, 
epoch  28 summary: train_cos_loss : 0.030639, vocab_cro_loss : 2.275239, 
epoch  29 summary: train_cos_loss : 0.030348, vocab_cro_loss : 2.224838, 
epoch  30 summary: train_cos_loss : 0.029706, vocab_cro_loss : 2.275221, 
train loss: 2.2782, accuracy: 0.4817
epoch  31 summary: train_cos_loss : 0.030232, vocab_cro_loss : 2.276081, 
epoch  32 summary: train_cos_loss : 0.029653, vocab_cro_loss : 2.211399, 
epoch  33 summary: train_cos_loss : 0.029314, vocab_cro_loss : 2.086327, 
epoch  34 summary: train_cos_loss : 0.029320, vocab_cro_loss : 2.132628, 
epoch  35 summary: train_cos_loss : 0.029227, vocab_cro_loss : 2.066439, 
epoch  36 summary: train_cos_loss : 0.028969, vocab_cro_loss : 2.039645, 
epoch  37 summary: train_cos_loss : 0.028700, vocab_cro_loss : 2.088575, 
epoch  38 summary: train_cos_loss : 0.028847, vocab_cro_loss : 2.128784, 
epoch  39 summary: train_cos_loss : 0.028985, vocab_cro_loss : 2.164106, 
epoch  40 summary: train_cos_loss : 0.028863, vocab_cro_loss : 2.150511, 
train loss: 2.1212, accuracy: 0.4939
epoch  41 summary: train_cos_loss : 0.028890, vocab_cro_loss : 2.119750, 
epoch  42 summary: train_cos_loss : 0.028817, vocab_cro_loss : 2.072889, 
epoch  43 summary: train_cos_loss : 0.028896, vocab_cro_loss : 2.049783, 
epoch  44 summary: train_cos_loss : 0.028563, vocab_cro_loss : 2.014771, 
epoch  45 summary: train_cos_loss : 0.028321, vocab_cro_loss : 2.085401, 
epoch  46 summary: train_cos_loss : 0.028338, vocab_cro_loss : 2.093587, 
epoch  47 summary: train_cos_loss : 0.028126, vocab_cro_loss : 2.038676, 
epoch  48 summary: train_cos_loss : 0.028191, vocab_cro_loss : 2.064327, 
epoch  49 summary: train_cos_loss : 0.027990, vocab_cro_loss : 2.132901, 
epoch  50 summary: train_cos_loss : 0.028028, vocab_cro_loss : 2.201095, 
train loss: 2.1018, accuracy: 0.4827
epoch  51 summary: train_cos_loss : 0.028281, vocab_cro_loss : 2.100682, 
epoch  52 summary: train_cos_loss : 0.028202, vocab_cro_loss : 2.152238, 
epoch  53 summary: train_cos_loss : 0.028239, vocab_cro_loss : 2.205927, 
epoch  54 summary: train_cos_loss : 0.028004, vocab_cro_loss : 2.188846, 
epoch  55 summary: train_cos_loss : 0.027886, vocab_cro_loss : 2.156049, 
epoch  56 summary: train_cos_loss : 0.027810, vocab_cro_loss : 2.217262, 
epoch  57 summary: train_cos_loss : 0.027691, vocab_cro_loss : 2.168291, 
epoch  58 summary: train_cos_loss : 0.027628, vocab_cro_loss : 2.213699, 
epoch  59 summary: train_cos_loss : 0.027881, vocab_cro_loss : 2.241972, 
epoch  60 summary: train_cos_loss : 0.028147, vocab_cro_loss : 2.144993, 
train loss: 2.2311, accuracy: 0.4868
epoch  61 summary: train_cos_loss : 0.027968, vocab_cro_loss : 2.229504, 
epoch  62 summary: train_cos_loss : 0.028022, vocab_cro_loss : 2.112742, 
epoch  63 summary: train_cos_loss : 0.028388, vocab_cro_loss : 2.164342, 
epoch  64 summary: train_cos_loss : 0.027956, vocab_cro_loss : 2.158856, 
epoch  65 summary: train_cos_loss : 0.028175, vocab_cro_loss : 2.220319, 
epoch  66 summary: train_cos_loss : 0.027952, vocab_cro_loss : 2.168570, 
epoch  67 summary: train_cos_loss : 0.027899, vocab_cro_loss : 2.034164, 
epoch  68 summary: train_cos_loss : 0.027840, vocab_cro_loss : 2.097755, 
epoch  69 summary: train_cos_loss : 0.027692, vocab_cro_loss : 2.190371, 
epoch  70 summary: train_cos_loss : 0.027865, vocab_cro_loss : 2.174661, 
train loss: 2.1364, accuracy: 0.4922
epoch  71 summary: train_cos_loss : 0.027914, vocab_cro_loss : 2.134766, 
epoch  72 summary: train_cos_loss : 0.027679, vocab_cro_loss : 2.060143, 
epoch  73 summary: train_cos_loss : 0.027673, vocab_cro_loss : 2.118368, 
epoch  74 summary: train_cos_loss : 0.027577, vocab_cro_loss : 2.141951, 
epoch  75 summary: train_cos_loss : 0.027544, vocab_cro_loss : 2.127179, 
epoch  76 summary: train_cos_loss : 0.027566, vocab_cro_loss : 2.190675, 
epoch  77 summary: train_cos_loss : 0.027401, vocab_cro_loss : 2.150691, 
epoch  78 summary: train_cos_loss : 0.027588, vocab_cro_loss : 2.092688, 
epoch  79 summary: train_cos_loss : 0.027419, vocab_cro_loss : 2.065982, 
epoch  80 summary: train_cos_loss : 0.027536, vocab_cro_loss : 2.132053, 
train loss: 2.1400, accuracy: 0.4912
epoch  81 summary: train_cos_loss : 0.027635, vocab_cro_loss : 2.137861, 
epoch  82 summary: train_cos_loss : 0.027871, vocab_cro_loss : 2.172979, 
epoch  83 summary: train_cos_loss : 0.027537, vocab_cro_loss : 2.010736, 
epoch  84 summary: train_cos_loss : 0.027623, vocab_cro_loss : 2.149490, 
epoch  85 summary: train_cos_loss : 0.028084, vocab_cro_loss : 2.047997, 
epoch  86 summary: train_cos_loss : 0.027887, vocab_cro_loss : 2.143031, 
epoch  87 summary: train_cos_loss : 0.027700, vocab_cro_loss : 2.105800, 
epoch  88 summary: train_cos_loss : 0.027794, vocab_cro_loss : 2.117885, 
epoch  89 summary: train_cos_loss : 0.027652, vocab_cro_loss : 2.074308, 
epoch  90 summary: train_cos_loss : 0.027552, vocab_cro_loss : 2.077156, 
train loss: 2.1843, accuracy: 0.4897
epoch  91 summary: train_cos_loss : 0.027546, vocab_cro_loss : 2.182208, 
epoch  92 summary: train_cos_loss : 0.027477, vocab_cro_loss : 2.109855, 
epoch  93 summary: train_cos_loss : 0.027325, vocab_cro_loss : 2.177009, 
epoch  94 summary: train_cos_loss : 0.027345, vocab_cro_loss : 2.128064, 
epoch  95 summary: train_cos_loss : 0.027339, vocab_cro_loss : 2.076119, 
epoch  96 summary: train_cos_loss : 0.027642, vocab_cro_loss : 2.182613, 
epoch  97 summary: train_cos_loss : 0.027551, vocab_cro_loss : 2.155452, 
epoch  98 summary: train_cos_loss : 0.027398, vocab_cro_loss : 2.104536, 
epoch  99 summary: train_cos_loss : 0.027409, vocab_cro_loss : 2.085071, 
train loss: 2.0625, accuracy: 0.5054
all                         220599.964ms
all_epoch                   215009.941ms
all_preparation               5589.962ms
all_preparation_2             5588.600ms
all_preparation_3                1.323ms
epoch                         1834.211ms
epoch_pos_train                  5.652ms
epoch_preparation               22.232ms
epoch_train                   1791.598ms
epoch_valid                     12.662ms
----------------------------------------
all                         220599.964ms
  all_epoch             97.47%
  all_preparation        2.53%
all_preparation               5589.962ms
  all_preparation_2     99.98%
  all_preparation_3      0.02%
epoch                       183421.088ms
  epoch_train           97.68%
  epoch_preparation      1.21%
  epoch_valid            0.69%
  epoch_pos_train        0.31%
epoch   0 summary: valid_cos_loss : 0.219759, 
valid loss: 3.1995, accuracy: 0.2478
epoch   1 summary: valid_cos_loss : 0.113499, 
epoch   2 summary: valid_cos_loss : 0.069487, 
epoch   3 summary: valid_cos_loss : 0.049198, 
epoch   4 summary: valid_cos_loss : 0.040663, 
epoch   5 summary: valid_cos_loss : 0.036605, 
epoch   6 summary: valid_cos_loss : 0.035162, 
epoch   7 summary: valid_cos_loss : 0.034800, 
epoch   8 summary: valid_cos_loss : 0.034347, 
epoch   9 summary: valid_cos_loss : 0.033904, 
epoch  10 summary: valid_cos_loss : 0.034487, 
valid loss: 2.6236, accuracy: 0.3884
epoch  11 summary: valid_cos_loss : 0.034218, 
epoch  12 summary: valid_cos_loss : 0.034030, 
epoch  13 summary: valid_cos_loss : 0.034238, 
epoch  14 summary: valid_cos_loss : 0.033874, 
epoch  15 summary: valid_cos_loss : 0.034027, 
epoch  16 summary: valid_cos_loss : 0.034292, 
epoch  17 summary: valid_cos_loss : 0.034329, 
epoch  18 summary: valid_cos_loss : 0.033470, 
epoch  19 summary: valid_cos_loss : 0.034146, 
epoch  20 summary: valid_cos_loss : 0.034289, 
valid loss: 2.6292, accuracy: 0.3903
epoch  21 summary: valid_cos_loss : 0.034746, 
epoch  22 summary: valid_cos_loss : 0.034184, 
epoch  23 summary: valid_cos_loss : 0.033967, 
epoch  24 summary: valid_cos_loss : 0.033968, 
epoch  25 summary: valid_cos_loss : 0.033809, 
epoch  26 summary: valid_cos_loss : 0.033724, 
epoch  27 summary: valid_cos_loss : 0.033923, 
epoch  28 summary: valid_cos_loss : 0.034061, 
epoch  29 summary: valid_cos_loss : 0.033527, 
epoch  30 summary: valid_cos_loss : 0.033930, 
valid loss: 2.6376, accuracy: 0.3877
epoch  31 summary: valid_cos_loss : 0.034361, 
epoch  32 summary: valid_cos_loss : 0.033595, 
epoch  33 summary: valid_cos_loss : 0.033435, 
epoch  34 summary: valid_cos_loss : 0.033934, 
epoch  35 summary: valid_cos_loss : 0.033464, 
epoch  36 summary: valid_cos_loss : 0.033998, 
epoch  37 summary: valid_cos_loss : 0.033552, 
epoch  38 summary: valid_cos_loss : 0.034128, 
epoch  39 summary: valid_cos_loss : 0.033733, 
epoch  40 summary: valid_cos_loss : 0.034204, 
valid loss: 2.6467, accuracy: 0.3870
epoch  41 summary: valid_cos_loss : 0.034364, 
epoch  42 summary: valid_cos_loss : 0.034036, 
epoch  43 summary: valid_cos_loss : 0.034487, 
epoch  44 summary: valid_cos_loss : 0.033347, 
epoch  45 summary: valid_cos_loss : 0.034157, 
epoch  46 summary: valid_cos_loss : 0.033392, 
epoch  47 summary: valid_cos_loss : 0.033910, 
epoch  48 summary: valid_cos_loss : 0.033364, 
epoch  49 summary: valid_cos_loss : 0.033700, 
epoch  50 summary: valid_cos_loss : 0.033566, 
valid loss: 2.6378, accuracy: 0.3899
epoch  51 summary: valid_cos_loss : 0.033898, 
epoch  52 summary: valid_cos_loss : 0.033464, 
epoch  53 summary: valid_cos_loss : 0.033977, 
epoch  54 summary: valid_cos_loss : 0.033387, 
epoch  55 summary: valid_cos_loss : 0.033830, 
epoch  56 summary: valid_cos_loss : 0.033678, 
epoch  57 summary: valid_cos_loss : 0.033531, 
epoch  58 summary: valid_cos_loss : 0.033566, 
epoch  59 summary: valid_cos_loss : 0.033878, 
epoch  60 summary: valid_cos_loss : 0.033687, 
valid loss: 2.6238, accuracy: 0.3912
epoch  61 summary: valid_cos_loss : 0.033160, 
epoch  62 summary: valid_cos_loss : 0.033284, 
epoch  63 summary: valid_cos_loss : 0.033272, 
epoch  64 summary: valid_cos_loss : 0.033543, 
epoch  65 summary: valid_cos_loss : 0.033965, 
epoch  66 summary: valid_cos_loss : 0.033589, 
epoch  67 summary: valid_cos_loss : 0.034081, 
epoch  68 summary: valid_cos_loss : 0.034197, 
epoch  69 summary: valid_cos_loss : 0.033647, 
epoch  70 summary: valid_cos_loss : 0.033895, 
valid loss: 2.6316, accuracy: 0.3882
epoch  71 summary: valid_cos_loss : 0.033474, 
epoch  72 summary: valid_cos_loss : 0.033782, 
epoch  73 summary: valid_cos_loss : 0.033251, 
epoch  74 summary: valid_cos_loss : 0.033214, 
epoch  75 summary: valid_cos_loss : 0.033216, 
epoch  76 summary: valid_cos_loss : 0.033328, 
epoch  77 summary: valid_cos_loss : 0.033245, 
epoch  78 summary: valid_cos_loss : 0.033480, 
epoch  79 summary: valid_cos_loss : 0.033531, 
epoch  80 summary: valid_cos_loss : 0.033595, 
valid loss: 2.6289, accuracy: 0.3904
epoch  81 summary: valid_cos_loss : 0.033477, 
epoch  82 summary: valid_cos_loss : 0.033031, 
epoch  83 summary: valid_cos_loss : 0.033126, 
epoch  84 summary: valid_cos_loss : 0.033061, 
epoch  85 summary: valid_cos_loss : 0.032788, 
epoch  86 summary: valid_cos_loss : 0.032978, 
epoch  87 summary: valid_cos_loss : 0.033084, 
epoch  88 summary: valid_cos_loss : 0.033154, 
epoch  89 summary: valid_cos_loss : 0.033071, 
epoch  90 summary: valid_cos_loss : 0.033658, 
valid loss: 2.6247, accuracy: 0.3918
epoch  91 summary: valid_cos_loss : 0.032798, 
epoch  92 summary: valid_cos_loss : 0.032976, 
epoch  93 summary: valid_cos_loss : 0.032530, 
epoch  94 summary: valid_cos_loss : 0.032546, 
epoch  95 summary: valid_cos_loss : 0.033286, 
epoch  96 summary: valid_cos_loss : 0.032742, 
epoch  97 summary: valid_cos_loss : 0.032858, 
epoch  98 summary: valid_cos_loss : 0.032741, 
epoch  99 summary: valid_cos_loss : 0.032707, 
valid loss: 2.6257, accuracy: 0.3901
all                         376675.012ms
all_epoch                   376645.827ms
all_preparation                 29.152ms
all_preparation_2               28.050ms
all_preparation_3                1.082ms
epoch                         3533.083ms
epoch_pos_train                  6.807ms
epoch_preparation                1.098ms
epoch_train                   3494.863ms
epoch_valid                     28.729ms
----------------------------------------
all                         376675.012ms
  all_epoch             99.99%
  all_preparation        0.01%
all_preparation                 29.152ms
  all_preparation_2     96.22%
  all_preparation_3      3.71%
epoch                       353308.297ms
  epoch_train           98.92%
  epoch_valid            0.81%
  epoch_pos_train        0.19%
  epoch_preparation      0.03%
