Before CTE Training: train eu loss: 1.057024359703064, eval eu loss: 1.4517745971679688
Before CTE Training: train eu acc: 0.66552734375, eval eu acc: 0.5794677734375
epoch   0 summary: train_cos_loss : 0.172708, vocab_cro_loss : 4.328665, 
train loss: 4.1125, accuracy: 0.0540
epoch   1 summary: train_cos_loss : 0.166092, vocab_cro_loss : 4.112192, 
epoch   2 summary: train_cos_loss : 0.152567, vocab_cro_loss : 3.775834, 
epoch   3 summary: train_cos_loss : 0.134126, vocab_cro_loss : 3.302178, 
epoch   4 summary: train_cos_loss : 0.114419, vocab_cro_loss : 2.892350, 
epoch   5 summary: train_cos_loss : 0.096293, vocab_cro_loss : 2.643730, 
epoch   6 summary: train_cos_loss : 0.080621, vocab_cro_loss : 2.364070, 
epoch   7 summary: train_cos_loss : 0.067863, vocab_cro_loss : 2.184877, 
epoch   8 summary: train_cos_loss : 0.057859, vocab_cro_loss : 2.052261, 
epoch   9 summary: train_cos_loss : 0.049813, vocab_cro_loss : 1.942760, 
epoch  10 summary: train_cos_loss : 0.043662, vocab_cro_loss : 1.868832, 
train loss: 1.8194, accuracy: 0.5171
epoch  11 summary: train_cos_loss : 0.038721, vocab_cro_loss : 1.819290, 
epoch  12 summary: train_cos_loss : 0.034360, vocab_cro_loss : 1.815546, 
epoch  13 summary: train_cos_loss : 0.031129, vocab_cro_loss : 1.762317, 
epoch  14 summary: train_cos_loss : 0.028419, vocab_cro_loss : 1.739659, 
epoch  15 summary: train_cos_loss : 0.026093, vocab_cro_loss : 1.712224, 
epoch  16 summary: train_cos_loss : 0.024243, vocab_cro_loss : 1.674023, 
epoch  17 summary: train_cos_loss : 0.022692, vocab_cro_loss : 1.634675, 
epoch  18 summary: train_cos_loss : 0.021371, vocab_cro_loss : 1.646878, 
epoch  19 summary: train_cos_loss : 0.020327, vocab_cro_loss : 1.648360, 
epoch  20 summary: train_cos_loss : 0.019536, vocab_cro_loss : 1.626108, 
train loss: 1.6451, accuracy: 0.5481
epoch  21 summary: train_cos_loss : 0.018824, vocab_cro_loss : 1.644706, 
epoch  22 summary: train_cos_loss : 0.018329, vocab_cro_loss : 1.747831, 
epoch  23 summary: train_cos_loss : 0.017868, vocab_cro_loss : 1.686566, 
epoch  24 summary: train_cos_loss : 0.017473, vocab_cro_loss : 1.683491, 
epoch  25 summary: train_cos_loss : 0.017060, vocab_cro_loss : 1.705920, 
epoch  26 summary: train_cos_loss : 0.016705, vocab_cro_loss : 1.668079, 
epoch  27 summary: train_cos_loss : 0.016409, vocab_cro_loss : 1.619985, 
epoch  28 summary: train_cos_loss : 0.016089, vocab_cro_loss : 1.601131, 
epoch  29 summary: train_cos_loss : 0.015893, vocab_cro_loss : 1.619875, 
epoch  30 summary: train_cos_loss : 0.015936, vocab_cro_loss : 1.614270, 
train loss: 1.6398, accuracy: 0.5496
epoch  31 summary: train_cos_loss : 0.015764, vocab_cro_loss : 1.639434, 
epoch  32 summary: train_cos_loss : 0.015666, vocab_cro_loss : 1.617873, 
epoch  33 summary: train_cos_loss : 0.015575, vocab_cro_loss : 1.822577, 
epoch  34 summary: train_cos_loss : 0.015769, vocab_cro_loss : 1.759476, 
epoch  35 summary: train_cos_loss : 0.015691, vocab_cro_loss : 1.727971, 
epoch  36 summary: train_cos_loss : 0.015556, vocab_cro_loss : 1.664731, 
epoch  37 summary: train_cos_loss : 0.015564, vocab_cro_loss : 1.645402, 
epoch  38 summary: train_cos_loss : 0.015625, vocab_cro_loss : 1.632377, 
epoch  39 summary: train_cos_loss : 0.015472, vocab_cro_loss : 1.626404, 
epoch  40 summary: train_cos_loss : 0.015628, vocab_cro_loss : 1.603524, 
train loss: 1.6333, accuracy: 0.5469
epoch  41 summary: train_cos_loss : 0.015579, vocab_cro_loss : 1.632943, 
epoch  42 summary: train_cos_loss : 0.015497, vocab_cro_loss : 1.611671, 
epoch  43 summary: train_cos_loss : 0.015420, vocab_cro_loss : 1.571863, 
epoch  44 summary: train_cos_loss : 0.015391, vocab_cro_loss : 1.587086, 
epoch  45 summary: train_cos_loss : 0.015223, vocab_cro_loss : 1.575364, 
epoch  46 summary: train_cos_loss : 0.015199, vocab_cro_loss : 1.617423, 
epoch  47 summary: train_cos_loss : 0.015223, vocab_cro_loss : 1.649237, 
epoch  48 summary: train_cos_loss : 0.015214, vocab_cro_loss : 1.917577, 
epoch  49 summary: train_cos_loss : 0.015507, vocab_cro_loss : 1.791802, 
epoch  50 summary: train_cos_loss : 0.015543, vocab_cro_loss : 1.698157, 
train loss: 1.7101, accuracy: 0.5349
epoch  51 summary: train_cos_loss : 0.015518, vocab_cro_loss : 1.709674, 
epoch  52 summary: train_cos_loss : 0.015540, vocab_cro_loss : 1.674159, 
epoch  53 summary: train_cos_loss : 0.015415, vocab_cro_loss : 1.609065, 
epoch  54 summary: train_cos_loss : 0.015233, vocab_cro_loss : 1.607832, 
epoch  55 summary: train_cos_loss : 0.015127, vocab_cro_loss : 1.592710, 
epoch  56 summary: train_cos_loss : 0.015060, vocab_cro_loss : 1.583530, 
epoch  57 summary: train_cos_loss : 0.014874, vocab_cro_loss : 1.565426, 
epoch  58 summary: train_cos_loss : 0.014903, vocab_cro_loss : 1.574817, 
epoch  59 summary: train_cos_loss : 0.014807, vocab_cro_loss : 1.575761, 
epoch  60 summary: train_cos_loss : 0.014838, vocab_cro_loss : 1.562963, 
train loss: 1.5359, accuracy: 0.5520
epoch  61 summary: train_cos_loss : 0.014740, vocab_cro_loss : 1.535825, 
epoch  62 summary: train_cos_loss : 0.014694, vocab_cro_loss : 1.539595, 
epoch  63 summary: train_cos_loss : 0.014675, vocab_cro_loss : 1.537041, 
epoch  64 summary: train_cos_loss : 0.014619, vocab_cro_loss : 1.528527, 
epoch  65 summary: train_cos_loss : 0.014549, vocab_cro_loss : 1.528767, 
epoch  66 summary: train_cos_loss : 0.014467, vocab_cro_loss : 1.530735, 
epoch  67 summary: train_cos_loss : 0.014475, vocab_cro_loss : 1.543182, 
epoch  68 summary: train_cos_loss : 0.014527, vocab_cro_loss : 1.537404, 
epoch  69 summary: train_cos_loss : 0.014533, vocab_cro_loss : 1.675103, 
epoch  70 summary: train_cos_loss : 0.014596, vocab_cro_loss : 1.591366, 
train loss: 1.5701, accuracy: 0.5596
epoch  71 summary: train_cos_loss : 0.014584, vocab_cro_loss : 1.569903, 
epoch  72 summary: train_cos_loss : 0.014526, vocab_cro_loss : 1.575141, 
epoch  73 summary: train_cos_loss : 0.014522, vocab_cro_loss : 1.719675, 
epoch  74 summary: train_cos_loss : 0.014552, vocab_cro_loss : 1.621560, 
epoch  75 summary: train_cos_loss : 0.014579, vocab_cro_loss : 1.878915, 
epoch  76 summary: train_cos_loss : 0.014605, vocab_cro_loss : 1.678017, 
epoch  77 summary: train_cos_loss : 0.014499, vocab_cro_loss : 1.661507, 
epoch  78 summary: train_cos_loss : 0.014589, vocab_cro_loss : 1.654314, 
epoch  79 summary: train_cos_loss : 0.014419, vocab_cro_loss : 1.634188, 
epoch  80 summary: train_cos_loss : 0.014562, vocab_cro_loss : 1.642143, 
train loss: 1.6122, accuracy: 0.5544
epoch  81 summary: train_cos_loss : 0.014491, vocab_cro_loss : 1.611676, 
epoch  82 summary: train_cos_loss : 0.014516, vocab_cro_loss : 1.607357, 
epoch  83 summary: train_cos_loss : 0.014423, vocab_cro_loss : 1.568579, 
epoch  84 summary: train_cos_loss : 0.014400, vocab_cro_loss : 1.593129, 
epoch  85 summary: train_cos_loss : 0.014348, vocab_cro_loss : 1.597844, 
epoch  86 summary: train_cos_loss : 0.014274, vocab_cro_loss : 1.597119, 
epoch  87 summary: train_cos_loss : 0.014288, vocab_cro_loss : 1.580655, 
epoch  88 summary: train_cos_loss : 0.014211, vocab_cro_loss : 1.574110, 
epoch  89 summary: train_cos_loss : 0.014236, vocab_cro_loss : 1.544575, 
epoch  90 summary: train_cos_loss : 0.014173, vocab_cro_loss : 1.542973, 
train loss: 1.5275, accuracy: 0.5667
epoch  91 summary: train_cos_loss : 0.014192, vocab_cro_loss : 1.527402, 
epoch  92 summary: train_cos_loss : 0.014144, vocab_cro_loss : 1.520522, 
epoch  93 summary: train_cos_loss : 0.014170, vocab_cro_loss : 1.555319, 
epoch  94 summary: train_cos_loss : 0.014132, vocab_cro_loss : 1.553603, 
epoch  95 summary: train_cos_loss : 0.014161, vocab_cro_loss : 1.608143, 
epoch  96 summary: train_cos_loss : 0.014110, vocab_cro_loss : 1.551890, 
epoch  97 summary: train_cos_loss : 0.014118, vocab_cro_loss : 1.552572, 
epoch  98 summary: train_cos_loss : 0.014084, vocab_cro_loss : 1.580101, 
epoch  99 summary: train_cos_loss : 0.014092, vocab_cro_loss : 1.600470, 
train loss: 1.6208, accuracy: 0.5522
all                         302334.263ms
all_epoch                   296606.047ms
all_preparation               5728.132ms
all_preparation_2             5725.956ms
all_preparation_3                2.145ms
epoch                         2575.952ms
epoch_pos_train                  5.878ms
epoch_preparation               39.615ms
epoch_train                   2514.085ms
epoch_valid                     14.205ms
----------------------------------------
all                         302334.263ms
  all_epoch             98.11%
  all_preparation        1.89%
all_preparation               5728.132ms
  all_preparation_2     99.96%
  all_preparation_3      0.04%
epoch                       257595.203ms
  epoch_train           97.60%
  epoch_preparation      1.54%
  epoch_valid            0.55%
  epoch_pos_train        0.23%
epoch   0 summary: valid_cos_loss : 0.262969, 
valid loss: 3.4941, accuracy: 0.1969
epoch   1 summary: valid_cos_loss : 0.171324, 
epoch   2 summary: valid_cos_loss : 0.116925, 
epoch   3 summary: valid_cos_loss : 0.082535, 
epoch   4 summary: valid_cos_loss : 0.060446, 
epoch   5 summary: valid_cos_loss : 0.046410, 
epoch   6 summary: valid_cos_loss : 0.037143, 
epoch   7 summary: valid_cos_loss : 0.031342, 
epoch   8 summary: valid_cos_loss : 0.027286, 
epoch   9 summary: valid_cos_loss : 0.024461, 
epoch  10 summary: valid_cos_loss : 0.022668, 
valid loss: 2.1483, accuracy: 0.4541
epoch  11 summary: valid_cos_loss : 0.021143, 
epoch  12 summary: valid_cos_loss : 0.020026, 
epoch  13 summary: valid_cos_loss : 0.019240, 
epoch  14 summary: valid_cos_loss : 0.018554, 
epoch  15 summary: valid_cos_loss : 0.018087, 
epoch  16 summary: valid_cos_loss : 0.017765, 
epoch  17 summary: valid_cos_loss : 0.017390, 
epoch  18 summary: valid_cos_loss : 0.017162, 
epoch  19 summary: valid_cos_loss : 0.016910, 
epoch  20 summary: valid_cos_loss : 0.016940, 
valid loss: 2.1264, accuracy: 0.4615
epoch  21 summary: valid_cos_loss : 0.016713, 
epoch  22 summary: valid_cos_loss : 0.016558, 
epoch  23 summary: valid_cos_loss : 0.016458, 
epoch  24 summary: valid_cos_loss : 0.016333, 
epoch  25 summary: valid_cos_loss : 0.016307, 
epoch  26 summary: valid_cos_loss : 0.016131, 
epoch  27 summary: valid_cos_loss : 0.016019, 
epoch  28 summary: valid_cos_loss : 0.015943, 
epoch  29 summary: valid_cos_loss : 0.015882, 
epoch  30 summary: valid_cos_loss : 0.016127, 
valid loss: 2.1228, accuracy: 0.4640
epoch  31 summary: valid_cos_loss : 0.016013, 
epoch  32 summary: valid_cos_loss : 0.015913, 
epoch  33 summary: valid_cos_loss : 0.015784, 
epoch  34 summary: valid_cos_loss : 0.015707, 
epoch  35 summary: valid_cos_loss : 0.015639, 
epoch  36 summary: valid_cos_loss : 0.015630, 
epoch  37 summary: valid_cos_loss : 0.015584, 
epoch  38 summary: valid_cos_loss : 0.015595, 
epoch  39 summary: valid_cos_loss : 0.015514, 
epoch  40 summary: valid_cos_loss : 0.015633, 
valid loss: 2.1216, accuracy: 0.4644
epoch  41 summary: valid_cos_loss : 0.015619, 
epoch  42 summary: valid_cos_loss : 0.015532, 
epoch  43 summary: valid_cos_loss : 0.015434, 
epoch  44 summary: valid_cos_loss : 0.015415, 
epoch  45 summary: valid_cos_loss : 0.015376, 
epoch  46 summary: valid_cos_loss : 0.015334, 
epoch  47 summary: valid_cos_loss : 0.015294, 
epoch  48 summary: valid_cos_loss : 0.015373, 
epoch  49 summary: valid_cos_loss : 0.015338, 
epoch  50 summary: valid_cos_loss : 0.015448, 
valid loss: 2.1190, accuracy: 0.4669
epoch  51 summary: valid_cos_loss : 0.015461, 
epoch  52 summary: valid_cos_loss : 0.015386, 
epoch  53 summary: valid_cos_loss : 0.015271, 
epoch  54 summary: valid_cos_loss : 0.015253, 
epoch  55 summary: valid_cos_loss : 0.015229, 
epoch  56 summary: valid_cos_loss : 0.015226, 
epoch  57 summary: valid_cos_loss : 0.015204, 
epoch  58 summary: valid_cos_loss : 0.015131, 
epoch  59 summary: valid_cos_loss : 0.015157, 
epoch  60 summary: valid_cos_loss : 0.015261, 
valid loss: 2.1232, accuracy: 0.4648
epoch  61 summary: valid_cos_loss : 0.015202, 
epoch  62 summary: valid_cos_loss : 0.015185, 
epoch  63 summary: valid_cos_loss : 0.015164, 
epoch  64 summary: valid_cos_loss : 0.015150, 
epoch  65 summary: valid_cos_loss : 0.015150, 
epoch  66 summary: valid_cos_loss : 0.015129, 
epoch  67 summary: valid_cos_loss : 0.015089, 
epoch  68 summary: valid_cos_loss : 0.015053, 
epoch  69 summary: valid_cos_loss : 0.015081, 
epoch  70 summary: valid_cos_loss : 0.015192, 
valid loss: 2.1266, accuracy: 0.4681
epoch  71 summary: valid_cos_loss : 0.015166, 
epoch  72 summary: valid_cos_loss : 0.015094, 
epoch  73 summary: valid_cos_loss : 0.015083, 
epoch  74 summary: valid_cos_loss : 0.015051, 
epoch  75 summary: valid_cos_loss : 0.015054, 
epoch  76 summary: valid_cos_loss : 0.015015, 
epoch  77 summary: valid_cos_loss : 0.014985, 
epoch  78 summary: valid_cos_loss : 0.014980, 
epoch  79 summary: valid_cos_loss : 0.014977, 
epoch  80 summary: valid_cos_loss : 0.015118, 
valid loss: 2.1172, accuracy: 0.4674
epoch  81 summary: valid_cos_loss : 0.015092, 
epoch  82 summary: valid_cos_loss : 0.015021, 
epoch  83 summary: valid_cos_loss : 0.015011, 
epoch  84 summary: valid_cos_loss : 0.014963, 
epoch  85 summary: valid_cos_loss : 0.014981, 
epoch  86 summary: valid_cos_loss : 0.014922, 
epoch  87 summary: valid_cos_loss : 0.014988, 
epoch  88 summary: valid_cos_loss : 0.014977, 
epoch  89 summary: valid_cos_loss : 0.014926, 
epoch  90 summary: valid_cos_loss : 0.015097, 
valid loss: 2.1162, accuracy: 0.4691
epoch  91 summary: valid_cos_loss : 0.015030, 
epoch  92 summary: valid_cos_loss : 0.015075, 
epoch  93 summary: valid_cos_loss : 0.015004, 
epoch  94 summary: valid_cos_loss : 0.014981, 
epoch  95 summary: valid_cos_loss : 0.014945, 
epoch  96 summary: valid_cos_loss : 0.014918, 
epoch  97 summary: valid_cos_loss : 0.014865, 
epoch  98 summary: valid_cos_loss : 0.014840, 
epoch  99 summary: valid_cos_loss : 0.014845, 
valid loss: 2.1163, accuracy: 0.4684
all                         491046.777ms
all_epoch                   491013.807ms
all_preparation                 32.925ms
all_preparation_2               31.002ms
all_preparation_3                1.891ms
epoch                         4655.989ms
epoch_pos_train                  6.577ms
epoch_preparation                0.942ms
epoch_train                   4616.602ms
epoch_valid                     30.137ms
----------------------------------------
all                         491046.777ms
  all_epoch             99.99%
  all_preparation        0.01%
all_preparation                 32.925ms
  all_preparation_2     94.16%
  all_preparation_3      5.74%
epoch                       465598.889ms
  epoch_train           99.15%
  epoch_valid            0.65%
  epoch_pos_train        0.14%
  epoch_preparation      0.02%
