Before CTE Training: train eu loss: 1.057024359703064, eval eu loss: 1.4517745971679688
Before CTE Training: train eu acc: 0.66552734375, eval eu acc: 0.5794677734375
epoch   0 summary: train_cos_loss : 0.244237, vocab_cro_loss : 4.549049, 
train loss: 4.2089, accuracy: 0.0532
epoch   1 summary: train_cos_loss : 0.223069, vocab_cro_loss : 4.208450, 
epoch   2 summary: train_cos_loss : 0.191389, vocab_cro_loss : 3.687379, 
epoch   3 summary: train_cos_loss : 0.158280, vocab_cro_loss : 3.156326, 
epoch   4 summary: train_cos_loss : 0.127606, vocab_cro_loss : 2.722766, 
epoch   5 summary: train_cos_loss : 0.103168, vocab_cro_loss : 2.529388, 
epoch   6 summary: train_cos_loss : 0.083492, vocab_cro_loss : 2.332567, 
epoch   7 summary: train_cos_loss : 0.068627, vocab_cro_loss : 2.187160, 
epoch   8 summary: train_cos_loss : 0.058575, vocab_cro_loss : 2.084470, 
epoch   9 summary: train_cos_loss : 0.051666, vocab_cro_loss : 2.012892, 
epoch  10 summary: train_cos_loss : 0.046119, vocab_cro_loss : 1.956871, 
train loss: 1.9003, accuracy: 0.5151
epoch  11 summary: train_cos_loss : 0.041918, vocab_cro_loss : 1.900235, 
epoch  12 summary: train_cos_loss : 0.038317, vocab_cro_loss : 1.859466, 
epoch  13 summary: train_cos_loss : 0.035675, vocab_cro_loss : 1.831684, 
epoch  14 summary: train_cos_loss : 0.033357, vocab_cro_loss : 1.805963, 
epoch  15 summary: train_cos_loss : 0.031478, vocab_cro_loss : 1.778843, 
epoch  16 summary: train_cos_loss : 0.029709, vocab_cro_loss : 1.757027, 
epoch  17 summary: train_cos_loss : 0.028528, vocab_cro_loss : 1.731806, 
epoch  18 summary: train_cos_loss : 0.027442, vocab_cro_loss : 1.718878, 
epoch  19 summary: train_cos_loss : 0.026812, vocab_cro_loss : 1.721172, 
epoch  20 summary: train_cos_loss : 0.026254, vocab_cro_loss : 1.740863, 
train loss: 1.7230, accuracy: 0.5359
epoch  21 summary: train_cos_loss : 0.025964, vocab_cro_loss : 1.722914, 
epoch  22 summary: train_cos_loss : 0.025206, vocab_cro_loss : 1.690606, 
epoch  23 summary: train_cos_loss : 0.024772, vocab_cro_loss : 1.690902, 
epoch  24 summary: train_cos_loss : 0.024193, vocab_cro_loss : 1.676029, 
epoch  25 summary: train_cos_loss : 0.023628, vocab_cro_loss : 1.668428, 
epoch  26 summary: train_cos_loss : 0.023204, vocab_cro_loss : 1.677095, 
epoch  27 summary: train_cos_loss : 0.022734, vocab_cro_loss : 1.669432, 
epoch  28 summary: train_cos_loss : 0.022400, vocab_cro_loss : 1.647826, 
epoch  29 summary: train_cos_loss : 0.021965, vocab_cro_loss : 1.651445, 
epoch  30 summary: train_cos_loss : 0.021814, vocab_cro_loss : 1.647073, 
train loss: 1.6321, accuracy: 0.5596
epoch  31 summary: train_cos_loss : 0.021612, vocab_cro_loss : 1.632053, 
epoch  32 summary: train_cos_loss : 0.020948, vocab_cro_loss : 1.623178, 
epoch  33 summary: train_cos_loss : 0.020671, vocab_cro_loss : 1.633263, 
epoch  34 summary: train_cos_loss : 0.020559, vocab_cro_loss : 1.636994, 
epoch  35 summary: train_cos_loss : 0.020349, vocab_cro_loss : 1.632770, 
epoch  36 summary: train_cos_loss : 0.020290, vocab_cro_loss : 1.648438, 
epoch  37 summary: train_cos_loss : 0.020113, vocab_cro_loss : 1.633019, 
epoch  38 summary: train_cos_loss : 0.019954, vocab_cro_loss : 1.618984, 
epoch  39 summary: train_cos_loss : 0.019677, vocab_cro_loss : 1.625379, 
epoch  40 summary: train_cos_loss : 0.019697, vocab_cro_loss : 1.590122, 
train loss: 1.5838, accuracy: 0.5627
epoch  41 summary: train_cos_loss : 0.019628, vocab_cro_loss : 1.583776, 
epoch  42 summary: train_cos_loss : 0.019416, vocab_cro_loss : 1.583595, 
epoch  43 summary: train_cos_loss : 0.019355, vocab_cro_loss : 1.575271, 
epoch  44 summary: train_cos_loss : 0.019201, vocab_cro_loss : 1.568236, 
epoch  45 summary: train_cos_loss : 0.018954, vocab_cro_loss : 1.565208, 
epoch  46 summary: train_cos_loss : 0.018983, vocab_cro_loss : 1.570332, 
epoch  47 summary: train_cos_loss : 0.018732, vocab_cro_loss : 1.557180, 
epoch  48 summary: train_cos_loss : 0.018882, vocab_cro_loss : 1.563726, 
epoch  49 summary: train_cos_loss : 0.018805, vocab_cro_loss : 1.566963, 
epoch  50 summary: train_cos_loss : 0.018829, vocab_cro_loss : 1.558769, 
train loss: 1.5506, accuracy: 0.5720
epoch  51 summary: train_cos_loss : 0.018754, vocab_cro_loss : 1.550527, 
epoch  52 summary: train_cos_loss : 0.018575, vocab_cro_loss : 1.557202, 
epoch  53 summary: train_cos_loss : 0.018507, vocab_cro_loss : 1.541625, 
epoch  54 summary: train_cos_loss : 0.018356, vocab_cro_loss : 1.554257, 
epoch  55 summary: train_cos_loss : 0.018185, vocab_cro_loss : 1.552486, 
epoch  56 summary: train_cos_loss : 0.018138, vocab_cro_loss : 1.540969, 
epoch  57 summary: train_cos_loss : 0.018102, vocab_cro_loss : 1.539061, 
epoch  58 summary: train_cos_loss : 0.017983, vocab_cro_loss : 1.542263, 
epoch  59 summary: train_cos_loss : 0.017886, vocab_cro_loss : 1.536097, 
epoch  60 summary: train_cos_loss : 0.018252, vocab_cro_loss : 1.538715, 
train loss: 1.5917, accuracy: 0.5718
epoch  61 summary: train_cos_loss : 0.018161, vocab_cro_loss : 1.591278, 
epoch  62 summary: train_cos_loss : 0.018317, vocab_cro_loss : 1.558952, 
epoch  63 summary: train_cos_loss : 0.018190, vocab_cro_loss : 1.561399, 
epoch  64 summary: train_cos_loss : 0.018008, vocab_cro_loss : 1.549732, 
epoch  65 summary: train_cos_loss : 0.017935, vocab_cro_loss : 1.559340, 
epoch  66 summary: train_cos_loss : 0.017750, vocab_cro_loss : 1.559123, 
epoch  67 summary: train_cos_loss : 0.017807, vocab_cro_loss : 1.569877, 
epoch  68 summary: train_cos_loss : 0.017794, vocab_cro_loss : 1.582493, 
epoch  69 summary: train_cos_loss : 0.017773, vocab_cro_loss : 1.550825, 
epoch  70 summary: train_cos_loss : 0.017838, vocab_cro_loss : 1.537567, 
train loss: 1.5471, accuracy: 0.5696
epoch  71 summary: train_cos_loss : 0.017901, vocab_cro_loss : 1.547033, 
epoch  72 summary: train_cos_loss : 0.017834, vocab_cro_loss : 1.533496, 
epoch  73 summary: train_cos_loss : 0.017772, vocab_cro_loss : 1.532997, 
epoch  74 summary: train_cos_loss : 0.017756, vocab_cro_loss : 1.537121, 
epoch  75 summary: train_cos_loss : 0.017515, vocab_cro_loss : 1.525403, 
epoch  76 summary: train_cos_loss : 0.017349, vocab_cro_loss : 1.524661, 
epoch  77 summary: train_cos_loss : 0.017307, vocab_cro_loss : 1.532791, 
epoch  78 summary: train_cos_loss : 0.017391, vocab_cro_loss : 1.523985, 
epoch  79 summary: train_cos_loss : 0.017376, vocab_cro_loss : 1.520436, 
epoch  80 summary: train_cos_loss : 0.017413, vocab_cro_loss : 1.530592, 
train loss: 1.5377, accuracy: 0.5720
epoch  81 summary: train_cos_loss : 0.017311, vocab_cro_loss : 1.537615, 
epoch  82 summary: train_cos_loss : 0.017281, vocab_cro_loss : 1.547451, 
epoch  83 summary: train_cos_loss : 0.017267, vocab_cro_loss : 1.544656, 
epoch  84 summary: train_cos_loss : 0.017314, vocab_cro_loss : 1.548018, 
epoch  85 summary: train_cos_loss : 0.017367, vocab_cro_loss : 1.539360, 
epoch  86 summary: train_cos_loss : 0.017218, vocab_cro_loss : 1.558714, 
epoch  87 summary: train_cos_loss : 0.017049, vocab_cro_loss : 1.565377, 
epoch  88 summary: train_cos_loss : 0.017014, vocab_cro_loss : 1.534391, 
epoch  89 summary: train_cos_loss : 0.017075, vocab_cro_loss : 1.525226, 
epoch  90 summary: train_cos_loss : 0.017060, vocab_cro_loss : 1.526303, 
train loss: 1.5310, accuracy: 0.5742
epoch  91 summary: train_cos_loss : 0.017182, vocab_cro_loss : 1.530896, 
epoch  92 summary: train_cos_loss : 0.017092, vocab_cro_loss : 1.537049, 
epoch  93 summary: train_cos_loss : 0.016886, vocab_cro_loss : 1.533770, 
epoch  94 summary: train_cos_loss : 0.017063, vocab_cro_loss : 1.522875, 
epoch  95 summary: train_cos_loss : 0.016968, vocab_cro_loss : 1.556740, 
epoch  96 summary: train_cos_loss : 0.017116, vocab_cro_loss : 1.535704, 
epoch  97 summary: train_cos_loss : 0.016919, vocab_cro_loss : 1.526798, 
epoch  98 summary: train_cos_loss : 0.016874, vocab_cro_loss : 1.515947, 
epoch  99 summary: train_cos_loss : 0.016810, vocab_cro_loss : 1.514901, 
train loss: 1.5164, accuracy: 0.5708
all                         163177.444ms
all_epoch                   157493.208ms
all_preparation               5684.183ms
all_preparation_2             5682.075ms
all_preparation_3                2.060ms
epoch                         1277.556ms
epoch_pos_train                  5.248ms
epoch_preparation               18.327ms
epoch_train                   1241.898ms
epoch_valid                     10.276ms
----------------------------------------
all                         163177.444ms
  all_epoch             96.52%
  all_preparation        3.48%
all_preparation               5684.183ms
  all_preparation_2     99.96%
  all_preparation_3      0.04%
epoch                       127755.619ms
  epoch_train           97.21%
  epoch_preparation      1.43%
  epoch_valid            0.80%
  epoch_pos_train        0.41%
epoch   0 summary: valid_cos_loss : 0.249624, 
valid loss: 3.4629, accuracy: 0.1882
epoch   1 summary: valid_cos_loss : 0.124644, 
epoch   2 summary: valid_cos_loss : 0.071201, 
epoch   3 summary: valid_cos_loss : 0.046243, 
epoch   4 summary: valid_cos_loss : 0.033743, 
epoch   5 summary: valid_cos_loss : 0.026740, 
epoch   6 summary: valid_cos_loss : 0.022601, 
epoch   7 summary: valid_cos_loss : 0.020057, 
epoch   8 summary: valid_cos_loss : 0.018193, 
epoch   9 summary: valid_cos_loss : 0.016803, 
epoch  10 summary: valid_cos_loss : 0.016383, 
valid loss: 2.1971, accuracy: 0.4453
epoch  11 summary: valid_cos_loss : 0.015497, 
epoch  12 summary: valid_cos_loss : 0.014879, 
epoch  13 summary: valid_cos_loss : 0.014221, 
epoch  14 summary: valid_cos_loss : 0.013830, 
epoch  15 summary: valid_cos_loss : 0.013318, 
epoch  16 summary: valid_cos_loss : 0.013129, 
epoch  17 summary: valid_cos_loss : 0.012885, 
epoch  18 summary: valid_cos_loss : 0.012579, 
epoch  19 summary: valid_cos_loss : 0.012447, 
epoch  20 summary: valid_cos_loss : 0.012862, 
valid loss: 2.1746, accuracy: 0.4503
epoch  21 summary: valid_cos_loss : 0.012821, 
epoch  22 summary: valid_cos_loss : 0.012681, 
epoch  23 summary: valid_cos_loss : 0.012371, 
epoch  24 summary: valid_cos_loss : 0.012158, 
epoch  25 summary: valid_cos_loss : 0.011998, 
epoch  26 summary: valid_cos_loss : 0.011927, 
epoch  27 summary: valid_cos_loss : 0.011794, 
epoch  28 summary: valid_cos_loss : 0.011706, 
epoch  29 summary: valid_cos_loss : 0.011670, 
epoch  30 summary: valid_cos_loss : 0.012150, 
valid loss: 2.1639, accuracy: 0.4519
epoch  31 summary: valid_cos_loss : 0.012228, 
epoch  32 summary: valid_cos_loss : 0.011881, 
epoch  33 summary: valid_cos_loss : 0.011691, 
epoch  34 summary: valid_cos_loss : 0.011616, 
epoch  35 summary: valid_cos_loss : 0.011571, 
epoch  36 summary: valid_cos_loss : 0.011578, 
epoch  37 summary: valid_cos_loss : 0.011526, 
epoch  38 summary: valid_cos_loss : 0.011364, 
epoch  39 summary: valid_cos_loss : 0.011210, 
epoch  40 summary: valid_cos_loss : 0.011737, 
valid loss: 2.1564, accuracy: 0.4554
epoch  41 summary: valid_cos_loss : 0.011620, 
epoch  42 summary: valid_cos_loss : 0.011501, 
epoch  43 summary: valid_cos_loss : 0.011266, 
epoch  44 summary: valid_cos_loss : 0.011238, 
epoch  45 summary: valid_cos_loss : 0.011030, 
epoch  46 summary: valid_cos_loss : 0.011096, 
epoch  47 summary: valid_cos_loss : 0.011001, 
epoch  48 summary: valid_cos_loss : 0.010943, 
epoch  49 summary: valid_cos_loss : 0.010909, 
epoch  50 summary: valid_cos_loss : 0.011278, 
valid loss: 2.1583, accuracy: 0.4535
epoch  51 summary: valid_cos_loss : 0.011189, 
epoch  52 summary: valid_cos_loss : 0.011147, 
epoch  53 summary: valid_cos_loss : 0.011117, 
epoch  54 summary: valid_cos_loss : 0.010946, 
epoch  55 summary: valid_cos_loss : 0.010870, 
epoch  56 summary: valid_cos_loss : 0.010856, 
epoch  57 summary: valid_cos_loss : 0.010944, 
epoch  58 summary: valid_cos_loss : 0.010903, 
epoch  59 summary: valid_cos_loss : 0.010712, 
epoch  60 summary: valid_cos_loss : 0.011048, 
valid loss: 2.1647, accuracy: 0.4515
epoch  61 summary: valid_cos_loss : 0.011168, 
epoch  62 summary: valid_cos_loss : 0.010960, 
epoch  63 summary: valid_cos_loss : 0.011035, 
epoch  64 summary: valid_cos_loss : 0.010850, 
epoch  65 summary: valid_cos_loss : 0.010722, 
epoch  66 summary: valid_cos_loss : 0.010732, 
epoch  67 summary: valid_cos_loss : 0.010661, 
epoch  68 summary: valid_cos_loss : 0.010614, 
epoch  69 summary: valid_cos_loss : 0.010531, 
epoch  70 summary: valid_cos_loss : 0.010988, 
valid loss: 2.1612, accuracy: 0.4568
epoch  71 summary: valid_cos_loss : 0.010935, 
epoch  72 summary: valid_cos_loss : 0.010792, 
epoch  73 summary: valid_cos_loss : 0.010705, 
epoch  74 summary: valid_cos_loss : 0.010624, 
epoch  75 summary: valid_cos_loss : 0.010556, 
epoch  76 summary: valid_cos_loss : 0.010574, 
epoch  77 summary: valid_cos_loss : 0.010522, 
epoch  78 summary: valid_cos_loss : 0.010454, 
epoch  79 summary: valid_cos_loss : 0.010435, 
epoch  80 summary: valid_cos_loss : 0.010909, 
valid loss: 2.1621, accuracy: 0.4557
epoch  81 summary: valid_cos_loss : 0.010920, 
epoch  82 summary: valid_cos_loss : 0.010681, 
epoch  83 summary: valid_cos_loss : 0.010635, 
epoch  84 summary: valid_cos_loss : 0.010571, 
epoch  85 summary: valid_cos_loss : 0.010642, 
epoch  86 summary: valid_cos_loss : 0.010443, 
epoch  87 summary: valid_cos_loss : 0.010482, 
epoch  88 summary: valid_cos_loss : 0.010495, 
epoch  89 summary: valid_cos_loss : 0.010351, 
epoch  90 summary: valid_cos_loss : 0.010812, 
valid loss: 2.1650, accuracy: 0.4565
epoch  91 summary: valid_cos_loss : 0.010900, 
epoch  92 summary: valid_cos_loss : 0.010679, 
epoch  93 summary: valid_cos_loss : 0.010598, 
epoch  94 summary: valid_cos_loss : 0.010515, 
epoch  95 summary: valid_cos_loss : 0.010387, 
epoch  96 summary: valid_cos_loss : 0.010364, 
epoch  97 summary: valid_cos_loss : 0.010327, 
epoch  98 summary: valid_cos_loss : 0.010371, 
epoch  99 summary: valid_cos_loss : 0.010338, 
valid loss: 2.1491, accuracy: 0.4567
all                         262982.099ms
all_epoch                   262965.120ms
all_preparation                 16.949ms
all_preparation_2               15.852ms
all_preparation_3                1.075ms
epoch                         2408.934ms
epoch_pos_train                  8.899ms
epoch_preparation                1.119ms
epoch_train                   2363.370ms
epoch_valid                     33.492ms
----------------------------------------
all                         262982.099ms
  all_epoch             99.99%
  all_preparation        0.01%
all_preparation                 16.949ms
  all_preparation_2     93.53%
  all_preparation_3      6.34%
epoch                       240893.434ms
  epoch_train           98.11%
  epoch_valid            1.39%
  epoch_pos_train        0.37%
  epoch_preparation      0.05%
