Before CTE Training: train eu loss: 1.0526156425476074, eval eu loss: 1.4517745971679688
Before CTE Training: train eu acc: 0.6604461669921875, eval eu acc: 0.5794677734375
epoch   0 summary: train_cos_loss : 0.333421, vocab_cro_loss : 4.661061, 
train loss: 4.3337, accuracy: 0.0349
epoch   1 summary: train_cos_loss : 0.286726, vocab_cro_loss : 4.332399, 
epoch   2 summary: train_cos_loss : 0.210355, vocab_cro_loss : 3.851372, 
epoch   3 summary: train_cos_loss : 0.162227, vocab_cro_loss : 3.851487, 
epoch   4 summary: train_cos_loss : 0.128708, vocab_cro_loss : 3.900884, 
epoch   5 summary: train_cos_loss : 0.103123, vocab_cro_loss : 3.832651, 
epoch   6 summary: train_cos_loss : 0.084968, vocab_cro_loss : 3.884175, 
epoch   7 summary: train_cos_loss : 0.073588, vocab_cro_loss : 3.592685, 
epoch   8 summary: train_cos_loss : 0.067343, vocab_cro_loss : 3.473476, 
epoch   9 summary: train_cos_loss : 0.064173, vocab_cro_loss : 3.403512, 
epoch  10 summary: train_cos_loss : 0.059437, vocab_cro_loss : 3.342960, 
train loss: 3.3228, accuracy: 0.1977
epoch  11 summary: train_cos_loss : 0.058380, vocab_cro_loss : 3.321389, 
epoch  12 summary: train_cos_loss : 0.055879, vocab_cro_loss : 3.244130, 
epoch  13 summary: train_cos_loss : 0.054252, vocab_cro_loss : 3.169832, 
epoch  14 summary: train_cos_loss : 0.052659, vocab_cro_loss : 3.155830, 
epoch  15 summary: train_cos_loss : 0.051339, vocab_cro_loss : 3.140593, 
epoch  16 summary: train_cos_loss : 0.050839, vocab_cro_loss : 3.102377, 
epoch  17 summary: train_cos_loss : 0.049224, vocab_cro_loss : 3.067677, 
epoch  18 summary: train_cos_loss : 0.049069, vocab_cro_loss : 3.079404, 
epoch  19 summary: train_cos_loss : 0.047663, vocab_cro_loss : 3.062175, 
epoch  20 summary: train_cos_loss : 0.048142, vocab_cro_loss : 3.082261, 
train loss: 3.0571, accuracy: 0.2517
epoch  21 summary: train_cos_loss : 0.047230, vocab_cro_loss : 3.056195, 
epoch  22 summary: train_cos_loss : 0.047244, vocab_cro_loss : 3.028075, 
epoch  23 summary: train_cos_loss : 0.046805, vocab_cro_loss : 3.033918, 
epoch  24 summary: train_cos_loss : 0.046512, vocab_cro_loss : 3.026533, 
epoch  25 summary: train_cos_loss : 0.046363, vocab_cro_loss : 2.976709, 
epoch  26 summary: train_cos_loss : 0.044960, vocab_cro_loss : 3.016434, 
epoch  27 summary: train_cos_loss : 0.046155, vocab_cro_loss : 3.035123, 
epoch  28 summary: train_cos_loss : 0.045330, vocab_cro_loss : 3.058474, 
epoch  29 summary: train_cos_loss : 0.044795, vocab_cro_loss : 2.977966, 
epoch  30 summary: train_cos_loss : 0.044814, vocab_cro_loss : 3.006040, 
train loss: 3.0064, accuracy: 0.2722
epoch  31 summary: train_cos_loss : 0.044537, vocab_cro_loss : 3.005756, 
epoch  32 summary: train_cos_loss : 0.044498, vocab_cro_loss : 2.948898, 
epoch  33 summary: train_cos_loss : 0.044392, vocab_cro_loss : 2.982540, 
epoch  34 summary: train_cos_loss : 0.044134, vocab_cro_loss : 2.990873, 
epoch  35 summary: train_cos_loss : 0.043603, vocab_cro_loss : 3.006388, 
epoch  36 summary: train_cos_loss : 0.043818, vocab_cro_loss : 2.948907, 
epoch  37 summary: train_cos_loss : 0.043049, vocab_cro_loss : 2.977880, 
epoch  38 summary: train_cos_loss : 0.043339, vocab_cro_loss : 2.977160, 
epoch  39 summary: train_cos_loss : 0.043199, vocab_cro_loss : 2.992901, 
epoch  40 summary: train_cos_loss : 0.043246, vocab_cro_loss : 2.999256, 
train loss: 2.9690, accuracy: 0.2706
epoch  41 summary: train_cos_loss : 0.042964, vocab_cro_loss : 2.968176, 
epoch  42 summary: train_cos_loss : 0.042671, vocab_cro_loss : 2.956709, 
epoch  43 summary: train_cos_loss : 0.042569, vocab_cro_loss : 2.922738, 
epoch  44 summary: train_cos_loss : 0.042379, vocab_cro_loss : 2.919246, 
epoch  45 summary: train_cos_loss : 0.042340, vocab_cro_loss : 2.939651, 
epoch  46 summary: train_cos_loss : 0.042618, vocab_cro_loss : 2.958897, 
epoch  47 summary: train_cos_loss : 0.042606, vocab_cro_loss : 3.015458, 
epoch  48 summary: train_cos_loss : 0.041991, vocab_cro_loss : 3.051255, 
epoch  49 summary: train_cos_loss : 0.042295, vocab_cro_loss : 3.034377, 
epoch  50 summary: train_cos_loss : 0.042217, vocab_cro_loss : 2.976622, 
train loss: 2.9419, accuracy: 0.2909
epoch  51 summary: train_cos_loss : 0.041567, vocab_cro_loss : 2.941058, 
epoch  52 summary: train_cos_loss : 0.042158, vocab_cro_loss : 2.943286, 
epoch  53 summary: train_cos_loss : 0.041603, vocab_cro_loss : 2.905374, 
epoch  54 summary: train_cos_loss : 0.041897, vocab_cro_loss : 2.931576, 
epoch  55 summary: train_cos_loss : 0.042028, vocab_cro_loss : 2.981897, 
epoch  56 summary: train_cos_loss : 0.041522, vocab_cro_loss : 2.937520, 
epoch  57 summary: train_cos_loss : 0.041468, vocab_cro_loss : 2.961218, 
epoch  58 summary: train_cos_loss : 0.041521, vocab_cro_loss : 2.952044, 
epoch  59 summary: train_cos_loss : 0.041450, vocab_cro_loss : 2.911201, 
epoch  60 summary: train_cos_loss : 0.041468, vocab_cro_loss : 2.903458, 
train loss: 2.8884, accuracy: 0.2773
epoch  61 summary: train_cos_loss : 0.041489, vocab_cro_loss : 2.887756, 
