Before CTE Training: train eu loss: 1.0526156425476074, eval eu loss: 1.4517745971679688
Before CTE Training: train eu acc: 0.6604461669921875, eval eu acc: 0.5794677734375
epoch   0 summary: train_cos_loss : 0.227898, vocab_cro_loss : 4.566002, 
train loss: 4.3747, accuracy: 0.0279
epoch   1 summary: train_cos_loss : 0.216233, vocab_cro_loss : 4.374418, 
epoch   2 summary: train_cos_loss : 0.190832, vocab_cro_loss : 3.948376, 
epoch   3 summary: train_cos_loss : 0.159108, vocab_cro_loss : 3.598857, 
epoch   4 summary: train_cos_loss : 0.128845, vocab_cro_loss : 3.289259, 
epoch   5 summary: train_cos_loss : 0.103246, vocab_cro_loss : 3.046026, 
epoch   6 summary: train_cos_loss : 0.083370, vocab_cro_loss : 2.850020, 
epoch   7 summary: train_cos_loss : 0.068995, vocab_cro_loss : 2.697855, 
epoch   8 summary: train_cos_loss : 0.058815, vocab_cro_loss : 2.610224, 
epoch   9 summary: train_cos_loss : 0.051544, vocab_cro_loss : 2.524996, 
epoch  10 summary: train_cos_loss : 0.046363, vocab_cro_loss : 2.439933, 
train loss: 2.3836, accuracy: 0.4092
epoch  11 summary: train_cos_loss : 0.042379, vocab_cro_loss : 2.383566, 
epoch  12 summary: train_cos_loss : 0.039153, vocab_cro_loss : 2.322783, 
epoch  13 summary: train_cos_loss : 0.036624, vocab_cro_loss : 2.278987, 
epoch  14 summary: train_cos_loss : 0.034629, vocab_cro_loss : 2.245568, 
epoch  15 summary: train_cos_loss : 0.032888, vocab_cro_loss : 2.218053, 
epoch  16 summary: train_cos_loss : 0.031490, vocab_cro_loss : 2.193806, 
epoch  17 summary: train_cos_loss : 0.030285, vocab_cro_loss : 2.172029, 
epoch  18 summary: train_cos_loss : 0.029152, vocab_cro_loss : 2.152892, 
epoch  19 summary: train_cos_loss : 0.028222, vocab_cro_loss : 2.133505, 
epoch  20 summary: train_cos_loss : 0.027554, vocab_cro_loss : 2.116058, 
train loss: 2.0976, accuracy: 0.4727
epoch  21 summary: train_cos_loss : 0.026801, vocab_cro_loss : 2.097637, 
epoch  22 summary: train_cos_loss : 0.026068, vocab_cro_loss : 2.084182, 
epoch  23 summary: train_cos_loss : 0.025405, vocab_cro_loss : 2.069303, 
epoch  24 summary: train_cos_loss : 0.024772, vocab_cro_loss : 2.046283, 
epoch  25 summary: train_cos_loss : 0.024193, vocab_cro_loss : 2.035670, 
epoch  26 summary: train_cos_loss : 0.023669, vocab_cro_loss : 2.022247, 
epoch  27 summary: train_cos_loss : 0.023177, vocab_cro_loss : 2.012773, 
epoch  28 summary: train_cos_loss : 0.022733, vocab_cro_loss : 2.002736, 
epoch  29 summary: train_cos_loss : 0.022319, vocab_cro_loss : 1.990449, 
epoch  30 summary: train_cos_loss : 0.022050, vocab_cro_loss : 1.982479, 
train loss: 1.9705, accuracy: 0.4920
epoch  31 summary: train_cos_loss : 0.021673, vocab_cro_loss : 1.970530, 
epoch  32 summary: train_cos_loss : 0.021263, vocab_cro_loss : 1.961045, 
epoch  33 summary: train_cos_loss : 0.020902, vocab_cro_loss : 1.954333, 
epoch  34 summary: train_cos_loss : 0.020547, vocab_cro_loss : 1.947269, 
epoch  35 summary: train_cos_loss : 0.020224, vocab_cro_loss : 1.939431, 
epoch  36 summary: train_cos_loss : 0.019936, vocab_cro_loss : 1.931510, 
epoch  37 summary: train_cos_loss : 0.019657, vocab_cro_loss : 1.924839, 
epoch  38 summary: train_cos_loss : 0.019392, vocab_cro_loss : 1.918933, 
epoch  39 summary: train_cos_loss : 0.019175, vocab_cro_loss : 1.913539, 
epoch  40 summary: train_cos_loss : 0.019085, vocab_cro_loss : 1.909439, 
train loss: 1.9041, accuracy: 0.5081
epoch  41 summary: train_cos_loss : 0.018890, vocab_cro_loss : 1.904097, 
epoch  42 summary: train_cos_loss : 0.018653, vocab_cro_loss : 1.902197, 
epoch  43 summary: train_cos_loss : 0.018410, vocab_cro_loss : 1.897662, 
epoch  44 summary: train_cos_loss : 0.018212, vocab_cro_loss : 1.892161, 
epoch  45 summary: train_cos_loss : 0.018007, vocab_cro_loss : 1.886901, 
epoch  46 summary: train_cos_loss : 0.017805, vocab_cro_loss : 1.882315, 
epoch  47 summary: train_cos_loss : 0.017616, vocab_cro_loss : 1.876728, 
epoch  48 summary: train_cos_loss : 0.017442, vocab_cro_loss : 1.872926, 
epoch  49 summary: train_cos_loss : 0.017284, vocab_cro_loss : 1.869602, 
epoch  50 summary: train_cos_loss : 0.017245, vocab_cro_loss : 1.867550, 
train loss: 1.8645, accuracy: 0.5092
epoch  51 summary: train_cos_loss : 0.017115, vocab_cro_loss : 1.864451, 
epoch  52 summary: train_cos_loss : 0.016955, vocab_cro_loss : 1.862823, 
epoch  53 summary: train_cos_loss : 0.016820, vocab_cro_loss : 1.860708, 
epoch  54 summary: train_cos_loss : 0.016688, vocab_cro_loss : 1.860988, 
epoch  55 summary: train_cos_loss : 0.016565, vocab_cro_loss : 1.859633, 
epoch  56 summary: train_cos_loss : 0.016453, vocab_cro_loss : 1.857986, 
epoch  57 summary: train_cos_loss : 0.016341, vocab_cro_loss : 1.855392, 
epoch  58 summary: train_cos_loss : 0.016235, vocab_cro_loss : 1.854876, 
epoch  59 summary: train_cos_loss : 0.016137, vocab_cro_loss : 1.865586, 
epoch  60 summary: train_cos_loss : 0.016182, vocab_cro_loss : 1.878138, 
train loss: 1.8631, accuracy: 0.5047
epoch  61 summary: train_cos_loss : 0.016143, vocab_cro_loss : 1.863051, 
epoch  62 summary: train_cos_loss : 0.015995, vocab_cro_loss : 1.860486, 
epoch  63 summary: train_cos_loss : 0.015888, vocab_cro_loss : 1.863262, 
epoch  64 summary: train_cos_loss : 0.015798, vocab_cro_loss : 1.862454, 
epoch  65 summary: train_cos_loss : 0.015696, vocab_cro_loss : 1.860420, 
epoch  66 summary: train_cos_loss : 0.015610, vocab_cro_loss : 1.859513, 
epoch  67 summary: train_cos_loss : 0.015552, vocab_cro_loss : 1.894111, 
epoch  68 summary: train_cos_loss : 0.015468, vocab_cro_loss : 1.880753, 
epoch  69 summary: train_cos_loss : 0.015431, vocab_cro_loss : 1.868358, 
epoch  70 summary: train_cos_loss : 0.015397, vocab_cro_loss : 1.845942, 
train loss: 1.8370, accuracy: 0.5162
epoch  71 summary: train_cos_loss : 0.015335, vocab_cro_loss : 1.836935, 
epoch  72 summary: train_cos_loss : 0.015229, vocab_cro_loss : 1.830976, 
epoch  73 summary: train_cos_loss : 0.015125, vocab_cro_loss : 1.828864, 
epoch  74 summary: train_cos_loss : 0.015070, vocab_cro_loss : 1.827399, 
epoch  75 summary: train_cos_loss : 0.014972, vocab_cro_loss : 1.831313, 
epoch  76 summary: train_cos_loss : 0.014942, vocab_cro_loss : 1.843984, 
epoch  77 summary: train_cos_loss : 0.014884, vocab_cro_loss : 1.844213, 
epoch  78 summary: train_cos_loss : 0.014826, vocab_cro_loss : 1.839859, 
epoch  79 summary: train_cos_loss : 0.014747, vocab_cro_loss : 1.829595, 
epoch  80 summary: train_cos_loss : 0.014779, vocab_cro_loss : 1.826159, 
train loss: 1.8339, accuracy: 0.5164
epoch  81 summary: train_cos_loss : 0.014741, vocab_cro_loss : 1.833828, 
epoch  82 summary: train_cos_loss : 0.014685, vocab_cro_loss : 1.834573, 
epoch  83 summary: train_cos_loss : 0.014598, vocab_cro_loss : 1.840161, 
epoch  84 summary: train_cos_loss : 0.014559, vocab_cro_loss : 1.825541, 
epoch  85 summary: train_cos_loss : 0.014479, vocab_cro_loss : 1.832887, 
epoch  86 summary: train_cos_loss : 0.014417, vocab_cro_loss : 1.836781, 
epoch  87 summary: train_cos_loss : 0.014407, vocab_cro_loss : 1.857115, 
epoch  88 summary: train_cos_loss : 0.014327, vocab_cro_loss : 1.900598, 
epoch  89 summary: train_cos_loss : 0.014315, vocab_cro_loss : 1.882700, 
epoch  90 summary: train_cos_loss : 0.014456, vocab_cro_loss : 1.865233, 
train loss: 1.8284, accuracy: 0.5123
epoch  91 summary: train_cos_loss : 0.014310, vocab_cro_loss : 1.828358, 
epoch  92 summary: train_cos_loss : 0.014262, vocab_cro_loss : 1.822826, 
epoch  93 summary: train_cos_loss : 0.014180, vocab_cro_loss : 1.817539, 
epoch  94 summary: train_cos_loss : 0.014164, vocab_cro_loss : 1.819759, 
epoch  95 summary: train_cos_loss : 0.014109, vocab_cro_loss : 1.819373, 
epoch  96 summary: train_cos_loss : 0.014020, vocab_cro_loss : 1.818266, 
epoch  97 summary: train_cos_loss : 0.013999, vocab_cro_loss : 1.839012, 
epoch  98 summary: train_cos_loss : 0.013959, vocab_cro_loss : 1.870752, 
epoch  99 summary: train_cos_loss : 0.013894, vocab_cro_loss : 1.830743, 
train loss: 1.8285, accuracy: 0.5130
all                        6138656.493ms
all_epoch                  6124374.813ms
all_preparation              14281.632ms
all_preparation_2            14279.124ms
all_preparation_3                2.459ms
epoch                        60543.420ms
epoch_pos_train                  9.810ms
epoch_preparation               29.434ms
epoch_train                  60196.015ms
epoch_valid                    304.999ms
----------------------------------------
all                        6138656.493ms
  all_epoch             99.77%
  all_preparation        0.23%
all_preparation              14281.632ms
  all_preparation_2     99.98%
  all_preparation_3      0.02%
epoch                      6054342.018ms
  epoch_train           99.43%
  epoch_valid            0.50%
  epoch_preparation      0.05%
  epoch_pos_train        0.02%
epoch   0 summary: valid_cos_loss : 0.203975, 
valid loss: 3.5228, accuracy: 0.1738
epoch   1 summary: valid_cos_loss : 0.109866, 
epoch   2 summary: valid_cos_loss : 0.068606, 
epoch   3 summary: valid_cos_loss : 0.047705, 
epoch   4 summary: valid_cos_loss : 0.035849, 
epoch   5 summary: valid_cos_loss : 0.028707, 
epoch   6 summary: valid_cos_loss : 0.024251, 
epoch   7 summary: valid_cos_loss : 0.021306, 
epoch   8 summary: valid_cos_loss : 0.019274, 
epoch   9 summary: valid_cos_loss : 0.018033, 
epoch  10 summary: valid_cos_loss : 0.017173, 
valid loss: 2.4363, accuracy: 0.3859
epoch  11 summary: valid_cos_loss : 0.016332, 
epoch  12 summary: valid_cos_loss : 0.015818, 
epoch  13 summary: valid_cos_loss : 0.015487, 
epoch  14 summary: valid_cos_loss : 0.015070, 
epoch  15 summary: valid_cos_loss : 0.014920, 
epoch  16 summary: valid_cos_loss : 0.014599, 
epoch  17 summary: valid_cos_loss : 0.014465, 
epoch  18 summary: valid_cos_loss : 0.014363, 
epoch  19 summary: valid_cos_loss : 0.014262, 
epoch  20 summary: valid_cos_loss : 0.014201, 
valid loss: 2.4311, accuracy: 0.3876
epoch  21 summary: valid_cos_loss : 0.014064, 
epoch  22 summary: valid_cos_loss : 0.013961, 
epoch  23 summary: valid_cos_loss : 0.013893, 
epoch  24 summary: valid_cos_loss : 0.013839, 
epoch  25 summary: valid_cos_loss : 0.013719, 
epoch  26 summary: valid_cos_loss : 0.013638, 
epoch  27 summary: valid_cos_loss : 0.013602, 
epoch  28 summary: valid_cos_loss : 0.013642, 
epoch  29 summary: valid_cos_loss : 0.013611, 
epoch  30 summary: valid_cos_loss : 0.013677, 
valid loss: 2.4293, accuracy: 0.3909
epoch  31 summary: valid_cos_loss : 0.013557, 
epoch  32 summary: valid_cos_loss : 0.013457, 
epoch  33 summary: valid_cos_loss : 0.013462, 
epoch  34 summary: valid_cos_loss : 0.013378, 
epoch  35 summary: valid_cos_loss : 0.013448, 
epoch  36 summary: valid_cos_loss : 0.013412, 
epoch  37 summary: valid_cos_loss : 0.013464, 
epoch  38 summary: valid_cos_loss : 0.013488, 
epoch  39 summary: valid_cos_loss : 0.013500, 
epoch  40 summary: valid_cos_loss : 0.013467, 
valid loss: 2.4270, accuracy: 0.3923
epoch  41 summary: valid_cos_loss : 0.013446, 
epoch  42 summary: valid_cos_loss : 0.013311, 
epoch  43 summary: valid_cos_loss : 0.013319, 
epoch  44 summary: valid_cos_loss : 0.013326, 
epoch  45 summary: valid_cos_loss : 0.013303, 
epoch  46 summary: valid_cos_loss : 0.013242, 
epoch  47 summary: valid_cos_loss : 0.013278, 
epoch  48 summary: valid_cos_loss : 0.013240, 
epoch  49 summary: valid_cos_loss : 0.013196, 
epoch  50 summary: valid_cos_loss : 0.013282, 
valid loss: 2.4205, accuracy: 0.3949
epoch  51 summary: valid_cos_loss : 0.013240, 
epoch  52 summary: valid_cos_loss : 0.013217, 
epoch  53 summary: valid_cos_loss : 0.013196, 
epoch  54 summary: valid_cos_loss : 0.013156, 
epoch  55 summary: valid_cos_loss : 0.013099, 
epoch  56 summary: valid_cos_loss : 0.013112, 
epoch  57 summary: valid_cos_loss : 0.013120, 
epoch  58 summary: valid_cos_loss : 0.013198, 
epoch  59 summary: valid_cos_loss : 0.013207, 
epoch  60 summary: valid_cos_loss : 0.013210, 
valid loss: 2.4249, accuracy: 0.3912
epoch  61 summary: valid_cos_loss : 0.013191, 
epoch  62 summary: valid_cos_loss : 0.013138, 
epoch  63 summary: valid_cos_loss : 0.013166, 
epoch  64 summary: valid_cos_loss : 0.013134, 
epoch  65 summary: valid_cos_loss : 0.013111, 
epoch  66 summary: valid_cos_loss : 0.013087, 
epoch  67 summary: valid_cos_loss : 0.013106, 
epoch  68 summary: valid_cos_loss : 0.013111, 
epoch  69 summary: valid_cos_loss : 0.013084, 
epoch  70 summary: valid_cos_loss : 0.013184, 
valid loss: 2.4271, accuracy: 0.3887
epoch  71 summary: valid_cos_loss : 0.013154, 
epoch  72 summary: valid_cos_loss : 0.013094, 
epoch  73 summary: valid_cos_loss : 0.013101, 
epoch  74 summary: valid_cos_loss : 0.013035, 
epoch  75 summary: valid_cos_loss : 0.013014, 
epoch  76 summary: valid_cos_loss : 0.013011, 
epoch  77 summary: valid_cos_loss : 0.013004, 
epoch  78 summary: valid_cos_loss : 0.013028, 
epoch  79 summary: valid_cos_loss : 0.012950, 
epoch  80 summary: valid_cos_loss : 0.013016, 
valid loss: 2.4284, accuracy: 0.3884
epoch  81 summary: valid_cos_loss : 0.013040, 
epoch  82 summary: valid_cos_loss : 0.013044, 
epoch  83 summary: valid_cos_loss : 0.012993, 
epoch  84 summary: valid_cos_loss : 0.012988, 
epoch  85 summary: valid_cos_loss : 0.012947, 
epoch  86 summary: valid_cos_loss : 0.012982, 
epoch  87 summary: valid_cos_loss : 0.012937, 
epoch  88 summary: valid_cos_loss : 0.012962, 
epoch  89 summary: valid_cos_loss : 0.012908, 
epoch  90 summary: valid_cos_loss : 0.013011, 
valid loss: 2.4353, accuracy: 0.3901
epoch  91 summary: valid_cos_loss : 0.013031, 
epoch  92 summary: valid_cos_loss : 0.012953, 
epoch  93 summary: valid_cos_loss : 0.012952, 
epoch  94 summary: valid_cos_loss : 0.012925, 
epoch  95 summary: valid_cos_loss : 0.012906, 
epoch  96 summary: valid_cos_loss : 0.012858, 
epoch  97 summary: valid_cos_loss : 0.012849, 
epoch  98 summary: valid_cos_loss : 0.012812, 
epoch  99 summary: valid_cos_loss : 0.012815, 
valid loss: 2.4288, accuracy: 0.3887
all                         624061.070ms
all_epoch                   623834.269ms
all_preparation                226.776ms
all_preparation_2              216.160ms
all_preparation_3               10.590ms
epoch                         5995.668ms
epoch_pos_train                  5.161ms
epoch_preparation                0.945ms
epoch_train                   5959.938ms
epoch_valid                     28.218ms
----------------------------------------
all                         624061.070ms
  all_epoch             99.96%
  all_preparation        0.04%
all_preparation                226.776ms
  all_preparation_2     95.32%
  all_preparation_3      4.67%
epoch                       599566.779ms
  epoch_train           99.40%
  epoch_valid            0.47%
  epoch_pos_train        0.09%
  epoch_preparation      0.02%
