Before CTE Training: train eu loss: 1.0526156425476074, eval eu loss: 1.4517745971679688
Before CTE Training: train eu acc: 0.6604461669921875, eval eu acc: 0.5794677734375
epoch   0 summary: train_cos_loss : 0.331526, vocab_cro_loss : 4.892950, 
train loss: 4.4432, accuracy: 0.0392
epoch   1 summary: train_cos_loss : 0.282413, vocab_cro_loss : 4.441091, 
epoch   2 summary: train_cos_loss : 0.220730, vocab_cro_loss : 3.973420, 
epoch   3 summary: train_cos_loss : 0.173294, vocab_cro_loss : 3.706711, 
epoch   4 summary: train_cos_loss : 0.139272, vocab_cro_loss : 3.630075, 
epoch   5 summary: train_cos_loss : 0.113313, vocab_cro_loss : 3.597540, 
epoch   6 summary: train_cos_loss : 0.096289, vocab_cro_loss : 3.560112, 
epoch   7 summary: train_cos_loss : 0.085808, vocab_cro_loss : 3.499496, 
epoch   8 summary: train_cos_loss : 0.079236, vocab_cro_loss : 3.466186, 
epoch   9 summary: train_cos_loss : 0.074773, vocab_cro_loss : 3.471650, 
epoch  10 summary: train_cos_loss : 0.072173, vocab_cro_loss : 3.452284, 
train loss: 3.4152, accuracy: 0.1521
epoch  11 summary: train_cos_loss : 0.069611, vocab_cro_loss : 3.414566, 
epoch  12 summary: train_cos_loss : 0.067705, vocab_cro_loss : 3.414654, 
epoch  13 summary: train_cos_loss : 0.065961, vocab_cro_loss : 3.389531, 
epoch  14 summary: train_cos_loss : 0.064445, vocab_cro_loss : 3.385659, 
epoch  15 summary: train_cos_loss : 0.063244, vocab_cro_loss : 3.383226, 
epoch  16 summary: train_cos_loss : 0.062143, vocab_cro_loss : 3.381781, 
epoch  17 summary: train_cos_loss : 0.061417, vocab_cro_loss : 3.351898, 
epoch  18 summary: train_cos_loss : 0.060397, vocab_cro_loss : 3.347892, 
epoch  19 summary: train_cos_loss : 0.059852, vocab_cro_loss : 3.345779, 
epoch  20 summary: train_cos_loss : 0.059121, vocab_cro_loss : 3.333055, 
train loss: 3.3290, accuracy: 0.1566
epoch  21 summary: train_cos_loss : 0.058706, vocab_cro_loss : 3.328994, 
epoch  22 summary: train_cos_loss : 0.058094, vocab_cro_loss : 3.327415, 
epoch  23 summary: train_cos_loss : 0.057738, vocab_cro_loss : 3.323226, 
epoch  24 summary: train_cos_loss : 0.057225, vocab_cro_loss : 3.322304, 
epoch  25 summary: train_cos_loss : 0.057140, vocab_cro_loss : 3.320266, 
epoch  26 summary: train_cos_loss : 0.056667, vocab_cro_loss : 3.318662, 
epoch  27 summary: train_cos_loss : 0.056606, vocab_cro_loss : 3.322441, 
epoch  28 summary: train_cos_loss : 0.056101, vocab_cro_loss : 3.316655, 
epoch  29 summary: train_cos_loss : 0.055912, vocab_cro_loss : 3.313340, 
epoch  30 summary: train_cos_loss : 0.055616, vocab_cro_loss : 3.312641, 
train loss: 3.3158, accuracy: 0.1488
epoch  31 summary: train_cos_loss : 0.055552, vocab_cro_loss : 3.315728, 
epoch  32 summary: train_cos_loss : 0.055052, vocab_cro_loss : 3.309816, 
epoch  33 summary: train_cos_loss : 0.054944, vocab_cro_loss : 3.307246, 
epoch  34 summary: train_cos_loss : 0.054532, vocab_cro_loss : 3.307045, 
epoch  35 summary: train_cos_loss : 0.054371, vocab_cro_loss : 3.304930, 
epoch  36 summary: train_cos_loss : 0.053995, vocab_cro_loss : 3.303588, 
epoch  37 summary: train_cos_loss : 0.053898, vocab_cro_loss : 3.302487, 
epoch  38 summary: train_cos_loss : 0.053531, vocab_cro_loss : 3.301396, 
epoch  39 summary: train_cos_loss : 0.053408, vocab_cro_loss : 3.300711, 
epoch  40 summary: train_cos_loss : 0.053353, vocab_cro_loss : 3.299789, 
train loss: 3.2982, accuracy: 0.1504
epoch  41 summary: train_cos_loss : 0.053260, vocab_cro_loss : 3.298207, 
epoch  42 summary: train_cos_loss : 0.052931, vocab_cro_loss : 3.298093, 
epoch  43 summary: train_cos_loss : 0.052959, vocab_cro_loss : 3.301770, 
epoch  44 summary: train_cos_loss : 0.052583, vocab_cro_loss : 3.297751, 
epoch  45 summary: train_cos_loss : 0.052560, vocab_cro_loss : 3.296023, 
epoch  46 summary: train_cos_loss : 0.052260, vocab_cro_loss : 3.296280, 
epoch  47 summary: train_cos_loss : 0.052142, vocab_cro_loss : 3.295863, 
epoch  48 summary: train_cos_loss : 0.052208, vocab_cro_loss : 3.300145, 
epoch  49 summary: train_cos_loss : 0.051861, vocab_cro_loss : 3.295670, 
epoch  50 summary: train_cos_loss : 0.051989, vocab_cro_loss : 3.293531, 
train loss: 3.2945, accuracy: 0.1495
epoch  51 summary: train_cos_loss : 0.051728, vocab_cro_loss : 3.294490, 
epoch  52 summary: train_cos_loss : 0.051709, vocab_cro_loss : 3.293395, 
epoch  53 summary: train_cos_loss : 0.051609, vocab_cro_loss : 3.293394, 
epoch  54 summary: train_cos_loss : 0.051508, vocab_cro_loss : 3.293355, 
epoch  55 summary: train_cos_loss : 0.051321, vocab_cro_loss : 3.294219, 
epoch  56 summary: train_cos_loss : 0.051253, vocab_cro_loss : 3.294184, 
epoch  57 summary: train_cos_loss : 0.051186, vocab_cro_loss : 3.294296, 
epoch  58 summary: train_cos_loss : 0.051135, vocab_cro_loss : 3.294121, 
epoch  59 summary: train_cos_loss : 0.051174, vocab_cro_loss : 3.293256, 
epoch  60 summary: train_cos_loss : 0.051045, vocab_cro_loss : 3.293996, 
train loss: 3.2927, accuracy: 0.1505
epoch  61 summary: train_cos_loss : 0.051071, vocab_cro_loss : 3.292705, 
epoch  62 summary: train_cos_loss : 0.050915, vocab_cro_loss : 3.293811, 
