Before CTE Training: train eu loss: 1.0715794563293457, eval eu loss: 1.4517745971679688
Before CTE Training: train eu acc: 0.6578369140625, eval eu acc: 0.5794677734375
epoch   0 summary: train_cos_loss : 0.183859, vocab_cro_loss : 5.977696, 
train loss: 5.0823, accuracy: 0.0294
epoch   1 summary: train_cos_loss : 0.153857, vocab_cro_loss : 5.075370, 
epoch   2 summary: train_cos_loss : 0.115412, vocab_cro_loss : 4.046118, 
epoch   3 summary: train_cos_loss : 0.088110, vocab_cro_loss : 3.431668, 
epoch   4 summary: train_cos_loss : 0.072492, vocab_cro_loss : 3.189876, 
epoch   5 summary: train_cos_loss : 0.062270, vocab_cro_loss : 3.069864, 
epoch   6 summary: train_cos_loss : 0.056731, vocab_cro_loss : 2.985650, 
epoch   7 summary: train_cos_loss : 0.052128, vocab_cro_loss : 2.909454, 
epoch   8 summary: train_cos_loss : 0.048941, vocab_cro_loss : 2.869455, 
epoch   9 summary: train_cos_loss : 0.046302, vocab_cro_loss : 2.823480, 
epoch  10 summary: train_cos_loss : 0.045005, vocab_cro_loss : 2.818651, 
train loss: 2.7536, accuracy: 0.3226
epoch  11 summary: train_cos_loss : 0.043650, vocab_cro_loss : 2.752612, 
epoch  12 summary: train_cos_loss : 0.042349, vocab_cro_loss : 2.763282, 
epoch  13 summary: train_cos_loss : 0.041735, vocab_cro_loss : 2.710998, 
epoch  14 summary: train_cos_loss : 0.041029, vocab_cro_loss : 2.694106, 
epoch  15 summary: train_cos_loss : 0.040734, vocab_cro_loss : 2.669751, 
epoch  16 summary: train_cos_loss : 0.040357, vocab_cro_loss : 2.630688, 
epoch  17 summary: train_cos_loss : 0.039896, vocab_cro_loss : 2.605416, 
epoch  18 summary: train_cos_loss : 0.039541, vocab_cro_loss : 2.613236, 
epoch  19 summary: train_cos_loss : 0.038956, vocab_cro_loss : 2.603873, 
epoch  20 summary: train_cos_loss : 0.038708, vocab_cro_loss : 2.617175, 
train loss: 2.6023, accuracy: 0.3500
epoch  21 summary: train_cos_loss : 0.038190, vocab_cro_loss : 2.601841, 
epoch  22 summary: train_cos_loss : 0.037804, vocab_cro_loss : 2.611826, 
epoch  23 summary: train_cos_loss : 0.037566, vocab_cro_loss : 2.605221, 
epoch  24 summary: train_cos_loss : 0.037266, vocab_cro_loss : 2.572055, 
epoch  25 summary: train_cos_loss : 0.037073, vocab_cro_loss : 2.576211, 
epoch  26 summary: train_cos_loss : 0.036858, vocab_cro_loss : 2.557048, 
epoch  27 summary: train_cos_loss : 0.036627, vocab_cro_loss : 2.609690, 
epoch  28 summary: train_cos_loss : 0.036498, vocab_cro_loss : 2.598830, 
epoch  29 summary: train_cos_loss : 0.036386, vocab_cro_loss : 2.572471, 
epoch  30 summary: train_cos_loss : 0.036438, vocab_cro_loss : 2.537512, 
train loss: 2.5231, accuracy: 0.3572
epoch  31 summary: train_cos_loss : 0.036257, vocab_cro_loss : 2.522683, 
epoch  32 summary: train_cos_loss : 0.036182, vocab_cro_loss : 2.499916, 
epoch  33 summary: train_cos_loss : 0.035991, vocab_cro_loss : 2.492544, 
epoch  34 summary: train_cos_loss : 0.035958, vocab_cro_loss : 2.483749, 
epoch  35 summary: train_cos_loss : 0.035874, vocab_cro_loss : 2.477948, 
epoch  36 summary: train_cos_loss : 0.035838, vocab_cro_loss : 2.459897, 
epoch  37 summary: train_cos_loss : 0.035767, vocab_cro_loss : 2.455420, 
epoch  38 summary: train_cos_loss : 0.035780, vocab_cro_loss : 2.453240, 
epoch  39 summary: train_cos_loss : 0.035666, vocab_cro_loss : 2.451127, 
epoch  40 summary: train_cos_loss : 0.035786, vocab_cro_loss : 2.452140, 
train loss: 2.4546, accuracy: 0.3816
epoch  41 summary: train_cos_loss : 0.035687, vocab_cro_loss : 2.454318, 
epoch  42 summary: train_cos_loss : 0.035546, vocab_cro_loss : 2.447254, 
epoch  43 summary: train_cos_loss : 0.035516, vocab_cro_loss : 2.449495, 
epoch  44 summary: train_cos_loss : 0.035477, vocab_cro_loss : 2.446108, 
epoch  45 summary: train_cos_loss : 0.035454, vocab_cro_loss : 2.446171, 
epoch  46 summary: train_cos_loss : 0.035413, vocab_cro_loss : 2.445169, 
epoch  47 summary: train_cos_loss : 0.035374, vocab_cro_loss : 2.445236, 
epoch  48 summary: train_cos_loss : 0.035329, vocab_cro_loss : 2.445945, 
epoch  49 summary: train_cos_loss : 0.035342, vocab_cro_loss : 2.447050, 
epoch  50 summary: train_cos_loss : 0.035314, vocab_cro_loss : 2.442884, 
train loss: 2.4502, accuracy: 0.3810
epoch  51 summary: train_cos_loss : 0.035223, vocab_cro_loss : 2.449924, 
epoch  52 summary: train_cos_loss : 0.035138, vocab_cro_loss : 2.440588, 
epoch  53 summary: train_cos_loss : 0.035143, vocab_cro_loss : 2.439161, 
epoch  54 summary: train_cos_loss : 0.035104, vocab_cro_loss : 2.439188, 
epoch  55 summary: train_cos_loss : 0.035018, vocab_cro_loss : 2.436242, 
epoch  56 summary: train_cos_loss : 0.035039, vocab_cro_loss : 2.437245, 
epoch  57 summary: train_cos_loss : 0.034992, vocab_cro_loss : 2.438999, 
epoch  58 summary: train_cos_loss : 0.035003, vocab_cro_loss : 2.445183, 
epoch  59 summary: train_cos_loss : 0.035005, vocab_cro_loss : 2.438004, 
epoch  60 summary: train_cos_loss : 0.035121, vocab_cro_loss : 2.443597, 
train loss: 2.4365, accuracy: 0.3829
epoch  61 summary: train_cos_loss : 0.035079, vocab_cro_loss : 2.436336, 
epoch  62 summary: train_cos_loss : 0.035014, vocab_cro_loss : 2.435692, 
epoch  63 summary: train_cos_loss : 0.035047, vocab_cro_loss : 2.436825, 
epoch  64 summary: train_cos_loss : 0.035026, vocab_cro_loss : 2.438298, 
epoch  65 summary: train_cos_loss : 0.034971, vocab_cro_loss : 2.437432, 
epoch  66 summary: train_cos_loss : 0.034963, vocab_cro_loss : 2.439452, 
epoch  67 summary: train_cos_loss : 0.034919, vocab_cro_loss : 2.434782, 
epoch  68 summary: train_cos_loss : 0.034926, vocab_cro_loss : 2.433328, 
epoch  69 summary: train_cos_loss : 0.034911, vocab_cro_loss : 2.435316, 
epoch  70 summary: train_cos_loss : 0.035010, vocab_cro_loss : 2.438214, 
train loss: 2.4315, accuracy: 0.3840
epoch  71 summary: train_cos_loss : 0.034953, vocab_cro_loss : 2.431474, 
epoch  72 summary: train_cos_loss : 0.034871, vocab_cro_loss : 2.428915, 
epoch  73 summary: train_cos_loss : 0.034845, vocab_cro_loss : 2.432578, 
epoch  74 summary: train_cos_loss : 0.034789, vocab_cro_loss : 2.422894, 
epoch  75 summary: train_cos_loss : 0.034730, vocab_cro_loss : 2.428941, 
epoch  76 summary: train_cos_loss : 0.034729, vocab_cro_loss : 2.422060, 
epoch  77 summary: train_cos_loss : 0.034717, vocab_cro_loss : 2.425160, 
epoch  78 summary: train_cos_loss : 0.034688, vocab_cro_loss : 2.421999, 
epoch  79 summary: train_cos_loss : 0.034697, vocab_cro_loss : 2.423538, 
epoch  80 summary: train_cos_loss : 0.034770, vocab_cro_loss : 2.418679, 
train loss: 2.4301, accuracy: 0.3842
epoch  81 summary: train_cos_loss : 0.034737, vocab_cro_loss : 2.429782, 
epoch  82 summary: train_cos_loss : 0.034718, vocab_cro_loss : 2.422402, 
epoch  83 summary: train_cos_loss : 0.034708, vocab_cro_loss : 2.424720, 
epoch  84 summary: train_cos_loss : 0.034658, vocab_cro_loss : 2.424107, 
epoch  85 summary: train_cos_loss : 0.034683, vocab_cro_loss : 2.419123, 
epoch  86 summary: train_cos_loss : 0.034673, vocab_cro_loss : 2.423264, 
epoch  87 summary: train_cos_loss : 0.034665, vocab_cro_loss : 2.427571, 
epoch  88 summary: train_cos_loss : 0.034651, vocab_cro_loss : 2.420429, 
epoch  89 summary: train_cos_loss : 0.034664, vocab_cro_loss : 2.425725, 
epoch  90 summary: train_cos_loss : 0.034714, vocab_cro_loss : 2.421028, 
train loss: 2.4194, accuracy: 0.3848
epoch  91 summary: train_cos_loss : 0.034626, vocab_cro_loss : 2.419358, 
epoch  92 summary: train_cos_loss : 0.034596, vocab_cro_loss : 2.417867, 
epoch  93 summary: train_cos_loss : 0.034624, vocab_cro_loss : 2.424890, 
epoch  94 summary: train_cos_loss : 0.034613, vocab_cro_loss : 2.417995, 
epoch  95 summary: train_cos_loss : 0.034587, vocab_cro_loss : 2.427418, 
epoch  96 summary: train_cos_loss : 0.034565, vocab_cro_loss : 2.424812, 
epoch  97 summary: train_cos_loss : 0.034564, vocab_cro_loss : 2.419344, 
epoch  98 summary: train_cos_loss : 0.034576, vocab_cro_loss : 2.425589, 
epoch  99 summary: train_cos_loss : 0.034540, vocab_cro_loss : 2.418700, 
train loss: 2.4269, accuracy: 0.3855
all                         630879.226ms
all_epoch                   625411.726ms
all_preparation               5467.455ms
all_preparation_2             5466.028ms
all_preparation_3                1.389ms
epoch                         5824.412ms
epoch_pos_train                  8.075ms
epoch_preparation               19.737ms
epoch_train                   5760.829ms
epoch_valid                     33.383ms
----------------------------------------
all                         630879.226ms
  all_epoch             99.13%
  all_preparation        0.87%
all_preparation               5467.455ms
  all_preparation_2     99.97%
  all_preparation_3      0.03%
epoch                       582441.220ms
  epoch_train           98.91%
  epoch_valid            0.57%
  epoch_preparation      0.34%
  epoch_pos_train        0.14%
epoch   0 summary: valid_cos_loss : 0.246414, 
valid loss: 3.4401, accuracy: 0.2024
epoch   1 summary: valid_cos_loss : 0.127266, 
epoch   2 summary: valid_cos_loss : 0.080784, 
epoch   3 summary: valid_cos_loss : 0.061436, 
epoch   4 summary: valid_cos_loss : 0.053305, 
epoch   5 summary: valid_cos_loss : 0.049406, 
epoch   6 summary: valid_cos_loss : 0.047301, 
epoch   7 summary: valid_cos_loss : 0.046248, 
epoch   8 summary: valid_cos_loss : 0.045623, 
epoch   9 summary: valid_cos_loss : 0.045208, 
epoch  10 summary: valid_cos_loss : 0.046127, 
valid loss: 2.8777, accuracy: 0.2930
epoch  11 summary: valid_cos_loss : 0.045123, 
epoch  12 summary: valid_cos_loss : 0.044733, 
epoch  13 summary: valid_cos_loss : 0.044482, 
epoch  14 summary: valid_cos_loss : 0.044261, 
epoch  15 summary: valid_cos_loss : 0.044151, 
epoch  16 summary: valid_cos_loss : 0.044045, 
epoch  17 summary: valid_cos_loss : 0.043966, 
epoch  18 summary: valid_cos_loss : 0.043956, 
epoch  19 summary: valid_cos_loss : 0.043894, 
epoch  20 summary: valid_cos_loss : 0.045048, 
valid loss: 2.8875, accuracy: 0.2932
epoch  21 summary: valid_cos_loss : 0.044399, 
epoch  22 summary: valid_cos_loss : 0.044037, 
epoch  23 summary: valid_cos_loss : 0.043961, 
epoch  24 summary: valid_cos_loss : 0.043965, 
epoch  25 summary: valid_cos_loss : 0.043843, 
epoch  26 summary: valid_cos_loss : 0.043793, 
epoch  27 summary: valid_cos_loss : 0.043738, 
epoch  28 summary: valid_cos_loss : 0.043683, 
epoch  29 summary: valid_cos_loss : 0.043630, 
epoch  30 summary: valid_cos_loss : 0.044699, 
valid loss: 2.8936, accuracy: 0.2937
epoch  31 summary: valid_cos_loss : 0.044010, 
epoch  32 summary: valid_cos_loss : 0.043815, 
epoch  33 summary: valid_cos_loss : 0.043645, 
epoch  34 summary: valid_cos_loss : 0.043583, 
epoch  35 summary: valid_cos_loss : 0.043545, 
epoch  36 summary: valid_cos_loss : 0.043471, 
epoch  37 summary: valid_cos_loss : 0.043451, 
epoch  38 summary: valid_cos_loss : 0.043461, 
epoch  39 summary: valid_cos_loss : 0.043458, 
epoch  40 summary: valid_cos_loss : 0.044542, 
valid loss: 2.8933, accuracy: 0.2935
epoch  41 summary: valid_cos_loss : 0.043956, 
epoch  42 summary: valid_cos_loss : 0.043650, 
epoch  43 summary: valid_cos_loss : 0.043541, 
epoch  44 summary: valid_cos_loss : 0.043447, 
epoch  45 summary: valid_cos_loss : 0.043422, 
epoch  46 summary: valid_cos_loss : 0.043374, 
epoch  47 summary: valid_cos_loss : 0.043372, 
epoch  48 summary: valid_cos_loss : 0.043300, 
epoch  49 summary: valid_cos_loss : 0.043300, 
epoch  50 summary: valid_cos_loss : 0.044457, 
valid loss: 2.9009, accuracy: 0.2937
epoch  51 summary: valid_cos_loss : 0.043881, 
epoch  52 summary: valid_cos_loss : 0.043633, 
epoch  53 summary: valid_cos_loss : 0.043508, 
epoch  54 summary: valid_cos_loss : 0.043464, 
epoch  55 summary: valid_cos_loss : 0.043417, 
epoch  56 summary: valid_cos_loss : 0.043340, 
epoch  57 summary: valid_cos_loss : 0.043366, 
epoch  58 summary: valid_cos_loss : 0.043329, 
epoch  59 summary: valid_cos_loss : 0.043286, 
epoch  60 summary: valid_cos_loss : 0.044466, 
valid loss: 2.9005, accuracy: 0.2926
epoch  61 summary: valid_cos_loss : 0.043853, 
epoch  62 summary: valid_cos_loss : 0.043554, 
epoch  63 summary: valid_cos_loss : 0.043453, 
epoch  64 summary: valid_cos_loss : 0.043382, 
epoch  65 summary: valid_cos_loss : 0.043402, 
epoch  66 summary: valid_cos_loss : 0.043341, 
epoch  67 summary: valid_cos_loss : 0.043259, 
epoch  68 summary: valid_cos_loss : 0.043269, 
epoch  69 summary: valid_cos_loss : 0.043252, 
epoch  70 summary: valid_cos_loss : 0.044315, 
valid loss: 2.8997, accuracy: 0.2925
epoch  71 summary: valid_cos_loss : 0.043642, 
epoch  72 summary: valid_cos_loss : 0.043412, 
epoch  73 summary: valid_cos_loss : 0.043340, 
epoch  74 summary: valid_cos_loss : 0.043251, 
epoch  75 summary: valid_cos_loss : 0.043228, 
epoch  76 summary: valid_cos_loss : 0.043178, 
epoch  77 summary: valid_cos_loss : 0.043144, 
epoch  78 summary: valid_cos_loss : 0.043111, 
epoch  79 summary: valid_cos_loss : 0.043177, 
epoch  80 summary: valid_cos_loss : 0.044153, 
valid loss: 2.9012, accuracy: 0.2919
epoch  81 summary: valid_cos_loss : 0.043539, 
epoch  82 summary: valid_cos_loss : 0.043369, 
epoch  83 summary: valid_cos_loss : 0.043333, 
epoch  84 summary: valid_cos_loss : 0.043214, 
epoch  85 summary: valid_cos_loss : 0.043184, 
epoch  86 summary: valid_cos_loss : 0.043169, 
epoch  87 summary: valid_cos_loss : 0.043163, 
epoch  88 summary: valid_cos_loss : 0.043111, 
epoch  89 summary: valid_cos_loss : 0.043107, 
epoch  90 summary: valid_cos_loss : 0.044166, 
valid loss: 2.9085, accuracy: 0.2905
epoch  91 summary: valid_cos_loss : 0.043484, 
epoch  92 summary: valid_cos_loss : 0.043285, 
epoch  93 summary: valid_cos_loss : 0.043174, 
epoch  94 summary: valid_cos_loss : 0.043134, 
epoch  95 summary: valid_cos_loss : 0.043075, 
epoch  96 summary: valid_cos_loss : 0.043077, 
epoch  97 summary: valid_cos_loss : 0.043051, 
epoch  98 summary: valid_cos_loss : 0.043025, 
epoch  99 summary: valid_cos_loss : 0.043026, 
valid loss: 2.9098, accuracy: 0.2899
all                         610781.481ms
all_epoch                   610725.473ms
all_preparation                 55.882ms
all_preparation_2               40.771ms
all_preparation_3               15.084ms
epoch                         5858.023ms
epoch_pos_train                  9.865ms
epoch_preparation                1.331ms
epoch_train                   5806.931ms
epoch_valid                     37.953ms
----------------------------------------
all                         610781.481ms
  all_epoch             99.99%
  all_preparation        0.01%
all_preparation                 55.882ms
  all_preparation_2     72.96%
  all_preparation_3     26.99%
epoch                       585802.269ms
  epoch_train           99.13%
  epoch_valid            0.65%
  epoch_pos_train        0.17%
  epoch_preparation      0.02%
