Before CTE Training: train eu loss: 1.0715794563293457, eval eu loss: 1.4517745971679688
Before CTE Training: train eu acc: 0.6578369140625, eval eu acc: 0.5794677734375
epoch   0 summary: train_cos_loss : 0.267459, vocab_cro_loss : 4.994097, 
train loss: 4.4247, accuracy: 0.0619
epoch   1 summary: train_cos_loss : 0.220141, vocab_cro_loss : 4.422991, 
epoch   2 summary: train_cos_loss : 0.153880, vocab_cro_loss : 3.666542, 
epoch   3 summary: train_cos_loss : 0.109284, vocab_cro_loss : 3.385961, 
epoch   4 summary: train_cos_loss : 0.083372, vocab_cro_loss : 3.153478, 
epoch   5 summary: train_cos_loss : 0.066914, vocab_cro_loss : 3.090673, 
epoch   6 summary: train_cos_loss : 0.057579, vocab_cro_loss : 3.072008, 
epoch   7 summary: train_cos_loss : 0.052343, vocab_cro_loss : 2.983330, 
epoch   8 summary: train_cos_loss : 0.048545, vocab_cro_loss : 3.065203, 
epoch   9 summary: train_cos_loss : 0.047234, vocab_cro_loss : 3.146455, 
epoch  10 summary: train_cos_loss : 0.045661, vocab_cro_loss : 2.893080, 
train loss: 2.7824, accuracy: 0.3621
epoch  11 summary: train_cos_loss : 0.044338, vocab_cro_loss : 2.779735, 
epoch  12 summary: train_cos_loss : 0.042860, vocab_cro_loss : 2.721661, 
epoch  13 summary: train_cos_loss : 0.041952, vocab_cro_loss : 2.810034, 
epoch  14 summary: train_cos_loss : 0.041303, vocab_cro_loss : 2.690572, 
epoch  15 summary: train_cos_loss : 0.040217, vocab_cro_loss : 2.638607, 
epoch  16 summary: train_cos_loss : 0.040802, vocab_cro_loss : 2.884808, 
epoch  17 summary: train_cos_loss : 0.038963, vocab_cro_loss : 2.642596, 
epoch  18 summary: train_cos_loss : 0.039507, vocab_cro_loss : 2.807803, 
epoch  19 summary: train_cos_loss : 0.038416, vocab_cro_loss : 2.601795, 
epoch  20 summary: train_cos_loss : 0.039597, vocab_cro_loss : 2.768275, 
train loss: 2.5777, accuracy: 0.4215
epoch  21 summary: train_cos_loss : 0.038083, vocab_cro_loss : 2.576104, 
epoch  22 summary: train_cos_loss : 0.038907, vocab_cro_loss : 2.737641, 
epoch  23 summary: train_cos_loss : 0.038629, vocab_cro_loss : 2.585377, 
epoch  24 summary: train_cos_loss : 0.037730, vocab_cro_loss : 2.603960, 
epoch  25 summary: train_cos_loss : 0.037835, vocab_cro_loss : 2.521095, 
epoch  26 summary: train_cos_loss : 0.036943, vocab_cro_loss : 2.526580, 
epoch  27 summary: train_cos_loss : 0.036996, vocab_cro_loss : 2.521904, 
epoch  28 summary: train_cos_loss : 0.036691, vocab_cro_loss : 2.468897, 
epoch  29 summary: train_cos_loss : 0.036462, vocab_cro_loss : 2.458707, 
epoch  30 summary: train_cos_loss : 0.036073, vocab_cro_loss : 2.400532, 
train loss: 2.4475, accuracy: 0.4343
epoch  31 summary: train_cos_loss : 0.036290, vocab_cro_loss : 2.446168, 
epoch  32 summary: train_cos_loss : 0.035800, vocab_cro_loss : 2.419710, 
epoch  33 summary: train_cos_loss : 0.035095, vocab_cro_loss : 2.406255, 
epoch  34 summary: train_cos_loss : 0.035494, vocab_cro_loss : 2.401686, 
epoch  35 summary: train_cos_loss : 0.034752, vocab_cro_loss : 2.424421, 
epoch  36 summary: train_cos_loss : 0.035079, vocab_cro_loss : 2.392411, 
epoch  37 summary: train_cos_loss : 0.034902, vocab_cro_loss : 2.391347, 
epoch  38 summary: train_cos_loss : 0.035173, vocab_cro_loss : 2.439378, 
epoch  39 summary: train_cos_loss : 0.034436, vocab_cro_loss : 2.389215, 
epoch  40 summary: train_cos_loss : 0.035150, vocab_cro_loss : 2.462589, 
train loss: 2.4221, accuracy: 0.4321
epoch  41 summary: train_cos_loss : 0.034946, vocab_cro_loss : 2.420836, 
epoch  42 summary: train_cos_loss : 0.034697, vocab_cro_loss : 2.411874, 
epoch  43 summary: train_cos_loss : 0.034578, vocab_cro_loss : 2.429270, 
epoch  44 summary: train_cos_loss : 0.035197, vocab_cro_loss : 2.417264, 
epoch  45 summary: train_cos_loss : 0.034221, vocab_cro_loss : 2.335529, 
epoch  46 summary: train_cos_loss : 0.034032, vocab_cro_loss : 2.308346, 
epoch  47 summary: train_cos_loss : 0.034851, vocab_cro_loss : 2.301675, 
epoch  48 summary: train_cos_loss : 0.034036, vocab_cro_loss : 2.321272, 
epoch  49 summary: train_cos_loss : 0.033954, vocab_cro_loss : 2.327352, 
epoch  50 summary: train_cos_loss : 0.034035, vocab_cro_loss : 2.342964, 
train loss: 2.3498, accuracy: 0.4534
epoch  51 summary: train_cos_loss : 0.033946, vocab_cro_loss : 2.348407, 
epoch  52 summary: train_cos_loss : 0.033861, vocab_cro_loss : 2.371410, 
epoch  53 summary: train_cos_loss : 0.033367, vocab_cro_loss : 2.353554, 
epoch  54 summary: train_cos_loss : 0.033613, vocab_cro_loss : 2.336865, 
epoch  55 summary: train_cos_loss : 0.033603, vocab_cro_loss : 2.307207, 
epoch  56 summary: train_cos_loss : 0.032660, vocab_cro_loss : 2.314439, 
epoch  57 summary: train_cos_loss : 0.033382, vocab_cro_loss : 2.331606, 
epoch  58 summary: train_cos_loss : 0.032995, vocab_cro_loss : 2.345384, 
epoch  59 summary: train_cos_loss : 0.032970, vocab_cro_loss : 2.357667, 
epoch  60 summary: train_cos_loss : 0.033300, vocab_cro_loss : 2.314946, 
train loss: 2.2820, accuracy: 0.4576
epoch  61 summary: train_cos_loss : 0.032794, vocab_cro_loss : 2.280706, 
epoch  62 summary: train_cos_loss : 0.032749, vocab_cro_loss : 2.374948, 
epoch  63 summary: train_cos_loss : 0.032356, vocab_cro_loss : 2.409236, 
epoch  64 summary: train_cos_loss : 0.033478, vocab_cro_loss : 2.359996, 
epoch  65 summary: train_cos_loss : 0.032674, vocab_cro_loss : 2.343700, 
epoch  66 summary: train_cos_loss : 0.032917, vocab_cro_loss : 2.322165, 
epoch  67 summary: train_cos_loss : 0.032758, vocab_cro_loss : 2.264077, 
epoch  68 summary: train_cos_loss : 0.032506, vocab_cro_loss : 2.313973, 
epoch  69 summary: train_cos_loss : 0.032636, vocab_cro_loss : 2.360395, 
epoch  70 summary: train_cos_loss : 0.032801, vocab_cro_loss : 2.414893, 
train loss: 2.3757, accuracy: 0.4481
epoch  71 summary: train_cos_loss : 0.032954, vocab_cro_loss : 2.374175, 
epoch  72 summary: train_cos_loss : 0.032510, vocab_cro_loss : 2.377655, 
epoch  73 summary: train_cos_loss : 0.032873, vocab_cro_loss : 2.428421, 
epoch  74 summary: train_cos_loss : 0.032195, vocab_cro_loss : 2.401781, 
epoch  75 summary: train_cos_loss : 0.033276, vocab_cro_loss : 2.505898, 
epoch  76 summary: train_cos_loss : 0.033096, vocab_cro_loss : 2.406231, 
epoch  77 summary: train_cos_loss : 0.032249, vocab_cro_loss : 2.395416, 
epoch  78 summary: train_cos_loss : 0.032835, vocab_cro_loss : 2.566975, 
epoch  79 summary: train_cos_loss : 0.032154, vocab_cro_loss : 2.468396, 
epoch  80 summary: train_cos_loss : 0.032383, vocab_cro_loss : 2.353380, 
train loss: 2.3958, accuracy: 0.4425
epoch  81 summary: train_cos_loss : 0.032493, vocab_cro_loss : 2.393992, 
epoch  82 summary: train_cos_loss : 0.032068, vocab_cro_loss : 2.372218, 
epoch  83 summary: train_cos_loss : 0.032210, vocab_cro_loss : 2.450905, 
epoch  84 summary: train_cos_loss : 0.032182, vocab_cro_loss : 2.469308, 
epoch  85 summary: train_cos_loss : 0.031981, vocab_cro_loss : 2.388384, 
epoch  86 summary: train_cos_loss : 0.032443, vocab_cro_loss : 2.375211, 
epoch  87 summary: train_cos_loss : 0.031581, vocab_cro_loss : 2.410982, 
epoch  88 summary: train_cos_loss : 0.032320, vocab_cro_loss : 2.452926, 
epoch  89 summary: train_cos_loss : 0.032562, vocab_cro_loss : 2.364188, 
epoch  90 summary: train_cos_loss : 0.032074, vocab_cro_loss : 2.346485, 
train loss: 2.3972, accuracy: 0.4441
epoch  91 summary: train_cos_loss : 0.032393, vocab_cro_loss : 2.395744, 
epoch  92 summary: train_cos_loss : 0.032314, vocab_cro_loss : 2.355044, 
epoch  93 summary: train_cos_loss : 0.032282, vocab_cro_loss : 2.363267, 
epoch  94 summary: train_cos_loss : 0.032596, vocab_cro_loss : 2.485000, 
epoch  95 summary: train_cos_loss : 0.032217, vocab_cro_loss : 2.431573, 
epoch  96 summary: train_cos_loss : 0.032605, vocab_cro_loss : 2.420977, 
epoch  97 summary: train_cos_loss : 0.032133, vocab_cro_loss : 2.397776, 
epoch  98 summary: train_cos_loss : 0.031616, vocab_cro_loss : 2.422353, 
epoch  99 summary: train_cos_loss : 0.031731, vocab_cro_loss : 2.362336, 
train loss: 2.4905, accuracy: 0.4413
all                         286518.886ms
all_epoch                   280635.823ms
all_preparation               5883.033ms
all_preparation_2             5880.616ms
all_preparation_3                2.367ms
epoch                         2481.863ms
epoch_pos_train                  5.173ms
epoch_preparation               15.705ms
epoch_train                   2431.967ms
epoch_valid                     27.085ms
----------------------------------------
all                         286518.886ms
  all_epoch             97.95%
  all_preparation        2.05%
all_preparation               5883.033ms
  all_preparation_2     99.96%
  all_preparation_3      0.04%
epoch                       248186.328ms
  epoch_train           97.99%
  epoch_valid            1.09%
  epoch_preparation      0.63%
  epoch_pos_train        0.21%
epoch   0 summary: valid_cos_loss : 0.198762, 
valid loss: 3.5051, accuracy: 0.1924
epoch   1 summary: valid_cos_loss : 0.084450, 
epoch   2 summary: valid_cos_loss : 0.053028, 
epoch   3 summary: valid_cos_loss : 0.041540, 
epoch   4 summary: valid_cos_loss : 0.040375, 
epoch   5 summary: valid_cos_loss : 0.040407, 
epoch   6 summary: valid_cos_loss : 0.039705, 
epoch   7 summary: valid_cos_loss : 0.040584, 
epoch   8 summary: valid_cos_loss : 0.040053, 
epoch   9 summary: valid_cos_loss : 0.041804, 
epoch  10 summary: valid_cos_loss : 0.041417, 
valid loss: 2.9819, accuracy: 0.3296
epoch  11 summary: valid_cos_loss : 0.043602, 
epoch  12 summary: valid_cos_loss : 0.042467, 
epoch  13 summary: valid_cos_loss : 0.042716, 
epoch  14 summary: valid_cos_loss : 0.043081, 
epoch  15 summary: valid_cos_loss : 0.041787, 
epoch  16 summary: valid_cos_loss : 0.042537, 
epoch  17 summary: valid_cos_loss : 0.041564, 
epoch  18 summary: valid_cos_loss : 0.042871, 
epoch  19 summary: valid_cos_loss : 0.042957, 
epoch  20 summary: valid_cos_loss : 0.041729, 
valid loss: 3.0001, accuracy: 0.3265
epoch  21 summary: valid_cos_loss : 0.043677, 
epoch  22 summary: valid_cos_loss : 0.042020, 
epoch  23 summary: valid_cos_loss : 0.042615, 
epoch  24 summary: valid_cos_loss : 0.042930, 
epoch  25 summary: valid_cos_loss : 0.041129, 
epoch  26 summary: valid_cos_loss : 0.043130, 
epoch  27 summary: valid_cos_loss : 0.043201, 
epoch  28 summary: valid_cos_loss : 0.041779, 
epoch  29 summary: valid_cos_loss : 0.042517, 
epoch  30 summary: valid_cos_loss : 0.041762, 
valid loss: 3.0109, accuracy: 0.3290
epoch  31 summary: valid_cos_loss : 0.043923, 
epoch  32 summary: valid_cos_loss : 0.041445, 
epoch  33 summary: valid_cos_loss : 0.042932, 
epoch  34 summary: valid_cos_loss : 0.040633, 
epoch  35 summary: valid_cos_loss : 0.043077, 
epoch  36 summary: valid_cos_loss : 0.042289, 
epoch  37 summary: valid_cos_loss : 0.040564, 
epoch  38 summary: valid_cos_loss : 0.043367, 
epoch  39 summary: valid_cos_loss : 0.041655, 
epoch  40 summary: valid_cos_loss : 0.043203, 
valid loss: 2.9936, accuracy: 0.3340
epoch  41 summary: valid_cos_loss : 0.042378, 
epoch  42 summary: valid_cos_loss : 0.042731, 
epoch  43 summary: valid_cos_loss : 0.041799, 
epoch  44 summary: valid_cos_loss : 0.041479, 
epoch  45 summary: valid_cos_loss : 0.040958, 
epoch  46 summary: valid_cos_loss : 0.040674, 
epoch  47 summary: valid_cos_loss : 0.041779, 
epoch  48 summary: valid_cos_loss : 0.041873, 
epoch  49 summary: valid_cos_loss : 0.041628, 
epoch  50 summary: valid_cos_loss : 0.042084, 
valid loss: 3.0040, accuracy: 0.3311
epoch  51 summary: valid_cos_loss : 0.042214, 
epoch  52 summary: valid_cos_loss : 0.041711, 
epoch  53 summary: valid_cos_loss : 0.041950, 
epoch  54 summary: valid_cos_loss : 0.041763, 
epoch  55 summary: valid_cos_loss : 0.041118, 
epoch  56 summary: valid_cos_loss : 0.042093, 
epoch  57 summary: valid_cos_loss : 0.042427, 
epoch  58 summary: valid_cos_loss : 0.040800, 
epoch  59 summary: valid_cos_loss : 0.041631, 
epoch  60 summary: valid_cos_loss : 0.040687, 
valid loss: 3.0141, accuracy: 0.3308
epoch  61 summary: valid_cos_loss : 0.043098, 
epoch  62 summary: valid_cos_loss : 0.041684, 
epoch  63 summary: valid_cos_loss : 0.041779, 
epoch  64 summary: valid_cos_loss : 0.041442, 
epoch  65 summary: valid_cos_loss : 0.040967, 
epoch  66 summary: valid_cos_loss : 0.040362, 
epoch  67 summary: valid_cos_loss : 0.041828, 
epoch  68 summary: valid_cos_loss : 0.041123, 
epoch  69 summary: valid_cos_loss : 0.041849, 
epoch  70 summary: valid_cos_loss : 0.042033, 
valid loss: 3.0062, accuracy: 0.3326
epoch  71 summary: valid_cos_loss : 0.041720, 
epoch  72 summary: valid_cos_loss : 0.041229, 
epoch  73 summary: valid_cos_loss : 0.040671, 
epoch  74 summary: valid_cos_loss : 0.040716, 
epoch  75 summary: valid_cos_loss : 0.040428, 
epoch  76 summary: valid_cos_loss : 0.040410, 
epoch  77 summary: valid_cos_loss : 0.040955, 
epoch  78 summary: valid_cos_loss : 0.041108, 
epoch  79 summary: valid_cos_loss : 0.040280, 
epoch  80 summary: valid_cos_loss : 0.041403, 
valid loss: 2.9978, accuracy: 0.3350
epoch  81 summary: valid_cos_loss : 0.041476, 
epoch  82 summary: valid_cos_loss : 0.040646, 
epoch  83 summary: valid_cos_loss : 0.039704, 
epoch  84 summary: valid_cos_loss : 0.040274, 
epoch  85 summary: valid_cos_loss : 0.040572, 
epoch  86 summary: valid_cos_loss : 0.038547, 
epoch  87 summary: valid_cos_loss : 0.041233, 
epoch  88 summary: valid_cos_loss : 0.040142, 
epoch  89 summary: valid_cos_loss : 0.039743, 
epoch  90 summary: valid_cos_loss : 0.041551, 
valid loss: 2.9812, accuracy: 0.3354
epoch  91 summary: valid_cos_loss : 0.040697, 
epoch  92 summary: valid_cos_loss : 0.040760, 
epoch  93 summary: valid_cos_loss : 0.040275, 
epoch  94 summary: valid_cos_loss : 0.040612, 
epoch  95 summary: valid_cos_loss : 0.039671, 
epoch  96 summary: valid_cos_loss : 0.039160, 
epoch  97 summary: valid_cos_loss : 0.040310, 
epoch  98 summary: valid_cos_loss : 0.039640, 
epoch  99 summary: valid_cos_loss : 0.040333, 
valid loss: 2.9771, accuracy: 0.3369
all                         260350.575ms
all_epoch                   260320.516ms
all_preparation                 30.014ms
all_preparation_2               28.529ms
all_preparation_3                1.466ms
epoch                         2362.701ms
epoch_pos_train                  6.613ms
epoch_preparation                1.040ms
epoch_train                   2322.988ms
epoch_valid                     30.021ms
----------------------------------------
all                         260350.575ms
  all_epoch             99.99%
  all_preparation        0.01%
all_preparation                 30.014ms
  all_preparation_2     95.05%
  all_preparation_3      4.88%
epoch                       236270.059ms
  epoch_train           98.32%
  epoch_valid            1.27%
  epoch_pos_train        0.28%
  epoch_preparation      0.04%
