Before CTE Training: train eu loss: 1.0715794563293457, eval eu loss: 1.4517745971679688
Before CTE Training: train eu acc: 0.6578369140625, eval eu acc: 0.5794677734375
epoch   0 summary: train_cos_loss : 0.224192, vocab_cro_loss : 4.327213, 
train loss: 4.1588, accuracy: 0.0438
epoch   1 summary: train_cos_loss : 0.216072, vocab_cro_loss : 4.158574, 
epoch   2 summary: train_cos_loss : 0.198606, vocab_cro_loss : 3.868677, 
epoch   3 summary: train_cos_loss : 0.174643, vocab_cro_loss : 3.444812, 
epoch   4 summary: train_cos_loss : 0.148843, vocab_cro_loss : 3.075511, 
epoch   5 summary: train_cos_loss : 0.124844, vocab_cro_loss : 2.856779, 
epoch   6 summary: train_cos_loss : 0.104474, vocab_cro_loss : 2.648953, 
epoch   7 summary: train_cos_loss : 0.087735, vocab_cro_loss : 2.488002, 
epoch   8 summary: train_cos_loss : 0.073844, vocab_cro_loss : 2.359062, 
epoch   9 summary: train_cos_loss : 0.063503, vocab_cro_loss : 2.286484, 
epoch  10 summary: train_cos_loss : 0.055680, vocab_cro_loss : 2.197009, 
train loss: 2.1276, accuracy: 0.4667
epoch  11 summary: train_cos_loss : 0.049603, vocab_cro_loss : 2.127473, 
epoch  12 summary: train_cos_loss : 0.044618, vocab_cro_loss : 2.058532, 
epoch  13 summary: train_cos_loss : 0.041083, vocab_cro_loss : 2.017580, 
epoch  14 summary: train_cos_loss : 0.037977, vocab_cro_loss : 1.975120, 
epoch  15 summary: train_cos_loss : 0.035535, vocab_cro_loss : 1.945102, 
epoch  16 summary: train_cos_loss : 0.033371, vocab_cro_loss : 1.914289, 
epoch  17 summary: train_cos_loss : 0.031567, vocab_cro_loss : 1.888077, 
epoch  18 summary: train_cos_loss : 0.030092, vocab_cro_loss : 1.863874, 
epoch  19 summary: train_cos_loss : 0.028648, vocab_cro_loss : 1.839203, 
epoch  20 summary: train_cos_loss : 0.027621, vocab_cro_loss : 1.820536, 
train loss: 1.8032, accuracy: 0.5123
epoch  21 summary: train_cos_loss : 0.026574, vocab_cro_loss : 1.803149, 
epoch  22 summary: train_cos_loss : 0.025478, vocab_cro_loss : 1.788533, 
epoch  23 summary: train_cos_loss : 0.024564, vocab_cro_loss : 1.774401, 
epoch  24 summary: train_cos_loss : 0.023741, vocab_cro_loss : 1.757488, 
epoch  25 summary: train_cos_loss : 0.023091, vocab_cro_loss : 1.745557, 
epoch  26 summary: train_cos_loss : 0.022495, vocab_cro_loss : 1.735137, 
epoch  27 summary: train_cos_loss : 0.021948, vocab_cro_loss : 1.726875, 
epoch  28 summary: train_cos_loss : 0.021488, vocab_cro_loss : 1.719804, 
epoch  29 summary: train_cos_loss : 0.021069, vocab_cro_loss : 1.715755, 
epoch  30 summary: train_cos_loss : 0.020953, vocab_cro_loss : 1.708428, 
train loss: 1.7037, accuracy: 0.5248
epoch  31 summary: train_cos_loss : 0.020630, vocab_cro_loss : 1.703684, 
epoch  32 summary: train_cos_loss : 0.020202, vocab_cro_loss : 1.699340, 
epoch  33 summary: train_cos_loss : 0.019858, vocab_cro_loss : 1.695667, 
epoch  34 summary: train_cos_loss : 0.019569, vocab_cro_loss : 1.687761, 
epoch  35 summary: train_cos_loss : 0.019273, vocab_cro_loss : 1.684143, 
epoch  36 summary: train_cos_loss : 0.019008, vocab_cro_loss : 1.677296, 
epoch  37 summary: train_cos_loss : 0.018752, vocab_cro_loss : 1.670842, 
epoch  38 summary: train_cos_loss : 0.018529, vocab_cro_loss : 1.665919, 
epoch  39 summary: train_cos_loss : 0.018337, vocab_cro_loss : 1.660249, 
epoch  40 summary: train_cos_loss : 0.018275, vocab_cro_loss : 1.658343, 
train loss: 1.6519, accuracy: 0.5374
epoch  41 summary: train_cos_loss : 0.018111, vocab_cro_loss : 1.651906, 
epoch  42 summary: train_cos_loss : 0.017860, vocab_cro_loss : 1.648141, 
epoch  43 summary: train_cos_loss : 0.017625, vocab_cro_loss : 1.645194, 
epoch  44 summary: train_cos_loss : 0.017429, vocab_cro_loss : 1.640171, 
epoch  45 summary: train_cos_loss : 0.017237, vocab_cro_loss : 1.636563, 
epoch  46 summary: train_cos_loss : 0.017078, vocab_cro_loss : 1.631972, 
epoch  47 summary: train_cos_loss : 0.016954, vocab_cro_loss : 1.622620, 
epoch  48 summary: train_cos_loss : 0.016796, vocab_cro_loss : 1.616003, 
epoch  49 summary: train_cos_loss : 0.016678, vocab_cro_loss : 1.612875, 
epoch  50 summary: train_cos_loss : 0.016782, vocab_cro_loss : 1.605892, 
train loss: 1.6014, accuracy: 0.5475
epoch  51 summary: train_cos_loss : 0.016679, vocab_cro_loss : 1.601348, 
epoch  52 summary: train_cos_loss : 0.016550, vocab_cro_loss : 1.598017, 
epoch  53 summary: train_cos_loss : 0.016373, vocab_cro_loss : 1.593448, 
epoch  54 summary: train_cos_loss : 0.016255, vocab_cro_loss : 1.592916, 
epoch  55 summary: train_cos_loss : 0.016159, vocab_cro_loss : 1.586889, 
epoch  56 summary: train_cos_loss : 0.015997, vocab_cro_loss : 1.583178, 
epoch  57 summary: train_cos_loss : 0.015915, vocab_cro_loss : 1.583212, 
epoch  58 summary: train_cos_loss : 0.015807, vocab_cro_loss : 1.580028, 
epoch  59 summary: train_cos_loss : 0.015728, vocab_cro_loss : 1.580327, 
epoch  60 summary: train_cos_loss : 0.015792, vocab_cro_loss : 1.578472, 
train loss: 1.5793, accuracy: 0.5518
epoch  61 summary: train_cos_loss : 0.015698, vocab_cro_loss : 1.579295, 
epoch  62 summary: train_cos_loss : 0.015616, vocab_cro_loss : 1.588420, 
epoch  63 summary: train_cos_loss : 0.015564, vocab_cro_loss : 1.593571, 
epoch  64 summary: train_cos_loss : 0.015455, vocab_cro_loss : 1.583012, 
epoch  65 summary: train_cos_loss : 0.015422, vocab_cro_loss : 1.583180, 
epoch  66 summary: train_cos_loss : 0.015278, vocab_cro_loss : 1.582257, 
epoch  67 summary: train_cos_loss : 0.015203, vocab_cro_loss : 1.575898, 
epoch  68 summary: train_cos_loss : 0.015117, vocab_cro_loss : 1.573245, 
epoch  69 summary: train_cos_loss : 0.015024, vocab_cro_loss : 1.571653, 
epoch  70 summary: train_cos_loss : 0.015037, vocab_cro_loss : 1.570187, 
train loss: 1.5854, accuracy: 0.5519
epoch  71 summary: train_cos_loss : 0.015052, vocab_cro_loss : 1.585391, 
epoch  72 summary: train_cos_loss : 0.015012, vocab_cro_loss : 1.592818, 
epoch  73 summary: train_cos_loss : 0.014925, vocab_cro_loss : 1.577855, 
epoch  74 summary: train_cos_loss : 0.014852, vocab_cro_loss : 1.576628, 
epoch  75 summary: train_cos_loss : 0.014805, vocab_cro_loss : 1.575059, 
epoch  76 summary: train_cos_loss : 0.014720, vocab_cro_loss : 1.572792, 
epoch  77 summary: train_cos_loss : 0.014664, vocab_cro_loss : 1.577833, 
epoch  78 summary: train_cos_loss : 0.014624, vocab_cro_loss : 1.578328, 
epoch  79 summary: train_cos_loss : 0.014511, vocab_cro_loss : 1.585345, 
epoch  80 summary: train_cos_loss : 0.014625, vocab_cro_loss : 1.590710, 
train loss: 1.5689, accuracy: 0.5530
epoch  81 summary: train_cos_loss : 0.014513, vocab_cro_loss : 1.568904, 
epoch  82 summary: train_cos_loss : 0.014431, vocab_cro_loss : 1.564103, 
epoch  83 summary: train_cos_loss : 0.014348, vocab_cro_loss : 1.562103, 
epoch  84 summary: train_cos_loss : 0.014284, vocab_cro_loss : 1.560221, 
epoch  85 summary: train_cos_loss : 0.014214, vocab_cro_loss : 1.559877, 
epoch  86 summary: train_cos_loss : 0.014147, vocab_cro_loss : 1.558199, 
epoch  87 summary: train_cos_loss : 0.014097, vocab_cro_loss : 1.560199, 
epoch  88 summary: train_cos_loss : 0.014072, vocab_cro_loss : 1.570228, 
epoch  89 summary: train_cos_loss : 0.013976, vocab_cro_loss : 1.558886, 
epoch  90 summary: train_cos_loss : 0.014063, vocab_cro_loss : 1.557639, 
train loss: 1.5567, accuracy: 0.5593
epoch  91 summary: train_cos_loss : 0.014031, vocab_cro_loss : 1.556647, 
epoch  92 summary: train_cos_loss : 0.013938, vocab_cro_loss : 1.553430, 
epoch  93 summary: train_cos_loss : 0.013866, vocab_cro_loss : 1.550696, 
epoch  94 summary: train_cos_loss : 0.013825, vocab_cro_loss : 1.549500, 
epoch  95 summary: train_cos_loss : 0.013780, vocab_cro_loss : 1.548489, 
epoch  96 summary: train_cos_loss : 0.013743, vocab_cro_loss : 1.546128, 
epoch  97 summary: train_cos_loss : 0.013723, vocab_cro_loss : 1.544211, 
epoch  98 summary: train_cos_loss : 0.013684, vocab_cro_loss : 1.542263, 
epoch  99 summary: train_cos_loss : 0.013653, vocab_cro_loss : 1.540981, 
train loss: 1.5399, accuracy: 0.5643
all                         458762.781ms
all_epoch                   454219.813ms
all_preparation               4542.346ms
all_preparation_2             4540.977ms
all_preparation_3                1.337ms
epoch                         4185.627ms
epoch_pos_train                  6.213ms
epoch_preparation               40.583ms
epoch_train                   4105.612ms
epoch_valid                     30.915ms
----------------------------------------
all                         458762.781ms
  all_epoch             99.01%
  all_preparation        0.99%
all_preparation               4542.346ms
  all_preparation_2     99.97%
  all_preparation_3      0.03%
epoch                       418562.733ms
  epoch_train           98.09%
  epoch_preparation      0.97%
  epoch_valid            0.74%
  epoch_pos_train        0.15%
epoch   0 summary: valid_cos_loss : 0.226832, 
valid loss: 3.4293, accuracy: 0.2006
epoch   1 summary: valid_cos_loss : 0.136079, 
epoch   2 summary: valid_cos_loss : 0.090298, 
epoch   3 summary: valid_cos_loss : 0.062925, 
epoch   4 summary: valid_cos_loss : 0.046624, 
epoch   5 summary: valid_cos_loss : 0.035962, 
epoch   6 summary: valid_cos_loss : 0.028903, 
epoch   7 summary: valid_cos_loss : 0.024192, 
epoch   8 summary: valid_cos_loss : 0.021037, 
epoch   9 summary: valid_cos_loss : 0.018949, 
epoch  10 summary: valid_cos_loss : 0.017659, 
valid loss: 2.0946, accuracy: 0.4580
epoch  11 summary: valid_cos_loss : 0.016617, 
epoch  12 summary: valid_cos_loss : 0.015720, 
epoch  13 summary: valid_cos_loss : 0.015046, 
epoch  14 summary: valid_cos_loss : 0.014570, 
epoch  15 summary: valid_cos_loss : 0.014150, 
epoch  16 summary: valid_cos_loss : 0.013838, 
epoch  17 summary: valid_cos_loss : 0.013641, 
epoch  18 summary: valid_cos_loss : 0.013449, 
epoch  19 summary: valid_cos_loss : 0.013251, 
epoch  20 summary: valid_cos_loss : 0.013332, 
valid loss: 2.0756, accuracy: 0.4622
epoch  21 summary: valid_cos_loss : 0.013224, 
epoch  22 summary: valid_cos_loss : 0.012971, 
epoch  23 summary: valid_cos_loss : 0.012932, 
epoch  24 summary: valid_cos_loss : 0.012852, 
epoch  25 summary: valid_cos_loss : 0.012752, 
epoch  26 summary: valid_cos_loss : 0.012697, 
epoch  27 summary: valid_cos_loss : 0.012595, 
epoch  28 summary: valid_cos_loss : 0.012594, 
epoch  29 summary: valid_cos_loss : 0.012439, 
epoch  30 summary: valid_cos_loss : 0.012650, 
valid loss: 2.0777, accuracy: 0.4612
epoch  31 summary: valid_cos_loss : 0.012634, 
epoch  32 summary: valid_cos_loss : 0.012478, 
epoch  33 summary: valid_cos_loss : 0.012360, 
epoch  34 summary: valid_cos_loss : 0.012282, 
epoch  35 summary: valid_cos_loss : 0.012251, 
epoch  36 summary: valid_cos_loss : 0.012232, 
epoch  37 summary: valid_cos_loss : 0.012195, 
epoch  38 summary: valid_cos_loss : 0.012205, 
epoch  39 summary: valid_cos_loss : 0.012126, 
epoch  40 summary: valid_cos_loss : 0.012263, 
valid loss: 2.0829, accuracy: 0.4620
epoch  41 summary: valid_cos_loss : 0.012329, 
epoch  42 summary: valid_cos_loss : 0.012133, 
epoch  43 summary: valid_cos_loss : 0.012073, 
epoch  44 summary: valid_cos_loss : 0.012048, 
epoch  45 summary: valid_cos_loss : 0.011960, 
epoch  46 summary: valid_cos_loss : 0.012035, 
epoch  47 summary: valid_cos_loss : 0.011955, 
epoch  48 summary: valid_cos_loss : 0.011944, 
epoch  49 summary: valid_cos_loss : 0.011922, 
epoch  50 summary: valid_cos_loss : 0.012139, 
valid loss: 2.0801, accuracy: 0.4629
epoch  51 summary: valid_cos_loss : 0.012045, 
epoch  52 summary: valid_cos_loss : 0.011977, 
epoch  53 summary: valid_cos_loss : 0.011939, 
epoch  54 summary: valid_cos_loss : 0.011898, 
epoch  55 summary: valid_cos_loss : 0.011867, 
epoch  56 summary: valid_cos_loss : 0.011829, 
epoch  57 summary: valid_cos_loss : 0.011869, 
epoch  58 summary: valid_cos_loss : 0.011794, 
epoch  59 summary: valid_cos_loss : 0.011785, 
epoch  60 summary: valid_cos_loss : 0.011960, 
valid loss: 2.0816, accuracy: 0.4631
epoch  61 summary: valid_cos_loss : 0.012133, 
epoch  62 summary: valid_cos_loss : 0.012017, 
epoch  63 summary: valid_cos_loss : 0.011833, 
epoch  64 summary: valid_cos_loss : 0.011909, 
epoch  65 summary: valid_cos_loss : 0.011777, 
epoch  66 summary: valid_cos_loss : 0.011773, 
epoch  67 summary: valid_cos_loss : 0.011777, 
epoch  68 summary: valid_cos_loss : 0.011715, 
epoch  69 summary: valid_cos_loss : 0.011768, 
epoch  70 summary: valid_cos_loss : 0.011972, 
valid loss: 2.0854, accuracy: 0.4611
epoch  71 summary: valid_cos_loss : 0.011939, 
epoch  72 summary: valid_cos_loss : 0.011838, 
epoch  73 summary: valid_cos_loss : 0.011794, 
epoch  74 summary: valid_cos_loss : 0.011676, 
epoch  75 summary: valid_cos_loss : 0.011685, 
epoch  76 summary: valid_cos_loss : 0.011664, 
epoch  77 summary: valid_cos_loss : 0.011650, 
epoch  78 summary: valid_cos_loss : 0.011664, 
epoch  79 summary: valid_cos_loss : 0.011612, 
epoch  80 summary: valid_cos_loss : 0.011810, 
valid loss: 2.0838, accuracy: 0.4617
epoch  81 summary: valid_cos_loss : 0.011821, 
epoch  82 summary: valid_cos_loss : 0.011747, 
epoch  83 summary: valid_cos_loss : 0.011707, 
epoch  84 summary: valid_cos_loss : 0.011670, 
epoch  85 summary: valid_cos_loss : 0.011651, 
epoch  86 summary: valid_cos_loss : 0.011617, 
epoch  87 summary: valid_cos_loss : 0.011585, 
epoch  88 summary: valid_cos_loss : 0.011553, 
epoch  89 summary: valid_cos_loss : 0.011558, 
epoch  90 summary: valid_cos_loss : 0.011746, 
valid loss: 2.0856, accuracy: 0.4608
epoch  91 summary: valid_cos_loss : 0.011686, 
epoch  92 summary: valid_cos_loss : 0.011647, 
epoch  93 summary: valid_cos_loss : 0.011633, 
epoch  94 summary: valid_cos_loss : 0.011573, 
epoch  95 summary: valid_cos_loss : 0.011573, 
epoch  96 summary: valid_cos_loss : 0.011549, 
epoch  97 summary: valid_cos_loss : 0.011549, 
epoch  98 summary: valid_cos_loss : 0.011546, 
epoch  99 summary: valid_cos_loss : 0.011537, 
valid loss: 2.0873, accuracy: 0.4587
all                         350772.774ms
all_epoch                   350735.250ms
all_preparation                 37.498ms
all_preparation_2               35.814ms
all_preparation_3                1.657ms
epoch                         3278.797ms
epoch_pos_train                  5.607ms
epoch_preparation                0.939ms
epoch_train                   3239.540ms
epoch_valid                     31.012ms
----------------------------------------
all                         350772.774ms
  all_epoch             99.99%
  all_preparation        0.01%
all_preparation                 37.498ms
  all_preparation_2     95.51%
  all_preparation_3      4.42%
epoch                       327879.677ms
  epoch_train           98.80%
  epoch_valid            0.95%
  epoch_pos_train        0.17%
  epoch_preparation      0.03%
