Before CTE Training: train eu loss: 1.0715794563293457, eval eu loss: 1.4517745971679688
Before CTE Training: train eu acc: 0.6578369140625, eval eu acc: 0.5794677734375
epoch   0 summary: train_cos_loss : 0.265944, vocab_cro_loss : 4.667874, 
train loss: 4.2668, accuracy: 0.0455
epoch   1 summary: train_cos_loss : 0.226291, vocab_cro_loss : 4.264878, 
epoch   2 summary: train_cos_loss : 0.163908, vocab_cro_loss : 3.503261, 
epoch   3 summary: train_cos_loss : 0.118131, vocab_cro_loss : 3.138719, 
epoch   4 summary: train_cos_loss : 0.088603, vocab_cro_loss : 3.006977, 
epoch   5 summary: train_cos_loss : 0.069104, vocab_cro_loss : 2.966911, 
epoch   6 summary: train_cos_loss : 0.058043, vocab_cro_loss : 2.884969, 
epoch   7 summary: train_cos_loss : 0.052771, vocab_cro_loss : 2.824038, 
epoch   8 summary: train_cos_loss : 0.048126, vocab_cro_loss : 2.693212, 
epoch   9 summary: train_cos_loss : 0.046571, vocab_cro_loss : 2.712485, 
epoch  10 summary: train_cos_loss : 0.044182, vocab_cro_loss : 2.664502, 
train loss: 2.5923, accuracy: 0.4108
epoch  11 summary: train_cos_loss : 0.043567, vocab_cro_loss : 2.589897, 
epoch  12 summary: train_cos_loss : 0.041243, vocab_cro_loss : 2.512052, 
epoch  13 summary: train_cos_loss : 0.041301, vocab_cro_loss : 2.606975, 
epoch  14 summary: train_cos_loss : 0.039915, vocab_cro_loss : 2.568373, 
epoch  15 summary: train_cos_loss : 0.039523, vocab_cro_loss : 2.634896, 
epoch  16 summary: train_cos_loss : 0.038869, vocab_cro_loss : 2.532928, 
epoch  17 summary: train_cos_loss : 0.038112, vocab_cro_loss : 2.435840, 
epoch  18 summary: train_cos_loss : 0.037886, vocab_cro_loss : 2.490421, 
epoch  19 summary: train_cos_loss : 0.037051, vocab_cro_loss : 2.395185, 
epoch  20 summary: train_cos_loss : 0.037773, vocab_cro_loss : 2.426674, 
train loss: 2.3630, accuracy: 0.4424
epoch  21 summary: train_cos_loss : 0.036935, vocab_cro_loss : 2.362055, 
epoch  22 summary: train_cos_loss : 0.036850, vocab_cro_loss : 2.421458, 
epoch  23 summary: train_cos_loss : 0.036591, vocab_cro_loss : 2.370799, 
epoch  24 summary: train_cos_loss : 0.036136, vocab_cro_loss : 2.351949, 
epoch  25 summary: train_cos_loss : 0.036051, vocab_cro_loss : 2.420994, 
epoch  26 summary: train_cos_loss : 0.036095, vocab_cro_loss : 2.401613, 
epoch  27 summary: train_cos_loss : 0.035784, vocab_cro_loss : 2.439855, 
epoch  28 summary: train_cos_loss : 0.036082, vocab_cro_loss : 2.430083, 
epoch  29 summary: train_cos_loss : 0.036110, vocab_cro_loss : 2.456897, 
epoch  30 summary: train_cos_loss : 0.035813, vocab_cro_loss : 2.450935, 
train loss: 2.5130, accuracy: 0.4224
epoch  31 summary: train_cos_loss : 0.035888, vocab_cro_loss : 2.510665, 
epoch  32 summary: train_cos_loss : 0.035649, vocab_cro_loss : 2.466098, 
epoch  33 summary: train_cos_loss : 0.035378, vocab_cro_loss : 2.478710, 
epoch  34 summary: train_cos_loss : 0.035534, vocab_cro_loss : 2.388055, 
epoch  35 summary: train_cos_loss : 0.034946, vocab_cro_loss : 2.418274, 
epoch  36 summary: train_cos_loss : 0.034724, vocab_cro_loss : 2.401405, 
epoch  37 summary: train_cos_loss : 0.034820, vocab_cro_loss : 2.456679, 
epoch  38 summary: train_cos_loss : 0.035329, vocab_cro_loss : 2.518648, 
epoch  39 summary: train_cos_loss : 0.034693, vocab_cro_loss : 2.431034, 
epoch  40 summary: train_cos_loss : 0.035123, vocab_cro_loss : 2.425367, 
train loss: 2.4691, accuracy: 0.4210
epoch  41 summary: train_cos_loss : 0.035322, vocab_cro_loss : 2.467379, 
epoch  42 summary: train_cos_loss : 0.035050, vocab_cro_loss : 2.417421, 
epoch  43 summary: train_cos_loss : 0.034662, vocab_cro_loss : 2.384767, 
epoch  44 summary: train_cos_loss : 0.034623, vocab_cro_loss : 2.375577, 
epoch  45 summary: train_cos_loss : 0.034768, vocab_cro_loss : 2.434226, 
epoch  46 summary: train_cos_loss : 0.034474, vocab_cro_loss : 2.353310, 
epoch  47 summary: train_cos_loss : 0.034594, vocab_cro_loss : 2.298909, 
epoch  48 summary: train_cos_loss : 0.033955, vocab_cro_loss : 2.343978, 
epoch  49 summary: train_cos_loss : 0.034327, vocab_cro_loss : 2.339732, 
epoch  50 summary: train_cos_loss : 0.033978, vocab_cro_loss : 2.284421, 
train loss: 2.3578, accuracy: 0.4364
epoch  51 summary: train_cos_loss : 0.034291, vocab_cro_loss : 2.356178, 
epoch  52 summary: train_cos_loss : 0.033745, vocab_cro_loss : 2.343657, 
epoch  53 summary: train_cos_loss : 0.034337, vocab_cro_loss : 2.341364, 
epoch  54 summary: train_cos_loss : 0.033617, vocab_cro_loss : 2.322700, 
epoch  55 summary: train_cos_loss : 0.034525, vocab_cro_loss : 2.350623, 
epoch  56 summary: train_cos_loss : 0.034140, vocab_cro_loss : 2.338063, 
epoch  57 summary: train_cos_loss : 0.033674, vocab_cro_loss : 2.339696, 
epoch  58 summary: train_cos_loss : 0.033891, vocab_cro_loss : 2.362274, 
epoch  59 summary: train_cos_loss : 0.033932, vocab_cro_loss : 2.336818, 
epoch  60 summary: train_cos_loss : 0.033841, vocab_cro_loss : 2.279728, 
train loss: 2.2903, accuracy: 0.4320
epoch  61 summary: train_cos_loss : 0.033765, vocab_cro_loss : 2.289033, 
epoch  62 summary: train_cos_loss : 0.033985, vocab_cro_loss : 2.265802, 
epoch  63 summary: train_cos_loss : 0.033708, vocab_cro_loss : 2.285672, 
epoch  64 summary: train_cos_loss : 0.034108, vocab_cro_loss : 2.300817, 
epoch  65 summary: train_cos_loss : 0.033220, vocab_cro_loss : 2.260466, 
epoch  66 summary: train_cos_loss : 0.033941, vocab_cro_loss : 2.341652, 
epoch  67 summary: train_cos_loss : 0.033455, vocab_cro_loss : 2.257754, 
epoch  68 summary: train_cos_loss : 0.033865, vocab_cro_loss : 2.318812, 
epoch  69 summary: train_cos_loss : 0.033752, vocab_cro_loss : 2.437706, 
epoch  70 summary: train_cos_loss : 0.034837, vocab_cro_loss : 2.340302, 
train loss: 2.4100, accuracy: 0.4642
epoch  71 summary: train_cos_loss : 0.034350, vocab_cro_loss : 2.407438, 
epoch  72 summary: train_cos_loss : 0.034687, vocab_cro_loss : 2.373546, 
epoch  73 summary: train_cos_loss : 0.034290, vocab_cro_loss : 2.294089, 
epoch  74 summary: train_cos_loss : 0.034078, vocab_cro_loss : 2.304173, 
epoch  75 summary: train_cos_loss : 0.034174, vocab_cro_loss : 2.256424, 
epoch  76 summary: train_cos_loss : 0.033761, vocab_cro_loss : 2.264463, 
epoch  77 summary: train_cos_loss : 0.033821, vocab_cro_loss : 2.301209, 
epoch  78 summary: train_cos_loss : 0.033428, vocab_cro_loss : 2.258235, 
epoch  79 summary: train_cos_loss : 0.033324, vocab_cro_loss : 2.238795, 
epoch  80 summary: train_cos_loss : 0.033477, vocab_cro_loss : 2.269252, 
train loss: 2.2734, accuracy: 0.4507
epoch  81 summary: train_cos_loss : 0.033890, vocab_cro_loss : 2.272502, 
epoch  82 summary: train_cos_loss : 0.033570, vocab_cro_loss : 2.304608, 
epoch  83 summary: train_cos_loss : 0.033849, vocab_cro_loss : 2.226523, 
epoch  84 summary: train_cos_loss : 0.033170, vocab_cro_loss : 2.215728, 
epoch  85 summary: train_cos_loss : 0.033070, vocab_cro_loss : 2.219265, 
epoch  86 summary: train_cos_loss : 0.033544, vocab_cro_loss : 2.225227, 
epoch  87 summary: train_cos_loss : 0.033172, vocab_cro_loss : 2.358067, 
epoch  88 summary: train_cos_loss : 0.033622, vocab_cro_loss : 2.355134, 
epoch  89 summary: train_cos_loss : 0.033177, vocab_cro_loss : 2.405033, 
epoch  90 summary: train_cos_loss : 0.034176, vocab_cro_loss : 2.454821, 
train loss: 2.5324, accuracy: 0.4430
epoch  91 summary: train_cos_loss : 0.034111, vocab_cro_loss : 2.531549, 
epoch  92 summary: train_cos_loss : 0.034466, vocab_cro_loss : 2.437227, 
epoch  93 summary: train_cos_loss : 0.034580, vocab_cro_loss : 2.428941, 
epoch  94 summary: train_cos_loss : 0.034301, vocab_cro_loss : 2.413059, 
epoch  95 summary: train_cos_loss : 0.034671, vocab_cro_loss : 2.382693, 
epoch  96 summary: train_cos_loss : 0.033779, vocab_cro_loss : 2.362557, 
epoch  97 summary: train_cos_loss : 0.033476, vocab_cro_loss : 2.243068, 
epoch  98 summary: train_cos_loss : 0.033656, vocab_cro_loss : 2.252491, 
epoch  99 summary: train_cos_loss : 0.033645, vocab_cro_loss : 2.248033, 
train loss: 2.2439, accuracy: 0.4700
all                         296088.801ms
all_epoch                   290448.557ms
all_preparation               5640.125ms
all_preparation_2             5637.780ms
all_preparation_3                2.319ms
epoch                         2562.247ms
epoch_pos_train                  7.521ms
epoch_preparation               20.741ms
epoch_train                   2509.448ms
epoch_valid                     22.558ms
----------------------------------------
all                         296088.801ms
  all_epoch             98.10%
  all_preparation        1.90%
all_preparation               5640.125ms
  all_preparation_2     99.96%
  all_preparation_3      0.04%
epoch                       256224.743ms
  epoch_train           97.94%
  epoch_valid            0.88%
  epoch_preparation      0.81%
  epoch_pos_train        0.29%
epoch   0 summary: valid_cos_loss : 0.188369, 
valid loss: 3.2769, accuracy: 0.2185
epoch   1 summary: valid_cos_loss : 0.083603, 
epoch   2 summary: valid_cos_loss : 0.052391, 
epoch   3 summary: valid_cos_loss : 0.039460, 
epoch   4 summary: valid_cos_loss : 0.037317, 
epoch   5 summary: valid_cos_loss : 0.035395, 
epoch   6 summary: valid_cos_loss : 0.035557, 
epoch   7 summary: valid_cos_loss : 0.035608, 
epoch   8 summary: valid_cos_loss : 0.036778, 
epoch   9 summary: valid_cos_loss : 0.036982, 
epoch  10 summary: valid_cos_loss : 0.037210, 
valid loss: 2.7865, accuracy: 0.3534
epoch  11 summary: valid_cos_loss : 0.038686, 
epoch  12 summary: valid_cos_loss : 0.038760, 
epoch  13 summary: valid_cos_loss : 0.038535, 
epoch  14 summary: valid_cos_loss : 0.038178, 
epoch  15 summary: valid_cos_loss : 0.038624, 
epoch  16 summary: valid_cos_loss : 0.039299, 
epoch  17 summary: valid_cos_loss : 0.039212, 
epoch  18 summary: valid_cos_loss : 0.040202, 
epoch  19 summary: valid_cos_loss : 0.040148, 
epoch  20 summary: valid_cos_loss : 0.039961, 
valid loss: 2.8065, accuracy: 0.3475
epoch  21 summary: valid_cos_loss : 0.041436, 
epoch  22 summary: valid_cos_loss : 0.040849, 
epoch  23 summary: valid_cos_loss : 0.040407, 
epoch  24 summary: valid_cos_loss : 0.041250, 
epoch  25 summary: valid_cos_loss : 0.040324, 
epoch  26 summary: valid_cos_loss : 0.041360, 
epoch  27 summary: valid_cos_loss : 0.041173, 
epoch  28 summary: valid_cos_loss : 0.040812, 
epoch  29 summary: valid_cos_loss : 0.041000, 
epoch  30 summary: valid_cos_loss : 0.041468, 
valid loss: 2.8172, accuracy: 0.3486
epoch  31 summary: valid_cos_loss : 0.042897, 
epoch  32 summary: valid_cos_loss : 0.041484, 
epoch  33 summary: valid_cos_loss : 0.041925, 
epoch  34 summary: valid_cos_loss : 0.041813, 
epoch  35 summary: valid_cos_loss : 0.041594, 
epoch  36 summary: valid_cos_loss : 0.041178, 
epoch  37 summary: valid_cos_loss : 0.040830, 
epoch  38 summary: valid_cos_loss : 0.041554, 
epoch  39 summary: valid_cos_loss : 0.041528, 
epoch  40 summary: valid_cos_loss : 0.042348, 
valid loss: 2.8076, accuracy: 0.3496
epoch  41 summary: valid_cos_loss : 0.042952, 
epoch  42 summary: valid_cos_loss : 0.042263, 
epoch  43 summary: valid_cos_loss : 0.043217, 
epoch  44 summary: valid_cos_loss : 0.041644, 
epoch  45 summary: valid_cos_loss : 0.041929, 
epoch  46 summary: valid_cos_loss : 0.043184, 
epoch  47 summary: valid_cos_loss : 0.042520, 
epoch  48 summary: valid_cos_loss : 0.043145, 
epoch  49 summary: valid_cos_loss : 0.041764, 
epoch  50 summary: valid_cos_loss : 0.042141, 
valid loss: 2.8222, accuracy: 0.3517
epoch  51 summary: valid_cos_loss : 0.042525, 
epoch  52 summary: valid_cos_loss : 0.042785, 
epoch  53 summary: valid_cos_loss : 0.041713, 
epoch  54 summary: valid_cos_loss : 0.043056, 
epoch  55 summary: valid_cos_loss : 0.040082, 
epoch  56 summary: valid_cos_loss : 0.043924, 
epoch  57 summary: valid_cos_loss : 0.041671, 
epoch  58 summary: valid_cos_loss : 0.041798, 
epoch  59 summary: valid_cos_loss : 0.040823, 
epoch  60 summary: valid_cos_loss : 0.042081, 
valid loss: 2.8075, accuracy: 0.3512
epoch  61 summary: valid_cos_loss : 0.042290, 
epoch  62 summary: valid_cos_loss : 0.042077, 
epoch  63 summary: valid_cos_loss : 0.041639, 
epoch  64 summary: valid_cos_loss : 0.041231, 
epoch  65 summary: valid_cos_loss : 0.041169, 
epoch  66 summary: valid_cos_loss : 0.041088, 
epoch  67 summary: valid_cos_loss : 0.041314, 
epoch  68 summary: valid_cos_loss : 0.040550, 
epoch  69 summary: valid_cos_loss : 0.041925, 
epoch  70 summary: valid_cos_loss : 0.041345, 
valid loss: 2.8110, accuracy: 0.3510
epoch  71 summary: valid_cos_loss : 0.041625, 
epoch  72 summary: valid_cos_loss : 0.041603, 
epoch  73 summary: valid_cos_loss : 0.040916, 
epoch  74 summary: valid_cos_loss : 0.040889, 
epoch  75 summary: valid_cos_loss : 0.040372, 
epoch  76 summary: valid_cos_loss : 0.041143, 
epoch  77 summary: valid_cos_loss : 0.041194, 
epoch  78 summary: valid_cos_loss : 0.042334, 
epoch  79 summary: valid_cos_loss : 0.040590, 
epoch  80 summary: valid_cos_loss : 0.041733, 
valid loss: 2.8043, accuracy: 0.3536
epoch  81 summary: valid_cos_loss : 0.041447, 
epoch  82 summary: valid_cos_loss : 0.041096, 
epoch  83 summary: valid_cos_loss : 0.040364, 
epoch  84 summary: valid_cos_loss : 0.040674, 
epoch  85 summary: valid_cos_loss : 0.040702, 
epoch  86 summary: valid_cos_loss : 0.040894, 
epoch  87 summary: valid_cos_loss : 0.040398, 
epoch  88 summary: valid_cos_loss : 0.041393, 
epoch  89 summary: valid_cos_loss : 0.039939, 
epoch  90 summary: valid_cos_loss : 0.042693, 
valid loss: 2.8201, accuracy: 0.3507
epoch  91 summary: valid_cos_loss : 0.040530, 
epoch  92 summary: valid_cos_loss : 0.042487, 
epoch  93 summary: valid_cos_loss : 0.041391, 
epoch  94 summary: valid_cos_loss : 0.042265, 
epoch  95 summary: valid_cos_loss : 0.040782, 
epoch  96 summary: valid_cos_loss : 0.041369, 
epoch  97 summary: valid_cos_loss : 0.041351, 
epoch  98 summary: valid_cos_loss : 0.040904, 
epoch  99 summary: valid_cos_loss : 0.041988, 
valid loss: 2.8088, accuracy: 0.3545
all                         259236.353ms
all_epoch                   259205.768ms
all_preparation                 30.536ms
all_preparation_2               28.551ms
all_preparation_3                1.958ms
epoch                         2353.326ms
epoch_pos_train                  6.821ms
epoch_preparation                1.018ms
epoch_train                   2315.741ms
epoch_valid                     28.362ms
----------------------------------------
all                         259236.353ms
  all_epoch             99.99%
  all_preparation        0.01%
all_preparation                 30.536ms
  all_preparation_2     93.50%
  all_preparation_3      6.41%
epoch                       235332.557ms
  epoch_train           98.40%
  epoch_valid            1.21%
  epoch_pos_train        0.29%
  epoch_preparation      0.04%
