Before CTE Training: train eu loss: 0.2782314717769623, eval eu loss: 1.400346279144287
Before CTE Training: train eu acc: 1.0, eval eu acc: 0.576171875
epoch   0 summary: train_cos_loss : 0.081623, train_cro_loss : 6.2575, train_tot_loss : 0.0822, vocab_cos_loss : 0.049212, 
train loss: 6.3177, accuracy: 0.0176
epoch   1 summary: train_cos_loss : 0.069313, train_cro_loss : 6.3434, train_tot_loss : 0.0699, vocab_cos_loss : 0.035330, 
epoch   2 summary: train_cos_loss : 0.049040, train_cro_loss : 6.3619, train_tot_loss : 0.0497, vocab_cos_loss : 0.022770, 
epoch   3 summary: train_cos_loss : 0.036514, train_cro_loss : 6.0900, train_tot_loss : 0.0371, vocab_cos_loss : 0.017831, 
epoch   4 summary: train_cos_loss : 0.029373, train_cro_loss : 6.1354, train_tot_loss : 0.0300, vocab_cos_loss : 0.014698, 
epoch   5 summary: train_cos_loss : 0.025126, train_cro_loss : 6.2499, train_tot_loss : 0.0257, vocab_cos_loss : 0.011790, 
epoch   6 summary: train_cos_loss : 0.022454, train_cro_loss : 6.2704, train_tot_loss : 0.0231, vocab_cos_loss : 0.010918, 
epoch   7 summary: train_cos_loss : 0.020737, train_cro_loss : 6.1624, train_tot_loss : 0.0214, vocab_cos_loss : 0.010365, 
epoch   8 summary: train_cos_loss : 0.019644, train_cro_loss : 6.1698, train_tot_loss : 0.0203, vocab_cos_loss : 0.010128, 
epoch   9 summary: train_cos_loss : 0.018805, train_cro_loss : 6.2650, train_tot_loss : 0.0194, vocab_cos_loss : 0.010094, 
epoch  10 summary: train_cos_loss : 0.018266, train_cro_loss : 6.2661, train_tot_loss : 0.0189, vocab_cos_loss : 0.009359, 
train loss: 6.3925, accuracy: 0.0034
epoch  11 summary: train_cos_loss : 0.017922, train_cro_loss : 6.3850, train_tot_loss : 0.0186, vocab_cos_loss : 0.009335, 
epoch  12 summary: train_cos_loss : 0.017667, train_cro_loss : 6.2834, train_tot_loss : 0.0183, vocab_cos_loss : 0.008655, 
epoch  13 summary: train_cos_loss : 0.017476, train_cro_loss : 6.3332, train_tot_loss : 0.0181, vocab_cos_loss : 0.008737, 
epoch  14 summary: train_cos_loss : 0.017322, train_cro_loss : 6.3434, train_tot_loss : 0.0180, vocab_cos_loss : 0.007800, 
epoch  15 summary: train_cos_loss : 0.017202, train_cro_loss : 6.3574, train_tot_loss : 0.0178, vocab_cos_loss : 0.007087, 
epoch  16 summary: train_cos_loss : 0.017119, train_cro_loss : 6.3022, train_tot_loss : 0.0177, vocab_cos_loss : 0.007157, 
epoch  17 summary: train_cos_loss : 0.017043, train_cro_loss : 6.3019, train_tot_loss : 0.0177, vocab_cos_loss : 0.006638, 
epoch  18 summary: train_cos_loss : 0.016976, train_cro_loss : 6.3605, train_tot_loss : 0.0176, vocab_cos_loss : 0.006418, 
epoch  19 summary: train_cos_loss : 0.016925, train_cro_loss : 6.2660, train_tot_loss : 0.0176, vocab_cos_loss : 0.006272, 
epoch  20 summary: train_cos_loss : 0.016875, train_cro_loss : 6.2523, train_tot_loss : 0.0175, vocab_cos_loss : 0.006213, 
train loss: 6.2145, accuracy: 0.0068
epoch  21 summary: train_cos_loss : 0.016813, train_cro_loss : 6.2113, train_tot_loss : 0.0174, vocab_cos_loss : 0.006130, 
