Before CTE Training: train eu loss: 1.0375890731811523, eval eu loss: 1.492782711982727
Before CTE Training: train eu acc: 0.6748046875, eval eu acc: 0.560546875
epoch   0 summary: dyn_dyn_cos_loss: 5.71993, dyn_sta_cos_loss: 3.23054, total_cos_loss : 4.22629, vocab_cro_loss : 4.30259, 
train loss: 3.9637, train acc: 0.0762
epoch   1 summary: dyn_dyn_cos_loss: 5.69953, dyn_sta_cos_loss: 2.91301, total_cos_loss : 4.02762, vocab_cro_loss : 3.96369, 
epoch   2 summary: dyn_dyn_cos_loss: 5.66798, dyn_sta_cos_loss: 2.61868, total_cos_loss : 3.83840, vocab_cro_loss : 3.64921, 
epoch   3 summary: dyn_dyn_cos_loss: 5.62942, dyn_sta_cos_loss: 2.34029, total_cos_loss : 3.65594, vocab_cro_loss : 3.34746, 
epoch   4 summary: dyn_dyn_cos_loss: 5.57943, dyn_sta_cos_loss: 2.07551, total_cos_loss : 3.47707, vocab_cro_loss : 3.06685, 
epoch   5 summary: dyn_dyn_cos_loss: 5.52282, dyn_sta_cos_loss: 1.82585, total_cos_loss : 3.30464, vocab_cro_loss : 2.80776, 
epoch   6 summary: dyn_dyn_cos_loss: 5.45354, dyn_sta_cos_loss: 1.59011, total_cos_loss : 3.13548, vocab_cro_loss : 2.56248, 
epoch   7 summary: dyn_dyn_cos_loss: 5.37309, dyn_sta_cos_loss: 1.37540, total_cos_loss : 2.97448, vocab_cro_loss : 2.33644, 
epoch   8 summary: dyn_dyn_cos_loss: 5.29210, dyn_sta_cos_loss: 1.18964, total_cos_loss : 2.83063, vocab_cro_loss : 2.13079, 
epoch   9 summary: dyn_dyn_cos_loss: 5.19547, dyn_sta_cos_loss: 1.03052, total_cos_loss : 2.69650, vocab_cro_loss : 1.97058, 
epoch  10 summary: dyn_dyn_cos_loss: 5.09484, dyn_sta_cos_loss: 0.89547, total_cos_loss : 2.57522, vocab_cro_loss : 1.82679, 
train loss: 1.7138, train acc: 0.6826
epoch  11 summary: dyn_dyn_cos_loss: 4.99616, dyn_sta_cos_loss: 0.78860, total_cos_loss : 2.47163, vocab_cro_loss : 1.71382, 
epoch  12 summary: dyn_dyn_cos_loss: 4.89243, dyn_sta_cos_loss: 0.69905, total_cos_loss : 2.37640, vocab_cro_loss : 1.63032, 
epoch  13 summary: dyn_dyn_cos_loss: 4.78797, dyn_sta_cos_loss: 0.62881, total_cos_loss : 2.29247, vocab_cro_loss : 1.56398, 
epoch  14 summary: dyn_dyn_cos_loss: 4.67725, dyn_sta_cos_loss: 0.57661, total_cos_loss : 2.21687, vocab_cro_loss : 1.50478, 
epoch  15 summary: dyn_dyn_cos_loss: 4.56520, dyn_sta_cos_loss: 0.53168, total_cos_loss : 2.14509, vocab_cro_loss : 1.45246, 
epoch  16 summary: dyn_dyn_cos_loss: 4.45361, dyn_sta_cos_loss: 0.49645, total_cos_loss : 2.07932, vocab_cro_loss : 1.41761, 
epoch  17 summary: dyn_dyn_cos_loss: 4.34355, dyn_sta_cos_loss: 0.46937, total_cos_loss : 2.01904, vocab_cro_loss : 1.39319, 
epoch  18 summary: dyn_dyn_cos_loss: 4.23804, dyn_sta_cos_loss: 0.44207, total_cos_loss : 1.96046, vocab_cro_loss : 1.35961, 
epoch  19 summary: dyn_dyn_cos_loss: 4.11849, dyn_sta_cos_loss: 0.41785, total_cos_loss : 1.89811, vocab_cro_loss : 1.33203, 
epoch  20 summary: dyn_dyn_cos_loss: 4.16289, dyn_sta_cos_loss: 0.40465, total_cos_loss : 1.90795, vocab_cro_loss : 1.30526, 
train loss: 1.2803, train acc: 0.6914
epoch  21 summary: dyn_dyn_cos_loss: 4.03461, dyn_sta_cos_loss: 0.38380, total_cos_loss : 1.84412, vocab_cro_loss : 1.28032, 
epoch  22 summary: dyn_dyn_cos_loss: 3.91454, dyn_sta_cos_loss: 0.37003, total_cos_loss : 1.78784, vocab_cro_loss : 1.27182, 
epoch  23 summary: dyn_dyn_cos_loss: 3.79484, dyn_sta_cos_loss: 0.36143, total_cos_loss : 1.73479, vocab_cro_loss : 1.25332, 
epoch  24 summary: dyn_dyn_cos_loss: 3.66546, dyn_sta_cos_loss: 0.34657, total_cos_loss : 1.67413, vocab_cro_loss : 1.24068, 
epoch  25 summary: dyn_dyn_cos_loss: 3.54472, dyn_sta_cos_loss: 0.33306, total_cos_loss : 1.61773, vocab_cro_loss : 1.22036, 
epoch  26 summary: dyn_dyn_cos_loss: 3.41882, dyn_sta_cos_loss: 0.32406, total_cos_loss : 1.56197, vocab_cro_loss : 1.21389, 
epoch  27 summary: dyn_dyn_cos_loss: 3.30525, dyn_sta_cos_loss: 0.31516, total_cos_loss : 1.51120, vocab_cro_loss : 1.20053, 
epoch  28 summary: dyn_dyn_cos_loss: 3.19480, dyn_sta_cos_loss: 0.30922, total_cos_loss : 1.46345, vocab_cro_loss : 1.18351, 
epoch  29 summary: dyn_dyn_cos_loss: 3.08090, dyn_sta_cos_loss: 0.30238, total_cos_loss : 1.41379, vocab_cro_loss : 1.16911, 
epoch  30 summary: dyn_dyn_cos_loss: 2.97143, dyn_sta_cos_loss: 0.29368, total_cos_loss : 1.36478, vocab_cro_loss : 1.16179, 
train loss: 1.1518, train acc: 0.6963
epoch  31 summary: dyn_dyn_cos_loss: 2.86635, dyn_sta_cos_loss: 0.28782, total_cos_loss : 1.31923, vocab_cro_loss : 1.15179, 
epoch  32 summary: dyn_dyn_cos_loss: 2.76454, dyn_sta_cos_loss: 0.28086, total_cos_loss : 1.27433, vocab_cro_loss : 1.14285, 
epoch  33 summary: dyn_dyn_cos_loss: 2.65842, dyn_sta_cos_loss: 0.27786, total_cos_loss : 1.23008, vocab_cro_loss : 1.13937, 
epoch  34 summary: dyn_dyn_cos_loss: 2.55902, dyn_sta_cos_loss: 0.27152, total_cos_loss : 1.18652, vocab_cro_loss : 1.13184, 
epoch  35 summary: dyn_dyn_cos_loss: 2.46543, dyn_sta_cos_loss: 0.26583, total_cos_loss : 1.14567, vocab_cro_loss : 1.12642, 
epoch  36 summary: dyn_dyn_cos_loss: 2.37700, dyn_sta_cos_loss: 0.26586, total_cos_loss : 1.11032, vocab_cro_loss : 1.11683, 
epoch  37 summary: dyn_dyn_cos_loss: 2.29127, dyn_sta_cos_loss: 0.26033, total_cos_loss : 1.07271, vocab_cro_loss : 1.11040, 
epoch  38 summary: dyn_dyn_cos_loss: 2.21357, dyn_sta_cos_loss: 0.25590, total_cos_loss : 1.03897, vocab_cro_loss : 1.10882, 
epoch  39 summary: dyn_dyn_cos_loss: 2.13017, dyn_sta_cos_loss: 0.25516, total_cos_loss : 1.00516, vocab_cro_loss : 1.10402, 
epoch  40 summary: dyn_dyn_cos_loss: 2.08126, dyn_sta_cos_loss: 0.25170, total_cos_loss : 0.98353, vocab_cro_loss : 1.11331, 
train loss: 1.1146, train acc: 0.6924
epoch  41 summary: dyn_dyn_cos_loss: 1.99057, dyn_sta_cos_loss: 0.24731, total_cos_loss : 0.94461, vocab_cro_loss : 1.11457, 
epoch  42 summary: dyn_dyn_cos_loss: 1.91378, dyn_sta_cos_loss: 0.24355, total_cos_loss : 0.91164, vocab_cro_loss : 1.11100, 
epoch  43 summary: dyn_dyn_cos_loss: 1.83534, dyn_sta_cos_loss: 0.24344, total_cos_loss : 0.88020, vocab_cro_loss : 1.09916, 
epoch  44 summary: dyn_dyn_cos_loss: 1.76299, dyn_sta_cos_loss: 0.24308, total_cos_loss : 0.85105, vocab_cro_loss : 1.10240, 
epoch  45 summary: dyn_dyn_cos_loss: 1.69631, dyn_sta_cos_loss: 0.23893, total_cos_loss : 0.82188, vocab_cro_loss : 1.09934, 
epoch  46 summary: dyn_dyn_cos_loss: 1.62703, dyn_sta_cos_loss: 0.24015, total_cos_loss : 0.79490, vocab_cro_loss : 1.09278, 
epoch  47 summary: dyn_dyn_cos_loss: 1.56616, dyn_sta_cos_loss: 0.23642, total_cos_loss : 0.76832, vocab_cro_loss : 1.09495, 
epoch  48 summary: dyn_dyn_cos_loss: 1.50565, dyn_sta_cos_loss: 0.23353, total_cos_loss : 0.74238, vocab_cro_loss : 1.08837, 
epoch  49 summary: dyn_dyn_cos_loss: 1.44269, dyn_sta_cos_loss: 0.23241, total_cos_loss : 0.71652, vocab_cro_loss : 1.08376, 
epoch  50 summary: dyn_dyn_cos_loss: 1.38745, dyn_sta_cos_loss: 0.23206, total_cos_loss : 0.69422, vocab_cro_loss : 1.08336, 
train loss: 1.0851, train acc: 0.6816
epoch  51 summary: dyn_dyn_cos_loss: 1.33582, dyn_sta_cos_loss: 0.23235, total_cos_loss : 0.67374, vocab_cro_loss : 1.08512, 
epoch  52 summary: dyn_dyn_cos_loss: 1.27758, dyn_sta_cos_loss: 0.23195, total_cos_loss : 0.65020, vocab_cro_loss : 1.07782, 
epoch  53 summary: dyn_dyn_cos_loss: 1.22842, dyn_sta_cos_loss: 0.23352, total_cos_loss : 0.63148, vocab_cro_loss : 1.07340, 
epoch  54 summary: dyn_dyn_cos_loss: 1.18751, dyn_sta_cos_loss: 0.23014, total_cos_loss : 0.61309, vocab_cro_loss : 1.06127, 
epoch  55 summary: dyn_dyn_cos_loss: 1.14690, dyn_sta_cos_loss: 0.22624, total_cos_loss : 0.59450, vocab_cro_loss : 1.06353, 
epoch  56 summary: dyn_dyn_cos_loss: 1.10310, dyn_sta_cos_loss: 0.22262, total_cos_loss : 0.57481, vocab_cro_loss : 1.06254, 
epoch  57 summary: dyn_dyn_cos_loss: 1.05930, dyn_sta_cos_loss: 0.22055, total_cos_loss : 0.55605, vocab_cro_loss : 1.06545, 
epoch  58 summary: dyn_dyn_cos_loss: 1.01972, dyn_sta_cos_loss: 0.21882, total_cos_loss : 0.53918, vocab_cro_loss : 1.06636, 
epoch  59 summary: dyn_dyn_cos_loss: 0.98752, dyn_sta_cos_loss: 0.21838, total_cos_loss : 0.52604, vocab_cro_loss : 1.06532, 
epoch  60 summary: dyn_dyn_cos_loss: 0.98148, dyn_sta_cos_loss: 0.21488, total_cos_loss : 0.52152, vocab_cro_loss : 1.06741, 
train loss: 1.0683, train acc: 0.6904
epoch  61 summary: dyn_dyn_cos_loss: 0.94837, dyn_sta_cos_loss: 0.21122, total_cos_loss : 0.50608, vocab_cro_loss : 1.06830, 
epoch  62 summary: dyn_dyn_cos_loss: 0.91822, dyn_sta_cos_loss: 0.21106, total_cos_loss : 0.49393, vocab_cro_loss : 1.06203, 
epoch  63 summary: dyn_dyn_cos_loss: 0.88900, dyn_sta_cos_loss: 0.20957, total_cos_loss : 0.48134, vocab_cro_loss : 1.06045, 
epoch  64 summary: dyn_dyn_cos_loss: 0.86347, dyn_sta_cos_loss: 0.20887, total_cos_loss : 0.47071, vocab_cro_loss : 1.06602, 
epoch  65 summary: dyn_dyn_cos_loss: 0.83817, dyn_sta_cos_loss: 0.20790, total_cos_loss : 0.46001, vocab_cro_loss : 1.06269, 
epoch  66 summary: dyn_dyn_cos_loss: 0.81567, dyn_sta_cos_loss: 0.20759, total_cos_loss : 0.45082, vocab_cro_loss : 1.05812, 
epoch  67 summary: dyn_dyn_cos_loss: 0.79461, dyn_sta_cos_loss: 0.21443, total_cos_loss : 0.44650, vocab_cro_loss : 1.04454, 
epoch  68 summary: dyn_dyn_cos_loss: 0.77670, dyn_sta_cos_loss: 0.20746, total_cos_loss : 0.43516, vocab_cro_loss : 1.04748, 
epoch  69 summary: dyn_dyn_cos_loss: 0.75747, dyn_sta_cos_loss: 0.21118, total_cos_loss : 0.42970, vocab_cro_loss : 1.04409, 
epoch  70 summary: dyn_dyn_cos_loss: 0.73838, dyn_sta_cos_loss: 0.20385, total_cos_loss : 0.41766, vocab_cro_loss : 1.05676, 
train loss: 1.0488, train acc: 0.6914
epoch  71 summary: dyn_dyn_cos_loss: 0.71978, dyn_sta_cos_loss: 0.20451, total_cos_loss : 0.41062, vocab_cro_loss : 1.04882, 
epoch  72 summary: dyn_dyn_cos_loss: 0.70518, dyn_sta_cos_loss: 0.19810, total_cos_loss : 0.40093, vocab_cro_loss : 1.05309, 
epoch  73 summary: dyn_dyn_cos_loss: 0.69192, dyn_sta_cos_loss: 0.19442, total_cos_loss : 0.39342, vocab_cro_loss : 1.05441, 
epoch  74 summary: dyn_dyn_cos_loss: 0.67639, dyn_sta_cos_loss: 0.19224, total_cos_loss : 0.38590, vocab_cro_loss : 1.05648, 
epoch  75 summary: dyn_dyn_cos_loss: 0.66202, dyn_sta_cos_loss: 0.19595, total_cos_loss : 0.38238, vocab_cro_loss : 1.04910, 
epoch  76 summary: dyn_dyn_cos_loss: 0.64875, dyn_sta_cos_loss: 0.18950, total_cos_loss : 0.37320, vocab_cro_loss : 1.05076, 
epoch  77 summary: dyn_dyn_cos_loss: 0.63462, dyn_sta_cos_loss: 0.18780, total_cos_loss : 0.36653, vocab_cro_loss : 1.04900, 
epoch  78 summary: dyn_dyn_cos_loss: 0.62321, dyn_sta_cos_loss: 0.18155, total_cos_loss : 0.35821, vocab_cro_loss : 1.05547, 
epoch  79 summary: dyn_dyn_cos_loss: 0.61140, dyn_sta_cos_loss: 0.18298, total_cos_loss : 0.35435, vocab_cro_loss : 1.05368, 
epoch  80 summary: dyn_dyn_cos_loss: 0.62201, dyn_sta_cos_loss: 0.18530, total_cos_loss : 0.35998, vocab_cro_loss : 1.04983, 
train loss: 1.0475, train acc: 0.6895
epoch  81 summary: dyn_dyn_cos_loss: 0.61309, dyn_sta_cos_loss: 0.18326, total_cos_loss : 0.35519, vocab_cro_loss : 1.04751, 
epoch  82 summary: dyn_dyn_cos_loss: 0.60321, dyn_sta_cos_loss: 0.18265, total_cos_loss : 0.35087, vocab_cro_loss : 1.04733, 
epoch  83 summary: dyn_dyn_cos_loss: 0.59135, dyn_sta_cos_loss: 0.18233, total_cos_loss : 0.34594, vocab_cro_loss : 1.05042, 
epoch  84 summary: dyn_dyn_cos_loss: 0.58250, dyn_sta_cos_loss: 0.17844, total_cos_loss : 0.34007, vocab_cro_loss : 1.04656, 
epoch  85 summary: dyn_dyn_cos_loss: 0.57383, dyn_sta_cos_loss: 0.18085, total_cos_loss : 0.33804, vocab_cro_loss : 1.05038, 
epoch  86 summary: dyn_dyn_cos_loss: 0.56585, dyn_sta_cos_loss: 0.17742, total_cos_loss : 0.33279, vocab_cro_loss : 1.04819, 
epoch  87 summary: dyn_dyn_cos_loss: 0.55652, dyn_sta_cos_loss: 0.17653, total_cos_loss : 0.32853, vocab_cro_loss : 1.04902, 
epoch  88 summary: dyn_dyn_cos_loss: 0.55046, dyn_sta_cos_loss: 0.17286, total_cos_loss : 0.32390, vocab_cro_loss : 1.05083, 
epoch  89 summary: dyn_dyn_cos_loss: 0.54275, dyn_sta_cos_loss: 0.17281, total_cos_loss : 0.32079, vocab_cro_loss : 1.05281, 
epoch  90 summary: dyn_dyn_cos_loss: 0.53295, dyn_sta_cos_loss: 0.17325, total_cos_loss : 0.31713, vocab_cro_loss : 1.05439, 
train loss: 1.0475, train acc: 0.6855
epoch  91 summary: dyn_dyn_cos_loss: 0.52318, dyn_sta_cos_loss: 0.17719, total_cos_loss : 0.31559, vocab_cro_loss : 1.04745, 
epoch  92 summary: dyn_dyn_cos_loss: 0.51647, dyn_sta_cos_loss: 0.17379, total_cos_loss : 0.31086, vocab_cro_loss : 1.04622, 
epoch  93 summary: dyn_dyn_cos_loss: 0.51090, dyn_sta_cos_loss: 0.17872, total_cos_loss : 0.31160, vocab_cro_loss : 1.04219, 
epoch  94 summary: dyn_dyn_cos_loss: 0.50661, dyn_sta_cos_loss: 0.17579, total_cos_loss : 0.30812, vocab_cro_loss : 1.03988, 
epoch  95 summary: dyn_dyn_cos_loss: 0.50235, dyn_sta_cos_loss: 0.17059, total_cos_loss : 0.30330, vocab_cro_loss : 1.03628, 
epoch  96 summary: dyn_dyn_cos_loss: 0.49816, dyn_sta_cos_loss: 0.16921, total_cos_loss : 0.30079, vocab_cro_loss : 1.03651, 
epoch  97 summary: dyn_dyn_cos_loss: 0.49399, dyn_sta_cos_loss: 0.16977, total_cos_loss : 0.29946, vocab_cro_loss : 1.03067, 
epoch  98 summary: dyn_dyn_cos_loss: 0.48978, dyn_sta_cos_loss: 0.16926, total_cos_loss : 0.29747, vocab_cro_loss : 1.02760, 
epoch  99 summary: dyn_dyn_cos_loss: 0.48501, dyn_sta_cos_loss: 0.17019, total_cos_loss : 0.29612, vocab_cro_loss : 1.02574, 
epoch 100 summary: dyn_dyn_cos_loss: 0.50991, dyn_sta_cos_loss: 0.16810, total_cos_loss : 0.30482, vocab_cro_loss : 1.02345, 
train loss: 1.0253, train acc: 0.6953
epoch 101 summary: dyn_dyn_cos_loss: 0.50396, dyn_sta_cos_loss: 0.16206, total_cos_loss : 0.29882, vocab_cro_loss : 1.02529, 
epoch 102 summary: dyn_dyn_cos_loss: 0.49749, dyn_sta_cos_loss: 0.16471, total_cos_loss : 0.29782, vocab_cro_loss : 1.02366, 
epoch 103 summary: dyn_dyn_cos_loss: 0.49280, dyn_sta_cos_loss: 0.16693, total_cos_loss : 0.29727, vocab_cro_loss : 1.02536, 
epoch 104 summary: dyn_dyn_cos_loss: 0.48601, dyn_sta_cos_loss: 0.16242, total_cos_loss : 0.29186, vocab_cro_loss : 1.03424, 
epoch 105 summary: dyn_dyn_cos_loss: 0.48054, dyn_sta_cos_loss: 0.16536, total_cos_loss : 0.29143, vocab_cro_loss : 1.03414, 
epoch 106 summary: dyn_dyn_cos_loss: 0.47881, dyn_sta_cos_loss: 0.16680, total_cos_loss : 0.29160, vocab_cro_loss : 1.03530, 
epoch 107 summary: dyn_dyn_cos_loss: 0.47626, dyn_sta_cos_loss: 0.16815, total_cos_loss : 0.29140, vocab_cro_loss : 1.03407, 
epoch 108 summary: dyn_dyn_cos_loss: 0.47227, dyn_sta_cos_loss: 0.16849, total_cos_loss : 0.29000, vocab_cro_loss : 1.02649, 
epoch 109 summary: dyn_dyn_cos_loss: 0.46709, dyn_sta_cos_loss: 0.16444, total_cos_loss : 0.28550, vocab_cro_loss : 1.02712, 
epoch 110 summary: dyn_dyn_cos_loss: 0.46222, dyn_sta_cos_loss: 0.16563, total_cos_loss : 0.28426, vocab_cro_loss : 1.02430, 
train loss: 1.0284, train acc: 0.6943
epoch 111 summary: dyn_dyn_cos_loss: 0.45847, dyn_sta_cos_loss: 0.16498, total_cos_loss : 0.28238, vocab_cro_loss : 1.02838, 
epoch 112 summary: dyn_dyn_cos_loss: 0.45506, dyn_sta_cos_loss: 0.16804, total_cos_loss : 0.28285, vocab_cro_loss : 1.03144, 
epoch 113 summary: dyn_dyn_cos_loss: 0.45258, dyn_sta_cos_loss: 0.16754, total_cos_loss : 0.28156, vocab_cro_loss : 1.03778, 
epoch 114 summary: dyn_dyn_cos_loss: 0.44800, dyn_sta_cos_loss: 0.16851, total_cos_loss : 0.28031, vocab_cro_loss : 1.03390, 
epoch 115 summary: dyn_dyn_cos_loss: 0.44318, dyn_sta_cos_loss: 0.17196, total_cos_loss : 0.28045, vocab_cro_loss : 1.02745, 
epoch 116 summary: dyn_dyn_cos_loss: 0.44018, dyn_sta_cos_loss: 0.17230, total_cos_loss : 0.27945, vocab_cro_loss : 1.02816, 
epoch 117 summary: dyn_dyn_cos_loss: 0.43917, dyn_sta_cos_loss: 0.17225, total_cos_loss : 0.27902, vocab_cro_loss : 1.02781, 
epoch 118 summary: dyn_dyn_cos_loss: 0.43689, dyn_sta_cos_loss: 0.16916, total_cos_loss : 0.27625, vocab_cro_loss : 1.03029, 
epoch 119 summary: dyn_dyn_cos_loss: 0.43309, dyn_sta_cos_loss: 0.16805, total_cos_loss : 0.27406, vocab_cro_loss : 1.02475, 
epoch 120 summary: dyn_dyn_cos_loss: 0.45513, dyn_sta_cos_loss: 0.16888, total_cos_loss : 0.28338, vocab_cro_loss : 1.02228, 
train loss: 1.0190, train acc: 0.7041
epoch 121 summary: dyn_dyn_cos_loss: 0.45264, dyn_sta_cos_loss: 0.17217, total_cos_loss : 0.28436, vocab_cro_loss : 1.01903, 
epoch 122 summary: dyn_dyn_cos_loss: 0.45036, dyn_sta_cos_loss: 0.16882, total_cos_loss : 0.28144, vocab_cro_loss : 1.01548, 
epoch 123 summary: dyn_dyn_cos_loss: 0.44456, dyn_sta_cos_loss: 0.16858, total_cos_loss : 0.27897, vocab_cro_loss : 1.01760, 
epoch 124 summary: dyn_dyn_cos_loss: 0.44274, dyn_sta_cos_loss: 0.16484, total_cos_loss : 0.27600, vocab_cro_loss : 1.01906, 
epoch 125 summary: dyn_dyn_cos_loss: 0.44163, dyn_sta_cos_loss: 0.16100, total_cos_loss : 0.27325, vocab_cro_loss : 1.02292, 
epoch 126 summary: dyn_dyn_cos_loss: 0.43666, dyn_sta_cos_loss: 0.15983, total_cos_loss : 0.27056, vocab_cro_loss : 1.02427, 
epoch 127 summary: dyn_dyn_cos_loss: 0.43477, dyn_sta_cos_loss: 0.15985, total_cos_loss : 0.26982, vocab_cro_loss : 1.01709, 
epoch 128 summary: dyn_dyn_cos_loss: 0.43197, dyn_sta_cos_loss: 0.15931, total_cos_loss : 0.26837, vocab_cro_loss : 1.01561, 
epoch 129 summary: dyn_dyn_cos_loss: 0.42897, dyn_sta_cos_loss: 0.15908, total_cos_loss : 0.26703, vocab_cro_loss : 1.01346, 
epoch 130 summary: dyn_dyn_cos_loss: 0.42851, dyn_sta_cos_loss: 0.15764, total_cos_loss : 0.26599, vocab_cro_loss : 1.01472, 
train loss: 1.0100, train acc: 0.6924
epoch 131 summary: dyn_dyn_cos_loss: 0.42536, dyn_sta_cos_loss: 0.15997, total_cos_loss : 0.26613, vocab_cro_loss : 1.01003, 
epoch 132 summary: dyn_dyn_cos_loss: 0.42426, dyn_sta_cos_loss: 0.15833, total_cos_loss : 0.26470, vocab_cro_loss : 1.00758, 
epoch 133 summary: dyn_dyn_cos_loss: 0.42158, dyn_sta_cos_loss: 0.15819, total_cos_loss : 0.26354, vocab_cro_loss : 1.00573, 
epoch 134 summary: dyn_dyn_cos_loss: 0.42047, dyn_sta_cos_loss: 0.15691, total_cos_loss : 0.26233, vocab_cro_loss : 1.00365, 
epoch 135 summary: dyn_dyn_cos_loss: 0.41849, dyn_sta_cos_loss: 0.15691, total_cos_loss : 0.26154, vocab_cro_loss : 1.01260, 
epoch 136 summary: dyn_dyn_cos_loss: 0.41702, dyn_sta_cos_loss: 0.15921, total_cos_loss : 0.26234, vocab_cro_loss : 1.00758, 
epoch 137 summary: dyn_dyn_cos_loss: 0.41432, dyn_sta_cos_loss: 0.15769, total_cos_loss : 0.26034, vocab_cro_loss : 1.00501, 
epoch 138 summary: dyn_dyn_cos_loss: 0.41263, dyn_sta_cos_loss: 0.15517, total_cos_loss : 0.25815, vocab_cro_loss : 1.00914, 
epoch 139 summary: dyn_dyn_cos_loss: 0.41068, dyn_sta_cos_loss: 0.15661, total_cos_loss : 0.25824, vocab_cro_loss : 1.01246, 
epoch 140 summary: dyn_dyn_cos_loss: 0.42835, dyn_sta_cos_loss: 0.15809, total_cos_loss : 0.26619, vocab_cro_loss : 1.01027, 
train loss: 1.0152, train acc: 0.6924
epoch 141 summary: dyn_dyn_cos_loss: 0.42447, dyn_sta_cos_loss: 0.15465, total_cos_loss : 0.26258, vocab_cro_loss : 1.01523, 
epoch 142 summary: dyn_dyn_cos_loss: 0.42051, dyn_sta_cos_loss: 0.15559, total_cos_loss : 0.26156, vocab_cro_loss : 1.01744, 
epoch 143 summary: dyn_dyn_cos_loss: 0.41795, dyn_sta_cos_loss: 0.15269, total_cos_loss : 0.25880, vocab_cro_loss : 1.01567, 
epoch 144 summary: dyn_dyn_cos_loss: 0.41535, dyn_sta_cos_loss: 0.14954, total_cos_loss : 0.25586, vocab_cro_loss : 1.02180, 
epoch 145 summary: dyn_dyn_cos_loss: 0.41177, dyn_sta_cos_loss: 0.15010, total_cos_loss : 0.25477, vocab_cro_loss : 1.02347, 
epoch 146 summary: dyn_dyn_cos_loss: 0.40774, dyn_sta_cos_loss: 0.15308, total_cos_loss : 0.25494, vocab_cro_loss : 1.02024, 
epoch 147 summary: dyn_dyn_cos_loss: 0.40482, dyn_sta_cos_loss: 0.15346, total_cos_loss : 0.25400, vocab_cro_loss : 1.01577, 
epoch 148 summary: dyn_dyn_cos_loss: 0.40342, dyn_sta_cos_loss: 0.15554, total_cos_loss : 0.25469, vocab_cro_loss : 1.01272, 
epoch 149 summary: dyn_dyn_cos_loss: 0.40270, dyn_sta_cos_loss: 0.15850, total_cos_loss : 0.25618, vocab_cro_loss : 1.00780, 
epoch 150 summary: dyn_dyn_cos_loss: 0.40344, dyn_sta_cos_loss: 0.15822, total_cos_loss : 0.25631, vocab_cro_loss : 1.00357, 
train loss: 1.0066, train acc: 0.6924
epoch 151 summary: dyn_dyn_cos_loss: 0.40125, dyn_sta_cos_loss: 0.15529, total_cos_loss : 0.25368, vocab_cro_loss : 1.00655, 
epoch 152 summary: dyn_dyn_cos_loss: 0.39985, dyn_sta_cos_loss: 0.15653, total_cos_loss : 0.25386, vocab_cro_loss : 1.00535, 
epoch 153 summary: dyn_dyn_cos_loss: 0.39726, dyn_sta_cos_loss: 0.15911, total_cos_loss : 0.25437, vocab_cro_loss : 1.00584, 
epoch 154 summary: dyn_dyn_cos_loss: 0.39578, dyn_sta_cos_loss: 0.16584, total_cos_loss : 0.25782, vocab_cro_loss : 0.99635, 
epoch 155 summary: dyn_dyn_cos_loss: 0.39599, dyn_sta_cos_loss: 0.16399, total_cos_loss : 0.25679, vocab_cro_loss : 0.99817, 
epoch 156 summary: dyn_dyn_cos_loss: 0.39626, dyn_sta_cos_loss: 0.16389, total_cos_loss : 0.25684, vocab_cro_loss : 1.00021, 
epoch 157 summary: dyn_dyn_cos_loss: 0.39545, dyn_sta_cos_loss: 0.16551, total_cos_loss : 0.25749, vocab_cro_loss : 1.00013, 
epoch 158 summary: dyn_dyn_cos_loss: 0.39445, dyn_sta_cos_loss: 0.16023, total_cos_loss : 0.25392, vocab_cro_loss : 1.00534, 
epoch 159 summary: dyn_dyn_cos_loss: 0.39303, dyn_sta_cos_loss: 0.15726, total_cos_loss : 0.25156, vocab_cro_loss : 1.00394, 
epoch 160 summary: dyn_dyn_cos_loss: 0.40784, dyn_sta_cos_loss: 0.16101, total_cos_loss : 0.25974, vocab_cro_loss : 1.00137, 
train loss: 1.0011, train acc: 0.6943
epoch 161 summary: dyn_dyn_cos_loss: 0.40649, dyn_sta_cos_loss: 0.15826, total_cos_loss : 0.25755, vocab_cro_loss : 1.00111, 
epoch 162 summary: dyn_dyn_cos_loss: 0.40360, dyn_sta_cos_loss: 0.16328, total_cos_loss : 0.25941, vocab_cro_loss : 1.00487, 
epoch 163 summary: dyn_dyn_cos_loss: 0.40181, dyn_sta_cos_loss: 0.16067, total_cos_loss : 0.25713, vocab_cro_loss : 1.00555, 
epoch 164 summary: dyn_dyn_cos_loss: 0.39889, dyn_sta_cos_loss: 0.16105, total_cos_loss : 0.25619, vocab_cro_loss : 1.00108, 
epoch 165 summary: dyn_dyn_cos_loss: 0.39843, dyn_sta_cos_loss: 0.15837, total_cos_loss : 0.25439, vocab_cro_loss : 1.00541, 
epoch 166 summary: dyn_dyn_cos_loss: 0.39614, dyn_sta_cos_loss: 0.16256, total_cos_loss : 0.25599, vocab_cro_loss : 0.99794, 
epoch 167 summary: dyn_dyn_cos_loss: 0.39485, dyn_sta_cos_loss: 0.15546, total_cos_loss : 0.25122, vocab_cro_loss : 1.00117, 
epoch 168 summary: dyn_dyn_cos_loss: 0.39158, dyn_sta_cos_loss: 0.15500, total_cos_loss : 0.24963, vocab_cro_loss : 1.00449, 
epoch 169 summary: dyn_dyn_cos_loss: 0.39237, dyn_sta_cos_loss: 0.15530, total_cos_loss : 0.25013, vocab_cro_loss : 1.00770, 
epoch 170 summary: dyn_dyn_cos_loss: 0.39057, dyn_sta_cos_loss: 0.15291, total_cos_loss : 0.24798, vocab_cro_loss : 1.00835, 
train loss: 1.0116, train acc: 0.6895
epoch 171 summary: dyn_dyn_cos_loss: 0.38737, dyn_sta_cos_loss: 0.15416, total_cos_loss : 0.24744, vocab_cro_loss : 1.01155, 
epoch 172 summary: dyn_dyn_cos_loss: 0.38636, dyn_sta_cos_loss: 0.15320, total_cos_loss : 0.24647, vocab_cro_loss : 1.00878, 
epoch 173 summary: dyn_dyn_cos_loss: 0.38357, dyn_sta_cos_loss: 0.15583, total_cos_loss : 0.24693, vocab_cro_loss : 1.01103, 
epoch 174 summary: dyn_dyn_cos_loss: 0.38250, dyn_sta_cos_loss: 0.15619, total_cos_loss : 0.24671, vocab_cro_loss : 1.00580, 
epoch 175 summary: dyn_dyn_cos_loss: 0.38135, dyn_sta_cos_loss: 0.15430, total_cos_loss : 0.24512, vocab_cro_loss : 1.00964, 
epoch 176 summary: dyn_dyn_cos_loss: 0.37914, dyn_sta_cos_loss: 0.15370, total_cos_loss : 0.24388, vocab_cro_loss : 1.01163, 
epoch 177 summary: dyn_dyn_cos_loss: 0.37759, dyn_sta_cos_loss: 0.15703, total_cos_loss : 0.24525, vocab_cro_loss : 1.01167, 
epoch 178 summary: dyn_dyn_cos_loss: 0.37473, dyn_sta_cos_loss: 0.15803, total_cos_loss : 0.24471, vocab_cro_loss : 1.01104, 
epoch 179 summary: dyn_dyn_cos_loss: 0.37482, dyn_sta_cos_loss: 0.15685, total_cos_loss : 0.24404, vocab_cro_loss : 1.01052, 
epoch 180 summary: dyn_dyn_cos_loss: 0.39257, dyn_sta_cos_loss: 0.15544, total_cos_loss : 0.25029, vocab_cro_loss : 1.00439, 
train loss: 1.0021, train acc: 0.6924
epoch 181 summary: dyn_dyn_cos_loss: 0.39057, dyn_sta_cos_loss: 0.15935, total_cos_loss : 0.25183, vocab_cro_loss : 1.00209, 
epoch 182 summary: dyn_dyn_cos_loss: 0.39061, dyn_sta_cos_loss: 0.16075, total_cos_loss : 0.25269, vocab_cro_loss : 0.99774, 
epoch 183 summary: dyn_dyn_cos_loss: 0.39088, dyn_sta_cos_loss: 0.15656, total_cos_loss : 0.25029, vocab_cro_loss : 0.99584, 
epoch 184 summary: dyn_dyn_cos_loss: 0.38802, dyn_sta_cos_loss: 0.15495, total_cos_loss : 0.24818, vocab_cro_loss : 0.99382, 
epoch 185 summary: dyn_dyn_cos_loss: 0.38520, dyn_sta_cos_loss: 0.15562, total_cos_loss : 0.24745, vocab_cro_loss : 0.99381, 
epoch 186 summary: dyn_dyn_cos_loss: 0.38264, dyn_sta_cos_loss: 0.15458, total_cos_loss : 0.24580, vocab_cro_loss : 0.99529, 
epoch 187 summary: dyn_dyn_cos_loss: 0.38098, dyn_sta_cos_loss: 0.15651, total_cos_loss : 0.24630, vocab_cro_loss : 0.99356, 
epoch 188 summary: dyn_dyn_cos_loss: 0.38071, dyn_sta_cos_loss: 0.15766, total_cos_loss : 0.24688, vocab_cro_loss : 0.99547, 
epoch 189 summary: dyn_dyn_cos_loss: 0.37897, dyn_sta_cos_loss: 0.15867, total_cos_loss : 0.24679, vocab_cro_loss : 0.99602, 
epoch 190 summary: dyn_dyn_cos_loss: 0.37900, dyn_sta_cos_loss: 0.15827, total_cos_loss : 0.24656, vocab_cro_loss : 1.00027, 
train loss: 1.0022, train acc: 0.6924
epoch 191 summary: dyn_dyn_cos_loss: 0.37767, dyn_sta_cos_loss: 0.15831, total_cos_loss : 0.24606, vocab_cro_loss : 1.00221, 
epoch 192 summary: dyn_dyn_cos_loss: 0.37512, dyn_sta_cos_loss: 0.15917, total_cos_loss : 0.24555, vocab_cro_loss : 1.00080, 
epoch 193 summary: dyn_dyn_cos_loss: 0.37408, dyn_sta_cos_loss: 0.15530, total_cos_loss : 0.24282, vocab_cro_loss : 1.00492, 
epoch 194 summary: dyn_dyn_cos_loss: 0.37249, dyn_sta_cos_loss: 0.15641, total_cos_loss : 0.24284, vocab_cro_loss : 0.99902, 
epoch 195 summary: dyn_dyn_cos_loss: 0.37110, dyn_sta_cos_loss: 0.15582, total_cos_loss : 0.24193, vocab_cro_loss : 1.00159, 
epoch 196 summary: dyn_dyn_cos_loss: 0.37060, dyn_sta_cos_loss: 0.15351, total_cos_loss : 0.24035, vocab_cro_loss : 1.00512, 
epoch 197 summary: dyn_dyn_cos_loss: 0.37049, dyn_sta_cos_loss: 0.15295, total_cos_loss : 0.23997, vocab_cro_loss : 1.00527, 
epoch 198 summary: dyn_dyn_cos_loss: 0.37046, dyn_sta_cos_loss: 0.15027, total_cos_loss : 0.23835, vocab_cro_loss : 1.00303, 
epoch 199 summary: dyn_dyn_cos_loss: 0.36999, dyn_sta_cos_loss: 0.15041, total_cos_loss : 0.23824, vocab_cro_loss : 1.00575, 
train loss: 1.0113, train acc: 0.6943
all                         202775.096ms
all_epoch                   198585.638ms
all_preparation               4189.416ms
all_preparation_2             4186.385ms
all_preparation_3                2.939ms
epoch                          866.933ms
epoch_pos_train                  3.578ms
epoch_preparation               31.185ms
epoch_train                    820.276ms
epoch_valid                      9.625ms
----------------------------------------
all                         202775.096ms
  all_epoch             97.93%
  all_preparation        2.07%
all_preparation               4189.416ms
  all_preparation_2     99.93%
  all_preparation_3      0.07%
epoch                       173386.509ms
  epoch_train           94.62%
  epoch_preparation      3.60%
  epoch_valid            1.11%
  epoch_pos_train        0.41%
epoch   0 summary: dyn_dyn_cos_loss: 5.39515, dyn_sta_cos_loss: 3.16132, total_cos_loss : 4.05485, 
valid loss: 3.9807, valid acc: 0.0723
epoch   1 summary: dyn_dyn_cos_loss: 5.11546, dyn_sta_cos_loss: 2.85005, total_cos_loss : 3.75621, 
epoch   2 summary: dyn_dyn_cos_loss: 4.85445, dyn_sta_cos_loss: 2.55701, total_cos_loss : 3.47598, 
epoch   3 summary: dyn_dyn_cos_loss: 4.60408, dyn_sta_cos_loss: 2.29474, total_cos_loss : 3.21848, 
epoch   4 summary: dyn_dyn_cos_loss: 4.35760, dyn_sta_cos_loss: 2.03667, total_cos_loss : 2.96504, 
epoch   5 summary: dyn_dyn_cos_loss: 4.14317, dyn_sta_cos_loss: 1.80104, total_cos_loss : 2.73789, 
epoch   6 summary: dyn_dyn_cos_loss: 3.93260, dyn_sta_cos_loss: 1.57417, total_cos_loss : 2.51754, 
epoch   7 summary: dyn_dyn_cos_loss: 3.73004, dyn_sta_cos_loss: 1.36625, total_cos_loss : 2.31176, 
epoch   8 summary: dyn_dyn_cos_loss: 3.54274, dyn_sta_cos_loss: 1.19335, total_cos_loss : 2.13311, 
epoch   9 summary: dyn_dyn_cos_loss: 3.36322, dyn_sta_cos_loss: 1.04209, total_cos_loss : 1.97054, 
epoch  10 summary: dyn_dyn_cos_loss: 3.19125, dyn_sta_cos_loss: 0.90678, total_cos_loss : 1.82057, 
valid loss: 2.1444, valid acc: 0.5371
epoch  11 summary: dyn_dyn_cos_loss: 3.02968, dyn_sta_cos_loss: 0.80158, total_cos_loss : 1.69282, 
epoch  12 summary: dyn_dyn_cos_loss: 2.86838, dyn_sta_cos_loss: 0.71046, total_cos_loss : 1.57363, 
epoch  13 summary: dyn_dyn_cos_loss: 2.72012, dyn_sta_cos_loss: 0.63390, total_cos_loss : 1.46839, 
epoch  14 summary: dyn_dyn_cos_loss: 2.58048, dyn_sta_cos_loss: 0.57995, total_cos_loss : 1.38016, 
epoch  15 summary: dyn_dyn_cos_loss: 2.44969, dyn_sta_cos_loss: 0.53162, total_cos_loss : 1.29885, 
epoch  16 summary: dyn_dyn_cos_loss: 2.32131, dyn_sta_cos_loss: 0.49390, total_cos_loss : 1.22486, 
epoch  17 summary: dyn_dyn_cos_loss: 2.19716, dyn_sta_cos_loss: 0.46149, total_cos_loss : 1.15576, 
epoch  18 summary: dyn_dyn_cos_loss: 2.07589, dyn_sta_cos_loss: 0.43333, total_cos_loss : 1.09036, 
epoch  19 summary: dyn_dyn_cos_loss: 1.96439, dyn_sta_cos_loss: 0.40848, total_cos_loss : 1.03084, 
epoch  20 summary: dyn_dyn_cos_loss: 1.90792, dyn_sta_cos_loss: 0.38820, total_cos_loss : 0.99609, 
valid loss: 1.8005, valid acc: 0.5586
epoch  21 summary: dyn_dyn_cos_loss: 1.81454, dyn_sta_cos_loss: 0.36878, total_cos_loss : 0.94708, 
epoch  22 summary: dyn_dyn_cos_loss: 1.72085, dyn_sta_cos_loss: 0.35177, total_cos_loss : 0.89941, 
epoch  23 summary: dyn_dyn_cos_loss: 1.62715, dyn_sta_cos_loss: 0.33881, total_cos_loss : 0.85414, 
epoch  24 summary: dyn_dyn_cos_loss: 1.54603, dyn_sta_cos_loss: 0.32798, total_cos_loss : 0.81520, 
epoch  25 summary: dyn_dyn_cos_loss: 1.46958, dyn_sta_cos_loss: 0.31437, total_cos_loss : 0.77645, 
epoch  26 summary: dyn_dyn_cos_loss: 1.39853, dyn_sta_cos_loss: 0.30206, total_cos_loss : 0.74065, 
epoch  27 summary: dyn_dyn_cos_loss: 1.33521, dyn_sta_cos_loss: 0.29101, total_cos_loss : 0.70869, 
epoch  28 summary: dyn_dyn_cos_loss: 1.27552, dyn_sta_cos_loss: 0.28181, total_cos_loss : 0.67929, 
epoch  29 summary: dyn_dyn_cos_loss: 1.21594, dyn_sta_cos_loss: 0.27152, total_cos_loss : 0.64929, 
epoch  30 summary: dyn_dyn_cos_loss: 1.16158, dyn_sta_cos_loss: 0.26123, total_cos_loss : 0.62137, 
valid loss: 1.7169, valid acc: 0.5566
epoch  31 summary: dyn_dyn_cos_loss: 1.10958, dyn_sta_cos_loss: 0.25388, total_cos_loss : 0.59616, 
epoch  32 summary: dyn_dyn_cos_loss: 1.05852, dyn_sta_cos_loss: 0.24607, total_cos_loss : 0.57105, 
epoch  33 summary: dyn_dyn_cos_loss: 1.01107, dyn_sta_cos_loss: 0.23723, total_cos_loss : 0.54677, 
epoch  34 summary: dyn_dyn_cos_loss: 0.96991, dyn_sta_cos_loss: 0.22933, total_cos_loss : 0.52556, 
epoch  35 summary: dyn_dyn_cos_loss: 0.92801, dyn_sta_cos_loss: 0.22419, total_cos_loss : 0.50572, 
epoch  36 summary: dyn_dyn_cos_loss: 0.89244, dyn_sta_cos_loss: 0.21880, total_cos_loss : 0.48826, 
epoch  37 summary: dyn_dyn_cos_loss: 0.86165, dyn_sta_cos_loss: 0.21313, total_cos_loss : 0.47254, 
epoch  38 summary: dyn_dyn_cos_loss: 0.82954, dyn_sta_cos_loss: 0.20838, total_cos_loss : 0.45684, 
epoch  39 summary: dyn_dyn_cos_loss: 0.80160, dyn_sta_cos_loss: 0.20235, total_cos_loss : 0.44205, 
epoch  40 summary: dyn_dyn_cos_loss: 0.81464, dyn_sta_cos_loss: 0.19703, total_cos_loss : 0.44407, 
valid loss: 1.6992, valid acc: 0.5723
epoch  41 summary: dyn_dyn_cos_loss: 0.78828, dyn_sta_cos_loss: 0.19363, total_cos_loss : 0.43149, 
epoch  42 summary: dyn_dyn_cos_loss: 0.76454, dyn_sta_cos_loss: 0.18925, total_cos_loss : 0.41937, 
epoch  43 summary: dyn_dyn_cos_loss: 0.73986, dyn_sta_cos_loss: 0.18460, total_cos_loss : 0.40671, 
epoch  44 summary: dyn_dyn_cos_loss: 0.71859, dyn_sta_cos_loss: 0.18053, total_cos_loss : 0.39575, 
epoch  45 summary: dyn_dyn_cos_loss: 0.69718, dyn_sta_cos_loss: 0.17714, total_cos_loss : 0.38516, 
epoch  46 summary: dyn_dyn_cos_loss: 0.67633, dyn_sta_cos_loss: 0.17452, total_cos_loss : 0.37524, 
epoch  47 summary: dyn_dyn_cos_loss: 0.65863, dyn_sta_cos_loss: 0.17151, total_cos_loss : 0.36636, 
epoch  48 summary: dyn_dyn_cos_loss: 0.64153, dyn_sta_cos_loss: 0.16902, total_cos_loss : 0.35802, 
epoch  49 summary: dyn_dyn_cos_loss: 0.62585, dyn_sta_cos_loss: 0.16594, total_cos_loss : 0.34991, 
epoch  50 summary: dyn_dyn_cos_loss: 0.61045, dyn_sta_cos_loss: 0.16216, total_cos_loss : 0.34148, 
valid loss: 1.6598, valid acc: 0.5625
epoch  51 summary: dyn_dyn_cos_loss: 0.59472, dyn_sta_cos_loss: 0.15918, total_cos_loss : 0.33340, 
epoch  52 summary: dyn_dyn_cos_loss: 0.58189, dyn_sta_cos_loss: 0.15654, total_cos_loss : 0.32668, 
epoch  53 summary: dyn_dyn_cos_loss: 0.56821, dyn_sta_cos_loss: 0.15381, total_cos_loss : 0.31957, 
epoch  54 summary: dyn_dyn_cos_loss: 0.55502, dyn_sta_cos_loss: 0.15198, total_cos_loss : 0.31320, 
epoch  55 summary: dyn_dyn_cos_loss: 0.54259, dyn_sta_cos_loss: 0.14988, total_cos_loss : 0.30697, 
epoch  56 summary: dyn_dyn_cos_loss: 0.53175, dyn_sta_cos_loss: 0.14728, total_cos_loss : 0.30107, 
epoch  57 summary: dyn_dyn_cos_loss: 0.52173, dyn_sta_cos_loss: 0.14529, total_cos_loss : 0.29587, 
epoch  58 summary: dyn_dyn_cos_loss: 0.51010, dyn_sta_cos_loss: 0.14332, total_cos_loss : 0.29004, 
epoch  59 summary: dyn_dyn_cos_loss: 0.50230, dyn_sta_cos_loss: 0.14164, total_cos_loss : 0.28590, 
epoch  60 summary: dyn_dyn_cos_loss: 0.50299, dyn_sta_cos_loss: 0.13979, total_cos_loss : 0.28507, 
valid loss: 1.6430, valid acc: 0.5684
epoch  61 summary: dyn_dyn_cos_loss: 0.49349, dyn_sta_cos_loss: 0.13835, total_cos_loss : 0.28041, 
epoch  62 summary: dyn_dyn_cos_loss: 0.48645, dyn_sta_cos_loss: 0.13646, total_cos_loss : 0.27646, 
epoch  63 summary: dyn_dyn_cos_loss: 0.47893, dyn_sta_cos_loss: 0.13493, total_cos_loss : 0.27253, 
epoch  64 summary: dyn_dyn_cos_loss: 0.47089, dyn_sta_cos_loss: 0.13383, total_cos_loss : 0.26865, 
epoch  65 summary: dyn_dyn_cos_loss: 0.46408, dyn_sta_cos_loss: 0.13196, total_cos_loss : 0.26481, 
epoch  66 summary: dyn_dyn_cos_loss: 0.45889, dyn_sta_cos_loss: 0.13030, total_cos_loss : 0.26174, 
epoch  67 summary: dyn_dyn_cos_loss: 0.45175, dyn_sta_cos_loss: 0.12892, total_cos_loss : 0.25805, 
epoch  68 summary: dyn_dyn_cos_loss: 0.44602, dyn_sta_cos_loss: 0.12769, total_cos_loss : 0.25502, 
epoch  69 summary: dyn_dyn_cos_loss: 0.44085, dyn_sta_cos_loss: 0.12639, total_cos_loss : 0.25218, 
epoch  70 summary: dyn_dyn_cos_loss: 0.43492, dyn_sta_cos_loss: 0.12534, total_cos_loss : 0.24917, 
valid loss: 1.6244, valid acc: 0.5645
epoch  71 summary: dyn_dyn_cos_loss: 0.42976, dyn_sta_cos_loss: 0.12443, total_cos_loss : 0.24656, 
epoch  72 summary: dyn_dyn_cos_loss: 0.42507, dyn_sta_cos_loss: 0.12322, total_cos_loss : 0.24396, 
epoch  73 summary: dyn_dyn_cos_loss: 0.41969, dyn_sta_cos_loss: 0.12187, total_cos_loss : 0.24100, 
epoch  74 summary: dyn_dyn_cos_loss: 0.41604, dyn_sta_cos_loss: 0.12059, total_cos_loss : 0.23877, 
epoch  75 summary: dyn_dyn_cos_loss: 0.41194, dyn_sta_cos_loss: 0.11944, total_cos_loss : 0.23644, 
epoch  76 summary: dyn_dyn_cos_loss: 0.40717, dyn_sta_cos_loss: 0.11832, total_cos_loss : 0.23386, 
epoch  77 summary: dyn_dyn_cos_loss: 0.40240, dyn_sta_cos_loss: 0.11751, total_cos_loss : 0.23147, 
epoch  78 summary: dyn_dyn_cos_loss: 0.39828, dyn_sta_cos_loss: 0.11670, total_cos_loss : 0.22933, 
epoch  79 summary: dyn_dyn_cos_loss: 0.39426, dyn_sta_cos_loss: 0.11582, total_cos_loss : 0.22720, 
epoch  80 summary: dyn_dyn_cos_loss: 0.41682, dyn_sta_cos_loss: 0.11473, total_cos_loss : 0.23557, 
valid loss: 1.6091, valid acc: 0.5605
epoch  81 summary: dyn_dyn_cos_loss: 0.41296, dyn_sta_cos_loss: 0.11366, total_cos_loss : 0.23338, 
epoch  82 summary: dyn_dyn_cos_loss: 0.40969, dyn_sta_cos_loss: 0.11289, total_cos_loss : 0.23161, 
epoch  83 summary: dyn_dyn_cos_loss: 0.40669, dyn_sta_cos_loss: 0.11194, total_cos_loss : 0.22984, 
epoch  84 summary: dyn_dyn_cos_loss: 0.40418, dyn_sta_cos_loss: 0.11083, total_cos_loss : 0.22817, 
epoch  85 summary: dyn_dyn_cos_loss: 0.40127, dyn_sta_cos_loss: 0.11034, total_cos_loss : 0.22671, 
epoch  86 summary: dyn_dyn_cos_loss: 0.39799, dyn_sta_cos_loss: 0.10996, total_cos_loss : 0.22517, 
epoch  87 summary: dyn_dyn_cos_loss: 0.39448, dyn_sta_cos_loss: 0.10927, total_cos_loss : 0.22335, 
epoch  88 summary: dyn_dyn_cos_loss: 0.39163, dyn_sta_cos_loss: 0.10861, total_cos_loss : 0.22181, 
epoch  89 summary: dyn_dyn_cos_loss: 0.38857, dyn_sta_cos_loss: 0.10797, total_cos_loss : 0.22021, 
epoch  90 summary: dyn_dyn_cos_loss: 0.38567, dyn_sta_cos_loss: 0.10754, total_cos_loss : 0.21879, 
valid loss: 1.6037, valid acc: 0.5664
epoch  91 summary: dyn_dyn_cos_loss: 0.38389, dyn_sta_cos_loss: 0.10632, total_cos_loss : 0.21735, 
epoch  92 summary: dyn_dyn_cos_loss: 0.38125, dyn_sta_cos_loss: 0.10589, total_cos_loss : 0.21603, 
epoch  93 summary: dyn_dyn_cos_loss: 0.37876, dyn_sta_cos_loss: 0.10541, total_cos_loss : 0.21475, 
epoch  94 summary: dyn_dyn_cos_loss: 0.37729, dyn_sta_cos_loss: 0.10427, total_cos_loss : 0.21348, 
epoch  95 summary: dyn_dyn_cos_loss: 0.37556, dyn_sta_cos_loss: 0.10394, total_cos_loss : 0.21259, 
epoch  96 summary: dyn_dyn_cos_loss: 0.37411, dyn_sta_cos_loss: 0.10357, total_cos_loss : 0.21179, 
epoch  97 summary: dyn_dyn_cos_loss: 0.37232, dyn_sta_cos_loss: 0.10319, total_cos_loss : 0.21084, 
epoch  98 summary: dyn_dyn_cos_loss: 0.37061, dyn_sta_cos_loss: 0.10243, total_cos_loss : 0.20970, 
epoch  99 summary: dyn_dyn_cos_loss: 0.36928, dyn_sta_cos_loss: 0.10184, total_cos_loss : 0.20881, 
epoch 100 summary: dyn_dyn_cos_loss: 0.38185, dyn_sta_cos_loss: 0.10120, total_cos_loss : 0.21346, 
valid loss: 1.6041, valid acc: 0.5605
epoch 101 summary: dyn_dyn_cos_loss: 0.38001, dyn_sta_cos_loss: 0.10069, total_cos_loss : 0.21242, 
epoch 102 summary: dyn_dyn_cos_loss: 0.37786, dyn_sta_cos_loss: 0.10028, total_cos_loss : 0.21131, 
epoch 103 summary: dyn_dyn_cos_loss: 0.37506, dyn_sta_cos_loss: 0.10007, total_cos_loss : 0.21007, 
epoch 104 summary: dyn_dyn_cos_loss: 0.37291, dyn_sta_cos_loss: 0.09980, total_cos_loss : 0.20904, 
epoch 105 summary: dyn_dyn_cos_loss: 0.37106, dyn_sta_cos_loss: 0.09948, total_cos_loss : 0.20811, 
epoch 106 summary: dyn_dyn_cos_loss: 0.36931, dyn_sta_cos_loss: 0.09929, total_cos_loss : 0.20730, 
epoch 107 summary: dyn_dyn_cos_loss: 0.36735, dyn_sta_cos_loss: 0.09899, total_cos_loss : 0.20634, 
epoch 108 summary: dyn_dyn_cos_loss: 0.36548, dyn_sta_cos_loss: 0.09869, total_cos_loss : 0.20541, 
epoch 109 summary: dyn_dyn_cos_loss: 0.36394, dyn_sta_cos_loss: 0.09825, total_cos_loss : 0.20453, 
epoch 110 summary: dyn_dyn_cos_loss: 0.36269, dyn_sta_cos_loss: 0.09779, total_cos_loss : 0.20375, 
valid loss: 1.6193, valid acc: 0.5605
epoch 111 summary: dyn_dyn_cos_loss: 0.36133, dyn_sta_cos_loss: 0.09758, total_cos_loss : 0.20308, 
epoch 112 summary: dyn_dyn_cos_loss: 0.35958, dyn_sta_cos_loss: 0.09741, total_cos_loss : 0.20228, 
epoch 113 summary: dyn_dyn_cos_loss: 0.35753, dyn_sta_cos_loss: 0.09702, total_cos_loss : 0.20122, 
epoch 114 summary: dyn_dyn_cos_loss: 0.35621, dyn_sta_cos_loss: 0.09672, total_cos_loss : 0.20052, 
epoch 115 summary: dyn_dyn_cos_loss: 0.35468, dyn_sta_cos_loss: 0.09653, total_cos_loss : 0.19979, 
epoch 116 summary: dyn_dyn_cos_loss: 0.35318, dyn_sta_cos_loss: 0.09639, total_cos_loss : 0.19911, 
epoch 117 summary: dyn_dyn_cos_loss: 0.35181, dyn_sta_cos_loss: 0.09623, total_cos_loss : 0.19846, 
epoch 118 summary: dyn_dyn_cos_loss: 0.35099, dyn_sta_cos_loss: 0.09596, total_cos_loss : 0.19797, 
epoch 119 summary: dyn_dyn_cos_loss: 0.34996, dyn_sta_cos_loss: 0.09571, total_cos_loss : 0.19741, 
epoch 120 summary: dyn_dyn_cos_loss: 0.36760, dyn_sta_cos_loss: 0.09545, total_cos_loss : 0.20431, 
valid loss: 1.6138, valid acc: 0.5605
epoch 121 summary: dyn_dyn_cos_loss: 0.36561, dyn_sta_cos_loss: 0.09540, total_cos_loss : 0.20349, 
epoch 122 summary: dyn_dyn_cos_loss: 0.36400, dyn_sta_cos_loss: 0.09527, total_cos_loss : 0.20276, 
epoch 123 summary: dyn_dyn_cos_loss: 0.36181, dyn_sta_cos_loss: 0.09514, total_cos_loss : 0.20181, 
epoch 124 summary: dyn_dyn_cos_loss: 0.36005, dyn_sta_cos_loss: 0.09500, total_cos_loss : 0.20102, 
epoch 125 summary: dyn_dyn_cos_loss: 0.35823, dyn_sta_cos_loss: 0.09495, total_cos_loss : 0.20026, 
epoch 126 summary: dyn_dyn_cos_loss: 0.35662, dyn_sta_cos_loss: 0.09485, total_cos_loss : 0.19956, 
epoch 127 summary: dyn_dyn_cos_loss: 0.35511, dyn_sta_cos_loss: 0.09465, total_cos_loss : 0.19884, 
epoch 128 summary: dyn_dyn_cos_loss: 0.35403, dyn_sta_cos_loss: 0.09441, total_cos_loss : 0.19826, 
epoch 129 summary: dyn_dyn_cos_loss: 0.35293, dyn_sta_cos_loss: 0.09414, total_cos_loss : 0.19766, 
epoch 130 summary: dyn_dyn_cos_loss: 0.35144, dyn_sta_cos_loss: 0.09403, total_cos_loss : 0.19699, 
valid loss: 1.6187, valid acc: 0.5605
epoch 131 summary: dyn_dyn_cos_loss: 0.35038, dyn_sta_cos_loss: 0.09387, total_cos_loss : 0.19648, 
epoch 132 summary: dyn_dyn_cos_loss: 0.34916, dyn_sta_cos_loss: 0.09386, total_cos_loss : 0.19598, 
epoch 133 summary: dyn_dyn_cos_loss: 0.34840, dyn_sta_cos_loss: 0.09363, total_cos_loss : 0.19554, 
epoch 134 summary: dyn_dyn_cos_loss: 0.34717, dyn_sta_cos_loss: 0.09346, total_cos_loss : 0.19494, 
epoch 135 summary: dyn_dyn_cos_loss: 0.34623, dyn_sta_cos_loss: 0.09336, total_cos_loss : 0.19451, 
epoch 136 summary: dyn_dyn_cos_loss: 0.34542, dyn_sta_cos_loss: 0.09313, total_cos_loss : 0.19404, 
epoch 137 summary: dyn_dyn_cos_loss: 0.34424, dyn_sta_cos_loss: 0.09304, total_cos_loss : 0.19352, 
epoch 138 summary: dyn_dyn_cos_loss: 0.34356, dyn_sta_cos_loss: 0.09281, total_cos_loss : 0.19311, 
epoch 139 summary: dyn_dyn_cos_loss: 0.34290, dyn_sta_cos_loss: 0.09264, total_cos_loss : 0.19274, 
epoch 140 summary: dyn_dyn_cos_loss: 0.36002, dyn_sta_cos_loss: 0.09263, total_cos_loss : 0.19959, 
valid loss: 1.6130, valid acc: 0.5664
epoch 141 summary: dyn_dyn_cos_loss: 0.35851, dyn_sta_cos_loss: 0.09249, total_cos_loss : 0.19890, 
epoch 142 summary: dyn_dyn_cos_loss: 0.35681, dyn_sta_cos_loss: 0.09237, total_cos_loss : 0.19815, 
epoch 143 summary: dyn_dyn_cos_loss: 0.35585, dyn_sta_cos_loss: 0.09207, total_cos_loss : 0.19758, 
epoch 144 summary: dyn_dyn_cos_loss: 0.35489, dyn_sta_cos_loss: 0.09186, total_cos_loss : 0.19707, 
epoch 145 summary: dyn_dyn_cos_loss: 0.35382, dyn_sta_cos_loss: 0.09172, total_cos_loss : 0.19656, 
epoch 146 summary: dyn_dyn_cos_loss: 0.35272, dyn_sta_cos_loss: 0.09156, total_cos_loss : 0.19603, 
epoch 147 summary: dyn_dyn_cos_loss: 0.35170, dyn_sta_cos_loss: 0.09134, total_cos_loss : 0.19548, 
epoch 148 summary: dyn_dyn_cos_loss: 0.35068, dyn_sta_cos_loss: 0.09130, total_cos_loss : 0.19505, 
epoch 149 summary: dyn_dyn_cos_loss: 0.35009, dyn_sta_cos_loss: 0.09120, total_cos_loss : 0.19476, 
epoch 150 summary: dyn_dyn_cos_loss: 0.34925, dyn_sta_cos_loss: 0.09110, total_cos_loss : 0.19436, 
valid loss: 1.6110, valid acc: 0.5645
epoch 151 summary: dyn_dyn_cos_loss: 0.34832, dyn_sta_cos_loss: 0.09106, total_cos_loss : 0.19396, 
epoch 152 summary: dyn_dyn_cos_loss: 0.34760, dyn_sta_cos_loss: 0.09077, total_cos_loss : 0.19350, 
epoch 153 summary: dyn_dyn_cos_loss: 0.34686, dyn_sta_cos_loss: 0.09062, total_cos_loss : 0.19311, 
epoch 154 summary: dyn_dyn_cos_loss: 0.34608, dyn_sta_cos_loss: 0.09056, total_cos_loss : 0.19277, 
epoch 155 summary: dyn_dyn_cos_loss: 0.34551, dyn_sta_cos_loss: 0.09043, total_cos_loss : 0.19247, 
epoch 156 summary: dyn_dyn_cos_loss: 0.34497, dyn_sta_cos_loss: 0.09033, total_cos_loss : 0.19219, 
epoch 157 summary: dyn_dyn_cos_loss: 0.34439, dyn_sta_cos_loss: 0.09026, total_cos_loss : 0.19191, 
epoch 158 summary: dyn_dyn_cos_loss: 0.34374, dyn_sta_cos_loss: 0.09028, total_cos_loss : 0.19166, 
epoch 159 summary: dyn_dyn_cos_loss: 0.34268, dyn_sta_cos_loss: 0.09025, total_cos_loss : 0.19122, 
epoch 160 summary: dyn_dyn_cos_loss: 0.36065, dyn_sta_cos_loss: 0.09007, total_cos_loss : 0.19830, 
valid loss: 1.6118, valid acc: 0.5684
epoch 161 summary: dyn_dyn_cos_loss: 0.35958, dyn_sta_cos_loss: 0.08986, total_cos_loss : 0.19775, 
epoch 162 summary: dyn_dyn_cos_loss: 0.35793, dyn_sta_cos_loss: 0.09011, total_cos_loss : 0.19724, 
epoch 163 summary: dyn_dyn_cos_loss: 0.35679, dyn_sta_cos_loss: 0.09011, total_cos_loss : 0.19679, 
epoch 164 summary: dyn_dyn_cos_loss: 0.35535, dyn_sta_cos_loss: 0.09015, total_cos_loss : 0.19623, 
epoch 165 summary: dyn_dyn_cos_loss: 0.35388, dyn_sta_cos_loss: 0.09014, total_cos_loss : 0.19564, 
epoch 166 summary: dyn_dyn_cos_loss: 0.35295, dyn_sta_cos_loss: 0.09007, total_cos_loss : 0.19522, 
epoch 167 summary: dyn_dyn_cos_loss: 0.35169, dyn_sta_cos_loss: 0.09012, total_cos_loss : 0.19475, 
epoch 168 summary: dyn_dyn_cos_loss: 0.35091, dyn_sta_cos_loss: 0.08999, total_cos_loss : 0.19436, 
epoch 169 summary: dyn_dyn_cos_loss: 0.34976, dyn_sta_cos_loss: 0.09006, total_cos_loss : 0.19394, 
epoch 170 summary: dyn_dyn_cos_loss: 0.34868, dyn_sta_cos_loss: 0.09010, total_cos_loss : 0.19353, 
valid loss: 1.6095, valid acc: 0.5684
epoch 171 summary: dyn_dyn_cos_loss: 0.34791, dyn_sta_cos_loss: 0.08995, total_cos_loss : 0.19313, 
epoch 172 summary: dyn_dyn_cos_loss: 0.34713, dyn_sta_cos_loss: 0.08988, total_cos_loss : 0.19278, 
epoch 173 summary: dyn_dyn_cos_loss: 0.34626, dyn_sta_cos_loss: 0.08979, total_cos_loss : 0.19238, 
epoch 174 summary: dyn_dyn_cos_loss: 0.34553, dyn_sta_cos_loss: 0.08982, total_cos_loss : 0.19211, 
epoch 175 summary: dyn_dyn_cos_loss: 0.34491, dyn_sta_cos_loss: 0.08963, total_cos_loss : 0.19175, 
epoch 176 summary: dyn_dyn_cos_loss: 0.34383, dyn_sta_cos_loss: 0.08968, total_cos_loss : 0.19134, 
epoch 177 summary: dyn_dyn_cos_loss: 0.34296, dyn_sta_cos_loss: 0.08967, total_cos_loss : 0.19098, 
epoch 178 summary: dyn_dyn_cos_loss: 0.34244, dyn_sta_cos_loss: 0.08956, total_cos_loss : 0.19071, 
epoch 179 summary: dyn_dyn_cos_loss: 0.34189, dyn_sta_cos_loss: 0.08942, total_cos_loss : 0.19041, 
epoch 180 summary: dyn_dyn_cos_loss: 0.35376, dyn_sta_cos_loss: 0.08936, total_cos_loss : 0.19512, 
valid loss: 1.6027, valid acc: 0.5723
epoch 181 summary: dyn_dyn_cos_loss: 0.35217, dyn_sta_cos_loss: 0.08948, total_cos_loss : 0.19456, 
epoch 182 summary: dyn_dyn_cos_loss: 0.35072, dyn_sta_cos_loss: 0.08953, total_cos_loss : 0.19400, 
epoch 183 summary: dyn_dyn_cos_loss: 0.34952, dyn_sta_cos_loss: 0.08941, total_cos_loss : 0.19346, 
epoch 184 summary: dyn_dyn_cos_loss: 0.34802, dyn_sta_cos_loss: 0.08941, total_cos_loss : 0.19286, 
epoch 185 summary: dyn_dyn_cos_loss: 0.34690, dyn_sta_cos_loss: 0.08943, total_cos_loss : 0.19242, 
epoch 186 summary: dyn_dyn_cos_loss: 0.34600, dyn_sta_cos_loss: 0.08931, total_cos_loss : 0.19198, 
epoch 187 summary: dyn_dyn_cos_loss: 0.34502, dyn_sta_cos_loss: 0.08927, total_cos_loss : 0.19157, 
epoch 188 summary: dyn_dyn_cos_loss: 0.34425, dyn_sta_cos_loss: 0.08907, total_cos_loss : 0.19114, 
epoch 189 summary: dyn_dyn_cos_loss: 0.34333, dyn_sta_cos_loss: 0.08898, total_cos_loss : 0.19072, 
epoch 190 summary: dyn_dyn_cos_loss: 0.34247, dyn_sta_cos_loss: 0.08899, total_cos_loss : 0.19038, 
valid loss: 1.6070, valid acc: 0.5664
epoch 191 summary: dyn_dyn_cos_loss: 0.34155, dyn_sta_cos_loss: 0.08906, total_cos_loss : 0.19006, 
epoch 192 summary: dyn_dyn_cos_loss: 0.34085, dyn_sta_cos_loss: 0.08903, total_cos_loss : 0.18976, 
epoch 193 summary: dyn_dyn_cos_loss: 0.34057, dyn_sta_cos_loss: 0.08873, total_cos_loss : 0.18947, 
epoch 194 summary: dyn_dyn_cos_loss: 0.33995, dyn_sta_cos_loss: 0.08868, total_cos_loss : 0.18919, 
epoch 195 summary: dyn_dyn_cos_loss: 0.33891, dyn_sta_cos_loss: 0.08883, total_cos_loss : 0.18886, 
epoch 196 summary: dyn_dyn_cos_loss: 0.33836, dyn_sta_cos_loss: 0.08875, total_cos_loss : 0.18859, 
epoch 197 summary: dyn_dyn_cos_loss: 0.33786, dyn_sta_cos_loss: 0.08861, total_cos_loss : 0.18831, 
epoch 198 summary: dyn_dyn_cos_loss: 0.33729, dyn_sta_cos_loss: 0.08852, total_cos_loss : 0.18803, 
epoch 199 summary: dyn_dyn_cos_loss: 0.33675, dyn_sta_cos_loss: 0.08846, total_cos_loss : 0.18777, 
valid loss: 1.6041, valid acc: 0.5645
all                          75826.409ms
all_epoch                    75820.012ms
all_preparation                  6.330ms
all_preparation_2                4.070ms
all_preparation_3                2.241ms
epoch                          296.368ms
epoch_pos_train                  6.667ms
epoch_preparation                0.407ms
epoch_train                    281.975ms
epoch_valid                      5.464ms
----------------------------------------
all                          75826.409ms
  all_epoch             99.99%
  all_preparation        0.01%
all_preparation                  6.330ms
  all_preparation_2     64.30%
  all_preparation_3     35.40%
epoch                        59273.689ms
  epoch_train           95.14%
  epoch_pos_train        2.25%
  epoch_valid            1.84%
  epoch_preparation      0.14%
