Before CTE Training: train eu loss: 1.063186526298523, eval eu loss: 1.492782711982727
Before CTE Training: train eu acc: 0.6669921875, eval eu acc: 0.560546875
epoch   0 summary: dyn_dyn_cos_loss: 5.95295, dyn_sta_cos_loss: 3.21370, total_cos_loss : 3.76155, vocab_cro_loss : 4.29660, 
train loss: 3.9802, train acc: 0.0757
epoch   1 summary: dyn_dyn_cos_loss: 5.94071, dyn_sta_cos_loss: 2.91071, total_cos_loss : 3.51671, vocab_cro_loss : 3.98023, 
epoch   2 summary: dyn_dyn_cos_loss: 5.91563, dyn_sta_cos_loss: 2.63040, total_cos_loss : 3.28745, vocab_cro_loss : 3.69018, 
epoch   3 summary: dyn_dyn_cos_loss: 5.87675, dyn_sta_cos_loss: 2.35664, total_cos_loss : 3.06066, vocab_cro_loss : 3.39926, 
epoch   4 summary: dyn_dyn_cos_loss: 5.82488, dyn_sta_cos_loss: 2.08477, total_cos_loss : 2.83280, vocab_cro_loss : 3.11633, 
epoch   5 summary: dyn_dyn_cos_loss: 5.76554, dyn_sta_cos_loss: 1.82944, total_cos_loss : 2.61666, vocab_cro_loss : 2.85344, 
epoch   6 summary: dyn_dyn_cos_loss: 5.69919, dyn_sta_cos_loss: 1.58978, total_cos_loss : 2.41166, vocab_cro_loss : 2.60403, 
epoch   7 summary: dyn_dyn_cos_loss: 5.62328, dyn_sta_cos_loss: 1.37664, total_cos_loss : 2.22597, vocab_cro_loss : 2.38978, 
epoch   8 summary: dyn_dyn_cos_loss: 5.54140, dyn_sta_cos_loss: 1.18671, total_cos_loss : 2.05765, vocab_cro_loss : 2.19613, 
epoch   9 summary: dyn_dyn_cos_loss: 5.45412, dyn_sta_cos_loss: 1.02420, total_cos_loss : 1.91018, vocab_cro_loss : 2.03553, 
epoch  10 summary: dyn_dyn_cos_loss: 5.36660, dyn_sta_cos_loss: 0.88694, total_cos_loss : 1.78287, vocab_cro_loss : 1.89772, 
train loss: 1.7866, train acc: 0.6719
epoch  11 summary: dyn_dyn_cos_loss: 5.27153, dyn_sta_cos_loss: 0.77806, total_cos_loss : 1.67676, vocab_cro_loss : 1.78658, 
epoch  12 summary: dyn_dyn_cos_loss: 5.17603, dyn_sta_cos_loss: 0.68851, total_cos_loss : 1.58601, vocab_cro_loss : 1.70097, 
epoch  13 summary: dyn_dyn_cos_loss: 5.08062, dyn_sta_cos_loss: 0.61491, total_cos_loss : 1.50805, vocab_cro_loss : 1.62152, 
epoch  14 summary: dyn_dyn_cos_loss: 4.98791, dyn_sta_cos_loss: 0.55679, total_cos_loss : 1.44301, vocab_cro_loss : 1.55906, 
epoch  15 summary: dyn_dyn_cos_loss: 4.89046, dyn_sta_cos_loss: 0.51238, total_cos_loss : 1.38800, vocab_cro_loss : 1.50760, 
epoch  16 summary: dyn_dyn_cos_loss: 4.79250, dyn_sta_cos_loss: 0.47117, total_cos_loss : 1.33544, vocab_cro_loss : 1.46918, 
epoch  17 summary: dyn_dyn_cos_loss: 4.69091, dyn_sta_cos_loss: 0.43833, total_cos_loss : 1.28884, vocab_cro_loss : 1.43301, 
epoch  18 summary: dyn_dyn_cos_loss: 4.59852, dyn_sta_cos_loss: 0.41191, total_cos_loss : 1.24923, vocab_cro_loss : 1.40109, 
epoch  19 summary: dyn_dyn_cos_loss: 4.50141, dyn_sta_cos_loss: 0.38436, total_cos_loss : 1.20777, vocab_cro_loss : 1.37097, 
epoch  20 summary: dyn_dyn_cos_loss: 4.45203, dyn_sta_cos_loss: 0.36555, total_cos_loss : 1.18284, vocab_cro_loss : 1.35027, 
train loss: 1.3340, train acc: 0.6772
epoch  21 summary: dyn_dyn_cos_loss: 4.35744, dyn_sta_cos_loss: 0.34732, total_cos_loss : 1.14934, vocab_cro_loss : 1.33400, 
epoch  22 summary: dyn_dyn_cos_loss: 4.26585, dyn_sta_cos_loss: 0.33120, total_cos_loss : 1.11813, vocab_cro_loss : 1.31486, 
epoch  23 summary: dyn_dyn_cos_loss: 4.16932, dyn_sta_cos_loss: 0.31490, total_cos_loss : 1.08579, vocab_cro_loss : 1.29231, 
epoch  24 summary: dyn_dyn_cos_loss: 4.07712, dyn_sta_cos_loss: 0.29895, total_cos_loss : 1.05458, vocab_cro_loss : 1.27520, 
epoch  25 summary: dyn_dyn_cos_loss: 3.98429, dyn_sta_cos_loss: 0.28596, total_cos_loss : 1.02562, vocab_cro_loss : 1.26744, 
epoch  26 summary: dyn_dyn_cos_loss: 3.88992, dyn_sta_cos_loss: 0.27179, total_cos_loss : 0.99542, vocab_cro_loss : 1.26173, 
epoch  27 summary: dyn_dyn_cos_loss: 3.79437, dyn_sta_cos_loss: 0.25894, total_cos_loss : 0.96602, vocab_cro_loss : 1.25283, 
epoch  28 summary: dyn_dyn_cos_loss: 3.70783, dyn_sta_cos_loss: 0.25011, total_cos_loss : 0.94165, vocab_cro_loss : 1.24184, 
epoch  29 summary: dyn_dyn_cos_loss: 3.62074, dyn_sta_cos_loss: 0.24181, total_cos_loss : 0.91759, vocab_cro_loss : 1.23462, 
epoch  30 summary: dyn_dyn_cos_loss: 3.53404, dyn_sta_cos_loss: 0.23766, total_cos_loss : 0.89694, vocab_cro_loss : 1.22305, 
train loss: 1.2092, train acc: 0.6787
epoch  31 summary: dyn_dyn_cos_loss: 3.44634, dyn_sta_cos_loss: 0.22940, total_cos_loss : 0.87279, vocab_cro_loss : 1.20918, 
epoch  32 summary: dyn_dyn_cos_loss: 3.36549, dyn_sta_cos_loss: 0.22120, total_cos_loss : 0.85006, vocab_cro_loss : 1.20489, 
epoch  33 summary: dyn_dyn_cos_loss: 3.28825, dyn_sta_cos_loss: 0.21747, total_cos_loss : 0.83162, vocab_cro_loss : 1.19722, 
epoch  34 summary: dyn_dyn_cos_loss: 3.21585, dyn_sta_cos_loss: 0.21250, total_cos_loss : 0.81317, vocab_cro_loss : 1.19353, 
epoch  35 summary: dyn_dyn_cos_loss: 3.13878, dyn_sta_cos_loss: 0.20703, total_cos_loss : 0.79338, vocab_cro_loss : 1.19188, 
epoch  36 summary: dyn_dyn_cos_loss: 3.06226, dyn_sta_cos_loss: 0.20174, total_cos_loss : 0.77384, vocab_cro_loss : 1.18841, 
epoch  37 summary: dyn_dyn_cos_loss: 2.98720, dyn_sta_cos_loss: 0.19868, total_cos_loss : 0.75638, vocab_cro_loss : 1.18049, 
epoch  38 summary: dyn_dyn_cos_loss: 2.92142, dyn_sta_cos_loss: 0.19504, total_cos_loss : 0.74032, vocab_cro_loss : 1.17214, 
epoch  39 summary: dyn_dyn_cos_loss: 2.84922, dyn_sta_cos_loss: 0.19236, total_cos_loss : 0.72373, vocab_cro_loss : 1.16442, 
epoch  40 summary: dyn_dyn_cos_loss: 2.83975, dyn_sta_cos_loss: 0.18755, total_cos_loss : 0.71799, vocab_cro_loss : 1.16624, 
train loss: 1.1581, train acc: 0.6816
epoch  41 summary: dyn_dyn_cos_loss: 2.76737, dyn_sta_cos_loss: 0.18792, total_cos_loss : 0.70381, vocab_cro_loss : 1.15810, 
epoch  42 summary: dyn_dyn_cos_loss: 2.69725, dyn_sta_cos_loss: 0.18752, total_cos_loss : 0.68947, vocab_cro_loss : 1.15469, 
epoch  43 summary: dyn_dyn_cos_loss: 2.63113, dyn_sta_cos_loss: 0.18514, total_cos_loss : 0.67434, vocab_cro_loss : 1.15191, 
epoch  44 summary: dyn_dyn_cos_loss: 2.56895, dyn_sta_cos_loss: 0.18027, total_cos_loss : 0.65801, vocab_cro_loss : 1.14977, 
epoch  45 summary: dyn_dyn_cos_loss: 2.50415, dyn_sta_cos_loss: 0.18190, total_cos_loss : 0.64635, vocab_cro_loss : 1.15056, 
epoch  46 summary: dyn_dyn_cos_loss: 2.43835, dyn_sta_cos_loss: 0.17811, total_cos_loss : 0.63016, vocab_cro_loss : 1.15025, 
epoch  47 summary: dyn_dyn_cos_loss: 2.38210, dyn_sta_cos_loss: 0.17691, total_cos_loss : 0.61795, vocab_cro_loss : 1.13578, 
epoch  48 summary: dyn_dyn_cos_loss: 2.32360, dyn_sta_cos_loss: 0.17263, total_cos_loss : 0.60282, vocab_cro_loss : 1.13790, 
epoch  49 summary: dyn_dyn_cos_loss: 2.26444, dyn_sta_cos_loss: 0.17235, total_cos_loss : 0.59076, vocab_cro_loss : 1.12990, 
epoch  50 summary: dyn_dyn_cos_loss: 2.21037, dyn_sta_cos_loss: 0.17089, total_cos_loss : 0.57878, vocab_cro_loss : 1.12810, 
train loss: 1.1268, train acc: 0.6733
epoch  51 summary: dyn_dyn_cos_loss: 2.15895, dyn_sta_cos_loss: 0.16777, total_cos_loss : 0.56601, vocab_cro_loss : 1.12678, 
epoch  52 summary: dyn_dyn_cos_loss: 2.10644, dyn_sta_cos_loss: 0.16374, total_cos_loss : 0.55228, vocab_cro_loss : 1.12405, 
epoch  53 summary: dyn_dyn_cos_loss: 2.04969, dyn_sta_cos_loss: 0.15986, total_cos_loss : 0.53783, vocab_cro_loss : 1.12249, 
epoch  54 summary: dyn_dyn_cos_loss: 1.99862, dyn_sta_cos_loss: 0.15911, total_cos_loss : 0.52701, vocab_cro_loss : 1.12248, 
epoch  55 summary: dyn_dyn_cos_loss: 1.94356, dyn_sta_cos_loss: 0.15821, total_cos_loss : 0.51528, vocab_cro_loss : 1.12035, 
epoch  56 summary: dyn_dyn_cos_loss: 1.89619, dyn_sta_cos_loss: 0.15776, total_cos_loss : 0.50545, vocab_cro_loss : 1.11755, 
epoch  57 summary: dyn_dyn_cos_loss: 1.84957, dyn_sta_cos_loss: 0.16043, total_cos_loss : 0.49825, vocab_cro_loss : 1.11629, 
epoch  58 summary: dyn_dyn_cos_loss: 1.80477, dyn_sta_cos_loss: 0.15857, total_cos_loss : 0.48781, vocab_cro_loss : 1.11623, 
epoch  59 summary: dyn_dyn_cos_loss: 1.76301, dyn_sta_cos_loss: 0.15838, total_cos_loss : 0.47931, vocab_cro_loss : 1.11337, 
epoch  60 summary: dyn_dyn_cos_loss: 1.78210, dyn_sta_cos_loss: 0.15652, total_cos_loss : 0.48164, vocab_cro_loss : 1.11337, 
train loss: 1.1194, train acc: 0.6777
epoch  61 summary: dyn_dyn_cos_loss: 1.73310, dyn_sta_cos_loss: 0.15382, total_cos_loss : 0.46968, vocab_cro_loss : 1.11944, 
epoch  62 summary: dyn_dyn_cos_loss: 1.69216, dyn_sta_cos_loss: 0.15206, total_cos_loss : 0.46008, vocab_cro_loss : 1.11918, 
epoch  63 summary: dyn_dyn_cos_loss: 1.64768, dyn_sta_cos_loss: 0.15094, total_cos_loss : 0.45029, vocab_cro_loss : 1.11716, 
epoch  64 summary: dyn_dyn_cos_loss: 1.60807, dyn_sta_cos_loss: 0.14824, total_cos_loss : 0.44021, vocab_cro_loss : 1.11043, 
epoch  65 summary: dyn_dyn_cos_loss: 1.57246, dyn_sta_cos_loss: 0.14648, total_cos_loss : 0.43168, vocab_cro_loss : 1.10928, 
epoch  66 summary: dyn_dyn_cos_loss: 1.54117, dyn_sta_cos_loss: 0.14674, total_cos_loss : 0.42563, vocab_cro_loss : 1.10535, 
epoch  67 summary: dyn_dyn_cos_loss: 1.50492, dyn_sta_cos_loss: 0.14582, total_cos_loss : 0.41764, vocab_cro_loss : 1.10182, 
epoch  68 summary: dyn_dyn_cos_loss: 1.47075, dyn_sta_cos_loss: 0.14413, total_cos_loss : 0.40945, vocab_cro_loss : 1.10385, 
epoch  69 summary: dyn_dyn_cos_loss: 1.43852, dyn_sta_cos_loss: 0.14380, total_cos_loss : 0.40274, vocab_cro_loss : 1.10112, 
epoch  70 summary: dyn_dyn_cos_loss: 1.40539, dyn_sta_cos_loss: 0.14373, total_cos_loss : 0.39606, vocab_cro_loss : 1.09966, 
train loss: 1.0957, train acc: 0.6841
epoch  71 summary: dyn_dyn_cos_loss: 1.37622, dyn_sta_cos_loss: 0.14345, total_cos_loss : 0.39000, vocab_cro_loss : 1.09572, 
epoch  72 summary: dyn_dyn_cos_loss: 1.35393, dyn_sta_cos_loss: 0.14232, total_cos_loss : 0.38464, vocab_cro_loss : 1.09533, 
epoch  73 summary: dyn_dyn_cos_loss: 1.32830, dyn_sta_cos_loss: 0.14275, total_cos_loss : 0.37986, vocab_cro_loss : 1.09275, 
epoch  74 summary: dyn_dyn_cos_loss: 1.30392, dyn_sta_cos_loss: 0.13967, total_cos_loss : 0.37252, vocab_cro_loss : 1.09399, 
epoch  75 summary: dyn_dyn_cos_loss: 1.28294, dyn_sta_cos_loss: 0.13919, total_cos_loss : 0.36794, vocab_cro_loss : 1.09629, 
epoch  76 summary: dyn_dyn_cos_loss: 1.26258, dyn_sta_cos_loss: 0.13860, total_cos_loss : 0.36339, vocab_cro_loss : 1.09432, 
epoch  77 summary: dyn_dyn_cos_loss: 1.23900, dyn_sta_cos_loss: 0.13831, total_cos_loss : 0.35845, vocab_cro_loss : 1.09641, 
epoch  78 summary: dyn_dyn_cos_loss: 1.21602, dyn_sta_cos_loss: 0.14004, total_cos_loss : 0.35524, vocab_cro_loss : 1.09072, 
epoch  79 summary: dyn_dyn_cos_loss: 1.19735, dyn_sta_cos_loss: 0.13832, total_cos_loss : 0.35013, vocab_cro_loss : 1.08824, 
epoch  80 summary: dyn_dyn_cos_loss: 1.19206, dyn_sta_cos_loss: 0.13905, total_cos_loss : 0.34965, vocab_cro_loss : 1.09052, 
train loss: 1.0928, train acc: 0.6797
epoch  81 summary: dyn_dyn_cos_loss: 1.17325, dyn_sta_cos_loss: 0.13696, total_cos_loss : 0.34422, vocab_cro_loss : 1.09284, 
epoch  82 summary: dyn_dyn_cos_loss: 1.15418, dyn_sta_cos_loss: 0.13614, total_cos_loss : 0.33975, vocab_cro_loss : 1.09399, 
epoch  83 summary: dyn_dyn_cos_loss: 1.13741, dyn_sta_cos_loss: 0.13719, total_cos_loss : 0.33723, vocab_cro_loss : 1.09344, 
epoch  84 summary: dyn_dyn_cos_loss: 1.11880, dyn_sta_cos_loss: 0.13628, total_cos_loss : 0.33279, vocab_cro_loss : 1.09384, 
epoch  85 summary: dyn_dyn_cos_loss: 1.10161, dyn_sta_cos_loss: 0.13550, total_cos_loss : 0.32872, vocab_cro_loss : 1.09209, 
epoch  86 summary: dyn_dyn_cos_loss: 1.08638, dyn_sta_cos_loss: 0.13269, total_cos_loss : 0.32343, vocab_cro_loss : 1.09323, 
epoch  87 summary: dyn_dyn_cos_loss: 1.07329, dyn_sta_cos_loss: 0.13370, total_cos_loss : 0.32161, vocab_cro_loss : 1.09446, 
epoch  88 summary: dyn_dyn_cos_loss: 1.06055, dyn_sta_cos_loss: 0.13112, total_cos_loss : 0.31701, vocab_cro_loss : 1.09165, 
epoch  89 summary: dyn_dyn_cos_loss: 1.04843, dyn_sta_cos_loss: 0.13353, total_cos_loss : 0.31651, vocab_cro_loss : 1.08878, 
epoch  90 summary: dyn_dyn_cos_loss: 1.03706, dyn_sta_cos_loss: 0.13527, total_cos_loss : 0.31563, vocab_cro_loss : 1.08884, 
train loss: 1.0861, train acc: 0.6787
epoch  91 summary: dyn_dyn_cos_loss: 1.03034, dyn_sta_cos_loss: 0.13242, total_cos_loss : 0.31201, vocab_cro_loss : 1.08605, 
epoch  92 summary: dyn_dyn_cos_loss: 1.01999, dyn_sta_cos_loss: 0.13182, total_cos_loss : 0.30945, vocab_cro_loss : 1.08717, 
epoch  93 summary: dyn_dyn_cos_loss: 1.01140, dyn_sta_cos_loss: 0.13043, total_cos_loss : 0.30663, vocab_cro_loss : 1.08571, 
epoch  94 summary: dyn_dyn_cos_loss: 1.00215, dyn_sta_cos_loss: 0.13078, total_cos_loss : 0.30506, vocab_cro_loss : 1.08363, 
epoch  95 summary: dyn_dyn_cos_loss: 0.99320, dyn_sta_cos_loss: 0.12948, total_cos_loss : 0.30222, vocab_cro_loss : 1.08413, 
epoch  96 summary: dyn_dyn_cos_loss: 0.98318, dyn_sta_cos_loss: 0.12991, total_cos_loss : 0.30056, vocab_cro_loss : 1.08125, 
epoch  97 summary: dyn_dyn_cos_loss: 0.97553, dyn_sta_cos_loss: 0.13057, total_cos_loss : 0.29956, vocab_cro_loss : 1.08135, 
epoch  98 summary: dyn_dyn_cos_loss: 0.96750, dyn_sta_cos_loss: 0.13150, total_cos_loss : 0.29870, vocab_cro_loss : 1.08268, 
epoch  99 summary: dyn_dyn_cos_loss: 0.95812, dyn_sta_cos_loss: 0.13096, total_cos_loss : 0.29639, vocab_cro_loss : 1.08002, 
epoch 100 summary: dyn_dyn_cos_loss: 0.97796, dyn_sta_cos_loss: 0.12993, total_cos_loss : 0.29953, vocab_cro_loss : 1.07835, 
train loss: 1.0789, train acc: 0.6729
epoch 101 summary: dyn_dyn_cos_loss: 0.96546, dyn_sta_cos_loss: 0.12966, total_cos_loss : 0.29682, vocab_cro_loss : 1.07887, 
epoch 102 summary: dyn_dyn_cos_loss: 0.95642, dyn_sta_cos_loss: 0.12919, total_cos_loss : 0.29464, vocab_cro_loss : 1.07836, 
epoch 103 summary: dyn_dyn_cos_loss: 0.94888, dyn_sta_cos_loss: 0.13124, total_cos_loss : 0.29477, vocab_cro_loss : 1.07910, 
epoch 104 summary: dyn_dyn_cos_loss: 0.94043, dyn_sta_cos_loss: 0.13301, total_cos_loss : 0.29449, vocab_cro_loss : 1.07979, 
epoch 105 summary: dyn_dyn_cos_loss: 0.93287, dyn_sta_cos_loss: 0.13012, total_cos_loss : 0.29067, vocab_cro_loss : 1.08270, 
epoch 106 summary: dyn_dyn_cos_loss: 0.92228, dyn_sta_cos_loss: 0.12981, total_cos_loss : 0.28830, vocab_cro_loss : 1.07997, 
epoch 107 summary: dyn_dyn_cos_loss: 0.91302, dyn_sta_cos_loss: 0.12715, total_cos_loss : 0.28432, vocab_cro_loss : 1.08287, 
epoch 108 summary: dyn_dyn_cos_loss: 0.90436, dyn_sta_cos_loss: 0.12884, total_cos_loss : 0.28394, vocab_cro_loss : 1.08222, 
epoch 109 summary: dyn_dyn_cos_loss: 0.89722, dyn_sta_cos_loss: 0.12852, total_cos_loss : 0.28226, vocab_cro_loss : 1.07851, 
epoch 110 summary: dyn_dyn_cos_loss: 0.89026, dyn_sta_cos_loss: 0.12896, total_cos_loss : 0.28122, vocab_cro_loss : 1.07925, 
train loss: 1.0795, train acc: 0.6787
epoch 111 summary: dyn_dyn_cos_loss: 0.88344, dyn_sta_cos_loss: 0.12840, total_cos_loss : 0.27941, vocab_cro_loss : 1.07945, 
epoch 112 summary: dyn_dyn_cos_loss: 0.87681, dyn_sta_cos_loss: 0.12807, total_cos_loss : 0.27782, vocab_cro_loss : 1.07737, 
epoch 113 summary: dyn_dyn_cos_loss: 0.87309, dyn_sta_cos_loss: 0.12684, total_cos_loss : 0.27609, vocab_cro_loss : 1.08080, 
epoch 114 summary: dyn_dyn_cos_loss: 0.86822, dyn_sta_cos_loss: 0.12893, total_cos_loss : 0.27679, vocab_cro_loss : 1.08115, 
epoch 115 summary: dyn_dyn_cos_loss: 0.86293, dyn_sta_cos_loss: 0.12774, total_cos_loss : 0.27478, vocab_cro_loss : 1.08592, 
epoch 116 summary: dyn_dyn_cos_loss: 0.85807, dyn_sta_cos_loss: 0.12702, total_cos_loss : 0.27323, vocab_cro_loss : 1.08352, 
epoch 117 summary: dyn_dyn_cos_loss: 0.85367, dyn_sta_cos_loss: 0.12665, total_cos_loss : 0.27205, vocab_cro_loss : 1.07940, 
epoch 118 summary: dyn_dyn_cos_loss: 0.84813, dyn_sta_cos_loss: 0.12744, total_cos_loss : 0.27158, vocab_cro_loss : 1.07780, 
epoch 119 summary: dyn_dyn_cos_loss: 0.84245, dyn_sta_cos_loss: 0.12600, total_cos_loss : 0.26929, vocab_cro_loss : 1.07975, 
epoch 120 summary: dyn_dyn_cos_loss: 0.85915, dyn_sta_cos_loss: 0.12479, total_cos_loss : 0.27166, vocab_cro_loss : 1.07791, 
train loss: 1.0769, train acc: 0.6772
epoch 121 summary: dyn_dyn_cos_loss: 0.85335, dyn_sta_cos_loss: 0.12398, total_cos_loss : 0.26985, vocab_cro_loss : 1.07691, 
epoch 122 summary: dyn_dyn_cos_loss: 0.84579, dyn_sta_cos_loss: 0.12659, total_cos_loss : 0.27043, vocab_cro_loss : 1.07740, 
epoch 123 summary: dyn_dyn_cos_loss: 0.83991, dyn_sta_cos_loss: 0.12668, total_cos_loss : 0.26933, vocab_cro_loss : 1.07827, 
epoch 124 summary: dyn_dyn_cos_loss: 0.83431, dyn_sta_cos_loss: 0.12538, total_cos_loss : 0.26717, vocab_cro_loss : 1.07821, 
epoch 125 summary: dyn_dyn_cos_loss: 0.82890, dyn_sta_cos_loss: 0.12536, total_cos_loss : 0.26606, vocab_cro_loss : 1.07657, 
epoch 126 summary: dyn_dyn_cos_loss: 0.82455, dyn_sta_cos_loss: 0.12512, total_cos_loss : 0.26501, vocab_cro_loss : 1.07832, 
epoch 127 summary: dyn_dyn_cos_loss: 0.81942, dyn_sta_cos_loss: 0.12363, total_cos_loss : 0.26279, vocab_cro_loss : 1.07936, 
epoch 128 summary: dyn_dyn_cos_loss: 0.81527, dyn_sta_cos_loss: 0.12410, total_cos_loss : 0.26234, vocab_cro_loss : 1.07892, 
epoch 129 summary: dyn_dyn_cos_loss: 0.80962, dyn_sta_cos_loss: 0.12344, total_cos_loss : 0.26067, vocab_cro_loss : 1.07717, 
epoch 130 summary: dyn_dyn_cos_loss: 0.80605, dyn_sta_cos_loss: 0.12297, total_cos_loss : 0.25959, vocab_cro_loss : 1.07224, 
train loss: 1.0756, train acc: 0.6812
epoch 131 summary: dyn_dyn_cos_loss: 0.79990, dyn_sta_cos_loss: 0.12331, total_cos_loss : 0.25863, vocab_cro_loss : 1.07561, 
epoch 132 summary: dyn_dyn_cos_loss: 0.79648, dyn_sta_cos_loss: 0.12084, total_cos_loss : 0.25597, vocab_cro_loss : 1.07735, 
epoch 133 summary: dyn_dyn_cos_loss: 0.79140, dyn_sta_cos_loss: 0.12001, total_cos_loss : 0.25428, vocab_cro_loss : 1.07991, 
epoch 134 summary: dyn_dyn_cos_loss: 0.78845, dyn_sta_cos_loss: 0.12037, total_cos_loss : 0.25399, vocab_cro_loss : 1.07988, 
epoch 135 summary: dyn_dyn_cos_loss: 0.78280, dyn_sta_cos_loss: 0.12238, total_cos_loss : 0.25446, vocab_cro_loss : 1.08028, 
epoch 136 summary: dyn_dyn_cos_loss: 0.78006, dyn_sta_cos_loss: 0.12145, total_cos_loss : 0.25317, vocab_cro_loss : 1.07659, 
epoch 137 summary: dyn_dyn_cos_loss: 0.77386, dyn_sta_cos_loss: 0.11965, total_cos_loss : 0.25049, vocab_cro_loss : 1.07739, 
epoch 138 summary: dyn_dyn_cos_loss: 0.76947, dyn_sta_cos_loss: 0.11930, total_cos_loss : 0.24933, vocab_cro_loss : 1.07860, 
epoch 139 summary: dyn_dyn_cos_loss: 0.76435, dyn_sta_cos_loss: 0.12024, total_cos_loss : 0.24906, vocab_cro_loss : 1.07722, 
epoch 140 summary: dyn_dyn_cos_loss: 0.79059, dyn_sta_cos_loss: 0.11998, total_cos_loss : 0.25410, vocab_cro_loss : 1.07485, 
train loss: 1.0764, train acc: 0.6763
epoch 141 summary: dyn_dyn_cos_loss: 0.78326, dyn_sta_cos_loss: 0.11942, total_cos_loss : 0.25219, vocab_cro_loss : 1.07640, 
epoch 142 summary: dyn_dyn_cos_loss: 0.77792, dyn_sta_cos_loss: 0.11656, total_cos_loss : 0.24883, vocab_cro_loss : 1.07813, 
epoch 143 summary: dyn_dyn_cos_loss: 0.77184, dyn_sta_cos_loss: 0.11674, total_cos_loss : 0.24776, vocab_cro_loss : 1.07564, 
epoch 144 summary: dyn_dyn_cos_loss: 0.76584, dyn_sta_cos_loss: 0.11533, total_cos_loss : 0.24543, vocab_cro_loss : 1.07748, 
epoch 145 summary: dyn_dyn_cos_loss: 0.75981, dyn_sta_cos_loss: 0.11603, total_cos_loss : 0.24478, vocab_cro_loss : 1.07782, 
epoch 146 summary: dyn_dyn_cos_loss: 0.75714, dyn_sta_cos_loss: 0.11749, total_cos_loss : 0.24542, vocab_cro_loss : 1.07641, 
epoch 147 summary: dyn_dyn_cos_loss: 0.75150, dyn_sta_cos_loss: 0.11805, total_cos_loss : 0.24474, vocab_cro_loss : 1.07132, 
epoch 148 summary: dyn_dyn_cos_loss: 0.74842, dyn_sta_cos_loss: 0.11806, total_cos_loss : 0.24413, vocab_cro_loss : 1.07353, 
epoch 149 summary: dyn_dyn_cos_loss: 0.74392, dyn_sta_cos_loss: 0.11943, total_cos_loss : 0.24433, vocab_cro_loss : 1.07225, 
epoch 150 summary: dyn_dyn_cos_loss: 0.74120, dyn_sta_cos_loss: 0.11859, total_cos_loss : 0.24311, vocab_cro_loss : 1.07397, 
train loss: 1.0731, train acc: 0.6836
epoch 151 summary: dyn_dyn_cos_loss: 0.73829, dyn_sta_cos_loss: 0.11857, total_cos_loss : 0.24252, vocab_cro_loss : 1.07312, 
epoch 152 summary: dyn_dyn_cos_loss: 0.73589, dyn_sta_cos_loss: 0.12003, total_cos_loss : 0.24320, vocab_cro_loss : 1.07466, 
epoch 153 summary: dyn_dyn_cos_loss: 0.73520, dyn_sta_cos_loss: 0.12055, total_cos_loss : 0.24348, vocab_cro_loss : 1.07666, 
epoch 154 summary: dyn_dyn_cos_loss: 0.73236, dyn_sta_cos_loss: 0.11972, total_cos_loss : 0.24225, vocab_cro_loss : 1.07610, 
epoch 155 summary: dyn_dyn_cos_loss: 0.73012, dyn_sta_cos_loss: 0.12068, total_cos_loss : 0.24257, vocab_cro_loss : 1.07557, 
epoch 156 summary: dyn_dyn_cos_loss: 0.72833, dyn_sta_cos_loss: 0.12163, total_cos_loss : 0.24297, vocab_cro_loss : 1.07277, 
epoch 157 summary: dyn_dyn_cos_loss: 0.72562, dyn_sta_cos_loss: 0.12214, total_cos_loss : 0.24284, vocab_cro_loss : 1.07143, 
epoch 158 summary: dyn_dyn_cos_loss: 0.72278, dyn_sta_cos_loss: 0.12058, total_cos_loss : 0.24102, vocab_cro_loss : 1.07666, 
epoch 159 summary: dyn_dyn_cos_loss: 0.72012, dyn_sta_cos_loss: 0.11807, total_cos_loss : 0.23848, vocab_cro_loss : 1.07994, 
epoch 160 summary: dyn_dyn_cos_loss: 0.73668, dyn_sta_cos_loss: 0.11811, total_cos_loss : 0.24182, vocab_cro_loss : 1.08008, 
train loss: 1.0741, train acc: 0.6802
epoch 161 summary: dyn_dyn_cos_loss: 0.73128, dyn_sta_cos_loss: 0.11779, total_cos_loss : 0.24049, vocab_cro_loss : 1.07413, 
epoch 162 summary: dyn_dyn_cos_loss: 0.72629, dyn_sta_cos_loss: 0.11872, total_cos_loss : 0.24023, vocab_cro_loss : 1.07261, 
epoch 163 summary: dyn_dyn_cos_loss: 0.72148, dyn_sta_cos_loss: 0.11963, total_cos_loss : 0.24000, vocab_cro_loss : 1.07206, 
epoch 164 summary: dyn_dyn_cos_loss: 0.71824, dyn_sta_cos_loss: 0.12191, total_cos_loss : 0.24117, vocab_cro_loss : 1.07207, 
epoch 165 summary: dyn_dyn_cos_loss: 0.71521, dyn_sta_cos_loss: 0.12057, total_cos_loss : 0.23949, vocab_cro_loss : 1.07141, 
epoch 166 summary: dyn_dyn_cos_loss: 0.71246, dyn_sta_cos_loss: 0.11910, total_cos_loss : 0.23777, vocab_cro_loss : 1.07280, 
epoch 167 summary: dyn_dyn_cos_loss: 0.70815, dyn_sta_cos_loss: 0.11936, total_cos_loss : 0.23712, vocab_cro_loss : 1.07505, 
epoch 168 summary: dyn_dyn_cos_loss: 0.70453, dyn_sta_cos_loss: 0.11918, total_cos_loss : 0.23625, vocab_cro_loss : 1.07396, 
epoch 169 summary: dyn_dyn_cos_loss: 0.70092, dyn_sta_cos_loss: 0.11643, total_cos_loss : 0.23333, vocab_cro_loss : 1.07740, 
epoch 170 summary: dyn_dyn_cos_loss: 0.69786, dyn_sta_cos_loss: 0.11712, total_cos_loss : 0.23327, vocab_cro_loss : 1.07765, 
train loss: 1.0773, train acc: 0.6816
epoch 171 summary: dyn_dyn_cos_loss: 0.69703, dyn_sta_cos_loss: 0.11729, total_cos_loss : 0.23324, vocab_cro_loss : 1.07728, 
epoch 172 summary: dyn_dyn_cos_loss: 0.69567, dyn_sta_cos_loss: 0.11848, total_cos_loss : 0.23392, vocab_cro_loss : 1.07358, 
epoch 173 summary: dyn_dyn_cos_loss: 0.69313, dyn_sta_cos_loss: 0.11809, total_cos_loss : 0.23310, vocab_cro_loss : 1.07241, 
epoch 174 summary: dyn_dyn_cos_loss: 0.69073, dyn_sta_cos_loss: 0.11690, total_cos_loss : 0.23167, vocab_cro_loss : 1.07512, 
epoch 175 summary: dyn_dyn_cos_loss: 0.68848, dyn_sta_cos_loss: 0.11844, total_cos_loss : 0.23245, vocab_cro_loss : 1.06866, 
epoch 176 summary: dyn_dyn_cos_loss: 0.68840, dyn_sta_cos_loss: 0.11630, total_cos_loss : 0.23072, vocab_cro_loss : 1.06972, 
epoch 177 summary: dyn_dyn_cos_loss: 0.68411, dyn_sta_cos_loss: 0.11803, total_cos_loss : 0.23124, vocab_cro_loss : 1.07331, 
epoch 178 summary: dyn_dyn_cos_loss: 0.68245, dyn_sta_cos_loss: 0.11727, total_cos_loss : 0.23030, vocab_cro_loss : 1.07121, 
epoch 179 summary: dyn_dyn_cos_loss: 0.68055, dyn_sta_cos_loss: 0.11807, total_cos_loss : 0.23057, vocab_cro_loss : 1.07418, 
epoch 180 summary: dyn_dyn_cos_loss: 0.69451, dyn_sta_cos_loss: 0.11636, total_cos_loss : 0.23199, vocab_cro_loss : 1.07438, 
train loss: 1.0777, train acc: 0.6816
epoch 181 summary: dyn_dyn_cos_loss: 0.69107, dyn_sta_cos_loss: 0.11460, total_cos_loss : 0.22989, vocab_cro_loss : 1.07770, 
epoch 182 summary: dyn_dyn_cos_loss: 0.68725, dyn_sta_cos_loss: 0.11710, total_cos_loss : 0.23113, vocab_cro_loss : 1.07567, 
epoch 183 summary: dyn_dyn_cos_loss: 0.68509, dyn_sta_cos_loss: 0.11669, total_cos_loss : 0.23037, vocab_cro_loss : 1.07546, 
epoch 184 summary: dyn_dyn_cos_loss: 0.68089, dyn_sta_cos_loss: 0.11592, total_cos_loss : 0.22892, vocab_cro_loss : 1.07581, 
epoch 185 summary: dyn_dyn_cos_loss: 0.67832, dyn_sta_cos_loss: 0.11334, total_cos_loss : 0.22633, vocab_cro_loss : 1.07442, 
epoch 186 summary: dyn_dyn_cos_loss: 0.67465, dyn_sta_cos_loss: 0.11236, total_cos_loss : 0.22481, vocab_cro_loss : 1.07375, 
epoch 187 summary: dyn_dyn_cos_loss: 0.67149, dyn_sta_cos_loss: 0.11508, total_cos_loss : 0.22636, vocab_cro_loss : 1.07250, 
epoch 188 summary: dyn_dyn_cos_loss: 0.67001, dyn_sta_cos_loss: 0.11514, total_cos_loss : 0.22612, vocab_cro_loss : 1.07432, 
epoch 189 summary: dyn_dyn_cos_loss: 0.66810, dyn_sta_cos_loss: 0.11317, total_cos_loss : 0.22415, vocab_cro_loss : 1.07240, 
epoch 190 summary: dyn_dyn_cos_loss: 0.66735, dyn_sta_cos_loss: 0.11152, total_cos_loss : 0.22269, vocab_cro_loss : 1.07114, 
train loss: 1.0693, train acc: 0.6802
epoch 191 summary: dyn_dyn_cos_loss: 0.66368, dyn_sta_cos_loss: 0.11246, total_cos_loss : 0.22270, vocab_cro_loss : 1.06926, 
epoch 192 summary: dyn_dyn_cos_loss: 0.66062, dyn_sta_cos_loss: 0.11278, total_cos_loss : 0.22235, vocab_cro_loss : 1.07016, 
epoch 193 summary: dyn_dyn_cos_loss: 0.65789, dyn_sta_cos_loss: 0.11108, total_cos_loss : 0.22044, vocab_cro_loss : 1.07179, 
epoch 194 summary: dyn_dyn_cos_loss: 0.65488, dyn_sta_cos_loss: 0.11364, total_cos_loss : 0.22189, vocab_cro_loss : 1.07102, 
epoch 195 summary: dyn_dyn_cos_loss: 0.65450, dyn_sta_cos_loss: 0.11185, total_cos_loss : 0.22038, vocab_cro_loss : 1.07227, 
epoch 196 summary: dyn_dyn_cos_loss: 0.65157, dyn_sta_cos_loss: 0.11264, total_cos_loss : 0.22043, vocab_cro_loss : 1.07171, 
epoch 197 summary: dyn_dyn_cos_loss: 0.65050, dyn_sta_cos_loss: 0.11295, total_cos_loss : 0.22046, vocab_cro_loss : 1.06677, 
epoch 198 summary: dyn_dyn_cos_loss: 0.65032, dyn_sta_cos_loss: 0.11190, total_cos_loss : 0.21958, vocab_cro_loss : 1.06459, 
epoch 199 summary: dyn_dyn_cos_loss: 0.64980, dyn_sta_cos_loss: 0.11105, total_cos_loss : 0.21880, vocab_cro_loss : 1.06917, 
train loss: 1.0687, train acc: 0.6812
all                         372390.824ms
all_epoch                   367161.283ms
all_preparation               5229.490ms
all_preparation_2             5227.189ms
all_preparation_3                2.257ms
epoch                         1710.221ms
epoch_pos_train                  3.805ms
epoch_preparation               32.076ms
epoch_train                   1652.283ms
epoch_valid                     19.687ms
----------------------------------------
all                         372390.824ms
  all_epoch             98.60%
  all_preparation        1.40%
all_preparation               5229.490ms
  all_preparation_2     99.96%
  all_preparation_3      0.04%
epoch                       342044.143ms
  epoch_train           96.61%
  epoch_preparation      1.88%
  epoch_valid            1.15%
  epoch_pos_train        0.22%
epoch   0 summary: dyn_dyn_cos_loss: 5.49964, dyn_sta_cos_loss: 3.17785, total_cos_loss : 3.64221, 
valid loss: 3.9766, valid acc: 0.0723
epoch   1 summary: dyn_dyn_cos_loss: 5.24409, dyn_sta_cos_loss: 2.86177, total_cos_loss : 3.33823, 
epoch   2 summary: dyn_dyn_cos_loss: 5.02387, dyn_sta_cos_loss: 2.56277, total_cos_loss : 3.05499, 
epoch   3 summary: dyn_dyn_cos_loss: 4.80486, dyn_sta_cos_loss: 2.28834, total_cos_loss : 2.79164, 
epoch   4 summary: dyn_dyn_cos_loss: 4.59968, dyn_sta_cos_loss: 2.01598, total_cos_loss : 2.53272, 
epoch   5 summary: dyn_dyn_cos_loss: 4.39666, dyn_sta_cos_loss: 1.75842, total_cos_loss : 2.28607, 
epoch   6 summary: dyn_dyn_cos_loss: 4.21543, dyn_sta_cos_loss: 1.52285, total_cos_loss : 2.06136, 
epoch   7 summary: dyn_dyn_cos_loss: 4.04724, dyn_sta_cos_loss: 1.31319, total_cos_loss : 1.86000, 
epoch   8 summary: dyn_dyn_cos_loss: 3.87290, dyn_sta_cos_loss: 1.12037, total_cos_loss : 1.67088, 
epoch   9 summary: dyn_dyn_cos_loss: 3.72210, dyn_sta_cos_loss: 0.96349, total_cos_loss : 1.51521, 
epoch  10 summary: dyn_dyn_cos_loss: 3.56654, dyn_sta_cos_loss: 0.83557, total_cos_loss : 1.38176, 
valid loss: 2.1259, valid acc: 0.5586
epoch  11 summary: dyn_dyn_cos_loss: 3.41141, dyn_sta_cos_loss: 0.72357, total_cos_loss : 1.26114, 
epoch  12 summary: dyn_dyn_cos_loss: 3.26522, dyn_sta_cos_loss: 0.63583, total_cos_loss : 1.16171, 
epoch  13 summary: dyn_dyn_cos_loss: 3.12181, dyn_sta_cos_loss: 0.56548, total_cos_loss : 1.07674, 
epoch  14 summary: dyn_dyn_cos_loss: 2.99494, dyn_sta_cos_loss: 0.50625, total_cos_loss : 1.00399, 
epoch  15 summary: dyn_dyn_cos_loss: 2.87781, dyn_sta_cos_loss: 0.46079, total_cos_loss : 0.94420, 
epoch  16 summary: dyn_dyn_cos_loss: 2.75631, dyn_sta_cos_loss: 0.42355, total_cos_loss : 0.89010, 
epoch  17 summary: dyn_dyn_cos_loss: 2.64125, dyn_sta_cos_loss: 0.39214, total_cos_loss : 0.84197, 
epoch  18 summary: dyn_dyn_cos_loss: 2.52739, dyn_sta_cos_loss: 0.36486, total_cos_loss : 0.79736, 
epoch  19 summary: dyn_dyn_cos_loss: 2.42605, dyn_sta_cos_loss: 0.33930, total_cos_loss : 0.75665, 
epoch  20 summary: dyn_dyn_cos_loss: 2.31674, dyn_sta_cos_loss: 0.31878, total_cos_loss : 0.71838, 
valid loss: 1.7920, valid acc: 0.5547
epoch  21 summary: dyn_dyn_cos_loss: 2.22804, dyn_sta_cos_loss: 0.30085, total_cos_loss : 0.68629, 
epoch  22 summary: dyn_dyn_cos_loss: 2.13096, dyn_sta_cos_loss: 0.28320, total_cos_loss : 0.65275, 
epoch  23 summary: dyn_dyn_cos_loss: 2.04958, dyn_sta_cos_loss: 0.26883, total_cos_loss : 0.62498, 
epoch  24 summary: dyn_dyn_cos_loss: 1.97083, dyn_sta_cos_loss: 0.25402, total_cos_loss : 0.59738, 
epoch  25 summary: dyn_dyn_cos_loss: 1.88873, dyn_sta_cos_loss: 0.24288, total_cos_loss : 0.57205, 
epoch  26 summary: dyn_dyn_cos_loss: 1.81755, dyn_sta_cos_loss: 0.23207, total_cos_loss : 0.54917, 
epoch  27 summary: dyn_dyn_cos_loss: 1.74803, dyn_sta_cos_loss: 0.22135, total_cos_loss : 0.52668, 
epoch  28 summary: dyn_dyn_cos_loss: 1.68125, dyn_sta_cos_loss: 0.21114, total_cos_loss : 0.50516, 
epoch  29 summary: dyn_dyn_cos_loss: 1.61846, dyn_sta_cos_loss: 0.20255, total_cos_loss : 0.48574, 
epoch  30 summary: dyn_dyn_cos_loss: 1.56370, dyn_sta_cos_loss: 0.19470, total_cos_loss : 0.46850, 
valid loss: 1.7046, valid acc: 0.5664
epoch  31 summary: dyn_dyn_cos_loss: 1.51040, dyn_sta_cos_loss: 0.18826, total_cos_loss : 0.45269, 
epoch  32 summary: dyn_dyn_cos_loss: 1.45763, dyn_sta_cos_loss: 0.18179, total_cos_loss : 0.43696, 
epoch  33 summary: dyn_dyn_cos_loss: 1.41377, dyn_sta_cos_loss: 0.17652, total_cos_loss : 0.42397, 
epoch  34 summary: dyn_dyn_cos_loss: 1.37036, dyn_sta_cos_loss: 0.17122, total_cos_loss : 0.41105, 
epoch  35 summary: dyn_dyn_cos_loss: 1.33042, dyn_sta_cos_loss: 0.16683, total_cos_loss : 0.39955, 
epoch  36 summary: dyn_dyn_cos_loss: 1.29250, dyn_sta_cos_loss: 0.16249, total_cos_loss : 0.38849, 
epoch  37 summary: dyn_dyn_cos_loss: 1.25494, dyn_sta_cos_loss: 0.15847, total_cos_loss : 0.37777, 
epoch  38 summary: dyn_dyn_cos_loss: 1.21628, dyn_sta_cos_loss: 0.15508, total_cos_loss : 0.36732, 
epoch  39 summary: dyn_dyn_cos_loss: 1.18459, dyn_sta_cos_loss: 0.15271, total_cos_loss : 0.35909, 
epoch  40 summary: dyn_dyn_cos_loss: 1.21276, dyn_sta_cos_loss: 0.14902, total_cos_loss : 0.36177, 
valid loss: 1.6713, valid acc: 0.5605
epoch  41 summary: dyn_dyn_cos_loss: 1.17804, dyn_sta_cos_loss: 0.14585, total_cos_loss : 0.35229, 
epoch  42 summary: dyn_dyn_cos_loss: 1.14987, dyn_sta_cos_loss: 0.14259, total_cos_loss : 0.34404, 
epoch  43 summary: dyn_dyn_cos_loss: 1.12316, dyn_sta_cos_loss: 0.13941, total_cos_loss : 0.33616, 
epoch  44 summary: dyn_dyn_cos_loss: 1.09699, dyn_sta_cos_loss: 0.13635, total_cos_loss : 0.32848, 
epoch  45 summary: dyn_dyn_cos_loss: 1.07140, dyn_sta_cos_loss: 0.13300, total_cos_loss : 0.32068, 
epoch  46 summary: dyn_dyn_cos_loss: 1.05235, dyn_sta_cos_loss: 0.13027, total_cos_loss : 0.31469, 
epoch  47 summary: dyn_dyn_cos_loss: 1.02965, dyn_sta_cos_loss: 0.12800, total_cos_loss : 0.30833, 
epoch  48 summary: dyn_dyn_cos_loss: 1.00797, dyn_sta_cos_loss: 0.12567, total_cos_loss : 0.30213, 
epoch  49 summary: dyn_dyn_cos_loss: 0.98496, dyn_sta_cos_loss: 0.12341, total_cos_loss : 0.29572, 
epoch  50 summary: dyn_dyn_cos_loss: 0.96623, dyn_sta_cos_loss: 0.12115, total_cos_loss : 0.29017, 
valid loss: 1.6417, valid acc: 0.5684
epoch  51 summary: dyn_dyn_cos_loss: 0.95038, dyn_sta_cos_loss: 0.11884, total_cos_loss : 0.28514, 
epoch  52 summary: dyn_dyn_cos_loss: 0.93179, dyn_sta_cos_loss: 0.11663, total_cos_loss : 0.27966, 
epoch  53 summary: dyn_dyn_cos_loss: 0.91400, dyn_sta_cos_loss: 0.11443, total_cos_loss : 0.27434, 
epoch  54 summary: dyn_dyn_cos_loss: 0.89720, dyn_sta_cos_loss: 0.11228, total_cos_loss : 0.26926, 
epoch  55 summary: dyn_dyn_cos_loss: 0.87879, dyn_sta_cos_loss: 0.11109, total_cos_loss : 0.26463, 
epoch  56 summary: dyn_dyn_cos_loss: 0.86207, dyn_sta_cos_loss: 0.10962, total_cos_loss : 0.26011, 
epoch  57 summary: dyn_dyn_cos_loss: 0.85083, dyn_sta_cos_loss: 0.10753, total_cos_loss : 0.25619, 
epoch  58 summary: dyn_dyn_cos_loss: 0.83550, dyn_sta_cos_loss: 0.10626, total_cos_loss : 0.25211, 
epoch  59 summary: dyn_dyn_cos_loss: 0.82024, dyn_sta_cos_loss: 0.10421, total_cos_loss : 0.24741, 
epoch  60 summary: dyn_dyn_cos_loss: 0.82908, dyn_sta_cos_loss: 0.10289, total_cos_loss : 0.24813, 
valid loss: 1.6257, valid acc: 0.5625
epoch  61 summary: dyn_dyn_cos_loss: 0.81725, dyn_sta_cos_loss: 0.10175, total_cos_loss : 0.24485, 
epoch  62 summary: dyn_dyn_cos_loss: 0.80445, dyn_sta_cos_loss: 0.10043, total_cos_loss : 0.24123, 
epoch  63 summary: dyn_dyn_cos_loss: 0.79288, dyn_sta_cos_loss: 0.09929, total_cos_loss : 0.23800, 
epoch  64 summary: dyn_dyn_cos_loss: 0.78048, dyn_sta_cos_loss: 0.09837, total_cos_loss : 0.23479, 
epoch  65 summary: dyn_dyn_cos_loss: 0.77016, dyn_sta_cos_loss: 0.09719, total_cos_loss : 0.23178, 
epoch  66 summary: dyn_dyn_cos_loss: 0.76026, dyn_sta_cos_loss: 0.09625, total_cos_loss : 0.22905, 
epoch  67 summary: dyn_dyn_cos_loss: 0.75252, dyn_sta_cos_loss: 0.09536, total_cos_loss : 0.22679, 
epoch  68 summary: dyn_dyn_cos_loss: 0.74510, dyn_sta_cos_loss: 0.09456, total_cos_loss : 0.22467, 
epoch  69 summary: dyn_dyn_cos_loss: 0.73495, dyn_sta_cos_loss: 0.09350, total_cos_loss : 0.22179, 
epoch  70 summary: dyn_dyn_cos_loss: 0.72630, dyn_sta_cos_loss: 0.09227, total_cos_loss : 0.21908, 
valid loss: 1.6381, valid acc: 0.5625
epoch  71 summary: dyn_dyn_cos_loss: 0.71927, dyn_sta_cos_loss: 0.09125, total_cos_loss : 0.21685, 
epoch  72 summary: dyn_dyn_cos_loss: 0.71277, dyn_sta_cos_loss: 0.09042, total_cos_loss : 0.21489, 
epoch  73 summary: dyn_dyn_cos_loss: 0.70708, dyn_sta_cos_loss: 0.08958, total_cos_loss : 0.21308, 
epoch  74 summary: dyn_dyn_cos_loss: 0.69988, dyn_sta_cos_loss: 0.08895, total_cos_loss : 0.21114, 
epoch  75 summary: dyn_dyn_cos_loss: 0.69443, dyn_sta_cos_loss: 0.08858, total_cos_loss : 0.20975, 
epoch  76 summary: dyn_dyn_cos_loss: 0.69037, dyn_sta_cos_loss: 0.08797, total_cos_loss : 0.20845, 
epoch  77 summary: dyn_dyn_cos_loss: 0.68637, dyn_sta_cos_loss: 0.08726, total_cos_loss : 0.20708, 
epoch  78 summary: dyn_dyn_cos_loss: 0.68135, dyn_sta_cos_loss: 0.08662, total_cos_loss : 0.20557, 
epoch  79 summary: dyn_dyn_cos_loss: 0.67735, dyn_sta_cos_loss: 0.08605, total_cos_loss : 0.20431, 
epoch  80 summary: dyn_dyn_cos_loss: 0.70190, dyn_sta_cos_loss: 0.08557, total_cos_loss : 0.20883, 
valid loss: 1.6298, valid acc: 0.5625
epoch  81 summary: dyn_dyn_cos_loss: 0.69629, dyn_sta_cos_loss: 0.08513, total_cos_loss : 0.20737, 
epoch  82 summary: dyn_dyn_cos_loss: 0.69150, dyn_sta_cos_loss: 0.08449, total_cos_loss : 0.20589, 
epoch  83 summary: dyn_dyn_cos_loss: 0.68534, dyn_sta_cos_loss: 0.08414, total_cos_loss : 0.20438, 
epoch  84 summary: dyn_dyn_cos_loss: 0.68159, dyn_sta_cos_loss: 0.08349, total_cos_loss : 0.20311, 
epoch  85 summary: dyn_dyn_cos_loss: 0.67755, dyn_sta_cos_loss: 0.08303, total_cos_loss : 0.20193, 
epoch  86 summary: dyn_dyn_cos_loss: 0.67328, dyn_sta_cos_loss: 0.08265, total_cos_loss : 0.20078, 
epoch  87 summary: dyn_dyn_cos_loss: 0.66768, dyn_sta_cos_loss: 0.08248, total_cos_loss : 0.19952, 
epoch  88 summary: dyn_dyn_cos_loss: 0.66489, dyn_sta_cos_loss: 0.08214, total_cos_loss : 0.19869, 
epoch  89 summary: dyn_dyn_cos_loss: 0.66152, dyn_sta_cos_loss: 0.08162, total_cos_loss : 0.19760, 
epoch  90 summary: dyn_dyn_cos_loss: 0.65818, dyn_sta_cos_loss: 0.08139, total_cos_loss : 0.19675, 
valid loss: 1.6134, valid acc: 0.5645
epoch  91 summary: dyn_dyn_cos_loss: 0.65553, dyn_sta_cos_loss: 0.08098, total_cos_loss : 0.19589, 
epoch  92 summary: dyn_dyn_cos_loss: 0.65323, dyn_sta_cos_loss: 0.08055, total_cos_loss : 0.19508, 
epoch  93 summary: dyn_dyn_cos_loss: 0.65008, dyn_sta_cos_loss: 0.08029, total_cos_loss : 0.19424, 
epoch  94 summary: dyn_dyn_cos_loss: 0.64736, dyn_sta_cos_loss: 0.07995, total_cos_loss : 0.19343, 
epoch  95 summary: dyn_dyn_cos_loss: 0.64482, dyn_sta_cos_loss: 0.07968, total_cos_loss : 0.19271, 
epoch  96 summary: dyn_dyn_cos_loss: 0.64123, dyn_sta_cos_loss: 0.07949, total_cos_loss : 0.19184, 
epoch  97 summary: dyn_dyn_cos_loss: 0.63732, dyn_sta_cos_loss: 0.07902, total_cos_loss : 0.19068, 
epoch  98 summary: dyn_dyn_cos_loss: 0.63421, dyn_sta_cos_loss: 0.07880, total_cos_loss : 0.18988, 
epoch  99 summary: dyn_dyn_cos_loss: 0.63249, dyn_sta_cos_loss: 0.07848, total_cos_loss : 0.18928, 
epoch 100 summary: dyn_dyn_cos_loss: 0.63366, dyn_sta_cos_loss: 0.07813, total_cos_loss : 0.18923, 
valid loss: 1.6180, valid acc: 0.5586
epoch 101 summary: dyn_dyn_cos_loss: 0.63165, dyn_sta_cos_loss: 0.07770, total_cos_loss : 0.18849, 
epoch 102 summary: dyn_dyn_cos_loss: 0.62950, dyn_sta_cos_loss: 0.07731, total_cos_loss : 0.18774, 
epoch 103 summary: dyn_dyn_cos_loss: 0.62765, dyn_sta_cos_loss: 0.07706, total_cos_loss : 0.18718, 
epoch 104 summary: dyn_dyn_cos_loss: 0.62551, dyn_sta_cos_loss: 0.07691, total_cos_loss : 0.18663, 
epoch 105 summary: dyn_dyn_cos_loss: 0.62338, dyn_sta_cos_loss: 0.07658, total_cos_loss : 0.18594, 
epoch 106 summary: dyn_dyn_cos_loss: 0.62133, dyn_sta_cos_loss: 0.07634, total_cos_loss : 0.18534, 
epoch 107 summary: dyn_dyn_cos_loss: 0.61867, dyn_sta_cos_loss: 0.07619, total_cos_loss : 0.18469, 
epoch 108 summary: dyn_dyn_cos_loss: 0.61592, dyn_sta_cos_loss: 0.07607, total_cos_loss : 0.18404, 
epoch 109 summary: dyn_dyn_cos_loss: 0.61418, dyn_sta_cos_loss: 0.07582, total_cos_loss : 0.18349, 
epoch 110 summary: dyn_dyn_cos_loss: 0.61250, dyn_sta_cos_loss: 0.07577, total_cos_loss : 0.18311, 
valid loss: 1.6095, valid acc: 0.5625
epoch 111 summary: dyn_dyn_cos_loss: 0.61026, dyn_sta_cos_loss: 0.07559, total_cos_loss : 0.18252, 
epoch 112 summary: dyn_dyn_cos_loss: 0.60747, dyn_sta_cos_loss: 0.07535, total_cos_loss : 0.18177, 
epoch 113 summary: dyn_dyn_cos_loss: 0.60575, dyn_sta_cos_loss: 0.07511, total_cos_loss : 0.18124, 
epoch 114 summary: dyn_dyn_cos_loss: 0.60410, dyn_sta_cos_loss: 0.07496, total_cos_loss : 0.18079, 
epoch 115 summary: dyn_dyn_cos_loss: 0.60211, dyn_sta_cos_loss: 0.07481, total_cos_loss : 0.18027, 
epoch 116 summary: dyn_dyn_cos_loss: 0.60048, dyn_sta_cos_loss: 0.07475, total_cos_loss : 0.17990, 
epoch 117 summary: dyn_dyn_cos_loss: 0.59942, dyn_sta_cos_loss: 0.07444, total_cos_loss : 0.17943, 
epoch 118 summary: dyn_dyn_cos_loss: 0.59832, dyn_sta_cos_loss: 0.07415, total_cos_loss : 0.17899, 
epoch 119 summary: dyn_dyn_cos_loss: 0.59661, dyn_sta_cos_loss: 0.07400, total_cos_loss : 0.17852, 
epoch 120 summary: dyn_dyn_cos_loss: 0.62361, dyn_sta_cos_loss: 0.07373, total_cos_loss : 0.18370, 
valid loss: 1.6138, valid acc: 0.5664
epoch 121 summary: dyn_dyn_cos_loss: 0.62152, dyn_sta_cos_loss: 0.07363, total_cos_loss : 0.18321, 
epoch 122 summary: dyn_dyn_cos_loss: 0.61977, dyn_sta_cos_loss: 0.07351, total_cos_loss : 0.18277, 
epoch 123 summary: dyn_dyn_cos_loss: 0.61819, dyn_sta_cos_loss: 0.07326, total_cos_loss : 0.18224, 
epoch 124 summary: dyn_dyn_cos_loss: 0.61604, dyn_sta_cos_loss: 0.07312, total_cos_loss : 0.18170, 
epoch 125 summary: dyn_dyn_cos_loss: 0.61450, dyn_sta_cos_loss: 0.07296, total_cos_loss : 0.18126, 
epoch 126 summary: dyn_dyn_cos_loss: 0.61291, dyn_sta_cos_loss: 0.07282, total_cos_loss : 0.18084, 
epoch 127 summary: dyn_dyn_cos_loss: 0.61119, dyn_sta_cos_loss: 0.07271, total_cos_loss : 0.18041, 
epoch 128 summary: dyn_dyn_cos_loss: 0.61032, dyn_sta_cos_loss: 0.07248, total_cos_loss : 0.18005, 
epoch 129 summary: dyn_dyn_cos_loss: 0.60925, dyn_sta_cos_loss: 0.07238, total_cos_loss : 0.17975, 
epoch 130 summary: dyn_dyn_cos_loss: 0.60778, dyn_sta_cos_loss: 0.07223, total_cos_loss : 0.17934, 
valid loss: 1.6089, valid acc: 0.5684
epoch 131 summary: dyn_dyn_cos_loss: 0.60687, dyn_sta_cos_loss: 0.07205, total_cos_loss : 0.17902, 
epoch 132 summary: dyn_dyn_cos_loss: 0.60591, dyn_sta_cos_loss: 0.07187, total_cos_loss : 0.17868, 
epoch 133 summary: dyn_dyn_cos_loss: 0.60481, dyn_sta_cos_loss: 0.07177, total_cos_loss : 0.17838, 
epoch 134 summary: dyn_dyn_cos_loss: 0.60392, dyn_sta_cos_loss: 0.07168, total_cos_loss : 0.17813, 
epoch 135 summary: dyn_dyn_cos_loss: 0.60306, dyn_sta_cos_loss: 0.07151, total_cos_loss : 0.17782, 
epoch 136 summary: dyn_dyn_cos_loss: 0.60213, dyn_sta_cos_loss: 0.07139, total_cos_loss : 0.17754, 
epoch 137 summary: dyn_dyn_cos_loss: 0.60095, dyn_sta_cos_loss: 0.07142, total_cos_loss : 0.17732, 
epoch 138 summary: dyn_dyn_cos_loss: 0.60022, dyn_sta_cos_loss: 0.07126, total_cos_loss : 0.17705, 
epoch 139 summary: dyn_dyn_cos_loss: 0.59901, dyn_sta_cos_loss: 0.07117, total_cos_loss : 0.17674, 
epoch 140 summary: dyn_dyn_cos_loss: 0.62905, dyn_sta_cos_loss: 0.07108, total_cos_loss : 0.18267, 
valid loss: 1.6028, valid acc: 0.5684
epoch 141 summary: dyn_dyn_cos_loss: 0.62758, dyn_sta_cos_loss: 0.07103, total_cos_loss : 0.18234, 
epoch 142 summary: dyn_dyn_cos_loss: 0.62624, dyn_sta_cos_loss: 0.07091, total_cos_loss : 0.18198, 
epoch 143 summary: dyn_dyn_cos_loss: 0.62436, dyn_sta_cos_loss: 0.07088, total_cos_loss : 0.18158, 
epoch 144 summary: dyn_dyn_cos_loss: 0.62291, dyn_sta_cos_loss: 0.07086, total_cos_loss : 0.18127, 
epoch 145 summary: dyn_dyn_cos_loss: 0.62166, dyn_sta_cos_loss: 0.07075, total_cos_loss : 0.18093, 
epoch 146 summary: dyn_dyn_cos_loss: 0.62045, dyn_sta_cos_loss: 0.07068, total_cos_loss : 0.18063, 
epoch 147 summary: dyn_dyn_cos_loss: 0.61892, dyn_sta_cos_loss: 0.07065, total_cos_loss : 0.18030, 
epoch 148 summary: dyn_dyn_cos_loss: 0.61774, dyn_sta_cos_loss: 0.07059, total_cos_loss : 0.18002, 
epoch 149 summary: dyn_dyn_cos_loss: 0.61638, dyn_sta_cos_loss: 0.07054, total_cos_loss : 0.17970, 
epoch 150 summary: dyn_dyn_cos_loss: 0.61537, dyn_sta_cos_loss: 0.07044, total_cos_loss : 0.17942, 
valid loss: 1.6000, valid acc: 0.5684
epoch 151 summary: dyn_dyn_cos_loss: 0.61404, dyn_sta_cos_loss: 0.07049, total_cos_loss : 0.17920, 
epoch 152 summary: dyn_dyn_cos_loss: 0.61316, dyn_sta_cos_loss: 0.07034, total_cos_loss : 0.17890, 
epoch 153 summary: dyn_dyn_cos_loss: 0.61206, dyn_sta_cos_loss: 0.07021, total_cos_loss : 0.17858, 
epoch 154 summary: dyn_dyn_cos_loss: 0.61113, dyn_sta_cos_loss: 0.07008, total_cos_loss : 0.17829, 
epoch 155 summary: dyn_dyn_cos_loss: 0.60988, dyn_sta_cos_loss: 0.07010, total_cos_loss : 0.17805, 
epoch 156 summary: dyn_dyn_cos_loss: 0.60886, dyn_sta_cos_loss: 0.07004, total_cos_loss : 0.17780, 
epoch 157 summary: dyn_dyn_cos_loss: 0.60830, dyn_sta_cos_loss: 0.06996, total_cos_loss : 0.17763, 
epoch 158 summary: dyn_dyn_cos_loss: 0.60700, dyn_sta_cos_loss: 0.06991, total_cos_loss : 0.17733, 
epoch 159 summary: dyn_dyn_cos_loss: 0.60466, dyn_sta_cos_loss: 0.07004, total_cos_loss : 0.17696, 
epoch 160 summary: dyn_dyn_cos_loss: 0.60421, dyn_sta_cos_loss: 0.06999, total_cos_loss : 0.17683, 
valid loss: 1.6003, valid acc: 0.5664
epoch 161 summary: dyn_dyn_cos_loss: 0.60279, dyn_sta_cos_loss: 0.06996, total_cos_loss : 0.17653, 
epoch 162 summary: dyn_dyn_cos_loss: 0.60196, dyn_sta_cos_loss: 0.06980, total_cos_loss : 0.17623, 
epoch 163 summary: dyn_dyn_cos_loss: 0.60087, dyn_sta_cos_loss: 0.06971, total_cos_loss : 0.17594, 
epoch 164 summary: dyn_dyn_cos_loss: 0.59989, dyn_sta_cos_loss: 0.06956, total_cos_loss : 0.17563, 
epoch 165 summary: dyn_dyn_cos_loss: 0.59873, dyn_sta_cos_loss: 0.06946, total_cos_loss : 0.17531, 
epoch 166 summary: dyn_dyn_cos_loss: 0.59814, dyn_sta_cos_loss: 0.06924, total_cos_loss : 0.17502, 
epoch 167 summary: dyn_dyn_cos_loss: 0.59741, dyn_sta_cos_loss: 0.06909, total_cos_loss : 0.17476, 
epoch 168 summary: dyn_dyn_cos_loss: 0.59646, dyn_sta_cos_loss: 0.06901, total_cos_loss : 0.17450, 
epoch 169 summary: dyn_dyn_cos_loss: 0.59553, dyn_sta_cos_loss: 0.06897, total_cos_loss : 0.17428, 
epoch 170 summary: dyn_dyn_cos_loss: 0.59455, dyn_sta_cos_loss: 0.06895, total_cos_loss : 0.17407, 
valid loss: 1.5995, valid acc: 0.5664
epoch 171 summary: dyn_dyn_cos_loss: 0.59335, dyn_sta_cos_loss: 0.06897, total_cos_loss : 0.17384, 
epoch 172 summary: dyn_dyn_cos_loss: 0.59246, dyn_sta_cos_loss: 0.06897, total_cos_loss : 0.17366, 
epoch 173 summary: dyn_dyn_cos_loss: 0.59181, dyn_sta_cos_loss: 0.06891, total_cos_loss : 0.17349, 
epoch 174 summary: dyn_dyn_cos_loss: 0.59094, dyn_sta_cos_loss: 0.06892, total_cos_loss : 0.17332, 
epoch 175 summary: dyn_dyn_cos_loss: 0.59011, dyn_sta_cos_loss: 0.06891, total_cos_loss : 0.17315, 
epoch 176 summary: dyn_dyn_cos_loss: 0.58903, dyn_sta_cos_loss: 0.06892, total_cos_loss : 0.17294, 
epoch 177 summary: dyn_dyn_cos_loss: 0.58854, dyn_sta_cos_loss: 0.06887, total_cos_loss : 0.17280, 
epoch 178 summary: dyn_dyn_cos_loss: 0.58820, dyn_sta_cos_loss: 0.06877, total_cos_loss : 0.17265, 
epoch 179 summary: dyn_dyn_cos_loss: 0.58774, dyn_sta_cos_loss: 0.06871, total_cos_loss : 0.17252, 
epoch 180 summary: dyn_dyn_cos_loss: 0.59663, dyn_sta_cos_loss: 0.06863, total_cos_loss : 0.17423, 
valid loss: 1.5995, valid acc: 0.5684
epoch 181 summary: dyn_dyn_cos_loss: 0.59527, dyn_sta_cos_loss: 0.06856, total_cos_loss : 0.17390, 
epoch 182 summary: dyn_dyn_cos_loss: 0.59353, dyn_sta_cos_loss: 0.06860, total_cos_loss : 0.17359, 
epoch 183 summary: dyn_dyn_cos_loss: 0.59243, dyn_sta_cos_loss: 0.06854, total_cos_loss : 0.17331, 
epoch 184 summary: dyn_dyn_cos_loss: 0.59120, dyn_sta_cos_loss: 0.06857, total_cos_loss : 0.17309, 
epoch 185 summary: dyn_dyn_cos_loss: 0.59000, dyn_sta_cos_loss: 0.06856, total_cos_loss : 0.17285, 
epoch 186 summary: dyn_dyn_cos_loss: 0.58942, dyn_sta_cos_loss: 0.06850, total_cos_loss : 0.17268, 
epoch 187 summary: dyn_dyn_cos_loss: 0.58807, dyn_sta_cos_loss: 0.06858, total_cos_loss : 0.17248, 
epoch 188 summary: dyn_dyn_cos_loss: 0.58735, dyn_sta_cos_loss: 0.06850, total_cos_loss : 0.17227, 
epoch 189 summary: dyn_dyn_cos_loss: 0.58666, dyn_sta_cos_loss: 0.06845, total_cos_loss : 0.17209, 
epoch 190 summary: dyn_dyn_cos_loss: 0.58584, dyn_sta_cos_loss: 0.06836, total_cos_loss : 0.17186, 
valid loss: 1.6005, valid acc: 0.5703
epoch 191 summary: dyn_dyn_cos_loss: 0.58502, dyn_sta_cos_loss: 0.06830, total_cos_loss : 0.17164, 
epoch 192 summary: dyn_dyn_cos_loss: 0.58425, dyn_sta_cos_loss: 0.06827, total_cos_loss : 0.17147, 
epoch 193 summary: dyn_dyn_cos_loss: 0.58358, dyn_sta_cos_loss: 0.06826, total_cos_loss : 0.17132, 
epoch 194 summary: dyn_dyn_cos_loss: 0.58297, dyn_sta_cos_loss: 0.06824, total_cos_loss : 0.17119, 
epoch 195 summary: dyn_dyn_cos_loss: 0.58227, dyn_sta_cos_loss: 0.06821, total_cos_loss : 0.17102, 
epoch 196 summary: dyn_dyn_cos_loss: 0.58150, dyn_sta_cos_loss: 0.06823, total_cos_loss : 0.17088, 
epoch 197 summary: dyn_dyn_cos_loss: 0.58084, dyn_sta_cos_loss: 0.06821, total_cos_loss : 0.17073, 
epoch 198 summary: dyn_dyn_cos_loss: 0.58045, dyn_sta_cos_loss: 0.06818, total_cos_loss : 0.17063, 
epoch 199 summary: dyn_dyn_cos_loss: 0.57983, dyn_sta_cos_loss: 0.06817, total_cos_loss : 0.17050, 
valid loss: 1.5968, valid acc: 0.5664
all                          75554.206ms
all_epoch                    75544.550ms
all_preparation                  9.634ms
all_preparation_2                7.325ms
all_preparation_3                2.287ms
epoch                          295.955ms
epoch_pos_train                  6.509ms
epoch_preparation                0.403ms
epoch_train                    281.967ms
epoch_valid                      5.231ms
----------------------------------------
all                          75554.206ms
  all_epoch             99.99%
  all_preparation        0.01%
all_preparation                  9.634ms
  all_preparation_2     76.04%
  all_preparation_3     23.74%
epoch                        59191.096ms
  epoch_train           95.27%
  epoch_pos_train        2.20%
  epoch_valid            1.77%
  epoch_preparation      0.14%
