Before CTE Training: train eu loss: 1.0543208122253418, eval eu loss: 1.492782711982727
Before CTE Training: train eu acc: 0.659027099609375, eval eu acc: 0.560546875
epoch   0 summary: dyn_dyn_cos_loss: 5.96478, dyn_sta_cos_loss: 3.21385, total_cos_loss : 5.41460, vocab_cro_loss : 4.28440, 
train loss: 4.0251, train acc: 0.0636
epoch   1 summary: dyn_dyn_cos_loss: 5.91943, dyn_sta_cos_loss: 2.95574, total_cos_loss : 5.32669, vocab_cro_loss : 4.02510, 
epoch   2 summary: dyn_dyn_cos_loss: 5.87117, dyn_sta_cos_loss: 2.69308, total_cos_loss : 5.23555, vocab_cro_loss : 3.76293, 
epoch   3 summary: dyn_dyn_cos_loss: 5.81880, dyn_sta_cos_loss: 2.43389, total_cos_loss : 5.14182, vocab_cro_loss : 3.50575, 
epoch   4 summary: dyn_dyn_cos_loss: 5.76159, dyn_sta_cos_loss: 2.18282, total_cos_loss : 5.04583, vocab_cro_loss : 3.25683, 
epoch   5 summary: dyn_dyn_cos_loss: 5.69959, dyn_sta_cos_loss: 1.94394, total_cos_loss : 4.94846, vocab_cro_loss : 3.02014, 
epoch   6 summary: dyn_dyn_cos_loss: 5.63274, dyn_sta_cos_loss: 1.71992, total_cos_loss : 4.85018, vocab_cro_loss : 2.79722, 
epoch   7 summary: dyn_dyn_cos_loss: 5.55922, dyn_sta_cos_loss: 1.51562, total_cos_loss : 4.75050, vocab_cro_loss : 2.59327, 
epoch   8 summary: dyn_dyn_cos_loss: 5.48158, dyn_sta_cos_loss: 1.33435, total_cos_loss : 4.65214, vocab_cro_loss : 2.41280, 
epoch   9 summary: dyn_dyn_cos_loss: 5.39654, dyn_sta_cos_loss: 1.17729, total_cos_loss : 4.55269, vocab_cro_loss : 2.25642, 
epoch  10 summary: dyn_dyn_cos_loss: 5.30685, dyn_sta_cos_loss: 1.04478, total_cos_loss : 4.45444, vocab_cro_loss : 2.12411, 
train loss: 2.0159, train acc: 0.6248
epoch  11 summary: dyn_dyn_cos_loss: 5.20961, dyn_sta_cos_loss: 0.93683, total_cos_loss : 4.35505, vocab_cro_loss : 2.01591, 
epoch  12 summary: dyn_dyn_cos_loss: 5.10723, dyn_sta_cos_loss: 0.85240, total_cos_loss : 4.25627, vocab_cro_loss : 1.93172, 
epoch  13 summary: dyn_dyn_cos_loss: 4.99925, dyn_sta_cos_loss: 0.78391, total_cos_loss : 4.15619, vocab_cro_loss : 1.86518, 
epoch  14 summary: dyn_dyn_cos_loss: 4.88507, dyn_sta_cos_loss: 0.73025, total_cos_loss : 4.05411, vocab_cro_loss : 1.81069, 
epoch  15 summary: dyn_dyn_cos_loss: 4.76811, dyn_sta_cos_loss: 0.68585, total_cos_loss : 3.95166, vocab_cro_loss : 1.76607, 
epoch  16 summary: dyn_dyn_cos_loss: 4.64585, dyn_sta_cos_loss: 0.64823, total_cos_loss : 3.84633, vocab_cro_loss : 1.72582, 
epoch  17 summary: dyn_dyn_cos_loss: 4.51870, dyn_sta_cos_loss: 0.61959, total_cos_loss : 3.73888, vocab_cro_loss : 1.69743, 
epoch  18 summary: dyn_dyn_cos_loss: 4.38848, dyn_sta_cos_loss: 0.59226, total_cos_loss : 3.62924, vocab_cro_loss : 1.66750, 
epoch  19 summary: dyn_dyn_cos_loss: 4.25446, dyn_sta_cos_loss: 0.56848, total_cos_loss : 3.51727, vocab_cro_loss : 1.64407, 
epoch  20 summary: dyn_dyn_cos_loss: 4.37195, dyn_sta_cos_loss: 0.55120, total_cos_loss : 3.60780, vocab_cro_loss : 1.62601, 
train loss: 1.6068, train acc: 0.6222
epoch  21 summary: dyn_dyn_cos_loss: 4.21538, dyn_sta_cos_loss: 0.53410, total_cos_loss : 3.47912, vocab_cro_loss : 1.60683, 
epoch  22 summary: dyn_dyn_cos_loss: 4.06232, dyn_sta_cos_loss: 0.52172, total_cos_loss : 3.35420, vocab_cro_loss : 1.59272, 
epoch  23 summary: dyn_dyn_cos_loss: 3.90758, dyn_sta_cos_loss: 0.50625, total_cos_loss : 3.22731, vocab_cro_loss : 1.57691, 
epoch  24 summary: dyn_dyn_cos_loss: 3.75298, dyn_sta_cos_loss: 0.49620, total_cos_loss : 3.10162, vocab_cro_loss : 1.56620, 
epoch  25 summary: dyn_dyn_cos_loss: 3.60090, dyn_sta_cos_loss: 0.48578, total_cos_loss : 2.97787, vocab_cro_loss : 1.55424, 
epoch  26 summary: dyn_dyn_cos_loss: 3.45143, dyn_sta_cos_loss: 0.47849, total_cos_loss : 2.85684, vocab_cro_loss : 1.54695, 
epoch  27 summary: dyn_dyn_cos_loss: 3.30565, dyn_sta_cos_loss: 0.47157, total_cos_loss : 2.73884, vocab_cro_loss : 1.54026, 
epoch  28 summary: dyn_dyn_cos_loss: 3.16399, dyn_sta_cos_loss: 0.46394, total_cos_loss : 2.62398, vocab_cro_loss : 1.53281, 
epoch  29 summary: dyn_dyn_cos_loss: 3.02588, dyn_sta_cos_loss: 0.45502, total_cos_loss : 2.51171, vocab_cro_loss : 1.52320, 
epoch  30 summary: dyn_dyn_cos_loss: 2.88916, dyn_sta_cos_loss: 0.44828, total_cos_loss : 2.40099, vocab_cro_loss : 1.51565, 
train loss: 1.5086, train acc: 0.6155
epoch  31 summary: dyn_dyn_cos_loss: 2.75855, dyn_sta_cos_loss: 0.44289, total_cos_loss : 2.29542, vocab_cro_loss : 1.50858, 
epoch  32 summary: dyn_dyn_cos_loss: 2.63131, dyn_sta_cos_loss: 0.43649, total_cos_loss : 2.19235, vocab_cro_loss : 1.49973, 
epoch  33 summary: dyn_dyn_cos_loss: 2.50713, dyn_sta_cos_loss: 0.42868, total_cos_loss : 2.09144, vocab_cro_loss : 1.49191, 
epoch  34 summary: dyn_dyn_cos_loss: 2.38566, dyn_sta_cos_loss: 0.42005, total_cos_loss : 1.99254, vocab_cro_loss : 1.48356, 
epoch  35 summary: dyn_dyn_cos_loss: 2.26882, dyn_sta_cos_loss: 0.41278, total_cos_loss : 1.89761, vocab_cro_loss : 1.47596, 
epoch  36 summary: dyn_dyn_cos_loss: 2.15691, dyn_sta_cos_loss: 0.40542, total_cos_loss : 1.80662, vocab_cro_loss : 1.46778, 
epoch  37 summary: dyn_dyn_cos_loss: 2.04925, dyn_sta_cos_loss: 0.39865, total_cos_loss : 1.71913, vocab_cro_loss : 1.45884, 
epoch  38 summary: dyn_dyn_cos_loss: 1.94873, dyn_sta_cos_loss: 0.39219, total_cos_loss : 1.63742, vocab_cro_loss : 1.45217, 
epoch  39 summary: dyn_dyn_cos_loss: 1.85116, dyn_sta_cos_loss: 0.38619, total_cos_loss : 1.55817, vocab_cro_loss : 1.44587, 
epoch  40 summary: dyn_dyn_cos_loss: 1.82520, dyn_sta_cos_loss: 0.37953, total_cos_loss : 1.53607, vocab_cro_loss : 1.43953, 
train loss: 1.4341, train acc: 0.6197
epoch  41 summary: dyn_dyn_cos_loss: 1.72927, dyn_sta_cos_loss: 0.37528, total_cos_loss : 1.45847, vocab_cro_loss : 1.43408, 
epoch  42 summary: dyn_dyn_cos_loss: 1.63885, dyn_sta_cos_loss: 0.36867, total_cos_loss : 1.38481, vocab_cro_loss : 1.42783, 
epoch  43 summary: dyn_dyn_cos_loss: 1.55254, dyn_sta_cos_loss: 0.36273, total_cos_loss : 1.31458, vocab_cro_loss : 1.42219, 
epoch  44 summary: dyn_dyn_cos_loss: 1.47237, dyn_sta_cos_loss: 0.35693, total_cos_loss : 1.24928, vocab_cro_loss : 1.41678, 
epoch  45 summary: dyn_dyn_cos_loss: 1.39484, dyn_sta_cos_loss: 0.35048, total_cos_loss : 1.18597, vocab_cro_loss : 1.40890, 
epoch  46 summary: dyn_dyn_cos_loss: 1.32229, dyn_sta_cos_loss: 0.34444, total_cos_loss : 1.12672, vocab_cro_loss : 1.40188, 
epoch  47 summary: dyn_dyn_cos_loss: 1.25383, dyn_sta_cos_loss: 0.33824, total_cos_loss : 1.07071, vocab_cro_loss : 1.39609, 
epoch  48 summary: dyn_dyn_cos_loss: 1.19046, dyn_sta_cos_loss: 0.33084, total_cos_loss : 1.01854, vocab_cro_loss : 1.38879, 
epoch  49 summary: dyn_dyn_cos_loss: 1.13058, dyn_sta_cos_loss: 0.32447, total_cos_loss : 0.96936, vocab_cro_loss : 1.38114, 
epoch  50 summary: dyn_dyn_cos_loss: 1.07360, dyn_sta_cos_loss: 0.31834, total_cos_loss : 0.92255, vocab_cro_loss : 1.37532, 
train loss: 1.3685, train acc: 0.6262
epoch  51 summary: dyn_dyn_cos_loss: 1.02034, dyn_sta_cos_loss: 0.31214, total_cos_loss : 0.87870, vocab_cro_loss : 1.36851, 
epoch  52 summary: dyn_dyn_cos_loss: 0.96935, dyn_sta_cos_loss: 0.30626, total_cos_loss : 0.83673, vocab_cro_loss : 1.36271, 
epoch  53 summary: dyn_dyn_cos_loss: 0.92137, dyn_sta_cos_loss: 0.30076, total_cos_loss : 0.79725, vocab_cro_loss : 1.35643, 
epoch  54 summary: dyn_dyn_cos_loss: 0.87632, dyn_sta_cos_loss: 0.29475, total_cos_loss : 0.76001, vocab_cro_loss : 1.35032, 
epoch  55 summary: dyn_dyn_cos_loss: 0.83496, dyn_sta_cos_loss: 0.28898, total_cos_loss : 0.72576, vocab_cro_loss : 1.34370, 
epoch  56 summary: dyn_dyn_cos_loss: 0.79740, dyn_sta_cos_loss: 0.28359, total_cos_loss : 0.69464, vocab_cro_loss : 1.33839, 
epoch  57 summary: dyn_dyn_cos_loss: 0.76123, dyn_sta_cos_loss: 0.27752, total_cos_loss : 0.66449, vocab_cro_loss : 1.33209, 
epoch  58 summary: dyn_dyn_cos_loss: 0.72736, dyn_sta_cos_loss: 0.27194, total_cos_loss : 0.63628, vocab_cro_loss : 1.32673, 
epoch  59 summary: dyn_dyn_cos_loss: 0.69564, dyn_sta_cos_loss: 0.26626, total_cos_loss : 0.60976, vocab_cro_loss : 1.32289, 
epoch  60 summary: dyn_dyn_cos_loss: 0.71495, dyn_sta_cos_loss: 0.26123, total_cos_loss : 0.62421, vocab_cro_loss : 1.31822, 
train loss: 1.3131, train acc: 0.6351
epoch  61 summary: dyn_dyn_cos_loss: 0.68266, dyn_sta_cos_loss: 0.25612, total_cos_loss : 0.59735, vocab_cro_loss : 1.31308, 
epoch  62 summary: dyn_dyn_cos_loss: 0.65331, dyn_sta_cos_loss: 0.25132, total_cos_loss : 0.57292, vocab_cro_loss : 1.30675, 
epoch  63 summary: dyn_dyn_cos_loss: 0.62598, dyn_sta_cos_loss: 0.24616, total_cos_loss : 0.55001, vocab_cro_loss : 1.30111, 
epoch  64 summary: dyn_dyn_cos_loss: 0.60109, dyn_sta_cos_loss: 0.24145, total_cos_loss : 0.52916, vocab_cro_loss : 1.29683, 
epoch  65 summary: dyn_dyn_cos_loss: 0.57718, dyn_sta_cos_loss: 0.23670, total_cos_loss : 0.50908, vocab_cro_loss : 1.29275, 
epoch  66 summary: dyn_dyn_cos_loss: 0.55573, dyn_sta_cos_loss: 0.23211, total_cos_loss : 0.49100, vocab_cro_loss : 1.28778, 
epoch  67 summary: dyn_dyn_cos_loss: 0.53622, dyn_sta_cos_loss: 0.22739, total_cos_loss : 0.47445, vocab_cro_loss : 1.28309, 
epoch  68 summary: dyn_dyn_cos_loss: 0.51794, dyn_sta_cos_loss: 0.22331, total_cos_loss : 0.45902, vocab_cro_loss : 1.27873, 
epoch  69 summary: dyn_dyn_cos_loss: 0.50119, dyn_sta_cos_loss: 0.21905, total_cos_loss : 0.44476, vocab_cro_loss : 1.27427, 
epoch  70 summary: dyn_dyn_cos_loss: 0.48577, dyn_sta_cos_loss: 0.21529, total_cos_loss : 0.43168, vocab_cro_loss : 1.26972, 
train loss: 1.2660, train acc: 0.6415
epoch  71 summary: dyn_dyn_cos_loss: 0.47070, dyn_sta_cos_loss: 0.21143, total_cos_loss : 0.41884, vocab_cro_loss : 1.26597, 
epoch  72 summary: dyn_dyn_cos_loss: 0.45693, dyn_sta_cos_loss: 0.20753, total_cos_loss : 0.40705, vocab_cro_loss : 1.26193, 
epoch  73 summary: dyn_dyn_cos_loss: 0.44420, dyn_sta_cos_loss: 0.20359, total_cos_loss : 0.39607, vocab_cro_loss : 1.25813, 
epoch  74 summary: dyn_dyn_cos_loss: 0.43226, dyn_sta_cos_loss: 0.20015, total_cos_loss : 0.38584, vocab_cro_loss : 1.25415, 
epoch  75 summary: dyn_dyn_cos_loss: 0.42136, dyn_sta_cos_loss: 0.19684, total_cos_loss : 0.37645, vocab_cro_loss : 1.25118, 
epoch  76 summary: dyn_dyn_cos_loss: 0.41125, dyn_sta_cos_loss: 0.19348, total_cos_loss : 0.36769, vocab_cro_loss : 1.24726, 
epoch  77 summary: dyn_dyn_cos_loss: 0.40165, dyn_sta_cos_loss: 0.19052, total_cos_loss : 0.35943, vocab_cro_loss : 1.24463, 
epoch  78 summary: dyn_dyn_cos_loss: 0.39277, dyn_sta_cos_loss: 0.18755, total_cos_loss : 0.35172, vocab_cro_loss : 1.24163, 
epoch  79 summary: dyn_dyn_cos_loss: 0.38434, dyn_sta_cos_loss: 0.18498, total_cos_loss : 0.34447, vocab_cro_loss : 1.23888, 
epoch  80 summary: dyn_dyn_cos_loss: 0.42345, dyn_sta_cos_loss: 0.18225, total_cos_loss : 0.37521, vocab_cro_loss : 1.23576, 
train loss: 1.2330, train acc: 0.6466
epoch  81 summary: dyn_dyn_cos_loss: 0.41230, dyn_sta_cos_loss: 0.18005, total_cos_loss : 0.36585, vocab_cro_loss : 1.23295, 
epoch  82 summary: dyn_dyn_cos_loss: 0.40202, dyn_sta_cos_loss: 0.17786, total_cos_loss : 0.35719, vocab_cro_loss : 1.23204, 
epoch  83 summary: dyn_dyn_cos_loss: 0.39258, dyn_sta_cos_loss: 0.17678, total_cos_loss : 0.34942, vocab_cro_loss : 1.22967, 
epoch  84 summary: dyn_dyn_cos_loss: 0.38374, dyn_sta_cos_loss: 0.17459, total_cos_loss : 0.34191, vocab_cro_loss : 1.22852, 
epoch  85 summary: dyn_dyn_cos_loss: 0.37550, dyn_sta_cos_loss: 0.17272, total_cos_loss : 0.33494, vocab_cro_loss : 1.22699, 
epoch  86 summary: dyn_dyn_cos_loss: 0.36792, dyn_sta_cos_loss: 0.17057, total_cos_loss : 0.32845, vocab_cro_loss : 1.22455, 
epoch  87 summary: dyn_dyn_cos_loss: 0.36088, dyn_sta_cos_loss: 0.16829, total_cos_loss : 0.32236, vocab_cro_loss : 1.22261, 
epoch  88 summary: dyn_dyn_cos_loss: 0.35413, dyn_sta_cos_loss: 0.16615, total_cos_loss : 0.31654, vocab_cro_loss : 1.22059, 
epoch  89 summary: dyn_dyn_cos_loss: 0.34782, dyn_sta_cos_loss: 0.16400, total_cos_loss : 0.31106, vocab_cro_loss : 1.21821, 
epoch  90 summary: dyn_dyn_cos_loss: 0.34185, dyn_sta_cos_loss: 0.16208, total_cos_loss : 0.30590, vocab_cro_loss : 1.21624, 
train loss: 1.2146, train acc: 0.6479
epoch  91 summary: dyn_dyn_cos_loss: 0.33614, dyn_sta_cos_loss: 0.16013, total_cos_loss : 0.30093, vocab_cro_loss : 1.21462, 
epoch  92 summary: dyn_dyn_cos_loss: 0.33063, dyn_sta_cos_loss: 0.15806, total_cos_loss : 0.29612, vocab_cro_loss : 1.21257, 
epoch  93 summary: dyn_dyn_cos_loss: 0.32537, dyn_sta_cos_loss: 0.15643, total_cos_loss : 0.29158, vocab_cro_loss : 1.21077, 
epoch  94 summary: dyn_dyn_cos_loss: 0.32044, dyn_sta_cos_loss: 0.15486, total_cos_loss : 0.28733, vocab_cro_loss : 1.20904, 
epoch  95 summary: dyn_dyn_cos_loss: 0.31573, dyn_sta_cos_loss: 0.15323, total_cos_loss : 0.28323, vocab_cro_loss : 1.20766, 
epoch  96 summary: dyn_dyn_cos_loss: 0.31133, dyn_sta_cos_loss: 0.15130, total_cos_loss : 0.27933, vocab_cro_loss : 1.20596, 
epoch  97 summary: dyn_dyn_cos_loss: 0.30715, dyn_sta_cos_loss: 0.14979, total_cos_loss : 0.27568, vocab_cro_loss : 1.20474, 
epoch  98 summary: dyn_dyn_cos_loss: 0.30313, dyn_sta_cos_loss: 0.14844, total_cos_loss : 0.27219, vocab_cro_loss : 1.20330, 
epoch  99 summary: dyn_dyn_cos_loss: 0.29919, dyn_sta_cos_loss: 0.14719, total_cos_loss : 0.26879, vocab_cro_loss : 1.20180, 
epoch 100 summary: dyn_dyn_cos_loss: 0.33524, dyn_sta_cos_loss: 0.14631, total_cos_loss : 0.29745, vocab_cro_loss : 1.20043, 
train loss: 1.1993, train acc: 0.6496
epoch 101 summary: dyn_dyn_cos_loss: 0.32831, dyn_sta_cos_loss: 0.14531, total_cos_loss : 0.29171, vocab_cro_loss : 1.19929, 
epoch 102 summary: dyn_dyn_cos_loss: 0.32207, dyn_sta_cos_loss: 0.14420, total_cos_loss : 0.28649, vocab_cro_loss : 1.19855, 
epoch 103 summary: dyn_dyn_cos_loss: 0.31638, dyn_sta_cos_loss: 0.14338, total_cos_loss : 0.28178, vocab_cro_loss : 1.19701, 
epoch 104 summary: dyn_dyn_cos_loss: 0.31105, dyn_sta_cos_loss: 0.14253, total_cos_loss : 0.27735, vocab_cro_loss : 1.19633, 
epoch 105 summary: dyn_dyn_cos_loss: 0.30606, dyn_sta_cos_loss: 0.14161, total_cos_loss : 0.27317, vocab_cro_loss : 1.19511, 
epoch 106 summary: dyn_dyn_cos_loss: 0.30127, dyn_sta_cos_loss: 0.14070, total_cos_loss : 0.26915, vocab_cro_loss : 1.19413, 
epoch 107 summary: dyn_dyn_cos_loss: 0.29664, dyn_sta_cos_loss: 0.13955, total_cos_loss : 0.26522, vocab_cro_loss : 1.19280, 
epoch 108 summary: dyn_dyn_cos_loss: 0.29250, dyn_sta_cos_loss: 0.13848, total_cos_loss : 0.26170, vocab_cro_loss : 1.19219, 
epoch 109 summary: dyn_dyn_cos_loss: 0.28849, dyn_sta_cos_loss: 0.13725, total_cos_loss : 0.25824, vocab_cro_loss : 1.19182, 
epoch 110 summary: dyn_dyn_cos_loss: 0.28467, dyn_sta_cos_loss: 0.13669, total_cos_loss : 0.25507, vocab_cro_loss : 1.19075, 
train loss: 1.1899, train acc: 0.6508
epoch 111 summary: dyn_dyn_cos_loss: 0.28103, dyn_sta_cos_loss: 0.13564, total_cos_loss : 0.25195, vocab_cro_loss : 1.18990, 
epoch 112 summary: dyn_dyn_cos_loss: 0.27762, dyn_sta_cos_loss: 0.13449, total_cos_loss : 0.24900, vocab_cro_loss : 1.18909, 
epoch 113 summary: dyn_dyn_cos_loss: 0.27451, dyn_sta_cos_loss: 0.13343, total_cos_loss : 0.24629, vocab_cro_loss : 1.18831, 
epoch 114 summary: dyn_dyn_cos_loss: 0.27133, dyn_sta_cos_loss: 0.13278, total_cos_loss : 0.24362, vocab_cro_loss : 1.18807, 
epoch 115 summary: dyn_dyn_cos_loss: 0.26827, dyn_sta_cos_loss: 0.13191, total_cos_loss : 0.24100, vocab_cro_loss : 1.18772, 
epoch 116 summary: dyn_dyn_cos_loss: 0.26527, dyn_sta_cos_loss: 0.13078, total_cos_loss : 0.23837, vocab_cro_loss : 1.18640, 
epoch 117 summary: dyn_dyn_cos_loss: 0.26237, dyn_sta_cos_loss: 0.13003, total_cos_loss : 0.23590, vocab_cro_loss : 1.18501, 
epoch 118 summary: dyn_dyn_cos_loss: 0.25973, dyn_sta_cos_loss: 0.12913, total_cos_loss : 0.23361, vocab_cro_loss : 1.18306, 
epoch 119 summary: dyn_dyn_cos_loss: 0.25716, dyn_sta_cos_loss: 0.12804, total_cos_loss : 0.23133, vocab_cro_loss : 1.18217, 
epoch 120 summary: dyn_dyn_cos_loss: 0.29130, dyn_sta_cos_loss: 0.12717, total_cos_loss : 0.25847, vocab_cro_loss : 1.18136, 
train loss: 1.1811, train acc: 0.6526
epoch 121 summary: dyn_dyn_cos_loss: 0.28610, dyn_sta_cos_loss: 0.12680, total_cos_loss : 0.25424, vocab_cro_loss : 1.18113, 
epoch 122 summary: dyn_dyn_cos_loss: 0.28136, dyn_sta_cos_loss: 0.12666, total_cos_loss : 0.25042, vocab_cro_loss : 1.18068, 
epoch 123 summary: dyn_dyn_cos_loss: 0.27706, dyn_sta_cos_loss: 0.12615, total_cos_loss : 0.24688, vocab_cro_loss : 1.17960, 
epoch 124 summary: dyn_dyn_cos_loss: 0.27296, dyn_sta_cos_loss: 0.12564, total_cos_loss : 0.24350, vocab_cro_loss : 1.17944, 
epoch 125 summary: dyn_dyn_cos_loss: 0.26913, dyn_sta_cos_loss: 0.12517, total_cos_loss : 0.24034, vocab_cro_loss : 1.17931, 
epoch 126 summary: dyn_dyn_cos_loss: 0.26551, dyn_sta_cos_loss: 0.12444, total_cos_loss : 0.23729, vocab_cro_loss : 1.17918, 
epoch 127 summary: dyn_dyn_cos_loss: 0.26215, dyn_sta_cos_loss: 0.12417, total_cos_loss : 0.23455, vocab_cro_loss : 1.17885, 
epoch 128 summary: dyn_dyn_cos_loss: 0.25893, dyn_sta_cos_loss: 0.12361, total_cos_loss : 0.23187, vocab_cro_loss : 1.17863, 
epoch 129 summary: dyn_dyn_cos_loss: 0.25594, dyn_sta_cos_loss: 0.12311, total_cos_loss : 0.22938, vocab_cro_loss : 1.17844, 
epoch 130 summary: dyn_dyn_cos_loss: 0.25310, dyn_sta_cos_loss: 0.12239, total_cos_loss : 0.22696, vocab_cro_loss : 1.17802, 
train loss: 1.1774, train acc: 0.6522
epoch 131 summary: dyn_dyn_cos_loss: 0.25040, dyn_sta_cos_loss: 0.12161, total_cos_loss : 0.22464, vocab_cro_loss : 1.17742, 
epoch 132 summary: dyn_dyn_cos_loss: 0.24784, dyn_sta_cos_loss: 0.12092, total_cos_loss : 0.22245, vocab_cro_loss : 1.17647, 
epoch 133 summary: dyn_dyn_cos_loss: 0.24528, dyn_sta_cos_loss: 0.12060, total_cos_loss : 0.22034, vocab_cro_loss : 1.17593, 
epoch 134 summary: dyn_dyn_cos_loss: 0.24290, dyn_sta_cos_loss: 0.11986, total_cos_loss : 0.21829, vocab_cro_loss : 1.17541, 
epoch 135 summary: dyn_dyn_cos_loss: 0.24056, dyn_sta_cos_loss: 0.11918, total_cos_loss : 0.21628, vocab_cro_loss : 1.17449, 
epoch 136 summary: dyn_dyn_cos_loss: 0.23837, dyn_sta_cos_loss: 0.11910, total_cos_loss : 0.21452, vocab_cro_loss : 1.17441, 
epoch 137 summary: dyn_dyn_cos_loss: 0.23626, dyn_sta_cos_loss: 0.11870, total_cos_loss : 0.21275, vocab_cro_loss : 1.17371, 
epoch 138 summary: dyn_dyn_cos_loss: 0.23426, dyn_sta_cos_loss: 0.11798, total_cos_loss : 0.21100, vocab_cro_loss : 1.17307, 
epoch 139 summary: dyn_dyn_cos_loss: 0.23231, dyn_sta_cos_loss: 0.11733, total_cos_loss : 0.20932, vocab_cro_loss : 1.17203, 
epoch 140 summary: dyn_dyn_cos_loss: 0.26406, dyn_sta_cos_loss: 0.11674, total_cos_loss : 0.23460, vocab_cro_loss : 1.17156, 
train loss: 1.1723, train acc: 0.6517
epoch 141 summary: dyn_dyn_cos_loss: 0.25984, dyn_sta_cos_loss: 0.11652, total_cos_loss : 0.23117, vocab_cro_loss : 1.17227, 
epoch 142 summary: dyn_dyn_cos_loss: 0.25597, dyn_sta_cos_loss: 0.11651, total_cos_loss : 0.22808, vocab_cro_loss : 1.17194, 
epoch 143 summary: dyn_dyn_cos_loss: 0.25227, dyn_sta_cos_loss: 0.11626, total_cos_loss : 0.22507, vocab_cro_loss : 1.17216, 
epoch 144 summary: dyn_dyn_cos_loss: 0.24898, dyn_sta_cos_loss: 0.11579, total_cos_loss : 0.22234, vocab_cro_loss : 1.17172, 
epoch 145 summary: dyn_dyn_cos_loss: 0.24590, dyn_sta_cos_loss: 0.11558, total_cos_loss : 0.21984, vocab_cro_loss : 1.17127, 
epoch 146 summary: dyn_dyn_cos_loss: 0.24300, dyn_sta_cos_loss: 0.11495, total_cos_loss : 0.21739, vocab_cro_loss : 1.17073, 
epoch 147 summary: dyn_dyn_cos_loss: 0.24024, dyn_sta_cos_loss: 0.11448, total_cos_loss : 0.21509, vocab_cro_loss : 1.17046, 
epoch 148 summary: dyn_dyn_cos_loss: 0.23762, dyn_sta_cos_loss: 0.11427, total_cos_loss : 0.21295, vocab_cro_loss : 1.17004, 
epoch 149 summary: dyn_dyn_cos_loss: 0.23516, dyn_sta_cos_loss: 0.11387, total_cos_loss : 0.21090, vocab_cro_loss : 1.16915, 
epoch 150 summary: dyn_dyn_cos_loss: 0.23285, dyn_sta_cos_loss: 0.11355, total_cos_loss : 0.20899, vocab_cro_loss : 1.16849, 
train loss: 1.1680, train acc: 0.6532
epoch 151 summary: dyn_dyn_cos_loss: 0.23069, dyn_sta_cos_loss: 0.11308, total_cos_loss : 0.20717, vocab_cro_loss : 1.16797, 
epoch 152 summary: dyn_dyn_cos_loss: 0.22852, dyn_sta_cos_loss: 0.11257, total_cos_loss : 0.20533, vocab_cro_loss : 1.16793, 
epoch 153 summary: dyn_dyn_cos_loss: 0.22661, dyn_sta_cos_loss: 0.11208, total_cos_loss : 0.20370, vocab_cro_loss : 1.16700, 
epoch 154 summary: dyn_dyn_cos_loss: 0.22471, dyn_sta_cos_loss: 0.11194, total_cos_loss : 0.20215, vocab_cro_loss : 1.16618, 
epoch 155 summary: dyn_dyn_cos_loss: 0.22290, dyn_sta_cos_loss: 0.11149, total_cos_loss : 0.20062, vocab_cro_loss : 1.16541, 
epoch 156 summary: dyn_dyn_cos_loss: 0.22109, dyn_sta_cos_loss: 0.11085, total_cos_loss : 0.19904, vocab_cro_loss : 1.16554, 
epoch 157 summary: dyn_dyn_cos_loss: 0.21937, dyn_sta_cos_loss: 0.11048, total_cos_loss : 0.19759, vocab_cro_loss : 1.16497, 
epoch 158 summary: dyn_dyn_cos_loss: 0.21771, dyn_sta_cos_loss: 0.11026, total_cos_loss : 0.19622, vocab_cro_loss : 1.16428, 
epoch 159 summary: dyn_dyn_cos_loss: 0.21616, dyn_sta_cos_loss: 0.10995, total_cos_loss : 0.19492, vocab_cro_loss : 1.16450, 
epoch 160 summary: dyn_dyn_cos_loss: 0.24458, dyn_sta_cos_loss: 0.10951, total_cos_loss : 0.21757, vocab_cro_loss : 1.16428, 
train loss: 1.1645, train acc: 0.6522
epoch 161 summary: dyn_dyn_cos_loss: 0.24091, dyn_sta_cos_loss: 0.10948, total_cos_loss : 0.21463, vocab_cro_loss : 1.16445, 
epoch 162 summary: dyn_dyn_cos_loss: 0.23753, dyn_sta_cos_loss: 0.10971, total_cos_loss : 0.21197, vocab_cro_loss : 1.16460, 
epoch 163 summary: dyn_dyn_cos_loss: 0.23449, dyn_sta_cos_loss: 0.10957, total_cos_loss : 0.20951, vocab_cro_loss : 1.16474, 
epoch 164 summary: dyn_dyn_cos_loss: 0.23170, dyn_sta_cos_loss: 0.10931, total_cos_loss : 0.20722, vocab_cro_loss : 1.16410, 
epoch 165 summary: dyn_dyn_cos_loss: 0.22904, dyn_sta_cos_loss: 0.10936, total_cos_loss : 0.20510, vocab_cro_loss : 1.16473, 
epoch 166 summary: dyn_dyn_cos_loss: 0.22651, dyn_sta_cos_loss: 0.10912, total_cos_loss : 0.20303, vocab_cro_loss : 1.16463, 
epoch 167 summary: dyn_dyn_cos_loss: 0.22419, dyn_sta_cos_loss: 0.10893, total_cos_loss : 0.20114, vocab_cro_loss : 1.16465, 
epoch 168 summary: dyn_dyn_cos_loss: 0.22201, dyn_sta_cos_loss: 0.10859, total_cos_loss : 0.19932, vocab_cro_loss : 1.16412, 
epoch 169 summary: dyn_dyn_cos_loss: 0.21994, dyn_sta_cos_loss: 0.10828, total_cos_loss : 0.19761, vocab_cro_loss : 1.16358, 
epoch 170 summary: dyn_dyn_cos_loss: 0.21801, dyn_sta_cos_loss: 0.10781, total_cos_loss : 0.19597, vocab_cro_loss : 1.16359, 
train loss: 1.1632, train acc: 0.6513
epoch 171 summary: dyn_dyn_cos_loss: 0.21605, dyn_sta_cos_loss: 0.10756, total_cos_loss : 0.19436, vocab_cro_loss : 1.16322, 
epoch 172 summary: dyn_dyn_cos_loss: 0.21423, dyn_sta_cos_loss: 0.10734, total_cos_loss : 0.19285, vocab_cro_loss : 1.16311, 
epoch 173 summary: dyn_dyn_cos_loss: 0.21253, dyn_sta_cos_loss: 0.10703, total_cos_loss : 0.19143, vocab_cro_loss : 1.16247, 
epoch 174 summary: dyn_dyn_cos_loss: 0.21094, dyn_sta_cos_loss: 0.10671, total_cos_loss : 0.19009, vocab_cro_loss : 1.16179, 
epoch 175 summary: dyn_dyn_cos_loss: 0.20933, dyn_sta_cos_loss: 0.10642, total_cos_loss : 0.18875, vocab_cro_loss : 1.16123, 
epoch 176 summary: dyn_dyn_cos_loss: 0.20777, dyn_sta_cos_loss: 0.10630, total_cos_loss : 0.18747, vocab_cro_loss : 1.16114, 
epoch 177 summary: dyn_dyn_cos_loss: 0.20632, dyn_sta_cos_loss: 0.10600, total_cos_loss : 0.18626, vocab_cro_loss : 1.16088, 
epoch 178 summary: dyn_dyn_cos_loss: 0.20498, dyn_sta_cos_loss: 0.10557, total_cos_loss : 0.18510, vocab_cro_loss : 1.16124, 
epoch 179 summary: dyn_dyn_cos_loss: 0.20369, dyn_sta_cos_loss: 0.10532, total_cos_loss : 0.18401, vocab_cro_loss : 1.16085, 
epoch 180 summary: dyn_dyn_cos_loss: 0.23149, dyn_sta_cos_loss: 0.10510, total_cos_loss : 0.20622, vocab_cro_loss : 1.16047, 
train loss: 1.1611, train acc: 0.6527
epoch 181 summary: dyn_dyn_cos_loss: 0.22820, dyn_sta_cos_loss: 0.10507, total_cos_loss : 0.20357, vocab_cro_loss : 1.16106, 
epoch 182 summary: dyn_dyn_cos_loss: 0.22537, dyn_sta_cos_loss: 0.10508, total_cos_loss : 0.20131, vocab_cro_loss : 1.16104, 
epoch 183 summary: dyn_dyn_cos_loss: 0.22267, dyn_sta_cos_loss: 0.10503, total_cos_loss : 0.19914, vocab_cro_loss : 1.16159, 
epoch 184 summary: dyn_dyn_cos_loss: 0.22016, dyn_sta_cos_loss: 0.10500, total_cos_loss : 0.19713, vocab_cro_loss : 1.16206, 
epoch 185 summary: dyn_dyn_cos_loss: 0.21783, dyn_sta_cos_loss: 0.10518, total_cos_loss : 0.19530, vocab_cro_loss : 1.16141, 
epoch 186 summary: dyn_dyn_cos_loss: 0.21560, dyn_sta_cos_loss: 0.10513, total_cos_loss : 0.19350, vocab_cro_loss : 1.16121, 
epoch 187 summary: dyn_dyn_cos_loss: 0.21351, dyn_sta_cos_loss: 0.10487, total_cos_loss : 0.19178, vocab_cro_loss : 1.16108, 
epoch 188 summary: dyn_dyn_cos_loss: 0.21162, dyn_sta_cos_loss: 0.10472, total_cos_loss : 0.19024, vocab_cro_loss : 1.16078, 
epoch 189 summary: dyn_dyn_cos_loss: 0.20978, dyn_sta_cos_loss: 0.10445, total_cos_loss : 0.18871, vocab_cro_loss : 1.15985, 
epoch 190 summary: dyn_dyn_cos_loss: 0.20806, dyn_sta_cos_loss: 0.10416, total_cos_loss : 0.18728, vocab_cro_loss : 1.15971, 
train loss: 1.1596, train acc: 0.6525
epoch 191 summary: dyn_dyn_cos_loss: 0.20638, dyn_sta_cos_loss: 0.10392, total_cos_loss : 0.18589, vocab_cro_loss : 1.15956, 
epoch 192 summary: dyn_dyn_cos_loss: 0.20482, dyn_sta_cos_loss: 0.10372, total_cos_loss : 0.18460, vocab_cro_loss : 1.15914, 
epoch 193 summary: dyn_dyn_cos_loss: 0.20330, dyn_sta_cos_loss: 0.10351, total_cos_loss : 0.18334, vocab_cro_loss : 1.15864, 
epoch 194 summary: dyn_dyn_cos_loss: 0.20187, dyn_sta_cos_loss: 0.10334, total_cos_loss : 0.18217, vocab_cro_loss : 1.15843, 
epoch 195 summary: dyn_dyn_cos_loss: 0.20051, dyn_sta_cos_loss: 0.10303, total_cos_loss : 0.18102, vocab_cro_loss : 1.15832, 
epoch 196 summary: dyn_dyn_cos_loss: 0.19922, dyn_sta_cos_loss: 0.10300, total_cos_loss : 0.17998, vocab_cro_loss : 1.15789, 
epoch 197 summary: dyn_dyn_cos_loss: 0.19800, dyn_sta_cos_loss: 0.10262, total_cos_loss : 0.17893, vocab_cro_loss : 1.15746, 
epoch 198 summary: dyn_dyn_cos_loss: 0.19679, dyn_sta_cos_loss: 0.10229, total_cos_loss : 0.17789, vocab_cro_loss : 1.15753, 
epoch 199 summary: dyn_dyn_cos_loss: 0.19565, dyn_sta_cos_loss: 0.10235, total_cos_loss : 0.17699, vocab_cro_loss : 1.15723, 
train loss: 1.1572, train acc: 0.6523
all                        5199946.583ms
all_epoch                  5189497.681ms
all_preparation              10448.860ms
all_preparation_2            10446.359ms
all_preparation_3                2.445ms
epoch                        25796.996ms
epoch_pos_train                  4.230ms
epoch_preparation               34.306ms
epoch_train                  25407.988ms
epoch_valid                    347.727ms
----------------------------------------
all                        5199946.583ms
  all_epoch             99.80%
  all_preparation        0.20%
all_preparation              10448.860ms
  all_preparation_2     99.98%
  all_preparation_3      0.02%
epoch                      5159399.236ms
  epoch_train           98.49%
  epoch_valid            1.35%
  epoch_preparation      0.13%
  epoch_pos_train        0.02%
epoch   0 summary: dyn_dyn_cos_loss: 5.46922, dyn_sta_cos_loss: 3.18693, total_cos_loss : 5.01276, 
valid loss: 4.0736, valid acc: 0.0586
epoch   1 summary: dyn_dyn_cos_loss: 5.12440, dyn_sta_cos_loss: 2.96357, total_cos_loss : 4.69223, 
epoch   2 summary: dyn_dyn_cos_loss: 4.78633, dyn_sta_cos_loss: 2.76729, total_cos_loss : 4.38253, 
epoch   3 summary: dyn_dyn_cos_loss: 4.48187, dyn_sta_cos_loss: 2.55428, total_cos_loss : 4.09635, 
epoch   4 summary: dyn_dyn_cos_loss: 4.19965, dyn_sta_cos_loss: 2.35113, total_cos_loss : 3.82994, 
epoch   5 summary: dyn_dyn_cos_loss: 3.92403, dyn_sta_cos_loss: 2.15169, total_cos_loss : 3.56956, 
epoch   6 summary: dyn_dyn_cos_loss: 3.66328, dyn_sta_cos_loss: 1.98400, total_cos_loss : 3.32742, 
epoch   7 summary: dyn_dyn_cos_loss: 3.42606, dyn_sta_cos_loss: 1.82271, total_cos_loss : 3.10539, 
epoch   8 summary: dyn_dyn_cos_loss: 3.19334, dyn_sta_cos_loss: 1.68428, total_cos_loss : 2.89153, 
epoch   9 summary: dyn_dyn_cos_loss: 2.98784, dyn_sta_cos_loss: 1.56131, total_cos_loss : 2.70253, 
epoch  10 summary: dyn_dyn_cos_loss: 2.79628, dyn_sta_cos_loss: 1.43999, total_cos_loss : 2.52502, 
valid loss: 2.5238, valid acc: 0.4277
epoch  11 summary: dyn_dyn_cos_loss: 2.61086, dyn_sta_cos_loss: 1.32270, total_cos_loss : 2.35323, 
epoch  12 summary: dyn_dyn_cos_loss: 2.43378, dyn_sta_cos_loss: 1.21682, total_cos_loss : 2.19039, 
epoch  13 summary: dyn_dyn_cos_loss: 2.26756, dyn_sta_cos_loss: 1.12491, total_cos_loss : 2.03903, 
epoch  14 summary: dyn_dyn_cos_loss: 2.11934, dyn_sta_cos_loss: 1.04510, total_cos_loss : 1.90449, 
epoch  15 summary: dyn_dyn_cos_loss: 1.98267, dyn_sta_cos_loss: 0.97040, total_cos_loss : 1.78021, 
epoch  16 summary: dyn_dyn_cos_loss: 1.84910, dyn_sta_cos_loss: 0.91145, total_cos_loss : 1.66157, 
epoch  17 summary: dyn_dyn_cos_loss: 1.73487, dyn_sta_cos_loss: 0.85526, total_cos_loss : 1.55895, 
epoch  18 summary: dyn_dyn_cos_loss: 1.62746, dyn_sta_cos_loss: 0.79715, total_cos_loss : 1.46140, 
epoch  19 summary: dyn_dyn_cos_loss: 1.52378, dyn_sta_cos_loss: 0.75105, total_cos_loss : 1.36924, 
epoch  20 summary: dyn_dyn_cos_loss: 1.45925, dyn_sta_cos_loss: 0.70892, total_cos_loss : 1.30918, 
valid loss: 1.9317, valid acc: 0.5117
epoch  21 summary: dyn_dyn_cos_loss: 1.37249, dyn_sta_cos_loss: 0.66794, total_cos_loss : 1.23158, 
epoch  22 summary: dyn_dyn_cos_loss: 1.28499, dyn_sta_cos_loss: 0.63619, total_cos_loss : 1.15523, 
epoch  23 summary: dyn_dyn_cos_loss: 1.19533, dyn_sta_cos_loss: 0.60756, total_cos_loss : 1.07778, 
epoch  24 summary: dyn_dyn_cos_loss: 1.11983, dyn_sta_cos_loss: 0.58261, total_cos_loss : 1.01239, 
epoch  25 summary: dyn_dyn_cos_loss: 1.05206, dyn_sta_cos_loss: 0.55652, total_cos_loss : 0.95295, 
epoch  26 summary: dyn_dyn_cos_loss: 0.99273, dyn_sta_cos_loss: 0.53069, total_cos_loss : 0.90032, 
epoch  27 summary: dyn_dyn_cos_loss: 0.92790, dyn_sta_cos_loss: 0.50746, total_cos_loss : 0.84381, 
epoch  28 summary: dyn_dyn_cos_loss: 0.86855, dyn_sta_cos_loss: 0.48013, total_cos_loss : 0.79087, 
epoch  29 summary: dyn_dyn_cos_loss: 0.81547, dyn_sta_cos_loss: 0.45738, total_cos_loss : 0.74385, 
epoch  30 summary: dyn_dyn_cos_loss: 0.76945, dyn_sta_cos_loss: 0.43951, total_cos_loss : 0.70346, 
valid loss: 1.7411, valid acc: 0.5449
epoch  31 summary: dyn_dyn_cos_loss: 0.72815, dyn_sta_cos_loss: 0.42456, total_cos_loss : 0.66744, 
epoch  32 summary: dyn_dyn_cos_loss: 0.68778, dyn_sta_cos_loss: 0.40806, total_cos_loss : 0.63184, 
epoch  33 summary: dyn_dyn_cos_loss: 0.64695, dyn_sta_cos_loss: 0.38981, total_cos_loss : 0.59552, 
epoch  34 summary: dyn_dyn_cos_loss: 0.60823, dyn_sta_cos_loss: 0.37419, total_cos_loss : 0.56142, 
epoch  35 summary: dyn_dyn_cos_loss: 0.57745, dyn_sta_cos_loss: 0.35965, total_cos_loss : 0.53389, 
epoch  36 summary: dyn_dyn_cos_loss: 0.54982, dyn_sta_cos_loss: 0.34789, total_cos_loss : 0.50944, 
epoch  37 summary: dyn_dyn_cos_loss: 0.52549, dyn_sta_cos_loss: 0.33420, total_cos_loss : 0.48723, 
epoch  38 summary: dyn_dyn_cos_loss: 0.50038, dyn_sta_cos_loss: 0.32131, total_cos_loss : 0.46457, 
epoch  39 summary: dyn_dyn_cos_loss: 0.47759, dyn_sta_cos_loss: 0.31076, total_cos_loss : 0.44423, 
epoch  40 summary: dyn_dyn_cos_loss: 0.48368, dyn_sta_cos_loss: 0.29986, total_cos_loss : 0.44692, 
valid loss: 1.6241, valid acc: 0.5625
epoch  41 summary: dyn_dyn_cos_loss: 0.46285, dyn_sta_cos_loss: 0.29223, total_cos_loss : 0.42873, 
epoch  42 summary: dyn_dyn_cos_loss: 0.44557, dyn_sta_cos_loss: 0.28484, total_cos_loss : 0.41342, 
epoch  43 summary: dyn_dyn_cos_loss: 0.42948, dyn_sta_cos_loss: 0.27672, total_cos_loss : 0.39893, 
epoch  44 summary: dyn_dyn_cos_loss: 0.41265, dyn_sta_cos_loss: 0.26969, total_cos_loss : 0.38406, 
epoch  45 summary: dyn_dyn_cos_loss: 0.39798, dyn_sta_cos_loss: 0.26206, total_cos_loss : 0.37079, 
epoch  46 summary: dyn_dyn_cos_loss: 0.38405, dyn_sta_cos_loss: 0.25526, total_cos_loss : 0.35830, 
epoch  47 summary: dyn_dyn_cos_loss: 0.36948, dyn_sta_cos_loss: 0.24843, total_cos_loss : 0.34527, 
epoch  48 summary: dyn_dyn_cos_loss: 0.35696, dyn_sta_cos_loss: 0.24126, total_cos_loss : 0.33382, 
epoch  49 summary: dyn_dyn_cos_loss: 0.34534, dyn_sta_cos_loss: 0.23508, total_cos_loss : 0.32329, 
epoch  50 summary: dyn_dyn_cos_loss: 0.33621, dyn_sta_cos_loss: 0.22880, total_cos_loss : 0.31473, 
valid loss: 1.5943, valid acc: 0.5605
epoch  51 summary: dyn_dyn_cos_loss: 0.32507, dyn_sta_cos_loss: 0.22327, total_cos_loss : 0.30471, 
epoch  52 summary: dyn_dyn_cos_loss: 0.31652, dyn_sta_cos_loss: 0.21743, total_cos_loss : 0.29670, 
epoch  53 summary: dyn_dyn_cos_loss: 0.30787, dyn_sta_cos_loss: 0.21134, total_cos_loss : 0.28856, 
epoch  54 summary: dyn_dyn_cos_loss: 0.29899, dyn_sta_cos_loss: 0.20693, total_cos_loss : 0.28058, 
epoch  55 summary: dyn_dyn_cos_loss: 0.29108, dyn_sta_cos_loss: 0.20276, total_cos_loss : 0.27342, 
epoch  56 summary: dyn_dyn_cos_loss: 0.28402, dyn_sta_cos_loss: 0.19757, total_cos_loss : 0.26673, 
epoch  57 summary: dyn_dyn_cos_loss: 0.27798, dyn_sta_cos_loss: 0.19230, total_cos_loss : 0.26084, 
epoch  58 summary: dyn_dyn_cos_loss: 0.27088, dyn_sta_cos_loss: 0.18689, total_cos_loss : 0.25408, 
epoch  59 summary: dyn_dyn_cos_loss: 0.26530, dyn_sta_cos_loss: 0.18267, total_cos_loss : 0.24878, 
epoch  60 summary: dyn_dyn_cos_loss: 0.29707, dyn_sta_cos_loss: 0.17971, total_cos_loss : 0.27359, 
valid loss: 1.5602, valid acc: 0.5703
epoch  61 summary: dyn_dyn_cos_loss: 0.29039, dyn_sta_cos_loss: 0.17640, total_cos_loss : 0.26759, 
epoch  62 summary: dyn_dyn_cos_loss: 0.28354, dyn_sta_cos_loss: 0.17293, total_cos_loss : 0.26142, 
epoch  63 summary: dyn_dyn_cos_loss: 0.27761, dyn_sta_cos_loss: 0.16910, total_cos_loss : 0.25591, 
epoch  64 summary: dyn_dyn_cos_loss: 0.27182, dyn_sta_cos_loss: 0.16634, total_cos_loss : 0.25072, 
epoch  65 summary: dyn_dyn_cos_loss: 0.26691, dyn_sta_cos_loss: 0.16380, total_cos_loss : 0.24629, 
epoch  66 summary: dyn_dyn_cos_loss: 0.26202, dyn_sta_cos_loss: 0.16099, total_cos_loss : 0.24181, 
epoch  67 summary: dyn_dyn_cos_loss: 0.25716, dyn_sta_cos_loss: 0.15874, total_cos_loss : 0.23748, 
epoch  68 summary: dyn_dyn_cos_loss: 0.25306, dyn_sta_cos_loss: 0.15715, total_cos_loss : 0.23388, 
epoch  69 summary: dyn_dyn_cos_loss: 0.24854, dyn_sta_cos_loss: 0.15509, total_cos_loss : 0.22985, 
epoch  70 summary: dyn_dyn_cos_loss: 0.24472, dyn_sta_cos_loss: 0.15315, total_cos_loss : 0.22640, 
valid loss: 1.5513, valid acc: 0.5684
epoch  71 summary: dyn_dyn_cos_loss: 0.24147, dyn_sta_cos_loss: 0.15092, total_cos_loss : 0.22336, 
epoch  72 summary: dyn_dyn_cos_loss: 0.23837, dyn_sta_cos_loss: 0.14882, total_cos_loss : 0.22046, 
epoch  73 summary: dyn_dyn_cos_loss: 0.23508, dyn_sta_cos_loss: 0.14679, total_cos_loss : 0.21742, 
epoch  74 summary: dyn_dyn_cos_loss: 0.23204, dyn_sta_cos_loss: 0.14482, total_cos_loss : 0.21460, 
epoch  75 summary: dyn_dyn_cos_loss: 0.22872, dyn_sta_cos_loss: 0.14257, total_cos_loss : 0.21149, 
epoch  76 summary: dyn_dyn_cos_loss: 0.22593, dyn_sta_cos_loss: 0.14170, total_cos_loss : 0.20909, 
epoch  77 summary: dyn_dyn_cos_loss: 0.22343, dyn_sta_cos_loss: 0.13981, total_cos_loss : 0.20671, 
epoch  78 summary: dyn_dyn_cos_loss: 0.22104, dyn_sta_cos_loss: 0.13817, total_cos_loss : 0.20447, 
epoch  79 summary: dyn_dyn_cos_loss: 0.21917, dyn_sta_cos_loss: 0.13679, total_cos_loss : 0.20269, 
epoch  80 summary: dyn_dyn_cos_loss: 0.24903, dyn_sta_cos_loss: 0.13561, total_cos_loss : 0.22634, 
valid loss: 1.5610, valid acc: 0.5625
epoch  81 summary: dyn_dyn_cos_loss: 0.24472, dyn_sta_cos_loss: 0.13571, total_cos_loss : 0.22292, 
epoch  82 summary: dyn_dyn_cos_loss: 0.24062, dyn_sta_cos_loss: 0.13519, total_cos_loss : 0.21953, 
epoch  83 summary: dyn_dyn_cos_loss: 0.23718, dyn_sta_cos_loss: 0.13489, total_cos_loss : 0.21672, 
epoch  84 summary: dyn_dyn_cos_loss: 0.23382, dyn_sta_cos_loss: 0.13397, total_cos_loss : 0.21385, 
epoch  85 summary: dyn_dyn_cos_loss: 0.23087, dyn_sta_cos_loss: 0.13298, total_cos_loss : 0.21129, 
epoch  86 summary: dyn_dyn_cos_loss: 0.22825, dyn_sta_cos_loss: 0.13175, total_cos_loss : 0.20895, 
epoch  87 summary: dyn_dyn_cos_loss: 0.22540, dyn_sta_cos_loss: 0.13147, total_cos_loss : 0.20662, 
epoch  88 summary: dyn_dyn_cos_loss: 0.22291, dyn_sta_cos_loss: 0.13046, total_cos_loss : 0.20442, 
epoch  89 summary: dyn_dyn_cos_loss: 0.22056, dyn_sta_cos_loss: 0.12956, total_cos_loss : 0.20236, 
epoch  90 summary: dyn_dyn_cos_loss: 0.21793, dyn_sta_cos_loss: 0.12904, total_cos_loss : 0.20015, 
valid loss: 1.5493, valid acc: 0.5703
epoch  91 summary: dyn_dyn_cos_loss: 0.21542, dyn_sta_cos_loss: 0.12792, total_cos_loss : 0.19792, 
epoch  92 summary: dyn_dyn_cos_loss: 0.21317, dyn_sta_cos_loss: 0.12697, total_cos_loss : 0.19593, 
epoch  93 summary: dyn_dyn_cos_loss: 0.21099, dyn_sta_cos_loss: 0.12659, total_cos_loss : 0.19411, 
epoch  94 summary: dyn_dyn_cos_loss: 0.20873, dyn_sta_cos_loss: 0.12633, total_cos_loss : 0.19225, 
epoch  95 summary: dyn_dyn_cos_loss: 0.20692, dyn_sta_cos_loss: 0.12533, total_cos_loss : 0.19060, 
epoch  96 summary: dyn_dyn_cos_loss: 0.20518, dyn_sta_cos_loss: 0.12427, total_cos_loss : 0.18900, 
epoch  97 summary: dyn_dyn_cos_loss: 0.20347, dyn_sta_cos_loss: 0.12327, total_cos_loss : 0.18743, 
epoch  98 summary: dyn_dyn_cos_loss: 0.20181, dyn_sta_cos_loss: 0.12257, total_cos_loss : 0.18596, 
epoch  99 summary: dyn_dyn_cos_loss: 0.20009, dyn_sta_cos_loss: 0.12214, total_cos_loss : 0.18450, 
epoch 100 summary: dyn_dyn_cos_loss: 0.22845, dyn_sta_cos_loss: 0.12130, total_cos_loss : 0.20702, 
valid loss: 1.5662, valid acc: 0.5625
epoch 101 summary: dyn_dyn_cos_loss: 0.22512, dyn_sta_cos_loss: 0.12060, total_cos_loss : 0.20422, 
epoch 102 summary: dyn_dyn_cos_loss: 0.22237, dyn_sta_cos_loss: 0.12045, total_cos_loss : 0.20198, 
epoch 103 summary: dyn_dyn_cos_loss: 0.21993, dyn_sta_cos_loss: 0.11962, total_cos_loss : 0.19987, 
epoch 104 summary: dyn_dyn_cos_loss: 0.21731, dyn_sta_cos_loss: 0.11950, total_cos_loss : 0.19775, 
epoch 105 summary: dyn_dyn_cos_loss: 0.21514, dyn_sta_cos_loss: 0.11927, total_cos_loss : 0.19597, 
epoch 106 summary: dyn_dyn_cos_loss: 0.21313, dyn_sta_cos_loss: 0.11847, total_cos_loss : 0.19420, 
epoch 107 summary: dyn_dyn_cos_loss: 0.21131, dyn_sta_cos_loss: 0.11822, total_cos_loss : 0.19269, 
epoch 108 summary: dyn_dyn_cos_loss: 0.20901, dyn_sta_cos_loss: 0.11785, total_cos_loss : 0.19078, 
epoch 109 summary: dyn_dyn_cos_loss: 0.20704, dyn_sta_cos_loss: 0.11772, total_cos_loss : 0.18917, 
epoch 110 summary: dyn_dyn_cos_loss: 0.20527, dyn_sta_cos_loss: 0.11763, total_cos_loss : 0.18774, 
valid loss: 1.5578, valid acc: 0.5625
epoch 111 summary: dyn_dyn_cos_loss: 0.20371, dyn_sta_cos_loss: 0.11637, total_cos_loss : 0.18624, 
epoch 112 summary: dyn_dyn_cos_loss: 0.20194, dyn_sta_cos_loss: 0.11559, total_cos_loss : 0.18467, 
epoch 113 summary: dyn_dyn_cos_loss: 0.20024, dyn_sta_cos_loss: 0.11547, total_cos_loss : 0.18328, 
epoch 114 summary: dyn_dyn_cos_loss: 0.19895, dyn_sta_cos_loss: 0.11512, total_cos_loss : 0.18218, 
epoch 115 summary: dyn_dyn_cos_loss: 0.19737, dyn_sta_cos_loss: 0.11469, total_cos_loss : 0.18083, 
epoch 116 summary: dyn_dyn_cos_loss: 0.19593, dyn_sta_cos_loss: 0.11433, total_cos_loss : 0.17961, 
epoch 117 summary: dyn_dyn_cos_loss: 0.19459, dyn_sta_cos_loss: 0.11387, total_cos_loss : 0.17844, 
epoch 118 summary: dyn_dyn_cos_loss: 0.19327, dyn_sta_cos_loss: 0.11321, total_cos_loss : 0.17726, 
epoch 119 summary: dyn_dyn_cos_loss: 0.19231, dyn_sta_cos_loss: 0.11272, total_cos_loss : 0.17639, 
epoch 120 summary: dyn_dyn_cos_loss: 0.22672, dyn_sta_cos_loss: 0.11218, total_cos_loss : 0.20382, 
valid loss: 1.5405, valid acc: 0.5605
epoch 121 summary: dyn_dyn_cos_loss: 0.22391, dyn_sta_cos_loss: 0.11165, total_cos_loss : 0.20146, 
epoch 122 summary: dyn_dyn_cos_loss: 0.22127, dyn_sta_cos_loss: 0.11178, total_cos_loss : 0.19937, 
epoch 123 summary: dyn_dyn_cos_loss: 0.21878, dyn_sta_cos_loss: 0.11173, total_cos_loss : 0.19737, 
epoch 124 summary: dyn_dyn_cos_loss: 0.21614, dyn_sta_cos_loss: 0.11175, total_cos_loss : 0.19526, 
epoch 125 summary: dyn_dyn_cos_loss: 0.21387, dyn_sta_cos_loss: 0.11105, total_cos_loss : 0.19331, 
epoch 126 summary: dyn_dyn_cos_loss: 0.21184, dyn_sta_cos_loss: 0.11088, total_cos_loss : 0.19165, 
epoch 127 summary: dyn_dyn_cos_loss: 0.21001, dyn_sta_cos_loss: 0.10988, total_cos_loss : 0.18998, 
epoch 128 summary: dyn_dyn_cos_loss: 0.20784, dyn_sta_cos_loss: 0.10984, total_cos_loss : 0.18824, 
epoch 129 summary: dyn_dyn_cos_loss: 0.20610, dyn_sta_cos_loss: 0.10959, total_cos_loss : 0.18680, 
epoch 130 summary: dyn_dyn_cos_loss: 0.20445, dyn_sta_cos_loss: 0.10953, total_cos_loss : 0.18547, 
valid loss: 1.5274, valid acc: 0.5625
epoch 131 summary: dyn_dyn_cos_loss: 0.20301, dyn_sta_cos_loss: 0.10945, total_cos_loss : 0.18429, 
epoch 132 summary: dyn_dyn_cos_loss: 0.20157, dyn_sta_cos_loss: 0.10953, total_cos_loss : 0.18316, 
epoch 133 summary: dyn_dyn_cos_loss: 0.20011, dyn_sta_cos_loss: 0.10918, total_cos_loss : 0.18192, 
epoch 134 summary: dyn_dyn_cos_loss: 0.19876, dyn_sta_cos_loss: 0.10892, total_cos_loss : 0.18079, 
epoch 135 summary: dyn_dyn_cos_loss: 0.19764, dyn_sta_cos_loss: 0.10874, total_cos_loss : 0.17986, 
epoch 136 summary: dyn_dyn_cos_loss: 0.19636, dyn_sta_cos_loss: 0.10784, total_cos_loss : 0.17865, 
epoch 137 summary: dyn_dyn_cos_loss: 0.19525, dyn_sta_cos_loss: 0.10753, total_cos_loss : 0.17770, 
epoch 138 summary: dyn_dyn_cos_loss: 0.19397, dyn_sta_cos_loss: 0.10723, total_cos_loss : 0.17662, 
epoch 139 summary: dyn_dyn_cos_loss: 0.19298, dyn_sta_cos_loss: 0.10702, total_cos_loss : 0.17579, 
epoch 140 summary: dyn_dyn_cos_loss: 0.22265, dyn_sta_cos_loss: 0.10673, total_cos_loss : 0.19946, 
valid loss: 1.5309, valid acc: 0.5605
epoch 141 summary: dyn_dyn_cos_loss: 0.22008, dyn_sta_cos_loss: 0.10692, total_cos_loss : 0.19745, 
epoch 142 summary: dyn_dyn_cos_loss: 0.21777, dyn_sta_cos_loss: 0.10658, total_cos_loss : 0.19553, 
epoch 143 summary: dyn_dyn_cos_loss: 0.21540, dyn_sta_cos_loss: 0.10614, total_cos_loss : 0.19355, 
epoch 144 summary: dyn_dyn_cos_loss: 0.21319, dyn_sta_cos_loss: 0.10619, total_cos_loss : 0.19179, 
epoch 145 summary: dyn_dyn_cos_loss: 0.21110, dyn_sta_cos_loss: 0.10612, total_cos_loss : 0.19010, 
epoch 146 summary: dyn_dyn_cos_loss: 0.20917, dyn_sta_cos_loss: 0.10611, total_cos_loss : 0.18856, 
epoch 147 summary: dyn_dyn_cos_loss: 0.20718, dyn_sta_cos_loss: 0.10631, total_cos_loss : 0.18700, 
epoch 148 summary: dyn_dyn_cos_loss: 0.20531, dyn_sta_cos_loss: 0.10660, total_cos_loss : 0.18557, 
epoch 149 summary: dyn_dyn_cos_loss: 0.20364, dyn_sta_cos_loss: 0.10571, total_cos_loss : 0.18405, 
epoch 150 summary: dyn_dyn_cos_loss: 0.20186, dyn_sta_cos_loss: 0.10566, total_cos_loss : 0.18262, 
valid loss: 1.5422, valid acc: 0.5664
epoch 151 summary: dyn_dyn_cos_loss: 0.20054, dyn_sta_cos_loss: 0.10517, total_cos_loss : 0.18147, 
epoch 152 summary: dyn_dyn_cos_loss: 0.19889, dyn_sta_cos_loss: 0.10564, total_cos_loss : 0.18024, 
epoch 153 summary: dyn_dyn_cos_loss: 0.19722, dyn_sta_cos_loss: 0.10628, total_cos_loss : 0.17903, 
epoch 154 summary: dyn_dyn_cos_loss: 0.19611, dyn_sta_cos_loss: 0.10607, total_cos_loss : 0.17810, 
epoch 155 summary: dyn_dyn_cos_loss: 0.19492, dyn_sta_cos_loss: 0.10546, total_cos_loss : 0.17703, 
epoch 156 summary: dyn_dyn_cos_loss: 0.19374, dyn_sta_cos_loss: 0.10493, total_cos_loss : 0.17598, 
epoch 157 summary: dyn_dyn_cos_loss: 0.19256, dyn_sta_cos_loss: 0.10471, total_cos_loss : 0.17499, 
epoch 158 summary: dyn_dyn_cos_loss: 0.19145, dyn_sta_cos_loss: 0.10440, total_cos_loss : 0.17404, 
epoch 159 summary: dyn_dyn_cos_loss: 0.19044, dyn_sta_cos_loss: 0.10416, total_cos_loss : 0.17318, 
epoch 160 summary: dyn_dyn_cos_loss: 0.21516, dyn_sta_cos_loss: 0.10385, total_cos_loss : 0.19290, 
valid loss: 1.5569, valid acc: 0.5684
epoch 161 summary: dyn_dyn_cos_loss: 0.21264, dyn_sta_cos_loss: 0.10425, total_cos_loss : 0.19096, 
epoch 162 summary: dyn_dyn_cos_loss: 0.21026, dyn_sta_cos_loss: 0.10449, total_cos_loss : 0.18911, 
epoch 163 summary: dyn_dyn_cos_loss: 0.20825, dyn_sta_cos_loss: 0.10465, total_cos_loss : 0.18753, 
epoch 164 summary: dyn_dyn_cos_loss: 0.20602, dyn_sta_cos_loss: 0.10448, total_cos_loss : 0.18572, 
epoch 165 summary: dyn_dyn_cos_loss: 0.20386, dyn_sta_cos_loss: 0.10525, total_cos_loss : 0.18414, 
epoch 166 summary: dyn_dyn_cos_loss: 0.20193, dyn_sta_cos_loss: 0.10498, total_cos_loss : 0.18254, 
epoch 167 summary: dyn_dyn_cos_loss: 0.20007, dyn_sta_cos_loss: 0.10497, total_cos_loss : 0.18105, 
epoch 168 summary: dyn_dyn_cos_loss: 0.19832, dyn_sta_cos_loss: 0.10458, total_cos_loss : 0.17957, 
epoch 169 summary: dyn_dyn_cos_loss: 0.19679, dyn_sta_cos_loss: 0.10423, total_cos_loss : 0.17828, 
epoch 170 summary: dyn_dyn_cos_loss: 0.19525, dyn_sta_cos_loss: 0.10412, total_cos_loss : 0.17703, 
valid loss: 1.5401, valid acc: 0.5723
epoch 171 summary: dyn_dyn_cos_loss: 0.19379, dyn_sta_cos_loss: 0.10408, total_cos_loss : 0.17585, 
epoch 172 summary: dyn_dyn_cos_loss: 0.19239, dyn_sta_cos_loss: 0.10394, total_cos_loss : 0.17470, 
epoch 173 summary: dyn_dyn_cos_loss: 0.19109, dyn_sta_cos_loss: 0.10387, total_cos_loss : 0.17365, 
epoch 174 summary: dyn_dyn_cos_loss: 0.18969, dyn_sta_cos_loss: 0.10390, total_cos_loss : 0.17254, 
epoch 175 summary: dyn_dyn_cos_loss: 0.18839, dyn_sta_cos_loss: 0.10378, total_cos_loss : 0.17146, 
epoch 176 summary: dyn_dyn_cos_loss: 0.18725, dyn_sta_cos_loss: 0.10329, total_cos_loss : 0.17046, 
epoch 177 summary: dyn_dyn_cos_loss: 0.18625, dyn_sta_cos_loss: 0.10282, total_cos_loss : 0.16956, 
epoch 178 summary: dyn_dyn_cos_loss: 0.18539, dyn_sta_cos_loss: 0.10251, total_cos_loss : 0.16882, 
epoch 179 summary: dyn_dyn_cos_loss: 0.18436, dyn_sta_cos_loss: 0.10229, total_cos_loss : 0.16795, 
epoch 180 summary: dyn_dyn_cos_loss: 0.21470, dyn_sta_cos_loss: 0.10241, total_cos_loss : 0.19224, 
valid loss: 1.5481, valid acc: 0.5684
epoch 181 summary: dyn_dyn_cos_loss: 0.21216, dyn_sta_cos_loss: 0.10213, total_cos_loss : 0.19015, 
epoch 182 summary: dyn_dyn_cos_loss: 0.20957, dyn_sta_cos_loss: 0.10235, total_cos_loss : 0.18812, 
epoch 183 summary: dyn_dyn_cos_loss: 0.20719, dyn_sta_cos_loss: 0.10262, total_cos_loss : 0.18628, 
epoch 184 summary: dyn_dyn_cos_loss: 0.20534, dyn_sta_cos_loss: 0.10218, total_cos_loss : 0.18471, 
epoch 185 summary: dyn_dyn_cos_loss: 0.20332, dyn_sta_cos_loss: 0.10246, total_cos_loss : 0.18315, 
epoch 186 summary: dyn_dyn_cos_loss: 0.20160, dyn_sta_cos_loss: 0.10236, total_cos_loss : 0.18175, 
epoch 187 summary: dyn_dyn_cos_loss: 0.19999, dyn_sta_cos_loss: 0.10237, total_cos_loss : 0.18047, 
epoch 188 summary: dyn_dyn_cos_loss: 0.19831, dyn_sta_cos_loss: 0.10285, total_cos_loss : 0.17922, 
epoch 189 summary: dyn_dyn_cos_loss: 0.19711, dyn_sta_cos_loss: 0.10235, total_cos_loss : 0.17816, 
epoch 190 summary: dyn_dyn_cos_loss: 0.19575, dyn_sta_cos_loss: 0.10203, total_cos_loss : 0.17701, 
valid loss: 1.5441, valid acc: 0.5645
epoch 191 summary: dyn_dyn_cos_loss: 0.19419, dyn_sta_cos_loss: 0.10180, total_cos_loss : 0.17571, 
epoch 192 summary: dyn_dyn_cos_loss: 0.19297, dyn_sta_cos_loss: 0.10134, total_cos_loss : 0.17464, 
epoch 193 summary: dyn_dyn_cos_loss: 0.19171, dyn_sta_cos_loss: 0.10134, total_cos_loss : 0.17364, 
epoch 194 summary: dyn_dyn_cos_loss: 0.19041, dyn_sta_cos_loss: 0.10129, total_cos_loss : 0.17259, 
epoch 195 summary: dyn_dyn_cos_loss: 0.18916, dyn_sta_cos_loss: 0.10082, total_cos_loss : 0.17149, 
epoch 196 summary: dyn_dyn_cos_loss: 0.18812, dyn_sta_cos_loss: 0.10067, total_cos_loss : 0.17063, 
epoch 197 summary: dyn_dyn_cos_loss: 0.18716, dyn_sta_cos_loss: 0.10055, total_cos_loss : 0.16984, 
epoch 198 summary: dyn_dyn_cos_loss: 0.18620, dyn_sta_cos_loss: 0.10024, total_cos_loss : 0.16901, 
epoch 199 summary: dyn_dyn_cos_loss: 0.18538, dyn_sta_cos_loss: 0.09988, total_cos_loss : 0.16828, 
valid loss: 1.5527, valid acc: 0.5625
all                          69851.818ms
all_epoch                    69766.995ms
all_preparation                 84.803ms
all_preparation_2               83.251ms
all_preparation_3                1.524ms
epoch                          258.996ms
epoch_pos_train                  6.269ms
epoch_preparation                0.435ms
epoch_train                    246.037ms
epoch_valid                      4.712ms
----------------------------------------
all                          69851.818ms
  all_epoch             99.88%
  all_preparation        0.12%
all_preparation                 84.803ms
  all_preparation_2     98.17%
  all_preparation_3      1.80%
epoch                        51799.121ms
  epoch_train           95.00%
  epoch_pos_train        2.42%
  epoch_valid            1.82%
  epoch_preparation      0.17%
