Before CTE Training: train eu loss: 1.0543208122253418, eval eu loss: 1.492782711982727
Before CTE Training: train eu acc: 0.659027099609375, eval eu acc: 0.560546875
epoch   0 summary: dyn_dyn_cos_loss: 5.96574, dyn_sta_cos_loss: 3.21197, total_cos_loss : 4.31348, vocab_cro_loss : 4.28440, 
train loss: 3.9980, train acc: 0.0680
epoch   1 summary: dyn_dyn_cos_loss: 5.94579, dyn_sta_cos_loss: 2.92585, total_cos_loss : 4.13383, vocab_cro_loss : 3.99800, 
epoch   2 summary: dyn_dyn_cos_loss: 5.91431, dyn_sta_cos_loss: 2.63768, total_cos_loss : 3.94833, vocab_cro_loss : 3.71037, 
epoch   3 summary: dyn_dyn_cos_loss: 5.87157, dyn_sta_cos_loss: 2.35621, total_cos_loss : 3.76235, vocab_cro_loss : 3.43046, 
epoch   4 summary: dyn_dyn_cos_loss: 5.81940, dyn_sta_cos_loss: 2.08653, total_cos_loss : 3.57968, vocab_cro_loss : 3.16288, 
epoch   5 summary: dyn_dyn_cos_loss: 5.75774, dyn_sta_cos_loss: 1.83168, total_cos_loss : 3.40211, vocab_cro_loss : 2.90912, 
epoch   6 summary: dyn_dyn_cos_loss: 5.68745, dyn_sta_cos_loss: 1.59335, total_cos_loss : 3.23099, vocab_cro_loss : 2.67312, 
epoch   7 summary: dyn_dyn_cos_loss: 5.60790, dyn_sta_cos_loss: 1.37790, total_cos_loss : 3.06990, vocab_cro_loss : 2.45765, 
epoch   8 summary: dyn_dyn_cos_loss: 5.52295, dyn_sta_cos_loss: 1.18828, total_cos_loss : 2.92215, vocab_cro_loss : 2.26844, 
epoch   9 summary: dyn_dyn_cos_loss: 5.42943, dyn_sta_cos_loss: 1.02490, total_cos_loss : 2.78671, vocab_cro_loss : 2.10487, 
epoch  10 summary: dyn_dyn_cos_loss: 5.33153, dyn_sta_cos_loss: 0.88816, total_cos_loss : 2.66551, vocab_cro_loss : 1.96743, 
train loss: 1.8547, train acc: 0.6526
epoch  11 summary: dyn_dyn_cos_loss: 5.22777, dyn_sta_cos_loss: 0.77621, total_cos_loss : 2.55684, vocab_cro_loss : 1.85471, 
epoch  12 summary: dyn_dyn_cos_loss: 5.12063, dyn_sta_cos_loss: 0.68665, total_cos_loss : 2.46024, vocab_cro_loss : 1.76458, 
epoch  13 summary: dyn_dyn_cos_loss: 5.00954, dyn_sta_cos_loss: 0.61366, total_cos_loss : 2.37202, vocab_cro_loss : 1.69313, 
epoch  14 summary: dyn_dyn_cos_loss: 4.89546, dyn_sta_cos_loss: 0.55527, total_cos_loss : 2.29134, vocab_cro_loss : 1.63352, 
epoch  15 summary: dyn_dyn_cos_loss: 4.78074, dyn_sta_cos_loss: 0.50808, total_cos_loss : 2.21714, vocab_cro_loss : 1.58562, 
epoch  16 summary: dyn_dyn_cos_loss: 4.66408, dyn_sta_cos_loss: 0.46904, total_cos_loss : 2.14706, vocab_cro_loss : 1.54438, 
epoch  17 summary: dyn_dyn_cos_loss: 4.54520, dyn_sta_cos_loss: 0.43683, total_cos_loss : 2.08018, vocab_cro_loss : 1.50997, 
epoch  18 summary: dyn_dyn_cos_loss: 4.42609, dyn_sta_cos_loss: 0.40824, total_cos_loss : 2.01538, vocab_cro_loss : 1.47980, 
epoch  19 summary: dyn_dyn_cos_loss: 4.30542, dyn_sta_cos_loss: 0.38425, total_cos_loss : 1.95272, vocab_cro_loss : 1.45543, 
epoch  20 summary: dyn_dyn_cos_loss: 4.32042, dyn_sta_cos_loss: 0.36230, total_cos_loss : 1.94555, vocab_cro_loss : 1.43220, 
train loss: 1.4117, train acc: 0.6506
epoch  21 summary: dyn_dyn_cos_loss: 4.19288, dyn_sta_cos_loss: 0.34443, total_cos_loss : 1.88381, vocab_cro_loss : 1.41166, 
epoch  22 summary: dyn_dyn_cos_loss: 4.06914, dyn_sta_cos_loss: 0.32682, total_cos_loss : 1.82375, vocab_cro_loss : 1.39280, 
epoch  23 summary: dyn_dyn_cos_loss: 3.94469, dyn_sta_cos_loss: 0.31214, total_cos_loss : 1.76516, vocab_cro_loss : 1.37902, 
epoch  24 summary: dyn_dyn_cos_loss: 3.81981, dyn_sta_cos_loss: 0.29969, total_cos_loss : 1.70774, vocab_cro_loss : 1.36421, 
epoch  25 summary: dyn_dyn_cos_loss: 3.69625, dyn_sta_cos_loss: 0.28772, total_cos_loss : 1.65113, vocab_cro_loss : 1.35083, 
epoch  26 summary: dyn_dyn_cos_loss: 3.57378, dyn_sta_cos_loss: 0.27738, total_cos_loss : 1.59594, vocab_cro_loss : 1.33974, 
epoch  27 summary: dyn_dyn_cos_loss: 3.45399, dyn_sta_cos_loss: 0.26807, total_cos_loss : 1.54243, vocab_cro_loss : 1.32898, 
epoch  28 summary: dyn_dyn_cos_loss: 3.33700, dyn_sta_cos_loss: 0.25873, total_cos_loss : 1.49004, vocab_cro_loss : 1.31814, 
epoch  29 summary: dyn_dyn_cos_loss: 3.22038, dyn_sta_cos_loss: 0.25062, total_cos_loss : 1.43852, vocab_cro_loss : 1.30798, 
epoch  30 summary: dyn_dyn_cos_loss: 3.10517, dyn_sta_cos_loss: 0.24318, total_cos_loss : 1.38797, vocab_cro_loss : 1.30035, 
train loss: 1.2930, train acc: 0.6496
epoch  31 summary: dyn_dyn_cos_loss: 2.99423, dyn_sta_cos_loss: 0.23697, total_cos_loss : 1.33987, vocab_cro_loss : 1.29296, 
epoch  32 summary: dyn_dyn_cos_loss: 2.88345, dyn_sta_cos_loss: 0.23089, total_cos_loss : 1.29191, vocab_cro_loss : 1.28679, 
epoch  33 summary: dyn_dyn_cos_loss: 2.77393, dyn_sta_cos_loss: 0.22528, total_cos_loss : 1.24474, vocab_cro_loss : 1.28170, 
epoch  34 summary: dyn_dyn_cos_loss: 2.66806, dyn_sta_cos_loss: 0.22003, total_cos_loss : 1.19924, vocab_cro_loss : 1.27579, 
epoch  35 summary: dyn_dyn_cos_loss: 2.56585, dyn_sta_cos_loss: 0.21479, total_cos_loss : 1.15522, vocab_cro_loss : 1.27056, 
epoch  36 summary: dyn_dyn_cos_loss: 2.46615, dyn_sta_cos_loss: 0.21014, total_cos_loss : 1.11254, vocab_cro_loss : 1.26414, 
epoch  37 summary: dyn_dyn_cos_loss: 2.36830, dyn_sta_cos_loss: 0.20541, total_cos_loss : 1.07057, vocab_cro_loss : 1.25938, 
epoch  38 summary: dyn_dyn_cos_loss: 2.27719, dyn_sta_cos_loss: 0.20156, total_cos_loss : 1.03181, vocab_cro_loss : 1.25375, 
epoch  39 summary: dyn_dyn_cos_loss: 2.18703, dyn_sta_cos_loss: 0.19800, total_cos_loss : 0.99361, vocab_cro_loss : 1.24986, 
epoch  40 summary: dyn_dyn_cos_loss: 2.16633, dyn_sta_cos_loss: 0.19431, total_cos_loss : 0.98312, vocab_cro_loss : 1.24554, 
train loss: 1.2428, train acc: 0.6501
epoch  41 summary: dyn_dyn_cos_loss: 2.07664, dyn_sta_cos_loss: 0.19144, total_cos_loss : 0.94552, vocab_cro_loss : 1.24285, 
epoch  42 summary: dyn_dyn_cos_loss: 1.99016, dyn_sta_cos_loss: 0.18891, total_cos_loss : 0.90941, vocab_cro_loss : 1.24019, 
epoch  43 summary: dyn_dyn_cos_loss: 1.90703, dyn_sta_cos_loss: 0.18576, total_cos_loss : 0.87427, vocab_cro_loss : 1.23693, 
epoch  44 summary: dyn_dyn_cos_loss: 1.83018, dyn_sta_cos_loss: 0.18343, total_cos_loss : 0.84213, vocab_cro_loss : 1.23373, 
epoch  45 summary: dyn_dyn_cos_loss: 1.75465, dyn_sta_cos_loss: 0.18027, total_cos_loss : 0.81002, vocab_cro_loss : 1.23041, 
epoch  46 summary: dyn_dyn_cos_loss: 1.68258, dyn_sta_cos_loss: 0.17754, total_cos_loss : 0.77956, vocab_cro_loss : 1.22751, 
epoch  47 summary: dyn_dyn_cos_loss: 1.61369, dyn_sta_cos_loss: 0.17517, total_cos_loss : 0.75058, vocab_cro_loss : 1.22463, 
epoch  48 summary: dyn_dyn_cos_loss: 1.54857, dyn_sta_cos_loss: 0.17217, total_cos_loss : 0.72273, vocab_cro_loss : 1.22307, 
epoch  49 summary: dyn_dyn_cos_loss: 1.48653, dyn_sta_cos_loss: 0.16910, total_cos_loss : 0.69607, vocab_cro_loss : 1.21985, 
epoch  50 summary: dyn_dyn_cos_loss: 1.42673, dyn_sta_cos_loss: 0.16678, total_cos_loss : 0.67076, vocab_cro_loss : 1.21746, 
train loss: 1.2155, train acc: 0.6507
epoch  51 summary: dyn_dyn_cos_loss: 1.36989, dyn_sta_cos_loss: 0.16521, total_cos_loss : 0.64708, vocab_cro_loss : 1.21552, 
epoch  52 summary: dyn_dyn_cos_loss: 1.31545, dyn_sta_cos_loss: 0.16305, total_cos_loss : 0.62401, vocab_cro_loss : 1.21373, 
epoch  53 summary: dyn_dyn_cos_loss: 1.26269, dyn_sta_cos_loss: 0.16113, total_cos_loss : 0.60175, vocab_cro_loss : 1.21180, 
epoch  54 summary: dyn_dyn_cos_loss: 1.21305, dyn_sta_cos_loss: 0.15878, total_cos_loss : 0.58048, vocab_cro_loss : 1.20975, 
epoch  55 summary: dyn_dyn_cos_loss: 1.16564, dyn_sta_cos_loss: 0.15661, total_cos_loss : 0.56022, vocab_cro_loss : 1.20697, 
epoch  56 summary: dyn_dyn_cos_loss: 1.12208, dyn_sta_cos_loss: 0.15490, total_cos_loss : 0.54177, vocab_cro_loss : 1.20456, 
epoch  57 summary: dyn_dyn_cos_loss: 1.07923, dyn_sta_cos_loss: 0.15260, total_cos_loss : 0.52325, vocab_cro_loss : 1.20368, 
epoch  58 summary: dyn_dyn_cos_loss: 1.03925, dyn_sta_cos_loss: 0.15031, total_cos_loss : 0.50588, vocab_cro_loss : 1.20200, 
epoch  59 summary: dyn_dyn_cos_loss: 1.00092, dyn_sta_cos_loss: 0.14839, total_cos_loss : 0.48940, vocab_cro_loss : 1.20013, 
epoch  60 summary: dyn_dyn_cos_loss: 1.00998, dyn_sta_cos_loss: 0.14673, total_cos_loss : 0.49203, vocab_cro_loss : 1.19806, 
train loss: 1.1958, train acc: 0.6519
epoch  61 summary: dyn_dyn_cos_loss: 0.97229, dyn_sta_cos_loss: 0.14501, total_cos_loss : 0.47592, vocab_cro_loss : 1.19575, 
epoch  62 summary: dyn_dyn_cos_loss: 0.93683, dyn_sta_cos_loss: 0.14323, total_cos_loss : 0.46067, vocab_cro_loss : 1.19473, 
epoch  63 summary: dyn_dyn_cos_loss: 0.90331, dyn_sta_cos_loss: 0.14110, total_cos_loss : 0.44598, vocab_cro_loss : 1.19294, 
epoch  64 summary: dyn_dyn_cos_loss: 0.87269, dyn_sta_cos_loss: 0.13921, total_cos_loss : 0.43260, vocab_cro_loss : 1.19076, 
epoch  65 summary: dyn_dyn_cos_loss: 0.84313, dyn_sta_cos_loss: 0.13721, total_cos_loss : 0.41958, vocab_cro_loss : 1.18873, 
epoch  66 summary: dyn_dyn_cos_loss: 0.81512, dyn_sta_cos_loss: 0.13574, total_cos_loss : 0.40749, vocab_cro_loss : 1.18628, 
epoch  67 summary: dyn_dyn_cos_loss: 0.78983, dyn_sta_cos_loss: 0.13413, total_cos_loss : 0.39641, vocab_cro_loss : 1.18459, 
epoch  68 summary: dyn_dyn_cos_loss: 0.76557, dyn_sta_cos_loss: 0.13246, total_cos_loss : 0.38570, vocab_cro_loss : 1.18356, 
epoch  69 summary: dyn_dyn_cos_loss: 0.74274, dyn_sta_cos_loss: 0.13119, total_cos_loss : 0.37581, vocab_cro_loss : 1.18193, 
epoch  70 summary: dyn_dyn_cos_loss: 0.72180, dyn_sta_cos_loss: 0.12979, total_cos_loss : 0.36660, vocab_cro_loss : 1.18019, 
train loss: 1.1785, train acc: 0.6535
epoch  71 summary: dyn_dyn_cos_loss: 0.70166, dyn_sta_cos_loss: 0.12813, total_cos_loss : 0.35755, vocab_cro_loss : 1.17848, 
epoch  72 summary: dyn_dyn_cos_loss: 0.68304, dyn_sta_cos_loss: 0.12648, total_cos_loss : 0.34911, vocab_cro_loss : 1.17663, 
epoch  73 summary: dyn_dyn_cos_loss: 0.66549, dyn_sta_cos_loss: 0.12475, total_cos_loss : 0.34104, vocab_cro_loss : 1.17431, 
epoch  74 summary: dyn_dyn_cos_loss: 0.64888, dyn_sta_cos_loss: 0.12330, total_cos_loss : 0.33353, vocab_cro_loss : 1.17325, 
epoch  75 summary: dyn_dyn_cos_loss: 0.63395, dyn_sta_cos_loss: 0.12175, total_cos_loss : 0.32663, vocab_cro_loss : 1.17255, 
epoch  76 summary: dyn_dyn_cos_loss: 0.61986, dyn_sta_cos_loss: 0.12011, total_cos_loss : 0.32001, vocab_cro_loss : 1.17154, 
epoch  77 summary: dyn_dyn_cos_loss: 0.60657, dyn_sta_cos_loss: 0.11854, total_cos_loss : 0.31375, vocab_cro_loss : 1.16953, 
epoch  78 summary: dyn_dyn_cos_loss: 0.59417, dyn_sta_cos_loss: 0.11740, total_cos_loss : 0.30811, vocab_cro_loss : 1.16810, 
epoch  79 summary: dyn_dyn_cos_loss: 0.58225, dyn_sta_cos_loss: 0.11586, total_cos_loss : 0.30242, vocab_cro_loss : 1.16688, 
epoch  80 summary: dyn_dyn_cos_loss: 0.60961, dyn_sta_cos_loss: 0.11448, total_cos_loss : 0.31253, vocab_cro_loss : 1.16557, 
train loss: 1.1652, train acc: 0.6550
epoch  81 summary: dyn_dyn_cos_loss: 0.59698, dyn_sta_cos_loss: 0.11350, total_cos_loss : 0.30689, vocab_cro_loss : 1.16520, 
epoch  82 summary: dyn_dyn_cos_loss: 0.58489, dyn_sta_cos_loss: 0.11226, total_cos_loss : 0.30131, vocab_cro_loss : 1.16419, 
epoch  83 summary: dyn_dyn_cos_loss: 0.57348, dyn_sta_cos_loss: 0.11096, total_cos_loss : 0.29597, vocab_cro_loss : 1.16315, 
epoch  84 summary: dyn_dyn_cos_loss: 0.56310, dyn_sta_cos_loss: 0.10981, total_cos_loss : 0.29113, vocab_cro_loss : 1.16186, 
epoch  85 summary: dyn_dyn_cos_loss: 0.55317, dyn_sta_cos_loss: 0.10875, total_cos_loss : 0.28652, vocab_cro_loss : 1.16086, 
epoch  86 summary: dyn_dyn_cos_loss: 0.54372, dyn_sta_cos_loss: 0.10738, total_cos_loss : 0.28192, vocab_cro_loss : 1.15949, 
epoch  87 summary: dyn_dyn_cos_loss: 0.53501, dyn_sta_cos_loss: 0.10609, total_cos_loss : 0.27766, vocab_cro_loss : 1.15863, 
epoch  88 summary: dyn_dyn_cos_loss: 0.52654, dyn_sta_cos_loss: 0.10520, total_cos_loss : 0.27374, vocab_cro_loss : 1.15798, 
epoch  89 summary: dyn_dyn_cos_loss: 0.51854, dyn_sta_cos_loss: 0.10382, total_cos_loss : 0.26971, vocab_cro_loss : 1.15630, 
epoch  90 summary: dyn_dyn_cos_loss: 0.51086, dyn_sta_cos_loss: 0.10345, total_cos_loss : 0.26641, vocab_cro_loss : 1.15496, 
train loss: 1.1535, train acc: 0.6552
epoch  91 summary: dyn_dyn_cos_loss: 0.50348, dyn_sta_cos_loss: 0.10235, total_cos_loss : 0.26280, vocab_cro_loss : 1.15354, 
epoch  92 summary: dyn_dyn_cos_loss: 0.49666, dyn_sta_cos_loss: 0.10133, total_cos_loss : 0.25946, vocab_cro_loss : 1.15225, 
epoch  93 summary: dyn_dyn_cos_loss: 0.48996, dyn_sta_cos_loss: 0.10081, total_cos_loss : 0.25647, vocab_cro_loss : 1.15123, 
epoch  94 summary: dyn_dyn_cos_loss: 0.48366, dyn_sta_cos_loss: 0.09988, total_cos_loss : 0.25339, vocab_cro_loss : 1.15069, 
epoch  95 summary: dyn_dyn_cos_loss: 0.47758, dyn_sta_cos_loss: 0.09912, total_cos_loss : 0.25051, vocab_cro_loss : 1.14968, 
epoch  96 summary: dyn_dyn_cos_loss: 0.47174, dyn_sta_cos_loss: 0.09804, total_cos_loss : 0.24752, vocab_cro_loss : 1.14898, 
epoch  97 summary: dyn_dyn_cos_loss: 0.46607, dyn_sta_cos_loss: 0.09704, total_cos_loss : 0.24465, vocab_cro_loss : 1.14812, 
epoch  98 summary: dyn_dyn_cos_loss: 0.46060, dyn_sta_cos_loss: 0.09610, total_cos_loss : 0.24190, vocab_cro_loss : 1.14759, 
epoch  99 summary: dyn_dyn_cos_loss: 0.45514, dyn_sta_cos_loss: 0.09538, total_cos_loss : 0.23928, vocab_cro_loss : 1.14670, 
epoch 100 summary: dyn_dyn_cos_loss: 0.48121, dyn_sta_cos_loss: 0.09441, total_cos_loss : 0.24913, vocab_cro_loss : 1.14623, 
train loss: 1.1454, train acc: 0.6566
epoch 101 summary: dyn_dyn_cos_loss: 0.47471, dyn_sta_cos_loss: 0.09356, total_cos_loss : 0.24602, vocab_cro_loss : 1.14541, 
epoch 102 summary: dyn_dyn_cos_loss: 0.46859, dyn_sta_cos_loss: 0.09283, total_cos_loss : 0.24314, vocab_cro_loss : 1.14473, 
epoch 103 summary: dyn_dyn_cos_loss: 0.46288, dyn_sta_cos_loss: 0.09217, total_cos_loss : 0.24045, vocab_cro_loss : 1.14405, 
epoch 104 summary: dyn_dyn_cos_loss: 0.45731, dyn_sta_cos_loss: 0.09161, total_cos_loss : 0.23789, vocab_cro_loss : 1.14346, 
epoch 105 summary: dyn_dyn_cos_loss: 0.45202, dyn_sta_cos_loss: 0.09094, total_cos_loss : 0.23538, vocab_cro_loss : 1.14261, 
epoch 106 summary: dyn_dyn_cos_loss: 0.44722, dyn_sta_cos_loss: 0.09030, total_cos_loss : 0.23307, vocab_cro_loss : 1.14184, 
epoch 107 summary: dyn_dyn_cos_loss: 0.44243, dyn_sta_cos_loss: 0.08978, total_cos_loss : 0.23084, vocab_cro_loss : 1.14126, 
epoch 108 summary: dyn_dyn_cos_loss: 0.43779, dyn_sta_cos_loss: 0.08930, total_cos_loss : 0.22870, vocab_cro_loss : 1.14039, 
epoch 109 summary: dyn_dyn_cos_loss: 0.43312, dyn_sta_cos_loss: 0.08861, total_cos_loss : 0.22641, vocab_cro_loss : 1.13981, 
epoch 110 summary: dyn_dyn_cos_loss: 0.42871, dyn_sta_cos_loss: 0.08793, total_cos_loss : 0.22424, vocab_cro_loss : 1.13890, 
train loss: 1.1382, train acc: 0.6566
epoch 111 summary: dyn_dyn_cos_loss: 0.42466, dyn_sta_cos_loss: 0.08758, total_cos_loss : 0.22241, vocab_cro_loss : 1.13823, 
epoch 112 summary: dyn_dyn_cos_loss: 0.42082, dyn_sta_cos_loss: 0.08702, total_cos_loss : 0.22054, vocab_cro_loss : 1.13768, 
epoch 113 summary: dyn_dyn_cos_loss: 0.41697, dyn_sta_cos_loss: 0.08644, total_cos_loss : 0.21865, vocab_cro_loss : 1.13723, 
epoch 114 summary: dyn_dyn_cos_loss: 0.41328, dyn_sta_cos_loss: 0.08605, total_cos_loss : 0.21694, vocab_cro_loss : 1.13695, 
epoch 115 summary: dyn_dyn_cos_loss: 0.40988, dyn_sta_cos_loss: 0.08538, total_cos_loss : 0.21518, vocab_cro_loss : 1.13577, 
epoch 116 summary: dyn_dyn_cos_loss: 0.40655, dyn_sta_cos_loss: 0.08507, total_cos_loss : 0.21366, vocab_cro_loss : 1.13502, 
epoch 117 summary: dyn_dyn_cos_loss: 0.40341, dyn_sta_cos_loss: 0.08462, total_cos_loss : 0.21214, vocab_cro_loss : 1.13453, 
epoch 118 summary: dyn_dyn_cos_loss: 0.40026, dyn_sta_cos_loss: 0.08390, total_cos_loss : 0.21045, vocab_cro_loss : 1.13411, 
epoch 119 summary: dyn_dyn_cos_loss: 0.39732, dyn_sta_cos_loss: 0.08346, total_cos_loss : 0.20900, vocab_cro_loss : 1.13355, 
epoch 120 summary: dyn_dyn_cos_loss: 0.42260, dyn_sta_cos_loss: 0.08292, total_cos_loss : 0.21879, vocab_cro_loss : 1.13319, 
train loss: 1.1327, train acc: 0.6577
epoch 121 summary: dyn_dyn_cos_loss: 0.41830, dyn_sta_cos_loss: 0.08279, total_cos_loss : 0.21699, vocab_cro_loss : 1.13268, 
epoch 122 summary: dyn_dyn_cos_loss: 0.41421, dyn_sta_cos_loss: 0.08261, total_cos_loss : 0.21525, vocab_cro_loss : 1.13221, 
epoch 123 summary: dyn_dyn_cos_loss: 0.41030, dyn_sta_cos_loss: 0.08243, total_cos_loss : 0.21357, vocab_cro_loss : 1.13165, 
epoch 124 summary: dyn_dyn_cos_loss: 0.40654, dyn_sta_cos_loss: 0.08197, total_cos_loss : 0.21180, vocab_cro_loss : 1.13124, 
epoch 125 summary: dyn_dyn_cos_loss: 0.40286, dyn_sta_cos_loss: 0.08177, total_cos_loss : 0.21021, vocab_cro_loss : 1.13113, 
epoch 126 summary: dyn_dyn_cos_loss: 0.39929, dyn_sta_cos_loss: 0.08147, total_cos_loss : 0.20860, vocab_cro_loss : 1.13106, 
epoch 127 summary: dyn_dyn_cos_loss: 0.39608, dyn_sta_cos_loss: 0.08109, total_cos_loss : 0.20709, vocab_cro_loss : 1.13112, 
epoch 128 summary: dyn_dyn_cos_loss: 0.39290, dyn_sta_cos_loss: 0.08099, total_cos_loss : 0.20576, vocab_cro_loss : 1.13077, 
epoch 129 summary: dyn_dyn_cos_loss: 0.38988, dyn_sta_cos_loss: 0.08077, total_cos_loss : 0.20441, vocab_cro_loss : 1.13060, 
epoch 130 summary: dyn_dyn_cos_loss: 0.38710, dyn_sta_cos_loss: 0.08016, total_cos_loss : 0.20294, vocab_cro_loss : 1.13036, 
train loss: 1.1300, train acc: 0.6577
epoch 131 summary: dyn_dyn_cos_loss: 0.38426, dyn_sta_cos_loss: 0.07974, total_cos_loss : 0.20155, vocab_cro_loss : 1.13005, 
epoch 132 summary: dyn_dyn_cos_loss: 0.38165, dyn_sta_cos_loss: 0.07936, total_cos_loss : 0.20027, vocab_cro_loss : 1.12991, 
epoch 133 summary: dyn_dyn_cos_loss: 0.37901, dyn_sta_cos_loss: 0.07936, total_cos_loss : 0.19922, vocab_cro_loss : 1.12943, 
epoch 134 summary: dyn_dyn_cos_loss: 0.37661, dyn_sta_cos_loss: 0.07907, total_cos_loss : 0.19809, vocab_cro_loss : 1.12885, 
epoch 135 summary: dyn_dyn_cos_loss: 0.37426, dyn_sta_cos_loss: 0.07870, total_cos_loss : 0.19692, vocab_cro_loss : 1.12877, 
epoch 136 summary: dyn_dyn_cos_loss: 0.37188, dyn_sta_cos_loss: 0.07860, total_cos_loss : 0.19591, vocab_cro_loss : 1.12853, 
epoch 137 summary: dyn_dyn_cos_loss: 0.36959, dyn_sta_cos_loss: 0.07860, total_cos_loss : 0.19500, vocab_cro_loss : 1.12803, 
epoch 138 summary: dyn_dyn_cos_loss: 0.36736, dyn_sta_cos_loss: 0.07830, total_cos_loss : 0.19392, vocab_cro_loss : 1.12816, 
epoch 139 summary: dyn_dyn_cos_loss: 0.36522, dyn_sta_cos_loss: 0.07779, total_cos_loss : 0.19276, vocab_cro_loss : 1.12788, 
epoch 140 summary: dyn_dyn_cos_loss: 0.38772, dyn_sta_cos_loss: 0.07748, total_cos_loss : 0.20158, vocab_cro_loss : 1.12800, 
train loss: 1.1278, train acc: 0.6587
epoch 141 summary: dyn_dyn_cos_loss: 0.38448, dyn_sta_cos_loss: 0.07746, total_cos_loss : 0.20027, vocab_cro_loss : 1.12780, 
epoch 142 summary: dyn_dyn_cos_loss: 0.38149, dyn_sta_cos_loss: 0.07702, total_cos_loss : 0.19881, vocab_cro_loss : 1.12719, 
epoch 143 summary: dyn_dyn_cos_loss: 0.37850, dyn_sta_cos_loss: 0.07679, total_cos_loss : 0.19748, vocab_cro_loss : 1.12715, 
epoch 144 summary: dyn_dyn_cos_loss: 0.37557, dyn_sta_cos_loss: 0.07675, total_cos_loss : 0.19628, vocab_cro_loss : 1.12727, 
epoch 145 summary: dyn_dyn_cos_loss: 0.37284, dyn_sta_cos_loss: 0.07671, total_cos_loss : 0.19516, vocab_cro_loss : 1.12717, 
epoch 146 summary: dyn_dyn_cos_loss: 0.37033, dyn_sta_cos_loss: 0.07643, total_cos_loss : 0.19399, vocab_cro_loss : 1.12676, 
epoch 147 summary: dyn_dyn_cos_loss: 0.36791, dyn_sta_cos_loss: 0.07623, total_cos_loss : 0.19290, vocab_cro_loss : 1.12663, 
epoch 148 summary: dyn_dyn_cos_loss: 0.36563, dyn_sta_cos_loss: 0.07598, total_cos_loss : 0.19184, vocab_cro_loss : 1.12628, 
epoch 149 summary: dyn_dyn_cos_loss: 0.36323, dyn_sta_cos_loss: 0.07578, total_cos_loss : 0.19076, vocab_cro_loss : 1.12622, 
epoch 150 summary: dyn_dyn_cos_loss: 0.36097, dyn_sta_cos_loss: 0.07569, total_cos_loss : 0.18980, vocab_cro_loss : 1.12547, 
train loss: 1.1251, train acc: 0.6596
epoch 151 summary: dyn_dyn_cos_loss: 0.35895, dyn_sta_cos_loss: 0.07537, total_cos_loss : 0.18880, vocab_cro_loss : 1.12512, 
epoch 152 summary: dyn_dyn_cos_loss: 0.35693, dyn_sta_cos_loss: 0.07512, total_cos_loss : 0.18784, vocab_cro_loss : 1.12476, 
epoch 153 summary: dyn_dyn_cos_loss: 0.35500, dyn_sta_cos_loss: 0.07491, total_cos_loss : 0.18694, vocab_cro_loss : 1.12477, 
epoch 154 summary: dyn_dyn_cos_loss: 0.35310, dyn_sta_cos_loss: 0.07483, total_cos_loss : 0.18614, vocab_cro_loss : 1.12491, 
epoch 155 summary: dyn_dyn_cos_loss: 0.35131, dyn_sta_cos_loss: 0.07462, total_cos_loss : 0.18530, vocab_cro_loss : 1.12480, 
epoch 156 summary: dyn_dyn_cos_loss: 0.34957, dyn_sta_cos_loss: 0.07435, total_cos_loss : 0.18444, vocab_cro_loss : 1.12466, 
epoch 157 summary: dyn_dyn_cos_loss: 0.34786, dyn_sta_cos_loss: 0.07428, total_cos_loss : 0.18371, vocab_cro_loss : 1.12448, 
epoch 158 summary: dyn_dyn_cos_loss: 0.34620, dyn_sta_cos_loss: 0.07407, total_cos_loss : 0.18292, vocab_cro_loss : 1.12435, 
epoch 159 summary: dyn_dyn_cos_loss: 0.34460, dyn_sta_cos_loss: 0.07384, total_cos_loss : 0.18215, vocab_cro_loss : 1.12423, 
epoch 160 summary: dyn_dyn_cos_loss: 0.36559, dyn_sta_cos_loss: 0.07387, total_cos_loss : 0.19056, vocab_cro_loss : 1.12357, 
train loss: 1.1236, train acc: 0.6580
epoch 161 summary: dyn_dyn_cos_loss: 0.36299, dyn_sta_cos_loss: 0.07360, total_cos_loss : 0.18935, vocab_cro_loss : 1.12362, 
epoch 162 summary: dyn_dyn_cos_loss: 0.36042, dyn_sta_cos_loss: 0.07334, total_cos_loss : 0.18817, vocab_cro_loss : 1.12351, 
epoch 163 summary: dyn_dyn_cos_loss: 0.35787, dyn_sta_cos_loss: 0.07350, total_cos_loss : 0.18724, vocab_cro_loss : 1.12331, 
epoch 164 summary: dyn_dyn_cos_loss: 0.35567, dyn_sta_cos_loss: 0.07315, total_cos_loss : 0.18616, vocab_cro_loss : 1.12334, 
epoch 165 summary: dyn_dyn_cos_loss: 0.35354, dyn_sta_cos_loss: 0.07279, total_cos_loss : 0.18509, vocab_cro_loss : 1.12374, 
epoch 166 summary: dyn_dyn_cos_loss: 0.35141, dyn_sta_cos_loss: 0.07289, total_cos_loss : 0.18430, vocab_cro_loss : 1.12381, 
epoch 167 summary: dyn_dyn_cos_loss: 0.34945, dyn_sta_cos_loss: 0.07276, total_cos_loss : 0.18344, vocab_cro_loss : 1.12354, 
epoch 168 summary: dyn_dyn_cos_loss: 0.34752, dyn_sta_cos_loss: 0.07271, total_cos_loss : 0.18263, vocab_cro_loss : 1.12328, 
epoch 169 summary: dyn_dyn_cos_loss: 0.34574, dyn_sta_cos_loss: 0.07242, total_cos_loss : 0.18175, vocab_cro_loss : 1.12288, 
epoch 170 summary: dyn_dyn_cos_loss: 0.34393, dyn_sta_cos_loss: 0.07244, total_cos_loss : 0.18104, vocab_cro_loss : 1.12268, 
train loss: 1.1226, train acc: 0.6588
epoch 171 summary: dyn_dyn_cos_loss: 0.34213, dyn_sta_cos_loss: 0.07219, total_cos_loss : 0.18017, vocab_cro_loss : 1.12260, 
epoch 172 summary: dyn_dyn_cos_loss: 0.34040, dyn_sta_cos_loss: 0.07225, total_cos_loss : 0.17951, vocab_cro_loss : 1.12233, 
epoch 173 summary: dyn_dyn_cos_loss: 0.33876, dyn_sta_cos_loss: 0.07200, total_cos_loss : 0.17870, vocab_cro_loss : 1.12231, 
epoch 174 summary: dyn_dyn_cos_loss: 0.33714, dyn_sta_cos_loss: 0.07201, total_cos_loss : 0.17806, vocab_cro_loss : 1.12223, 
epoch 175 summary: dyn_dyn_cos_loss: 0.33562, dyn_sta_cos_loss: 0.07172, total_cos_loss : 0.17728, vocab_cro_loss : 1.12265, 
epoch 176 summary: dyn_dyn_cos_loss: 0.33416, dyn_sta_cos_loss: 0.07158, total_cos_loss : 0.17661, vocab_cro_loss : 1.12270, 
epoch 177 summary: dyn_dyn_cos_loss: 0.33289, dyn_sta_cos_loss: 0.07166, total_cos_loss : 0.17616, vocab_cro_loss : 1.12236, 
epoch 178 summary: dyn_dyn_cos_loss: 0.33160, dyn_sta_cos_loss: 0.07193, total_cos_loss : 0.17580, vocab_cro_loss : 1.12215, 
epoch 179 summary: dyn_dyn_cos_loss: 0.33047, dyn_sta_cos_loss: 0.07174, total_cos_loss : 0.17523, vocab_cro_loss : 1.12174, 
epoch 180 summary: dyn_dyn_cos_loss: 0.35089, dyn_sta_cos_loss: 0.07171, total_cos_loss : 0.18338, vocab_cro_loss : 1.12178, 
train loss: 1.1218, train acc: 0.6581
epoch 181 summary: dyn_dyn_cos_loss: 0.34864, dyn_sta_cos_loss: 0.07156, total_cos_loss : 0.18239, vocab_cro_loss : 1.12178, 
epoch 182 summary: dyn_dyn_cos_loss: 0.34663, dyn_sta_cos_loss: 0.07137, total_cos_loss : 0.18147, vocab_cro_loss : 1.12203, 
epoch 183 summary: dyn_dyn_cos_loss: 0.34462, dyn_sta_cos_loss: 0.07134, total_cos_loss : 0.18065, vocab_cro_loss : 1.12195, 
epoch 184 summary: dyn_dyn_cos_loss: 0.34275, dyn_sta_cos_loss: 0.07128, total_cos_loss : 0.17987, vocab_cro_loss : 1.12192, 
epoch 185 summary: dyn_dyn_cos_loss: 0.34095, dyn_sta_cos_loss: 0.07099, total_cos_loss : 0.17897, vocab_cro_loss : 1.12203, 
epoch 186 summary: dyn_dyn_cos_loss: 0.33915, dyn_sta_cos_loss: 0.07114, total_cos_loss : 0.17835, vocab_cro_loss : 1.12146, 
epoch 187 summary: dyn_dyn_cos_loss: 0.33747, dyn_sta_cos_loss: 0.07096, total_cos_loss : 0.17757, vocab_cro_loss : 1.12120, 
epoch 188 summary: dyn_dyn_cos_loss: 0.33585, dyn_sta_cos_loss: 0.07069, total_cos_loss : 0.17676, vocab_cro_loss : 1.12105, 
epoch 189 summary: dyn_dyn_cos_loss: 0.33431, dyn_sta_cos_loss: 0.07071, total_cos_loss : 0.17615, vocab_cro_loss : 1.12086, 
epoch 190 summary: dyn_dyn_cos_loss: 0.33287, dyn_sta_cos_loss: 0.07061, total_cos_loss : 0.17551, vocab_cro_loss : 1.12072, 
train loss: 1.1207, train acc: 0.6577
epoch 191 summary: dyn_dyn_cos_loss: 0.33146, dyn_sta_cos_loss: 0.07054, total_cos_loss : 0.17490, vocab_cro_loss : 1.12066, 
epoch 192 summary: dyn_dyn_cos_loss: 0.32998, dyn_sta_cos_loss: 0.07069, total_cos_loss : 0.17441, vocab_cro_loss : 1.12075, 
epoch 193 summary: dyn_dyn_cos_loss: 0.32861, dyn_sta_cos_loss: 0.07063, total_cos_loss : 0.17382, vocab_cro_loss : 1.12045, 
epoch 194 summary: dyn_dyn_cos_loss: 0.32733, dyn_sta_cos_loss: 0.07060, total_cos_loss : 0.17329, vocab_cro_loss : 1.12056, 
epoch 195 summary: dyn_dyn_cos_loss: 0.32606, dyn_sta_cos_loss: 0.07042, total_cos_loss : 0.17268, vocab_cro_loss : 1.12082, 
epoch 196 summary: dyn_dyn_cos_loss: 0.32477, dyn_sta_cos_loss: 0.07042, total_cos_loss : 0.17216, vocab_cro_loss : 1.12116, 
epoch 197 summary: dyn_dyn_cos_loss: 0.32362, dyn_sta_cos_loss: 0.07067, total_cos_loss : 0.17185, vocab_cro_loss : 1.12072, 
epoch 198 summary: dyn_dyn_cos_loss: 0.32251, dyn_sta_cos_loss: 0.07027, total_cos_loss : 0.17117, vocab_cro_loss : 1.12106, 
epoch 199 summary: dyn_dyn_cos_loss: 0.32144, dyn_sta_cos_loss: 0.07003, total_cos_loss : 0.17060, vocab_cro_loss : 1.12105, 
train loss: 1.1211, train acc: 0.6577
all                        5235004.464ms
all_epoch                  5224813.256ms
all_preparation              10191.154ms
all_preparation_2            10188.565ms
all_preparation_3                2.511ms
epoch                        25971.972ms
epoch_pos_train                  3.998ms
epoch_preparation               34.265ms
epoch_train                  25610.363ms
epoch_valid                    320.705ms
----------------------------------------
all                        5235004.464ms
  all_epoch             99.81%
  all_preparation        0.19%
all_preparation              10191.154ms
  all_preparation_2     99.97%
  all_preparation_3      0.02%
epoch                      5194394.466ms
  epoch_train           98.61%
  epoch_valid            1.23%
  epoch_preparation      0.13%
  epoch_pos_train        0.02%
epoch   0 summary: dyn_dyn_cos_loss: 5.49077, dyn_sta_cos_loss: 3.17236, total_cos_loss : 4.09972, 
valid loss: 3.9788, valid acc: 0.0703
epoch   1 summary: dyn_dyn_cos_loss: 5.21123, dyn_sta_cos_loss: 2.87334, total_cos_loss : 3.80850, 
epoch   2 summary: dyn_dyn_cos_loss: 4.94138, dyn_sta_cos_loss: 2.59961, total_cos_loss : 3.53632, 
epoch   3 summary: dyn_dyn_cos_loss: 4.68379, dyn_sta_cos_loss: 2.32641, total_cos_loss : 3.26936, 
epoch   4 summary: dyn_dyn_cos_loss: 4.45106, dyn_sta_cos_loss: 2.05989, total_cos_loss : 3.01636, 
epoch   5 summary: dyn_dyn_cos_loss: 4.22800, dyn_sta_cos_loss: 1.81510, total_cos_loss : 2.78026, 
epoch   6 summary: dyn_dyn_cos_loss: 4.00846, dyn_sta_cos_loss: 1.59879, total_cos_loss : 2.56266, 
epoch   7 summary: dyn_dyn_cos_loss: 3.80718, dyn_sta_cos_loss: 1.40403, total_cos_loss : 2.36529, 
epoch   8 summary: dyn_dyn_cos_loss: 3.60927, dyn_sta_cos_loss: 1.22584, total_cos_loss : 2.17921, 
epoch   9 summary: dyn_dyn_cos_loss: 3.42755, dyn_sta_cos_loss: 1.06986, total_cos_loss : 2.01294, 
epoch  10 summary: dyn_dyn_cos_loss: 3.24804, dyn_sta_cos_loss: 0.93587, total_cos_loss : 1.86074, 
valid loss: 2.1574, valid acc: 0.5449
epoch  11 summary: dyn_dyn_cos_loss: 3.07303, dyn_sta_cos_loss: 0.82200, total_cos_loss : 1.72241, 
epoch  12 summary: dyn_dyn_cos_loss: 2.90478, dyn_sta_cos_loss: 0.72612, total_cos_loss : 1.59758, 
epoch  13 summary: dyn_dyn_cos_loss: 2.74826, dyn_sta_cos_loss: 0.65161, total_cos_loss : 1.49027, 
epoch  14 summary: dyn_dyn_cos_loss: 2.60477, dyn_sta_cos_loss: 0.59338, total_cos_loss : 1.39793, 
epoch  15 summary: dyn_dyn_cos_loss: 2.46553, dyn_sta_cos_loss: 0.54288, total_cos_loss : 1.31194, 
epoch  16 summary: dyn_dyn_cos_loss: 2.32622, dyn_sta_cos_loss: 0.50092, total_cos_loss : 1.23104, 
epoch  17 summary: dyn_dyn_cos_loss: 2.20405, dyn_sta_cos_loss: 0.46958, total_cos_loss : 1.16337, 
epoch  18 summary: dyn_dyn_cos_loss: 2.08764, dyn_sta_cos_loss: 0.44121, total_cos_loss : 1.09978, 
epoch  19 summary: dyn_dyn_cos_loss: 1.97837, dyn_sta_cos_loss: 0.41409, total_cos_loss : 1.03980, 
epoch  20 summary: dyn_dyn_cos_loss: 1.92139, dyn_sta_cos_loss: 0.39138, total_cos_loss : 1.00338, 
valid loss: 1.7704, valid acc: 0.5488
epoch  21 summary: dyn_dyn_cos_loss: 1.82432, dyn_sta_cos_loss: 0.37036, total_cos_loss : 0.95194, 
epoch  22 summary: dyn_dyn_cos_loss: 1.72570, dyn_sta_cos_loss: 0.35068, total_cos_loss : 0.90069, 
epoch  23 summary: dyn_dyn_cos_loss: 1.62714, dyn_sta_cos_loss: 0.33507, total_cos_loss : 0.85190, 
epoch  24 summary: dyn_dyn_cos_loss: 1.54166, dyn_sta_cos_loss: 0.32038, total_cos_loss : 0.80890, 
epoch  25 summary: dyn_dyn_cos_loss: 1.46096, dyn_sta_cos_loss: 0.30614, total_cos_loss : 0.76806, 
epoch  26 summary: dyn_dyn_cos_loss: 1.39130, dyn_sta_cos_loss: 0.29292, total_cos_loss : 0.73227, 
epoch  27 summary: dyn_dyn_cos_loss: 1.31748, dyn_sta_cos_loss: 0.28009, total_cos_loss : 0.69504, 
epoch  28 summary: dyn_dyn_cos_loss: 1.24743, dyn_sta_cos_loss: 0.26894, total_cos_loss : 0.66033, 
epoch  29 summary: dyn_dyn_cos_loss: 1.18081, dyn_sta_cos_loss: 0.25821, total_cos_loss : 0.62725, 
epoch  30 summary: dyn_dyn_cos_loss: 1.12088, dyn_sta_cos_loss: 0.25116, total_cos_loss : 0.59905, 
valid loss: 1.6788, valid acc: 0.5469
epoch  31 summary: dyn_dyn_cos_loss: 1.07473, dyn_sta_cos_loss: 0.24079, total_cos_loss : 0.57436, 
epoch  32 summary: dyn_dyn_cos_loss: 1.02477, dyn_sta_cos_loss: 0.23307, total_cos_loss : 0.54975, 
epoch  33 summary: dyn_dyn_cos_loss: 0.97601, dyn_sta_cos_loss: 0.22487, total_cos_loss : 0.52533, 
epoch  34 summary: dyn_dyn_cos_loss: 0.92466, dyn_sta_cos_loss: 0.21598, total_cos_loss : 0.49945, 
epoch  35 summary: dyn_dyn_cos_loss: 0.88526, dyn_sta_cos_loss: 0.20803, total_cos_loss : 0.47892, 
epoch  36 summary: dyn_dyn_cos_loss: 0.85024, dyn_sta_cos_loss: 0.20135, total_cos_loss : 0.46091, 
epoch  37 summary: dyn_dyn_cos_loss: 0.81991, dyn_sta_cos_loss: 0.19301, total_cos_loss : 0.44377, 
epoch  38 summary: dyn_dyn_cos_loss: 0.78356, dyn_sta_cos_loss: 0.18917, total_cos_loss : 0.42693, 
epoch  39 summary: dyn_dyn_cos_loss: 0.75305, dyn_sta_cos_loss: 0.18256, total_cos_loss : 0.41075, 
epoch  40 summary: dyn_dyn_cos_loss: 0.75420, dyn_sta_cos_loss: 0.17776, total_cos_loss : 0.40833, 
valid loss: 1.6142, valid acc: 0.5723
epoch  41 summary: dyn_dyn_cos_loss: 0.72576, dyn_sta_cos_loss: 0.17296, total_cos_loss : 0.39408, 
epoch  42 summary: dyn_dyn_cos_loss: 0.70303, dyn_sta_cos_loss: 0.16804, total_cos_loss : 0.38203, 
epoch  43 summary: dyn_dyn_cos_loss: 0.68138, dyn_sta_cos_loss: 0.16362, total_cos_loss : 0.37072, 
epoch  44 summary: dyn_dyn_cos_loss: 0.66014, dyn_sta_cos_loss: 0.16060, total_cos_loss : 0.36042, 
epoch  45 summary: dyn_dyn_cos_loss: 0.64128, dyn_sta_cos_loss: 0.15588, total_cos_loss : 0.35004, 
epoch  46 summary: dyn_dyn_cos_loss: 0.62190, dyn_sta_cos_loss: 0.15216, total_cos_loss : 0.34006, 
epoch  47 summary: dyn_dyn_cos_loss: 0.60502, dyn_sta_cos_loss: 0.14867, total_cos_loss : 0.33121, 
epoch  48 summary: dyn_dyn_cos_loss: 0.58807, dyn_sta_cos_loss: 0.14487, total_cos_loss : 0.32215, 
epoch  49 summary: dyn_dyn_cos_loss: 0.57208, dyn_sta_cos_loss: 0.14139, total_cos_loss : 0.31367, 
epoch  50 summary: dyn_dyn_cos_loss: 0.55801, dyn_sta_cos_loss: 0.13879, total_cos_loss : 0.30648, 
valid loss: 1.5807, valid acc: 0.5703
epoch  51 summary: dyn_dyn_cos_loss: 0.54329, dyn_sta_cos_loss: 0.13617, total_cos_loss : 0.29902, 
epoch  52 summary: dyn_dyn_cos_loss: 0.53075, dyn_sta_cos_loss: 0.13435, total_cos_loss : 0.29291, 
epoch  53 summary: dyn_dyn_cos_loss: 0.51577, dyn_sta_cos_loss: 0.13211, total_cos_loss : 0.28557, 
epoch  54 summary: dyn_dyn_cos_loss: 0.50294, dyn_sta_cos_loss: 0.12963, total_cos_loss : 0.27895, 
epoch  55 summary: dyn_dyn_cos_loss: 0.49070, dyn_sta_cos_loss: 0.12790, total_cos_loss : 0.27302, 
epoch  56 summary: dyn_dyn_cos_loss: 0.47795, dyn_sta_cos_loss: 0.12614, total_cos_loss : 0.26686, 
epoch  57 summary: dyn_dyn_cos_loss: 0.46808, dyn_sta_cos_loss: 0.12370, total_cos_loss : 0.26145, 
epoch  58 summary: dyn_dyn_cos_loss: 0.45746, dyn_sta_cos_loss: 0.12206, total_cos_loss : 0.25622, 
epoch  59 summary: dyn_dyn_cos_loss: 0.44812, dyn_sta_cos_loss: 0.12016, total_cos_loss : 0.25134, 
epoch  60 summary: dyn_dyn_cos_loss: 0.47121, dyn_sta_cos_loss: 0.11803, total_cos_loss : 0.25930, 
valid loss: 1.5725, valid acc: 0.5684
epoch  61 summary: dyn_dyn_cos_loss: 0.46299, dyn_sta_cos_loss: 0.11602, total_cos_loss : 0.25481, 
epoch  62 summary: dyn_dyn_cos_loss: 0.45481, dyn_sta_cos_loss: 0.11301, total_cos_loss : 0.24973, 
epoch  63 summary: dyn_dyn_cos_loss: 0.44687, dyn_sta_cos_loss: 0.11031, total_cos_loss : 0.24493, 
epoch  64 summary: dyn_dyn_cos_loss: 0.43954, dyn_sta_cos_loss: 0.10843, total_cos_loss : 0.24087, 
epoch  65 summary: dyn_dyn_cos_loss: 0.43316, dyn_sta_cos_loss: 0.10689, total_cos_loss : 0.23740, 
epoch  66 summary: dyn_dyn_cos_loss: 0.42651, dyn_sta_cos_loss: 0.10558, total_cos_loss : 0.23395, 
epoch  67 summary: dyn_dyn_cos_loss: 0.41955, dyn_sta_cos_loss: 0.10365, total_cos_loss : 0.23001, 
epoch  68 summary: dyn_dyn_cos_loss: 0.41493, dyn_sta_cos_loss: 0.10254, total_cos_loss : 0.22749, 
epoch  69 summary: dyn_dyn_cos_loss: 0.40906, dyn_sta_cos_loss: 0.10130, total_cos_loss : 0.22441, 
epoch  70 summary: dyn_dyn_cos_loss: 0.40436, dyn_sta_cos_loss: 0.09947, total_cos_loss : 0.22143, 
valid loss: 1.5702, valid acc: 0.5684
epoch  71 summary: dyn_dyn_cos_loss: 0.40025, dyn_sta_cos_loss: 0.09814, total_cos_loss : 0.21899, 
epoch  72 summary: dyn_dyn_cos_loss: 0.39581, dyn_sta_cos_loss: 0.09674, total_cos_loss : 0.21637, 
epoch  73 summary: dyn_dyn_cos_loss: 0.39150, dyn_sta_cos_loss: 0.09559, total_cos_loss : 0.21396, 
epoch  74 summary: dyn_dyn_cos_loss: 0.38769, dyn_sta_cos_loss: 0.09457, total_cos_loss : 0.21182, 
epoch  75 summary: dyn_dyn_cos_loss: 0.38325, dyn_sta_cos_loss: 0.09367, total_cos_loss : 0.20950, 
epoch  76 summary: dyn_dyn_cos_loss: 0.37966, dyn_sta_cos_loss: 0.09279, total_cos_loss : 0.20754, 
epoch  77 summary: dyn_dyn_cos_loss: 0.37638, dyn_sta_cos_loss: 0.09186, total_cos_loss : 0.20567, 
epoch  78 summary: dyn_dyn_cos_loss: 0.37327, dyn_sta_cos_loss: 0.09123, total_cos_loss : 0.20404, 
epoch  79 summary: dyn_dyn_cos_loss: 0.37098, dyn_sta_cos_loss: 0.09028, total_cos_loss : 0.20256, 
epoch  80 summary: dyn_dyn_cos_loss: 0.38407, dyn_sta_cos_loss: 0.08940, total_cos_loss : 0.20727, 
valid loss: 1.5601, valid acc: 0.5645
epoch  81 summary: dyn_dyn_cos_loss: 0.38093, dyn_sta_cos_loss: 0.08843, total_cos_loss : 0.20543, 
epoch  82 summary: dyn_dyn_cos_loss: 0.37669, dyn_sta_cos_loss: 0.08783, total_cos_loss : 0.20338, 
epoch  83 summary: dyn_dyn_cos_loss: 0.37278, dyn_sta_cos_loss: 0.08706, total_cos_loss : 0.20134, 
epoch  84 summary: dyn_dyn_cos_loss: 0.36911, dyn_sta_cos_loss: 0.08672, total_cos_loss : 0.19968, 
epoch  85 summary: dyn_dyn_cos_loss: 0.36596, dyn_sta_cos_loss: 0.08593, total_cos_loss : 0.19795, 
epoch  86 summary: dyn_dyn_cos_loss: 0.36330, dyn_sta_cos_loss: 0.08527, total_cos_loss : 0.19648, 
epoch  87 summary: dyn_dyn_cos_loss: 0.36150, dyn_sta_cos_loss: 0.08422, total_cos_loss : 0.19513, 
epoch  88 summary: dyn_dyn_cos_loss: 0.35840, dyn_sta_cos_loss: 0.08372, total_cos_loss : 0.19359, 
epoch  89 summary: dyn_dyn_cos_loss: 0.35593, dyn_sta_cos_loss: 0.08314, total_cos_loss : 0.19225, 
epoch  90 summary: dyn_dyn_cos_loss: 0.35333, dyn_sta_cos_loss: 0.08258, total_cos_loss : 0.19088, 
valid loss: 1.5508, valid acc: 0.5625
epoch  91 summary: dyn_dyn_cos_loss: 0.35034, dyn_sta_cos_loss: 0.08205, total_cos_loss : 0.18937, 
epoch  92 summary: dyn_dyn_cos_loss: 0.34791, dyn_sta_cos_loss: 0.08157, total_cos_loss : 0.18810, 
epoch  93 summary: dyn_dyn_cos_loss: 0.34534, dyn_sta_cos_loss: 0.08104, total_cos_loss : 0.18676, 
epoch  94 summary: dyn_dyn_cos_loss: 0.34276, dyn_sta_cos_loss: 0.08048, total_cos_loss : 0.18539, 
epoch  95 summary: dyn_dyn_cos_loss: 0.34064, dyn_sta_cos_loss: 0.08001, total_cos_loss : 0.18426, 
epoch  96 summary: dyn_dyn_cos_loss: 0.33923, dyn_sta_cos_loss: 0.07923, total_cos_loss : 0.18323, 
epoch  97 summary: dyn_dyn_cos_loss: 0.33692, dyn_sta_cos_loss: 0.07887, total_cos_loss : 0.18209, 
epoch  98 summary: dyn_dyn_cos_loss: 0.33540, dyn_sta_cos_loss: 0.07848, total_cos_loss : 0.18125, 
epoch  99 summary: dyn_dyn_cos_loss: 0.33351, dyn_sta_cos_loss: 0.07825, total_cos_loss : 0.18036, 
epoch 100 summary: dyn_dyn_cos_loss: 0.36320, dyn_sta_cos_loss: 0.07783, total_cos_loss : 0.19198, 
valid loss: 1.5541, valid acc: 0.5645
epoch 101 summary: dyn_dyn_cos_loss: 0.36004, dyn_sta_cos_loss: 0.07789, total_cos_loss : 0.19075, 
epoch 102 summary: dyn_dyn_cos_loss: 0.35736, dyn_sta_cos_loss: 0.07758, total_cos_loss : 0.18949, 
epoch 103 summary: dyn_dyn_cos_loss: 0.35547, dyn_sta_cos_loss: 0.07743, total_cos_loss : 0.18865, 
epoch 104 summary: dyn_dyn_cos_loss: 0.35322, dyn_sta_cos_loss: 0.07732, total_cos_loss : 0.18768, 
epoch 105 summary: dyn_dyn_cos_loss: 0.35115, dyn_sta_cos_loss: 0.07700, total_cos_loss : 0.18666, 
epoch 106 summary: dyn_dyn_cos_loss: 0.34910, dyn_sta_cos_loss: 0.07674, total_cos_loss : 0.18568, 
epoch 107 summary: dyn_dyn_cos_loss: 0.34676, dyn_sta_cos_loss: 0.07678, total_cos_loss : 0.18477, 
epoch 108 summary: dyn_dyn_cos_loss: 0.34504, dyn_sta_cos_loss: 0.07628, total_cos_loss : 0.18379, 
epoch 109 summary: dyn_dyn_cos_loss: 0.34336, dyn_sta_cos_loss: 0.07584, total_cos_loss : 0.18284, 
epoch 110 summary: dyn_dyn_cos_loss: 0.34173, dyn_sta_cos_loss: 0.07532, total_cos_loss : 0.18188, 
valid loss: 1.5515, valid acc: 0.5605
epoch 111 summary: dyn_dyn_cos_loss: 0.34005, dyn_sta_cos_loss: 0.07531, total_cos_loss : 0.18120, 
epoch 112 summary: dyn_dyn_cos_loss: 0.33860, dyn_sta_cos_loss: 0.07502, total_cos_loss : 0.18045, 
epoch 113 summary: dyn_dyn_cos_loss: 0.33688, dyn_sta_cos_loss: 0.07468, total_cos_loss : 0.17956, 
epoch 114 summary: dyn_dyn_cos_loss: 0.33573, dyn_sta_cos_loss: 0.07423, total_cos_loss : 0.17883, 
epoch 115 summary: dyn_dyn_cos_loss: 0.33447, dyn_sta_cos_loss: 0.07401, total_cos_loss : 0.17819, 
epoch 116 summary: dyn_dyn_cos_loss: 0.33288, dyn_sta_cos_loss: 0.07396, total_cos_loss : 0.17753, 
epoch 117 summary: dyn_dyn_cos_loss: 0.33199, dyn_sta_cos_loss: 0.07344, total_cos_loss : 0.17686, 
epoch 118 summary: dyn_dyn_cos_loss: 0.33110, dyn_sta_cos_loss: 0.07324, total_cos_loss : 0.17639, 
epoch 119 summary: dyn_dyn_cos_loss: 0.33016, dyn_sta_cos_loss: 0.07311, total_cos_loss : 0.17593, 
epoch 120 summary: dyn_dyn_cos_loss: 0.34797, dyn_sta_cos_loss: 0.07295, total_cos_loss : 0.18296, 
valid loss: 1.5442, valid acc: 0.5547
epoch 121 summary: dyn_dyn_cos_loss: 0.34495, dyn_sta_cos_loss: 0.07310, total_cos_loss : 0.18184, 
epoch 122 summary: dyn_dyn_cos_loss: 0.34288, dyn_sta_cos_loss: 0.07290, total_cos_loss : 0.18089, 
epoch 123 summary: dyn_dyn_cos_loss: 0.34117, dyn_sta_cos_loss: 0.07254, total_cos_loss : 0.17999, 
epoch 124 summary: dyn_dyn_cos_loss: 0.33936, dyn_sta_cos_loss: 0.07240, total_cos_loss : 0.17919, 
epoch 125 summary: dyn_dyn_cos_loss: 0.33717, dyn_sta_cos_loss: 0.07244, total_cos_loss : 0.17833, 
epoch 126 summary: dyn_dyn_cos_loss: 0.33529, dyn_sta_cos_loss: 0.07231, total_cos_loss : 0.17750, 
epoch 127 summary: dyn_dyn_cos_loss: 0.33357, dyn_sta_cos_loss: 0.07212, total_cos_loss : 0.17670, 
epoch 128 summary: dyn_dyn_cos_loss: 0.33206, dyn_sta_cos_loss: 0.07194, total_cos_loss : 0.17598, 
epoch 129 summary: dyn_dyn_cos_loss: 0.33081, dyn_sta_cos_loss: 0.07179, total_cos_loss : 0.17539, 
epoch 130 summary: dyn_dyn_cos_loss: 0.32960, dyn_sta_cos_loss: 0.07167, total_cos_loss : 0.17484, 
valid loss: 1.5467, valid acc: 0.5625
epoch 131 summary: dyn_dyn_cos_loss: 0.32823, dyn_sta_cos_loss: 0.07162, total_cos_loss : 0.17426, 
epoch 132 summary: dyn_dyn_cos_loss: 0.32704, dyn_sta_cos_loss: 0.07148, total_cos_loss : 0.17371, 
epoch 133 summary: dyn_dyn_cos_loss: 0.32585, dyn_sta_cos_loss: 0.07138, total_cos_loss : 0.17317, 
epoch 134 summary: dyn_dyn_cos_loss: 0.32494, dyn_sta_cos_loss: 0.07116, total_cos_loss : 0.17268, 
epoch 135 summary: dyn_dyn_cos_loss: 0.32387, dyn_sta_cos_loss: 0.07104, total_cos_loss : 0.17217, 
epoch 136 summary: dyn_dyn_cos_loss: 0.32283, dyn_sta_cos_loss: 0.07094, total_cos_loss : 0.17169, 
epoch 137 summary: dyn_dyn_cos_loss: 0.32205, dyn_sta_cos_loss: 0.07072, total_cos_loss : 0.17125, 
epoch 138 summary: dyn_dyn_cos_loss: 0.32112, dyn_sta_cos_loss: 0.07059, total_cos_loss : 0.17080, 
epoch 139 summary: dyn_dyn_cos_loss: 0.31987, dyn_sta_cos_loss: 0.07062, total_cos_loss : 0.17032, 
epoch 140 summary: dyn_dyn_cos_loss: 0.34182, dyn_sta_cos_loss: 0.07039, total_cos_loss : 0.17896, 
valid loss: 1.5385, valid acc: 0.5566
epoch 141 summary: dyn_dyn_cos_loss: 0.34022, dyn_sta_cos_loss: 0.07032, total_cos_loss : 0.17828, 
epoch 142 summary: dyn_dyn_cos_loss: 0.33858, dyn_sta_cos_loss: 0.07028, total_cos_loss : 0.17760, 
epoch 143 summary: dyn_dyn_cos_loss: 0.33681, dyn_sta_cos_loss: 0.07021, total_cos_loss : 0.17685, 
epoch 144 summary: dyn_dyn_cos_loss: 0.33511, dyn_sta_cos_loss: 0.07031, total_cos_loss : 0.17623, 
epoch 145 summary: dyn_dyn_cos_loss: 0.33340, dyn_sta_cos_loss: 0.07021, total_cos_loss : 0.17549, 
epoch 146 summary: dyn_dyn_cos_loss: 0.33213, dyn_sta_cos_loss: 0.07017, total_cos_loss : 0.17495, 
epoch 147 summary: dyn_dyn_cos_loss: 0.33082, dyn_sta_cos_loss: 0.07010, total_cos_loss : 0.17439, 
epoch 148 summary: dyn_dyn_cos_loss: 0.32944, dyn_sta_cos_loss: 0.06996, total_cos_loss : 0.17375, 
epoch 149 summary: dyn_dyn_cos_loss: 0.32823, dyn_sta_cos_loss: 0.06993, total_cos_loss : 0.17325, 
epoch 150 summary: dyn_dyn_cos_loss: 0.32717, dyn_sta_cos_loss: 0.06973, total_cos_loss : 0.17270, 
valid loss: 1.5407, valid acc: 0.5625
epoch 151 summary: dyn_dyn_cos_loss: 0.32613, dyn_sta_cos_loss: 0.06960, total_cos_loss : 0.17222, 
epoch 152 summary: dyn_dyn_cos_loss: 0.32453, dyn_sta_cos_loss: 0.06958, total_cos_loss : 0.17156, 
epoch 153 summary: dyn_dyn_cos_loss: 0.32339, dyn_sta_cos_loss: 0.06955, total_cos_loss : 0.17109, 
epoch 154 summary: dyn_dyn_cos_loss: 0.32235, dyn_sta_cos_loss: 0.06942, total_cos_loss : 0.17059, 
epoch 155 summary: dyn_dyn_cos_loss: 0.32132, dyn_sta_cos_loss: 0.06934, total_cos_loss : 0.17013, 
epoch 156 summary: dyn_dyn_cos_loss: 0.32014, dyn_sta_cos_loss: 0.06935, total_cos_loss : 0.16967, 
epoch 157 summary: dyn_dyn_cos_loss: 0.31915, dyn_sta_cos_loss: 0.06929, total_cos_loss : 0.16923, 
epoch 158 summary: dyn_dyn_cos_loss: 0.31842, dyn_sta_cos_loss: 0.06928, total_cos_loss : 0.16893, 
epoch 159 summary: dyn_dyn_cos_loss: 0.31765, dyn_sta_cos_loss: 0.06922, total_cos_loss : 0.16859, 
epoch 160 summary: dyn_dyn_cos_loss: 0.33185, dyn_sta_cos_loss: 0.06875, total_cos_loss : 0.17399, 
valid loss: 1.5414, valid acc: 0.5566
epoch 161 summary: dyn_dyn_cos_loss: 0.32984, dyn_sta_cos_loss: 0.06874, total_cos_loss : 0.17318, 
epoch 162 summary: dyn_dyn_cos_loss: 0.32832, dyn_sta_cos_loss: 0.06868, total_cos_loss : 0.17253, 
epoch 163 summary: dyn_dyn_cos_loss: 0.32677, dyn_sta_cos_loss: 0.06858, total_cos_loss : 0.17185, 
epoch 164 summary: dyn_dyn_cos_loss: 0.32540, dyn_sta_cos_loss: 0.06853, total_cos_loss : 0.17128, 
epoch 165 summary: dyn_dyn_cos_loss: 0.32401, dyn_sta_cos_loss: 0.06837, total_cos_loss : 0.17063, 
epoch 166 summary: dyn_dyn_cos_loss: 0.32257, dyn_sta_cos_loss: 0.06826, total_cos_loss : 0.16998, 
epoch 167 summary: dyn_dyn_cos_loss: 0.32105, dyn_sta_cos_loss: 0.06818, total_cos_loss : 0.16933, 
epoch 168 summary: dyn_dyn_cos_loss: 0.31993, dyn_sta_cos_loss: 0.06800, total_cos_loss : 0.16877, 
epoch 169 summary: dyn_dyn_cos_loss: 0.31894, dyn_sta_cos_loss: 0.06788, total_cos_loss : 0.16830, 
epoch 170 summary: dyn_dyn_cos_loss: 0.31779, dyn_sta_cos_loss: 0.06777, total_cos_loss : 0.16778, 
valid loss: 1.5372, valid acc: 0.5605
epoch 171 summary: dyn_dyn_cos_loss: 0.31649, dyn_sta_cos_loss: 0.06778, total_cos_loss : 0.16727, 
epoch 172 summary: dyn_dyn_cos_loss: 0.31552, dyn_sta_cos_loss: 0.06771, total_cos_loss : 0.16683, 
epoch 173 summary: dyn_dyn_cos_loss: 0.31449, dyn_sta_cos_loss: 0.06756, total_cos_loss : 0.16633, 
epoch 174 summary: dyn_dyn_cos_loss: 0.31319, dyn_sta_cos_loss: 0.06763, total_cos_loss : 0.16585, 
epoch 175 summary: dyn_dyn_cos_loss: 0.31225, dyn_sta_cos_loss: 0.06755, total_cos_loss : 0.16543, 
epoch 176 summary: dyn_dyn_cos_loss: 0.31152, dyn_sta_cos_loss: 0.06741, total_cos_loss : 0.16506, 
epoch 177 summary: dyn_dyn_cos_loss: 0.31079, dyn_sta_cos_loss: 0.06736, total_cos_loss : 0.16474, 
epoch 178 summary: dyn_dyn_cos_loss: 0.30987, dyn_sta_cos_loss: 0.06733, total_cos_loss : 0.16434, 
epoch 179 summary: dyn_dyn_cos_loss: 0.30924, dyn_sta_cos_loss: 0.06723, total_cos_loss : 0.16403, 
epoch 180 summary: dyn_dyn_cos_loss: 0.33098, dyn_sta_cos_loss: 0.06719, total_cos_loss : 0.17271, 
valid loss: 1.5398, valid acc: 0.5625
epoch 181 summary: dyn_dyn_cos_loss: 0.32906, dyn_sta_cos_loss: 0.06724, total_cos_loss : 0.17197, 
epoch 182 summary: dyn_dyn_cos_loss: 0.32755, dyn_sta_cos_loss: 0.06726, total_cos_loss : 0.17138, 
epoch 183 summary: dyn_dyn_cos_loss: 0.32609, dyn_sta_cos_loss: 0.06718, total_cos_loss : 0.17074, 
epoch 184 summary: dyn_dyn_cos_loss: 0.32469, dyn_sta_cos_loss: 0.06712, total_cos_loss : 0.17015, 
epoch 185 summary: dyn_dyn_cos_loss: 0.32333, dyn_sta_cos_loss: 0.06715, total_cos_loss : 0.16962, 
epoch 186 summary: dyn_dyn_cos_loss: 0.32193, dyn_sta_cos_loss: 0.06723, total_cos_loss : 0.16911, 
epoch 187 summary: dyn_dyn_cos_loss: 0.32102, dyn_sta_cos_loss: 0.06712, total_cos_loss : 0.16868, 
epoch 188 summary: dyn_dyn_cos_loss: 0.32019, dyn_sta_cos_loss: 0.06705, total_cos_loss : 0.16831, 
epoch 189 summary: dyn_dyn_cos_loss: 0.31902, dyn_sta_cos_loss: 0.06716, total_cos_loss : 0.16790, 
epoch 190 summary: dyn_dyn_cos_loss: 0.31814, dyn_sta_cos_loss: 0.06711, total_cos_loss : 0.16752, 
valid loss: 1.5427, valid acc: 0.5605
epoch 191 summary: dyn_dyn_cos_loss: 0.31727, dyn_sta_cos_loss: 0.06703, total_cos_loss : 0.16713, 
epoch 192 summary: dyn_dyn_cos_loss: 0.31639, dyn_sta_cos_loss: 0.06688, total_cos_loss : 0.16669, 
epoch 193 summary: dyn_dyn_cos_loss: 0.31550, dyn_sta_cos_loss: 0.06678, total_cos_loss : 0.16627, 
epoch 194 summary: dyn_dyn_cos_loss: 0.31435, dyn_sta_cos_loss: 0.06682, total_cos_loss : 0.16583, 
epoch 195 summary: dyn_dyn_cos_loss: 0.31302, dyn_sta_cos_loss: 0.06689, total_cos_loss : 0.16534, 
epoch 196 summary: dyn_dyn_cos_loss: 0.31221, dyn_sta_cos_loss: 0.06681, total_cos_loss : 0.16497, 
epoch 197 summary: dyn_dyn_cos_loss: 0.31153, dyn_sta_cos_loss: 0.06672, total_cos_loss : 0.16464, 
epoch 198 summary: dyn_dyn_cos_loss: 0.31080, dyn_sta_cos_loss: 0.06667, total_cos_loss : 0.16432, 
epoch 199 summary: dyn_dyn_cos_loss: 0.31009, dyn_sta_cos_loss: 0.06661, total_cos_loss : 0.16401, 
valid loss: 1.5388, valid acc: 0.5547
all                          56847.173ms
all_epoch                    56760.487ms
all_preparation                 86.667ms
all_preparation_2               84.455ms
all_preparation_3                2.187ms
epoch                          204.877ms
epoch_pos_train                  5.421ms
epoch_preparation                0.557ms
epoch_train                    193.724ms
epoch_valid                      3.869ms
----------------------------------------
all                          56847.173ms
  all_epoch             99.85%
  all_preparation        0.15%
all_preparation                 86.667ms
  all_preparation_2     97.45%
  all_preparation_3      2.52%
epoch                        40975.405ms
  epoch_train           94.56%
  epoch_pos_train        2.65%
  epoch_valid            1.89%
  epoch_preparation      0.27%
