Before CTE Training: train eu loss: 1.0526156425476074, eval eu loss: 1.492782711982727
Before CTE Training: train eu acc: 0.6604461669921875, eval eu acc: 0.560546875
epoch   0 summary: dyn_dyn_cos_loss: 5.95276, dyn_sta_cos_loss: 3.21677, total_cos_loss : 3.76397, vocab_cro_loss : 4.28721, 
train loss: 4.0059, train acc: 0.0671
epoch   1 summary: dyn_dyn_cos_loss: 5.94029, dyn_sta_cos_loss: 2.93529, total_cos_loss : 3.53629, vocab_cro_loss : 4.00592, 
epoch   2 summary: dyn_dyn_cos_loss: 5.91497, dyn_sta_cos_loss: 2.64571, total_cos_loss : 3.29957, vocab_cro_loss : 3.71803, 
epoch   3 summary: dyn_dyn_cos_loss: 5.87658, dyn_sta_cos_loss: 2.36338, total_cos_loss : 3.06602, vocab_cro_loss : 3.43775, 
epoch   4 summary: dyn_dyn_cos_loss: 5.82729, dyn_sta_cos_loss: 2.09007, total_cos_loss : 2.83752, vocab_cro_loss : 3.16626, 
epoch   5 summary: dyn_dyn_cos_loss: 5.76796, dyn_sta_cos_loss: 1.83266, total_cos_loss : 2.61972, vocab_cro_loss : 2.90976, 
epoch   6 summary: dyn_dyn_cos_loss: 5.69977, dyn_sta_cos_loss: 1.59112, total_cos_loss : 2.41285, vocab_cro_loss : 2.66876, 
epoch   7 summary: dyn_dyn_cos_loss: 5.62339, dyn_sta_cos_loss: 1.37408, total_cos_loss : 2.22394, vocab_cro_loss : 2.45222, 
epoch   8 summary: dyn_dyn_cos_loss: 5.54151, dyn_sta_cos_loss: 1.18249, total_cos_loss : 2.05430, vocab_cro_loss : 2.26147, 
epoch   9 summary: dyn_dyn_cos_loss: 5.45525, dyn_sta_cos_loss: 1.01708, total_cos_loss : 1.90471, vocab_cro_loss : 2.09602, 
epoch  10 summary: dyn_dyn_cos_loss: 5.36500, dyn_sta_cos_loss: 0.87838, total_cos_loss : 1.77570, vocab_cro_loss : 1.95691, 
train loss: 1.8440, train acc: 0.6566
epoch  11 summary: dyn_dyn_cos_loss: 5.27103, dyn_sta_cos_loss: 0.76571, total_cos_loss : 1.66677, vocab_cro_loss : 1.84401, 
epoch  12 summary: dyn_dyn_cos_loss: 5.17474, dyn_sta_cos_loss: 0.67419, total_cos_loss : 1.57430, vocab_cro_loss : 1.75260, 
epoch  13 summary: dyn_dyn_cos_loss: 5.07755, dyn_sta_cos_loss: 0.60082, total_cos_loss : 1.49616, vocab_cro_loss : 1.67766, 
epoch  14 summary: dyn_dyn_cos_loss: 4.98046, dyn_sta_cos_loss: 0.54177, total_cos_loss : 1.42951, vocab_cro_loss : 1.61803, 
epoch  15 summary: dyn_dyn_cos_loss: 4.88158, dyn_sta_cos_loss: 0.49374, total_cos_loss : 1.37131, vocab_cro_loss : 1.56830, 
epoch  16 summary: dyn_dyn_cos_loss: 4.78255, dyn_sta_cos_loss: 0.45320, total_cos_loss : 1.31907, vocab_cro_loss : 1.52667, 
epoch  17 summary: dyn_dyn_cos_loss: 4.68384, dyn_sta_cos_loss: 0.41948, total_cos_loss : 1.27235, vocab_cro_loss : 1.49228, 
epoch  18 summary: dyn_dyn_cos_loss: 4.58519, dyn_sta_cos_loss: 0.38971, total_cos_loss : 1.22880, vocab_cro_loss : 1.46290, 
epoch  19 summary: dyn_dyn_cos_loss: 4.48674, dyn_sta_cos_loss: 0.36374, total_cos_loss : 1.18834, vocab_cro_loss : 1.43538, 
epoch  20 summary: dyn_dyn_cos_loss: 4.47337, dyn_sta_cos_loss: 0.34134, total_cos_loss : 1.16775, vocab_cro_loss : 1.41136, 
train loss: 1.3902, train acc: 0.6557
epoch  21 summary: dyn_dyn_cos_loss: 4.37473, dyn_sta_cos_loss: 0.32102, total_cos_loss : 1.13176, vocab_cro_loss : 1.39024, 
epoch  22 summary: dyn_dyn_cos_loss: 4.27758, dyn_sta_cos_loss: 0.30204, total_cos_loss : 1.09715, vocab_cro_loss : 1.36879, 
epoch  23 summary: dyn_dyn_cos_loss: 4.18007, dyn_sta_cos_loss: 0.28564, total_cos_loss : 1.06453, vocab_cro_loss : 1.35127, 
epoch  24 summary: dyn_dyn_cos_loss: 4.08495, dyn_sta_cos_loss: 0.27080, total_cos_loss : 1.03363, vocab_cro_loss : 1.33505, 
epoch  25 summary: dyn_dyn_cos_loss: 3.99129, dyn_sta_cos_loss: 0.25700, total_cos_loss : 1.00386, vocab_cro_loss : 1.32041, 
epoch  26 summary: dyn_dyn_cos_loss: 3.89590, dyn_sta_cos_loss: 0.24485, total_cos_loss : 0.97506, vocab_cro_loss : 1.30762, 
epoch  27 summary: dyn_dyn_cos_loss: 3.80356, dyn_sta_cos_loss: 0.23449, total_cos_loss : 0.94830, vocab_cro_loss : 1.29722, 
epoch  28 summary: dyn_dyn_cos_loss: 3.71195, dyn_sta_cos_loss: 0.22431, total_cos_loss : 0.92184, vocab_cro_loss : 1.28582, 
epoch  29 summary: dyn_dyn_cos_loss: 3.62200, dyn_sta_cos_loss: 0.21416, total_cos_loss : 0.89573, vocab_cro_loss : 1.27469, 
epoch  30 summary: dyn_dyn_cos_loss: 3.53306, dyn_sta_cos_loss: 0.20557, total_cos_loss : 0.87107, vocab_cro_loss : 1.26541, 
train loss: 1.2586, train acc: 0.6559
epoch  31 summary: dyn_dyn_cos_loss: 3.44737, dyn_sta_cos_loss: 0.19801, total_cos_loss : 0.84788, vocab_cro_loss : 1.25861, 
epoch  32 summary: dyn_dyn_cos_loss: 3.36213, dyn_sta_cos_loss: 0.19149, total_cos_loss : 0.82562, vocab_cro_loss : 1.25109, 
epoch  33 summary: dyn_dyn_cos_loss: 3.27800, dyn_sta_cos_loss: 0.18458, total_cos_loss : 0.80327, vocab_cro_loss : 1.24411, 
epoch  34 summary: dyn_dyn_cos_loss: 3.19497, dyn_sta_cos_loss: 0.17843, total_cos_loss : 0.78173, vocab_cro_loss : 1.23676, 
epoch  35 summary: dyn_dyn_cos_loss: 3.11394, dyn_sta_cos_loss: 0.17304, total_cos_loss : 0.76122, vocab_cro_loss : 1.23155, 
epoch  36 summary: dyn_dyn_cos_loss: 3.03652, dyn_sta_cos_loss: 0.16822, total_cos_loss : 0.74188, vocab_cro_loss : 1.22624, 
epoch  37 summary: dyn_dyn_cos_loss: 2.96111, dyn_sta_cos_loss: 0.16380, total_cos_loss : 0.72326, vocab_cro_loss : 1.22202, 
epoch  38 summary: dyn_dyn_cos_loss: 2.88588, dyn_sta_cos_loss: 0.15958, total_cos_loss : 0.70484, vocab_cro_loss : 1.21785, 
epoch  39 summary: dyn_dyn_cos_loss: 2.81449, dyn_sta_cos_loss: 0.15568, total_cos_loss : 0.68744, vocab_cro_loss : 1.21337, 
epoch  40 summary: dyn_dyn_cos_loss: 2.80809, dyn_sta_cos_loss: 0.15210, total_cos_loss : 0.68330, vocab_cro_loss : 1.21009, 
train loss: 1.2065, train acc: 0.6556
epoch  41 summary: dyn_dyn_cos_loss: 2.73377, dyn_sta_cos_loss: 0.14877, total_cos_loss : 0.66577, vocab_cro_loss : 1.20645, 
epoch  42 summary: dyn_dyn_cos_loss: 2.66137, dyn_sta_cos_loss: 0.14534, total_cos_loss : 0.64855, vocab_cro_loss : 1.20246, 
epoch  43 summary: dyn_dyn_cos_loss: 2.59199, dyn_sta_cos_loss: 0.14275, total_cos_loss : 0.63260, vocab_cro_loss : 1.19863, 
epoch  44 summary: dyn_dyn_cos_loss: 2.52454, dyn_sta_cos_loss: 0.13944, total_cos_loss : 0.61646, vocab_cro_loss : 1.19591, 
epoch  45 summary: dyn_dyn_cos_loss: 2.45684, dyn_sta_cos_loss: 0.13683, total_cos_loss : 0.60083, vocab_cro_loss : 1.19328, 
epoch  46 summary: dyn_dyn_cos_loss: 2.39178, dyn_sta_cos_loss: 0.13443, total_cos_loss : 0.58590, vocab_cro_loss : 1.19072, 
epoch  47 summary: dyn_dyn_cos_loss: 2.33012, dyn_sta_cos_loss: 0.13213, total_cos_loss : 0.57172, vocab_cro_loss : 1.18848, 
epoch  48 summary: dyn_dyn_cos_loss: 2.26953, dyn_sta_cos_loss: 0.13012, total_cos_loss : 0.55800, vocab_cro_loss : 1.18679, 
epoch  49 summary: dyn_dyn_cos_loss: 2.21132, dyn_sta_cos_loss: 0.12799, total_cos_loss : 0.54466, vocab_cro_loss : 1.18458, 
epoch  50 summary: dyn_dyn_cos_loss: 2.15434, dyn_sta_cos_loss: 0.12596, total_cos_loss : 0.53164, vocab_cro_loss : 1.18248, 
train loss: 1.1803, train acc: 0.6576
epoch  51 summary: dyn_dyn_cos_loss: 2.09866, dyn_sta_cos_loss: 0.12451, total_cos_loss : 0.51934, vocab_cro_loss : 1.18026, 
epoch  52 summary: dyn_dyn_cos_loss: 2.04460, dyn_sta_cos_loss: 0.12316, total_cos_loss : 0.50745, vocab_cro_loss : 1.17836, 
epoch  53 summary: dyn_dyn_cos_loss: 1.99126, dyn_sta_cos_loss: 0.12137, total_cos_loss : 0.49535, vocab_cro_loss : 1.17710, 
epoch  54 summary: dyn_dyn_cos_loss: 1.94090, dyn_sta_cos_loss: 0.11989, total_cos_loss : 0.48409, vocab_cro_loss : 1.17513, 
epoch  55 summary: dyn_dyn_cos_loss: 1.89175, dyn_sta_cos_loss: 0.11861, total_cos_loss : 0.47324, vocab_cro_loss : 1.17357, 
epoch  56 summary: dyn_dyn_cos_loss: 1.84463, dyn_sta_cos_loss: 0.11773, total_cos_loss : 0.46311, vocab_cro_loss : 1.17256, 
epoch  57 summary: dyn_dyn_cos_loss: 1.79932, dyn_sta_cos_loss: 0.11641, total_cos_loss : 0.45299, vocab_cro_loss : 1.17109, 
epoch  58 summary: dyn_dyn_cos_loss: 1.75571, dyn_sta_cos_loss: 0.11480, total_cos_loss : 0.44298, vocab_cro_loss : 1.16981, 
epoch  59 summary: dyn_dyn_cos_loss: 1.71335, dyn_sta_cos_loss: 0.11337, total_cos_loss : 0.43336, vocab_cro_loss : 1.16899, 
epoch  60 summary: dyn_dyn_cos_loss: 1.72211, dyn_sta_cos_loss: 0.11221, total_cos_loss : 0.43419, vocab_cro_loss : 1.16787, 
train loss: 1.1668, train acc: 0.6568
epoch  61 summary: dyn_dyn_cos_loss: 1.68036, dyn_sta_cos_loss: 0.11095, total_cos_loss : 0.42483, vocab_cro_loss : 1.16676, 
epoch  62 summary: dyn_dyn_cos_loss: 1.63954, dyn_sta_cos_loss: 0.10994, total_cos_loss : 0.41586, vocab_cro_loss : 1.16557, 
epoch  63 summary: dyn_dyn_cos_loss: 1.60087, dyn_sta_cos_loss: 0.10852, total_cos_loss : 0.40699, vocab_cro_loss : 1.16401, 
epoch  64 summary: dyn_dyn_cos_loss: 1.56377, dyn_sta_cos_loss: 0.10745, total_cos_loss : 0.39871, vocab_cro_loss : 1.16311, 
epoch  65 summary: dyn_dyn_cos_loss: 1.52738, dyn_sta_cos_loss: 0.10615, total_cos_loss : 0.39039, vocab_cro_loss : 1.16223, 
epoch  66 summary: dyn_dyn_cos_loss: 1.49226, dyn_sta_cos_loss: 0.10513, total_cos_loss : 0.38256, vocab_cro_loss : 1.16097, 
epoch  67 summary: dyn_dyn_cos_loss: 1.45865, dyn_sta_cos_loss: 0.10471, total_cos_loss : 0.37550, vocab_cro_loss : 1.15958, 
epoch  68 summary: dyn_dyn_cos_loss: 1.42583, dyn_sta_cos_loss: 0.10395, total_cos_loss : 0.36832, vocab_cro_loss : 1.15807, 
epoch  69 summary: dyn_dyn_cos_loss: 1.39481, dyn_sta_cos_loss: 0.10260, total_cos_loss : 0.36104, vocab_cro_loss : 1.15657, 
epoch  70 summary: dyn_dyn_cos_loss: 1.36407, dyn_sta_cos_loss: 0.10136, total_cos_loss : 0.35390, vocab_cro_loss : 1.15554, 
train loss: 1.1546, train acc: 0.6577
epoch  71 summary: dyn_dyn_cos_loss: 1.33443, dyn_sta_cos_loss: 0.10038, total_cos_loss : 0.34719, vocab_cro_loss : 1.15462, 
epoch  72 summary: dyn_dyn_cos_loss: 1.30657, dyn_sta_cos_loss: 0.09932, total_cos_loss : 0.34077, vocab_cro_loss : 1.15382, 
epoch  73 summary: dyn_dyn_cos_loss: 1.27976, dyn_sta_cos_loss: 0.09889, total_cos_loss : 0.33507, vocab_cro_loss : 1.15335, 
epoch  74 summary: dyn_dyn_cos_loss: 1.25418, dyn_sta_cos_loss: 0.09784, total_cos_loss : 0.32911, vocab_cro_loss : 1.15243, 
epoch  75 summary: dyn_dyn_cos_loss: 1.22937, dyn_sta_cos_loss: 0.09679, total_cos_loss : 0.32331, vocab_cro_loss : 1.15136, 
epoch  76 summary: dyn_dyn_cos_loss: 1.20523, dyn_sta_cos_loss: 0.09588, total_cos_loss : 0.31775, vocab_cro_loss : 1.15083, 
epoch  77 summary: dyn_dyn_cos_loss: 1.18251, dyn_sta_cos_loss: 0.09512, total_cos_loss : 0.31260, vocab_cro_loss : 1.15008, 
epoch  78 summary: dyn_dyn_cos_loss: 1.16077, dyn_sta_cos_loss: 0.09465, total_cos_loss : 0.30787, vocab_cro_loss : 1.14886, 
epoch  79 summary: dyn_dyn_cos_loss: 1.13993, dyn_sta_cos_loss: 0.09387, total_cos_loss : 0.30308, vocab_cro_loss : 1.14832, 
epoch  80 summary: dyn_dyn_cos_loss: 1.15813, dyn_sta_cos_loss: 0.09326, total_cos_loss : 0.30623, vocab_cro_loss : 1.14697, 
train loss: 1.1463, train acc: 0.6587
epoch  81 summary: dyn_dyn_cos_loss: 1.13733, dyn_sta_cos_loss: 0.09269, total_cos_loss : 0.30162, vocab_cro_loss : 1.14630, 
epoch  82 summary: dyn_dyn_cos_loss: 1.11700, dyn_sta_cos_loss: 0.09195, total_cos_loss : 0.29696, vocab_cro_loss : 1.14581, 
epoch  83 summary: dyn_dyn_cos_loss: 1.09790, dyn_sta_cos_loss: 0.09132, total_cos_loss : 0.29264, vocab_cro_loss : 1.14514, 
epoch  84 summary: dyn_dyn_cos_loss: 1.07970, dyn_sta_cos_loss: 0.09077, total_cos_loss : 0.28856, vocab_cro_loss : 1.14456, 
epoch  85 summary: dyn_dyn_cos_loss: 1.06195, dyn_sta_cos_loss: 0.09020, total_cos_loss : 0.28455, vocab_cro_loss : 1.14386, 
epoch  86 summary: dyn_dyn_cos_loss: 1.04478, dyn_sta_cos_loss: 0.08978, total_cos_loss : 0.28078, vocab_cro_loss : 1.14403, 
epoch  87 summary: dyn_dyn_cos_loss: 1.02847, dyn_sta_cos_loss: 0.08917, total_cos_loss : 0.27703, vocab_cro_loss : 1.14339, 
epoch  88 summary: dyn_dyn_cos_loss: 1.01283, dyn_sta_cos_loss: 0.08892, total_cos_loss : 0.27370, vocab_cro_loss : 1.14271, 
epoch  89 summary: dyn_dyn_cos_loss: 0.99810, dyn_sta_cos_loss: 0.08856, total_cos_loss : 0.27046, vocab_cro_loss : 1.14201, 
epoch  90 summary: dyn_dyn_cos_loss: 0.98397, dyn_sta_cos_loss: 0.08786, total_cos_loss : 0.26708, vocab_cro_loss : 1.14128, 
train loss: 1.1406, train acc: 0.6580
epoch  91 summary: dyn_dyn_cos_loss: 0.97045, dyn_sta_cos_loss: 0.08720, total_cos_loss : 0.26385, vocab_cro_loss : 1.14061, 
epoch  92 summary: dyn_dyn_cos_loss: 0.95734, dyn_sta_cos_loss: 0.08677, total_cos_loss : 0.26088, vocab_cro_loss : 1.13983, 
epoch  93 summary: dyn_dyn_cos_loss: 0.94455, dyn_sta_cos_loss: 0.08629, total_cos_loss : 0.25794, vocab_cro_loss : 1.13929, 
epoch  94 summary: dyn_dyn_cos_loss: 0.93265, dyn_sta_cos_loss: 0.08571, total_cos_loss : 0.25510, vocab_cro_loss : 1.13877, 
epoch  95 summary: dyn_dyn_cos_loss: 0.92120, dyn_sta_cos_loss: 0.08543, total_cos_loss : 0.25259, vocab_cro_loss : 1.13830, 
epoch  96 summary: dyn_dyn_cos_loss: 0.91012, dyn_sta_cos_loss: 0.08499, total_cos_loss : 0.25002, vocab_cro_loss : 1.13777, 
epoch  97 summary: dyn_dyn_cos_loss: 0.89954, dyn_sta_cos_loss: 0.08450, total_cos_loss : 0.24751, vocab_cro_loss : 1.13750, 
epoch  98 summary: dyn_dyn_cos_loss: 0.88954, dyn_sta_cos_loss: 0.08437, total_cos_loss : 0.24541, vocab_cro_loss : 1.13702, 
epoch  99 summary: dyn_dyn_cos_loss: 0.87993, dyn_sta_cos_loss: 0.08380, total_cos_loss : 0.24303, vocab_cro_loss : 1.13696, 
epoch 100 summary: dyn_dyn_cos_loss: 0.90148, dyn_sta_cos_loss: 0.08340, total_cos_loss : 0.24702, vocab_cro_loss : 1.13662, 
train loss: 1.1362, train acc: 0.6593
epoch 101 summary: dyn_dyn_cos_loss: 0.89140, dyn_sta_cos_loss: 0.08276, total_cos_loss : 0.24448, vocab_cro_loss : 1.13625, 
epoch 102 summary: dyn_dyn_cos_loss: 0.88164, dyn_sta_cos_loss: 0.08228, total_cos_loss : 0.24215, vocab_cro_loss : 1.13553, 
epoch 103 summary: dyn_dyn_cos_loss: 0.87218, dyn_sta_cos_loss: 0.08171, total_cos_loss : 0.23980, vocab_cro_loss : 1.13486, 
epoch 104 summary: dyn_dyn_cos_loss: 0.86308, dyn_sta_cos_loss: 0.08119, total_cos_loss : 0.23757, vocab_cro_loss : 1.13423, 
epoch 105 summary: dyn_dyn_cos_loss: 0.85441, dyn_sta_cos_loss: 0.08077, total_cos_loss : 0.23550, vocab_cro_loss : 1.13378, 
epoch 106 summary: dyn_dyn_cos_loss: 0.84595, dyn_sta_cos_loss: 0.08035, total_cos_loss : 0.23347, vocab_cro_loss : 1.13376, 
epoch 107 summary: dyn_dyn_cos_loss: 0.83820, dyn_sta_cos_loss: 0.07988, total_cos_loss : 0.23154, vocab_cro_loss : 1.13314, 
epoch 108 summary: dyn_dyn_cos_loss: 0.83078, dyn_sta_cos_loss: 0.08016, total_cos_loss : 0.23029, vocab_cro_loss : 1.13252, 
epoch 109 summary: dyn_dyn_cos_loss: 0.82352, dyn_sta_cos_loss: 0.07971, total_cos_loss : 0.22847, vocab_cro_loss : 1.13235, 
epoch 110 summary: dyn_dyn_cos_loss: 0.81637, dyn_sta_cos_loss: 0.07929, total_cos_loss : 0.22670, vocab_cro_loss : 1.13220, 
train loss: 1.1321, train acc: 0.6593
epoch 111 summary: dyn_dyn_cos_loss: 0.80965, dyn_sta_cos_loss: 0.07906, total_cos_loss : 0.22518, vocab_cro_loss : 1.13208, 
epoch 112 summary: dyn_dyn_cos_loss: 0.80328, dyn_sta_cos_loss: 0.07879, total_cos_loss : 0.22369, vocab_cro_loss : 1.13187, 
epoch 113 summary: dyn_dyn_cos_loss: 0.79682, dyn_sta_cos_loss: 0.07850, total_cos_loss : 0.22216, vocab_cro_loss : 1.13161, 
epoch 114 summary: dyn_dyn_cos_loss: 0.79092, dyn_sta_cos_loss: 0.07825, total_cos_loss : 0.22078, vocab_cro_loss : 1.13126, 
epoch 115 summary: dyn_dyn_cos_loss: 0.78497, dyn_sta_cos_loss: 0.07815, total_cos_loss : 0.21952, vocab_cro_loss : 1.13120, 
epoch 116 summary: dyn_dyn_cos_loss: 0.77938, dyn_sta_cos_loss: 0.07759, total_cos_loss : 0.21795, vocab_cro_loss : 1.13081, 
epoch 117 summary: dyn_dyn_cos_loss: 0.77400, dyn_sta_cos_loss: 0.07722, total_cos_loss : 0.21658, vocab_cro_loss : 1.13042, 
epoch 118 summary: dyn_dyn_cos_loss: 0.76873, dyn_sta_cos_loss: 0.07689, total_cos_loss : 0.21526, vocab_cro_loss : 1.13036, 
epoch 119 summary: dyn_dyn_cos_loss: 0.76345, dyn_sta_cos_loss: 0.07667, total_cos_loss : 0.21402, vocab_cro_loss : 1.12985, 
epoch 120 summary: dyn_dyn_cos_loss: 0.78396, dyn_sta_cos_loss: 0.07629, total_cos_loss : 0.21782, vocab_cro_loss : 1.12937, 
train loss: 1.1289, train acc: 0.6591
epoch 121 summary: dyn_dyn_cos_loss: 0.77822, dyn_sta_cos_loss: 0.07612, total_cos_loss : 0.21654, vocab_cro_loss : 1.12886, 
epoch 122 summary: dyn_dyn_cos_loss: 0.77253, dyn_sta_cos_loss: 0.07586, total_cos_loss : 0.21519, vocab_cro_loss : 1.12849, 
epoch 123 summary: dyn_dyn_cos_loss: 0.76689, dyn_sta_cos_loss: 0.07553, total_cos_loss : 0.21380, vocab_cro_loss : 1.12816, 
epoch 124 summary: dyn_dyn_cos_loss: 0.76201, dyn_sta_cos_loss: 0.07532, total_cos_loss : 0.21266, vocab_cro_loss : 1.12803, 
epoch 125 summary: dyn_dyn_cos_loss: 0.75700, dyn_sta_cos_loss: 0.07520, total_cos_loss : 0.21156, vocab_cro_loss : 1.12781, 
epoch 126 summary: dyn_dyn_cos_loss: 0.75225, dyn_sta_cos_loss: 0.07509, total_cos_loss : 0.21052, vocab_cro_loss : 1.12775, 
epoch 127 summary: dyn_dyn_cos_loss: 0.74756, dyn_sta_cos_loss: 0.07487, total_cos_loss : 0.20941, vocab_cro_loss : 1.12767, 
epoch 128 summary: dyn_dyn_cos_loss: 0.74294, dyn_sta_cos_loss: 0.07450, total_cos_loss : 0.20819, vocab_cro_loss : 1.12736, 
epoch 129 summary: dyn_dyn_cos_loss: 0.73858, dyn_sta_cos_loss: 0.07430, total_cos_loss : 0.20716, vocab_cro_loss : 1.12714, 
epoch 130 summary: dyn_dyn_cos_loss: 0.73443, dyn_sta_cos_loss: 0.07399, total_cos_loss : 0.20608, vocab_cro_loss : 1.12696, 
train loss: 1.1266, train acc: 0.6584
epoch 131 summary: dyn_dyn_cos_loss: 0.73031, dyn_sta_cos_loss: 0.07399, total_cos_loss : 0.20525, vocab_cro_loss : 1.12661, 
epoch 132 summary: dyn_dyn_cos_loss: 0.72651, dyn_sta_cos_loss: 0.07373, total_cos_loss : 0.20428, vocab_cro_loss : 1.12632, 
epoch 133 summary: dyn_dyn_cos_loss: 0.72276, dyn_sta_cos_loss: 0.07357, total_cos_loss : 0.20341, vocab_cro_loss : 1.12625, 
epoch 134 summary: dyn_dyn_cos_loss: 0.71900, dyn_sta_cos_loss: 0.07373, total_cos_loss : 0.20278, vocab_cro_loss : 1.12589, 
epoch 135 summary: dyn_dyn_cos_loss: 0.71570, dyn_sta_cos_loss: 0.07345, total_cos_loss : 0.20190, vocab_cro_loss : 1.12561, 
epoch 136 summary: dyn_dyn_cos_loss: 0.71243, dyn_sta_cos_loss: 0.07315, total_cos_loss : 0.20100, vocab_cro_loss : 1.12545, 
epoch 137 summary: dyn_dyn_cos_loss: 0.70912, dyn_sta_cos_loss: 0.07300, total_cos_loss : 0.20022, vocab_cro_loss : 1.12528, 
epoch 138 summary: dyn_dyn_cos_loss: 0.70578, dyn_sta_cos_loss: 0.07289, total_cos_loss : 0.19947, vocab_cro_loss : 1.12492, 
epoch 139 summary: dyn_dyn_cos_loss: 0.70276, dyn_sta_cos_loss: 0.07253, total_cos_loss : 0.19858, vocab_cro_loss : 1.12469, 
epoch 140 summary: dyn_dyn_cos_loss: 0.72115, dyn_sta_cos_loss: 0.07231, total_cos_loss : 0.20208, vocab_cro_loss : 1.12431, 
train loss: 1.1244, train acc: 0.6592
epoch 141 summary: dyn_dyn_cos_loss: 0.71721, dyn_sta_cos_loss: 0.07218, total_cos_loss : 0.20118, vocab_cro_loss : 1.12436, 
epoch 142 summary: dyn_dyn_cos_loss: 0.71350, dyn_sta_cos_loss: 0.07197, total_cos_loss : 0.20027, vocab_cro_loss : 1.12424, 
epoch 143 summary: dyn_dyn_cos_loss: 0.70996, dyn_sta_cos_loss: 0.07172, total_cos_loss : 0.19937, vocab_cro_loss : 1.12397, 
epoch 144 summary: dyn_dyn_cos_loss: 0.70631, dyn_sta_cos_loss: 0.07192, total_cos_loss : 0.19879, vocab_cro_loss : 1.12376, 
epoch 145 summary: dyn_dyn_cos_loss: 0.70314, dyn_sta_cos_loss: 0.07174, total_cos_loss : 0.19802, vocab_cro_loss : 1.12362, 
epoch 146 summary: dyn_dyn_cos_loss: 0.69994, dyn_sta_cos_loss: 0.07140, total_cos_loss : 0.19711, vocab_cro_loss : 1.12347, 
epoch 147 summary: dyn_dyn_cos_loss: 0.69669, dyn_sta_cos_loss: 0.07115, total_cos_loss : 0.19625, vocab_cro_loss : 1.12319, 
epoch 148 summary: dyn_dyn_cos_loss: 0.69357, dyn_sta_cos_loss: 0.07089, total_cos_loss : 0.19542, vocab_cro_loss : 1.12325, 
epoch 149 summary: dyn_dyn_cos_loss: 0.69065, dyn_sta_cos_loss: 0.07069, total_cos_loss : 0.19468, vocab_cro_loss : 1.12311, 
epoch 150 summary: dyn_dyn_cos_loss: 0.68784, dyn_sta_cos_loss: 0.07077, total_cos_loss : 0.19419, vocab_cro_loss : 1.12291, 
train loss: 1.1230, train acc: 0.6595
epoch 151 summary: dyn_dyn_cos_loss: 0.68515, dyn_sta_cos_loss: 0.07053, total_cos_loss : 0.19345, vocab_cro_loss : 1.12297, 
epoch 152 summary: dyn_dyn_cos_loss: 0.68255, dyn_sta_cos_loss: 0.07049, total_cos_loss : 0.19290, vocab_cro_loss : 1.12280, 
epoch 153 summary: dyn_dyn_cos_loss: 0.68004, dyn_sta_cos_loss: 0.07019, total_cos_loss : 0.19216, vocab_cro_loss : 1.12270, 
epoch 154 summary: dyn_dyn_cos_loss: 0.67760, dyn_sta_cos_loss: 0.06997, total_cos_loss : 0.19150, vocab_cro_loss : 1.12265, 
epoch 155 summary: dyn_dyn_cos_loss: 0.67510, dyn_sta_cos_loss: 0.06999, total_cos_loss : 0.19101, vocab_cro_loss : 1.12234, 
epoch 156 summary: dyn_dyn_cos_loss: 0.67278, dyn_sta_cos_loss: 0.06988, total_cos_loss : 0.19046, vocab_cro_loss : 1.12231, 
epoch 157 summary: dyn_dyn_cos_loss: 0.67051, dyn_sta_cos_loss: 0.06975, total_cos_loss : 0.18990, vocab_cro_loss : 1.12223, 
epoch 158 summary: dyn_dyn_cos_loss: 0.66817, dyn_sta_cos_loss: 0.06949, total_cos_loss : 0.18923, vocab_cro_loss : 1.12200, 
epoch 159 summary: dyn_dyn_cos_loss: 0.66593, dyn_sta_cos_loss: 0.06950, total_cos_loss : 0.18879, vocab_cro_loss : 1.12189, 
epoch 160 summary: dyn_dyn_cos_loss: 0.68531, dyn_sta_cos_loss: 0.06935, total_cos_loss : 0.19255, vocab_cro_loss : 1.12169, 
train loss: 1.1216, train acc: 0.6598
epoch 161 summary: dyn_dyn_cos_loss: 0.68236, dyn_sta_cos_loss: 0.06938, total_cos_loss : 0.19198, vocab_cro_loss : 1.12162, 
epoch 162 summary: dyn_dyn_cos_loss: 0.67971, dyn_sta_cos_loss: 0.06920, total_cos_loss : 0.19130, vocab_cro_loss : 1.12149, 
epoch 163 summary: dyn_dyn_cos_loss: 0.67710, dyn_sta_cos_loss: 0.06905, total_cos_loss : 0.19066, vocab_cro_loss : 1.12136, 
epoch 164 summary: dyn_dyn_cos_loss: 0.67454, dyn_sta_cos_loss: 0.06881, total_cos_loss : 0.18995, vocab_cro_loss : 1.12143, 
epoch 165 summary: dyn_dyn_cos_loss: 0.67206, dyn_sta_cos_loss: 0.06862, total_cos_loss : 0.18931, vocab_cro_loss : 1.12144, 
epoch 166 summary: dyn_dyn_cos_loss: 0.66941, dyn_sta_cos_loss: 0.06851, total_cos_loss : 0.18869, vocab_cro_loss : 1.12143, 
epoch 167 summary: dyn_dyn_cos_loss: 0.66701, dyn_sta_cos_loss: 0.06870, total_cos_loss : 0.18836, vocab_cro_loss : 1.12115, 
epoch 168 summary: dyn_dyn_cos_loss: 0.66495, dyn_sta_cos_loss: 0.06860, total_cos_loss : 0.18787, vocab_cro_loss : 1.12110, 
epoch 169 summary: dyn_dyn_cos_loss: 0.66266, dyn_sta_cos_loss: 0.06880, total_cos_loss : 0.18757, vocab_cro_loss : 1.12076, 
epoch 170 summary: dyn_dyn_cos_loss: 0.66049, dyn_sta_cos_loss: 0.06867, total_cos_loss : 0.18703, vocab_cro_loss : 1.12057, 
train loss: 1.1205, train acc: 0.6601
epoch 171 summary: dyn_dyn_cos_loss: 0.65846, dyn_sta_cos_loss: 0.06861, total_cos_loss : 0.18658, vocab_cro_loss : 1.12054, 
epoch 172 summary: dyn_dyn_cos_loss: 0.65662, dyn_sta_cos_loss: 0.06832, total_cos_loss : 0.18598, vocab_cro_loss : 1.12068, 
epoch 173 summary: dyn_dyn_cos_loss: 0.65457, dyn_sta_cos_loss: 0.06820, total_cos_loss : 0.18548, vocab_cro_loss : 1.12035, 
epoch 174 summary: dyn_dyn_cos_loss: 0.65279, dyn_sta_cos_loss: 0.06811, total_cos_loss : 0.18505, vocab_cro_loss : 1.12024, 
epoch 175 summary: dyn_dyn_cos_loss: 0.65080, dyn_sta_cos_loss: 0.06806, total_cos_loss : 0.18461, vocab_cro_loss : 1.12004, 
epoch 176 summary: dyn_dyn_cos_loss: 0.64883, dyn_sta_cos_loss: 0.06798, total_cos_loss : 0.18415, vocab_cro_loss : 1.11993, 
epoch 177 summary: dyn_dyn_cos_loss: 0.64705, dyn_sta_cos_loss: 0.06789, total_cos_loss : 0.18372, vocab_cro_loss : 1.12002, 
epoch 178 summary: dyn_dyn_cos_loss: 0.64522, dyn_sta_cos_loss: 0.06781, total_cos_loss : 0.18329, vocab_cro_loss : 1.12010, 
epoch 179 summary: dyn_dyn_cos_loss: 0.64345, dyn_sta_cos_loss: 0.06767, total_cos_loss : 0.18283, vocab_cro_loss : 1.12009, 
epoch 180 summary: dyn_dyn_cos_loss: 0.66008, dyn_sta_cos_loss: 0.06775, total_cos_loss : 0.18622, vocab_cro_loss : 1.11984, 
train loss: 1.1196, train acc: 0.6598
epoch 181 summary: dyn_dyn_cos_loss: 0.65780, dyn_sta_cos_loss: 0.06757, total_cos_loss : 0.18562, vocab_cro_loss : 1.11959, 
epoch 182 summary: dyn_dyn_cos_loss: 0.65547, dyn_sta_cos_loss: 0.06755, total_cos_loss : 0.18514, vocab_cro_loss : 1.11950, 
epoch 183 summary: dyn_dyn_cos_loss: 0.65324, dyn_sta_cos_loss: 0.06758, total_cos_loss : 0.18472, vocab_cro_loss : 1.11947, 
epoch 184 summary: dyn_dyn_cos_loss: 0.65123, dyn_sta_cos_loss: 0.06748, total_cos_loss : 0.18423, vocab_cro_loss : 1.11941, 
epoch 185 summary: dyn_dyn_cos_loss: 0.64922, dyn_sta_cos_loss: 0.06737, total_cos_loss : 0.18374, vocab_cro_loss : 1.11921, 
epoch 186 summary: dyn_dyn_cos_loss: 0.64732, dyn_sta_cos_loss: 0.06739, total_cos_loss : 0.18338, vocab_cro_loss : 1.11905, 
epoch 187 summary: dyn_dyn_cos_loss: 0.64557, dyn_sta_cos_loss: 0.06722, total_cos_loss : 0.18289, vocab_cro_loss : 1.11882, 
epoch 188 summary: dyn_dyn_cos_loss: 0.64377, dyn_sta_cos_loss: 0.06709, total_cos_loss : 0.18242, vocab_cro_loss : 1.11878, 
epoch 189 summary: dyn_dyn_cos_loss: 0.64192, dyn_sta_cos_loss: 0.06730, total_cos_loss : 0.18222, vocab_cro_loss : 1.11853, 
epoch 190 summary: dyn_dyn_cos_loss: 0.64019, dyn_sta_cos_loss: 0.06708, total_cos_loss : 0.18170, vocab_cro_loss : 1.11855, 
train loss: 1.1185, train acc: 0.6601
epoch 191 summary: dyn_dyn_cos_loss: 0.63855, dyn_sta_cos_loss: 0.06728, total_cos_loss : 0.18153, vocab_cro_loss : 1.11848, 
epoch 192 summary: dyn_dyn_cos_loss: 0.63698, dyn_sta_cos_loss: 0.06703, total_cos_loss : 0.18102, vocab_cro_loss : 1.11850, 
epoch 193 summary: dyn_dyn_cos_loss: 0.63555, dyn_sta_cos_loss: 0.06711, total_cos_loss : 0.18080, vocab_cro_loss : 1.11850, 
epoch 194 summary: dyn_dyn_cos_loss: 0.63413, dyn_sta_cos_loss: 0.06700, total_cos_loss : 0.18043, vocab_cro_loss : 1.11848, 
epoch 195 summary: dyn_dyn_cos_loss: 0.63264, dyn_sta_cos_loss: 0.06721, total_cos_loss : 0.18030, vocab_cro_loss : 1.11848, 
epoch 196 summary: dyn_dyn_cos_loss: 0.63119, dyn_sta_cos_loss: 0.06703, total_cos_loss : 0.17986, vocab_cro_loss : 1.11851, 
epoch 197 summary: dyn_dyn_cos_loss: 0.62981, dyn_sta_cos_loss: 0.06702, total_cos_loss : 0.17958, vocab_cro_loss : 1.11825, 
epoch 198 summary: dyn_dyn_cos_loss: 0.62855, dyn_sta_cos_loss: 0.06714, total_cos_loss : 0.17942, vocab_cro_loss : 1.11814, 
epoch 199 summary: dyn_dyn_cos_loss: 0.62716, dyn_sta_cos_loss: 0.06691, total_cos_loss : 0.17896, vocab_cro_loss : 1.11812, 
train loss: 1.1179, train acc: 0.6597
all                       10388069.394ms
all_epoch                 10371049.420ms
all_preparation              17019.893ms
all_preparation_2            17018.112ms
all_preparation_3                1.742ms
epoch                        51699.875ms
epoch_pos_train                  4.163ms
epoch_preparation               34.964ms
epoch_train                  50983.360ms
epoch_valid                    674.634ms
----------------------------------------
all                       10388069.394ms
  all_epoch             99.84%
  all_preparation        0.16%
all_preparation              17019.893ms
  all_preparation_2     99.99%
  all_preparation_3      0.01%
epoch                     10339974.996ms
  epoch_train           98.61%
  epoch_valid            1.30%
  epoch_preparation      0.07%
  epoch_pos_train        0.01%
epoch   0 summary: dyn_dyn_cos_loss: 5.48957, dyn_sta_cos_loss: 3.19159, total_cos_loss : 3.65118, 
valid loss: 4.0266, valid acc: 0.0879
epoch   1 summary: dyn_dyn_cos_loss: 5.24565, dyn_sta_cos_loss: 2.86529, total_cos_loss : 3.34137, 
epoch   2 summary: dyn_dyn_cos_loss: 5.04179, dyn_sta_cos_loss: 2.56424, total_cos_loss : 3.05975, 
epoch   3 summary: dyn_dyn_cos_loss: 4.83408, dyn_sta_cos_loss: 2.27885, total_cos_loss : 2.78990, 
epoch   4 summary: dyn_dyn_cos_loss: 4.64560, dyn_sta_cos_loss: 2.00867, total_cos_loss : 2.53606, 
epoch   5 summary: dyn_dyn_cos_loss: 4.46007, dyn_sta_cos_loss: 1.74858, total_cos_loss : 2.29088, 
epoch   6 summary: dyn_dyn_cos_loss: 4.26943, dyn_sta_cos_loss: 1.50921, total_cos_loss : 2.06125, 
epoch   7 summary: dyn_dyn_cos_loss: 4.07974, dyn_sta_cos_loss: 1.29388, total_cos_loss : 1.85105, 
epoch   8 summary: dyn_dyn_cos_loss: 3.91368, dyn_sta_cos_loss: 1.11114, total_cos_loss : 1.67165, 
epoch   9 summary: dyn_dyn_cos_loss: 3.75587, dyn_sta_cos_loss: 0.95756, total_cos_loss : 1.51722, 
epoch  10 summary: dyn_dyn_cos_loss: 3.61030, dyn_sta_cos_loss: 0.83248, total_cos_loss : 1.38804, 
valid loss: 2.1528, valid acc: 0.5469
epoch  11 summary: dyn_dyn_cos_loss: 3.46666, dyn_sta_cos_loss: 0.72877, total_cos_loss : 1.27635, 
epoch  12 summary: dyn_dyn_cos_loss: 3.31850, dyn_sta_cos_loss: 0.64440, total_cos_loss : 1.17922, 
epoch  13 summary: dyn_dyn_cos_loss: 3.18209, dyn_sta_cos_loss: 0.57428, total_cos_loss : 1.09584, 
epoch  14 summary: dyn_dyn_cos_loss: 3.04755, dyn_sta_cos_loss: 0.51820, total_cos_loss : 1.02407, 
epoch  15 summary: dyn_dyn_cos_loss: 2.91614, dyn_sta_cos_loss: 0.47191, total_cos_loss : 0.96075, 
epoch  16 summary: dyn_dyn_cos_loss: 2.79458, dyn_sta_cos_loss: 0.43437, total_cos_loss : 0.90641, 
epoch  17 summary: dyn_dyn_cos_loss: 2.68036, dyn_sta_cos_loss: 0.40260, total_cos_loss : 0.85815, 
epoch  18 summary: dyn_dyn_cos_loss: 2.57034, dyn_sta_cos_loss: 0.37431, total_cos_loss : 0.81351, 
epoch  19 summary: dyn_dyn_cos_loss: 2.47155, dyn_sta_cos_loss: 0.35092, total_cos_loss : 0.77504, 
epoch  20 summary: dyn_dyn_cos_loss: 2.35462, dyn_sta_cos_loss: 0.32955, total_cos_loss : 0.73456, 
valid loss: 1.7886, valid acc: 0.5645
epoch  21 summary: dyn_dyn_cos_loss: 2.25907, dyn_sta_cos_loss: 0.30979, total_cos_loss : 0.69964, 
epoch  22 summary: dyn_dyn_cos_loss: 2.16809, dyn_sta_cos_loss: 0.29262, total_cos_loss : 0.66771, 
epoch  23 summary: dyn_dyn_cos_loss: 2.07888, dyn_sta_cos_loss: 0.27582, total_cos_loss : 0.63643, 
epoch  24 summary: dyn_dyn_cos_loss: 2.00227, dyn_sta_cos_loss: 0.26259, total_cos_loss : 0.61053, 
epoch  25 summary: dyn_dyn_cos_loss: 1.93006, dyn_sta_cos_loss: 0.25042, total_cos_loss : 0.58635, 
epoch  26 summary: dyn_dyn_cos_loss: 1.85381, dyn_sta_cos_loss: 0.23826, total_cos_loss : 0.56137, 
epoch  27 summary: dyn_dyn_cos_loss: 1.78725, dyn_sta_cos_loss: 0.22698, total_cos_loss : 0.53903, 
epoch  28 summary: dyn_dyn_cos_loss: 1.72260, dyn_sta_cos_loss: 0.21824, total_cos_loss : 0.51911, 
epoch  29 summary: dyn_dyn_cos_loss: 1.65987, dyn_sta_cos_loss: 0.20877, total_cos_loss : 0.49899, 
epoch  30 summary: dyn_dyn_cos_loss: 1.60761, dyn_sta_cos_loss: 0.20161, total_cos_loss : 0.48281, 
valid loss: 1.6777, valid acc: 0.5586
epoch  31 summary: dyn_dyn_cos_loss: 1.54845, dyn_sta_cos_loss: 0.19500, total_cos_loss : 0.46569, 
epoch  32 summary: dyn_dyn_cos_loss: 1.48811, dyn_sta_cos_loss: 0.18807, total_cos_loss : 0.44808, 
epoch  33 summary: dyn_dyn_cos_loss: 1.43716, dyn_sta_cos_loss: 0.18150, total_cos_loss : 0.43263, 
epoch  34 summary: dyn_dyn_cos_loss: 1.39028, dyn_sta_cos_loss: 0.17443, total_cos_loss : 0.41760, 
epoch  35 summary: dyn_dyn_cos_loss: 1.34107, dyn_sta_cos_loss: 0.16805, total_cos_loss : 0.40265, 
epoch  36 summary: dyn_dyn_cos_loss: 1.29493, dyn_sta_cos_loss: 0.16290, total_cos_loss : 0.38931, 
epoch  37 summary: dyn_dyn_cos_loss: 1.25637, dyn_sta_cos_loss: 0.15864, total_cos_loss : 0.37819, 
epoch  38 summary: dyn_dyn_cos_loss: 1.22240, dyn_sta_cos_loss: 0.15471, total_cos_loss : 0.36825, 
epoch  39 summary: dyn_dyn_cos_loss: 1.18437, dyn_sta_cos_loss: 0.15072, total_cos_loss : 0.35745, 
epoch  40 summary: dyn_dyn_cos_loss: 1.21080, dyn_sta_cos_loss: 0.14796, total_cos_loss : 0.36053, 
valid loss: 1.6337, valid acc: 0.5625
epoch  41 summary: dyn_dyn_cos_loss: 1.17980, dyn_sta_cos_loss: 0.14442, total_cos_loss : 0.35150, 
epoch  42 summary: dyn_dyn_cos_loss: 1.15059, dyn_sta_cos_loss: 0.14066, total_cos_loss : 0.34265, 
epoch  43 summary: dyn_dyn_cos_loss: 1.12086, dyn_sta_cos_loss: 0.13808, total_cos_loss : 0.33464, 
epoch  44 summary: dyn_dyn_cos_loss: 1.09650, dyn_sta_cos_loss: 0.13494, total_cos_loss : 0.32726, 
epoch  45 summary: dyn_dyn_cos_loss: 1.07304, dyn_sta_cos_loss: 0.13129, total_cos_loss : 0.31964, 
epoch  46 summary: dyn_dyn_cos_loss: 1.04461, dyn_sta_cos_loss: 0.12924, total_cos_loss : 0.31231, 
epoch  47 summary: dyn_dyn_cos_loss: 1.02123, dyn_sta_cos_loss: 0.12606, total_cos_loss : 0.30510, 
epoch  48 summary: dyn_dyn_cos_loss: 0.99989, dyn_sta_cos_loss: 0.12334, total_cos_loss : 0.29865, 
epoch  49 summary: dyn_dyn_cos_loss: 0.98024, dyn_sta_cos_loss: 0.12087, total_cos_loss : 0.29274, 
epoch  50 summary: dyn_dyn_cos_loss: 0.96199, dyn_sta_cos_loss: 0.11857, total_cos_loss : 0.28726, 
valid loss: 1.6085, valid acc: 0.5684
epoch  51 summary: dyn_dyn_cos_loss: 0.93878, dyn_sta_cos_loss: 0.11619, total_cos_loss : 0.28071, 
epoch  52 summary: dyn_dyn_cos_loss: 0.91896, dyn_sta_cos_loss: 0.11385, total_cos_loss : 0.27487, 
epoch  53 summary: dyn_dyn_cos_loss: 0.90345, dyn_sta_cos_loss: 0.11190, total_cos_loss : 0.27021, 
epoch  54 summary: dyn_dyn_cos_loss: 0.88512, dyn_sta_cos_loss: 0.11018, total_cos_loss : 0.26517, 
epoch  55 summary: dyn_dyn_cos_loss: 0.87097, dyn_sta_cos_loss: 0.10806, total_cos_loss : 0.26064, 
epoch  56 summary: dyn_dyn_cos_loss: 0.85698, dyn_sta_cos_loss: 0.10678, total_cos_loss : 0.25682, 
epoch  57 summary: dyn_dyn_cos_loss: 0.84313, dyn_sta_cos_loss: 0.10553, total_cos_loss : 0.25305, 
epoch  58 summary: dyn_dyn_cos_loss: 0.83125, dyn_sta_cos_loss: 0.10378, total_cos_loss : 0.24927, 
epoch  59 summary: dyn_dyn_cos_loss: 0.81716, dyn_sta_cos_loss: 0.10258, total_cos_loss : 0.24550, 
epoch  60 summary: dyn_dyn_cos_loss: 0.81491, dyn_sta_cos_loss: 0.10142, total_cos_loss : 0.24412, 
valid loss: 1.6030, valid acc: 0.5645
epoch  61 summary: dyn_dyn_cos_loss: 0.80381, dyn_sta_cos_loss: 0.09984, total_cos_loss : 0.24064, 
epoch  62 summary: dyn_dyn_cos_loss: 0.79344, dyn_sta_cos_loss: 0.09811, total_cos_loss : 0.23718, 
epoch  63 summary: dyn_dyn_cos_loss: 0.78465, dyn_sta_cos_loss: 0.09665, total_cos_loss : 0.23425, 
epoch  64 summary: dyn_dyn_cos_loss: 0.77431, dyn_sta_cos_loss: 0.09534, total_cos_loss : 0.23113, 
epoch  65 summary: dyn_dyn_cos_loss: 0.76539, dyn_sta_cos_loss: 0.09441, total_cos_loss : 0.22861, 
epoch  66 summary: dyn_dyn_cos_loss: 0.75599, dyn_sta_cos_loss: 0.09347, total_cos_loss : 0.22598, 
epoch  67 summary: dyn_dyn_cos_loss: 0.74854, dyn_sta_cos_loss: 0.09234, total_cos_loss : 0.22358, 
epoch  68 summary: dyn_dyn_cos_loss: 0.74074, dyn_sta_cos_loss: 0.09154, total_cos_loss : 0.22138, 
epoch  69 summary: dyn_dyn_cos_loss: 0.73016, dyn_sta_cos_loss: 0.09033, total_cos_loss : 0.21830, 
epoch  70 summary: dyn_dyn_cos_loss: 0.72291, dyn_sta_cos_loss: 0.08913, total_cos_loss : 0.21589, 
valid loss: 1.5900, valid acc: 0.5664
epoch  71 summary: dyn_dyn_cos_loss: 0.71420, dyn_sta_cos_loss: 0.08848, total_cos_loss : 0.21363, 
epoch  72 summary: dyn_dyn_cos_loss: 0.70568, dyn_sta_cos_loss: 0.08729, total_cos_loss : 0.21097, 
epoch  73 summary: dyn_dyn_cos_loss: 0.70051, dyn_sta_cos_loss: 0.08636, total_cos_loss : 0.20919, 
epoch  74 summary: dyn_dyn_cos_loss: 0.69412, dyn_sta_cos_loss: 0.08557, total_cos_loss : 0.20728, 
epoch  75 summary: dyn_dyn_cos_loss: 0.68720, dyn_sta_cos_loss: 0.08513, total_cos_loss : 0.20555, 
epoch  76 summary: dyn_dyn_cos_loss: 0.68166, dyn_sta_cos_loss: 0.08435, total_cos_loss : 0.20381, 
epoch  77 summary: dyn_dyn_cos_loss: 0.67743, dyn_sta_cos_loss: 0.08364, total_cos_loss : 0.20240, 
epoch  78 summary: dyn_dyn_cos_loss: 0.67099, dyn_sta_cos_loss: 0.08308, total_cos_loss : 0.20066, 
epoch  79 summary: dyn_dyn_cos_loss: 0.66681, dyn_sta_cos_loss: 0.08252, total_cos_loss : 0.19938, 
epoch  80 summary: dyn_dyn_cos_loss: 0.68953, dyn_sta_cos_loss: 0.08192, total_cos_loss : 0.20344, 
valid loss: 1.5814, valid acc: 0.5605
epoch  81 summary: dyn_dyn_cos_loss: 0.68471, dyn_sta_cos_loss: 0.08105, total_cos_loss : 0.20178, 
epoch  82 summary: dyn_dyn_cos_loss: 0.67869, dyn_sta_cos_loss: 0.08015, total_cos_loss : 0.19986, 
epoch  83 summary: dyn_dyn_cos_loss: 0.67486, dyn_sta_cos_loss: 0.07958, total_cos_loss : 0.19864, 
epoch  84 summary: dyn_dyn_cos_loss: 0.67035, dyn_sta_cos_loss: 0.07921, total_cos_loss : 0.19744, 
epoch  85 summary: dyn_dyn_cos_loss: 0.66635, dyn_sta_cos_loss: 0.07872, total_cos_loss : 0.19625, 
epoch  86 summary: dyn_dyn_cos_loss: 0.66065, dyn_sta_cos_loss: 0.07810, total_cos_loss : 0.19461, 
epoch  87 summary: dyn_dyn_cos_loss: 0.65734, dyn_sta_cos_loss: 0.07744, total_cos_loss : 0.19342, 
epoch  88 summary: dyn_dyn_cos_loss: 0.65314, dyn_sta_cos_loss: 0.07716, total_cos_loss : 0.19236, 
epoch  89 summary: dyn_dyn_cos_loss: 0.64942, dyn_sta_cos_loss: 0.07670, total_cos_loss : 0.19124, 
epoch  90 summary: dyn_dyn_cos_loss: 0.64640, dyn_sta_cos_loss: 0.07626, total_cos_loss : 0.19029, 
valid loss: 1.5716, valid acc: 0.5664
epoch  91 summary: dyn_dyn_cos_loss: 0.64328, dyn_sta_cos_loss: 0.07588, total_cos_loss : 0.18936, 
epoch  92 summary: dyn_dyn_cos_loss: 0.63998, dyn_sta_cos_loss: 0.07540, total_cos_loss : 0.18832, 
epoch  93 summary: dyn_dyn_cos_loss: 0.63745, dyn_sta_cos_loss: 0.07513, total_cos_loss : 0.18759, 
epoch  94 summary: dyn_dyn_cos_loss: 0.63446, dyn_sta_cos_loss: 0.07486, total_cos_loss : 0.18678, 
epoch  95 summary: dyn_dyn_cos_loss: 0.63061, dyn_sta_cos_loss: 0.07459, total_cos_loss : 0.18579, 
epoch  96 summary: dyn_dyn_cos_loss: 0.62812, dyn_sta_cos_loss: 0.07417, total_cos_loss : 0.18496, 
epoch  97 summary: dyn_dyn_cos_loss: 0.62574, dyn_sta_cos_loss: 0.07373, total_cos_loss : 0.18413, 
epoch  98 summary: dyn_dyn_cos_loss: 0.62331, dyn_sta_cos_loss: 0.07328, total_cos_loss : 0.18329, 
epoch  99 summary: dyn_dyn_cos_loss: 0.62113, dyn_sta_cos_loss: 0.07308, total_cos_loss : 0.18269, 
epoch 100 summary: dyn_dyn_cos_loss: 0.65128, dyn_sta_cos_loss: 0.07290, total_cos_loss : 0.18857, 
valid loss: 1.5694, valid acc: 0.5586
epoch 101 summary: dyn_dyn_cos_loss: 0.64805, dyn_sta_cos_loss: 0.07272, total_cos_loss : 0.18779, 
epoch 102 summary: dyn_dyn_cos_loss: 0.64396, dyn_sta_cos_loss: 0.07260, total_cos_loss : 0.18687, 
epoch 103 summary: dyn_dyn_cos_loss: 0.64090, dyn_sta_cos_loss: 0.07226, total_cos_loss : 0.18599, 
epoch 104 summary: dyn_dyn_cos_loss: 0.63731, dyn_sta_cos_loss: 0.07202, total_cos_loss : 0.18508, 
epoch 105 summary: dyn_dyn_cos_loss: 0.63537, dyn_sta_cos_loss: 0.07180, total_cos_loss : 0.18451, 
epoch 106 summary: dyn_dyn_cos_loss: 0.63309, dyn_sta_cos_loss: 0.07156, total_cos_loss : 0.18387, 
epoch 107 summary: dyn_dyn_cos_loss: 0.63068, dyn_sta_cos_loss: 0.07133, total_cos_loss : 0.18320, 
epoch 108 summary: dyn_dyn_cos_loss: 0.62852, dyn_sta_cos_loss: 0.07124, total_cos_loss : 0.18269, 
epoch 109 summary: dyn_dyn_cos_loss: 0.62644, dyn_sta_cos_loss: 0.07089, total_cos_loss : 0.18200, 
epoch 110 summary: dyn_dyn_cos_loss: 0.62412, dyn_sta_cos_loss: 0.07065, total_cos_loss : 0.18135, 
valid loss: 1.5757, valid acc: 0.5566
epoch 111 summary: dyn_dyn_cos_loss: 0.62262, dyn_sta_cos_loss: 0.07024, total_cos_loss : 0.18072, 
epoch 112 summary: dyn_dyn_cos_loss: 0.62098, dyn_sta_cos_loss: 0.07004, total_cos_loss : 0.18023, 
epoch 113 summary: dyn_dyn_cos_loss: 0.61978, dyn_sta_cos_loss: 0.06967, total_cos_loss : 0.17970, 
epoch 114 summary: dyn_dyn_cos_loss: 0.61795, dyn_sta_cos_loss: 0.06946, total_cos_loss : 0.17916, 
epoch 115 summary: dyn_dyn_cos_loss: 0.61643, dyn_sta_cos_loss: 0.06911, total_cos_loss : 0.17857, 
epoch 116 summary: dyn_dyn_cos_loss: 0.61475, dyn_sta_cos_loss: 0.06903, total_cos_loss : 0.17818, 
epoch 117 summary: dyn_dyn_cos_loss: 0.61342, dyn_sta_cos_loss: 0.06885, total_cos_loss : 0.17777, 
epoch 118 summary: dyn_dyn_cos_loss: 0.61243, dyn_sta_cos_loss: 0.06868, total_cos_loss : 0.17743, 
epoch 119 summary: dyn_dyn_cos_loss: 0.61098, dyn_sta_cos_loss: 0.06844, total_cos_loss : 0.17694, 
epoch 120 summary: dyn_dyn_cos_loss: 0.63863, dyn_sta_cos_loss: 0.06833, total_cos_loss : 0.18239, 
valid loss: 1.5798, valid acc: 0.5684
epoch 121 summary: dyn_dyn_cos_loss: 0.63690, dyn_sta_cos_loss: 0.06823, total_cos_loss : 0.18196, 
epoch 122 summary: dyn_dyn_cos_loss: 0.63514, dyn_sta_cos_loss: 0.06816, total_cos_loss : 0.18155, 
epoch 123 summary: dyn_dyn_cos_loss: 0.63316, dyn_sta_cos_loss: 0.06806, total_cos_loss : 0.18108, 
epoch 124 summary: dyn_dyn_cos_loss: 0.63175, dyn_sta_cos_loss: 0.06792, total_cos_loss : 0.18068, 
epoch 125 summary: dyn_dyn_cos_loss: 0.62999, dyn_sta_cos_loss: 0.06789, total_cos_loss : 0.18031, 
epoch 126 summary: dyn_dyn_cos_loss: 0.62826, dyn_sta_cos_loss: 0.06785, total_cos_loss : 0.17993, 
epoch 127 summary: dyn_dyn_cos_loss: 0.62651, dyn_sta_cos_loss: 0.06772, total_cos_loss : 0.17948, 
epoch 128 summary: dyn_dyn_cos_loss: 0.62516, dyn_sta_cos_loss: 0.06759, total_cos_loss : 0.17910, 
epoch 129 summary: dyn_dyn_cos_loss: 0.62231, dyn_sta_cos_loss: 0.06767, total_cos_loss : 0.17860, 
epoch 130 summary: dyn_dyn_cos_loss: 0.62100, dyn_sta_cos_loss: 0.06761, total_cos_loss : 0.17828, 
valid loss: 1.5752, valid acc: 0.5684
epoch 131 summary: dyn_dyn_cos_loss: 0.61877, dyn_sta_cos_loss: 0.06758, total_cos_loss : 0.17781, 
epoch 132 summary: dyn_dyn_cos_loss: 0.61730, dyn_sta_cos_loss: 0.06746, total_cos_loss : 0.17743, 
epoch 133 summary: dyn_dyn_cos_loss: 0.61560, dyn_sta_cos_loss: 0.06732, total_cos_loss : 0.17698, 
epoch 134 summary: dyn_dyn_cos_loss: 0.61452, dyn_sta_cos_loss: 0.06723, total_cos_loss : 0.17669, 
epoch 135 summary: dyn_dyn_cos_loss: 0.61344, dyn_sta_cos_loss: 0.06711, total_cos_loss : 0.17638, 
epoch 136 summary: dyn_dyn_cos_loss: 0.61203, dyn_sta_cos_loss: 0.06696, total_cos_loss : 0.17598, 
epoch 137 summary: dyn_dyn_cos_loss: 0.61104, dyn_sta_cos_loss: 0.06690, total_cos_loss : 0.17573, 
epoch 138 summary: dyn_dyn_cos_loss: 0.60992, dyn_sta_cos_loss: 0.06679, total_cos_loss : 0.17542, 
epoch 139 summary: dyn_dyn_cos_loss: 0.60873, dyn_sta_cos_loss: 0.06673, total_cos_loss : 0.17513, 
epoch 140 summary: dyn_dyn_cos_loss: 0.61332, dyn_sta_cos_loss: 0.06666, total_cos_loss : 0.17599, 
valid loss: 1.5743, valid acc: 0.5664
epoch 141 summary: dyn_dyn_cos_loss: 0.61139, dyn_sta_cos_loss: 0.06661, total_cos_loss : 0.17557, 
epoch 142 summary: dyn_dyn_cos_loss: 0.60949, dyn_sta_cos_loss: 0.06639, total_cos_loss : 0.17501, 
epoch 143 summary: dyn_dyn_cos_loss: 0.60733, dyn_sta_cos_loss: 0.06636, total_cos_loss : 0.17455, 
epoch 144 summary: dyn_dyn_cos_loss: 0.60601, dyn_sta_cos_loss: 0.06614, total_cos_loss : 0.17412, 
epoch 145 summary: dyn_dyn_cos_loss: 0.60527, dyn_sta_cos_loss: 0.06589, total_cos_loss : 0.17377, 
epoch 146 summary: dyn_dyn_cos_loss: 0.60399, dyn_sta_cos_loss: 0.06570, total_cos_loss : 0.17336, 
epoch 147 summary: dyn_dyn_cos_loss: 0.60285, dyn_sta_cos_loss: 0.06561, total_cos_loss : 0.17306, 
epoch 148 summary: dyn_dyn_cos_loss: 0.60163, dyn_sta_cos_loss: 0.06550, total_cos_loss : 0.17273, 
epoch 149 summary: dyn_dyn_cos_loss: 0.60039, dyn_sta_cos_loss: 0.06546, total_cos_loss : 0.17245, 
epoch 150 summary: dyn_dyn_cos_loss: 0.59867, dyn_sta_cos_loss: 0.06554, total_cos_loss : 0.17216, 
valid loss: 1.5773, valid acc: 0.5664
epoch 151 summary: dyn_dyn_cos_loss: 0.59777, dyn_sta_cos_loss: 0.06547, total_cos_loss : 0.17193, 
epoch 152 summary: dyn_dyn_cos_loss: 0.59707, dyn_sta_cos_loss: 0.06536, total_cos_loss : 0.17170, 
epoch 153 summary: dyn_dyn_cos_loss: 0.59603, dyn_sta_cos_loss: 0.06536, total_cos_loss : 0.17149, 
epoch 154 summary: dyn_dyn_cos_loss: 0.59526, dyn_sta_cos_loss: 0.06531, total_cos_loss : 0.17130, 
epoch 155 summary: dyn_dyn_cos_loss: 0.59394, dyn_sta_cos_loss: 0.06531, total_cos_loss : 0.17104, 
epoch 156 summary: dyn_dyn_cos_loss: 0.59297, dyn_sta_cos_loss: 0.06523, total_cos_loss : 0.17078, 
epoch 157 summary: dyn_dyn_cos_loss: 0.59180, dyn_sta_cos_loss: 0.06514, total_cos_loss : 0.17047, 
epoch 158 summary: dyn_dyn_cos_loss: 0.59037, dyn_sta_cos_loss: 0.06512, total_cos_loss : 0.17017, 
epoch 159 summary: dyn_dyn_cos_loss: 0.58935, dyn_sta_cos_loss: 0.06507, total_cos_loss : 0.16993, 
epoch 160 summary: dyn_dyn_cos_loss: 0.60684, dyn_sta_cos_loss: 0.06502, total_cos_loss : 0.17338, 
valid loss: 1.5814, valid acc: 0.5703
epoch 161 summary: dyn_dyn_cos_loss: 0.60502, dyn_sta_cos_loss: 0.06506, total_cos_loss : 0.17305, 
epoch 162 summary: dyn_dyn_cos_loss: 0.60316, dyn_sta_cos_loss: 0.06514, total_cos_loss : 0.17274, 
epoch 163 summary: dyn_dyn_cos_loss: 0.60192, dyn_sta_cos_loss: 0.06506, total_cos_loss : 0.17243, 
epoch 164 summary: dyn_dyn_cos_loss: 0.60030, dyn_sta_cos_loss: 0.06510, total_cos_loss : 0.17214, 
epoch 165 summary: dyn_dyn_cos_loss: 0.59908, dyn_sta_cos_loss: 0.06512, total_cos_loss : 0.17191, 
epoch 166 summary: dyn_dyn_cos_loss: 0.59806, dyn_sta_cos_loss: 0.06500, total_cos_loss : 0.17161, 
epoch 167 summary: dyn_dyn_cos_loss: 0.59692, dyn_sta_cos_loss: 0.06496, total_cos_loss : 0.17135, 
epoch 168 summary: dyn_dyn_cos_loss: 0.59584, dyn_sta_cos_loss: 0.06487, total_cos_loss : 0.17107, 
epoch 169 summary: dyn_dyn_cos_loss: 0.59489, dyn_sta_cos_loss: 0.06482, total_cos_loss : 0.17084, 
epoch 170 summary: dyn_dyn_cos_loss: 0.59391, dyn_sta_cos_loss: 0.06479, total_cos_loss : 0.17062, 
valid loss: 1.5848, valid acc: 0.5645
epoch 171 summary: dyn_dyn_cos_loss: 0.59252, dyn_sta_cos_loss: 0.06475, total_cos_loss : 0.17031, 
epoch 172 summary: dyn_dyn_cos_loss: 0.59165, dyn_sta_cos_loss: 0.06467, total_cos_loss : 0.17007, 
epoch 173 summary: dyn_dyn_cos_loss: 0.59092, dyn_sta_cos_loss: 0.06458, total_cos_loss : 0.16985, 
epoch 174 summary: dyn_dyn_cos_loss: 0.59010, dyn_sta_cos_loss: 0.06457, total_cos_loss : 0.16968, 
epoch 175 summary: dyn_dyn_cos_loss: 0.58940, dyn_sta_cos_loss: 0.06448, total_cos_loss : 0.16946, 
epoch 176 summary: dyn_dyn_cos_loss: 0.58792, dyn_sta_cos_loss: 0.06456, total_cos_loss : 0.16923, 
epoch 177 summary: dyn_dyn_cos_loss: 0.58750, dyn_sta_cos_loss: 0.06448, total_cos_loss : 0.16908, 
epoch 178 summary: dyn_dyn_cos_loss: 0.58675, dyn_sta_cos_loss: 0.06445, total_cos_loss : 0.16891, 
epoch 179 summary: dyn_dyn_cos_loss: 0.58577, dyn_sta_cos_loss: 0.06438, total_cos_loss : 0.16866, 
epoch 180 summary: dyn_dyn_cos_loss: 0.60904, dyn_sta_cos_loss: 0.06439, total_cos_loss : 0.17332, 
valid loss: 1.5846, valid acc: 0.5625
epoch 181 summary: dyn_dyn_cos_loss: 0.60769, dyn_sta_cos_loss: 0.06438, total_cos_loss : 0.17304, 
epoch 182 summary: dyn_dyn_cos_loss: 0.60639, dyn_sta_cos_loss: 0.06432, total_cos_loss : 0.17274, 
epoch 183 summary: dyn_dyn_cos_loss: 0.60501, dyn_sta_cos_loss: 0.06420, total_cos_loss : 0.17236, 
epoch 184 summary: dyn_dyn_cos_loss: 0.60431, dyn_sta_cos_loss: 0.06409, total_cos_loss : 0.17213, 
epoch 185 summary: dyn_dyn_cos_loss: 0.60268, dyn_sta_cos_loss: 0.06405, total_cos_loss : 0.17178, 
epoch 186 summary: dyn_dyn_cos_loss: 0.60189, dyn_sta_cos_loss: 0.06393, total_cos_loss : 0.17152, 
epoch 187 summary: dyn_dyn_cos_loss: 0.60104, dyn_sta_cos_loss: 0.06389, total_cos_loss : 0.17132, 
epoch 188 summary: dyn_dyn_cos_loss: 0.60005, dyn_sta_cos_loss: 0.06385, total_cos_loss : 0.17109, 
epoch 189 summary: dyn_dyn_cos_loss: 0.59900, dyn_sta_cos_loss: 0.06388, total_cos_loss : 0.17091, 
epoch 190 summary: dyn_dyn_cos_loss: 0.59793, dyn_sta_cos_loss: 0.06390, total_cos_loss : 0.17071, 
valid loss: 1.5859, valid acc: 0.5645
epoch 191 summary: dyn_dyn_cos_loss: 0.59666, dyn_sta_cos_loss: 0.06395, total_cos_loss : 0.17049, 
epoch 192 summary: dyn_dyn_cos_loss: 0.59557, dyn_sta_cos_loss: 0.06389, total_cos_loss : 0.17022, 
epoch 193 summary: dyn_dyn_cos_loss: 0.59457, dyn_sta_cos_loss: 0.06380, total_cos_loss : 0.16996, 
epoch 194 summary: dyn_dyn_cos_loss: 0.59358, dyn_sta_cos_loss: 0.06377, total_cos_loss : 0.16973, 
epoch 195 summary: dyn_dyn_cos_loss: 0.59258, dyn_sta_cos_loss: 0.06369, total_cos_loss : 0.16947, 
epoch 196 summary: dyn_dyn_cos_loss: 0.59188, dyn_sta_cos_loss: 0.06363, total_cos_loss : 0.16928, 
epoch 197 summary: dyn_dyn_cos_loss: 0.59097, dyn_sta_cos_loss: 0.06368, total_cos_loss : 0.16914, 
epoch 198 summary: dyn_dyn_cos_loss: 0.58991, dyn_sta_cos_loss: 0.06364, total_cos_loss : 0.16890, 
epoch 199 summary: dyn_dyn_cos_loss: 0.58927, dyn_sta_cos_loss: 0.06354, total_cos_loss : 0.16869, 
valid loss: 1.5848, valid acc: 0.5605
all                          56209.965ms
all_epoch                    56007.971ms
all_preparation                201.973ms
all_preparation_2              200.030ms
all_preparation_3                1.910ms
epoch                          194.530ms
epoch_pos_train                  5.924ms
epoch_preparation                0.583ms
epoch_train                    182.626ms
epoch_valid                      4.353ms
----------------------------------------
all                          56209.965ms
  all_epoch             99.64%
  all_preparation        0.36%
all_preparation                201.973ms
  all_preparation_2     99.04%
  all_preparation_3      0.95%
epoch                        38906.097ms
  epoch_train           93.88%
  epoch_pos_train        3.05%
  epoch_valid            2.24%
  epoch_preparation      0.30%
