Before CTE Training: train eu loss: 1.0526156425476074, eval eu loss: 1.492782711982727
Before CTE Training: train eu acc: 0.6604461669921875, eval eu acc: 0.560546875
epoch   0 summary: dyn_dyn_cos_loss: 5.95028, dyn_sta_cos_loss: 3.23537, total_cos_loss : 5.95028, vocab_cro_loss : 4.28721, 
train loss: 4.2815, train acc: 0.0164
epoch   1 summary: dyn_dyn_cos_loss: 5.87178, dyn_sta_cos_loss: 3.23204, total_cos_loss : 5.87178, vocab_cro_loss : 4.28150, 
epoch   2 summary: dyn_dyn_cos_loss: 5.80126, dyn_sta_cos_loss: 3.22827, total_cos_loss : 5.80126, vocab_cro_loss : 4.27629, 
epoch   3 summary: dyn_dyn_cos_loss: 5.73707, dyn_sta_cos_loss: 3.22418, total_cos_loss : 5.73707, vocab_cro_loss : 4.27108, 
epoch   4 summary: dyn_dyn_cos_loss: 5.67787, dyn_sta_cos_loss: 3.21763, total_cos_loss : 5.67787, vocab_cro_loss : 4.26283, 
epoch   5 summary: dyn_dyn_cos_loss: 5.62346, dyn_sta_cos_loss: 3.21367, total_cos_loss : 5.62346, vocab_cro_loss : 4.25672, 
epoch   6 summary: dyn_dyn_cos_loss: 5.57314, dyn_sta_cos_loss: 3.20832, total_cos_loss : 5.57314, vocab_cro_loss : 4.25027, 
epoch   7 summary: dyn_dyn_cos_loss: 5.52609, dyn_sta_cos_loss: 3.19980, total_cos_loss : 5.52609, vocab_cro_loss : 4.24136, 
epoch   8 summary: dyn_dyn_cos_loss: 5.48239, dyn_sta_cos_loss: 3.19058, total_cos_loss : 5.48239, vocab_cro_loss : 4.23184, 
epoch   9 summary: dyn_dyn_cos_loss: 5.44121, dyn_sta_cos_loss: 3.17995, total_cos_loss : 5.44121, vocab_cro_loss : 4.21992, 
epoch  10 summary: dyn_dyn_cos_loss: 5.40232, dyn_sta_cos_loss: 3.16634, total_cos_loss : 5.40232, vocab_cro_loss : 4.20533, 
train loss: 4.1910, train acc: 0.0298
epoch  11 summary: dyn_dyn_cos_loss: 5.36520, dyn_sta_cos_loss: 3.15283, total_cos_loss : 5.36520, vocab_cro_loss : 4.19100, 
epoch  12 summary: dyn_dyn_cos_loss: 5.32981, dyn_sta_cos_loss: 3.13674, total_cos_loss : 5.32981, vocab_cro_loss : 4.17431, 
epoch  13 summary: dyn_dyn_cos_loss: 5.29559, dyn_sta_cos_loss: 3.11990, total_cos_loss : 5.29559, vocab_cro_loss : 4.15750, 
epoch  14 summary: dyn_dyn_cos_loss: 5.26259, dyn_sta_cos_loss: 3.10023, total_cos_loss : 5.26259, vocab_cro_loss : 4.13887, 
epoch  15 summary: dyn_dyn_cos_loss: 5.22976, dyn_sta_cos_loss: 3.07613, total_cos_loss : 5.22976, vocab_cro_loss : 4.11555, 
epoch  16 summary: dyn_dyn_cos_loss: 5.19708, dyn_sta_cos_loss: 3.05302, total_cos_loss : 5.19708, vocab_cro_loss : 4.09323, 
epoch  17 summary: dyn_dyn_cos_loss: 5.16406, dyn_sta_cos_loss: 3.02078, total_cos_loss : 5.16406, vocab_cro_loss : 4.06117, 
epoch  18 summary: dyn_dyn_cos_loss: 5.12985, dyn_sta_cos_loss: 2.98471, total_cos_loss : 5.12985, vocab_cro_loss : 4.02546, 
epoch  19 summary: dyn_dyn_cos_loss: 5.09404, dyn_sta_cos_loss: 2.94862, total_cos_loss : 5.09404, vocab_cro_loss : 3.99013, 
epoch  20 summary: dyn_dyn_cos_loss: 5.80077, dyn_sta_cos_loss: 2.90504, total_cos_loss : 5.80077, vocab_cro_loss : 3.94776, 
train loss: 3.8793, train acc: 0.0761
epoch  21 summary: dyn_dyn_cos_loss: 5.72210, dyn_sta_cos_loss: 2.83443, total_cos_loss : 5.72210, vocab_cro_loss : 3.87931, 
epoch  22 summary: dyn_dyn_cos_loss: 5.63648, dyn_sta_cos_loss: 2.76470, total_cos_loss : 5.63648, vocab_cro_loss : 3.81063, 
epoch  23 summary: dyn_dyn_cos_loss: 5.54253, dyn_sta_cos_loss: 2.68227, total_cos_loss : 5.54253, vocab_cro_loss : 3.72849, 
epoch  24 summary: dyn_dyn_cos_loss: 5.44081, dyn_sta_cos_loss: 2.60270, total_cos_loss : 5.44081, vocab_cro_loss : 3.65068, 
epoch  25 summary: dyn_dyn_cos_loss: 5.32923, dyn_sta_cos_loss: 2.51876, total_cos_loss : 5.32923, vocab_cro_loss : 3.56743, 
epoch  26 summary: dyn_dyn_cos_loss: 5.21069, dyn_sta_cos_loss: 2.44260, total_cos_loss : 5.21069, vocab_cro_loss : 3.49159, 
epoch  27 summary: dyn_dyn_cos_loss: 5.08482, dyn_sta_cos_loss: 2.37063, total_cos_loss : 5.08482, vocab_cro_loss : 3.41937, 
epoch  28 summary: dyn_dyn_cos_loss: 4.95278, dyn_sta_cos_loss: 2.28733, total_cos_loss : 4.95278, vocab_cro_loss : 3.33744, 
epoch  29 summary: dyn_dyn_cos_loss: 4.81600, dyn_sta_cos_loss: 2.23087, total_cos_loss : 4.81600, vocab_cro_loss : 3.28047, 
epoch  30 summary: dyn_dyn_cos_loss: 4.67554, dyn_sta_cos_loss: 2.18133, total_cos_loss : 4.67554, vocab_cro_loss : 3.23063, 
train loss: 3.1780, train acc: 0.1936
epoch  31 summary: dyn_dyn_cos_loss: 4.53064, dyn_sta_cos_loss: 2.12867, total_cos_loss : 4.53064, vocab_cro_loss : 3.17799, 
epoch  32 summary: dyn_dyn_cos_loss: 4.38555, dyn_sta_cos_loss: 2.08588, total_cos_loss : 4.38555, vocab_cro_loss : 3.13526, 
epoch  33 summary: dyn_dyn_cos_loss: 4.23847, dyn_sta_cos_loss: 2.04851, total_cos_loss : 4.23847, vocab_cro_loss : 3.09837, 
epoch  34 summary: dyn_dyn_cos_loss: 4.09212, dyn_sta_cos_loss: 2.01314, total_cos_loss : 4.09212, vocab_cro_loss : 3.06327, 
epoch  35 summary: dyn_dyn_cos_loss: 3.94647, dyn_sta_cos_loss: 1.97598, total_cos_loss : 3.94647, vocab_cro_loss : 3.02593, 
epoch  36 summary: dyn_dyn_cos_loss: 3.80300, dyn_sta_cos_loss: 1.94098, total_cos_loss : 3.80300, vocab_cro_loss : 2.99350, 
epoch  37 summary: dyn_dyn_cos_loss: 3.66141, dyn_sta_cos_loss: 1.91355, total_cos_loss : 3.66141, vocab_cro_loss : 2.96581, 
epoch  38 summary: dyn_dyn_cos_loss: 3.52097, dyn_sta_cos_loss: 1.88934, total_cos_loss : 3.52097, vocab_cro_loss : 2.94055, 
epoch  39 summary: dyn_dyn_cos_loss: 3.38626, dyn_sta_cos_loss: 1.86097, total_cos_loss : 3.38626, vocab_cro_loss : 2.91342, 
epoch  40 summary: dyn_dyn_cos_loss: 3.37743, dyn_sta_cos_loss: 1.83836, total_cos_loss : 3.37743, vocab_cro_loss : 2.89064, 
train loss: 2.8715, train acc: 0.2442
epoch  41 summary: dyn_dyn_cos_loss: 3.23269, dyn_sta_cos_loss: 1.81988, total_cos_loss : 3.23269, vocab_cro_loss : 2.87146, 
epoch  42 summary: dyn_dyn_cos_loss: 3.09377, dyn_sta_cos_loss: 1.79677, total_cos_loss : 3.09377, vocab_cro_loss : 2.84884, 
epoch  43 summary: dyn_dyn_cos_loss: 2.96117, dyn_sta_cos_loss: 1.77675, total_cos_loss : 2.96117, vocab_cro_loss : 2.82932, 
epoch  44 summary: dyn_dyn_cos_loss: 2.83507, dyn_sta_cos_loss: 1.76102, total_cos_loss : 2.83507, vocab_cro_loss : 2.81287, 
epoch  45 summary: dyn_dyn_cos_loss: 2.71431, dyn_sta_cos_loss: 1.74389, total_cos_loss : 2.71431, vocab_cro_loss : 2.79653, 
epoch  46 summary: dyn_dyn_cos_loss: 2.59776, dyn_sta_cos_loss: 1.72991, total_cos_loss : 2.59776, vocab_cro_loss : 2.78279, 
epoch  47 summary: dyn_dyn_cos_loss: 2.48836, dyn_sta_cos_loss: 1.71087, total_cos_loss : 2.48836, vocab_cro_loss : 2.76428, 
epoch  48 summary: dyn_dyn_cos_loss: 2.38362, dyn_sta_cos_loss: 1.69670, total_cos_loss : 2.38362, vocab_cro_loss : 2.74996, 
epoch  49 summary: dyn_dyn_cos_loss: 2.28488, dyn_sta_cos_loss: 1.67968, total_cos_loss : 2.28488, vocab_cro_loss : 2.73291, 
epoch  50 summary: dyn_dyn_cos_loss: 2.18969, dyn_sta_cos_loss: 1.66455, total_cos_loss : 2.18969, vocab_cro_loss : 2.71822, 
train loss: 2.7034, train acc: 0.2719
epoch  51 summary: dyn_dyn_cos_loss: 2.09930, dyn_sta_cos_loss: 1.65008, total_cos_loss : 2.09930, vocab_cro_loss : 2.70342, 
epoch  52 summary: dyn_dyn_cos_loss: 2.01263, dyn_sta_cos_loss: 1.63674, total_cos_loss : 2.01263, vocab_cro_loss : 2.69012, 
epoch  53 summary: dyn_dyn_cos_loss: 1.93095, dyn_sta_cos_loss: 1.62393, total_cos_loss : 1.93095, vocab_cro_loss : 2.67731, 
epoch  54 summary: dyn_dyn_cos_loss: 1.85385, dyn_sta_cos_loss: 1.61118, total_cos_loss : 1.85385, vocab_cro_loss : 2.66526, 
epoch  55 summary: dyn_dyn_cos_loss: 1.77987, dyn_sta_cos_loss: 1.60045, total_cos_loss : 1.77987, vocab_cro_loss : 2.65311, 
epoch  56 summary: dyn_dyn_cos_loss: 1.71015, dyn_sta_cos_loss: 1.58684, total_cos_loss : 1.71015, vocab_cro_loss : 2.64011, 
epoch  57 summary: dyn_dyn_cos_loss: 1.64426, dyn_sta_cos_loss: 1.57523, total_cos_loss : 1.64426, vocab_cro_loss : 2.62796, 
epoch  58 summary: dyn_dyn_cos_loss: 1.58073, dyn_sta_cos_loss: 1.56214, total_cos_loss : 1.58073, vocab_cro_loss : 2.61545, 
epoch  59 summary: dyn_dyn_cos_loss: 1.52105, dyn_sta_cos_loss: 1.55369, total_cos_loss : 1.52105, vocab_cro_loss : 2.60734, 
epoch  60 summary: dyn_dyn_cos_loss: 1.55912, dyn_sta_cos_loss: 1.54089, total_cos_loss : 1.55912, vocab_cro_loss : 2.59360, 
train loss: 2.5810, train acc: 0.2857
epoch  61 summary: dyn_dyn_cos_loss: 1.49350, dyn_sta_cos_loss: 1.52939, total_cos_loss : 1.49350, vocab_cro_loss : 2.58096, 
epoch  62 summary: dyn_dyn_cos_loss: 1.43258, dyn_sta_cos_loss: 1.51512, total_cos_loss : 1.43258, vocab_cro_loss : 2.56658, 
epoch  63 summary: dyn_dyn_cos_loss: 1.37517, dyn_sta_cos_loss: 1.50449, total_cos_loss : 1.37517, vocab_cro_loss : 2.55764, 
epoch  64 summary: dyn_dyn_cos_loss: 1.32160, dyn_sta_cos_loss: 1.49551, total_cos_loss : 1.32160, vocab_cro_loss : 2.54865, 
epoch  65 summary: dyn_dyn_cos_loss: 1.27042, dyn_sta_cos_loss: 1.48772, total_cos_loss : 1.27042, vocab_cro_loss : 2.54139, 
epoch  66 summary: dyn_dyn_cos_loss: 1.22168, dyn_sta_cos_loss: 1.47902, total_cos_loss : 1.22168, vocab_cro_loss : 2.53262, 
epoch  67 summary: dyn_dyn_cos_loss: 1.17628, dyn_sta_cos_loss: 1.47138, total_cos_loss : 1.17628, vocab_cro_loss : 2.52484, 
epoch  68 summary: dyn_dyn_cos_loss: 1.13252, dyn_sta_cos_loss: 1.46134, total_cos_loss : 1.13252, vocab_cro_loss : 2.51452, 
epoch  69 summary: dyn_dyn_cos_loss: 1.09194, dyn_sta_cos_loss: 1.45467, total_cos_loss : 1.09194, vocab_cro_loss : 2.50702, 
epoch  70 summary: dyn_dyn_cos_loss: 1.05304, dyn_sta_cos_loss: 1.44628, total_cos_loss : 1.05304, vocab_cro_loss : 2.49775, 
train loss: 2.4911, train acc: 0.2997
epoch  71 summary: dyn_dyn_cos_loss: 1.01623, dyn_sta_cos_loss: 1.43965, total_cos_loss : 1.01623, vocab_cro_loss : 2.49107, 
epoch  72 summary: dyn_dyn_cos_loss: 0.98147, dyn_sta_cos_loss: 1.43110, total_cos_loss : 0.98147, vocab_cro_loss : 2.48354, 
epoch  73 summary: dyn_dyn_cos_loss: 0.94765, dyn_sta_cos_loss: 1.42463, total_cos_loss : 0.94765, vocab_cro_loss : 2.47608, 
epoch  74 summary: dyn_dyn_cos_loss: 0.91606, dyn_sta_cos_loss: 1.41827, total_cos_loss : 0.91606, vocab_cro_loss : 2.46874, 
epoch  75 summary: dyn_dyn_cos_loss: 0.88558, dyn_sta_cos_loss: 1.41115, total_cos_loss : 0.88558, vocab_cro_loss : 2.46180, 
epoch  76 summary: dyn_dyn_cos_loss: 0.85715, dyn_sta_cos_loss: 1.40447, total_cos_loss : 0.85715, vocab_cro_loss : 2.45545, 
epoch  77 summary: dyn_dyn_cos_loss: 0.82989, dyn_sta_cos_loss: 1.39648, total_cos_loss : 0.82989, vocab_cro_loss : 2.44666, 
epoch  78 summary: dyn_dyn_cos_loss: 0.80395, dyn_sta_cos_loss: 1.38878, total_cos_loss : 0.80395, vocab_cro_loss : 2.43964, 
epoch  79 summary: dyn_dyn_cos_loss: 0.77967, dyn_sta_cos_loss: 1.38261, total_cos_loss : 0.77967, vocab_cro_loss : 2.43336, 
epoch  80 summary: dyn_dyn_cos_loss: 0.84452, dyn_sta_cos_loss: 1.37704, total_cos_loss : 0.84452, vocab_cro_loss : 2.42768, 
train loss: 2.4220, train acc: 0.3159
epoch  81 summary: dyn_dyn_cos_loss: 0.81342, dyn_sta_cos_loss: 1.37212, total_cos_loss : 0.81342, vocab_cro_loss : 2.42198, 
epoch  82 summary: dyn_dyn_cos_loss: 0.78443, dyn_sta_cos_loss: 1.36548, total_cos_loss : 0.78443, vocab_cro_loss : 2.41550, 
epoch  83 summary: dyn_dyn_cos_loss: 0.75763, dyn_sta_cos_loss: 1.35949, total_cos_loss : 0.75763, vocab_cro_loss : 2.40974, 
epoch  84 summary: dyn_dyn_cos_loss: 0.73279, dyn_sta_cos_loss: 1.35407, total_cos_loss : 0.73279, vocab_cro_loss : 2.40427, 
epoch  85 summary: dyn_dyn_cos_loss: 0.70990, dyn_sta_cos_loss: 1.34808, total_cos_loss : 0.70990, vocab_cro_loss : 2.39817, 
epoch  86 summary: dyn_dyn_cos_loss: 0.68819, dyn_sta_cos_loss: 1.33900, total_cos_loss : 0.68819, vocab_cro_loss : 2.38847, 
epoch  87 summary: dyn_dyn_cos_loss: 0.66798, dyn_sta_cos_loss: 1.33299, total_cos_loss : 0.66798, vocab_cro_loss : 2.38238, 
epoch  88 summary: dyn_dyn_cos_loss: 0.64898, dyn_sta_cos_loss: 1.32624, total_cos_loss : 0.64898, vocab_cro_loss : 2.37675, 
epoch  89 summary: dyn_dyn_cos_loss: 0.63142, dyn_sta_cos_loss: 1.32148, total_cos_loss : 0.63142, vocab_cro_loss : 2.37153, 
epoch  90 summary: dyn_dyn_cos_loss: 0.61503, dyn_sta_cos_loss: 1.31467, total_cos_loss : 0.61503, vocab_cro_loss : 2.36531, 
train loss: 2.3586, train acc: 0.3257
epoch  91 summary: dyn_dyn_cos_loss: 0.59982, dyn_sta_cos_loss: 1.30819, total_cos_loss : 0.59982, vocab_cro_loss : 2.35857, 
epoch  92 summary: dyn_dyn_cos_loss: 0.58539, dyn_sta_cos_loss: 1.30108, total_cos_loss : 0.58539, vocab_cro_loss : 2.35145, 
epoch  93 summary: dyn_dyn_cos_loss: 0.57192, dyn_sta_cos_loss: 1.29148, total_cos_loss : 0.57192, vocab_cro_loss : 2.34204, 
epoch  94 summary: dyn_dyn_cos_loss: 0.55957, dyn_sta_cos_loss: 1.28454, total_cos_loss : 0.55957, vocab_cro_loss : 2.33508, 
epoch  95 summary: dyn_dyn_cos_loss: 0.54757, dyn_sta_cos_loss: 1.27712, total_cos_loss : 0.54757, vocab_cro_loss : 2.32817, 
epoch  96 summary: dyn_dyn_cos_loss: 0.53637, dyn_sta_cos_loss: 1.27084, total_cos_loss : 0.53637, vocab_cro_loss : 2.32219, 
epoch  97 summary: dyn_dyn_cos_loss: 0.52593, dyn_sta_cos_loss: 1.26678, total_cos_loss : 0.52593, vocab_cro_loss : 2.31768, 
epoch  98 summary: dyn_dyn_cos_loss: 0.51606, dyn_sta_cos_loss: 1.26133, total_cos_loss : 0.51606, vocab_cro_loss : 2.31265, 
epoch  99 summary: dyn_dyn_cos_loss: 0.50680, dyn_sta_cos_loss: 1.25512, total_cos_loss : 0.50680, vocab_cro_loss : 2.30613, 
epoch 100 summary: dyn_dyn_cos_loss: 0.57930, dyn_sta_cos_loss: 1.25124, total_cos_loss : 0.57930, vocab_cro_loss : 2.30128, 
train loss: 2.2919, train acc: 0.3403
epoch 101 summary: dyn_dyn_cos_loss: 0.56321, dyn_sta_cos_loss: 1.24182, total_cos_loss : 0.56321, vocab_cro_loss : 2.29193, 
epoch 102 summary: dyn_dyn_cos_loss: 0.54856, dyn_sta_cos_loss: 1.23677, total_cos_loss : 0.54856, vocab_cro_loss : 2.28690, 
epoch 103 summary: dyn_dyn_cos_loss: 0.53537, dyn_sta_cos_loss: 1.22990, total_cos_loss : 0.53537, vocab_cro_loss : 2.28001, 
epoch 104 summary: dyn_dyn_cos_loss: 0.52317, dyn_sta_cos_loss: 1.22344, total_cos_loss : 0.52317, vocab_cro_loss : 2.27367, 
epoch 105 summary: dyn_dyn_cos_loss: 0.51197, dyn_sta_cos_loss: 1.21577, total_cos_loss : 0.51197, vocab_cro_loss : 2.26670, 
epoch 106 summary: dyn_dyn_cos_loss: 0.50152, dyn_sta_cos_loss: 1.21030, total_cos_loss : 0.50152, vocab_cro_loss : 2.26045, 
epoch 107 summary: dyn_dyn_cos_loss: 0.49187, dyn_sta_cos_loss: 1.20466, total_cos_loss : 0.49187, vocab_cro_loss : 2.25546, 
epoch 108 summary: dyn_dyn_cos_loss: 0.48270, dyn_sta_cos_loss: 1.19836, total_cos_loss : 0.48270, vocab_cro_loss : 2.24950, 
epoch 109 summary: dyn_dyn_cos_loss: 0.47423, dyn_sta_cos_loss: 1.19434, total_cos_loss : 0.47423, vocab_cro_loss : 2.24529, 
epoch 110 summary: dyn_dyn_cos_loss: 0.46623, dyn_sta_cos_loss: 1.18678, total_cos_loss : 0.46623, vocab_cro_loss : 2.23753, 
train loss: 2.2308, train acc: 0.3562
epoch 111 summary: dyn_dyn_cos_loss: 0.45853, dyn_sta_cos_loss: 1.18040, total_cos_loss : 0.45853, vocab_cro_loss : 2.23076, 
epoch 112 summary: dyn_dyn_cos_loss: 0.45146, dyn_sta_cos_loss: 1.17411, total_cos_loss : 0.45146, vocab_cro_loss : 2.22546, 
epoch 113 summary: dyn_dyn_cos_loss: 0.44470, dyn_sta_cos_loss: 1.16836, total_cos_loss : 0.44470, vocab_cro_loss : 2.21932, 
epoch 114 summary: dyn_dyn_cos_loss: 0.43834, dyn_sta_cos_loss: 1.16308, total_cos_loss : 0.43834, vocab_cro_loss : 2.21398, 
epoch 115 summary: dyn_dyn_cos_loss: 0.43213, dyn_sta_cos_loss: 1.15535, total_cos_loss : 0.43213, vocab_cro_loss : 2.20695, 
epoch 116 summary: dyn_dyn_cos_loss: 0.42616, dyn_sta_cos_loss: 1.15023, total_cos_loss : 0.42616, vocab_cro_loss : 2.20074, 
epoch 117 summary: dyn_dyn_cos_loss: 0.42052, dyn_sta_cos_loss: 1.14426, total_cos_loss : 0.42052, vocab_cro_loss : 2.19517, 
epoch 118 summary: dyn_dyn_cos_loss: 0.41515, dyn_sta_cos_loss: 1.13611, total_cos_loss : 0.41515, vocab_cro_loss : 2.18736, 
epoch 119 summary: dyn_dyn_cos_loss: 0.41008, dyn_sta_cos_loss: 1.13186, total_cos_loss : 0.41008, vocab_cro_loss : 2.18303, 
epoch 120 summary: dyn_dyn_cos_loss: 0.48121, dyn_sta_cos_loss: 1.12513, total_cos_loss : 0.48121, vocab_cro_loss : 2.17661, 
train loss: 2.1720, train acc: 0.3711
epoch 121 summary: dyn_dyn_cos_loss: 0.46917, dyn_sta_cos_loss: 1.11975, total_cos_loss : 0.46917, vocab_cro_loss : 2.17200, 
epoch 122 summary: dyn_dyn_cos_loss: 0.45824, dyn_sta_cos_loss: 1.11382, total_cos_loss : 0.45824, vocab_cro_loss : 2.16625, 
epoch 123 summary: dyn_dyn_cos_loss: 0.44828, dyn_sta_cos_loss: 1.10860, total_cos_loss : 0.44828, vocab_cro_loss : 2.16126, 
epoch 124 summary: dyn_dyn_cos_loss: 0.43910, dyn_sta_cos_loss: 1.10301, total_cos_loss : 0.43910, vocab_cro_loss : 2.15578, 
epoch 125 summary: dyn_dyn_cos_loss: 0.43042, dyn_sta_cos_loss: 1.09739, total_cos_loss : 0.43042, vocab_cro_loss : 2.14987, 
epoch 126 summary: dyn_dyn_cos_loss: 0.42260, dyn_sta_cos_loss: 1.09256, total_cos_loss : 0.42260, vocab_cro_loss : 2.14445, 
epoch 127 summary: dyn_dyn_cos_loss: 0.41507, dyn_sta_cos_loss: 1.08646, total_cos_loss : 0.41507, vocab_cro_loss : 2.13828, 
epoch 128 summary: dyn_dyn_cos_loss: 0.40796, dyn_sta_cos_loss: 1.07948, total_cos_loss : 0.40796, vocab_cro_loss : 2.13218, 
epoch 129 summary: dyn_dyn_cos_loss: 0.40121, dyn_sta_cos_loss: 1.07183, total_cos_loss : 0.40121, vocab_cro_loss : 2.12401, 
epoch 130 summary: dyn_dyn_cos_loss: 0.39495, dyn_sta_cos_loss: 1.06537, total_cos_loss : 0.39495, vocab_cro_loss : 2.11740, 
train loss: 2.1113, train acc: 0.3856
epoch 131 summary: dyn_dyn_cos_loss: 0.38894, dyn_sta_cos_loss: 1.05884, total_cos_loss : 0.38894, vocab_cro_loss : 2.11129, 
epoch 132 summary: dyn_dyn_cos_loss: 0.38322, dyn_sta_cos_loss: 1.05431, total_cos_loss : 0.38322, vocab_cro_loss : 2.10540, 
epoch 133 summary: dyn_dyn_cos_loss: 0.37780, dyn_sta_cos_loss: 1.04798, total_cos_loss : 0.37780, vocab_cro_loss : 2.09947, 
epoch 134 summary: dyn_dyn_cos_loss: 0.37252, dyn_sta_cos_loss: 1.04261, total_cos_loss : 0.37252, vocab_cro_loss : 2.09378, 
epoch 135 summary: dyn_dyn_cos_loss: 0.36737, dyn_sta_cos_loss: 1.03466, total_cos_loss : 0.36737, vocab_cro_loss : 2.08694, 
epoch 136 summary: dyn_dyn_cos_loss: 0.36257, dyn_sta_cos_loss: 1.03031, total_cos_loss : 0.36257, vocab_cro_loss : 2.08155, 
epoch 137 summary: dyn_dyn_cos_loss: 0.35794, dyn_sta_cos_loss: 1.02425, total_cos_loss : 0.35794, vocab_cro_loss : 2.07571, 
epoch 138 summary: dyn_dyn_cos_loss: 0.35347, dyn_sta_cos_loss: 1.01957, total_cos_loss : 0.35347, vocab_cro_loss : 2.07129, 
epoch 139 summary: dyn_dyn_cos_loss: 0.34912, dyn_sta_cos_loss: 1.01365, total_cos_loss : 0.34912, vocab_cro_loss : 2.06537, 
epoch 140 summary: dyn_dyn_cos_loss: 0.41303, dyn_sta_cos_loss: 1.00788, total_cos_loss : 0.41303, vocab_cro_loss : 2.05949, 
train loss: 2.0554, train acc: 0.3996
epoch 141 summary: dyn_dyn_cos_loss: 0.40247, dyn_sta_cos_loss: 1.00452, total_cos_loss : 0.40247, vocab_cro_loss : 2.05540, 
epoch 142 summary: dyn_dyn_cos_loss: 0.39301, dyn_sta_cos_loss: 1.00052, total_cos_loss : 0.39301, vocab_cro_loss : 2.05219, 
epoch 143 summary: dyn_dyn_cos_loss: 0.38438, dyn_sta_cos_loss: 0.99270, total_cos_loss : 0.38438, vocab_cro_loss : 2.04465, 
epoch 144 summary: dyn_dyn_cos_loss: 0.37635, dyn_sta_cos_loss: 0.98879, total_cos_loss : 0.37635, vocab_cro_loss : 2.04023, 
epoch 145 summary: dyn_dyn_cos_loss: 0.36898, dyn_sta_cos_loss: 0.98416, total_cos_loss : 0.36898, vocab_cro_loss : 2.03529, 
epoch 146 summary: dyn_dyn_cos_loss: 0.36190, dyn_sta_cos_loss: 0.98001, total_cos_loss : 0.36190, vocab_cro_loss : 2.03033, 
epoch 147 summary: dyn_dyn_cos_loss: 0.35531, dyn_sta_cos_loss: 0.97607, total_cos_loss : 0.35531, vocab_cro_loss : 2.02664, 
epoch 148 summary: dyn_dyn_cos_loss: 0.34920, dyn_sta_cos_loss: 0.97222, total_cos_loss : 0.34920, vocab_cro_loss : 2.02257, 
epoch 149 summary: dyn_dyn_cos_loss: 0.34345, dyn_sta_cos_loss: 0.96754, total_cos_loss : 0.34345, vocab_cro_loss : 2.01849, 
epoch 150 summary: dyn_dyn_cos_loss: 0.33789, dyn_sta_cos_loss: 0.96294, total_cos_loss : 0.33789, vocab_cro_loss : 2.01384, 
train loss: 2.0105, train acc: 0.4128
epoch 151 summary: dyn_dyn_cos_loss: 0.33268, dyn_sta_cos_loss: 0.95948, total_cos_loss : 0.33268, vocab_cro_loss : 2.01046, 
epoch 152 summary: dyn_dyn_cos_loss: 0.32769, dyn_sta_cos_loss: 0.95562, total_cos_loss : 0.32769, vocab_cro_loss : 2.00676, 
epoch 153 summary: dyn_dyn_cos_loss: 0.32300, dyn_sta_cos_loss: 0.95238, total_cos_loss : 0.32300, vocab_cro_loss : 2.00266, 
epoch 154 summary: dyn_dyn_cos_loss: 0.31842, dyn_sta_cos_loss: 0.94827, total_cos_loss : 0.31842, vocab_cro_loss : 1.99830, 
epoch 155 summary: dyn_dyn_cos_loss: 0.31414, dyn_sta_cos_loss: 0.94424, total_cos_loss : 0.31414, vocab_cro_loss : 1.99398, 
epoch 156 summary: dyn_dyn_cos_loss: 0.30998, dyn_sta_cos_loss: 0.94142, total_cos_loss : 0.30998, vocab_cro_loss : 1.99115, 
epoch 157 summary: dyn_dyn_cos_loss: 0.30601, dyn_sta_cos_loss: 0.93424, total_cos_loss : 0.30601, vocab_cro_loss : 1.98444, 
epoch 158 summary: dyn_dyn_cos_loss: 0.30205, dyn_sta_cos_loss: 0.92943, total_cos_loss : 0.30205, vocab_cro_loss : 1.98072, 
epoch 159 summary: dyn_dyn_cos_loss: 0.29839, dyn_sta_cos_loss: 0.92542, total_cos_loss : 0.29839, vocab_cro_loss : 1.97645, 
epoch 160 summary: dyn_dyn_cos_loss: 0.35586, dyn_sta_cos_loss: 0.92160, total_cos_loss : 0.35586, vocab_cro_loss : 1.97214, 
train loss: 1.9687, train acc: 0.4259
epoch 161 summary: dyn_dyn_cos_loss: 0.34692, dyn_sta_cos_loss: 0.91823, total_cos_loss : 0.34692, vocab_cro_loss : 1.96871, 
epoch 162 summary: dyn_dyn_cos_loss: 0.33873, dyn_sta_cos_loss: 0.91537, total_cos_loss : 0.33873, vocab_cro_loss : 1.96502, 
epoch 163 summary: dyn_dyn_cos_loss: 0.33135, dyn_sta_cos_loss: 0.91147, total_cos_loss : 0.33135, vocab_cro_loss : 1.96116, 
epoch 164 summary: dyn_dyn_cos_loss: 0.32457, dyn_sta_cos_loss: 0.90739, total_cos_loss : 0.32457, vocab_cro_loss : 1.95701, 
epoch 165 summary: dyn_dyn_cos_loss: 0.31824, dyn_sta_cos_loss: 0.90309, total_cos_loss : 0.31824, vocab_cro_loss : 1.95242, 
epoch 166 summary: dyn_dyn_cos_loss: 0.31230, dyn_sta_cos_loss: 0.89977, total_cos_loss : 0.31230, vocab_cro_loss : 1.94929, 
epoch 167 summary: dyn_dyn_cos_loss: 0.30690, dyn_sta_cos_loss: 0.89613, total_cos_loss : 0.30690, vocab_cro_loss : 1.94485, 
epoch 168 summary: dyn_dyn_cos_loss: 0.30166, dyn_sta_cos_loss: 0.89276, total_cos_loss : 0.30166, vocab_cro_loss : 1.94168, 
epoch 169 summary: dyn_dyn_cos_loss: 0.29691, dyn_sta_cos_loss: 0.88981, total_cos_loss : 0.29691, vocab_cro_loss : 1.93869, 
epoch 170 summary: dyn_dyn_cos_loss: 0.29238, dyn_sta_cos_loss: 0.88656, total_cos_loss : 0.29238, vocab_cro_loss : 1.93483, 
train loss: 1.9306, train acc: 0.4375
epoch 171 summary: dyn_dyn_cos_loss: 0.28795, dyn_sta_cos_loss: 0.88265, total_cos_loss : 0.28795, vocab_cro_loss : 1.93062, 
epoch 172 summary: dyn_dyn_cos_loss: 0.28385, dyn_sta_cos_loss: 0.87968, total_cos_loss : 0.28385, vocab_cro_loss : 1.92726, 
epoch 173 summary: dyn_dyn_cos_loss: 0.28002, dyn_sta_cos_loss: 0.87551, total_cos_loss : 0.28002, vocab_cro_loss : 1.92278, 
epoch 174 summary: dyn_dyn_cos_loss: 0.27632, dyn_sta_cos_loss: 0.87179, total_cos_loss : 0.27632, vocab_cro_loss : 1.91957, 
epoch 175 summary: dyn_dyn_cos_loss: 0.27279, dyn_sta_cos_loss: 0.86948, total_cos_loss : 0.27279, vocab_cro_loss : 1.91679, 
epoch 176 summary: dyn_dyn_cos_loss: 0.26935, dyn_sta_cos_loss: 0.86733, total_cos_loss : 0.26935, vocab_cro_loss : 1.91468, 
epoch 177 summary: dyn_dyn_cos_loss: 0.26617, dyn_sta_cos_loss: 0.86509, total_cos_loss : 0.26617, vocab_cro_loss : 1.91258, 
epoch 178 summary: dyn_dyn_cos_loss: 0.26309, dyn_sta_cos_loss: 0.86165, total_cos_loss : 0.26309, vocab_cro_loss : 1.90925, 
epoch 179 summary: dyn_dyn_cos_loss: 0.26011, dyn_sta_cos_loss: 0.85634, total_cos_loss : 0.26011, vocab_cro_loss : 1.90428, 
epoch 180 summary: dyn_dyn_cos_loss: 0.31309, dyn_sta_cos_loss: 0.85392, total_cos_loss : 0.31309, vocab_cro_loss : 1.90150, 
train loss: 1.8985, train acc: 0.4459
epoch 181 summary: dyn_dyn_cos_loss: 0.30533, dyn_sta_cos_loss: 0.85048, total_cos_loss : 0.30533, vocab_cro_loss : 1.89846, 
epoch 182 summary: dyn_dyn_cos_loss: 0.29841, dyn_sta_cos_loss: 0.84766, total_cos_loss : 0.29841, vocab_cro_loss : 1.89604, 
epoch 183 summary: dyn_dyn_cos_loss: 0.29204, dyn_sta_cos_loss: 0.84354, total_cos_loss : 0.29204, vocab_cro_loss : 1.89238, 
epoch 184 summary: dyn_dyn_cos_loss: 0.28626, dyn_sta_cos_loss: 0.84155, total_cos_loss : 0.28626, vocab_cro_loss : 1.88985, 
epoch 185 summary: dyn_dyn_cos_loss: 0.28091, dyn_sta_cos_loss: 0.83903, total_cos_loss : 0.28091, vocab_cro_loss : 1.88755, 
epoch 186 summary: dyn_dyn_cos_loss: 0.27600, dyn_sta_cos_loss: 0.83621, total_cos_loss : 0.27600, vocab_cro_loss : 1.88546, 
epoch 187 summary: dyn_dyn_cos_loss: 0.27140, dyn_sta_cos_loss: 0.83346, total_cos_loss : 0.27140, vocab_cro_loss : 1.88219, 
epoch 188 summary: dyn_dyn_cos_loss: 0.26717, dyn_sta_cos_loss: 0.83078, total_cos_loss : 0.26717, vocab_cro_loss : 1.87935, 
epoch 189 summary: dyn_dyn_cos_loss: 0.26316, dyn_sta_cos_loss: 0.82585, total_cos_loss : 0.26316, vocab_cro_loss : 1.87528, 
epoch 190 summary: dyn_dyn_cos_loss: 0.25930, dyn_sta_cos_loss: 0.82298, total_cos_loss : 0.25930, vocab_cro_loss : 1.87236, 
train loss: 1.8696, train acc: 0.4536
epoch 191 summary: dyn_dyn_cos_loss: 0.25571, dyn_sta_cos_loss: 0.82042, total_cos_loss : 0.25571, vocab_cro_loss : 1.86962, 
epoch 192 summary: dyn_dyn_cos_loss: 0.25233, dyn_sta_cos_loss: 0.81810, total_cos_loss : 0.25233, vocab_cro_loss : 1.86733, 
epoch 193 summary: dyn_dyn_cos_loss: 0.24914, dyn_sta_cos_loss: 0.81567, total_cos_loss : 0.24914, vocab_cro_loss : 1.86469, 
epoch 194 summary: dyn_dyn_cos_loss: 0.24610, dyn_sta_cos_loss: 0.81274, total_cos_loss : 0.24610, vocab_cro_loss : 1.86194, 
epoch 195 summary: dyn_dyn_cos_loss: 0.24330, dyn_sta_cos_loss: 0.80909, total_cos_loss : 0.24330, vocab_cro_loss : 1.85870, 
epoch 196 summary: dyn_dyn_cos_loss: 0.24060, dyn_sta_cos_loss: 0.80531, total_cos_loss : 0.24060, vocab_cro_loss : 1.85490, 
epoch 197 summary: dyn_dyn_cos_loss: 0.23805, dyn_sta_cos_loss: 0.80253, total_cos_loss : 0.23805, vocab_cro_loss : 1.85216, 
epoch 198 summary: dyn_dyn_cos_loss: 0.23562, dyn_sta_cos_loss: 0.79728, total_cos_loss : 0.23562, vocab_cro_loss : 1.84798, 
epoch 199 summary: dyn_dyn_cos_loss: 0.23324, dyn_sta_cos_loss: 0.79609, total_cos_loss : 0.23324, vocab_cro_loss : 1.84536, 
train loss: 1.8432, train acc: 0.4632
all                       10362610.330ms
all_epoch                 10346589.452ms
all_preparation              16020.843ms
all_preparation_2            16018.353ms
all_preparation_3                2.449ms
epoch                        51585.023ms
epoch_pos_train                  3.944ms
epoch_preparation               34.621ms
epoch_train                  50930.884ms
epoch_valid                    612.850ms
----------------------------------------
all                       10362610.330ms
  all_epoch             99.85%
  all_preparation        0.15%
all_preparation              16020.843ms
  all_preparation_2     99.98%
  all_preparation_3      0.02%
epoch                     10317004.636ms
  epoch_train           98.73%
  epoch_valid            1.19%
  epoch_preparation      0.07%
  epoch_pos_train        0.01%
epoch   0 summary: dyn_dyn_cos_loss: 5.47382, dyn_sta_cos_loss: 3.17585, total_cos_loss : 5.47382, 
valid loss: 4.0422, valid acc: 0.0410
epoch   1 summary: dyn_dyn_cos_loss: 5.09434, dyn_sta_cos_loss: 2.96944, total_cos_loss : 5.09434, 
epoch   2 summary: dyn_dyn_cos_loss: 4.72758, dyn_sta_cos_loss: 2.78577, total_cos_loss : 4.72758, 
epoch   3 summary: dyn_dyn_cos_loss: 4.40582, dyn_sta_cos_loss: 2.61100, total_cos_loss : 4.40582, 
epoch   4 summary: dyn_dyn_cos_loss: 4.09368, dyn_sta_cos_loss: 2.45670, total_cos_loss : 4.09368, 
epoch   5 summary: dyn_dyn_cos_loss: 3.79788, dyn_sta_cos_loss: 2.32959, total_cos_loss : 3.79788, 
epoch   6 summary: dyn_dyn_cos_loss: 3.53184, dyn_sta_cos_loss: 2.20962, total_cos_loss : 3.53184, 
epoch   7 summary: dyn_dyn_cos_loss: 3.27053, dyn_sta_cos_loss: 2.09741, total_cos_loss : 3.27053, 
epoch   8 summary: dyn_dyn_cos_loss: 3.04438, dyn_sta_cos_loss: 1.99885, total_cos_loss : 3.04438, 
epoch   9 summary: dyn_dyn_cos_loss: 2.83113, dyn_sta_cos_loss: 1.91489, total_cos_loss : 2.83113, 
epoch  10 summary: dyn_dyn_cos_loss: 2.63978, dyn_sta_cos_loss: 1.85648, total_cos_loss : 2.63978, 
valid loss: 2.8642, valid acc: 0.2520
epoch  11 summary: dyn_dyn_cos_loss: 2.46619, dyn_sta_cos_loss: 1.79891, total_cos_loss : 2.46619, 
epoch  12 summary: dyn_dyn_cos_loss: 2.28079, dyn_sta_cos_loss: 1.73067, total_cos_loss : 2.28079, 
epoch  13 summary: dyn_dyn_cos_loss: 2.12301, dyn_sta_cos_loss: 1.67666, total_cos_loss : 2.12301, 
epoch  14 summary: dyn_dyn_cos_loss: 1.97149, dyn_sta_cos_loss: 1.63295, total_cos_loss : 1.97149, 
epoch  15 summary: dyn_dyn_cos_loss: 1.84410, dyn_sta_cos_loss: 1.60556, total_cos_loss : 1.84410, 
epoch  16 summary: dyn_dyn_cos_loss: 1.71457, dyn_sta_cos_loss: 1.56676, total_cos_loss : 1.71457, 
epoch  17 summary: dyn_dyn_cos_loss: 1.59978, dyn_sta_cos_loss: 1.52176, total_cos_loss : 1.59978, 
epoch  18 summary: dyn_dyn_cos_loss: 1.49619, dyn_sta_cos_loss: 1.48680, total_cos_loss : 1.49619, 
epoch  19 summary: dyn_dyn_cos_loss: 1.39808, dyn_sta_cos_loss: 1.45543, total_cos_loss : 1.39808, 
epoch  20 summary: dyn_dyn_cos_loss: 1.31750, dyn_sta_cos_loss: 1.42146, total_cos_loss : 1.31750, 
valid loss: 2.4983, valid acc: 0.3066
epoch  21 summary: dyn_dyn_cos_loss: 1.23229, dyn_sta_cos_loss: 1.38961, total_cos_loss : 1.23229, 
epoch  22 summary: dyn_dyn_cos_loss: 1.15289, dyn_sta_cos_loss: 1.35666, total_cos_loss : 1.15289, 
epoch  23 summary: dyn_dyn_cos_loss: 1.07658, dyn_sta_cos_loss: 1.32243, total_cos_loss : 1.07658, 
epoch  24 summary: dyn_dyn_cos_loss: 1.01385, dyn_sta_cos_loss: 1.29596, total_cos_loss : 1.01385, 
epoch  25 summary: dyn_dyn_cos_loss: 0.95250, dyn_sta_cos_loss: 1.27760, total_cos_loss : 0.95250, 
epoch  26 summary: dyn_dyn_cos_loss: 0.89537, dyn_sta_cos_loss: 1.26289, total_cos_loss : 0.89537, 
epoch  27 summary: dyn_dyn_cos_loss: 0.83873, dyn_sta_cos_loss: 1.24533, total_cos_loss : 0.83873, 
epoch  28 summary: dyn_dyn_cos_loss: 0.78884, dyn_sta_cos_loss: 1.22700, total_cos_loss : 0.78884, 
epoch  29 summary: dyn_dyn_cos_loss: 0.74239, dyn_sta_cos_loss: 1.20315, total_cos_loss : 0.74239, 
epoch  30 summary: dyn_dyn_cos_loss: 0.69723, dyn_sta_cos_loss: 1.19547, total_cos_loss : 0.69723, 
valid loss: 2.2979, valid acc: 0.3418
epoch  31 summary: dyn_dyn_cos_loss: 0.65381, dyn_sta_cos_loss: 1.17577, total_cos_loss : 0.65381, 
epoch  32 summary: dyn_dyn_cos_loss: 0.61828, dyn_sta_cos_loss: 1.14780, total_cos_loss : 0.61828, 
epoch  33 summary: dyn_dyn_cos_loss: 0.58373, dyn_sta_cos_loss: 1.13764, total_cos_loss : 0.58373, 
epoch  34 summary: dyn_dyn_cos_loss: 0.55401, dyn_sta_cos_loss: 1.12681, total_cos_loss : 0.55401, 
epoch  35 summary: dyn_dyn_cos_loss: 0.52323, dyn_sta_cos_loss: 1.11327, total_cos_loss : 0.52323, 
epoch  36 summary: dyn_dyn_cos_loss: 0.49554, dyn_sta_cos_loss: 1.10314, total_cos_loss : 0.49554, 
epoch  37 summary: dyn_dyn_cos_loss: 0.47415, dyn_sta_cos_loss: 1.09718, total_cos_loss : 0.47415, 
epoch  38 summary: dyn_dyn_cos_loss: 0.45316, dyn_sta_cos_loss: 1.08975, total_cos_loss : 0.45316, 
epoch  39 summary: dyn_dyn_cos_loss: 0.43413, dyn_sta_cos_loss: 1.07949, total_cos_loss : 0.43413, 
epoch  40 summary: dyn_dyn_cos_loss: 0.49892, dyn_sta_cos_loss: 1.07078, total_cos_loss : 0.49892, 
valid loss: 2.2176, valid acc: 0.3535
epoch  41 summary: dyn_dyn_cos_loss: 0.47626, dyn_sta_cos_loss: 1.06478, total_cos_loss : 0.47626, 
epoch  42 summary: dyn_dyn_cos_loss: 0.45616, dyn_sta_cos_loss: 1.05428, total_cos_loss : 0.45616, 
epoch  43 summary: dyn_dyn_cos_loss: 0.43820, dyn_sta_cos_loss: 1.04319, total_cos_loss : 0.43820, 
epoch  44 summary: dyn_dyn_cos_loss: 0.42070, dyn_sta_cos_loss: 1.03009, total_cos_loss : 0.42070, 
epoch  45 summary: dyn_dyn_cos_loss: 0.40510, dyn_sta_cos_loss: 1.02307, total_cos_loss : 0.40510, 
epoch  46 summary: dyn_dyn_cos_loss: 0.38957, dyn_sta_cos_loss: 1.01196, total_cos_loss : 0.38957, 
epoch  47 summary: dyn_dyn_cos_loss: 0.37501, dyn_sta_cos_loss: 1.00682, total_cos_loss : 0.37501, 
epoch  48 summary: dyn_dyn_cos_loss: 0.36246, dyn_sta_cos_loss: 1.00081, total_cos_loss : 0.36246, 
epoch  49 summary: dyn_dyn_cos_loss: 0.35309, dyn_sta_cos_loss: 0.99648, total_cos_loss : 0.35309, 
epoch  50 summary: dyn_dyn_cos_loss: 0.34203, dyn_sta_cos_loss: 0.98626, total_cos_loss : 0.34203, 
valid loss: 2.1373, valid acc: 0.3652
epoch  51 summary: dyn_dyn_cos_loss: 0.33131, dyn_sta_cos_loss: 0.97912, total_cos_loss : 0.33131, 
epoch  52 summary: dyn_dyn_cos_loss: 0.32049, dyn_sta_cos_loss: 0.97316, total_cos_loss : 0.32049, 
epoch  53 summary: dyn_dyn_cos_loss: 0.31182, dyn_sta_cos_loss: 0.96944, total_cos_loss : 0.31182, 
epoch  54 summary: dyn_dyn_cos_loss: 0.30279, dyn_sta_cos_loss: 0.96027, total_cos_loss : 0.30279, 
epoch  55 summary: dyn_dyn_cos_loss: 0.29514, dyn_sta_cos_loss: 0.95497, total_cos_loss : 0.29514, 
epoch  56 summary: dyn_dyn_cos_loss: 0.28801, dyn_sta_cos_loss: 0.94725, total_cos_loss : 0.28801, 
epoch  57 summary: dyn_dyn_cos_loss: 0.28148, dyn_sta_cos_loss: 0.94473, total_cos_loss : 0.28148, 
epoch  58 summary: dyn_dyn_cos_loss: 0.27682, dyn_sta_cos_loss: 0.94329, total_cos_loss : 0.27682, 
epoch  59 summary: dyn_dyn_cos_loss: 0.27108, dyn_sta_cos_loss: 0.94141, total_cos_loss : 0.27108, 
epoch  60 summary: dyn_dyn_cos_loss: 0.32015, dyn_sta_cos_loss: 0.93608, total_cos_loss : 0.32015, 
valid loss: 2.0828, valid acc: 0.3887
epoch  61 summary: dyn_dyn_cos_loss: 0.31043, dyn_sta_cos_loss: 0.92901, total_cos_loss : 0.31043, 
epoch  62 summary: dyn_dyn_cos_loss: 0.30236, dyn_sta_cos_loss: 0.92600, total_cos_loss : 0.30236, 
epoch  63 summary: dyn_dyn_cos_loss: 0.29458, dyn_sta_cos_loss: 0.91689, total_cos_loss : 0.29458, 
epoch  64 summary: dyn_dyn_cos_loss: 0.28714, dyn_sta_cos_loss: 0.91235, total_cos_loss : 0.28714, 
epoch  65 summary: dyn_dyn_cos_loss: 0.28083, dyn_sta_cos_loss: 0.90713, total_cos_loss : 0.28083, 
epoch  66 summary: dyn_dyn_cos_loss: 0.27508, dyn_sta_cos_loss: 0.90392, total_cos_loss : 0.27508, 
epoch  67 summary: dyn_dyn_cos_loss: 0.27002, dyn_sta_cos_loss: 0.89986, total_cos_loss : 0.27002, 
epoch  68 summary: dyn_dyn_cos_loss: 0.26451, dyn_sta_cos_loss: 0.88853, total_cos_loss : 0.26451, 
epoch  69 summary: dyn_dyn_cos_loss: 0.25811, dyn_sta_cos_loss: 0.88329, total_cos_loss : 0.25811, 
epoch  70 summary: dyn_dyn_cos_loss: 0.25310, dyn_sta_cos_loss: 0.87885, total_cos_loss : 0.25310, 
valid loss: 2.0452, valid acc: 0.3984
epoch  71 summary: dyn_dyn_cos_loss: 0.24885, dyn_sta_cos_loss: 0.87984, total_cos_loss : 0.24885, 
epoch  72 summary: dyn_dyn_cos_loss: 0.24408, dyn_sta_cos_loss: 0.87203, total_cos_loss : 0.24408, 
epoch  73 summary: dyn_dyn_cos_loss: 0.24014, dyn_sta_cos_loss: 0.86905, total_cos_loss : 0.24014, 
epoch  74 summary: dyn_dyn_cos_loss: 0.23685, dyn_sta_cos_loss: 0.87076, total_cos_loss : 0.23685, 
epoch  75 summary: dyn_dyn_cos_loss: 0.23336, dyn_sta_cos_loss: 0.87135, total_cos_loss : 0.23336, 
epoch  76 summary: dyn_dyn_cos_loss: 0.22979, dyn_sta_cos_loss: 0.87118, total_cos_loss : 0.22979, 
epoch  77 summary: dyn_dyn_cos_loss: 0.22660, dyn_sta_cos_loss: 0.86464, total_cos_loss : 0.22660, 
epoch  78 summary: dyn_dyn_cos_loss: 0.22344, dyn_sta_cos_loss: 0.85918, total_cos_loss : 0.22344, 
epoch  79 summary: dyn_dyn_cos_loss: 0.22105, dyn_sta_cos_loss: 0.85226, total_cos_loss : 0.22105, 
epoch  80 summary: dyn_dyn_cos_loss: 0.29191, dyn_sta_cos_loss: 0.84692, total_cos_loss : 0.29191, 
valid loss: 2.0235, valid acc: 0.3965
epoch  81 summary: dyn_dyn_cos_loss: 0.28549, dyn_sta_cos_loss: 0.84728, total_cos_loss : 0.28549, 
epoch  82 summary: dyn_dyn_cos_loss: 0.27958, dyn_sta_cos_loss: 0.84285, total_cos_loss : 0.27958, 
epoch  83 summary: dyn_dyn_cos_loss: 0.27385, dyn_sta_cos_loss: 0.84355, total_cos_loss : 0.27385, 
epoch  84 summary: dyn_dyn_cos_loss: 0.26826, dyn_sta_cos_loss: 0.83816, total_cos_loss : 0.26826, 
epoch  85 summary: dyn_dyn_cos_loss: 0.26356, dyn_sta_cos_loss: 0.83638, total_cos_loss : 0.26356, 
epoch  86 summary: dyn_dyn_cos_loss: 0.25834, dyn_sta_cos_loss: 0.83928, total_cos_loss : 0.25834, 
epoch  87 summary: dyn_dyn_cos_loss: 0.25401, dyn_sta_cos_loss: 0.83795, total_cos_loss : 0.25401, 
epoch  88 summary: dyn_dyn_cos_loss: 0.24974, dyn_sta_cos_loss: 0.83033, total_cos_loss : 0.24974, 
epoch  89 summary: dyn_dyn_cos_loss: 0.24606, dyn_sta_cos_loss: 0.83293, total_cos_loss : 0.24606, 
epoch  90 summary: dyn_dyn_cos_loss: 0.24232, dyn_sta_cos_loss: 0.83447, total_cos_loss : 0.24232, 
valid loss: 2.0031, valid acc: 0.4180
epoch  91 summary: dyn_dyn_cos_loss: 0.23875, dyn_sta_cos_loss: 0.83181, total_cos_loss : 0.23875, 
epoch  92 summary: dyn_dyn_cos_loss: 0.23568, dyn_sta_cos_loss: 0.82993, total_cos_loss : 0.23568, 
epoch  93 summary: dyn_dyn_cos_loss: 0.23278, dyn_sta_cos_loss: 0.83132, total_cos_loss : 0.23278, 
epoch  94 summary: dyn_dyn_cos_loss: 0.22983, dyn_sta_cos_loss: 0.82567, total_cos_loss : 0.22983, 
epoch  95 summary: dyn_dyn_cos_loss: 0.22673, dyn_sta_cos_loss: 0.82714, total_cos_loss : 0.22673, 
epoch  96 summary: dyn_dyn_cos_loss: 0.22409, dyn_sta_cos_loss: 0.82739, total_cos_loss : 0.22409, 
epoch  97 summary: dyn_dyn_cos_loss: 0.22184, dyn_sta_cos_loss: 0.82678, total_cos_loss : 0.22184, 
epoch  98 summary: dyn_dyn_cos_loss: 0.21955, dyn_sta_cos_loss: 0.82491, total_cos_loss : 0.21955, 
epoch  99 summary: dyn_dyn_cos_loss: 0.21741, dyn_sta_cos_loss: 0.82234, total_cos_loss : 0.21741, 
epoch 100 summary: dyn_dyn_cos_loss: 0.27163, dyn_sta_cos_loss: 0.82151, total_cos_loss : 0.27163, 
valid loss: 1.9846, valid acc: 0.4277
epoch 101 summary: dyn_dyn_cos_loss: 0.26531, dyn_sta_cos_loss: 0.81874, total_cos_loss : 0.26531, 
epoch 102 summary: dyn_dyn_cos_loss: 0.25941, dyn_sta_cos_loss: 0.81950, total_cos_loss : 0.25941, 
epoch 103 summary: dyn_dyn_cos_loss: 0.25407, dyn_sta_cos_loss: 0.81892, total_cos_loss : 0.25407, 
epoch 104 summary: dyn_dyn_cos_loss: 0.24926, dyn_sta_cos_loss: 0.82760, total_cos_loss : 0.24926, 
epoch 105 summary: dyn_dyn_cos_loss: 0.24456, dyn_sta_cos_loss: 0.83135, total_cos_loss : 0.24456, 
epoch 106 summary: dyn_dyn_cos_loss: 0.24059, dyn_sta_cos_loss: 0.83428, total_cos_loss : 0.24059, 
epoch 107 summary: dyn_dyn_cos_loss: 0.23670, dyn_sta_cos_loss: 0.83662, total_cos_loss : 0.23670, 
epoch 108 summary: dyn_dyn_cos_loss: 0.23325, dyn_sta_cos_loss: 0.83493, total_cos_loss : 0.23325, 
epoch 109 summary: dyn_dyn_cos_loss: 0.22947, dyn_sta_cos_loss: 0.83539, total_cos_loss : 0.22947, 
epoch 110 summary: dyn_dyn_cos_loss: 0.22609, dyn_sta_cos_loss: 0.83272, total_cos_loss : 0.22609, 
valid loss: 2.0103, valid acc: 0.4141
epoch 111 summary: dyn_dyn_cos_loss: 0.22331, dyn_sta_cos_loss: 0.83481, total_cos_loss : 0.22331, 
epoch 112 summary: dyn_dyn_cos_loss: 0.22069, dyn_sta_cos_loss: 0.83685, total_cos_loss : 0.22069, 
epoch 113 summary: dyn_dyn_cos_loss: 0.21811, dyn_sta_cos_loss: 0.84154, total_cos_loss : 0.21811, 
epoch 114 summary: dyn_dyn_cos_loss: 0.21571, dyn_sta_cos_loss: 0.84294, total_cos_loss : 0.21571, 
epoch 115 summary: dyn_dyn_cos_loss: 0.21322, dyn_sta_cos_loss: 0.84286, total_cos_loss : 0.21322, 
epoch 116 summary: dyn_dyn_cos_loss: 0.21101, dyn_sta_cos_loss: 0.84331, total_cos_loss : 0.21101, 
epoch 117 summary: dyn_dyn_cos_loss: 0.20899, dyn_sta_cos_loss: 0.84370, total_cos_loss : 0.20899, 
epoch 118 summary: dyn_dyn_cos_loss: 0.20705, dyn_sta_cos_loss: 0.84668, total_cos_loss : 0.20705, 
epoch 119 summary: dyn_dyn_cos_loss: 0.20539, dyn_sta_cos_loss: 0.84755, total_cos_loss : 0.20539, 
epoch 120 summary: dyn_dyn_cos_loss: 0.26944, dyn_sta_cos_loss: 0.85196, total_cos_loss : 0.26944, 
valid loss: 2.0209, valid acc: 0.4023
epoch 121 summary: dyn_dyn_cos_loss: 0.26373, dyn_sta_cos_loss: 0.84811, total_cos_loss : 0.26373, 
epoch 122 summary: dyn_dyn_cos_loss: 0.25839, dyn_sta_cos_loss: 0.84857, total_cos_loss : 0.25839, 
epoch 123 summary: dyn_dyn_cos_loss: 0.25314, dyn_sta_cos_loss: 0.84863, total_cos_loss : 0.25314, 
epoch 124 summary: dyn_dyn_cos_loss: 0.24863, dyn_sta_cos_loss: 0.84338, total_cos_loss : 0.24863, 
epoch 125 summary: dyn_dyn_cos_loss: 0.24440, dyn_sta_cos_loss: 0.84614, total_cos_loss : 0.24440, 
epoch 126 summary: dyn_dyn_cos_loss: 0.24047, dyn_sta_cos_loss: 0.84786, total_cos_loss : 0.24047, 
epoch 127 summary: dyn_dyn_cos_loss: 0.23684, dyn_sta_cos_loss: 0.84350, total_cos_loss : 0.23684, 
epoch 128 summary: dyn_dyn_cos_loss: 0.23366, dyn_sta_cos_loss: 0.84046, total_cos_loss : 0.23366, 
epoch 129 summary: dyn_dyn_cos_loss: 0.23045, dyn_sta_cos_loss: 0.83786, total_cos_loss : 0.23045, 
epoch 130 summary: dyn_dyn_cos_loss: 0.22741, dyn_sta_cos_loss: 0.84192, total_cos_loss : 0.22741, 
valid loss: 1.9953, valid acc: 0.4102
epoch 131 summary: dyn_dyn_cos_loss: 0.22428, dyn_sta_cos_loss: 0.84050, total_cos_loss : 0.22428, 
epoch 132 summary: dyn_dyn_cos_loss: 0.22124, dyn_sta_cos_loss: 0.84103, total_cos_loss : 0.22124, 
epoch 133 summary: dyn_dyn_cos_loss: 0.21864, dyn_sta_cos_loss: 0.83723, total_cos_loss : 0.21864, 
epoch 134 summary: dyn_dyn_cos_loss: 0.21610, dyn_sta_cos_loss: 0.83717, total_cos_loss : 0.21610, 
epoch 135 summary: dyn_dyn_cos_loss: 0.21409, dyn_sta_cos_loss: 0.83539, total_cos_loss : 0.21409, 
epoch 136 summary: dyn_dyn_cos_loss: 0.21205, dyn_sta_cos_loss: 0.83591, total_cos_loss : 0.21205, 
epoch 137 summary: dyn_dyn_cos_loss: 0.21008, dyn_sta_cos_loss: 0.83634, total_cos_loss : 0.21008, 
epoch 138 summary: dyn_dyn_cos_loss: 0.20793, dyn_sta_cos_loss: 0.83736, total_cos_loss : 0.20793, 
epoch 139 summary: dyn_dyn_cos_loss: 0.20611, dyn_sta_cos_loss: 0.83520, total_cos_loss : 0.20611, 
epoch 140 summary: dyn_dyn_cos_loss: 0.27468, dyn_sta_cos_loss: 0.83524, total_cos_loss : 0.27468, 
valid loss: 1.9656, valid acc: 0.4141
epoch 141 summary: dyn_dyn_cos_loss: 0.26896, dyn_sta_cos_loss: 0.82802, total_cos_loss : 0.26896, 
epoch 142 summary: dyn_dyn_cos_loss: 0.26361, dyn_sta_cos_loss: 0.82803, total_cos_loss : 0.26361, 
epoch 143 summary: dyn_dyn_cos_loss: 0.25852, dyn_sta_cos_loss: 0.82898, total_cos_loss : 0.25852, 
epoch 144 summary: dyn_dyn_cos_loss: 0.25405, dyn_sta_cos_loss: 0.82692, total_cos_loss : 0.25405, 
epoch 145 summary: dyn_dyn_cos_loss: 0.24978, dyn_sta_cos_loss: 0.82433, total_cos_loss : 0.24978, 
epoch 146 summary: dyn_dyn_cos_loss: 0.24582, dyn_sta_cos_loss: 0.82521, total_cos_loss : 0.24582, 
epoch 147 summary: dyn_dyn_cos_loss: 0.24185, dyn_sta_cos_loss: 0.82405, total_cos_loss : 0.24185, 
epoch 148 summary: dyn_dyn_cos_loss: 0.23794, dyn_sta_cos_loss: 0.82305, total_cos_loss : 0.23794, 
epoch 149 summary: dyn_dyn_cos_loss: 0.23439, dyn_sta_cos_loss: 0.82059, total_cos_loss : 0.23439, 
epoch 150 summary: dyn_dyn_cos_loss: 0.23138, dyn_sta_cos_loss: 0.82157, total_cos_loss : 0.23138, 
valid loss: 1.9734, valid acc: 0.4160
epoch 151 summary: dyn_dyn_cos_loss: 0.22850, dyn_sta_cos_loss: 0.81977, total_cos_loss : 0.22850, 
epoch 152 summary: dyn_dyn_cos_loss: 0.22575, dyn_sta_cos_loss: 0.81736, total_cos_loss : 0.22575, 
epoch 153 summary: dyn_dyn_cos_loss: 0.22322, dyn_sta_cos_loss: 0.81516, total_cos_loss : 0.22322, 
epoch 154 summary: dyn_dyn_cos_loss: 0.22045, dyn_sta_cos_loss: 0.81077, total_cos_loss : 0.22045, 
epoch 155 summary: dyn_dyn_cos_loss: 0.21845, dyn_sta_cos_loss: 0.81126, total_cos_loss : 0.21845, 
epoch 156 summary: dyn_dyn_cos_loss: 0.21631, dyn_sta_cos_loss: 0.81181, total_cos_loss : 0.21631, 
epoch 157 summary: dyn_dyn_cos_loss: 0.21429, dyn_sta_cos_loss: 0.81074, total_cos_loss : 0.21429, 
epoch 158 summary: dyn_dyn_cos_loss: 0.21233, dyn_sta_cos_loss: 0.80627, total_cos_loss : 0.21233, 
epoch 159 summary: dyn_dyn_cos_loss: 0.21059, dyn_sta_cos_loss: 0.80745, total_cos_loss : 0.21059, 
epoch 160 summary: dyn_dyn_cos_loss: 0.26624, dyn_sta_cos_loss: 0.80502, total_cos_loss : 0.26624, 
valid loss: 1.9712, valid acc: 0.4277
epoch 161 summary: dyn_dyn_cos_loss: 0.26075, dyn_sta_cos_loss: 0.80450, total_cos_loss : 0.26075, 
epoch 162 summary: dyn_dyn_cos_loss: 0.25533, dyn_sta_cos_loss: 0.80384, total_cos_loss : 0.25533, 
epoch 163 summary: dyn_dyn_cos_loss: 0.25026, dyn_sta_cos_loss: 0.80072, total_cos_loss : 0.25026, 
epoch 164 summary: dyn_dyn_cos_loss: 0.24573, dyn_sta_cos_loss: 0.79950, total_cos_loss : 0.24573, 
epoch 165 summary: dyn_dyn_cos_loss: 0.24142, dyn_sta_cos_loss: 0.79696, total_cos_loss : 0.24142, 
epoch 166 summary: dyn_dyn_cos_loss: 0.23737, dyn_sta_cos_loss: 0.80166, total_cos_loss : 0.23737, 
epoch 167 summary: dyn_dyn_cos_loss: 0.23334, dyn_sta_cos_loss: 0.80111, total_cos_loss : 0.23334, 
epoch 168 summary: dyn_dyn_cos_loss: 0.22989, dyn_sta_cos_loss: 0.80507, total_cos_loss : 0.22989, 
epoch 169 summary: dyn_dyn_cos_loss: 0.22689, dyn_sta_cos_loss: 0.80677, total_cos_loss : 0.22689, 
epoch 170 summary: dyn_dyn_cos_loss: 0.22382, dyn_sta_cos_loss: 0.81078, total_cos_loss : 0.22382, 
valid loss: 1.9806, valid acc: 0.4082
epoch 171 summary: dyn_dyn_cos_loss: 0.22093, dyn_sta_cos_loss: 0.81483, total_cos_loss : 0.22093, 
epoch 172 summary: dyn_dyn_cos_loss: 0.21832, dyn_sta_cos_loss: 0.81268, total_cos_loss : 0.21832, 
epoch 173 summary: dyn_dyn_cos_loss: 0.21618, dyn_sta_cos_loss: 0.81397, total_cos_loss : 0.21618, 
epoch 174 summary: dyn_dyn_cos_loss: 0.21383, dyn_sta_cos_loss: 0.81381, total_cos_loss : 0.21383, 
epoch 175 summary: dyn_dyn_cos_loss: 0.21132, dyn_sta_cos_loss: 0.81620, total_cos_loss : 0.21132, 
epoch 176 summary: dyn_dyn_cos_loss: 0.20900, dyn_sta_cos_loss: 0.81680, total_cos_loss : 0.20900, 
epoch 177 summary: dyn_dyn_cos_loss: 0.20728, dyn_sta_cos_loss: 0.81932, total_cos_loss : 0.20728, 
epoch 178 summary: dyn_dyn_cos_loss: 0.20533, dyn_sta_cos_loss: 0.82141, total_cos_loss : 0.20533, 
epoch 179 summary: dyn_dyn_cos_loss: 0.20381, dyn_sta_cos_loss: 0.82320, total_cos_loss : 0.20381, 
epoch 180 summary: dyn_dyn_cos_loss: 0.26483, dyn_sta_cos_loss: 0.82341, total_cos_loss : 0.26483, 
valid loss: 1.9978, valid acc: 0.4082
epoch 181 summary: dyn_dyn_cos_loss: 0.25943, dyn_sta_cos_loss: 0.83027, total_cos_loss : 0.25943, 
epoch 182 summary: dyn_dyn_cos_loss: 0.25402, dyn_sta_cos_loss: 0.83851, total_cos_loss : 0.25402, 
epoch 183 summary: dyn_dyn_cos_loss: 0.24912, dyn_sta_cos_loss: 0.83597, total_cos_loss : 0.24912, 
epoch 184 summary: dyn_dyn_cos_loss: 0.24462, dyn_sta_cos_loss: 0.83582, total_cos_loss : 0.24462, 
epoch 185 summary: dyn_dyn_cos_loss: 0.24042, dyn_sta_cos_loss: 0.83532, total_cos_loss : 0.24042, 
epoch 186 summary: dyn_dyn_cos_loss: 0.23692, dyn_sta_cos_loss: 0.83369, total_cos_loss : 0.23692, 
epoch 187 summary: dyn_dyn_cos_loss: 0.23353, dyn_sta_cos_loss: 0.83579, total_cos_loss : 0.23353, 
epoch 188 summary: dyn_dyn_cos_loss: 0.23015, dyn_sta_cos_loss: 0.83256, total_cos_loss : 0.23015, 
epoch 189 summary: dyn_dyn_cos_loss: 0.22706, dyn_sta_cos_loss: 0.83639, total_cos_loss : 0.22706, 
epoch 190 summary: dyn_dyn_cos_loss: 0.22433, dyn_sta_cos_loss: 0.83845, total_cos_loss : 0.22433, 
valid loss: 2.0169, valid acc: 0.4043
epoch 191 summary: dyn_dyn_cos_loss: 0.22161, dyn_sta_cos_loss: 0.84169, total_cos_loss : 0.22161, 
epoch 192 summary: dyn_dyn_cos_loss: 0.21913, dyn_sta_cos_loss: 0.83806, total_cos_loss : 0.21913, 
epoch 193 summary: dyn_dyn_cos_loss: 0.21653, dyn_sta_cos_loss: 0.83894, total_cos_loss : 0.21653, 
epoch 194 summary: dyn_dyn_cos_loss: 0.21407, dyn_sta_cos_loss: 0.83651, total_cos_loss : 0.21407, 
epoch 195 summary: dyn_dyn_cos_loss: 0.21171, dyn_sta_cos_loss: 0.83641, total_cos_loss : 0.21171, 
epoch 196 summary: dyn_dyn_cos_loss: 0.20963, dyn_sta_cos_loss: 0.83855, total_cos_loss : 0.20963, 
epoch 197 summary: dyn_dyn_cos_loss: 0.20760, dyn_sta_cos_loss: 0.84113, total_cos_loss : 0.20760, 
epoch 198 summary: dyn_dyn_cos_loss: 0.20563, dyn_sta_cos_loss: 0.84194, total_cos_loss : 0.20563, 
epoch 199 summary: dyn_dyn_cos_loss: 0.20395, dyn_sta_cos_loss: 0.84443, total_cos_loss : 0.20395, 
valid loss: 2.0211, valid acc: 0.4004
all                          65022.300ms
all_epoch                    64804.843ms
all_preparation                217.442ms
all_preparation_2              216.191ms
all_preparation_3                1.229ms
epoch                          244.162ms
epoch_pos_train                  6.138ms
epoch_preparation                0.432ms
epoch_train                    231.626ms
epoch_valid                      4.667ms
----------------------------------------
all                          65022.300ms
  all_epoch             99.67%
  all_preparation        0.33%
all_preparation                217.442ms
  all_preparation_2     99.42%
  all_preparation_3      0.57%
epoch                        48832.337ms
  epoch_train           94.87%
  epoch_pos_train        2.51%
  epoch_valid            1.91%
  epoch_preparation      0.18%
