Before CTE Training: train eu loss: 1.0715794563293457, eval eu loss: 1.492782711982727
Before CTE Training: train eu acc: 0.6578369140625, eval eu acc: 0.560546875
epoch   0 summary: dyn_dyn_cos_loss: 6.02610, dyn_sta_cos_loss: 3.20183, total_cos_loss : 3.76668, vocab_cro_loss : 4.27582, 
train loss: 3.9837, train acc: 0.0726
epoch   1 summary: dyn_dyn_cos_loss: 6.01369, dyn_sta_cos_loss: 2.91610, total_cos_loss : 3.53562, vocab_cro_loss : 3.98370, 
epoch   2 summary: dyn_dyn_cos_loss: 5.98563, dyn_sta_cos_loss: 2.63003, total_cos_loss : 3.30115, vocab_cro_loss : 3.69356, 
epoch   3 summary: dyn_dyn_cos_loss: 5.94730, dyn_sta_cos_loss: 2.35221, total_cos_loss : 3.07123, vocab_cro_loss : 3.41286, 
epoch   4 summary: dyn_dyn_cos_loss: 5.89701, dyn_sta_cos_loss: 2.08139, total_cos_loss : 2.84452, vocab_cro_loss : 3.14523, 
epoch   5 summary: dyn_dyn_cos_loss: 5.83587, dyn_sta_cos_loss: 1.82722, total_cos_loss : 2.62895, vocab_cro_loss : 2.89191, 
epoch   6 summary: dyn_dyn_cos_loss: 5.76795, dyn_sta_cos_loss: 1.58767, total_cos_loss : 2.42373, vocab_cro_loss : 2.65280, 
epoch   7 summary: dyn_dyn_cos_loss: 5.69377, dyn_sta_cos_loss: 1.37081, total_cos_loss : 2.23540, vocab_cro_loss : 2.43646, 
epoch   8 summary: dyn_dyn_cos_loss: 5.61518, dyn_sta_cos_loss: 1.18366, total_cos_loss : 2.06996, vocab_cro_loss : 2.25276, 
epoch   9 summary: dyn_dyn_cos_loss: 5.52937, dyn_sta_cos_loss: 1.01882, total_cos_loss : 1.92093, vocab_cro_loss : 2.08830, 
epoch  10 summary: dyn_dyn_cos_loss: 5.43935, dyn_sta_cos_loss: 0.87895, total_cos_loss : 1.79103, vocab_cro_loss : 1.94968, 
train loss: 1.8355, train acc: 0.6594
epoch  11 summary: dyn_dyn_cos_loss: 5.34918, dyn_sta_cos_loss: 0.76689, total_cos_loss : 1.68335, vocab_cro_loss : 1.83549, 
epoch  12 summary: dyn_dyn_cos_loss: 5.25399, dyn_sta_cos_loss: 0.67667, total_cos_loss : 1.59213, vocab_cro_loss : 1.74485, 
epoch  13 summary: dyn_dyn_cos_loss: 5.15734, dyn_sta_cos_loss: 0.60303, total_cos_loss : 1.51390, vocab_cro_loss : 1.67218, 
epoch  14 summary: dyn_dyn_cos_loss: 5.06205, dyn_sta_cos_loss: 0.54268, total_cos_loss : 1.44656, vocab_cro_loss : 1.61048, 
epoch  15 summary: dyn_dyn_cos_loss: 4.96514, dyn_sta_cos_loss: 0.49295, total_cos_loss : 1.38739, vocab_cro_loss : 1.56168, 
epoch  16 summary: dyn_dyn_cos_loss: 4.86870, dyn_sta_cos_loss: 0.45354, total_cos_loss : 1.33657, vocab_cro_loss : 1.51898, 
epoch  17 summary: dyn_dyn_cos_loss: 4.77277, dyn_sta_cos_loss: 0.41947, total_cos_loss : 1.29013, vocab_cro_loss : 1.48499, 
epoch  18 summary: dyn_dyn_cos_loss: 4.67692, dyn_sta_cos_loss: 0.39026, total_cos_loss : 1.24760, vocab_cro_loss : 1.45636, 
epoch  19 summary: dyn_dyn_cos_loss: 4.58368, dyn_sta_cos_loss: 0.36428, total_cos_loss : 1.20816, vocab_cro_loss : 1.42821, 
epoch  20 summary: dyn_dyn_cos_loss: 4.57405, dyn_sta_cos_loss: 0.34180, total_cos_loss : 1.18825, vocab_cro_loss : 1.40367, 
train loss: 1.3813, train acc: 0.6586
epoch  21 summary: dyn_dyn_cos_loss: 4.47585, dyn_sta_cos_loss: 0.32192, total_cos_loss : 1.15271, vocab_cro_loss : 1.38133, 
epoch  22 summary: dyn_dyn_cos_loss: 4.37760, dyn_sta_cos_loss: 0.30456, total_cos_loss : 1.11917, vocab_cro_loss : 1.36217, 
epoch  23 summary: dyn_dyn_cos_loss: 4.28176, dyn_sta_cos_loss: 0.28655, total_cos_loss : 1.08559, vocab_cro_loss : 1.34609, 
epoch  24 summary: dyn_dyn_cos_loss: 4.18642, dyn_sta_cos_loss: 0.27275, total_cos_loss : 1.05548, vocab_cro_loss : 1.33190, 
epoch  25 summary: dyn_dyn_cos_loss: 4.09117, dyn_sta_cos_loss: 0.26134, total_cos_loss : 1.02731, vocab_cro_loss : 1.31860, 
epoch  26 summary: dyn_dyn_cos_loss: 3.99240, dyn_sta_cos_loss: 0.24924, total_cos_loss : 0.99788, vocab_cro_loss : 1.30510, 
epoch  27 summary: dyn_dyn_cos_loss: 3.89778, dyn_sta_cos_loss: 0.23971, total_cos_loss : 0.97133, vocab_cro_loss : 1.29419, 
epoch  28 summary: dyn_dyn_cos_loss: 3.80656, dyn_sta_cos_loss: 0.23048, total_cos_loss : 0.94570, vocab_cro_loss : 1.28498, 
epoch  29 summary: dyn_dyn_cos_loss: 3.71903, dyn_sta_cos_loss: 0.22224, total_cos_loss : 0.92160, vocab_cro_loss : 1.27459, 
epoch  30 summary: dyn_dyn_cos_loss: 3.62821, dyn_sta_cos_loss: 0.21456, total_cos_loss : 0.89729, vocab_cro_loss : 1.26807, 
train loss: 1.2616, train acc: 0.6566
epoch  31 summary: dyn_dyn_cos_loss: 3.53868, dyn_sta_cos_loss: 0.20727, total_cos_loss : 0.87355, vocab_cro_loss : 1.26162, 
epoch  32 summary: dyn_dyn_cos_loss: 3.44889, dyn_sta_cos_loss: 0.19971, total_cos_loss : 0.84955, vocab_cro_loss : 1.25451, 
epoch  33 summary: dyn_dyn_cos_loss: 3.36068, dyn_sta_cos_loss: 0.19335, total_cos_loss : 0.82681, vocab_cro_loss : 1.24739, 
epoch  34 summary: dyn_dyn_cos_loss: 3.27701, dyn_sta_cos_loss: 0.18707, total_cos_loss : 0.80506, vocab_cro_loss : 1.24184, 
epoch  35 summary: dyn_dyn_cos_loss: 3.19402, dyn_sta_cos_loss: 0.18184, total_cos_loss : 0.78427, vocab_cro_loss : 1.23491, 
epoch  36 summary: dyn_dyn_cos_loss: 3.11284, dyn_sta_cos_loss: 0.17837, total_cos_loss : 0.76527, vocab_cro_loss : 1.22970, 
epoch  37 summary: dyn_dyn_cos_loss: 3.03152, dyn_sta_cos_loss: 0.17331, total_cos_loss : 0.74495, vocab_cro_loss : 1.22512, 
epoch  38 summary: dyn_dyn_cos_loss: 2.95223, dyn_sta_cos_loss: 0.16898, total_cos_loss : 0.72563, vocab_cro_loss : 1.22107, 
epoch  39 summary: dyn_dyn_cos_loss: 2.87341, dyn_sta_cos_loss: 0.16604, total_cos_loss : 0.70751, vocab_cro_loss : 1.21681, 
epoch  40 summary: dyn_dyn_cos_loss: 2.85768, dyn_sta_cos_loss: 0.16216, total_cos_loss : 0.70127, vocab_cro_loss : 1.21347, 
train loss: 1.2116, train acc: 0.6561
epoch  41 summary: dyn_dyn_cos_loss: 2.77794, dyn_sta_cos_loss: 0.15951, total_cos_loss : 0.68320, vocab_cro_loss : 1.21155, 
epoch  42 summary: dyn_dyn_cos_loss: 2.69875, dyn_sta_cos_loss: 0.15656, total_cos_loss : 0.66500, vocab_cro_loss : 1.20894, 
epoch  43 summary: dyn_dyn_cos_loss: 2.62495, dyn_sta_cos_loss: 0.15370, total_cos_loss : 0.64795, vocab_cro_loss : 1.20510, 
epoch  44 summary: dyn_dyn_cos_loss: 2.55131, dyn_sta_cos_loss: 0.15067, total_cos_loss : 0.63080, vocab_cro_loss : 1.20074, 
epoch  45 summary: dyn_dyn_cos_loss: 2.47727, dyn_sta_cos_loss: 0.14823, total_cos_loss : 0.61403, vocab_cro_loss : 1.19964, 
epoch  46 summary: dyn_dyn_cos_loss: 2.40615, dyn_sta_cos_loss: 0.14605, total_cos_loss : 0.59807, vocab_cro_loss : 1.19736, 
epoch  47 summary: dyn_dyn_cos_loss: 2.33927, dyn_sta_cos_loss: 0.14402, total_cos_loss : 0.58307, vocab_cro_loss : 1.19326, 
epoch  48 summary: dyn_dyn_cos_loss: 2.27204, dyn_sta_cos_loss: 0.14222, total_cos_loss : 0.56818, vocab_cro_loss : 1.19100, 
epoch  49 summary: dyn_dyn_cos_loss: 2.20837, dyn_sta_cos_loss: 0.14054, total_cos_loss : 0.55410, vocab_cro_loss : 1.18898, 
epoch  50 summary: dyn_dyn_cos_loss: 2.14350, dyn_sta_cos_loss: 0.13773, total_cos_loss : 0.53888, vocab_cro_loss : 1.18750, 
train loss: 1.1851, train acc: 0.6581
epoch  51 summary: dyn_dyn_cos_loss: 2.08132, dyn_sta_cos_loss: 0.13637, total_cos_loss : 0.52536, vocab_cro_loss : 1.18506, 
epoch  52 summary: dyn_dyn_cos_loss: 2.02159, dyn_sta_cos_loss: 0.13438, total_cos_loss : 0.51182, vocab_cro_loss : 1.18314, 
epoch  53 summary: dyn_dyn_cos_loss: 1.96506, dyn_sta_cos_loss: 0.13339, total_cos_loss : 0.49972, vocab_cro_loss : 1.18184, 
epoch  54 summary: dyn_dyn_cos_loss: 1.91279, dyn_sta_cos_loss: 0.13141, total_cos_loss : 0.48769, vocab_cro_loss : 1.18094, 
epoch  55 summary: dyn_dyn_cos_loss: 1.86138, dyn_sta_cos_loss: 0.13053, total_cos_loss : 0.47670, vocab_cro_loss : 1.17884, 
epoch  56 summary: dyn_dyn_cos_loss: 1.80994, dyn_sta_cos_loss: 0.12749, total_cos_loss : 0.46398, vocab_cro_loss : 1.17694, 
epoch  57 summary: dyn_dyn_cos_loss: 1.75942, dyn_sta_cos_loss: 0.12659, total_cos_loss : 0.45315, vocab_cro_loss : 1.17517, 
epoch  58 summary: dyn_dyn_cos_loss: 1.71188, dyn_sta_cos_loss: 0.12570, total_cos_loss : 0.44293, vocab_cro_loss : 1.17318, 
epoch  59 summary: dyn_dyn_cos_loss: 1.66541, dyn_sta_cos_loss: 0.12445, total_cos_loss : 0.43264, vocab_cro_loss : 1.16983, 
epoch  60 summary: dyn_dyn_cos_loss: 1.66314, dyn_sta_cos_loss: 0.12433, total_cos_loss : 0.43209, vocab_cro_loss : 1.16788, 
train loss: 1.1654, train acc: 0.6584
epoch  61 summary: dyn_dyn_cos_loss: 1.62117, dyn_sta_cos_loss: 0.12260, total_cos_loss : 0.42232, vocab_cro_loss : 1.16542, 
epoch  62 summary: dyn_dyn_cos_loss: 1.57863, dyn_sta_cos_loss: 0.12132, total_cos_loss : 0.41278, vocab_cro_loss : 1.16394, 
epoch  63 summary: dyn_dyn_cos_loss: 1.53615, dyn_sta_cos_loss: 0.12026, total_cos_loss : 0.40344, vocab_cro_loss : 1.16401, 
epoch  64 summary: dyn_dyn_cos_loss: 1.49634, dyn_sta_cos_loss: 0.11895, total_cos_loss : 0.39443, vocab_cro_loss : 1.16307, 
epoch  65 summary: dyn_dyn_cos_loss: 1.45689, dyn_sta_cos_loss: 0.11892, total_cos_loss : 0.38651, vocab_cro_loss : 1.15990, 
epoch  66 summary: dyn_dyn_cos_loss: 1.42114, dyn_sta_cos_loss: 0.11803, total_cos_loss : 0.37865, vocab_cro_loss : 1.15894, 
epoch  67 summary: dyn_dyn_cos_loss: 1.38628, dyn_sta_cos_loss: 0.11678, total_cos_loss : 0.37068, vocab_cro_loss : 1.15710, 
epoch  68 summary: dyn_dyn_cos_loss: 1.35152, dyn_sta_cos_loss: 0.11498, total_cos_loss : 0.36228, vocab_cro_loss : 1.15628, 
epoch  69 summary: dyn_dyn_cos_loss: 1.31959, dyn_sta_cos_loss: 0.11406, total_cos_loss : 0.35516, vocab_cro_loss : 1.15519, 
epoch  70 summary: dyn_dyn_cos_loss: 1.28849, dyn_sta_cos_loss: 0.11302, total_cos_loss : 0.34812, vocab_cro_loss : 1.15306, 
train loss: 1.1514, train acc: 0.6604
epoch  71 summary: dyn_dyn_cos_loss: 1.25983, dyn_sta_cos_loss: 0.11279, total_cos_loss : 0.34220, vocab_cro_loss : 1.15138, 
epoch  72 summary: dyn_dyn_cos_loss: 1.23331, dyn_sta_cos_loss: 0.11116, total_cos_loss : 0.33559, vocab_cro_loss : 1.15076, 
epoch  73 summary: dyn_dyn_cos_loss: 1.20867, dyn_sta_cos_loss: 0.10950, total_cos_loss : 0.32933, vocab_cro_loss : 1.15061, 
epoch  74 summary: dyn_dyn_cos_loss: 1.18280, dyn_sta_cos_loss: 0.10848, total_cos_loss : 0.32335, vocab_cro_loss : 1.14927, 
epoch  75 summary: dyn_dyn_cos_loss: 1.15865, dyn_sta_cos_loss: 0.10925, total_cos_loss : 0.31913, vocab_cro_loss : 1.14841, 
epoch  76 summary: dyn_dyn_cos_loss: 1.13654, dyn_sta_cos_loss: 0.10752, total_cos_loss : 0.31332, vocab_cro_loss : 1.14841, 
epoch  77 summary: dyn_dyn_cos_loss: 1.11566, dyn_sta_cos_loss: 0.10678, total_cos_loss : 0.30856, vocab_cro_loss : 1.14562, 
epoch  78 summary: dyn_dyn_cos_loss: 1.09602, dyn_sta_cos_loss: 0.10569, total_cos_loss : 0.30376, vocab_cro_loss : 1.14541, 
epoch  79 summary: dyn_dyn_cos_loss: 1.07534, dyn_sta_cos_loss: 0.10474, total_cos_loss : 0.29886, vocab_cro_loss : 1.14360, 
epoch  80 summary: dyn_dyn_cos_loss: 1.08736, dyn_sta_cos_loss: 0.10337, total_cos_loss : 0.30017, vocab_cro_loss : 1.14354, 
train loss: 1.1428, train acc: 0.6584
epoch  81 summary: dyn_dyn_cos_loss: 1.06744, dyn_sta_cos_loss: 0.10284, total_cos_loss : 0.29576, vocab_cro_loss : 1.14275, 
epoch  82 summary: dyn_dyn_cos_loss: 1.04725, dyn_sta_cos_loss: 0.10187, total_cos_loss : 0.29094, vocab_cro_loss : 1.14195, 
epoch  83 summary: dyn_dyn_cos_loss: 1.02932, dyn_sta_cos_loss: 0.10088, total_cos_loss : 0.28656, vocab_cro_loss : 1.14283, 
epoch  84 summary: dyn_dyn_cos_loss: 1.01090, dyn_sta_cos_loss: 0.10060, total_cos_loss : 0.28266, vocab_cro_loss : 1.14118, 
epoch  85 summary: dyn_dyn_cos_loss: 0.99388, dyn_sta_cos_loss: 0.09965, total_cos_loss : 0.27850, vocab_cro_loss : 1.13988, 
epoch  86 summary: dyn_dyn_cos_loss: 0.97815, dyn_sta_cos_loss: 0.09849, total_cos_loss : 0.27442, vocab_cro_loss : 1.13984, 
epoch  87 summary: dyn_dyn_cos_loss: 0.96402, dyn_sta_cos_loss: 0.09794, total_cos_loss : 0.27116, vocab_cro_loss : 1.13961, 
epoch  88 summary: dyn_dyn_cos_loss: 0.94965, dyn_sta_cos_loss: 0.09810, total_cos_loss : 0.26841, vocab_cro_loss : 1.13724, 
epoch  89 summary: dyn_dyn_cos_loss: 0.93484, dyn_sta_cos_loss: 0.09701, total_cos_loss : 0.26458, vocab_cro_loss : 1.13872, 
epoch  90 summary: dyn_dyn_cos_loss: 0.92160, dyn_sta_cos_loss: 0.09613, total_cos_loss : 0.26123, vocab_cro_loss : 1.13872, 
train loss: 1.1372, train acc: 0.6616
epoch  91 summary: dyn_dyn_cos_loss: 0.90801, dyn_sta_cos_loss: 0.09745, total_cos_loss : 0.25956, vocab_cro_loss : 1.13724, 
epoch  92 summary: dyn_dyn_cos_loss: 0.89737, dyn_sta_cos_loss: 0.09669, total_cos_loss : 0.25683, vocab_cro_loss : 1.13682, 
epoch  93 summary: dyn_dyn_cos_loss: 0.88547, dyn_sta_cos_loss: 0.09666, total_cos_loss : 0.25442, vocab_cro_loss : 1.13562, 
epoch  94 summary: dyn_dyn_cos_loss: 0.87387, dyn_sta_cos_loss: 0.09550, total_cos_loss : 0.25117, vocab_cro_loss : 1.13594, 
epoch  95 summary: dyn_dyn_cos_loss: 0.86361, dyn_sta_cos_loss: 0.09527, total_cos_loss : 0.24894, vocab_cro_loss : 1.13670, 
epoch  96 summary: dyn_dyn_cos_loss: 0.85367, dyn_sta_cos_loss: 0.09482, total_cos_loss : 0.24659, vocab_cro_loss : 1.13501, 
epoch  97 summary: dyn_dyn_cos_loss: 0.84413, dyn_sta_cos_loss: 0.09517, total_cos_loss : 0.24496, vocab_cro_loss : 1.13368, 
epoch  98 summary: dyn_dyn_cos_loss: 0.83548, dyn_sta_cos_loss: 0.09353, total_cos_loss : 0.24192, vocab_cro_loss : 1.13451, 
epoch  99 summary: dyn_dyn_cos_loss: 0.82679, dyn_sta_cos_loss: 0.09301, total_cos_loss : 0.23977, vocab_cro_loss : 1.13323, 
epoch 100 summary: dyn_dyn_cos_loss: 0.85361, dyn_sta_cos_loss: 0.09192, total_cos_loss : 0.24426, vocab_cro_loss : 1.13332, 
train loss: 1.1343, train acc: 0.6591
epoch 101 summary: dyn_dyn_cos_loss: 0.84341, dyn_sta_cos_loss: 0.09159, total_cos_loss : 0.24195, vocab_cro_loss : 1.13434, 
epoch 102 summary: dyn_dyn_cos_loss: 0.83469, dyn_sta_cos_loss: 0.09181, total_cos_loss : 0.24039, vocab_cro_loss : 1.13280, 
epoch 103 summary: dyn_dyn_cos_loss: 0.82618, dyn_sta_cos_loss: 0.09129, total_cos_loss : 0.23827, vocab_cro_loss : 1.13146, 
epoch 104 summary: dyn_dyn_cos_loss: 0.81764, dyn_sta_cos_loss: 0.09045, total_cos_loss : 0.23589, vocab_cro_loss : 1.13161, 
epoch 105 summary: dyn_dyn_cos_loss: 0.80942, dyn_sta_cos_loss: 0.09106, total_cos_loss : 0.23473, vocab_cro_loss : 1.13053, 
epoch 106 summary: dyn_dyn_cos_loss: 0.80109, dyn_sta_cos_loss: 0.09042, total_cos_loss : 0.23255, vocab_cro_loss : 1.13083, 
epoch 107 summary: dyn_dyn_cos_loss: 0.79347, dyn_sta_cos_loss: 0.09026, total_cos_loss : 0.23090, vocab_cro_loss : 1.13063, 
epoch 108 summary: dyn_dyn_cos_loss: 0.78610, dyn_sta_cos_loss: 0.08927, total_cos_loss : 0.22864, vocab_cro_loss : 1.13031, 
epoch 109 summary: dyn_dyn_cos_loss: 0.77975, dyn_sta_cos_loss: 0.08836, total_cos_loss : 0.22664, vocab_cro_loss : 1.12868, 
epoch 110 summary: dyn_dyn_cos_loss: 0.77226, dyn_sta_cos_loss: 0.08773, total_cos_loss : 0.22464, vocab_cro_loss : 1.12838, 
train loss: 1.1273, train acc: 0.6602
epoch 111 summary: dyn_dyn_cos_loss: 0.76609, dyn_sta_cos_loss: 0.08819, total_cos_loss : 0.22377, vocab_cro_loss : 1.12726, 
epoch 112 summary: dyn_dyn_cos_loss: 0.75934, dyn_sta_cos_loss: 0.08754, total_cos_loss : 0.22190, vocab_cro_loss : 1.12700, 
epoch 113 summary: dyn_dyn_cos_loss: 0.75397, dyn_sta_cos_loss: 0.08729, total_cos_loss : 0.22062, vocab_cro_loss : 1.12727, 
epoch 114 summary: dyn_dyn_cos_loss: 0.74814, dyn_sta_cos_loss: 0.08657, total_cos_loss : 0.21889, vocab_cro_loss : 1.12682, 
epoch 115 summary: dyn_dyn_cos_loss: 0.74227, dyn_sta_cos_loss: 0.08588, total_cos_loss : 0.21716, vocab_cro_loss : 1.12594, 
epoch 116 summary: dyn_dyn_cos_loss: 0.73635, dyn_sta_cos_loss: 0.08544, total_cos_loss : 0.21562, vocab_cro_loss : 1.12501, 
epoch 117 summary: dyn_dyn_cos_loss: 0.73132, dyn_sta_cos_loss: 0.08545, total_cos_loss : 0.21463, vocab_cro_loss : 1.12474, 
epoch 118 summary: dyn_dyn_cos_loss: 0.72654, dyn_sta_cos_loss: 0.08496, total_cos_loss : 0.21328, vocab_cro_loss : 1.12393, 
epoch 119 summary: dyn_dyn_cos_loss: 0.72109, dyn_sta_cos_loss: 0.08428, total_cos_loss : 0.21164, vocab_cro_loss : 1.12373, 
epoch 120 summary: dyn_dyn_cos_loss: 0.73752, dyn_sta_cos_loss: 0.08355, total_cos_loss : 0.21435, vocab_cro_loss : 1.12373, 
train loss: 1.1240, train acc: 0.6626
epoch 121 summary: dyn_dyn_cos_loss: 0.73147, dyn_sta_cos_loss: 0.08345, total_cos_loss : 0.21305, vocab_cro_loss : 1.12400, 
epoch 122 summary: dyn_dyn_cos_loss: 0.72530, dyn_sta_cos_loss: 0.08306, total_cos_loss : 0.21151, vocab_cro_loss : 1.12403, 
epoch 123 summary: dyn_dyn_cos_loss: 0.71998, dyn_sta_cos_loss: 0.08382, total_cos_loss : 0.21105, vocab_cro_loss : 1.12301, 
epoch 124 summary: dyn_dyn_cos_loss: 0.71583, dyn_sta_cos_loss: 0.08357, total_cos_loss : 0.21002, vocab_cro_loss : 1.12298, 
epoch 125 summary: dyn_dyn_cos_loss: 0.71203, dyn_sta_cos_loss: 0.08304, total_cos_loss : 0.20883, vocab_cro_loss : 1.12256, 
epoch 126 summary: dyn_dyn_cos_loss: 0.70748, dyn_sta_cos_loss: 0.08242, total_cos_loss : 0.20743, vocab_cro_loss : 1.12177, 
epoch 127 summary: dyn_dyn_cos_loss: 0.70275, dyn_sta_cos_loss: 0.08259, total_cos_loss : 0.20662, vocab_cro_loss : 1.12254, 
epoch 128 summary: dyn_dyn_cos_loss: 0.69776, dyn_sta_cos_loss: 0.08184, total_cos_loss : 0.20503, vocab_cro_loss : 1.12357, 
epoch 129 summary: dyn_dyn_cos_loss: 0.69319, dyn_sta_cos_loss: 0.08207, total_cos_loss : 0.20429, vocab_cro_loss : 1.12268, 
epoch 130 summary: dyn_dyn_cos_loss: 0.68917, dyn_sta_cos_loss: 0.08279, total_cos_loss : 0.20407, vocab_cro_loss : 1.12307, 
train loss: 1.1222, train acc: 0.6632
epoch 131 summary: dyn_dyn_cos_loss: 0.68519, dyn_sta_cos_loss: 0.08197, total_cos_loss : 0.20261, vocab_cro_loss : 1.12220, 
epoch 132 summary: dyn_dyn_cos_loss: 0.68096, dyn_sta_cos_loss: 0.08155, total_cos_loss : 0.20143, vocab_cro_loss : 1.12161, 
epoch 133 summary: dyn_dyn_cos_loss: 0.67690, dyn_sta_cos_loss: 0.08107, total_cos_loss : 0.20024, vocab_cro_loss : 1.12079, 
epoch 134 summary: dyn_dyn_cos_loss: 0.67295, dyn_sta_cos_loss: 0.08103, total_cos_loss : 0.19942, vocab_cro_loss : 1.12042, 
epoch 135 summary: dyn_dyn_cos_loss: 0.66905, dyn_sta_cos_loss: 0.08028, total_cos_loss : 0.19803, vocab_cro_loss : 1.12055, 
epoch 136 summary: dyn_dyn_cos_loss: 0.66604, dyn_sta_cos_loss: 0.08022, total_cos_loss : 0.19738, vocab_cro_loss : 1.11970, 
epoch 137 summary: dyn_dyn_cos_loss: 0.66296, dyn_sta_cos_loss: 0.08060, total_cos_loss : 0.19707, vocab_cro_loss : 1.11984, 
epoch 138 summary: dyn_dyn_cos_loss: 0.65966, dyn_sta_cos_loss: 0.08064, total_cos_loss : 0.19645, vocab_cro_loss : 1.11929, 
epoch 139 summary: dyn_dyn_cos_loss: 0.65663, dyn_sta_cos_loss: 0.08001, total_cos_loss : 0.19533, vocab_cro_loss : 1.11866, 
epoch 140 summary: dyn_dyn_cos_loss: 0.67645, dyn_sta_cos_loss: 0.08051, total_cos_loss : 0.19970, vocab_cro_loss : 1.11802, 
train loss: 1.1187, train acc: 0.6641
epoch 141 summary: dyn_dyn_cos_loss: 0.67310, dyn_sta_cos_loss: 0.08012, total_cos_loss : 0.19872, vocab_cro_loss : 1.11874, 
epoch 142 summary: dyn_dyn_cos_loss: 0.66956, dyn_sta_cos_loss: 0.08070, total_cos_loss : 0.19847, vocab_cro_loss : 1.11801, 
epoch 143 summary: dyn_dyn_cos_loss: 0.66698, dyn_sta_cos_loss: 0.08074, total_cos_loss : 0.19799, vocab_cro_loss : 1.11858, 
epoch 144 summary: dyn_dyn_cos_loss: 0.66369, dyn_sta_cos_loss: 0.08025, total_cos_loss : 0.19694, vocab_cro_loss : 1.11786, 
epoch 145 summary: dyn_dyn_cos_loss: 0.66013, dyn_sta_cos_loss: 0.07967, total_cos_loss : 0.19576, vocab_cro_loss : 1.11834, 
epoch 146 summary: dyn_dyn_cos_loss: 0.65697, dyn_sta_cos_loss: 0.08103, total_cos_loss : 0.19622, vocab_cro_loss : 1.11768, 
epoch 147 summary: dyn_dyn_cos_loss: 0.65436, dyn_sta_cos_loss: 0.08011, total_cos_loss : 0.19496, vocab_cro_loss : 1.11788, 
epoch 148 summary: dyn_dyn_cos_loss: 0.65195, dyn_sta_cos_loss: 0.07970, total_cos_loss : 0.19415, vocab_cro_loss : 1.11745, 
epoch 149 summary: dyn_dyn_cos_loss: 0.64937, dyn_sta_cos_loss: 0.07997, total_cos_loss : 0.19385, vocab_cro_loss : 1.11775, 
epoch 150 summary: dyn_dyn_cos_loss: 0.64621, dyn_sta_cos_loss: 0.07904, total_cos_loss : 0.19247, vocab_cro_loss : 1.11775, 
train loss: 1.1170, train acc: 0.6617
epoch 151 summary: dyn_dyn_cos_loss: 0.64276, dyn_sta_cos_loss: 0.07838, total_cos_loss : 0.19126, vocab_cro_loss : 1.11699, 
epoch 152 summary: dyn_dyn_cos_loss: 0.64000, dyn_sta_cos_loss: 0.07928, total_cos_loss : 0.19142, vocab_cro_loss : 1.11578, 
epoch 153 summary: dyn_dyn_cos_loss: 0.63794, dyn_sta_cos_loss: 0.07952, total_cos_loss : 0.19120, vocab_cro_loss : 1.11573, 
epoch 154 summary: dyn_dyn_cos_loss: 0.63566, dyn_sta_cos_loss: 0.07888, total_cos_loss : 0.19023, vocab_cro_loss : 1.11620, 
epoch 155 summary: dyn_dyn_cos_loss: 0.63320, dyn_sta_cos_loss: 0.07859, total_cos_loss : 0.18951, vocab_cro_loss : 1.11731, 
epoch 156 summary: dyn_dyn_cos_loss: 0.63039, dyn_sta_cos_loss: 0.07835, total_cos_loss : 0.18876, vocab_cro_loss : 1.11650, 
epoch 157 summary: dyn_dyn_cos_loss: 0.62797, dyn_sta_cos_loss: 0.07873, total_cos_loss : 0.18858, vocab_cro_loss : 1.11487, 
epoch 158 summary: dyn_dyn_cos_loss: 0.62624, dyn_sta_cos_loss: 0.07814, total_cos_loss : 0.18776, vocab_cro_loss : 1.11491, 
epoch 159 summary: dyn_dyn_cos_loss: 0.62381, dyn_sta_cos_loss: 0.07768, total_cos_loss : 0.18691, vocab_cro_loss : 1.11498, 
epoch 160 summary: dyn_dyn_cos_loss: 0.64183, dyn_sta_cos_loss: 0.07712, total_cos_loss : 0.19006, vocab_cro_loss : 1.11494, 
train loss: 1.1163, train acc: 0.6622
epoch 161 summary: dyn_dyn_cos_loss: 0.63849, dyn_sta_cos_loss: 0.07656, total_cos_loss : 0.18895, vocab_cro_loss : 1.11629, 
epoch 162 summary: dyn_dyn_cos_loss: 0.63535, dyn_sta_cos_loss: 0.07633, total_cos_loss : 0.18814, vocab_cro_loss : 1.11722, 
epoch 163 summary: dyn_dyn_cos_loss: 0.63156, dyn_sta_cos_loss: 0.07646, total_cos_loss : 0.18748, vocab_cro_loss : 1.11654, 
epoch 164 summary: dyn_dyn_cos_loss: 0.62823, dyn_sta_cos_loss: 0.07662, total_cos_loss : 0.18694, vocab_cro_loss : 1.11544, 
epoch 165 summary: dyn_dyn_cos_loss: 0.62540, dyn_sta_cos_loss: 0.07654, total_cos_loss : 0.18631, vocab_cro_loss : 1.11616, 
epoch 166 summary: dyn_dyn_cos_loss: 0.62339, dyn_sta_cos_loss: 0.07663, total_cos_loss : 0.18598, vocab_cro_loss : 1.11619, 
epoch 167 summary: dyn_dyn_cos_loss: 0.62066, dyn_sta_cos_loss: 0.07615, total_cos_loss : 0.18505, vocab_cro_loss : 1.11563, 
epoch 168 summary: dyn_dyn_cos_loss: 0.61796, dyn_sta_cos_loss: 0.07610, total_cos_loss : 0.18447, vocab_cro_loss : 1.11558, 
epoch 169 summary: dyn_dyn_cos_loss: 0.61532, dyn_sta_cos_loss: 0.07543, total_cos_loss : 0.18341, vocab_cro_loss : 1.11483, 
epoch 170 summary: dyn_dyn_cos_loss: 0.61309, dyn_sta_cos_loss: 0.07512, total_cos_loss : 0.18272, vocab_cro_loss : 1.11389, 
train loss: 1.1135, train acc: 0.6636
epoch 171 summary: dyn_dyn_cos_loss: 0.61121, dyn_sta_cos_loss: 0.07496, total_cos_loss : 0.18221, vocab_cro_loss : 1.11353, 
epoch 172 summary: dyn_dyn_cos_loss: 0.60906, dyn_sta_cos_loss: 0.07549, total_cos_loss : 0.18220, vocab_cro_loss : 1.11411, 
epoch 173 summary: dyn_dyn_cos_loss: 0.60685, dyn_sta_cos_loss: 0.07496, total_cos_loss : 0.18134, vocab_cro_loss : 1.11373, 
epoch 174 summary: dyn_dyn_cos_loss: 0.60446, dyn_sta_cos_loss: 0.07443, total_cos_loss : 0.18044, vocab_cro_loss : 1.11232, 
epoch 175 summary: dyn_dyn_cos_loss: 0.60237, dyn_sta_cos_loss: 0.07413, total_cos_loss : 0.17978, vocab_cro_loss : 1.11298, 
epoch 176 summary: dyn_dyn_cos_loss: 0.60070, dyn_sta_cos_loss: 0.07375, total_cos_loss : 0.17914, vocab_cro_loss : 1.11292, 
epoch 177 summary: dyn_dyn_cos_loss: 0.59863, dyn_sta_cos_loss: 0.07444, total_cos_loss : 0.17928, vocab_cro_loss : 1.11252, 
epoch 178 summary: dyn_dyn_cos_loss: 0.59696, dyn_sta_cos_loss: 0.07451, total_cos_loss : 0.17900, vocab_cro_loss : 1.11247, 
epoch 179 summary: dyn_dyn_cos_loss: 0.59513, dyn_sta_cos_loss: 0.07406, total_cos_loss : 0.17827, vocab_cro_loss : 1.11255, 
epoch 180 summary: dyn_dyn_cos_loss: 0.61300, dyn_sta_cos_loss: 0.07324, total_cos_loss : 0.18119, vocab_cro_loss : 1.11296, 
train loss: 1.1128, train acc: 0.6625
epoch 181 summary: dyn_dyn_cos_loss: 0.60973, dyn_sta_cos_loss: 0.07351, total_cos_loss : 0.18075, vocab_cro_loss : 1.11278, 
epoch 182 summary: dyn_dyn_cos_loss: 0.60642, dyn_sta_cos_loss: 0.07326, total_cos_loss : 0.17990, vocab_cro_loss : 1.11248, 
epoch 183 summary: dyn_dyn_cos_loss: 0.60338, dyn_sta_cos_loss: 0.07322, total_cos_loss : 0.17925, vocab_cro_loss : 1.11289, 
epoch 184 summary: dyn_dyn_cos_loss: 0.60042, dyn_sta_cos_loss: 0.07324, total_cos_loss : 0.17867, vocab_cro_loss : 1.11285, 
epoch 185 summary: dyn_dyn_cos_loss: 0.59759, dyn_sta_cos_loss: 0.07292, total_cos_loss : 0.17786, vocab_cro_loss : 1.11294, 
epoch 186 summary: dyn_dyn_cos_loss: 0.59508, dyn_sta_cos_loss: 0.07279, total_cos_loss : 0.17725, vocab_cro_loss : 1.11255, 
epoch 187 summary: dyn_dyn_cos_loss: 0.59235, dyn_sta_cos_loss: 0.07344, total_cos_loss : 0.17723, vocab_cro_loss : 1.11230, 
epoch 188 summary: dyn_dyn_cos_loss: 0.59011, dyn_sta_cos_loss: 0.07342, total_cos_loss : 0.17676, vocab_cro_loss : 1.11241, 
epoch 189 summary: dyn_dyn_cos_loss: 0.58816, dyn_sta_cos_loss: 0.07328, total_cos_loss : 0.17626, vocab_cro_loss : 1.11324, 
epoch 190 summary: dyn_dyn_cos_loss: 0.58613, dyn_sta_cos_loss: 0.07276, total_cos_loss : 0.17543, vocab_cro_loss : 1.11350, 
train loss: 1.1136, train acc: 0.6653
epoch 191 summary: dyn_dyn_cos_loss: 0.58413, dyn_sta_cos_loss: 0.07249, total_cos_loss : 0.17482, vocab_cro_loss : 1.11357, 
epoch 192 summary: dyn_dyn_cos_loss: 0.58252, dyn_sta_cos_loss: 0.07305, total_cos_loss : 0.17495, vocab_cro_loss : 1.11402, 
epoch 193 summary: dyn_dyn_cos_loss: 0.58081, dyn_sta_cos_loss: 0.07274, total_cos_loss : 0.17435, vocab_cro_loss : 1.11427, 
epoch 194 summary: dyn_dyn_cos_loss: 0.57875, dyn_sta_cos_loss: 0.07243, total_cos_loss : 0.17370, vocab_cro_loss : 1.11492, 
epoch 195 summary: dyn_dyn_cos_loss: 0.57648, dyn_sta_cos_loss: 0.07200, total_cos_loss : 0.17290, vocab_cro_loss : 1.11562, 
epoch 196 summary: dyn_dyn_cos_loss: 0.57487, dyn_sta_cos_loss: 0.07319, total_cos_loss : 0.17353, vocab_cro_loss : 1.11508, 
epoch 197 summary: dyn_dyn_cos_loss: 0.57343, dyn_sta_cos_loss: 0.07236, total_cos_loss : 0.17257, vocab_cro_loss : 1.11499, 
epoch 198 summary: dyn_dyn_cos_loss: 0.57156, dyn_sta_cos_loss: 0.07259, total_cos_loss : 0.17238, vocab_cro_loss : 1.11463, 
epoch 199 summary: dyn_dyn_cos_loss: 0.56986, dyn_sta_cos_loss: 0.07266, total_cos_loss : 0.17210, vocab_cro_loss : 1.11525, 
train loss: 1.1145, train acc: 0.6635
all                        1339830.287ms
all_epoch                  1334531.805ms
all_preparation               5298.445ms
all_preparation_2             5295.313ms
all_preparation_3                3.104ms
epoch                         6538.827ms
epoch_pos_train                  4.102ms
epoch_preparation               33.739ms
epoch_train                   6416.965ms
epoch_valid                     81.399ms
----------------------------------------
all                        1339830.287ms
  all_epoch             99.60%
  all_preparation        0.40%
all_preparation               5298.445ms
  all_preparation_2     99.94%
  all_preparation_3      0.06%
epoch                      1307765.301ms
  epoch_train           98.14%
  epoch_valid            1.24%
  epoch_preparation      0.52%
  epoch_pos_train        0.06%
epoch   0 summary: dyn_dyn_cos_loss: 5.43148, dyn_sta_cos_loss: 3.16794, total_cos_loss : 3.62065, 
valid loss: 3.9964, valid acc: 0.0723
epoch   1 summary: dyn_dyn_cos_loss: 5.20703, dyn_sta_cos_loss: 2.86032, total_cos_loss : 3.32966, 
epoch   2 summary: dyn_dyn_cos_loss: 4.97860, dyn_sta_cos_loss: 2.57006, total_cos_loss : 3.05177, 
epoch   3 summary: dyn_dyn_cos_loss: 4.76841, dyn_sta_cos_loss: 2.28557, total_cos_loss : 2.78214, 
epoch   4 summary: dyn_dyn_cos_loss: 4.55311, dyn_sta_cos_loss: 2.01943, total_cos_loss : 2.52617, 
epoch   5 summary: dyn_dyn_cos_loss: 4.36032, dyn_sta_cos_loss: 1.76751, total_cos_loss : 2.28608, 
epoch   6 summary: dyn_dyn_cos_loss: 4.16858, dyn_sta_cos_loss: 1.53256, total_cos_loss : 2.05976, 
epoch   7 summary: dyn_dyn_cos_loss: 3.99395, dyn_sta_cos_loss: 1.32152, total_cos_loss : 1.85600, 
epoch   8 summary: dyn_dyn_cos_loss: 3.82824, dyn_sta_cos_loss: 1.13897, total_cos_loss : 1.67682, 
epoch   9 summary: dyn_dyn_cos_loss: 3.67186, dyn_sta_cos_loss: 0.97724, total_cos_loss : 1.51616, 
epoch  10 summary: dyn_dyn_cos_loss: 3.51964, dyn_sta_cos_loss: 0.84765, total_cos_loss : 1.38205, 
valid loss: 2.1191, valid acc: 0.5527
epoch  11 summary: dyn_dyn_cos_loss: 3.37061, dyn_sta_cos_loss: 0.74327, total_cos_loss : 1.26874, 
epoch  12 summary: dyn_dyn_cos_loss: 3.22986, dyn_sta_cos_loss: 0.65174, total_cos_loss : 1.16737, 
epoch  13 summary: dyn_dyn_cos_loss: 3.09990, dyn_sta_cos_loss: 0.58035, total_cos_loss : 1.08426, 
epoch  14 summary: dyn_dyn_cos_loss: 2.96845, dyn_sta_cos_loss: 0.52161, total_cos_loss : 1.01098, 
epoch  15 summary: dyn_dyn_cos_loss: 2.84208, dyn_sta_cos_loss: 0.47380, total_cos_loss : 0.94746, 
epoch  16 summary: dyn_dyn_cos_loss: 2.72784, dyn_sta_cos_loss: 0.43268, total_cos_loss : 0.89171, 
epoch  17 summary: dyn_dyn_cos_loss: 2.60626, dyn_sta_cos_loss: 0.39943, total_cos_loss : 0.84080, 
epoch  18 summary: dyn_dyn_cos_loss: 2.49040, dyn_sta_cos_loss: 0.37076, total_cos_loss : 0.79469, 
epoch  19 summary: dyn_dyn_cos_loss: 2.39209, dyn_sta_cos_loss: 0.34582, total_cos_loss : 0.75508, 
epoch  20 summary: dyn_dyn_cos_loss: 2.33779, dyn_sta_cos_loss: 0.32636, total_cos_loss : 0.72865, 
valid loss: 1.7209, valid acc: 0.5703
epoch  21 summary: dyn_dyn_cos_loss: 2.24205, dyn_sta_cos_loss: 0.30657, total_cos_loss : 0.69366, 
epoch  22 summary: dyn_dyn_cos_loss: 2.14976, dyn_sta_cos_loss: 0.29056, total_cos_loss : 0.66240, 
epoch  23 summary: dyn_dyn_cos_loss: 2.05556, dyn_sta_cos_loss: 0.27382, total_cos_loss : 0.63016, 
epoch  24 summary: dyn_dyn_cos_loss: 1.97187, dyn_sta_cos_loss: 0.25790, total_cos_loss : 0.60070, 
epoch  25 summary: dyn_dyn_cos_loss: 1.89092, dyn_sta_cos_loss: 0.24490, total_cos_loss : 0.57411, 
epoch  26 summary: dyn_dyn_cos_loss: 1.81419, dyn_sta_cos_loss: 0.23343, total_cos_loss : 0.54958, 
epoch  27 summary: dyn_dyn_cos_loss: 1.74393, dyn_sta_cos_loss: 0.22392, total_cos_loss : 0.52793, 
epoch  28 summary: dyn_dyn_cos_loss: 1.67690, dyn_sta_cos_loss: 0.21467, total_cos_loss : 0.50712, 
epoch  29 summary: dyn_dyn_cos_loss: 1.61022, dyn_sta_cos_loss: 0.20490, total_cos_loss : 0.48596, 
epoch  30 summary: dyn_dyn_cos_loss: 1.55281, dyn_sta_cos_loss: 0.19765, total_cos_loss : 0.46868, 
valid loss: 1.6642, valid acc: 0.5664
epoch  31 summary: dyn_dyn_cos_loss: 1.49383, dyn_sta_cos_loss: 0.19050, total_cos_loss : 0.45117, 
epoch  32 summary: dyn_dyn_cos_loss: 1.43974, dyn_sta_cos_loss: 0.18262, total_cos_loss : 0.43404, 
epoch  33 summary: dyn_dyn_cos_loss: 1.38991, dyn_sta_cos_loss: 0.17657, total_cos_loss : 0.41924, 
epoch  34 summary: dyn_dyn_cos_loss: 1.34584, dyn_sta_cos_loss: 0.17151, total_cos_loss : 0.40637, 
epoch  35 summary: dyn_dyn_cos_loss: 1.29549, dyn_sta_cos_loss: 0.16586, total_cos_loss : 0.39178, 
epoch  36 summary: dyn_dyn_cos_loss: 1.24728, dyn_sta_cos_loss: 0.15965, total_cos_loss : 0.37718, 
epoch  37 summary: dyn_dyn_cos_loss: 1.20807, dyn_sta_cos_loss: 0.15488, total_cos_loss : 0.36551, 
epoch  38 summary: dyn_dyn_cos_loss: 1.17346, dyn_sta_cos_loss: 0.15016, total_cos_loss : 0.35482, 
epoch  39 summary: dyn_dyn_cos_loss: 1.13423, dyn_sta_cos_loss: 0.14535, total_cos_loss : 0.34313, 
epoch  40 summary: dyn_dyn_cos_loss: 1.14423, dyn_sta_cos_loss: 0.14200, total_cos_loss : 0.34245, 
valid loss: 1.6466, valid acc: 0.5684
epoch  41 summary: dyn_dyn_cos_loss: 1.11333, dyn_sta_cos_loss: 0.13781, total_cos_loss : 0.33291, 
epoch  42 summary: dyn_dyn_cos_loss: 1.08237, dyn_sta_cos_loss: 0.13436, total_cos_loss : 0.32396, 
epoch  43 summary: dyn_dyn_cos_loss: 1.05861, dyn_sta_cos_loss: 0.13132, total_cos_loss : 0.31678, 
epoch  44 summary: dyn_dyn_cos_loss: 1.02861, dyn_sta_cos_loss: 0.12791, total_cos_loss : 0.30805, 
epoch  45 summary: dyn_dyn_cos_loss: 1.00065, dyn_sta_cos_loss: 0.12480, total_cos_loss : 0.29997, 
epoch  46 summary: dyn_dyn_cos_loss: 0.97931, dyn_sta_cos_loss: 0.12215, total_cos_loss : 0.29358, 
epoch  47 summary: dyn_dyn_cos_loss: 0.95853, dyn_sta_cos_loss: 0.11980, total_cos_loss : 0.28755, 
epoch  48 summary: dyn_dyn_cos_loss: 0.93718, dyn_sta_cos_loss: 0.11714, total_cos_loss : 0.28115, 
epoch  49 summary: dyn_dyn_cos_loss: 0.91372, dyn_sta_cos_loss: 0.11447, total_cos_loss : 0.27432, 
epoch  50 summary: dyn_dyn_cos_loss: 0.89719, dyn_sta_cos_loss: 0.11227, total_cos_loss : 0.26925, 
valid loss: 1.6106, valid acc: 0.5762
epoch  51 summary: dyn_dyn_cos_loss: 0.87956, dyn_sta_cos_loss: 0.10986, total_cos_loss : 0.26380, 
epoch  52 summary: dyn_dyn_cos_loss: 0.86256, dyn_sta_cos_loss: 0.10797, total_cos_loss : 0.25889, 
epoch  53 summary: dyn_dyn_cos_loss: 0.84577, dyn_sta_cos_loss: 0.10585, total_cos_loss : 0.25383, 
epoch  54 summary: dyn_dyn_cos_loss: 0.82967, dyn_sta_cos_loss: 0.10412, total_cos_loss : 0.24923, 
epoch  55 summary: dyn_dyn_cos_loss: 0.81402, dyn_sta_cos_loss: 0.10265, total_cos_loss : 0.24493, 
epoch  56 summary: dyn_dyn_cos_loss: 0.79941, dyn_sta_cos_loss: 0.10112, total_cos_loss : 0.24078, 
epoch  57 summary: dyn_dyn_cos_loss: 0.78654, dyn_sta_cos_loss: 0.10010, total_cos_loss : 0.23739, 
epoch  58 summary: dyn_dyn_cos_loss: 0.77536, dyn_sta_cos_loss: 0.09843, total_cos_loss : 0.23381, 
epoch  59 summary: dyn_dyn_cos_loss: 0.76305, dyn_sta_cos_loss: 0.09723, total_cos_loss : 0.23039, 
epoch  60 summary: dyn_dyn_cos_loss: 0.79224, dyn_sta_cos_loss: 0.09610, total_cos_loss : 0.23533, 
valid loss: 1.6100, valid acc: 0.5645
epoch  61 summary: dyn_dyn_cos_loss: 0.78159, dyn_sta_cos_loss: 0.09510, total_cos_loss : 0.23240, 
epoch  62 summary: dyn_dyn_cos_loss: 0.77013, dyn_sta_cos_loss: 0.09420, total_cos_loss : 0.22939, 
epoch  63 summary: dyn_dyn_cos_loss: 0.76039, dyn_sta_cos_loss: 0.09305, total_cos_loss : 0.22652, 
epoch  64 summary: dyn_dyn_cos_loss: 0.75017, dyn_sta_cos_loss: 0.09225, total_cos_loss : 0.22383, 
epoch  65 summary: dyn_dyn_cos_loss: 0.74033, dyn_sta_cos_loss: 0.09145, total_cos_loss : 0.22122, 
epoch  66 summary: dyn_dyn_cos_loss: 0.73135, dyn_sta_cos_loss: 0.09035, total_cos_loss : 0.21855, 
epoch  67 summary: dyn_dyn_cos_loss: 0.72108, dyn_sta_cos_loss: 0.08917, total_cos_loss : 0.21555, 
epoch  68 summary: dyn_dyn_cos_loss: 0.71092, dyn_sta_cos_loss: 0.08824, total_cos_loss : 0.21278, 
epoch  69 summary: dyn_dyn_cos_loss: 0.70262, dyn_sta_cos_loss: 0.08719, total_cos_loss : 0.21028, 
epoch  70 summary: dyn_dyn_cos_loss: 0.69497, dyn_sta_cos_loss: 0.08659, total_cos_loss : 0.20826, 
valid loss: 1.5943, valid acc: 0.5703
epoch  71 summary: dyn_dyn_cos_loss: 0.68861, dyn_sta_cos_loss: 0.08574, total_cos_loss : 0.20632, 
epoch  72 summary: dyn_dyn_cos_loss: 0.68197, dyn_sta_cos_loss: 0.08502, total_cos_loss : 0.20441, 
epoch  73 summary: dyn_dyn_cos_loss: 0.67546, dyn_sta_cos_loss: 0.08433, total_cos_loss : 0.20255, 
epoch  74 summary: dyn_dyn_cos_loss: 0.66905, dyn_sta_cos_loss: 0.08356, total_cos_loss : 0.20066, 
epoch  75 summary: dyn_dyn_cos_loss: 0.66272, dyn_sta_cos_loss: 0.08268, total_cos_loss : 0.19869, 
epoch  76 summary: dyn_dyn_cos_loss: 0.65708, dyn_sta_cos_loss: 0.08187, total_cos_loss : 0.19691, 
epoch  77 summary: dyn_dyn_cos_loss: 0.65137, dyn_sta_cos_loss: 0.08090, total_cos_loss : 0.19500, 
epoch  78 summary: dyn_dyn_cos_loss: 0.64558, dyn_sta_cos_loss: 0.07991, total_cos_loss : 0.19305, 
epoch  79 summary: dyn_dyn_cos_loss: 0.63984, dyn_sta_cos_loss: 0.07879, total_cos_loss : 0.19100, 
epoch  80 summary: dyn_dyn_cos_loss: 0.64403, dyn_sta_cos_loss: 0.07802, total_cos_loss : 0.19122, 
valid loss: 1.5904, valid acc: 0.5586
epoch  81 summary: dyn_dyn_cos_loss: 0.63937, dyn_sta_cos_loss: 0.07739, total_cos_loss : 0.18979, 
epoch  82 summary: dyn_dyn_cos_loss: 0.63420, dyn_sta_cos_loss: 0.07689, total_cos_loss : 0.18835, 
epoch  83 summary: dyn_dyn_cos_loss: 0.63056, dyn_sta_cos_loss: 0.07619, total_cos_loss : 0.18706, 
epoch  84 summary: dyn_dyn_cos_loss: 0.62620, dyn_sta_cos_loss: 0.07570, total_cos_loss : 0.18580, 
epoch  85 summary: dyn_dyn_cos_loss: 0.62163, dyn_sta_cos_loss: 0.07519, total_cos_loss : 0.18448, 
epoch  86 summary: dyn_dyn_cos_loss: 0.61817, dyn_sta_cos_loss: 0.07460, total_cos_loss : 0.18331, 
epoch  87 summary: dyn_dyn_cos_loss: 0.61372, dyn_sta_cos_loss: 0.07396, total_cos_loss : 0.18191, 
epoch  88 summary: dyn_dyn_cos_loss: 0.61001, dyn_sta_cos_loss: 0.07346, total_cos_loss : 0.18077, 
epoch  89 summary: dyn_dyn_cos_loss: 0.60671, dyn_sta_cos_loss: 0.07281, total_cos_loss : 0.17959, 
epoch  90 summary: dyn_dyn_cos_loss: 0.60331, dyn_sta_cos_loss: 0.07224, total_cos_loss : 0.17845, 
valid loss: 1.5769, valid acc: 0.5625
epoch  91 summary: dyn_dyn_cos_loss: 0.59894, dyn_sta_cos_loss: 0.07176, total_cos_loss : 0.17719, 
epoch  92 summary: dyn_dyn_cos_loss: 0.59638, dyn_sta_cos_loss: 0.07131, total_cos_loss : 0.17632, 
epoch  93 summary: dyn_dyn_cos_loss: 0.59389, dyn_sta_cos_loss: 0.07084, total_cos_loss : 0.17545, 
epoch  94 summary: dyn_dyn_cos_loss: 0.59055, dyn_sta_cos_loss: 0.07043, total_cos_loss : 0.17445, 
epoch  95 summary: dyn_dyn_cos_loss: 0.58778, dyn_sta_cos_loss: 0.07008, total_cos_loss : 0.17362, 
epoch  96 summary: dyn_dyn_cos_loss: 0.58416, dyn_sta_cos_loss: 0.06967, total_cos_loss : 0.17257, 
epoch  97 summary: dyn_dyn_cos_loss: 0.58044, dyn_sta_cos_loss: 0.06934, total_cos_loss : 0.17156, 
epoch  98 summary: dyn_dyn_cos_loss: 0.57703, dyn_sta_cos_loss: 0.06906, total_cos_loss : 0.17066, 
epoch  99 summary: dyn_dyn_cos_loss: 0.57485, dyn_sta_cos_loss: 0.06875, total_cos_loss : 0.16997, 
epoch 100 summary: dyn_dyn_cos_loss: 0.59491, dyn_sta_cos_loss: 0.06840, total_cos_loss : 0.17370, 
valid loss: 1.5861, valid acc: 0.5625
epoch 101 summary: dyn_dyn_cos_loss: 0.59189, dyn_sta_cos_loss: 0.06813, total_cos_loss : 0.17288, 
epoch 102 summary: dyn_dyn_cos_loss: 0.58905, dyn_sta_cos_loss: 0.06791, total_cos_loss : 0.17214, 
epoch 103 summary: dyn_dyn_cos_loss: 0.58548, dyn_sta_cos_loss: 0.06781, total_cos_loss : 0.17135, 
epoch 104 summary: dyn_dyn_cos_loss: 0.58270, dyn_sta_cos_loss: 0.06758, total_cos_loss : 0.17061, 
epoch 105 summary: dyn_dyn_cos_loss: 0.58067, dyn_sta_cos_loss: 0.06728, total_cos_loss : 0.16996, 
epoch 106 summary: dyn_dyn_cos_loss: 0.57809, dyn_sta_cos_loss: 0.06702, total_cos_loss : 0.16923, 
epoch 107 summary: dyn_dyn_cos_loss: 0.57590, dyn_sta_cos_loss: 0.06682, total_cos_loss : 0.16864, 
epoch 108 summary: dyn_dyn_cos_loss: 0.57378, dyn_sta_cos_loss: 0.06660, total_cos_loss : 0.16804, 
epoch 109 summary: dyn_dyn_cos_loss: 0.57191, dyn_sta_cos_loss: 0.06633, total_cos_loss : 0.16745, 
epoch 110 summary: dyn_dyn_cos_loss: 0.56981, dyn_sta_cos_loss: 0.06608, total_cos_loss : 0.16682, 
valid loss: 1.5821, valid acc: 0.5566
epoch 111 summary: dyn_dyn_cos_loss: 0.56783, dyn_sta_cos_loss: 0.06598, total_cos_loss : 0.16635, 
epoch 112 summary: dyn_dyn_cos_loss: 0.56596, dyn_sta_cos_loss: 0.06582, total_cos_loss : 0.16585, 
epoch 113 summary: dyn_dyn_cos_loss: 0.56434, dyn_sta_cos_loss: 0.06564, total_cos_loss : 0.16538, 
epoch 114 summary: dyn_dyn_cos_loss: 0.56307, dyn_sta_cos_loss: 0.06549, total_cos_loss : 0.16500, 
epoch 115 summary: dyn_dyn_cos_loss: 0.56151, dyn_sta_cos_loss: 0.06525, total_cos_loss : 0.16450, 
epoch 116 summary: dyn_dyn_cos_loss: 0.56027, dyn_sta_cos_loss: 0.06503, total_cos_loss : 0.16408, 
epoch 117 summary: dyn_dyn_cos_loss: 0.55844, dyn_sta_cos_loss: 0.06480, total_cos_loss : 0.16353, 
epoch 118 summary: dyn_dyn_cos_loss: 0.55709, dyn_sta_cos_loss: 0.06467, total_cos_loss : 0.16316, 
epoch 119 summary: dyn_dyn_cos_loss: 0.55588, dyn_sta_cos_loss: 0.06450, total_cos_loss : 0.16278, 
epoch 120 summary: dyn_dyn_cos_loss: 0.57230, dyn_sta_cos_loss: 0.06438, total_cos_loss : 0.16596, 
valid loss: 1.5843, valid acc: 0.5664
epoch 121 summary: dyn_dyn_cos_loss: 0.57009, dyn_sta_cos_loss: 0.06424, total_cos_loss : 0.16541, 
epoch 122 summary: dyn_dyn_cos_loss: 0.56860, dyn_sta_cos_loss: 0.06402, total_cos_loss : 0.16494, 
epoch 123 summary: dyn_dyn_cos_loss: 0.56662, dyn_sta_cos_loss: 0.06387, total_cos_loss : 0.16442, 
epoch 124 summary: dyn_dyn_cos_loss: 0.56450, dyn_sta_cos_loss: 0.06364, total_cos_loss : 0.16382, 
epoch 125 summary: dyn_dyn_cos_loss: 0.56283, dyn_sta_cos_loss: 0.06351, total_cos_loss : 0.16337, 
epoch 126 summary: dyn_dyn_cos_loss: 0.56153, dyn_sta_cos_loss: 0.06321, total_cos_loss : 0.16288, 
epoch 127 summary: dyn_dyn_cos_loss: 0.55991, dyn_sta_cos_loss: 0.06306, total_cos_loss : 0.16243, 
epoch 128 summary: dyn_dyn_cos_loss: 0.55871, dyn_sta_cos_loss: 0.06290, total_cos_loss : 0.16207, 
epoch 129 summary: dyn_dyn_cos_loss: 0.55689, dyn_sta_cos_loss: 0.06277, total_cos_loss : 0.16160, 
epoch 130 summary: dyn_dyn_cos_loss: 0.55536, dyn_sta_cos_loss: 0.06258, total_cos_loss : 0.16114, 
valid loss: 1.5806, valid acc: 0.5664
epoch 131 summary: dyn_dyn_cos_loss: 0.55400, dyn_sta_cos_loss: 0.06242, total_cos_loss : 0.16073, 
epoch 132 summary: dyn_dyn_cos_loss: 0.55230, dyn_sta_cos_loss: 0.06238, total_cos_loss : 0.16036, 
epoch 133 summary: dyn_dyn_cos_loss: 0.55077, dyn_sta_cos_loss: 0.06222, total_cos_loss : 0.15993, 
epoch 134 summary: dyn_dyn_cos_loss: 0.54943, dyn_sta_cos_loss: 0.06219, total_cos_loss : 0.15964, 
epoch 135 summary: dyn_dyn_cos_loss: 0.54862, dyn_sta_cos_loss: 0.06206, total_cos_loss : 0.15937, 
epoch 136 summary: dyn_dyn_cos_loss: 0.54767, dyn_sta_cos_loss: 0.06189, total_cos_loss : 0.15905, 
epoch 137 summary: dyn_dyn_cos_loss: 0.54664, dyn_sta_cos_loss: 0.06177, total_cos_loss : 0.15874, 
epoch 138 summary: dyn_dyn_cos_loss: 0.54545, dyn_sta_cos_loss: 0.06173, total_cos_loss : 0.15847, 
epoch 139 summary: dyn_dyn_cos_loss: 0.54459, dyn_sta_cos_loss: 0.06156, total_cos_loss : 0.15817, 
epoch 140 summary: dyn_dyn_cos_loss: 0.56456, dyn_sta_cos_loss: 0.06144, total_cos_loss : 0.16206, 
valid loss: 1.5778, valid acc: 0.5625
epoch 141 summary: dyn_dyn_cos_loss: 0.56267, dyn_sta_cos_loss: 0.06134, total_cos_loss : 0.16161, 
epoch 142 summary: dyn_dyn_cos_loss: 0.56091, dyn_sta_cos_loss: 0.06121, total_cos_loss : 0.16115, 
epoch 143 summary: dyn_dyn_cos_loss: 0.55914, dyn_sta_cos_loss: 0.06097, total_cos_loss : 0.16061, 
epoch 144 summary: dyn_dyn_cos_loss: 0.55707, dyn_sta_cos_loss: 0.06086, total_cos_loss : 0.16010, 
epoch 145 summary: dyn_dyn_cos_loss: 0.55571, dyn_sta_cos_loss: 0.06077, total_cos_loss : 0.15976, 
epoch 146 summary: dyn_dyn_cos_loss: 0.55462, dyn_sta_cos_loss: 0.06062, total_cos_loss : 0.15942, 
epoch 147 summary: dyn_dyn_cos_loss: 0.55362, dyn_sta_cos_loss: 0.06055, total_cos_loss : 0.15917, 
epoch 148 summary: dyn_dyn_cos_loss: 0.55190, dyn_sta_cos_loss: 0.06060, total_cos_loss : 0.15886, 
epoch 149 summary: dyn_dyn_cos_loss: 0.55064, dyn_sta_cos_loss: 0.06060, total_cos_loss : 0.15861, 
epoch 150 summary: dyn_dyn_cos_loss: 0.54890, dyn_sta_cos_loss: 0.06063, total_cos_loss : 0.15828, 
valid loss: 1.5761, valid acc: 0.5684
epoch 151 summary: dyn_dyn_cos_loss: 0.54806, dyn_sta_cos_loss: 0.06042, total_cos_loss : 0.15794, 
epoch 152 summary: dyn_dyn_cos_loss: 0.54678, dyn_sta_cos_loss: 0.06037, total_cos_loss : 0.15765, 
epoch 153 summary: dyn_dyn_cos_loss: 0.54517, dyn_sta_cos_loss: 0.06038, total_cos_loss : 0.15734, 
epoch 154 summary: dyn_dyn_cos_loss: 0.54446, dyn_sta_cos_loss: 0.06029, total_cos_loss : 0.15712, 
epoch 155 summary: dyn_dyn_cos_loss: 0.54390, dyn_sta_cos_loss: 0.06013, total_cos_loss : 0.15688, 
epoch 156 summary: dyn_dyn_cos_loss: 0.54310, dyn_sta_cos_loss: 0.06002, total_cos_loss : 0.15664, 
epoch 157 summary: dyn_dyn_cos_loss: 0.54216, dyn_sta_cos_loss: 0.05994, total_cos_loss : 0.15638, 
epoch 158 summary: dyn_dyn_cos_loss: 0.54130, dyn_sta_cos_loss: 0.05989, total_cos_loss : 0.15617, 
epoch 159 summary: dyn_dyn_cos_loss: 0.54041, dyn_sta_cos_loss: 0.05979, total_cos_loss : 0.15591, 
epoch 160 summary: dyn_dyn_cos_loss: 0.56008, dyn_sta_cos_loss: 0.05971, total_cos_loss : 0.15979, 
valid loss: 1.5660, valid acc: 0.5684
epoch 161 summary: dyn_dyn_cos_loss: 0.55841, dyn_sta_cos_loss: 0.05973, total_cos_loss : 0.15947, 
epoch 162 summary: dyn_dyn_cos_loss: 0.55671, dyn_sta_cos_loss: 0.05980, total_cos_loss : 0.15918, 
epoch 163 summary: dyn_dyn_cos_loss: 0.55497, dyn_sta_cos_loss: 0.05975, total_cos_loss : 0.15880, 
epoch 164 summary: dyn_dyn_cos_loss: 0.55382, dyn_sta_cos_loss: 0.05966, total_cos_loss : 0.15849, 
epoch 165 summary: dyn_dyn_cos_loss: 0.55210, dyn_sta_cos_loss: 0.05966, total_cos_loss : 0.15814, 
epoch 166 summary: dyn_dyn_cos_loss: 0.55072, dyn_sta_cos_loss: 0.05959, total_cos_loss : 0.15782, 
epoch 167 summary: dyn_dyn_cos_loss: 0.54968, dyn_sta_cos_loss: 0.05949, total_cos_loss : 0.15753, 
epoch 168 summary: dyn_dyn_cos_loss: 0.54848, dyn_sta_cos_loss: 0.05945, total_cos_loss : 0.15726, 
epoch 169 summary: dyn_dyn_cos_loss: 0.54732, dyn_sta_cos_loss: 0.05943, total_cos_loss : 0.15701, 
epoch 170 summary: dyn_dyn_cos_loss: 0.54638, dyn_sta_cos_loss: 0.05943, total_cos_loss : 0.15682, 
valid loss: 1.5641, valid acc: 0.5625
epoch 171 summary: dyn_dyn_cos_loss: 0.54558, dyn_sta_cos_loss: 0.05938, total_cos_loss : 0.15662, 
epoch 172 summary: dyn_dyn_cos_loss: 0.54499, dyn_sta_cos_loss: 0.05929, total_cos_loss : 0.15643, 
epoch 173 summary: dyn_dyn_cos_loss: 0.54429, dyn_sta_cos_loss: 0.05924, total_cos_loss : 0.15625, 
epoch 174 summary: dyn_dyn_cos_loss: 0.54344, dyn_sta_cos_loss: 0.05920, total_cos_loss : 0.15605, 
epoch 175 summary: dyn_dyn_cos_loss: 0.54256, dyn_sta_cos_loss: 0.05917, total_cos_loss : 0.15585, 
epoch 176 summary: dyn_dyn_cos_loss: 0.54135, dyn_sta_cos_loss: 0.05918, total_cos_loss : 0.15561, 
epoch 177 summary: dyn_dyn_cos_loss: 0.54020, dyn_sta_cos_loss: 0.05923, total_cos_loss : 0.15543, 
epoch 178 summary: dyn_dyn_cos_loss: 0.53945, dyn_sta_cos_loss: 0.05918, total_cos_loss : 0.15524, 
epoch 179 summary: dyn_dyn_cos_loss: 0.53869, dyn_sta_cos_loss: 0.05913, total_cos_loss : 0.15504, 
epoch 180 summary: dyn_dyn_cos_loss: 0.55517, dyn_sta_cos_loss: 0.05912, total_cos_loss : 0.15833, 
valid loss: 1.5715, valid acc: 0.5625
epoch 181 summary: dyn_dyn_cos_loss: 0.55372, dyn_sta_cos_loss: 0.05906, total_cos_loss : 0.15799, 
epoch 182 summary: dyn_dyn_cos_loss: 0.55198, dyn_sta_cos_loss: 0.05905, total_cos_loss : 0.15763, 
epoch 183 summary: dyn_dyn_cos_loss: 0.55047, dyn_sta_cos_loss: 0.05902, total_cos_loss : 0.15731, 
epoch 184 summary: dyn_dyn_cos_loss: 0.54921, dyn_sta_cos_loss: 0.05898, total_cos_loss : 0.15703, 
epoch 185 summary: dyn_dyn_cos_loss: 0.54805, dyn_sta_cos_loss: 0.05896, total_cos_loss : 0.15678, 
epoch 186 summary: dyn_dyn_cos_loss: 0.54649, dyn_sta_cos_loss: 0.05900, total_cos_loss : 0.15650, 
epoch 187 summary: dyn_dyn_cos_loss: 0.54527, dyn_sta_cos_loss: 0.05898, total_cos_loss : 0.15624, 
epoch 188 summary: dyn_dyn_cos_loss: 0.54463, dyn_sta_cos_loss: 0.05886, total_cos_loss : 0.15601, 
epoch 189 summary: dyn_dyn_cos_loss: 0.54361, dyn_sta_cos_loss: 0.05882, total_cos_loss : 0.15578, 
epoch 190 summary: dyn_dyn_cos_loss: 0.54255, dyn_sta_cos_loss: 0.05878, total_cos_loss : 0.15554, 
valid loss: 1.5673, valid acc: 0.5625
epoch 191 summary: dyn_dyn_cos_loss: 0.54142, dyn_sta_cos_loss: 0.05882, total_cos_loss : 0.15534, 
epoch 192 summary: dyn_dyn_cos_loss: 0.54070, dyn_sta_cos_loss: 0.05879, total_cos_loss : 0.15517, 
epoch 193 summary: dyn_dyn_cos_loss: 0.54008, dyn_sta_cos_loss: 0.05874, total_cos_loss : 0.15501, 
epoch 194 summary: dyn_dyn_cos_loss: 0.53935, dyn_sta_cos_loss: 0.05867, total_cos_loss : 0.15481, 
epoch 195 summary: dyn_dyn_cos_loss: 0.53885, dyn_sta_cos_loss: 0.05862, total_cos_loss : 0.15467, 
epoch 196 summary: dyn_dyn_cos_loss: 0.53833, dyn_sta_cos_loss: 0.05854, total_cos_loss : 0.15450, 
epoch 197 summary: dyn_dyn_cos_loss: 0.53758, dyn_sta_cos_loss: 0.05856, total_cos_loss : 0.15436, 
epoch 198 summary: dyn_dyn_cos_loss: 0.53685, dyn_sta_cos_loss: 0.05856, total_cos_loss : 0.15422, 
epoch 199 summary: dyn_dyn_cos_loss: 0.53607, dyn_sta_cos_loss: 0.05855, total_cos_loss : 0.15405, 
valid loss: 1.5638, valid acc: 0.5625
all                          74544.210ms
all_epoch                    74527.493ms
all_preparation                 16.699ms
all_preparation_2               14.801ms
all_preparation_3                1.874ms
epoch                          287.887ms
epoch_pos_train                  5.543ms
epoch_preparation                0.362ms
epoch_train                    275.469ms
epoch_valid                      4.871ms
----------------------------------------
all                          74544.210ms
  all_epoch             99.98%
  all_preparation        0.02%
all_preparation                 16.699ms
  all_preparation_2     88.64%
  all_preparation_3     11.22%
epoch                        57577.323ms
  epoch_train           95.69%
  epoch_pos_train        1.93%
  epoch_valid            1.69%
  epoch_preparation      0.13%
