Before CTE Training: train eu loss: 1.0715794563293457, eval eu loss: 1.492782711982727
Before CTE Training: train eu acc: 0.6578369140625, eval eu acc: 0.560546875
epoch   0 summary: dyn_dyn_cos_loss: 6.02618, dyn_sta_cos_loss: 3.20181, total_cos_loss : 3.48425, vocab_cro_loss : 4.27582, 
train loss: 3.9834, train acc: 0.0728
epoch   1 summary: dyn_dyn_cos_loss: 6.01623, dyn_sta_cos_loss: 2.91580, total_cos_loss : 3.22585, vocab_cro_loss : 3.98337, 
epoch   2 summary: dyn_dyn_cos_loss: 5.99052, dyn_sta_cos_loss: 2.62967, total_cos_loss : 2.96576, vocab_cro_loss : 3.69368, 
epoch   3 summary: dyn_dyn_cos_loss: 5.95426, dyn_sta_cos_loss: 2.35169, total_cos_loss : 2.71195, vocab_cro_loss : 3.41266, 
epoch   4 summary: dyn_dyn_cos_loss: 5.90681, dyn_sta_cos_loss: 2.08077, total_cos_loss : 2.46337, vocab_cro_loss : 3.14482, 
epoch   5 summary: dyn_dyn_cos_loss: 5.84897, dyn_sta_cos_loss: 1.82647, total_cos_loss : 2.22872, vocab_cro_loss : 2.89084, 
epoch   6 summary: dyn_dyn_cos_loss: 5.78513, dyn_sta_cos_loss: 1.58691, total_cos_loss : 2.00674, vocab_cro_loss : 2.65106, 
epoch   7 summary: dyn_dyn_cos_loss: 5.71563, dyn_sta_cos_loss: 1.37044, total_cos_loss : 1.80495, vocab_cro_loss : 2.43456, 
epoch   8 summary: dyn_dyn_cos_loss: 5.64237, dyn_sta_cos_loss: 1.18349, total_cos_loss : 1.62938, vocab_cro_loss : 2.25178, 
epoch   9 summary: dyn_dyn_cos_loss: 5.56406, dyn_sta_cos_loss: 1.01840, total_cos_loss : 1.47296, vocab_cro_loss : 2.08829, 
epoch  10 summary: dyn_dyn_cos_loss: 5.48254, dyn_sta_cos_loss: 0.87848, total_cos_loss : 1.33889, vocab_cro_loss : 1.94913, 
train loss: 1.8350, train acc: 0.6595
epoch  11 summary: dyn_dyn_cos_loss: 5.40155, dyn_sta_cos_loss: 0.76643, total_cos_loss : 1.22995, vocab_cro_loss : 1.83497, 
epoch  12 summary: dyn_dyn_cos_loss: 5.31687, dyn_sta_cos_loss: 0.67570, total_cos_loss : 1.13982, vocab_cro_loss : 1.74497, 
epoch  13 summary: dyn_dyn_cos_loss: 5.23142, dyn_sta_cos_loss: 0.60150, total_cos_loss : 1.06449, vocab_cro_loss : 1.67147, 
epoch  14 summary: dyn_dyn_cos_loss: 5.14763, dyn_sta_cos_loss: 0.54084, total_cos_loss : 1.00152, vocab_cro_loss : 1.60740, 
epoch  15 summary: dyn_dyn_cos_loss: 5.06448, dyn_sta_cos_loss: 0.49085, total_cos_loss : 0.94821, vocab_cro_loss : 1.55635, 
epoch  16 summary: dyn_dyn_cos_loss: 4.98085, dyn_sta_cos_loss: 0.45025, total_cos_loss : 0.90331, vocab_cro_loss : 1.51737, 
epoch  17 summary: dyn_dyn_cos_loss: 4.89950, dyn_sta_cos_loss: 0.41555, total_cos_loss : 0.86395, vocab_cro_loss : 1.48149, 
epoch  18 summary: dyn_dyn_cos_loss: 4.81915, dyn_sta_cos_loss: 0.38613, total_cos_loss : 0.82943, vocab_cro_loss : 1.45277, 
epoch  19 summary: dyn_dyn_cos_loss: 4.74080, dyn_sta_cos_loss: 0.35990, total_cos_loss : 0.79799, vocab_cro_loss : 1.42237, 
epoch  20 summary: dyn_dyn_cos_loss: 4.70861, dyn_sta_cos_loss: 0.33612, total_cos_loss : 0.77337, vocab_cro_loss : 1.39754, 
train loss: 1.3754, train acc: 0.6560
epoch  21 summary: dyn_dyn_cos_loss: 4.62921, dyn_sta_cos_loss: 0.31574, total_cos_loss : 0.74708, vocab_cro_loss : 1.37538, 
epoch  22 summary: dyn_dyn_cos_loss: 4.55179, dyn_sta_cos_loss: 0.29712, total_cos_loss : 0.72259, vocab_cro_loss : 1.35647, 
epoch  23 summary: dyn_dyn_cos_loss: 4.47586, dyn_sta_cos_loss: 0.27844, total_cos_loss : 0.69819, vocab_cro_loss : 1.33771, 
epoch  24 summary: dyn_dyn_cos_loss: 4.39981, dyn_sta_cos_loss: 0.26340, total_cos_loss : 0.67704, vocab_cro_loss : 1.32342, 
epoch  25 summary: dyn_dyn_cos_loss: 4.32531, dyn_sta_cos_loss: 0.25125, total_cos_loss : 0.65865, vocab_cro_loss : 1.31007, 
epoch  26 summary: dyn_dyn_cos_loss: 4.24915, dyn_sta_cos_loss: 0.23944, total_cos_loss : 0.64041, vocab_cro_loss : 1.29841, 
epoch  27 summary: dyn_dyn_cos_loss: 4.17614, dyn_sta_cos_loss: 0.22855, total_cos_loss : 0.62331, vocab_cro_loss : 1.28909, 
epoch  28 summary: dyn_dyn_cos_loss: 4.10598, dyn_sta_cos_loss: 0.21847, total_cos_loss : 0.60722, vocab_cro_loss : 1.27772, 
epoch  29 summary: dyn_dyn_cos_loss: 4.03891, dyn_sta_cos_loss: 0.21154, total_cos_loss : 0.59427, vocab_cro_loss : 1.26831, 
epoch  30 summary: dyn_dyn_cos_loss: 3.97043, dyn_sta_cos_loss: 0.20265, total_cos_loss : 0.57943, vocab_cro_loss : 1.25900, 
train loss: 1.2515, train acc: 0.6592
epoch  31 summary: dyn_dyn_cos_loss: 3.90570, dyn_sta_cos_loss: 0.19554, total_cos_loss : 0.56655, vocab_cro_loss : 1.25150, 
epoch  32 summary: dyn_dyn_cos_loss: 3.84030, dyn_sta_cos_loss: 0.18825, total_cos_loss : 0.55346, vocab_cro_loss : 1.24396, 
epoch  33 summary: dyn_dyn_cos_loss: 3.77603, dyn_sta_cos_loss: 0.18228, total_cos_loss : 0.54165, vocab_cro_loss : 1.23684, 
epoch  34 summary: dyn_dyn_cos_loss: 3.71317, dyn_sta_cos_loss: 0.17592, total_cos_loss : 0.52965, vocab_cro_loss : 1.23144, 
epoch  35 summary: dyn_dyn_cos_loss: 3.65434, dyn_sta_cos_loss: 0.16973, total_cos_loss : 0.51819, vocab_cro_loss : 1.22354, 
epoch  36 summary: dyn_dyn_cos_loss: 3.59482, dyn_sta_cos_loss: 0.16734, total_cos_loss : 0.51008, vocab_cro_loss : 1.21699, 
epoch  37 summary: dyn_dyn_cos_loss: 3.53838, dyn_sta_cos_loss: 0.16207, total_cos_loss : 0.49970, vocab_cro_loss : 1.21082, 
epoch  38 summary: dyn_dyn_cos_loss: 3.48200, dyn_sta_cos_loss: 0.15792, total_cos_loss : 0.49033, vocab_cro_loss : 1.20836, 
epoch  39 summary: dyn_dyn_cos_loss: 3.42594, dyn_sta_cos_loss: 0.15496, total_cos_loss : 0.48206, vocab_cro_loss : 1.20389, 
epoch  40 summary: dyn_dyn_cos_loss: 3.42051, dyn_sta_cos_loss: 0.15036, total_cos_loss : 0.47737, vocab_cro_loss : 1.19926, 
train loss: 1.1974, train acc: 0.6576
epoch  41 summary: dyn_dyn_cos_loss: 3.36435, dyn_sta_cos_loss: 0.14629, total_cos_loss : 0.46809, vocab_cro_loss : 1.19736, 
epoch  42 summary: dyn_dyn_cos_loss: 3.30749, dyn_sta_cos_loss: 0.14321, total_cos_loss : 0.45964, vocab_cro_loss : 1.19440, 
epoch  43 summary: dyn_dyn_cos_loss: 3.25538, dyn_sta_cos_loss: 0.14221, total_cos_loss : 0.45353, vocab_cro_loss : 1.18963, 
epoch  44 summary: dyn_dyn_cos_loss: 3.20300, dyn_sta_cos_loss: 0.13816, total_cos_loss : 0.44464, vocab_cro_loss : 1.18638, 
epoch  45 summary: dyn_dyn_cos_loss: 3.15109, dyn_sta_cos_loss: 0.13382, total_cos_loss : 0.43554, vocab_cro_loss : 1.18339, 
epoch  46 summary: dyn_dyn_cos_loss: 3.10157, dyn_sta_cos_loss: 0.13177, total_cos_loss : 0.42875, vocab_cro_loss : 1.17920, 
epoch  47 summary: dyn_dyn_cos_loss: 3.05396, dyn_sta_cos_loss: 0.12908, total_cos_loss : 0.42157, vocab_cro_loss : 1.17608, 
epoch  48 summary: dyn_dyn_cos_loss: 3.00444, dyn_sta_cos_loss: 0.12792, total_cos_loss : 0.41557, vocab_cro_loss : 1.17406, 
epoch  49 summary: dyn_dyn_cos_loss: 2.95858, dyn_sta_cos_loss: 0.12517, total_cos_loss : 0.40851, vocab_cro_loss : 1.17235, 
epoch  50 summary: dyn_dyn_cos_loss: 2.90981, dyn_sta_cos_loss: 0.12268, total_cos_loss : 0.40139, vocab_cro_loss : 1.16986, 
train loss: 1.1678, train acc: 0.6578
epoch  51 summary: dyn_dyn_cos_loss: 2.86443, dyn_sta_cos_loss: 0.12067, total_cos_loss : 0.39505, vocab_cro_loss : 1.16785, 
epoch  52 summary: dyn_dyn_cos_loss: 2.81926, dyn_sta_cos_loss: 0.11824, total_cos_loss : 0.38834, vocab_cro_loss : 1.16370, 
epoch  53 summary: dyn_dyn_cos_loss: 2.77480, dyn_sta_cos_loss: 0.11678, total_cos_loss : 0.38258, vocab_cro_loss : 1.16117, 
epoch  54 summary: dyn_dyn_cos_loss: 2.73438, dyn_sta_cos_loss: 0.11474, total_cos_loss : 0.37670, vocab_cro_loss : 1.16118, 
epoch  55 summary: dyn_dyn_cos_loss: 2.69353, dyn_sta_cos_loss: 0.11357, total_cos_loss : 0.37156, vocab_cro_loss : 1.16167, 
epoch  56 summary: dyn_dyn_cos_loss: 2.65153, dyn_sta_cos_loss: 0.11235, total_cos_loss : 0.36627, vocab_cro_loss : 1.15843, 
epoch  57 summary: dyn_dyn_cos_loss: 2.61073, dyn_sta_cos_loss: 0.11112, total_cos_loss : 0.36108, vocab_cro_loss : 1.15641, 
epoch  58 summary: dyn_dyn_cos_loss: 2.57397, dyn_sta_cos_loss: 0.11013, total_cos_loss : 0.35652, vocab_cro_loss : 1.15335, 
epoch  59 summary: dyn_dyn_cos_loss: 2.53523, dyn_sta_cos_loss: 0.10872, total_cos_loss : 0.35137, vocab_cro_loss : 1.15315, 
epoch  60 summary: dyn_dyn_cos_loss: 2.53826, dyn_sta_cos_loss: 0.10768, total_cos_loss : 0.35074, vocab_cro_loss : 1.15287, 
train loss: 1.1518, train acc: 0.6593
epoch  61 summary: dyn_dyn_cos_loss: 2.50021, dyn_sta_cos_loss: 0.10570, total_cos_loss : 0.34515, vocab_cro_loss : 1.15184, 
epoch  62 summary: dyn_dyn_cos_loss: 2.46419, dyn_sta_cos_loss: 0.10524, total_cos_loss : 0.34113, vocab_cro_loss : 1.15192, 
epoch  63 summary: dyn_dyn_cos_loss: 2.42722, dyn_sta_cos_loss: 0.10520, total_cos_loss : 0.33741, vocab_cro_loss : 1.15292, 
epoch  64 summary: dyn_dyn_cos_loss: 2.39200, dyn_sta_cos_loss: 0.10402, total_cos_loss : 0.33281, vocab_cro_loss : 1.15302, 
epoch  65 summary: dyn_dyn_cos_loss: 2.35568, dyn_sta_cos_loss: 0.10400, total_cos_loss : 0.32916, vocab_cro_loss : 1.14984, 
epoch  66 summary: dyn_dyn_cos_loss: 2.32103, dyn_sta_cos_loss: 0.10488, total_cos_loss : 0.32650, vocab_cro_loss : 1.15020, 
epoch  67 summary: dyn_dyn_cos_loss: 2.28774, dyn_sta_cos_loss: 0.10396, total_cos_loss : 0.32233, vocab_cro_loss : 1.14987, 
epoch  68 summary: dyn_dyn_cos_loss: 2.25224, dyn_sta_cos_loss: 0.10248, total_cos_loss : 0.31745, vocab_cro_loss : 1.15015, 
epoch  69 summary: dyn_dyn_cos_loss: 2.22222, dyn_sta_cos_loss: 0.10100, total_cos_loss : 0.31312, vocab_cro_loss : 1.14828, 
epoch  70 summary: dyn_dyn_cos_loss: 2.19050, dyn_sta_cos_loss: 0.10044, total_cos_loss : 0.30944, vocab_cro_loss : 1.14616, 
train loss: 1.1440, train acc: 0.6614
epoch  71 summary: dyn_dyn_cos_loss: 2.16104, dyn_sta_cos_loss: 0.09908, total_cos_loss : 0.30528, vocab_cro_loss : 1.14395, 
epoch  72 summary: dyn_dyn_cos_loss: 2.13206, dyn_sta_cos_loss: 0.09823, total_cos_loss : 0.30162, vocab_cro_loss : 1.14360, 
epoch  73 summary: dyn_dyn_cos_loss: 2.10366, dyn_sta_cos_loss: 0.09716, total_cos_loss : 0.29781, vocab_cro_loss : 1.14220, 
epoch  74 summary: dyn_dyn_cos_loss: 2.07619, dyn_sta_cos_loss: 0.09661, total_cos_loss : 0.29457, vocab_cro_loss : 1.14185, 
epoch  75 summary: dyn_dyn_cos_loss: 2.04935, dyn_sta_cos_loss: 0.09621, total_cos_loss : 0.29153, vocab_cro_loss : 1.14056, 
epoch  76 summary: dyn_dyn_cos_loss: 2.02329, dyn_sta_cos_loss: 0.09491, total_cos_loss : 0.28775, vocab_cro_loss : 1.14062, 
epoch  77 summary: dyn_dyn_cos_loss: 1.99624, dyn_sta_cos_loss: 0.09402, total_cos_loss : 0.28424, vocab_cro_loss : 1.13931, 
epoch  78 summary: dyn_dyn_cos_loss: 1.97245, dyn_sta_cos_loss: 0.09322, total_cos_loss : 0.28115, vocab_cro_loss : 1.13750, 
epoch  79 summary: dyn_dyn_cos_loss: 1.94864, dyn_sta_cos_loss: 0.09437, total_cos_loss : 0.27980, vocab_cro_loss : 1.13480, 
epoch  80 summary: dyn_dyn_cos_loss: 1.96082, dyn_sta_cos_loss: 0.09331, total_cos_loss : 0.28006, vocab_cro_loss : 1.13419, 
train loss: 1.1333, train acc: 0.6632
epoch  81 summary: dyn_dyn_cos_loss: 1.93663, dyn_sta_cos_loss: 0.09287, total_cos_loss : 0.27725, vocab_cro_loss : 1.13330, 
epoch  82 summary: dyn_dyn_cos_loss: 1.91189, dyn_sta_cos_loss: 0.09241, total_cos_loss : 0.27436, vocab_cro_loss : 1.13464, 
epoch  83 summary: dyn_dyn_cos_loss: 1.88864, dyn_sta_cos_loss: 0.09291, total_cos_loss : 0.27248, vocab_cro_loss : 1.13580, 
epoch  84 summary: dyn_dyn_cos_loss: 1.86478, dyn_sta_cos_loss: 0.09236, total_cos_loss : 0.26961, vocab_cro_loss : 1.13478, 
epoch  85 summary: dyn_dyn_cos_loss: 1.84286, dyn_sta_cos_loss: 0.09106, total_cos_loss : 0.26624, vocab_cro_loss : 1.13349, 
epoch  86 summary: dyn_dyn_cos_loss: 1.82243, dyn_sta_cos_loss: 0.08993, total_cos_loss : 0.26318, vocab_cro_loss : 1.13343, 
epoch  87 summary: dyn_dyn_cos_loss: 1.80082, dyn_sta_cos_loss: 0.09003, total_cos_loss : 0.26111, vocab_cro_loss : 1.13282, 
epoch  88 summary: dyn_dyn_cos_loss: 1.78176, dyn_sta_cos_loss: 0.08882, total_cos_loss : 0.25811, vocab_cro_loss : 1.13193, 
epoch  89 summary: dyn_dyn_cos_loss: 1.76113, dyn_sta_cos_loss: 0.08838, total_cos_loss : 0.25566, vocab_cro_loss : 1.13140, 
epoch  90 summary: dyn_dyn_cos_loss: 1.74113, dyn_sta_cos_loss: 0.08863, total_cos_loss : 0.25388, vocab_cro_loss : 1.13131, 
train loss: 1.1310, train acc: 0.6592
epoch  91 summary: dyn_dyn_cos_loss: 1.72233, dyn_sta_cos_loss: 0.08822, total_cos_loss : 0.25163, vocab_cro_loss : 1.13103, 
epoch  92 summary: dyn_dyn_cos_loss: 1.70322, dyn_sta_cos_loss: 0.08732, total_cos_loss : 0.24891, vocab_cro_loss : 1.13117, 
epoch  93 summary: dyn_dyn_cos_loss: 1.68522, dyn_sta_cos_loss: 0.08753, total_cos_loss : 0.24730, vocab_cro_loss : 1.12957, 
epoch  94 summary: dyn_dyn_cos_loss: 1.66660, dyn_sta_cos_loss: 0.08701, total_cos_loss : 0.24497, vocab_cro_loss : 1.12947, 
epoch  95 summary: dyn_dyn_cos_loss: 1.64883, dyn_sta_cos_loss: 0.08768, total_cos_loss : 0.24379, vocab_cro_loss : 1.12901, 
epoch  96 summary: dyn_dyn_cos_loss: 1.63247, dyn_sta_cos_loss: 0.08707, total_cos_loss : 0.24161, vocab_cro_loss : 1.12940, 
epoch  97 summary: dyn_dyn_cos_loss: 1.61727, dyn_sta_cos_loss: 0.08664, total_cos_loss : 0.23970, vocab_cro_loss : 1.12887, 
epoch  98 summary: dyn_dyn_cos_loss: 1.60197, dyn_sta_cos_loss: 0.08580, total_cos_loss : 0.23742, vocab_cro_loss : 1.12982, 
epoch  99 summary: dyn_dyn_cos_loss: 1.58543, dyn_sta_cos_loss: 0.08520, total_cos_loss : 0.23523, vocab_cro_loss : 1.12883, 
epoch 100 summary: dyn_dyn_cos_loss: 1.60368, dyn_sta_cos_loss: 0.08425, total_cos_loss : 0.23620, vocab_cro_loss : 1.12835, 
train loss: 1.1274, train acc: 0.6630
epoch 101 summary: dyn_dyn_cos_loss: 1.58803, dyn_sta_cos_loss: 0.08439, total_cos_loss : 0.23476, vocab_cro_loss : 1.12737, 
epoch 102 summary: dyn_dyn_cos_loss: 1.57395, dyn_sta_cos_loss: 0.08480, total_cos_loss : 0.23372, vocab_cro_loss : 1.12694, 
epoch 103 summary: dyn_dyn_cos_loss: 1.55887, dyn_sta_cos_loss: 0.08546, total_cos_loss : 0.23280, vocab_cro_loss : 1.12517, 
epoch 104 summary: dyn_dyn_cos_loss: 1.54516, dyn_sta_cos_loss: 0.08546, total_cos_loss : 0.23143, vocab_cro_loss : 1.12495, 
epoch 105 summary: dyn_dyn_cos_loss: 1.53151, dyn_sta_cos_loss: 0.08526, total_cos_loss : 0.22988, vocab_cro_loss : 1.12379, 
epoch 106 summary: dyn_dyn_cos_loss: 1.51844, dyn_sta_cos_loss: 0.08440, total_cos_loss : 0.22781, vocab_cro_loss : 1.12447, 
epoch 107 summary: dyn_dyn_cos_loss: 1.50538, dyn_sta_cos_loss: 0.08577, total_cos_loss : 0.22773, vocab_cro_loss : 1.12393, 
epoch 108 summary: dyn_dyn_cos_loss: 1.49395, dyn_sta_cos_loss: 0.08422, total_cos_loss : 0.22520, vocab_cro_loss : 1.12348, 
epoch 109 summary: dyn_dyn_cos_loss: 1.48214, dyn_sta_cos_loss: 0.08399, total_cos_loss : 0.22381, vocab_cro_loss : 1.12232, 
epoch 110 summary: dyn_dyn_cos_loss: 1.47055, dyn_sta_cos_loss: 0.08335, total_cos_loss : 0.22207, vocab_cro_loss : 1.12356, 
train loss: 1.1241, train acc: 0.6609
epoch 111 summary: dyn_dyn_cos_loss: 1.46010, dyn_sta_cos_loss: 0.08212, total_cos_loss : 0.21992, vocab_cro_loss : 1.12405, 
epoch 112 summary: dyn_dyn_cos_loss: 1.44770, dyn_sta_cos_loss: 0.08228, total_cos_loss : 0.21882, vocab_cro_loss : 1.12352, 
epoch 113 summary: dyn_dyn_cos_loss: 1.43590, dyn_sta_cos_loss: 0.08311, total_cos_loss : 0.21839, vocab_cro_loss : 1.12264, 
epoch 114 summary: dyn_dyn_cos_loss: 1.42671, dyn_sta_cos_loss: 0.08240, total_cos_loss : 0.21683, vocab_cro_loss : 1.12271, 
epoch 115 summary: dyn_dyn_cos_loss: 1.41772, dyn_sta_cos_loss: 0.08237, total_cos_loss : 0.21591, vocab_cro_loss : 1.12230, 
epoch 116 summary: dyn_dyn_cos_loss: 1.40883, dyn_sta_cos_loss: 0.08177, total_cos_loss : 0.21447, vocab_cro_loss : 1.12107, 
epoch 117 summary: dyn_dyn_cos_loss: 1.40027, dyn_sta_cos_loss: 0.08102, total_cos_loss : 0.21295, vocab_cro_loss : 1.12121, 
epoch 118 summary: dyn_dyn_cos_loss: 1.39201, dyn_sta_cos_loss: 0.08032, total_cos_loss : 0.21149, vocab_cro_loss : 1.12193, 
epoch 119 summary: dyn_dyn_cos_loss: 1.38374, dyn_sta_cos_loss: 0.08107, total_cos_loss : 0.21133, vocab_cro_loss : 1.12148, 
epoch 120 summary: dyn_dyn_cos_loss: 1.39515, dyn_sta_cos_loss: 0.08142, total_cos_loss : 0.21279, vocab_cro_loss : 1.12143, 
train loss: 1.1212, train acc: 0.6622
epoch 121 summary: dyn_dyn_cos_loss: 1.38591, dyn_sta_cos_loss: 0.08161, total_cos_loss : 0.21204, vocab_cro_loss : 1.12118, 
epoch 122 summary: dyn_dyn_cos_loss: 1.37699, dyn_sta_cos_loss: 0.08092, total_cos_loss : 0.21052, vocab_cro_loss : 1.12190, 
epoch 123 summary: dyn_dyn_cos_loss: 1.36907, dyn_sta_cos_loss: 0.08082, total_cos_loss : 0.20964, vocab_cro_loss : 1.12140, 
epoch 124 summary: dyn_dyn_cos_loss: 1.36107, dyn_sta_cos_loss: 0.08007, total_cos_loss : 0.20817, vocab_cro_loss : 1.12077, 
epoch 125 summary: dyn_dyn_cos_loss: 1.35366, dyn_sta_cos_loss: 0.07941, total_cos_loss : 0.20683, vocab_cro_loss : 1.11979, 
epoch 126 summary: dyn_dyn_cos_loss: 1.34698, dyn_sta_cos_loss: 0.07962, total_cos_loss : 0.20635, vocab_cro_loss : 1.11759, 
epoch 127 summary: dyn_dyn_cos_loss: 1.34048, dyn_sta_cos_loss: 0.08058, total_cos_loss : 0.20657, vocab_cro_loss : 1.11629, 
epoch 128 summary: dyn_dyn_cos_loss: 1.33362, dyn_sta_cos_loss: 0.07958, total_cos_loss : 0.20499, vocab_cro_loss : 1.11612, 
epoch 129 summary: dyn_dyn_cos_loss: 1.32678, dyn_sta_cos_loss: 0.07941, total_cos_loss : 0.20414, vocab_cro_loss : 1.11558, 
epoch 130 summary: dyn_dyn_cos_loss: 1.31951, dyn_sta_cos_loss: 0.08064, total_cos_loss : 0.20452, vocab_cro_loss : 1.11504, 
train loss: 1.1152, train acc: 0.6642
epoch 131 summary: dyn_dyn_cos_loss: 1.31319, dyn_sta_cos_loss: 0.08005, total_cos_loss : 0.20336, vocab_cro_loss : 1.11522, 
epoch 132 summary: dyn_dyn_cos_loss: 1.30625, dyn_sta_cos_loss: 0.07990, total_cos_loss : 0.20254, vocab_cro_loss : 1.11552, 
epoch 133 summary: dyn_dyn_cos_loss: 1.29963, dyn_sta_cos_loss: 0.07958, total_cos_loss : 0.20159, vocab_cro_loss : 1.11670, 
epoch 134 summary: dyn_dyn_cos_loss: 1.29251, dyn_sta_cos_loss: 0.08019, total_cos_loss : 0.20143, vocab_cro_loss : 1.11704, 
epoch 135 summary: dyn_dyn_cos_loss: 1.28747, dyn_sta_cos_loss: 0.07974, total_cos_loss : 0.20051, vocab_cro_loss : 1.11654, 
epoch 136 summary: dyn_dyn_cos_loss: 1.28257, dyn_sta_cos_loss: 0.08052, total_cos_loss : 0.20072, vocab_cro_loss : 1.11614, 
epoch 137 summary: dyn_dyn_cos_loss: 1.27773, dyn_sta_cos_loss: 0.07960, total_cos_loss : 0.19941, vocab_cro_loss : 1.11592, 
epoch 138 summary: dyn_dyn_cos_loss: 1.27201, dyn_sta_cos_loss: 0.07861, total_cos_loss : 0.19795, vocab_cro_loss : 1.11630, 
epoch 139 summary: dyn_dyn_cos_loss: 1.26712, dyn_sta_cos_loss: 0.07777, total_cos_loss : 0.19670, vocab_cro_loss : 1.11690, 
epoch 140 summary: dyn_dyn_cos_loss: 1.28121, dyn_sta_cos_loss: 0.07836, total_cos_loss : 0.19864, vocab_cro_loss : 1.11584, 
train loss: 1.1163, train acc: 0.6637
epoch 141 summary: dyn_dyn_cos_loss: 1.27531, dyn_sta_cos_loss: 0.07772, total_cos_loss : 0.19748, vocab_cro_loss : 1.11633, 
epoch 142 summary: dyn_dyn_cos_loss: 1.26851, dyn_sta_cos_loss: 0.07746, total_cos_loss : 0.19657, vocab_cro_loss : 1.11540, 
epoch 143 summary: dyn_dyn_cos_loss: 1.26174, dyn_sta_cos_loss: 0.07741, total_cos_loss : 0.19585, vocab_cro_loss : 1.11497, 
epoch 144 summary: dyn_dyn_cos_loss: 1.25469, dyn_sta_cos_loss: 0.07701, total_cos_loss : 0.19478, vocab_cro_loss : 1.11487, 
epoch 145 summary: dyn_dyn_cos_loss: 1.24864, dyn_sta_cos_loss: 0.07667, total_cos_loss : 0.19386, vocab_cro_loss : 1.11593, 
epoch 146 summary: dyn_dyn_cos_loss: 1.24308, dyn_sta_cos_loss: 0.07662, total_cos_loss : 0.19327, vocab_cro_loss : 1.11501, 
epoch 147 summary: dyn_dyn_cos_loss: 1.23725, dyn_sta_cos_loss: 0.07707, total_cos_loss : 0.19309, vocab_cro_loss : 1.11451, 
epoch 148 summary: dyn_dyn_cos_loss: 1.23210, dyn_sta_cos_loss: 0.07651, total_cos_loss : 0.19207, vocab_cro_loss : 1.11348, 
epoch 149 summary: dyn_dyn_cos_loss: 1.22790, dyn_sta_cos_loss: 0.07665, total_cos_loss : 0.19178, vocab_cro_loss : 1.11378, 
epoch 150 summary: dyn_dyn_cos_loss: 1.22326, dyn_sta_cos_loss: 0.07619, total_cos_loss : 0.19090, vocab_cro_loss : 1.11417, 
train loss: 1.1145, train acc: 0.6626
epoch 151 summary: dyn_dyn_cos_loss: 1.21891, dyn_sta_cos_loss: 0.07621, total_cos_loss : 0.19048, vocab_cro_loss : 1.11451, 
epoch 152 summary: dyn_dyn_cos_loss: 1.21456, dyn_sta_cos_loss: 0.07666, total_cos_loss : 0.19045, vocab_cro_loss : 1.11429, 
epoch 153 summary: dyn_dyn_cos_loss: 1.21078, dyn_sta_cos_loss: 0.07571, total_cos_loss : 0.18922, vocab_cro_loss : 1.11565, 
epoch 154 summary: dyn_dyn_cos_loss: 1.20635, dyn_sta_cos_loss: 0.07606, total_cos_loss : 0.18909, vocab_cro_loss : 1.11470, 
epoch 155 summary: dyn_dyn_cos_loss: 1.20260, dyn_sta_cos_loss: 0.07599, total_cos_loss : 0.18865, vocab_cro_loss : 1.11482, 
epoch 156 summary: dyn_dyn_cos_loss: 1.19836, dyn_sta_cos_loss: 0.07567, total_cos_loss : 0.18793, vocab_cro_loss : 1.11474, 
epoch 157 summary: dyn_dyn_cos_loss: 1.19490, dyn_sta_cos_loss: 0.07536, total_cos_loss : 0.18731, vocab_cro_loss : 1.11479, 
epoch 158 summary: dyn_dyn_cos_loss: 1.19178, dyn_sta_cos_loss: 0.07480, total_cos_loss : 0.18649, vocab_cro_loss : 1.11420, 
epoch 159 summary: dyn_dyn_cos_loss: 1.18795, dyn_sta_cos_loss: 0.07522, total_cos_loss : 0.18649, vocab_cro_loss : 1.11482, 
epoch 160 summary: dyn_dyn_cos_loss: 1.20315, dyn_sta_cos_loss: 0.07518, total_cos_loss : 0.18798, vocab_cro_loss : 1.11450, 
train loss: 1.1156, train acc: 0.6611
epoch 161 summary: dyn_dyn_cos_loss: 1.19826, dyn_sta_cos_loss: 0.07485, total_cos_loss : 0.18719, vocab_cro_loss : 1.11558, 
epoch 162 summary: dyn_dyn_cos_loss: 1.19277, dyn_sta_cos_loss: 0.07526, total_cos_loss : 0.18701, vocab_cro_loss : 1.11575, 
epoch 163 summary: dyn_dyn_cos_loss: 1.18768, dyn_sta_cos_loss: 0.07549, total_cos_loss : 0.18671, vocab_cro_loss : 1.11580, 
epoch 164 summary: dyn_dyn_cos_loss: 1.18383, dyn_sta_cos_loss: 0.07551, total_cos_loss : 0.18634, vocab_cro_loss : 1.11595, 
epoch 165 summary: dyn_dyn_cos_loss: 1.17980, dyn_sta_cos_loss: 0.07518, total_cos_loss : 0.18564, vocab_cro_loss : 1.11550, 
epoch 166 summary: dyn_dyn_cos_loss: 1.17528, dyn_sta_cos_loss: 0.07544, total_cos_loss : 0.18542, vocab_cro_loss : 1.11455, 
epoch 167 summary: dyn_dyn_cos_loss: 1.17226, dyn_sta_cos_loss: 0.07452, total_cos_loss : 0.18429, vocab_cro_loss : 1.11529, 
epoch 168 summary: dyn_dyn_cos_loss: 1.16938, dyn_sta_cos_loss: 0.07368, total_cos_loss : 0.18325, vocab_cro_loss : 1.11625, 
epoch 169 summary: dyn_dyn_cos_loss: 1.16577, dyn_sta_cos_loss: 0.07345, total_cos_loss : 0.18268, vocab_cro_loss : 1.11538, 
epoch 170 summary: dyn_dyn_cos_loss: 1.16162, dyn_sta_cos_loss: 0.07351, total_cos_loss : 0.18232, vocab_cro_loss : 1.11500, 
train loss: 1.1140, train acc: 0.6620
epoch 171 summary: dyn_dyn_cos_loss: 1.15790, dyn_sta_cos_loss: 0.07342, total_cos_loss : 0.18187, vocab_cro_loss : 1.11402, 
epoch 172 summary: dyn_dyn_cos_loss: 1.15432, dyn_sta_cos_loss: 0.07419, total_cos_loss : 0.18220, vocab_cro_loss : 1.11366, 
epoch 173 summary: dyn_dyn_cos_loss: 1.15180, dyn_sta_cos_loss: 0.07436, total_cos_loss : 0.18211, vocab_cro_loss : 1.11313, 
epoch 174 summary: dyn_dyn_cos_loss: 1.14975, dyn_sta_cos_loss: 0.07430, total_cos_loss : 0.18185, vocab_cro_loss : 1.11248, 
epoch 175 summary: dyn_dyn_cos_loss: 1.14748, dyn_sta_cos_loss: 0.07422, total_cos_loss : 0.18154, vocab_cro_loss : 1.11351, 
epoch 176 summary: dyn_dyn_cos_loss: 1.14485, dyn_sta_cos_loss: 0.07386, total_cos_loss : 0.18095, vocab_cro_loss : 1.11410, 
epoch 177 summary: dyn_dyn_cos_loss: 1.14208, dyn_sta_cos_loss: 0.07398, total_cos_loss : 0.18079, vocab_cro_loss : 1.11365, 
epoch 178 summary: dyn_dyn_cos_loss: 1.13957, dyn_sta_cos_loss: 0.07346, total_cos_loss : 0.18007, vocab_cro_loss : 1.11472, 
epoch 179 summary: dyn_dyn_cos_loss: 1.13615, dyn_sta_cos_loss: 0.07394, total_cos_loss : 0.18016, vocab_cro_loss : 1.11469, 
epoch 180 summary: dyn_dyn_cos_loss: 1.15193, dyn_sta_cos_loss: 0.07493, total_cos_loss : 0.18263, vocab_cro_loss : 1.11403, 
train loss: 1.1136, train acc: 0.6617
epoch 181 summary: dyn_dyn_cos_loss: 1.14866, dyn_sta_cos_loss: 0.07445, total_cos_loss : 0.18187, vocab_cro_loss : 1.11358, 
epoch 182 summary: dyn_dyn_cos_loss: 1.14552, dyn_sta_cos_loss: 0.07581, total_cos_loss : 0.18278, vocab_cro_loss : 1.11280, 
epoch 183 summary: dyn_dyn_cos_loss: 1.14261, dyn_sta_cos_loss: 0.07513, total_cos_loss : 0.18188, vocab_cro_loss : 1.11329, 
epoch 184 summary: dyn_dyn_cos_loss: 1.13957, dyn_sta_cos_loss: 0.07480, total_cos_loss : 0.18128, vocab_cro_loss : 1.11308, 
epoch 185 summary: dyn_dyn_cos_loss: 1.13675, dyn_sta_cos_loss: 0.07462, total_cos_loss : 0.18083, vocab_cro_loss : 1.11376, 
epoch 186 summary: dyn_dyn_cos_loss: 1.13322, dyn_sta_cos_loss: 0.07477, total_cos_loss : 0.18062, vocab_cro_loss : 1.11437, 
epoch 187 summary: dyn_dyn_cos_loss: 1.13042, dyn_sta_cos_loss: 0.07431, total_cos_loss : 0.17992, vocab_cro_loss : 1.11435, 
epoch 188 summary: dyn_dyn_cos_loss: 1.12761, dyn_sta_cos_loss: 0.07417, total_cos_loss : 0.17952, vocab_cro_loss : 1.11409, 
epoch 189 summary: dyn_dyn_cos_loss: 1.12590, dyn_sta_cos_loss: 0.07516, total_cos_loss : 0.18023, vocab_cro_loss : 1.11413, 
epoch 190 summary: dyn_dyn_cos_loss: 1.12401, dyn_sta_cos_loss: 0.07535, total_cos_loss : 0.18021, vocab_cro_loss : 1.11470, 
train loss: 1.1146, train acc: 0.6614
epoch 191 summary: dyn_dyn_cos_loss: 1.12108, dyn_sta_cos_loss: 0.07558, total_cos_loss : 0.18013, vocab_cro_loss : 1.11455, 
epoch 192 summary: dyn_dyn_cos_loss: 1.11812, dyn_sta_cos_loss: 0.07453, total_cos_loss : 0.17889, vocab_cro_loss : 1.11397, 
epoch 193 summary: dyn_dyn_cos_loss: 1.11617, dyn_sta_cos_loss: 0.07387, total_cos_loss : 0.17810, vocab_cro_loss : 1.11437, 
epoch 194 summary: dyn_dyn_cos_loss: 1.11371, dyn_sta_cos_loss: 0.07378, total_cos_loss : 0.17778, vocab_cro_loss : 1.11361, 
epoch 195 summary: dyn_dyn_cos_loss: 1.11162, dyn_sta_cos_loss: 0.07452, total_cos_loss : 0.17823, vocab_cro_loss : 1.11423, 
epoch 196 summary: dyn_dyn_cos_loss: 1.10887, dyn_sta_cos_loss: 0.07398, total_cos_loss : 0.17747, vocab_cro_loss : 1.11453, 
epoch 197 summary: dyn_dyn_cos_loss: 1.10719, dyn_sta_cos_loss: 0.07472, total_cos_loss : 0.17797, vocab_cro_loss : 1.11438, 
epoch 198 summary: dyn_dyn_cos_loss: 1.10454, dyn_sta_cos_loss: 0.07403, total_cos_loss : 0.17708, vocab_cro_loss : 1.11415, 
epoch 199 summary: dyn_dyn_cos_loss: 1.10233, dyn_sta_cos_loss: 0.07421, total_cos_loss : 0.17702, vocab_cro_loss : 1.11434, 
train loss: 1.1137, train acc: 0.6608
all                        1340008.122ms
all_epoch                  1334435.293ms
all_preparation               5572.773ms
all_preparation_2             5570.363ms
all_preparation_3                2.363ms
epoch                         6538.639ms
epoch_pos_train                  3.942ms
epoch_preparation               33.842ms
epoch_train                   6426.355ms
epoch_valid                     71.768ms
----------------------------------------
all                        1340008.122ms
  all_epoch             99.58%
  all_preparation        0.42%
all_preparation               5572.773ms
  all_preparation_2     99.96%
  all_preparation_3      0.04%
epoch                      1307727.731ms
  epoch_train           98.28%
  epoch_valid            1.10%
  epoch_preparation      0.52%
  epoch_pos_train        0.06%
epoch   0 summary: dyn_dyn_cos_loss: 5.44269, dyn_sta_cos_loss: 3.17363, total_cos_loss : 3.40054, 
valid loss: 4.0006, valid acc: 0.0898
epoch   1 summary: dyn_dyn_cos_loss: 5.26040, dyn_sta_cos_loss: 2.86356, total_cos_loss : 3.10324, 
epoch   2 summary: dyn_dyn_cos_loss: 5.06904, dyn_sta_cos_loss: 2.56444, total_cos_loss : 2.81490, 
epoch   3 summary: dyn_dyn_cos_loss: 4.89144, dyn_sta_cos_loss: 2.26998, total_cos_loss : 2.53213, 
epoch   4 summary: dyn_dyn_cos_loss: 4.70361, dyn_sta_cos_loss: 1.99557, total_cos_loss : 2.26638, 
epoch   5 summary: dyn_dyn_cos_loss: 4.54249, dyn_sta_cos_loss: 1.74717, total_cos_loss : 2.02670, 
epoch   6 summary: dyn_dyn_cos_loss: 4.38855, dyn_sta_cos_loss: 1.50813, total_cos_loss : 1.79617, 
epoch   7 summary: dyn_dyn_cos_loss: 4.25177, dyn_sta_cos_loss: 1.29849, total_cos_loss : 1.59382, 
epoch   8 summary: dyn_dyn_cos_loss: 4.10877, dyn_sta_cos_loss: 1.11706, total_cos_loss : 1.41623, 
epoch   9 summary: dyn_dyn_cos_loss: 3.97697, dyn_sta_cos_loss: 0.95687, total_cos_loss : 1.25888, 
epoch  10 summary: dyn_dyn_cos_loss: 3.84929, dyn_sta_cos_loss: 0.82852, total_cos_loss : 1.13060, 
valid loss: 2.1232, valid acc: 0.5547
epoch  11 summary: dyn_dyn_cos_loss: 3.73250, dyn_sta_cos_loss: 0.72582, total_cos_loss : 1.02649, 
epoch  12 summary: dyn_dyn_cos_loss: 3.61440, dyn_sta_cos_loss: 0.64060, total_cos_loss : 0.93798, 
epoch  13 summary: dyn_dyn_cos_loss: 3.50562, dyn_sta_cos_loss: 0.56757, total_cos_loss : 0.86138, 
epoch  14 summary: dyn_dyn_cos_loss: 3.39282, dyn_sta_cos_loss: 0.50923, total_cos_loss : 0.79759, 
epoch  15 summary: dyn_dyn_cos_loss: 3.28107, dyn_sta_cos_loss: 0.46005, total_cos_loss : 0.74215, 
epoch  16 summary: dyn_dyn_cos_loss: 3.18207, dyn_sta_cos_loss: 0.42012, total_cos_loss : 0.69631, 
epoch  17 summary: dyn_dyn_cos_loss: 3.07796, dyn_sta_cos_loss: 0.38556, total_cos_loss : 0.65480, 
epoch  18 summary: dyn_dyn_cos_loss: 2.98197, dyn_sta_cos_loss: 0.35506, total_cos_loss : 0.61775, 
epoch  19 summary: dyn_dyn_cos_loss: 2.89749, dyn_sta_cos_loss: 0.33004, total_cos_loss : 0.58679, 
epoch  20 summary: dyn_dyn_cos_loss: 2.85053, dyn_sta_cos_loss: 0.31047, total_cos_loss : 0.56447, 
valid loss: 1.7589, valid acc: 0.5566
epoch  21 summary: dyn_dyn_cos_loss: 2.76390, dyn_sta_cos_loss: 0.29037, total_cos_loss : 0.53772, 
epoch  22 summary: dyn_dyn_cos_loss: 2.68113, dyn_sta_cos_loss: 0.27489, total_cos_loss : 0.51551, 
epoch  23 summary: dyn_dyn_cos_loss: 2.60216, dyn_sta_cos_loss: 0.25730, total_cos_loss : 0.49179, 
epoch  24 summary: dyn_dyn_cos_loss: 2.53305, dyn_sta_cos_loss: 0.24173, total_cos_loss : 0.47086, 
epoch  25 summary: dyn_dyn_cos_loss: 2.45905, dyn_sta_cos_loss: 0.22861, total_cos_loss : 0.45166, 
epoch  26 summary: dyn_dyn_cos_loss: 2.38836, dyn_sta_cos_loss: 0.21698, total_cos_loss : 0.43412, 
epoch  27 summary: dyn_dyn_cos_loss: 2.32337, dyn_sta_cos_loss: 0.20668, total_cos_loss : 0.41835, 
epoch  28 summary: dyn_dyn_cos_loss: 2.25904, dyn_sta_cos_loss: 0.19631, total_cos_loss : 0.40259, 
epoch  29 summary: dyn_dyn_cos_loss: 2.19706, dyn_sta_cos_loss: 0.18711, total_cos_loss : 0.38810, 
epoch  30 summary: dyn_dyn_cos_loss: 2.14357, dyn_sta_cos_loss: 0.17931, total_cos_loss : 0.37574, 
valid loss: 1.6842, valid acc: 0.5605
epoch  31 summary: dyn_dyn_cos_loss: 2.09130, dyn_sta_cos_loss: 0.17269, total_cos_loss : 0.36455, 
epoch  32 summary: dyn_dyn_cos_loss: 2.04014, dyn_sta_cos_loss: 0.16467, total_cos_loss : 0.35222, 
epoch  33 summary: dyn_dyn_cos_loss: 1.99105, dyn_sta_cos_loss: 0.15833, total_cos_loss : 0.34160, 
epoch  34 summary: dyn_dyn_cos_loss: 1.94199, dyn_sta_cos_loss: 0.15305, total_cos_loss : 0.33194, 
epoch  35 summary: dyn_dyn_cos_loss: 1.89206, dyn_sta_cos_loss: 0.14755, total_cos_loss : 0.32200, 
epoch  36 summary: dyn_dyn_cos_loss: 1.84437, dyn_sta_cos_loss: 0.14216, total_cos_loss : 0.31238, 
epoch  37 summary: dyn_dyn_cos_loss: 1.80424, dyn_sta_cos_loss: 0.13758, total_cos_loss : 0.30425, 
epoch  38 summary: dyn_dyn_cos_loss: 1.77320, dyn_sta_cos_loss: 0.13353, total_cos_loss : 0.29750, 
epoch  39 summary: dyn_dyn_cos_loss: 1.73389, dyn_sta_cos_loss: 0.12980, total_cos_loss : 0.29021, 
epoch  40 summary: dyn_dyn_cos_loss: 1.73735, dyn_sta_cos_loss: 0.12620, total_cos_loss : 0.28731, 
valid loss: 1.6512, valid acc: 0.5527
epoch  41 summary: dyn_dyn_cos_loss: 1.70211, dyn_sta_cos_loss: 0.12311, total_cos_loss : 0.28101, 
epoch  42 summary: dyn_dyn_cos_loss: 1.66747, dyn_sta_cos_loss: 0.11964, total_cos_loss : 0.27442, 
epoch  43 summary: dyn_dyn_cos_loss: 1.64319, dyn_sta_cos_loss: 0.11664, total_cos_loss : 0.26929, 
epoch  44 summary: dyn_dyn_cos_loss: 1.61482, dyn_sta_cos_loss: 0.11370, total_cos_loss : 0.26381, 
epoch  45 summary: dyn_dyn_cos_loss: 1.58585, dyn_sta_cos_loss: 0.11041, total_cos_loss : 0.25795, 
epoch  46 summary: dyn_dyn_cos_loss: 1.56130, dyn_sta_cos_loss: 0.10831, total_cos_loss : 0.25361, 
epoch  47 summary: dyn_dyn_cos_loss: 1.53736, dyn_sta_cos_loss: 0.10643, total_cos_loss : 0.24952, 
epoch  48 summary: dyn_dyn_cos_loss: 1.51457, dyn_sta_cos_loss: 0.10425, total_cos_loss : 0.24528, 
epoch  49 summary: dyn_dyn_cos_loss: 1.48706, dyn_sta_cos_loss: 0.10224, total_cos_loss : 0.24072, 
epoch  50 summary: dyn_dyn_cos_loss: 1.46835, dyn_sta_cos_loss: 0.10044, total_cos_loss : 0.23723, 
valid loss: 1.6328, valid acc: 0.5645
epoch  51 summary: dyn_dyn_cos_loss: 1.44588, dyn_sta_cos_loss: 0.09837, total_cos_loss : 0.23312, 
epoch  52 summary: dyn_dyn_cos_loss: 1.42784, dyn_sta_cos_loss: 0.09642, total_cos_loss : 0.22956, 
epoch  53 summary: dyn_dyn_cos_loss: 1.40721, dyn_sta_cos_loss: 0.09482, total_cos_loss : 0.22606, 
epoch  54 summary: dyn_dyn_cos_loss: 1.38928, dyn_sta_cos_loss: 0.09327, total_cos_loss : 0.22287, 
epoch  55 summary: dyn_dyn_cos_loss: 1.37257, dyn_sta_cos_loss: 0.09167, total_cos_loss : 0.21976, 
epoch  56 summary: dyn_dyn_cos_loss: 1.35622, dyn_sta_cos_loss: 0.09029, total_cos_loss : 0.21689, 
epoch  57 summary: dyn_dyn_cos_loss: 1.34565, dyn_sta_cos_loss: 0.08931, total_cos_loss : 0.21494, 
epoch  58 summary: dyn_dyn_cos_loss: 1.33371, dyn_sta_cos_loss: 0.08815, total_cos_loss : 0.21270, 
epoch  59 summary: dyn_dyn_cos_loss: 1.31975, dyn_sta_cos_loss: 0.08710, total_cos_loss : 0.21037, 
epoch  60 summary: dyn_dyn_cos_loss: 1.36521, dyn_sta_cos_loss: 0.08568, total_cos_loss : 0.21363, 
valid loss: 1.6136, valid acc: 0.5645
epoch  61 summary: dyn_dyn_cos_loss: 1.35423, dyn_sta_cos_loss: 0.08473, total_cos_loss : 0.21168, 
epoch  62 summary: dyn_dyn_cos_loss: 1.34123, dyn_sta_cos_loss: 0.08376, total_cos_loss : 0.20950, 
epoch  63 summary: dyn_dyn_cos_loss: 1.32909, dyn_sta_cos_loss: 0.08254, total_cos_loss : 0.20719, 
epoch  64 summary: dyn_dyn_cos_loss: 1.31812, dyn_sta_cos_loss: 0.08167, total_cos_loss : 0.20532, 
epoch  65 summary: dyn_dyn_cos_loss: 1.30626, dyn_sta_cos_loss: 0.08080, total_cos_loss : 0.20335, 
epoch  66 summary: dyn_dyn_cos_loss: 1.29524, dyn_sta_cos_loss: 0.08002, total_cos_loss : 0.20154, 
epoch  67 summary: dyn_dyn_cos_loss: 1.28531, dyn_sta_cos_loss: 0.07902, total_cos_loss : 0.19965, 
epoch  68 summary: dyn_dyn_cos_loss: 1.27338, dyn_sta_cos_loss: 0.07835, total_cos_loss : 0.19786, 
epoch  69 summary: dyn_dyn_cos_loss: 1.26091, dyn_sta_cos_loss: 0.07764, total_cos_loss : 0.19596, 
epoch  70 summary: dyn_dyn_cos_loss: 1.25003, dyn_sta_cos_loss: 0.07705, total_cos_loss : 0.19435, 
valid loss: 1.6037, valid acc: 0.5605
epoch  71 summary: dyn_dyn_cos_loss: 1.24056, dyn_sta_cos_loss: 0.07649, total_cos_loss : 0.19290, 
epoch  72 summary: dyn_dyn_cos_loss: 1.22937, dyn_sta_cos_loss: 0.07598, total_cos_loss : 0.19132, 
epoch  73 summary: dyn_dyn_cos_loss: 1.22097, dyn_sta_cos_loss: 0.07543, total_cos_loss : 0.18999, 
epoch  74 summary: dyn_dyn_cos_loss: 1.21170, dyn_sta_cos_loss: 0.07496, total_cos_loss : 0.18864, 
epoch  75 summary: dyn_dyn_cos_loss: 1.20312, dyn_sta_cos_loss: 0.07446, total_cos_loss : 0.18732, 
epoch  76 summary: dyn_dyn_cos_loss: 1.19415, dyn_sta_cos_loss: 0.07403, total_cos_loss : 0.18604, 
epoch  77 summary: dyn_dyn_cos_loss: 1.18820, dyn_sta_cos_loss: 0.07335, total_cos_loss : 0.18484, 
epoch  78 summary: dyn_dyn_cos_loss: 1.17877, dyn_sta_cos_loss: 0.07284, total_cos_loss : 0.18343, 
epoch  79 summary: dyn_dyn_cos_loss: 1.17220, dyn_sta_cos_loss: 0.07233, total_cos_loss : 0.18232, 
epoch  80 summary: dyn_dyn_cos_loss: 1.16021, dyn_sta_cos_loss: 0.07172, total_cos_loss : 0.18057, 
valid loss: 1.5945, valid acc: 0.5586
epoch  81 summary: dyn_dyn_cos_loss: 1.15411, dyn_sta_cos_loss: 0.07129, total_cos_loss : 0.17957, 
epoch  82 summary: dyn_dyn_cos_loss: 1.14852, dyn_sta_cos_loss: 0.07092, total_cos_loss : 0.17868, 
epoch  83 summary: dyn_dyn_cos_loss: 1.14409, dyn_sta_cos_loss: 0.07055, total_cos_loss : 0.17791, 
epoch  84 summary: dyn_dyn_cos_loss: 1.13940, dyn_sta_cos_loss: 0.07017, total_cos_loss : 0.17709, 
epoch  85 summary: dyn_dyn_cos_loss: 1.13432, dyn_sta_cos_loss: 0.06981, total_cos_loss : 0.17626, 
epoch  86 summary: dyn_dyn_cos_loss: 1.12898, dyn_sta_cos_loss: 0.06948, total_cos_loss : 0.17543, 
epoch  87 summary: dyn_dyn_cos_loss: 1.12336, dyn_sta_cos_loss: 0.06894, total_cos_loss : 0.17438, 
epoch  88 summary: dyn_dyn_cos_loss: 1.11932, dyn_sta_cos_loss: 0.06858, total_cos_loss : 0.17365, 
epoch  89 summary: dyn_dyn_cos_loss: 1.11483, dyn_sta_cos_loss: 0.06827, total_cos_loss : 0.17293, 
epoch  90 summary: dyn_dyn_cos_loss: 1.10858, dyn_sta_cos_loss: 0.06790, total_cos_loss : 0.17197, 
valid loss: 1.5858, valid acc: 0.5645
epoch  91 summary: dyn_dyn_cos_loss: 1.10453, dyn_sta_cos_loss: 0.06753, total_cos_loss : 0.17123, 
epoch  92 summary: dyn_dyn_cos_loss: 1.10067, dyn_sta_cos_loss: 0.06723, total_cos_loss : 0.17057, 
epoch  93 summary: dyn_dyn_cos_loss: 1.09725, dyn_sta_cos_loss: 0.06682, total_cos_loss : 0.16987, 
epoch  94 summary: dyn_dyn_cos_loss: 1.09330, dyn_sta_cos_loss: 0.06640, total_cos_loss : 0.16909, 
epoch  95 summary: dyn_dyn_cos_loss: 1.08929, dyn_sta_cos_loss: 0.06611, total_cos_loss : 0.16843, 
epoch  96 summary: dyn_dyn_cos_loss: 1.08584, dyn_sta_cos_loss: 0.06583, total_cos_loss : 0.16783, 
epoch  97 summary: dyn_dyn_cos_loss: 1.08144, dyn_sta_cos_loss: 0.06556, total_cos_loss : 0.16714, 
epoch  98 summary: dyn_dyn_cos_loss: 1.07825, dyn_sta_cos_loss: 0.06527, total_cos_loss : 0.16657, 
epoch  99 summary: dyn_dyn_cos_loss: 1.07594, dyn_sta_cos_loss: 0.06505, total_cos_loss : 0.16614, 
epoch 100 summary: dyn_dyn_cos_loss: 1.08797, dyn_sta_cos_loss: 0.06482, total_cos_loss : 0.16713, 
valid loss: 1.5759, valid acc: 0.5645
epoch 101 summary: dyn_dyn_cos_loss: 1.08407, dyn_sta_cos_loss: 0.06450, total_cos_loss : 0.16646, 
epoch 102 summary: dyn_dyn_cos_loss: 1.08008, dyn_sta_cos_loss: 0.06437, total_cos_loss : 0.16594, 
epoch 103 summary: dyn_dyn_cos_loss: 1.07608, dyn_sta_cos_loss: 0.06420, total_cos_loss : 0.16539, 
epoch 104 summary: dyn_dyn_cos_loss: 1.07228, dyn_sta_cos_loss: 0.06399, total_cos_loss : 0.16482, 
epoch 105 summary: dyn_dyn_cos_loss: 1.06970, dyn_sta_cos_loss: 0.06370, total_cos_loss : 0.16430, 
epoch 106 summary: dyn_dyn_cos_loss: 1.06633, dyn_sta_cos_loss: 0.06347, total_cos_loss : 0.16375, 
epoch 107 summary: dyn_dyn_cos_loss: 1.06349, dyn_sta_cos_loss: 0.06333, total_cos_loss : 0.16335, 
epoch 108 summary: dyn_dyn_cos_loss: 1.06015, dyn_sta_cos_loss: 0.06314, total_cos_loss : 0.16284, 
epoch 109 summary: dyn_dyn_cos_loss: 1.05649, dyn_sta_cos_loss: 0.06300, total_cos_loss : 0.16235, 
epoch 110 summary: dyn_dyn_cos_loss: 1.05433, dyn_sta_cos_loss: 0.06272, total_cos_loss : 0.16189, 
valid loss: 1.5762, valid acc: 0.5645
epoch 111 summary: dyn_dyn_cos_loss: 1.05149, dyn_sta_cos_loss: 0.06256, total_cos_loss : 0.16145, 
epoch 112 summary: dyn_dyn_cos_loss: 1.04932, dyn_sta_cos_loss: 0.06239, total_cos_loss : 0.16108, 
epoch 113 summary: dyn_dyn_cos_loss: 1.04794, dyn_sta_cos_loss: 0.06224, total_cos_loss : 0.16081, 
epoch 114 summary: dyn_dyn_cos_loss: 1.04560, dyn_sta_cos_loss: 0.06216, total_cos_loss : 0.16050, 
epoch 115 summary: dyn_dyn_cos_loss: 1.04274, dyn_sta_cos_loss: 0.06209, total_cos_loss : 0.16016, 
epoch 116 summary: dyn_dyn_cos_loss: 1.04043, dyn_sta_cos_loss: 0.06201, total_cos_loss : 0.15986, 
epoch 117 summary: dyn_dyn_cos_loss: 1.03807, dyn_sta_cos_loss: 0.06176, total_cos_loss : 0.15939, 
epoch 118 summary: dyn_dyn_cos_loss: 1.03681, dyn_sta_cos_loss: 0.06163, total_cos_loss : 0.15915, 
epoch 119 summary: dyn_dyn_cos_loss: 1.03515, dyn_sta_cos_loss: 0.06153, total_cos_loss : 0.15890, 
epoch 120 summary: dyn_dyn_cos_loss: 1.05244, dyn_sta_cos_loss: 0.06143, total_cos_loss : 0.16054, 
valid loss: 1.5710, valid acc: 0.5664
epoch 121 summary: dyn_dyn_cos_loss: 1.05011, dyn_sta_cos_loss: 0.06131, total_cos_loss : 0.16019, 
epoch 122 summary: dyn_dyn_cos_loss: 1.04886, dyn_sta_cos_loss: 0.06119, total_cos_loss : 0.15996, 
epoch 123 summary: dyn_dyn_cos_loss: 1.04706, dyn_sta_cos_loss: 0.06107, total_cos_loss : 0.15966, 
epoch 124 summary: dyn_dyn_cos_loss: 1.04447, dyn_sta_cos_loss: 0.06101, total_cos_loss : 0.15935, 
epoch 125 summary: dyn_dyn_cos_loss: 1.04190, dyn_sta_cos_loss: 0.06095, total_cos_loss : 0.15905, 
epoch 126 summary: dyn_dyn_cos_loss: 1.04024, dyn_sta_cos_loss: 0.06078, total_cos_loss : 0.15873, 
epoch 127 summary: dyn_dyn_cos_loss: 1.03911, dyn_sta_cos_loss: 0.06066, total_cos_loss : 0.15850, 
epoch 128 summary: dyn_dyn_cos_loss: 1.03689, dyn_sta_cos_loss: 0.06061, total_cos_loss : 0.15823, 
epoch 129 summary: dyn_dyn_cos_loss: 1.03567, dyn_sta_cos_loss: 0.06037, total_cos_loss : 0.15790, 
epoch 130 summary: dyn_dyn_cos_loss: 1.03441, dyn_sta_cos_loss: 0.06021, total_cos_loss : 0.15763, 
valid loss: 1.5720, valid acc: 0.5645
epoch 131 summary: dyn_dyn_cos_loss: 1.03278, dyn_sta_cos_loss: 0.06018, total_cos_loss : 0.15744, 
epoch 132 summary: dyn_dyn_cos_loss: 1.03137, dyn_sta_cos_loss: 0.06011, total_cos_loss : 0.15723, 
epoch 133 summary: dyn_dyn_cos_loss: 1.02917, dyn_sta_cos_loss: 0.06003, total_cos_loss : 0.15695, 
epoch 134 summary: dyn_dyn_cos_loss: 1.02726, dyn_sta_cos_loss: 0.06000, total_cos_loss : 0.15672, 
epoch 135 summary: dyn_dyn_cos_loss: 1.02620, dyn_sta_cos_loss: 0.05991, total_cos_loss : 0.15654, 
epoch 136 summary: dyn_dyn_cos_loss: 1.02517, dyn_sta_cos_loss: 0.05986, total_cos_loss : 0.15639, 
epoch 137 summary: dyn_dyn_cos_loss: 1.02461, dyn_sta_cos_loss: 0.05973, total_cos_loss : 0.15622, 
epoch 138 summary: dyn_dyn_cos_loss: 1.02321, dyn_sta_cos_loss: 0.05971, total_cos_loss : 0.15606, 
epoch 139 summary: dyn_dyn_cos_loss: 1.02244, dyn_sta_cos_loss: 0.05958, total_cos_loss : 0.15587, 
epoch 140 summary: dyn_dyn_cos_loss: 1.03408, dyn_sta_cos_loss: 0.05956, total_cos_loss : 0.15701, 
valid loss: 1.5735, valid acc: 0.5625
epoch 141 summary: dyn_dyn_cos_loss: 1.03220, dyn_sta_cos_loss: 0.05951, total_cos_loss : 0.15677, 
epoch 142 summary: dyn_dyn_cos_loss: 1.03089, dyn_sta_cos_loss: 0.05944, total_cos_loss : 0.15658, 
epoch 143 summary: dyn_dyn_cos_loss: 1.02887, dyn_sta_cos_loss: 0.05937, total_cos_loss : 0.15632, 
epoch 144 summary: dyn_dyn_cos_loss: 1.02759, dyn_sta_cos_loss: 0.05926, total_cos_loss : 0.15609, 
epoch 145 summary: dyn_dyn_cos_loss: 1.02622, dyn_sta_cos_loss: 0.05910, total_cos_loss : 0.15581, 
epoch 146 summary: dyn_dyn_cos_loss: 1.02464, dyn_sta_cos_loss: 0.05898, total_cos_loss : 0.15554, 
epoch 147 summary: dyn_dyn_cos_loss: 1.02297, dyn_sta_cos_loss: 0.05887, total_cos_loss : 0.15528, 
epoch 148 summary: dyn_dyn_cos_loss: 1.02179, dyn_sta_cos_loss: 0.05881, total_cos_loss : 0.15511, 
epoch 149 summary: dyn_dyn_cos_loss: 1.02070, dyn_sta_cos_loss: 0.05868, total_cos_loss : 0.15488, 
epoch 150 summary: dyn_dyn_cos_loss: 1.01958, dyn_sta_cos_loss: 0.05861, total_cos_loss : 0.15471, 
valid loss: 1.5715, valid acc: 0.5625
epoch 151 summary: dyn_dyn_cos_loss: 1.01801, dyn_sta_cos_loss: 0.05856, total_cos_loss : 0.15450, 
epoch 152 summary: dyn_dyn_cos_loss: 1.01678, dyn_sta_cos_loss: 0.05847, total_cos_loss : 0.15430, 
epoch 153 summary: dyn_dyn_cos_loss: 1.01571, dyn_sta_cos_loss: 0.05831, total_cos_loss : 0.15405, 
epoch 154 summary: dyn_dyn_cos_loss: 1.01495, dyn_sta_cos_loss: 0.05823, total_cos_loss : 0.15390, 
epoch 155 summary: dyn_dyn_cos_loss: 1.01348, dyn_sta_cos_loss: 0.05822, total_cos_loss : 0.15375, 
epoch 156 summary: dyn_dyn_cos_loss: 1.01258, dyn_sta_cos_loss: 0.05816, total_cos_loss : 0.15360, 
epoch 157 summary: dyn_dyn_cos_loss: 1.01221, dyn_sta_cos_loss: 0.05803, total_cos_loss : 0.15345, 
epoch 158 summary: dyn_dyn_cos_loss: 1.01131, dyn_sta_cos_loss: 0.05800, total_cos_loss : 0.15333, 
epoch 159 summary: dyn_dyn_cos_loss: 1.01042, dyn_sta_cos_loss: 0.05797, total_cos_loss : 0.15321, 
epoch 160 summary: dyn_dyn_cos_loss: 1.04069, dyn_sta_cos_loss: 0.05793, total_cos_loss : 0.15621, 
valid loss: 1.5733, valid acc: 0.5645
epoch 161 summary: dyn_dyn_cos_loss: 1.03891, dyn_sta_cos_loss: 0.05788, total_cos_loss : 0.15598, 
epoch 162 summary: dyn_dyn_cos_loss: 1.03706, dyn_sta_cos_loss: 0.05785, total_cos_loss : 0.15577, 
epoch 163 summary: dyn_dyn_cos_loss: 1.03526, dyn_sta_cos_loss: 0.05783, total_cos_loss : 0.15557, 
epoch 164 summary: dyn_dyn_cos_loss: 1.03359, dyn_sta_cos_loss: 0.05781, total_cos_loss : 0.15538, 
epoch 165 summary: dyn_dyn_cos_loss: 1.03247, dyn_sta_cos_loss: 0.05779, total_cos_loss : 0.15526, 
epoch 166 summary: dyn_dyn_cos_loss: 1.03114, dyn_sta_cos_loss: 0.05780, total_cos_loss : 0.15513, 
epoch 167 summary: dyn_dyn_cos_loss: 1.03010, dyn_sta_cos_loss: 0.05776, total_cos_loss : 0.15499, 
epoch 168 summary: dyn_dyn_cos_loss: 1.02927, dyn_sta_cos_loss: 0.05769, total_cos_loss : 0.15485, 
epoch 169 summary: dyn_dyn_cos_loss: 1.02837, dyn_sta_cos_loss: 0.05762, total_cos_loss : 0.15470, 
epoch 170 summary: dyn_dyn_cos_loss: 1.02676, dyn_sta_cos_loss: 0.05762, total_cos_loss : 0.15453, 
valid loss: 1.5769, valid acc: 0.5703
epoch 171 summary: dyn_dyn_cos_loss: 1.02610, dyn_sta_cos_loss: 0.05758, total_cos_loss : 0.15444, 
epoch 172 summary: dyn_dyn_cos_loss: 1.02552, dyn_sta_cos_loss: 0.05750, total_cos_loss : 0.15431, 
epoch 173 summary: dyn_dyn_cos_loss: 1.02460, dyn_sta_cos_loss: 0.05747, total_cos_loss : 0.15419, 
epoch 174 summary: dyn_dyn_cos_loss: 1.02368, dyn_sta_cos_loss: 0.05744, total_cos_loss : 0.15406, 
epoch 175 summary: dyn_dyn_cos_loss: 1.02261, dyn_sta_cos_loss: 0.05743, total_cos_loss : 0.15395, 
epoch 176 summary: dyn_dyn_cos_loss: 1.02142, dyn_sta_cos_loss: 0.05741, total_cos_loss : 0.15381, 
epoch 177 summary: dyn_dyn_cos_loss: 1.02042, dyn_sta_cos_loss: 0.05740, total_cos_loss : 0.15370, 
epoch 178 summary: dyn_dyn_cos_loss: 1.01917, dyn_sta_cos_loss: 0.05738, total_cos_loss : 0.15356, 
epoch 179 summary: dyn_dyn_cos_loss: 1.01783, dyn_sta_cos_loss: 0.05736, total_cos_loss : 0.15340, 
epoch 180 summary: dyn_dyn_cos_loss: 1.03550, dyn_sta_cos_loss: 0.05734, total_cos_loss : 0.15516, 
valid loss: 1.5746, valid acc: 0.5703
epoch 181 summary: dyn_dyn_cos_loss: 1.03346, dyn_sta_cos_loss: 0.05733, total_cos_loss : 0.15494, 
epoch 182 summary: dyn_dyn_cos_loss: 1.03225, dyn_sta_cos_loss: 0.05726, total_cos_loss : 0.15476, 
epoch 183 summary: dyn_dyn_cos_loss: 1.03099, dyn_sta_cos_loss: 0.05724, total_cos_loss : 0.15461, 
epoch 184 summary: dyn_dyn_cos_loss: 1.02990, dyn_sta_cos_loss: 0.05719, total_cos_loss : 0.15446, 
epoch 185 summary: dyn_dyn_cos_loss: 1.02880, dyn_sta_cos_loss: 0.05715, total_cos_loss : 0.15431, 
epoch 186 summary: dyn_dyn_cos_loss: 1.02768, dyn_sta_cos_loss: 0.05710, total_cos_loss : 0.15416, 
epoch 187 summary: dyn_dyn_cos_loss: 1.02671, dyn_sta_cos_loss: 0.05702, total_cos_loss : 0.15399, 
epoch 188 summary: dyn_dyn_cos_loss: 1.02614, dyn_sta_cos_loss: 0.05697, total_cos_loss : 0.15389, 
epoch 189 summary: dyn_dyn_cos_loss: 1.02504, dyn_sta_cos_loss: 0.05694, total_cos_loss : 0.15375, 
epoch 190 summary: dyn_dyn_cos_loss: 1.02409, dyn_sta_cos_loss: 0.05688, total_cos_loss : 0.15360, 
valid loss: 1.5754, valid acc: 0.5684
epoch 191 summary: dyn_dyn_cos_loss: 1.02284, dyn_sta_cos_loss: 0.05687, total_cos_loss : 0.15347, 
epoch 192 summary: dyn_dyn_cos_loss: 1.02221, dyn_sta_cos_loss: 0.05683, total_cos_loss : 0.15337, 
epoch 193 summary: dyn_dyn_cos_loss: 1.02139, dyn_sta_cos_loss: 0.05681, total_cos_loss : 0.15327, 
epoch 194 summary: dyn_dyn_cos_loss: 1.02062, dyn_sta_cos_loss: 0.05677, total_cos_loss : 0.15316, 
epoch 195 summary: dyn_dyn_cos_loss: 1.01970, dyn_sta_cos_loss: 0.05674, total_cos_loss : 0.15304, 
epoch 196 summary: dyn_dyn_cos_loss: 1.01860, dyn_sta_cos_loss: 0.05670, total_cos_loss : 0.15289, 
epoch 197 summary: dyn_dyn_cos_loss: 1.01757, dyn_sta_cos_loss: 0.05668, total_cos_loss : 0.15277, 
epoch 198 summary: dyn_dyn_cos_loss: 1.01684, dyn_sta_cos_loss: 0.05667, total_cos_loss : 0.15269, 
epoch 199 summary: dyn_dyn_cos_loss: 1.01608, dyn_sta_cos_loss: 0.05664, total_cos_loss : 0.15259, 
valid loss: 1.5752, valid acc: 0.5684
all                          75147.591ms
all_epoch                    75126.027ms
all_preparation                 21.537ms
all_preparation_2               19.904ms
all_preparation_3                1.609ms
epoch                          286.504ms
epoch_pos_train                  5.907ms
epoch_preparation                0.400ms
epoch_train                    273.706ms
epoch_valid                      4.877ms
----------------------------------------
all                          75147.591ms
  all_epoch             99.97%
  all_preparation        0.03%
all_preparation                 21.537ms
  all_preparation_2     92.42%
  all_preparation_3      7.47%
epoch                        57300.710ms
  epoch_train           95.53%
  epoch_pos_train        2.06%
  epoch_valid            1.70%
  epoch_preparation      0.14%
