Before CTE Training: train eu loss: 1.0715794563293457, eval eu loss: 1.492782711982727
Before CTE Training: train eu acc: 0.6578369140625, eval eu acc: 0.560546875
epoch   0 summary: dyn_dyn_cos_loss: 6.02583, dyn_sta_cos_loss: 3.20195, total_cos_loss : 4.33150, vocab_cro_loss : 4.27582, 
train loss: 3.9868, train acc: 0.0718
epoch   1 summary: dyn_dyn_cos_loss: 6.00563, dyn_sta_cos_loss: 2.91806, total_cos_loss : 4.15309, vocab_cro_loss : 3.98679, 
epoch   2 summary: dyn_dyn_cos_loss: 5.97187, dyn_sta_cos_loss: 2.63369, total_cos_loss : 3.96896, vocab_cro_loss : 3.69738, 
epoch   3 summary: dyn_dyn_cos_loss: 5.92897, dyn_sta_cos_loss: 2.35823, total_cos_loss : 3.78652, vocab_cro_loss : 3.41864, 
epoch   4 summary: dyn_dyn_cos_loss: 5.87570, dyn_sta_cos_loss: 2.08897, total_cos_loss : 3.60367, vocab_cro_loss : 3.15232, 
epoch   5 summary: dyn_dyn_cos_loss: 5.81089, dyn_sta_cos_loss: 1.83588, total_cos_loss : 3.42588, vocab_cro_loss : 2.89970, 
epoch   6 summary: dyn_dyn_cos_loss: 5.73789, dyn_sta_cos_loss: 1.59766, total_cos_loss : 3.25375, vocab_cro_loss : 2.66149, 
epoch   7 summary: dyn_dyn_cos_loss: 5.65710, dyn_sta_cos_loss: 1.38198, total_cos_loss : 3.09203, vocab_cro_loss : 2.44483, 
epoch   8 summary: dyn_dyn_cos_loss: 5.56885, dyn_sta_cos_loss: 1.19589, total_cos_loss : 2.94507, vocab_cro_loss : 2.26225, 
epoch   9 summary: dyn_dyn_cos_loss: 5.47232, dyn_sta_cos_loss: 1.03235, total_cos_loss : 2.80834, vocab_cro_loss : 2.10155, 
epoch  10 summary: dyn_dyn_cos_loss: 5.37073, dyn_sta_cos_loss: 0.89352, total_cos_loss : 2.68440, vocab_cro_loss : 1.96411, 
train loss: 1.8523, train acc: 0.6543
epoch  11 summary: dyn_dyn_cos_loss: 5.26616, dyn_sta_cos_loss: 0.78372, total_cos_loss : 2.57670, vocab_cro_loss : 1.85228, 
epoch  12 summary: dyn_dyn_cos_loss: 5.15544, dyn_sta_cos_loss: 0.69622, total_cos_loss : 2.47991, vocab_cro_loss : 1.76706, 
epoch  13 summary: dyn_dyn_cos_loss: 5.04235, dyn_sta_cos_loss: 0.62368, total_cos_loss : 2.39115, vocab_cro_loss : 1.69410, 
epoch  14 summary: dyn_dyn_cos_loss: 4.92785, dyn_sta_cos_loss: 0.56549, total_cos_loss : 2.31043, vocab_cro_loss : 1.63249, 
epoch  15 summary: dyn_dyn_cos_loss: 4.81076, dyn_sta_cos_loss: 0.51929, total_cos_loss : 2.23588, vocab_cro_loss : 1.58584, 
epoch  16 summary: dyn_dyn_cos_loss: 4.69292, dyn_sta_cos_loss: 0.48186, total_cos_loss : 2.16628, vocab_cro_loss : 1.54459, 
epoch  17 summary: dyn_dyn_cos_loss: 4.57598, dyn_sta_cos_loss: 0.44723, total_cos_loss : 2.09873, vocab_cro_loss : 1.50852, 
epoch  18 summary: dyn_dyn_cos_loss: 4.45507, dyn_sta_cos_loss: 0.42005, total_cos_loss : 2.03406, vocab_cro_loss : 1.48011, 
epoch  19 summary: dyn_dyn_cos_loss: 4.33530, dyn_sta_cos_loss: 0.39664, total_cos_loss : 1.97210, vocab_cro_loss : 1.45390, 
epoch  20 summary: dyn_dyn_cos_loss: 4.34523, dyn_sta_cos_loss: 0.37344, total_cos_loss : 1.96215, vocab_cro_loss : 1.43055, 
train loss: 1.4103, train acc: 0.6561
epoch  21 summary: dyn_dyn_cos_loss: 4.21914, dyn_sta_cos_loss: 0.35643, total_cos_loss : 1.90151, vocab_cro_loss : 1.41031, 
epoch  22 summary: dyn_dyn_cos_loss: 4.09443, dyn_sta_cos_loss: 0.33828, total_cos_loss : 1.84074, vocab_cro_loss : 1.39152, 
epoch  23 summary: dyn_dyn_cos_loss: 3.96893, dyn_sta_cos_loss: 0.32126, total_cos_loss : 1.78033, vocab_cro_loss : 1.37755, 
epoch  24 summary: dyn_dyn_cos_loss: 3.84575, dyn_sta_cos_loss: 0.30682, total_cos_loss : 1.72239, vocab_cro_loss : 1.36301, 
epoch  25 summary: dyn_dyn_cos_loss: 3.72254, dyn_sta_cos_loss: 0.29423, total_cos_loss : 1.66555, vocab_cro_loss : 1.34920, 
epoch  26 summary: dyn_dyn_cos_loss: 3.59895, dyn_sta_cos_loss: 0.28369, total_cos_loss : 1.60979, vocab_cro_loss : 1.33699, 
epoch  27 summary: dyn_dyn_cos_loss: 3.47464, dyn_sta_cos_loss: 0.27428, total_cos_loss : 1.55443, vocab_cro_loss : 1.32834, 
epoch  28 summary: dyn_dyn_cos_loss: 3.35621, dyn_sta_cos_loss: 0.26499, total_cos_loss : 1.50148, vocab_cro_loss : 1.31962, 
epoch  29 summary: dyn_dyn_cos_loss: 3.24308, dyn_sta_cos_loss: 0.25762, total_cos_loss : 1.45180, vocab_cro_loss : 1.30988, 
epoch  30 summary: dyn_dyn_cos_loss: 3.12791, dyn_sta_cos_loss: 0.24995, total_cos_loss : 1.40114, vocab_cro_loss : 1.30384, 
train loss: 1.2962, train acc: 0.6526
epoch  31 summary: dyn_dyn_cos_loss: 3.01472, dyn_sta_cos_loss: 0.24365, total_cos_loss : 1.35208, vocab_cro_loss : 1.29624, 
epoch  32 summary: dyn_dyn_cos_loss: 2.90423, dyn_sta_cos_loss: 0.23726, total_cos_loss : 1.30405, vocab_cro_loss : 1.28614, 
epoch  33 summary: dyn_dyn_cos_loss: 2.79544, dyn_sta_cos_loss: 0.23129, total_cos_loss : 1.25695, vocab_cro_loss : 1.27997, 
epoch  34 summary: dyn_dyn_cos_loss: 2.69270, dyn_sta_cos_loss: 0.22535, total_cos_loss : 1.21229, vocab_cro_loss : 1.27571, 
epoch  35 summary: dyn_dyn_cos_loss: 2.59563, dyn_sta_cos_loss: 0.21986, total_cos_loss : 1.17017, vocab_cro_loss : 1.27038, 
epoch  36 summary: dyn_dyn_cos_loss: 2.49833, dyn_sta_cos_loss: 0.21615, total_cos_loss : 1.12902, vocab_cro_loss : 1.26429, 
epoch  37 summary: dyn_dyn_cos_loss: 2.40273, dyn_sta_cos_loss: 0.21352, total_cos_loss : 1.08921, vocab_cro_loss : 1.25903, 
epoch  38 summary: dyn_dyn_cos_loss: 2.31148, dyn_sta_cos_loss: 0.20925, total_cos_loss : 1.05014, vocab_cro_loss : 1.25586, 
epoch  39 summary: dyn_dyn_cos_loss: 2.22199, dyn_sta_cos_loss: 0.20569, total_cos_loss : 1.01221, vocab_cro_loss : 1.25114, 
epoch  40 summary: dyn_dyn_cos_loss: 2.20115, dyn_sta_cos_loss: 0.20155, total_cos_loss : 1.00139, vocab_cro_loss : 1.24526, 
train loss: 1.2419, train acc: 0.6541
epoch  41 summary: dyn_dyn_cos_loss: 2.11291, dyn_sta_cos_loss: 0.19899, total_cos_loss : 0.96456, vocab_cro_loss : 1.24192, 
epoch  42 summary: dyn_dyn_cos_loss: 2.02490, dyn_sta_cos_loss: 0.19665, total_cos_loss : 0.92795, vocab_cro_loss : 1.24090, 
epoch  43 summary: dyn_dyn_cos_loss: 1.94269, dyn_sta_cos_loss: 0.19656, total_cos_loss : 0.89502, vocab_cro_loss : 1.23578, 
epoch  44 summary: dyn_dyn_cos_loss: 1.86036, dyn_sta_cos_loss: 0.19270, total_cos_loss : 0.85976, vocab_cro_loss : 1.23377, 
epoch  45 summary: dyn_dyn_cos_loss: 1.78356, dyn_sta_cos_loss: 0.18819, total_cos_loss : 0.82634, vocab_cro_loss : 1.23001, 
epoch  46 summary: dyn_dyn_cos_loss: 1.70875, dyn_sta_cos_loss: 0.18542, total_cos_loss : 0.79475, vocab_cro_loss : 1.22706, 
epoch  47 summary: dyn_dyn_cos_loss: 1.63883, dyn_sta_cos_loss: 0.18249, total_cos_loss : 0.76503, vocab_cro_loss : 1.22305, 
epoch  48 summary: dyn_dyn_cos_loss: 1.56819, dyn_sta_cos_loss: 0.18109, total_cos_loss : 0.73593, vocab_cro_loss : 1.22268, 
epoch  49 summary: dyn_dyn_cos_loss: 1.50202, dyn_sta_cos_loss: 0.17946, total_cos_loss : 0.70849, vocab_cro_loss : 1.22112, 
epoch  50 summary: dyn_dyn_cos_loss: 1.43772, dyn_sta_cos_loss: 0.17754, total_cos_loss : 0.68161, vocab_cro_loss : 1.21821, 
train loss: 1.2137, train acc: 0.6564
epoch  51 summary: dyn_dyn_cos_loss: 1.37696, dyn_sta_cos_loss: 0.17366, total_cos_loss : 0.65498, vocab_cro_loss : 1.21371, 
epoch  52 summary: dyn_dyn_cos_loss: 1.32002, dyn_sta_cos_loss: 0.17073, total_cos_loss : 0.63045, vocab_cro_loss : 1.21348, 
epoch  53 summary: dyn_dyn_cos_loss: 1.26586, dyn_sta_cos_loss: 0.16753, total_cos_loss : 0.60686, vocab_cro_loss : 1.21028, 
epoch  54 summary: dyn_dyn_cos_loss: 1.21688, dyn_sta_cos_loss: 0.16717, total_cos_loss : 0.58705, vocab_cro_loss : 1.20752, 
epoch  55 summary: dyn_dyn_cos_loss: 1.16878, dyn_sta_cos_loss: 0.16495, total_cos_loss : 0.56648, vocab_cro_loss : 1.20478, 
epoch  56 summary: dyn_dyn_cos_loss: 1.12356, dyn_sta_cos_loss: 0.16259, total_cos_loss : 0.54698, vocab_cro_loss : 1.20103, 
epoch  57 summary: dyn_dyn_cos_loss: 1.07918, dyn_sta_cos_loss: 0.16025, total_cos_loss : 0.52782, vocab_cro_loss : 1.19746, 
epoch  58 summary: dyn_dyn_cos_loss: 1.03833, dyn_sta_cos_loss: 0.15822, total_cos_loss : 0.51026, vocab_cro_loss : 1.19375, 
epoch  59 summary: dyn_dyn_cos_loss: 0.99808, dyn_sta_cos_loss: 0.15608, total_cos_loss : 0.49288, vocab_cro_loss : 1.19288, 
epoch  60 summary: dyn_dyn_cos_loss: 1.00117, dyn_sta_cos_loss: 0.15451, total_cos_loss : 0.49317, vocab_cro_loss : 1.19004, 
train loss: 1.1887, train acc: 0.6570
epoch  61 summary: dyn_dyn_cos_loss: 0.96546, dyn_sta_cos_loss: 0.15254, total_cos_loss : 0.47771, vocab_cro_loss : 1.18873, 
epoch  62 summary: dyn_dyn_cos_loss: 0.92923, dyn_sta_cos_loss: 0.15153, total_cos_loss : 0.46261, vocab_cro_loss : 1.18791, 
epoch  63 summary: dyn_dyn_cos_loss: 0.89612, dyn_sta_cos_loss: 0.14961, total_cos_loss : 0.44821, vocab_cro_loss : 1.18602, 
epoch  64 summary: dyn_dyn_cos_loss: 0.86571, dyn_sta_cos_loss: 0.14742, total_cos_loss : 0.43473, vocab_cro_loss : 1.18514, 
epoch  65 summary: dyn_dyn_cos_loss: 0.83621, dyn_sta_cos_loss: 0.14680, total_cos_loss : 0.42256, vocab_cro_loss : 1.18325, 
epoch  66 summary: dyn_dyn_cos_loss: 0.80911, dyn_sta_cos_loss: 0.14521, total_cos_loss : 0.41077, vocab_cro_loss : 1.18058, 
epoch  67 summary: dyn_dyn_cos_loss: 0.78241, dyn_sta_cos_loss: 0.14331, total_cos_loss : 0.39895, vocab_cro_loss : 1.18003, 
epoch  68 summary: dyn_dyn_cos_loss: 0.75671, dyn_sta_cos_loss: 0.14116, total_cos_loss : 0.38738, vocab_cro_loss : 1.17800, 
epoch  69 summary: dyn_dyn_cos_loss: 0.73365, dyn_sta_cos_loss: 0.13904, total_cos_loss : 0.37688, vocab_cro_loss : 1.17678, 
epoch  70 summary: dyn_dyn_cos_loss: 0.71304, dyn_sta_cos_loss: 0.13812, total_cos_loss : 0.36809, vocab_cro_loss : 1.17321, 
train loss: 1.1704, train acc: 0.6578
epoch  71 summary: dyn_dyn_cos_loss: 0.69377, dyn_sta_cos_loss: 0.13637, total_cos_loss : 0.35933, vocab_cro_loss : 1.17036, 
epoch  72 summary: dyn_dyn_cos_loss: 0.67588, dyn_sta_cos_loss: 0.13463, total_cos_loss : 0.35113, vocab_cro_loss : 1.17110, 
epoch  73 summary: dyn_dyn_cos_loss: 0.65931, dyn_sta_cos_loss: 0.13363, total_cos_loss : 0.34390, vocab_cro_loss : 1.16861, 
epoch  74 summary: dyn_dyn_cos_loss: 0.64303, dyn_sta_cos_loss: 0.13205, total_cos_loss : 0.33644, vocab_cro_loss : 1.16547, 
epoch  75 summary: dyn_dyn_cos_loss: 0.62885, dyn_sta_cos_loss: 0.13223, total_cos_loss : 0.33088, vocab_cro_loss : 1.16310, 
epoch  76 summary: dyn_dyn_cos_loss: 0.61574, dyn_sta_cos_loss: 0.12981, total_cos_loss : 0.32418, vocab_cro_loss : 1.16059, 
epoch  77 summary: dyn_dyn_cos_loss: 0.60283, dyn_sta_cos_loss: 0.12823, total_cos_loss : 0.31807, vocab_cro_loss : 1.15965, 
epoch  78 summary: dyn_dyn_cos_loss: 0.59092, dyn_sta_cos_loss: 0.12656, total_cos_loss : 0.31231, vocab_cro_loss : 1.15722, 
epoch  79 summary: dyn_dyn_cos_loss: 0.57906, dyn_sta_cos_loss: 0.12420, total_cos_loss : 0.30614, vocab_cro_loss : 1.15484, 
epoch  80 summary: dyn_dyn_cos_loss: 0.59858, dyn_sta_cos_loss: 0.12230, total_cos_loss : 0.31281, vocab_cro_loss : 1.15502, 
train loss: 1.1546, train acc: 0.6589
epoch  81 summary: dyn_dyn_cos_loss: 0.58610, dyn_sta_cos_loss: 0.12063, total_cos_loss : 0.30681, vocab_cro_loss : 1.15463, 
epoch  82 summary: dyn_dyn_cos_loss: 0.57378, dyn_sta_cos_loss: 0.12005, total_cos_loss : 0.30154, vocab_cro_loss : 1.15364, 
epoch  83 summary: dyn_dyn_cos_loss: 0.56340, dyn_sta_cos_loss: 0.11837, total_cos_loss : 0.29638, vocab_cro_loss : 1.15393, 
epoch  84 summary: dyn_dyn_cos_loss: 0.55273, dyn_sta_cos_loss: 0.11631, total_cos_loss : 0.29088, vocab_cro_loss : 1.15306, 
epoch  85 summary: dyn_dyn_cos_loss: 0.54268, dyn_sta_cos_loss: 0.11473, total_cos_loss : 0.28591, vocab_cro_loss : 1.15224, 
epoch  86 summary: dyn_dyn_cos_loss: 0.53358, dyn_sta_cos_loss: 0.11352, total_cos_loss : 0.28154, vocab_cro_loss : 1.14999, 
epoch  87 summary: dyn_dyn_cos_loss: 0.52420, dyn_sta_cos_loss: 0.11333, total_cos_loss : 0.27768, vocab_cro_loss : 1.14814, 
epoch  88 summary: dyn_dyn_cos_loss: 0.51532, dyn_sta_cos_loss: 0.11242, total_cos_loss : 0.27358, vocab_cro_loss : 1.14810, 
epoch  89 summary: dyn_dyn_cos_loss: 0.50714, dyn_sta_cos_loss: 0.11230, total_cos_loss : 0.27024, vocab_cro_loss : 1.14801, 
epoch  90 summary: dyn_dyn_cos_loss: 0.49926, dyn_sta_cos_loss: 0.11112, total_cos_loss : 0.26637, vocab_cro_loss : 1.14773, 
train loss: 1.1471, train acc: 0.6595
epoch  91 summary: dyn_dyn_cos_loss: 0.49188, dyn_sta_cos_loss: 0.10991, total_cos_loss : 0.26270, vocab_cro_loss : 1.14712, 
epoch  92 summary: dyn_dyn_cos_loss: 0.48479, dyn_sta_cos_loss: 0.10875, total_cos_loss : 0.25917, vocab_cro_loss : 1.14765, 
epoch  93 summary: dyn_dyn_cos_loss: 0.47726, dyn_sta_cos_loss: 0.10800, total_cos_loss : 0.25570, vocab_cro_loss : 1.14571, 
epoch  94 summary: dyn_dyn_cos_loss: 0.47132, dyn_sta_cos_loss: 0.10703, total_cos_loss : 0.25274, vocab_cro_loss : 1.14540, 
epoch  95 summary: dyn_dyn_cos_loss: 0.46502, dyn_sta_cos_loss: 0.10600, total_cos_loss : 0.24961, vocab_cro_loss : 1.14512, 
epoch  96 summary: dyn_dyn_cos_loss: 0.45935, dyn_sta_cos_loss: 0.10563, total_cos_loss : 0.24712, vocab_cro_loss : 1.14429, 
epoch  97 summary: dyn_dyn_cos_loss: 0.45339, dyn_sta_cos_loss: 0.10494, total_cos_loss : 0.24432, vocab_cro_loss : 1.14297, 
epoch  98 summary: dyn_dyn_cos_loss: 0.44796, dyn_sta_cos_loss: 0.10337, total_cos_loss : 0.24120, vocab_cro_loss : 1.14238, 
epoch  99 summary: dyn_dyn_cos_loss: 0.44293, dyn_sta_cos_loss: 0.10190, total_cos_loss : 0.23831, vocab_cro_loss : 1.14207, 
epoch 100 summary: dyn_dyn_cos_loss: 0.47025, dyn_sta_cos_loss: 0.10082, total_cos_loss : 0.24859, vocab_cro_loss : 1.14135, 
train loss: 1.1413, train acc: 0.6587
epoch 101 summary: dyn_dyn_cos_loss: 0.46430, dyn_sta_cos_loss: 0.10052, total_cos_loss : 0.24603, vocab_cro_loss : 1.14132, 
epoch 102 summary: dyn_dyn_cos_loss: 0.45792, dyn_sta_cos_loss: 0.09943, total_cos_loss : 0.24283, vocab_cro_loss : 1.14104, 
epoch 103 summary: dyn_dyn_cos_loss: 0.45214, dyn_sta_cos_loss: 0.09909, total_cos_loss : 0.24031, vocab_cro_loss : 1.14114, 
epoch 104 summary: dyn_dyn_cos_loss: 0.44634, dyn_sta_cos_loss: 0.09841, total_cos_loss : 0.23759, vocab_cro_loss : 1.14055, 
epoch 105 summary: dyn_dyn_cos_loss: 0.44063, dyn_sta_cos_loss: 0.09741, total_cos_loss : 0.23470, vocab_cro_loss : 1.14022, 
epoch 106 summary: dyn_dyn_cos_loss: 0.43564, dyn_sta_cos_loss: 0.09655, total_cos_loss : 0.23219, vocab_cro_loss : 1.13972, 
epoch 107 summary: dyn_dyn_cos_loss: 0.43068, dyn_sta_cos_loss: 0.09594, total_cos_loss : 0.22983, vocab_cro_loss : 1.13944, 
epoch 108 summary: dyn_dyn_cos_loss: 0.42598, dyn_sta_cos_loss: 0.09527, total_cos_loss : 0.22756, vocab_cro_loss : 1.13776, 
epoch 109 summary: dyn_dyn_cos_loss: 0.42142, dyn_sta_cos_loss: 0.09457, total_cos_loss : 0.22531, vocab_cro_loss : 1.13771, 
epoch 110 summary: dyn_dyn_cos_loss: 0.41695, dyn_sta_cos_loss: 0.09433, total_cos_loss : 0.22337, vocab_cro_loss : 1.13726, 
train loss: 1.1365, train acc: 0.6609
epoch 111 summary: dyn_dyn_cos_loss: 0.41269, dyn_sta_cos_loss: 0.09455, total_cos_loss : 0.22181, vocab_cro_loss : 1.13645, 
epoch 112 summary: dyn_dyn_cos_loss: 0.40857, dyn_sta_cos_loss: 0.09422, total_cos_loss : 0.21996, vocab_cro_loss : 1.13573, 
epoch 113 summary: dyn_dyn_cos_loss: 0.40486, dyn_sta_cos_loss: 0.09434, total_cos_loss : 0.21855, vocab_cro_loss : 1.13440, 
epoch 114 summary: dyn_dyn_cos_loss: 0.40120, dyn_sta_cos_loss: 0.09406, total_cos_loss : 0.21691, vocab_cro_loss : 1.13341, 
epoch 115 summary: dyn_dyn_cos_loss: 0.39777, dyn_sta_cos_loss: 0.09264, total_cos_loss : 0.21469, vocab_cro_loss : 1.13355, 
epoch 116 summary: dyn_dyn_cos_loss: 0.39475, dyn_sta_cos_loss: 0.09196, total_cos_loss : 0.21307, vocab_cro_loss : 1.13251, 
epoch 117 summary: dyn_dyn_cos_loss: 0.39126, dyn_sta_cos_loss: 0.09203, total_cos_loss : 0.21172, vocab_cro_loss : 1.13213, 
epoch 118 summary: dyn_dyn_cos_loss: 0.38848, dyn_sta_cos_loss: 0.09174, total_cos_loss : 0.21043, vocab_cro_loss : 1.13182, 
epoch 119 summary: dyn_dyn_cos_loss: 0.38572, dyn_sta_cos_loss: 0.09175, total_cos_loss : 0.20934, vocab_cro_loss : 1.13189, 
epoch 120 summary: dyn_dyn_cos_loss: 0.40569, dyn_sta_cos_loss: 0.09125, total_cos_loss : 0.21703, vocab_cro_loss : 1.13156, 
train loss: 1.1312, train acc: 0.6599
epoch 121 summary: dyn_dyn_cos_loss: 0.40149, dyn_sta_cos_loss: 0.09149, total_cos_loss : 0.21549, vocab_cro_loss : 1.13122, 
epoch 122 summary: dyn_dyn_cos_loss: 0.39780, dyn_sta_cos_loss: 0.09059, total_cos_loss : 0.21348, vocab_cro_loss : 1.13052, 
epoch 123 summary: dyn_dyn_cos_loss: 0.39427, dyn_sta_cos_loss: 0.09015, total_cos_loss : 0.21180, vocab_cro_loss : 1.13080, 
epoch 124 summary: dyn_dyn_cos_loss: 0.39071, dyn_sta_cos_loss: 0.08982, total_cos_loss : 0.21017, vocab_cro_loss : 1.13074, 
epoch 125 summary: dyn_dyn_cos_loss: 0.38734, dyn_sta_cos_loss: 0.08909, total_cos_loss : 0.20839, vocab_cro_loss : 1.13009, 
epoch 126 summary: dyn_dyn_cos_loss: 0.38405, dyn_sta_cos_loss: 0.09004, total_cos_loss : 0.20765, vocab_cro_loss : 1.12908, 
epoch 127 summary: dyn_dyn_cos_loss: 0.38090, dyn_sta_cos_loss: 0.09015, total_cos_loss : 0.20645, vocab_cro_loss : 1.12781, 
epoch 128 summary: dyn_dyn_cos_loss: 0.37786, dyn_sta_cos_loss: 0.08973, total_cos_loss : 0.20498, vocab_cro_loss : 1.12846, 
epoch 129 summary: dyn_dyn_cos_loss: 0.37509, dyn_sta_cos_loss: 0.08943, total_cos_loss : 0.20369, vocab_cro_loss : 1.12793, 
epoch 130 summary: dyn_dyn_cos_loss: 0.37263, dyn_sta_cos_loss: 0.08868, total_cos_loss : 0.20226, vocab_cro_loss : 1.12729, 
train loss: 1.1265, train acc: 0.6636
epoch 131 summary: dyn_dyn_cos_loss: 0.36996, dyn_sta_cos_loss: 0.08900, total_cos_loss : 0.20139, vocab_cro_loss : 1.12646, 
epoch 132 summary: dyn_dyn_cos_loss: 0.36767, dyn_sta_cos_loss: 0.08789, total_cos_loss : 0.19980, vocab_cro_loss : 1.12610, 
epoch 133 summary: dyn_dyn_cos_loss: 0.36533, dyn_sta_cos_loss: 0.08738, total_cos_loss : 0.19856, vocab_cro_loss : 1.12525, 
epoch 134 summary: dyn_dyn_cos_loss: 0.36327, dyn_sta_cos_loss: 0.08747, total_cos_loss : 0.19779, vocab_cro_loss : 1.12499, 
epoch 135 summary: dyn_dyn_cos_loss: 0.36106, dyn_sta_cos_loss: 0.08798, total_cos_loss : 0.19721, vocab_cro_loss : 1.12561, 
epoch 136 summary: dyn_dyn_cos_loss: 0.35900, dyn_sta_cos_loss: 0.08753, total_cos_loss : 0.19612, vocab_cro_loss : 1.12571, 
epoch 137 summary: dyn_dyn_cos_loss: 0.35682, dyn_sta_cos_loss: 0.08720, total_cos_loss : 0.19505, vocab_cro_loss : 1.12505, 
epoch 138 summary: dyn_dyn_cos_loss: 0.35470, dyn_sta_cos_loss: 0.08700, total_cos_loss : 0.19408, vocab_cro_loss : 1.12517, 
epoch 139 summary: dyn_dyn_cos_loss: 0.35263, dyn_sta_cos_loss: 0.08621, total_cos_loss : 0.19278, vocab_cro_loss : 1.12507, 
epoch 140 summary: dyn_dyn_cos_loss: 0.37443, dyn_sta_cos_loss: 0.08570, total_cos_loss : 0.20119, vocab_cro_loss : 1.12413, 
train loss: 1.1239, train acc: 0.6611
epoch 141 summary: dyn_dyn_cos_loss: 0.37132, dyn_sta_cos_loss: 0.08550, total_cos_loss : 0.19983, vocab_cro_loss : 1.12390, 
epoch 142 summary: dyn_dyn_cos_loss: 0.36852, dyn_sta_cos_loss: 0.08500, total_cos_loss : 0.19841, vocab_cro_loss : 1.12418, 
epoch 143 summary: dyn_dyn_cos_loss: 0.36572, dyn_sta_cos_loss: 0.08479, total_cos_loss : 0.19717, vocab_cro_loss : 1.12390, 
epoch 144 summary: dyn_dyn_cos_loss: 0.36317, dyn_sta_cos_loss: 0.08446, total_cos_loss : 0.19594, vocab_cro_loss : 1.12408, 
epoch 145 summary: dyn_dyn_cos_loss: 0.36022, dyn_sta_cos_loss: 0.08452, total_cos_loss : 0.19480, vocab_cro_loss : 1.12415, 
epoch 146 summary: dyn_dyn_cos_loss: 0.35762, dyn_sta_cos_loss: 0.08421, total_cos_loss : 0.19358, vocab_cro_loss : 1.12393, 
epoch 147 summary: dyn_dyn_cos_loss: 0.35555, dyn_sta_cos_loss: 0.08414, total_cos_loss : 0.19270, vocab_cro_loss : 1.12374, 
epoch 148 summary: dyn_dyn_cos_loss: 0.35321, dyn_sta_cos_loss: 0.08331, total_cos_loss : 0.19127, vocab_cro_loss : 1.12326, 
epoch 149 summary: dyn_dyn_cos_loss: 0.35104, dyn_sta_cos_loss: 0.08386, total_cos_loss : 0.19074, vocab_cro_loss : 1.12299, 
epoch 150 summary: dyn_dyn_cos_loss: 0.34923, dyn_sta_cos_loss: 0.08326, total_cos_loss : 0.18965, vocab_cro_loss : 1.12182, 
train loss: 1.1206, train acc: 0.6603
epoch 151 summary: dyn_dyn_cos_loss: 0.34718, dyn_sta_cos_loss: 0.08316, total_cos_loss : 0.18877, vocab_cro_loss : 1.12063, 
epoch 152 summary: dyn_dyn_cos_loss: 0.34539, dyn_sta_cos_loss: 0.08249, total_cos_loss : 0.18765, vocab_cro_loss : 1.12081, 
epoch 153 summary: dyn_dyn_cos_loss: 0.34359, dyn_sta_cos_loss: 0.08267, total_cos_loss : 0.18704, vocab_cro_loss : 1.12126, 
epoch 154 summary: dyn_dyn_cos_loss: 0.34191, dyn_sta_cos_loss: 0.08280, total_cos_loss : 0.18645, vocab_cro_loss : 1.12055, 
epoch 155 summary: dyn_dyn_cos_loss: 0.34009, dyn_sta_cos_loss: 0.08323, total_cos_loss : 0.18597, vocab_cro_loss : 1.12032, 
epoch 156 summary: dyn_dyn_cos_loss: 0.33840, dyn_sta_cos_loss: 0.08279, total_cos_loss : 0.18503, vocab_cro_loss : 1.12059, 
epoch 157 summary: dyn_dyn_cos_loss: 0.33710, dyn_sta_cos_loss: 0.08325, total_cos_loss : 0.18479, vocab_cro_loss : 1.12055, 
epoch 158 summary: dyn_dyn_cos_loss: 0.33577, dyn_sta_cos_loss: 0.08322, total_cos_loss : 0.18424, vocab_cro_loss : 1.12152, 
epoch 159 summary: dyn_dyn_cos_loss: 0.33422, dyn_sta_cos_loss: 0.08305, total_cos_loss : 0.18352, vocab_cro_loss : 1.12174, 
epoch 160 summary: dyn_dyn_cos_loss: 0.35465, dyn_sta_cos_loss: 0.08240, total_cos_loss : 0.19130, vocab_cro_loss : 1.12151, 
train loss: 1.1217, train acc: 0.6620
epoch 161 summary: dyn_dyn_cos_loss: 0.35241, dyn_sta_cos_loss: 0.08222, total_cos_loss : 0.19030, vocab_cro_loss : 1.12174, 
epoch 162 summary: dyn_dyn_cos_loss: 0.35017, dyn_sta_cos_loss: 0.08223, total_cos_loss : 0.18941, vocab_cro_loss : 1.12057, 
epoch 163 summary: dyn_dyn_cos_loss: 0.34812, dyn_sta_cos_loss: 0.08173, total_cos_loss : 0.18829, vocab_cro_loss : 1.12039, 
epoch 164 summary: dyn_dyn_cos_loss: 0.34607, dyn_sta_cos_loss: 0.08096, total_cos_loss : 0.18701, vocab_cro_loss : 1.12060, 
epoch 165 summary: dyn_dyn_cos_loss: 0.34430, dyn_sta_cos_loss: 0.08187, total_cos_loss : 0.18684, vocab_cro_loss : 1.11998, 
epoch 166 summary: dyn_dyn_cos_loss: 0.34249, dyn_sta_cos_loss: 0.08220, total_cos_loss : 0.18632, vocab_cro_loss : 1.12067, 
epoch 167 summary: dyn_dyn_cos_loss: 0.34070, dyn_sta_cos_loss: 0.08245, total_cos_loss : 0.18575, vocab_cro_loss : 1.12072, 
epoch 168 summary: dyn_dyn_cos_loss: 0.33932, dyn_sta_cos_loss: 0.08205, total_cos_loss : 0.18496, vocab_cro_loss : 1.12052, 
epoch 169 summary: dyn_dyn_cos_loss: 0.33770, dyn_sta_cos_loss: 0.08237, total_cos_loss : 0.18450, vocab_cro_loss : 1.12048, 
epoch 170 summary: dyn_dyn_cos_loss: 0.33634, dyn_sta_cos_loss: 0.08227, total_cos_loss : 0.18390, vocab_cro_loss : 1.12081, 
train loss: 1.1217, train acc: 0.6613
epoch 171 summary: dyn_dyn_cos_loss: 0.33495, dyn_sta_cos_loss: 0.08153, total_cos_loss : 0.18290, vocab_cro_loss : 1.12166, 
epoch 172 summary: dyn_dyn_cos_loss: 0.33368, dyn_sta_cos_loss: 0.08125, total_cos_loss : 0.18222, vocab_cro_loss : 1.12140, 
epoch 173 summary: dyn_dyn_cos_loss: 0.33235, dyn_sta_cos_loss: 0.08133, total_cos_loss : 0.18174, vocab_cro_loss : 1.12130, 
epoch 174 summary: dyn_dyn_cos_loss: 0.33099, dyn_sta_cos_loss: 0.08099, total_cos_loss : 0.18099, vocab_cro_loss : 1.12078, 
epoch 175 summary: dyn_dyn_cos_loss: 0.32970, dyn_sta_cos_loss: 0.08128, total_cos_loss : 0.18065, vocab_cro_loss : 1.12029, 
epoch 176 summary: dyn_dyn_cos_loss: 0.32864, dyn_sta_cos_loss: 0.08170, total_cos_loss : 0.18048, vocab_cro_loss : 1.11974, 
epoch 177 summary: dyn_dyn_cos_loss: 0.32769, dyn_sta_cos_loss: 0.08133, total_cos_loss : 0.17987, vocab_cro_loss : 1.11916, 
epoch 178 summary: dyn_dyn_cos_loss: 0.32676, dyn_sta_cos_loss: 0.08041, total_cos_loss : 0.17895, vocab_cro_loss : 1.11963, 
epoch 179 summary: dyn_dyn_cos_loss: 0.32545, dyn_sta_cos_loss: 0.08049, total_cos_loss : 0.17848, vocab_cro_loss : 1.11922, 
epoch 180 summary: dyn_dyn_cos_loss: 0.34447, dyn_sta_cos_loss: 0.07967, total_cos_loss : 0.18559, vocab_cro_loss : 1.11901, 
train loss: 1.1186, train acc: 0.6603
epoch 181 summary: dyn_dyn_cos_loss: 0.34266, dyn_sta_cos_loss: 0.07918, total_cos_loss : 0.18457, vocab_cro_loss : 1.11857, 
epoch 182 summary: dyn_dyn_cos_loss: 0.34039, dyn_sta_cos_loss: 0.07956, total_cos_loss : 0.18389, vocab_cro_loss : 1.11864, 
epoch 183 summary: dyn_dyn_cos_loss: 0.33831, dyn_sta_cos_loss: 0.07925, total_cos_loss : 0.18287, vocab_cro_loss : 1.11844, 
epoch 184 summary: dyn_dyn_cos_loss: 0.33660, dyn_sta_cos_loss: 0.07931, total_cos_loss : 0.18222, vocab_cro_loss : 1.11868, 
epoch 185 summary: dyn_dyn_cos_loss: 0.33480, dyn_sta_cos_loss: 0.07911, total_cos_loss : 0.18139, vocab_cro_loss : 1.11863, 
epoch 186 summary: dyn_dyn_cos_loss: 0.33308, dyn_sta_cos_loss: 0.07897, total_cos_loss : 0.18061, vocab_cro_loss : 1.11851, 
epoch 187 summary: dyn_dyn_cos_loss: 0.33153, dyn_sta_cos_loss: 0.07834, total_cos_loss : 0.17962, vocab_cro_loss : 1.11807, 
epoch 188 summary: dyn_dyn_cos_loss: 0.32997, dyn_sta_cos_loss: 0.07822, total_cos_loss : 0.17892, vocab_cro_loss : 1.11785, 
epoch 189 summary: dyn_dyn_cos_loss: 0.32840, dyn_sta_cos_loss: 0.07831, total_cos_loss : 0.17835, vocab_cro_loss : 1.11700, 
epoch 190 summary: dyn_dyn_cos_loss: 0.32692, dyn_sta_cos_loss: 0.07842, total_cos_loss : 0.17782, vocab_cro_loss : 1.11763, 
train loss: 1.1166, train acc: 0.6597
epoch 191 summary: dyn_dyn_cos_loss: 0.32528, dyn_sta_cos_loss: 0.07874, total_cos_loss : 0.17736, vocab_cro_loss : 1.11663, 
epoch 192 summary: dyn_dyn_cos_loss: 0.32408, dyn_sta_cos_loss: 0.07855, total_cos_loss : 0.17676, vocab_cro_loss : 1.11703, 
epoch 193 summary: dyn_dyn_cos_loss: 0.32274, dyn_sta_cos_loss: 0.07842, total_cos_loss : 0.17615, vocab_cro_loss : 1.11655, 
epoch 194 summary: dyn_dyn_cos_loss: 0.32177, dyn_sta_cos_loss: 0.07967, total_cos_loss : 0.17651, vocab_cro_loss : 1.11684, 
epoch 195 summary: dyn_dyn_cos_loss: 0.32059, dyn_sta_cos_loss: 0.07938, total_cos_loss : 0.17586, vocab_cro_loss : 1.11722, 
epoch 196 summary: dyn_dyn_cos_loss: 0.31951, dyn_sta_cos_loss: 0.07943, total_cos_loss : 0.17546, vocab_cro_loss : 1.11751, 
epoch 197 summary: dyn_dyn_cos_loss: 0.31864, dyn_sta_cos_loss: 0.07848, total_cos_loss : 0.17455, vocab_cro_loss : 1.11740, 
epoch 198 summary: dyn_dyn_cos_loss: 0.31725, dyn_sta_cos_loss: 0.07806, total_cos_loss : 0.17374, vocab_cro_loss : 1.11766, 
epoch 199 summary: dyn_dyn_cos_loss: 0.31613, dyn_sta_cos_loss: 0.07830, total_cos_loss : 0.17343, vocab_cro_loss : 1.11805, 
train loss: 1.1176, train acc: 0.6616
all                        1344243.052ms
all_epoch                  1338642.584ms
all_preparation               5600.424ms
all_preparation_2             5598.845ms
all_preparation_3                1.545ms
epoch                         6563.051ms
epoch_pos_train                  3.821ms
epoch_preparation               34.770ms
epoch_train                   6447.200ms
epoch_valid                     74.579ms
----------------------------------------
all                        1344243.052ms
  all_epoch             99.58%
  all_preparation        0.42%
all_preparation               5600.424ms
  all_preparation_2     99.97%
  all_preparation_3      0.03%
epoch                      1312610.290ms
  epoch_train           98.23%
  epoch_valid            1.14%
  epoch_preparation      0.53%
  epoch_pos_train        0.06%
epoch   0 summary: dyn_dyn_cos_loss: 5.43342, dyn_sta_cos_loss: 3.17102, total_cos_loss : 4.07598, 
valid loss: 3.9924, valid acc: 0.0723
epoch   1 summary: dyn_dyn_cos_loss: 5.16438, dyn_sta_cos_loss: 2.87717, total_cos_loss : 3.79205, 
epoch   2 summary: dyn_dyn_cos_loss: 4.88979, dyn_sta_cos_loss: 2.59574, total_cos_loss : 3.51336, 
epoch   3 summary: dyn_dyn_cos_loss: 4.64185, dyn_sta_cos_loss: 2.32634, total_cos_loss : 3.25254, 
epoch   4 summary: dyn_dyn_cos_loss: 4.38156, dyn_sta_cos_loss: 2.06402, total_cos_loss : 2.99104, 
epoch   5 summary: dyn_dyn_cos_loss: 4.15308, dyn_sta_cos_loss: 1.83381, total_cos_loss : 2.76152, 
epoch   6 summary: dyn_dyn_cos_loss: 3.93898, dyn_sta_cos_loss: 1.60614, total_cos_loss : 2.53928, 
epoch   7 summary: dyn_dyn_cos_loss: 3.73046, dyn_sta_cos_loss: 1.40693, total_cos_loss : 2.33634, 
epoch   8 summary: dyn_dyn_cos_loss: 3.54191, dyn_sta_cos_loss: 1.22873, total_cos_loss : 2.15400, 
epoch   9 summary: dyn_dyn_cos_loss: 3.36020, dyn_sta_cos_loss: 1.07526, total_cos_loss : 1.98924, 
epoch  10 summary: dyn_dyn_cos_loss: 3.17664, dyn_sta_cos_loss: 0.94748, total_cos_loss : 1.83915, 
valid loss: 2.1826, valid acc: 0.5254
epoch  11 summary: dyn_dyn_cos_loss: 3.00401, dyn_sta_cos_loss: 0.84146, total_cos_loss : 1.70648, 
epoch  12 summary: dyn_dyn_cos_loss: 2.84904, dyn_sta_cos_loss: 0.74605, total_cos_loss : 1.58724, 
epoch  13 summary: dyn_dyn_cos_loss: 2.70462, dyn_sta_cos_loss: 0.66959, total_cos_loss : 1.48360, 
epoch  14 summary: dyn_dyn_cos_loss: 2.55611, dyn_sta_cos_loss: 0.60464, total_cos_loss : 1.38523, 
epoch  15 summary: dyn_dyn_cos_loss: 2.41608, dyn_sta_cos_loss: 0.55198, total_cos_loss : 1.29762, 
epoch  16 summary: dyn_dyn_cos_loss: 2.28450, dyn_sta_cos_loss: 0.50772, total_cos_loss : 1.21843, 
epoch  17 summary: dyn_dyn_cos_loss: 2.15752, dyn_sta_cos_loss: 0.47099, total_cos_loss : 1.14560, 
epoch  18 summary: dyn_dyn_cos_loss: 2.03799, dyn_sta_cos_loss: 0.43976, total_cos_loss : 1.07905, 
epoch  19 summary: dyn_dyn_cos_loss: 1.93559, dyn_sta_cos_loss: 0.41351, total_cos_loss : 1.02234, 
epoch  20 summary: dyn_dyn_cos_loss: 1.88999, dyn_sta_cos_loss: 0.39212, total_cos_loss : 0.99127, 
valid loss: 1.7693, valid acc: 0.5508
epoch  21 summary: dyn_dyn_cos_loss: 1.78764, dyn_sta_cos_loss: 0.37327, total_cos_loss : 0.93902, 
epoch  22 summary: dyn_dyn_cos_loss: 1.69629, dyn_sta_cos_loss: 0.35301, total_cos_loss : 0.89032, 
epoch  23 summary: dyn_dyn_cos_loss: 1.60088, dyn_sta_cos_loss: 0.33574, total_cos_loss : 0.84180, 
epoch  24 summary: dyn_dyn_cos_loss: 1.51459, dyn_sta_cos_loss: 0.32242, total_cos_loss : 0.79929, 
epoch  25 summary: dyn_dyn_cos_loss: 1.43606, dyn_sta_cos_loss: 0.30757, total_cos_loss : 0.75896, 
epoch  26 summary: dyn_dyn_cos_loss: 1.35514, dyn_sta_cos_loss: 0.29553, total_cos_loss : 0.71937, 
epoch  27 summary: dyn_dyn_cos_loss: 1.28780, dyn_sta_cos_loss: 0.28366, total_cos_loss : 0.68531, 
epoch  28 summary: dyn_dyn_cos_loss: 1.21622, dyn_sta_cos_loss: 0.27197, total_cos_loss : 0.64967, 
epoch  29 summary: dyn_dyn_cos_loss: 1.15061, dyn_sta_cos_loss: 0.26119, total_cos_loss : 0.61696, 
epoch  30 summary: dyn_dyn_cos_loss: 1.09725, dyn_sta_cos_loss: 0.25183, total_cos_loss : 0.59000, 
valid loss: 1.6690, valid acc: 0.5547
epoch  31 summary: dyn_dyn_cos_loss: 1.04595, dyn_sta_cos_loss: 0.24172, total_cos_loss : 0.56341, 
epoch  32 summary: dyn_dyn_cos_loss: 0.99726, dyn_sta_cos_loss: 0.23133, total_cos_loss : 0.53771, 
epoch  33 summary: dyn_dyn_cos_loss: 0.95167, dyn_sta_cos_loss: 0.22631, total_cos_loss : 0.51645, 
epoch  34 summary: dyn_dyn_cos_loss: 0.90945, dyn_sta_cos_loss: 0.21972, total_cos_loss : 0.49561, 
epoch  35 summary: dyn_dyn_cos_loss: 0.86594, dyn_sta_cos_loss: 0.21356, total_cos_loss : 0.47451, 
epoch  36 summary: dyn_dyn_cos_loss: 0.82256, dyn_sta_cos_loss: 0.20752, total_cos_loss : 0.45354, 
epoch  37 summary: dyn_dyn_cos_loss: 0.78893, dyn_sta_cos_loss: 0.20131, total_cos_loss : 0.43636, 
epoch  38 summary: dyn_dyn_cos_loss: 0.75925, dyn_sta_cos_loss: 0.19431, total_cos_loss : 0.42029, 
epoch  39 summary: dyn_dyn_cos_loss: 0.72548, dyn_sta_cos_loss: 0.18837, total_cos_loss : 0.40321, 
epoch  40 summary: dyn_dyn_cos_loss: 0.72996, dyn_sta_cos_loss: 0.18439, total_cos_loss : 0.40262, 
valid loss: 1.6370, valid acc: 0.5547
epoch  41 summary: dyn_dyn_cos_loss: 0.70429, dyn_sta_cos_loss: 0.17946, total_cos_loss : 0.38939, 
epoch  42 summary: dyn_dyn_cos_loss: 0.67370, dyn_sta_cos_loss: 0.17475, total_cos_loss : 0.37433, 
epoch  43 summary: dyn_dyn_cos_loss: 0.65281, dyn_sta_cos_loss: 0.16981, total_cos_loss : 0.36301, 
epoch  44 summary: dyn_dyn_cos_loss: 0.63039, dyn_sta_cos_loss: 0.16581, total_cos_loss : 0.35164, 
epoch  45 summary: dyn_dyn_cos_loss: 0.60984, dyn_sta_cos_loss: 0.16014, total_cos_loss : 0.34002, 
epoch  46 summary: dyn_dyn_cos_loss: 0.59336, dyn_sta_cos_loss: 0.15690, total_cos_loss : 0.33148, 
epoch  47 summary: dyn_dyn_cos_loss: 0.57632, dyn_sta_cos_loss: 0.15443, total_cos_loss : 0.32319, 
epoch  48 summary: dyn_dyn_cos_loss: 0.55895, dyn_sta_cos_loss: 0.15052, total_cos_loss : 0.31389, 
epoch  49 summary: dyn_dyn_cos_loss: 0.54105, dyn_sta_cos_loss: 0.14683, total_cos_loss : 0.30452, 
epoch  50 summary: dyn_dyn_cos_loss: 0.52710, dyn_sta_cos_loss: 0.14436, total_cos_loss : 0.29745, 
valid loss: 1.5996, valid acc: 0.5605
epoch  51 summary: dyn_dyn_cos_loss: 0.51389, dyn_sta_cos_loss: 0.14107, total_cos_loss : 0.29020, 
epoch  52 summary: dyn_dyn_cos_loss: 0.50283, dyn_sta_cos_loss: 0.13859, total_cos_loss : 0.28428, 
epoch  53 summary: dyn_dyn_cos_loss: 0.49051, dyn_sta_cos_loss: 0.13552, total_cos_loss : 0.27752, 
epoch  54 summary: dyn_dyn_cos_loss: 0.47971, dyn_sta_cos_loss: 0.13232, total_cos_loss : 0.27128, 
epoch  55 summary: dyn_dyn_cos_loss: 0.47024, dyn_sta_cos_loss: 0.12973, total_cos_loss : 0.26593, 
epoch  56 summary: dyn_dyn_cos_loss: 0.46059, dyn_sta_cos_loss: 0.12703, total_cos_loss : 0.26045, 
epoch  57 summary: dyn_dyn_cos_loss: 0.45125, dyn_sta_cos_loss: 0.12522, total_cos_loss : 0.25563, 
epoch  58 summary: dyn_dyn_cos_loss: 0.44338, dyn_sta_cos_loss: 0.12341, total_cos_loss : 0.25140, 
epoch  59 summary: dyn_dyn_cos_loss: 0.43449, dyn_sta_cos_loss: 0.12125, total_cos_loss : 0.24655, 
epoch  60 summary: dyn_dyn_cos_loss: 0.45810, dyn_sta_cos_loss: 0.11939, total_cos_loss : 0.25487, 
valid loss: 1.5882, valid acc: 0.5645
epoch  61 summary: dyn_dyn_cos_loss: 0.45020, dyn_sta_cos_loss: 0.11791, total_cos_loss : 0.25082, 
epoch  62 summary: dyn_dyn_cos_loss: 0.44335, dyn_sta_cos_loss: 0.11572, total_cos_loss : 0.24677, 
epoch  63 summary: dyn_dyn_cos_loss: 0.43575, dyn_sta_cos_loss: 0.11432, total_cos_loss : 0.24289, 
epoch  64 summary: dyn_dyn_cos_loss: 0.43011, dyn_sta_cos_loss: 0.11209, total_cos_loss : 0.23930, 
epoch  65 summary: dyn_dyn_cos_loss: 0.42287, dyn_sta_cos_loss: 0.11069, total_cos_loss : 0.23556, 
epoch  66 summary: dyn_dyn_cos_loss: 0.41710, dyn_sta_cos_loss: 0.10895, total_cos_loss : 0.23221, 
epoch  67 summary: dyn_dyn_cos_loss: 0.41007, dyn_sta_cos_loss: 0.10747, total_cos_loss : 0.22851, 
epoch  68 summary: dyn_dyn_cos_loss: 0.40373, dyn_sta_cos_loss: 0.10612, total_cos_loss : 0.22516, 
epoch  69 summary: dyn_dyn_cos_loss: 0.39819, dyn_sta_cos_loss: 0.10452, total_cos_loss : 0.22199, 
epoch  70 summary: dyn_dyn_cos_loss: 0.39370, dyn_sta_cos_loss: 0.10299, total_cos_loss : 0.21927, 
valid loss: 1.5778, valid acc: 0.5664
epoch  71 summary: dyn_dyn_cos_loss: 0.38892, dyn_sta_cos_loss: 0.10127, total_cos_loss : 0.21633, 
epoch  72 summary: dyn_dyn_cos_loss: 0.38437, dyn_sta_cos_loss: 0.10038, total_cos_loss : 0.21397, 
epoch  73 summary: dyn_dyn_cos_loss: 0.38018, dyn_sta_cos_loss: 0.09982, total_cos_loss : 0.21196, 
epoch  74 summary: dyn_dyn_cos_loss: 0.37618, dyn_sta_cos_loss: 0.09882, total_cos_loss : 0.20976, 
epoch  75 summary: dyn_dyn_cos_loss: 0.37126, dyn_sta_cos_loss: 0.09795, total_cos_loss : 0.20727, 
epoch  76 summary: dyn_dyn_cos_loss: 0.36800, dyn_sta_cos_loss: 0.09701, total_cos_loss : 0.20540, 
epoch  77 summary: dyn_dyn_cos_loss: 0.36484, dyn_sta_cos_loss: 0.09560, total_cos_loss : 0.20329, 
epoch  78 summary: dyn_dyn_cos_loss: 0.36133, dyn_sta_cos_loss: 0.09460, total_cos_loss : 0.20129, 
epoch  79 summary: dyn_dyn_cos_loss: 0.35814, dyn_sta_cos_loss: 0.09335, total_cos_loss : 0.19927, 
epoch  80 summary: dyn_dyn_cos_loss: 0.37755, dyn_sta_cos_loss: 0.09239, total_cos_loss : 0.20645, 
valid loss: 1.5846, valid acc: 0.5684
epoch  81 summary: dyn_dyn_cos_loss: 0.37387, dyn_sta_cos_loss: 0.09144, total_cos_loss : 0.20441, 
epoch  82 summary: dyn_dyn_cos_loss: 0.37050, dyn_sta_cos_loss: 0.09069, total_cos_loss : 0.20261, 
epoch  83 summary: dyn_dyn_cos_loss: 0.36679, dyn_sta_cos_loss: 0.09046, total_cos_loss : 0.20099, 
epoch  84 summary: dyn_dyn_cos_loss: 0.36312, dyn_sta_cos_loss: 0.08976, total_cos_loss : 0.19910, 
epoch  85 summary: dyn_dyn_cos_loss: 0.36030, dyn_sta_cos_loss: 0.08908, total_cos_loss : 0.19757, 
epoch  86 summary: dyn_dyn_cos_loss: 0.35826, dyn_sta_cos_loss: 0.08798, total_cos_loss : 0.19609, 
epoch  87 summary: dyn_dyn_cos_loss: 0.35492, dyn_sta_cos_loss: 0.08721, total_cos_loss : 0.19429, 
epoch  88 summary: dyn_dyn_cos_loss: 0.35244, dyn_sta_cos_loss: 0.08637, total_cos_loss : 0.19280, 
epoch  89 summary: dyn_dyn_cos_loss: 0.34962, dyn_sta_cos_loss: 0.08560, total_cos_loss : 0.19121, 
epoch  90 summary: dyn_dyn_cos_loss: 0.34690, dyn_sta_cos_loss: 0.08480, total_cos_loss : 0.18964, 
valid loss: 1.5790, valid acc: 0.5645
epoch  91 summary: dyn_dyn_cos_loss: 0.34377, dyn_sta_cos_loss: 0.08439, total_cos_loss : 0.18814, 
epoch  92 summary: dyn_dyn_cos_loss: 0.34193, dyn_sta_cos_loss: 0.08378, total_cos_loss : 0.18704, 
epoch  93 summary: dyn_dyn_cos_loss: 0.34010, dyn_sta_cos_loss: 0.08346, total_cos_loss : 0.18611, 
epoch  94 summary: dyn_dyn_cos_loss: 0.33787, dyn_sta_cos_loss: 0.08256, total_cos_loss : 0.18468, 
epoch  95 summary: dyn_dyn_cos_loss: 0.33602, dyn_sta_cos_loss: 0.08173, total_cos_loss : 0.18345, 
epoch  96 summary: dyn_dyn_cos_loss: 0.33410, dyn_sta_cos_loss: 0.08130, total_cos_loss : 0.18242, 
epoch  97 summary: dyn_dyn_cos_loss: 0.33222, dyn_sta_cos_loss: 0.08072, total_cos_loss : 0.18132, 
epoch  98 summary: dyn_dyn_cos_loss: 0.33031, dyn_sta_cos_loss: 0.08001, total_cos_loss : 0.18013, 
epoch  99 summary: dyn_dyn_cos_loss: 0.32905, dyn_sta_cos_loss: 0.07958, total_cos_loss : 0.17937, 
epoch 100 summary: dyn_dyn_cos_loss: 0.35871, dyn_sta_cos_loss: 0.07908, total_cos_loss : 0.19093, 
valid loss: 1.5809, valid acc: 0.5723
epoch 101 summary: dyn_dyn_cos_loss: 0.35573, dyn_sta_cos_loss: 0.07901, total_cos_loss : 0.18970, 
epoch 102 summary: dyn_dyn_cos_loss: 0.35358, dyn_sta_cos_loss: 0.07858, total_cos_loss : 0.18858, 
epoch 103 summary: dyn_dyn_cos_loss: 0.35082, dyn_sta_cos_loss: 0.07822, total_cos_loss : 0.18726, 
epoch 104 summary: dyn_dyn_cos_loss: 0.34845, dyn_sta_cos_loss: 0.07769, total_cos_loss : 0.18599, 
epoch 105 summary: dyn_dyn_cos_loss: 0.34666, dyn_sta_cos_loss: 0.07730, total_cos_loss : 0.18505, 
epoch 106 summary: dyn_dyn_cos_loss: 0.34454, dyn_sta_cos_loss: 0.07720, total_cos_loss : 0.18413, 
epoch 107 summary: dyn_dyn_cos_loss: 0.34226, dyn_sta_cos_loss: 0.07704, total_cos_loss : 0.18313, 
epoch 108 summary: dyn_dyn_cos_loss: 0.34016, dyn_sta_cos_loss: 0.07674, total_cos_loss : 0.18211, 
epoch 109 summary: dyn_dyn_cos_loss: 0.33837, dyn_sta_cos_loss: 0.07655, total_cos_loss : 0.18128, 
epoch 110 summary: dyn_dyn_cos_loss: 0.33717, dyn_sta_cos_loss: 0.07598, total_cos_loss : 0.18046, 
valid loss: 1.5742, valid acc: 0.5625
epoch 111 summary: dyn_dyn_cos_loss: 0.33539, dyn_sta_cos_loss: 0.07574, total_cos_loss : 0.17960, 
epoch 112 summary: dyn_dyn_cos_loss: 0.33385, dyn_sta_cos_loss: 0.07550, total_cos_loss : 0.17884, 
epoch 113 summary: dyn_dyn_cos_loss: 0.33214, dyn_sta_cos_loss: 0.07523, total_cos_loss : 0.17799, 
epoch 114 summary: dyn_dyn_cos_loss: 0.33090, dyn_sta_cos_loss: 0.07503, total_cos_loss : 0.17738, 
epoch 115 summary: dyn_dyn_cos_loss: 0.32952, dyn_sta_cos_loss: 0.07499, total_cos_loss : 0.17680, 
epoch 116 summary: dyn_dyn_cos_loss: 0.32844, dyn_sta_cos_loss: 0.07471, total_cos_loss : 0.17620, 
epoch 117 summary: dyn_dyn_cos_loss: 0.32702, dyn_sta_cos_loss: 0.07450, total_cos_loss : 0.17551, 
epoch 118 summary: dyn_dyn_cos_loss: 0.32576, dyn_sta_cos_loss: 0.07407, total_cos_loss : 0.17475, 
epoch 119 summary: dyn_dyn_cos_loss: 0.32491, dyn_sta_cos_loss: 0.07395, total_cos_loss : 0.17433, 
epoch 120 summary: dyn_dyn_cos_loss: 0.34488, dyn_sta_cos_loss: 0.07368, total_cos_loss : 0.18216, 
valid loss: 1.5766, valid acc: 0.5586
epoch 121 summary: dyn_dyn_cos_loss: 0.34220, dyn_sta_cos_loss: 0.07350, total_cos_loss : 0.18098, 
epoch 122 summary: dyn_dyn_cos_loss: 0.34017, dyn_sta_cos_loss: 0.07334, total_cos_loss : 0.18008, 
epoch 123 summary: dyn_dyn_cos_loss: 0.33861, dyn_sta_cos_loss: 0.07307, total_cos_loss : 0.17929, 
epoch 124 summary: dyn_dyn_cos_loss: 0.33668, dyn_sta_cos_loss: 0.07295, total_cos_loss : 0.17844, 
epoch 125 summary: dyn_dyn_cos_loss: 0.33515, dyn_sta_cos_loss: 0.07267, total_cos_loss : 0.17766, 
epoch 126 summary: dyn_dyn_cos_loss: 0.33383, dyn_sta_cos_loss: 0.07224, total_cos_loss : 0.17688, 
epoch 127 summary: dyn_dyn_cos_loss: 0.33268, dyn_sta_cos_loss: 0.07207, total_cos_loss : 0.17631, 
epoch 128 summary: dyn_dyn_cos_loss: 0.33112, dyn_sta_cos_loss: 0.07187, total_cos_loss : 0.17557, 
epoch 129 summary: dyn_dyn_cos_loss: 0.32934, dyn_sta_cos_loss: 0.07172, total_cos_loss : 0.17477, 
epoch 130 summary: dyn_dyn_cos_loss: 0.32756, dyn_sta_cos_loss: 0.07145, total_cos_loss : 0.17390, 
valid loss: 1.5738, valid acc: 0.5605
epoch 131 summary: dyn_dyn_cos_loss: 0.32612, dyn_sta_cos_loss: 0.07136, total_cos_loss : 0.17326, 
epoch 132 summary: dyn_dyn_cos_loss: 0.32462, dyn_sta_cos_loss: 0.07120, total_cos_loss : 0.17257, 
epoch 133 summary: dyn_dyn_cos_loss: 0.32361, dyn_sta_cos_loss: 0.07088, total_cos_loss : 0.17197, 
epoch 134 summary: dyn_dyn_cos_loss: 0.32253, dyn_sta_cos_loss: 0.07075, total_cos_loss : 0.17146, 
epoch 135 summary: dyn_dyn_cos_loss: 0.32153, dyn_sta_cos_loss: 0.07053, total_cos_loss : 0.17093, 
epoch 136 summary: dyn_dyn_cos_loss: 0.32048, dyn_sta_cos_loss: 0.07043, total_cos_loss : 0.17045, 
epoch 137 summary: dyn_dyn_cos_loss: 0.31960, dyn_sta_cos_loss: 0.07033, total_cos_loss : 0.17004, 
epoch 138 summary: dyn_dyn_cos_loss: 0.31828, dyn_sta_cos_loss: 0.07030, total_cos_loss : 0.16949, 
epoch 139 summary: dyn_dyn_cos_loss: 0.31728, dyn_sta_cos_loss: 0.07018, total_cos_loss : 0.16902, 
epoch 140 summary: dyn_dyn_cos_loss: 0.33732, dyn_sta_cos_loss: 0.06985, total_cos_loss : 0.17684, 
valid loss: 1.5754, valid acc: 0.5586
epoch 141 summary: dyn_dyn_cos_loss: 0.33514, dyn_sta_cos_loss: 0.06976, total_cos_loss : 0.17591, 
epoch 142 summary: dyn_dyn_cos_loss: 0.33331, dyn_sta_cos_loss: 0.06965, total_cos_loss : 0.17512, 
epoch 143 summary: dyn_dyn_cos_loss: 0.33162, dyn_sta_cos_loss: 0.06946, total_cos_loss : 0.17432, 
epoch 144 summary: dyn_dyn_cos_loss: 0.33027, dyn_sta_cos_loss: 0.06912, total_cos_loss : 0.17358, 
epoch 145 summary: dyn_dyn_cos_loss: 0.32870, dyn_sta_cos_loss: 0.06892, total_cos_loss : 0.17283, 
epoch 146 summary: dyn_dyn_cos_loss: 0.32763, dyn_sta_cos_loss: 0.06879, total_cos_loss : 0.17233, 
epoch 147 summary: dyn_dyn_cos_loss: 0.32620, dyn_sta_cos_loss: 0.06862, total_cos_loss : 0.17165, 
epoch 148 summary: dyn_dyn_cos_loss: 0.32486, dyn_sta_cos_loss: 0.06850, total_cos_loss : 0.17104, 
epoch 149 summary: dyn_dyn_cos_loss: 0.32367, dyn_sta_cos_loss: 0.06848, total_cos_loss : 0.17055, 
epoch 150 summary: dyn_dyn_cos_loss: 0.32235, dyn_sta_cos_loss: 0.06831, total_cos_loss : 0.16993, 
valid loss: 1.5684, valid acc: 0.5645
epoch 151 summary: dyn_dyn_cos_loss: 0.32066, dyn_sta_cos_loss: 0.06826, total_cos_loss : 0.16922, 
epoch 152 summary: dyn_dyn_cos_loss: 0.31952, dyn_sta_cos_loss: 0.06830, total_cos_loss : 0.16879, 
epoch 153 summary: dyn_dyn_cos_loss: 0.31839, dyn_sta_cos_loss: 0.06830, total_cos_loss : 0.16834, 
epoch 154 summary: dyn_dyn_cos_loss: 0.31726, dyn_sta_cos_loss: 0.06835, total_cos_loss : 0.16791, 
epoch 155 summary: dyn_dyn_cos_loss: 0.31632, dyn_sta_cos_loss: 0.06811, total_cos_loss : 0.16740, 
epoch 156 summary: dyn_dyn_cos_loss: 0.31533, dyn_sta_cos_loss: 0.06800, total_cos_loss : 0.16693, 
epoch 157 summary: dyn_dyn_cos_loss: 0.31465, dyn_sta_cos_loss: 0.06788, total_cos_loss : 0.16659, 
epoch 158 summary: dyn_dyn_cos_loss: 0.31392, dyn_sta_cos_loss: 0.06781, total_cos_loss : 0.16625, 
epoch 159 summary: dyn_dyn_cos_loss: 0.31321, dyn_sta_cos_loss: 0.06770, total_cos_loss : 0.16590, 
epoch 160 summary: dyn_dyn_cos_loss: 0.33454, dyn_sta_cos_loss: 0.06763, total_cos_loss : 0.17439, 
valid loss: 1.5725, valid acc: 0.5645
epoch 161 summary: dyn_dyn_cos_loss: 0.33253, dyn_sta_cos_loss: 0.06780, total_cos_loss : 0.17369, 
epoch 162 summary: dyn_dyn_cos_loss: 0.33043, dyn_sta_cos_loss: 0.06793, total_cos_loss : 0.17293, 
epoch 163 summary: dyn_dyn_cos_loss: 0.32893, dyn_sta_cos_loss: 0.06782, total_cos_loss : 0.17226, 
epoch 164 summary: dyn_dyn_cos_loss: 0.32708, dyn_sta_cos_loss: 0.06789, total_cos_loss : 0.17157, 
epoch 165 summary: dyn_dyn_cos_loss: 0.32542, dyn_sta_cos_loss: 0.06787, total_cos_loss : 0.17089, 
epoch 166 summary: dyn_dyn_cos_loss: 0.32388, dyn_sta_cos_loss: 0.06791, total_cos_loss : 0.17030, 
epoch 167 summary: dyn_dyn_cos_loss: 0.32265, dyn_sta_cos_loss: 0.06783, total_cos_loss : 0.16976, 
epoch 168 summary: dyn_dyn_cos_loss: 0.32157, dyn_sta_cos_loss: 0.06778, total_cos_loss : 0.16930, 
epoch 169 summary: dyn_dyn_cos_loss: 0.32043, dyn_sta_cos_loss: 0.06773, total_cos_loss : 0.16881, 
epoch 170 summary: dyn_dyn_cos_loss: 0.31935, dyn_sta_cos_loss: 0.06754, total_cos_loss : 0.16827, 
valid loss: 1.5662, valid acc: 0.5625
epoch 171 summary: dyn_dyn_cos_loss: 0.31826, dyn_sta_cos_loss: 0.06747, total_cos_loss : 0.16778, 
epoch 172 summary: dyn_dyn_cos_loss: 0.31694, dyn_sta_cos_loss: 0.06761, total_cos_loss : 0.16734, 
epoch 173 summary: dyn_dyn_cos_loss: 0.31602, dyn_sta_cos_loss: 0.06755, total_cos_loss : 0.16693, 
epoch 174 summary: dyn_dyn_cos_loss: 0.31520, dyn_sta_cos_loss: 0.06733, total_cos_loss : 0.16647, 
epoch 175 summary: dyn_dyn_cos_loss: 0.31413, dyn_sta_cos_loss: 0.06728, total_cos_loss : 0.16602, 
epoch 176 summary: dyn_dyn_cos_loss: 0.31309, dyn_sta_cos_loss: 0.06720, total_cos_loss : 0.16556, 
epoch 177 summary: dyn_dyn_cos_loss: 0.31236, dyn_sta_cos_loss: 0.06709, total_cos_loss : 0.16520, 
epoch 178 summary: dyn_dyn_cos_loss: 0.31166, dyn_sta_cos_loss: 0.06694, total_cos_loss : 0.16483, 
epoch 179 summary: dyn_dyn_cos_loss: 0.31095, dyn_sta_cos_loss: 0.06686, total_cos_loss : 0.16450, 
epoch 180 summary: dyn_dyn_cos_loss: 0.32646, dyn_sta_cos_loss: 0.06680, total_cos_loss : 0.17066, 
valid loss: 1.5647, valid acc: 0.5645
epoch 181 summary: dyn_dyn_cos_loss: 0.32452, dyn_sta_cos_loss: 0.06679, total_cos_loss : 0.16989, 
epoch 182 summary: dyn_dyn_cos_loss: 0.32309, dyn_sta_cos_loss: 0.06672, total_cos_loss : 0.16926, 
epoch 183 summary: dyn_dyn_cos_loss: 0.32142, dyn_sta_cos_loss: 0.06677, total_cos_loss : 0.16863, 
epoch 184 summary: dyn_dyn_cos_loss: 0.32050, dyn_sta_cos_loss: 0.06645, total_cos_loss : 0.16807, 
epoch 185 summary: dyn_dyn_cos_loss: 0.31888, dyn_sta_cos_loss: 0.06655, total_cos_loss : 0.16748, 
epoch 186 summary: dyn_dyn_cos_loss: 0.31776, dyn_sta_cos_loss: 0.06649, total_cos_loss : 0.16700, 
epoch 187 summary: dyn_dyn_cos_loss: 0.31620, dyn_sta_cos_loss: 0.06646, total_cos_loss : 0.16636, 
epoch 188 summary: dyn_dyn_cos_loss: 0.31513, dyn_sta_cos_loss: 0.06633, total_cos_loss : 0.16585, 
epoch 189 summary: dyn_dyn_cos_loss: 0.31383, dyn_sta_cos_loss: 0.06631, total_cos_loss : 0.16532, 
epoch 190 summary: dyn_dyn_cos_loss: 0.31248, dyn_sta_cos_loss: 0.06639, total_cos_loss : 0.16482, 
valid loss: 1.5603, valid acc: 0.5625
epoch 191 summary: dyn_dyn_cos_loss: 0.31137, dyn_sta_cos_loss: 0.06644, total_cos_loss : 0.16441, 
epoch 192 summary: dyn_dyn_cos_loss: 0.31065, dyn_sta_cos_loss: 0.06625, total_cos_loss : 0.16401, 
epoch 193 summary: dyn_dyn_cos_loss: 0.30977, dyn_sta_cos_loss: 0.06616, total_cos_loss : 0.16360, 
epoch 194 summary: dyn_dyn_cos_loss: 0.30886, dyn_sta_cos_loss: 0.06608, total_cos_loss : 0.16319, 
epoch 195 summary: dyn_dyn_cos_loss: 0.30820, dyn_sta_cos_loss: 0.06607, total_cos_loss : 0.16292, 
epoch 196 summary: dyn_dyn_cos_loss: 0.30724, dyn_sta_cos_loss: 0.06588, total_cos_loss : 0.16243, 
epoch 197 summary: dyn_dyn_cos_loss: 0.30667, dyn_sta_cos_loss: 0.06576, total_cos_loss : 0.16212, 
epoch 198 summary: dyn_dyn_cos_loss: 0.30590, dyn_sta_cos_loss: 0.06575, total_cos_loss : 0.16181, 
epoch 199 summary: dyn_dyn_cos_loss: 0.30524, dyn_sta_cos_loss: 0.06560, total_cos_loss : 0.16145, 
valid loss: 1.5668, valid acc: 0.5605
all                          72315.640ms
all_epoch                    72286.527ms
all_preparation                 29.097ms
all_preparation_2               27.327ms
all_preparation_3                1.748ms
epoch                          273.766ms
epoch_pos_train                  5.252ms
epoch_preparation                0.350ms
epoch_train                    262.116ms
epoch_valid                      4.552ms
----------------------------------------
all                          72315.640ms
  all_epoch             99.96%
  all_preparation        0.04%
all_preparation                 29.097ms
  all_preparation_2     93.92%
  all_preparation_3      6.01%
epoch                        54753.289ms
  epoch_train           95.74%
  epoch_pos_train        1.92%
  epoch_valid            1.66%
  epoch_preparation      0.13%
