Before CTE Training: train eu loss: 1.0375890731811523, eval eu loss: 1.4517745971679688
Before CTE Training: train eu acc: 0.6748046875, eval eu acc: 0.5794677734375
epoch   0 summary: dyn_dyn_cos_loss: 0.02248, dyn_sta_cos_loss: 0.00702, total_cos_loss : 0.01321, vocab_cro_loss : 4.60217, 
train loss: 3.4258, train acc: 0.2520
epoch   1 summary: dyn_dyn_cos_loss: 0.00000, dyn_sta_cos_loss: 0.00000, total_cos_loss : 0.00000, vocab_cro_loss : 3.42447, 
epoch   2 summary: dyn_dyn_cos_loss: 0.00000, dyn_sta_cos_loss: 0.00000, total_cos_loss : 0.00000, vocab_cro_loss : 2.96404, 
epoch   3 summary: dyn_dyn_cos_loss: 0.00000, dyn_sta_cos_loss: 0.00000, total_cos_loss : 0.00000, vocab_cro_loss : 2.66314, 
epoch   4 summary: dyn_dyn_cos_loss: 0.01994, dyn_sta_cos_loss: 0.00537, total_cos_loss : 0.01120, vocab_cro_loss : 2.47669, 
epoch   5 summary: dyn_dyn_cos_loss: 0.00000, dyn_sta_cos_loss: 0.00000, total_cos_loss : 0.00000, vocab_cro_loss : 1.90223, 
epoch   6 summary: dyn_dyn_cos_loss: 0.00000, dyn_sta_cos_loss: 0.00000, total_cos_loss : 0.00000, vocab_cro_loss : 1.79879, 
epoch   7 summary: dyn_dyn_cos_loss: 0.00000, dyn_sta_cos_loss: 0.00000, total_cos_loss : 0.00000, vocab_cro_loss : 1.72843, 
epoch   8 summary: dyn_dyn_cos_loss: 0.01520, dyn_sta_cos_loss: 0.00385, total_cos_loss : 0.00839, vocab_cro_loss : 1.69379, 
epoch   9 summary: dyn_dyn_cos_loss: 0.00000, dyn_sta_cos_loss: 0.00000, total_cos_loss : 0.00000, vocab_cro_loss : 1.66855, 
epoch  10 summary: dyn_dyn_cos_loss: 0.00000, dyn_sta_cos_loss: 0.00000, total_cos_loss : 0.00000, vocab_cro_loss : 1.78614, 
train loss: 1.6266, train acc: 0.6152
epoch  11 summary: dyn_dyn_cos_loss: 0.00000, dyn_sta_cos_loss: 0.00000, total_cos_loss : 0.00000, vocab_cro_loss : 1.62614, 
epoch  12 summary: dyn_dyn_cos_loss: 0.01059, dyn_sta_cos_loss: 0.00320, total_cos_loss : 0.00615, vocab_cro_loss : 1.54162, 
epoch  13 summary: dyn_dyn_cos_loss: 0.00000, dyn_sta_cos_loss: 0.00000, total_cos_loss : 0.00000, vocab_cro_loss : 1.63048, 
epoch  14 summary: dyn_dyn_cos_loss: 0.00000, dyn_sta_cos_loss: 0.00000, total_cos_loss : 0.00000, vocab_cro_loss : 1.91444, 
epoch  15 summary: dyn_dyn_cos_loss: 0.00000, dyn_sta_cos_loss: 0.00000, total_cos_loss : 0.00000, vocab_cro_loss : 1.65781, 
epoch  16 summary: dyn_dyn_cos_loss: 0.00714, dyn_sta_cos_loss: 0.00322, total_cos_loss : 0.00479, vocab_cro_loss : 1.81329, 
epoch  17 summary: dyn_dyn_cos_loss: 0.00000, dyn_sta_cos_loss: 0.00000, total_cos_loss : 0.00000, vocab_cro_loss : 1.67190, 
epoch  18 summary: dyn_dyn_cos_loss: 0.00000, dyn_sta_cos_loss: 0.00000, total_cos_loss : 0.00000, vocab_cro_loss : 1.69186, 
epoch  19 summary: dyn_dyn_cos_loss: 0.00000, dyn_sta_cos_loss: 0.00000, total_cos_loss : 0.00000, vocab_cro_loss : 1.72833, 
epoch  20 summary: dyn_dyn_cos_loss: 0.00495, dyn_sta_cos_loss: 0.00276, total_cos_loss : 0.00363, vocab_cro_loss : 1.69879, 
train loss: 1.7416, train acc: 0.5664
epoch  21 summary: dyn_dyn_cos_loss: 0.00000, dyn_sta_cos_loss: 0.00000, total_cos_loss : 0.00000, vocab_cro_loss : 1.74044, 
epoch  22 summary: dyn_dyn_cos_loss: 0.00000, dyn_sta_cos_loss: 0.00000, total_cos_loss : 0.00000, vocab_cro_loss : 1.88791, 
epoch  23 summary: dyn_dyn_cos_loss: 0.00000, dyn_sta_cos_loss: 0.00000, total_cos_loss : 0.00000, vocab_cro_loss : 1.93340, 
epoch  24 summary: dyn_dyn_cos_loss: 0.00351, dyn_sta_cos_loss: 0.00259, total_cos_loss : 0.00296, vocab_cro_loss : 1.88703, 
epoch  25 summary: dyn_dyn_cos_loss: 0.00000, dyn_sta_cos_loss: 0.00000, total_cos_loss : 0.00000, vocab_cro_loss : 1.82809, 
epoch  26 summary: dyn_dyn_cos_loss: 0.00000, dyn_sta_cos_loss: 0.00000, total_cos_loss : 0.00000, vocab_cro_loss : 1.88394, 
epoch  27 summary: dyn_dyn_cos_loss: 0.00000, dyn_sta_cos_loss: 0.00000, total_cos_loss : 0.00000, vocab_cro_loss : 1.73141, 
epoch  28 summary: dyn_dyn_cos_loss: 0.00297, dyn_sta_cos_loss: 0.00249, total_cos_loss : 0.00268, vocab_cro_loss : 1.77735, 
epoch  29 summary: dyn_dyn_cos_loss: 0.00000, dyn_sta_cos_loss: 0.00000, total_cos_loss : 0.00000, vocab_cro_loss : 1.87377, 
epoch  30 summary: dyn_dyn_cos_loss: 0.00000, dyn_sta_cos_loss: 0.00000, total_cos_loss : 0.00000, vocab_cro_loss : 1.95705, 
train loss: 1.9320, train acc: 0.5146
epoch  31 summary: dyn_dyn_cos_loss: 0.00000, dyn_sta_cos_loss: 0.00000, total_cos_loss : 0.00000, vocab_cro_loss : 1.93042, 
epoch  32 summary: dyn_dyn_cos_loss: 0.00237, dyn_sta_cos_loss: 0.00282, total_cos_loss : 0.00264, vocab_cro_loss : 1.89973, 
epoch  33 summary: dyn_dyn_cos_loss: 0.00000, dyn_sta_cos_loss: 0.00000, total_cos_loss : 0.00000, vocab_cro_loss : 1.79587, 
epoch  34 summary: dyn_dyn_cos_loss: 0.00000, dyn_sta_cos_loss: 0.00000, total_cos_loss : 0.00000, vocab_cro_loss : 1.60193, 
epoch  35 summary: dyn_dyn_cos_loss: 0.00000, dyn_sta_cos_loss: 0.00000, total_cos_loss : 0.00000, vocab_cro_loss : 1.82771, 
epoch  36 summary: dyn_dyn_cos_loss: 0.00209, dyn_sta_cos_loss: 0.00268, total_cos_loss : 0.00245, vocab_cro_loss : 1.70378, 
epoch  37 summary: dyn_dyn_cos_loss: 0.00000, dyn_sta_cos_loss: 0.00000, total_cos_loss : 0.00000, vocab_cro_loss : 1.74758, 
epoch  38 summary: dyn_dyn_cos_loss: 0.00000, dyn_sta_cos_loss: 0.00000, total_cos_loss : 0.00000, vocab_cro_loss : 1.60188, 
epoch  39 summary: dyn_dyn_cos_loss: 0.00000, dyn_sta_cos_loss: 0.00000, total_cos_loss : 0.00000, vocab_cro_loss : 1.48910, 
epoch  40 summary: dyn_dyn_cos_loss: 0.00211, dyn_sta_cos_loss: 0.00265, total_cos_loss : 0.00244, vocab_cro_loss : 1.58244, 
train loss: 1.6843, train acc: 0.5322
epoch  41 summary: dyn_dyn_cos_loss: 0.00000, dyn_sta_cos_loss: 0.00000, total_cos_loss : 0.00000, vocab_cro_loss : 1.68277, 
epoch  42 summary: dyn_dyn_cos_loss: 0.00000, dyn_sta_cos_loss: 0.00000, total_cos_loss : 0.00000, vocab_cro_loss : 1.60124, 
epoch  43 summary: dyn_dyn_cos_loss: 0.00000, dyn_sta_cos_loss: 0.00000, total_cos_loss : 0.00000, vocab_cro_loss : 1.64743, 
epoch  44 summary: dyn_dyn_cos_loss: 0.00190, dyn_sta_cos_loss: 0.00250, total_cos_loss : 0.00226, vocab_cro_loss : 1.62433, 
epoch  45 summary: dyn_dyn_cos_loss: 0.00000, dyn_sta_cos_loss: 0.00000, total_cos_loss : 0.00000, vocab_cro_loss : 1.59415, 
epoch  46 summary: dyn_dyn_cos_loss: 0.00000, dyn_sta_cos_loss: 0.00000, total_cos_loss : 0.00000, vocab_cro_loss : 1.55835, 
epoch  47 summary: dyn_dyn_cos_loss: 0.00000, dyn_sta_cos_loss: 0.00000, total_cos_loss : 0.00000, vocab_cro_loss : 1.51996, 
epoch  48 summary: dyn_dyn_cos_loss: 0.00239, dyn_sta_cos_loss: 0.00260, total_cos_loss : 0.00252, vocab_cro_loss : 1.46876, 
epoch  49 summary: dyn_dyn_cos_loss: 0.00000, dyn_sta_cos_loss: 0.00000, total_cos_loss : 0.00000, vocab_cro_loss : 1.51271, 
epoch  50 summary: dyn_dyn_cos_loss: 0.00000, dyn_sta_cos_loss: 0.00000, total_cos_loss : 0.00000, vocab_cro_loss : 1.49984, 
train loss: 1.4410, train acc: 0.5996
epoch  51 summary: dyn_dyn_cos_loss: 0.00000, dyn_sta_cos_loss: 0.00000, total_cos_loss : 0.00000, vocab_cro_loss : 1.44027, 
epoch  52 summary: dyn_dyn_cos_loss: 0.00229, dyn_sta_cos_loss: 0.00253, total_cos_loss : 0.00244, vocab_cro_loss : 1.43441, 
epoch  53 summary: dyn_dyn_cos_loss: 0.00000, dyn_sta_cos_loss: 0.00000, total_cos_loss : 0.00000, vocab_cro_loss : 1.49108, 
epoch  54 summary: dyn_dyn_cos_loss: 0.00000, dyn_sta_cos_loss: 0.00000, total_cos_loss : 0.00000, vocab_cro_loss : 1.45250, 
epoch  55 summary: dyn_dyn_cos_loss: 0.00000, dyn_sta_cos_loss: 0.00000, total_cos_loss : 0.00000, vocab_cro_loss : 1.38452, 
epoch  56 summary: dyn_dyn_cos_loss: 0.00198, dyn_sta_cos_loss: 0.00245, total_cos_loss : 0.00226, vocab_cro_loss : 1.34513, 
epoch  57 summary: dyn_dyn_cos_loss: 0.00000, dyn_sta_cos_loss: 0.00000, total_cos_loss : 0.00000, vocab_cro_loss : 1.46499, 
epoch  58 summary: dyn_dyn_cos_loss: 0.00000, dyn_sta_cos_loss: 0.00000, total_cos_loss : 0.00000, vocab_cro_loss : 1.38948, 
epoch  59 summary: dyn_dyn_cos_loss: 0.00000, dyn_sta_cos_loss: 0.00000, total_cos_loss : 0.00000, vocab_cro_loss : 1.38427, 
epoch  60 summary: dyn_dyn_cos_loss: 0.00191, dyn_sta_cos_loss: 0.00255, total_cos_loss : 0.00230, vocab_cro_loss : 1.35891, 
train loss: 1.4433, train acc: 0.6113
epoch  61 summary: dyn_dyn_cos_loss: 0.00000, dyn_sta_cos_loss: 0.00000, total_cos_loss : 0.00000, vocab_cro_loss : 1.44233, 
epoch  62 summary: dyn_dyn_cos_loss: 0.00000, dyn_sta_cos_loss: 0.00000, total_cos_loss : 0.00000, vocab_cro_loss : 1.35561, 
epoch  63 summary: dyn_dyn_cos_loss: 0.00000, dyn_sta_cos_loss: 0.00000, total_cos_loss : 0.00000, vocab_cro_loss : 1.33252, 
epoch  64 summary: dyn_dyn_cos_loss: 0.00184, dyn_sta_cos_loss: 0.00253, total_cos_loss : 0.00226, vocab_cro_loss : 1.28381, 
epoch  65 summary: dyn_dyn_cos_loss: 0.00000, dyn_sta_cos_loss: 0.00000, total_cos_loss : 0.00000, vocab_cro_loss : 1.30797, 
epoch  66 summary: dyn_dyn_cos_loss: 0.00000, dyn_sta_cos_loss: 0.00000, total_cos_loss : 0.00000, vocab_cro_loss : 1.30638, 
epoch  67 summary: dyn_dyn_cos_loss: 0.00000, dyn_sta_cos_loss: 0.00000, total_cos_loss : 0.00000, vocab_cro_loss : 1.29374, 
epoch  68 summary: dyn_dyn_cos_loss: 0.00173, dyn_sta_cos_loss: 0.00232, total_cos_loss : 0.00208, vocab_cro_loss : 1.30709, 
epoch  69 summary: dyn_dyn_cos_loss: 0.00000, dyn_sta_cos_loss: 0.00000, total_cos_loss : 0.00000, vocab_cro_loss : 1.31474, 
epoch  70 summary: dyn_dyn_cos_loss: 0.00000, dyn_sta_cos_loss: 0.00000, total_cos_loss : 0.00000, vocab_cro_loss : 1.32566, 
train loss: 1.2849, train acc: 0.6338
epoch  71 summary: dyn_dyn_cos_loss: 0.00000, dyn_sta_cos_loss: 0.00000, total_cos_loss : 0.00000, vocab_cro_loss : 1.28462, 
epoch  72 summary: dyn_dyn_cos_loss: 0.00166, dyn_sta_cos_loss: 0.00229, total_cos_loss : 0.00204, vocab_cro_loss : 1.27354, 
epoch  73 summary: dyn_dyn_cos_loss: 0.00000, dyn_sta_cos_loss: 0.00000, total_cos_loss : 0.00000, vocab_cro_loss : 1.45141, 
epoch  74 summary: dyn_dyn_cos_loss: 0.00000, dyn_sta_cos_loss: 0.00000, total_cos_loss : 0.00000, vocab_cro_loss : 1.46199, 
epoch  75 summary: dyn_dyn_cos_loss: 0.00000, dyn_sta_cos_loss: 0.00000, total_cos_loss : 0.00000, vocab_cro_loss : 1.51331, 
epoch  76 summary: dyn_dyn_cos_loss: 0.00173, dyn_sta_cos_loss: 0.00246, total_cos_loss : 0.00217, vocab_cro_loss : 1.45202, 
epoch  77 summary: dyn_dyn_cos_loss: 0.00000, dyn_sta_cos_loss: 0.00000, total_cos_loss : 0.00000, vocab_cro_loss : 1.62484, 
epoch  78 summary: dyn_dyn_cos_loss: 0.00000, dyn_sta_cos_loss: 0.00000, total_cos_loss : 0.00000, vocab_cro_loss : 1.36773, 
epoch  79 summary: dyn_dyn_cos_loss: 0.00000, dyn_sta_cos_loss: 0.00000, total_cos_loss : 0.00000, vocab_cro_loss : 1.73404, 
epoch  80 summary: dyn_dyn_cos_loss: 0.00175, dyn_sta_cos_loss: 0.00258, total_cos_loss : 0.00225, vocab_cro_loss : 1.40720, 
train loss: 1.4454, train acc: 0.5947
epoch  81 summary: dyn_dyn_cos_loss: 0.00000, dyn_sta_cos_loss: 0.00000, total_cos_loss : 0.00000, vocab_cro_loss : 1.44465, 
epoch  82 summary: dyn_dyn_cos_loss: 0.00000, dyn_sta_cos_loss: 0.00000, total_cos_loss : 0.00000, vocab_cro_loss : 1.44773, 
epoch  83 summary: dyn_dyn_cos_loss: 0.00000, dyn_sta_cos_loss: 0.00000, total_cos_loss : 0.00000, vocab_cro_loss : 1.41817, 
epoch  84 summary: dyn_dyn_cos_loss: 0.00177, dyn_sta_cos_loss: 0.00248, total_cos_loss : 0.00219, vocab_cro_loss : 1.40958, 
epoch  85 summary: dyn_dyn_cos_loss: 0.00000, dyn_sta_cos_loss: 0.00000, total_cos_loss : 0.00000, vocab_cro_loss : 1.42691, 
epoch  86 summary: dyn_dyn_cos_loss: 0.00000, dyn_sta_cos_loss: 0.00000, total_cos_loss : 0.00000, vocab_cro_loss : 1.48455, 
epoch  87 summary: dyn_dyn_cos_loss: 0.00000, dyn_sta_cos_loss: 0.00000, total_cos_loss : 0.00000, vocab_cro_loss : 1.47535, 
epoch  88 summary: dyn_dyn_cos_loss: 0.00163, dyn_sta_cos_loss: 0.00241, total_cos_loss : 0.00210, vocab_cro_loss : 1.42340, 
epoch  89 summary: dyn_dyn_cos_loss: 0.00000, dyn_sta_cos_loss: 0.00000, total_cos_loss : 0.00000, vocab_cro_loss : 1.43887, 
epoch  90 summary: dyn_dyn_cos_loss: 0.00000, dyn_sta_cos_loss: 0.00000, total_cos_loss : 0.00000, vocab_cro_loss : 1.49632, 
train loss: 1.4681, train acc: 0.6094
epoch  91 summary: dyn_dyn_cos_loss: 0.00000, dyn_sta_cos_loss: 0.00000, total_cos_loss : 0.00000, vocab_cro_loss : 1.46753, 
epoch  92 summary: dyn_dyn_cos_loss: 0.00160, dyn_sta_cos_loss: 0.00249, total_cos_loss : 0.00214, vocab_cro_loss : 1.45440, 
epoch  93 summary: dyn_dyn_cos_loss: 0.00000, dyn_sta_cos_loss: 0.00000, total_cos_loss : 0.00000, vocab_cro_loss : 1.57119, 
epoch  94 summary: dyn_dyn_cos_loss: 0.00000, dyn_sta_cos_loss: 0.00000, total_cos_loss : 0.00000, vocab_cro_loss : 1.44557, 
epoch  95 summary: dyn_dyn_cos_loss: 0.00000, dyn_sta_cos_loss: 0.00000, total_cos_loss : 0.00000, vocab_cro_loss : 1.63097, 
epoch  96 summary: dyn_dyn_cos_loss: 0.00163, dyn_sta_cos_loss: 0.00284, total_cos_loss : 0.00235, vocab_cro_loss : 1.55962, 
epoch  97 summary: dyn_dyn_cos_loss: 0.00000, dyn_sta_cos_loss: 0.00000, total_cos_loss : 0.00000, vocab_cro_loss : 1.51475, 
epoch  98 summary: dyn_dyn_cos_loss: 0.00000, dyn_sta_cos_loss: 0.00000, total_cos_loss : 0.00000, vocab_cro_loss : 1.45155, 
epoch  99 summary: dyn_dyn_cos_loss: 0.00000, dyn_sta_cos_loss: 0.00000, total_cos_loss : 0.00000, vocab_cro_loss : 1.41833, 
epoch 100 summary: dyn_dyn_cos_loss: 0.00194, dyn_sta_cos_loss: 0.00249, total_cos_loss : 0.00227, vocab_cro_loss : 1.53069, 
train loss: 1.4721, train acc: 0.6016
epoch 101 summary: dyn_dyn_cos_loss: 0.00000, dyn_sta_cos_loss: 0.00000, total_cos_loss : 0.00000, vocab_cro_loss : 1.47151, 
epoch 102 summary: dyn_dyn_cos_loss: 0.00000, dyn_sta_cos_loss: 0.00000, total_cos_loss : 0.00000, vocab_cro_loss : 1.52314, 
epoch 103 summary: dyn_dyn_cos_loss: 0.00000, dyn_sta_cos_loss: 0.00000, total_cos_loss : 0.00000, vocab_cro_loss : 1.36461, 
epoch 104 summary: dyn_dyn_cos_loss: 0.00169, dyn_sta_cos_loss: 0.00248, total_cos_loss : 0.00216, vocab_cro_loss : 1.46875, 
epoch 105 summary: dyn_dyn_cos_loss: 0.00000, dyn_sta_cos_loss: 0.00000, total_cos_loss : 0.00000, vocab_cro_loss : 1.47268, 
epoch 106 summary: dyn_dyn_cos_loss: 0.00000, dyn_sta_cos_loss: 0.00000, total_cos_loss : 0.00000, vocab_cro_loss : 1.39796, 
epoch 107 summary: dyn_dyn_cos_loss: 0.00000, dyn_sta_cos_loss: 0.00000, total_cos_loss : 0.00000, vocab_cro_loss : 1.42881, 
epoch 108 summary: dyn_dyn_cos_loss: 0.00169, dyn_sta_cos_loss: 0.00241, total_cos_loss : 0.00212, vocab_cro_loss : 1.41510, 
epoch 109 summary: dyn_dyn_cos_loss: 0.00000, dyn_sta_cos_loss: 0.00000, total_cos_loss : 0.00000, vocab_cro_loss : 1.37997, 
epoch 110 summary: dyn_dyn_cos_loss: 0.00000, dyn_sta_cos_loss: 0.00000, total_cos_loss : 0.00000, vocab_cro_loss : 1.32728, 
train loss: 1.3483, train acc: 0.6377
epoch 111 summary: dyn_dyn_cos_loss: 0.00000, dyn_sta_cos_loss: 0.00000, total_cos_loss : 0.00000, vocab_cro_loss : 1.34792, 
epoch 112 summary: dyn_dyn_cos_loss: 0.00157, dyn_sta_cos_loss: 0.00249, total_cos_loss : 0.00212, vocab_cro_loss : 1.37625, 
epoch 113 summary: dyn_dyn_cos_loss: 0.00000, dyn_sta_cos_loss: 0.00000, total_cos_loss : 0.00000, vocab_cro_loss : 1.40588, 
epoch 114 summary: dyn_dyn_cos_loss: 0.00000, dyn_sta_cos_loss: 0.00000, total_cos_loss : 0.00000, vocab_cro_loss : 1.35235, 
epoch 115 summary: dyn_dyn_cos_loss: 0.00000, dyn_sta_cos_loss: 0.00000, total_cos_loss : 0.00000, vocab_cro_loss : 1.33898, 
epoch 116 summary: dyn_dyn_cos_loss: 0.00157, dyn_sta_cos_loss: 0.00243, total_cos_loss : 0.00208, vocab_cro_loss : 1.33441, 
epoch 117 summary: dyn_dyn_cos_loss: 0.00000, dyn_sta_cos_loss: 0.00000, total_cos_loss : 0.00000, vocab_cro_loss : 1.41745, 
epoch 118 summary: dyn_dyn_cos_loss: 0.00000, dyn_sta_cos_loss: 0.00000, total_cos_loss : 0.00000, vocab_cro_loss : 1.44340, 
epoch 119 summary: dyn_dyn_cos_loss: 0.00000, dyn_sta_cos_loss: 0.00000, total_cos_loss : 0.00000, vocab_cro_loss : 1.44836, 
epoch 120 summary: dyn_dyn_cos_loss: 0.00155, dyn_sta_cos_loss: 0.00248, total_cos_loss : 0.00211, vocab_cro_loss : 1.60428, 
train loss: 1.5878, train acc: 0.5859
epoch 121 summary: dyn_dyn_cos_loss: 0.00000, dyn_sta_cos_loss: 0.00000, total_cos_loss : 0.00000, vocab_cro_loss : 1.58645, 
epoch 122 summary: dyn_dyn_cos_loss: 0.00000, dyn_sta_cos_loss: 0.00000, total_cos_loss : 0.00000, vocab_cro_loss : 1.55651, 
epoch 123 summary: dyn_dyn_cos_loss: 0.00000, dyn_sta_cos_loss: 0.00000, total_cos_loss : 0.00000, vocab_cro_loss : 1.54579, 
epoch 124 summary: dyn_dyn_cos_loss: 0.00158, dyn_sta_cos_loss: 0.00275, total_cos_loss : 0.00228, vocab_cro_loss : 1.59384, 
epoch 125 summary: dyn_dyn_cos_loss: 0.00000, dyn_sta_cos_loss: 0.00000, total_cos_loss : 0.00000, vocab_cro_loss : 1.56281, 
epoch 126 summary: dyn_dyn_cos_loss: 0.00000, dyn_sta_cos_loss: 0.00000, total_cos_loss : 0.00000, vocab_cro_loss : 1.42799, 
epoch 127 summary: dyn_dyn_cos_loss: 0.00000, dyn_sta_cos_loss: 0.00000, total_cos_loss : 0.00000, vocab_cro_loss : 1.34704, 
epoch 128 summary: dyn_dyn_cos_loss: 0.00176, dyn_sta_cos_loss: 0.00246, total_cos_loss : 0.00218, vocab_cro_loss : 1.38650, 
epoch 129 summary: dyn_dyn_cos_loss: 0.00000, dyn_sta_cos_loss: 0.00000, total_cos_loss : 0.00000, vocab_cro_loss : 1.47584, 
epoch 130 summary: dyn_dyn_cos_loss: 0.00000, dyn_sta_cos_loss: 0.00000, total_cos_loss : 0.00000, vocab_cro_loss : 1.54650, 
train loss: 1.5541, train acc: 0.5977
epoch 131 summary: dyn_dyn_cos_loss: 0.00000, dyn_sta_cos_loss: 0.00000, total_cos_loss : 0.00000, vocab_cro_loss : 1.55331, 
epoch 132 summary: dyn_dyn_cos_loss: 0.00165, dyn_sta_cos_loss: 0.00276, total_cos_loss : 0.00231, vocab_cro_loss : 1.43554, 
epoch 133 summary: dyn_dyn_cos_loss: 0.00000, dyn_sta_cos_loss: 0.00000, total_cos_loss : 0.00000, vocab_cro_loss : 1.46254, 
epoch 134 summary: dyn_dyn_cos_loss: 0.00000, dyn_sta_cos_loss: 0.00000, total_cos_loss : 0.00000, vocab_cro_loss : 1.44614, 
epoch 135 summary: dyn_dyn_cos_loss: 0.00000, dyn_sta_cos_loss: 0.00000, total_cos_loss : 0.00000, vocab_cro_loss : 1.38265, 
epoch 136 summary: dyn_dyn_cos_loss: 0.00168, dyn_sta_cos_loss: 0.00250, total_cos_loss : 0.00217, vocab_cro_loss : 1.37282, 
epoch 137 summary: dyn_dyn_cos_loss: 0.00000, dyn_sta_cos_loss: 0.00000, total_cos_loss : 0.00000, vocab_cro_loss : 1.41095, 
epoch 138 summary: dyn_dyn_cos_loss: 0.00000, dyn_sta_cos_loss: 0.00000, total_cos_loss : 0.00000, vocab_cro_loss : 1.34286, 
epoch 139 summary: dyn_dyn_cos_loss: 0.00000, dyn_sta_cos_loss: 0.00000, total_cos_loss : 0.00000, vocab_cro_loss : 1.29300, 
epoch 140 summary: dyn_dyn_cos_loss: 0.00158, dyn_sta_cos_loss: 0.00241, total_cos_loss : 0.00208, vocab_cro_loss : 1.27190, 
train loss: 1.3349, train acc: 0.6055
epoch 141 summary: dyn_dyn_cos_loss: 0.00000, dyn_sta_cos_loss: 0.00000, total_cos_loss : 0.00000, vocab_cro_loss : 1.33465, 
epoch 142 summary: dyn_dyn_cos_loss: 0.00000, dyn_sta_cos_loss: 0.00000, total_cos_loss : 0.00000, vocab_cro_loss : 1.31541, 
epoch 143 summary: dyn_dyn_cos_loss: 0.00000, dyn_sta_cos_loss: 0.00000, total_cos_loss : 0.00000, vocab_cro_loss : 1.26895, 
epoch 144 summary: dyn_dyn_cos_loss: 0.00161, dyn_sta_cos_loss: 0.00231, total_cos_loss : 0.00203, vocab_cro_loss : 1.25912, 
epoch 145 summary: dyn_dyn_cos_loss: 0.00000, dyn_sta_cos_loss: 0.00000, total_cos_loss : 0.00000, vocab_cro_loss : 1.32279, 
epoch 146 summary: dyn_dyn_cos_loss: 0.00000, dyn_sta_cos_loss: 0.00000, total_cos_loss : 0.00000, vocab_cro_loss : 1.31729, 
epoch 147 summary: dyn_dyn_cos_loss: 0.00000, dyn_sta_cos_loss: 0.00000, total_cos_loss : 0.00000, vocab_cro_loss : 1.29796, 
epoch 148 summary: dyn_dyn_cos_loss: 0.00154, dyn_sta_cos_loss: 0.00236, total_cos_loss : 0.00203, vocab_cro_loss : 1.55541, 
epoch 149 summary: dyn_dyn_cos_loss: 0.00000, dyn_sta_cos_loss: 0.00000, total_cos_loss : 0.00000, vocab_cro_loss : 1.60241, 
epoch 150 summary: dyn_dyn_cos_loss: 0.00000, dyn_sta_cos_loss: 0.00000, total_cos_loss : 0.00000, vocab_cro_loss : 1.59550, 
train loss: 1.3362, train acc: 0.6426
epoch 151 summary: dyn_dyn_cos_loss: 0.00000, dyn_sta_cos_loss: 0.00000, total_cos_loss : 0.00000, vocab_cro_loss : 1.33589, 
epoch 152 summary: dyn_dyn_cos_loss: 0.00161, dyn_sta_cos_loss: 0.00249, total_cos_loss : 0.00214, vocab_cro_loss : 1.28193, 
epoch 153 summary: dyn_dyn_cos_loss: 0.00000, dyn_sta_cos_loss: 0.00000, total_cos_loss : 0.00000, vocab_cro_loss : 1.33173, 
epoch 154 summary: dyn_dyn_cos_loss: 0.00000, dyn_sta_cos_loss: 0.00000, total_cos_loss : 0.00000, vocab_cro_loss : 1.29806, 
epoch 155 summary: dyn_dyn_cos_loss: 0.00000, dyn_sta_cos_loss: 0.00000, total_cos_loss : 0.00000, vocab_cro_loss : 1.27907, 
epoch 156 summary: dyn_dyn_cos_loss: 0.00159, dyn_sta_cos_loss: 0.00229, total_cos_loss : 0.00201, vocab_cro_loss : 1.29952, 
epoch 157 summary: dyn_dyn_cos_loss: 0.00000, dyn_sta_cos_loss: 0.00000, total_cos_loss : 0.00000, vocab_cro_loss : 1.34430, 
epoch 158 summary: dyn_dyn_cos_loss: 0.00000, dyn_sta_cos_loss: 0.00000, total_cos_loss : 0.00000, vocab_cro_loss : 1.32119, 
epoch 159 summary: dyn_dyn_cos_loss: 0.00000, dyn_sta_cos_loss: 0.00000, total_cos_loss : 0.00000, vocab_cro_loss : 1.30658, 
epoch 160 summary: dyn_dyn_cos_loss: 0.00155, dyn_sta_cos_loss: 0.00215, total_cos_loss : 0.00191, vocab_cro_loss : 1.32679, 
train loss: 1.4336, train acc: 0.6055
epoch 161 summary: dyn_dyn_cos_loss: 0.00000, dyn_sta_cos_loss: 0.00000, total_cos_loss : 0.00000, vocab_cro_loss : 1.43244, 
epoch 162 summary: dyn_dyn_cos_loss: 0.00000, dyn_sta_cos_loss: 0.00000, total_cos_loss : 0.00000, vocab_cro_loss : 1.31948, 
epoch 163 summary: dyn_dyn_cos_loss: 0.00000, dyn_sta_cos_loss: 0.00000, total_cos_loss : 0.00000, vocab_cro_loss : 1.26747, 
epoch 164 summary: dyn_dyn_cos_loss: 0.00148, dyn_sta_cos_loss: 0.00235, total_cos_loss : 0.00200, vocab_cro_loss : 1.30308, 
epoch 165 summary: dyn_dyn_cos_loss: 0.00000, dyn_sta_cos_loss: 0.00000, total_cos_loss : 0.00000, vocab_cro_loss : 1.35836, 
epoch 166 summary: dyn_dyn_cos_loss: 0.00000, dyn_sta_cos_loss: 0.00000, total_cos_loss : 0.00000, vocab_cro_loss : 1.35328, 
epoch 167 summary: dyn_dyn_cos_loss: 0.00000, dyn_sta_cos_loss: 0.00000, total_cos_loss : 0.00000, vocab_cro_loss : 1.26526, 
epoch 168 summary: dyn_dyn_cos_loss: 0.00154, dyn_sta_cos_loss: 0.00244, total_cos_loss : 0.00208, vocab_cro_loss : 1.23232, 
epoch 169 summary: dyn_dyn_cos_loss: 0.00000, dyn_sta_cos_loss: 0.00000, total_cos_loss : 0.00000, vocab_cro_loss : 1.29099, 
epoch 170 summary: dyn_dyn_cos_loss: 0.00000, dyn_sta_cos_loss: 0.00000, total_cos_loss : 0.00000, vocab_cro_loss : 1.29083, 
train loss: 1.3085, train acc: 0.6377
epoch 171 summary: dyn_dyn_cos_loss: 0.00000, dyn_sta_cos_loss: 0.00000, total_cos_loss : 0.00000, vocab_cro_loss : 1.30826, 
epoch 172 summary: dyn_dyn_cos_loss: 0.00159, dyn_sta_cos_loss: 0.00246, total_cos_loss : 0.00212, vocab_cro_loss : 1.27172, 
epoch 173 summary: dyn_dyn_cos_loss: 0.00000, dyn_sta_cos_loss: 0.00000, total_cos_loss : 0.00000, vocab_cro_loss : 1.36212, 
epoch 174 summary: dyn_dyn_cos_loss: 0.00000, dyn_sta_cos_loss: 0.00000, total_cos_loss : 0.00000, vocab_cro_loss : 1.37541, 
epoch 175 summary: dyn_dyn_cos_loss: 0.00000, dyn_sta_cos_loss: 0.00000, total_cos_loss : 0.00000, vocab_cro_loss : 1.37347, 
epoch 176 summary: dyn_dyn_cos_loss: 0.00166, dyn_sta_cos_loss: 0.00242, total_cos_loss : 0.00212, vocab_cro_loss : 1.38811, 
epoch 177 summary: dyn_dyn_cos_loss: 0.00000, dyn_sta_cos_loss: 0.00000, total_cos_loss : 0.00000, vocab_cro_loss : 1.41087, 
epoch 178 summary: dyn_dyn_cos_loss: 0.00000, dyn_sta_cos_loss: 0.00000, total_cos_loss : 0.00000, vocab_cro_loss : 1.37343, 
epoch 179 summary: dyn_dyn_cos_loss: 0.00000, dyn_sta_cos_loss: 0.00000, total_cos_loss : 0.00000, vocab_cro_loss : 1.36227, 
epoch 180 summary: dyn_dyn_cos_loss: 0.00166, dyn_sta_cos_loss: 0.00231, total_cos_loss : 0.00205, vocab_cro_loss : 1.34062, 
train loss: 1.3797, train acc: 0.6006
epoch 181 summary: dyn_dyn_cos_loss: 0.00000, dyn_sta_cos_loss: 0.00000, total_cos_loss : 0.00000, vocab_cro_loss : 1.37926, 
epoch 182 summary: dyn_dyn_cos_loss: 0.00000, dyn_sta_cos_loss: 0.00000, total_cos_loss : 0.00000, vocab_cro_loss : 1.39393, 
epoch 183 summary: dyn_dyn_cos_loss: 0.00000, dyn_sta_cos_loss: 0.00000, total_cos_loss : 0.00000, vocab_cro_loss : 1.39431, 
epoch 184 summary: dyn_dyn_cos_loss: 0.00160, dyn_sta_cos_loss: 0.00224, total_cos_loss : 0.00198, vocab_cro_loss : 1.36255, 
epoch 185 summary: dyn_dyn_cos_loss: 0.00000, dyn_sta_cos_loss: 0.00000, total_cos_loss : 0.00000, vocab_cro_loss : 1.51409, 
epoch 186 summary: dyn_dyn_cos_loss: 0.00000, dyn_sta_cos_loss: 0.00000, total_cos_loss : 0.00000, vocab_cro_loss : 1.58422, 
epoch 187 summary: dyn_dyn_cos_loss: 0.00000, dyn_sta_cos_loss: 0.00000, total_cos_loss : 0.00000, vocab_cro_loss : 1.53811, 
epoch 188 summary: dyn_dyn_cos_loss: 0.00152, dyn_sta_cos_loss: 0.00234, total_cos_loss : 0.00201, vocab_cro_loss : 1.50985, 
epoch 189 summary: dyn_dyn_cos_loss: 0.00000, dyn_sta_cos_loss: 0.00000, total_cos_loss : 0.00000, vocab_cro_loss : 1.53591, 
epoch 190 summary: dyn_dyn_cos_loss: 0.00000, dyn_sta_cos_loss: 0.00000, total_cos_loss : 0.00000, vocab_cro_loss : 1.46346, 
train loss: 1.4359, train acc: 0.5967
epoch 191 summary: dyn_dyn_cos_loss: 0.00000, dyn_sta_cos_loss: 0.00000, total_cos_loss : 0.00000, vocab_cro_loss : 1.43521, 
epoch 192 summary: dyn_dyn_cos_loss: 0.00157, dyn_sta_cos_loss: 0.00230, total_cos_loss : 0.00200, vocab_cro_loss : 1.46124, 
epoch 193 summary: dyn_dyn_cos_loss: 0.00000, dyn_sta_cos_loss: 0.00000, total_cos_loss : 0.00000, vocab_cro_loss : 1.52781, 
epoch 194 summary: dyn_dyn_cos_loss: 0.00000, dyn_sta_cos_loss: 0.00000, total_cos_loss : 0.00000, vocab_cro_loss : 1.50743, 
epoch 195 summary: dyn_dyn_cos_loss: 0.00000, dyn_sta_cos_loss: 0.00000, total_cos_loss : 0.00000, vocab_cro_loss : 1.47525, 
epoch 196 summary: dyn_dyn_cos_loss: 0.00152, dyn_sta_cos_loss: 0.00256, total_cos_loss : 0.00214, vocab_cro_loss : 1.41768, 
epoch 197 summary: dyn_dyn_cos_loss: 0.00000, dyn_sta_cos_loss: 0.00000, total_cos_loss : 0.00000, vocab_cro_loss : 1.44884, 
epoch 198 summary: dyn_dyn_cos_loss: 0.00000, dyn_sta_cos_loss: 0.00000, total_cos_loss : 0.00000, vocab_cro_loss : 1.51622, 
epoch 199 summary: dyn_dyn_cos_loss: 0.00000, dyn_sta_cos_loss: 0.00000, total_cos_loss : 0.00000, vocab_cro_loss : 1.44058, 
epoch 200 summary: dyn_dyn_cos_loss: 0.00174, dyn_sta_cos_loss: 0.00240, total_cos_loss : 0.00214, vocab_cro_loss : 1.36996, 
train loss: 1.4178, train acc: 0.5830
epoch 201 summary: dyn_dyn_cos_loss: 0.00000, dyn_sta_cos_loss: 0.00000, total_cos_loss : 0.00000, vocab_cro_loss : 1.41738, 
epoch 202 summary: dyn_dyn_cos_loss: 0.00000, dyn_sta_cos_loss: 0.00000, total_cos_loss : 0.00000, vocab_cro_loss : 1.39511, 
epoch 203 summary: dyn_dyn_cos_loss: 0.00000, dyn_sta_cos_loss: 0.00000, total_cos_loss : 0.00000, vocab_cro_loss : 1.39976, 
epoch 204 summary: dyn_dyn_cos_loss: 0.00168, dyn_sta_cos_loss: 0.00241, total_cos_loss : 0.00212, vocab_cro_loss : 1.35651, 
epoch 205 summary: dyn_dyn_cos_loss: 0.00000, dyn_sta_cos_loss: 0.00000, total_cos_loss : 0.00000, vocab_cro_loss : 1.39829, 
epoch 206 summary: dyn_dyn_cos_loss: 0.00000, dyn_sta_cos_loss: 0.00000, total_cos_loss : 0.00000, vocab_cro_loss : 1.33179, 
epoch 207 summary: dyn_dyn_cos_loss: 0.00000, dyn_sta_cos_loss: 0.00000, total_cos_loss : 0.00000, vocab_cro_loss : 1.39838, 
epoch 208 summary: dyn_dyn_cos_loss: 0.00160, dyn_sta_cos_loss: 0.00248, total_cos_loss : 0.00213, vocab_cro_loss : 1.37572, 
epoch 209 summary: dyn_dyn_cos_loss: 0.00000, dyn_sta_cos_loss: 0.00000, total_cos_loss : 0.00000, vocab_cro_loss : 1.40979, 
epoch 210 summary: dyn_dyn_cos_loss: 0.00000, dyn_sta_cos_loss: 0.00000, total_cos_loss : 0.00000, vocab_cro_loss : 1.40320, 
train loss: 1.3725, train acc: 0.6045
epoch 211 summary: dyn_dyn_cos_loss: 0.00000, dyn_sta_cos_loss: 0.00000, total_cos_loss : 0.00000, vocab_cro_loss : 1.37192, 
epoch 212 summary: dyn_dyn_cos_loss: 0.00162, dyn_sta_cos_loss: 0.00238, total_cos_loss : 0.00207, vocab_cro_loss : 1.52610, 
epoch 213 summary: dyn_dyn_cos_loss: 0.00000, dyn_sta_cos_loss: 0.00000, total_cos_loss : 0.00000, vocab_cro_loss : 1.58486, 
epoch 214 summary: dyn_dyn_cos_loss: 0.00000, dyn_sta_cos_loss: 0.00000, total_cos_loss : 0.00000, vocab_cro_loss : 1.50672, 
epoch 215 summary: dyn_dyn_cos_loss: 0.00000, dyn_sta_cos_loss: 0.00000, total_cos_loss : 0.00000, vocab_cro_loss : 1.77277, 
epoch 216 summary: dyn_dyn_cos_loss: 0.00158, dyn_sta_cos_loss: 0.00276, total_cos_loss : 0.00229, vocab_cro_loss : 1.61573, 
epoch 217 summary: dyn_dyn_cos_loss: 0.00000, dyn_sta_cos_loss: 0.00000, total_cos_loss : 0.00000, vocab_cro_loss : 1.73825, 
epoch 218 summary: dyn_dyn_cos_loss: 0.00000, dyn_sta_cos_loss: 0.00000, total_cos_loss : 0.00000, vocab_cro_loss : 1.54844, 
epoch 219 summary: dyn_dyn_cos_loss: 0.00000, dyn_sta_cos_loss: 0.00000, total_cos_loss : 0.00000, vocab_cro_loss : 1.47233, 
epoch 220 summary: dyn_dyn_cos_loss: 0.00171, dyn_sta_cos_loss: 0.00233, total_cos_loss : 0.00208, vocab_cro_loss : 1.38587, 
train loss: 1.4503, train acc: 0.6055
epoch 221 summary: dyn_dyn_cos_loss: 0.00000, dyn_sta_cos_loss: 0.00000, total_cos_loss : 0.00000, vocab_cro_loss : 1.44960, 
epoch 222 summary: dyn_dyn_cos_loss: 0.00000, dyn_sta_cos_loss: 0.00000, total_cos_loss : 0.00000, vocab_cro_loss : 1.45430, 
epoch 223 summary: dyn_dyn_cos_loss: 0.00000, dyn_sta_cos_loss: 0.00000, total_cos_loss : 0.00000, vocab_cro_loss : 1.41693, 
epoch 224 summary: dyn_dyn_cos_loss: 0.00159, dyn_sta_cos_loss: 0.00253, total_cos_loss : 0.00216, vocab_cro_loss : 1.40661, 
epoch 225 summary: dyn_dyn_cos_loss: 0.00000, dyn_sta_cos_loss: 0.00000, total_cos_loss : 0.00000, vocab_cro_loss : 1.42565, 
epoch 226 summary: dyn_dyn_cos_loss: 0.00000, dyn_sta_cos_loss: 0.00000, total_cos_loss : 0.00000, vocab_cro_loss : 1.51302, 
epoch 227 summary: dyn_dyn_cos_loss: 0.00000, dyn_sta_cos_loss: 0.00000, total_cos_loss : 0.00000, vocab_cro_loss : 1.42275, 
epoch 228 summary: dyn_dyn_cos_loss: 0.00166, dyn_sta_cos_loss: 0.00234, total_cos_loss : 0.00207, vocab_cro_loss : 1.41629, 
epoch 229 summary: dyn_dyn_cos_loss: 0.00000, dyn_sta_cos_loss: 0.00000, total_cos_loss : 0.00000, vocab_cro_loss : 1.42046, 
epoch 230 summary: dyn_dyn_cos_loss: 0.00000, dyn_sta_cos_loss: 0.00000, total_cos_loss : 0.00000, vocab_cro_loss : 1.38033, 
train loss: 1.3958, train acc: 0.6084
epoch 231 summary: dyn_dyn_cos_loss: 0.00000, dyn_sta_cos_loss: 0.00000, total_cos_loss : 0.00000, vocab_cro_loss : 1.39517, 
epoch 232 summary: dyn_dyn_cos_loss: 0.00166, dyn_sta_cos_loss: 0.00207, total_cos_loss : 0.00190, vocab_cro_loss : 1.36868, 
epoch 233 summary: dyn_dyn_cos_loss: 0.00000, dyn_sta_cos_loss: 0.00000, total_cos_loss : 0.00000, vocab_cro_loss : 1.40056, 
epoch 234 summary: dyn_dyn_cos_loss: 0.00000, dyn_sta_cos_loss: 0.00000, total_cos_loss : 0.00000, vocab_cro_loss : 1.38487, 
epoch 235 summary: dyn_dyn_cos_loss: 0.00000, dyn_sta_cos_loss: 0.00000, total_cos_loss : 0.00000, vocab_cro_loss : 1.34904, 
epoch 236 summary: dyn_dyn_cos_loss: 0.00155, dyn_sta_cos_loss: 0.00216, total_cos_loss : 0.00192, vocab_cro_loss : 1.36995, 
epoch 237 summary: dyn_dyn_cos_loss: 0.00000, dyn_sta_cos_loss: 0.00000, total_cos_loss : 0.00000, vocab_cro_loss : 1.36139, 
epoch 238 summary: dyn_dyn_cos_loss: 0.00000, dyn_sta_cos_loss: 0.00000, total_cos_loss : 0.00000, vocab_cro_loss : 1.31709, 
epoch 239 summary: dyn_dyn_cos_loss: 0.00000, dyn_sta_cos_loss: 0.00000, total_cos_loss : 0.00000, vocab_cro_loss : 1.28260, 
epoch 240 summary: dyn_dyn_cos_loss: 0.00151, dyn_sta_cos_loss: 0.00225, total_cos_loss : 0.00196, vocab_cro_loss : 1.26285, 
train loss: 1.3172, train acc: 0.6230
epoch 241 summary: dyn_dyn_cos_loss: 0.00000, dyn_sta_cos_loss: 0.00000, total_cos_loss : 0.00000, vocab_cro_loss : 1.31683, 
epoch 242 summary: dyn_dyn_cos_loss: 0.00000, dyn_sta_cos_loss: 0.00000, total_cos_loss : 0.00000, vocab_cro_loss : 1.35092, 
epoch 243 summary: dyn_dyn_cos_loss: 0.00000, dyn_sta_cos_loss: 0.00000, total_cos_loss : 0.00000, vocab_cro_loss : 1.45202, 
epoch 244 summary: dyn_dyn_cos_loss: 0.00149, dyn_sta_cos_loss: 0.00228, total_cos_loss : 0.00196, vocab_cro_loss : 1.36775, 
epoch 245 summary: dyn_dyn_cos_loss: 0.00000, dyn_sta_cos_loss: 0.00000, total_cos_loss : 0.00000, vocab_cro_loss : 1.53341, 
epoch 246 summary: dyn_dyn_cos_loss: 0.00000, dyn_sta_cos_loss: 0.00000, total_cos_loss : 0.00000, vocab_cro_loss : 1.40029, 
epoch 247 summary: dyn_dyn_cos_loss: 0.00000, dyn_sta_cos_loss: 0.00000, total_cos_loss : 0.00000, vocab_cro_loss : 1.30038, 
epoch 248 summary: dyn_dyn_cos_loss: 0.00151, dyn_sta_cos_loss: 0.00234, total_cos_loss : 0.00201, vocab_cro_loss : 1.31185, 
epoch 249 summary: dyn_dyn_cos_loss: 0.00000, dyn_sta_cos_loss: 0.00000, total_cos_loss : 0.00000, vocab_cro_loss : 1.44011, 
epoch 250 summary: dyn_dyn_cos_loss: 0.00000, dyn_sta_cos_loss: 0.00000, total_cos_loss : 0.00000, vocab_cro_loss : 1.43360, 
train loss: 1.3120, train acc: 0.6240
epoch 251 summary: dyn_dyn_cos_loss: 0.00000, dyn_sta_cos_loss: 0.00000, total_cos_loss : 0.00000, vocab_cro_loss : 1.31168, 
epoch 252 summary: dyn_dyn_cos_loss: 0.00160, dyn_sta_cos_loss: 0.00231, total_cos_loss : 0.00202, vocab_cro_loss : 1.28305, 
epoch 253 summary: dyn_dyn_cos_loss: 0.00000, dyn_sta_cos_loss: 0.00000, total_cos_loss : 0.00000, vocab_cro_loss : 1.33316, 
epoch 254 summary: dyn_dyn_cos_loss: 0.00000, dyn_sta_cos_loss: 0.00000, total_cos_loss : 0.00000, vocab_cro_loss : 1.31708, 
epoch 255 summary: dyn_dyn_cos_loss: 0.00000, dyn_sta_cos_loss: 0.00000, total_cos_loss : 0.00000, vocab_cro_loss : 1.31168, 
epoch 256 summary: dyn_dyn_cos_loss: 0.00157, dyn_sta_cos_loss: 0.00224, total_cos_loss : 0.00197, vocab_cro_loss : 1.34973, 
epoch 257 summary: dyn_dyn_cos_loss: 0.00000, dyn_sta_cos_loss: 0.00000, total_cos_loss : 0.00000, vocab_cro_loss : 1.34537, 
epoch 258 summary: dyn_dyn_cos_loss: 0.00000, dyn_sta_cos_loss: 0.00000, total_cos_loss : 0.00000, vocab_cro_loss : 1.32142, 
epoch 259 summary: dyn_dyn_cos_loss: 0.00000, dyn_sta_cos_loss: 0.00000, total_cos_loss : 0.00000, vocab_cro_loss : 1.31211, 
epoch 260 summary: dyn_dyn_cos_loss: 0.00149, dyn_sta_cos_loss: 0.00211, total_cos_loss : 0.00186, vocab_cro_loss : 1.25488, 
train loss: 1.3210, train acc: 0.6182
epoch 261 summary: dyn_dyn_cos_loss: 0.00000, dyn_sta_cos_loss: 0.00000, total_cos_loss : 0.00000, vocab_cro_loss : 1.32079, 
epoch 262 summary: dyn_dyn_cos_loss: 0.00000, dyn_sta_cos_loss: 0.00000, total_cos_loss : 0.00000, vocab_cro_loss : 1.27639, 
epoch 263 summary: dyn_dyn_cos_loss: 0.00000, dyn_sta_cos_loss: 0.00000, total_cos_loss : 0.00000, vocab_cro_loss : 1.29280, 
epoch 264 summary: dyn_dyn_cos_loss: 0.00146, dyn_sta_cos_loss: 0.00212, total_cos_loss : 0.00186, vocab_cro_loss : 1.27321, 
epoch 265 summary: dyn_dyn_cos_loss: 0.00000, dyn_sta_cos_loss: 0.00000, total_cos_loss : 0.00000, vocab_cro_loss : 1.32933, 
epoch 266 summary: dyn_dyn_cos_loss: 0.00000, dyn_sta_cos_loss: 0.00000, total_cos_loss : 0.00000, vocab_cro_loss : 1.29115, 
epoch 267 summary: dyn_dyn_cos_loss: 0.00000, dyn_sta_cos_loss: 0.00000, total_cos_loss : 0.00000, vocab_cro_loss : 1.27424, 
epoch 268 summary: dyn_dyn_cos_loss: 0.00143, dyn_sta_cos_loss: 0.00221, total_cos_loss : 0.00189, vocab_cro_loss : 1.23993, 
epoch 269 summary: dyn_dyn_cos_loss: 0.00000, dyn_sta_cos_loss: 0.00000, total_cos_loss : 0.00000, vocab_cro_loss : 1.26380, 
epoch 270 summary: dyn_dyn_cos_loss: 0.00000, dyn_sta_cos_loss: 0.00000, total_cos_loss : 0.00000, vocab_cro_loss : 1.32139, 
train loss: 1.3748, train acc: 0.6113
epoch 271 summary: dyn_dyn_cos_loss: 0.00000, dyn_sta_cos_loss: 0.00000, total_cos_loss : 0.00000, vocab_cro_loss : 1.37386, 
epoch 272 summary: dyn_dyn_cos_loss: 0.00143, dyn_sta_cos_loss: 0.00255, total_cos_loss : 0.00210, vocab_cro_loss : 1.37833, 
epoch 273 summary: dyn_dyn_cos_loss: 0.00000, dyn_sta_cos_loss: 0.00000, total_cos_loss : 0.00000, vocab_cro_loss : 1.44431, 
epoch 274 summary: dyn_dyn_cos_loss: 0.00000, dyn_sta_cos_loss: 0.00000, total_cos_loss : 0.00000, vocab_cro_loss : 1.35566, 
epoch 275 summary: dyn_dyn_cos_loss: 0.00000, dyn_sta_cos_loss: 0.00000, total_cos_loss : 0.00000, vocab_cro_loss : 1.32613, 
epoch 276 summary: dyn_dyn_cos_loss: 0.00163, dyn_sta_cos_loss: 0.00232, total_cos_loss : 0.00205, vocab_cro_loss : 1.27836, 
epoch 277 summary: dyn_dyn_cos_loss: 0.00000, dyn_sta_cos_loss: 0.00000, total_cos_loss : 0.00000, vocab_cro_loss : 1.35635, 
epoch 278 summary: dyn_dyn_cos_loss: 0.00000, dyn_sta_cos_loss: 0.00000, total_cos_loss : 0.00000, vocab_cro_loss : 1.32490, 
epoch 279 summary: dyn_dyn_cos_loss: 0.00000, dyn_sta_cos_loss: 0.00000, total_cos_loss : 0.00000, vocab_cro_loss : 1.33519, 
epoch 280 summary: dyn_dyn_cos_loss: 0.00159, dyn_sta_cos_loss: 0.00219, total_cos_loss : 0.00195, vocab_cro_loss : 1.32941, 
train loss: 1.4060, train acc: 0.5957
epoch 281 summary: dyn_dyn_cos_loss: 0.00000, dyn_sta_cos_loss: 0.00000, total_cos_loss : 0.00000, vocab_cro_loss : 1.40549, 
epoch 282 summary: dyn_dyn_cos_loss: 0.00000, dyn_sta_cos_loss: 0.00000, total_cos_loss : 0.00000, vocab_cro_loss : 1.31915, 
epoch 283 summary: dyn_dyn_cos_loss: 0.00000, dyn_sta_cos_loss: 0.00000, total_cos_loss : 0.00000, vocab_cro_loss : 1.29562, 
epoch 284 summary: dyn_dyn_cos_loss: 0.00152, dyn_sta_cos_loss: 0.00206, total_cos_loss : 0.00184, vocab_cro_loss : 1.28156, 
epoch 285 summary: dyn_dyn_cos_loss: 0.00000, dyn_sta_cos_loss: 0.00000, total_cos_loss : 0.00000, vocab_cro_loss : 1.34022, 
epoch 286 summary: dyn_dyn_cos_loss: 0.00000, dyn_sta_cos_loss: 0.00000, total_cos_loss : 0.00000, vocab_cro_loss : 1.30204, 
epoch 287 summary: dyn_dyn_cos_loss: 0.00000, dyn_sta_cos_loss: 0.00000, total_cos_loss : 0.00000, vocab_cro_loss : 1.28777, 
epoch 288 summary: dyn_dyn_cos_loss: 0.00147, dyn_sta_cos_loss: 0.00214, total_cos_loss : 0.00187, vocab_cro_loss : 1.30293, 
epoch 289 summary: dyn_dyn_cos_loss: 0.00000, dyn_sta_cos_loss: 0.00000, total_cos_loss : 0.00000, vocab_cro_loss : 1.31658, 
epoch 290 summary: dyn_dyn_cos_loss: 0.00000, dyn_sta_cos_loss: 0.00000, total_cos_loss : 0.00000, vocab_cro_loss : 1.30274, 
train loss: 1.2620, train acc: 0.6426
epoch 291 summary: dyn_dyn_cos_loss: 0.00000, dyn_sta_cos_loss: 0.00000, total_cos_loss : 0.00000, vocab_cro_loss : 1.26175, 
epoch 292 summary: dyn_dyn_cos_loss: 0.00143, dyn_sta_cos_loss: 0.00193, total_cos_loss : 0.00173, vocab_cro_loss : 1.27666, 
epoch 293 summary: dyn_dyn_cos_loss: 0.00000, dyn_sta_cos_loss: 0.00000, total_cos_loss : 0.00000, vocab_cro_loss : 1.30525, 
epoch 294 summary: dyn_dyn_cos_loss: 0.00000, dyn_sta_cos_loss: 0.00000, total_cos_loss : 0.00000, vocab_cro_loss : 1.30946, 
epoch 295 summary: dyn_dyn_cos_loss: 0.00000, dyn_sta_cos_loss: 0.00000, total_cos_loss : 0.00000, vocab_cro_loss : 1.28350, 
epoch 296 summary: dyn_dyn_cos_loss: 0.00141, dyn_sta_cos_loss: 0.00212, total_cos_loss : 0.00183, vocab_cro_loss : 1.30991, 
epoch 297 summary: dyn_dyn_cos_loss: 0.00000, dyn_sta_cos_loss: 0.00000, total_cos_loss : 0.00000, vocab_cro_loss : 1.31203, 
epoch 298 summary: dyn_dyn_cos_loss: 0.00000, dyn_sta_cos_loss: 0.00000, total_cos_loss : 0.00000, vocab_cro_loss : 1.37971, 
epoch 299 summary: dyn_dyn_cos_loss: 0.00000, dyn_sta_cos_loss: 0.00000, total_cos_loss : 0.00000, vocab_cro_loss : 1.29755, 
train loss: 1.3103, train acc: 0.6260
all                         108146.844ms
all_epoch                   104471.127ms
all_preparation               3675.690ms
all_preparation_2             3673.722ms
all_preparation_3                1.927ms
epoch                          149.393ms
epoch_pos_train                  4.770ms
epoch_preparation                8.197ms
epoch_train                    132.929ms
epoch_valid                      2.356ms
----------------------------------------
all                         108146.844ms
  all_epoch             96.60%
  all_preparation        3.40%
all_preparation               3675.690ms
  all_preparation_2     99.95%
  all_preparation_3      0.05%
epoch                        44817.965ms
  epoch_train           88.98%
  epoch_preparation      5.49%
  epoch_pos_train        3.19%
  epoch_valid            1.58%
epoch   0 summary: dyn_dyn_cos_loss: 0.02087, dyn_sta_cos_loss: 0.00673, total_cos_loss : 0.01239, 
valid loss: 3.1832, valid acc: 0.2319
epoch   1 summary: dyn_dyn_cos_loss: 0.01155, dyn_sta_cos_loss: 0.00442, total_cos_loss : 0.00727, 
epoch   2 summary: dyn_dyn_cos_loss: 0.00666, dyn_sta_cos_loss: 0.00330, total_cos_loss : 0.00465, 
epoch   3 summary: dyn_dyn_cos_loss: 0.00412, dyn_sta_cos_loss: 0.00274, total_cos_loss : 0.00329, 
epoch   4 summary: dyn_dyn_cos_loss: 0.00284, dyn_sta_cos_loss: 0.00244, total_cos_loss : 0.00260, 
epoch   5 summary: dyn_dyn_cos_loss: 0.00216, dyn_sta_cos_loss: 0.00226, total_cos_loss : 0.00222, 
epoch   6 summary: dyn_dyn_cos_loss: 0.00182, dyn_sta_cos_loss: 0.00214, total_cos_loss : 0.00201, 
epoch   7 summary: dyn_dyn_cos_loss: 0.00163, dyn_sta_cos_loss: 0.00205, total_cos_loss : 0.00188, 
epoch   8 summary: dyn_dyn_cos_loss: 0.00152, dyn_sta_cos_loss: 0.00199, total_cos_loss : 0.00181, 
epoch   9 summary: dyn_dyn_cos_loss: 0.00146, dyn_sta_cos_loss: 0.00195, total_cos_loss : 0.00176, 
epoch  10 summary: dyn_dyn_cos_loss: 0.00143, dyn_sta_cos_loss: 0.00192, total_cos_loss : 0.00173, 
valid loss: 1.8771, valid acc: 0.5178
epoch  11 summary: dyn_dyn_cos_loss: 0.00141, dyn_sta_cos_loss: 0.00190, total_cos_loss : 0.00170, 
epoch  12 summary: dyn_dyn_cos_loss: 0.00140, dyn_sta_cos_loss: 0.00188, total_cos_loss : 0.00169, 
epoch  13 summary: dyn_dyn_cos_loss: 0.00139, dyn_sta_cos_loss: 0.00187, total_cos_loss : 0.00168, 
epoch  14 summary: dyn_dyn_cos_loss: 0.00138, dyn_sta_cos_loss: 0.00186, total_cos_loss : 0.00167, 
epoch  15 summary: dyn_dyn_cos_loss: 0.00138, dyn_sta_cos_loss: 0.00185, total_cos_loss : 0.00166, 
epoch  16 summary: dyn_dyn_cos_loss: 0.00138, dyn_sta_cos_loss: 0.00185, total_cos_loss : 0.00166, 
epoch  17 summary: dyn_dyn_cos_loss: 0.00138, dyn_sta_cos_loss: 0.00185, total_cos_loss : 0.00166, 
epoch  18 summary: dyn_dyn_cos_loss: 0.00138, dyn_sta_cos_loss: 0.00184, total_cos_loss : 0.00166, 
epoch  19 summary: dyn_dyn_cos_loss: 0.00138, dyn_sta_cos_loss: 0.00184, total_cos_loss : 0.00165, 
epoch  20 summary: dyn_dyn_cos_loss: 0.00138, dyn_sta_cos_loss: 0.00184, total_cos_loss : 0.00165, 
valid loss: 1.8587, valid acc: 0.5237
epoch  21 summary: dyn_dyn_cos_loss: 0.00138, dyn_sta_cos_loss: 0.00184, total_cos_loss : 0.00165, 
epoch  22 summary: dyn_dyn_cos_loss: 0.00138, dyn_sta_cos_loss: 0.00183, total_cos_loss : 0.00165, 
epoch  23 summary: dyn_dyn_cos_loss: 0.00138, dyn_sta_cos_loss: 0.00183, total_cos_loss : 0.00165, 
epoch  24 summary: dyn_dyn_cos_loss: 0.00138, dyn_sta_cos_loss: 0.00183, total_cos_loss : 0.00165, 
epoch  25 summary: dyn_dyn_cos_loss: 0.00153, dyn_sta_cos_loss: 0.00183, total_cos_loss : 0.00171, 
epoch  26 summary: dyn_dyn_cos_loss: 0.00149, dyn_sta_cos_loss: 0.00183, total_cos_loss : 0.00170, 
epoch  27 summary: dyn_dyn_cos_loss: 0.00146, dyn_sta_cos_loss: 0.00183, total_cos_loss : 0.00168, 
epoch  28 summary: dyn_dyn_cos_loss: 0.00145, dyn_sta_cos_loss: 0.00183, total_cos_loss : 0.00168, 
epoch  29 summary: dyn_dyn_cos_loss: 0.00143, dyn_sta_cos_loss: 0.00183, total_cos_loss : 0.00167, 
epoch  30 summary: dyn_dyn_cos_loss: 0.00143, dyn_sta_cos_loss: 0.00182, total_cos_loss : 0.00166, 
valid loss: 1.8429, valid acc: 0.5250
epoch  31 summary: dyn_dyn_cos_loss: 0.00142, dyn_sta_cos_loss: 0.00182, total_cos_loss : 0.00166, 
epoch  32 summary: dyn_dyn_cos_loss: 0.00142, dyn_sta_cos_loss: 0.00182, total_cos_loss : 0.00166, 
epoch  33 summary: dyn_dyn_cos_loss: 0.00141, dyn_sta_cos_loss: 0.00182, total_cos_loss : 0.00166, 
epoch  34 summary: dyn_dyn_cos_loss: 0.00141, dyn_sta_cos_loss: 0.00182, total_cos_loss : 0.00165, 
epoch  35 summary: dyn_dyn_cos_loss: 0.00141, dyn_sta_cos_loss: 0.00181, total_cos_loss : 0.00165, 
epoch  36 summary: dyn_dyn_cos_loss: 0.00141, dyn_sta_cos_loss: 0.00181, total_cos_loss : 0.00165, 
epoch  37 summary: dyn_dyn_cos_loss: 0.00141, dyn_sta_cos_loss: 0.00181, total_cos_loss : 0.00165, 
epoch  38 summary: dyn_dyn_cos_loss: 0.00141, dyn_sta_cos_loss: 0.00181, total_cos_loss : 0.00165, 
epoch  39 summary: dyn_dyn_cos_loss: 0.00141, dyn_sta_cos_loss: 0.00181, total_cos_loss : 0.00165, 
epoch  40 summary: dyn_dyn_cos_loss: 0.00141, dyn_sta_cos_loss: 0.00181, total_cos_loss : 0.00165, 
valid loss: 1.8350, valid acc: 0.5281
epoch  41 summary: dyn_dyn_cos_loss: 0.00141, dyn_sta_cos_loss: 0.00181, total_cos_loss : 0.00165, 
epoch  42 summary: dyn_dyn_cos_loss: 0.00141, dyn_sta_cos_loss: 0.00181, total_cos_loss : 0.00165, 
epoch  43 summary: dyn_dyn_cos_loss: 0.00141, dyn_sta_cos_loss: 0.00181, total_cos_loss : 0.00165, 
epoch  44 summary: dyn_dyn_cos_loss: 0.00140, dyn_sta_cos_loss: 0.00181, total_cos_loss : 0.00165, 
epoch  45 summary: dyn_dyn_cos_loss: 0.00140, dyn_sta_cos_loss: 0.00181, total_cos_loss : 0.00165, 
epoch  46 summary: dyn_dyn_cos_loss: 0.00140, dyn_sta_cos_loss: 0.00181, total_cos_loss : 0.00165, 
epoch  47 summary: dyn_dyn_cos_loss: 0.00140, dyn_sta_cos_loss: 0.00181, total_cos_loss : 0.00165, 
epoch  48 summary: dyn_dyn_cos_loss: 0.00140, dyn_sta_cos_loss: 0.00181, total_cos_loss : 0.00165, 
epoch  49 summary: dyn_dyn_cos_loss: 0.00140, dyn_sta_cos_loss: 0.00181, total_cos_loss : 0.00165, 
epoch  50 summary: dyn_dyn_cos_loss: 0.00152, dyn_sta_cos_loss: 0.00181, total_cos_loss : 0.00169, 
valid loss: 1.8432, valid acc: 0.5255
epoch  51 summary: dyn_dyn_cos_loss: 0.00148, dyn_sta_cos_loss: 0.00181, total_cos_loss : 0.00168, 
epoch  52 summary: dyn_dyn_cos_loss: 0.00146, dyn_sta_cos_loss: 0.00181, total_cos_loss : 0.00167, 
epoch  53 summary: dyn_dyn_cos_loss: 0.00144, dyn_sta_cos_loss: 0.00181, total_cos_loss : 0.00166, 
epoch  54 summary: dyn_dyn_cos_loss: 0.00143, dyn_sta_cos_loss: 0.00181, total_cos_loss : 0.00166, 
epoch  55 summary: dyn_dyn_cos_loss: 0.00143, dyn_sta_cos_loss: 0.00181, total_cos_loss : 0.00166, 
epoch  56 summary: dyn_dyn_cos_loss: 0.00142, dyn_sta_cos_loss: 0.00181, total_cos_loss : 0.00165, 
epoch  57 summary: dyn_dyn_cos_loss: 0.00142, dyn_sta_cos_loss: 0.00180, total_cos_loss : 0.00165, 
epoch  58 summary: dyn_dyn_cos_loss: 0.00142, dyn_sta_cos_loss: 0.00180, total_cos_loss : 0.00165, 
epoch  59 summary: dyn_dyn_cos_loss: 0.00142, dyn_sta_cos_loss: 0.00180, total_cos_loss : 0.00165, 
epoch  60 summary: dyn_dyn_cos_loss: 0.00141, dyn_sta_cos_loss: 0.00180, total_cos_loss : 0.00165, 
valid loss: 1.8421, valid acc: 0.5271
epoch  61 summary: dyn_dyn_cos_loss: 0.00141, dyn_sta_cos_loss: 0.00180, total_cos_loss : 0.00165, 
epoch  62 summary: dyn_dyn_cos_loss: 0.00141, dyn_sta_cos_loss: 0.00180, total_cos_loss : 0.00165, 
epoch  63 summary: dyn_dyn_cos_loss: 0.00141, dyn_sta_cos_loss: 0.00180, total_cos_loss : 0.00164, 
epoch  64 summary: dyn_dyn_cos_loss: 0.00141, dyn_sta_cos_loss: 0.00180, total_cos_loss : 0.00164, 
epoch  65 summary: dyn_dyn_cos_loss: 0.00141, dyn_sta_cos_loss: 0.00180, total_cos_loss : 0.00164, 
epoch  66 summary: dyn_dyn_cos_loss: 0.00141, dyn_sta_cos_loss: 0.00180, total_cos_loss : 0.00164, 
epoch  67 summary: dyn_dyn_cos_loss: 0.00141, dyn_sta_cos_loss: 0.00180, total_cos_loss : 0.00164, 
epoch  68 summary: dyn_dyn_cos_loss: 0.00141, dyn_sta_cos_loss: 0.00180, total_cos_loss : 0.00164, 
epoch  69 summary: dyn_dyn_cos_loss: 0.00141, dyn_sta_cos_loss: 0.00180, total_cos_loss : 0.00164, 
epoch  70 summary: dyn_dyn_cos_loss: 0.00141, dyn_sta_cos_loss: 0.00180, total_cos_loss : 0.00164, 
valid loss: 1.8414, valid acc: 0.5289
epoch  71 summary: dyn_dyn_cos_loss: 0.00141, dyn_sta_cos_loss: 0.00180, total_cos_loss : 0.00164, 
epoch  72 summary: dyn_dyn_cos_loss: 0.00141, dyn_sta_cos_loss: 0.00180, total_cos_loss : 0.00164, 
epoch  73 summary: dyn_dyn_cos_loss: 0.00141, dyn_sta_cos_loss: 0.00180, total_cos_loss : 0.00164, 
epoch  74 summary: dyn_dyn_cos_loss: 0.00141, dyn_sta_cos_loss: 0.00180, total_cos_loss : 0.00164, 
epoch  75 summary: dyn_dyn_cos_loss: 0.00152, dyn_sta_cos_loss: 0.00180, total_cos_loss : 0.00169, 
epoch  76 summary: dyn_dyn_cos_loss: 0.00148, dyn_sta_cos_loss: 0.00180, total_cos_loss : 0.00167, 
epoch  77 summary: dyn_dyn_cos_loss: 0.00146, dyn_sta_cos_loss: 0.00180, total_cos_loss : 0.00166, 
epoch  78 summary: dyn_dyn_cos_loss: 0.00144, dyn_sta_cos_loss: 0.00180, total_cos_loss : 0.00166, 
epoch  79 summary: dyn_dyn_cos_loss: 0.00143, dyn_sta_cos_loss: 0.00180, total_cos_loss : 0.00165, 
epoch  80 summary: dyn_dyn_cos_loss: 0.00143, dyn_sta_cos_loss: 0.00180, total_cos_loss : 0.00165, 
valid loss: 1.8429, valid acc: 0.5265
epoch  81 summary: dyn_dyn_cos_loss: 0.00142, dyn_sta_cos_loss: 0.00180, total_cos_loss : 0.00165, 
epoch  82 summary: dyn_dyn_cos_loss: 0.00142, dyn_sta_cos_loss: 0.00180, total_cos_loss : 0.00165, 
epoch  83 summary: dyn_dyn_cos_loss: 0.00142, dyn_sta_cos_loss: 0.00180, total_cos_loss : 0.00165, 
epoch  84 summary: dyn_dyn_cos_loss: 0.00142, dyn_sta_cos_loss: 0.00180, total_cos_loss : 0.00164, 
epoch  85 summary: dyn_dyn_cos_loss: 0.00141, dyn_sta_cos_loss: 0.00180, total_cos_loss : 0.00164, 
epoch  86 summary: dyn_dyn_cos_loss: 0.00141, dyn_sta_cos_loss: 0.00180, total_cos_loss : 0.00164, 
epoch  87 summary: dyn_dyn_cos_loss: 0.00141, dyn_sta_cos_loss: 0.00180, total_cos_loss : 0.00164, 
epoch  88 summary: dyn_dyn_cos_loss: 0.00141, dyn_sta_cos_loss: 0.00180, total_cos_loss : 0.00164, 
epoch  89 summary: dyn_dyn_cos_loss: 0.00141, dyn_sta_cos_loss: 0.00180, total_cos_loss : 0.00164, 
epoch  90 summary: dyn_dyn_cos_loss: 0.00141, dyn_sta_cos_loss: 0.00180, total_cos_loss : 0.00164, 
valid loss: 1.8376, valid acc: 0.5289
epoch  91 summary: dyn_dyn_cos_loss: 0.00141, dyn_sta_cos_loss: 0.00179, total_cos_loss : 0.00164, 
epoch  92 summary: dyn_dyn_cos_loss: 0.00141, dyn_sta_cos_loss: 0.00179, total_cos_loss : 0.00164, 
epoch  93 summary: dyn_dyn_cos_loss: 0.00141, dyn_sta_cos_loss: 0.00179, total_cos_loss : 0.00164, 
epoch  94 summary: dyn_dyn_cos_loss: 0.00141, dyn_sta_cos_loss: 0.00179, total_cos_loss : 0.00164, 
epoch  95 summary: dyn_dyn_cos_loss: 0.00141, dyn_sta_cos_loss: 0.00179, total_cos_loss : 0.00164, 
epoch  96 summary: dyn_dyn_cos_loss: 0.00141, dyn_sta_cos_loss: 0.00179, total_cos_loss : 0.00164, 
epoch  97 summary: dyn_dyn_cos_loss: 0.00141, dyn_sta_cos_loss: 0.00179, total_cos_loss : 0.00164, 
epoch  98 summary: dyn_dyn_cos_loss: 0.00141, dyn_sta_cos_loss: 0.00179, total_cos_loss : 0.00164, 
epoch  99 summary: dyn_dyn_cos_loss: 0.00141, dyn_sta_cos_loss: 0.00179, total_cos_loss : 0.00164, 
epoch 100 summary: dyn_dyn_cos_loss: 0.00152, dyn_sta_cos_loss: 0.00179, total_cos_loss : 0.00168, 
valid loss: 1.8424, valid acc: 0.5326
epoch 101 summary: dyn_dyn_cos_loss: 0.00148, dyn_sta_cos_loss: 0.00180, total_cos_loss : 0.00167, 
epoch 102 summary: dyn_dyn_cos_loss: 0.00146, dyn_sta_cos_loss: 0.00180, total_cos_loss : 0.00166, 
epoch 103 summary: dyn_dyn_cos_loss: 0.00144, dyn_sta_cos_loss: 0.00180, total_cos_loss : 0.00166, 
epoch 104 summary: dyn_dyn_cos_loss: 0.00144, dyn_sta_cos_loss: 0.00180, total_cos_loss : 0.00165, 
epoch 105 summary: dyn_dyn_cos_loss: 0.00143, dyn_sta_cos_loss: 0.00180, total_cos_loss : 0.00165, 
epoch 106 summary: dyn_dyn_cos_loss: 0.00142, dyn_sta_cos_loss: 0.00179, total_cos_loss : 0.00165, 
epoch 107 summary: dyn_dyn_cos_loss: 0.00142, dyn_sta_cos_loss: 0.00179, total_cos_loss : 0.00165, 
epoch 108 summary: dyn_dyn_cos_loss: 0.00142, dyn_sta_cos_loss: 0.00179, total_cos_loss : 0.00164, 
epoch 109 summary: dyn_dyn_cos_loss: 0.00142, dyn_sta_cos_loss: 0.00179, total_cos_loss : 0.00164, 
epoch 110 summary: dyn_dyn_cos_loss: 0.00142, dyn_sta_cos_loss: 0.00179, total_cos_loss : 0.00164, 
valid loss: 1.8363, valid acc: 0.5319
epoch 111 summary: dyn_dyn_cos_loss: 0.00142, dyn_sta_cos_loss: 0.00179, total_cos_loss : 0.00164, 
epoch 112 summary: dyn_dyn_cos_loss: 0.00141, dyn_sta_cos_loss: 0.00179, total_cos_loss : 0.00164, 
epoch 113 summary: dyn_dyn_cos_loss: 0.00141, dyn_sta_cos_loss: 0.00179, total_cos_loss : 0.00164, 
epoch 114 summary: dyn_dyn_cos_loss: 0.00141, dyn_sta_cos_loss: 0.00179, total_cos_loss : 0.00164, 
epoch 115 summary: dyn_dyn_cos_loss: 0.00141, dyn_sta_cos_loss: 0.00179, total_cos_loss : 0.00164, 
epoch 116 summary: dyn_dyn_cos_loss: 0.00141, dyn_sta_cos_loss: 0.00179, total_cos_loss : 0.00164, 
epoch 117 summary: dyn_dyn_cos_loss: 0.00141, dyn_sta_cos_loss: 0.00179, total_cos_loss : 0.00164, 
epoch 118 summary: dyn_dyn_cos_loss: 0.00141, dyn_sta_cos_loss: 0.00179, total_cos_loss : 0.00164, 
epoch 119 summary: dyn_dyn_cos_loss: 0.00141, dyn_sta_cos_loss: 0.00179, total_cos_loss : 0.00164, 
epoch 120 summary: dyn_dyn_cos_loss: 0.00141, dyn_sta_cos_loss: 0.00179, total_cos_loss : 0.00164, 
valid loss: 1.8402, valid acc: 0.5314
epoch 121 summary: dyn_dyn_cos_loss: 0.00141, dyn_sta_cos_loss: 0.00179, total_cos_loss : 0.00164, 
epoch 122 summary: dyn_dyn_cos_loss: 0.00141, dyn_sta_cos_loss: 0.00179, total_cos_loss : 0.00164, 
epoch 123 summary: dyn_dyn_cos_loss: 0.00141, dyn_sta_cos_loss: 0.00179, total_cos_loss : 0.00164, 
epoch 124 summary: dyn_dyn_cos_loss: 0.00141, dyn_sta_cos_loss: 0.00179, total_cos_loss : 0.00164, 
epoch 125 summary: dyn_dyn_cos_loss: 0.00152, dyn_sta_cos_loss: 0.00179, total_cos_loss : 0.00168, 
epoch 126 summary: dyn_dyn_cos_loss: 0.00148, dyn_sta_cos_loss: 0.00180, total_cos_loss : 0.00167, 
epoch 127 summary: dyn_dyn_cos_loss: 0.00146, dyn_sta_cos_loss: 0.00180, total_cos_loss : 0.00166, 
epoch 128 summary: dyn_dyn_cos_loss: 0.00145, dyn_sta_cos_loss: 0.00180, total_cos_loss : 0.00166, 
epoch 129 summary: dyn_dyn_cos_loss: 0.00144, dyn_sta_cos_loss: 0.00180, total_cos_loss : 0.00165, 
epoch 130 summary: dyn_dyn_cos_loss: 0.00143, dyn_sta_cos_loss: 0.00179, total_cos_loss : 0.00165, 
valid loss: 1.8453, valid acc: 0.5292
epoch 131 summary: dyn_dyn_cos_loss: 0.00143, dyn_sta_cos_loss: 0.00179, total_cos_loss : 0.00165, 
epoch 132 summary: dyn_dyn_cos_loss: 0.00142, dyn_sta_cos_loss: 0.00179, total_cos_loss : 0.00164, 
epoch 133 summary: dyn_dyn_cos_loss: 0.00142, dyn_sta_cos_loss: 0.00179, total_cos_loss : 0.00164, 
epoch 134 summary: dyn_dyn_cos_loss: 0.00142, dyn_sta_cos_loss: 0.00179, total_cos_loss : 0.00164, 
epoch 135 summary: dyn_dyn_cos_loss: 0.00142, dyn_sta_cos_loss: 0.00179, total_cos_loss : 0.00164, 
epoch 136 summary: dyn_dyn_cos_loss: 0.00142, dyn_sta_cos_loss: 0.00179, total_cos_loss : 0.00164, 
epoch 137 summary: dyn_dyn_cos_loss: 0.00142, dyn_sta_cos_loss: 0.00179, total_cos_loss : 0.00164, 
epoch 138 summary: dyn_dyn_cos_loss: 0.00141, dyn_sta_cos_loss: 0.00179, total_cos_loss : 0.00164, 
epoch 139 summary: dyn_dyn_cos_loss: 0.00141, dyn_sta_cos_loss: 0.00179, total_cos_loss : 0.00164, 
epoch 140 summary: dyn_dyn_cos_loss: 0.00141, dyn_sta_cos_loss: 0.00179, total_cos_loss : 0.00164, 
valid loss: 1.8438, valid acc: 0.5294
epoch 141 summary: dyn_dyn_cos_loss: 0.00141, dyn_sta_cos_loss: 0.00179, total_cos_loss : 0.00164, 
epoch 142 summary: dyn_dyn_cos_loss: 0.00141, dyn_sta_cos_loss: 0.00179, total_cos_loss : 0.00164, 
epoch 143 summary: dyn_dyn_cos_loss: 0.00141, dyn_sta_cos_loss: 0.00179, total_cos_loss : 0.00164, 
epoch 144 summary: dyn_dyn_cos_loss: 0.00141, dyn_sta_cos_loss: 0.00179, total_cos_loss : 0.00164, 
epoch 145 summary: dyn_dyn_cos_loss: 0.00141, dyn_sta_cos_loss: 0.00179, total_cos_loss : 0.00164, 
epoch 146 summary: dyn_dyn_cos_loss: 0.00141, dyn_sta_cos_loss: 0.00179, total_cos_loss : 0.00164, 
epoch 147 summary: dyn_dyn_cos_loss: 0.00141, dyn_sta_cos_loss: 0.00179, total_cos_loss : 0.00164, 
epoch 148 summary: dyn_dyn_cos_loss: 0.00141, dyn_sta_cos_loss: 0.00179, total_cos_loss : 0.00164, 
epoch 149 summary: dyn_dyn_cos_loss: 0.00141, dyn_sta_cos_loss: 0.00179, total_cos_loss : 0.00164, 
epoch 150 summary: dyn_dyn_cos_loss: 0.00151, dyn_sta_cos_loss: 0.00179, total_cos_loss : 0.00168, 
valid loss: 1.8471, valid acc: 0.5280
epoch 151 summary: dyn_dyn_cos_loss: 0.00147, dyn_sta_cos_loss: 0.00179, total_cos_loss : 0.00167, 
epoch 152 summary: dyn_dyn_cos_loss: 0.00145, dyn_sta_cos_loss: 0.00179, total_cos_loss : 0.00166, 
epoch 153 summary: dyn_dyn_cos_loss: 0.00144, dyn_sta_cos_loss: 0.00179, total_cos_loss : 0.00165, 
epoch 154 summary: dyn_dyn_cos_loss: 0.00143, dyn_sta_cos_loss: 0.00179, total_cos_loss : 0.00165, 
epoch 155 summary: dyn_dyn_cos_loss: 0.00142, dyn_sta_cos_loss: 0.00179, total_cos_loss : 0.00164, 
epoch 156 summary: dyn_dyn_cos_loss: 0.00142, dyn_sta_cos_loss: 0.00179, total_cos_loss : 0.00164, 
epoch 157 summary: dyn_dyn_cos_loss: 0.00142, dyn_sta_cos_loss: 0.00179, total_cos_loss : 0.00164, 
epoch 158 summary: dyn_dyn_cos_loss: 0.00141, dyn_sta_cos_loss: 0.00179, total_cos_loss : 0.00164, 
epoch 159 summary: dyn_dyn_cos_loss: 0.00141, dyn_sta_cos_loss: 0.00179, total_cos_loss : 0.00164, 
epoch 160 summary: dyn_dyn_cos_loss: 0.00141, dyn_sta_cos_loss: 0.00179, total_cos_loss : 0.00164, 
valid loss: 1.8362, valid acc: 0.5277
epoch 161 summary: dyn_dyn_cos_loss: 0.00141, dyn_sta_cos_loss: 0.00179, total_cos_loss : 0.00164, 
epoch 162 summary: dyn_dyn_cos_loss: 0.00141, dyn_sta_cos_loss: 0.00179, total_cos_loss : 0.00164, 
epoch 163 summary: dyn_dyn_cos_loss: 0.00141, dyn_sta_cos_loss: 0.00179, total_cos_loss : 0.00164, 
epoch 164 summary: dyn_dyn_cos_loss: 0.00141, dyn_sta_cos_loss: 0.00179, total_cos_loss : 0.00164, 
epoch 165 summary: dyn_dyn_cos_loss: 0.00141, dyn_sta_cos_loss: 0.00179, total_cos_loss : 0.00164, 
epoch 166 summary: dyn_dyn_cos_loss: 0.00141, dyn_sta_cos_loss: 0.00179, total_cos_loss : 0.00164, 
epoch 167 summary: dyn_dyn_cos_loss: 0.00141, dyn_sta_cos_loss: 0.00179, total_cos_loss : 0.00164, 
epoch 168 summary: dyn_dyn_cos_loss: 0.00141, dyn_sta_cos_loss: 0.00179, total_cos_loss : 0.00164, 
epoch 169 summary: dyn_dyn_cos_loss: 0.00141, dyn_sta_cos_loss: 0.00179, total_cos_loss : 0.00164, 
epoch 170 summary: dyn_dyn_cos_loss: 0.00141, dyn_sta_cos_loss: 0.00179, total_cos_loss : 0.00164, 
valid loss: 1.8400, valid acc: 0.5247
epoch 171 summary: dyn_dyn_cos_loss: 0.00141, dyn_sta_cos_loss: 0.00179, total_cos_loss : 0.00164, 
epoch 172 summary: dyn_dyn_cos_loss: 0.00141, dyn_sta_cos_loss: 0.00179, total_cos_loss : 0.00164, 
epoch 173 summary: dyn_dyn_cos_loss: 0.00141, dyn_sta_cos_loss: 0.00179, total_cos_loss : 0.00164, 
epoch 174 summary: dyn_dyn_cos_loss: 0.00141, dyn_sta_cos_loss: 0.00179, total_cos_loss : 0.00164, 
epoch 175 summary: dyn_dyn_cos_loss: 0.00151, dyn_sta_cos_loss: 0.00179, total_cos_loss : 0.00168, 
epoch 176 summary: dyn_dyn_cos_loss: 0.00148, dyn_sta_cos_loss: 0.00179, total_cos_loss : 0.00167, 
epoch 177 summary: dyn_dyn_cos_loss: 0.00145, dyn_sta_cos_loss: 0.00179, total_cos_loss : 0.00166, 
epoch 178 summary: dyn_dyn_cos_loss: 0.00144, dyn_sta_cos_loss: 0.00179, total_cos_loss : 0.00165, 
epoch 179 summary: dyn_dyn_cos_loss: 0.00143, dyn_sta_cos_loss: 0.00179, total_cos_loss : 0.00165, 
epoch 180 summary: dyn_dyn_cos_loss: 0.00143, dyn_sta_cos_loss: 0.00179, total_cos_loss : 0.00165, 
valid loss: 1.8277, valid acc: 0.5281
epoch 181 summary: dyn_dyn_cos_loss: 0.00142, dyn_sta_cos_loss: 0.00179, total_cos_loss : 0.00164, 
epoch 182 summary: dyn_dyn_cos_loss: 0.00142, dyn_sta_cos_loss: 0.00179, total_cos_loss : 0.00164, 
epoch 183 summary: dyn_dyn_cos_loss: 0.00142, dyn_sta_cos_loss: 0.00179, total_cos_loss : 0.00164, 
epoch 184 summary: dyn_dyn_cos_loss: 0.00142, dyn_sta_cos_loss: 0.00179, total_cos_loss : 0.00164, 
epoch 185 summary: dyn_dyn_cos_loss: 0.00142, dyn_sta_cos_loss: 0.00179, total_cos_loss : 0.00164, 
epoch 186 summary: dyn_dyn_cos_loss: 0.00141, dyn_sta_cos_loss: 0.00179, total_cos_loss : 0.00164, 
epoch 187 summary: dyn_dyn_cos_loss: 0.00141, dyn_sta_cos_loss: 0.00179, total_cos_loss : 0.00164, 
epoch 188 summary: dyn_dyn_cos_loss: 0.00141, dyn_sta_cos_loss: 0.00179, total_cos_loss : 0.00164, 
epoch 189 summary: dyn_dyn_cos_loss: 0.00141, dyn_sta_cos_loss: 0.00179, total_cos_loss : 0.00164, 
epoch 190 summary: dyn_dyn_cos_loss: 0.00141, dyn_sta_cos_loss: 0.00179, total_cos_loss : 0.00164, 
valid loss: 1.8269, valid acc: 0.5277
epoch 191 summary: dyn_dyn_cos_loss: 0.00141, dyn_sta_cos_loss: 0.00179, total_cos_loss : 0.00164, 
epoch 192 summary: dyn_dyn_cos_loss: 0.00141, dyn_sta_cos_loss: 0.00179, total_cos_loss : 0.00164, 
epoch 193 summary: dyn_dyn_cos_loss: 0.00141, dyn_sta_cos_loss: 0.00179, total_cos_loss : 0.00164, 
epoch 194 summary: dyn_dyn_cos_loss: 0.00141, dyn_sta_cos_loss: 0.00179, total_cos_loss : 0.00164, 
epoch 195 summary: dyn_dyn_cos_loss: 0.00141, dyn_sta_cos_loss: 0.00179, total_cos_loss : 0.00164, 
epoch 196 summary: dyn_dyn_cos_loss: 0.00141, dyn_sta_cos_loss: 0.00179, total_cos_loss : 0.00164, 
epoch 197 summary: dyn_dyn_cos_loss: 0.00141, dyn_sta_cos_loss: 0.00179, total_cos_loss : 0.00164, 
epoch 198 summary: dyn_dyn_cos_loss: 0.00141, dyn_sta_cos_loss: 0.00179, total_cos_loss : 0.00164, 
epoch 199 summary: dyn_dyn_cos_loss: 0.00141, dyn_sta_cos_loss: 0.00179, total_cos_loss : 0.00164, 
Traceback (most recent call last):
  File "/data/gc/anaconda3/envs/lm/lib/python3.10/runpy.py", line 196, in _run_module_as_main
    return _run_code(code, main_globals, None,
  File "/data/gc/anaconda3/envs/lm/lib/python3.10/runpy.py", line 86, in _run_code
    exec(code, run_globals)
  File "/data3/gc/SeLM_v2/src/gpt.py", line 485, in <module>
    train_cte(train_cache_ckpt, valid_cache_ckpt, gpt_ckpt, N_train, N_valid)
  File "/data/gc/anaconda3/envs/lm/lib/python3.10/site-packages/torch/utils/_contextlib.py", line 116, in decorate_context
    return func(*args, **kwargs)
  File "/data3/gc/SeLM_v2/src/gpt.py", line 457, in train_cte
    cte.test_time_train_all(
  File "/data3/gc/SeLM_v2/src/gettime.py", line 118, in wrapper
    return fn(*args, **kwargs)
  File "/data3/gc/SeLM_v2/src/cte.py", line 865, in test_time_train_all
    valid_save_path
NameError: name 'valid_save_path' is not defined. Did you mean: 'train_save_path'?
all_preparation                  8.963ms
all_preparation_2                7.425ms
all_preparation_3                1.523ms
epoch                         4006.670ms
epoch_pos_train                  5.004ms
epoch_preparation                0.386ms
epoch_train                   3980.359ms
epoch_valid                     18.967ms
----------------------------------------
all                              0.000ms
all_preparation                  8.963ms
  all_preparation_2     82.84%
  all_preparation_3     16.99%
epoch                       801334.071ms
  epoch_train           99.34%
  epoch_valid            0.47%
  epoch_pos_train        0.12%
  epoch_preparation      0.01%
