Before CTE Training: train eu loss: 1.0375890731811523, eval eu loss: 1.4517745971679688
Before CTE Training: train eu acc: 0.6748046875, eval eu acc: 0.5794677734375
epoch   0 summary: dyn_dyn_cos_loss: 0.02255, dyn_sta_cos_loss: 0.00699, total_cos_loss : 0.01010, vocab_cro_loss : 4.60217, 
train loss: 3.3584, train acc: 0.2803
epoch   1 summary: dyn_dyn_cos_loss: 0.00000, dyn_sta_cos_loss: 0.00000, total_cos_loss : 0.00000, vocab_cro_loss : 3.35699, 
epoch   2 summary: dyn_dyn_cos_loss: 0.00000, dyn_sta_cos_loss: 0.00000, total_cos_loss : 0.00000, vocab_cro_loss : 2.88261, 
epoch   3 summary: dyn_dyn_cos_loss: 0.00000, dyn_sta_cos_loss: 0.00000, total_cos_loss : 0.00000, vocab_cro_loss : 2.57004, 
epoch   4 summary: dyn_dyn_cos_loss: 0.00000, dyn_sta_cos_loss: 0.00000, total_cos_loss : 0.00000, vocab_cro_loss : 2.36314, 
epoch   5 summary: dyn_dyn_cos_loss: 0.00000, dyn_sta_cos_loss: 0.00000, total_cos_loss : 0.00000, vocab_cro_loss : 2.31266, 
epoch   6 summary: dyn_dyn_cos_loss: 0.00000, dyn_sta_cos_loss: 0.00000, total_cos_loss : 0.00000, vocab_cro_loss : 2.25583, 
epoch   7 summary: dyn_dyn_cos_loss: 0.00000, dyn_sta_cos_loss: 0.00000, total_cos_loss : 0.00000, vocab_cro_loss : 2.22280, 
epoch   8 summary: dyn_dyn_cos_loss: 0.00000, dyn_sta_cos_loss: 0.00000, total_cos_loss : 0.00000, vocab_cro_loss : 2.20624, 
epoch   9 summary: dyn_dyn_cos_loss: 0.00000, dyn_sta_cos_loss: 0.00000, total_cos_loss : 0.00000, vocab_cro_loss : 2.19369, 
epoch  10 summary: dyn_dyn_cos_loss: 0.00000, dyn_sta_cos_loss: 0.00000, total_cos_loss : 0.00000, vocab_cro_loss : 2.18394, 
train loss: 2.1802, train acc: 0.5762
epoch  11 summary: dyn_dyn_cos_loss: 0.00000, dyn_sta_cos_loss: 0.00000, total_cos_loss : 0.00000, vocab_cro_loss : 2.18018, 
epoch  12 summary: dyn_dyn_cos_loss: 0.00000, dyn_sta_cos_loss: 0.00000, total_cos_loss : 0.00000, vocab_cro_loss : 2.17297, 
epoch  13 summary: dyn_dyn_cos_loss: 0.00000, dyn_sta_cos_loss: 0.00000, total_cos_loss : 0.00000, vocab_cro_loss : 2.16851, 
epoch  14 summary: dyn_dyn_cos_loss: 0.00000, dyn_sta_cos_loss: 0.00000, total_cos_loss : 0.00000, vocab_cro_loss : 2.16617, 
epoch  15 summary: dyn_dyn_cos_loss: 0.00000, dyn_sta_cos_loss: 0.00000, total_cos_loss : 0.00000, vocab_cro_loss : 2.16482, 
epoch  16 summary: dyn_dyn_cos_loss: 0.01946, dyn_sta_cos_loss: 0.00501, total_cos_loss : 0.00790, vocab_cro_loss : 2.16267, 
epoch  17 summary: dyn_dyn_cos_loss: 0.00000, dyn_sta_cos_loss: 0.00000, total_cos_loss : 0.00000, vocab_cro_loss : 1.83459, 
epoch  18 summary: dyn_dyn_cos_loss: 0.00000, dyn_sta_cos_loss: 0.00000, total_cos_loss : 0.00000, vocab_cro_loss : 1.79098, 
epoch  19 summary: dyn_dyn_cos_loss: 0.00000, dyn_sta_cos_loss: 0.00000, total_cos_loss : 0.00000, vocab_cro_loss : 1.70146, 
epoch  20 summary: dyn_dyn_cos_loss: 0.00000, dyn_sta_cos_loss: 0.00000, total_cos_loss : 0.00000, vocab_cro_loss : 1.65886, 
train loss: 1.6308, train acc: 0.6328
epoch  21 summary: dyn_dyn_cos_loss: 0.00000, dyn_sta_cos_loss: 0.00000, total_cos_loss : 0.00000, vocab_cro_loss : 1.63076, 
epoch  22 summary: dyn_dyn_cos_loss: 0.00000, dyn_sta_cos_loss: 0.00000, total_cos_loss : 0.00000, vocab_cro_loss : 1.61633, 
epoch  23 summary: dyn_dyn_cos_loss: 0.00000, dyn_sta_cos_loss: 0.00000, total_cos_loss : 0.00000, vocab_cro_loss : 1.59642, 
epoch  24 summary: dyn_dyn_cos_loss: 0.00000, dyn_sta_cos_loss: 0.00000, total_cos_loss : 0.00000, vocab_cro_loss : 1.57947, 
epoch  25 summary: dyn_dyn_cos_loss: 0.00000, dyn_sta_cos_loss: 0.00000, total_cos_loss : 0.00000, vocab_cro_loss : 1.56926, 
epoch  26 summary: dyn_dyn_cos_loss: 0.00000, dyn_sta_cos_loss: 0.00000, total_cos_loss : 0.00000, vocab_cro_loss : 1.56270, 
epoch  27 summary: dyn_dyn_cos_loss: 0.00000, dyn_sta_cos_loss: 0.00000, total_cos_loss : 0.00000, vocab_cro_loss : 1.55888, 
epoch  28 summary: dyn_dyn_cos_loss: 0.00000, dyn_sta_cos_loss: 0.00000, total_cos_loss : 0.00000, vocab_cro_loss : 1.55584, 
epoch  29 summary: dyn_dyn_cos_loss: 0.00000, dyn_sta_cos_loss: 0.00000, total_cos_loss : 0.00000, vocab_cro_loss : 1.55449, 
epoch  30 summary: dyn_dyn_cos_loss: 0.00000, dyn_sta_cos_loss: 0.00000, total_cos_loss : 0.00000, vocab_cro_loss : 1.55048, 
train loss: 1.5493, train acc: 0.6367
epoch  31 summary: dyn_dyn_cos_loss: 0.00000, dyn_sta_cos_loss: 0.00000, total_cos_loss : 0.00000, vocab_cro_loss : 1.54925, 
epoch  32 summary: dyn_dyn_cos_loss: 0.01490, dyn_sta_cos_loss: 0.00360, total_cos_loss : 0.00586, vocab_cro_loss : 1.54896, 
epoch  33 summary: dyn_dyn_cos_loss: 0.00000, dyn_sta_cos_loss: 0.00000, total_cos_loss : 0.00000, vocab_cro_loss : 1.48847, 
epoch  34 summary: dyn_dyn_cos_loss: 0.00000, dyn_sta_cos_loss: 0.00000, total_cos_loss : 0.00000, vocab_cro_loss : 1.54486, 
epoch  35 summary: dyn_dyn_cos_loss: 0.00000, dyn_sta_cos_loss: 0.00000, total_cos_loss : 0.00000, vocab_cro_loss : 1.48525, 
epoch  36 summary: dyn_dyn_cos_loss: 0.00000, dyn_sta_cos_loss: 0.00000, total_cos_loss : 0.00000, vocab_cro_loss : 1.42493, 
epoch  37 summary: dyn_dyn_cos_loss: 0.00000, dyn_sta_cos_loss: 0.00000, total_cos_loss : 0.00000, vocab_cro_loss : 1.39959, 
epoch  38 summary: dyn_dyn_cos_loss: 0.00000, dyn_sta_cos_loss: 0.00000, total_cos_loss : 0.00000, vocab_cro_loss : 1.40673, 
epoch  39 summary: dyn_dyn_cos_loss: 0.00000, dyn_sta_cos_loss: 0.00000, total_cos_loss : 0.00000, vocab_cro_loss : 1.39315, 
epoch  40 summary: dyn_dyn_cos_loss: 0.00000, dyn_sta_cos_loss: 0.00000, total_cos_loss : 0.00000, vocab_cro_loss : 1.37435, 
train loss: 1.3590, train acc: 0.6670
epoch  41 summary: dyn_dyn_cos_loss: 0.00000, dyn_sta_cos_loss: 0.00000, total_cos_loss : 0.00000, vocab_cro_loss : 1.35895, 
epoch  42 summary: dyn_dyn_cos_loss: 0.00000, dyn_sta_cos_loss: 0.00000, total_cos_loss : 0.00000, vocab_cro_loss : 1.34297, 
epoch  43 summary: dyn_dyn_cos_loss: 0.00000, dyn_sta_cos_loss: 0.00000, total_cos_loss : 0.00000, vocab_cro_loss : 1.33345, 
epoch  44 summary: dyn_dyn_cos_loss: 0.00000, dyn_sta_cos_loss: 0.00000, total_cos_loss : 0.00000, vocab_cro_loss : 1.32731, 
epoch  45 summary: dyn_dyn_cos_loss: 0.00000, dyn_sta_cos_loss: 0.00000, total_cos_loss : 0.00000, vocab_cro_loss : 1.32381, 
epoch  46 summary: dyn_dyn_cos_loss: 0.00000, dyn_sta_cos_loss: 0.00000, total_cos_loss : 0.00000, vocab_cro_loss : 1.31987, 
epoch  47 summary: dyn_dyn_cos_loss: 0.00000, dyn_sta_cos_loss: 0.00000, total_cos_loss : 0.00000, vocab_cro_loss : 1.31538, 
epoch  48 summary: dyn_dyn_cos_loss: 0.01036, dyn_sta_cos_loss: 0.00289, total_cos_loss : 0.00438, vocab_cro_loss : 1.31313, 
epoch  49 summary: dyn_dyn_cos_loss: 0.00000, dyn_sta_cos_loss: 0.00000, total_cos_loss : 0.00000, vocab_cro_loss : 1.38152, 
epoch  50 summary: dyn_dyn_cos_loss: 0.00000, dyn_sta_cos_loss: 0.00000, total_cos_loss : 0.00000, vocab_cro_loss : 1.41469, 
train loss: 1.3565, train acc: 0.6475
epoch  51 summary: dyn_dyn_cos_loss: 0.00000, dyn_sta_cos_loss: 0.00000, total_cos_loss : 0.00000, vocab_cro_loss : 1.35612, 
epoch  52 summary: dyn_dyn_cos_loss: 0.00000, dyn_sta_cos_loss: 0.00000, total_cos_loss : 0.00000, vocab_cro_loss : 1.31227, 
epoch  53 summary: dyn_dyn_cos_loss: 0.00000, dyn_sta_cos_loss: 0.00000, total_cos_loss : 0.00000, vocab_cro_loss : 1.26698, 
epoch  54 summary: dyn_dyn_cos_loss: 0.00000, dyn_sta_cos_loss: 0.00000, total_cos_loss : 0.00000, vocab_cro_loss : 1.25026, 
epoch  55 summary: dyn_dyn_cos_loss: 0.00000, dyn_sta_cos_loss: 0.00000, total_cos_loss : 0.00000, vocab_cro_loss : 1.24115, 
epoch  56 summary: dyn_dyn_cos_loss: 0.00000, dyn_sta_cos_loss: 0.00000, total_cos_loss : 0.00000, vocab_cro_loss : 1.22868, 
epoch  57 summary: dyn_dyn_cos_loss: 0.00000, dyn_sta_cos_loss: 0.00000, total_cos_loss : 0.00000, vocab_cro_loss : 1.22370, 
epoch  58 summary: dyn_dyn_cos_loss: 0.00000, dyn_sta_cos_loss: 0.00000, total_cos_loss : 0.00000, vocab_cro_loss : 1.22157, 
epoch  59 summary: dyn_dyn_cos_loss: 0.00000, dyn_sta_cos_loss: 0.00000, total_cos_loss : 0.00000, vocab_cro_loss : 1.24208, 
epoch  60 summary: dyn_dyn_cos_loss: 0.00000, dyn_sta_cos_loss: 0.00000, total_cos_loss : 0.00000, vocab_cro_loss : 1.21504, 
train loss: 1.2131, train acc: 0.6826
epoch  61 summary: dyn_dyn_cos_loss: 0.00000, dyn_sta_cos_loss: 0.00000, total_cos_loss : 0.00000, vocab_cro_loss : 1.21312, 
epoch  62 summary: dyn_dyn_cos_loss: 0.00000, dyn_sta_cos_loss: 0.00000, total_cos_loss : 0.00000, vocab_cro_loss : 1.21101, 
epoch  63 summary: dyn_dyn_cos_loss: 0.00000, dyn_sta_cos_loss: 0.00000, total_cos_loss : 0.00000, vocab_cro_loss : 1.21166, 
epoch  64 summary: dyn_dyn_cos_loss: 0.00720, dyn_sta_cos_loss: 0.00249, total_cos_loss : 0.00343, vocab_cro_loss : 1.21165, 
epoch  65 summary: dyn_dyn_cos_loss: 0.00000, dyn_sta_cos_loss: 0.00000, total_cos_loss : 0.00000, vocab_cro_loss : 1.30271, 
epoch  66 summary: dyn_dyn_cos_loss: 0.00000, dyn_sta_cos_loss: 0.00000, total_cos_loss : 0.00000, vocab_cro_loss : 1.27180, 
epoch  67 summary: dyn_dyn_cos_loss: 0.00000, dyn_sta_cos_loss: 0.00000, total_cos_loss : 0.00000, vocab_cro_loss : 1.24185, 
epoch  68 summary: dyn_dyn_cos_loss: 0.00000, dyn_sta_cos_loss: 0.00000, total_cos_loss : 0.00000, vocab_cro_loss : 1.22426, 
epoch  69 summary: dyn_dyn_cos_loss: 0.00000, dyn_sta_cos_loss: 0.00000, total_cos_loss : 0.00000, vocab_cro_loss : 1.22208, 
epoch  70 summary: dyn_dyn_cos_loss: 0.00000, dyn_sta_cos_loss: 0.00000, total_cos_loss : 0.00000, vocab_cro_loss : 1.33899, 
train loss: 1.4194, train acc: 0.6309
epoch  71 summary: dyn_dyn_cos_loss: 0.00000, dyn_sta_cos_loss: 0.00000, total_cos_loss : 0.00000, vocab_cro_loss : 1.41860, 
epoch  72 summary: dyn_dyn_cos_loss: 0.00000, dyn_sta_cos_loss: 0.00000, total_cos_loss : 0.00000, vocab_cro_loss : 1.32385, 
epoch  73 summary: dyn_dyn_cos_loss: 0.00000, dyn_sta_cos_loss: 0.00000, total_cos_loss : 0.00000, vocab_cro_loss : 1.39754, 
epoch  74 summary: dyn_dyn_cos_loss: 0.00000, dyn_sta_cos_loss: 0.00000, total_cos_loss : 0.00000, vocab_cro_loss : 1.38940, 
epoch  75 summary: dyn_dyn_cos_loss: 0.00000, dyn_sta_cos_loss: 0.00000, total_cos_loss : 0.00000, vocab_cro_loss : 1.31709, 
epoch  76 summary: dyn_dyn_cos_loss: 0.00000, dyn_sta_cos_loss: 0.00000, total_cos_loss : 0.00000, vocab_cro_loss : 1.32588, 
epoch  77 summary: dyn_dyn_cos_loss: 0.00000, dyn_sta_cos_loss: 0.00000, total_cos_loss : 0.00000, vocab_cro_loss : 1.30226, 
epoch  78 summary: dyn_dyn_cos_loss: 0.00000, dyn_sta_cos_loss: 0.00000, total_cos_loss : 0.00000, vocab_cro_loss : 1.25242, 
epoch  79 summary: dyn_dyn_cos_loss: 0.00000, dyn_sta_cos_loss: 0.00000, total_cos_loss : 0.00000, vocab_cro_loss : 1.26743, 
epoch  80 summary: dyn_dyn_cos_loss: 0.00522, dyn_sta_cos_loss: 0.00224, total_cos_loss : 0.00283, vocab_cro_loss : 1.31656, 
train loss: 1.5834, train acc: 0.6025
epoch  81 summary: dyn_dyn_cos_loss: 0.00000, dyn_sta_cos_loss: 0.00000, total_cos_loss : 0.00000, vocab_cro_loss : 1.58156, 
epoch  82 summary: dyn_dyn_cos_loss: 0.00000, dyn_sta_cos_loss: 0.00000, total_cos_loss : 0.00000, vocab_cro_loss : 1.63670, 
epoch  83 summary: dyn_dyn_cos_loss: 0.00000, dyn_sta_cos_loss: 0.00000, total_cos_loss : 0.00000, vocab_cro_loss : 1.67215, 
epoch  84 summary: dyn_dyn_cos_loss: 0.00000, dyn_sta_cos_loss: 0.00000, total_cos_loss : 0.00000, vocab_cro_loss : 1.51570, 
epoch  85 summary: dyn_dyn_cos_loss: 0.00000, dyn_sta_cos_loss: 0.00000, total_cos_loss : 0.00000, vocab_cro_loss : 1.50505, 
epoch  86 summary: dyn_dyn_cos_loss: 0.00000, dyn_sta_cos_loss: 0.00000, total_cos_loss : 0.00000, vocab_cro_loss : 1.49975, 
epoch  87 summary: dyn_dyn_cos_loss: 0.00000, dyn_sta_cos_loss: 0.00000, total_cos_loss : 0.00000, vocab_cro_loss : 1.51765, 
epoch  88 summary: dyn_dyn_cos_loss: 0.00000, dyn_sta_cos_loss: 0.00000, total_cos_loss : 0.00000, vocab_cro_loss : 1.59607, 
epoch  89 summary: dyn_dyn_cos_loss: 0.00000, dyn_sta_cos_loss: 0.00000, total_cos_loss : 0.00000, vocab_cro_loss : 1.60955, 
epoch  90 summary: dyn_dyn_cos_loss: 0.00000, dyn_sta_cos_loss: 0.00000, total_cos_loss : 0.00000, vocab_cro_loss : 1.58741, 
train loss: 1.7744, train acc: 0.5312
epoch  91 summary: dyn_dyn_cos_loss: 0.00000, dyn_sta_cos_loss: 0.00000, total_cos_loss : 0.00000, vocab_cro_loss : 1.77232, 
epoch  92 summary: dyn_dyn_cos_loss: 0.00000, dyn_sta_cos_loss: 0.00000, total_cos_loss : 0.00000, vocab_cro_loss : 1.73926, 
epoch  93 summary: dyn_dyn_cos_loss: 0.00000, dyn_sta_cos_loss: 0.00000, total_cos_loss : 0.00000, vocab_cro_loss : 1.60585, 
epoch  94 summary: dyn_dyn_cos_loss: 0.00000, dyn_sta_cos_loss: 0.00000, total_cos_loss : 0.00000, vocab_cro_loss : 1.61395, 
epoch  95 summary: dyn_dyn_cos_loss: 0.00000, dyn_sta_cos_loss: 0.00000, total_cos_loss : 0.00000, vocab_cro_loss : 1.49385, 
epoch  96 summary: dyn_dyn_cos_loss: 0.00382, dyn_sta_cos_loss: 0.00248, total_cos_loss : 0.00274, vocab_cro_loss : 1.39313, 
epoch  97 summary: dyn_dyn_cos_loss: 0.00000, dyn_sta_cos_loss: 0.00000, total_cos_loss : 0.00000, vocab_cro_loss : 1.47748, 
epoch  98 summary: dyn_dyn_cos_loss: 0.00000, dyn_sta_cos_loss: 0.00000, total_cos_loss : 0.00000, vocab_cro_loss : 1.51788, 
epoch  99 summary: dyn_dyn_cos_loss: 0.00000, dyn_sta_cos_loss: 0.00000, total_cos_loss : 0.00000, vocab_cro_loss : 1.55180, 
epoch 100 summary: dyn_dyn_cos_loss: 0.00000, dyn_sta_cos_loss: 0.00000, total_cos_loss : 0.00000, vocab_cro_loss : 1.42965, 
train loss: 1.4051, train acc: 0.6318
epoch 101 summary: dyn_dyn_cos_loss: 0.00000, dyn_sta_cos_loss: 0.00000, total_cos_loss : 0.00000, vocab_cro_loss : 1.40438, 
epoch 102 summary: dyn_dyn_cos_loss: 0.00000, dyn_sta_cos_loss: 0.00000, total_cos_loss : 0.00000, vocab_cro_loss : 1.36446, 
epoch 103 summary: dyn_dyn_cos_loss: 0.00000, dyn_sta_cos_loss: 0.00000, total_cos_loss : 0.00000, vocab_cro_loss : 1.35762, 
epoch 104 summary: dyn_dyn_cos_loss: 0.00000, dyn_sta_cos_loss: 0.00000, total_cos_loss : 0.00000, vocab_cro_loss : 1.59016, 
epoch 105 summary: dyn_dyn_cos_loss: 0.00000, dyn_sta_cos_loss: 0.00000, total_cos_loss : 0.00000, vocab_cro_loss : 1.49658, 
epoch 106 summary: dyn_dyn_cos_loss: 0.00000, dyn_sta_cos_loss: 0.00000, total_cos_loss : 0.00000, vocab_cro_loss : 1.44882, 
epoch 107 summary: dyn_dyn_cos_loss: 0.00000, dyn_sta_cos_loss: 0.00000, total_cos_loss : 0.00000, vocab_cro_loss : 1.34951, 
epoch 108 summary: dyn_dyn_cos_loss: 0.00000, dyn_sta_cos_loss: 0.00000, total_cos_loss : 0.00000, vocab_cro_loss : 1.32711, 
epoch 109 summary: dyn_dyn_cos_loss: 0.00000, dyn_sta_cos_loss: 0.00000, total_cos_loss : 0.00000, vocab_cro_loss : 1.31988, 
epoch 110 summary: dyn_dyn_cos_loss: 0.00000, dyn_sta_cos_loss: 0.00000, total_cos_loss : 0.00000, vocab_cro_loss : 1.33238, 
train loss: 1.3255, train acc: 0.6289
epoch 111 summary: dyn_dyn_cos_loss: 0.00000, dyn_sta_cos_loss: 0.00000, total_cos_loss : 0.00000, vocab_cro_loss : 1.32524, 
epoch 112 summary: dyn_dyn_cos_loss: 0.00326, dyn_sta_cos_loss: 0.00276, total_cos_loss : 0.00286, vocab_cro_loss : 1.36391, 
epoch 113 summary: dyn_dyn_cos_loss: 0.00000, dyn_sta_cos_loss: 0.00000, total_cos_loss : 0.00000, vocab_cro_loss : 1.44704, 
epoch 114 summary: dyn_dyn_cos_loss: 0.00000, dyn_sta_cos_loss: 0.00000, total_cos_loss : 0.00000, vocab_cro_loss : 1.42795, 
epoch 115 summary: dyn_dyn_cos_loss: 0.00000, dyn_sta_cos_loss: 0.00000, total_cos_loss : 0.00000, vocab_cro_loss : 1.40476, 
epoch 116 summary: dyn_dyn_cos_loss: 0.00000, dyn_sta_cos_loss: 0.00000, total_cos_loss : 0.00000, vocab_cro_loss : 1.42636, 
epoch 117 summary: dyn_dyn_cos_loss: 0.00000, dyn_sta_cos_loss: 0.00000, total_cos_loss : 0.00000, vocab_cro_loss : 1.39488, 
epoch 118 summary: dyn_dyn_cos_loss: 0.00000, dyn_sta_cos_loss: 0.00000, total_cos_loss : 0.00000, vocab_cro_loss : 1.32250, 
epoch 119 summary: dyn_dyn_cos_loss: 0.00000, dyn_sta_cos_loss: 0.00000, total_cos_loss : 0.00000, vocab_cro_loss : 1.30147, 
epoch 120 summary: dyn_dyn_cos_loss: 0.00000, dyn_sta_cos_loss: 0.00000, total_cos_loss : 0.00000, vocab_cro_loss : 1.30355, 
train loss: 1.3084, train acc: 0.6436
epoch 121 summary: dyn_dyn_cos_loss: 0.00000, dyn_sta_cos_loss: 0.00000, total_cos_loss : 0.00000, vocab_cro_loss : 1.30782, 
epoch 122 summary: dyn_dyn_cos_loss: 0.00000, dyn_sta_cos_loss: 0.00000, total_cos_loss : 0.00000, vocab_cro_loss : 1.33108, 
epoch 123 summary: dyn_dyn_cos_loss: 0.00000, dyn_sta_cos_loss: 0.00000, total_cos_loss : 0.00000, vocab_cro_loss : 1.31354, 
epoch 124 summary: dyn_dyn_cos_loss: 0.00000, dyn_sta_cos_loss: 0.00000, total_cos_loss : 0.00000, vocab_cro_loss : 1.30678, 
epoch 125 summary: dyn_dyn_cos_loss: 0.00000, dyn_sta_cos_loss: 0.00000, total_cos_loss : 0.00000, vocab_cro_loss : 1.25565, 
epoch 126 summary: dyn_dyn_cos_loss: 0.00000, dyn_sta_cos_loss: 0.00000, total_cos_loss : 0.00000, vocab_cro_loss : 1.21851, 
epoch 127 summary: dyn_dyn_cos_loss: 0.00000, dyn_sta_cos_loss: 0.00000, total_cos_loss : 0.00000, vocab_cro_loss : 1.23276, 
epoch 128 summary: dyn_dyn_cos_loss: 0.00421, dyn_sta_cos_loss: 0.00239, total_cos_loss : 0.00276, vocab_cro_loss : 1.25879, 
epoch 129 summary: dyn_dyn_cos_loss: 0.00000, dyn_sta_cos_loss: 0.00000, total_cos_loss : 0.00000, vocab_cro_loss : 1.41920, 
epoch 130 summary: dyn_dyn_cos_loss: 0.00000, dyn_sta_cos_loss: 0.00000, total_cos_loss : 0.00000, vocab_cro_loss : 1.48554, 
train loss: 1.3448, train acc: 0.6104
epoch 131 summary: dyn_dyn_cos_loss: 0.00000, dyn_sta_cos_loss: 0.00000, total_cos_loss : 0.00000, vocab_cro_loss : 1.34446, 
epoch 132 summary: dyn_dyn_cos_loss: 0.00000, dyn_sta_cos_loss: 0.00000, total_cos_loss : 0.00000, vocab_cro_loss : 1.30288, 
epoch 133 summary: dyn_dyn_cos_loss: 0.00000, dyn_sta_cos_loss: 0.00000, total_cos_loss : 0.00000, vocab_cro_loss : 1.30369, 
epoch 134 summary: dyn_dyn_cos_loss: 0.00000, dyn_sta_cos_loss: 0.00000, total_cos_loss : 0.00000, vocab_cro_loss : 1.29630, 
epoch 135 summary: dyn_dyn_cos_loss: 0.00000, dyn_sta_cos_loss: 0.00000, total_cos_loss : 0.00000, vocab_cro_loss : 1.29299, 
epoch 136 summary: dyn_dyn_cos_loss: 0.00000, dyn_sta_cos_loss: 0.00000, total_cos_loss : 0.00000, vocab_cro_loss : 1.26783, 
epoch 137 summary: dyn_dyn_cos_loss: 0.00000, dyn_sta_cos_loss: 0.00000, total_cos_loss : 0.00000, vocab_cro_loss : 1.24987, 
epoch 138 summary: dyn_dyn_cos_loss: 0.00000, dyn_sta_cos_loss: 0.00000, total_cos_loss : 0.00000, vocab_cro_loss : 1.23521, 
epoch 139 summary: dyn_dyn_cos_loss: 0.00000, dyn_sta_cos_loss: 0.00000, total_cos_loss : 0.00000, vocab_cro_loss : 1.22986, 
epoch 140 summary: dyn_dyn_cos_loss: 0.00000, dyn_sta_cos_loss: 0.00000, total_cos_loss : 0.00000, vocab_cro_loss : 1.25016, 
train loss: 1.2522, train acc: 0.6523
epoch 141 summary: dyn_dyn_cos_loss: 0.00000, dyn_sta_cos_loss: 0.00000, total_cos_loss : 0.00000, vocab_cro_loss : 1.25198, 
epoch 142 summary: dyn_dyn_cos_loss: 0.00000, dyn_sta_cos_loss: 0.00000, total_cos_loss : 0.00000, vocab_cro_loss : 1.25023, 
epoch 143 summary: dyn_dyn_cos_loss: 0.00000, dyn_sta_cos_loss: 0.00000, total_cos_loss : 0.00000, vocab_cro_loss : 1.23037, 
epoch 144 summary: dyn_dyn_cos_loss: 0.00323, dyn_sta_cos_loss: 0.00235, total_cos_loss : 0.00253, vocab_cro_loss : 1.25991, 
epoch 145 summary: dyn_dyn_cos_loss: 0.00000, dyn_sta_cos_loss: 0.00000, total_cos_loss : 0.00000, vocab_cro_loss : 1.36545, 
epoch 146 summary: dyn_dyn_cos_loss: 0.00000, dyn_sta_cos_loss: 0.00000, total_cos_loss : 0.00000, vocab_cro_loss : 1.35061, 
epoch 147 summary: dyn_dyn_cos_loss: 0.00000, dyn_sta_cos_loss: 0.00000, total_cos_loss : 0.00000, vocab_cro_loss : 1.37758, 
epoch 148 summary: dyn_dyn_cos_loss: 0.00000, dyn_sta_cos_loss: 0.00000, total_cos_loss : 0.00000, vocab_cro_loss : 1.33219, 
epoch 149 summary: dyn_dyn_cos_loss: 0.00000, dyn_sta_cos_loss: 0.00000, total_cos_loss : 0.00000, vocab_cro_loss : 1.27865, 
epoch 150 summary: dyn_dyn_cos_loss: 0.00000, dyn_sta_cos_loss: 0.00000, total_cos_loss : 0.00000, vocab_cro_loss : 1.26962, 
train loss: 1.3532, train acc: 0.6387
epoch 151 summary: dyn_dyn_cos_loss: 0.00000, dyn_sta_cos_loss: 0.00000, total_cos_loss : 0.00000, vocab_cro_loss : 1.35222, 
epoch 152 summary: dyn_dyn_cos_loss: 0.00000, dyn_sta_cos_loss: 0.00000, total_cos_loss : 0.00000, vocab_cro_loss : 1.44074, 
epoch 153 summary: dyn_dyn_cos_loss: 0.00000, dyn_sta_cos_loss: 0.00000, total_cos_loss : 0.00000, vocab_cro_loss : 1.41439, 
epoch 154 summary: dyn_dyn_cos_loss: 0.00000, dyn_sta_cos_loss: 0.00000, total_cos_loss : 0.00000, vocab_cro_loss : 1.74297, 
epoch 155 summary: dyn_dyn_cos_loss: 0.00000, dyn_sta_cos_loss: 0.00000, total_cos_loss : 0.00000, vocab_cro_loss : 1.49124, 
epoch 156 summary: dyn_dyn_cos_loss: 0.00000, dyn_sta_cos_loss: 0.00000, total_cos_loss : 0.00000, vocab_cro_loss : 1.41098, 
epoch 157 summary: dyn_dyn_cos_loss: 0.00000, dyn_sta_cos_loss: 0.00000, total_cos_loss : 0.00000, vocab_cro_loss : 1.35374, 
epoch 158 summary: dyn_dyn_cos_loss: 0.00000, dyn_sta_cos_loss: 0.00000, total_cos_loss : 0.00000, vocab_cro_loss : 1.34437, 
epoch 159 summary: dyn_dyn_cos_loss: 0.00000, dyn_sta_cos_loss: 0.00000, total_cos_loss : 0.00000, vocab_cro_loss : 1.35127, 
epoch 160 summary: dyn_dyn_cos_loss: 0.00267, dyn_sta_cos_loss: 0.00232, total_cos_loss : 0.00239, vocab_cro_loss : 1.30983, 
train loss: 1.5446, train acc: 0.5918
epoch 161 summary: dyn_dyn_cos_loss: 0.00000, dyn_sta_cos_loss: 0.00000, total_cos_loss : 0.00000, vocab_cro_loss : 1.54329, 
epoch 162 summary: dyn_dyn_cos_loss: 0.00000, dyn_sta_cos_loss: 0.00000, total_cos_loss : 0.00000, vocab_cro_loss : 1.48021, 
epoch 163 summary: dyn_dyn_cos_loss: 0.00000, dyn_sta_cos_loss: 0.00000, total_cos_loss : 0.00000, vocab_cro_loss : 1.39507, 
epoch 164 summary: dyn_dyn_cos_loss: 0.00000, dyn_sta_cos_loss: 0.00000, total_cos_loss : 0.00000, vocab_cro_loss : 1.37765, 
epoch 165 summary: dyn_dyn_cos_loss: 0.00000, dyn_sta_cos_loss: 0.00000, total_cos_loss : 0.00000, vocab_cro_loss : 1.38750, 
epoch 166 summary: dyn_dyn_cos_loss: 0.00000, dyn_sta_cos_loss: 0.00000, total_cos_loss : 0.00000, vocab_cro_loss : 1.37999, 
epoch 167 summary: dyn_dyn_cos_loss: 0.00000, dyn_sta_cos_loss: 0.00000, total_cos_loss : 0.00000, vocab_cro_loss : 1.34604, 
epoch 168 summary: dyn_dyn_cos_loss: 0.00000, dyn_sta_cos_loss: 0.00000, total_cos_loss : 0.00000, vocab_cro_loss : 1.33475, 
epoch 169 summary: dyn_dyn_cos_loss: 0.00000, dyn_sta_cos_loss: 0.00000, total_cos_loss : 0.00000, vocab_cro_loss : 1.31763, 
epoch 170 summary: dyn_dyn_cos_loss: 0.00000, dyn_sta_cos_loss: 0.00000, total_cos_loss : 0.00000, vocab_cro_loss : 1.28017, 
train loss: 1.2642, train acc: 0.6514
epoch 171 summary: dyn_dyn_cos_loss: 0.00000, dyn_sta_cos_loss: 0.00000, total_cos_loss : 0.00000, vocab_cro_loss : 1.26395, 
epoch 172 summary: dyn_dyn_cos_loss: 0.00000, dyn_sta_cos_loss: 0.00000, total_cos_loss : 0.00000, vocab_cro_loss : 1.26845, 
epoch 173 summary: dyn_dyn_cos_loss: 0.00000, dyn_sta_cos_loss: 0.00000, total_cos_loss : 0.00000, vocab_cro_loss : 1.25555, 
epoch 174 summary: dyn_dyn_cos_loss: 0.00000, dyn_sta_cos_loss: 0.00000, total_cos_loss : 0.00000, vocab_cro_loss : 1.25032, 
epoch 175 summary: dyn_dyn_cos_loss: 0.00000, dyn_sta_cos_loss: 0.00000, total_cos_loss : 0.00000, vocab_cro_loss : 1.22799, 
epoch 176 summary: dyn_dyn_cos_loss: 0.00257, dyn_sta_cos_loss: 0.00233, total_cos_loss : 0.00237, vocab_cro_loss : 1.21679, 
epoch 177 summary: dyn_dyn_cos_loss: 0.00000, dyn_sta_cos_loss: 0.00000, total_cos_loss : 0.00000, vocab_cro_loss : 1.34125, 
epoch 178 summary: dyn_dyn_cos_loss: 0.00000, dyn_sta_cos_loss: 0.00000, total_cos_loss : 0.00000, vocab_cro_loss : 1.31460, 
epoch 179 summary: dyn_dyn_cos_loss: 0.00000, dyn_sta_cos_loss: 0.00000, total_cos_loss : 0.00000, vocab_cro_loss : 1.28063, 
epoch 180 summary: dyn_dyn_cos_loss: 0.00000, dyn_sta_cos_loss: 0.00000, total_cos_loss : 0.00000, vocab_cro_loss : 1.30105, 
train loss: 1.3529, train acc: 0.6279
epoch 181 summary: dyn_dyn_cos_loss: 0.00000, dyn_sta_cos_loss: 0.00000, total_cos_loss : 0.00000, vocab_cro_loss : 1.35185, 
epoch 182 summary: dyn_dyn_cos_loss: 0.00000, dyn_sta_cos_loss: 0.00000, total_cos_loss : 0.00000, vocab_cro_loss : 1.34495, 
epoch 183 summary: dyn_dyn_cos_loss: 0.00000, dyn_sta_cos_loss: 0.00000, total_cos_loss : 0.00000, vocab_cro_loss : 1.35404, 
epoch 184 summary: dyn_dyn_cos_loss: 0.00000, dyn_sta_cos_loss: 0.00000, total_cos_loss : 0.00000, vocab_cro_loss : 1.36008, 
epoch 185 summary: dyn_dyn_cos_loss: 0.00000, dyn_sta_cos_loss: 0.00000, total_cos_loss : 0.00000, vocab_cro_loss : 1.27378, 
epoch 186 summary: dyn_dyn_cos_loss: 0.00000, dyn_sta_cos_loss: 0.00000, total_cos_loss : 0.00000, vocab_cro_loss : 1.31794, 
epoch 187 summary: dyn_dyn_cos_loss: 0.00000, dyn_sta_cos_loss: 0.00000, total_cos_loss : 0.00000, vocab_cro_loss : 1.25837, 
epoch 188 summary: dyn_dyn_cos_loss: 0.00000, dyn_sta_cos_loss: 0.00000, total_cos_loss : 0.00000, vocab_cro_loss : 1.32002, 
epoch 189 summary: dyn_dyn_cos_loss: 0.00000, dyn_sta_cos_loss: 0.00000, total_cos_loss : 0.00000, vocab_cro_loss : 1.33709, 
epoch 190 summary: dyn_dyn_cos_loss: 0.00000, dyn_sta_cos_loss: 0.00000, total_cos_loss : 0.00000, vocab_cro_loss : 1.26557, 
train loss: 1.2497, train acc: 0.6475
epoch 191 summary: dyn_dyn_cos_loss: 0.00000, dyn_sta_cos_loss: 0.00000, total_cos_loss : 0.00000, vocab_cro_loss : 1.24943, 
epoch 192 summary: dyn_dyn_cos_loss: 0.00239, dyn_sta_cos_loss: 0.00199, total_cos_loss : 0.00207, vocab_cro_loss : 1.23197, 
epoch 193 summary: dyn_dyn_cos_loss: 0.00000, dyn_sta_cos_loss: 0.00000, total_cos_loss : 0.00000, vocab_cro_loss : 1.51380, 
epoch 194 summary: dyn_dyn_cos_loss: 0.00000, dyn_sta_cos_loss: 0.00000, total_cos_loss : 0.00000, vocab_cro_loss : 1.36879, 
epoch 195 summary: dyn_dyn_cos_loss: 0.00000, dyn_sta_cos_loss: 0.00000, total_cos_loss : 0.00000, vocab_cro_loss : 1.34163, 
epoch 196 summary: dyn_dyn_cos_loss: 0.00000, dyn_sta_cos_loss: 0.00000, total_cos_loss : 0.00000, vocab_cro_loss : 1.27763, 
epoch 197 summary: dyn_dyn_cos_loss: 0.00000, dyn_sta_cos_loss: 0.00000, total_cos_loss : 0.00000, vocab_cro_loss : 1.28675, 
epoch 198 summary: dyn_dyn_cos_loss: 0.00000, dyn_sta_cos_loss: 0.00000, total_cos_loss : 0.00000, vocab_cro_loss : 1.29075, 
epoch 199 summary: dyn_dyn_cos_loss: 0.00000, dyn_sta_cos_loss: 0.00000, total_cos_loss : 0.00000, vocab_cro_loss : 1.23975, 
epoch 200 summary: dyn_dyn_cos_loss: 0.00000, dyn_sta_cos_loss: 0.00000, total_cos_loss : 0.00000, vocab_cro_loss : 1.24759, 
train loss: 1.2558, train acc: 0.6396
epoch 201 summary: dyn_dyn_cos_loss: 0.00000, dyn_sta_cos_loss: 0.00000, total_cos_loss : 0.00000, vocab_cro_loss : 1.25525, 
epoch 202 summary: dyn_dyn_cos_loss: 0.00000, dyn_sta_cos_loss: 0.00000, total_cos_loss : 0.00000, vocab_cro_loss : 1.23029, 
epoch 203 summary: dyn_dyn_cos_loss: 0.00000, dyn_sta_cos_loss: 0.00000, total_cos_loss : 0.00000, vocab_cro_loss : 1.26755, 
epoch 204 summary: dyn_dyn_cos_loss: 0.00000, dyn_sta_cos_loss: 0.00000, total_cos_loss : 0.00000, vocab_cro_loss : 1.25912, 
epoch 205 summary: dyn_dyn_cos_loss: 0.00000, dyn_sta_cos_loss: 0.00000, total_cos_loss : 0.00000, vocab_cro_loss : 1.25136, 
epoch 206 summary: dyn_dyn_cos_loss: 0.00000, dyn_sta_cos_loss: 0.00000, total_cos_loss : 0.00000, vocab_cro_loss : 1.24417, 
epoch 207 summary: dyn_dyn_cos_loss: 0.00000, dyn_sta_cos_loss: 0.00000, total_cos_loss : 0.00000, vocab_cro_loss : 1.23883, 
epoch 208 summary: dyn_dyn_cos_loss: 0.00229, dyn_sta_cos_loss: 0.00227, total_cos_loss : 0.00228, vocab_cro_loss : 1.39708, 
epoch 209 summary: dyn_dyn_cos_loss: 0.00000, dyn_sta_cos_loss: 0.00000, total_cos_loss : 0.00000, vocab_cro_loss : 1.43990, 
epoch 210 summary: dyn_dyn_cos_loss: 0.00000, dyn_sta_cos_loss: 0.00000, total_cos_loss : 0.00000, vocab_cro_loss : 1.39333, 
train loss: 1.3475, train acc: 0.6406
epoch 211 summary: dyn_dyn_cos_loss: 0.00000, dyn_sta_cos_loss: 0.00000, total_cos_loss : 0.00000, vocab_cro_loss : 1.34694, 
epoch 212 summary: dyn_dyn_cos_loss: 0.00000, dyn_sta_cos_loss: 0.00000, total_cos_loss : 0.00000, vocab_cro_loss : 1.25855, 
epoch 213 summary: dyn_dyn_cos_loss: 0.00000, dyn_sta_cos_loss: 0.00000, total_cos_loss : 0.00000, vocab_cro_loss : 1.22701, 
epoch 214 summary: dyn_dyn_cos_loss: 0.00000, dyn_sta_cos_loss: 0.00000, total_cos_loss : 0.00000, vocab_cro_loss : 1.28993, 
epoch 215 summary: dyn_dyn_cos_loss: 0.00000, dyn_sta_cos_loss: 0.00000, total_cos_loss : 0.00000, vocab_cro_loss : 1.25950, 
epoch 216 summary: dyn_dyn_cos_loss: 0.00000, dyn_sta_cos_loss: 0.00000, total_cos_loss : 0.00000, vocab_cro_loss : 1.20147, 
epoch 217 summary: dyn_dyn_cos_loss: 0.00000, dyn_sta_cos_loss: 0.00000, total_cos_loss : 0.00000, vocab_cro_loss : 1.22676, 
epoch 218 summary: dyn_dyn_cos_loss: 0.00000, dyn_sta_cos_loss: 0.00000, total_cos_loss : 0.00000, vocab_cro_loss : 1.22845, 
epoch 219 summary: dyn_dyn_cos_loss: 0.00000, dyn_sta_cos_loss: 0.00000, total_cos_loss : 0.00000, vocab_cro_loss : 1.24560, 
epoch 220 summary: dyn_dyn_cos_loss: 0.00000, dyn_sta_cos_loss: 0.00000, total_cos_loss : 0.00000, vocab_cro_loss : 1.24007, 
train loss: 1.2429, train acc: 0.6553
epoch 221 summary: dyn_dyn_cos_loss: 0.00000, dyn_sta_cos_loss: 0.00000, total_cos_loss : 0.00000, vocab_cro_loss : 1.24217, 
epoch 222 summary: dyn_dyn_cos_loss: 0.00000, dyn_sta_cos_loss: 0.00000, total_cos_loss : 0.00000, vocab_cro_loss : 1.22711, 
epoch 223 summary: dyn_dyn_cos_loss: 0.00000, dyn_sta_cos_loss: 0.00000, total_cos_loss : 0.00000, vocab_cro_loss : 1.19205, 
epoch 224 summary: dyn_dyn_cos_loss: 0.00234, dyn_sta_cos_loss: 0.00238, total_cos_loss : 0.00237, vocab_cro_loss : 1.18964, 
epoch 225 summary: dyn_dyn_cos_loss: 0.00000, dyn_sta_cos_loss: 0.00000, total_cos_loss : 0.00000, vocab_cro_loss : 1.35704, 
epoch 226 summary: dyn_dyn_cos_loss: 0.00000, dyn_sta_cos_loss: 0.00000, total_cos_loss : 0.00000, vocab_cro_loss : 1.34589, 
epoch 227 summary: dyn_dyn_cos_loss: 0.00000, dyn_sta_cos_loss: 0.00000, total_cos_loss : 0.00000, vocab_cro_loss : 1.32325, 
epoch 228 summary: dyn_dyn_cos_loss: 0.00000, dyn_sta_cos_loss: 0.00000, total_cos_loss : 0.00000, vocab_cro_loss : 1.22552, 
epoch 229 summary: dyn_dyn_cos_loss: 0.00000, dyn_sta_cos_loss: 0.00000, total_cos_loss : 0.00000, vocab_cro_loss : 1.18925, 
epoch 230 summary: dyn_dyn_cos_loss: 0.00000, dyn_sta_cos_loss: 0.00000, total_cos_loss : 0.00000, vocab_cro_loss : 1.18547, 
train loss: 1.1738, train acc: 0.6641
epoch 231 summary: dyn_dyn_cos_loss: 0.00000, dyn_sta_cos_loss: 0.00000, total_cos_loss : 0.00000, vocab_cro_loss : 1.17361, 
epoch 232 summary: dyn_dyn_cos_loss: 0.00000, dyn_sta_cos_loss: 0.00000, total_cos_loss : 0.00000, vocab_cro_loss : 1.17550, 
epoch 233 summary: dyn_dyn_cos_loss: 0.00000, dyn_sta_cos_loss: 0.00000, total_cos_loss : 0.00000, vocab_cro_loss : 1.20314, 
epoch 234 summary: dyn_dyn_cos_loss: 0.00000, dyn_sta_cos_loss: 0.00000, total_cos_loss : 0.00000, vocab_cro_loss : 1.17089, 
epoch 235 summary: dyn_dyn_cos_loss: 0.00000, dyn_sta_cos_loss: 0.00000, total_cos_loss : 0.00000, vocab_cro_loss : 1.18267, 
epoch 236 summary: dyn_dyn_cos_loss: 0.00000, dyn_sta_cos_loss: 0.00000, total_cos_loss : 0.00000, vocab_cro_loss : 1.14725, 
epoch 237 summary: dyn_dyn_cos_loss: 0.00000, dyn_sta_cos_loss: 0.00000, total_cos_loss : 0.00000, vocab_cro_loss : 1.16137, 
epoch 238 summary: dyn_dyn_cos_loss: 0.00000, dyn_sta_cos_loss: 0.00000, total_cos_loss : 0.00000, vocab_cro_loss : 1.16420, 
epoch 239 summary: dyn_dyn_cos_loss: 0.00000, dyn_sta_cos_loss: 0.00000, total_cos_loss : 0.00000, vocab_cro_loss : 1.17159, 
epoch 240 summary: dyn_dyn_cos_loss: 0.00223, dyn_sta_cos_loss: 0.00228, total_cos_loss : 0.00227, vocab_cro_loss : 1.17275, 
train loss: 1.3165, train acc: 0.6377
epoch 241 summary: dyn_dyn_cos_loss: 0.00000, dyn_sta_cos_loss: 0.00000, total_cos_loss : 0.00000, vocab_cro_loss : 1.31603, 
epoch 242 summary: dyn_dyn_cos_loss: 0.00000, dyn_sta_cos_loss: 0.00000, total_cos_loss : 0.00000, vocab_cro_loss : 1.31192, 
epoch 243 summary: dyn_dyn_cos_loss: 0.00000, dyn_sta_cos_loss: 0.00000, total_cos_loss : 0.00000, vocab_cro_loss : 1.25590, 
epoch 244 summary: dyn_dyn_cos_loss: 0.00000, dyn_sta_cos_loss: 0.00000, total_cos_loss : 0.00000, vocab_cro_loss : 1.26103, 
epoch 245 summary: dyn_dyn_cos_loss: 0.00000, dyn_sta_cos_loss: 0.00000, total_cos_loss : 0.00000, vocab_cro_loss : 1.21183, 
epoch 246 summary: dyn_dyn_cos_loss: 0.00000, dyn_sta_cos_loss: 0.00000, total_cos_loss : 0.00000, vocab_cro_loss : 1.28779, 
epoch 247 summary: dyn_dyn_cos_loss: 0.00000, dyn_sta_cos_loss: 0.00000, total_cos_loss : 0.00000, vocab_cro_loss : 1.26180, 
epoch 248 summary: dyn_dyn_cos_loss: 0.00000, dyn_sta_cos_loss: 0.00000, total_cos_loss : 0.00000, vocab_cro_loss : 1.26624, 
epoch 249 summary: dyn_dyn_cos_loss: 0.00000, dyn_sta_cos_loss: 0.00000, total_cos_loss : 0.00000, vocab_cro_loss : 1.24135, 
epoch 250 summary: dyn_dyn_cos_loss: 0.00000, dyn_sta_cos_loss: 0.00000, total_cos_loss : 0.00000, vocab_cro_loss : 1.23538, 
train loss: 1.2239, train acc: 0.6445
epoch 251 summary: dyn_dyn_cos_loss: 0.00000, dyn_sta_cos_loss: 0.00000, total_cos_loss : 0.00000, vocab_cro_loss : 1.22369, 
epoch 252 summary: dyn_dyn_cos_loss: 0.00000, dyn_sta_cos_loss: 0.00000, total_cos_loss : 0.00000, vocab_cro_loss : 1.22373, 
epoch 253 summary: dyn_dyn_cos_loss: 0.00000, dyn_sta_cos_loss: 0.00000, total_cos_loss : 0.00000, vocab_cro_loss : 1.25959, 
epoch 254 summary: dyn_dyn_cos_loss: 0.00000, dyn_sta_cos_loss: 0.00000, total_cos_loss : 0.00000, vocab_cro_loss : 1.36210, 
epoch 255 summary: dyn_dyn_cos_loss: 0.00000, dyn_sta_cos_loss: 0.00000, total_cos_loss : 0.00000, vocab_cro_loss : 1.36139, 
epoch 256 summary: dyn_dyn_cos_loss: 0.00216, dyn_sta_cos_loss: 0.00228, total_cos_loss : 0.00225, vocab_cro_loss : 1.43446, 
epoch 257 summary: dyn_dyn_cos_loss: 0.00000, dyn_sta_cos_loss: 0.00000, total_cos_loss : 0.00000, vocab_cro_loss : 1.42190, 
epoch 258 summary: dyn_dyn_cos_loss: 0.00000, dyn_sta_cos_loss: 0.00000, total_cos_loss : 0.00000, vocab_cro_loss : 1.53249, 
epoch 259 summary: dyn_dyn_cos_loss: 0.00000, dyn_sta_cos_loss: 0.00000, total_cos_loss : 0.00000, vocab_cro_loss : 1.54379, 
epoch 260 summary: dyn_dyn_cos_loss: 0.00000, dyn_sta_cos_loss: 0.00000, total_cos_loss : 0.00000, vocab_cro_loss : 1.34422, 
train loss: 1.3220, train acc: 0.6152
epoch 261 summary: dyn_dyn_cos_loss: 0.00000, dyn_sta_cos_loss: 0.00000, total_cos_loss : 0.00000, vocab_cro_loss : 1.32162, 
epoch 262 summary: dyn_dyn_cos_loss: 0.00000, dyn_sta_cos_loss: 0.00000, total_cos_loss : 0.00000, vocab_cro_loss : 1.29030, 
epoch 263 summary: dyn_dyn_cos_loss: 0.00000, dyn_sta_cos_loss: 0.00000, total_cos_loss : 0.00000, vocab_cro_loss : 1.28453, 
epoch 264 summary: dyn_dyn_cos_loss: 0.00000, dyn_sta_cos_loss: 0.00000, total_cos_loss : 0.00000, vocab_cro_loss : 1.25744, 
epoch 265 summary: dyn_dyn_cos_loss: 0.00000, dyn_sta_cos_loss: 0.00000, total_cos_loss : 0.00000, vocab_cro_loss : 1.24003, 
epoch 266 summary: dyn_dyn_cos_loss: 0.00000, dyn_sta_cos_loss: 0.00000, total_cos_loss : 0.00000, vocab_cro_loss : 1.23757, 
epoch 267 summary: dyn_dyn_cos_loss: 0.00000, dyn_sta_cos_loss: 0.00000, total_cos_loss : 0.00000, vocab_cro_loss : 1.17743, 
epoch 268 summary: dyn_dyn_cos_loss: 0.00000, dyn_sta_cos_loss: 0.00000, total_cos_loss : 0.00000, vocab_cro_loss : 1.19441, 
epoch 269 summary: dyn_dyn_cos_loss: 0.00000, dyn_sta_cos_loss: 0.00000, total_cos_loss : 0.00000, vocab_cro_loss : 1.21081, 
epoch 270 summary: dyn_dyn_cos_loss: 0.00000, dyn_sta_cos_loss: 0.00000, total_cos_loss : 0.00000, vocab_cro_loss : 1.20410, 
train loss: 1.1999, train acc: 0.6494
epoch 271 summary: dyn_dyn_cos_loss: 0.00000, dyn_sta_cos_loss: 0.00000, total_cos_loss : 0.00000, vocab_cro_loss : 1.19960, 
epoch 272 summary: dyn_dyn_cos_loss: 0.00206, dyn_sta_cos_loss: 0.00222, total_cos_loss : 0.00219, vocab_cro_loss : 1.23215, 
epoch 273 summary: dyn_dyn_cos_loss: 0.00000, dyn_sta_cos_loss: 0.00000, total_cos_loss : 0.00000, vocab_cro_loss : 1.27398, 
epoch 274 summary: dyn_dyn_cos_loss: 0.00000, dyn_sta_cos_loss: 0.00000, total_cos_loss : 0.00000, vocab_cro_loss : 1.23198, 
epoch 275 summary: dyn_dyn_cos_loss: 0.00000, dyn_sta_cos_loss: 0.00000, total_cos_loss : 0.00000, vocab_cro_loss : 1.22056, 
epoch 276 summary: dyn_dyn_cos_loss: 0.00000, dyn_sta_cos_loss: 0.00000, total_cos_loss : 0.00000, vocab_cro_loss : 1.21382, 
epoch 277 summary: dyn_dyn_cos_loss: 0.00000, dyn_sta_cos_loss: 0.00000, total_cos_loss : 0.00000, vocab_cro_loss : 1.20933, 
epoch 278 summary: dyn_dyn_cos_loss: 0.00000, dyn_sta_cos_loss: 0.00000, total_cos_loss : 0.00000, vocab_cro_loss : 1.21011, 
epoch 279 summary: dyn_dyn_cos_loss: 0.00000, dyn_sta_cos_loss: 0.00000, total_cos_loss : 0.00000, vocab_cro_loss : 1.21164, 
epoch 280 summary: dyn_dyn_cos_loss: 0.00000, dyn_sta_cos_loss: 0.00000, total_cos_loss : 0.00000, vocab_cro_loss : 1.18971, 
train loss: 1.1724, train acc: 0.6553
epoch 281 summary: dyn_dyn_cos_loss: 0.00000, dyn_sta_cos_loss: 0.00000, total_cos_loss : 0.00000, vocab_cro_loss : 1.17222, 
epoch 282 summary: dyn_dyn_cos_loss: 0.00000, dyn_sta_cos_loss: 0.00000, total_cos_loss : 0.00000, vocab_cro_loss : 1.18907, 
epoch 283 summary: dyn_dyn_cos_loss: 0.00000, dyn_sta_cos_loss: 0.00000, total_cos_loss : 0.00000, vocab_cro_loss : 1.16099, 
epoch 284 summary: dyn_dyn_cos_loss: 0.00000, dyn_sta_cos_loss: 0.00000, total_cos_loss : 0.00000, vocab_cro_loss : 1.15902, 
epoch 285 summary: dyn_dyn_cos_loss: 0.00000, dyn_sta_cos_loss: 0.00000, total_cos_loss : 0.00000, vocab_cro_loss : 1.16878, 
epoch 286 summary: dyn_dyn_cos_loss: 0.00000, dyn_sta_cos_loss: 0.00000, total_cos_loss : 0.00000, vocab_cro_loss : 1.23859, 
epoch 287 summary: dyn_dyn_cos_loss: 0.00000, dyn_sta_cos_loss: 0.00000, total_cos_loss : 0.00000, vocab_cro_loss : 1.23034, 
epoch 288 summary: dyn_dyn_cos_loss: 0.00208, dyn_sta_cos_loss: 0.00225, total_cos_loss : 0.00221, vocab_cro_loss : 1.28576, 
epoch 289 summary: dyn_dyn_cos_loss: 0.00000, dyn_sta_cos_loss: 0.00000, total_cos_loss : 0.00000, vocab_cro_loss : 1.35652, 
epoch 290 summary: dyn_dyn_cos_loss: 0.00000, dyn_sta_cos_loss: 0.00000, total_cos_loss : 0.00000, vocab_cro_loss : 1.33033, 
train loss: 1.3656, train acc: 0.6338
epoch 291 summary: dyn_dyn_cos_loss: 0.00000, dyn_sta_cos_loss: 0.00000, total_cos_loss : 0.00000, vocab_cro_loss : 1.36466, 
epoch 292 summary: dyn_dyn_cos_loss: 0.00000, dyn_sta_cos_loss: 0.00000, total_cos_loss : 0.00000, vocab_cro_loss : 1.39812, 
epoch 293 summary: dyn_dyn_cos_loss: 0.00000, dyn_sta_cos_loss: 0.00000, total_cos_loss : 0.00000, vocab_cro_loss : 1.23999, 
epoch 294 summary: dyn_dyn_cos_loss: 0.00000, dyn_sta_cos_loss: 0.00000, total_cos_loss : 0.00000, vocab_cro_loss : 1.29341, 
epoch 295 summary: dyn_dyn_cos_loss: 0.00000, dyn_sta_cos_loss: 0.00000, total_cos_loss : 0.00000, vocab_cro_loss : 1.28551, 
epoch 296 summary: dyn_dyn_cos_loss: 0.00000, dyn_sta_cos_loss: 0.00000, total_cos_loss : 0.00000, vocab_cro_loss : 1.22613, 
epoch 297 summary: dyn_dyn_cos_loss: 0.00000, dyn_sta_cos_loss: 0.00000, total_cos_loss : 0.00000, vocab_cro_loss : 1.19899, 
epoch 298 summary: dyn_dyn_cos_loss: 0.00000, dyn_sta_cos_loss: 0.00000, total_cos_loss : 0.00000, vocab_cro_loss : 1.19415, 
epoch 299 summary: dyn_dyn_cos_loss: 0.00000, dyn_sta_cos_loss: 0.00000, total_cos_loss : 0.00000, vocab_cro_loss : 1.24080, 
train loss: 1.2562, train acc: 0.6602
all                          92647.446ms
all_epoch                    89204.998ms
all_preparation               3442.423ms
all_preparation_2             3439.795ms
all_preparation_3                2.562ms
epoch                           97.692ms
epoch_pos_train                  5.170ms
epoch_preparation                6.663ms
epoch_train                     82.616ms
epoch_valid                      2.275ms
----------------------------------------
all                          92647.446ms
  all_epoch             96.28%
  all_preparation        3.72%
all_preparation               3442.423ms
  all_preparation_2     99.92%
  all_preparation_3      0.07%
epoch                        29307.623ms
  epoch_train           84.57%
  epoch_preparation      6.82%
  epoch_pos_train        5.29%
  epoch_valid            2.33%
epoch   0 summary: dyn_dyn_cos_loss: 0.02091, dyn_sta_cos_loss: 0.00669, total_cos_loss : 0.00953, 
valid loss: 3.1259, valid acc: 0.2644
epoch   1 summary: dyn_dyn_cos_loss: 0.01167, dyn_sta_cos_loss: 0.00422, total_cos_loss : 0.00571, 
epoch   2 summary: dyn_dyn_cos_loss: 0.00693, dyn_sta_cos_loss: 0.00308, total_cos_loss : 0.00385, 
epoch   3 summary: dyn_dyn_cos_loss: 0.00449, dyn_sta_cos_loss: 0.00254, total_cos_loss : 0.00293, 
epoch   4 summary: dyn_dyn_cos_loss: 0.00324, dyn_sta_cos_loss: 0.00227, total_cos_loss : 0.00246, 
epoch   5 summary: dyn_dyn_cos_loss: 0.00265, dyn_sta_cos_loss: 0.00211, total_cos_loss : 0.00222, 
epoch   6 summary: dyn_dyn_cos_loss: 0.00236, dyn_sta_cos_loss: 0.00200, total_cos_loss : 0.00207, 
epoch   7 summary: dyn_dyn_cos_loss: 0.00221, dyn_sta_cos_loss: 0.00192, total_cos_loss : 0.00198, 
epoch   8 summary: dyn_dyn_cos_loss: 0.00213, dyn_sta_cos_loss: 0.00187, total_cos_loss : 0.00192, 
epoch   9 summary: dyn_dyn_cos_loss: 0.00208, dyn_sta_cos_loss: 0.00183, total_cos_loss : 0.00188, 
epoch  10 summary: dyn_dyn_cos_loss: 0.00205, dyn_sta_cos_loss: 0.00180, total_cos_loss : 0.00185, 
valid loss: 1.8621, valid acc: 0.5204
epoch  11 summary: dyn_dyn_cos_loss: 0.00204, dyn_sta_cos_loss: 0.00179, total_cos_loss : 0.00184, 
epoch  12 summary: dyn_dyn_cos_loss: 0.00203, dyn_sta_cos_loss: 0.00177, total_cos_loss : 0.00182, 
epoch  13 summary: dyn_dyn_cos_loss: 0.00203, dyn_sta_cos_loss: 0.00176, total_cos_loss : 0.00181, 
epoch  14 summary: dyn_dyn_cos_loss: 0.00202, dyn_sta_cos_loss: 0.00175, total_cos_loss : 0.00181, 
epoch  15 summary: dyn_dyn_cos_loss: 0.00202, dyn_sta_cos_loss: 0.00175, total_cos_loss : 0.00180, 
epoch  16 summary: dyn_dyn_cos_loss: 0.00202, dyn_sta_cos_loss: 0.00174, total_cos_loss : 0.00180, 
epoch  17 summary: dyn_dyn_cos_loss: 0.00202, dyn_sta_cos_loss: 0.00174, total_cos_loss : 0.00180, 
epoch  18 summary: dyn_dyn_cos_loss: 0.00202, dyn_sta_cos_loss: 0.00174, total_cos_loss : 0.00179, 
epoch  19 summary: dyn_dyn_cos_loss: 0.00202, dyn_sta_cos_loss: 0.00174, total_cos_loss : 0.00179, 
epoch  20 summary: dyn_dyn_cos_loss: 0.00202, dyn_sta_cos_loss: 0.00173, total_cos_loss : 0.00179, 
valid loss: 1.8498, valid acc: 0.5242
epoch  21 summary: dyn_dyn_cos_loss: 0.00202, dyn_sta_cos_loss: 0.00173, total_cos_loss : 0.00179, 
epoch  22 summary: dyn_dyn_cos_loss: 0.00202, dyn_sta_cos_loss: 0.00173, total_cos_loss : 0.00179, 
epoch  23 summary: dyn_dyn_cos_loss: 0.00202, dyn_sta_cos_loss: 0.00173, total_cos_loss : 0.00179, 
epoch  24 summary: dyn_dyn_cos_loss: 0.00202, dyn_sta_cos_loss: 0.00173, total_cos_loss : 0.00179, 
epoch  25 summary: dyn_dyn_cos_loss: 0.00217, dyn_sta_cos_loss: 0.00173, total_cos_loss : 0.00182, 
epoch  26 summary: dyn_dyn_cos_loss: 0.00214, dyn_sta_cos_loss: 0.00173, total_cos_loss : 0.00181, 
epoch  27 summary: dyn_dyn_cos_loss: 0.00212, dyn_sta_cos_loss: 0.00173, total_cos_loss : 0.00181, 
epoch  28 summary: dyn_dyn_cos_loss: 0.00211, dyn_sta_cos_loss: 0.00173, total_cos_loss : 0.00180, 
epoch  29 summary: dyn_dyn_cos_loss: 0.00210, dyn_sta_cos_loss: 0.00172, total_cos_loss : 0.00180, 
epoch  30 summary: dyn_dyn_cos_loss: 0.00209, dyn_sta_cos_loss: 0.00172, total_cos_loss : 0.00180, 
valid loss: 1.8498, valid acc: 0.5234
epoch  31 summary: dyn_dyn_cos_loss: 0.00209, dyn_sta_cos_loss: 0.00172, total_cos_loss : 0.00179, 
epoch  32 summary: dyn_dyn_cos_loss: 0.00209, dyn_sta_cos_loss: 0.00172, total_cos_loss : 0.00179, 
epoch  33 summary: dyn_dyn_cos_loss: 0.00208, dyn_sta_cos_loss: 0.00172, total_cos_loss : 0.00179, 
epoch  34 summary: dyn_dyn_cos_loss: 0.00208, dyn_sta_cos_loss: 0.00172, total_cos_loss : 0.00179, 
epoch  35 summary: dyn_dyn_cos_loss: 0.00208, dyn_sta_cos_loss: 0.00172, total_cos_loss : 0.00179, 
epoch  36 summary: dyn_dyn_cos_loss: 0.00208, dyn_sta_cos_loss: 0.00172, total_cos_loss : 0.00179, 
epoch  37 summary: dyn_dyn_cos_loss: 0.00208, dyn_sta_cos_loss: 0.00172, total_cos_loss : 0.00179, 
epoch  38 summary: dyn_dyn_cos_loss: 0.00208, dyn_sta_cos_loss: 0.00172, total_cos_loss : 0.00179, 
epoch  39 summary: dyn_dyn_cos_loss: 0.00208, dyn_sta_cos_loss: 0.00172, total_cos_loss : 0.00179, 
epoch  40 summary: dyn_dyn_cos_loss: 0.00208, dyn_sta_cos_loss: 0.00171, total_cos_loss : 0.00179, 
valid loss: 1.8478, valid acc: 0.5253
epoch  41 summary: dyn_dyn_cos_loss: 0.00208, dyn_sta_cos_loss: 0.00171, total_cos_loss : 0.00179, 
epoch  42 summary: dyn_dyn_cos_loss: 0.00208, dyn_sta_cos_loss: 0.00171, total_cos_loss : 0.00179, 
epoch  43 summary: dyn_dyn_cos_loss: 0.00208, dyn_sta_cos_loss: 0.00171, total_cos_loss : 0.00179, 
epoch  44 summary: dyn_dyn_cos_loss: 0.00208, dyn_sta_cos_loss: 0.00171, total_cos_loss : 0.00179, 
epoch  45 summary: dyn_dyn_cos_loss: 0.00208, dyn_sta_cos_loss: 0.00171, total_cos_loss : 0.00179, 
epoch  46 summary: dyn_dyn_cos_loss: 0.00208, dyn_sta_cos_loss: 0.00171, total_cos_loss : 0.00179, 
epoch  47 summary: dyn_dyn_cos_loss: 0.00208, dyn_sta_cos_loss: 0.00171, total_cos_loss : 0.00179, 
epoch  48 summary: dyn_dyn_cos_loss: 0.00208, dyn_sta_cos_loss: 0.00171, total_cos_loss : 0.00179, 
epoch  49 summary: dyn_dyn_cos_loss: 0.00208, dyn_sta_cos_loss: 0.00171, total_cos_loss : 0.00178, 
epoch  50 summary: dyn_dyn_cos_loss: 0.00218, dyn_sta_cos_loss: 0.00171, total_cos_loss : 0.00180, 
valid loss: 1.8486, valid acc: 0.5259
epoch  51 summary: dyn_dyn_cos_loss: 0.00215, dyn_sta_cos_loss: 0.00171, total_cos_loss : 0.00180, 
epoch  52 summary: dyn_dyn_cos_loss: 0.00213, dyn_sta_cos_loss: 0.00171, total_cos_loss : 0.00180, 
epoch  53 summary: dyn_dyn_cos_loss: 0.00212, dyn_sta_cos_loss: 0.00171, total_cos_loss : 0.00179, 
epoch  54 summary: dyn_dyn_cos_loss: 0.00211, dyn_sta_cos_loss: 0.00171, total_cos_loss : 0.00179, 
epoch  55 summary: dyn_dyn_cos_loss: 0.00211, dyn_sta_cos_loss: 0.00171, total_cos_loss : 0.00179, 
epoch  56 summary: dyn_dyn_cos_loss: 0.00210, dyn_sta_cos_loss: 0.00171, total_cos_loss : 0.00179, 
epoch  57 summary: dyn_dyn_cos_loss: 0.00210, dyn_sta_cos_loss: 0.00171, total_cos_loss : 0.00179, 
epoch  58 summary: dyn_dyn_cos_loss: 0.00210, dyn_sta_cos_loss: 0.00171, total_cos_loss : 0.00179, 
epoch  59 summary: dyn_dyn_cos_loss: 0.00209, dyn_sta_cos_loss: 0.00171, total_cos_loss : 0.00179, 
epoch  60 summary: dyn_dyn_cos_loss: 0.00209, dyn_sta_cos_loss: 0.00171, total_cos_loss : 0.00178, 
valid loss: 1.8451, valid acc: 0.5258
epoch  61 summary: dyn_dyn_cos_loss: 0.00209, dyn_sta_cos_loss: 0.00171, total_cos_loss : 0.00178, 
epoch  62 summary: dyn_dyn_cos_loss: 0.00209, dyn_sta_cos_loss: 0.00171, total_cos_loss : 0.00178, 
epoch  63 summary: dyn_dyn_cos_loss: 0.00209, dyn_sta_cos_loss: 0.00171, total_cos_loss : 0.00178, 
epoch  64 summary: dyn_dyn_cos_loss: 0.00209, dyn_sta_cos_loss: 0.00171, total_cos_loss : 0.00178, 
epoch  65 summary: dyn_dyn_cos_loss: 0.00209, dyn_sta_cos_loss: 0.00171, total_cos_loss : 0.00178, 
epoch  66 summary: dyn_dyn_cos_loss: 0.00209, dyn_sta_cos_loss: 0.00171, total_cos_loss : 0.00178, 
epoch  67 summary: dyn_dyn_cos_loss: 0.00209, dyn_sta_cos_loss: 0.00171, total_cos_loss : 0.00178, 
epoch  68 summary: dyn_dyn_cos_loss: 0.00209, dyn_sta_cos_loss: 0.00171, total_cos_loss : 0.00178, 
epoch  69 summary: dyn_dyn_cos_loss: 0.00209, dyn_sta_cos_loss: 0.00171, total_cos_loss : 0.00178, 
epoch  70 summary: dyn_dyn_cos_loss: 0.00209, dyn_sta_cos_loss: 0.00171, total_cos_loss : 0.00178, 
valid loss: 1.8419, valid acc: 0.5270
epoch  71 summary: dyn_dyn_cos_loss: 0.00209, dyn_sta_cos_loss: 0.00170, total_cos_loss : 0.00178, 
epoch  72 summary: dyn_dyn_cos_loss: 0.00209, dyn_sta_cos_loss: 0.00170, total_cos_loss : 0.00178, 
epoch  73 summary: dyn_dyn_cos_loss: 0.00209, dyn_sta_cos_loss: 0.00170, total_cos_loss : 0.00178, 
epoch  74 summary: dyn_dyn_cos_loss: 0.00209, dyn_sta_cos_loss: 0.00170, total_cos_loss : 0.00178, 
epoch  75 summary: dyn_dyn_cos_loss: 0.00218, dyn_sta_cos_loss: 0.00170, total_cos_loss : 0.00180, 
epoch  76 summary: dyn_dyn_cos_loss: 0.00215, dyn_sta_cos_loss: 0.00171, total_cos_loss : 0.00180, 
epoch  77 summary: dyn_dyn_cos_loss: 0.00213, dyn_sta_cos_loss: 0.00171, total_cos_loss : 0.00179, 
epoch  78 summary: dyn_dyn_cos_loss: 0.00212, dyn_sta_cos_loss: 0.00171, total_cos_loss : 0.00179, 
epoch  79 summary: dyn_dyn_cos_loss: 0.00211, dyn_sta_cos_loss: 0.00171, total_cos_loss : 0.00179, 
epoch  80 summary: dyn_dyn_cos_loss: 0.00210, dyn_sta_cos_loss: 0.00171, total_cos_loss : 0.00179, 
valid loss: 1.8432, valid acc: 0.5258
epoch  81 summary: dyn_dyn_cos_loss: 0.00210, dyn_sta_cos_loss: 0.00171, total_cos_loss : 0.00178, 
epoch  82 summary: dyn_dyn_cos_loss: 0.00210, dyn_sta_cos_loss: 0.00170, total_cos_loss : 0.00178, 
epoch  83 summary: dyn_dyn_cos_loss: 0.00210, dyn_sta_cos_loss: 0.00170, total_cos_loss : 0.00178, 
epoch  84 summary: dyn_dyn_cos_loss: 0.00209, dyn_sta_cos_loss: 0.00170, total_cos_loss : 0.00178, 
epoch  85 summary: dyn_dyn_cos_loss: 0.00209, dyn_sta_cos_loss: 0.00170, total_cos_loss : 0.00178, 
epoch  86 summary: dyn_dyn_cos_loss: 0.00209, dyn_sta_cos_loss: 0.00170, total_cos_loss : 0.00178, 
epoch  87 summary: dyn_dyn_cos_loss: 0.00209, dyn_sta_cos_loss: 0.00170, total_cos_loss : 0.00178, 
epoch  88 summary: dyn_dyn_cos_loss: 0.00209, dyn_sta_cos_loss: 0.00170, total_cos_loss : 0.00178, 
epoch  89 summary: dyn_dyn_cos_loss: 0.00209, dyn_sta_cos_loss: 0.00170, total_cos_loss : 0.00178, 
epoch  90 summary: dyn_dyn_cos_loss: 0.00209, dyn_sta_cos_loss: 0.00170, total_cos_loss : 0.00178, 
valid loss: 1.8411, valid acc: 0.5251
epoch  91 summary: dyn_dyn_cos_loss: 0.00209, dyn_sta_cos_loss: 0.00170, total_cos_loss : 0.00178, 
epoch  92 summary: dyn_dyn_cos_loss: 0.00209, dyn_sta_cos_loss: 0.00170, total_cos_loss : 0.00178, 
epoch  93 summary: dyn_dyn_cos_loss: 0.00209, dyn_sta_cos_loss: 0.00170, total_cos_loss : 0.00178, 
epoch  94 summary: dyn_dyn_cos_loss: 0.00209, dyn_sta_cos_loss: 0.00170, total_cos_loss : 0.00178, 
epoch  95 summary: dyn_dyn_cos_loss: 0.00209, dyn_sta_cos_loss: 0.00170, total_cos_loss : 0.00178, 
epoch  96 summary: dyn_dyn_cos_loss: 0.00209, dyn_sta_cos_loss: 0.00170, total_cos_loss : 0.00178, 
epoch  97 summary: dyn_dyn_cos_loss: 0.00209, dyn_sta_cos_loss: 0.00170, total_cos_loss : 0.00178, 
epoch  98 summary: dyn_dyn_cos_loss: 0.00209, dyn_sta_cos_loss: 0.00170, total_cos_loss : 0.00178, 
epoch  99 summary: dyn_dyn_cos_loss: 0.00208, dyn_sta_cos_loss: 0.00170, total_cos_loss : 0.00178, 
epoch 100 summary: dyn_dyn_cos_loss: 0.00217, dyn_sta_cos_loss: 0.00170, total_cos_loss : 0.00180, 
valid loss: 1.8402, valid acc: 0.5259
epoch 101 summary: dyn_dyn_cos_loss: 0.00215, dyn_sta_cos_loss: 0.00170, total_cos_loss : 0.00179, 
epoch 102 summary: dyn_dyn_cos_loss: 0.00213, dyn_sta_cos_loss: 0.00170, total_cos_loss : 0.00179, 
epoch 103 summary: dyn_dyn_cos_loss: 0.00212, dyn_sta_cos_loss: 0.00170, total_cos_loss : 0.00179, 
epoch 104 summary: dyn_dyn_cos_loss: 0.00211, dyn_sta_cos_loss: 0.00170, total_cos_loss : 0.00178, 
epoch 105 summary: dyn_dyn_cos_loss: 0.00211, dyn_sta_cos_loss: 0.00170, total_cos_loss : 0.00178, 
epoch 106 summary: dyn_dyn_cos_loss: 0.00210, dyn_sta_cos_loss: 0.00170, total_cos_loss : 0.00178, 
epoch 107 summary: dyn_dyn_cos_loss: 0.00210, dyn_sta_cos_loss: 0.00170, total_cos_loss : 0.00178, 
epoch 108 summary: dyn_dyn_cos_loss: 0.00210, dyn_sta_cos_loss: 0.00170, total_cos_loss : 0.00178, 
epoch 109 summary: dyn_dyn_cos_loss: 0.00210, dyn_sta_cos_loss: 0.00170, total_cos_loss : 0.00178, 
epoch 110 summary: dyn_dyn_cos_loss: 0.00209, dyn_sta_cos_loss: 0.00170, total_cos_loss : 0.00178, 
valid loss: 1.8394, valid acc: 0.5272
epoch 111 summary: dyn_dyn_cos_loss: 0.00209, dyn_sta_cos_loss: 0.00170, total_cos_loss : 0.00178, 
epoch 112 summary: dyn_dyn_cos_loss: 0.00209, dyn_sta_cos_loss: 0.00170, total_cos_loss : 0.00178, 
epoch 113 summary: dyn_dyn_cos_loss: 0.00209, dyn_sta_cos_loss: 0.00170, total_cos_loss : 0.00178, 
epoch 114 summary: dyn_dyn_cos_loss: 0.00209, dyn_sta_cos_loss: 0.00170, total_cos_loss : 0.00178, 
epoch 115 summary: dyn_dyn_cos_loss: 0.00209, dyn_sta_cos_loss: 0.00170, total_cos_loss : 0.00178, 
epoch 116 summary: dyn_dyn_cos_loss: 0.00209, dyn_sta_cos_loss: 0.00170, total_cos_loss : 0.00178, 
epoch 117 summary: dyn_dyn_cos_loss: 0.00209, dyn_sta_cos_loss: 0.00170, total_cos_loss : 0.00178, 
epoch 118 summary: dyn_dyn_cos_loss: 0.00209, dyn_sta_cos_loss: 0.00170, total_cos_loss : 0.00178, 
epoch 119 summary: dyn_dyn_cos_loss: 0.00209, dyn_sta_cos_loss: 0.00170, total_cos_loss : 0.00178, 
epoch 120 summary: dyn_dyn_cos_loss: 0.00209, dyn_sta_cos_loss: 0.00170, total_cos_loss : 0.00178, 
valid loss: 1.8369, valid acc: 0.5276
epoch 121 summary: dyn_dyn_cos_loss: 0.00209, dyn_sta_cos_loss: 0.00170, total_cos_loss : 0.00178, 
epoch 122 summary: dyn_dyn_cos_loss: 0.00209, dyn_sta_cos_loss: 0.00170, total_cos_loss : 0.00178, 
epoch 123 summary: dyn_dyn_cos_loss: 0.00209, dyn_sta_cos_loss: 0.00170, total_cos_loss : 0.00178, 
epoch 124 summary: dyn_dyn_cos_loss: 0.00209, dyn_sta_cos_loss: 0.00170, total_cos_loss : 0.00178, 
epoch 125 summary: dyn_dyn_cos_loss: 0.00218, dyn_sta_cos_loss: 0.00170, total_cos_loss : 0.00180, 
epoch 126 summary: dyn_dyn_cos_loss: 0.00215, dyn_sta_cos_loss: 0.00170, total_cos_loss : 0.00179, 
epoch 127 summary: dyn_dyn_cos_loss: 0.00214, dyn_sta_cos_loss: 0.00170, total_cos_loss : 0.00179, 
epoch 128 summary: dyn_dyn_cos_loss: 0.00213, dyn_sta_cos_loss: 0.00170, total_cos_loss : 0.00179, 
epoch 129 summary: dyn_dyn_cos_loss: 0.00212, dyn_sta_cos_loss: 0.00170, total_cos_loss : 0.00178, 
epoch 130 summary: dyn_dyn_cos_loss: 0.00212, dyn_sta_cos_loss: 0.00170, total_cos_loss : 0.00178, 
valid loss: 1.8404, valid acc: 0.5256
epoch 131 summary: dyn_dyn_cos_loss: 0.00211, dyn_sta_cos_loss: 0.00170, total_cos_loss : 0.00178, 
epoch 132 summary: dyn_dyn_cos_loss: 0.00211, dyn_sta_cos_loss: 0.00170, total_cos_loss : 0.00178, 
epoch 133 summary: dyn_dyn_cos_loss: 0.00211, dyn_sta_cos_loss: 0.00170, total_cos_loss : 0.00178, 
epoch 134 summary: dyn_dyn_cos_loss: 0.00211, dyn_sta_cos_loss: 0.00170, total_cos_loss : 0.00178, 
epoch 135 summary: dyn_dyn_cos_loss: 0.00211, dyn_sta_cos_loss: 0.00170, total_cos_loss : 0.00178, 
epoch 136 summary: dyn_dyn_cos_loss: 0.00211, dyn_sta_cos_loss: 0.00170, total_cos_loss : 0.00178, 
epoch 137 summary: dyn_dyn_cos_loss: 0.00210, dyn_sta_cos_loss: 0.00170, total_cos_loss : 0.00178, 
epoch 138 summary: dyn_dyn_cos_loss: 0.00210, dyn_sta_cos_loss: 0.00170, total_cos_loss : 0.00178, 
epoch 139 summary: dyn_dyn_cos_loss: 0.00210, dyn_sta_cos_loss: 0.00170, total_cos_loss : 0.00178, 
epoch 140 summary: dyn_dyn_cos_loss: 0.00210, dyn_sta_cos_loss: 0.00170, total_cos_loss : 0.00178, 
valid loss: 1.8393, valid acc: 0.5281
epoch 141 summary: dyn_dyn_cos_loss: 0.00210, dyn_sta_cos_loss: 0.00170, total_cos_loss : 0.00178, 
epoch 142 summary: dyn_dyn_cos_loss: 0.00210, dyn_sta_cos_loss: 0.00170, total_cos_loss : 0.00178, 
epoch 143 summary: dyn_dyn_cos_loss: 0.00210, dyn_sta_cos_loss: 0.00170, total_cos_loss : 0.00178, 
epoch 144 summary: dyn_dyn_cos_loss: 0.00210, dyn_sta_cos_loss: 0.00170, total_cos_loss : 0.00178, 
epoch 145 summary: dyn_dyn_cos_loss: 0.00210, dyn_sta_cos_loss: 0.00170, total_cos_loss : 0.00178, 
epoch 146 summary: dyn_dyn_cos_loss: 0.00210, dyn_sta_cos_loss: 0.00170, total_cos_loss : 0.00178, 
epoch 147 summary: dyn_dyn_cos_loss: 0.00210, dyn_sta_cos_loss: 0.00170, total_cos_loss : 0.00178, 
epoch 148 summary: dyn_dyn_cos_loss: 0.00210, dyn_sta_cos_loss: 0.00170, total_cos_loss : 0.00178, 
epoch 149 summary: dyn_dyn_cos_loss: 0.00210, dyn_sta_cos_loss: 0.00170, total_cos_loss : 0.00178, 
epoch 150 summary: dyn_dyn_cos_loss: 0.00217, dyn_sta_cos_loss: 0.00170, total_cos_loss : 0.00179, 
valid loss: 1.8391, valid acc: 0.5266
epoch 151 summary: dyn_dyn_cos_loss: 0.00215, dyn_sta_cos_loss: 0.00170, total_cos_loss : 0.00179, 
epoch 152 summary: dyn_dyn_cos_loss: 0.00214, dyn_sta_cos_loss: 0.00170, total_cos_loss : 0.00179, 
epoch 153 summary: dyn_dyn_cos_loss: 0.00213, dyn_sta_cos_loss: 0.00170, total_cos_loss : 0.00178, 
epoch 154 summary: dyn_dyn_cos_loss: 0.00212, dyn_sta_cos_loss: 0.00170, total_cos_loss : 0.00178, 
epoch 155 summary: dyn_dyn_cos_loss: 0.00211, dyn_sta_cos_loss: 0.00170, total_cos_loss : 0.00178, 
epoch 156 summary: dyn_dyn_cos_loss: 0.00211, dyn_sta_cos_loss: 0.00170, total_cos_loss : 0.00178, 
epoch 157 summary: dyn_dyn_cos_loss: 0.00211, dyn_sta_cos_loss: 0.00170, total_cos_loss : 0.00178, 
epoch 158 summary: dyn_dyn_cos_loss: 0.00210, dyn_sta_cos_loss: 0.00170, total_cos_loss : 0.00178, 
epoch 159 summary: dyn_dyn_cos_loss: 0.00210, dyn_sta_cos_loss: 0.00170, total_cos_loss : 0.00178, 
epoch 160 summary: dyn_dyn_cos_loss: 0.00210, dyn_sta_cos_loss: 0.00170, total_cos_loss : 0.00178, 
valid loss: 1.8367, valid acc: 0.5270
epoch 161 summary: dyn_dyn_cos_loss: 0.00210, dyn_sta_cos_loss: 0.00170, total_cos_loss : 0.00178, 
epoch 162 summary: dyn_dyn_cos_loss: 0.00210, dyn_sta_cos_loss: 0.00170, total_cos_loss : 0.00178, 
epoch 163 summary: dyn_dyn_cos_loss: 0.00210, dyn_sta_cos_loss: 0.00170, total_cos_loss : 0.00178, 
epoch 164 summary: dyn_dyn_cos_loss: 0.00210, dyn_sta_cos_loss: 0.00170, total_cos_loss : 0.00178, 
epoch 165 summary: dyn_dyn_cos_loss: 0.00210, dyn_sta_cos_loss: 0.00170, total_cos_loss : 0.00178, 
epoch 166 summary: dyn_dyn_cos_loss: 0.00210, dyn_sta_cos_loss: 0.00170, total_cos_loss : 0.00178, 
epoch 167 summary: dyn_dyn_cos_loss: 0.00210, dyn_sta_cos_loss: 0.00170, total_cos_loss : 0.00178, 
epoch 168 summary: dyn_dyn_cos_loss: 0.00210, dyn_sta_cos_loss: 0.00170, total_cos_loss : 0.00178, 
epoch 169 summary: dyn_dyn_cos_loss: 0.00210, dyn_sta_cos_loss: 0.00170, total_cos_loss : 0.00178, 
epoch 170 summary: dyn_dyn_cos_loss: 0.00210, dyn_sta_cos_loss: 0.00170, total_cos_loss : 0.00178, 
valid loss: 1.8356, valid acc: 0.5276
epoch 171 summary: dyn_dyn_cos_loss: 0.00210, dyn_sta_cos_loss: 0.00170, total_cos_loss : 0.00178, 
epoch 172 summary: dyn_dyn_cos_loss: 0.00210, dyn_sta_cos_loss: 0.00170, total_cos_loss : 0.00178, 
epoch 173 summary: dyn_dyn_cos_loss: 0.00210, dyn_sta_cos_loss: 0.00169, total_cos_loss : 0.00178, 
epoch 174 summary: dyn_dyn_cos_loss: 0.00210, dyn_sta_cos_loss: 0.00169, total_cos_loss : 0.00178, 
epoch 175 summary: dyn_dyn_cos_loss: 0.00218, dyn_sta_cos_loss: 0.00170, total_cos_loss : 0.00179, 
epoch 176 summary: dyn_dyn_cos_loss: 0.00216, dyn_sta_cos_loss: 0.00170, total_cos_loss : 0.00179, 
epoch 177 summary: dyn_dyn_cos_loss: 0.00214, dyn_sta_cos_loss: 0.00170, total_cos_loss : 0.00178, 
epoch 178 summary: dyn_dyn_cos_loss: 0.00212, dyn_sta_cos_loss: 0.00170, total_cos_loss : 0.00178, 
epoch 179 summary: dyn_dyn_cos_loss: 0.00212, dyn_sta_cos_loss: 0.00170, total_cos_loss : 0.00178, 
epoch 180 summary: dyn_dyn_cos_loss: 0.00211, dyn_sta_cos_loss: 0.00170, total_cos_loss : 0.00178, 
valid loss: 1.8357, valid acc: 0.5292
epoch 181 summary: dyn_dyn_cos_loss: 0.00211, dyn_sta_cos_loss: 0.00170, total_cos_loss : 0.00178, 
epoch 182 summary: dyn_dyn_cos_loss: 0.00210, dyn_sta_cos_loss: 0.00170, total_cos_loss : 0.00178, 
epoch 183 summary: dyn_dyn_cos_loss: 0.00210, dyn_sta_cos_loss: 0.00170, total_cos_loss : 0.00178, 
epoch 184 summary: dyn_dyn_cos_loss: 0.00210, dyn_sta_cos_loss: 0.00170, total_cos_loss : 0.00178, 
epoch 185 summary: dyn_dyn_cos_loss: 0.00210, dyn_sta_cos_loss: 0.00170, total_cos_loss : 0.00178, 
epoch 186 summary: dyn_dyn_cos_loss: 0.00210, dyn_sta_cos_loss: 0.00170, total_cos_loss : 0.00178, 
epoch 187 summary: dyn_dyn_cos_loss: 0.00210, dyn_sta_cos_loss: 0.00170, total_cos_loss : 0.00178, 
epoch 188 summary: dyn_dyn_cos_loss: 0.00210, dyn_sta_cos_loss: 0.00170, total_cos_loss : 0.00178, 
epoch 189 summary: dyn_dyn_cos_loss: 0.00210, dyn_sta_cos_loss: 0.00170, total_cos_loss : 0.00178, 
epoch 190 summary: dyn_dyn_cos_loss: 0.00210, dyn_sta_cos_loss: 0.00170, total_cos_loss : 0.00178, 
valid loss: 1.8356, valid acc: 0.5284
epoch 191 summary: dyn_dyn_cos_loss: 0.00210, dyn_sta_cos_loss: 0.00170, total_cos_loss : 0.00178, 
epoch 192 summary: dyn_dyn_cos_loss: 0.00209, dyn_sta_cos_loss: 0.00170, total_cos_loss : 0.00178, 
epoch 193 summary: dyn_dyn_cos_loss: 0.00209, dyn_sta_cos_loss: 0.00170, total_cos_loss : 0.00178, 
epoch 194 summary: dyn_dyn_cos_loss: 0.00209, dyn_sta_cos_loss: 0.00170, total_cos_loss : 0.00178, 
epoch 195 summary: dyn_dyn_cos_loss: 0.00209, dyn_sta_cos_loss: 0.00170, total_cos_loss : 0.00177, 
epoch 196 summary: dyn_dyn_cos_loss: 0.00209, dyn_sta_cos_loss: 0.00170, total_cos_loss : 0.00177, 
epoch 197 summary: dyn_dyn_cos_loss: 0.00209, dyn_sta_cos_loss: 0.00170, total_cos_loss : 0.00177, 
epoch 198 summary: dyn_dyn_cos_loss: 0.00209, dyn_sta_cos_loss: 0.00170, total_cos_loss : 0.00177, 
epoch 199 summary: dyn_dyn_cos_loss: 0.00209, dyn_sta_cos_loss: 0.00170, total_cos_loss : 0.00177, 
Traceback (most recent call last):
  File "/data/gc/anaconda3/envs/lm/lib/python3.10/runpy.py", line 196, in _run_module_as_main
    return _run_code(code, main_globals, None,
  File "/data/gc/anaconda3/envs/lm/lib/python3.10/runpy.py", line 86, in _run_code
    exec(code, run_globals)
  File "/data3/gc/SeLM_v2/src/gpt.py", line 485, in <module>
    train_cte(train_cache_ckpt, valid_cache_ckpt, gpt_ckpt, N_train, N_valid)
  File "/data/gc/anaconda3/envs/lm/lib/python3.10/site-packages/torch/utils/_contextlib.py", line 116, in decorate_context
    return func(*args, **kwargs)
  File "/data3/gc/SeLM_v2/src/gpt.py", line 457, in train_cte
    cte.test_time_train_all(
  File "/data3/gc/SeLM_v2/src/gettime.py", line 118, in wrapper
    return fn(*args, **kwargs)
  File "/data3/gc/SeLM_v2/src/cte.py", line 865, in test_time_train_all
    valid_save_path
NameError: name 'valid_save_path' is not defined. Did you mean: 'train_save_path'?
all_preparation                  7.274ms
all_preparation_2                5.339ms
all_preparation_3                1.918ms
epoch                         4089.688ms
epoch_pos_train                  4.693ms
epoch_preparation                0.377ms
epoch_train                   4063.656ms
epoch_valid                     18.930ms
----------------------------------------
all                              0.000ms
all_preparation                  7.274ms
  all_preparation_2     73.40%
  all_preparation_3     26.37%
epoch                       817937.616ms
  epoch_train           99.36%
  epoch_valid            0.46%
  epoch_pos_train        0.11%
  epoch_preparation      0.01%
