Before CTE Training: train eu loss: 1.063186526298523, eval eu loss: 1.4517745971679688
Before CTE Training: train eu acc: 0.6669921875, eval eu acc: 0.5794677734375
epoch   0 summary: dyn_dyn_cos_loss: 0.02342, dyn_sta_cos_loss: 0.00701, total_cos_loss : 0.01029, vocab_cro_loss : 4.57670, 
train loss: 3.4235, train acc: 0.2573
epoch   1 summary: dyn_dyn_cos_loss: 0.00000, dyn_sta_cos_loss: 0.00000, total_cos_loss : 0.00000, vocab_cro_loss : 3.42228, 
epoch   2 summary: dyn_dyn_cos_loss: 0.00000, dyn_sta_cos_loss: 0.00000, total_cos_loss : 0.00000, vocab_cro_loss : 2.99823, 
epoch   3 summary: dyn_dyn_cos_loss: 0.00000, dyn_sta_cos_loss: 0.00000, total_cos_loss : 0.00000, vocab_cro_loss : 2.74801, 
epoch   4 summary: dyn_dyn_cos_loss: 0.00000, dyn_sta_cos_loss: 0.00000, total_cos_loss : 0.00000, vocab_cro_loss : 2.54053, 
epoch   5 summary: dyn_dyn_cos_loss: 0.00000, dyn_sta_cos_loss: 0.00000, total_cos_loss : 0.00000, vocab_cro_loss : 2.49008, 
epoch   6 summary: dyn_dyn_cos_loss: 0.00000, dyn_sta_cos_loss: 0.00000, total_cos_loss : 0.00000, vocab_cro_loss : 2.44820, 
epoch   7 summary: dyn_dyn_cos_loss: 0.00000, dyn_sta_cos_loss: 0.00000, total_cos_loss : 0.00000, vocab_cro_loss : 2.42339, 
epoch   8 summary: dyn_dyn_cos_loss: 0.02036, dyn_sta_cos_loss: 0.00506, total_cos_loss : 0.00812, vocab_cro_loss : 2.40966, 
epoch   9 summary: dyn_dyn_cos_loss: 0.00000, dyn_sta_cos_loss: 0.00000, total_cos_loss : 0.00000, vocab_cro_loss : 1.96423, 
epoch  10 summary: dyn_dyn_cos_loss: 0.00000, dyn_sta_cos_loss: 0.00000, total_cos_loss : 0.00000, vocab_cro_loss : 1.93591, 
train loss: 1.9019, train acc: 0.5552
epoch  11 summary: dyn_dyn_cos_loss: 0.00000, dyn_sta_cos_loss: 0.00000, total_cos_loss : 0.00000, vocab_cro_loss : 1.90176, 
epoch  12 summary: dyn_dyn_cos_loss: 0.00000, dyn_sta_cos_loss: 0.00000, total_cos_loss : 0.00000, vocab_cro_loss : 1.87371, 
epoch  13 summary: dyn_dyn_cos_loss: 0.00000, dyn_sta_cos_loss: 0.00000, total_cos_loss : 0.00000, vocab_cro_loss : 1.87033, 
epoch  14 summary: dyn_dyn_cos_loss: 0.00000, dyn_sta_cos_loss: 0.00000, total_cos_loss : 0.00000, vocab_cro_loss : 1.85402, 
epoch  15 summary: dyn_dyn_cos_loss: 0.00000, dyn_sta_cos_loss: 0.00000, total_cos_loss : 0.00000, vocab_cro_loss : 1.83061, 
epoch  16 summary: dyn_dyn_cos_loss: 0.01512, dyn_sta_cos_loss: 0.00372, total_cos_loss : 0.00600, vocab_cro_loss : 1.81869, 
epoch  17 summary: dyn_dyn_cos_loss: 0.00000, dyn_sta_cos_loss: 0.00000, total_cos_loss : 0.00000, vocab_cro_loss : 1.64504, 
epoch  18 summary: dyn_dyn_cos_loss: 0.00000, dyn_sta_cos_loss: 0.00000, total_cos_loss : 0.00000, vocab_cro_loss : 1.65627, 
epoch  19 summary: dyn_dyn_cos_loss: 0.00000, dyn_sta_cos_loss: 0.00000, total_cos_loss : 0.00000, vocab_cro_loss : 1.59795, 
epoch  20 summary: dyn_dyn_cos_loss: 0.00000, dyn_sta_cos_loss: 0.00000, total_cos_loss : 0.00000, vocab_cro_loss : 1.58713, 
train loss: 1.5835, train acc: 0.5898
epoch  21 summary: dyn_dyn_cos_loss: 0.00000, dyn_sta_cos_loss: 0.00000, total_cos_loss : 0.00000, vocab_cro_loss : 1.58339, 
epoch  22 summary: dyn_dyn_cos_loss: 0.00000, dyn_sta_cos_loss: 0.00000, total_cos_loss : 0.00000, vocab_cro_loss : 1.56985, 
epoch  23 summary: dyn_dyn_cos_loss: 0.00000, dyn_sta_cos_loss: 0.00000, total_cos_loss : 0.00000, vocab_cro_loss : 1.55292, 
epoch  24 summary: dyn_dyn_cos_loss: 0.01052, dyn_sta_cos_loss: 0.00295, total_cos_loss : 0.00446, vocab_cro_loss : 1.56459, 
epoch  25 summary: dyn_dyn_cos_loss: 0.00000, dyn_sta_cos_loss: 0.00000, total_cos_loss : 0.00000, vocab_cro_loss : 1.53506, 
epoch  26 summary: dyn_dyn_cos_loss: 0.00000, dyn_sta_cos_loss: 0.00000, total_cos_loss : 0.00000, vocab_cro_loss : 1.63046, 
epoch  27 summary: dyn_dyn_cos_loss: 0.00000, dyn_sta_cos_loss: 0.00000, total_cos_loss : 0.00000, vocab_cro_loss : 1.52769, 
epoch  28 summary: dyn_dyn_cos_loss: 0.00000, dyn_sta_cos_loss: 0.00000, total_cos_loss : 0.00000, vocab_cro_loss : 1.54675, 
epoch  29 summary: dyn_dyn_cos_loss: 0.00000, dyn_sta_cos_loss: 0.00000, total_cos_loss : 0.00000, vocab_cro_loss : 1.51533, 
epoch  30 summary: dyn_dyn_cos_loss: 0.00000, dyn_sta_cos_loss: 0.00000, total_cos_loss : 0.00000, vocab_cro_loss : 1.55183, 
train loss: 1.5212, train acc: 0.5947
epoch  31 summary: dyn_dyn_cos_loss: 0.00000, dyn_sta_cos_loss: 0.00000, total_cos_loss : 0.00000, vocab_cro_loss : 1.52073, 
epoch  32 summary: dyn_dyn_cos_loss: 0.00763, dyn_sta_cos_loss: 0.00260, total_cos_loss : 0.00361, vocab_cro_loss : 1.60459, 
epoch  33 summary: dyn_dyn_cos_loss: 0.00000, dyn_sta_cos_loss: 0.00000, total_cos_loss : 0.00000, vocab_cro_loss : 1.55367, 
epoch  34 summary: dyn_dyn_cos_loss: 0.00000, dyn_sta_cos_loss: 0.00000, total_cos_loss : 0.00000, vocab_cro_loss : 1.49243, 
epoch  35 summary: dyn_dyn_cos_loss: 0.00000, dyn_sta_cos_loss: 0.00000, total_cos_loss : 0.00000, vocab_cro_loss : 1.51400, 
epoch  36 summary: dyn_dyn_cos_loss: 0.00000, dyn_sta_cos_loss: 0.00000, total_cos_loss : 0.00000, vocab_cro_loss : 1.49779, 
epoch  37 summary: dyn_dyn_cos_loss: 0.00000, dyn_sta_cos_loss: 0.00000, total_cos_loss : 0.00000, vocab_cro_loss : 1.50596, 
epoch  38 summary: dyn_dyn_cos_loss: 0.00000, dyn_sta_cos_loss: 0.00000, total_cos_loss : 0.00000, vocab_cro_loss : 1.46759, 
epoch  39 summary: dyn_dyn_cos_loss: 0.00000, dyn_sta_cos_loss: 0.00000, total_cos_loss : 0.00000, vocab_cro_loss : 1.51290, 
epoch  40 summary: dyn_dyn_cos_loss: 0.00539, dyn_sta_cos_loss: 0.00229, total_cos_loss : 0.00291, vocab_cro_loss : 1.67477, 
train loss: 1.5907, train acc: 0.5811
epoch  41 summary: dyn_dyn_cos_loss: 0.00000, dyn_sta_cos_loss: 0.00000, total_cos_loss : 0.00000, vocab_cro_loss : 1.59041, 
epoch  42 summary: dyn_dyn_cos_loss: 0.00000, dyn_sta_cos_loss: 0.00000, total_cos_loss : 0.00000, vocab_cro_loss : 1.64417, 
epoch  43 summary: dyn_dyn_cos_loss: 0.00000, dyn_sta_cos_loss: 0.00000, total_cos_loss : 0.00000, vocab_cro_loss : 1.70714, 
epoch  44 summary: dyn_dyn_cos_loss: 0.00000, dyn_sta_cos_loss: 0.00000, total_cos_loss : 0.00000, vocab_cro_loss : 1.80834, 
epoch  45 summary: dyn_dyn_cos_loss: 0.00000, dyn_sta_cos_loss: 0.00000, total_cos_loss : 0.00000, vocab_cro_loss : 1.82684, 
epoch  46 summary: dyn_dyn_cos_loss: 0.00000, dyn_sta_cos_loss: 0.00000, total_cos_loss : 0.00000, vocab_cro_loss : 2.06958, 
epoch  47 summary: dyn_dyn_cos_loss: 0.00000, dyn_sta_cos_loss: 0.00000, total_cos_loss : 0.00000, vocab_cro_loss : 2.01349, 
epoch  48 summary: dyn_dyn_cos_loss: 0.00396, dyn_sta_cos_loss: 0.00258, total_cos_loss : 0.00286, vocab_cro_loss : 1.92826, 
epoch  49 summary: dyn_dyn_cos_loss: 0.00000, dyn_sta_cos_loss: 0.00000, total_cos_loss : 0.00000, vocab_cro_loss : 1.68284, 
epoch  50 summary: dyn_dyn_cos_loss: 0.00000, dyn_sta_cos_loss: 0.00000, total_cos_loss : 0.00000, vocab_cro_loss : 1.57813, 
train loss: 1.5682, train acc: 0.5708
epoch  51 summary: dyn_dyn_cos_loss: 0.00000, dyn_sta_cos_loss: 0.00000, total_cos_loss : 0.00000, vocab_cro_loss : 1.56764, 
epoch  52 summary: dyn_dyn_cos_loss: 0.00000, dyn_sta_cos_loss: 0.00000, total_cos_loss : 0.00000, vocab_cro_loss : 1.63704, 
epoch  53 summary: dyn_dyn_cos_loss: 0.00000, dyn_sta_cos_loss: 0.00000, total_cos_loss : 0.00000, vocab_cro_loss : 1.79332, 
epoch  54 summary: dyn_dyn_cos_loss: 0.00000, dyn_sta_cos_loss: 0.00000, total_cos_loss : 0.00000, vocab_cro_loss : 1.77462, 
epoch  55 summary: dyn_dyn_cos_loss: 0.00000, dyn_sta_cos_loss: 0.00000, total_cos_loss : 0.00000, vocab_cro_loss : 1.71444, 
epoch  56 summary: dyn_dyn_cos_loss: 0.00355, dyn_sta_cos_loss: 0.00245, total_cos_loss : 0.00267, vocab_cro_loss : 1.70955, 
epoch  57 summary: dyn_dyn_cos_loss: 0.00000, dyn_sta_cos_loss: 0.00000, total_cos_loss : 0.00000, vocab_cro_loss : 1.66322, 
epoch  58 summary: dyn_dyn_cos_loss: 0.00000, dyn_sta_cos_loss: 0.00000, total_cos_loss : 0.00000, vocab_cro_loss : 1.72727, 
epoch  59 summary: dyn_dyn_cos_loss: 0.00000, dyn_sta_cos_loss: 0.00000, total_cos_loss : 0.00000, vocab_cro_loss : 1.65442, 
epoch  60 summary: dyn_dyn_cos_loss: 0.00000, dyn_sta_cos_loss: 0.00000, total_cos_loss : 0.00000, vocab_cro_loss : 1.57108, 
train loss: 1.6281, train acc: 0.5698
epoch  61 summary: dyn_dyn_cos_loss: 0.00000, dyn_sta_cos_loss: 0.00000, total_cos_loss : 0.00000, vocab_cro_loss : 1.62750, 
epoch  62 summary: dyn_dyn_cos_loss: 0.00000, dyn_sta_cos_loss: 0.00000, total_cos_loss : 0.00000, vocab_cro_loss : 1.66488, 
epoch  63 summary: dyn_dyn_cos_loss: 0.00000, dyn_sta_cos_loss: 0.00000, total_cos_loss : 0.00000, vocab_cro_loss : 1.57672, 
epoch  64 summary: dyn_dyn_cos_loss: 0.00302, dyn_sta_cos_loss: 0.00248, total_cos_loss : 0.00259, vocab_cro_loss : 1.72564, 
epoch  65 summary: dyn_dyn_cos_loss: 0.00000, dyn_sta_cos_loss: 0.00000, total_cos_loss : 0.00000, vocab_cro_loss : 1.61066, 
epoch  66 summary: dyn_dyn_cos_loss: 0.00000, dyn_sta_cos_loss: 0.00000, total_cos_loss : 0.00000, vocab_cro_loss : 1.52994, 
epoch  67 summary: dyn_dyn_cos_loss: 0.00000, dyn_sta_cos_loss: 0.00000, total_cos_loss : 0.00000, vocab_cro_loss : 1.48601, 
epoch  68 summary: dyn_dyn_cos_loss: 0.00000, dyn_sta_cos_loss: 0.00000, total_cos_loss : 0.00000, vocab_cro_loss : 1.45698, 
epoch  69 summary: dyn_dyn_cos_loss: 0.00000, dyn_sta_cos_loss: 0.00000, total_cos_loss : 0.00000, vocab_cro_loss : 1.43796, 
epoch  70 summary: dyn_dyn_cos_loss: 0.00000, dyn_sta_cos_loss: 0.00000, total_cos_loss : 0.00000, vocab_cro_loss : 1.43922, 
train loss: 1.4120, train acc: 0.6016
epoch  71 summary: dyn_dyn_cos_loss: 0.00000, dyn_sta_cos_loss: 0.00000, total_cos_loss : 0.00000, vocab_cro_loss : 1.41181, 
epoch  72 summary: dyn_dyn_cos_loss: 0.00395, dyn_sta_cos_loss: 0.00203, total_cos_loss : 0.00241, vocab_cro_loss : 1.45288, 
epoch  73 summary: dyn_dyn_cos_loss: 0.00000, dyn_sta_cos_loss: 0.00000, total_cos_loss : 0.00000, vocab_cro_loss : 1.49716, 
epoch  74 summary: dyn_dyn_cos_loss: 0.00000, dyn_sta_cos_loss: 0.00000, total_cos_loss : 0.00000, vocab_cro_loss : 1.46271, 
epoch  75 summary: dyn_dyn_cos_loss: 0.00000, dyn_sta_cos_loss: 0.00000, total_cos_loss : 0.00000, vocab_cro_loss : 1.48327, 
epoch  76 summary: dyn_dyn_cos_loss: 0.00000, dyn_sta_cos_loss: 0.00000, total_cos_loss : 0.00000, vocab_cro_loss : 1.48653, 
epoch  77 summary: dyn_dyn_cos_loss: 0.00000, dyn_sta_cos_loss: 0.00000, total_cos_loss : 0.00000, vocab_cro_loss : 1.46919, 
epoch  78 summary: dyn_dyn_cos_loss: 0.00000, dyn_sta_cos_loss: 0.00000, total_cos_loss : 0.00000, vocab_cro_loss : 1.44881, 
epoch  79 summary: dyn_dyn_cos_loss: 0.00000, dyn_sta_cos_loss: 0.00000, total_cos_loss : 0.00000, vocab_cro_loss : 1.42623, 
epoch  80 summary: dyn_dyn_cos_loss: 0.00370, dyn_sta_cos_loss: 0.00195, total_cos_loss : 0.00230, vocab_cro_loss : 1.46281, 
train loss: 1.4639, train acc: 0.5820
epoch  81 summary: dyn_dyn_cos_loss: 0.00000, dyn_sta_cos_loss: 0.00000, total_cos_loss : 0.00000, vocab_cro_loss : 1.46338, 
epoch  82 summary: dyn_dyn_cos_loss: 0.00000, dyn_sta_cos_loss: 0.00000, total_cos_loss : 0.00000, vocab_cro_loss : 1.41420, 
epoch  83 summary: dyn_dyn_cos_loss: 0.00000, dyn_sta_cos_loss: 0.00000, total_cos_loss : 0.00000, vocab_cro_loss : 1.43401, 
epoch  84 summary: dyn_dyn_cos_loss: 0.00000, dyn_sta_cos_loss: 0.00000, total_cos_loss : 0.00000, vocab_cro_loss : 1.44408, 
epoch  85 summary: dyn_dyn_cos_loss: 0.00000, dyn_sta_cos_loss: 0.00000, total_cos_loss : 0.00000, vocab_cro_loss : 1.39859, 
epoch  86 summary: dyn_dyn_cos_loss: 0.00000, dyn_sta_cos_loss: 0.00000, total_cos_loss : 0.00000, vocab_cro_loss : 1.41098, 
epoch  87 summary: dyn_dyn_cos_loss: 0.00000, dyn_sta_cos_loss: 0.00000, total_cos_loss : 0.00000, vocab_cro_loss : 1.39282, 
epoch  88 summary: dyn_dyn_cos_loss: 0.00312, dyn_sta_cos_loss: 0.00196, total_cos_loss : 0.00219, vocab_cro_loss : 1.47565, 
epoch  89 summary: dyn_dyn_cos_loss: 0.00000, dyn_sta_cos_loss: 0.00000, total_cos_loss : 0.00000, vocab_cro_loss : 1.48413, 
epoch  90 summary: dyn_dyn_cos_loss: 0.00000, dyn_sta_cos_loss: 0.00000, total_cos_loss : 0.00000, vocab_cro_loss : 1.45333, 
train loss: 1.4087, train acc: 0.6108
epoch  91 summary: dyn_dyn_cos_loss: 0.00000, dyn_sta_cos_loss: 0.00000, total_cos_loss : 0.00000, vocab_cro_loss : 1.40826, 
epoch  92 summary: dyn_dyn_cos_loss: 0.00000, dyn_sta_cos_loss: 0.00000, total_cos_loss : 0.00000, vocab_cro_loss : 1.39809, 
epoch  93 summary: dyn_dyn_cos_loss: 0.00000, dyn_sta_cos_loss: 0.00000, total_cos_loss : 0.00000, vocab_cro_loss : 1.38488, 
epoch  94 summary: dyn_dyn_cos_loss: 0.00000, dyn_sta_cos_loss: 0.00000, total_cos_loss : 0.00000, vocab_cro_loss : 1.36253, 
epoch  95 summary: dyn_dyn_cos_loss: 0.00000, dyn_sta_cos_loss: 0.00000, total_cos_loss : 0.00000, vocab_cro_loss : 1.34197, 
epoch  96 summary: dyn_dyn_cos_loss: 0.00280, dyn_sta_cos_loss: 0.00206, total_cos_loss : 0.00221, vocab_cro_loss : 1.33121, 
epoch  97 summary: dyn_dyn_cos_loss: 0.00000, dyn_sta_cos_loss: 0.00000, total_cos_loss : 0.00000, vocab_cro_loss : 1.41716, 
epoch  98 summary: dyn_dyn_cos_loss: 0.00000, dyn_sta_cos_loss: 0.00000, total_cos_loss : 0.00000, vocab_cro_loss : 1.43794, 
epoch  99 summary: dyn_dyn_cos_loss: 0.00000, dyn_sta_cos_loss: 0.00000, total_cos_loss : 0.00000, vocab_cro_loss : 1.39801, 
epoch 100 summary: dyn_dyn_cos_loss: 0.00000, dyn_sta_cos_loss: 0.00000, total_cos_loss : 0.00000, vocab_cro_loss : 1.45143, 
train loss: 1.5004, train acc: 0.6084
epoch 101 summary: dyn_dyn_cos_loss: 0.00000, dyn_sta_cos_loss: 0.00000, total_cos_loss : 0.00000, vocab_cro_loss : 1.49881, 
epoch 102 summary: dyn_dyn_cos_loss: 0.00000, dyn_sta_cos_loss: 0.00000, total_cos_loss : 0.00000, vocab_cro_loss : 1.51238, 
epoch 103 summary: dyn_dyn_cos_loss: 0.00000, dyn_sta_cos_loss: 0.00000, total_cos_loss : 0.00000, vocab_cro_loss : 1.46402, 
epoch 104 summary: dyn_dyn_cos_loss: 0.00233, dyn_sta_cos_loss: 0.00230, total_cos_loss : 0.00231, vocab_cro_loss : 1.46327, 
epoch 105 summary: dyn_dyn_cos_loss: 0.00000, dyn_sta_cos_loss: 0.00000, total_cos_loss : 0.00000, vocab_cro_loss : 1.57160, 
epoch 106 summary: dyn_dyn_cos_loss: 0.00000, dyn_sta_cos_loss: 0.00000, total_cos_loss : 0.00000, vocab_cro_loss : 1.57833, 
epoch 107 summary: dyn_dyn_cos_loss: 0.00000, dyn_sta_cos_loss: 0.00000, total_cos_loss : 0.00000, vocab_cro_loss : 1.47713, 
epoch 108 summary: dyn_dyn_cos_loss: 0.00000, dyn_sta_cos_loss: 0.00000, total_cos_loss : 0.00000, vocab_cro_loss : 1.47511, 
epoch 109 summary: dyn_dyn_cos_loss: 0.00000, dyn_sta_cos_loss: 0.00000, total_cos_loss : 0.00000, vocab_cro_loss : 1.48236, 
epoch 110 summary: dyn_dyn_cos_loss: 0.00000, dyn_sta_cos_loss: 0.00000, total_cos_loss : 0.00000, vocab_cro_loss : 1.45269, 
train loss: 1.4701, train acc: 0.6030
epoch 111 summary: dyn_dyn_cos_loss: 0.00000, dyn_sta_cos_loss: 0.00000, total_cos_loss : 0.00000, vocab_cro_loss : 1.46962, 
epoch 112 summary: dyn_dyn_cos_loss: 0.00231, dyn_sta_cos_loss: 0.00215, total_cos_loss : 0.00218, vocab_cro_loss : 1.39543, 
epoch 113 summary: dyn_dyn_cos_loss: 0.00000, dyn_sta_cos_loss: 0.00000, total_cos_loss : 0.00000, vocab_cro_loss : 1.42565, 
epoch 114 summary: dyn_dyn_cos_loss: 0.00000, dyn_sta_cos_loss: 0.00000, total_cos_loss : 0.00000, vocab_cro_loss : 1.41665, 
epoch 115 summary: dyn_dyn_cos_loss: 0.00000, dyn_sta_cos_loss: 0.00000, total_cos_loss : 0.00000, vocab_cro_loss : 1.41112, 
epoch 116 summary: dyn_dyn_cos_loss: 0.00000, dyn_sta_cos_loss: 0.00000, total_cos_loss : 0.00000, vocab_cro_loss : 1.39087, 
epoch 117 summary: dyn_dyn_cos_loss: 0.00000, dyn_sta_cos_loss: 0.00000, total_cos_loss : 0.00000, vocab_cro_loss : 1.40767, 
epoch 118 summary: dyn_dyn_cos_loss: 0.00000, dyn_sta_cos_loss: 0.00000, total_cos_loss : 0.00000, vocab_cro_loss : 1.48070, 
epoch 119 summary: dyn_dyn_cos_loss: 0.00000, dyn_sta_cos_loss: 0.00000, total_cos_loss : 0.00000, vocab_cro_loss : 1.48514, 
epoch 120 summary: dyn_dyn_cos_loss: 0.00208, dyn_sta_cos_loss: 0.00206, total_cos_loss : 0.00206, vocab_cro_loss : 1.48337, 
train loss: 1.4734, train acc: 0.5952
epoch 121 summary: dyn_dyn_cos_loss: 0.00000, dyn_sta_cos_loss: 0.00000, total_cos_loss : 0.00000, vocab_cro_loss : 1.47287, 
epoch 122 summary: dyn_dyn_cos_loss: 0.00000, dyn_sta_cos_loss: 0.00000, total_cos_loss : 0.00000, vocab_cro_loss : 1.44979, 
epoch 123 summary: dyn_dyn_cos_loss: 0.00000, dyn_sta_cos_loss: 0.00000, total_cos_loss : 0.00000, vocab_cro_loss : 1.43849, 
epoch 124 summary: dyn_dyn_cos_loss: 0.00000, dyn_sta_cos_loss: 0.00000, total_cos_loss : 0.00000, vocab_cro_loss : 1.50785, 
epoch 125 summary: dyn_dyn_cos_loss: 0.00000, dyn_sta_cos_loss: 0.00000, total_cos_loss : 0.00000, vocab_cro_loss : 1.50579, 
epoch 126 summary: dyn_dyn_cos_loss: 0.00000, dyn_sta_cos_loss: 0.00000, total_cos_loss : 0.00000, vocab_cro_loss : 1.44001, 
epoch 127 summary: dyn_dyn_cos_loss: 0.00000, dyn_sta_cos_loss: 0.00000, total_cos_loss : 0.00000, vocab_cro_loss : 1.48039, 
epoch 128 summary: dyn_dyn_cos_loss: 0.00213, dyn_sta_cos_loss: 0.00226, total_cos_loss : 0.00223, vocab_cro_loss : 1.47876, 
epoch 129 summary: dyn_dyn_cos_loss: 0.00000, dyn_sta_cos_loss: 0.00000, total_cos_loss : 0.00000, vocab_cro_loss : 1.48473, 
epoch 130 summary: dyn_dyn_cos_loss: 0.00000, dyn_sta_cos_loss: 0.00000, total_cos_loss : 0.00000, vocab_cro_loss : 1.46683, 
train loss: 1.4841, train acc: 0.5835
epoch 131 summary: dyn_dyn_cos_loss: 0.00000, dyn_sta_cos_loss: 0.00000, total_cos_loss : 0.00000, vocab_cro_loss : 1.48364, 
epoch 132 summary: dyn_dyn_cos_loss: 0.00000, dyn_sta_cos_loss: 0.00000, total_cos_loss : 0.00000, vocab_cro_loss : 1.46140, 
epoch 133 summary: dyn_dyn_cos_loss: 0.00000, dyn_sta_cos_loss: 0.00000, total_cos_loss : 0.00000, vocab_cro_loss : 1.42077, 
epoch 134 summary: dyn_dyn_cos_loss: 0.00000, dyn_sta_cos_loss: 0.00000, total_cos_loss : 0.00000, vocab_cro_loss : 1.42005, 
epoch 135 summary: dyn_dyn_cos_loss: 0.00000, dyn_sta_cos_loss: 0.00000, total_cos_loss : 0.00000, vocab_cro_loss : 1.42726, 
epoch 136 summary: dyn_dyn_cos_loss: 0.00273, dyn_sta_cos_loss: 0.00196, total_cos_loss : 0.00211, vocab_cro_loss : 1.38181, 
epoch 137 summary: dyn_dyn_cos_loss: 0.00000, dyn_sta_cos_loss: 0.00000, total_cos_loss : 0.00000, vocab_cro_loss : 1.41418, 
epoch 138 summary: dyn_dyn_cos_loss: 0.00000, dyn_sta_cos_loss: 0.00000, total_cos_loss : 0.00000, vocab_cro_loss : 1.38483, 
epoch 139 summary: dyn_dyn_cos_loss: 0.00000, dyn_sta_cos_loss: 0.00000, total_cos_loss : 0.00000, vocab_cro_loss : 1.37339, 
epoch 140 summary: dyn_dyn_cos_loss: 0.00000, dyn_sta_cos_loss: 0.00000, total_cos_loss : 0.00000, vocab_cro_loss : 1.36583, 
train loss: 1.3912, train acc: 0.5947
epoch 141 summary: dyn_dyn_cos_loss: 0.00000, dyn_sta_cos_loss: 0.00000, total_cos_loss : 0.00000, vocab_cro_loss : 1.39085, 
epoch 142 summary: dyn_dyn_cos_loss: 0.00000, dyn_sta_cos_loss: 0.00000, total_cos_loss : 0.00000, vocab_cro_loss : 1.51603, 
epoch 143 summary: dyn_dyn_cos_loss: 0.00000, dyn_sta_cos_loss: 0.00000, total_cos_loss : 0.00000, vocab_cro_loss : 1.52083, 
epoch 144 summary: dyn_dyn_cos_loss: 0.00226, dyn_sta_cos_loss: 0.00214, total_cos_loss : 0.00216, vocab_cro_loss : 1.41822, 
epoch 145 summary: dyn_dyn_cos_loss: 0.00000, dyn_sta_cos_loss: 0.00000, total_cos_loss : 0.00000, vocab_cro_loss : 1.49577, 
epoch 146 summary: dyn_dyn_cos_loss: 0.00000, dyn_sta_cos_loss: 0.00000, total_cos_loss : 0.00000, vocab_cro_loss : 1.45276, 
epoch 147 summary: dyn_dyn_cos_loss: 0.00000, dyn_sta_cos_loss: 0.00000, total_cos_loss : 0.00000, vocab_cro_loss : 1.40000, 
epoch 148 summary: dyn_dyn_cos_loss: 0.00000, dyn_sta_cos_loss: 0.00000, total_cos_loss : 0.00000, vocab_cro_loss : 1.48148, 
epoch 149 summary: dyn_dyn_cos_loss: 0.00000, dyn_sta_cos_loss: 0.00000, total_cos_loss : 0.00000, vocab_cro_loss : 1.50373, 
epoch 150 summary: dyn_dyn_cos_loss: 0.00000, dyn_sta_cos_loss: 0.00000, total_cos_loss : 0.00000, vocab_cro_loss : 1.47870, 
train loss: 1.4374, train acc: 0.6011
epoch 151 summary: dyn_dyn_cos_loss: 0.00000, dyn_sta_cos_loss: 0.00000, total_cos_loss : 0.00000, vocab_cro_loss : 1.43704, 
epoch 152 summary: dyn_dyn_cos_loss: 0.00241, dyn_sta_cos_loss: 0.00229, total_cos_loss : 0.00232, vocab_cro_loss : 1.44731, 
epoch 153 summary: dyn_dyn_cos_loss: 0.00000, dyn_sta_cos_loss: 0.00000, total_cos_loss : 0.00000, vocab_cro_loss : 1.45412, 
epoch 154 summary: dyn_dyn_cos_loss: 0.00000, dyn_sta_cos_loss: 0.00000, total_cos_loss : 0.00000, vocab_cro_loss : 1.41347, 
epoch 155 summary: dyn_dyn_cos_loss: 0.00000, dyn_sta_cos_loss: 0.00000, total_cos_loss : 0.00000, vocab_cro_loss : 1.39587, 
epoch 156 summary: dyn_dyn_cos_loss: 0.00000, dyn_sta_cos_loss: 0.00000, total_cos_loss : 0.00000, vocab_cro_loss : 1.37542, 
epoch 157 summary: dyn_dyn_cos_loss: 0.00000, dyn_sta_cos_loss: 0.00000, total_cos_loss : 0.00000, vocab_cro_loss : 1.37571, 
epoch 158 summary: dyn_dyn_cos_loss: 0.00000, dyn_sta_cos_loss: 0.00000, total_cos_loss : 0.00000, vocab_cro_loss : 1.37633, 
epoch 159 summary: dyn_dyn_cos_loss: 0.00000, dyn_sta_cos_loss: 0.00000, total_cos_loss : 0.00000, vocab_cro_loss : 1.38790, 
epoch 160 summary: dyn_dyn_cos_loss: 0.00235, dyn_sta_cos_loss: 0.00201, total_cos_loss : 0.00208, vocab_cro_loss : 1.33975, 
train loss: 1.3638, train acc: 0.6045
epoch 161 summary: dyn_dyn_cos_loss: 0.00000, dyn_sta_cos_loss: 0.00000, total_cos_loss : 0.00000, vocab_cro_loss : 1.36363, 
epoch 162 summary: dyn_dyn_cos_loss: 0.00000, dyn_sta_cos_loss: 0.00000, total_cos_loss : 0.00000, vocab_cro_loss : 1.35271, 
epoch 163 summary: dyn_dyn_cos_loss: 0.00000, dyn_sta_cos_loss: 0.00000, total_cos_loss : 0.00000, vocab_cro_loss : 1.36398, 
epoch 164 summary: dyn_dyn_cos_loss: 0.00000, dyn_sta_cos_loss: 0.00000, total_cos_loss : 0.00000, vocab_cro_loss : 1.41431, 
epoch 165 summary: dyn_dyn_cos_loss: 0.00000, dyn_sta_cos_loss: 0.00000, total_cos_loss : 0.00000, vocab_cro_loss : 1.38197, 
epoch 166 summary: dyn_dyn_cos_loss: 0.00000, dyn_sta_cos_loss: 0.00000, total_cos_loss : 0.00000, vocab_cro_loss : 1.46638, 
epoch 167 summary: dyn_dyn_cos_loss: 0.00000, dyn_sta_cos_loss: 0.00000, total_cos_loss : 0.00000, vocab_cro_loss : 1.47285, 
epoch 168 summary: dyn_dyn_cos_loss: 0.00224, dyn_sta_cos_loss: 0.00198, total_cos_loss : 0.00203, vocab_cro_loss : 1.65736, 
epoch 169 summary: dyn_dyn_cos_loss: 0.00000, dyn_sta_cos_loss: 0.00000, total_cos_loss : 0.00000, vocab_cro_loss : 1.62645, 
epoch 170 summary: dyn_dyn_cos_loss: 0.00000, dyn_sta_cos_loss: 0.00000, total_cos_loss : 0.00000, vocab_cro_loss : 1.63724, 
train loss: 1.5610, train acc: 0.5859
epoch 171 summary: dyn_dyn_cos_loss: 0.00000, dyn_sta_cos_loss: 0.00000, total_cos_loss : 0.00000, vocab_cro_loss : 1.56046, 
epoch 172 summary: dyn_dyn_cos_loss: 0.00000, dyn_sta_cos_loss: 0.00000, total_cos_loss : 0.00000, vocab_cro_loss : 1.53863, 
epoch 173 summary: dyn_dyn_cos_loss: 0.00000, dyn_sta_cos_loss: 0.00000, total_cos_loss : 0.00000, vocab_cro_loss : 1.55556, 
epoch 174 summary: dyn_dyn_cos_loss: 0.00000, dyn_sta_cos_loss: 0.00000, total_cos_loss : 0.00000, vocab_cro_loss : 1.61732, 
epoch 175 summary: dyn_dyn_cos_loss: 0.00000, dyn_sta_cos_loss: 0.00000, total_cos_loss : 0.00000, vocab_cro_loss : 1.51030, 
epoch 176 summary: dyn_dyn_cos_loss: 0.00237, dyn_sta_cos_loss: 0.00197, total_cos_loss : 0.00205, vocab_cro_loss : 1.49008, 
epoch 177 summary: dyn_dyn_cos_loss: 0.00000, dyn_sta_cos_loss: 0.00000, total_cos_loss : 0.00000, vocab_cro_loss : 1.53403, 
epoch 178 summary: dyn_dyn_cos_loss: 0.00000, dyn_sta_cos_loss: 0.00000, total_cos_loss : 0.00000, vocab_cro_loss : 1.45553, 
epoch 179 summary: dyn_dyn_cos_loss: 0.00000, dyn_sta_cos_loss: 0.00000, total_cos_loss : 0.00000, vocab_cro_loss : 1.50486, 
epoch 180 summary: dyn_dyn_cos_loss: 0.00000, dyn_sta_cos_loss: 0.00000, total_cos_loss : 0.00000, vocab_cro_loss : 1.50707, 
train loss: 1.4807, train acc: 0.5889
epoch 181 summary: dyn_dyn_cos_loss: 0.00000, dyn_sta_cos_loss: 0.00000, total_cos_loss : 0.00000, vocab_cro_loss : 1.48008, 
epoch 182 summary: dyn_dyn_cos_loss: 0.00000, dyn_sta_cos_loss: 0.00000, total_cos_loss : 0.00000, vocab_cro_loss : 1.44766, 
epoch 183 summary: dyn_dyn_cos_loss: 0.00000, dyn_sta_cos_loss: 0.00000, total_cos_loss : 0.00000, vocab_cro_loss : 1.53833, 
epoch 184 summary: dyn_dyn_cos_loss: 0.00220, dyn_sta_cos_loss: 0.00208, total_cos_loss : 0.00211, vocab_cro_loss : 1.46918, 
epoch 185 summary: dyn_dyn_cos_loss: 0.00000, dyn_sta_cos_loss: 0.00000, total_cos_loss : 0.00000, vocab_cro_loss : 1.44559, 
epoch 186 summary: dyn_dyn_cos_loss: 0.00000, dyn_sta_cos_loss: 0.00000, total_cos_loss : 0.00000, vocab_cro_loss : 1.44726, 
epoch 187 summary: dyn_dyn_cos_loss: 0.00000, dyn_sta_cos_loss: 0.00000, total_cos_loss : 0.00000, vocab_cro_loss : 1.45963, 
epoch 188 summary: dyn_dyn_cos_loss: 0.00000, dyn_sta_cos_loss: 0.00000, total_cos_loss : 0.00000, vocab_cro_loss : 1.39229, 
epoch 189 summary: dyn_dyn_cos_loss: 0.00000, dyn_sta_cos_loss: 0.00000, total_cos_loss : 0.00000, vocab_cro_loss : 1.39609, 
epoch 190 summary: dyn_dyn_cos_loss: 0.00000, dyn_sta_cos_loss: 0.00000, total_cos_loss : 0.00000, vocab_cro_loss : 1.43084, 
train loss: 1.6230, train acc: 0.5249
epoch 191 summary: dyn_dyn_cos_loss: 0.00000, dyn_sta_cos_loss: 0.00000, total_cos_loss : 0.00000, vocab_cro_loss : 1.62154, 
epoch 192 summary: dyn_dyn_cos_loss: 0.00209, dyn_sta_cos_loss: 0.00236, total_cos_loss : 0.00231, vocab_cro_loss : 1.48760, 
epoch 193 summary: dyn_dyn_cos_loss: 0.00000, dyn_sta_cos_loss: 0.00000, total_cos_loss : 0.00000, vocab_cro_loss : 1.51181, 
epoch 194 summary: dyn_dyn_cos_loss: 0.00000, dyn_sta_cos_loss: 0.00000, total_cos_loss : 0.00000, vocab_cro_loss : 1.47758, 
epoch 195 summary: dyn_dyn_cos_loss: 0.00000, dyn_sta_cos_loss: 0.00000, total_cos_loss : 0.00000, vocab_cro_loss : 1.43928, 
epoch 196 summary: dyn_dyn_cos_loss: 0.00000, dyn_sta_cos_loss: 0.00000, total_cos_loss : 0.00000, vocab_cro_loss : 1.48100, 
epoch 197 summary: dyn_dyn_cos_loss: 0.00000, dyn_sta_cos_loss: 0.00000, total_cos_loss : 0.00000, vocab_cro_loss : 1.48590, 
epoch 198 summary: dyn_dyn_cos_loss: 0.00000, dyn_sta_cos_loss: 0.00000, total_cos_loss : 0.00000, vocab_cro_loss : 1.47233, 
epoch 199 summary: dyn_dyn_cos_loss: 0.00000, dyn_sta_cos_loss: 0.00000, total_cos_loss : 0.00000, vocab_cro_loss : 1.42123, 
epoch 200 summary: dyn_dyn_cos_loss: 0.00243, dyn_sta_cos_loss: 0.00203, total_cos_loss : 0.00211, vocab_cro_loss : 1.39494, 
train loss: 1.4798, train acc: 0.5688
epoch 201 summary: dyn_dyn_cos_loss: 0.00000, dyn_sta_cos_loss: 0.00000, total_cos_loss : 0.00000, vocab_cro_loss : 1.47918, 
epoch 202 summary: dyn_dyn_cos_loss: 0.00000, dyn_sta_cos_loss: 0.00000, total_cos_loss : 0.00000, vocab_cro_loss : 1.48043, 
epoch 203 summary: dyn_dyn_cos_loss: 0.00000, dyn_sta_cos_loss: 0.00000, total_cos_loss : 0.00000, vocab_cro_loss : 1.44812, 
epoch 204 summary: dyn_dyn_cos_loss: 0.00000, dyn_sta_cos_loss: 0.00000, total_cos_loss : 0.00000, vocab_cro_loss : 1.43216, 
epoch 205 summary: dyn_dyn_cos_loss: 0.00000, dyn_sta_cos_loss: 0.00000, total_cos_loss : 0.00000, vocab_cro_loss : 1.43610, 
epoch 206 summary: dyn_dyn_cos_loss: 0.00000, dyn_sta_cos_loss: 0.00000, total_cos_loss : 0.00000, vocab_cro_loss : 1.36785, 
epoch 207 summary: dyn_dyn_cos_loss: 0.00000, dyn_sta_cos_loss: 0.00000, total_cos_loss : 0.00000, vocab_cro_loss : 1.37069, 
epoch 208 summary: dyn_dyn_cos_loss: 0.00228, dyn_sta_cos_loss: 0.00214, total_cos_loss : 0.00217, vocab_cro_loss : 1.41159, 
epoch 209 summary: dyn_dyn_cos_loss: 0.00000, dyn_sta_cos_loss: 0.00000, total_cos_loss : 0.00000, vocab_cro_loss : 1.50938, 
epoch 210 summary: dyn_dyn_cos_loss: 0.00000, dyn_sta_cos_loss: 0.00000, total_cos_loss : 0.00000, vocab_cro_loss : 1.56744, 
train loss: 1.5024, train acc: 0.5791
epoch 211 summary: dyn_dyn_cos_loss: 0.00000, dyn_sta_cos_loss: 0.00000, total_cos_loss : 0.00000, vocab_cro_loss : 1.50185, 
epoch 212 summary: dyn_dyn_cos_loss: 0.00000, dyn_sta_cos_loss: 0.00000, total_cos_loss : 0.00000, vocab_cro_loss : 1.60439, 
epoch 213 summary: dyn_dyn_cos_loss: 0.00000, dyn_sta_cos_loss: 0.00000, total_cos_loss : 0.00000, vocab_cro_loss : 1.51004, 
epoch 214 summary: dyn_dyn_cos_loss: 0.00000, dyn_sta_cos_loss: 0.00000, total_cos_loss : 0.00000, vocab_cro_loss : 1.48723, 
epoch 215 summary: dyn_dyn_cos_loss: 0.00000, dyn_sta_cos_loss: 0.00000, total_cos_loss : 0.00000, vocab_cro_loss : 1.38348, 
epoch 216 summary: dyn_dyn_cos_loss: 0.00248, dyn_sta_cos_loss: 0.00211, total_cos_loss : 0.00218, vocab_cro_loss : 1.39309, 
epoch 217 summary: dyn_dyn_cos_loss: 0.00000, dyn_sta_cos_loss: 0.00000, total_cos_loss : 0.00000, vocab_cro_loss : 1.39985, 
epoch 218 summary: dyn_dyn_cos_loss: 0.00000, dyn_sta_cos_loss: 0.00000, total_cos_loss : 0.00000, vocab_cro_loss : 1.41052, 
epoch 219 summary: dyn_dyn_cos_loss: 0.00000, dyn_sta_cos_loss: 0.00000, total_cos_loss : 0.00000, vocab_cro_loss : 1.45800, 
epoch 220 summary: dyn_dyn_cos_loss: 0.00000, dyn_sta_cos_loss: 0.00000, total_cos_loss : 0.00000, vocab_cro_loss : 1.47558, 
train loss: 1.4092, train acc: 0.6045
epoch 221 summary: dyn_dyn_cos_loss: 0.00000, dyn_sta_cos_loss: 0.00000, total_cos_loss : 0.00000, vocab_cro_loss : 1.40883, 
epoch 222 summary: dyn_dyn_cos_loss: 0.00000, dyn_sta_cos_loss: 0.00000, total_cos_loss : 0.00000, vocab_cro_loss : 1.36685, 
epoch 223 summary: dyn_dyn_cos_loss: 0.00000, dyn_sta_cos_loss: 0.00000, total_cos_loss : 0.00000, vocab_cro_loss : 1.34735, 
epoch 224 summary: dyn_dyn_cos_loss: 0.00265, dyn_sta_cos_loss: 0.00193, total_cos_loss : 0.00208, vocab_cro_loss : 1.32215, 
epoch 225 summary: dyn_dyn_cos_loss: 0.00000, dyn_sta_cos_loss: 0.00000, total_cos_loss : 0.00000, vocab_cro_loss : 1.37159, 
epoch 226 summary: dyn_dyn_cos_loss: 0.00000, dyn_sta_cos_loss: 0.00000, total_cos_loss : 0.00000, vocab_cro_loss : 1.37494, 
epoch 227 summary: dyn_dyn_cos_loss: 0.00000, dyn_sta_cos_loss: 0.00000, total_cos_loss : 0.00000, vocab_cro_loss : 1.36770, 
epoch 228 summary: dyn_dyn_cos_loss: 0.00000, dyn_sta_cos_loss: 0.00000, total_cos_loss : 0.00000, vocab_cro_loss : 1.38243, 
epoch 229 summary: dyn_dyn_cos_loss: 0.00000, dyn_sta_cos_loss: 0.00000, total_cos_loss : 0.00000, vocab_cro_loss : 1.39503, 
epoch 230 summary: dyn_dyn_cos_loss: 0.00000, dyn_sta_cos_loss: 0.00000, total_cos_loss : 0.00000, vocab_cro_loss : 1.37409, 
train loss: 1.3375, train acc: 0.6118
epoch 231 summary: dyn_dyn_cos_loss: 0.00000, dyn_sta_cos_loss: 0.00000, total_cos_loss : 0.00000, vocab_cro_loss : 1.33734, 
epoch 232 summary: dyn_dyn_cos_loss: 0.00275, dyn_sta_cos_loss: 0.00173, total_cos_loss : 0.00194, vocab_cro_loss : 1.31851, 
epoch 233 summary: dyn_dyn_cos_loss: 0.00000, dyn_sta_cos_loss: 0.00000, total_cos_loss : 0.00000, vocab_cro_loss : 1.34947, 
epoch 234 summary: dyn_dyn_cos_loss: 0.00000, dyn_sta_cos_loss: 0.00000, total_cos_loss : 0.00000, vocab_cro_loss : 1.35199, 
epoch 235 summary: dyn_dyn_cos_loss: 0.00000, dyn_sta_cos_loss: 0.00000, total_cos_loss : 0.00000, vocab_cro_loss : 1.33575, 
epoch 236 summary: dyn_dyn_cos_loss: 0.00000, dyn_sta_cos_loss: 0.00000, total_cos_loss : 0.00000, vocab_cro_loss : 1.31849, 
epoch 237 summary: dyn_dyn_cos_loss: 0.00000, dyn_sta_cos_loss: 0.00000, total_cos_loss : 0.00000, vocab_cro_loss : 1.33742, 
epoch 238 summary: dyn_dyn_cos_loss: 0.00000, dyn_sta_cos_loss: 0.00000, total_cos_loss : 0.00000, vocab_cro_loss : 1.30422, 
epoch 239 summary: dyn_dyn_cos_loss: 0.00000, dyn_sta_cos_loss: 0.00000, total_cos_loss : 0.00000, vocab_cro_loss : 1.30424, 
epoch 240 summary: dyn_dyn_cos_loss: 0.00248, dyn_sta_cos_loss: 0.00180, total_cos_loss : 0.00193, vocab_cro_loss : 1.28573, 
train loss: 1.3399, train acc: 0.6001
epoch 241 summary: dyn_dyn_cos_loss: 0.00000, dyn_sta_cos_loss: 0.00000, total_cos_loss : 0.00000, vocab_cro_loss : 1.33964, 
epoch 242 summary: dyn_dyn_cos_loss: 0.00000, dyn_sta_cos_loss: 0.00000, total_cos_loss : 0.00000, vocab_cro_loss : 1.32300, 
epoch 243 summary: dyn_dyn_cos_loss: 0.00000, dyn_sta_cos_loss: 0.00000, total_cos_loss : 0.00000, vocab_cro_loss : 1.32535, 
epoch 244 summary: dyn_dyn_cos_loss: 0.00000, dyn_sta_cos_loss: 0.00000, total_cos_loss : 0.00000, vocab_cro_loss : 1.31225, 
epoch 245 summary: dyn_dyn_cos_loss: 0.00000, dyn_sta_cos_loss: 0.00000, total_cos_loss : 0.00000, vocab_cro_loss : 1.30313, 
epoch 246 summary: dyn_dyn_cos_loss: 0.00000, dyn_sta_cos_loss: 0.00000, total_cos_loss : 0.00000, vocab_cro_loss : 1.30348, 
epoch 247 summary: dyn_dyn_cos_loss: 0.00000, dyn_sta_cos_loss: 0.00000, total_cos_loss : 0.00000, vocab_cro_loss : 1.30603, 
epoch 248 summary: dyn_dyn_cos_loss: 0.00233, dyn_sta_cos_loss: 0.00175, total_cos_loss : 0.00186, vocab_cro_loss : 1.29407, 
epoch 249 summary: dyn_dyn_cos_loss: 0.00000, dyn_sta_cos_loss: 0.00000, total_cos_loss : 0.00000, vocab_cro_loss : 1.34823, 
epoch 250 summary: dyn_dyn_cos_loss: 0.00000, dyn_sta_cos_loss: 0.00000, total_cos_loss : 0.00000, vocab_cro_loss : 1.34116, 
train loss: 1.3263, train acc: 0.6118
epoch 251 summary: dyn_dyn_cos_loss: 0.00000, dyn_sta_cos_loss: 0.00000, total_cos_loss : 0.00000, vocab_cro_loss : 1.32615, 
epoch 252 summary: dyn_dyn_cos_loss: 0.00000, dyn_sta_cos_loss: 0.00000, total_cos_loss : 0.00000, vocab_cro_loss : 1.30837, 
epoch 253 summary: dyn_dyn_cos_loss: 0.00000, dyn_sta_cos_loss: 0.00000, total_cos_loss : 0.00000, vocab_cro_loss : 1.29670, 
epoch 254 summary: dyn_dyn_cos_loss: 0.00000, dyn_sta_cos_loss: 0.00000, total_cos_loss : 0.00000, vocab_cro_loss : 1.29416, 
epoch 255 summary: dyn_dyn_cos_loss: 0.00000, dyn_sta_cos_loss: 0.00000, total_cos_loss : 0.00000, vocab_cro_loss : 1.28790, 
epoch 256 summary: dyn_dyn_cos_loss: 0.00232, dyn_sta_cos_loss: 0.00166, total_cos_loss : 0.00180, vocab_cro_loss : 1.28196, 
epoch 257 summary: dyn_dyn_cos_loss: 0.00000, dyn_sta_cos_loss: 0.00000, total_cos_loss : 0.00000, vocab_cro_loss : 1.31124, 
epoch 258 summary: dyn_dyn_cos_loss: 0.00000, dyn_sta_cos_loss: 0.00000, total_cos_loss : 0.00000, vocab_cro_loss : 1.29347, 
epoch 259 summary: dyn_dyn_cos_loss: 0.00000, dyn_sta_cos_loss: 0.00000, total_cos_loss : 0.00000, vocab_cro_loss : 1.28246, 
epoch 260 summary: dyn_dyn_cos_loss: 0.00000, dyn_sta_cos_loss: 0.00000, total_cos_loss : 0.00000, vocab_cro_loss : 1.27551, 
train loss: 1.2748, train acc: 0.6235
epoch 261 summary: dyn_dyn_cos_loss: 0.00000, dyn_sta_cos_loss: 0.00000, total_cos_loss : 0.00000, vocab_cro_loss : 1.27468, 
epoch 262 summary: dyn_dyn_cos_loss: 0.00000, dyn_sta_cos_loss: 0.00000, total_cos_loss : 0.00000, vocab_cro_loss : 1.26130, 
epoch 263 summary: dyn_dyn_cos_loss: 0.00000, dyn_sta_cos_loss: 0.00000, total_cos_loss : 0.00000, vocab_cro_loss : 1.27482, 
epoch 264 summary: dyn_dyn_cos_loss: 0.00220, dyn_sta_cos_loss: 0.00155, total_cos_loss : 0.00168, vocab_cro_loss : 1.27807, 
epoch 265 summary: dyn_dyn_cos_loss: 0.00000, dyn_sta_cos_loss: 0.00000, total_cos_loss : 0.00000, vocab_cro_loss : 1.31315, 
epoch 266 summary: dyn_dyn_cos_loss: 0.00000, dyn_sta_cos_loss: 0.00000, total_cos_loss : 0.00000, vocab_cro_loss : 1.29972, 
epoch 267 summary: dyn_dyn_cos_loss: 0.00000, dyn_sta_cos_loss: 0.00000, total_cos_loss : 0.00000, vocab_cro_loss : 1.28939, 
epoch 268 summary: dyn_dyn_cos_loss: 0.00000, dyn_sta_cos_loss: 0.00000, total_cos_loss : 0.00000, vocab_cro_loss : 1.29283, 
epoch 269 summary: dyn_dyn_cos_loss: 0.00000, dyn_sta_cos_loss: 0.00000, total_cos_loss : 0.00000, vocab_cro_loss : 1.28973, 
epoch 270 summary: dyn_dyn_cos_loss: 0.00000, dyn_sta_cos_loss: 0.00000, total_cos_loss : 0.00000, vocab_cro_loss : 1.27934, 
train loss: 1.2895, train acc: 0.6245
epoch 271 summary: dyn_dyn_cos_loss: 0.00000, dyn_sta_cos_loss: 0.00000, total_cos_loss : 0.00000, vocab_cro_loss : 1.28923, 
epoch 272 summary: dyn_dyn_cos_loss: 0.00205, dyn_sta_cos_loss: 0.00149, total_cos_loss : 0.00160, vocab_cro_loss : 1.30425, 
epoch 273 summary: dyn_dyn_cos_loss: 0.00000, dyn_sta_cos_loss: 0.00000, total_cos_loss : 0.00000, vocab_cro_loss : 1.31393, 
epoch 274 summary: dyn_dyn_cos_loss: 0.00000, dyn_sta_cos_loss: 0.00000, total_cos_loss : 0.00000, vocab_cro_loss : 1.29251, 
epoch 275 summary: dyn_dyn_cos_loss: 0.00000, dyn_sta_cos_loss: 0.00000, total_cos_loss : 0.00000, vocab_cro_loss : 1.27748, 
epoch 276 summary: dyn_dyn_cos_loss: 0.00000, dyn_sta_cos_loss: 0.00000, total_cos_loss : 0.00000, vocab_cro_loss : 1.26791, 
epoch 277 summary: dyn_dyn_cos_loss: 0.00000, dyn_sta_cos_loss: 0.00000, total_cos_loss : 0.00000, vocab_cro_loss : 1.27103, 
epoch 278 summary: dyn_dyn_cos_loss: 0.00000, dyn_sta_cos_loss: 0.00000, total_cos_loss : 0.00000, vocab_cro_loss : 1.25049, 
epoch 279 summary: dyn_dyn_cos_loss: 0.00000, dyn_sta_cos_loss: 0.00000, total_cos_loss : 0.00000, vocab_cro_loss : 1.23996, 
epoch 280 summary: dyn_dyn_cos_loss: 0.00202, dyn_sta_cos_loss: 0.00150, total_cos_loss : 0.00160, vocab_cro_loss : 1.25475, 
train loss: 1.2914, train acc: 0.6094
epoch 281 summary: dyn_dyn_cos_loss: 0.00000, dyn_sta_cos_loss: 0.00000, total_cos_loss : 0.00000, vocab_cro_loss : 1.29121, 
epoch 282 summary: dyn_dyn_cos_loss: 0.00000, dyn_sta_cos_loss: 0.00000, total_cos_loss : 0.00000, vocab_cro_loss : 1.28954, 
epoch 283 summary: dyn_dyn_cos_loss: 0.00000, dyn_sta_cos_loss: 0.00000, total_cos_loss : 0.00000, vocab_cro_loss : 1.28001, 
epoch 284 summary: dyn_dyn_cos_loss: 0.00000, dyn_sta_cos_loss: 0.00000, total_cos_loss : 0.00000, vocab_cro_loss : 1.30607, 
epoch 285 summary: dyn_dyn_cos_loss: 0.00000, dyn_sta_cos_loss: 0.00000, total_cos_loss : 0.00000, vocab_cro_loss : 1.38291, 
epoch 286 summary: dyn_dyn_cos_loss: 0.00000, dyn_sta_cos_loss: 0.00000, total_cos_loss : 0.00000, vocab_cro_loss : 1.30034, 
epoch 287 summary: dyn_dyn_cos_loss: 0.00000, dyn_sta_cos_loss: 0.00000, total_cos_loss : 0.00000, vocab_cro_loss : 1.31331, 
epoch 288 summary: dyn_dyn_cos_loss: 0.00193, dyn_sta_cos_loss: 0.00159, total_cos_loss : 0.00165, vocab_cro_loss : 1.37770, 
epoch 289 summary: dyn_dyn_cos_loss: 0.00000, dyn_sta_cos_loss: 0.00000, total_cos_loss : 0.00000, vocab_cro_loss : 1.34996, 
epoch 290 summary: dyn_dyn_cos_loss: 0.00000, dyn_sta_cos_loss: 0.00000, total_cos_loss : 0.00000, vocab_cro_loss : 1.31797, 
train loss: 1.3345, train acc: 0.6021
epoch 291 summary: dyn_dyn_cos_loss: 0.00000, dyn_sta_cos_loss: 0.00000, total_cos_loss : 0.00000, vocab_cro_loss : 1.33400, 
epoch 292 summary: dyn_dyn_cos_loss: 0.00000, dyn_sta_cos_loss: 0.00000, total_cos_loss : 0.00000, vocab_cro_loss : 1.34375, 
epoch 293 summary: dyn_dyn_cos_loss: 0.00000, dyn_sta_cos_loss: 0.00000, total_cos_loss : 0.00000, vocab_cro_loss : 1.35407, 
epoch 294 summary: dyn_dyn_cos_loss: 0.00000, dyn_sta_cos_loss: 0.00000, total_cos_loss : 0.00000, vocab_cro_loss : 1.33360, 
epoch 295 summary: dyn_dyn_cos_loss: 0.00000, dyn_sta_cos_loss: 0.00000, total_cos_loss : 0.00000, vocab_cro_loss : 1.31576, 
epoch 296 summary: dyn_dyn_cos_loss: 0.00187, dyn_sta_cos_loss: 0.00154, total_cos_loss : 0.00161, vocab_cro_loss : 1.30471, 
epoch 297 summary: dyn_dyn_cos_loss: 0.00000, dyn_sta_cos_loss: 0.00000, total_cos_loss : 0.00000, vocab_cro_loss : 1.36142, 
epoch 298 summary: dyn_dyn_cos_loss: 0.00000, dyn_sta_cos_loss: 0.00000, total_cos_loss : 0.00000, vocab_cro_loss : 1.35350, 
epoch 299 summary: dyn_dyn_cos_loss: 0.00000, dyn_sta_cos_loss: 0.00000, total_cos_loss : 0.00000, vocab_cro_loss : 1.36218, 
train loss: 1.3689, train acc: 0.5928
all                         126264.803ms
all_epoch                   122400.157ms
all_preparation               3864.623ms
all_preparation_2             3861.435ms
all_preparation_3                3.129ms
epoch                          209.114ms
epoch_pos_train                  4.203ms
epoch_preparation                7.967ms
epoch_train                    192.186ms
epoch_valid                      3.831ms
----------------------------------------
all                         126264.803ms
  all_epoch             96.94%
  all_preparation        3.06%
all_preparation               3864.623ms
  all_preparation_2     99.92%
  all_preparation_3      0.08%
epoch                        62734.164ms
  epoch_train           91.90%
  epoch_preparation      3.81%
  epoch_pos_train        2.01%
  epoch_valid            1.83%
epoch   0 summary: dyn_dyn_cos_loss: 0.02130, dyn_sta_cos_loss: 0.00665, total_cos_loss : 0.00958, 
valid loss: 3.1202, valid acc: 0.2377
epoch   1 summary: dyn_dyn_cos_loss: 0.01196, dyn_sta_cos_loss: 0.00399, total_cos_loss : 0.00559, 
epoch   2 summary: dyn_dyn_cos_loss: 0.00703, dyn_sta_cos_loss: 0.00277, total_cos_loss : 0.00362, 
epoch   3 summary: dyn_dyn_cos_loss: 0.00444, dyn_sta_cos_loss: 0.00216, total_cos_loss : 0.00261, 
epoch   4 summary: dyn_dyn_cos_loss: 0.00314, dyn_sta_cos_loss: 0.00183, total_cos_loss : 0.00210, 
epoch   5 summary: dyn_dyn_cos_loss: 0.00251, dyn_sta_cos_loss: 0.00165, total_cos_loss : 0.00182, 
epoch   6 summary: dyn_dyn_cos_loss: 0.00216, dyn_sta_cos_loss: 0.00153, total_cos_loss : 0.00166, 
epoch   7 summary: dyn_dyn_cos_loss: 0.00198, dyn_sta_cos_loss: 0.00146, total_cos_loss : 0.00156, 
epoch   8 summary: dyn_dyn_cos_loss: 0.00187, dyn_sta_cos_loss: 0.00140, total_cos_loss : 0.00150, 
epoch   9 summary: dyn_dyn_cos_loss: 0.00181, dyn_sta_cos_loss: 0.00137, total_cos_loss : 0.00146, 
epoch  10 summary: dyn_dyn_cos_loss: 0.00178, dyn_sta_cos_loss: 0.00134, total_cos_loss : 0.00143, 
valid loss: 1.7378, valid acc: 0.5276
epoch  11 summary: dyn_dyn_cos_loss: 0.00176, dyn_sta_cos_loss: 0.00132, total_cos_loss : 0.00141, 
epoch  12 summary: dyn_dyn_cos_loss: 0.00174, dyn_sta_cos_loss: 0.00131, total_cos_loss : 0.00139, 
epoch  13 summary: dyn_dyn_cos_loss: 0.00174, dyn_sta_cos_loss: 0.00130, total_cos_loss : 0.00138, 
epoch  14 summary: dyn_dyn_cos_loss: 0.00173, dyn_sta_cos_loss: 0.00129, total_cos_loss : 0.00138, 
epoch  15 summary: dyn_dyn_cos_loss: 0.00173, dyn_sta_cos_loss: 0.00128, total_cos_loss : 0.00137, 
epoch  16 summary: dyn_dyn_cos_loss: 0.00173, dyn_sta_cos_loss: 0.00128, total_cos_loss : 0.00137, 
epoch  17 summary: dyn_dyn_cos_loss: 0.00172, dyn_sta_cos_loss: 0.00128, total_cos_loss : 0.00137, 
epoch  18 summary: dyn_dyn_cos_loss: 0.00172, dyn_sta_cos_loss: 0.00128, total_cos_loss : 0.00137, 
epoch  19 summary: dyn_dyn_cos_loss: 0.00172, dyn_sta_cos_loss: 0.00127, total_cos_loss : 0.00136, 
epoch  20 summary: dyn_dyn_cos_loss: 0.00172, dyn_sta_cos_loss: 0.00127, total_cos_loss : 0.00136, 
valid loss: 1.7151, valid acc: 0.5275
epoch  21 summary: dyn_dyn_cos_loss: 0.00172, dyn_sta_cos_loss: 0.00127, total_cos_loss : 0.00136, 
epoch  22 summary: dyn_dyn_cos_loss: 0.00172, dyn_sta_cos_loss: 0.00127, total_cos_loss : 0.00136, 
epoch  23 summary: dyn_dyn_cos_loss: 0.00172, dyn_sta_cos_loss: 0.00127, total_cos_loss : 0.00136, 
epoch  24 summary: dyn_dyn_cos_loss: 0.00172, dyn_sta_cos_loss: 0.00127, total_cos_loss : 0.00136, 
epoch  25 summary: dyn_dyn_cos_loss: 0.00186, dyn_sta_cos_loss: 0.00127, total_cos_loss : 0.00139, 
epoch  26 summary: dyn_dyn_cos_loss: 0.00183, dyn_sta_cos_loss: 0.00127, total_cos_loss : 0.00138, 
epoch  27 summary: dyn_dyn_cos_loss: 0.00181, dyn_sta_cos_loss: 0.00127, total_cos_loss : 0.00138, 
epoch  28 summary: dyn_dyn_cos_loss: 0.00180, dyn_sta_cos_loss: 0.00127, total_cos_loss : 0.00137, 
epoch  29 summary: dyn_dyn_cos_loss: 0.00179, dyn_sta_cos_loss: 0.00126, total_cos_loss : 0.00137, 
epoch  30 summary: dyn_dyn_cos_loss: 0.00178, dyn_sta_cos_loss: 0.00126, total_cos_loss : 0.00137, 
valid loss: 1.7161, valid acc: 0.5280
epoch  31 summary: dyn_dyn_cos_loss: 0.00178, dyn_sta_cos_loss: 0.00126, total_cos_loss : 0.00136, 
epoch  32 summary: dyn_dyn_cos_loss: 0.00177, dyn_sta_cos_loss: 0.00126, total_cos_loss : 0.00136, 
epoch  33 summary: dyn_dyn_cos_loss: 0.00177, dyn_sta_cos_loss: 0.00126, total_cos_loss : 0.00136, 
epoch  34 summary: dyn_dyn_cos_loss: 0.00177, dyn_sta_cos_loss: 0.00126, total_cos_loss : 0.00136, 
epoch  35 summary: dyn_dyn_cos_loss: 0.00177, dyn_sta_cos_loss: 0.00126, total_cos_loss : 0.00136, 
epoch  36 summary: dyn_dyn_cos_loss: 0.00177, dyn_sta_cos_loss: 0.00126, total_cos_loss : 0.00136, 
epoch  37 summary: dyn_dyn_cos_loss: 0.00177, dyn_sta_cos_loss: 0.00126, total_cos_loss : 0.00136, 
epoch  38 summary: dyn_dyn_cos_loss: 0.00177, dyn_sta_cos_loss: 0.00126, total_cos_loss : 0.00136, 
epoch  39 summary: dyn_dyn_cos_loss: 0.00177, dyn_sta_cos_loss: 0.00126, total_cos_loss : 0.00136, 
epoch  40 summary: dyn_dyn_cos_loss: 0.00177, dyn_sta_cos_loss: 0.00126, total_cos_loss : 0.00136, 
valid loss: 1.7082, valid acc: 0.5284
epoch  41 summary: dyn_dyn_cos_loss: 0.00177, dyn_sta_cos_loss: 0.00126, total_cos_loss : 0.00136, 
epoch  42 summary: dyn_dyn_cos_loss: 0.00177, dyn_sta_cos_loss: 0.00126, total_cos_loss : 0.00136, 
epoch  43 summary: dyn_dyn_cos_loss: 0.00176, dyn_sta_cos_loss: 0.00126, total_cos_loss : 0.00136, 
epoch  44 summary: dyn_dyn_cos_loss: 0.00177, dyn_sta_cos_loss: 0.00125, total_cos_loss : 0.00136, 
epoch  45 summary: dyn_dyn_cos_loss: 0.00176, dyn_sta_cos_loss: 0.00125, total_cos_loss : 0.00136, 
epoch  46 summary: dyn_dyn_cos_loss: 0.00176, dyn_sta_cos_loss: 0.00125, total_cos_loss : 0.00136, 
epoch  47 summary: dyn_dyn_cos_loss: 0.00176, dyn_sta_cos_loss: 0.00125, total_cos_loss : 0.00136, 
epoch  48 summary: dyn_dyn_cos_loss: 0.00176, dyn_sta_cos_loss: 0.00125, total_cos_loss : 0.00136, 
epoch  49 summary: dyn_dyn_cos_loss: 0.00176, dyn_sta_cos_loss: 0.00125, total_cos_loss : 0.00136, 
epoch  50 summary: dyn_dyn_cos_loss: 0.00185, dyn_sta_cos_loss: 0.00125, total_cos_loss : 0.00137, 
valid loss: 1.7084, valid acc: 0.5283
epoch  51 summary: dyn_dyn_cos_loss: 0.00182, dyn_sta_cos_loss: 0.00126, total_cos_loss : 0.00137, 
epoch  52 summary: dyn_dyn_cos_loss: 0.00181, dyn_sta_cos_loss: 0.00125, total_cos_loss : 0.00136, 
epoch  53 summary: dyn_dyn_cos_loss: 0.00179, dyn_sta_cos_loss: 0.00125, total_cos_loss : 0.00136, 
epoch  54 summary: dyn_dyn_cos_loss: 0.00179, dyn_sta_cos_loss: 0.00125, total_cos_loss : 0.00136, 
epoch  55 summary: dyn_dyn_cos_loss: 0.00178, dyn_sta_cos_loss: 0.00125, total_cos_loss : 0.00136, 
epoch  56 summary: dyn_dyn_cos_loss: 0.00177, dyn_sta_cos_loss: 0.00125, total_cos_loss : 0.00136, 
epoch  57 summary: dyn_dyn_cos_loss: 0.00177, dyn_sta_cos_loss: 0.00125, total_cos_loss : 0.00136, 
epoch  58 summary: dyn_dyn_cos_loss: 0.00177, dyn_sta_cos_loss: 0.00125, total_cos_loss : 0.00136, 
epoch  59 summary: dyn_dyn_cos_loss: 0.00177, dyn_sta_cos_loss: 0.00125, total_cos_loss : 0.00135, 
epoch  60 summary: dyn_dyn_cos_loss: 0.00177, dyn_sta_cos_loss: 0.00125, total_cos_loss : 0.00135, 
valid loss: 1.7110, valid acc: 0.5271
epoch  61 summary: dyn_dyn_cos_loss: 0.00177, dyn_sta_cos_loss: 0.00125, total_cos_loss : 0.00135, 
epoch  62 summary: dyn_dyn_cos_loss: 0.00177, dyn_sta_cos_loss: 0.00125, total_cos_loss : 0.00135, 
epoch  63 summary: dyn_dyn_cos_loss: 0.00177, dyn_sta_cos_loss: 0.00125, total_cos_loss : 0.00135, 
epoch  64 summary: dyn_dyn_cos_loss: 0.00177, dyn_sta_cos_loss: 0.00125, total_cos_loss : 0.00135, 
epoch  65 summary: dyn_dyn_cos_loss: 0.00177, dyn_sta_cos_loss: 0.00125, total_cos_loss : 0.00135, 
epoch  66 summary: dyn_dyn_cos_loss: 0.00176, dyn_sta_cos_loss: 0.00125, total_cos_loss : 0.00135, 
epoch  67 summary: dyn_dyn_cos_loss: 0.00176, dyn_sta_cos_loss: 0.00125, total_cos_loss : 0.00135, 
epoch  68 summary: dyn_dyn_cos_loss: 0.00176, dyn_sta_cos_loss: 0.00125, total_cos_loss : 0.00135, 
epoch  69 summary: dyn_dyn_cos_loss: 0.00176, dyn_sta_cos_loss: 0.00125, total_cos_loss : 0.00135, 
epoch  70 summary: dyn_dyn_cos_loss: 0.00176, dyn_sta_cos_loss: 0.00125, total_cos_loss : 0.00135, 
valid loss: 1.7099, valid acc: 0.5280
epoch  71 summary: dyn_dyn_cos_loss: 0.00176, dyn_sta_cos_loss: 0.00125, total_cos_loss : 0.00135, 
epoch  72 summary: dyn_dyn_cos_loss: 0.00176, dyn_sta_cos_loss: 0.00125, total_cos_loss : 0.00135, 
epoch  73 summary: dyn_dyn_cos_loss: 0.00176, dyn_sta_cos_loss: 0.00125, total_cos_loss : 0.00135, 
epoch  74 summary: dyn_dyn_cos_loss: 0.00176, dyn_sta_cos_loss: 0.00125, total_cos_loss : 0.00135, 
epoch  75 summary: dyn_dyn_cos_loss: 0.00186, dyn_sta_cos_loss: 0.00125, total_cos_loss : 0.00137, 
epoch  76 summary: dyn_dyn_cos_loss: 0.00183, dyn_sta_cos_loss: 0.00125, total_cos_loss : 0.00137, 
epoch  77 summary: dyn_dyn_cos_loss: 0.00181, dyn_sta_cos_loss: 0.00125, total_cos_loss : 0.00136, 
epoch  78 summary: dyn_dyn_cos_loss: 0.00180, dyn_sta_cos_loss: 0.00125, total_cos_loss : 0.00136, 
epoch  79 summary: dyn_dyn_cos_loss: 0.00179, dyn_sta_cos_loss: 0.00125, total_cos_loss : 0.00136, 
epoch  80 summary: dyn_dyn_cos_loss: 0.00179, dyn_sta_cos_loss: 0.00125, total_cos_loss : 0.00136, 
valid loss: 1.7056, valid acc: 0.5295
epoch  81 summary: dyn_dyn_cos_loss: 0.00178, dyn_sta_cos_loss: 0.00125, total_cos_loss : 0.00136, 
epoch  82 summary: dyn_dyn_cos_loss: 0.00178, dyn_sta_cos_loss: 0.00125, total_cos_loss : 0.00135, 
epoch  83 summary: dyn_dyn_cos_loss: 0.00178, dyn_sta_cos_loss: 0.00125, total_cos_loss : 0.00135, 
epoch  84 summary: dyn_dyn_cos_loss: 0.00178, dyn_sta_cos_loss: 0.00125, total_cos_loss : 0.00135, 
epoch  85 summary: dyn_dyn_cos_loss: 0.00178, dyn_sta_cos_loss: 0.00125, total_cos_loss : 0.00135, 
epoch  86 summary: dyn_dyn_cos_loss: 0.00178, dyn_sta_cos_loss: 0.00125, total_cos_loss : 0.00135, 
epoch  87 summary: dyn_dyn_cos_loss: 0.00177, dyn_sta_cos_loss: 0.00125, total_cos_loss : 0.00135, 
epoch  88 summary: dyn_dyn_cos_loss: 0.00177, dyn_sta_cos_loss: 0.00125, total_cos_loss : 0.00135, 
epoch  89 summary: dyn_dyn_cos_loss: 0.00177, dyn_sta_cos_loss: 0.00125, total_cos_loss : 0.00135, 
epoch  90 summary: dyn_dyn_cos_loss: 0.00177, dyn_sta_cos_loss: 0.00125, total_cos_loss : 0.00135, 
valid loss: 1.7064, valid acc: 0.5295
epoch  91 summary: dyn_dyn_cos_loss: 0.00177, dyn_sta_cos_loss: 0.00125, total_cos_loss : 0.00135, 
epoch  92 summary: dyn_dyn_cos_loss: 0.00177, dyn_sta_cos_loss: 0.00125, total_cos_loss : 0.00135, 
epoch  93 summary: dyn_dyn_cos_loss: 0.00177, dyn_sta_cos_loss: 0.00125, total_cos_loss : 0.00135, 
epoch  94 summary: dyn_dyn_cos_loss: 0.00177, dyn_sta_cos_loss: 0.00125, total_cos_loss : 0.00135, 
epoch  95 summary: dyn_dyn_cos_loss: 0.00177, dyn_sta_cos_loss: 0.00125, total_cos_loss : 0.00135, 
epoch  96 summary: dyn_dyn_cos_loss: 0.00177, dyn_sta_cos_loss: 0.00125, total_cos_loss : 0.00135, 
epoch  97 summary: dyn_dyn_cos_loss: 0.00177, dyn_sta_cos_loss: 0.00125, total_cos_loss : 0.00135, 
epoch  98 summary: dyn_dyn_cos_loss: 0.00177, dyn_sta_cos_loss: 0.00125, total_cos_loss : 0.00135, 
epoch  99 summary: dyn_dyn_cos_loss: 0.00177, dyn_sta_cos_loss: 0.00125, total_cos_loss : 0.00135, 
epoch 100 summary: dyn_dyn_cos_loss: 0.00185, dyn_sta_cos_loss: 0.00125, total_cos_loss : 0.00137, 
valid loss: 1.7074, valid acc: 0.5277
epoch 101 summary: dyn_dyn_cos_loss: 0.00182, dyn_sta_cos_loss: 0.00125, total_cos_loss : 0.00136, 
epoch 102 summary: dyn_dyn_cos_loss: 0.00180, dyn_sta_cos_loss: 0.00125, total_cos_loss : 0.00136, 
epoch 103 summary: dyn_dyn_cos_loss: 0.00179, dyn_sta_cos_loss: 0.00125, total_cos_loss : 0.00136, 
epoch 104 summary: dyn_dyn_cos_loss: 0.00179, dyn_sta_cos_loss: 0.00125, total_cos_loss : 0.00136, 
epoch 105 summary: dyn_dyn_cos_loss: 0.00178, dyn_sta_cos_loss: 0.00125, total_cos_loss : 0.00135, 
epoch 106 summary: dyn_dyn_cos_loss: 0.00178, dyn_sta_cos_loss: 0.00125, total_cos_loss : 0.00135, 
epoch 107 summary: dyn_dyn_cos_loss: 0.00178, dyn_sta_cos_loss: 0.00125, total_cos_loss : 0.00135, 
epoch 108 summary: dyn_dyn_cos_loss: 0.00178, dyn_sta_cos_loss: 0.00125, total_cos_loss : 0.00135, 
epoch 109 summary: dyn_dyn_cos_loss: 0.00177, dyn_sta_cos_loss: 0.00125, total_cos_loss : 0.00135, 
epoch 110 summary: dyn_dyn_cos_loss: 0.00177, dyn_sta_cos_loss: 0.00125, total_cos_loss : 0.00135, 
valid loss: 1.7032, valid acc: 0.5270
epoch 111 summary: dyn_dyn_cos_loss: 0.00177, dyn_sta_cos_loss: 0.00125, total_cos_loss : 0.00135, 
epoch 112 summary: dyn_dyn_cos_loss: 0.00177, dyn_sta_cos_loss: 0.00125, total_cos_loss : 0.00135, 
epoch 113 summary: dyn_dyn_cos_loss: 0.00177, dyn_sta_cos_loss: 0.00125, total_cos_loss : 0.00135, 
epoch 114 summary: dyn_dyn_cos_loss: 0.00177, dyn_sta_cos_loss: 0.00125, total_cos_loss : 0.00135, 
epoch 115 summary: dyn_dyn_cos_loss: 0.00177, dyn_sta_cos_loss: 0.00125, total_cos_loss : 0.00135, 
epoch 116 summary: dyn_dyn_cos_loss: 0.00177, dyn_sta_cos_loss: 0.00125, total_cos_loss : 0.00135, 
epoch 117 summary: dyn_dyn_cos_loss: 0.00177, dyn_sta_cos_loss: 0.00125, total_cos_loss : 0.00135, 
epoch 118 summary: dyn_dyn_cos_loss: 0.00177, dyn_sta_cos_loss: 0.00125, total_cos_loss : 0.00135, 
epoch 119 summary: dyn_dyn_cos_loss: 0.00177, dyn_sta_cos_loss: 0.00124, total_cos_loss : 0.00135, 
epoch 120 summary: dyn_dyn_cos_loss: 0.00177, dyn_sta_cos_loss: 0.00124, total_cos_loss : 0.00135, 
valid loss: 1.7040, valid acc: 0.5282
epoch 121 summary: dyn_dyn_cos_loss: 0.00177, dyn_sta_cos_loss: 0.00124, total_cos_loss : 0.00135, 
epoch 122 summary: dyn_dyn_cos_loss: 0.00177, dyn_sta_cos_loss: 0.00124, total_cos_loss : 0.00135, 
epoch 123 summary: dyn_dyn_cos_loss: 0.00177, dyn_sta_cos_loss: 0.00124, total_cos_loss : 0.00135, 
epoch 124 summary: dyn_dyn_cos_loss: 0.00177, dyn_sta_cos_loss: 0.00124, total_cos_loss : 0.00135, 
epoch 125 summary: dyn_dyn_cos_loss: 0.00185, dyn_sta_cos_loss: 0.00124, total_cos_loss : 0.00137, 
epoch 126 summary: dyn_dyn_cos_loss: 0.00182, dyn_sta_cos_loss: 0.00125, total_cos_loss : 0.00136, 
epoch 127 summary: dyn_dyn_cos_loss: 0.00181, dyn_sta_cos_loss: 0.00125, total_cos_loss : 0.00136, 
epoch 128 summary: dyn_dyn_cos_loss: 0.00180, dyn_sta_cos_loss: 0.00125, total_cos_loss : 0.00136, 
epoch 129 summary: dyn_dyn_cos_loss: 0.00179, dyn_sta_cos_loss: 0.00124, total_cos_loss : 0.00135, 
epoch 130 summary: dyn_dyn_cos_loss: 0.00179, dyn_sta_cos_loss: 0.00124, total_cos_loss : 0.00135, 
valid loss: 1.6991, valid acc: 0.5294
epoch 131 summary: dyn_dyn_cos_loss: 0.00178, dyn_sta_cos_loss: 0.00124, total_cos_loss : 0.00135, 
epoch 132 summary: dyn_dyn_cos_loss: 0.00178, dyn_sta_cos_loss: 0.00124, total_cos_loss : 0.00135, 
epoch 133 summary: dyn_dyn_cos_loss: 0.00178, dyn_sta_cos_loss: 0.00124, total_cos_loss : 0.00135, 
epoch 134 summary: dyn_dyn_cos_loss: 0.00178, dyn_sta_cos_loss: 0.00124, total_cos_loss : 0.00135, 
epoch 135 summary: dyn_dyn_cos_loss: 0.00178, dyn_sta_cos_loss: 0.00124, total_cos_loss : 0.00135, 
epoch 136 summary: dyn_dyn_cos_loss: 0.00178, dyn_sta_cos_loss: 0.00124, total_cos_loss : 0.00135, 
epoch 137 summary: dyn_dyn_cos_loss: 0.00177, dyn_sta_cos_loss: 0.00124, total_cos_loss : 0.00135, 
epoch 138 summary: dyn_dyn_cos_loss: 0.00177, dyn_sta_cos_loss: 0.00124, total_cos_loss : 0.00135, 
epoch 139 summary: dyn_dyn_cos_loss: 0.00177, dyn_sta_cos_loss: 0.00124, total_cos_loss : 0.00135, 
epoch 140 summary: dyn_dyn_cos_loss: 0.00177, dyn_sta_cos_loss: 0.00124, total_cos_loss : 0.00135, 
valid loss: 1.6980, valid acc: 0.5283
epoch 141 summary: dyn_dyn_cos_loss: 0.00177, dyn_sta_cos_loss: 0.00124, total_cos_loss : 0.00135, 
epoch 142 summary: dyn_dyn_cos_loss: 0.00177, dyn_sta_cos_loss: 0.00124, total_cos_loss : 0.00135, 
epoch 143 summary: dyn_dyn_cos_loss: 0.00177, dyn_sta_cos_loss: 0.00124, total_cos_loss : 0.00135, 
epoch 144 summary: dyn_dyn_cos_loss: 0.00177, dyn_sta_cos_loss: 0.00124, total_cos_loss : 0.00135, 
epoch 145 summary: dyn_dyn_cos_loss: 0.00177, dyn_sta_cos_loss: 0.00124, total_cos_loss : 0.00135, 
epoch 146 summary: dyn_dyn_cos_loss: 0.00177, dyn_sta_cos_loss: 0.00124, total_cos_loss : 0.00135, 
epoch 147 summary: dyn_dyn_cos_loss: 0.00177, dyn_sta_cos_loss: 0.00124, total_cos_loss : 0.00135, 
epoch 148 summary: dyn_dyn_cos_loss: 0.00177, dyn_sta_cos_loss: 0.00124, total_cos_loss : 0.00135, 
epoch 149 summary: dyn_dyn_cos_loss: 0.00177, dyn_sta_cos_loss: 0.00124, total_cos_loss : 0.00135, 
epoch 150 summary: dyn_dyn_cos_loss: 0.00185, dyn_sta_cos_loss: 0.00124, total_cos_loss : 0.00136, 
valid loss: 1.6980, valid acc: 0.5282
epoch 151 summary: dyn_dyn_cos_loss: 0.00182, dyn_sta_cos_loss: 0.00124, total_cos_loss : 0.00136, 
epoch 152 summary: dyn_dyn_cos_loss: 0.00181, dyn_sta_cos_loss: 0.00124, total_cos_loss : 0.00136, 
epoch 153 summary: dyn_dyn_cos_loss: 0.00180, dyn_sta_cos_loss: 0.00124, total_cos_loss : 0.00135, 
epoch 154 summary: dyn_dyn_cos_loss: 0.00179, dyn_sta_cos_loss: 0.00124, total_cos_loss : 0.00135, 
epoch 155 summary: dyn_dyn_cos_loss: 0.00178, dyn_sta_cos_loss: 0.00124, total_cos_loss : 0.00135, 
epoch 156 summary: dyn_dyn_cos_loss: 0.00178, dyn_sta_cos_loss: 0.00124, total_cos_loss : 0.00135, 
epoch 157 summary: dyn_dyn_cos_loss: 0.00178, dyn_sta_cos_loss: 0.00124, total_cos_loss : 0.00135, 
epoch 158 summary: dyn_dyn_cos_loss: 0.00178, dyn_sta_cos_loss: 0.00124, total_cos_loss : 0.00135, 
epoch 159 summary: dyn_dyn_cos_loss: 0.00177, dyn_sta_cos_loss: 0.00124, total_cos_loss : 0.00135, 
epoch 160 summary: dyn_dyn_cos_loss: 0.00177, dyn_sta_cos_loss: 0.00124, total_cos_loss : 0.00135, 
valid loss: 1.6979, valid acc: 0.5288
epoch 161 summary: dyn_dyn_cos_loss: 0.00177, dyn_sta_cos_loss: 0.00124, total_cos_loss : 0.00135, 
epoch 162 summary: dyn_dyn_cos_loss: 0.00177, dyn_sta_cos_loss: 0.00124, total_cos_loss : 0.00135, 
epoch 163 summary: dyn_dyn_cos_loss: 0.00177, dyn_sta_cos_loss: 0.00124, total_cos_loss : 0.00135, 
epoch 164 summary: dyn_dyn_cos_loss: 0.00177, dyn_sta_cos_loss: 0.00124, total_cos_loss : 0.00135, 
epoch 165 summary: dyn_dyn_cos_loss: 0.00177, dyn_sta_cos_loss: 0.00124, total_cos_loss : 0.00135, 
epoch 166 summary: dyn_dyn_cos_loss: 0.00177, dyn_sta_cos_loss: 0.00124, total_cos_loss : 0.00135, 
epoch 167 summary: dyn_dyn_cos_loss: 0.00177, dyn_sta_cos_loss: 0.00124, total_cos_loss : 0.00135, 
epoch 168 summary: dyn_dyn_cos_loss: 0.00177, dyn_sta_cos_loss: 0.00124, total_cos_loss : 0.00135, 
epoch 169 summary: dyn_dyn_cos_loss: 0.00177, dyn_sta_cos_loss: 0.00124, total_cos_loss : 0.00135, 
epoch 170 summary: dyn_dyn_cos_loss: 0.00177, dyn_sta_cos_loss: 0.00124, total_cos_loss : 0.00135, 
valid loss: 1.6956, valid acc: 0.5281
epoch 171 summary: dyn_dyn_cos_loss: 0.00177, dyn_sta_cos_loss: 0.00124, total_cos_loss : 0.00135, 
epoch 172 summary: dyn_dyn_cos_loss: 0.00177, dyn_sta_cos_loss: 0.00124, total_cos_loss : 0.00135, 
epoch 173 summary: dyn_dyn_cos_loss: 0.00177, dyn_sta_cos_loss: 0.00124, total_cos_loss : 0.00135, 
epoch 174 summary: dyn_dyn_cos_loss: 0.00177, dyn_sta_cos_loss: 0.00124, total_cos_loss : 0.00135, 
epoch 175 summary: dyn_dyn_cos_loss: 0.00185, dyn_sta_cos_loss: 0.00124, total_cos_loss : 0.00136, 
epoch 176 summary: dyn_dyn_cos_loss: 0.00182, dyn_sta_cos_loss: 0.00124, total_cos_loss : 0.00136, 
epoch 177 summary: dyn_dyn_cos_loss: 0.00180, dyn_sta_cos_loss: 0.00124, total_cos_loss : 0.00136, 
epoch 178 summary: dyn_dyn_cos_loss: 0.00179, dyn_sta_cos_loss: 0.00124, total_cos_loss : 0.00135, 
epoch 179 summary: dyn_dyn_cos_loss: 0.00179, dyn_sta_cos_loss: 0.00124, total_cos_loss : 0.00135, 
epoch 180 summary: dyn_dyn_cos_loss: 0.00178, dyn_sta_cos_loss: 0.00124, total_cos_loss : 0.00135, 
valid loss: 1.6971, valid acc: 0.5260
epoch 181 summary: dyn_dyn_cos_loss: 0.00178, dyn_sta_cos_loss: 0.00124, total_cos_loss : 0.00135, 
epoch 182 summary: dyn_dyn_cos_loss: 0.00178, dyn_sta_cos_loss: 0.00124, total_cos_loss : 0.00135, 
epoch 183 summary: dyn_dyn_cos_loss: 0.00177, dyn_sta_cos_loss: 0.00124, total_cos_loss : 0.00135, 
epoch 184 summary: dyn_dyn_cos_loss: 0.00177, dyn_sta_cos_loss: 0.00124, total_cos_loss : 0.00135, 
epoch 185 summary: dyn_dyn_cos_loss: 0.00177, dyn_sta_cos_loss: 0.00124, total_cos_loss : 0.00135, 
epoch 186 summary: dyn_dyn_cos_loss: 0.00177, dyn_sta_cos_loss: 0.00124, total_cos_loss : 0.00135, 
epoch 187 summary: dyn_dyn_cos_loss: 0.00177, dyn_sta_cos_loss: 0.00124, total_cos_loss : 0.00135, 
epoch 188 summary: dyn_dyn_cos_loss: 0.00177, dyn_sta_cos_loss: 0.00124, total_cos_loss : 0.00135, 
epoch 189 summary: dyn_dyn_cos_loss: 0.00177, dyn_sta_cos_loss: 0.00124, total_cos_loss : 0.00135, 
epoch 190 summary: dyn_dyn_cos_loss: 0.00177, dyn_sta_cos_loss: 0.00124, total_cos_loss : 0.00135, 
valid loss: 1.6961, valid acc: 0.5275
epoch 191 summary: dyn_dyn_cos_loss: 0.00177, dyn_sta_cos_loss: 0.00124, total_cos_loss : 0.00135, 
epoch 192 summary: dyn_dyn_cos_loss: 0.00177, dyn_sta_cos_loss: 0.00124, total_cos_loss : 0.00135, 
epoch 193 summary: dyn_dyn_cos_loss: 0.00177, dyn_sta_cos_loss: 0.00124, total_cos_loss : 0.00135, 
epoch 194 summary: dyn_dyn_cos_loss: 0.00177, dyn_sta_cos_loss: 0.00124, total_cos_loss : 0.00135, 
epoch 195 summary: dyn_dyn_cos_loss: 0.00177, dyn_sta_cos_loss: 0.00124, total_cos_loss : 0.00135, 
epoch 196 summary: dyn_dyn_cos_loss: 0.00177, dyn_sta_cos_loss: 0.00124, total_cos_loss : 0.00135, 
epoch 197 summary: dyn_dyn_cos_loss: 0.00177, dyn_sta_cos_loss: 0.00124, total_cos_loss : 0.00135, 
epoch 198 summary: dyn_dyn_cos_loss: 0.00177, dyn_sta_cos_loss: 0.00124, total_cos_loss : 0.00135, 
epoch 199 summary: dyn_dyn_cos_loss: 0.00177, dyn_sta_cos_loss: 0.00124, total_cos_loss : 0.00135, 
Traceback (most recent call last):
  File "/data/gc/anaconda3/envs/lm/lib/python3.10/runpy.py", line 196, in _run_module_as_main
    return _run_code(code, main_globals, None,
  File "/data/gc/anaconda3/envs/lm/lib/python3.10/runpy.py", line 86, in _run_code
    exec(code, run_globals)
  File "/data3/gc/SeLM_v2/src/gpt.py", line 485, in <module>
    train_cte(train_cache_ckpt, valid_cache_ckpt, gpt_ckpt, N_train, N_valid)
  File "/data/gc/anaconda3/envs/lm/lib/python3.10/site-packages/torch/utils/_contextlib.py", line 116, in decorate_context
    return func(*args, **kwargs)
  File "/data3/gc/SeLM_v2/src/gpt.py", line 457, in train_cte
    cte.test_time_train_all(
  File "/data3/gc/SeLM_v2/src/gettime.py", line 118, in wrapper
    return fn(*args, **kwargs)
  File "/data3/gc/SeLM_v2/src/cte.py", line 865, in test_time_train_all
    valid_save_path
NameError: name 'valid_save_path' is not defined. Did you mean: 'train_save_path'?
all_preparation                 11.460ms
all_preparation_2                9.756ms
all_preparation_3                1.686ms
epoch                         4084.223ms
epoch_pos_train                  5.044ms
epoch_preparation                0.432ms
epoch_train                   4056.840ms
epoch_valid                     19.865ms
----------------------------------------
all                              0.000ms
all_preparation                 11.460ms
  all_preparation_2     85.13%
  all_preparation_3     14.71%
epoch                       816844.533ms
  epoch_train           99.33%
  epoch_valid            0.49%
  epoch_pos_train        0.12%
  epoch_preparation      0.01%
