Before CTE Training: train eu loss: 1.063186526298523, eval eu loss: 1.4517745971679688
Before CTE Training: train eu acc: 0.6669921875, eval eu acc: 0.5794677734375
epoch   0 summary: dyn_dyn_cos_loss: 0.02342, dyn_sta_cos_loss: 0.00701, total_cos_loss : 0.01029, vocab_cro_loss : 4.57670, 
train loss: 3.4235, train acc: 0.2573
epoch   1 summary: dyn_dyn_cos_loss: 0.00000, dyn_sta_cos_loss: 0.00000, total_cos_loss : 0.00000, vocab_cro_loss : 3.42228, 
epoch   2 summary: dyn_dyn_cos_loss: 0.00000, dyn_sta_cos_loss: 0.00000, total_cos_loss : 0.00000, vocab_cro_loss : 2.99823, 
epoch   3 summary: dyn_dyn_cos_loss: 0.00000, dyn_sta_cos_loss: 0.00000, total_cos_loss : 0.00000, vocab_cro_loss : 2.74801, 
epoch   4 summary: dyn_dyn_cos_loss: 0.02035, dyn_sta_cos_loss: 0.00518, total_cos_loss : 0.00821, vocab_cro_loss : 2.54053, 
epoch   5 summary: dyn_dyn_cos_loss: 0.00000, dyn_sta_cos_loss: 0.00000, total_cos_loss : 0.00000, vocab_cro_loss : 2.03207, 
epoch   6 summary: dyn_dyn_cos_loss: 0.00000, dyn_sta_cos_loss: 0.00000, total_cos_loss : 0.00000, vocab_cro_loss : 1.99396, 
epoch   7 summary: dyn_dyn_cos_loss: 0.00000, dyn_sta_cos_loss: 0.00000, total_cos_loss : 0.00000, vocab_cro_loss : 1.94204, 
epoch   8 summary: dyn_dyn_cos_loss: 0.01506, dyn_sta_cos_loss: 0.00370, total_cos_loss : 0.00597, vocab_cro_loss : 1.91947, 
epoch   9 summary: dyn_dyn_cos_loss: 0.00000, dyn_sta_cos_loss: 0.00000, total_cos_loss : 0.00000, vocab_cro_loss : 1.74269, 
epoch  10 summary: dyn_dyn_cos_loss: 0.00000, dyn_sta_cos_loss: 0.00000, total_cos_loss : 0.00000, vocab_cro_loss : 1.71795, 
train loss: 1.7101, train acc: 0.5664
epoch  11 summary: dyn_dyn_cos_loss: 0.00000, dyn_sta_cos_loss: 0.00000, total_cos_loss : 0.00000, vocab_cro_loss : 1.70948, 
epoch  12 summary: dyn_dyn_cos_loss: 0.01028, dyn_sta_cos_loss: 0.00299, total_cos_loss : 0.00445, vocab_cro_loss : 1.70653, 
epoch  13 summary: dyn_dyn_cos_loss: 0.00000, dyn_sta_cos_loss: 0.00000, total_cos_loss : 0.00000, vocab_cro_loss : 1.64607, 
epoch  14 summary: dyn_dyn_cos_loss: 0.00000, dyn_sta_cos_loss: 0.00000, total_cos_loss : 0.00000, vocab_cro_loss : 1.74139, 
epoch  15 summary: dyn_dyn_cos_loss: 0.00000, dyn_sta_cos_loss: 0.00000, total_cos_loss : 0.00000, vocab_cro_loss : 1.66544, 
epoch  16 summary: dyn_dyn_cos_loss: 0.00702, dyn_sta_cos_loss: 0.00262, total_cos_loss : 0.00350, vocab_cro_loss : 1.69020, 
epoch  17 summary: dyn_dyn_cos_loss: 0.00000, dyn_sta_cos_loss: 0.00000, total_cos_loss : 0.00000, vocab_cro_loss : 1.62299, 
epoch  18 summary: dyn_dyn_cos_loss: 0.00000, dyn_sta_cos_loss: 0.00000, total_cos_loss : 0.00000, vocab_cro_loss : 1.61095, 
epoch  19 summary: dyn_dyn_cos_loss: 0.00000, dyn_sta_cos_loss: 0.00000, total_cos_loss : 0.00000, vocab_cro_loss : 1.71996, 
epoch  20 summary: dyn_dyn_cos_loss: 0.00499, dyn_sta_cos_loss: 0.00224, total_cos_loss : 0.00279, vocab_cro_loss : 1.56566, 
train loss: 1.7802, train acc: 0.5718
epoch  21 summary: dyn_dyn_cos_loss: 0.00000, dyn_sta_cos_loss: 0.00000, total_cos_loss : 0.00000, vocab_cro_loss : 1.77752, 
epoch  22 summary: dyn_dyn_cos_loss: 0.00000, dyn_sta_cos_loss: 0.00000, total_cos_loss : 0.00000, vocab_cro_loss : 1.84685, 
epoch  23 summary: dyn_dyn_cos_loss: 0.00000, dyn_sta_cos_loss: 0.00000, total_cos_loss : 0.00000, vocab_cro_loss : 1.91729, 
epoch  24 summary: dyn_dyn_cos_loss: 0.00361, dyn_sta_cos_loss: 0.00249, total_cos_loss : 0.00271, vocab_cro_loss : 2.09089, 
epoch  25 summary: dyn_dyn_cos_loss: 0.00000, dyn_sta_cos_loss: 0.00000, total_cos_loss : 0.00000, vocab_cro_loss : 1.82060, 
epoch  26 summary: dyn_dyn_cos_loss: 0.00000, dyn_sta_cos_loss: 0.00000, total_cos_loss : 0.00000, vocab_cro_loss : 1.79167, 
epoch  27 summary: dyn_dyn_cos_loss: 0.00000, dyn_sta_cos_loss: 0.00000, total_cos_loss : 0.00000, vocab_cro_loss : 1.78297, 
epoch  28 summary: dyn_dyn_cos_loss: 0.00314, dyn_sta_cos_loss: 0.00243, total_cos_loss : 0.00257, vocab_cro_loss : 1.76746, 
epoch  29 summary: dyn_dyn_cos_loss: 0.00000, dyn_sta_cos_loss: 0.00000, total_cos_loss : 0.00000, vocab_cro_loss : 1.84967, 
epoch  30 summary: dyn_dyn_cos_loss: 0.00000, dyn_sta_cos_loss: 0.00000, total_cos_loss : 0.00000, vocab_cro_loss : 1.85004, 
train loss: 1.7349, train acc: 0.5493
epoch  31 summary: dyn_dyn_cos_loss: 0.00000, dyn_sta_cos_loss: 0.00000, total_cos_loss : 0.00000, vocab_cro_loss : 1.73386, 
epoch  32 summary: dyn_dyn_cos_loss: 0.00300, dyn_sta_cos_loss: 0.00221, total_cos_loss : 0.00237, vocab_cro_loss : 1.61341, 
epoch  33 summary: dyn_dyn_cos_loss: 0.00000, dyn_sta_cos_loss: 0.00000, total_cos_loss : 0.00000, vocab_cro_loss : 1.60563, 
epoch  34 summary: dyn_dyn_cos_loss: 0.00000, dyn_sta_cos_loss: 0.00000, total_cos_loss : 0.00000, vocab_cro_loss : 1.56706, 
epoch  35 summary: dyn_dyn_cos_loss: 0.00000, dyn_sta_cos_loss: 0.00000, total_cos_loss : 0.00000, vocab_cro_loss : 1.57860, 
epoch  36 summary: dyn_dyn_cos_loss: 0.00279, dyn_sta_cos_loss: 0.00232, total_cos_loss : 0.00241, vocab_cro_loss : 1.51096, 
epoch  37 summary: dyn_dyn_cos_loss: 0.00000, dyn_sta_cos_loss: 0.00000, total_cos_loss : 0.00000, vocab_cro_loss : 1.49105, 
epoch  38 summary: dyn_dyn_cos_loss: 0.00000, dyn_sta_cos_loss: 0.00000, total_cos_loss : 0.00000, vocab_cro_loss : 1.49725, 
epoch  39 summary: dyn_dyn_cos_loss: 0.00000, dyn_sta_cos_loss: 0.00000, total_cos_loss : 0.00000, vocab_cro_loss : 1.48578, 
epoch  40 summary: dyn_dyn_cos_loss: 0.00268, dyn_sta_cos_loss: 0.00202, total_cos_loss : 0.00215, vocab_cro_loss : 1.48006, 
train loss: 1.5265, train acc: 0.5835
epoch  41 summary: dyn_dyn_cos_loss: 0.00000, dyn_sta_cos_loss: 0.00000, total_cos_loss : 0.00000, vocab_cro_loss : 1.52593, 
epoch  42 summary: dyn_dyn_cos_loss: 0.00000, dyn_sta_cos_loss: 0.00000, total_cos_loss : 0.00000, vocab_cro_loss : 1.69539, 
epoch  43 summary: dyn_dyn_cos_loss: 0.00000, dyn_sta_cos_loss: 0.00000, total_cos_loss : 0.00000, vocab_cro_loss : 1.73166, 
epoch  44 summary: dyn_dyn_cos_loss: 0.00246, dyn_sta_cos_loss: 0.00208, total_cos_loss : 0.00215, vocab_cro_loss : 1.56728, 
epoch  45 summary: dyn_dyn_cos_loss: 0.00000, dyn_sta_cos_loss: 0.00000, total_cos_loss : 0.00000, vocab_cro_loss : 1.50830, 
epoch  46 summary: dyn_dyn_cos_loss: 0.00000, dyn_sta_cos_loss: 0.00000, total_cos_loss : 0.00000, vocab_cro_loss : 1.49109, 
epoch  47 summary: dyn_dyn_cos_loss: 0.00000, dyn_sta_cos_loss: 0.00000, total_cos_loss : 0.00000, vocab_cro_loss : 1.49788, 
epoch  48 summary: dyn_dyn_cos_loss: 0.00220, dyn_sta_cos_loss: 0.00191, total_cos_loss : 0.00197, vocab_cro_loss : 1.56293, 
epoch  49 summary: dyn_dyn_cos_loss: 0.00000, dyn_sta_cos_loss: 0.00000, total_cos_loss : 0.00000, vocab_cro_loss : 1.58191, 
epoch  50 summary: dyn_dyn_cos_loss: 0.00000, dyn_sta_cos_loss: 0.00000, total_cos_loss : 0.00000, vocab_cro_loss : 1.57931, 
train loss: 1.4654, train acc: 0.5791
epoch  51 summary: dyn_dyn_cos_loss: 0.00000, dyn_sta_cos_loss: 0.00000, total_cos_loss : 0.00000, vocab_cro_loss : 1.46497, 
epoch  52 summary: dyn_dyn_cos_loss: 0.00214, dyn_sta_cos_loss: 0.00191, total_cos_loss : 0.00196, vocab_cro_loss : 1.63107, 
epoch  53 summary: dyn_dyn_cos_loss: 0.00000, dyn_sta_cos_loss: 0.00000, total_cos_loss : 0.00000, vocab_cro_loss : 1.57710, 
epoch  54 summary: dyn_dyn_cos_loss: 0.00000, dyn_sta_cos_loss: 0.00000, total_cos_loss : 0.00000, vocab_cro_loss : 1.55185, 
epoch  55 summary: dyn_dyn_cos_loss: 0.00000, dyn_sta_cos_loss: 0.00000, total_cos_loss : 0.00000, vocab_cro_loss : 1.46436, 
epoch  56 summary: dyn_dyn_cos_loss: 0.00219, dyn_sta_cos_loss: 0.00184, total_cos_loss : 0.00191, vocab_cro_loss : 1.61274, 
epoch  57 summary: dyn_dyn_cos_loss: 0.00000, dyn_sta_cos_loss: 0.00000, total_cos_loss : 0.00000, vocab_cro_loss : 1.56523, 
epoch  58 summary: dyn_dyn_cos_loss: 0.00000, dyn_sta_cos_loss: 0.00000, total_cos_loss : 0.00000, vocab_cro_loss : 1.51521, 
epoch  59 summary: dyn_dyn_cos_loss: 0.00000, dyn_sta_cos_loss: 0.00000, total_cos_loss : 0.00000, vocab_cro_loss : 1.53155, 
epoch  60 summary: dyn_dyn_cos_loss: 0.00216, dyn_sta_cos_loss: 0.00191, total_cos_loss : 0.00196, vocab_cro_loss : 1.51575, 
train loss: 1.5478, train acc: 0.5771
epoch  61 summary: dyn_dyn_cos_loss: 0.00000, dyn_sta_cos_loss: 0.00000, total_cos_loss : 0.00000, vocab_cro_loss : 1.54690, 
epoch  62 summary: dyn_dyn_cos_loss: 0.00000, dyn_sta_cos_loss: 0.00000, total_cos_loss : 0.00000, vocab_cro_loss : 1.47800, 
epoch  63 summary: dyn_dyn_cos_loss: 0.00000, dyn_sta_cos_loss: 0.00000, total_cos_loss : 0.00000, vocab_cro_loss : 1.47246, 
epoch  64 summary: dyn_dyn_cos_loss: 0.00218, dyn_sta_cos_loss: 0.00193, total_cos_loss : 0.00198, vocab_cro_loss : 1.51214, 
epoch  65 summary: dyn_dyn_cos_loss: 0.00000, dyn_sta_cos_loss: 0.00000, total_cos_loss : 0.00000, vocab_cro_loss : 1.45084, 
epoch  66 summary: dyn_dyn_cos_loss: 0.00000, dyn_sta_cos_loss: 0.00000, total_cos_loss : 0.00000, vocab_cro_loss : 1.44536, 
epoch  67 summary: dyn_dyn_cos_loss: 0.00000, dyn_sta_cos_loss: 0.00000, total_cos_loss : 0.00000, vocab_cro_loss : 1.42086, 
epoch  68 summary: dyn_dyn_cos_loss: 0.00212, dyn_sta_cos_loss: 0.00185, total_cos_loss : 0.00190, vocab_cro_loss : 1.39883, 
epoch  69 summary: dyn_dyn_cos_loss: 0.00000, dyn_sta_cos_loss: 0.00000, total_cos_loss : 0.00000, vocab_cro_loss : 1.50825, 
epoch  70 summary: dyn_dyn_cos_loss: 0.00000, dyn_sta_cos_loss: 0.00000, total_cos_loss : 0.00000, vocab_cro_loss : 1.43339, 
train loss: 1.4057, train acc: 0.6118
epoch  71 summary: dyn_dyn_cos_loss: 0.00000, dyn_sta_cos_loss: 0.00000, total_cos_loss : 0.00000, vocab_cro_loss : 1.40525, 
epoch  72 summary: dyn_dyn_cos_loss: 0.00207, dyn_sta_cos_loss: 0.00180, total_cos_loss : 0.00186, vocab_cro_loss : 1.43872, 
epoch  73 summary: dyn_dyn_cos_loss: 0.00000, dyn_sta_cos_loss: 0.00000, total_cos_loss : 0.00000, vocab_cro_loss : 1.57753, 
epoch  74 summary: dyn_dyn_cos_loss: 0.00000, dyn_sta_cos_loss: 0.00000, total_cos_loss : 0.00000, vocab_cro_loss : 1.46207, 
epoch  75 summary: dyn_dyn_cos_loss: 0.00000, dyn_sta_cos_loss: 0.00000, total_cos_loss : 0.00000, vocab_cro_loss : 1.51955, 
epoch  76 summary: dyn_dyn_cos_loss: 0.00209, dyn_sta_cos_loss: 0.00190, total_cos_loss : 0.00193, vocab_cro_loss : 1.55502, 
epoch  77 summary: dyn_dyn_cos_loss: 0.00000, dyn_sta_cos_loss: 0.00000, total_cos_loss : 0.00000, vocab_cro_loss : 1.65320, 
epoch  78 summary: dyn_dyn_cos_loss: 0.00000, dyn_sta_cos_loss: 0.00000, total_cos_loss : 0.00000, vocab_cro_loss : 1.52113, 
epoch  79 summary: dyn_dyn_cos_loss: 0.00000, dyn_sta_cos_loss: 0.00000, total_cos_loss : 0.00000, vocab_cro_loss : 1.51657, 
epoch  80 summary: dyn_dyn_cos_loss: 0.00260, dyn_sta_cos_loss: 0.00194, total_cos_loss : 0.00207, vocab_cro_loss : 1.48815, 
train loss: 1.5035, train acc: 0.5947
epoch  81 summary: dyn_dyn_cos_loss: 0.00000, dyn_sta_cos_loss: 0.00000, total_cos_loss : 0.00000, vocab_cro_loss : 1.50299, 
epoch  82 summary: dyn_dyn_cos_loss: 0.00000, dyn_sta_cos_loss: 0.00000, total_cos_loss : 0.00000, vocab_cro_loss : 1.52242, 
epoch  83 summary: dyn_dyn_cos_loss: 0.00000, dyn_sta_cos_loss: 0.00000, total_cos_loss : 0.00000, vocab_cro_loss : 1.48306, 
epoch  84 summary: dyn_dyn_cos_loss: 0.00265, dyn_sta_cos_loss: 0.00168, total_cos_loss : 0.00188, vocab_cro_loss : 1.50228, 
epoch  85 summary: dyn_dyn_cos_loss: 0.00000, dyn_sta_cos_loss: 0.00000, total_cos_loss : 0.00000, vocab_cro_loss : 1.53836, 
epoch  86 summary: dyn_dyn_cos_loss: 0.00000, dyn_sta_cos_loss: 0.00000, total_cos_loss : 0.00000, vocab_cro_loss : 1.78259, 
epoch  87 summary: dyn_dyn_cos_loss: 0.00000, dyn_sta_cos_loss: 0.00000, total_cos_loss : 0.00000, vocab_cro_loss : 1.57613, 
epoch  88 summary: dyn_dyn_cos_loss: 0.00237, dyn_sta_cos_loss: 0.00186, total_cos_loss : 0.00197, vocab_cro_loss : 1.56587, 
epoch  89 summary: dyn_dyn_cos_loss: 0.00000, dyn_sta_cos_loss: 0.00000, total_cos_loss : 0.00000, vocab_cro_loss : 1.53014, 
epoch  90 summary: dyn_dyn_cos_loss: 0.00000, dyn_sta_cos_loss: 0.00000, total_cos_loss : 0.00000, vocab_cro_loss : 1.46714, 
train loss: 1.4863, train acc: 0.5923
epoch  91 summary: dyn_dyn_cos_loss: 0.00000, dyn_sta_cos_loss: 0.00000, total_cos_loss : 0.00000, vocab_cro_loss : 1.48565, 
epoch  92 summary: dyn_dyn_cos_loss: 0.00235, dyn_sta_cos_loss: 0.00178, total_cos_loss : 0.00190, vocab_cro_loss : 1.49407, 
epoch  93 summary: dyn_dyn_cos_loss: 0.00000, dyn_sta_cos_loss: 0.00000, total_cos_loss : 0.00000, vocab_cro_loss : 1.46375, 
epoch  94 summary: dyn_dyn_cos_loss: 0.00000, dyn_sta_cos_loss: 0.00000, total_cos_loss : 0.00000, vocab_cro_loss : 1.43038, 
epoch  95 summary: dyn_dyn_cos_loss: 0.00000, dyn_sta_cos_loss: 0.00000, total_cos_loss : 0.00000, vocab_cro_loss : 1.49407, 
epoch  96 summary: dyn_dyn_cos_loss: 0.00239, dyn_sta_cos_loss: 0.00194, total_cos_loss : 0.00203, vocab_cro_loss : 1.48284, 
epoch  97 summary: dyn_dyn_cos_loss: 0.00000, dyn_sta_cos_loss: 0.00000, total_cos_loss : 0.00000, vocab_cro_loss : 1.53054, 
epoch  98 summary: dyn_dyn_cos_loss: 0.00000, dyn_sta_cos_loss: 0.00000, total_cos_loss : 0.00000, vocab_cro_loss : 1.53277, 
epoch  99 summary: dyn_dyn_cos_loss: 0.00000, dyn_sta_cos_loss: 0.00000, total_cos_loss : 0.00000, vocab_cro_loss : 1.46281, 
epoch 100 summary: dyn_dyn_cos_loss: 0.00232, dyn_sta_cos_loss: 0.00180, total_cos_loss : 0.00190, vocab_cro_loss : 1.41096, 
train loss: 1.4938, train acc: 0.5903
epoch 101 summary: dyn_dyn_cos_loss: 0.00000, dyn_sta_cos_loss: 0.00000, total_cos_loss : 0.00000, vocab_cro_loss : 1.49284, 
epoch 102 summary: dyn_dyn_cos_loss: 0.00000, dyn_sta_cos_loss: 0.00000, total_cos_loss : 0.00000, vocab_cro_loss : 1.48430, 
epoch 103 summary: dyn_dyn_cos_loss: 0.00000, dyn_sta_cos_loss: 0.00000, total_cos_loss : 0.00000, vocab_cro_loss : 1.41593, 
epoch 104 summary: dyn_dyn_cos_loss: 0.00213, dyn_sta_cos_loss: 0.00181, total_cos_loss : 0.00188, vocab_cro_loss : 1.43689, 
epoch 105 summary: dyn_dyn_cos_loss: 0.00000, dyn_sta_cos_loss: 0.00000, total_cos_loss : 0.00000, vocab_cro_loss : 1.53419, 
epoch 106 summary: dyn_dyn_cos_loss: 0.00000, dyn_sta_cos_loss: 0.00000, total_cos_loss : 0.00000, vocab_cro_loss : 1.62147, 
epoch 107 summary: dyn_dyn_cos_loss: 0.00000, dyn_sta_cos_loss: 0.00000, total_cos_loss : 0.00000, vocab_cro_loss : 1.49590, 
epoch 108 summary: dyn_dyn_cos_loss: 0.00218, dyn_sta_cos_loss: 0.00186, total_cos_loss : 0.00192, vocab_cro_loss : 1.46108, 
epoch 109 summary: dyn_dyn_cos_loss: 0.00000, dyn_sta_cos_loss: 0.00000, total_cos_loss : 0.00000, vocab_cro_loss : 1.50667, 
epoch 110 summary: dyn_dyn_cos_loss: 0.00000, dyn_sta_cos_loss: 0.00000, total_cos_loss : 0.00000, vocab_cro_loss : 1.49921, 
train loss: 1.4431, train acc: 0.5986
epoch 111 summary: dyn_dyn_cos_loss: 0.00000, dyn_sta_cos_loss: 0.00000, total_cos_loss : 0.00000, vocab_cro_loss : 1.44258, 
epoch 112 summary: dyn_dyn_cos_loss: 0.00217, dyn_sta_cos_loss: 0.00189, total_cos_loss : 0.00195, vocab_cro_loss : 1.47678, 
epoch 113 summary: dyn_dyn_cos_loss: 0.00000, dyn_sta_cos_loss: 0.00000, total_cos_loss : 0.00000, vocab_cro_loss : 1.46279, 
epoch 114 summary: dyn_dyn_cos_loss: 0.00000, dyn_sta_cos_loss: 0.00000, total_cos_loss : 0.00000, vocab_cro_loss : 1.48337, 
epoch 115 summary: dyn_dyn_cos_loss: 0.00000, dyn_sta_cos_loss: 0.00000, total_cos_loss : 0.00000, vocab_cro_loss : 1.39278, 
epoch 116 summary: dyn_dyn_cos_loss: 0.00221, dyn_sta_cos_loss: 0.00177, total_cos_loss : 0.00186, vocab_cro_loss : 1.40523, 
epoch 117 summary: dyn_dyn_cos_loss: 0.00000, dyn_sta_cos_loss: 0.00000, total_cos_loss : 0.00000, vocab_cro_loss : 1.47898, 
epoch 118 summary: dyn_dyn_cos_loss: 0.00000, dyn_sta_cos_loss: 0.00000, total_cos_loss : 0.00000, vocab_cro_loss : 1.47326, 
epoch 119 summary: dyn_dyn_cos_loss: 0.00000, dyn_sta_cos_loss: 0.00000, total_cos_loss : 0.00000, vocab_cro_loss : 1.46561, 
epoch 120 summary: dyn_dyn_cos_loss: 0.00206, dyn_sta_cos_loss: 0.00169, total_cos_loss : 0.00176, vocab_cro_loss : 1.41829, 
train loss: 1.4009, train acc: 0.5903
epoch 121 summary: dyn_dyn_cos_loss: 0.00000, dyn_sta_cos_loss: 0.00000, total_cos_loss : 0.00000, vocab_cro_loss : 1.40059, 
epoch 122 summary: dyn_dyn_cos_loss: 0.00000, dyn_sta_cos_loss: 0.00000, total_cos_loss : 0.00000, vocab_cro_loss : 1.39384, 
epoch 123 summary: dyn_dyn_cos_loss: 0.00000, dyn_sta_cos_loss: 0.00000, total_cos_loss : 0.00000, vocab_cro_loss : 1.48423, 
epoch 124 summary: dyn_dyn_cos_loss: 0.00201, dyn_sta_cos_loss: 0.00187, total_cos_loss : 0.00190, vocab_cro_loss : 1.45143, 
epoch 125 summary: dyn_dyn_cos_loss: 0.00000, dyn_sta_cos_loss: 0.00000, total_cos_loss : 0.00000, vocab_cro_loss : 1.42617, 
epoch 126 summary: dyn_dyn_cos_loss: 0.00000, dyn_sta_cos_loss: 0.00000, total_cos_loss : 0.00000, vocab_cro_loss : 1.39893, 
epoch 127 summary: dyn_dyn_cos_loss: 0.00000, dyn_sta_cos_loss: 0.00000, total_cos_loss : 0.00000, vocab_cro_loss : 1.42081, 
epoch 128 summary: dyn_dyn_cos_loss: 0.00220, dyn_sta_cos_loss: 0.00178, total_cos_loss : 0.00187, vocab_cro_loss : 1.39839, 
epoch 129 summary: dyn_dyn_cos_loss: 0.00000, dyn_sta_cos_loss: 0.00000, total_cos_loss : 0.00000, vocab_cro_loss : 1.36974, 
epoch 130 summary: dyn_dyn_cos_loss: 0.00000, dyn_sta_cos_loss: 0.00000, total_cos_loss : 0.00000, vocab_cro_loss : 1.35880, 
train loss: 1.3841, train acc: 0.6040
epoch 131 summary: dyn_dyn_cos_loss: 0.00000, dyn_sta_cos_loss: 0.00000, total_cos_loss : 0.00000, vocab_cro_loss : 1.38388, 
epoch 132 summary: dyn_dyn_cos_loss: 0.00206, dyn_sta_cos_loss: 0.00210, total_cos_loss : 0.00209, vocab_cro_loss : 1.36001, 
epoch 133 summary: dyn_dyn_cos_loss: 0.00000, dyn_sta_cos_loss: 0.00000, total_cos_loss : 0.00000, vocab_cro_loss : 1.38929, 
epoch 134 summary: dyn_dyn_cos_loss: 0.00000, dyn_sta_cos_loss: 0.00000, total_cos_loss : 0.00000, vocab_cro_loss : 1.34875, 
epoch 135 summary: dyn_dyn_cos_loss: 0.00000, dyn_sta_cos_loss: 0.00000, total_cos_loss : 0.00000, vocab_cro_loss : 1.32084, 
epoch 136 summary: dyn_dyn_cos_loss: 0.00199, dyn_sta_cos_loss: 0.00182, total_cos_loss : 0.00185, vocab_cro_loss : 1.30832, 
epoch 137 summary: dyn_dyn_cos_loss: 0.00000, dyn_sta_cos_loss: 0.00000, total_cos_loss : 0.00000, vocab_cro_loss : 1.37774, 
epoch 138 summary: dyn_dyn_cos_loss: 0.00000, dyn_sta_cos_loss: 0.00000, total_cos_loss : 0.00000, vocab_cro_loss : 1.33768, 
epoch 139 summary: dyn_dyn_cos_loss: 0.00000, dyn_sta_cos_loss: 0.00000, total_cos_loss : 0.00000, vocab_cro_loss : 1.34609, 
epoch 140 summary: dyn_dyn_cos_loss: 0.00185, dyn_sta_cos_loss: 0.00182, total_cos_loss : 0.00183, vocab_cro_loss : 1.35243, 
train loss: 1.3387, train acc: 0.5996
epoch 141 summary: dyn_dyn_cos_loss: 0.00000, dyn_sta_cos_loss: 0.00000, total_cos_loss : 0.00000, vocab_cro_loss : 1.33851, 
epoch 142 summary: dyn_dyn_cos_loss: 0.00000, dyn_sta_cos_loss: 0.00000, total_cos_loss : 0.00000, vocab_cro_loss : 1.32585, 
epoch 143 summary: dyn_dyn_cos_loss: 0.00000, dyn_sta_cos_loss: 0.00000, total_cos_loss : 0.00000, vocab_cro_loss : 1.29411, 
epoch 144 summary: dyn_dyn_cos_loss: 0.00183, dyn_sta_cos_loss: 0.00179, total_cos_loss : 0.00180, vocab_cro_loss : 1.29025, 
epoch 145 summary: dyn_dyn_cos_loss: 0.00000, dyn_sta_cos_loss: 0.00000, total_cos_loss : 0.00000, vocab_cro_loss : 1.35282, 
epoch 146 summary: dyn_dyn_cos_loss: 0.00000, dyn_sta_cos_loss: 0.00000, total_cos_loss : 0.00000, vocab_cro_loss : 1.34550, 
epoch 147 summary: dyn_dyn_cos_loss: 0.00000, dyn_sta_cos_loss: 0.00000, total_cos_loss : 0.00000, vocab_cro_loss : 1.34692, 
epoch 148 summary: dyn_dyn_cos_loss: 0.00179, dyn_sta_cos_loss: 0.00182, total_cos_loss : 0.00181, vocab_cro_loss : 1.37127, 
epoch 149 summary: dyn_dyn_cos_loss: 0.00000, dyn_sta_cos_loss: 0.00000, total_cos_loss : 0.00000, vocab_cro_loss : 1.36868, 
epoch 150 summary: dyn_dyn_cos_loss: 0.00000, dyn_sta_cos_loss: 0.00000, total_cos_loss : 0.00000, vocab_cro_loss : 1.37937, 
train loss: 1.3279, train acc: 0.6113
epoch 151 summary: dyn_dyn_cos_loss: 0.00000, dyn_sta_cos_loss: 0.00000, total_cos_loss : 0.00000, vocab_cro_loss : 1.32768, 
epoch 152 summary: dyn_dyn_cos_loss: 0.00191, dyn_sta_cos_loss: 0.00177, total_cos_loss : 0.00180, vocab_cro_loss : 1.36771, 
epoch 153 summary: dyn_dyn_cos_loss: 0.00000, dyn_sta_cos_loss: 0.00000, total_cos_loss : 0.00000, vocab_cro_loss : 1.41553, 
epoch 154 summary: dyn_dyn_cos_loss: 0.00000, dyn_sta_cos_loss: 0.00000, total_cos_loss : 0.00000, vocab_cro_loss : 1.50681, 
epoch 155 summary: dyn_dyn_cos_loss: 0.00000, dyn_sta_cos_loss: 0.00000, total_cos_loss : 0.00000, vocab_cro_loss : 1.44245, 
epoch 156 summary: dyn_dyn_cos_loss: 0.00189, dyn_sta_cos_loss: 0.00200, total_cos_loss : 0.00198, vocab_cro_loss : 1.38742, 
epoch 157 summary: dyn_dyn_cos_loss: 0.00000, dyn_sta_cos_loss: 0.00000, total_cos_loss : 0.00000, vocab_cro_loss : 1.40406, 
epoch 158 summary: dyn_dyn_cos_loss: 0.00000, dyn_sta_cos_loss: 0.00000, total_cos_loss : 0.00000, vocab_cro_loss : 1.41322, 
epoch 159 summary: dyn_dyn_cos_loss: 0.00000, dyn_sta_cos_loss: 0.00000, total_cos_loss : 0.00000, vocab_cro_loss : 1.46640, 
epoch 160 summary: dyn_dyn_cos_loss: 0.00188, dyn_sta_cos_loss: 0.00206, total_cos_loss : 0.00202, vocab_cro_loss : 1.40111, 
train loss: 1.4281, train acc: 0.5981
epoch 161 summary: dyn_dyn_cos_loss: 0.00000, dyn_sta_cos_loss: 0.00000, total_cos_loss : 0.00000, vocab_cro_loss : 1.42776, 
epoch 162 summary: dyn_dyn_cos_loss: 0.00000, dyn_sta_cos_loss: 0.00000, total_cos_loss : 0.00000, vocab_cro_loss : 1.39708, 
epoch 163 summary: dyn_dyn_cos_loss: 0.00000, dyn_sta_cos_loss: 0.00000, total_cos_loss : 0.00000, vocab_cro_loss : 1.36768, 
epoch 164 summary: dyn_dyn_cos_loss: 0.00198, dyn_sta_cos_loss: 0.00184, total_cos_loss : 0.00186, vocab_cro_loss : 1.38094, 
epoch 165 summary: dyn_dyn_cos_loss: 0.00000, dyn_sta_cos_loss: 0.00000, total_cos_loss : 0.00000, vocab_cro_loss : 1.38754, 
epoch 166 summary: dyn_dyn_cos_loss: 0.00000, dyn_sta_cos_loss: 0.00000, total_cos_loss : 0.00000, vocab_cro_loss : 1.35252, 
epoch 167 summary: dyn_dyn_cos_loss: 0.00000, dyn_sta_cos_loss: 0.00000, total_cos_loss : 0.00000, vocab_cro_loss : 1.35301, 
epoch 168 summary: dyn_dyn_cos_loss: 0.00198, dyn_sta_cos_loss: 0.00174, total_cos_loss : 0.00179, vocab_cro_loss : 1.34202, 
epoch 169 summary: dyn_dyn_cos_loss: 0.00000, dyn_sta_cos_loss: 0.00000, total_cos_loss : 0.00000, vocab_cro_loss : 1.35865, 
epoch 170 summary: dyn_dyn_cos_loss: 0.00000, dyn_sta_cos_loss: 0.00000, total_cos_loss : 0.00000, vocab_cro_loss : 1.35347, 
train loss: 1.3172, train acc: 0.6147
epoch 171 summary: dyn_dyn_cos_loss: 0.00000, dyn_sta_cos_loss: 0.00000, total_cos_loss : 0.00000, vocab_cro_loss : 1.31713, 
epoch 172 summary: dyn_dyn_cos_loss: 0.00201, dyn_sta_cos_loss: 0.00169, total_cos_loss : 0.00175, vocab_cro_loss : 1.32167, 
epoch 173 summary: dyn_dyn_cos_loss: 0.00000, dyn_sta_cos_loss: 0.00000, total_cos_loss : 0.00000, vocab_cro_loss : 1.35773, 
epoch 174 summary: dyn_dyn_cos_loss: 0.00000, dyn_sta_cos_loss: 0.00000, total_cos_loss : 0.00000, vocab_cro_loss : 1.32340, 
epoch 175 summary: dyn_dyn_cos_loss: 0.00000, dyn_sta_cos_loss: 0.00000, total_cos_loss : 0.00000, vocab_cro_loss : 1.30117, 
epoch 176 summary: dyn_dyn_cos_loss: 0.00209, dyn_sta_cos_loss: 0.00167, total_cos_loss : 0.00175, vocab_cro_loss : 1.30458, 
epoch 177 summary: dyn_dyn_cos_loss: 0.00000, dyn_sta_cos_loss: 0.00000, total_cos_loss : 0.00000, vocab_cro_loss : 1.33647, 
epoch 178 summary: dyn_dyn_cos_loss: 0.00000, dyn_sta_cos_loss: 0.00000, total_cos_loss : 0.00000, vocab_cro_loss : 1.36166, 
epoch 179 summary: dyn_dyn_cos_loss: 0.00000, dyn_sta_cos_loss: 0.00000, total_cos_loss : 0.00000, vocab_cro_loss : 1.38483, 
epoch 180 summary: dyn_dyn_cos_loss: 0.00205, dyn_sta_cos_loss: 0.00173, total_cos_loss : 0.00179, vocab_cro_loss : 1.33971, 
train loss: 1.4142, train acc: 0.5928
epoch 181 summary: dyn_dyn_cos_loss: 0.00000, dyn_sta_cos_loss: 0.00000, total_cos_loss : 0.00000, vocab_cro_loss : 1.41333, 
epoch 182 summary: dyn_dyn_cos_loss: 0.00000, dyn_sta_cos_loss: 0.00000, total_cos_loss : 0.00000, vocab_cro_loss : 1.41201, 
epoch 183 summary: dyn_dyn_cos_loss: 0.00000, dyn_sta_cos_loss: 0.00000, total_cos_loss : 0.00000, vocab_cro_loss : 1.42884, 
epoch 184 summary: dyn_dyn_cos_loss: 0.00199, dyn_sta_cos_loss: 0.00198, total_cos_loss : 0.00198, vocab_cro_loss : 1.41336, 
epoch 185 summary: dyn_dyn_cos_loss: 0.00000, dyn_sta_cos_loss: 0.00000, total_cos_loss : 0.00000, vocab_cro_loss : 1.44352, 
epoch 186 summary: dyn_dyn_cos_loss: 0.00000, dyn_sta_cos_loss: 0.00000, total_cos_loss : 0.00000, vocab_cro_loss : 1.45950, 
epoch 187 summary: dyn_dyn_cos_loss: 0.00000, dyn_sta_cos_loss: 0.00000, total_cos_loss : 0.00000, vocab_cro_loss : 1.35577, 
epoch 188 summary: dyn_dyn_cos_loss: 0.00224, dyn_sta_cos_loss: 0.00179, total_cos_loss : 0.00188, vocab_cro_loss : 1.32655, 
epoch 189 summary: dyn_dyn_cos_loss: 0.00000, dyn_sta_cos_loss: 0.00000, total_cos_loss : 0.00000, vocab_cro_loss : 1.36438, 
epoch 190 summary: dyn_dyn_cos_loss: 0.00000, dyn_sta_cos_loss: 0.00000, total_cos_loss : 0.00000, vocab_cro_loss : 1.36616, 
train loss: 1.3563, train acc: 0.6152
epoch 191 summary: dyn_dyn_cos_loss: 0.00000, dyn_sta_cos_loss: 0.00000, total_cos_loss : 0.00000, vocab_cro_loss : 1.35576, 
epoch 192 summary: dyn_dyn_cos_loss: 0.00209, dyn_sta_cos_loss: 0.00181, total_cos_loss : 0.00186, vocab_cro_loss : 1.35632, 
epoch 193 summary: dyn_dyn_cos_loss: 0.00000, dyn_sta_cos_loss: 0.00000, total_cos_loss : 0.00000, vocab_cro_loss : 1.51929, 
epoch 194 summary: dyn_dyn_cos_loss: 0.00000, dyn_sta_cos_loss: 0.00000, total_cos_loss : 0.00000, vocab_cro_loss : 1.48933, 
epoch 195 summary: dyn_dyn_cos_loss: 0.00000, dyn_sta_cos_loss: 0.00000, total_cos_loss : 0.00000, vocab_cro_loss : 1.45714, 
epoch 196 summary: dyn_dyn_cos_loss: 0.00207, dyn_sta_cos_loss: 0.00208, total_cos_loss : 0.00208, vocab_cro_loss : 1.38500, 
epoch 197 summary: dyn_dyn_cos_loss: 0.00000, dyn_sta_cos_loss: 0.00000, total_cos_loss : 0.00000, vocab_cro_loss : 1.36417, 
epoch 198 summary: dyn_dyn_cos_loss: 0.00000, dyn_sta_cos_loss: 0.00000, total_cos_loss : 0.00000, vocab_cro_loss : 1.33354, 
epoch 199 summary: dyn_dyn_cos_loss: 0.00000, dyn_sta_cos_loss: 0.00000, total_cos_loss : 0.00000, vocab_cro_loss : 1.34106, 
epoch 200 summary: dyn_dyn_cos_loss: 0.00212, dyn_sta_cos_loss: 0.00193, total_cos_loss : 0.00197, vocab_cro_loss : 1.38386, 
train loss: 1.3963, train acc: 0.6060
epoch 201 summary: dyn_dyn_cos_loss: 0.00000, dyn_sta_cos_loss: 0.00000, total_cos_loss : 0.00000, vocab_cro_loss : 1.39612, 
epoch 202 summary: dyn_dyn_cos_loss: 0.00000, dyn_sta_cos_loss: 0.00000, total_cos_loss : 0.00000, vocab_cro_loss : 1.36413, 
epoch 203 summary: dyn_dyn_cos_loss: 0.00000, dyn_sta_cos_loss: 0.00000, total_cos_loss : 0.00000, vocab_cro_loss : 1.35722, 
epoch 204 summary: dyn_dyn_cos_loss: 0.00197, dyn_sta_cos_loss: 0.00185, total_cos_loss : 0.00187, vocab_cro_loss : 1.33764, 
epoch 205 summary: dyn_dyn_cos_loss: 0.00000, dyn_sta_cos_loss: 0.00000, total_cos_loss : 0.00000, vocab_cro_loss : 1.37021, 
epoch 206 summary: dyn_dyn_cos_loss: 0.00000, dyn_sta_cos_loss: 0.00000, total_cos_loss : 0.00000, vocab_cro_loss : 1.36154, 
epoch 207 summary: dyn_dyn_cos_loss: 0.00000, dyn_sta_cos_loss: 0.00000, total_cos_loss : 0.00000, vocab_cro_loss : 1.36358, 
epoch 208 summary: dyn_dyn_cos_loss: 0.00191, dyn_sta_cos_loss: 0.00206, total_cos_loss : 0.00203, vocab_cro_loss : 1.35117, 
epoch 209 summary: dyn_dyn_cos_loss: 0.00000, dyn_sta_cos_loss: 0.00000, total_cos_loss : 0.00000, vocab_cro_loss : 1.38025, 
epoch 210 summary: dyn_dyn_cos_loss: 0.00000, dyn_sta_cos_loss: 0.00000, total_cos_loss : 0.00000, vocab_cro_loss : 1.35765, 
train loss: 1.3309, train acc: 0.6216
epoch 211 summary: dyn_dyn_cos_loss: 0.00000, dyn_sta_cos_loss: 0.00000, total_cos_loss : 0.00000, vocab_cro_loss : 1.33068, 
epoch 212 summary: dyn_dyn_cos_loss: 0.00192, dyn_sta_cos_loss: 0.00194, total_cos_loss : 0.00194, vocab_cro_loss : 1.32589, 
epoch 213 summary: dyn_dyn_cos_loss: 0.00000, dyn_sta_cos_loss: 0.00000, total_cos_loss : 0.00000, vocab_cro_loss : 1.49514, 
epoch 214 summary: dyn_dyn_cos_loss: 0.00000, dyn_sta_cos_loss: 0.00000, total_cos_loss : 0.00000, vocab_cro_loss : 1.43695, 
epoch 215 summary: dyn_dyn_cos_loss: 0.00000, dyn_sta_cos_loss: 0.00000, total_cos_loss : 0.00000, vocab_cro_loss : 1.35726, 
epoch 216 summary: dyn_dyn_cos_loss: 0.00205, dyn_sta_cos_loss: 0.00187, total_cos_loss : 0.00190, vocab_cro_loss : 1.40513, 
epoch 217 summary: dyn_dyn_cos_loss: 0.00000, dyn_sta_cos_loss: 0.00000, total_cos_loss : 0.00000, vocab_cro_loss : 1.41223, 
epoch 218 summary: dyn_dyn_cos_loss: 0.00000, dyn_sta_cos_loss: 0.00000, total_cos_loss : 0.00000, vocab_cro_loss : 1.35241, 
epoch 219 summary: dyn_dyn_cos_loss: 0.00000, dyn_sta_cos_loss: 0.00000, total_cos_loss : 0.00000, vocab_cro_loss : 1.31347, 
epoch 220 summary: dyn_dyn_cos_loss: 0.00204, dyn_sta_cos_loss: 0.00168, total_cos_loss : 0.00176, vocab_cro_loss : 1.29321, 
train loss: 1.3593, train acc: 0.5986
epoch 221 summary: dyn_dyn_cos_loss: 0.00000, dyn_sta_cos_loss: 0.00000, total_cos_loss : 0.00000, vocab_cro_loss : 1.35898, 
epoch 222 summary: dyn_dyn_cos_loss: 0.00000, dyn_sta_cos_loss: 0.00000, total_cos_loss : 0.00000, vocab_cro_loss : 1.32762, 
epoch 223 summary: dyn_dyn_cos_loss: 0.00000, dyn_sta_cos_loss: 0.00000, total_cos_loss : 0.00000, vocab_cro_loss : 1.34500, 
epoch 224 summary: dyn_dyn_cos_loss: 0.00200, dyn_sta_cos_loss: 0.00170, total_cos_loss : 0.00176, vocab_cro_loss : 1.32155, 
epoch 225 summary: dyn_dyn_cos_loss: 0.00000, dyn_sta_cos_loss: 0.00000, total_cos_loss : 0.00000, vocab_cro_loss : 1.39429, 
epoch 226 summary: dyn_dyn_cos_loss: 0.00000, dyn_sta_cos_loss: 0.00000, total_cos_loss : 0.00000, vocab_cro_loss : 1.43068, 
epoch 227 summary: dyn_dyn_cos_loss: 0.00000, dyn_sta_cos_loss: 0.00000, total_cos_loss : 0.00000, vocab_cro_loss : 1.42526, 
epoch 228 summary: dyn_dyn_cos_loss: 0.00202, dyn_sta_cos_loss: 0.00165, total_cos_loss : 0.00172, vocab_cro_loss : 1.34380, 
epoch 229 summary: dyn_dyn_cos_loss: 0.00000, dyn_sta_cos_loss: 0.00000, total_cos_loss : 0.00000, vocab_cro_loss : 1.33721, 
epoch 230 summary: dyn_dyn_cos_loss: 0.00000, dyn_sta_cos_loss: 0.00000, total_cos_loss : 0.00000, vocab_cro_loss : 1.33924, 
train loss: 1.3401, train acc: 0.6030
epoch 231 summary: dyn_dyn_cos_loss: 0.00000, dyn_sta_cos_loss: 0.00000, total_cos_loss : 0.00000, vocab_cro_loss : 1.33982, 
epoch 232 summary: dyn_dyn_cos_loss: 0.00197, dyn_sta_cos_loss: 0.00180, total_cos_loss : 0.00184, vocab_cro_loss : 1.40178, 
epoch 233 summary: dyn_dyn_cos_loss: 0.00000, dyn_sta_cos_loss: 0.00000, total_cos_loss : 0.00000, vocab_cro_loss : 1.46356, 
epoch 234 summary: dyn_dyn_cos_loss: 0.00000, dyn_sta_cos_loss: 0.00000, total_cos_loss : 0.00000, vocab_cro_loss : 1.44397, 
epoch 235 summary: dyn_dyn_cos_loss: 0.00000, dyn_sta_cos_loss: 0.00000, total_cos_loss : 0.00000, vocab_cro_loss : 1.40802, 
epoch 236 summary: dyn_dyn_cos_loss: 0.00195, dyn_sta_cos_loss: 0.00180, total_cos_loss : 0.00183, vocab_cro_loss : 1.37404, 
epoch 237 summary: dyn_dyn_cos_loss: 0.00000, dyn_sta_cos_loss: 0.00000, total_cos_loss : 0.00000, vocab_cro_loss : 1.40954, 
epoch 238 summary: dyn_dyn_cos_loss: 0.00000, dyn_sta_cos_loss: 0.00000, total_cos_loss : 0.00000, vocab_cro_loss : 1.49061, 
epoch 239 summary: dyn_dyn_cos_loss: 0.00000, dyn_sta_cos_loss: 0.00000, total_cos_loss : 0.00000, vocab_cro_loss : 1.47304, 
epoch 240 summary: dyn_dyn_cos_loss: 0.00187, dyn_sta_cos_loss: 0.00187, total_cos_loss : 0.00187, vocab_cro_loss : 1.50737, 
train loss: 1.4388, train acc: 0.5898
epoch 241 summary: dyn_dyn_cos_loss: 0.00000, dyn_sta_cos_loss: 0.00000, total_cos_loss : 0.00000, vocab_cro_loss : 1.43825, 
epoch 242 summary: dyn_dyn_cos_loss: 0.00000, dyn_sta_cos_loss: 0.00000, total_cos_loss : 0.00000, vocab_cro_loss : 1.44489, 
epoch 243 summary: dyn_dyn_cos_loss: 0.00000, dyn_sta_cos_loss: 0.00000, total_cos_loss : 0.00000, vocab_cro_loss : 1.40299, 
epoch 244 summary: dyn_dyn_cos_loss: 0.00183, dyn_sta_cos_loss: 0.00177, total_cos_loss : 0.00179, vocab_cro_loss : 1.38342, 
epoch 245 summary: dyn_dyn_cos_loss: 0.00000, dyn_sta_cos_loss: 0.00000, total_cos_loss : 0.00000, vocab_cro_loss : 1.38851, 
epoch 246 summary: dyn_dyn_cos_loss: 0.00000, dyn_sta_cos_loss: 0.00000, total_cos_loss : 0.00000, vocab_cro_loss : 1.38099, 
epoch 247 summary: dyn_dyn_cos_loss: 0.00000, dyn_sta_cos_loss: 0.00000, total_cos_loss : 0.00000, vocab_cro_loss : 1.32830, 
epoch 248 summary: dyn_dyn_cos_loss: 0.00187, dyn_sta_cos_loss: 0.00186, total_cos_loss : 0.00186, vocab_cro_loss : 1.34917, 
epoch 249 summary: dyn_dyn_cos_loss: 0.00000, dyn_sta_cos_loss: 0.00000, total_cos_loss : 0.00000, vocab_cro_loss : 1.34557, 
epoch 250 summary: dyn_dyn_cos_loss: 0.00000, dyn_sta_cos_loss: 0.00000, total_cos_loss : 0.00000, vocab_cro_loss : 1.35644, 
train loss: 1.3570, train acc: 0.6055
epoch 251 summary: dyn_dyn_cos_loss: 0.00000, dyn_sta_cos_loss: 0.00000, total_cos_loss : 0.00000, vocab_cro_loss : 1.35661, 
epoch 252 summary: dyn_dyn_cos_loss: 0.00197, dyn_sta_cos_loss: 0.00171, total_cos_loss : 0.00176, vocab_cro_loss : 1.36739, 
epoch 253 summary: dyn_dyn_cos_loss: 0.00000, dyn_sta_cos_loss: 0.00000, total_cos_loss : 0.00000, vocab_cro_loss : 1.36124, 
epoch 254 summary: dyn_dyn_cos_loss: 0.00000, dyn_sta_cos_loss: 0.00000, total_cos_loss : 0.00000, vocab_cro_loss : 1.34113, 
epoch 255 summary: dyn_dyn_cos_loss: 0.00000, dyn_sta_cos_loss: 0.00000, total_cos_loss : 0.00000, vocab_cro_loss : 1.33449, 
epoch 256 summary: dyn_dyn_cos_loss: 0.00182, dyn_sta_cos_loss: 0.00169, total_cos_loss : 0.00172, vocab_cro_loss : 1.33677, 
epoch 257 summary: dyn_dyn_cos_loss: 0.00000, dyn_sta_cos_loss: 0.00000, total_cos_loss : 0.00000, vocab_cro_loss : 1.37344, 
epoch 258 summary: dyn_dyn_cos_loss: 0.00000, dyn_sta_cos_loss: 0.00000, total_cos_loss : 0.00000, vocab_cro_loss : 1.35439, 
epoch 259 summary: dyn_dyn_cos_loss: 0.00000, dyn_sta_cos_loss: 0.00000, total_cos_loss : 0.00000, vocab_cro_loss : 1.43212, 
epoch 260 summary: dyn_dyn_cos_loss: 0.00175, dyn_sta_cos_loss: 0.00165, total_cos_loss : 0.00167, vocab_cro_loss : 1.43406, 
train loss: 1.3766, train acc: 0.6099
epoch 261 summary: dyn_dyn_cos_loss: 0.00000, dyn_sta_cos_loss: 0.00000, total_cos_loss : 0.00000, vocab_cro_loss : 1.37641, 
epoch 262 summary: dyn_dyn_cos_loss: 0.00000, dyn_sta_cos_loss: 0.00000, total_cos_loss : 0.00000, vocab_cro_loss : 1.34947, 
epoch 263 summary: dyn_dyn_cos_loss: 0.00000, dyn_sta_cos_loss: 0.00000, total_cos_loss : 0.00000, vocab_cro_loss : 1.36397, 
epoch 264 summary: dyn_dyn_cos_loss: 0.00193, dyn_sta_cos_loss: 0.00160, total_cos_loss : 0.00167, vocab_cro_loss : 1.34126, 
epoch 265 summary: dyn_dyn_cos_loss: 0.00000, dyn_sta_cos_loss: 0.00000, total_cos_loss : 0.00000, vocab_cro_loss : 1.34386, 
epoch 266 summary: dyn_dyn_cos_loss: 0.00000, dyn_sta_cos_loss: 0.00000, total_cos_loss : 0.00000, vocab_cro_loss : 1.35713, 
epoch 267 summary: dyn_dyn_cos_loss: 0.00000, dyn_sta_cos_loss: 0.00000, total_cos_loss : 0.00000, vocab_cro_loss : 1.56585, 
epoch 268 summary: dyn_dyn_cos_loss: 0.00189, dyn_sta_cos_loss: 0.00200, total_cos_loss : 0.00198, vocab_cro_loss : 1.56067, 
epoch 269 summary: dyn_dyn_cos_loss: 0.00000, dyn_sta_cos_loss: 0.00000, total_cos_loss : 0.00000, vocab_cro_loss : 1.95863, 
epoch 270 summary: dyn_dyn_cos_loss: 0.00000, dyn_sta_cos_loss: 0.00000, total_cos_loss : 0.00000, vocab_cro_loss : 1.62737, 
train loss: 1.5931, train acc: 0.5972
epoch 271 summary: dyn_dyn_cos_loss: 0.00000, dyn_sta_cos_loss: 0.00000, total_cos_loss : 0.00000, vocab_cro_loss : 1.59229, 
epoch 272 summary: dyn_dyn_cos_loss: 0.00225, dyn_sta_cos_loss: 0.00205, total_cos_loss : 0.00209, vocab_cro_loss : 1.55973, 
epoch 273 summary: dyn_dyn_cos_loss: 0.00000, dyn_sta_cos_loss: 0.00000, total_cos_loss : 0.00000, vocab_cro_loss : 1.50318, 
epoch 274 summary: dyn_dyn_cos_loss: 0.00000, dyn_sta_cos_loss: 0.00000, total_cos_loss : 0.00000, vocab_cro_loss : 1.70546, 
epoch 275 summary: dyn_dyn_cos_loss: 0.00000, dyn_sta_cos_loss: 0.00000, total_cos_loss : 0.00000, vocab_cro_loss : 1.55697, 
epoch 276 summary: dyn_dyn_cos_loss: 0.00232, dyn_sta_cos_loss: 0.00196, total_cos_loss : 0.00203, vocab_cro_loss : 1.53926, 
epoch 277 summary: dyn_dyn_cos_loss: 0.00000, dyn_sta_cos_loss: 0.00000, total_cos_loss : 0.00000, vocab_cro_loss : 1.52718, 
epoch 278 summary: dyn_dyn_cos_loss: 0.00000, dyn_sta_cos_loss: 0.00000, total_cos_loss : 0.00000, vocab_cro_loss : 1.53741, 
epoch 279 summary: dyn_dyn_cos_loss: 0.00000, dyn_sta_cos_loss: 0.00000, total_cos_loss : 0.00000, vocab_cro_loss : 1.47042, 
epoch 280 summary: dyn_dyn_cos_loss: 0.00223, dyn_sta_cos_loss: 0.00192, total_cos_loss : 0.00198, vocab_cro_loss : 1.57535, 
train loss: 1.5388, train acc: 0.5903
epoch 281 summary: dyn_dyn_cos_loss: 0.00000, dyn_sta_cos_loss: 0.00000, total_cos_loss : 0.00000, vocab_cro_loss : 1.53816, 
epoch 282 summary: dyn_dyn_cos_loss: 0.00000, dyn_sta_cos_loss: 0.00000, total_cos_loss : 0.00000, vocab_cro_loss : 1.52524, 
epoch 283 summary: dyn_dyn_cos_loss: 0.00000, dyn_sta_cos_loss: 0.00000, total_cos_loss : 0.00000, vocab_cro_loss : 1.50351, 
epoch 284 summary: dyn_dyn_cos_loss: 0.00216, dyn_sta_cos_loss: 0.00197, total_cos_loss : 0.00201, vocab_cro_loss : 1.52282, 
epoch 285 summary: dyn_dyn_cos_loss: 0.00000, dyn_sta_cos_loss: 0.00000, total_cos_loss : 0.00000, vocab_cro_loss : 1.56943, 
epoch 286 summary: dyn_dyn_cos_loss: 0.00000, dyn_sta_cos_loss: 0.00000, total_cos_loss : 0.00000, vocab_cro_loss : 1.49340, 
epoch 287 summary: dyn_dyn_cos_loss: 0.00000, dyn_sta_cos_loss: 0.00000, total_cos_loss : 0.00000, vocab_cro_loss : 1.51615, 
epoch 288 summary: dyn_dyn_cos_loss: 0.00215, dyn_sta_cos_loss: 0.00232, total_cos_loss : 0.00229, vocab_cro_loss : 1.49077, 
epoch 289 summary: dyn_dyn_cos_loss: 0.00000, dyn_sta_cos_loss: 0.00000, total_cos_loss : 0.00000, vocab_cro_loss : 1.57505, 
epoch 290 summary: dyn_dyn_cos_loss: 0.00000, dyn_sta_cos_loss: 0.00000, total_cos_loss : 0.00000, vocab_cro_loss : 1.60262, 
train loss: 1.5010, train acc: 0.5898
epoch 291 summary: dyn_dyn_cos_loss: 0.00000, dyn_sta_cos_loss: 0.00000, total_cos_loss : 0.00000, vocab_cro_loss : 1.50062, 
epoch 292 summary: dyn_dyn_cos_loss: 0.00231, dyn_sta_cos_loss: 0.00209, total_cos_loss : 0.00214, vocab_cro_loss : 1.52915, 
epoch 293 summary: dyn_dyn_cos_loss: 0.00000, dyn_sta_cos_loss: 0.00000, total_cos_loss : 0.00000, vocab_cro_loss : 1.48036, 
epoch 294 summary: dyn_dyn_cos_loss: 0.00000, dyn_sta_cos_loss: 0.00000, total_cos_loss : 0.00000, vocab_cro_loss : 1.46803, 
epoch 295 summary: dyn_dyn_cos_loss: 0.00000, dyn_sta_cos_loss: 0.00000, total_cos_loss : 0.00000, vocab_cro_loss : 1.42709, 
epoch 296 summary: dyn_dyn_cos_loss: 0.00216, dyn_sta_cos_loss: 0.00191, total_cos_loss : 0.00196, vocab_cro_loss : 1.42799, 
epoch 297 summary: dyn_dyn_cos_loss: 0.00000, dyn_sta_cos_loss: 0.00000, total_cos_loss : 0.00000, vocab_cro_loss : 1.41732, 
epoch 298 summary: dyn_dyn_cos_loss: 0.00000, dyn_sta_cos_loss: 0.00000, total_cos_loss : 0.00000, vocab_cro_loss : 1.39779, 
epoch 299 summary: dyn_dyn_cos_loss: 0.00000, dyn_sta_cos_loss: 0.00000, total_cos_loss : 0.00000, vocab_cro_loss : 1.40450, 
train loss: 1.4106, train acc: 0.6025
all                         152457.493ms
all_epoch                   148129.922ms
all_preparation               4327.542ms
all_preparation_2             4324.866ms
all_preparation_3                2.635ms
epoch                          298.508ms
epoch_pos_train                  3.460ms
epoch_preparation               10.100ms
epoch_train                    279.491ms
epoch_valid                      4.093ms
----------------------------------------
all                         152457.493ms
  all_epoch             97.16%
  all_preparation        2.84%
all_preparation               4327.542ms
  all_preparation_2     99.94%
  all_preparation_3      0.06%
epoch                        89552.308ms
  epoch_train           93.63%
  epoch_preparation      3.38%
  epoch_valid            1.37%
  epoch_pos_train        1.16%
epoch   0 summary: dyn_dyn_cos_loss: 0.02118, dyn_sta_cos_loss: 0.00664, total_cos_loss : 0.00955, 
valid loss: 3.0470, valid acc: 0.2736
epoch   1 summary: dyn_dyn_cos_loss: 0.01169, dyn_sta_cos_loss: 0.00403, total_cos_loss : 0.00556, 
epoch   2 summary: dyn_dyn_cos_loss: 0.00696, dyn_sta_cos_loss: 0.00285, total_cos_loss : 0.00367, 
epoch   3 summary: dyn_dyn_cos_loss: 0.00454, dyn_sta_cos_loss: 0.00228, total_cos_loss : 0.00273, 
epoch   4 summary: dyn_dyn_cos_loss: 0.00330, dyn_sta_cos_loss: 0.00199, total_cos_loss : 0.00226, 
epoch   5 summary: dyn_dyn_cos_loss: 0.00266, dyn_sta_cos_loss: 0.00183, total_cos_loss : 0.00200, 
epoch   6 summary: dyn_dyn_cos_loss: 0.00232, dyn_sta_cos_loss: 0.00172, total_cos_loss : 0.00184, 
epoch   7 summary: dyn_dyn_cos_loss: 0.00215, dyn_sta_cos_loss: 0.00164, total_cos_loss : 0.00174, 
epoch   8 summary: dyn_dyn_cos_loss: 0.00205, dyn_sta_cos_loss: 0.00159, total_cos_loss : 0.00168, 
epoch   9 summary: dyn_dyn_cos_loss: 0.00199, dyn_sta_cos_loss: 0.00155, total_cos_loss : 0.00164, 
epoch  10 summary: dyn_dyn_cos_loss: 0.00195, dyn_sta_cos_loss: 0.00153, total_cos_loss : 0.00161, 
valid loss: 1.7523, valid acc: 0.5396
epoch  11 summary: dyn_dyn_cos_loss: 0.00193, dyn_sta_cos_loss: 0.00151, total_cos_loss : 0.00159, 
epoch  12 summary: dyn_dyn_cos_loss: 0.00192, dyn_sta_cos_loss: 0.00149, total_cos_loss : 0.00158, 
epoch  13 summary: dyn_dyn_cos_loss: 0.00192, dyn_sta_cos_loss: 0.00148, total_cos_loss : 0.00157, 
epoch  14 summary: dyn_dyn_cos_loss: 0.00192, dyn_sta_cos_loss: 0.00147, total_cos_loss : 0.00156, 
epoch  15 summary: dyn_dyn_cos_loss: 0.00191, dyn_sta_cos_loss: 0.00146, total_cos_loss : 0.00155, 
epoch  16 summary: dyn_dyn_cos_loss: 0.00191, dyn_sta_cos_loss: 0.00146, total_cos_loss : 0.00155, 
epoch  17 summary: dyn_dyn_cos_loss: 0.00191, dyn_sta_cos_loss: 0.00146, total_cos_loss : 0.00155, 
epoch  18 summary: dyn_dyn_cos_loss: 0.00191, dyn_sta_cos_loss: 0.00145, total_cos_loss : 0.00155, 
epoch  19 summary: dyn_dyn_cos_loss: 0.00191, dyn_sta_cos_loss: 0.00145, total_cos_loss : 0.00154, 
epoch  20 summary: dyn_dyn_cos_loss: 0.00191, dyn_sta_cos_loss: 0.00145, total_cos_loss : 0.00154, 
valid loss: 1.7267, valid acc: 0.5457
epoch  21 summary: dyn_dyn_cos_loss: 0.00191, dyn_sta_cos_loss: 0.00145, total_cos_loss : 0.00154, 
epoch  22 summary: dyn_dyn_cos_loss: 0.00191, dyn_sta_cos_loss: 0.00145, total_cos_loss : 0.00154, 
epoch  23 summary: dyn_dyn_cos_loss: 0.00191, dyn_sta_cos_loss: 0.00145, total_cos_loss : 0.00154, 
epoch  24 summary: dyn_dyn_cos_loss: 0.00192, dyn_sta_cos_loss: 0.00144, total_cos_loss : 0.00154, 
epoch  25 summary: dyn_dyn_cos_loss: 0.00208, dyn_sta_cos_loss: 0.00144, total_cos_loss : 0.00157, 
epoch  26 summary: dyn_dyn_cos_loss: 0.00205, dyn_sta_cos_loss: 0.00144, total_cos_loss : 0.00156, 
epoch  27 summary: dyn_dyn_cos_loss: 0.00203, dyn_sta_cos_loss: 0.00144, total_cos_loss : 0.00156, 
epoch  28 summary: dyn_dyn_cos_loss: 0.00202, dyn_sta_cos_loss: 0.00144, total_cos_loss : 0.00155, 
epoch  29 summary: dyn_dyn_cos_loss: 0.00201, dyn_sta_cos_loss: 0.00144, total_cos_loss : 0.00155, 
epoch  30 summary: dyn_dyn_cos_loss: 0.00200, dyn_sta_cos_loss: 0.00144, total_cos_loss : 0.00155, 
valid loss: 1.7206, valid acc: 0.5459
epoch  31 summary: dyn_dyn_cos_loss: 0.00200, dyn_sta_cos_loss: 0.00143, total_cos_loss : 0.00155, 
epoch  32 summary: dyn_dyn_cos_loss: 0.00200, dyn_sta_cos_loss: 0.00143, total_cos_loss : 0.00155, 
epoch  33 summary: dyn_dyn_cos_loss: 0.00199, dyn_sta_cos_loss: 0.00143, total_cos_loss : 0.00154, 
epoch  34 summary: dyn_dyn_cos_loss: 0.00199, dyn_sta_cos_loss: 0.00143, total_cos_loss : 0.00154, 
epoch  35 summary: dyn_dyn_cos_loss: 0.00199, dyn_sta_cos_loss: 0.00143, total_cos_loss : 0.00154, 
epoch  36 summary: dyn_dyn_cos_loss: 0.00199, dyn_sta_cos_loss: 0.00143, total_cos_loss : 0.00154, 
epoch  37 summary: dyn_dyn_cos_loss: 0.00199, dyn_sta_cos_loss: 0.00143, total_cos_loss : 0.00154, 
epoch  38 summary: dyn_dyn_cos_loss: 0.00199, dyn_sta_cos_loss: 0.00143, total_cos_loss : 0.00154, 
epoch  39 summary: dyn_dyn_cos_loss: 0.00199, dyn_sta_cos_loss: 0.00143, total_cos_loss : 0.00154, 
epoch  40 summary: dyn_dyn_cos_loss: 0.00199, dyn_sta_cos_loss: 0.00143, total_cos_loss : 0.00154, 
valid loss: 1.7164, valid acc: 0.5459
epoch  41 summary: dyn_dyn_cos_loss: 0.00199, dyn_sta_cos_loss: 0.00143, total_cos_loss : 0.00154, 
epoch  42 summary: dyn_dyn_cos_loss: 0.00199, dyn_sta_cos_loss: 0.00143, total_cos_loss : 0.00154, 
epoch  43 summary: dyn_dyn_cos_loss: 0.00199, dyn_sta_cos_loss: 0.00143, total_cos_loss : 0.00154, 
epoch  44 summary: dyn_dyn_cos_loss: 0.00199, dyn_sta_cos_loss: 0.00143, total_cos_loss : 0.00154, 
epoch  45 summary: dyn_dyn_cos_loss: 0.00198, dyn_sta_cos_loss: 0.00143, total_cos_loss : 0.00154, 
epoch  46 summary: dyn_dyn_cos_loss: 0.00198, dyn_sta_cos_loss: 0.00143, total_cos_loss : 0.00154, 
epoch  47 summary: dyn_dyn_cos_loss: 0.00198, dyn_sta_cos_loss: 0.00143, total_cos_loss : 0.00154, 
epoch  48 summary: dyn_dyn_cos_loss: 0.00198, dyn_sta_cos_loss: 0.00143, total_cos_loss : 0.00154, 
epoch  49 summary: dyn_dyn_cos_loss: 0.00198, dyn_sta_cos_loss: 0.00143, total_cos_loss : 0.00154, 
epoch  50 summary: dyn_dyn_cos_loss: 0.00207, dyn_sta_cos_loss: 0.00143, total_cos_loss : 0.00156, 
valid loss: 1.7156, valid acc: 0.5452
epoch  51 summary: dyn_dyn_cos_loss: 0.00205, dyn_sta_cos_loss: 0.00143, total_cos_loss : 0.00155, 
epoch  52 summary: dyn_dyn_cos_loss: 0.00203, dyn_sta_cos_loss: 0.00143, total_cos_loss : 0.00155, 
epoch  53 summary: dyn_dyn_cos_loss: 0.00201, dyn_sta_cos_loss: 0.00142, total_cos_loss : 0.00154, 
epoch  54 summary: dyn_dyn_cos_loss: 0.00201, dyn_sta_cos_loss: 0.00142, total_cos_loss : 0.00154, 
epoch  55 summary: dyn_dyn_cos_loss: 0.00200, dyn_sta_cos_loss: 0.00142, total_cos_loss : 0.00154, 
epoch  56 summary: dyn_dyn_cos_loss: 0.00200, dyn_sta_cos_loss: 0.00142, total_cos_loss : 0.00154, 
epoch  57 summary: dyn_dyn_cos_loss: 0.00199, dyn_sta_cos_loss: 0.00142, total_cos_loss : 0.00154, 
epoch  58 summary: dyn_dyn_cos_loss: 0.00199, dyn_sta_cos_loss: 0.00142, total_cos_loss : 0.00154, 
epoch  59 summary: dyn_dyn_cos_loss: 0.00199, dyn_sta_cos_loss: 0.00142, total_cos_loss : 0.00153, 
epoch  60 summary: dyn_dyn_cos_loss: 0.00199, dyn_sta_cos_loss: 0.00142, total_cos_loss : 0.00153, 
valid loss: 1.7178, valid acc: 0.5448
epoch  61 summary: dyn_dyn_cos_loss: 0.00199, dyn_sta_cos_loss: 0.00142, total_cos_loss : 0.00153, 
epoch  62 summary: dyn_dyn_cos_loss: 0.00199, dyn_sta_cos_loss: 0.00142, total_cos_loss : 0.00153, 
epoch  63 summary: dyn_dyn_cos_loss: 0.00199, dyn_sta_cos_loss: 0.00142, total_cos_loss : 0.00153, 
epoch  64 summary: dyn_dyn_cos_loss: 0.00199, dyn_sta_cos_loss: 0.00142, total_cos_loss : 0.00153, 
epoch  65 summary: dyn_dyn_cos_loss: 0.00199, dyn_sta_cos_loss: 0.00142, total_cos_loss : 0.00153, 
epoch  66 summary: dyn_dyn_cos_loss: 0.00199, dyn_sta_cos_loss: 0.00142, total_cos_loss : 0.00153, 
epoch  67 summary: dyn_dyn_cos_loss: 0.00199, dyn_sta_cos_loss: 0.00142, total_cos_loss : 0.00153, 
epoch  68 summary: dyn_dyn_cos_loss: 0.00199, dyn_sta_cos_loss: 0.00142, total_cos_loss : 0.00153, 
epoch  69 summary: dyn_dyn_cos_loss: 0.00199, dyn_sta_cos_loss: 0.00142, total_cos_loss : 0.00153, 
epoch  70 summary: dyn_dyn_cos_loss: 0.00199, dyn_sta_cos_loss: 0.00142, total_cos_loss : 0.00153, 
valid loss: 1.7139, valid acc: 0.5466
epoch  71 summary: dyn_dyn_cos_loss: 0.00199, dyn_sta_cos_loss: 0.00142, total_cos_loss : 0.00153, 
epoch  72 summary: dyn_dyn_cos_loss: 0.00199, dyn_sta_cos_loss: 0.00142, total_cos_loss : 0.00153, 
epoch  73 summary: dyn_dyn_cos_loss: 0.00199, dyn_sta_cos_loss: 0.00142, total_cos_loss : 0.00153, 
epoch  74 summary: dyn_dyn_cos_loss: 0.00199, dyn_sta_cos_loss: 0.00142, total_cos_loss : 0.00153, 
epoch  75 summary: dyn_dyn_cos_loss: 0.00209, dyn_sta_cos_loss: 0.00142, total_cos_loss : 0.00155, 
epoch  76 summary: dyn_dyn_cos_loss: 0.00206, dyn_sta_cos_loss: 0.00142, total_cos_loss : 0.00155, 
epoch  77 summary: dyn_dyn_cos_loss: 0.00204, dyn_sta_cos_loss: 0.00142, total_cos_loss : 0.00154, 
epoch  78 summary: dyn_dyn_cos_loss: 0.00203, dyn_sta_cos_loss: 0.00142, total_cos_loss : 0.00154, 
epoch  79 summary: dyn_dyn_cos_loss: 0.00202, dyn_sta_cos_loss: 0.00142, total_cos_loss : 0.00154, 
epoch  80 summary: dyn_dyn_cos_loss: 0.00202, dyn_sta_cos_loss: 0.00142, total_cos_loss : 0.00154, 
valid loss: 1.7125, valid acc: 0.5481
epoch  81 summary: dyn_dyn_cos_loss: 0.00201, dyn_sta_cos_loss: 0.00142, total_cos_loss : 0.00154, 
epoch  82 summary: dyn_dyn_cos_loss: 0.00201, dyn_sta_cos_loss: 0.00142, total_cos_loss : 0.00153, 
epoch  83 summary: dyn_dyn_cos_loss: 0.00201, dyn_sta_cos_loss: 0.00141, total_cos_loss : 0.00153, 
epoch  84 summary: dyn_dyn_cos_loss: 0.00201, dyn_sta_cos_loss: 0.00141, total_cos_loss : 0.00153, 
epoch  85 summary: dyn_dyn_cos_loss: 0.00201, dyn_sta_cos_loss: 0.00141, total_cos_loss : 0.00153, 
epoch  86 summary: dyn_dyn_cos_loss: 0.00201, dyn_sta_cos_loss: 0.00141, total_cos_loss : 0.00153, 
epoch  87 summary: dyn_dyn_cos_loss: 0.00201, dyn_sta_cos_loss: 0.00141, total_cos_loss : 0.00153, 
epoch  88 summary: dyn_dyn_cos_loss: 0.00201, dyn_sta_cos_loss: 0.00141, total_cos_loss : 0.00153, 
epoch  89 summary: dyn_dyn_cos_loss: 0.00200, dyn_sta_cos_loss: 0.00141, total_cos_loss : 0.00153, 
epoch  90 summary: dyn_dyn_cos_loss: 0.00200, dyn_sta_cos_loss: 0.00141, total_cos_loss : 0.00153, 
valid loss: 1.7114, valid acc: 0.5486
epoch  91 summary: dyn_dyn_cos_loss: 0.00200, dyn_sta_cos_loss: 0.00141, total_cos_loss : 0.00153, 
epoch  92 summary: dyn_dyn_cos_loss: 0.00200, dyn_sta_cos_loss: 0.00141, total_cos_loss : 0.00153, 
epoch  93 summary: dyn_dyn_cos_loss: 0.00200, dyn_sta_cos_loss: 0.00141, total_cos_loss : 0.00153, 
epoch  94 summary: dyn_dyn_cos_loss: 0.00200, dyn_sta_cos_loss: 0.00141, total_cos_loss : 0.00153, 
epoch  95 summary: dyn_dyn_cos_loss: 0.00200, dyn_sta_cos_loss: 0.00141, total_cos_loss : 0.00153, 
epoch  96 summary: dyn_dyn_cos_loss: 0.00200, dyn_sta_cos_loss: 0.00141, total_cos_loss : 0.00153, 
epoch  97 summary: dyn_dyn_cos_loss: 0.00200, dyn_sta_cos_loss: 0.00141, total_cos_loss : 0.00153, 
epoch  98 summary: dyn_dyn_cos_loss: 0.00200, dyn_sta_cos_loss: 0.00141, total_cos_loss : 0.00153, 
epoch  99 summary: dyn_dyn_cos_loss: 0.00200, dyn_sta_cos_loss: 0.00141, total_cos_loss : 0.00153, 
epoch 100 summary: dyn_dyn_cos_loss: 0.00209, dyn_sta_cos_loss: 0.00141, total_cos_loss : 0.00155, 
valid loss: 1.7128, valid acc: 0.5496
epoch 101 summary: dyn_dyn_cos_loss: 0.00206, dyn_sta_cos_loss: 0.00141, total_cos_loss : 0.00154, 
epoch 102 summary: dyn_dyn_cos_loss: 0.00205, dyn_sta_cos_loss: 0.00141, total_cos_loss : 0.00154, 
epoch 103 summary: dyn_dyn_cos_loss: 0.00204, dyn_sta_cos_loss: 0.00141, total_cos_loss : 0.00154, 
epoch 104 summary: dyn_dyn_cos_loss: 0.00203, dyn_sta_cos_loss: 0.00141, total_cos_loss : 0.00154, 
epoch 105 summary: dyn_dyn_cos_loss: 0.00202, dyn_sta_cos_loss: 0.00141, total_cos_loss : 0.00153, 
epoch 106 summary: dyn_dyn_cos_loss: 0.00202, dyn_sta_cos_loss: 0.00141, total_cos_loss : 0.00153, 
epoch 107 summary: dyn_dyn_cos_loss: 0.00202, dyn_sta_cos_loss: 0.00141, total_cos_loss : 0.00153, 
epoch 108 summary: dyn_dyn_cos_loss: 0.00202, dyn_sta_cos_loss: 0.00141, total_cos_loss : 0.00153, 
epoch 109 summary: dyn_dyn_cos_loss: 0.00201, dyn_sta_cos_loss: 0.00141, total_cos_loss : 0.00153, 
epoch 110 summary: dyn_dyn_cos_loss: 0.00201, dyn_sta_cos_loss: 0.00141, total_cos_loss : 0.00153, 
valid loss: 1.7100, valid acc: 0.5496
epoch 111 summary: dyn_dyn_cos_loss: 0.00201, dyn_sta_cos_loss: 0.00141, total_cos_loss : 0.00153, 
epoch 112 summary: dyn_dyn_cos_loss: 0.00201, dyn_sta_cos_loss: 0.00141, total_cos_loss : 0.00153, 
epoch 113 summary: dyn_dyn_cos_loss: 0.00201, dyn_sta_cos_loss: 0.00141, total_cos_loss : 0.00153, 
epoch 114 summary: dyn_dyn_cos_loss: 0.00201, dyn_sta_cos_loss: 0.00141, total_cos_loss : 0.00153, 
epoch 115 summary: dyn_dyn_cos_loss: 0.00201, dyn_sta_cos_loss: 0.00141, total_cos_loss : 0.00153, 
epoch 116 summary: dyn_dyn_cos_loss: 0.00201, dyn_sta_cos_loss: 0.00141, total_cos_loss : 0.00153, 
epoch 117 summary: dyn_dyn_cos_loss: 0.00201, dyn_sta_cos_loss: 0.00141, total_cos_loss : 0.00153, 
epoch 118 summary: dyn_dyn_cos_loss: 0.00201, dyn_sta_cos_loss: 0.00141, total_cos_loss : 0.00153, 
epoch 119 summary: dyn_dyn_cos_loss: 0.00201, dyn_sta_cos_loss: 0.00141, total_cos_loss : 0.00153, 
epoch 120 summary: dyn_dyn_cos_loss: 0.00201, dyn_sta_cos_loss: 0.00141, total_cos_loss : 0.00153, 
valid loss: 1.7056, valid acc: 0.5500
epoch 121 summary: dyn_dyn_cos_loss: 0.00201, dyn_sta_cos_loss: 0.00141, total_cos_loss : 0.00153, 
epoch 122 summary: dyn_dyn_cos_loss: 0.00201, dyn_sta_cos_loss: 0.00141, total_cos_loss : 0.00153, 
epoch 123 summary: dyn_dyn_cos_loss: 0.00201, dyn_sta_cos_loss: 0.00141, total_cos_loss : 0.00153, 
epoch 124 summary: dyn_dyn_cos_loss: 0.00201, dyn_sta_cos_loss: 0.00141, total_cos_loss : 0.00153, 
epoch 125 summary: dyn_dyn_cos_loss: 0.00209, dyn_sta_cos_loss: 0.00141, total_cos_loss : 0.00155, 
epoch 126 summary: dyn_dyn_cos_loss: 0.00206, dyn_sta_cos_loss: 0.00141, total_cos_loss : 0.00154, 
epoch 127 summary: dyn_dyn_cos_loss: 0.00205, dyn_sta_cos_loss: 0.00141, total_cos_loss : 0.00154, 
epoch 128 summary: dyn_dyn_cos_loss: 0.00203, dyn_sta_cos_loss: 0.00141, total_cos_loss : 0.00154, 
epoch 129 summary: dyn_dyn_cos_loss: 0.00203, dyn_sta_cos_loss: 0.00141, total_cos_loss : 0.00153, 
epoch 130 summary: dyn_dyn_cos_loss: 0.00202, dyn_sta_cos_loss: 0.00141, total_cos_loss : 0.00153, 
valid loss: 1.7087, valid acc: 0.5476
epoch 131 summary: dyn_dyn_cos_loss: 0.00202, dyn_sta_cos_loss: 0.00141, total_cos_loss : 0.00153, 
epoch 132 summary: dyn_dyn_cos_loss: 0.00202, dyn_sta_cos_loss: 0.00141, total_cos_loss : 0.00153, 
epoch 133 summary: dyn_dyn_cos_loss: 0.00202, dyn_sta_cos_loss: 0.00141, total_cos_loss : 0.00153, 
epoch 134 summary: dyn_dyn_cos_loss: 0.00201, dyn_sta_cos_loss: 0.00141, total_cos_loss : 0.00153, 
epoch 135 summary: dyn_dyn_cos_loss: 0.00201, dyn_sta_cos_loss: 0.00141, total_cos_loss : 0.00153, 
epoch 136 summary: dyn_dyn_cos_loss: 0.00201, dyn_sta_cos_loss: 0.00141, total_cos_loss : 0.00153, 
epoch 137 summary: dyn_dyn_cos_loss: 0.00201, dyn_sta_cos_loss: 0.00141, total_cos_loss : 0.00153, 
epoch 138 summary: dyn_dyn_cos_loss: 0.00201, dyn_sta_cos_loss: 0.00141, total_cos_loss : 0.00153, 
epoch 139 summary: dyn_dyn_cos_loss: 0.00201, dyn_sta_cos_loss: 0.00141, total_cos_loss : 0.00153, 
epoch 140 summary: dyn_dyn_cos_loss: 0.00201, dyn_sta_cos_loss: 0.00141, total_cos_loss : 0.00153, 
valid loss: 1.7083, valid acc: 0.5485
epoch 141 summary: dyn_dyn_cos_loss: 0.00201, dyn_sta_cos_loss: 0.00141, total_cos_loss : 0.00153, 
epoch 142 summary: dyn_dyn_cos_loss: 0.00201, dyn_sta_cos_loss: 0.00141, total_cos_loss : 0.00153, 
epoch 143 summary: dyn_dyn_cos_loss: 0.00201, dyn_sta_cos_loss: 0.00141, total_cos_loss : 0.00153, 
epoch 144 summary: dyn_dyn_cos_loss: 0.00201, dyn_sta_cos_loss: 0.00141, total_cos_loss : 0.00153, 
epoch 145 summary: dyn_dyn_cos_loss: 0.00201, dyn_sta_cos_loss: 0.00141, total_cos_loss : 0.00153, 
epoch 146 summary: dyn_dyn_cos_loss: 0.00201, dyn_sta_cos_loss: 0.00141, total_cos_loss : 0.00153, 
epoch 147 summary: dyn_dyn_cos_loss: 0.00201, dyn_sta_cos_loss: 0.00141, total_cos_loss : 0.00153, 
epoch 148 summary: dyn_dyn_cos_loss: 0.00201, dyn_sta_cos_loss: 0.00141, total_cos_loss : 0.00153, 
epoch 149 summary: dyn_dyn_cos_loss: 0.00201, dyn_sta_cos_loss: 0.00141, total_cos_loss : 0.00153, 
epoch 150 summary: dyn_dyn_cos_loss: 0.00210, dyn_sta_cos_loss: 0.00141, total_cos_loss : 0.00155, 
valid loss: 1.7092, valid acc: 0.5481
epoch 151 summary: dyn_dyn_cos_loss: 0.00207, dyn_sta_cos_loss: 0.00141, total_cos_loss : 0.00154, 
epoch 152 summary: dyn_dyn_cos_loss: 0.00206, dyn_sta_cos_loss: 0.00141, total_cos_loss : 0.00154, 
epoch 153 summary: dyn_dyn_cos_loss: 0.00204, dyn_sta_cos_loss: 0.00141, total_cos_loss : 0.00153, 
epoch 154 summary: dyn_dyn_cos_loss: 0.00204, dyn_sta_cos_loss: 0.00141, total_cos_loss : 0.00153, 
epoch 155 summary: dyn_dyn_cos_loss: 0.00203, dyn_sta_cos_loss: 0.00141, total_cos_loss : 0.00153, 
epoch 156 summary: dyn_dyn_cos_loss: 0.00203, dyn_sta_cos_loss: 0.00141, total_cos_loss : 0.00153, 
epoch 157 summary: dyn_dyn_cos_loss: 0.00202, dyn_sta_cos_loss: 0.00141, total_cos_loss : 0.00153, 
epoch 158 summary: dyn_dyn_cos_loss: 0.00202, dyn_sta_cos_loss: 0.00141, total_cos_loss : 0.00153, 
epoch 159 summary: dyn_dyn_cos_loss: 0.00202, dyn_sta_cos_loss: 0.00141, total_cos_loss : 0.00153, 
epoch 160 summary: dyn_dyn_cos_loss: 0.00202, dyn_sta_cos_loss: 0.00141, total_cos_loss : 0.00153, 
valid loss: 1.7095, valid acc: 0.5465
epoch 161 summary: dyn_dyn_cos_loss: 0.00202, dyn_sta_cos_loss: 0.00141, total_cos_loss : 0.00153, 
epoch 162 summary: dyn_dyn_cos_loss: 0.00202, dyn_sta_cos_loss: 0.00141, total_cos_loss : 0.00153, 
epoch 163 summary: dyn_dyn_cos_loss: 0.00202, dyn_sta_cos_loss: 0.00141, total_cos_loss : 0.00153, 
epoch 164 summary: dyn_dyn_cos_loss: 0.00202, dyn_sta_cos_loss: 0.00141, total_cos_loss : 0.00153, 
epoch 165 summary: dyn_dyn_cos_loss: 0.00202, dyn_sta_cos_loss: 0.00141, total_cos_loss : 0.00153, 
epoch 166 summary: dyn_dyn_cos_loss: 0.00202, dyn_sta_cos_loss: 0.00141, total_cos_loss : 0.00153, 
epoch 167 summary: dyn_dyn_cos_loss: 0.00202, dyn_sta_cos_loss: 0.00141, total_cos_loss : 0.00153, 
epoch 168 summary: dyn_dyn_cos_loss: 0.00202, dyn_sta_cos_loss: 0.00141, total_cos_loss : 0.00153, 
epoch 169 summary: dyn_dyn_cos_loss: 0.00202, dyn_sta_cos_loss: 0.00141, total_cos_loss : 0.00153, 
epoch 170 summary: dyn_dyn_cos_loss: 0.00202, dyn_sta_cos_loss: 0.00141, total_cos_loss : 0.00153, 
valid loss: 1.7093, valid acc: 0.5461
epoch 171 summary: dyn_dyn_cos_loss: 0.00202, dyn_sta_cos_loss: 0.00141, total_cos_loss : 0.00153, 
epoch 172 summary: dyn_dyn_cos_loss: 0.00202, dyn_sta_cos_loss: 0.00141, total_cos_loss : 0.00153, 
epoch 173 summary: dyn_dyn_cos_loss: 0.00201, dyn_sta_cos_loss: 0.00141, total_cos_loss : 0.00153, 
epoch 174 summary: dyn_dyn_cos_loss: 0.00201, dyn_sta_cos_loss: 0.00141, total_cos_loss : 0.00153, 
epoch 175 summary: dyn_dyn_cos_loss: 0.00211, dyn_sta_cos_loss: 0.00141, total_cos_loss : 0.00155, 
epoch 176 summary: dyn_dyn_cos_loss: 0.00208, dyn_sta_cos_loss: 0.00141, total_cos_loss : 0.00154, 
epoch 177 summary: dyn_dyn_cos_loss: 0.00206, dyn_sta_cos_loss: 0.00141, total_cos_loss : 0.00154, 
epoch 178 summary: dyn_dyn_cos_loss: 0.00205, dyn_sta_cos_loss: 0.00141, total_cos_loss : 0.00153, 
epoch 179 summary: dyn_dyn_cos_loss: 0.00204, dyn_sta_cos_loss: 0.00141, total_cos_loss : 0.00153, 
epoch 180 summary: dyn_dyn_cos_loss: 0.00204, dyn_sta_cos_loss: 0.00141, total_cos_loss : 0.00153, 
valid loss: 1.7059, valid acc: 0.5470
epoch 181 summary: dyn_dyn_cos_loss: 0.00203, dyn_sta_cos_loss: 0.00141, total_cos_loss : 0.00153, 
epoch 182 summary: dyn_dyn_cos_loss: 0.00203, dyn_sta_cos_loss: 0.00141, total_cos_loss : 0.00153, 
epoch 183 summary: dyn_dyn_cos_loss: 0.00203, dyn_sta_cos_loss: 0.00140, total_cos_loss : 0.00153, 
epoch 184 summary: dyn_dyn_cos_loss: 0.00203, dyn_sta_cos_loss: 0.00140, total_cos_loss : 0.00153, 
epoch 185 summary: dyn_dyn_cos_loss: 0.00203, dyn_sta_cos_loss: 0.00140, total_cos_loss : 0.00153, 
epoch 186 summary: dyn_dyn_cos_loss: 0.00203, dyn_sta_cos_loss: 0.00140, total_cos_loss : 0.00153, 
epoch 187 summary: dyn_dyn_cos_loss: 0.00203, dyn_sta_cos_loss: 0.00140, total_cos_loss : 0.00153, 
epoch 188 summary: dyn_dyn_cos_loss: 0.00202, dyn_sta_cos_loss: 0.00140, total_cos_loss : 0.00153, 
epoch 189 summary: dyn_dyn_cos_loss: 0.00202, dyn_sta_cos_loss: 0.00140, total_cos_loss : 0.00153, 
epoch 190 summary: dyn_dyn_cos_loss: 0.00202, dyn_sta_cos_loss: 0.00140, total_cos_loss : 0.00153, 
valid loss: 1.7047, valid acc: 0.5470
epoch 191 summary: dyn_dyn_cos_loss: 0.00202, dyn_sta_cos_loss: 0.00140, total_cos_loss : 0.00153, 
epoch 192 summary: dyn_dyn_cos_loss: 0.00202, dyn_sta_cos_loss: 0.00140, total_cos_loss : 0.00153, 
epoch 193 summary: dyn_dyn_cos_loss: 0.00202, dyn_sta_cos_loss: 0.00140, total_cos_loss : 0.00153, 
epoch 194 summary: dyn_dyn_cos_loss: 0.00202, dyn_sta_cos_loss: 0.00140, total_cos_loss : 0.00153, 
epoch 195 summary: dyn_dyn_cos_loss: 0.00202, dyn_sta_cos_loss: 0.00140, total_cos_loss : 0.00153, 
epoch 196 summary: dyn_dyn_cos_loss: 0.00202, dyn_sta_cos_loss: 0.00140, total_cos_loss : 0.00153, 
epoch 197 summary: dyn_dyn_cos_loss: 0.00202, dyn_sta_cos_loss: 0.00140, total_cos_loss : 0.00153, 
epoch 198 summary: dyn_dyn_cos_loss: 0.00202, dyn_sta_cos_loss: 0.00140, total_cos_loss : 0.00153, 
epoch 199 summary: dyn_dyn_cos_loss: 0.00202, dyn_sta_cos_loss: 0.00140, total_cos_loss : 0.00153, 
Traceback (most recent call last):
  File "/data/gc/anaconda3/envs/lm/lib/python3.10/runpy.py", line 196, in _run_module_as_main
    return _run_code(code, main_globals, None,
  File "/data/gc/anaconda3/envs/lm/lib/python3.10/runpy.py", line 86, in _run_code
    exec(code, run_globals)
  File "/data3/gc/SeLM_v2/src/gpt.py", line 485, in <module>
    train_cte(train_cache_ckpt, valid_cache_ckpt, gpt_ckpt, N_train, N_valid)
  File "/data/gc/anaconda3/envs/lm/lib/python3.10/site-packages/torch/utils/_contextlib.py", line 116, in decorate_context
    return func(*args, **kwargs)
  File "/data3/gc/SeLM_v2/src/gpt.py", line 457, in train_cte
    cte.test_time_train_all(
  File "/data3/gc/SeLM_v2/src/gettime.py", line 118, in wrapper
    return fn(*args, **kwargs)
  File "/data3/gc/SeLM_v2/src/cte.py", line 865, in test_time_train_all
    valid_save_path
NameError: name 'valid_save_path' is not defined. Did you mean: 'train_save_path'?
all_preparation                 12.724ms
all_preparation_2               11.650ms
all_preparation_3                1.057ms
epoch                         4108.467ms
epoch_pos_train                  4.516ms
epoch_preparation                0.354ms
epoch_train                   4081.268ms
epoch_valid                     20.317ms
----------------------------------------
all                              0.000ms
all_preparation                 12.724ms
  all_preparation_2     91.56%
  all_preparation_3      8.30%
epoch                       821693.396ms
  epoch_train           99.34%
  epoch_valid            0.49%
  epoch_pos_train        0.11%
  epoch_preparation      0.01%
