Before CTE Training: train eu loss: 1.063186526298523, eval eu loss: 1.4517745971679688
Before CTE Training: train eu acc: 0.6669921875, eval eu acc: 0.5794677734375
epoch   0 summary: dyn_dyn_cos_loss: 0.02346, dyn_sta_cos_loss: 0.00700, total_cos_loss : 0.00700, vocab_cro_loss : 4.57670, 
train loss: 3.4232, train acc: 0.2520
epoch   1 summary: dyn_dyn_cos_loss: 0.00000, dyn_sta_cos_loss: 0.00000, total_cos_loss : 0.00000, vocab_cro_loss : 3.42197, 
epoch   2 summary: dyn_dyn_cos_loss: 0.00000, dyn_sta_cos_loss: 0.00000, total_cos_loss : 0.00000, vocab_cro_loss : 2.99840, 
epoch   3 summary: dyn_dyn_cos_loss: 0.00000, dyn_sta_cos_loss: 0.00000, total_cos_loss : 0.00000, vocab_cro_loss : 2.75777, 
epoch   4 summary: dyn_dyn_cos_loss: 0.00000, dyn_sta_cos_loss: 0.00000, total_cos_loss : 0.00000, vocab_cro_loss : 2.55483, 
epoch   5 summary: dyn_dyn_cos_loss: 0.00000, dyn_sta_cos_loss: 0.00000, total_cos_loss : 0.00000, vocab_cro_loss : 2.50501, 
epoch   6 summary: dyn_dyn_cos_loss: 0.00000, dyn_sta_cos_loss: 0.00000, total_cos_loss : 0.00000, vocab_cro_loss : 2.46257, 
epoch   7 summary: dyn_dyn_cos_loss: 0.00000, dyn_sta_cos_loss: 0.00000, total_cos_loss : 0.00000, vocab_cro_loss : 2.43484, 
epoch   8 summary: dyn_dyn_cos_loss: 0.02037, dyn_sta_cos_loss: 0.00502, total_cos_loss : 0.00502, vocab_cro_loss : 2.41864, 
epoch   9 summary: dyn_dyn_cos_loss: 0.00000, dyn_sta_cos_loss: 0.00000, total_cos_loss : 0.00000, vocab_cro_loss : 1.99931, 
epoch  10 summary: dyn_dyn_cos_loss: 0.00000, dyn_sta_cos_loss: 0.00000, total_cos_loss : 0.00000, vocab_cro_loss : 2.05023, 
train loss: 1.9946, train acc: 0.5317
epoch  11 summary: dyn_dyn_cos_loss: 0.00000, dyn_sta_cos_loss: 0.00000, total_cos_loss : 0.00000, vocab_cro_loss : 1.99423, 
epoch  12 summary: dyn_dyn_cos_loss: 0.00000, dyn_sta_cos_loss: 0.00000, total_cos_loss : 0.00000, vocab_cro_loss : 1.96713, 
epoch  13 summary: dyn_dyn_cos_loss: 0.00000, dyn_sta_cos_loss: 0.00000, total_cos_loss : 0.00000, vocab_cro_loss : 1.92376, 
epoch  14 summary: dyn_dyn_cos_loss: 0.00000, dyn_sta_cos_loss: 0.00000, total_cos_loss : 0.00000, vocab_cro_loss : 1.99437, 
epoch  15 summary: dyn_dyn_cos_loss: 0.00000, dyn_sta_cos_loss: 0.00000, total_cos_loss : 0.00000, vocab_cro_loss : 1.89878, 
epoch  16 summary: dyn_dyn_cos_loss: 0.01523, dyn_sta_cos_loss: 0.00371, total_cos_loss : 0.00371, vocab_cro_loss : 1.89273, 
epoch  17 summary: dyn_dyn_cos_loss: 0.00000, dyn_sta_cos_loss: 0.00000, total_cos_loss : 0.00000, vocab_cro_loss : 1.73658, 
epoch  18 summary: dyn_dyn_cos_loss: 0.00000, dyn_sta_cos_loss: 0.00000, total_cos_loss : 0.00000, vocab_cro_loss : 1.62532, 
epoch  19 summary: dyn_dyn_cos_loss: 0.00000, dyn_sta_cos_loss: 0.00000, total_cos_loss : 0.00000, vocab_cro_loss : 1.61269, 
epoch  20 summary: dyn_dyn_cos_loss: 0.00000, dyn_sta_cos_loss: 0.00000, total_cos_loss : 0.00000, vocab_cro_loss : 1.56161, 
train loss: 1.5519, train acc: 0.5913
epoch  21 summary: dyn_dyn_cos_loss: 0.00000, dyn_sta_cos_loss: 0.00000, total_cos_loss : 0.00000, vocab_cro_loss : 1.55181, 
epoch  22 summary: dyn_dyn_cos_loss: 0.00000, dyn_sta_cos_loss: 0.00000, total_cos_loss : 0.00000, vocab_cro_loss : 1.53094, 
epoch  23 summary: dyn_dyn_cos_loss: 0.00000, dyn_sta_cos_loss: 0.00000, total_cos_loss : 0.00000, vocab_cro_loss : 1.52807, 
epoch  24 summary: dyn_dyn_cos_loss: 0.01226, dyn_sta_cos_loss: 0.00292, total_cos_loss : 0.00292, vocab_cro_loss : 1.51497, 
epoch  25 summary: dyn_dyn_cos_loss: 0.00000, dyn_sta_cos_loss: 0.00000, total_cos_loss : 0.00000, vocab_cro_loss : 1.51943, 
epoch  26 summary: dyn_dyn_cos_loss: 0.00000, dyn_sta_cos_loss: 0.00000, total_cos_loss : 0.00000, vocab_cro_loss : 1.48668, 
epoch  27 summary: dyn_dyn_cos_loss: 0.00000, dyn_sta_cos_loss: 0.00000, total_cos_loss : 0.00000, vocab_cro_loss : 1.45283, 
epoch  28 summary: dyn_dyn_cos_loss: 0.00000, dyn_sta_cos_loss: 0.00000, total_cos_loss : 0.00000, vocab_cro_loss : 1.43187, 
epoch  29 summary: dyn_dyn_cos_loss: 0.00000, dyn_sta_cos_loss: 0.00000, total_cos_loss : 0.00000, vocab_cro_loss : 1.41626, 
epoch  30 summary: dyn_dyn_cos_loss: 0.00000, dyn_sta_cos_loss: 0.00000, total_cos_loss : 0.00000, vocab_cro_loss : 1.40536, 
train loss: 1.4018, train acc: 0.6235
epoch  31 summary: dyn_dyn_cos_loss: 0.00000, dyn_sta_cos_loss: 0.00000, total_cos_loss : 0.00000, vocab_cro_loss : 1.40176, 
epoch  32 summary: dyn_dyn_cos_loss: 0.01004, dyn_sta_cos_loss: 0.00255, total_cos_loss : 0.00255, vocab_cro_loss : 1.39823, 
epoch  33 summary: dyn_dyn_cos_loss: 0.00000, dyn_sta_cos_loss: 0.00000, total_cos_loss : 0.00000, vocab_cro_loss : 1.43499, 
epoch  34 summary: dyn_dyn_cos_loss: 0.00000, dyn_sta_cos_loss: 0.00000, total_cos_loss : 0.00000, vocab_cro_loss : 1.39558, 
epoch  35 summary: dyn_dyn_cos_loss: 0.00000, dyn_sta_cos_loss: 0.00000, total_cos_loss : 0.00000, vocab_cro_loss : 1.37986, 
epoch  36 summary: dyn_dyn_cos_loss: 0.00000, dyn_sta_cos_loss: 0.00000, total_cos_loss : 0.00000, vocab_cro_loss : 1.36131, 
epoch  37 summary: dyn_dyn_cos_loss: 0.00000, dyn_sta_cos_loss: 0.00000, total_cos_loss : 0.00000, vocab_cro_loss : 1.34517, 
epoch  38 summary: dyn_dyn_cos_loss: 0.00000, dyn_sta_cos_loss: 0.00000, total_cos_loss : 0.00000, vocab_cro_loss : 1.33800, 
epoch  39 summary: dyn_dyn_cos_loss: 0.00000, dyn_sta_cos_loss: 0.00000, total_cos_loss : 0.00000, vocab_cro_loss : 1.32834, 
epoch  40 summary: dyn_dyn_cos_loss: 0.00882, dyn_sta_cos_loss: 0.00235, total_cos_loss : 0.00235, vocab_cro_loss : 1.32406, 
train loss: 1.3933, train acc: 0.6045
epoch  41 summary: dyn_dyn_cos_loss: 0.00000, dyn_sta_cos_loss: 0.00000, total_cos_loss : 0.00000, vocab_cro_loss : 1.39312, 
epoch  42 summary: dyn_dyn_cos_loss: 0.00000, dyn_sta_cos_loss: 0.00000, total_cos_loss : 0.00000, vocab_cro_loss : 1.36145, 
epoch  43 summary: dyn_dyn_cos_loss: 0.00000, dyn_sta_cos_loss: 0.00000, total_cos_loss : 0.00000, vocab_cro_loss : 1.34973, 
epoch  44 summary: dyn_dyn_cos_loss: 0.00000, dyn_sta_cos_loss: 0.00000, total_cos_loss : 0.00000, vocab_cro_loss : 1.31216, 
epoch  45 summary: dyn_dyn_cos_loss: 0.00000, dyn_sta_cos_loss: 0.00000, total_cos_loss : 0.00000, vocab_cro_loss : 1.30222, 
epoch  46 summary: dyn_dyn_cos_loss: 0.00000, dyn_sta_cos_loss: 0.00000, total_cos_loss : 0.00000, vocab_cro_loss : 1.29463, 
epoch  47 summary: dyn_dyn_cos_loss: 0.00000, dyn_sta_cos_loss: 0.00000, total_cos_loss : 0.00000, vocab_cro_loss : 1.28881, 
epoch  48 summary: dyn_dyn_cos_loss: 0.00845, dyn_sta_cos_loss: 0.00219, total_cos_loss : 0.00219, vocab_cro_loss : 1.28617, 
epoch  49 summary: dyn_dyn_cos_loss: 0.00000, dyn_sta_cos_loss: 0.00000, total_cos_loss : 0.00000, vocab_cro_loss : 1.34222, 
epoch  50 summary: dyn_dyn_cos_loss: 0.00000, dyn_sta_cos_loss: 0.00000, total_cos_loss : 0.00000, vocab_cro_loss : 1.31050, 
train loss: 1.2934, train acc: 0.6328
epoch  51 summary: dyn_dyn_cos_loss: 0.00000, dyn_sta_cos_loss: 0.00000, total_cos_loss : 0.00000, vocab_cro_loss : 1.29331, 
epoch  52 summary: dyn_dyn_cos_loss: 0.00000, dyn_sta_cos_loss: 0.00000, total_cos_loss : 0.00000, vocab_cro_loss : 1.28365, 
epoch  53 summary: dyn_dyn_cos_loss: 0.00000, dyn_sta_cos_loss: 0.00000, total_cos_loss : 0.00000, vocab_cro_loss : 1.27857, 
epoch  54 summary: dyn_dyn_cos_loss: 0.00000, dyn_sta_cos_loss: 0.00000, total_cos_loss : 0.00000, vocab_cro_loss : 1.26349, 
epoch  55 summary: dyn_dyn_cos_loss: 0.00000, dyn_sta_cos_loss: 0.00000, total_cos_loss : 0.00000, vocab_cro_loss : 1.25379, 
epoch  56 summary: dyn_dyn_cos_loss: 0.00809, dyn_sta_cos_loss: 0.00205, total_cos_loss : 0.00205, vocab_cro_loss : 1.24860, 
epoch  57 summary: dyn_dyn_cos_loss: 0.00000, dyn_sta_cos_loss: 0.00000, total_cos_loss : 0.00000, vocab_cro_loss : 1.33720, 
epoch  58 summary: dyn_dyn_cos_loss: 0.00000, dyn_sta_cos_loss: 0.00000, total_cos_loss : 0.00000, vocab_cro_loss : 1.32471, 
epoch  59 summary: dyn_dyn_cos_loss: 0.00000, dyn_sta_cos_loss: 0.00000, total_cos_loss : 0.00000, vocab_cro_loss : 1.31046, 
epoch  60 summary: dyn_dyn_cos_loss: 0.00000, dyn_sta_cos_loss: 0.00000, total_cos_loss : 0.00000, vocab_cro_loss : 1.32683, 
train loss: 1.3390, train acc: 0.6270
epoch  61 summary: dyn_dyn_cos_loss: 0.00000, dyn_sta_cos_loss: 0.00000, total_cos_loss : 0.00000, vocab_cro_loss : 1.33848, 
epoch  62 summary: dyn_dyn_cos_loss: 0.00000, dyn_sta_cos_loss: 0.00000, total_cos_loss : 0.00000, vocab_cro_loss : 1.44291, 
epoch  63 summary: dyn_dyn_cos_loss: 0.00000, dyn_sta_cos_loss: 0.00000, total_cos_loss : 0.00000, vocab_cro_loss : 1.31952, 
epoch  64 summary: dyn_dyn_cos_loss: 0.00757, dyn_sta_cos_loss: 0.00212, total_cos_loss : 0.00212, vocab_cro_loss : 1.34546, 
epoch  65 summary: dyn_dyn_cos_loss: 0.00000, dyn_sta_cos_loss: 0.00000, total_cos_loss : 0.00000, vocab_cro_loss : 1.34719, 
epoch  66 summary: dyn_dyn_cos_loss: 0.00000, dyn_sta_cos_loss: 0.00000, total_cos_loss : 0.00000, vocab_cro_loss : 1.30172, 
epoch  67 summary: dyn_dyn_cos_loss: 0.00000, dyn_sta_cos_loss: 0.00000, total_cos_loss : 0.00000, vocab_cro_loss : 1.28265, 
epoch  68 summary: dyn_dyn_cos_loss: 0.00000, dyn_sta_cos_loss: 0.00000, total_cos_loss : 0.00000, vocab_cro_loss : 1.34526, 
epoch  69 summary: dyn_dyn_cos_loss: 0.00000, dyn_sta_cos_loss: 0.00000, total_cos_loss : 0.00000, vocab_cro_loss : 1.31163, 
epoch  70 summary: dyn_dyn_cos_loss: 0.00000, dyn_sta_cos_loss: 0.00000, total_cos_loss : 0.00000, vocab_cro_loss : 1.29393, 
train loss: 1.2758, train acc: 0.6304
epoch  71 summary: dyn_dyn_cos_loss: 0.00000, dyn_sta_cos_loss: 0.00000, total_cos_loss : 0.00000, vocab_cro_loss : 1.27570, 
epoch  72 summary: dyn_dyn_cos_loss: 0.00727, dyn_sta_cos_loss: 0.00205, total_cos_loss : 0.00205, vocab_cro_loss : 1.28449, 
epoch  73 summary: dyn_dyn_cos_loss: 0.00000, dyn_sta_cos_loss: 0.00000, total_cos_loss : 0.00000, vocab_cro_loss : 1.38338, 
epoch  74 summary: dyn_dyn_cos_loss: 0.00000, dyn_sta_cos_loss: 0.00000, total_cos_loss : 0.00000, vocab_cro_loss : 1.43270, 
epoch  75 summary: dyn_dyn_cos_loss: 0.00000, dyn_sta_cos_loss: 0.00000, total_cos_loss : 0.00000, vocab_cro_loss : 1.40276, 
epoch  76 summary: dyn_dyn_cos_loss: 0.00000, dyn_sta_cos_loss: 0.00000, total_cos_loss : 0.00000, vocab_cro_loss : 1.40561, 
epoch  77 summary: dyn_dyn_cos_loss: 0.00000, dyn_sta_cos_loss: 0.00000, total_cos_loss : 0.00000, vocab_cro_loss : 1.39397, 
epoch  78 summary: dyn_dyn_cos_loss: 0.00000, dyn_sta_cos_loss: 0.00000, total_cos_loss : 0.00000, vocab_cro_loss : 1.33887, 
epoch  79 summary: dyn_dyn_cos_loss: 0.00000, dyn_sta_cos_loss: 0.00000, total_cos_loss : 0.00000, vocab_cro_loss : 1.33208, 
epoch  80 summary: dyn_dyn_cos_loss: 0.00699, dyn_sta_cos_loss: 0.00193, total_cos_loss : 0.00193, vocab_cro_loss : 1.28850, 
train loss: 1.3982, train acc: 0.6143
epoch  81 summary: dyn_dyn_cos_loss: 0.00000, dyn_sta_cos_loss: 0.00000, total_cos_loss : 0.00000, vocab_cro_loss : 1.39784, 
epoch  82 summary: dyn_dyn_cos_loss: 0.00000, dyn_sta_cos_loss: 0.00000, total_cos_loss : 0.00000, vocab_cro_loss : 1.39042, 
epoch  83 summary: dyn_dyn_cos_loss: 0.00000, dyn_sta_cos_loss: 0.00000, total_cos_loss : 0.00000, vocab_cro_loss : 1.45156, 
epoch  84 summary: dyn_dyn_cos_loss: 0.00000, dyn_sta_cos_loss: 0.00000, total_cos_loss : 0.00000, vocab_cro_loss : 1.49816, 
epoch  85 summary: dyn_dyn_cos_loss: 0.00000, dyn_sta_cos_loss: 0.00000, total_cos_loss : 0.00000, vocab_cro_loss : 1.43671, 
epoch  86 summary: dyn_dyn_cos_loss: 0.00000, dyn_sta_cos_loss: 0.00000, total_cos_loss : 0.00000, vocab_cro_loss : 1.42759, 
epoch  87 summary: dyn_dyn_cos_loss: 0.00000, dyn_sta_cos_loss: 0.00000, total_cos_loss : 0.00000, vocab_cro_loss : 1.32833, 
epoch  88 summary: dyn_dyn_cos_loss: 0.00624, dyn_sta_cos_loss: 0.00210, total_cos_loss : 0.00210, vocab_cro_loss : 1.42181, 
epoch  89 summary: dyn_dyn_cos_loss: 0.00000, dyn_sta_cos_loss: 0.00000, total_cos_loss : 0.00000, vocab_cro_loss : 1.47924, 
epoch  90 summary: dyn_dyn_cos_loss: 0.00000, dyn_sta_cos_loss: 0.00000, total_cos_loss : 0.00000, vocab_cro_loss : 1.49732, 
train loss: 1.5331, train acc: 0.5825
epoch  91 summary: dyn_dyn_cos_loss: 0.00000, dyn_sta_cos_loss: 0.00000, total_cos_loss : 0.00000, vocab_cro_loss : 1.53237, 
epoch  92 summary: dyn_dyn_cos_loss: 0.00000, dyn_sta_cos_loss: 0.00000, total_cos_loss : 0.00000, vocab_cro_loss : 1.55766, 
epoch  93 summary: dyn_dyn_cos_loss: 0.00000, dyn_sta_cos_loss: 0.00000, total_cos_loss : 0.00000, vocab_cro_loss : 1.61675, 
epoch  94 summary: dyn_dyn_cos_loss: 0.00000, dyn_sta_cos_loss: 0.00000, total_cos_loss : 0.00000, vocab_cro_loss : 1.54575, 
epoch  95 summary: dyn_dyn_cos_loss: 0.00000, dyn_sta_cos_loss: 0.00000, total_cos_loss : 0.00000, vocab_cro_loss : 1.68555, 
epoch  96 summary: dyn_dyn_cos_loss: 0.00588, dyn_sta_cos_loss: 0.00225, total_cos_loss : 0.00225, vocab_cro_loss : 1.59009, 
epoch  97 summary: dyn_dyn_cos_loss: 0.00000, dyn_sta_cos_loss: 0.00000, total_cos_loss : 0.00000, vocab_cro_loss : 1.66380, 
epoch  98 summary: dyn_dyn_cos_loss: 0.00000, dyn_sta_cos_loss: 0.00000, total_cos_loss : 0.00000, vocab_cro_loss : 1.64237, 
epoch  99 summary: dyn_dyn_cos_loss: 0.00000, dyn_sta_cos_loss: 0.00000, total_cos_loss : 0.00000, vocab_cro_loss : 1.51000, 
epoch 100 summary: dyn_dyn_cos_loss: 0.00000, dyn_sta_cos_loss: 0.00000, total_cos_loss : 0.00000, vocab_cro_loss : 1.56444, 
train loss: 1.5953, train acc: 0.5649
epoch 101 summary: dyn_dyn_cos_loss: 0.00000, dyn_sta_cos_loss: 0.00000, total_cos_loss : 0.00000, vocab_cro_loss : 1.59431, 
epoch 102 summary: dyn_dyn_cos_loss: 0.00000, dyn_sta_cos_loss: 0.00000, total_cos_loss : 0.00000, vocab_cro_loss : 1.49778, 
epoch 103 summary: dyn_dyn_cos_loss: 0.00000, dyn_sta_cos_loss: 0.00000, total_cos_loss : 0.00000, vocab_cro_loss : 1.47285, 
epoch 104 summary: dyn_dyn_cos_loss: 0.00569, dyn_sta_cos_loss: 0.00189, total_cos_loss : 0.00189, vocab_cro_loss : 1.53610, 
epoch 105 summary: dyn_dyn_cos_loss: 0.00000, dyn_sta_cos_loss: 0.00000, total_cos_loss : 0.00000, vocab_cro_loss : 1.56098, 
epoch 106 summary: dyn_dyn_cos_loss: 0.00000, dyn_sta_cos_loss: 0.00000, total_cos_loss : 0.00000, vocab_cro_loss : 1.57291, 
epoch 107 summary: dyn_dyn_cos_loss: 0.00000, dyn_sta_cos_loss: 0.00000, total_cos_loss : 0.00000, vocab_cro_loss : 1.51656, 
epoch 108 summary: dyn_dyn_cos_loss: 0.00000, dyn_sta_cos_loss: 0.00000, total_cos_loss : 0.00000, vocab_cro_loss : 1.58581, 
epoch 109 summary: dyn_dyn_cos_loss: 0.00000, dyn_sta_cos_loss: 0.00000, total_cos_loss : 0.00000, vocab_cro_loss : 1.54876, 
epoch 110 summary: dyn_dyn_cos_loss: 0.00000, dyn_sta_cos_loss: 0.00000, total_cos_loss : 0.00000, vocab_cro_loss : 1.48011, 
train loss: 1.4353, train acc: 0.6089
epoch 111 summary: dyn_dyn_cos_loss: 0.00000, dyn_sta_cos_loss: 0.00000, total_cos_loss : 0.00000, vocab_cro_loss : 1.43484, 
epoch 112 summary: dyn_dyn_cos_loss: 0.00554, dyn_sta_cos_loss: 0.00185, total_cos_loss : 0.00185, vocab_cro_loss : 1.40727, 
epoch 113 summary: dyn_dyn_cos_loss: 0.00000, dyn_sta_cos_loss: 0.00000, total_cos_loss : 0.00000, vocab_cro_loss : 1.44605, 
epoch 114 summary: dyn_dyn_cos_loss: 0.00000, dyn_sta_cos_loss: 0.00000, total_cos_loss : 0.00000, vocab_cro_loss : 1.45066, 
epoch 115 summary: dyn_dyn_cos_loss: 0.00000, dyn_sta_cos_loss: 0.00000, total_cos_loss : 0.00000, vocab_cro_loss : 1.59722, 
epoch 116 summary: dyn_dyn_cos_loss: 0.00000, dyn_sta_cos_loss: 0.00000, total_cos_loss : 0.00000, vocab_cro_loss : 1.52357, 
epoch 117 summary: dyn_dyn_cos_loss: 0.00000, dyn_sta_cos_loss: 0.00000, total_cos_loss : 0.00000, vocab_cro_loss : 1.57053, 
epoch 118 summary: dyn_dyn_cos_loss: 0.00000, dyn_sta_cos_loss: 0.00000, total_cos_loss : 0.00000, vocab_cro_loss : 1.60835, 
epoch 119 summary: dyn_dyn_cos_loss: 0.00000, dyn_sta_cos_loss: 0.00000, total_cos_loss : 0.00000, vocab_cro_loss : 1.53026, 
epoch 120 summary: dyn_dyn_cos_loss: 0.00578, dyn_sta_cos_loss: 0.00197, total_cos_loss : 0.00197, vocab_cro_loss : 1.51321, 
train loss: 1.5435, train acc: 0.5537
epoch 121 summary: dyn_dyn_cos_loss: 0.00000, dyn_sta_cos_loss: 0.00000, total_cos_loss : 0.00000, vocab_cro_loss : 1.54299, 
epoch 122 summary: dyn_dyn_cos_loss: 0.00000, dyn_sta_cos_loss: 0.00000, total_cos_loss : 0.00000, vocab_cro_loss : 1.50168, 
epoch 123 summary: dyn_dyn_cos_loss: 0.00000, dyn_sta_cos_loss: 0.00000, total_cos_loss : 0.00000, vocab_cro_loss : 1.56959, 
epoch 124 summary: dyn_dyn_cos_loss: 0.00000, dyn_sta_cos_loss: 0.00000, total_cos_loss : 0.00000, vocab_cro_loss : 1.66618, 
epoch 125 summary: dyn_dyn_cos_loss: 0.00000, dyn_sta_cos_loss: 0.00000, total_cos_loss : 0.00000, vocab_cro_loss : 1.53099, 
epoch 126 summary: dyn_dyn_cos_loss: 0.00000, dyn_sta_cos_loss: 0.00000, total_cos_loss : 0.00000, vocab_cro_loss : 1.56112, 
epoch 127 summary: dyn_dyn_cos_loss: 0.00000, dyn_sta_cos_loss: 0.00000, total_cos_loss : 0.00000, vocab_cro_loss : 1.55277, 
epoch 128 summary: dyn_dyn_cos_loss: 0.00584, dyn_sta_cos_loss: 0.00220, total_cos_loss : 0.00220, vocab_cro_loss : 1.49902, 
epoch 129 summary: dyn_dyn_cos_loss: 0.00000, dyn_sta_cos_loss: 0.00000, total_cos_loss : 0.00000, vocab_cro_loss : 1.53213, 
epoch 130 summary: dyn_dyn_cos_loss: 0.00000, dyn_sta_cos_loss: 0.00000, total_cos_loss : 0.00000, vocab_cro_loss : 1.51096, 
train loss: 1.4286, train acc: 0.5947
epoch 131 summary: dyn_dyn_cos_loss: 0.00000, dyn_sta_cos_loss: 0.00000, total_cos_loss : 0.00000, vocab_cro_loss : 1.42845, 
epoch 132 summary: dyn_dyn_cos_loss: 0.00000, dyn_sta_cos_loss: 0.00000, total_cos_loss : 0.00000, vocab_cro_loss : 1.42421, 
epoch 133 summary: dyn_dyn_cos_loss: 0.00000, dyn_sta_cos_loss: 0.00000, total_cos_loss : 0.00000, vocab_cro_loss : 1.45489, 
epoch 134 summary: dyn_dyn_cos_loss: 0.00000, dyn_sta_cos_loss: 0.00000, total_cos_loss : 0.00000, vocab_cro_loss : 1.43938, 
epoch 135 summary: dyn_dyn_cos_loss: 0.00000, dyn_sta_cos_loss: 0.00000, total_cos_loss : 0.00000, vocab_cro_loss : 1.45174, 
epoch 136 summary: dyn_dyn_cos_loss: 0.00650, dyn_sta_cos_loss: 0.00185, total_cos_loss : 0.00185, vocab_cro_loss : 1.39386, 
epoch 137 summary: dyn_dyn_cos_loss: 0.00000, dyn_sta_cos_loss: 0.00000, total_cos_loss : 0.00000, vocab_cro_loss : 1.42398, 
epoch 138 summary: dyn_dyn_cos_loss: 0.00000, dyn_sta_cos_loss: 0.00000, total_cos_loss : 0.00000, vocab_cro_loss : 1.38235, 
epoch 139 summary: dyn_dyn_cos_loss: 0.00000, dyn_sta_cos_loss: 0.00000, total_cos_loss : 0.00000, vocab_cro_loss : 1.35535, 
epoch 140 summary: dyn_dyn_cos_loss: 0.00000, dyn_sta_cos_loss: 0.00000, total_cos_loss : 0.00000, vocab_cro_loss : 1.35471, 
train loss: 1.3196, train acc: 0.6240
epoch 141 summary: dyn_dyn_cos_loss: 0.00000, dyn_sta_cos_loss: 0.00000, total_cos_loss : 0.00000, vocab_cro_loss : 1.31945, 
epoch 142 summary: dyn_dyn_cos_loss: 0.00000, dyn_sta_cos_loss: 0.00000, total_cos_loss : 0.00000, vocab_cro_loss : 1.30059, 
epoch 143 summary: dyn_dyn_cos_loss: 0.00000, dyn_sta_cos_loss: 0.00000, total_cos_loss : 0.00000, vocab_cro_loss : 1.29620, 
epoch 144 summary: dyn_dyn_cos_loss: 0.00596, dyn_sta_cos_loss: 0.00167, total_cos_loss : 0.00167, vocab_cro_loss : 1.29319, 
epoch 145 summary: dyn_dyn_cos_loss: 0.00000, dyn_sta_cos_loss: 0.00000, total_cos_loss : 0.00000, vocab_cro_loss : 1.37116, 
epoch 146 summary: dyn_dyn_cos_loss: 0.00000, dyn_sta_cos_loss: 0.00000, total_cos_loss : 0.00000, vocab_cro_loss : 1.34598, 
epoch 147 summary: dyn_dyn_cos_loss: 0.00000, dyn_sta_cos_loss: 0.00000, total_cos_loss : 0.00000, vocab_cro_loss : 1.31397, 
epoch 148 summary: dyn_dyn_cos_loss: 0.00000, dyn_sta_cos_loss: 0.00000, total_cos_loss : 0.00000, vocab_cro_loss : 1.29377, 
epoch 149 summary: dyn_dyn_cos_loss: 0.00000, dyn_sta_cos_loss: 0.00000, total_cos_loss : 0.00000, vocab_cro_loss : 1.29619, 
epoch 150 summary: dyn_dyn_cos_loss: 0.00000, dyn_sta_cos_loss: 0.00000, total_cos_loss : 0.00000, vocab_cro_loss : 1.31286, 
train loss: 1.2824, train acc: 0.6333
epoch 151 summary: dyn_dyn_cos_loss: 0.00000, dyn_sta_cos_loss: 0.00000, total_cos_loss : 0.00000, vocab_cro_loss : 1.28231, 
epoch 152 summary: dyn_dyn_cos_loss: 0.00554, dyn_sta_cos_loss: 0.00156, total_cos_loss : 0.00156, vocab_cro_loss : 1.27612, 
epoch 153 summary: dyn_dyn_cos_loss: 0.00000, dyn_sta_cos_loss: 0.00000, total_cos_loss : 0.00000, vocab_cro_loss : 1.36192, 
epoch 154 summary: dyn_dyn_cos_loss: 0.00000, dyn_sta_cos_loss: 0.00000, total_cos_loss : 0.00000, vocab_cro_loss : 1.32853, 
epoch 155 summary: dyn_dyn_cos_loss: 0.00000, dyn_sta_cos_loss: 0.00000, total_cos_loss : 0.00000, vocab_cro_loss : 1.31942, 
epoch 156 summary: dyn_dyn_cos_loss: 0.00000, dyn_sta_cos_loss: 0.00000, total_cos_loss : 0.00000, vocab_cro_loss : 1.31165, 
epoch 157 summary: dyn_dyn_cos_loss: 0.00000, dyn_sta_cos_loss: 0.00000, total_cos_loss : 0.00000, vocab_cro_loss : 1.32461, 
epoch 158 summary: dyn_dyn_cos_loss: 0.00000, dyn_sta_cos_loss: 0.00000, total_cos_loss : 0.00000, vocab_cro_loss : 1.31220, 
epoch 159 summary: dyn_dyn_cos_loss: 0.00000, dyn_sta_cos_loss: 0.00000, total_cos_loss : 0.00000, vocab_cro_loss : 1.30230, 
epoch 160 summary: dyn_dyn_cos_loss: 0.00498, dyn_sta_cos_loss: 0.00154, total_cos_loss : 0.00154, vocab_cro_loss : 1.29814, 
train loss: 1.3473, train acc: 0.5942
epoch 161 summary: dyn_dyn_cos_loss: 0.00000, dyn_sta_cos_loss: 0.00000, total_cos_loss : 0.00000, vocab_cro_loss : 1.34718, 
epoch 162 summary: dyn_dyn_cos_loss: 0.00000, dyn_sta_cos_loss: 0.00000, total_cos_loss : 0.00000, vocab_cro_loss : 1.31984, 
epoch 163 summary: dyn_dyn_cos_loss: 0.00000, dyn_sta_cos_loss: 0.00000, total_cos_loss : 0.00000, vocab_cro_loss : 1.31588, 
epoch 164 summary: dyn_dyn_cos_loss: 0.00000, dyn_sta_cos_loss: 0.00000, total_cos_loss : 0.00000, vocab_cro_loss : 1.31034, 
epoch 165 summary: dyn_dyn_cos_loss: 0.00000, dyn_sta_cos_loss: 0.00000, total_cos_loss : 0.00000, vocab_cro_loss : 1.28642, 
epoch 166 summary: dyn_dyn_cos_loss: 0.00000, dyn_sta_cos_loss: 0.00000, total_cos_loss : 0.00000, vocab_cro_loss : 1.27409, 
epoch 167 summary: dyn_dyn_cos_loss: 0.00000, dyn_sta_cos_loss: 0.00000, total_cos_loss : 0.00000, vocab_cro_loss : 1.27361, 
epoch 168 summary: dyn_dyn_cos_loss: 0.00467, dyn_sta_cos_loss: 0.00153, total_cos_loss : 0.00153, vocab_cro_loss : 1.26548, 
epoch 169 summary: dyn_dyn_cos_loss: 0.00000, dyn_sta_cos_loss: 0.00000, total_cos_loss : 0.00000, vocab_cro_loss : 1.31148, 
epoch 170 summary: dyn_dyn_cos_loss: 0.00000, dyn_sta_cos_loss: 0.00000, total_cos_loss : 0.00000, vocab_cro_loss : 1.28642, 
train loss: 1.2886, train acc: 0.6187
epoch 171 summary: dyn_dyn_cos_loss: 0.00000, dyn_sta_cos_loss: 0.00000, total_cos_loss : 0.00000, vocab_cro_loss : 1.28846, 
epoch 172 summary: dyn_dyn_cos_loss: 0.00000, dyn_sta_cos_loss: 0.00000, total_cos_loss : 0.00000, vocab_cro_loss : 1.25923, 
epoch 173 summary: dyn_dyn_cos_loss: 0.00000, dyn_sta_cos_loss: 0.00000, total_cos_loss : 0.00000, vocab_cro_loss : 1.25431, 
epoch 174 summary: dyn_dyn_cos_loss: 0.00000, dyn_sta_cos_loss: 0.00000, total_cos_loss : 0.00000, vocab_cro_loss : 1.24830, 
epoch 175 summary: dyn_dyn_cos_loss: 0.00000, dyn_sta_cos_loss: 0.00000, total_cos_loss : 0.00000, vocab_cro_loss : 1.23490, 
epoch 176 summary: dyn_dyn_cos_loss: 0.00449, dyn_sta_cos_loss: 0.00152, total_cos_loss : 0.00152, vocab_cro_loss : 1.23416, 
epoch 177 summary: dyn_dyn_cos_loss: 0.00000, dyn_sta_cos_loss: 0.00000, total_cos_loss : 0.00000, vocab_cro_loss : 1.28237, 
epoch 178 summary: dyn_dyn_cos_loss: 0.00000, dyn_sta_cos_loss: 0.00000, total_cos_loss : 0.00000, vocab_cro_loss : 1.25529, 
epoch 179 summary: dyn_dyn_cos_loss: 0.00000, dyn_sta_cos_loss: 0.00000, total_cos_loss : 0.00000, vocab_cro_loss : 1.23457, 
epoch 180 summary: dyn_dyn_cos_loss: 0.00000, dyn_sta_cos_loss: 0.00000, total_cos_loss : 0.00000, vocab_cro_loss : 1.23134, 
train loss: 1.2094, train acc: 0.6416
epoch 181 summary: dyn_dyn_cos_loss: 0.00000, dyn_sta_cos_loss: 0.00000, total_cos_loss : 0.00000, vocab_cro_loss : 1.20932, 
epoch 182 summary: dyn_dyn_cos_loss: 0.00000, dyn_sta_cos_loss: 0.00000, total_cos_loss : 0.00000, vocab_cro_loss : 1.19970, 
epoch 183 summary: dyn_dyn_cos_loss: 0.00000, dyn_sta_cos_loss: 0.00000, total_cos_loss : 0.00000, vocab_cro_loss : 1.19290, 
epoch 184 summary: dyn_dyn_cos_loss: 0.00418, dyn_sta_cos_loss: 0.00146, total_cos_loss : 0.00146, vocab_cro_loss : 1.18809, 
epoch 185 summary: dyn_dyn_cos_loss: 0.00000, dyn_sta_cos_loss: 0.00000, total_cos_loss : 0.00000, vocab_cro_loss : 1.28219, 
epoch 186 summary: dyn_dyn_cos_loss: 0.00000, dyn_sta_cos_loss: 0.00000, total_cos_loss : 0.00000, vocab_cro_loss : 1.27648, 
epoch 187 summary: dyn_dyn_cos_loss: 0.00000, dyn_sta_cos_loss: 0.00000, total_cos_loss : 0.00000, vocab_cro_loss : 1.24934, 
epoch 188 summary: dyn_dyn_cos_loss: 0.00000, dyn_sta_cos_loss: 0.00000, total_cos_loss : 0.00000, vocab_cro_loss : 1.22816, 
epoch 189 summary: dyn_dyn_cos_loss: 0.00000, dyn_sta_cos_loss: 0.00000, total_cos_loss : 0.00000, vocab_cro_loss : 1.22788, 
epoch 190 summary: dyn_dyn_cos_loss: 0.00000, dyn_sta_cos_loss: 0.00000, total_cos_loss : 0.00000, vocab_cro_loss : 1.25250, 
train loss: 1.2919, train acc: 0.6382
epoch 191 summary: dyn_dyn_cos_loss: 0.00000, dyn_sta_cos_loss: 0.00000, total_cos_loss : 0.00000, vocab_cro_loss : 1.29163, 
epoch 192 summary: dyn_dyn_cos_loss: 0.00405, dyn_sta_cos_loss: 0.00145, total_cos_loss : 0.00145, vocab_cro_loss : 1.22778, 
epoch 193 summary: dyn_dyn_cos_loss: 0.00000, dyn_sta_cos_loss: 0.00000, total_cos_loss : 0.00000, vocab_cro_loss : 1.33942, 
epoch 194 summary: dyn_dyn_cos_loss: 0.00000, dyn_sta_cos_loss: 0.00000, total_cos_loss : 0.00000, vocab_cro_loss : 1.41523, 
epoch 195 summary: dyn_dyn_cos_loss: 0.00000, dyn_sta_cos_loss: 0.00000, total_cos_loss : 0.00000, vocab_cro_loss : 1.39529, 
epoch 196 summary: dyn_dyn_cos_loss: 0.00000, dyn_sta_cos_loss: 0.00000, total_cos_loss : 0.00000, vocab_cro_loss : 1.51411, 
epoch 197 summary: dyn_dyn_cos_loss: 0.00000, dyn_sta_cos_loss: 0.00000, total_cos_loss : 0.00000, vocab_cro_loss : 1.36100, 
epoch 198 summary: dyn_dyn_cos_loss: 0.00000, dyn_sta_cos_loss: 0.00000, total_cos_loss : 0.00000, vocab_cro_loss : 1.37015, 
epoch 199 summary: dyn_dyn_cos_loss: 0.00000, dyn_sta_cos_loss: 0.00000, total_cos_loss : 0.00000, vocab_cro_loss : 1.35310, 
epoch 200 summary: dyn_dyn_cos_loss: 0.00407, dyn_sta_cos_loss: 0.00210, total_cos_loss : 0.00210, vocab_cro_loss : 1.36737, 
train loss: 1.6403, train acc: 0.5259
epoch 201 summary: dyn_dyn_cos_loss: 0.00000, dyn_sta_cos_loss: 0.00000, total_cos_loss : 0.00000, vocab_cro_loss : 1.63937, 
epoch 202 summary: dyn_dyn_cos_loss: 0.00000, dyn_sta_cos_loss: 0.00000, total_cos_loss : 0.00000, vocab_cro_loss : 1.52054, 
epoch 203 summary: dyn_dyn_cos_loss: 0.00000, dyn_sta_cos_loss: 0.00000, total_cos_loss : 0.00000, vocab_cro_loss : 1.52932, 
epoch 204 summary: dyn_dyn_cos_loss: 0.00000, dyn_sta_cos_loss: 0.00000, total_cos_loss : 0.00000, vocab_cro_loss : 1.46744, 
epoch 205 summary: dyn_dyn_cos_loss: 0.00000, dyn_sta_cos_loss: 0.00000, total_cos_loss : 0.00000, vocab_cro_loss : 1.40606, 
epoch 206 summary: dyn_dyn_cos_loss: 0.00000, dyn_sta_cos_loss: 0.00000, total_cos_loss : 0.00000, vocab_cro_loss : 1.42272, 
epoch 207 summary: dyn_dyn_cos_loss: 0.00000, dyn_sta_cos_loss: 0.00000, total_cos_loss : 0.00000, vocab_cro_loss : 1.40550, 
epoch 208 summary: dyn_dyn_cos_loss: 0.00489, dyn_sta_cos_loss: 0.00182, total_cos_loss : 0.00182, vocab_cro_loss : 1.41152, 
epoch 209 summary: dyn_dyn_cos_loss: 0.00000, dyn_sta_cos_loss: 0.00000, total_cos_loss : 0.00000, vocab_cro_loss : 1.46255, 
epoch 210 summary: dyn_dyn_cos_loss: 0.00000, dyn_sta_cos_loss: 0.00000, total_cos_loss : 0.00000, vocab_cro_loss : 1.39097, 
train loss: 1.3125, train acc: 0.6167
epoch 211 summary: dyn_dyn_cos_loss: 0.00000, dyn_sta_cos_loss: 0.00000, total_cos_loss : 0.00000, vocab_cro_loss : 1.31232, 
epoch 212 summary: dyn_dyn_cos_loss: 0.00000, dyn_sta_cos_loss: 0.00000, total_cos_loss : 0.00000, vocab_cro_loss : 1.29987, 
epoch 213 summary: dyn_dyn_cos_loss: 0.00000, dyn_sta_cos_loss: 0.00000, total_cos_loss : 0.00000, vocab_cro_loss : 1.27998, 
epoch 214 summary: dyn_dyn_cos_loss: 0.00000, dyn_sta_cos_loss: 0.00000, total_cos_loss : 0.00000, vocab_cro_loss : 1.30041, 
epoch 215 summary: dyn_dyn_cos_loss: 0.00000, dyn_sta_cos_loss: 0.00000, total_cos_loss : 0.00000, vocab_cro_loss : 1.36752, 
epoch 216 summary: dyn_dyn_cos_loss: 0.00493, dyn_sta_cos_loss: 0.00178, total_cos_loss : 0.00178, vocab_cro_loss : 1.29828, 
epoch 217 summary: dyn_dyn_cos_loss: 0.00000, dyn_sta_cos_loss: 0.00000, total_cos_loss : 0.00000, vocab_cro_loss : 1.36425, 
epoch 218 summary: dyn_dyn_cos_loss: 0.00000, dyn_sta_cos_loss: 0.00000, total_cos_loss : 0.00000, vocab_cro_loss : 1.55546, 
epoch 219 summary: dyn_dyn_cos_loss: 0.00000, dyn_sta_cos_loss: 0.00000, total_cos_loss : 0.00000, vocab_cro_loss : 1.36379, 
epoch 220 summary: dyn_dyn_cos_loss: 0.00000, dyn_sta_cos_loss: 0.00000, total_cos_loss : 0.00000, vocab_cro_loss : 1.35219, 
train loss: 1.5256, train acc: 0.5894
epoch 221 summary: dyn_dyn_cos_loss: 0.00000, dyn_sta_cos_loss: 0.00000, total_cos_loss : 0.00000, vocab_cro_loss : 1.52369, 
epoch 222 summary: dyn_dyn_cos_loss: 0.00000, dyn_sta_cos_loss: 0.00000, total_cos_loss : 0.00000, vocab_cro_loss : 1.73689, 
epoch 223 summary: dyn_dyn_cos_loss: 0.00000, dyn_sta_cos_loss: 0.00000, total_cos_loss : 0.00000, vocab_cro_loss : 1.47861, 
epoch 224 summary: dyn_dyn_cos_loss: 0.00498, dyn_sta_cos_loss: 0.00185, total_cos_loss : 0.00185, vocab_cro_loss : 1.59814, 
epoch 225 summary: dyn_dyn_cos_loss: 0.00000, dyn_sta_cos_loss: 0.00000, total_cos_loss : 0.00000, vocab_cro_loss : 1.55666, 
epoch 226 summary: dyn_dyn_cos_loss: 0.00000, dyn_sta_cos_loss: 0.00000, total_cos_loss : 0.00000, vocab_cro_loss : 1.57973, 
epoch 227 summary: dyn_dyn_cos_loss: 0.00000, dyn_sta_cos_loss: 0.00000, total_cos_loss : 0.00000, vocab_cro_loss : 1.51437, 
epoch 228 summary: dyn_dyn_cos_loss: 0.00000, dyn_sta_cos_loss: 0.00000, total_cos_loss : 0.00000, vocab_cro_loss : 1.46594, 
epoch 229 summary: dyn_dyn_cos_loss: 0.00000, dyn_sta_cos_loss: 0.00000, total_cos_loss : 0.00000, vocab_cro_loss : 1.39484, 
epoch 230 summary: dyn_dyn_cos_loss: 0.00000, dyn_sta_cos_loss: 0.00000, total_cos_loss : 0.00000, vocab_cro_loss : 1.41730, 
train loss: 1.4518, train acc: 0.5952
epoch 231 summary: dyn_dyn_cos_loss: 0.00000, dyn_sta_cos_loss: 0.00000, total_cos_loss : 0.00000, vocab_cro_loss : 1.45168, 
epoch 232 summary: dyn_dyn_cos_loss: 0.00538, dyn_sta_cos_loss: 0.00176, total_cos_loss : 0.00176, vocab_cro_loss : 1.43850, 
epoch 233 summary: dyn_dyn_cos_loss: 0.00000, dyn_sta_cos_loss: 0.00000, total_cos_loss : 0.00000, vocab_cro_loss : 1.39649, 
epoch 234 summary: dyn_dyn_cos_loss: 0.00000, dyn_sta_cos_loss: 0.00000, total_cos_loss : 0.00000, vocab_cro_loss : 1.39019, 
epoch 235 summary: dyn_dyn_cos_loss: 0.00000, dyn_sta_cos_loss: 0.00000, total_cos_loss : 0.00000, vocab_cro_loss : 1.38442, 
epoch 236 summary: dyn_dyn_cos_loss: 0.00000, dyn_sta_cos_loss: 0.00000, total_cos_loss : 0.00000, vocab_cro_loss : 1.36464, 
epoch 237 summary: dyn_dyn_cos_loss: 0.00000, dyn_sta_cos_loss: 0.00000, total_cos_loss : 0.00000, vocab_cro_loss : 1.38288, 
epoch 238 summary: dyn_dyn_cos_loss: 0.00000, dyn_sta_cos_loss: 0.00000, total_cos_loss : 0.00000, vocab_cro_loss : 1.42994, 
epoch 239 summary: dyn_dyn_cos_loss: 0.00000, dyn_sta_cos_loss: 0.00000, total_cos_loss : 0.00000, vocab_cro_loss : 1.54303, 
epoch 240 summary: dyn_dyn_cos_loss: 0.00542, dyn_sta_cos_loss: 0.00158, total_cos_loss : 0.00158, vocab_cro_loss : 1.41755, 
train loss: 1.4238, train acc: 0.5898
epoch 241 summary: dyn_dyn_cos_loss: 0.00000, dyn_sta_cos_loss: 0.00000, total_cos_loss : 0.00000, vocab_cro_loss : 1.42346, 
epoch 242 summary: dyn_dyn_cos_loss: 0.00000, dyn_sta_cos_loss: 0.00000, total_cos_loss : 0.00000, vocab_cro_loss : 1.39272, 
epoch 243 summary: dyn_dyn_cos_loss: 0.00000, dyn_sta_cos_loss: 0.00000, total_cos_loss : 0.00000, vocab_cro_loss : 1.35355, 
epoch 244 summary: dyn_dyn_cos_loss: 0.00000, dyn_sta_cos_loss: 0.00000, total_cos_loss : 0.00000, vocab_cro_loss : 1.36545, 
epoch 245 summary: dyn_dyn_cos_loss: 0.00000, dyn_sta_cos_loss: 0.00000, total_cos_loss : 0.00000, vocab_cro_loss : 1.36449, 
epoch 246 summary: dyn_dyn_cos_loss: 0.00000, dyn_sta_cos_loss: 0.00000, total_cos_loss : 0.00000, vocab_cro_loss : 1.39828, 
epoch 247 summary: dyn_dyn_cos_loss: 0.00000, dyn_sta_cos_loss: 0.00000, total_cos_loss : 0.00000, vocab_cro_loss : 1.29496, 
epoch 248 summary: dyn_dyn_cos_loss: 0.00492, dyn_sta_cos_loss: 0.00151, total_cos_loss : 0.00151, vocab_cro_loss : 1.28970, 
epoch 249 summary: dyn_dyn_cos_loss: 0.00000, dyn_sta_cos_loss: 0.00000, total_cos_loss : 0.00000, vocab_cro_loss : 1.33223, 
epoch 250 summary: dyn_dyn_cos_loss: 0.00000, dyn_sta_cos_loss: 0.00000, total_cos_loss : 0.00000, vocab_cro_loss : 1.35214, 
train loss: 1.4476, train acc: 0.5796
epoch 251 summary: dyn_dyn_cos_loss: 0.00000, dyn_sta_cos_loss: 0.00000, total_cos_loss : 0.00000, vocab_cro_loss : 1.44670, 
epoch 252 summary: dyn_dyn_cos_loss: 0.00000, dyn_sta_cos_loss: 0.00000, total_cos_loss : 0.00000, vocab_cro_loss : 1.38419, 
epoch 253 summary: dyn_dyn_cos_loss: 0.00000, dyn_sta_cos_loss: 0.00000, total_cos_loss : 0.00000, vocab_cro_loss : 1.33233, 
epoch 254 summary: dyn_dyn_cos_loss: 0.00000, dyn_sta_cos_loss: 0.00000, total_cos_loss : 0.00000, vocab_cro_loss : 1.33260, 
epoch 255 summary: dyn_dyn_cos_loss: 0.00000, dyn_sta_cos_loss: 0.00000, total_cos_loss : 0.00000, vocab_cro_loss : 1.35314, 
epoch 256 summary: dyn_dyn_cos_loss: 0.00450, dyn_sta_cos_loss: 0.00170, total_cos_loss : 0.00170, vocab_cro_loss : 1.31670, 
epoch 257 summary: dyn_dyn_cos_loss: 0.00000, dyn_sta_cos_loss: 0.00000, total_cos_loss : 0.00000, vocab_cro_loss : 1.36090, 
epoch 258 summary: dyn_dyn_cos_loss: 0.00000, dyn_sta_cos_loss: 0.00000, total_cos_loss : 0.00000, vocab_cro_loss : 1.36739, 
epoch 259 summary: dyn_dyn_cos_loss: 0.00000, dyn_sta_cos_loss: 0.00000, total_cos_loss : 0.00000, vocab_cro_loss : 1.47704, 
epoch 260 summary: dyn_dyn_cos_loss: 0.00000, dyn_sta_cos_loss: 0.00000, total_cos_loss : 0.00000, vocab_cro_loss : 1.42005, 
train loss: 1.3344, train acc: 0.6045
epoch 261 summary: dyn_dyn_cos_loss: 0.00000, dyn_sta_cos_loss: 0.00000, total_cos_loss : 0.00000, vocab_cro_loss : 1.33411, 
epoch 262 summary: dyn_dyn_cos_loss: 0.00000, dyn_sta_cos_loss: 0.00000, total_cos_loss : 0.00000, vocab_cro_loss : 1.32058, 
epoch 263 summary: dyn_dyn_cos_loss: 0.00000, dyn_sta_cos_loss: 0.00000, total_cos_loss : 0.00000, vocab_cro_loss : 1.38790, 
epoch 264 summary: dyn_dyn_cos_loss: 0.00450, dyn_sta_cos_loss: 0.00150, total_cos_loss : 0.00150, vocab_cro_loss : 1.39248, 
epoch 265 summary: dyn_dyn_cos_loss: 0.00000, dyn_sta_cos_loss: 0.00000, total_cos_loss : 0.00000, vocab_cro_loss : 1.39353, 
epoch 266 summary: dyn_dyn_cos_loss: 0.00000, dyn_sta_cos_loss: 0.00000, total_cos_loss : 0.00000, vocab_cro_loss : 1.33769, 
epoch 267 summary: dyn_dyn_cos_loss: 0.00000, dyn_sta_cos_loss: 0.00000, total_cos_loss : 0.00000, vocab_cro_loss : 1.32076, 
epoch 268 summary: dyn_dyn_cos_loss: 0.00000, dyn_sta_cos_loss: 0.00000, total_cos_loss : 0.00000, vocab_cro_loss : 1.31596, 
epoch 269 summary: dyn_dyn_cos_loss: 0.00000, dyn_sta_cos_loss: 0.00000, total_cos_loss : 0.00000, vocab_cro_loss : 1.30507, 
epoch 270 summary: dyn_dyn_cos_loss: 0.00000, dyn_sta_cos_loss: 0.00000, total_cos_loss : 0.00000, vocab_cro_loss : 1.30503, 
train loss: 1.2919, train acc: 0.6235
epoch 271 summary: dyn_dyn_cos_loss: 0.00000, dyn_sta_cos_loss: 0.00000, total_cos_loss : 0.00000, vocab_cro_loss : 1.29179, 
epoch 272 summary: dyn_dyn_cos_loss: 0.00416, dyn_sta_cos_loss: 0.00151, total_cos_loss : 0.00151, vocab_cro_loss : 1.26518, 
epoch 273 summary: dyn_dyn_cos_loss: 0.00000, dyn_sta_cos_loss: 0.00000, total_cos_loss : 0.00000, vocab_cro_loss : 1.32431, 
epoch 274 summary: dyn_dyn_cos_loss: 0.00000, dyn_sta_cos_loss: 0.00000, total_cos_loss : 0.00000, vocab_cro_loss : 1.31645, 
epoch 275 summary: dyn_dyn_cos_loss: 0.00000, dyn_sta_cos_loss: 0.00000, total_cos_loss : 0.00000, vocab_cro_loss : 1.30619, 
epoch 276 summary: dyn_dyn_cos_loss: 0.00000, dyn_sta_cos_loss: 0.00000, total_cos_loss : 0.00000, vocab_cro_loss : 1.30064, 
epoch 277 summary: dyn_dyn_cos_loss: 0.00000, dyn_sta_cos_loss: 0.00000, total_cos_loss : 0.00000, vocab_cro_loss : 1.28467, 
epoch 278 summary: dyn_dyn_cos_loss: 0.00000, dyn_sta_cos_loss: 0.00000, total_cos_loss : 0.00000, vocab_cro_loss : 1.27570, 
epoch 279 summary: dyn_dyn_cos_loss: 0.00000, dyn_sta_cos_loss: 0.00000, total_cos_loss : 0.00000, vocab_cro_loss : 1.27437, 
epoch 280 summary: dyn_dyn_cos_loss: 0.00450, dyn_sta_cos_loss: 0.00158, total_cos_loss : 0.00158, vocab_cro_loss : 1.26619, 
train loss: 1.3511, train acc: 0.6064
epoch 281 summary: dyn_dyn_cos_loss: 0.00000, dyn_sta_cos_loss: 0.00000, total_cos_loss : 0.00000, vocab_cro_loss : 1.35066, 
epoch 282 summary: dyn_dyn_cos_loss: 0.00000, dyn_sta_cos_loss: 0.00000, total_cos_loss : 0.00000, vocab_cro_loss : 1.30588, 
epoch 283 summary: dyn_dyn_cos_loss: 0.00000, dyn_sta_cos_loss: 0.00000, total_cos_loss : 0.00000, vocab_cro_loss : 1.31391, 
epoch 284 summary: dyn_dyn_cos_loss: 0.00000, dyn_sta_cos_loss: 0.00000, total_cos_loss : 0.00000, vocab_cro_loss : 1.30616, 
epoch 285 summary: dyn_dyn_cos_loss: 0.00000, dyn_sta_cos_loss: 0.00000, total_cos_loss : 0.00000, vocab_cro_loss : 1.32132, 
epoch 286 summary: dyn_dyn_cos_loss: 0.00000, dyn_sta_cos_loss: 0.00000, total_cos_loss : 0.00000, vocab_cro_loss : 1.31183, 
epoch 287 summary: dyn_dyn_cos_loss: 0.00000, dyn_sta_cos_loss: 0.00000, total_cos_loss : 0.00000, vocab_cro_loss : 1.33556, 
epoch 288 summary: dyn_dyn_cos_loss: 0.00499, dyn_sta_cos_loss: 0.00165, total_cos_loss : 0.00165, vocab_cro_loss : 1.32259, 
epoch 289 summary: dyn_dyn_cos_loss: 0.00000, dyn_sta_cos_loss: 0.00000, total_cos_loss : 0.00000, vocab_cro_loss : 1.37109, 
epoch 290 summary: dyn_dyn_cos_loss: 0.00000, dyn_sta_cos_loss: 0.00000, total_cos_loss : 0.00000, vocab_cro_loss : 1.37370, 
train loss: 1.3767, train acc: 0.6157
epoch 291 summary: dyn_dyn_cos_loss: 0.00000, dyn_sta_cos_loss: 0.00000, total_cos_loss : 0.00000, vocab_cro_loss : 1.37634, 
epoch 292 summary: dyn_dyn_cos_loss: 0.00000, dyn_sta_cos_loss: 0.00000, total_cos_loss : 0.00000, vocab_cro_loss : 1.32366, 
epoch 293 summary: dyn_dyn_cos_loss: 0.00000, dyn_sta_cos_loss: 0.00000, total_cos_loss : 0.00000, vocab_cro_loss : 1.31203, 
epoch 294 summary: dyn_dyn_cos_loss: 0.00000, dyn_sta_cos_loss: 0.00000, total_cos_loss : 0.00000, vocab_cro_loss : 1.30365, 
epoch 295 summary: dyn_dyn_cos_loss: 0.00000, dyn_sta_cos_loss: 0.00000, total_cos_loss : 0.00000, vocab_cro_loss : 1.30457, 
epoch 296 summary: dyn_dyn_cos_loss: 0.00501, dyn_sta_cos_loss: 0.00150, total_cos_loss : 0.00150, vocab_cro_loss : 1.38157, 
epoch 297 summary: dyn_dyn_cos_loss: 0.00000, dyn_sta_cos_loss: 0.00000, total_cos_loss : 0.00000, vocab_cro_loss : 1.35478, 
epoch 298 summary: dyn_dyn_cos_loss: 0.00000, dyn_sta_cos_loss: 0.00000, total_cos_loss : 0.00000, vocab_cro_loss : 1.33835, 
epoch 299 summary: dyn_dyn_cos_loss: 0.00000, dyn_sta_cos_loss: 0.00000, total_cos_loss : 0.00000, vocab_cro_loss : 1.32567, 
train loss: 1.2824, train acc: 0.6206
all                         118074.103ms
all_epoch                   114513.895ms
all_preparation               3560.188ms
all_preparation_2             3557.564ms
all_preparation_3                2.599ms
epoch                          174.251ms
epoch_pos_train                  4.480ms
epoch_preparation                7.218ms
epoch_train                    157.979ms
epoch_valid                      3.568ms
----------------------------------------
all                         118074.103ms
  all_epoch             96.98%
  all_preparation        3.02%
all_preparation               3560.188ms
  all_preparation_2     99.93%
  all_preparation_3      0.07%
epoch                        52275.185ms
  epoch_train           90.66%
  epoch_preparation      4.14%
  epoch_pos_train        2.57%
  epoch_valid            2.05%
epoch   0 summary: dyn_dyn_cos_loss: 0.02154, dyn_sta_cos_loss: 0.00663, total_cos_loss : 0.00663, 
valid loss: 3.0167, valid acc: 0.2754
epoch   1 summary: dyn_dyn_cos_loss: 0.01339, dyn_sta_cos_loss: 0.00380, total_cos_loss : 0.00380, 
epoch   2 summary: dyn_dyn_cos_loss: 0.00941, dyn_sta_cos_loss: 0.00246, total_cos_loss : 0.00246, 
epoch   3 summary: dyn_dyn_cos_loss: 0.00747, dyn_sta_cos_loss: 0.00179, total_cos_loss : 0.00179, 
epoch   4 summary: dyn_dyn_cos_loss: 0.00652, dyn_sta_cos_loss: 0.00146, total_cos_loss : 0.00146, 
epoch   5 summary: dyn_dyn_cos_loss: 0.00602, dyn_sta_cos_loss: 0.00129, total_cos_loss : 0.00129, 
epoch   6 summary: dyn_dyn_cos_loss: 0.00574, dyn_sta_cos_loss: 0.00118, total_cos_loss : 0.00118, 
epoch   7 summary: dyn_dyn_cos_loss: 0.00557, dyn_sta_cos_loss: 0.00111, total_cos_loss : 0.00111, 
epoch   8 summary: dyn_dyn_cos_loss: 0.00545, dyn_sta_cos_loss: 0.00107, total_cos_loss : 0.00107, 
epoch   9 summary: dyn_dyn_cos_loss: 0.00538, dyn_sta_cos_loss: 0.00104, total_cos_loss : 0.00104, 
epoch  10 summary: dyn_dyn_cos_loss: 0.00534, dyn_sta_cos_loss: 0.00101, total_cos_loss : 0.00101, 
valid loss: 1.6846, valid acc: 0.5399
epoch  11 summary: dyn_dyn_cos_loss: 0.00530, dyn_sta_cos_loss: 0.00099, total_cos_loss : 0.00099, 
epoch  12 summary: dyn_dyn_cos_loss: 0.00529, dyn_sta_cos_loss: 0.00098, total_cos_loss : 0.00098, 
epoch  13 summary: dyn_dyn_cos_loss: 0.00527, dyn_sta_cos_loss: 0.00097, total_cos_loss : 0.00097, 
epoch  14 summary: dyn_dyn_cos_loss: 0.00525, dyn_sta_cos_loss: 0.00097, total_cos_loss : 0.00097, 
epoch  15 summary: dyn_dyn_cos_loss: 0.00525, dyn_sta_cos_loss: 0.00096, total_cos_loss : 0.00096, 
epoch  16 summary: dyn_dyn_cos_loss: 0.00524, dyn_sta_cos_loss: 0.00096, total_cos_loss : 0.00096, 
epoch  17 summary: dyn_dyn_cos_loss: 0.00524, dyn_sta_cos_loss: 0.00095, total_cos_loss : 0.00095, 
epoch  18 summary: dyn_dyn_cos_loss: 0.00523, dyn_sta_cos_loss: 0.00095, total_cos_loss : 0.00095, 
epoch  19 summary: dyn_dyn_cos_loss: 0.00523, dyn_sta_cos_loss: 0.00095, total_cos_loss : 0.00095, 
epoch  20 summary: dyn_dyn_cos_loss: 0.00523, dyn_sta_cos_loss: 0.00095, total_cos_loss : 0.00095, 
valid loss: 1.6623, valid acc: 0.5487
epoch  21 summary: dyn_dyn_cos_loss: 0.00523, dyn_sta_cos_loss: 0.00095, total_cos_loss : 0.00095, 
epoch  22 summary: dyn_dyn_cos_loss: 0.00523, dyn_sta_cos_loss: 0.00095, total_cos_loss : 0.00095, 
epoch  23 summary: dyn_dyn_cos_loss: 0.00522, dyn_sta_cos_loss: 0.00094, total_cos_loss : 0.00094, 
epoch  24 summary: dyn_dyn_cos_loss: 0.00522, dyn_sta_cos_loss: 0.00094, total_cos_loss : 0.00094, 
epoch  25 summary: dyn_dyn_cos_loss: 0.00523, dyn_sta_cos_loss: 0.00094, total_cos_loss : 0.00094, 
epoch  26 summary: dyn_dyn_cos_loss: 0.00522, dyn_sta_cos_loss: 0.00094, total_cos_loss : 0.00094, 
epoch  27 summary: dyn_dyn_cos_loss: 0.00522, dyn_sta_cos_loss: 0.00094, total_cos_loss : 0.00094, 
epoch  28 summary: dyn_dyn_cos_loss: 0.00522, dyn_sta_cos_loss: 0.00094, total_cos_loss : 0.00094, 
epoch  29 summary: dyn_dyn_cos_loss: 0.00522, dyn_sta_cos_loss: 0.00094, total_cos_loss : 0.00094, 
epoch  30 summary: dyn_dyn_cos_loss: 0.00522, dyn_sta_cos_loss: 0.00094, total_cos_loss : 0.00094, 
valid loss: 1.6552, valid acc: 0.5503
epoch  31 summary: dyn_dyn_cos_loss: 0.00522, dyn_sta_cos_loss: 0.00094, total_cos_loss : 0.00094, 
epoch  32 summary: dyn_dyn_cos_loss: 0.00522, dyn_sta_cos_loss: 0.00094, total_cos_loss : 0.00094, 
epoch  33 summary: dyn_dyn_cos_loss: 0.00522, dyn_sta_cos_loss: 0.00094, total_cos_loss : 0.00094, 
epoch  34 summary: dyn_dyn_cos_loss: 0.00522, dyn_sta_cos_loss: 0.00094, total_cos_loss : 0.00094, 
epoch  35 summary: dyn_dyn_cos_loss: 0.00522, dyn_sta_cos_loss: 0.00094, total_cos_loss : 0.00094, 
epoch  36 summary: dyn_dyn_cos_loss: 0.00522, dyn_sta_cos_loss: 0.00094, total_cos_loss : 0.00094, 
epoch  37 summary: dyn_dyn_cos_loss: 0.00521, dyn_sta_cos_loss: 0.00094, total_cos_loss : 0.00094, 
epoch  38 summary: dyn_dyn_cos_loss: 0.00521, dyn_sta_cos_loss: 0.00094, total_cos_loss : 0.00094, 
epoch  39 summary: dyn_dyn_cos_loss: 0.00521, dyn_sta_cos_loss: 0.00094, total_cos_loss : 0.00094, 
epoch  40 summary: dyn_dyn_cos_loss: 0.00521, dyn_sta_cos_loss: 0.00094, total_cos_loss : 0.00094, 
valid loss: 1.6553, valid acc: 0.5499
epoch  41 summary: dyn_dyn_cos_loss: 0.00521, dyn_sta_cos_loss: 0.00094, total_cos_loss : 0.00094, 
epoch  42 summary: dyn_dyn_cos_loss: 0.00521, dyn_sta_cos_loss: 0.00094, total_cos_loss : 0.00094, 
epoch  43 summary: dyn_dyn_cos_loss: 0.00522, dyn_sta_cos_loss: 0.00094, total_cos_loss : 0.00094, 
epoch  44 summary: dyn_dyn_cos_loss: 0.00522, dyn_sta_cos_loss: 0.00094, total_cos_loss : 0.00094, 
epoch  45 summary: dyn_dyn_cos_loss: 0.00521, dyn_sta_cos_loss: 0.00094, total_cos_loss : 0.00094, 
epoch  46 summary: dyn_dyn_cos_loss: 0.00521, dyn_sta_cos_loss: 0.00094, total_cos_loss : 0.00094, 
epoch  47 summary: dyn_dyn_cos_loss: 0.00521, dyn_sta_cos_loss: 0.00094, total_cos_loss : 0.00094, 
epoch  48 summary: dyn_dyn_cos_loss: 0.00521, dyn_sta_cos_loss: 0.00094, total_cos_loss : 0.00094, 
epoch  49 summary: dyn_dyn_cos_loss: 0.00522, dyn_sta_cos_loss: 0.00094, total_cos_loss : 0.00094, 
epoch  50 summary: dyn_dyn_cos_loss: 0.00521, dyn_sta_cos_loss: 0.00094, total_cos_loss : 0.00094, 
valid loss: 1.6546, valid acc: 0.5503
epoch  51 summary: dyn_dyn_cos_loss: 0.00521, dyn_sta_cos_loss: 0.00094, total_cos_loss : 0.00094, 
epoch  52 summary: dyn_dyn_cos_loss: 0.00521, dyn_sta_cos_loss: 0.00094, total_cos_loss : 0.00094, 
epoch  53 summary: dyn_dyn_cos_loss: 0.00521, dyn_sta_cos_loss: 0.00094, total_cos_loss : 0.00094, 
epoch  54 summary: dyn_dyn_cos_loss: 0.00521, dyn_sta_cos_loss: 0.00094, total_cos_loss : 0.00094, 
epoch  55 summary: dyn_dyn_cos_loss: 0.00521, dyn_sta_cos_loss: 0.00094, total_cos_loss : 0.00094, 
epoch  56 summary: dyn_dyn_cos_loss: 0.00521, dyn_sta_cos_loss: 0.00094, total_cos_loss : 0.00094, 
epoch  57 summary: dyn_dyn_cos_loss: 0.00521, dyn_sta_cos_loss: 0.00094, total_cos_loss : 0.00094, 
epoch  58 summary: dyn_dyn_cos_loss: 0.00521, dyn_sta_cos_loss: 0.00094, total_cos_loss : 0.00094, 
epoch  59 summary: dyn_dyn_cos_loss: 0.00521, dyn_sta_cos_loss: 0.00094, total_cos_loss : 0.00094, 
epoch  60 summary: dyn_dyn_cos_loss: 0.00521, dyn_sta_cos_loss: 0.00094, total_cos_loss : 0.00094, 
valid loss: 1.6535, valid acc: 0.5507
epoch  61 summary: dyn_dyn_cos_loss: 0.00521, dyn_sta_cos_loss: 0.00094, total_cos_loss : 0.00094, 
epoch  62 summary: dyn_dyn_cos_loss: 0.00521, dyn_sta_cos_loss: 0.00094, total_cos_loss : 0.00094, 
epoch  63 summary: dyn_dyn_cos_loss: 0.00521, dyn_sta_cos_loss: 0.00094, total_cos_loss : 0.00094, 
epoch  64 summary: dyn_dyn_cos_loss: 0.00521, dyn_sta_cos_loss: 0.00094, total_cos_loss : 0.00094, 
epoch  65 summary: dyn_dyn_cos_loss: 0.00521, dyn_sta_cos_loss: 0.00094, total_cos_loss : 0.00094, 
epoch  66 summary: dyn_dyn_cos_loss: 0.00521, dyn_sta_cos_loss: 0.00094, total_cos_loss : 0.00094, 
epoch  67 summary: dyn_dyn_cos_loss: 0.00521, dyn_sta_cos_loss: 0.00094, total_cos_loss : 0.00094, 
epoch  68 summary: dyn_dyn_cos_loss: 0.00521, dyn_sta_cos_loss: 0.00094, total_cos_loss : 0.00094, 
epoch  69 summary: dyn_dyn_cos_loss: 0.00521, dyn_sta_cos_loss: 0.00094, total_cos_loss : 0.00094, 
epoch  70 summary: dyn_dyn_cos_loss: 0.00521, dyn_sta_cos_loss: 0.00094, total_cos_loss : 0.00094, 
valid loss: 1.6540, valid acc: 0.5509
epoch  71 summary: dyn_dyn_cos_loss: 0.00521, dyn_sta_cos_loss: 0.00094, total_cos_loss : 0.00094, 
epoch  72 summary: dyn_dyn_cos_loss: 0.00521, dyn_sta_cos_loss: 0.00094, total_cos_loss : 0.00094, 
epoch  73 summary: dyn_dyn_cos_loss: 0.00521, dyn_sta_cos_loss: 0.00094, total_cos_loss : 0.00094, 
epoch  74 summary: dyn_dyn_cos_loss: 0.00521, dyn_sta_cos_loss: 0.00094, total_cos_loss : 0.00094, 
epoch  75 summary: dyn_dyn_cos_loss: 0.00520, dyn_sta_cos_loss: 0.00094, total_cos_loss : 0.00094, 
epoch  76 summary: dyn_dyn_cos_loss: 0.00520, dyn_sta_cos_loss: 0.00094, total_cos_loss : 0.00094, 
epoch  77 summary: dyn_dyn_cos_loss: 0.00520, dyn_sta_cos_loss: 0.00094, total_cos_loss : 0.00094, 
epoch  78 summary: dyn_dyn_cos_loss: 0.00520, dyn_sta_cos_loss: 0.00094, total_cos_loss : 0.00094, 
epoch  79 summary: dyn_dyn_cos_loss: 0.00520, dyn_sta_cos_loss: 0.00094, total_cos_loss : 0.00094, 
epoch  80 summary: dyn_dyn_cos_loss: 0.00520, dyn_sta_cos_loss: 0.00094, total_cos_loss : 0.00094, 
valid loss: 1.6516, valid acc: 0.5514
epoch  81 summary: dyn_dyn_cos_loss: 0.00520, dyn_sta_cos_loss: 0.00094, total_cos_loss : 0.00094, 
epoch  82 summary: dyn_dyn_cos_loss: 0.00520, dyn_sta_cos_loss: 0.00094, total_cos_loss : 0.00094, 
epoch  83 summary: dyn_dyn_cos_loss: 0.00520, dyn_sta_cos_loss: 0.00094, total_cos_loss : 0.00094, 
epoch  84 summary: dyn_dyn_cos_loss: 0.00520, dyn_sta_cos_loss: 0.00094, total_cos_loss : 0.00094, 
epoch  85 summary: dyn_dyn_cos_loss: 0.00520, dyn_sta_cos_loss: 0.00094, total_cos_loss : 0.00094, 
epoch  86 summary: dyn_dyn_cos_loss: 0.00520, dyn_sta_cos_loss: 0.00094, total_cos_loss : 0.00094, 
epoch  87 summary: dyn_dyn_cos_loss: 0.00520, dyn_sta_cos_loss: 0.00094, total_cos_loss : 0.00094, 
epoch  88 summary: dyn_dyn_cos_loss: 0.00520, dyn_sta_cos_loss: 0.00094, total_cos_loss : 0.00094, 
epoch  89 summary: dyn_dyn_cos_loss: 0.00520, dyn_sta_cos_loss: 0.00094, total_cos_loss : 0.00094, 
epoch  90 summary: dyn_dyn_cos_loss: 0.00520, dyn_sta_cos_loss: 0.00093, total_cos_loss : 0.00093, 
valid loss: 1.6509, valid acc: 0.5515
epoch  91 summary: dyn_dyn_cos_loss: 0.00520, dyn_sta_cos_loss: 0.00093, total_cos_loss : 0.00093, 
epoch  92 summary: dyn_dyn_cos_loss: 0.00520, dyn_sta_cos_loss: 0.00093, total_cos_loss : 0.00093, 
epoch  93 summary: dyn_dyn_cos_loss: 0.00520, dyn_sta_cos_loss: 0.00093, total_cos_loss : 0.00093, 
epoch  94 summary: dyn_dyn_cos_loss: 0.00520, dyn_sta_cos_loss: 0.00093, total_cos_loss : 0.00093, 
epoch  95 summary: dyn_dyn_cos_loss: 0.00520, dyn_sta_cos_loss: 0.00093, total_cos_loss : 0.00093, 
epoch  96 summary: dyn_dyn_cos_loss: 0.00520, dyn_sta_cos_loss: 0.00093, total_cos_loss : 0.00093, 
epoch  97 summary: dyn_dyn_cos_loss: 0.00520, dyn_sta_cos_loss: 0.00093, total_cos_loss : 0.00093, 
epoch  98 summary: dyn_dyn_cos_loss: 0.00520, dyn_sta_cos_loss: 0.00093, total_cos_loss : 0.00093, 
epoch  99 summary: dyn_dyn_cos_loss: 0.00520, dyn_sta_cos_loss: 0.00093, total_cos_loss : 0.00093, 
epoch 100 summary: dyn_dyn_cos_loss: 0.00522, dyn_sta_cos_loss: 0.00093, total_cos_loss : 0.00093, 
valid loss: 1.6510, valid acc: 0.5514
epoch 101 summary: dyn_dyn_cos_loss: 0.00522, dyn_sta_cos_loss: 0.00093, total_cos_loss : 0.00093, 
epoch 102 summary: dyn_dyn_cos_loss: 0.00522, dyn_sta_cos_loss: 0.00093, total_cos_loss : 0.00093, 
epoch 103 summary: dyn_dyn_cos_loss: 0.00522, dyn_sta_cos_loss: 0.00093, total_cos_loss : 0.00093, 
epoch 104 summary: dyn_dyn_cos_loss: 0.00522, dyn_sta_cos_loss: 0.00093, total_cos_loss : 0.00093, 
epoch 105 summary: dyn_dyn_cos_loss: 0.00522, dyn_sta_cos_loss: 0.00093, total_cos_loss : 0.00093, 
epoch 106 summary: dyn_dyn_cos_loss: 0.00522, dyn_sta_cos_loss: 0.00093, total_cos_loss : 0.00093, 
epoch 107 summary: dyn_dyn_cos_loss: 0.00522, dyn_sta_cos_loss: 0.00093, total_cos_loss : 0.00093, 
epoch 108 summary: dyn_dyn_cos_loss: 0.00522, dyn_sta_cos_loss: 0.00093, total_cos_loss : 0.00093, 
epoch 109 summary: dyn_dyn_cos_loss: 0.00522, dyn_sta_cos_loss: 0.00093, total_cos_loss : 0.00093, 
epoch 110 summary: dyn_dyn_cos_loss: 0.00522, dyn_sta_cos_loss: 0.00093, total_cos_loss : 0.00093, 
valid loss: 1.6514, valid acc: 0.5511
epoch 111 summary: dyn_dyn_cos_loss: 0.00522, dyn_sta_cos_loss: 0.00093, total_cos_loss : 0.00093, 
epoch 112 summary: dyn_dyn_cos_loss: 0.00522, dyn_sta_cos_loss: 0.00093, total_cos_loss : 0.00093, 
epoch 113 summary: dyn_dyn_cos_loss: 0.00522, dyn_sta_cos_loss: 0.00093, total_cos_loss : 0.00093, 
epoch 114 summary: dyn_dyn_cos_loss: 0.00522, dyn_sta_cos_loss: 0.00093, total_cos_loss : 0.00093, 
epoch 115 summary: dyn_dyn_cos_loss: 0.00522, dyn_sta_cos_loss: 0.00093, total_cos_loss : 0.00093, 
epoch 116 summary: dyn_dyn_cos_loss: 0.00522, dyn_sta_cos_loss: 0.00093, total_cos_loss : 0.00093, 
epoch 117 summary: dyn_dyn_cos_loss: 0.00522, dyn_sta_cos_loss: 0.00093, total_cos_loss : 0.00093, 
epoch 118 summary: dyn_dyn_cos_loss: 0.00522, dyn_sta_cos_loss: 0.00093, total_cos_loss : 0.00093, 
epoch 119 summary: dyn_dyn_cos_loss: 0.00522, dyn_sta_cos_loss: 0.00093, total_cos_loss : 0.00093, 
epoch 120 summary: dyn_dyn_cos_loss: 0.00522, dyn_sta_cos_loss: 0.00093, total_cos_loss : 0.00093, 
valid loss: 1.6518, valid acc: 0.5510
epoch 121 summary: dyn_dyn_cos_loss: 0.00522, dyn_sta_cos_loss: 0.00093, total_cos_loss : 0.00093, 
epoch 122 summary: dyn_dyn_cos_loss: 0.00522, dyn_sta_cos_loss: 0.00093, total_cos_loss : 0.00093, 
epoch 123 summary: dyn_dyn_cos_loss: 0.00522, dyn_sta_cos_loss: 0.00093, total_cos_loss : 0.00093, 
epoch 124 summary: dyn_dyn_cos_loss: 0.00522, dyn_sta_cos_loss: 0.00093, total_cos_loss : 0.00093, 
epoch 125 summary: dyn_dyn_cos_loss: 0.00521, dyn_sta_cos_loss: 0.00093, total_cos_loss : 0.00093, 
epoch 126 summary: dyn_dyn_cos_loss: 0.00521, dyn_sta_cos_loss: 0.00093, total_cos_loss : 0.00093, 
epoch 127 summary: dyn_dyn_cos_loss: 0.00521, dyn_sta_cos_loss: 0.00093, total_cos_loss : 0.00093, 
epoch 128 summary: dyn_dyn_cos_loss: 0.00521, dyn_sta_cos_loss: 0.00093, total_cos_loss : 0.00093, 
epoch 129 summary: dyn_dyn_cos_loss: 0.00521, dyn_sta_cos_loss: 0.00093, total_cos_loss : 0.00093, 
epoch 130 summary: dyn_dyn_cos_loss: 0.00521, dyn_sta_cos_loss: 0.00093, total_cos_loss : 0.00093, 
valid loss: 1.6518, valid acc: 0.5510
epoch 131 summary: dyn_dyn_cos_loss: 0.00521, dyn_sta_cos_loss: 0.00093, total_cos_loss : 0.00093, 
epoch 132 summary: dyn_dyn_cos_loss: 0.00521, dyn_sta_cos_loss: 0.00093, total_cos_loss : 0.00093, 
epoch 133 summary: dyn_dyn_cos_loss: 0.00521, dyn_sta_cos_loss: 0.00093, total_cos_loss : 0.00093, 
epoch 134 summary: dyn_dyn_cos_loss: 0.00521, dyn_sta_cos_loss: 0.00093, total_cos_loss : 0.00093, 
epoch 135 summary: dyn_dyn_cos_loss: 0.00521, dyn_sta_cos_loss: 0.00093, total_cos_loss : 0.00093, 
epoch 136 summary: dyn_dyn_cos_loss: 0.00521, dyn_sta_cos_loss: 0.00093, total_cos_loss : 0.00093, 
epoch 137 summary: dyn_dyn_cos_loss: 0.00521, dyn_sta_cos_loss: 0.00093, total_cos_loss : 0.00093, 
epoch 138 summary: dyn_dyn_cos_loss: 0.00521, dyn_sta_cos_loss: 0.00093, total_cos_loss : 0.00093, 
epoch 139 summary: dyn_dyn_cos_loss: 0.00521, dyn_sta_cos_loss: 0.00093, total_cos_loss : 0.00093, 
epoch 140 summary: dyn_dyn_cos_loss: 0.00521, dyn_sta_cos_loss: 0.00093, total_cos_loss : 0.00093, 
valid loss: 1.6521, valid acc: 0.5514
epoch 141 summary: dyn_dyn_cos_loss: 0.00521, dyn_sta_cos_loss: 0.00093, total_cos_loss : 0.00093, 
epoch 142 summary: dyn_dyn_cos_loss: 0.00521, dyn_sta_cos_loss: 0.00093, total_cos_loss : 0.00093, 
epoch 143 summary: dyn_dyn_cos_loss: 0.00521, dyn_sta_cos_loss: 0.00093, total_cos_loss : 0.00093, 
epoch 144 summary: dyn_dyn_cos_loss: 0.00521, dyn_sta_cos_loss: 0.00093, total_cos_loss : 0.00093, 
epoch 145 summary: dyn_dyn_cos_loss: 0.00521, dyn_sta_cos_loss: 0.00093, total_cos_loss : 0.00093, 
epoch 146 summary: dyn_dyn_cos_loss: 0.00521, dyn_sta_cos_loss: 0.00093, total_cos_loss : 0.00093, 
epoch 147 summary: dyn_dyn_cos_loss: 0.00521, dyn_sta_cos_loss: 0.00093, total_cos_loss : 0.00093, 
epoch 148 summary: dyn_dyn_cos_loss: 0.00521, dyn_sta_cos_loss: 0.00093, total_cos_loss : 0.00093, 
epoch 149 summary: dyn_dyn_cos_loss: 0.00521, dyn_sta_cos_loss: 0.00093, total_cos_loss : 0.00093, 
epoch 150 summary: dyn_dyn_cos_loss: 0.00523, dyn_sta_cos_loss: 0.00093, total_cos_loss : 0.00093, 
valid loss: 1.6531, valid acc: 0.5511
epoch 151 summary: dyn_dyn_cos_loss: 0.00523, dyn_sta_cos_loss: 0.00093, total_cos_loss : 0.00093, 
epoch 152 summary: dyn_dyn_cos_loss: 0.00523, dyn_sta_cos_loss: 0.00093, total_cos_loss : 0.00093, 
epoch 153 summary: dyn_dyn_cos_loss: 0.00523, dyn_sta_cos_loss: 0.00093, total_cos_loss : 0.00093, 
epoch 154 summary: dyn_dyn_cos_loss: 0.00523, dyn_sta_cos_loss: 0.00093, total_cos_loss : 0.00093, 
epoch 155 summary: dyn_dyn_cos_loss: 0.00523, dyn_sta_cos_loss: 0.00093, total_cos_loss : 0.00093, 
epoch 156 summary: dyn_dyn_cos_loss: 0.00523, dyn_sta_cos_loss: 0.00093, total_cos_loss : 0.00093, 
epoch 157 summary: dyn_dyn_cos_loss: 0.00523, dyn_sta_cos_loss: 0.00093, total_cos_loss : 0.00093, 
epoch 158 summary: dyn_dyn_cos_loss: 0.00523, dyn_sta_cos_loss: 0.00093, total_cos_loss : 0.00093, 
epoch 159 summary: dyn_dyn_cos_loss: 0.00523, dyn_sta_cos_loss: 0.00093, total_cos_loss : 0.00093, 
epoch 160 summary: dyn_dyn_cos_loss: 0.00523, dyn_sta_cos_loss: 0.00093, total_cos_loss : 0.00093, 
valid loss: 1.6518, valid acc: 0.5513
epoch 161 summary: dyn_dyn_cos_loss: 0.00523, dyn_sta_cos_loss: 0.00093, total_cos_loss : 0.00093, 
epoch 162 summary: dyn_dyn_cos_loss: 0.00523, dyn_sta_cos_loss: 0.00093, total_cos_loss : 0.00093, 
epoch 163 summary: dyn_dyn_cos_loss: 0.00523, dyn_sta_cos_loss: 0.00093, total_cos_loss : 0.00093, 
epoch 164 summary: dyn_dyn_cos_loss: 0.00523, dyn_sta_cos_loss: 0.00093, total_cos_loss : 0.00093, 
epoch 165 summary: dyn_dyn_cos_loss: 0.00523, dyn_sta_cos_loss: 0.00093, total_cos_loss : 0.00093, 
epoch 166 summary: dyn_dyn_cos_loss: 0.00523, dyn_sta_cos_loss: 0.00093, total_cos_loss : 0.00093, 
epoch 167 summary: dyn_dyn_cos_loss: 0.00523, dyn_sta_cos_loss: 0.00093, total_cos_loss : 0.00093, 
epoch 168 summary: dyn_dyn_cos_loss: 0.00523, dyn_sta_cos_loss: 0.00093, total_cos_loss : 0.00093, 
epoch 169 summary: dyn_dyn_cos_loss: 0.00523, dyn_sta_cos_loss: 0.00093, total_cos_loss : 0.00093, 
epoch 170 summary: dyn_dyn_cos_loss: 0.00523, dyn_sta_cos_loss: 0.00093, total_cos_loss : 0.00093, 
valid loss: 1.6522, valid acc: 0.5513
epoch 171 summary: dyn_dyn_cos_loss: 0.00523, dyn_sta_cos_loss: 0.00093, total_cos_loss : 0.00093, 
epoch 172 summary: dyn_dyn_cos_loss: 0.00523, dyn_sta_cos_loss: 0.00093, total_cos_loss : 0.00093, 
epoch 173 summary: dyn_dyn_cos_loss: 0.00523, dyn_sta_cos_loss: 0.00093, total_cos_loss : 0.00093, 
epoch 174 summary: dyn_dyn_cos_loss: 0.00523, dyn_sta_cos_loss: 0.00093, total_cos_loss : 0.00093, 
epoch 175 summary: dyn_dyn_cos_loss: 0.00522, dyn_sta_cos_loss: 0.00093, total_cos_loss : 0.00093, 
epoch 176 summary: dyn_dyn_cos_loss: 0.00522, dyn_sta_cos_loss: 0.00093, total_cos_loss : 0.00093, 
epoch 177 summary: dyn_dyn_cos_loss: 0.00522, dyn_sta_cos_loss: 0.00093, total_cos_loss : 0.00093, 
epoch 178 summary: dyn_dyn_cos_loss: 0.00522, dyn_sta_cos_loss: 0.00093, total_cos_loss : 0.00093, 
epoch 179 summary: dyn_dyn_cos_loss: 0.00522, dyn_sta_cos_loss: 0.00093, total_cos_loss : 0.00093, 
epoch 180 summary: dyn_dyn_cos_loss: 0.00522, dyn_sta_cos_loss: 0.00093, total_cos_loss : 0.00093, 
valid loss: 1.6525, valid acc: 0.5513
epoch 181 summary: dyn_dyn_cos_loss: 0.00522, dyn_sta_cos_loss: 0.00093, total_cos_loss : 0.00093, 
epoch 182 summary: dyn_dyn_cos_loss: 0.00522, dyn_sta_cos_loss: 0.00093, total_cos_loss : 0.00093, 
epoch 183 summary: dyn_dyn_cos_loss: 0.00522, dyn_sta_cos_loss: 0.00093, total_cos_loss : 0.00093, 
epoch 184 summary: dyn_dyn_cos_loss: 0.00522, dyn_sta_cos_loss: 0.00093, total_cos_loss : 0.00093, 
epoch 185 summary: dyn_dyn_cos_loss: 0.00522, dyn_sta_cos_loss: 0.00093, total_cos_loss : 0.00093, 
epoch 186 summary: dyn_dyn_cos_loss: 0.00522, dyn_sta_cos_loss: 0.00093, total_cos_loss : 0.00093, 
epoch 187 summary: dyn_dyn_cos_loss: 0.00522, dyn_sta_cos_loss: 0.00093, total_cos_loss : 0.00093, 
epoch 188 summary: dyn_dyn_cos_loss: 0.00522, dyn_sta_cos_loss: 0.00093, total_cos_loss : 0.00093, 
epoch 189 summary: dyn_dyn_cos_loss: 0.00522, dyn_sta_cos_loss: 0.00093, total_cos_loss : 0.00093, 
epoch 190 summary: dyn_dyn_cos_loss: 0.00522, dyn_sta_cos_loss: 0.00093, total_cos_loss : 0.00093, 
valid loss: 1.6531, valid acc: 0.5513
epoch 191 summary: dyn_dyn_cos_loss: 0.00522, dyn_sta_cos_loss: 0.00093, total_cos_loss : 0.00093, 
epoch 192 summary: dyn_dyn_cos_loss: 0.00522, dyn_sta_cos_loss: 0.00093, total_cos_loss : 0.00093, 
epoch 193 summary: dyn_dyn_cos_loss: 0.00522, dyn_sta_cos_loss: 0.00093, total_cos_loss : 0.00093, 
epoch 194 summary: dyn_dyn_cos_loss: 0.00522, dyn_sta_cos_loss: 0.00093, total_cos_loss : 0.00093, 
epoch 195 summary: dyn_dyn_cos_loss: 0.00522, dyn_sta_cos_loss: 0.00093, total_cos_loss : 0.00093, 
epoch 196 summary: dyn_dyn_cos_loss: 0.00522, dyn_sta_cos_loss: 0.00093, total_cos_loss : 0.00093, 
epoch 197 summary: dyn_dyn_cos_loss: 0.00522, dyn_sta_cos_loss: 0.00093, total_cos_loss : 0.00093, 
epoch 198 summary: dyn_dyn_cos_loss: 0.00522, dyn_sta_cos_loss: 0.00093, total_cos_loss : 0.00093, 
epoch 199 summary: dyn_dyn_cos_loss: 0.00521, dyn_sta_cos_loss: 0.00093, total_cos_loss : 0.00093, 
Traceback (most recent call last):
  File "/data/gc/anaconda3/envs/lm/lib/python3.10/runpy.py", line 196, in _run_module_as_main
    return _run_code(code, main_globals, None,
  File "/data/gc/anaconda3/envs/lm/lib/python3.10/runpy.py", line 86, in _run_code
    exec(code, run_globals)
  File "/data3/gc/SeLM_v2/src/gpt.py", line 485, in <module>
    train_cte(train_cache_ckpt, valid_cache_ckpt, gpt_ckpt, N_train, N_valid)
  File "/data/gc/anaconda3/envs/lm/lib/python3.10/site-packages/torch/utils/_contextlib.py", line 116, in decorate_context
    return func(*args, **kwargs)
  File "/data3/gc/SeLM_v2/src/gpt.py", line 457, in train_cte
    cte.test_time_train_all(
  File "/data3/gc/SeLM_v2/src/gettime.py", line 118, in wrapper
    return fn(*args, **kwargs)
  File "/data3/gc/SeLM_v2/src/cte.py", line 865, in test_time_train_all
    valid_save_path
NameError: name 'valid_save_path' is not defined. Did you mean: 'train_save_path'?
all_preparation                 10.009ms
all_preparation_2                8.021ms
all_preparation_3                1.969ms
epoch                         4056.408ms
epoch_pos_train                  4.414ms
epoch_preparation                0.366ms
epoch_train                   4030.472ms
epoch_valid                     19.113ms
----------------------------------------
all                              0.000ms
all_preparation                 10.009ms
  all_preparation_2     80.14%
  all_preparation_3     19.67%
epoch                       811281.523ms
  epoch_train           99.36%
  epoch_valid            0.47%
  epoch_pos_train        0.11%
  epoch_preparation      0.01%
