Before CTE Training: train eu loss: 1.057024359703064, eval eu loss: 1.4517745971679688
Before CTE Training: train eu acc: 0.66552734375, eval eu acc: 0.5794677734375
epoch   0 summary: dyn_dyn_cos_loss: 0.02365, dyn_sta_cos_loss: 0.00709, total_cos_loss : 0.00875, vocab_cro_loss : 4.41367, 
train loss: 3.4521, train acc: 0.2759
Warning: failed to save checkpoint at epoch 0: name 'train_new_save_path' is not defined
epoch   1 summary: dyn_dyn_cos_loss: 0.00000, dyn_sta_cos_loss: 0.00000, total_cos_loss : 0.00000, vocab_cro_loss : 3.45171, 
Warning: failed to save checkpoint at epoch 1: name 'train_new_save_path' is not defined
epoch   2 summary: dyn_dyn_cos_loss: 0.00000, dyn_sta_cos_loss: 0.00000, total_cos_loss : 0.00000, vocab_cro_loss : 3.25894, 
Warning: failed to save checkpoint at epoch 2: name 'train_new_save_path' is not defined
epoch   3 summary: dyn_dyn_cos_loss: 0.00000, dyn_sta_cos_loss: 0.00000, total_cos_loss : 0.00000, vocab_cro_loss : 3.07778, 
Warning: failed to save checkpoint at epoch 3: name 'train_new_save_path' is not defined
epoch   4 summary: dyn_dyn_cos_loss: 0.02207, dyn_sta_cos_loss: 0.00576, total_cos_loss : 0.00740, vocab_cro_loss : 2.96743, 
Warning: failed to save checkpoint at epoch 4: name 'train_new_save_path' is not defined
epoch   5 summary: dyn_dyn_cos_loss: 0.00000, dyn_sta_cos_loss: 0.00000, total_cos_loss : 0.00000, vocab_cro_loss : 2.29017, 
Warning: failed to save checkpoint at epoch 5: name 'train_new_save_path' is not defined
epoch   6 summary: dyn_dyn_cos_loss: 0.00000, dyn_sta_cos_loss: 0.00000, total_cos_loss : 0.00000, vocab_cro_loss : 2.25080, 
Warning: failed to save checkpoint at epoch 6: name 'train_new_save_path' is not defined
epoch   7 summary: dyn_dyn_cos_loss: 0.00000, dyn_sta_cos_loss: 0.00000, total_cos_loss : 0.00000, vocab_cro_loss : 2.22419, 
Warning: failed to save checkpoint at epoch 7: name 'train_new_save_path' is not defined
epoch   8 summary: dyn_dyn_cos_loss: 0.01869, dyn_sta_cos_loss: 0.00429, total_cos_loss : 0.00573, vocab_cro_loss : 2.20336, 
Warning: failed to save checkpoint at epoch 8: name 'train_new_save_path' is not defined
epoch   9 summary: dyn_dyn_cos_loss: 0.00000, dyn_sta_cos_loss: 0.00000, total_cos_loss : 0.00000, vocab_cro_loss : 1.89164, 
Warning: failed to save checkpoint at epoch 9: name 'train_new_save_path' is not defined
epoch  10 summary: dyn_dyn_cos_loss: 0.00000, dyn_sta_cos_loss: 0.00000, total_cos_loss : 0.00000, vocab_cro_loss : 1.89969, 
train loss: 1.8595, train acc: 0.5508
Warning: failed to save checkpoint at epoch 10: name 'train_new_save_path' is not defined
epoch  11 summary: dyn_dyn_cos_loss: 0.00000, dyn_sta_cos_loss: 0.00000, total_cos_loss : 0.00000, vocab_cro_loss : 1.85948, 
Warning: failed to save checkpoint at epoch 11: name 'train_new_save_path' is not defined
epoch  12 summary: dyn_dyn_cos_loss: 0.01497, dyn_sta_cos_loss: 0.00355, total_cos_loss : 0.00469, vocab_cro_loss : 1.84186, 
Warning: failed to save checkpoint at epoch 12: name 'train_new_save_path' is not defined
epoch  13 summary: dyn_dyn_cos_loss: 0.00000, dyn_sta_cos_loss: 0.00000, total_cos_loss : 0.00000, vocab_cro_loss : 1.65876, 
Warning: failed to save checkpoint at epoch 13: name 'train_new_save_path' is not defined
epoch  14 summary: dyn_dyn_cos_loss: 0.00000, dyn_sta_cos_loss: 0.00000, total_cos_loss : 0.00000, vocab_cro_loss : 1.64232, 
Warning: failed to save checkpoint at epoch 14: name 'train_new_save_path' is not defined
epoch  15 summary: dyn_dyn_cos_loss: 0.00000, dyn_sta_cos_loss: 0.00000, total_cos_loss : 0.00000, vocab_cro_loss : 1.63179, 
Warning: failed to save checkpoint at epoch 15: name 'train_new_save_path' is not defined
epoch  16 summary: dyn_dyn_cos_loss: 0.01180, dyn_sta_cos_loss: 0.00295, total_cos_loss : 0.00383, vocab_cro_loss : 1.62261, 
Warning: failed to save checkpoint at epoch 16: name 'train_new_save_path' is not defined
epoch  17 summary: dyn_dyn_cos_loss: 0.00000, dyn_sta_cos_loss: 0.00000, total_cos_loss : 0.00000, vocab_cro_loss : 1.51442, 
Warning: failed to save checkpoint at epoch 17: name 'train_new_save_path' is not defined
epoch  18 summary: dyn_dyn_cos_loss: 0.00000, dyn_sta_cos_loss: 0.00000, total_cos_loss : 0.00000, vocab_cro_loss : 1.51301, 
Warning: failed to save checkpoint at epoch 18: name 'train_new_save_path' is not defined
epoch  19 summary: dyn_dyn_cos_loss: 0.00000, dyn_sta_cos_loss: 0.00000, total_cos_loss : 0.00000, vocab_cro_loss : 1.50650, 
Warning: failed to save checkpoint at epoch 19: name 'train_new_save_path' is not defined
epoch  20 summary: dyn_dyn_cos_loss: 0.00940, dyn_sta_cos_loss: 0.00268, total_cos_loss : 0.00335, vocab_cro_loss : 1.50412, 
train loss: 1.4437, train acc: 0.6069
Warning: failed to save checkpoint at epoch 20: name 'train_new_save_path' is not defined
epoch  21 summary: dyn_dyn_cos_loss: 0.00000, dyn_sta_cos_loss: 0.00000, total_cos_loss : 0.00000, vocab_cro_loss : 1.44366, 
Warning: failed to save checkpoint at epoch 21: name 'train_new_save_path' is not defined
epoch  22 summary: dyn_dyn_cos_loss: 0.00000, dyn_sta_cos_loss: 0.00000, total_cos_loss : 0.00000, vocab_cro_loss : 1.43868, 
Warning: failed to save checkpoint at epoch 22: name 'train_new_save_path' is not defined
epoch  23 summary: dyn_dyn_cos_loss: 0.00000, dyn_sta_cos_loss: 0.00000, total_cos_loss : 0.00000, vocab_cro_loss : 1.42003, 
Warning: failed to save checkpoint at epoch 23: name 'train_new_save_path' is not defined
epoch  24 summary: dyn_dyn_cos_loss: 0.00763, dyn_sta_cos_loss: 0.00240, total_cos_loss : 0.00293, vocab_cro_loss : 1.40865, 
Warning: failed to save checkpoint at epoch 24: name 'train_new_save_path' is not defined
epoch  25 summary: dyn_dyn_cos_loss: 0.00000, dyn_sta_cos_loss: 0.00000, total_cos_loss : 0.00000, vocab_cro_loss : 1.38608, 
Warning: failed to save checkpoint at epoch 25: name 'train_new_save_path' is not defined
epoch  26 summary: dyn_dyn_cos_loss: 0.00000, dyn_sta_cos_loss: 0.00000, total_cos_loss : 0.00000, vocab_cro_loss : 1.43460, 
Warning: failed to save checkpoint at epoch 26: name 'train_new_save_path' is not defined
epoch  27 summary: dyn_dyn_cos_loss: 0.00000, dyn_sta_cos_loss: 0.00000, total_cos_loss : 0.00000, vocab_cro_loss : 1.36290, 
Warning: failed to save checkpoint at epoch 27: name 'train_new_save_path' is not defined
epoch  28 summary: dyn_dyn_cos_loss: 0.00627, dyn_sta_cos_loss: 0.00222, total_cos_loss : 0.00262, vocab_cro_loss : 1.35663, 
Warning: failed to save checkpoint at epoch 28: name 'train_new_save_path' is not defined
epoch  29 summary: dyn_dyn_cos_loss: 0.00000, dyn_sta_cos_loss: 0.00000, total_cos_loss : 0.00000, vocab_cro_loss : 1.33667, 
Warning: failed to save checkpoint at epoch 29: name 'train_new_save_path' is not defined
epoch  30 summary: dyn_dyn_cos_loss: 0.00000, dyn_sta_cos_loss: 0.00000, total_cos_loss : 0.00000, vocab_cro_loss : 1.32581, 
train loss: 1.3173, train acc: 0.6335
Warning: failed to save checkpoint at epoch 30: name 'train_new_save_path' is not defined
epoch  31 summary: dyn_dyn_cos_loss: 0.00000, dyn_sta_cos_loss: 0.00000, total_cos_loss : 0.00000, vocab_cro_loss : 1.31727, 
Warning: failed to save checkpoint at epoch 31: name 'train_new_save_path' is not defined
epoch  32 summary: dyn_dyn_cos_loss: 0.00506, dyn_sta_cos_loss: 0.00205, total_cos_loss : 0.00235, vocab_cro_loss : 1.31110, 
Warning: failed to save checkpoint at epoch 32: name 'train_new_save_path' is not defined
epoch  33 summary: dyn_dyn_cos_loss: 0.00000, dyn_sta_cos_loss: 0.00000, total_cos_loss : 0.00000, vocab_cro_loss : 1.30760, 
Warning: failed to save checkpoint at epoch 33: name 'train_new_save_path' is not defined
epoch  34 summary: dyn_dyn_cos_loss: 0.00000, dyn_sta_cos_loss: 0.00000, total_cos_loss : 0.00000, vocab_cro_loss : 1.29566, 
Warning: failed to save checkpoint at epoch 34: name 'train_new_save_path' is not defined
epoch  35 summary: dyn_dyn_cos_loss: 0.00000, dyn_sta_cos_loss: 0.00000, total_cos_loss : 0.00000, vocab_cro_loss : 1.29051, 
Warning: failed to save checkpoint at epoch 35: name 'train_new_save_path' is not defined
epoch  36 summary: dyn_dyn_cos_loss: 0.00413, dyn_sta_cos_loss: 0.00188, total_cos_loss : 0.00211, vocab_cro_loss : 1.28294, 
Warning: failed to save checkpoint at epoch 36: name 'train_new_save_path' is not defined
epoch  37 summary: dyn_dyn_cos_loss: 0.00000, dyn_sta_cos_loss: 0.00000, total_cos_loss : 0.00000, vocab_cro_loss : 1.29395, 
Warning: failed to save checkpoint at epoch 37: name 'train_new_save_path' is not defined
epoch  38 summary: dyn_dyn_cos_loss: 0.00000, dyn_sta_cos_loss: 0.00000, total_cos_loss : 0.00000, vocab_cro_loss : 1.29067, 
Warning: failed to save checkpoint at epoch 38: name 'train_new_save_path' is not defined
epoch  39 summary: dyn_dyn_cos_loss: 0.00000, dyn_sta_cos_loss: 0.00000, total_cos_loss : 0.00000, vocab_cro_loss : 1.29616, 
Warning: failed to save checkpoint at epoch 39: name 'train_new_save_path' is not defined
epoch  40 summary: dyn_dyn_cos_loss: 0.00348, dyn_sta_cos_loss: 0.00188, total_cos_loss : 0.00204, vocab_cro_loss : 1.27473, 
train loss: 1.2973, train acc: 0.6287
Warning: failed to save checkpoint at epoch 40: name 'train_new_save_path' is not defined
epoch  41 summary: dyn_dyn_cos_loss: 0.00000, dyn_sta_cos_loss: 0.00000, total_cos_loss : 0.00000, vocab_cro_loss : 1.29724, 
Warning: failed to save checkpoint at epoch 41: name 'train_new_save_path' is not defined
epoch  42 summary: dyn_dyn_cos_loss: 0.00000, dyn_sta_cos_loss: 0.00000, total_cos_loss : 0.00000, vocab_cro_loss : 1.29028, 
Warning: failed to save checkpoint at epoch 42: name 'train_new_save_path' is not defined
epoch  43 summary: dyn_dyn_cos_loss: 0.00000, dyn_sta_cos_loss: 0.00000, total_cos_loss : 0.00000, vocab_cro_loss : 1.28483, 
Warning: failed to save checkpoint at epoch 43: name 'train_new_save_path' is not defined
epoch  44 summary: dyn_dyn_cos_loss: 0.00312, dyn_sta_cos_loss: 0.00184, total_cos_loss : 0.00197, vocab_cro_loss : 1.30247, 
Warning: failed to save checkpoint at epoch 44: name 'train_new_save_path' is not defined
epoch  45 summary: dyn_dyn_cos_loss: 0.00000, dyn_sta_cos_loss: 0.00000, total_cos_loss : 0.00000, vocab_cro_loss : 1.32539, 
Warning: failed to save checkpoint at epoch 45: name 'train_new_save_path' is not defined
epoch  46 summary: dyn_dyn_cos_loss: 0.00000, dyn_sta_cos_loss: 0.00000, total_cos_loss : 0.00000, vocab_cro_loss : 1.30010, 
Warning: failed to save checkpoint at epoch 46: name 'train_new_save_path' is not defined
epoch  47 summary: dyn_dyn_cos_loss: 0.00000, dyn_sta_cos_loss: 0.00000, total_cos_loss : 0.00000, vocab_cro_loss : 1.30356, 
Warning: failed to save checkpoint at epoch 47: name 'train_new_save_path' is not defined
epoch  48 summary: dyn_dyn_cos_loss: 0.00287, dyn_sta_cos_loss: 0.00188, total_cos_loss : 0.00198, vocab_cro_loss : 1.28919, 
Warning: failed to save checkpoint at epoch 48: name 'train_new_save_path' is not defined
epoch  49 summary: dyn_dyn_cos_loss: 0.00000, dyn_sta_cos_loss: 0.00000, total_cos_loss : 0.00000, vocab_cro_loss : 1.29064, 
Warning: failed to save checkpoint at epoch 49: name 'train_new_save_path' is not defined
epoch  50 summary: dyn_dyn_cos_loss: 0.00000, dyn_sta_cos_loss: 0.00000, total_cos_loss : 0.00000, vocab_cro_loss : 1.31072, 
train loss: 1.2814, train acc: 0.6279
Warning: failed to save checkpoint at epoch 50: name 'train_new_save_path' is not defined
epoch  51 summary: dyn_dyn_cos_loss: 0.00000, dyn_sta_cos_loss: 0.00000, total_cos_loss : 0.00000, vocab_cro_loss : 1.28134, 
Warning: failed to save checkpoint at epoch 51: name 'train_new_save_path' is not defined
epoch  52 summary: dyn_dyn_cos_loss: 0.00279, dyn_sta_cos_loss: 0.00183, total_cos_loss : 0.00193, vocab_cro_loss : 1.58934, 
Warning: failed to save checkpoint at epoch 52: name 'train_new_save_path' is not defined
epoch  53 summary: dyn_dyn_cos_loss: 0.00000, dyn_sta_cos_loss: 0.00000, total_cos_loss : 0.00000, vocab_cro_loss : 1.44105, 
Warning: failed to save checkpoint at epoch 53: name 'train_new_save_path' is not defined
epoch  54 summary: dyn_dyn_cos_loss: 0.00000, dyn_sta_cos_loss: 0.00000, total_cos_loss : 0.00000, vocab_cro_loss : 1.51447, 
Warning: failed to save checkpoint at epoch 54: name 'train_new_save_path' is not defined
epoch  55 summary: dyn_dyn_cos_loss: 0.00000, dyn_sta_cos_loss: 0.00000, total_cos_loss : 0.00000, vocab_cro_loss : 1.50365, 
Warning: failed to save checkpoint at epoch 55: name 'train_new_save_path' is not defined
epoch  56 summary: dyn_dyn_cos_loss: 0.00274, dyn_sta_cos_loss: 0.00184, total_cos_loss : 0.00193, vocab_cro_loss : 1.55640, 
Warning: failed to save checkpoint at epoch 56: name 'train_new_save_path' is not defined
epoch  57 summary: dyn_dyn_cos_loss: 0.00000, dyn_sta_cos_loss: 0.00000, total_cos_loss : 0.00000, vocab_cro_loss : 1.54043, 
Warning: failed to save checkpoint at epoch 57: name 'train_new_save_path' is not defined
epoch  58 summary: dyn_dyn_cos_loss: 0.00000, dyn_sta_cos_loss: 0.00000, total_cos_loss : 0.00000, vocab_cro_loss : 1.52683, 
Warning: failed to save checkpoint at epoch 58: name 'train_new_save_path' is not defined
epoch  59 summary: dyn_dyn_cos_loss: 0.00000, dyn_sta_cos_loss: 0.00000, total_cos_loss : 0.00000, vocab_cro_loss : 1.63012, 
Warning: failed to save checkpoint at epoch 59: name 'train_new_save_path' is not defined
epoch  60 summary: dyn_dyn_cos_loss: 0.00262, dyn_sta_cos_loss: 0.00182, total_cos_loss : 0.00190, vocab_cro_loss : 1.63912, 
train loss: 1.4617, train acc: 0.5920
Warning: failed to save checkpoint at epoch 60: name 'train_new_save_path' is not defined
epoch  61 summary: dyn_dyn_cos_loss: 0.00000, dyn_sta_cos_loss: 0.00000, total_cos_loss : 0.00000, vocab_cro_loss : 1.46145, 
Warning: failed to save checkpoint at epoch 61: name 'train_new_save_path' is not defined
epoch  62 summary: dyn_dyn_cos_loss: 0.00000, dyn_sta_cos_loss: 0.00000, total_cos_loss : 0.00000, vocab_cro_loss : 1.42725, 
Warning: failed to save checkpoint at epoch 62: name 'train_new_save_path' is not defined
epoch  63 summary: dyn_dyn_cos_loss: 0.00000, dyn_sta_cos_loss: 0.00000, total_cos_loss : 0.00000, vocab_cro_loss : 1.57954, 
Warning: failed to save checkpoint at epoch 63: name 'train_new_save_path' is not defined
epoch  64 summary: dyn_dyn_cos_loss: 0.00258, dyn_sta_cos_loss: 0.00189, total_cos_loss : 0.00196, vocab_cro_loss : 1.52920, 
Warning: failed to save checkpoint at epoch 64: name 'train_new_save_path' is not defined
epoch  65 summary: dyn_dyn_cos_loss: 0.00000, dyn_sta_cos_loss: 0.00000, total_cos_loss : 0.00000, vocab_cro_loss : 1.48318, 
Warning: failed to save checkpoint at epoch 65: name 'train_new_save_path' is not defined
epoch  66 summary: dyn_dyn_cos_loss: 0.00000, dyn_sta_cos_loss: 0.00000, total_cos_loss : 0.00000, vocab_cro_loss : 1.45045, 
Warning: failed to save checkpoint at epoch 66: name 'train_new_save_path' is not defined
epoch  67 summary: dyn_dyn_cos_loss: 0.00000, dyn_sta_cos_loss: 0.00000, total_cos_loss : 0.00000, vocab_cro_loss : 1.43945, 
Warning: failed to save checkpoint at epoch 67: name 'train_new_save_path' is not defined
epoch  68 summary: dyn_dyn_cos_loss: 0.00270, dyn_sta_cos_loss: 0.00177, total_cos_loss : 0.00186, vocab_cro_loss : 1.41781, 
Warning: failed to save checkpoint at epoch 68: name 'train_new_save_path' is not defined
epoch  69 summary: dyn_dyn_cos_loss: 0.00000, dyn_sta_cos_loss: 0.00000, total_cos_loss : 0.00000, vocab_cro_loss : 1.41908, 
Warning: failed to save checkpoint at epoch 69: name 'train_new_save_path' is not defined
epoch  70 summary: dyn_dyn_cos_loss: 0.00000, dyn_sta_cos_loss: 0.00000, total_cos_loss : 0.00000, vocab_cro_loss : 1.44188, 
train loss: 1.4336, train acc: 0.6123
Warning: failed to save checkpoint at epoch 70: name 'train_new_save_path' is not defined
epoch  71 summary: dyn_dyn_cos_loss: 0.00000, dyn_sta_cos_loss: 0.00000, total_cos_loss : 0.00000, vocab_cro_loss : 1.43333, 
Warning: failed to save checkpoint at epoch 71: name 'train_new_save_path' is not defined
epoch  72 summary: dyn_dyn_cos_loss: 0.00254, dyn_sta_cos_loss: 0.00167, total_cos_loss : 0.00176, vocab_cro_loss : 1.43572, 
Warning: failed to save checkpoint at epoch 72: name 'train_new_save_path' is not defined
epoch  73 summary: dyn_dyn_cos_loss: 0.00000, dyn_sta_cos_loss: 0.00000, total_cos_loss : 0.00000, vocab_cro_loss : 1.43037, 
Warning: failed to save checkpoint at epoch 73: name 'train_new_save_path' is not defined
epoch  74 summary: dyn_dyn_cos_loss: 0.00000, dyn_sta_cos_loss: 0.00000, total_cos_loss : 0.00000, vocab_cro_loss : 1.40773, 
Warning: failed to save checkpoint at epoch 74: name 'train_new_save_path' is not defined
epoch  75 summary: dyn_dyn_cos_loss: 0.00000, dyn_sta_cos_loss: 0.00000, total_cos_loss : 0.00000, vocab_cro_loss : 1.39273, 
Warning: failed to save checkpoint at epoch 75: name 'train_new_save_path' is not defined
epoch  76 summary: dyn_dyn_cos_loss: 0.00244, dyn_sta_cos_loss: 0.00164, total_cos_loss : 0.00172, vocab_cro_loss : 1.34997, 
Warning: failed to save checkpoint at epoch 76: name 'train_new_save_path' is not defined
epoch  77 summary: dyn_dyn_cos_loss: 0.00000, dyn_sta_cos_loss: 0.00000, total_cos_loss : 0.00000, vocab_cro_loss : 1.33546, 
Warning: failed to save checkpoint at epoch 77: name 'train_new_save_path' is not defined
epoch  78 summary: dyn_dyn_cos_loss: 0.00000, dyn_sta_cos_loss: 0.00000, total_cos_loss : 0.00000, vocab_cro_loss : 1.44638, 
Warning: failed to save checkpoint at epoch 78: name 'train_new_save_path' is not defined
epoch  79 summary: dyn_dyn_cos_loss: 0.00000, dyn_sta_cos_loss: 0.00000, total_cos_loss : 0.00000, vocab_cro_loss : 1.40571, 
Warning: failed to save checkpoint at epoch 79: name 'train_new_save_path' is not defined
epoch  80 summary: dyn_dyn_cos_loss: 0.00240, dyn_sta_cos_loss: 0.00167, total_cos_loss : 0.00174, vocab_cro_loss : 1.42947, 
train loss: 1.3970, train acc: 0.6108
Warning: failed to save checkpoint at epoch 80: name 'train_new_save_path' is not defined
epoch  81 summary: dyn_dyn_cos_loss: 0.00000, dyn_sta_cos_loss: 0.00000, total_cos_loss : 0.00000, vocab_cro_loss : 1.39674, 
Warning: failed to save checkpoint at epoch 81: name 'train_new_save_path' is not defined
epoch  82 summary: dyn_dyn_cos_loss: 0.00000, dyn_sta_cos_loss: 0.00000, total_cos_loss : 0.00000, vocab_cro_loss : 1.39706, 
Warning: failed to save checkpoint at epoch 82: name 'train_new_save_path' is not defined
epoch  83 summary: dyn_dyn_cos_loss: 0.00000, dyn_sta_cos_loss: 0.00000, total_cos_loss : 0.00000, vocab_cro_loss : 1.37980, 
Warning: failed to save checkpoint at epoch 83: name 'train_new_save_path' is not defined
epoch  84 summary: dyn_dyn_cos_loss: 0.00232, dyn_sta_cos_loss: 0.00169, total_cos_loss : 0.00175, vocab_cro_loss : 1.47942, 
Warning: failed to save checkpoint at epoch 84: name 'train_new_save_path' is not defined
epoch  85 summary: dyn_dyn_cos_loss: 0.00000, dyn_sta_cos_loss: 0.00000, total_cos_loss : 0.00000, vocab_cro_loss : 1.53643, 
Warning: failed to save checkpoint at epoch 85: name 'train_new_save_path' is not defined
epoch  86 summary: dyn_dyn_cos_loss: 0.00000, dyn_sta_cos_loss: 0.00000, total_cos_loss : 0.00000, vocab_cro_loss : 1.53021, 
Warning: failed to save checkpoint at epoch 86: name 'train_new_save_path' is not defined
epoch  87 summary: dyn_dyn_cos_loss: 0.00000, dyn_sta_cos_loss: 0.00000, total_cos_loss : 0.00000, vocab_cro_loss : 1.75205, 
Warning: failed to save checkpoint at epoch 87: name 'train_new_save_path' is not defined
epoch  88 summary: dyn_dyn_cos_loss: 0.00226, dyn_sta_cos_loss: 0.00207, total_cos_loss : 0.00209, vocab_cro_loss : 1.50793, 
Warning: failed to save checkpoint at epoch 88: name 'train_new_save_path' is not defined
epoch  89 summary: dyn_dyn_cos_loss: 0.00000, dyn_sta_cos_loss: 0.00000, total_cos_loss : 0.00000, vocab_cro_loss : 1.50199, 
Warning: failed to save checkpoint at epoch 89: name 'train_new_save_path' is not defined
epoch  90 summary: dyn_dyn_cos_loss: 0.00000, dyn_sta_cos_loss: 0.00000, total_cos_loss : 0.00000, vocab_cro_loss : 1.48961, 
train loss: 1.5927, train acc: 0.5576
Warning: failed to save checkpoint at epoch 90: name 'train_new_save_path' is not defined
epoch  91 summary: dyn_dyn_cos_loss: 0.00000, dyn_sta_cos_loss: 0.00000, total_cos_loss : 0.00000, vocab_cro_loss : 1.59252, 
Warning: failed to save checkpoint at epoch 91: name 'train_new_save_path' is not defined
epoch  92 summary: dyn_dyn_cos_loss: 0.00264, dyn_sta_cos_loss: 0.00222, total_cos_loss : 0.00226, vocab_cro_loss : 1.54428, 
Warning: failed to save checkpoint at epoch 92: name 'train_new_save_path' is not defined
epoch  93 summary: dyn_dyn_cos_loss: 0.00000, dyn_sta_cos_loss: 0.00000, total_cos_loss : 0.00000, vocab_cro_loss : 1.53811, 
Warning: failed to save checkpoint at epoch 93: name 'train_new_save_path' is not defined
epoch  94 summary: dyn_dyn_cos_loss: 0.00000, dyn_sta_cos_loss: 0.00000, total_cos_loss : 0.00000, vocab_cro_loss : 1.53170, 
Warning: failed to save checkpoint at epoch 94: name 'train_new_save_path' is not defined
epoch  95 summary: dyn_dyn_cos_loss: 0.00000, dyn_sta_cos_loss: 0.00000, total_cos_loss : 0.00000, vocab_cro_loss : 1.48112, 
Warning: failed to save checkpoint at epoch 95: name 'train_new_save_path' is not defined
epoch  96 summary: dyn_dyn_cos_loss: 0.00323, dyn_sta_cos_loss: 0.00191, total_cos_loss : 0.00204, vocab_cro_loss : 1.44422, 
Warning: failed to save checkpoint at epoch 96: name 'train_new_save_path' is not defined
epoch  97 summary: dyn_dyn_cos_loss: 0.00000, dyn_sta_cos_loss: 0.00000, total_cos_loss : 0.00000, vocab_cro_loss : 1.43584, 
Warning: failed to save checkpoint at epoch 97: name 'train_new_save_path' is not defined
epoch  98 summary: dyn_dyn_cos_loss: 0.00000, dyn_sta_cos_loss: 0.00000, total_cos_loss : 0.00000, vocab_cro_loss : 1.42545, 
Warning: failed to save checkpoint at epoch 98: name 'train_new_save_path' is not defined
epoch  99 summary: dyn_dyn_cos_loss: 0.00000, dyn_sta_cos_loss: 0.00000, total_cos_loss : 0.00000, vocab_cro_loss : 1.36800, 
Warning: failed to save checkpoint at epoch 99: name 'train_new_save_path' is not defined
epoch 100 summary: dyn_dyn_cos_loss: 0.00314, dyn_sta_cos_loss: 0.00168, total_cos_loss : 0.00183, vocab_cro_loss : 1.38399, 
train loss: 1.3893, train acc: 0.6084
Warning: failed to save checkpoint at epoch 100: name 'train_new_save_path' is not defined
epoch 101 summary: dyn_dyn_cos_loss: 0.00000, dyn_sta_cos_loss: 0.00000, total_cos_loss : 0.00000, vocab_cro_loss : 1.38919, 
Warning: failed to save checkpoint at epoch 101: name 'train_new_save_path' is not defined
epoch 102 summary: dyn_dyn_cos_loss: 0.00000, dyn_sta_cos_loss: 0.00000, total_cos_loss : 0.00000, vocab_cro_loss : 1.36664, 
Warning: failed to save checkpoint at epoch 102: name 'train_new_save_path' is not defined
epoch 103 summary: dyn_dyn_cos_loss: 0.00000, dyn_sta_cos_loss: 0.00000, total_cos_loss : 0.00000, vocab_cro_loss : 1.37756, 
Warning: failed to save checkpoint at epoch 103: name 'train_new_save_path' is not defined
epoch 104 summary: dyn_dyn_cos_loss: 0.00286, dyn_sta_cos_loss: 0.00180, total_cos_loss : 0.00190, vocab_cro_loss : 1.41790, 
Warning: failed to save checkpoint at epoch 104: name 'train_new_save_path' is not defined
epoch 105 summary: dyn_dyn_cos_loss: 0.00000, dyn_sta_cos_loss: 0.00000, total_cos_loss : 0.00000, vocab_cro_loss : 1.41048, 
Warning: failed to save checkpoint at epoch 105: name 'train_new_save_path' is not defined
epoch 106 summary: dyn_dyn_cos_loss: 0.00000, dyn_sta_cos_loss: 0.00000, total_cos_loss : 0.00000, vocab_cro_loss : 1.33883, 
Warning: failed to save checkpoint at epoch 106: name 'train_new_save_path' is not defined
epoch 107 summary: dyn_dyn_cos_loss: 0.00000, dyn_sta_cos_loss: 0.00000, total_cos_loss : 0.00000, vocab_cro_loss : 1.35571, 
Warning: failed to save checkpoint at epoch 107: name 'train_new_save_path' is not defined
epoch 108 summary: dyn_dyn_cos_loss: 0.00272, dyn_sta_cos_loss: 0.00164, total_cos_loss : 0.00175, vocab_cro_loss : 1.37879, 
Warning: failed to save checkpoint at epoch 108: name 'train_new_save_path' is not defined
epoch 109 summary: dyn_dyn_cos_loss: 0.00000, dyn_sta_cos_loss: 0.00000, total_cos_loss : 0.00000, vocab_cro_loss : 1.39498, 
Warning: failed to save checkpoint at epoch 109: name 'train_new_save_path' is not defined
epoch 110 summary: dyn_dyn_cos_loss: 0.00000, dyn_sta_cos_loss: 0.00000, total_cos_loss : 0.00000, vocab_cro_loss : 1.40474, 
train loss: 1.4338, train acc: 0.6096
Warning: failed to save checkpoint at epoch 110: name 'train_new_save_path' is not defined
epoch 111 summary: dyn_dyn_cos_loss: 0.00000, dyn_sta_cos_loss: 0.00000, total_cos_loss : 0.00000, vocab_cro_loss : 1.43350, 
Warning: failed to save checkpoint at epoch 111: name 'train_new_save_path' is not defined
epoch 112 summary: dyn_dyn_cos_loss: 0.00254, dyn_sta_cos_loss: 0.00179, total_cos_loss : 0.00186, vocab_cro_loss : 1.37572, 
Warning: failed to save checkpoint at epoch 112: name 'train_new_save_path' is not defined
epoch 113 summary: dyn_dyn_cos_loss: 0.00000, dyn_sta_cos_loss: 0.00000, total_cos_loss : 0.00000, vocab_cro_loss : 1.33641, 
