Before CTE Training: train eu loss: 1.0375890731811523, eval eu loss: 1.492782711982727
Before CTE Training: train eu acc: 0.6748046875, eval eu acc: 0.560546875
epoch   0 summary: dyn_dyn_loss   : 0.23908, dyn_sta_loss   : 4.15321, tot_dyn_loss   : 1.80473, sta_sta_loss   : 0.57483, 
train loss: 2.7848, train acc: 0.4355
epoch   1 summary: dyn_dyn_loss   : 0.23616, dyn_sta_loss   : 3.86651, tot_dyn_loss   : 1.68830, sta_sta_loss   : 0.57483, 
epoch   2 summary: dyn_dyn_loss   : 0.23010, dyn_sta_loss   : 3.60230, tot_dyn_loss   : 1.57898, sta_sta_loss   : 0.57483, 
epoch   3 summary: dyn_dyn_loss   : 0.22371, dyn_sta_loss   : 3.35687, tot_dyn_loss   : 1.47697, sta_sta_loss   : 0.57483, 
epoch   4 summary: dyn_dyn_loss   : 0.21791, dyn_sta_loss   : 3.12780, tot_dyn_loss   : 1.38186, sta_sta_loss   : 0.57483, 
epoch   5 summary: dyn_dyn_loss   : 0.21461, dyn_sta_loss   : 2.92376, tot_dyn_loss   : 1.29827, sta_sta_loss   : 0.57483, 
epoch   6 summary: dyn_dyn_loss   : 0.21427, dyn_sta_loss   : 2.74434, tot_dyn_loss   : 1.22630, sta_sta_loss   : 0.57483, 
epoch   7 summary: dyn_dyn_loss   : 0.21699, dyn_sta_loss   : 2.57953, tot_dyn_loss   : 1.16200, sta_sta_loss   : 0.57483, 
epoch   8 summary: dyn_dyn_loss   : 0.22268, dyn_sta_loss   : 2.43335, tot_dyn_loss   : 1.10695, sta_sta_loss   : 0.57483, 
epoch   9 summary: dyn_dyn_loss   : 0.23150, dyn_sta_loss   : 2.29885, tot_dyn_loss   : 1.05844, sta_sta_loss   : 0.57483, 
epoch  10 summary: dyn_dyn_loss   : 0.24338, dyn_sta_loss   : 2.19306, tot_dyn_loss   : 1.02325, sta_sta_loss   : 0.57483, 
train loss: 0.0004, train acc: 1.0000
epoch  11 summary: dyn_dyn_loss   : 0.25737, dyn_sta_loss   : 2.10481, tot_dyn_loss   : 0.99635, sta_sta_loss   : 0.57483, 
epoch  12 summary: dyn_dyn_loss   : 0.27399, dyn_sta_loss   : 2.01772, tot_dyn_loss   : 0.97148, sta_sta_loss   : 0.57483, 
epoch  13 summary: dyn_dyn_loss   : 0.29162, dyn_sta_loss   : 1.94324, tot_dyn_loss   : 0.95227, sta_sta_loss   : 0.57483, 
epoch  14 summary: dyn_dyn_loss   : 0.30934, dyn_sta_loss   : 1.86989, tot_dyn_loss   : 0.93356, sta_sta_loss   : 0.57483, 
epoch  15 summary: dyn_dyn_loss   : 0.32739, dyn_sta_loss   : 1.81605, tot_dyn_loss   : 0.92286, sta_sta_loss   : 0.57483, 
epoch  16 summary: dyn_dyn_loss   : 0.34632, dyn_sta_loss   : 1.77540, tot_dyn_loss   : 0.91795, sta_sta_loss   : 0.57483, 
epoch  17 summary: dyn_dyn_loss   : 0.36271, dyn_sta_loss   : 1.74930, tot_dyn_loss   : 0.91735, sta_sta_loss   : 0.57483, 
epoch  18 summary: dyn_dyn_loss   : 0.37741, dyn_sta_loss   : 1.70806, tot_dyn_loss   : 0.90967, sta_sta_loss   : 0.57483, 
epoch  19 summary: dyn_dyn_loss   : 0.39172, dyn_sta_loss   : 1.67450, tot_dyn_loss   : 0.90483, sta_sta_loss   : 0.57483, 
epoch  20 summary: dyn_dyn_loss   : 0.40586, dyn_sta_loss   : 1.64650, tot_dyn_loss   : 0.90211, sta_sta_loss   : 0.57483, 
train loss: 0.0000, train acc: 1.0000
epoch  21 summary: dyn_dyn_loss   : 0.41852, dyn_sta_loss   : 1.62647, tot_dyn_loss   : 0.90170, sta_sta_loss   : 0.57483, 
epoch  22 summary: dyn_dyn_loss   : 0.43057, dyn_sta_loss   : 1.60537, tot_dyn_loss   : 0.90049, sta_sta_loss   : 0.57483, 
epoch  23 summary: dyn_dyn_loss   : 0.43957, dyn_sta_loss   : 1.59290, tot_dyn_loss   : 0.90090, sta_sta_loss   : 0.57483, 
epoch  24 summary: dyn_dyn_loss   : 0.44768, dyn_sta_loss   : 1.57740, tot_dyn_loss   : 0.89957, sta_sta_loss   : 0.57483, 
epoch  25 summary: dyn_dyn_loss   : 0.45555, dyn_sta_loss   : 1.56608, tot_dyn_loss   : 0.89977, sta_sta_loss   : 0.57483, 
epoch  26 summary: dyn_dyn_loss   : 0.46221, dyn_sta_loss   : 1.54690, tot_dyn_loss   : 0.89609, sta_sta_loss   : 0.57483, 
epoch  27 summary: dyn_dyn_loss   : 0.46902, dyn_sta_loss   : 1.54602, tot_dyn_loss   : 0.89982, sta_sta_loss   : 0.57483, 
epoch  28 summary: dyn_dyn_loss   : 0.47325, dyn_sta_loss   : 1.54757, tot_dyn_loss   : 0.90298, sta_sta_loss   : 0.57483, 
epoch  29 summary: dyn_dyn_loss   : 0.47582, dyn_sta_loss   : 1.54679, tot_dyn_loss   : 0.90421, sta_sta_loss   : 0.57483, 
epoch  30 summary: dyn_dyn_loss   : 0.47781, dyn_sta_loss   : 1.52875, tot_dyn_loss   : 0.89819, sta_sta_loss   : 0.57483, 
train loss: 0.0000, train acc: 1.0000
epoch  31 summary: dyn_dyn_loss   : 0.48119, dyn_sta_loss   : 1.53567, tot_dyn_loss   : 0.90298, sta_sta_loss   : 0.57483, 
epoch  32 summary: dyn_dyn_loss   : 0.48231, dyn_sta_loss   : 1.51913, tot_dyn_loss   : 0.89704, sta_sta_loss   : 0.57483, 
epoch  33 summary: dyn_dyn_loss   : 0.48499, dyn_sta_loss   : 1.50968, tot_dyn_loss   : 0.89487, sta_sta_loss   : 0.57483, 
epoch  34 summary: dyn_dyn_loss   : 0.48801, dyn_sta_loss   : 1.51777, tot_dyn_loss   : 0.89991, sta_sta_loss   : 0.57483, 
epoch  35 summary: dyn_dyn_loss   : 0.48998, dyn_sta_loss   : 1.52445, tot_dyn_loss   : 0.90377, sta_sta_loss   : 0.57483, 
epoch  36 summary: dyn_dyn_loss   : 0.49021, dyn_sta_loss   : 1.52522, tot_dyn_loss   : 0.90422, sta_sta_loss   : 0.57483, 
epoch  37 summary: dyn_dyn_loss   : 0.48960, dyn_sta_loss   : 1.52072, tot_dyn_loss   : 0.90205, sta_sta_loss   : 0.57483, 
epoch  38 summary: dyn_dyn_loss   : 0.49038, dyn_sta_loss   : 1.51822, tot_dyn_loss   : 0.90151, sta_sta_loss   : 0.57483, 
epoch  39 summary: dyn_dyn_loss   : 0.49071, dyn_sta_loss   : 1.52135, tot_dyn_loss   : 0.90297, sta_sta_loss   : 0.57483, 
epoch  40 summary: dyn_dyn_loss   : 0.49094, dyn_sta_loss   : 1.52268, tot_dyn_loss   : 0.90364, sta_sta_loss   : 0.57483, 
train loss: 0.0000, train acc: 1.0000
epoch  41 summary: dyn_dyn_loss   : 0.49092, dyn_sta_loss   : 1.51628, tot_dyn_loss   : 0.90107, sta_sta_loss   : 0.57483, 
epoch  42 summary: dyn_dyn_loss   : 0.49153, dyn_sta_loss   : 1.52369, tot_dyn_loss   : 0.90439, sta_sta_loss   : 0.57483, 
epoch  43 summary: dyn_dyn_loss   : 0.49200, dyn_sta_loss   : 1.52253, tot_dyn_loss   : 0.90421, sta_sta_loss   : 0.57483, 
epoch  44 summary: dyn_dyn_loss   : 0.49154, dyn_sta_loss   : 1.53267, tot_dyn_loss   : 0.90799, sta_sta_loss   : 0.57483, 
epoch  45 summary: dyn_dyn_loss   : 0.48963, dyn_sta_loss   : 1.52209, tot_dyn_loss   : 0.90261, sta_sta_loss   : 0.57483, 
epoch  46 summary: dyn_dyn_loss   : 0.48992, dyn_sta_loss   : 1.51144, tot_dyn_loss   : 0.89853, sta_sta_loss   : 0.57483, 
epoch  47 summary: dyn_dyn_loss   : 0.49226, dyn_sta_loss   : 1.51246, tot_dyn_loss   : 0.90034, sta_sta_loss   : 0.57483, 
epoch  48 summary: dyn_dyn_loss   : 0.49337, dyn_sta_loss   : 1.51169, tot_dyn_loss   : 0.90070, sta_sta_loss   : 0.57483, 
epoch  49 summary: dyn_dyn_loss   : 0.49409, dyn_sta_loss   : 1.51454, tot_dyn_loss   : 0.90227, sta_sta_loss   : 0.57483, 
epoch  50 summary: dyn_dyn_loss   : 0.49430, dyn_sta_loss   : 1.51665, tot_dyn_loss   : 0.90324, sta_sta_loss   : 0.57483, 
train loss: 0.0000, train acc: 1.0000
epoch  51 summary: dyn_dyn_loss   : 0.49445, dyn_sta_loss   : 1.52304, tot_dyn_loss   : 0.90589, sta_sta_loss   : 0.57483, 
epoch  52 summary: dyn_dyn_loss   : 0.49388, dyn_sta_loss   : 1.50909, tot_dyn_loss   : 0.89996, sta_sta_loss   : 0.57483, 
epoch  53 summary: dyn_dyn_loss   : 0.49442, dyn_sta_loss   : 1.51828, tot_dyn_loss   : 0.90396, sta_sta_loss   : 0.57483, 
epoch  54 summary: dyn_dyn_loss   : 0.49261, dyn_sta_loss   : 1.51439, tot_dyn_loss   : 0.90132, sta_sta_loss   : 0.57483, 
epoch  55 summary: dyn_dyn_loss   : 0.49261, dyn_sta_loss   : 1.51271, tot_dyn_loss   : 0.90065, sta_sta_loss   : 0.57483, 
epoch  56 summary: dyn_dyn_loss   : 0.49317, dyn_sta_loss   : 1.51264, tot_dyn_loss   : 0.90096, sta_sta_loss   : 0.57483, 
epoch  57 summary: dyn_dyn_loss   : 0.49294, dyn_sta_loss   : 1.50851, tot_dyn_loss   : 0.89917, sta_sta_loss   : 0.57483, 
epoch  58 summary: dyn_dyn_loss   : 0.49397, dyn_sta_loss   : 1.50601, tot_dyn_loss   : 0.89879, sta_sta_loss   : 0.57483, 
epoch  59 summary: dyn_dyn_loss   : 0.49534, dyn_sta_loss   : 1.51863, tot_dyn_loss   : 0.90466, sta_sta_loss   : 0.57483, 
epoch  60 summary: dyn_dyn_loss   : 0.49462, dyn_sta_loss   : 1.50652, tot_dyn_loss   : 0.89938, sta_sta_loss   : 0.57483, 
train loss: 0.0000, train acc: 1.0000
epoch  61 summary: dyn_dyn_loss   : 0.49473, dyn_sta_loss   : 1.52024, tot_dyn_loss   : 0.90493, sta_sta_loss   : 0.57483, 
epoch  62 summary: dyn_dyn_loss   : 0.49223, dyn_sta_loss   : 1.52455, tot_dyn_loss   : 0.90516, sta_sta_loss   : 0.57483, 
epoch  63 summary: dyn_dyn_loss   : 0.49058, dyn_sta_loss   : 1.52041, tot_dyn_loss   : 0.90251, sta_sta_loss   : 0.57483, 
epoch  64 summary: dyn_dyn_loss   : 0.49039, dyn_sta_loss   : 1.50648, tot_dyn_loss   : 0.89683, sta_sta_loss   : 0.57483, 
epoch  65 summary: dyn_dyn_loss   : 0.49222, dyn_sta_loss   : 1.51147, tot_dyn_loss   : 0.89992, sta_sta_loss   : 0.57483, 
epoch  66 summary: dyn_dyn_loss   : 0.49312, dyn_sta_loss   : 1.52015, tot_dyn_loss   : 0.90393, sta_sta_loss   : 0.57483, 
epoch  67 summary: dyn_dyn_loss   : 0.49201, dyn_sta_loss   : 1.51570, tot_dyn_loss   : 0.90149, sta_sta_loss   : 0.57483, 
epoch  68 summary: dyn_dyn_loss   : 0.49222, dyn_sta_loss   : 1.51129, tot_dyn_loss   : 0.89985, sta_sta_loss   : 0.57483, 
epoch  69 summary: dyn_dyn_loss   : 0.49334, dyn_sta_loss   : 1.50917, tot_dyn_loss   : 0.89967, sta_sta_loss   : 0.57483, 
epoch  70 summary: dyn_dyn_loss   : 0.49435, dyn_sta_loss   : 1.51036, tot_dyn_loss   : 0.90075, sta_sta_loss   : 0.57483, 
train loss: 0.0000, train acc: 1.0000
epoch  71 summary: dyn_dyn_loss   : 0.49505, dyn_sta_loss   : 1.52337, tot_dyn_loss   : 0.90638, sta_sta_loss   : 0.57483, 
epoch  72 summary: dyn_dyn_loss   : 0.49335, dyn_sta_loss   : 1.51698, tot_dyn_loss   : 0.90280, sta_sta_loss   : 0.57483, 
epoch  73 summary: dyn_dyn_loss   : 0.49332, dyn_sta_loss   : 1.52227, tot_dyn_loss   : 0.90490, sta_sta_loss   : 0.57483, 
epoch  74 summary: dyn_dyn_loss   : 0.49234, dyn_sta_loss   : 1.51463, tot_dyn_loss   : 0.90126, sta_sta_loss   : 0.57483, 
epoch  75 summary: dyn_dyn_loss   : 0.49180, dyn_sta_loss   : 1.50757, tot_dyn_loss   : 0.89811, sta_sta_loss   : 0.57483, 
epoch  76 summary: dyn_dyn_loss   : 0.49290, dyn_sta_loss   : 1.51635, tot_dyn_loss   : 0.90228, sta_sta_loss   : 0.57483, 
epoch  77 summary: dyn_dyn_loss   : 0.49375, dyn_sta_loss   : 1.50898, tot_dyn_loss   : 0.89984, sta_sta_loss   : 0.57483, 
epoch  78 summary: dyn_dyn_loss   : 0.49354, dyn_sta_loss   : 1.50981, tot_dyn_loss   : 0.90005, sta_sta_loss   : 0.57483, 
epoch  79 summary: dyn_dyn_loss   : 0.49346, dyn_sta_loss   : 1.51445, tot_dyn_loss   : 0.90186, sta_sta_loss   : 0.57483, 
epoch  80 summary: dyn_dyn_loss   : 0.49208, dyn_sta_loss   : 1.51020, tot_dyn_loss   : 0.89933, sta_sta_loss   : 0.57483, 
train loss: 0.0000, train acc: 1.0000
epoch  81 summary: dyn_dyn_loss   : 0.49270, dyn_sta_loss   : 1.50810, tot_dyn_loss   : 0.89886, sta_sta_loss   : 0.57483, 
epoch  82 summary: dyn_dyn_loss   : 0.49330, dyn_sta_loss   : 1.51861, tot_dyn_loss   : 0.90342, sta_sta_loss   : 0.57483, 
epoch  83 summary: dyn_dyn_loss   : 0.49235, dyn_sta_loss   : 1.52686, tot_dyn_loss   : 0.90616, sta_sta_loss   : 0.57483, 
epoch  84 summary: dyn_dyn_loss   : 0.49009, dyn_sta_loss   : 1.51934, tot_dyn_loss   : 0.90179, sta_sta_loss   : 0.57483, 
epoch  85 summary: dyn_dyn_loss   : 0.49090, dyn_sta_loss   : 1.51237, tot_dyn_loss   : 0.89949, sta_sta_loss   : 0.57483, 
epoch  86 summary: dyn_dyn_loss   : 0.49194, dyn_sta_loss   : 1.49926, tot_dyn_loss   : 0.89487, sta_sta_loss   : 0.57483, 
epoch  87 summary: dyn_dyn_loss   : 0.49455, dyn_sta_loss   : 1.50345, tot_dyn_loss   : 0.89811, sta_sta_loss   : 0.57483, 
epoch  88 summary: dyn_dyn_loss   : 0.49560, dyn_sta_loss   : 1.49699, tot_dyn_loss   : 0.89615, sta_sta_loss   : 0.57483, 
epoch  89 summary: dyn_dyn_loss   : 0.49776, dyn_sta_loss   : 1.49671, tot_dyn_loss   : 0.89734, sta_sta_loss   : 0.57483, 
epoch  90 summary: dyn_dyn_loss   : 0.49800, dyn_sta_loss   : 1.50211, tot_dyn_loss   : 0.89964, sta_sta_loss   : 0.57483, 
train loss: 0.0000, train acc: 1.0000
epoch  91 summary: dyn_dyn_loss   : 0.49742, dyn_sta_loss   : 1.51183, tot_dyn_loss   : 0.90319, sta_sta_loss   : 0.57483, 
epoch  92 summary: dyn_dyn_loss   : 0.49586, dyn_sta_loss   : 1.51351, tot_dyn_loss   : 0.90292, sta_sta_loss   : 0.57483, 
epoch  93 summary: dyn_dyn_loss   : 0.49428, dyn_sta_loss   : 1.51691, tot_dyn_loss   : 0.90333, sta_sta_loss   : 0.57483, 
epoch  94 summary: dyn_dyn_loss   : 0.49271, dyn_sta_loss   : 1.51177, tot_dyn_loss   : 0.90033, sta_sta_loss   : 0.57483, 
epoch  95 summary: dyn_dyn_loss   : 0.49278, dyn_sta_loss   : 1.52344, tot_dyn_loss   : 0.90504, sta_sta_loss   : 0.57483, 
epoch  96 summary: dyn_dyn_loss   : 0.49165, dyn_sta_loss   : 1.51564, tot_dyn_loss   : 0.90124, sta_sta_loss   : 0.57483, 
epoch  97 summary: dyn_dyn_loss   : 0.49074, dyn_sta_loss   : 1.51375, tot_dyn_loss   : 0.89995, sta_sta_loss   : 0.57483, 
epoch  98 summary: dyn_dyn_loss   : 0.49131, dyn_sta_loss   : 1.51681, tot_dyn_loss   : 0.90151, sta_sta_loss   : 0.57483, 
epoch  99 summary: dyn_dyn_loss   : 0.49098, dyn_sta_loss   : 1.51849, tot_dyn_loss   : 0.90199, sta_sta_loss   : 0.57483, 
epoch 100 summary: dyn_dyn_loss   : 0.49137, dyn_sta_loss   : 1.50729, tot_dyn_loss   : 0.89774, sta_sta_loss   : 0.57483, 
train loss: 0.0000, train acc: 1.0000
epoch 101 summary: dyn_dyn_loss   : 0.49299, dyn_sta_loss   : 1.50631, tot_dyn_loss   : 0.89831, sta_sta_loss   : 0.57483, 
epoch 102 summary: dyn_dyn_loss   : 0.49373, dyn_sta_loss   : 1.51403, tot_dyn_loss   : 0.90185, sta_sta_loss   : 0.57483, 
epoch 103 summary: dyn_dyn_loss   : 0.49383, dyn_sta_loss   : 1.50781, tot_dyn_loss   : 0.89942, sta_sta_loss   : 0.57483, 
epoch 104 summary: dyn_dyn_loss   : 0.49385, dyn_sta_loss   : 1.50306, tot_dyn_loss   : 0.89753, sta_sta_loss   : 0.57483, 
epoch 105 summary: dyn_dyn_loss   : 0.49461, dyn_sta_loss   : 1.51248, tot_dyn_loss   : 0.90176, sta_sta_loss   : 0.57483, 
epoch 106 summary: dyn_dyn_loss   : 0.49358, dyn_sta_loss   : 1.51415, tot_dyn_loss   : 0.90181, sta_sta_loss   : 0.57483, 
epoch 107 summary: dyn_dyn_loss   : 0.49285, dyn_sta_loss   : 1.50966, tot_dyn_loss   : 0.89958, sta_sta_loss   : 0.57483, 
epoch 108 summary: dyn_dyn_loss   : 0.49329, dyn_sta_loss   : 1.51332, tot_dyn_loss   : 0.90131, sta_sta_loss   : 0.57483, 
epoch 109 summary: dyn_dyn_loss   : 0.49292, dyn_sta_loss   : 1.52257, tot_dyn_loss   : 0.90478, sta_sta_loss   : 0.57483, 
epoch 110 summary: dyn_dyn_loss   : 0.49182, dyn_sta_loss   : 1.51980, tot_dyn_loss   : 0.90301, sta_sta_loss   : 0.57483, 
train loss: 0.0000, train acc: 1.0000
epoch 111 summary: dyn_dyn_loss   : 0.49167, dyn_sta_loss   : 1.49973, tot_dyn_loss   : 0.89489, sta_sta_loss   : 0.57483, 
epoch 112 summary: dyn_dyn_loss   : 0.49354, dyn_sta_loss   : 1.51911, tot_dyn_loss   : 0.90377, sta_sta_loss   : 0.57483, 
epoch 113 summary: dyn_dyn_loss   : 0.49153, dyn_sta_loss   : 1.51075, tot_dyn_loss   : 0.89922, sta_sta_loss   : 0.57483, 
epoch 114 summary: dyn_dyn_loss   : 0.49185, dyn_sta_loss   : 1.51375, tot_dyn_loss   : 0.90061, sta_sta_loss   : 0.57483, 
epoch 115 summary: dyn_dyn_loss   : 0.49158, dyn_sta_loss   : 1.51081, tot_dyn_loss   : 0.89927, sta_sta_loss   : 0.57483, 
epoch 116 summary: dyn_dyn_loss   : 0.49202, dyn_sta_loss   : 1.50377, tot_dyn_loss   : 0.89672, sta_sta_loss   : 0.57483, 
epoch 117 summary: dyn_dyn_loss   : 0.49383, dyn_sta_loss   : 1.50547, tot_dyn_loss   : 0.89849, sta_sta_loss   : 0.57483, 
epoch 118 summary: dyn_dyn_loss   : 0.49461, dyn_sta_loss   : 1.49314, tot_dyn_loss   : 0.89402, sta_sta_loss   : 0.57483, 
epoch 119 summary: dyn_dyn_loss   : 0.49605, dyn_sta_loss   : 1.49710, tot_dyn_loss   : 0.89647, sta_sta_loss   : 0.57483, 
epoch 120 summary: dyn_dyn_loss   : 0.49749, dyn_sta_loss   : 1.51718, tot_dyn_loss   : 0.90537, sta_sta_loss   : 0.57483, 
train loss: 0.0000, train acc: 1.0000
epoch 121 summary: dyn_dyn_loss   : 0.49432, dyn_sta_loss   : 1.52215, tot_dyn_loss   : 0.90545, sta_sta_loss   : 0.57483, 
epoch 122 summary: dyn_dyn_loss   : 0.49202, dyn_sta_loss   : 1.52656, tot_dyn_loss   : 0.90583, sta_sta_loss   : 0.57483, 
epoch 123 summary: dyn_dyn_loss   : 0.48990, dyn_sta_loss   : 1.51049, tot_dyn_loss   : 0.89813, sta_sta_loss   : 0.57483, 
epoch 124 summary: dyn_dyn_loss   : 0.49055, dyn_sta_loss   : 1.50110, tot_dyn_loss   : 0.89477, sta_sta_loss   : 0.57483, 
epoch 125 summary: dyn_dyn_loss   : 0.49313, dyn_sta_loss   : 1.51437, tot_dyn_loss   : 0.90163, sta_sta_loss   : 0.57483, 
epoch 126 summary: dyn_dyn_loss   : 0.49319, dyn_sta_loss   : 1.50406, tot_dyn_loss   : 0.89754, sta_sta_loss   : 0.57483, 
epoch 127 summary: dyn_dyn_loss   : 0.49399, dyn_sta_loss   : 1.50195, tot_dyn_loss   : 0.89718, sta_sta_loss   : 0.57483, 
epoch 128 summary: dyn_dyn_loss   : 0.49504, dyn_sta_loss   : 1.50589, tot_dyn_loss   : 0.89938, sta_sta_loss   : 0.57483, 
epoch 129 summary: dyn_dyn_loss   : 0.49483, dyn_sta_loss   : 1.50326, tot_dyn_loss   : 0.89821, sta_sta_loss   : 0.57483, 
epoch 130 summary: dyn_dyn_loss   : 0.49530, dyn_sta_loss   : 1.50098, tot_dyn_loss   : 0.89757, sta_sta_loss   : 0.57483, 
train loss: 0.0000, train acc: 1.0000
epoch 131 summary: dyn_dyn_loss   : 0.49585, dyn_sta_loss   : 1.49580, tot_dyn_loss   : 0.89583, sta_sta_loss   : 0.57483, 
epoch 132 summary: dyn_dyn_loss   : 0.49739, dyn_sta_loss   : 1.52554, tot_dyn_loss   : 0.90865, sta_sta_loss   : 0.57483, 
epoch 133 summary: dyn_dyn_loss   : 0.49292, dyn_sta_loss   : 1.52540, tot_dyn_loss   : 0.90592, sta_sta_loss   : 0.57483, 
epoch 134 summary: dyn_dyn_loss   : 0.49078, dyn_sta_loss   : 1.51868, tot_dyn_loss   : 0.90194, sta_sta_loss   : 0.57483, 
epoch 135 summary: dyn_dyn_loss   : 0.49077, dyn_sta_loss   : 1.52601, tot_dyn_loss   : 0.90486, sta_sta_loss   : 0.57483, 
epoch 136 summary: dyn_dyn_loss   : 0.48943, dyn_sta_loss   : 1.51520, tot_dyn_loss   : 0.89974, sta_sta_loss   : 0.57483, 
epoch 137 summary: dyn_dyn_loss   : 0.48989, dyn_sta_loss   : 1.51699, tot_dyn_loss   : 0.90073, sta_sta_loss   : 0.57483, 
epoch 138 summary: dyn_dyn_loss   : 0.49011, dyn_sta_loss   : 1.52461, tot_dyn_loss   : 0.90391, sta_sta_loss   : 0.57483, 
epoch 139 summary: dyn_dyn_loss   : 0.48898, dyn_sta_loss   : 1.51522, tot_dyn_loss   : 0.89947, sta_sta_loss   : 0.57483, 
epoch 140 summary: dyn_dyn_loss   : 0.48964, dyn_sta_loss   : 1.51299, tot_dyn_loss   : 0.89898, sta_sta_loss   : 0.57483, 
train loss: 0.0000, train acc: 1.0000
epoch 141 summary: dyn_dyn_loss   : 0.49020, dyn_sta_loss   : 1.49892, tot_dyn_loss   : 0.89369, sta_sta_loss   : 0.57483, 
epoch 142 summary: dyn_dyn_loss   : 0.49272, dyn_sta_loss   : 1.50971, tot_dyn_loss   : 0.89952, sta_sta_loss   : 0.57483, 
epoch 143 summary: dyn_dyn_loss   : 0.49318, dyn_sta_loss   : 1.50696, tot_dyn_loss   : 0.89869, sta_sta_loss   : 0.57483, 
epoch 144 summary: dyn_dyn_loss   : 0.49352, dyn_sta_loss   : 1.51532, tot_dyn_loss   : 0.90224, sta_sta_loss   : 0.57483, 
epoch 145 summary: dyn_dyn_loss   : 0.49313, dyn_sta_loss   : 1.50989, tot_dyn_loss   : 0.89983, sta_sta_loss   : 0.57483, 
epoch 146 summary: dyn_dyn_loss   : 0.49432, dyn_sta_loss   : 1.50049, tot_dyn_loss   : 0.89679, sta_sta_loss   : 0.57483, 
epoch 147 summary: dyn_dyn_loss   : 0.49620, dyn_sta_loss   : 1.49818, tot_dyn_loss   : 0.89699, sta_sta_loss   : 0.57483, 
epoch 148 summary: dyn_dyn_loss   : 0.49680, dyn_sta_loss   : 1.49918, tot_dyn_loss   : 0.89775, sta_sta_loss   : 0.57483, 
epoch 149 summary: dyn_dyn_loss   : 0.49704, dyn_sta_loss   : 1.49175, tot_dyn_loss   : 0.89493, sta_sta_loss   : 0.57483, 
train loss: 0.0000, train acc: 1.0000
all                         118392.480ms
all_epoch                   118004.967ms
all_preparation                387.486ms
all_preparation_2              386.487ms
all_preparation_3                0.979ms
epoch                          651.292ms
epoch_pos_train                  0.909ms
epoch_preparation                3.877ms
epoch_train                    644.932ms
epoch_valid                      1.042ms
----------------------------------------
all                         118392.480ms
  all_epoch             99.67%
  all_preparation        0.33%
all_preparation                387.486ms
  all_preparation_2     99.74%
  all_preparation_3      0.25%
epoch                        97693.831ms
  epoch_train           99.02%
  epoch_preparation      0.60%
  epoch_valid            0.16%
  epoch_pos_train        0.14%
epoch   0 summary: dyn_dyn_cos_loss: 0.00000, dyn_sta_cos_loss: 0.00000, total_cos_loss : 0.22881, 
valid loss: 3.8267, valid acc: 0.1562
epoch   1 summary: dyn_dyn_cos_loss: 0.00000, dyn_sta_cos_loss: 0.00000, total_cos_loss : 0.20619, 
epoch   2 summary: dyn_dyn_cos_loss: 0.00000, dyn_sta_cos_loss: 0.00000, total_cos_loss : 0.19021, 
epoch   3 summary: dyn_dyn_cos_loss: 0.00000, dyn_sta_cos_loss: 0.00000, total_cos_loss : 0.17954, 
epoch   4 summary: dyn_dyn_cos_loss: 0.00000, dyn_sta_cos_loss: 0.00000, total_cos_loss : 0.17141, 
epoch   5 summary: dyn_dyn_cos_loss: 0.00000, dyn_sta_cos_loss: 0.00000, total_cos_loss : 0.16545, 
epoch   6 summary: dyn_dyn_cos_loss: 0.00000, dyn_sta_cos_loss: 0.00000, total_cos_loss : 0.16083, 
epoch   7 summary: dyn_dyn_cos_loss: 0.00000, dyn_sta_cos_loss: 0.00000, total_cos_loss : 0.15699, 
epoch   8 summary: dyn_dyn_cos_loss: 0.00000, dyn_sta_cos_loss: 0.00000, total_cos_loss : 0.15401, 
epoch   9 summary: dyn_dyn_cos_loss: 0.00000, dyn_sta_cos_loss: 0.00000, total_cos_loss : 0.15134, 
epoch  10 summary: dyn_dyn_cos_loss: 0.00000, dyn_sta_cos_loss: 0.00000, total_cos_loss : 0.14915, 
valid loss: 2.2478, valid acc: 0.4883
epoch  11 summary: dyn_dyn_cos_loss: 0.00000, dyn_sta_cos_loss: 0.00000, total_cos_loss : 0.14750, 
epoch  12 summary: dyn_dyn_cos_loss: 0.00000, dyn_sta_cos_loss: 0.00000, total_cos_loss : 0.14605, 
epoch  13 summary: dyn_dyn_cos_loss: 0.00000, dyn_sta_cos_loss: 0.00000, total_cos_loss : 0.14479, 
epoch  14 summary: dyn_dyn_cos_loss: 0.00000, dyn_sta_cos_loss: 0.00000, total_cos_loss : 0.14372, 
epoch  15 summary: dyn_dyn_cos_loss: 0.00000, dyn_sta_cos_loss: 0.00000, total_cos_loss : 0.14290, 
epoch  16 summary: dyn_dyn_cos_loss: 0.00000, dyn_sta_cos_loss: 0.00000, total_cos_loss : 0.14217, 
epoch  17 summary: dyn_dyn_cos_loss: 0.00000, dyn_sta_cos_loss: 0.00000, total_cos_loss : 0.14151, 
epoch  18 summary: dyn_dyn_cos_loss: 0.00000, dyn_sta_cos_loss: 0.00000, total_cos_loss : 0.14096, 
epoch  19 summary: dyn_dyn_cos_loss: 0.00000, dyn_sta_cos_loss: 0.00000, total_cos_loss : 0.14047, 
epoch  20 summary: dyn_dyn_cos_loss: 0.00000, dyn_sta_cos_loss: 0.00000, total_cos_loss : 0.14009, 
valid loss: 2.1708, valid acc: 0.5020
epoch  21 summary: dyn_dyn_cos_loss: 0.00000, dyn_sta_cos_loss: 0.00000, total_cos_loss : 0.13974, 
epoch  22 summary: dyn_dyn_cos_loss: 0.00000, dyn_sta_cos_loss: 0.00000, total_cos_loss : 0.13947, 
epoch  23 summary: dyn_dyn_cos_loss: 0.00000, dyn_sta_cos_loss: 0.00000, total_cos_loss : 0.13920, 
epoch  24 summary: dyn_dyn_cos_loss: 0.00000, dyn_sta_cos_loss: 0.00000, total_cos_loss : 0.13899, 
epoch  25 summary: dyn_dyn_cos_loss: 0.00000, dyn_sta_cos_loss: 0.00000, total_cos_loss : 0.13880, 
epoch  26 summary: dyn_dyn_cos_loss: 0.00000, dyn_sta_cos_loss: 0.00000, total_cos_loss : 0.13858, 
epoch  27 summary: dyn_dyn_cos_loss: 0.00000, dyn_sta_cos_loss: 0.00000, total_cos_loss : 0.13842, 
epoch  28 summary: dyn_dyn_cos_loss: 0.00000, dyn_sta_cos_loss: 0.00000, total_cos_loss : 0.13830, 
epoch  29 summary: dyn_dyn_cos_loss: 0.00000, dyn_sta_cos_loss: 0.00000, total_cos_loss : 0.13819, 
epoch  30 summary: dyn_dyn_cos_loss: 0.00000, dyn_sta_cos_loss: 0.00000, total_cos_loss : 0.13807, 
valid loss: 2.1733, valid acc: 0.4961
epoch  31 summary: dyn_dyn_cos_loss: 0.00000, dyn_sta_cos_loss: 0.00000, total_cos_loss : 0.13797, 
epoch  32 summary: dyn_dyn_cos_loss: 0.00000, dyn_sta_cos_loss: 0.00000, total_cos_loss : 0.13790, 
epoch  33 summary: dyn_dyn_cos_loss: 0.00000, dyn_sta_cos_loss: 0.00000, total_cos_loss : 0.13783, 
epoch  34 summary: dyn_dyn_cos_loss: 0.00000, dyn_sta_cos_loss: 0.00000, total_cos_loss : 0.13778, 
epoch  35 summary: dyn_dyn_cos_loss: 0.00000, dyn_sta_cos_loss: 0.00000, total_cos_loss : 0.13772, 
epoch  36 summary: dyn_dyn_cos_loss: 0.00000, dyn_sta_cos_loss: 0.00000, total_cos_loss : 0.13768, 
epoch  37 summary: dyn_dyn_cos_loss: 0.00000, dyn_sta_cos_loss: 0.00000, total_cos_loss : 0.13761, 
epoch  38 summary: dyn_dyn_cos_loss: 0.00000, dyn_sta_cos_loss: 0.00000, total_cos_loss : 0.13757, 
epoch  39 summary: dyn_dyn_cos_loss: 0.00000, dyn_sta_cos_loss: 0.00000, total_cos_loss : 0.13752, 
epoch  40 summary: dyn_dyn_cos_loss: 0.00000, dyn_sta_cos_loss: 0.00000, total_cos_loss : 0.13750, 
valid loss: 2.1608, valid acc: 0.4961
epoch  41 summary: dyn_dyn_cos_loss: 0.00000, dyn_sta_cos_loss: 0.00000, total_cos_loss : 0.13745, 
epoch  42 summary: dyn_dyn_cos_loss: 0.00000, dyn_sta_cos_loss: 0.00000, total_cos_loss : 0.13741, 
epoch  43 summary: dyn_dyn_cos_loss: 0.00000, dyn_sta_cos_loss: 0.00000, total_cos_loss : 0.13738, 
epoch  44 summary: dyn_dyn_cos_loss: 0.00000, dyn_sta_cos_loss: 0.00000, total_cos_loss : 0.13735, 
epoch  45 summary: dyn_dyn_cos_loss: 0.00000, dyn_sta_cos_loss: 0.00000, total_cos_loss : 0.13733, 
epoch  46 summary: dyn_dyn_cos_loss: 0.00000, dyn_sta_cos_loss: 0.00000, total_cos_loss : 0.13730, 
epoch  47 summary: dyn_dyn_cos_loss: 0.00000, dyn_sta_cos_loss: 0.00000, total_cos_loss : 0.13729, 
epoch  48 summary: dyn_dyn_cos_loss: 0.00000, dyn_sta_cos_loss: 0.00000, total_cos_loss : 0.13727, 
epoch  49 summary: dyn_dyn_cos_loss: 0.00000, dyn_sta_cos_loss: 0.00000, total_cos_loss : 0.13726, 
epoch  50 summary: dyn_dyn_cos_loss: 0.00000, dyn_sta_cos_loss: 0.00000, total_cos_loss : 0.13724, 
valid loss: 2.1550, valid acc: 0.4980
epoch  51 summary: dyn_dyn_cos_loss: 0.00000, dyn_sta_cos_loss: 0.00000, total_cos_loss : 0.13723, 
epoch  52 summary: dyn_dyn_cos_loss: 0.00000, dyn_sta_cos_loss: 0.00000, total_cos_loss : 0.13722, 
epoch  53 summary: dyn_dyn_cos_loss: 0.00000, dyn_sta_cos_loss: 0.00000, total_cos_loss : 0.13721, 
epoch  54 summary: dyn_dyn_cos_loss: 0.00000, dyn_sta_cos_loss: 0.00000, total_cos_loss : 0.13720, 
epoch  55 summary: dyn_dyn_cos_loss: 0.00000, dyn_sta_cos_loss: 0.00000, total_cos_loss : 0.13718, 
epoch  56 summary: dyn_dyn_cos_loss: 0.00000, dyn_sta_cos_loss: 0.00000, total_cos_loss : 0.13718, 
epoch  57 summary: dyn_dyn_cos_loss: 0.00000, dyn_sta_cos_loss: 0.00000, total_cos_loss : 0.13717, 
epoch  58 summary: dyn_dyn_cos_loss: 0.00000, dyn_sta_cos_loss: 0.00000, total_cos_loss : 0.13715, 
epoch  59 summary: dyn_dyn_cos_loss: 0.00000, dyn_sta_cos_loss: 0.00000, total_cos_loss : 0.13714, 
epoch  60 summary: dyn_dyn_cos_loss: 0.00000, dyn_sta_cos_loss: 0.00000, total_cos_loss : 0.13713, 
valid loss: 2.1549, valid acc: 0.5000
epoch  61 summary: dyn_dyn_cos_loss: 0.00000, dyn_sta_cos_loss: 0.00000, total_cos_loss : 0.13712, 
epoch  62 summary: dyn_dyn_cos_loss: 0.00000, dyn_sta_cos_loss: 0.00000, total_cos_loss : 0.13711, 
epoch  63 summary: dyn_dyn_cos_loss: 0.00000, dyn_sta_cos_loss: 0.00000, total_cos_loss : 0.13710, 
epoch  64 summary: dyn_dyn_cos_loss: 0.00000, dyn_sta_cos_loss: 0.00000, total_cos_loss : 0.13709, 
epoch  65 summary: dyn_dyn_cos_loss: 0.00000, dyn_sta_cos_loss: 0.00000, total_cos_loss : 0.13709, 
epoch  66 summary: dyn_dyn_cos_loss: 0.00000, dyn_sta_cos_loss: 0.00000, total_cos_loss : 0.13708, 
epoch  67 summary: dyn_dyn_cos_loss: 0.00000, dyn_sta_cos_loss: 0.00000, total_cos_loss : 0.13708, 
epoch  68 summary: dyn_dyn_cos_loss: 0.00000, dyn_sta_cos_loss: 0.00000, total_cos_loss : 0.13708, 
epoch  69 summary: dyn_dyn_cos_loss: 0.00000, dyn_sta_cos_loss: 0.00000, total_cos_loss : 0.13707, 
epoch  70 summary: dyn_dyn_cos_loss: 0.00000, dyn_sta_cos_loss: 0.00000, total_cos_loss : 0.13706, 
valid loss: 2.1586, valid acc: 0.5020
epoch  71 summary: dyn_dyn_cos_loss: 0.00000, dyn_sta_cos_loss: 0.00000, total_cos_loss : 0.13705, 
epoch  72 summary: dyn_dyn_cos_loss: 0.00000, dyn_sta_cos_loss: 0.00000, total_cos_loss : 0.13704, 
epoch  73 summary: dyn_dyn_cos_loss: 0.00000, dyn_sta_cos_loss: 0.00000, total_cos_loss : 0.13702, 
epoch  74 summary: dyn_dyn_cos_loss: 0.00000, dyn_sta_cos_loss: 0.00000, total_cos_loss : 0.13701, 
epoch  75 summary: dyn_dyn_cos_loss: 0.00000, dyn_sta_cos_loss: 0.00000, total_cos_loss : 0.13700, 
epoch  76 summary: dyn_dyn_cos_loss: 0.00000, dyn_sta_cos_loss: 0.00000, total_cos_loss : 0.13700, 
epoch  77 summary: dyn_dyn_cos_loss: 0.00000, dyn_sta_cos_loss: 0.00000, total_cos_loss : 0.13699, 
epoch  78 summary: dyn_dyn_cos_loss: 0.00000, dyn_sta_cos_loss: 0.00000, total_cos_loss : 0.13698, 
epoch  79 summary: dyn_dyn_cos_loss: 0.00000, dyn_sta_cos_loss: 0.00000, total_cos_loss : 0.13697, 
epoch  80 summary: dyn_dyn_cos_loss: 0.00000, dyn_sta_cos_loss: 0.00000, total_cos_loss : 0.13696, 
valid loss: 2.1561, valid acc: 0.4941
epoch  81 summary: dyn_dyn_cos_loss: 0.00000, dyn_sta_cos_loss: 0.00000, total_cos_loss : 0.13696, 
epoch  82 summary: dyn_dyn_cos_loss: 0.00000, dyn_sta_cos_loss: 0.00000, total_cos_loss : 0.13695, 
epoch  83 summary: dyn_dyn_cos_loss: 0.00000, dyn_sta_cos_loss: 0.00000, total_cos_loss : 0.13695, 
epoch  84 summary: dyn_dyn_cos_loss: 0.00000, dyn_sta_cos_loss: 0.00000, total_cos_loss : 0.13694, 
epoch  85 summary: dyn_dyn_cos_loss: 0.00000, dyn_sta_cos_loss: 0.00000, total_cos_loss : 0.13694, 
epoch  86 summary: dyn_dyn_cos_loss: 0.00000, dyn_sta_cos_loss: 0.00000, total_cos_loss : 0.13694, 
epoch  87 summary: dyn_dyn_cos_loss: 0.00000, dyn_sta_cos_loss: 0.00000, total_cos_loss : 0.13693, 
epoch  88 summary: dyn_dyn_cos_loss: 0.00000, dyn_sta_cos_loss: 0.00000, total_cos_loss : 0.13692, 
epoch  89 summary: dyn_dyn_cos_loss: 0.00000, dyn_sta_cos_loss: 0.00000, total_cos_loss : 0.13691, 
epoch  90 summary: dyn_dyn_cos_loss: 0.00000, dyn_sta_cos_loss: 0.00000, total_cos_loss : 0.13690, 
valid loss: 2.1610, valid acc: 0.4941
epoch  91 summary: dyn_dyn_cos_loss: 0.00000, dyn_sta_cos_loss: 0.00000, total_cos_loss : 0.13690, 
epoch  92 summary: dyn_dyn_cos_loss: 0.00000, dyn_sta_cos_loss: 0.00000, total_cos_loss : 0.13690, 
epoch  93 summary: dyn_dyn_cos_loss: 0.00000, dyn_sta_cos_loss: 0.00000, total_cos_loss : 0.13690, 
epoch  94 summary: dyn_dyn_cos_loss: 0.00000, dyn_sta_cos_loss: 0.00000, total_cos_loss : 0.13690, 
epoch  95 summary: dyn_dyn_cos_loss: 0.00000, dyn_sta_cos_loss: 0.00000, total_cos_loss : 0.13690, 
epoch  96 summary: dyn_dyn_cos_loss: 0.00000, dyn_sta_cos_loss: 0.00000, total_cos_loss : 0.13689, 
epoch  97 summary: dyn_dyn_cos_loss: 0.00000, dyn_sta_cos_loss: 0.00000, total_cos_loss : 0.13689, 
epoch  98 summary: dyn_dyn_cos_loss: 0.00000, dyn_sta_cos_loss: 0.00000, total_cos_loss : 0.13689, 
epoch  99 summary: dyn_dyn_cos_loss: 0.00000, dyn_sta_cos_loss: 0.00000, total_cos_loss : 0.13688, 
epoch 100 summary: dyn_dyn_cos_loss: 0.00000, dyn_sta_cos_loss: 0.00000, total_cos_loss : 0.13688, 
valid loss: 2.1559, valid acc: 0.4961
epoch 101 summary: dyn_dyn_cos_loss: 0.00000, dyn_sta_cos_loss: 0.00000, total_cos_loss : 0.13688, 
epoch 102 summary: dyn_dyn_cos_loss: 0.00000, dyn_sta_cos_loss: 0.00000, total_cos_loss : 0.13687, 
epoch 103 summary: dyn_dyn_cos_loss: 0.00000, dyn_sta_cos_loss: 0.00000, total_cos_loss : 0.13687, 
epoch 104 summary: dyn_dyn_cos_loss: 0.00000, dyn_sta_cos_loss: 0.00000, total_cos_loss : 0.13687, 
epoch 105 summary: dyn_dyn_cos_loss: 0.00000, dyn_sta_cos_loss: 0.00000, total_cos_loss : 0.13687, 
epoch 106 summary: dyn_dyn_cos_loss: 0.00000, dyn_sta_cos_loss: 0.00000, total_cos_loss : 0.13687, 
epoch 107 summary: dyn_dyn_cos_loss: 0.00000, dyn_sta_cos_loss: 0.00000, total_cos_loss : 0.13687, 
epoch 108 summary: dyn_dyn_cos_loss: 0.00000, dyn_sta_cos_loss: 0.00000, total_cos_loss : 0.13687, 
epoch 109 summary: dyn_dyn_cos_loss: 0.00000, dyn_sta_cos_loss: 0.00000, total_cos_loss : 0.13686, 
epoch 110 summary: dyn_dyn_cos_loss: 0.00000, dyn_sta_cos_loss: 0.00000, total_cos_loss : 0.13686, 
valid loss: 2.1495, valid acc: 0.4980
epoch 111 summary: dyn_dyn_cos_loss: 0.00000, dyn_sta_cos_loss: 0.00000, total_cos_loss : 0.13686, 
epoch 112 summary: dyn_dyn_cos_loss: 0.00000, dyn_sta_cos_loss: 0.00000, total_cos_loss : 0.13686, 
epoch 113 summary: dyn_dyn_cos_loss: 0.00000, dyn_sta_cos_loss: 0.00000, total_cos_loss : 0.13686, 
epoch 114 summary: dyn_dyn_cos_loss: 0.00000, dyn_sta_cos_loss: 0.00000, total_cos_loss : 0.13685, 
epoch 115 summary: dyn_dyn_cos_loss: 0.00000, dyn_sta_cos_loss: 0.00000, total_cos_loss : 0.13685, 
epoch 116 summary: dyn_dyn_cos_loss: 0.00000, dyn_sta_cos_loss: 0.00000, total_cos_loss : 0.13685, 
epoch 117 summary: dyn_dyn_cos_loss: 0.00000, dyn_sta_cos_loss: 0.00000, total_cos_loss : 0.13685, 
epoch 118 summary: dyn_dyn_cos_loss: 0.00000, dyn_sta_cos_loss: 0.00000, total_cos_loss : 0.13685, 
epoch 119 summary: dyn_dyn_cos_loss: 0.00000, dyn_sta_cos_loss: 0.00000, total_cos_loss : 0.13684, 
epoch 120 summary: dyn_dyn_cos_loss: 0.00000, dyn_sta_cos_loss: 0.00000, total_cos_loss : 0.13684, 
valid loss: 2.1495, valid acc: 0.5000
epoch 121 summary: dyn_dyn_cos_loss: 0.00000, dyn_sta_cos_loss: 0.00000, total_cos_loss : 0.13684, 
epoch 122 summary: dyn_dyn_cos_loss: 0.00000, dyn_sta_cos_loss: 0.00000, total_cos_loss : 0.13684, 
epoch 123 summary: dyn_dyn_cos_loss: 0.00000, dyn_sta_cos_loss: 0.00000, total_cos_loss : 0.13683, 
epoch 124 summary: dyn_dyn_cos_loss: 0.00000, dyn_sta_cos_loss: 0.00000, total_cos_loss : 0.13683, 
epoch 125 summary: dyn_dyn_cos_loss: 0.00000, dyn_sta_cos_loss: 0.00000, total_cos_loss : 0.13683, 
epoch 126 summary: dyn_dyn_cos_loss: 0.00000, dyn_sta_cos_loss: 0.00000, total_cos_loss : 0.13683, 
epoch 127 summary: dyn_dyn_cos_loss: 0.00000, dyn_sta_cos_loss: 0.00000, total_cos_loss : 0.13683, 
epoch 128 summary: dyn_dyn_cos_loss: 0.00000, dyn_sta_cos_loss: 0.00000, total_cos_loss : 0.13683, 
epoch 129 summary: dyn_dyn_cos_loss: 0.00000, dyn_sta_cos_loss: 0.00000, total_cos_loss : 0.13682, 
epoch 130 summary: dyn_dyn_cos_loss: 0.00000, dyn_sta_cos_loss: 0.00000, total_cos_loss : 0.13682, 
valid loss: 2.1490, valid acc: 0.5000
epoch 131 summary: dyn_dyn_cos_loss: 0.00000, dyn_sta_cos_loss: 0.00000, total_cos_loss : 0.13682, 
epoch 132 summary: dyn_dyn_cos_loss: 0.00000, dyn_sta_cos_loss: 0.00000, total_cos_loss : 0.13682, 
epoch 133 summary: dyn_dyn_cos_loss: 0.00000, dyn_sta_cos_loss: 0.00000, total_cos_loss : 0.13682, 
epoch 134 summary: dyn_dyn_cos_loss: 0.00000, dyn_sta_cos_loss: 0.00000, total_cos_loss : 0.13681, 
epoch 135 summary: dyn_dyn_cos_loss: 0.00000, dyn_sta_cos_loss: 0.00000, total_cos_loss : 0.13681, 
epoch 136 summary: dyn_dyn_cos_loss: 0.00000, dyn_sta_cos_loss: 0.00000, total_cos_loss : 0.13681, 
epoch 137 summary: dyn_dyn_cos_loss: 0.00000, dyn_sta_cos_loss: 0.00000, total_cos_loss : 0.13681, 
epoch 138 summary: dyn_dyn_cos_loss: 0.00000, dyn_sta_cos_loss: 0.00000, total_cos_loss : 0.13681, 
epoch 139 summary: dyn_dyn_cos_loss: 0.00000, dyn_sta_cos_loss: 0.00000, total_cos_loss : 0.13681, 
epoch 140 summary: dyn_dyn_cos_loss: 0.00000, dyn_sta_cos_loss: 0.00000, total_cos_loss : 0.13680, 
valid loss: 2.1460, valid acc: 0.4980
epoch 141 summary: dyn_dyn_cos_loss: 0.00000, dyn_sta_cos_loss: 0.00000, total_cos_loss : 0.13680, 
epoch 142 summary: dyn_dyn_cos_loss: 0.00000, dyn_sta_cos_loss: 0.00000, total_cos_loss : 0.13680, 
epoch 143 summary: dyn_dyn_cos_loss: 0.00000, dyn_sta_cos_loss: 0.00000, total_cos_loss : 0.13680, 
epoch 144 summary: dyn_dyn_cos_loss: 0.00000, dyn_sta_cos_loss: 0.00000, total_cos_loss : 0.13680, 
epoch 145 summary: dyn_dyn_cos_loss: 0.00000, dyn_sta_cos_loss: 0.00000, total_cos_loss : 0.13680, 
epoch 146 summary: dyn_dyn_cos_loss: 0.00000, dyn_sta_cos_loss: 0.00000, total_cos_loss : 0.13679, 
epoch 147 summary: dyn_dyn_cos_loss: 0.00000, dyn_sta_cos_loss: 0.00000, total_cos_loss : 0.13679, 
epoch 148 summary: dyn_dyn_cos_loss: 0.00000, dyn_sta_cos_loss: 0.00000, total_cos_loss : 0.13679, 
epoch 149 summary: dyn_dyn_cos_loss: 0.00000, dyn_sta_cos_loss: 0.00000, total_cos_loss : 0.13679, 
valid loss: 2.1459, valid acc: 0.4980
all                          68357.908ms
all_epoch                    68351.077ms
all_preparation                  6.807ms
all_preparation_2                5.901ms
all_preparation_3                0.890ms
epoch                          373.253ms
epoch_pos_train                  1.265ms
epoch_preparation                0.340ms
epoch_train                    370.900ms
epoch_valid                      0.309ms
----------------------------------------
all                          68357.908ms
  all_epoch             99.99%
  all_preparation        0.01%
all_preparation                  6.807ms
  all_preparation_2     86.70%
  all_preparation_3     13.08%
epoch                        55987.919ms
  epoch_train           99.37%
  epoch_pos_train        0.34%
  epoch_preparation      0.09%
  epoch_valid            0.08%
