Before CTE Training: train eu loss: 1.063186526298523, eval eu loss: 1.492782711982727
Before CTE Training: train eu acc: 0.6669921875, eval eu acc: 0.560546875
epoch   0 summary: dyn_dyn_loss   : 0.09067, dyn_sta_loss   : 3.75951, tot_dyn_loss   : 2.65886, sta_sta_loss   : 0.12050, 
train loss: 0.1992, train acc: 0.9604
epoch   1 summary: dyn_dyn_loss   : 0.08827, dyn_sta_loss   : 3.02911, tot_dyn_loss   : 2.14686, sta_sta_loss   : 0.12050, 
epoch   2 summary: dyn_dyn_loss   : 0.12289, dyn_sta_loss   : 2.61597, tot_dyn_loss   : 1.86805, sta_sta_loss   : 0.12050, 
epoch   3 summary: dyn_dyn_loss   : 0.15174, dyn_sta_loss   : 2.53422, tot_dyn_loss   : 1.81948, sta_sta_loss   : 0.12050, 
epoch   4 summary: dyn_dyn_loss   : 0.15591, dyn_sta_loss   : 2.53456, tot_dyn_loss   : 1.82096, sta_sta_loss   : 0.12050, 
epoch   5 summary: dyn_dyn_loss   : 0.15594, dyn_sta_loss   : 2.53434, tot_dyn_loss   : 1.82082, sta_sta_loss   : 0.12050, 
epoch   6 summary: dyn_dyn_loss   : 0.15599, dyn_sta_loss   : 2.53472, tot_dyn_loss   : 1.82110, sta_sta_loss   : 0.12050, 
epoch   7 summary: dyn_dyn_loss   : 0.15600, dyn_sta_loss   : 2.53463, tot_dyn_loss   : 1.82104, sta_sta_loss   : 0.12050, 
epoch   8 summary: dyn_dyn_loss   : 0.15601, dyn_sta_loss   : 2.53480, tot_dyn_loss   : 1.82116, sta_sta_loss   : 0.12050, 
epoch   9 summary: dyn_dyn_loss   : 0.15601, dyn_sta_loss   : 2.53458, tot_dyn_loss   : 1.82101, sta_sta_loss   : 0.12050, 
epoch  10 summary: dyn_dyn_loss   : 0.15602, dyn_sta_loss   : 2.53468, tot_dyn_loss   : 1.82108, sta_sta_loss   : 0.12050, 
train loss: 0.0002, train acc: 1.0000
epoch  11 summary: dyn_dyn_loss   : 0.15601, dyn_sta_loss   : 2.53449, tot_dyn_loss   : 1.82094, sta_sta_loss   : 0.12050, 
epoch  12 summary: dyn_dyn_loss   : 0.15602, dyn_sta_loss   : 2.53467, tot_dyn_loss   : 1.82107, sta_sta_loss   : 0.12050, 
epoch  13 summary: dyn_dyn_loss   : 0.15601, dyn_sta_loss   : 2.53450, tot_dyn_loss   : 1.82096, sta_sta_loss   : 0.12050, 
epoch  14 summary: dyn_dyn_loss   : 0.15602, dyn_sta_loss   : 2.53467, tot_dyn_loss   : 1.82107, sta_sta_loss   : 0.12050, 
epoch  15 summary: dyn_dyn_loss   : 0.15601, dyn_sta_loss   : 2.53450, tot_dyn_loss   : 1.82096, sta_sta_loss   : 0.12050, 
epoch  16 summary: dyn_dyn_loss   : 0.15602, dyn_sta_loss   : 2.53467, tot_dyn_loss   : 1.82107, sta_sta_loss   : 0.12050, 
epoch  17 summary: dyn_dyn_loss   : 0.15601, dyn_sta_loss   : 2.53450, tot_dyn_loss   : 1.82096, sta_sta_loss   : 0.12050, 
epoch  18 summary: dyn_dyn_loss   : 0.15602, dyn_sta_loss   : 2.53467, tot_dyn_loss   : 1.82107, sta_sta_loss   : 0.12050, 
epoch  19 summary: dyn_dyn_loss   : 0.15601, dyn_sta_loss   : 2.53450, tot_dyn_loss   : 1.82096, sta_sta_loss   : 0.12050, 
epoch  20 summary: dyn_dyn_loss   : 0.15602, dyn_sta_loss   : 2.53467, tot_dyn_loss   : 1.82107, sta_sta_loss   : 0.12050, 
train loss: 0.0002, train acc: 1.0000
epoch  21 summary: dyn_dyn_loss   : 0.15601, dyn_sta_loss   : 2.53450, tot_dyn_loss   : 1.82096, sta_sta_loss   : 0.12050, 
epoch  22 summary: dyn_dyn_loss   : 0.15602, dyn_sta_loss   : 2.53467, tot_dyn_loss   : 1.82107, sta_sta_loss   : 0.12050, 
epoch  23 summary: dyn_dyn_loss   : 0.15601, dyn_sta_loss   : 2.53450, tot_dyn_loss   : 1.82096, sta_sta_loss   : 0.12050, 
epoch  24 summary: dyn_dyn_loss   : 0.15602, dyn_sta_loss   : 2.53467, tot_dyn_loss   : 1.82107, sta_sta_loss   : 0.12050, 
epoch  25 summary: dyn_dyn_loss   : 0.15601, dyn_sta_loss   : 2.53450, tot_dyn_loss   : 1.82096, sta_sta_loss   : 0.12050, 
epoch  26 summary: dyn_dyn_loss   : 0.15602, dyn_sta_loss   : 2.53467, tot_dyn_loss   : 1.82107, sta_sta_loss   : 0.12050, 
epoch  27 summary: dyn_dyn_loss   : 0.15601, dyn_sta_loss   : 2.53450, tot_dyn_loss   : 1.82096, sta_sta_loss   : 0.12050, 
epoch  28 summary: dyn_dyn_loss   : 0.15602, dyn_sta_loss   : 2.53467, tot_dyn_loss   : 1.82107, sta_sta_loss   : 0.12050, 
epoch  29 summary: dyn_dyn_loss   : 0.15601, dyn_sta_loss   : 2.53450, tot_dyn_loss   : 1.82096, sta_sta_loss   : 0.12050, 
epoch  30 summary: dyn_dyn_loss   : 0.15602, dyn_sta_loss   : 2.53467, tot_dyn_loss   : 1.82107, sta_sta_loss   : 0.12050, 
train loss: 0.0002, train acc: 1.0000
epoch  31 summary: dyn_dyn_loss   : 0.15601, dyn_sta_loss   : 2.53450, tot_dyn_loss   : 1.82096, sta_sta_loss   : 0.12050, 
epoch  32 summary: dyn_dyn_loss   : 0.15602, dyn_sta_loss   : 2.53467, tot_dyn_loss   : 1.82107, sta_sta_loss   : 0.12050, 
epoch  33 summary: dyn_dyn_loss   : 0.15601, dyn_sta_loss   : 2.53450, tot_dyn_loss   : 1.82096, sta_sta_loss   : 0.12050, 
epoch  34 summary: dyn_dyn_loss   : 0.15602, dyn_sta_loss   : 2.53467, tot_dyn_loss   : 1.82107, sta_sta_loss   : 0.12050, 
epoch  35 summary: dyn_dyn_loss   : 0.15601, dyn_sta_loss   : 2.53450, tot_dyn_loss   : 1.82096, sta_sta_loss   : 0.12050, 
epoch  36 summary: dyn_dyn_loss   : 0.15602, dyn_sta_loss   : 2.53467, tot_dyn_loss   : 1.82107, sta_sta_loss   : 0.12050, 
epoch  37 summary: dyn_dyn_loss   : 0.15601, dyn_sta_loss   : 2.53450, tot_dyn_loss   : 1.82096, sta_sta_loss   : 0.12050, 
epoch  38 summary: dyn_dyn_loss   : 0.15602, dyn_sta_loss   : 2.53467, tot_dyn_loss   : 1.82107, sta_sta_loss   : 0.12050, 
epoch  39 summary: dyn_dyn_loss   : 0.15601, dyn_sta_loss   : 2.53450, tot_dyn_loss   : 1.82096, sta_sta_loss   : 0.12050, 
epoch  40 summary: dyn_dyn_loss   : 0.15602, dyn_sta_loss   : 2.53467, tot_dyn_loss   : 1.82107, sta_sta_loss   : 0.12050, 
train loss: 0.0002, train acc: 1.0000
epoch  41 summary: dyn_dyn_loss   : 0.15601, dyn_sta_loss   : 2.53450, tot_dyn_loss   : 1.82096, sta_sta_loss   : 0.12050, 
epoch  42 summary: dyn_dyn_loss   : 0.15602, dyn_sta_loss   : 2.53467, tot_dyn_loss   : 1.82107, sta_sta_loss   : 0.12050, 
epoch  43 summary: dyn_dyn_loss   : 0.15601, dyn_sta_loss   : 2.53450, tot_dyn_loss   : 1.82096, sta_sta_loss   : 0.12050, 
epoch  44 summary: dyn_dyn_loss   : 0.15602, dyn_sta_loss   : 2.53467, tot_dyn_loss   : 1.82107, sta_sta_loss   : 0.12050, 
epoch  45 summary: dyn_dyn_loss   : 0.15601, dyn_sta_loss   : 2.53450, tot_dyn_loss   : 1.82096, sta_sta_loss   : 0.12050, 
epoch  46 summary: dyn_dyn_loss   : 0.15602, dyn_sta_loss   : 2.53467, tot_dyn_loss   : 1.82107, sta_sta_loss   : 0.12050, 
epoch  47 summary: dyn_dyn_loss   : 0.15601, dyn_sta_loss   : 2.53450, tot_dyn_loss   : 1.82096, sta_sta_loss   : 0.12050, 
epoch  48 summary: dyn_dyn_loss   : 0.15602, dyn_sta_loss   : 2.53467, tot_dyn_loss   : 1.82107, sta_sta_loss   : 0.12050, 
epoch  49 summary: dyn_dyn_loss   : 0.15601, dyn_sta_loss   : 2.53450, tot_dyn_loss   : 1.82096, sta_sta_loss   : 0.12050, 
epoch  50 summary: dyn_dyn_loss   : 0.15602, dyn_sta_loss   : 2.53467, tot_dyn_loss   : 1.82107, sta_sta_loss   : 0.12050, 
train loss: 0.0002, train acc: 1.0000
epoch  51 summary: dyn_dyn_loss   : 0.15601, dyn_sta_loss   : 2.53450, tot_dyn_loss   : 1.82096, sta_sta_loss   : 0.12050, 
epoch  52 summary: dyn_dyn_loss   : 0.15602, dyn_sta_loss   : 2.53467, tot_dyn_loss   : 1.82107, sta_sta_loss   : 0.12050, 
epoch  53 summary: dyn_dyn_loss   : 0.15601, dyn_sta_loss   : 2.53450, tot_dyn_loss   : 1.82096, sta_sta_loss   : 0.12050, 
epoch  54 summary: dyn_dyn_loss   : 0.15602, dyn_sta_loss   : 2.53467, tot_dyn_loss   : 1.82107, sta_sta_loss   : 0.12050, 
epoch  55 summary: dyn_dyn_loss   : 0.15601, dyn_sta_loss   : 2.53450, tot_dyn_loss   : 1.82096, sta_sta_loss   : 0.12050, 
epoch  56 summary: dyn_dyn_loss   : 0.15602, dyn_sta_loss   : 2.53467, tot_dyn_loss   : 1.82107, sta_sta_loss   : 0.12050, 
epoch  57 summary: dyn_dyn_loss   : 0.15601, dyn_sta_loss   : 2.53450, tot_dyn_loss   : 1.82096, sta_sta_loss   : 0.12050, 
epoch  58 summary: dyn_dyn_loss   : 0.15602, dyn_sta_loss   : 2.53467, tot_dyn_loss   : 1.82107, sta_sta_loss   : 0.12050, 
epoch  59 summary: dyn_dyn_loss   : 0.15601, dyn_sta_loss   : 2.53450, tot_dyn_loss   : 1.82096, sta_sta_loss   : 0.12050, 
epoch  60 summary: dyn_dyn_loss   : 0.15602, dyn_sta_loss   : 2.53467, tot_dyn_loss   : 1.82107, sta_sta_loss   : 0.12050, 
train loss: 0.0002, train acc: 1.0000
epoch  61 summary: dyn_dyn_loss   : 0.15601, dyn_sta_loss   : 2.53450, tot_dyn_loss   : 1.82096, sta_sta_loss   : 0.12050, 
epoch  62 summary: dyn_dyn_loss   : 0.15602, dyn_sta_loss   : 2.53467, tot_dyn_loss   : 1.82107, sta_sta_loss   : 0.12050, 
epoch  63 summary: dyn_dyn_loss   : 0.15601, dyn_sta_loss   : 2.53450, tot_dyn_loss   : 1.82096, sta_sta_loss   : 0.12050, 
epoch  64 summary: dyn_dyn_loss   : 0.15602, dyn_sta_loss   : 2.53467, tot_dyn_loss   : 1.82107, sta_sta_loss   : 0.12050, 
epoch  65 summary: dyn_dyn_loss   : 0.15601, dyn_sta_loss   : 2.53450, tot_dyn_loss   : 1.82096, sta_sta_loss   : 0.12050, 
epoch  66 summary: dyn_dyn_loss   : 0.15602, dyn_sta_loss   : 2.53467, tot_dyn_loss   : 1.82107, sta_sta_loss   : 0.12050, 
epoch  67 summary: dyn_dyn_loss   : 0.15601, dyn_sta_loss   : 2.53450, tot_dyn_loss   : 1.82096, sta_sta_loss   : 0.12050, 
epoch  68 summary: dyn_dyn_loss   : 0.15602, dyn_sta_loss   : 2.53467, tot_dyn_loss   : 1.82107, sta_sta_loss   : 0.12050, 
epoch  69 summary: dyn_dyn_loss   : 0.15601, dyn_sta_loss   : 2.53450, tot_dyn_loss   : 1.82096, sta_sta_loss   : 0.12050, 
epoch  70 summary: dyn_dyn_loss   : 0.15602, dyn_sta_loss   : 2.53467, tot_dyn_loss   : 1.82107, sta_sta_loss   : 0.12050, 
train loss: 0.0002, train acc: 1.0000
epoch  71 summary: dyn_dyn_loss   : 0.15601, dyn_sta_loss   : 2.53450, tot_dyn_loss   : 1.82096, sta_sta_loss   : 0.12050, 
epoch  72 summary: dyn_dyn_loss   : 0.15602, dyn_sta_loss   : 2.53467, tot_dyn_loss   : 1.82107, sta_sta_loss   : 0.12050, 
epoch  73 summary: dyn_dyn_loss   : 0.15601, dyn_sta_loss   : 2.53450, tot_dyn_loss   : 1.82096, sta_sta_loss   : 0.12050, 
epoch  74 summary: dyn_dyn_loss   : 0.15602, dyn_sta_loss   : 2.53467, tot_dyn_loss   : 1.82107, sta_sta_loss   : 0.12050, 
epoch  75 summary: dyn_dyn_loss   : 0.15601, dyn_sta_loss   : 2.53450, tot_dyn_loss   : 1.82096, sta_sta_loss   : 0.12050, 
epoch  76 summary: dyn_dyn_loss   : 0.15602, dyn_sta_loss   : 2.53467, tot_dyn_loss   : 1.82107, sta_sta_loss   : 0.12050, 
epoch  77 summary: dyn_dyn_loss   : 0.15601, dyn_sta_loss   : 2.53450, tot_dyn_loss   : 1.82096, sta_sta_loss   : 0.12050, 
epoch  78 summary: dyn_dyn_loss   : 0.15602, dyn_sta_loss   : 2.53467, tot_dyn_loss   : 1.82107, sta_sta_loss   : 0.12050, 
epoch  79 summary: dyn_dyn_loss   : 0.15601, dyn_sta_loss   : 2.53450, tot_dyn_loss   : 1.82096, sta_sta_loss   : 0.12050, 
epoch  80 summary: dyn_dyn_loss   : 0.15602, dyn_sta_loss   : 2.53467, tot_dyn_loss   : 1.82107, sta_sta_loss   : 0.12050, 
train loss: 0.0002, train acc: 1.0000
epoch  81 summary: dyn_dyn_loss   : 0.15601, dyn_sta_loss   : 2.53450, tot_dyn_loss   : 1.82096, sta_sta_loss   : 0.12050, 
epoch  82 summary: dyn_dyn_loss   : 0.15602, dyn_sta_loss   : 2.53467, tot_dyn_loss   : 1.82107, sta_sta_loss   : 0.12050, 
epoch  83 summary: dyn_dyn_loss   : 0.15601, dyn_sta_loss   : 2.53450, tot_dyn_loss   : 1.82096, sta_sta_loss   : 0.12050, 
epoch  84 summary: dyn_dyn_loss   : 0.15602, dyn_sta_loss   : 2.53467, tot_dyn_loss   : 1.82107, sta_sta_loss   : 0.12050, 
epoch  85 summary: dyn_dyn_loss   : 0.15601, dyn_sta_loss   : 2.53450, tot_dyn_loss   : 1.82096, sta_sta_loss   : 0.12050, 
epoch  86 summary: dyn_dyn_loss   : 0.15602, dyn_sta_loss   : 2.53467, tot_dyn_loss   : 1.82107, sta_sta_loss   : 0.12050, 
epoch  87 summary: dyn_dyn_loss   : 0.15601, dyn_sta_loss   : 2.53450, tot_dyn_loss   : 1.82096, sta_sta_loss   : 0.12050, 
epoch  88 summary: dyn_dyn_loss   : 0.15602, dyn_sta_loss   : 2.53467, tot_dyn_loss   : 1.82107, sta_sta_loss   : 0.12050, 
epoch  89 summary: dyn_dyn_loss   : 0.15601, dyn_sta_loss   : 2.53450, tot_dyn_loss   : 1.82096, sta_sta_loss   : 0.12050, 
epoch  90 summary: dyn_dyn_loss   : 0.15602, dyn_sta_loss   : 2.53467, tot_dyn_loss   : 1.82107, sta_sta_loss   : 0.12050, 
train loss: 0.0002, train acc: 1.0000
epoch  91 summary: dyn_dyn_loss   : 0.15601, dyn_sta_loss   : 2.53450, tot_dyn_loss   : 1.82096, sta_sta_loss   : 0.12050, 
epoch  92 summary: dyn_dyn_loss   : 0.15602, dyn_sta_loss   : 2.53467, tot_dyn_loss   : 1.82107, sta_sta_loss   : 0.12050, 
epoch  93 summary: dyn_dyn_loss   : 0.15601, dyn_sta_loss   : 2.53450, tot_dyn_loss   : 1.82096, sta_sta_loss   : 0.12050, 
epoch  94 summary: dyn_dyn_loss   : 0.15602, dyn_sta_loss   : 2.53467, tot_dyn_loss   : 1.82107, sta_sta_loss   : 0.12050, 
epoch  95 summary: dyn_dyn_loss   : 0.15601, dyn_sta_loss   : 2.53450, tot_dyn_loss   : 1.82096, sta_sta_loss   : 0.12050, 
epoch  96 summary: dyn_dyn_loss   : 0.15602, dyn_sta_loss   : 2.53467, tot_dyn_loss   : 1.82107, sta_sta_loss   : 0.12050, 
epoch  97 summary: dyn_dyn_loss   : 0.15601, dyn_sta_loss   : 2.53450, tot_dyn_loss   : 1.82096, sta_sta_loss   : 0.12050, 
epoch  98 summary: dyn_dyn_loss   : 0.15602, dyn_sta_loss   : 2.53467, tot_dyn_loss   : 1.82107, sta_sta_loss   : 0.12050, 
epoch  99 summary: dyn_dyn_loss   : 0.15601, dyn_sta_loss   : 2.53450, tot_dyn_loss   : 1.82096, sta_sta_loss   : 0.12050, 
epoch 100 summary: dyn_dyn_loss   : 0.15602, dyn_sta_loss   : 2.53467, tot_dyn_loss   : 1.82107, sta_sta_loss   : 0.12050, 
train loss: 0.0002, train acc: 1.0000
epoch 101 summary: dyn_dyn_loss   : 0.15601, dyn_sta_loss   : 2.53450, tot_dyn_loss   : 1.82096, sta_sta_loss   : 0.12050, 
epoch 102 summary: dyn_dyn_loss   : 0.15602, dyn_sta_loss   : 2.53467, tot_dyn_loss   : 1.82107, sta_sta_loss   : 0.12050, 
epoch 103 summary: dyn_dyn_loss   : 0.15601, dyn_sta_loss   : 2.53450, tot_dyn_loss   : 1.82096, sta_sta_loss   : 0.12050, 
epoch 104 summary: dyn_dyn_loss   : 0.15602, dyn_sta_loss   : 2.53467, tot_dyn_loss   : 1.82107, sta_sta_loss   : 0.12050, 
epoch 105 summary: dyn_dyn_loss   : 0.15601, dyn_sta_loss   : 2.53450, tot_dyn_loss   : 1.82096, sta_sta_loss   : 0.12050, 
epoch 106 summary: dyn_dyn_loss   : 0.15602, dyn_sta_loss   : 2.53467, tot_dyn_loss   : 1.82107, sta_sta_loss   : 0.12050, 
epoch 107 summary: dyn_dyn_loss   : 0.15601, dyn_sta_loss   : 2.53450, tot_dyn_loss   : 1.82096, sta_sta_loss   : 0.12050, 
epoch 108 summary: dyn_dyn_loss   : 0.15602, dyn_sta_loss   : 2.53467, tot_dyn_loss   : 1.82107, sta_sta_loss   : 0.12050, 
epoch 109 summary: dyn_dyn_loss   : 0.15601, dyn_sta_loss   : 2.53450, tot_dyn_loss   : 1.82096, sta_sta_loss   : 0.12050, 
epoch 110 summary: dyn_dyn_loss   : 0.15602, dyn_sta_loss   : 2.53467, tot_dyn_loss   : 1.82107, sta_sta_loss   : 0.12050, 
train loss: 0.0002, train acc: 1.0000
epoch 111 summary: dyn_dyn_loss   : 0.15601, dyn_sta_loss   : 2.53450, tot_dyn_loss   : 1.82096, sta_sta_loss   : 0.12050, 
epoch 112 summary: dyn_dyn_loss   : 0.15602, dyn_sta_loss   : 2.53467, tot_dyn_loss   : 1.82107, sta_sta_loss   : 0.12050, 
epoch 113 summary: dyn_dyn_loss   : 0.15601, dyn_sta_loss   : 2.53450, tot_dyn_loss   : 1.82096, sta_sta_loss   : 0.12050, 
epoch 114 summary: dyn_dyn_loss   : 0.15602, dyn_sta_loss   : 2.53467, tot_dyn_loss   : 1.82107, sta_sta_loss   : 0.12050, 
epoch 115 summary: dyn_dyn_loss   : 0.15601, dyn_sta_loss   : 2.53450, tot_dyn_loss   : 1.82096, sta_sta_loss   : 0.12050, 
epoch 116 summary: dyn_dyn_loss   : 0.15602, dyn_sta_loss   : 2.53467, tot_dyn_loss   : 1.82107, sta_sta_loss   : 0.12050, 
epoch 117 summary: dyn_dyn_loss   : 0.15601, dyn_sta_loss   : 2.53450, tot_dyn_loss   : 1.82096, sta_sta_loss   : 0.12050, 
epoch 118 summary: dyn_dyn_loss   : 0.15602, dyn_sta_loss   : 2.53467, tot_dyn_loss   : 1.82107, sta_sta_loss   : 0.12050, 
epoch 119 summary: dyn_dyn_loss   : 0.15601, dyn_sta_loss   : 2.53450, tot_dyn_loss   : 1.82096, sta_sta_loss   : 0.12050, 
epoch 120 summary: dyn_dyn_loss   : 0.15602, dyn_sta_loss   : 2.53467, tot_dyn_loss   : 1.82107, sta_sta_loss   : 0.12050, 
train loss: 0.0002, train acc: 1.0000
epoch 121 summary: dyn_dyn_loss   : 0.15601, dyn_sta_loss   : 2.53450, tot_dyn_loss   : 1.82096, sta_sta_loss   : 0.12050, 
epoch 122 summary: dyn_dyn_loss   : 0.15602, dyn_sta_loss   : 2.53467, tot_dyn_loss   : 1.82107, sta_sta_loss   : 0.12050, 
epoch 123 summary: dyn_dyn_loss   : 0.15601, dyn_sta_loss   : 2.53450, tot_dyn_loss   : 1.82096, sta_sta_loss   : 0.12050, 
epoch 124 summary: dyn_dyn_loss   : 0.15602, dyn_sta_loss   : 2.53467, tot_dyn_loss   : 1.82107, sta_sta_loss   : 0.12050, 
epoch 125 summary: dyn_dyn_loss   : 0.15601, dyn_sta_loss   : 2.53450, tot_dyn_loss   : 1.82096, sta_sta_loss   : 0.12050, 
epoch 126 summary: dyn_dyn_loss   : 0.15602, dyn_sta_loss   : 2.53467, tot_dyn_loss   : 1.82107, sta_sta_loss   : 0.12050, 
epoch 127 summary: dyn_dyn_loss   : 0.15601, dyn_sta_loss   : 2.53450, tot_dyn_loss   : 1.82096, sta_sta_loss   : 0.12050, 
epoch 128 summary: dyn_dyn_loss   : 0.15602, dyn_sta_loss   : 2.53467, tot_dyn_loss   : 1.82107, sta_sta_loss   : 0.12050, 
epoch 129 summary: dyn_dyn_loss   : 0.15601, dyn_sta_loss   : 2.53450, tot_dyn_loss   : 1.82096, sta_sta_loss   : 0.12050, 
epoch 130 summary: dyn_dyn_loss   : 0.15602, dyn_sta_loss   : 2.53467, tot_dyn_loss   : 1.82107, sta_sta_loss   : 0.12050, 
train loss: 0.0002, train acc: 1.0000
epoch 131 summary: dyn_dyn_loss   : 0.15601, dyn_sta_loss   : 2.53450, tot_dyn_loss   : 1.82096, sta_sta_loss   : 0.12050, 
epoch 132 summary: dyn_dyn_loss   : 0.15602, dyn_sta_loss   : 2.53467, tot_dyn_loss   : 1.82107, sta_sta_loss   : 0.12050, 
epoch 133 summary: dyn_dyn_loss   : 0.15601, dyn_sta_loss   : 2.53450, tot_dyn_loss   : 1.82096, sta_sta_loss   : 0.12050, 
epoch 134 summary: dyn_dyn_loss   : 0.15602, dyn_sta_loss   : 2.53467, tot_dyn_loss   : 1.82107, sta_sta_loss   : 0.12050, 
epoch 135 summary: dyn_dyn_loss   : 0.15601, dyn_sta_loss   : 2.53450, tot_dyn_loss   : 1.82096, sta_sta_loss   : 0.12050, 
epoch 136 summary: dyn_dyn_loss   : 0.15602, dyn_sta_loss   : 2.53467, tot_dyn_loss   : 1.82107, sta_sta_loss   : 0.12050, 
epoch 137 summary: dyn_dyn_loss   : 0.15601, dyn_sta_loss   : 2.53450, tot_dyn_loss   : 1.82096, sta_sta_loss   : 0.12050, 
epoch 138 summary: dyn_dyn_loss   : 0.15602, dyn_sta_loss   : 2.53467, tot_dyn_loss   : 1.82107, sta_sta_loss   : 0.12050, 
epoch 139 summary: dyn_dyn_loss   : 0.15601, dyn_sta_loss   : 2.53450, tot_dyn_loss   : 1.82096, sta_sta_loss   : 0.12050, 
epoch 140 summary: dyn_dyn_loss   : 0.15602, dyn_sta_loss   : 2.53467, tot_dyn_loss   : 1.82107, sta_sta_loss   : 0.12050, 
train loss: 0.0002, train acc: 1.0000
epoch 141 summary: dyn_dyn_loss   : 0.15601, dyn_sta_loss   : 2.53450, tot_dyn_loss   : 1.82096, sta_sta_loss   : 0.12050, 
epoch 142 summary: dyn_dyn_loss   : 0.15602, dyn_sta_loss   : 2.53467, tot_dyn_loss   : 1.82107, sta_sta_loss   : 0.12050, 
epoch 143 summary: dyn_dyn_loss   : 0.15601, dyn_sta_loss   : 2.53450, tot_dyn_loss   : 1.82096, sta_sta_loss   : 0.12050, 
epoch 144 summary: dyn_dyn_loss   : 0.15602, dyn_sta_loss   : 2.53467, tot_dyn_loss   : 1.82107, sta_sta_loss   : 0.12050, 
epoch 145 summary: dyn_dyn_loss   : 0.15601, dyn_sta_loss   : 2.53450, tot_dyn_loss   : 1.82096, sta_sta_loss   : 0.12050, 
epoch 146 summary: dyn_dyn_loss   : 0.15602, dyn_sta_loss   : 2.53467, tot_dyn_loss   : 1.82107, sta_sta_loss   : 0.12050, 
epoch 147 summary: dyn_dyn_loss   : 0.15601, dyn_sta_loss   : 2.53450, tot_dyn_loss   : 1.82096, sta_sta_loss   : 0.12050, 
epoch 148 summary: dyn_dyn_loss   : 0.15602, dyn_sta_loss   : 2.53467, tot_dyn_loss   : 1.82107, sta_sta_loss   : 0.12050, 
epoch 149 summary: dyn_dyn_loss   : 0.15601, dyn_sta_loss   : 2.53450, tot_dyn_loss   : 1.82096, sta_sta_loss   : 0.12050, 
train loss: 0.0002, train acc: 1.0000
all                         311669.230ms
all_epoch                   311281.521ms
all_preparation                387.680ms
all_preparation_2              386.757ms
all_preparation_3                0.900ms
epoch                         1942.459ms
epoch_pos_train                  0.884ms
epoch_preparation                2.807ms
epoch_train                   1935.777ms
epoch_valid                      2.452ms
----------------------------------------
all                         311669.230ms
  all_epoch             99.88%
  all_preparation        0.12%
all_preparation                387.680ms
  all_preparation_2     99.76%
  all_preparation_3      0.23%
epoch                       291368.866ms
  epoch_train           99.66%
  epoch_preparation      0.14%
  epoch_valid            0.13%
  epoch_pos_train        0.05%
epoch   0 summary: dyn_dyn_cos_loss: 0.00000, dyn_sta_cos_loss: 0.00000, total_cos_loss : 0.07116, 
valid loss: 3.8635, valid acc: 0.2695
epoch   1 summary: dyn_dyn_cos_loss: 0.00000, dyn_sta_cos_loss: 0.00000, total_cos_loss : 0.06092, 
epoch   2 summary: dyn_dyn_cos_loss: 0.00000, dyn_sta_cos_loss: 0.00000, total_cos_loss : 0.05909, 
epoch   3 summary: dyn_dyn_cos_loss: 0.00000, dyn_sta_cos_loss: 0.00000, total_cos_loss : 0.05835, 
epoch   4 summary: dyn_dyn_cos_loss: 0.00000, dyn_sta_cos_loss: 0.00000, total_cos_loss : 0.05796, 
epoch   5 summary: dyn_dyn_cos_loss: 0.00000, dyn_sta_cos_loss: 0.00000, total_cos_loss : 0.05761, 
epoch   6 summary: dyn_dyn_cos_loss: 0.00000, dyn_sta_cos_loss: 0.00000, total_cos_loss : 0.05751, 
epoch   7 summary: dyn_dyn_cos_loss: 0.00000, dyn_sta_cos_loss: 0.00000, total_cos_loss : 0.05738, 
epoch   8 summary: dyn_dyn_cos_loss: 0.00000, dyn_sta_cos_loss: 0.00000, total_cos_loss : 0.05724, 
epoch   9 summary: dyn_dyn_cos_loss: 0.00000, dyn_sta_cos_loss: 0.00000, total_cos_loss : 0.05715, 
epoch  10 summary: dyn_dyn_cos_loss: 0.00000, dyn_sta_cos_loss: 0.00000, total_cos_loss : 0.05715, 
valid loss: 3.5003, valid acc: 0.3164
epoch  11 summary: dyn_dyn_cos_loss: 0.00000, dyn_sta_cos_loss: 0.00000, total_cos_loss : 0.05708, 
epoch  12 summary: dyn_dyn_cos_loss: 0.00000, dyn_sta_cos_loss: 0.00000, total_cos_loss : 0.05704, 
epoch  13 summary: dyn_dyn_cos_loss: 0.00000, dyn_sta_cos_loss: 0.00000, total_cos_loss : 0.05702, 
epoch  14 summary: dyn_dyn_cos_loss: 0.00000, dyn_sta_cos_loss: 0.00000, total_cos_loss : 0.05698, 
epoch  15 summary: dyn_dyn_cos_loss: 0.00000, dyn_sta_cos_loss: 0.00000, total_cos_loss : 0.05692, 
epoch  16 summary: dyn_dyn_cos_loss: 0.00000, dyn_sta_cos_loss: 0.00000, total_cos_loss : 0.05692, 
epoch  17 summary: dyn_dyn_cos_loss: 0.00000, dyn_sta_cos_loss: 0.00000, total_cos_loss : 0.05689, 
epoch  18 summary: dyn_dyn_cos_loss: 0.00000, dyn_sta_cos_loss: 0.00000, total_cos_loss : 0.05685, 
epoch  19 summary: dyn_dyn_cos_loss: 0.00000, dyn_sta_cos_loss: 0.00000, total_cos_loss : 0.05685, 
epoch  20 summary: dyn_dyn_cos_loss: 0.00000, dyn_sta_cos_loss: 0.00000, total_cos_loss : 0.05685, 
valid loss: 3.5000, valid acc: 0.3105
epoch  21 summary: dyn_dyn_cos_loss: 0.00000, dyn_sta_cos_loss: 0.00000, total_cos_loss : 0.05680, 
epoch  22 summary: dyn_dyn_cos_loss: 0.00000, dyn_sta_cos_loss: 0.00000, total_cos_loss : 0.05676, 
epoch  23 summary: dyn_dyn_cos_loss: 0.00000, dyn_sta_cos_loss: 0.00000, total_cos_loss : 0.05674, 
epoch  24 summary: dyn_dyn_cos_loss: 0.00000, dyn_sta_cos_loss: 0.00000, total_cos_loss : 0.05676, 
epoch  25 summary: dyn_dyn_cos_loss: 0.00000, dyn_sta_cos_loss: 0.00000, total_cos_loss : 0.05670, 
epoch  26 summary: dyn_dyn_cos_loss: 0.00000, dyn_sta_cos_loss: 0.00000, total_cos_loss : 0.05667, 
epoch  27 summary: dyn_dyn_cos_loss: 0.00000, dyn_sta_cos_loss: 0.00000, total_cos_loss : 0.05666, 
epoch  28 summary: dyn_dyn_cos_loss: 0.00000, dyn_sta_cos_loss: 0.00000, total_cos_loss : 0.05666, 
epoch  29 summary: dyn_dyn_cos_loss: 0.00000, dyn_sta_cos_loss: 0.00000, total_cos_loss : 0.05661, 
epoch  30 summary: dyn_dyn_cos_loss: 0.00000, dyn_sta_cos_loss: 0.00000, total_cos_loss : 0.05661, 
valid loss: 3.4822, valid acc: 0.3105
epoch  31 summary: dyn_dyn_cos_loss: 0.00000, dyn_sta_cos_loss: 0.00000, total_cos_loss : 0.05662, 
epoch  32 summary: dyn_dyn_cos_loss: 0.00000, dyn_sta_cos_loss: 0.00000, total_cos_loss : 0.05660, 
epoch  33 summary: dyn_dyn_cos_loss: 0.00000, dyn_sta_cos_loss: 0.00000, total_cos_loss : 0.05660, 
epoch  34 summary: dyn_dyn_cos_loss: 0.00000, dyn_sta_cos_loss: 0.00000, total_cos_loss : 0.05660, 
epoch  35 summary: dyn_dyn_cos_loss: 0.00000, dyn_sta_cos_loss: 0.00000, total_cos_loss : 0.05658, 
epoch  36 summary: dyn_dyn_cos_loss: 0.00000, dyn_sta_cos_loss: 0.00000, total_cos_loss : 0.05658, 
epoch  37 summary: dyn_dyn_cos_loss: 0.00000, dyn_sta_cos_loss: 0.00000, total_cos_loss : 0.05658, 
epoch  38 summary: dyn_dyn_cos_loss: 0.00000, dyn_sta_cos_loss: 0.00000, total_cos_loss : 0.05657, 
epoch  39 summary: dyn_dyn_cos_loss: 0.00000, dyn_sta_cos_loss: 0.00000, total_cos_loss : 0.05657, 
epoch  40 summary: dyn_dyn_cos_loss: 0.00000, dyn_sta_cos_loss: 0.00000, total_cos_loss : 0.05655, 
valid loss: 3.4910, valid acc: 0.3066
epoch  41 summary: dyn_dyn_cos_loss: 0.00000, dyn_sta_cos_loss: 0.00000, total_cos_loss : 0.05655, 
epoch  42 summary: dyn_dyn_cos_loss: 0.00000, dyn_sta_cos_loss: 0.00000, total_cos_loss : 0.05655, 
epoch  43 summary: dyn_dyn_cos_loss: 0.00000, dyn_sta_cos_loss: 0.00000, total_cos_loss : 0.05656, 
epoch  44 summary: dyn_dyn_cos_loss: 0.00000, dyn_sta_cos_loss: 0.00000, total_cos_loss : 0.05655, 
epoch  45 summary: dyn_dyn_cos_loss: 0.00000, dyn_sta_cos_loss: 0.00000, total_cos_loss : 0.05653, 
epoch  46 summary: dyn_dyn_cos_loss: 0.00000, dyn_sta_cos_loss: 0.00000, total_cos_loss : 0.05653, 
epoch  47 summary: dyn_dyn_cos_loss: 0.00000, dyn_sta_cos_loss: 0.00000, total_cos_loss : 0.05651, 
epoch  48 summary: dyn_dyn_cos_loss: 0.00000, dyn_sta_cos_loss: 0.00000, total_cos_loss : 0.05651, 
epoch  49 summary: dyn_dyn_cos_loss: 0.00000, dyn_sta_cos_loss: 0.00000, total_cos_loss : 0.05651, 
epoch  50 summary: dyn_dyn_cos_loss: 0.00000, dyn_sta_cos_loss: 0.00000, total_cos_loss : 0.05650, 
valid loss: 3.4952, valid acc: 0.3105
epoch  51 summary: dyn_dyn_cos_loss: 0.00000, dyn_sta_cos_loss: 0.00000, total_cos_loss : 0.05650, 
epoch  52 summary: dyn_dyn_cos_loss: 0.00000, dyn_sta_cos_loss: 0.00000, total_cos_loss : 0.05652, 
epoch  53 summary: dyn_dyn_cos_loss: 0.00000, dyn_sta_cos_loss: 0.00000, total_cos_loss : 0.05652, 
epoch  54 summary: dyn_dyn_cos_loss: 0.00000, dyn_sta_cos_loss: 0.00000, total_cos_loss : 0.05653, 
epoch  55 summary: dyn_dyn_cos_loss: 0.00000, dyn_sta_cos_loss: 0.00000, total_cos_loss : 0.05654, 
epoch  56 summary: dyn_dyn_cos_loss: 0.00000, dyn_sta_cos_loss: 0.00000, total_cos_loss : 0.05654, 
epoch  57 summary: dyn_dyn_cos_loss: 0.00000, dyn_sta_cos_loss: 0.00000, total_cos_loss : 0.05653, 
epoch  58 summary: dyn_dyn_cos_loss: 0.00000, dyn_sta_cos_loss: 0.00000, total_cos_loss : 0.05653, 
epoch  59 summary: dyn_dyn_cos_loss: 0.00000, dyn_sta_cos_loss: 0.00000, total_cos_loss : 0.05654, 
epoch  60 summary: dyn_dyn_cos_loss: 0.00000, dyn_sta_cos_loss: 0.00000, total_cos_loss : 0.05653, 
valid loss: 3.4901, valid acc: 0.3105
epoch  61 summary: dyn_dyn_cos_loss: 0.00000, dyn_sta_cos_loss: 0.00000, total_cos_loss : 0.05652, 
epoch  62 summary: dyn_dyn_cos_loss: 0.00000, dyn_sta_cos_loss: 0.00000, total_cos_loss : 0.05649, 
epoch  63 summary: dyn_dyn_cos_loss: 0.00000, dyn_sta_cos_loss: 0.00000, total_cos_loss : 0.05647, 
epoch  64 summary: dyn_dyn_cos_loss: 0.00000, dyn_sta_cos_loss: 0.00000, total_cos_loss : 0.05647, 
epoch  65 summary: dyn_dyn_cos_loss: 0.00000, dyn_sta_cos_loss: 0.00000, total_cos_loss : 0.05646, 
epoch  66 summary: dyn_dyn_cos_loss: 0.00000, dyn_sta_cos_loss: 0.00000, total_cos_loss : 0.05644, 
epoch  67 summary: dyn_dyn_cos_loss: 0.00000, dyn_sta_cos_loss: 0.00000, total_cos_loss : 0.05644, 
epoch  68 summary: dyn_dyn_cos_loss: 0.00000, dyn_sta_cos_loss: 0.00000, total_cos_loss : 0.05645, 
epoch  69 summary: dyn_dyn_cos_loss: 0.00000, dyn_sta_cos_loss: 0.00000, total_cos_loss : 0.05646, 
epoch  70 summary: dyn_dyn_cos_loss: 0.00000, dyn_sta_cos_loss: 0.00000, total_cos_loss : 0.05644, 
valid loss: 3.5114, valid acc: 0.3008
epoch  71 summary: dyn_dyn_cos_loss: 0.00000, dyn_sta_cos_loss: 0.00000, total_cos_loss : 0.05642, 
epoch  72 summary: dyn_dyn_cos_loss: 0.00000, dyn_sta_cos_loss: 0.00000, total_cos_loss : 0.05642, 
epoch  73 summary: dyn_dyn_cos_loss: 0.00000, dyn_sta_cos_loss: 0.00000, total_cos_loss : 0.05641, 
epoch  74 summary: dyn_dyn_cos_loss: 0.00000, dyn_sta_cos_loss: 0.00000, total_cos_loss : 0.05642, 
epoch  75 summary: dyn_dyn_cos_loss: 0.00000, dyn_sta_cos_loss: 0.00000, total_cos_loss : 0.05642, 
epoch  76 summary: dyn_dyn_cos_loss: 0.00000, dyn_sta_cos_loss: 0.00000, total_cos_loss : 0.05641, 
epoch  77 summary: dyn_dyn_cos_loss: 0.00000, dyn_sta_cos_loss: 0.00000, total_cos_loss : 0.05641, 
epoch  78 summary: dyn_dyn_cos_loss: 0.00000, dyn_sta_cos_loss: 0.00000, total_cos_loss : 0.05641, 
epoch  79 summary: dyn_dyn_cos_loss: 0.00000, dyn_sta_cos_loss: 0.00000, total_cos_loss : 0.05640, 
epoch  80 summary: dyn_dyn_cos_loss: 0.00000, dyn_sta_cos_loss: 0.00000, total_cos_loss : 0.05641, 
valid loss: 3.5062, valid acc: 0.3027
epoch  81 summary: dyn_dyn_cos_loss: 0.00000, dyn_sta_cos_loss: 0.00000, total_cos_loss : 0.05641, 
epoch  82 summary: dyn_dyn_cos_loss: 0.00000, dyn_sta_cos_loss: 0.00000, total_cos_loss : 0.05641, 
epoch  83 summary: dyn_dyn_cos_loss: 0.00000, dyn_sta_cos_loss: 0.00000, total_cos_loss : 0.05641, 
epoch  84 summary: dyn_dyn_cos_loss: 0.00000, dyn_sta_cos_loss: 0.00000, total_cos_loss : 0.05641, 
epoch  85 summary: dyn_dyn_cos_loss: 0.00000, dyn_sta_cos_loss: 0.00000, total_cos_loss : 0.05640, 
epoch  86 summary: dyn_dyn_cos_loss: 0.00000, dyn_sta_cos_loss: 0.00000, total_cos_loss : 0.05640, 
epoch  87 summary: dyn_dyn_cos_loss: 0.00000, dyn_sta_cos_loss: 0.00000, total_cos_loss : 0.05640, 
epoch  88 summary: dyn_dyn_cos_loss: 0.00000, dyn_sta_cos_loss: 0.00000, total_cos_loss : 0.05640, 
epoch  89 summary: dyn_dyn_cos_loss: 0.00000, dyn_sta_cos_loss: 0.00000, total_cos_loss : 0.05640, 
epoch  90 summary: dyn_dyn_cos_loss: 0.00000, dyn_sta_cos_loss: 0.00000, total_cos_loss : 0.05640, 
valid loss: 3.5106, valid acc: 0.3008
epoch  91 summary: dyn_dyn_cos_loss: 0.00000, dyn_sta_cos_loss: 0.00000, total_cos_loss : 0.05640, 
epoch  92 summary: dyn_dyn_cos_loss: 0.00000, dyn_sta_cos_loss: 0.00000, total_cos_loss : 0.05640, 
epoch  93 summary: dyn_dyn_cos_loss: 0.00000, dyn_sta_cos_loss: 0.00000, total_cos_loss : 0.05639, 
epoch  94 summary: dyn_dyn_cos_loss: 0.00000, dyn_sta_cos_loss: 0.00000, total_cos_loss : 0.05640, 
epoch  95 summary: dyn_dyn_cos_loss: 0.00000, dyn_sta_cos_loss: 0.00000, total_cos_loss : 0.05640, 
epoch  96 summary: dyn_dyn_cos_loss: 0.00000, dyn_sta_cos_loss: 0.00000, total_cos_loss : 0.05640, 
epoch  97 summary: dyn_dyn_cos_loss: 0.00000, dyn_sta_cos_loss: 0.00000, total_cos_loss : 0.05640, 
epoch  98 summary: dyn_dyn_cos_loss: 0.00000, dyn_sta_cos_loss: 0.00000, total_cos_loss : 0.05640, 
epoch  99 summary: dyn_dyn_cos_loss: 0.00000, dyn_sta_cos_loss: 0.00000, total_cos_loss : 0.05640, 
epoch 100 summary: dyn_dyn_cos_loss: 0.00000, dyn_sta_cos_loss: 0.00000, total_cos_loss : 0.05640, 
valid loss: 3.5114, valid acc: 0.3027
epoch 101 summary: dyn_dyn_cos_loss: 0.00000, dyn_sta_cos_loss: 0.00000, total_cos_loss : 0.05640, 
epoch 102 summary: dyn_dyn_cos_loss: 0.00000, dyn_sta_cos_loss: 0.00000, total_cos_loss : 0.05639, 
epoch 103 summary: dyn_dyn_cos_loss: 0.00000, dyn_sta_cos_loss: 0.00000, total_cos_loss : 0.05639, 
epoch 104 summary: dyn_dyn_cos_loss: 0.00000, dyn_sta_cos_loss: 0.00000, total_cos_loss : 0.05639, 
epoch 105 summary: dyn_dyn_cos_loss: 0.00000, dyn_sta_cos_loss: 0.00000, total_cos_loss : 0.05639, 
epoch 106 summary: dyn_dyn_cos_loss: 0.00000, dyn_sta_cos_loss: 0.00000, total_cos_loss : 0.05640, 
epoch 107 summary: dyn_dyn_cos_loss: 0.00000, dyn_sta_cos_loss: 0.00000, total_cos_loss : 0.05639, 
epoch 108 summary: dyn_dyn_cos_loss: 0.00000, dyn_sta_cos_loss: 0.00000, total_cos_loss : 0.05640, 
epoch 109 summary: dyn_dyn_cos_loss: 0.00000, dyn_sta_cos_loss: 0.00000, total_cos_loss : 0.05640, 
epoch 110 summary: dyn_dyn_cos_loss: 0.00000, dyn_sta_cos_loss: 0.00000, total_cos_loss : 0.05639, 
valid loss: 3.4989, valid acc: 0.3008
epoch 111 summary: dyn_dyn_cos_loss: 0.00000, dyn_sta_cos_loss: 0.00000, total_cos_loss : 0.05638, 
epoch 112 summary: dyn_dyn_cos_loss: 0.00000, dyn_sta_cos_loss: 0.00000, total_cos_loss : 0.05637, 
epoch 113 summary: dyn_dyn_cos_loss: 0.00000, dyn_sta_cos_loss: 0.00000, total_cos_loss : 0.05637, 
epoch 114 summary: dyn_dyn_cos_loss: 0.00000, dyn_sta_cos_loss: 0.00000, total_cos_loss : 0.05637, 
epoch 115 summary: dyn_dyn_cos_loss: 0.00000, dyn_sta_cos_loss: 0.00000, total_cos_loss : 0.05637, 
epoch 116 summary: dyn_dyn_cos_loss: 0.00000, dyn_sta_cos_loss: 0.00000, total_cos_loss : 0.05637, 
epoch 117 summary: dyn_dyn_cos_loss: 0.00000, dyn_sta_cos_loss: 0.00000, total_cos_loss : 0.05637, 
epoch 118 summary: dyn_dyn_cos_loss: 0.00000, dyn_sta_cos_loss: 0.00000, total_cos_loss : 0.05637, 
epoch 119 summary: dyn_dyn_cos_loss: 0.00000, dyn_sta_cos_loss: 0.00000, total_cos_loss : 0.05637, 
epoch 120 summary: dyn_dyn_cos_loss: 0.00000, dyn_sta_cos_loss: 0.00000, total_cos_loss : 0.05637, 
valid loss: 3.4885, valid acc: 0.3027
epoch 121 summary: dyn_dyn_cos_loss: 0.00000, dyn_sta_cos_loss: 0.00000, total_cos_loss : 0.05637, 
epoch 122 summary: dyn_dyn_cos_loss: 0.00000, dyn_sta_cos_loss: 0.00000, total_cos_loss : 0.05636, 
epoch 123 summary: dyn_dyn_cos_loss: 0.00000, dyn_sta_cos_loss: 0.00000, total_cos_loss : 0.05636, 
epoch 124 summary: dyn_dyn_cos_loss: 0.00000, dyn_sta_cos_loss: 0.00000, total_cos_loss : 0.05636, 
epoch 125 summary: dyn_dyn_cos_loss: 0.00000, dyn_sta_cos_loss: 0.00000, total_cos_loss : 0.05636, 
epoch 126 summary: dyn_dyn_cos_loss: 0.00000, dyn_sta_cos_loss: 0.00000, total_cos_loss : 0.05636, 
epoch 127 summary: dyn_dyn_cos_loss: 0.00000, dyn_sta_cos_loss: 0.00000, total_cos_loss : 0.05636, 
epoch 128 summary: dyn_dyn_cos_loss: 0.00000, dyn_sta_cos_loss: 0.00000, total_cos_loss : 0.05636, 
epoch 129 summary: dyn_dyn_cos_loss: 0.00000, dyn_sta_cos_loss: 0.00000, total_cos_loss : 0.05636, 
epoch 130 summary: dyn_dyn_cos_loss: 0.00000, dyn_sta_cos_loss: 0.00000, total_cos_loss : 0.05636, 
valid loss: 3.4749, valid acc: 0.3008
epoch 131 summary: dyn_dyn_cos_loss: 0.00000, dyn_sta_cos_loss: 0.00000, total_cos_loss : 0.05636, 
epoch 132 summary: dyn_dyn_cos_loss: 0.00000, dyn_sta_cos_loss: 0.00000, total_cos_loss : 0.05636, 
epoch 133 summary: dyn_dyn_cos_loss: 0.00000, dyn_sta_cos_loss: 0.00000, total_cos_loss : 0.05636, 
epoch 134 summary: dyn_dyn_cos_loss: 0.00000, dyn_sta_cos_loss: 0.00000, total_cos_loss : 0.05636, 
epoch 135 summary: dyn_dyn_cos_loss: 0.00000, dyn_sta_cos_loss: 0.00000, total_cos_loss : 0.05636, 
epoch 136 summary: dyn_dyn_cos_loss: 0.00000, dyn_sta_cos_loss: 0.00000, total_cos_loss : 0.05636, 
epoch 137 summary: dyn_dyn_cos_loss: 0.00000, dyn_sta_cos_loss: 0.00000, total_cos_loss : 0.05636, 
epoch 138 summary: dyn_dyn_cos_loss: 0.00000, dyn_sta_cos_loss: 0.00000, total_cos_loss : 0.05636, 
epoch 139 summary: dyn_dyn_cos_loss: 0.00000, dyn_sta_cos_loss: 0.00000, total_cos_loss : 0.05635, 
epoch 140 summary: dyn_dyn_cos_loss: 0.00000, dyn_sta_cos_loss: 0.00000, total_cos_loss : 0.05635, 
valid loss: 3.4728, valid acc: 0.3008
epoch 141 summary: dyn_dyn_cos_loss: 0.00000, dyn_sta_cos_loss: 0.00000, total_cos_loss : 0.05635, 
epoch 142 summary: dyn_dyn_cos_loss: 0.00000, dyn_sta_cos_loss: 0.00000, total_cos_loss : 0.05635, 
epoch 143 summary: dyn_dyn_cos_loss: 0.00000, dyn_sta_cos_loss: 0.00000, total_cos_loss : 0.05635, 
epoch 144 summary: dyn_dyn_cos_loss: 0.00000, dyn_sta_cos_loss: 0.00000, total_cos_loss : 0.05635, 
epoch 145 summary: dyn_dyn_cos_loss: 0.00000, dyn_sta_cos_loss: 0.00000, total_cos_loss : 0.05635, 
epoch 146 summary: dyn_dyn_cos_loss: 0.00000, dyn_sta_cos_loss: 0.00000, total_cos_loss : 0.05635, 
epoch 147 summary: dyn_dyn_cos_loss: 0.00000, dyn_sta_cos_loss: 0.00000, total_cos_loss : 0.05635, 
epoch 148 summary: dyn_dyn_cos_loss: 0.00000, dyn_sta_cos_loss: 0.00000, total_cos_loss : 0.05635, 
epoch 149 summary: dyn_dyn_cos_loss: 0.00000, dyn_sta_cos_loss: 0.00000, total_cos_loss : 0.05635, 
valid loss: 3.4944, valid acc: 0.3066
all                          86939.275ms
all_epoch                    86907.570ms
all_preparation                 31.689ms
all_preparation_2               30.729ms
all_preparation_3                0.941ms
epoch                          497.619ms
epoch_pos_train                  1.185ms
epoch_preparation                0.302ms
epoch_train                    495.239ms
epoch_valid                      0.502ms
----------------------------------------
all                          86939.275ms
  all_epoch             99.96%
  all_preparation        0.04%
all_preparation                 31.689ms
  all_preparation_2     96.97%
  all_preparation_3      2.97%
epoch                        74642.837ms
  epoch_train           99.52%
  epoch_pos_train        0.24%
  epoch_valid            0.10%
  epoch_preparation      0.06%
