Before CTE Training: train eu loss: 1.063186526298523, eval eu loss: 1.492782711982727
Before CTE Training: train eu acc: 0.6669921875, eval eu acc: 0.560546875
epoch   0 summary: dyn_dyn_loss   : 0.24058, dyn_sta_loss   : 4.15114, tot_dyn_loss   : 2.97797, sta_sta_loss   : 0.57483, 
train loss: 2.8060, train acc: 0.4409
epoch   1 summary: dyn_dyn_loss   : 0.23764, dyn_sta_loss   : 3.87016, tot_dyn_loss   : 2.78040, sta_sta_loss   : 0.57483, 
epoch   2 summary: dyn_dyn_loss   : 0.23170, dyn_sta_loss   : 3.60326, tot_dyn_loss   : 2.59179, sta_sta_loss   : 0.57483, 
epoch   3 summary: dyn_dyn_loss   : 0.22523, dyn_sta_loss   : 3.35588, tot_dyn_loss   : 2.41668, sta_sta_loss   : 0.57483, 
epoch   4 summary: dyn_dyn_loss   : 0.21974, dyn_sta_loss   : 3.12818, tot_dyn_loss   : 2.25565, sta_sta_loss   : 0.57483, 
epoch   5 summary: dyn_dyn_loss   : 0.21670, dyn_sta_loss   : 2.92136, tot_dyn_loss   : 2.10996, sta_sta_loss   : 0.57483, 
epoch   6 summary: dyn_dyn_loss   : 0.21664, dyn_sta_loss   : 2.73911, tot_dyn_loss   : 1.98237, sta_sta_loss   : 0.57483, 
epoch   7 summary: dyn_dyn_loss   : 0.21964, dyn_sta_loss   : 2.57948, tot_dyn_loss   : 1.87153, sta_sta_loss   : 0.57483, 
epoch   8 summary: dyn_dyn_loss   : 0.22582, dyn_sta_loss   : 2.44603, tot_dyn_loss   : 1.77997, sta_sta_loss   : 0.57483, 
epoch   9 summary: dyn_dyn_loss   : 0.23536, dyn_sta_loss   : 2.31398, tot_dyn_loss   : 1.69039, sta_sta_loss   : 0.57483, 
epoch  10 summary: dyn_dyn_loss   : 0.24789, dyn_sta_loss   : 2.19204, tot_dyn_loss   : 1.60879, sta_sta_loss   : 0.57483, 
train loss: 0.0004, train acc: 1.0000
epoch  11 summary: dyn_dyn_loss   : 0.26303, dyn_sta_loss   : 2.09685, tot_dyn_loss   : 1.54670, sta_sta_loss   : 0.57483, 
epoch  12 summary: dyn_dyn_loss   : 0.28015, dyn_sta_loss   : 2.01402, tot_dyn_loss   : 1.49386, sta_sta_loss   : 0.57483, 
epoch  13 summary: dyn_dyn_loss   : 0.29848, dyn_sta_loss   : 1.93482, tot_dyn_loss   : 1.44392, sta_sta_loss   : 0.57483, 
epoch  14 summary: dyn_dyn_loss   : 0.31703, dyn_sta_loss   : 1.88365, tot_dyn_loss   : 1.41367, sta_sta_loss   : 0.57483, 
epoch  15 summary: dyn_dyn_loss   : 0.33563, dyn_sta_loss   : 1.83080, tot_dyn_loss   : 1.38225, sta_sta_loss   : 0.57483, 
epoch  16 summary: dyn_dyn_loss   : 0.35299, dyn_sta_loss   : 1.77821, tot_dyn_loss   : 1.35065, sta_sta_loss   : 0.57483, 
epoch  17 summary: dyn_dyn_loss   : 0.37108, dyn_sta_loss   : 1.74094, tot_dyn_loss   : 1.32998, sta_sta_loss   : 0.57483, 
epoch  18 summary: dyn_dyn_loss   : 0.38733, dyn_sta_loss   : 1.70596, tot_dyn_loss   : 1.31037, sta_sta_loss   : 0.57483, 
epoch  19 summary: dyn_dyn_loss   : 0.40308, dyn_sta_loss   : 1.66766, tot_dyn_loss   : 1.28828, sta_sta_loss   : 0.57483, 
epoch  20 summary: dyn_dyn_loss   : 0.41768, dyn_sta_loss   : 1.63489, tot_dyn_loss   : 1.26973, sta_sta_loss   : 0.57483, 
train loss: 0.0000, train acc: 1.0000
epoch  21 summary: dyn_dyn_loss   : 0.43235, dyn_sta_loss   : 1.61593, tot_dyn_loss   : 1.26086, sta_sta_loss   : 0.57483, 
epoch  22 summary: dyn_dyn_loss   : 0.44567, dyn_sta_loss   : 1.60127, tot_dyn_loss   : 1.25459, sta_sta_loss   : 0.57483, 
epoch  23 summary: dyn_dyn_loss   : 0.45553, dyn_sta_loss   : 1.59856, tot_dyn_loss   : 1.25565, sta_sta_loss   : 0.57483, 
epoch  24 summary: dyn_dyn_loss   : 0.46361, dyn_sta_loss   : 1.58083, tot_dyn_loss   : 1.24566, sta_sta_loss   : 0.57483, 
epoch  25 summary: dyn_dyn_loss   : 0.46997, dyn_sta_loss   : 1.56494, tot_dyn_loss   : 1.23645, sta_sta_loss   : 0.57483, 
epoch  26 summary: dyn_dyn_loss   : 0.47669, dyn_sta_loss   : 1.54970, tot_dyn_loss   : 1.22780, sta_sta_loss   : 0.57483, 
epoch  27 summary: dyn_dyn_loss   : 0.48338, dyn_sta_loss   : 1.55330, tot_dyn_loss   : 1.23232, sta_sta_loss   : 0.57483, 
epoch  28 summary: dyn_dyn_loss   : 0.48719, dyn_sta_loss   : 1.55318, tot_dyn_loss   : 1.23338, sta_sta_loss   : 0.57483, 
epoch  29 summary: dyn_dyn_loss   : 0.49006, dyn_sta_loss   : 1.53608, tot_dyn_loss   : 1.22227, sta_sta_loss   : 0.57483, 
epoch  30 summary: dyn_dyn_loss   : 0.49491, dyn_sta_loss   : 1.53432, tot_dyn_loss   : 1.22249, sta_sta_loss   : 0.57483, 
train loss: 0.0000, train acc: 1.0000
epoch  31 summary: dyn_dyn_loss   : 0.49826, dyn_sta_loss   : 1.52265, tot_dyn_loss   : 1.21533, sta_sta_loss   : 0.57483, 
epoch  32 summary: dyn_dyn_loss   : 0.50261, dyn_sta_loss   : 1.51131, tot_dyn_loss   : 1.20870, sta_sta_loss   : 0.57483, 
epoch  33 summary: dyn_dyn_loss   : 0.50718, dyn_sta_loss   : 1.50843, tot_dyn_loss   : 1.20806, sta_sta_loss   : 0.57483, 
epoch  34 summary: dyn_dyn_loss   : 0.51071, dyn_sta_loss   : 1.50163, tot_dyn_loss   : 1.20435, sta_sta_loss   : 0.57483, 
epoch  35 summary: dyn_dyn_loss   : 0.51396, dyn_sta_loss   : 1.51637, tot_dyn_loss   : 1.21565, sta_sta_loss   : 0.57483, 
epoch  36 summary: dyn_dyn_loss   : 0.51297, dyn_sta_loss   : 1.52876, tot_dyn_loss   : 1.22402, sta_sta_loss   : 0.57483, 
epoch  37 summary: dyn_dyn_loss   : 0.51030, dyn_sta_loss   : 1.51213, tot_dyn_loss   : 1.21158, sta_sta_loss   : 0.57483, 
epoch  38 summary: dyn_dyn_loss   : 0.51150, dyn_sta_loss   : 1.50922, tot_dyn_loss   : 1.20990, sta_sta_loss   : 0.57483, 
epoch  39 summary: dyn_dyn_loss   : 0.51287, dyn_sta_loss   : 1.50830, tot_dyn_loss   : 1.20968, sta_sta_loss   : 0.57483, 
epoch  40 summary: dyn_dyn_loss   : 0.51434, dyn_sta_loss   : 1.51277, tot_dyn_loss   : 1.21324, sta_sta_loss   : 0.57483, 
train loss: 0.0000, train acc: 1.0000
epoch  41 summary: dyn_dyn_loss   : 0.51392, dyn_sta_loss   : 1.50884, tot_dyn_loss   : 1.21037, sta_sta_loss   : 0.57483, 
epoch  42 summary: dyn_dyn_loss   : 0.51423, dyn_sta_loss   : 1.51224, tot_dyn_loss   : 1.21284, sta_sta_loss   : 0.57483, 
epoch  43 summary: dyn_dyn_loss   : 0.51437, dyn_sta_loss   : 1.50776, tot_dyn_loss   : 1.20974, sta_sta_loss   : 0.57483, 
epoch  44 summary: dyn_dyn_loss   : 0.51568, dyn_sta_loss   : 1.51080, tot_dyn_loss   : 1.21227, sta_sta_loss   : 0.57483, 
epoch  45 summary: dyn_dyn_loss   : 0.51592, dyn_sta_loss   : 1.51568, tot_dyn_loss   : 1.21575, sta_sta_loss   : 0.57483, 
epoch  46 summary: dyn_dyn_loss   : 0.51432, dyn_sta_loss   : 1.51689, tot_dyn_loss   : 1.21612, sta_sta_loss   : 0.57483, 
epoch  47 summary: dyn_dyn_loss   : 0.51319, dyn_sta_loss   : 1.51320, tot_dyn_loss   : 1.21320, sta_sta_loss   : 0.57483, 
epoch  48 summary: dyn_dyn_loss   : 0.51318, dyn_sta_loss   : 1.51778, tot_dyn_loss   : 1.21640, sta_sta_loss   : 0.57483, 
epoch  49 summary: dyn_dyn_loss   : 0.51333, dyn_sta_loss   : 1.51456, tot_dyn_loss   : 1.21419, sta_sta_loss   : 0.57483, 
epoch  50 summary: dyn_dyn_loss   : 0.51313, dyn_sta_loss   : 1.52180, tot_dyn_loss   : 1.21920, sta_sta_loss   : 0.57483, 
train loss: 0.0000, train acc: 1.0000
epoch  51 summary: dyn_dyn_loss   : 0.51142, dyn_sta_loss   : 1.51772, tot_dyn_loss   : 1.21583, sta_sta_loss   : 0.57483, 
epoch  52 summary: dyn_dyn_loss   : 0.51139, dyn_sta_loss   : 1.50582, tot_dyn_loss   : 1.20749, sta_sta_loss   : 0.57483, 
epoch  53 summary: dyn_dyn_loss   : 0.51324, dyn_sta_loss   : 1.50766, tot_dyn_loss   : 1.20933, sta_sta_loss   : 0.57483, 
epoch  54 summary: dyn_dyn_loss   : 0.51463, dyn_sta_loss   : 1.50154, tot_dyn_loss   : 1.20546, sta_sta_loss   : 0.57483, 
epoch  55 summary: dyn_dyn_loss   : 0.51676, dyn_sta_loss   : 1.49236, tot_dyn_loss   : 1.19968, sta_sta_loss   : 0.57483, 
epoch  56 summary: dyn_dyn_loss   : 0.51903, dyn_sta_loss   : 1.50040, tot_dyn_loss   : 1.20599, sta_sta_loss   : 0.57483, 
epoch  57 summary: dyn_dyn_loss   : 0.51910, dyn_sta_loss   : 1.51472, tot_dyn_loss   : 1.21603, sta_sta_loss   : 0.57483, 
epoch  58 summary: dyn_dyn_loss   : 0.51679, dyn_sta_loss   : 1.51171, tot_dyn_loss   : 1.21323, sta_sta_loss   : 0.57483, 
epoch  59 summary: dyn_dyn_loss   : 0.51586, dyn_sta_loss   : 1.49656, tot_dyn_loss   : 1.20235, sta_sta_loss   : 0.57483, 
epoch  60 summary: dyn_dyn_loss   : 0.51774, dyn_sta_loss   : 1.49342, tot_dyn_loss   : 1.20072, sta_sta_loss   : 0.57483, 
train loss: 0.0000, train acc: 1.0000
epoch  61 summary: dyn_dyn_loss   : 0.51950, dyn_sta_loss   : 1.49961, tot_dyn_loss   : 1.20558, sta_sta_loss   : 0.57483, 
epoch  62 summary: dyn_dyn_loss   : 0.51886, dyn_sta_loss   : 1.50294, tot_dyn_loss   : 1.20771, sta_sta_loss   : 0.57483, 
epoch  63 summary: dyn_dyn_loss   : 0.51789, dyn_sta_loss   : 1.50458, tot_dyn_loss   : 1.20857, sta_sta_loss   : 0.57483, 
epoch  64 summary: dyn_dyn_loss   : 0.51755, dyn_sta_loss   : 1.50777, tot_dyn_loss   : 1.21070, sta_sta_loss   : 0.57483, 
epoch  65 summary: dyn_dyn_loss   : 0.51699, dyn_sta_loss   : 1.49250, tot_dyn_loss   : 1.19985, sta_sta_loss   : 0.57483, 
epoch  66 summary: dyn_dyn_loss   : 0.51902, dyn_sta_loss   : 1.50246, tot_dyn_loss   : 1.20743, sta_sta_loss   : 0.57483, 
epoch  67 summary: dyn_dyn_loss   : 0.51884, dyn_sta_loss   : 1.51963, tot_dyn_loss   : 1.21939, sta_sta_loss   : 0.57483, 
epoch  68 summary: dyn_dyn_loss   : 0.51690, dyn_sta_loss   : 1.51043, tot_dyn_loss   : 1.21237, sta_sta_loss   : 0.57483, 
epoch  69 summary: dyn_dyn_loss   : 0.51660, dyn_sta_loss   : 1.50077, tot_dyn_loss   : 1.20552, sta_sta_loss   : 0.57483, 
epoch  70 summary: dyn_dyn_loss   : 0.51853, dyn_sta_loss   : 1.49957, tot_dyn_loss   : 1.20526, sta_sta_loss   : 0.57483, 
train loss: 0.0000, train acc: 1.0000
epoch  71 summary: dyn_dyn_loss   : 0.51929, dyn_sta_loss   : 1.51725, tot_dyn_loss   : 1.21786, sta_sta_loss   : 0.57483, 
epoch  72 summary: dyn_dyn_loss   : 0.51655, dyn_sta_loss   : 1.50765, tot_dyn_loss   : 1.21032, sta_sta_loss   : 0.57483, 
epoch  73 summary: dyn_dyn_loss   : 0.51707, dyn_sta_loss   : 1.50623, tot_dyn_loss   : 1.20948, sta_sta_loss   : 0.57483, 
epoch  74 summary: dyn_dyn_loss   : 0.51723, dyn_sta_loss   : 1.49886, tot_dyn_loss   : 1.20437, sta_sta_loss   : 0.57483, 
epoch  75 summary: dyn_dyn_loss   : 0.51869, dyn_sta_loss   : 1.49365, tot_dyn_loss   : 1.20116, sta_sta_loss   : 0.57483, 
epoch  76 summary: dyn_dyn_loss   : 0.52055, dyn_sta_loss   : 1.50138, tot_dyn_loss   : 1.20713, sta_sta_loss   : 0.57483, 
epoch  77 summary: dyn_dyn_loss   : 0.52022, dyn_sta_loss   : 1.51434, tot_dyn_loss   : 1.21611, sta_sta_loss   : 0.57483, 
epoch  78 summary: dyn_dyn_loss   : 0.51730, dyn_sta_loss   : 1.50439, tot_dyn_loss   : 1.20826, sta_sta_loss   : 0.57483, 
epoch  79 summary: dyn_dyn_loss   : 0.51740, dyn_sta_loss   : 1.50570, tot_dyn_loss   : 1.20921, sta_sta_loss   : 0.57483, 
epoch  80 summary: dyn_dyn_loss   : 0.51760, dyn_sta_loss   : 1.50408, tot_dyn_loss   : 1.20814, sta_sta_loss   : 0.57483, 
train loss: 0.0000, train acc: 1.0000
epoch  81 summary: dyn_dyn_loss   : 0.51763, dyn_sta_loss   : 1.50335, tot_dyn_loss   : 1.20763, sta_sta_loss   : 0.57483, 
epoch  82 summary: dyn_dyn_loss   : 0.51754, dyn_sta_loss   : 1.49526, tot_dyn_loss   : 1.20194, sta_sta_loss   : 0.57483, 
epoch  83 summary: dyn_dyn_loss   : 0.51904, dyn_sta_loss   : 1.50040, tot_dyn_loss   : 1.20599, sta_sta_loss   : 0.57483, 
epoch  84 summary: dyn_dyn_loss   : 0.51926, dyn_sta_loss   : 1.49768, tot_dyn_loss   : 1.20416, sta_sta_loss   : 0.57483, 
epoch  85 summary: dyn_dyn_loss   : 0.52003, dyn_sta_loss   : 1.49917, tot_dyn_loss   : 1.20543, sta_sta_loss   : 0.57483, 
epoch  86 summary: dyn_dyn_loss   : 0.52028, dyn_sta_loss   : 1.49488, tot_dyn_loss   : 1.20250, sta_sta_loss   : 0.57483, 
epoch  87 summary: dyn_dyn_loss   : 0.52117, dyn_sta_loss   : 1.50585, tot_dyn_loss   : 1.21045, sta_sta_loss   : 0.57483, 
epoch  88 summary: dyn_dyn_loss   : 0.52001, dyn_sta_loss   : 1.50804, tot_dyn_loss   : 1.21163, sta_sta_loss   : 0.57483, 
epoch  89 summary: dyn_dyn_loss   : 0.51844, dyn_sta_loss   : 1.49253, tot_dyn_loss   : 1.20030, sta_sta_loss   : 0.57483, 
epoch  90 summary: dyn_dyn_loss   : 0.51944, dyn_sta_loss   : 1.49998, tot_dyn_loss   : 1.20582, sta_sta_loss   : 0.57483, 
train loss: 0.0000, train acc: 1.0000
epoch  91 summary: dyn_dyn_loss   : 0.51996, dyn_sta_loss   : 1.49465, tot_dyn_loss   : 1.20224, sta_sta_loss   : 0.57483, 
epoch  92 summary: dyn_dyn_loss   : 0.52082, dyn_sta_loss   : 1.49204, tot_dyn_loss   : 1.20067, sta_sta_loss   : 0.57483, 
epoch  93 summary: dyn_dyn_loss   : 0.52232, dyn_sta_loss   : 1.48815, tot_dyn_loss   : 1.19840, sta_sta_loss   : 0.57483, 
epoch  94 summary: dyn_dyn_loss   : 0.52368, dyn_sta_loss   : 1.49519, tot_dyn_loss   : 1.20373, sta_sta_loss   : 0.57483, 
epoch  95 summary: dyn_dyn_loss   : 0.52280, dyn_sta_loss   : 1.49498, tot_dyn_loss   : 1.20333, sta_sta_loss   : 0.57483, 
epoch  96 summary: dyn_dyn_loss   : 0.52267, dyn_sta_loss   : 1.50877, tot_dyn_loss   : 1.21294, sta_sta_loss   : 0.57483, 
epoch  97 summary: dyn_dyn_loss   : 0.52012, dyn_sta_loss   : 1.51099, tot_dyn_loss   : 1.21373, sta_sta_loss   : 0.57483, 
epoch  98 summary: dyn_dyn_loss   : 0.51809, dyn_sta_loss   : 1.51792, tot_dyn_loss   : 1.21797, sta_sta_loss   : 0.57483, 
epoch  99 summary: dyn_dyn_loss   : 0.51580, dyn_sta_loss   : 1.51254, tot_dyn_loss   : 1.21352, sta_sta_loss   : 0.57483, 
epoch 100 summary: dyn_dyn_loss   : 0.51535, dyn_sta_loss   : 1.50036, tot_dyn_loss   : 1.20486, sta_sta_loss   : 0.57483, 
train loss: 0.0000, train acc: 1.0000
epoch 101 summary: dyn_dyn_loss   : 0.51649, dyn_sta_loss   : 1.49958, tot_dyn_loss   : 1.20465, sta_sta_loss   : 0.57483, 
epoch 102 summary: dyn_dyn_loss   : 0.51753, dyn_sta_loss   : 1.52855, tot_dyn_loss   : 1.22524, sta_sta_loss   : 0.57483, 
epoch 103 summary: dyn_dyn_loss   : 0.51502, dyn_sta_loss   : 1.51165, tot_dyn_loss   : 1.21266, sta_sta_loss   : 0.57483, 
epoch 104 summary: dyn_dyn_loss   : 0.51518, dyn_sta_loss   : 1.49697, tot_dyn_loss   : 1.20243, sta_sta_loss   : 0.57483, 
epoch 105 summary: dyn_dyn_loss   : 0.51704, dyn_sta_loss   : 1.50251, tot_dyn_loss   : 1.20687, sta_sta_loss   : 0.57483, 
epoch 106 summary: dyn_dyn_loss   : 0.51737, dyn_sta_loss   : 1.50106, tot_dyn_loss   : 1.20595, sta_sta_loss   : 0.57483, 
epoch 107 summary: dyn_dyn_loss   : 0.51809, dyn_sta_loss   : 1.51404, tot_dyn_loss   : 1.21526, sta_sta_loss   : 0.57483, 
epoch 108 summary: dyn_dyn_loss   : 0.51648, dyn_sta_loss   : 1.50716, tot_dyn_loss   : 1.20995, sta_sta_loss   : 0.57483, 
epoch 109 summary: dyn_dyn_loss   : 0.51684, dyn_sta_loss   : 1.51527, tot_dyn_loss   : 1.21574, sta_sta_loss   : 0.57483, 
epoch 110 summary: dyn_dyn_loss   : 0.51632, dyn_sta_loss   : 1.50402, tot_dyn_loss   : 1.20771, sta_sta_loss   : 0.57483, 
train loss: 0.0000, train acc: 1.0000
epoch 111 summary: dyn_dyn_loss   : 0.51762, dyn_sta_loss   : 1.50761, tot_dyn_loss   : 1.21062, sta_sta_loss   : 0.57483, 
epoch 112 summary: dyn_dyn_loss   : 0.51735, dyn_sta_loss   : 1.52104, tot_dyn_loss   : 1.21993, sta_sta_loss   : 0.57483, 
epoch 113 summary: dyn_dyn_loss   : 0.51499, dyn_sta_loss   : 1.50504, tot_dyn_loss   : 1.20803, sta_sta_loss   : 0.57483, 
epoch 114 summary: dyn_dyn_loss   : 0.51563, dyn_sta_loss   : 1.50696, tot_dyn_loss   : 1.20956, sta_sta_loss   : 0.57483, 
epoch 115 summary: dyn_dyn_loss   : 0.51607, dyn_sta_loss   : 1.50229, tot_dyn_loss   : 1.20642, sta_sta_loss   : 0.57483, 
epoch 116 summary: dyn_dyn_loss   : 0.51727, dyn_sta_loss   : 1.49294, tot_dyn_loss   : 1.20024, sta_sta_loss   : 0.57483, 
epoch 117 summary: dyn_dyn_loss   : 0.51912, dyn_sta_loss   : 1.49749, tot_dyn_loss   : 1.20398, sta_sta_loss   : 0.57483, 
epoch 118 summary: dyn_dyn_loss   : 0.51984, dyn_sta_loss   : 1.49413, tot_dyn_loss   : 1.20184, sta_sta_loss   : 0.57483, 
epoch 119 summary: dyn_dyn_loss   : 0.52026, dyn_sta_loss   : 1.50282, tot_dyn_loss   : 1.20805, sta_sta_loss   : 0.57483, 
epoch 120 summary: dyn_dyn_loss   : 0.51949, dyn_sta_loss   : 1.50446, tot_dyn_loss   : 1.20897, sta_sta_loss   : 0.57483, 
train loss: 0.0000, train acc: 1.0000
epoch 121 summary: dyn_dyn_loss   : 0.51926, dyn_sta_loss   : 1.49699, tot_dyn_loss   : 1.20367, sta_sta_loss   : 0.57483, 
epoch 122 summary: dyn_dyn_loss   : 0.52063, dyn_sta_loss   : 1.48114, tot_dyn_loss   : 1.19299, sta_sta_loss   : 0.57483, 
epoch 123 summary: dyn_dyn_loss   : 0.52321, dyn_sta_loss   : 1.50063, tot_dyn_loss   : 1.20740, sta_sta_loss   : 0.57483, 
epoch 124 summary: dyn_dyn_loss   : 0.52119, dyn_sta_loss   : 1.51517, tot_dyn_loss   : 1.21698, sta_sta_loss   : 0.57483, 
epoch 125 summary: dyn_dyn_loss   : 0.51863, dyn_sta_loss   : 1.50053, tot_dyn_loss   : 1.20596, sta_sta_loss   : 0.57483, 
epoch 126 summary: dyn_dyn_loss   : 0.51866, dyn_sta_loss   : 1.51753, tot_dyn_loss   : 1.21787, sta_sta_loss   : 0.57483, 
epoch 127 summary: dyn_dyn_loss   : 0.51588, dyn_sta_loss   : 1.49607, tot_dyn_loss   : 1.20201, sta_sta_loss   : 0.57483, 
epoch 128 summary: dyn_dyn_loss   : 0.51774, dyn_sta_loss   : 1.50448, tot_dyn_loss   : 1.20845, sta_sta_loss   : 0.57483, 
epoch 129 summary: dyn_dyn_loss   : 0.51818, dyn_sta_loss   : 1.50620, tot_dyn_loss   : 1.20980, sta_sta_loss   : 0.57483, 
epoch 130 summary: dyn_dyn_loss   : 0.51733, dyn_sta_loss   : 1.51587, tot_dyn_loss   : 1.21631, sta_sta_loss   : 0.57483, 
train loss: 0.0000, train acc: 1.0000
epoch 131 summary: dyn_dyn_loss   : 0.51549, dyn_sta_loss   : 1.51444, tot_dyn_loss   : 1.21476, sta_sta_loss   : 0.57483, 
epoch 132 summary: dyn_dyn_loss   : 0.51504, dyn_sta_loss   : 1.50659, tot_dyn_loss   : 1.20912, sta_sta_loss   : 0.57483, 
epoch 133 summary: dyn_dyn_loss   : 0.51617, dyn_sta_loss   : 1.51812, tot_dyn_loss   : 1.21754, sta_sta_loss   : 0.57483, 
epoch 134 summary: dyn_dyn_loss   : 0.51429, dyn_sta_loss   : 1.51456, tot_dyn_loss   : 1.21448, sta_sta_loss   : 0.57483, 
epoch 135 summary: dyn_dyn_loss   : 0.51368, dyn_sta_loss   : 1.50605, tot_dyn_loss   : 1.20834, sta_sta_loss   : 0.57483, 
epoch 136 summary: dyn_dyn_loss   : 0.51533, dyn_sta_loss   : 1.50032, tot_dyn_loss   : 1.20482, sta_sta_loss   : 0.57483, 
epoch 137 summary: dyn_dyn_loss   : 0.51690, dyn_sta_loss   : 1.49565, tot_dyn_loss   : 1.20202, sta_sta_loss   : 0.57483, 
epoch 138 summary: dyn_dyn_loss   : 0.51914, dyn_sta_loss   : 1.49628, tot_dyn_loss   : 1.20314, sta_sta_loss   : 0.57483, 
epoch 139 summary: dyn_dyn_loss   : 0.51993, dyn_sta_loss   : 1.50825, tot_dyn_loss   : 1.21176, sta_sta_loss   : 0.57483, 
epoch 140 summary: dyn_dyn_loss   : 0.51896, dyn_sta_loss   : 1.49697, tot_dyn_loss   : 1.20357, sta_sta_loss   : 0.57483, 
train loss: 0.0000, train acc: 1.0000
epoch 141 summary: dyn_dyn_loss   : 0.52030, dyn_sta_loss   : 1.48504, tot_dyn_loss   : 1.19562, sta_sta_loss   : 0.57483, 
epoch 142 summary: dyn_dyn_loss   : 0.52339, dyn_sta_loss   : 1.48482, tot_dyn_loss   : 1.19639, sta_sta_loss   : 0.57483, 
epoch 143 summary: dyn_dyn_loss   : 0.52476, dyn_sta_loss   : 1.50075, tot_dyn_loss   : 1.20795, sta_sta_loss   : 0.57483, 
epoch 144 summary: dyn_dyn_loss   : 0.52295, dyn_sta_loss   : 1.50881, tot_dyn_loss   : 1.21306, sta_sta_loss   : 0.57483, 
epoch 145 summary: dyn_dyn_loss   : 0.51986, dyn_sta_loss   : 1.49682, tot_dyn_loss   : 1.20373, sta_sta_loss   : 0.57483, 
epoch 146 summary: dyn_dyn_loss   : 0.52053, dyn_sta_loss   : 1.49466, tot_dyn_loss   : 1.20242, sta_sta_loss   : 0.57483, 
epoch 147 summary: dyn_dyn_loss   : 0.52090, dyn_sta_loss   : 1.50405, tot_dyn_loss   : 1.20911, sta_sta_loss   : 0.57483, 
epoch 148 summary: dyn_dyn_loss   : 0.51935, dyn_sta_loss   : 1.50053, tot_dyn_loss   : 1.20618, sta_sta_loss   : 0.57483, 
epoch 149 summary: dyn_dyn_loss   : 0.51934, dyn_sta_loss   : 1.50069, tot_dyn_loss   : 1.20628, sta_sta_loss   : 0.57483, 
train loss: 0.0000, train acc: 1.0000
all                         338747.867ms
all_epoch                   338309.958ms
all_preparation                437.862ms
all_preparation_2              436.814ms
all_preparation_3                1.028ms
epoch                         2123.243ms
epoch_pos_train                  0.908ms
epoch_preparation                3.932ms
epoch_train                   2115.545ms
epoch_valid                      2.346ms
----------------------------------------
all                         338747.867ms
  all_epoch             99.87%
  all_preparation        0.13%
all_preparation                437.862ms
  all_preparation_2     99.76%
  all_preparation_3      0.23%
epoch                       318486.375ms
  epoch_train           99.64%
  epoch_preparation      0.19%
  epoch_valid            0.11%
  epoch_pos_train        0.04%
epoch   0 summary: dyn_dyn_cos_loss: 0.00000, dyn_sta_cos_loss: 0.00000, total_cos_loss : 0.22792, 
valid loss: 3.7777, valid acc: 0.1758
epoch   1 summary: dyn_dyn_cos_loss: 0.00000, dyn_sta_cos_loss: 0.00000, total_cos_loss : 0.20516, 
epoch   2 summary: dyn_dyn_cos_loss: 0.00000, dyn_sta_cos_loss: 0.00000, total_cos_loss : 0.18969, 
epoch   3 summary: dyn_dyn_cos_loss: 0.00000, dyn_sta_cos_loss: 0.00000, total_cos_loss : 0.17932, 
epoch   4 summary: dyn_dyn_cos_loss: 0.00000, dyn_sta_cos_loss: 0.00000, total_cos_loss : 0.17203, 
epoch   5 summary: dyn_dyn_cos_loss: 0.00000, dyn_sta_cos_loss: 0.00000, total_cos_loss : 0.16677, 
epoch   6 summary: dyn_dyn_cos_loss: 0.00000, dyn_sta_cos_loss: 0.00000, total_cos_loss : 0.16208, 
epoch   7 summary: dyn_dyn_cos_loss: 0.00000, dyn_sta_cos_loss: 0.00000, total_cos_loss : 0.15858, 
epoch   8 summary: dyn_dyn_cos_loss: 0.00000, dyn_sta_cos_loss: 0.00000, total_cos_loss : 0.15573, 
epoch   9 summary: dyn_dyn_cos_loss: 0.00000, dyn_sta_cos_loss: 0.00000, total_cos_loss : 0.15318, 
epoch  10 summary: dyn_dyn_cos_loss: 0.00000, dyn_sta_cos_loss: 0.00000, total_cos_loss : 0.15095, 
valid loss: 2.2437, valid acc: 0.4844
epoch  11 summary: dyn_dyn_cos_loss: 0.00000, dyn_sta_cos_loss: 0.00000, total_cos_loss : 0.14924, 
epoch  12 summary: dyn_dyn_cos_loss: 0.00000, dyn_sta_cos_loss: 0.00000, total_cos_loss : 0.14787, 
epoch  13 summary: dyn_dyn_cos_loss: 0.00000, dyn_sta_cos_loss: 0.00000, total_cos_loss : 0.14674, 
epoch  14 summary: dyn_dyn_cos_loss: 0.00000, dyn_sta_cos_loss: 0.00000, total_cos_loss : 0.14581, 
epoch  15 summary: dyn_dyn_cos_loss: 0.00000, dyn_sta_cos_loss: 0.00000, total_cos_loss : 0.14487, 
epoch  16 summary: dyn_dyn_cos_loss: 0.00000, dyn_sta_cos_loss: 0.00000, total_cos_loss : 0.14407, 
epoch  17 summary: dyn_dyn_cos_loss: 0.00000, dyn_sta_cos_loss: 0.00000, total_cos_loss : 0.14342, 
epoch  18 summary: dyn_dyn_cos_loss: 0.00000, dyn_sta_cos_loss: 0.00000, total_cos_loss : 0.14291, 
epoch  19 summary: dyn_dyn_cos_loss: 0.00000, dyn_sta_cos_loss: 0.00000, total_cos_loss : 0.14248, 
epoch  20 summary: dyn_dyn_cos_loss: 0.00000, dyn_sta_cos_loss: 0.00000, total_cos_loss : 0.14207, 
valid loss: 2.1680, valid acc: 0.4941
epoch  21 summary: dyn_dyn_cos_loss: 0.00000, dyn_sta_cos_loss: 0.00000, total_cos_loss : 0.14174, 
epoch  22 summary: dyn_dyn_cos_loss: 0.00000, dyn_sta_cos_loss: 0.00000, total_cos_loss : 0.14144, 
epoch  23 summary: dyn_dyn_cos_loss: 0.00000, dyn_sta_cos_loss: 0.00000, total_cos_loss : 0.14120, 
epoch  24 summary: dyn_dyn_cos_loss: 0.00000, dyn_sta_cos_loss: 0.00000, total_cos_loss : 0.14094, 
epoch  25 summary: dyn_dyn_cos_loss: 0.00000, dyn_sta_cos_loss: 0.00000, total_cos_loss : 0.14075, 
epoch  26 summary: dyn_dyn_cos_loss: 0.00000, dyn_sta_cos_loss: 0.00000, total_cos_loss : 0.14057, 
epoch  27 summary: dyn_dyn_cos_loss: 0.00000, dyn_sta_cos_loss: 0.00000, total_cos_loss : 0.14042, 
epoch  28 summary: dyn_dyn_cos_loss: 0.00000, dyn_sta_cos_loss: 0.00000, total_cos_loss : 0.14030, 
epoch  29 summary: dyn_dyn_cos_loss: 0.00000, dyn_sta_cos_loss: 0.00000, total_cos_loss : 0.14019, 
epoch  30 summary: dyn_dyn_cos_loss: 0.00000, dyn_sta_cos_loss: 0.00000, total_cos_loss : 0.14010, 
valid loss: 2.1470, valid acc: 0.4863
epoch  31 summary: dyn_dyn_cos_loss: 0.00000, dyn_sta_cos_loss: 0.00000, total_cos_loss : 0.14001, 
epoch  32 summary: dyn_dyn_cos_loss: 0.00000, dyn_sta_cos_loss: 0.00000, total_cos_loss : 0.13992, 
epoch  33 summary: dyn_dyn_cos_loss: 0.00000, dyn_sta_cos_loss: 0.00000, total_cos_loss : 0.13984, 
epoch  34 summary: dyn_dyn_cos_loss: 0.00000, dyn_sta_cos_loss: 0.00000, total_cos_loss : 0.13978, 
epoch  35 summary: dyn_dyn_cos_loss: 0.00000, dyn_sta_cos_loss: 0.00000, total_cos_loss : 0.13973, 
epoch  36 summary: dyn_dyn_cos_loss: 0.00000, dyn_sta_cos_loss: 0.00000, total_cos_loss : 0.13968, 
epoch  37 summary: dyn_dyn_cos_loss: 0.00000, dyn_sta_cos_loss: 0.00000, total_cos_loss : 0.13964, 
epoch  38 summary: dyn_dyn_cos_loss: 0.00000, dyn_sta_cos_loss: 0.00000, total_cos_loss : 0.13962, 
epoch  39 summary: dyn_dyn_cos_loss: 0.00000, dyn_sta_cos_loss: 0.00000, total_cos_loss : 0.13958, 
epoch  40 summary: dyn_dyn_cos_loss: 0.00000, dyn_sta_cos_loss: 0.00000, total_cos_loss : 0.13956, 
valid loss: 2.1442, valid acc: 0.4961
epoch  41 summary: dyn_dyn_cos_loss: 0.00000, dyn_sta_cos_loss: 0.00000, total_cos_loss : 0.13952, 
epoch  42 summary: dyn_dyn_cos_loss: 0.00000, dyn_sta_cos_loss: 0.00000, total_cos_loss : 0.13949, 
epoch  43 summary: dyn_dyn_cos_loss: 0.00000, dyn_sta_cos_loss: 0.00000, total_cos_loss : 0.13946, 
epoch  44 summary: dyn_dyn_cos_loss: 0.00000, dyn_sta_cos_loss: 0.00000, total_cos_loss : 0.13944, 
epoch  45 summary: dyn_dyn_cos_loss: 0.00000, dyn_sta_cos_loss: 0.00000, total_cos_loss : 0.13941, 
epoch  46 summary: dyn_dyn_cos_loss: 0.00000, dyn_sta_cos_loss: 0.00000, total_cos_loss : 0.13939, 
epoch  47 summary: dyn_dyn_cos_loss: 0.00000, dyn_sta_cos_loss: 0.00000, total_cos_loss : 0.13937, 
epoch  48 summary: dyn_dyn_cos_loss: 0.00000, dyn_sta_cos_loss: 0.00000, total_cos_loss : 0.13936, 
epoch  49 summary: dyn_dyn_cos_loss: 0.00000, dyn_sta_cos_loss: 0.00000, total_cos_loss : 0.13934, 
epoch  50 summary: dyn_dyn_cos_loss: 0.00000, dyn_sta_cos_loss: 0.00000, total_cos_loss : 0.13932, 
valid loss: 2.1342, valid acc: 0.4980
epoch  51 summary: dyn_dyn_cos_loss: 0.00000, dyn_sta_cos_loss: 0.00000, total_cos_loss : 0.13930, 
epoch  52 summary: dyn_dyn_cos_loss: 0.00000, dyn_sta_cos_loss: 0.00000, total_cos_loss : 0.13928, 
epoch  53 summary: dyn_dyn_cos_loss: 0.00000, dyn_sta_cos_loss: 0.00000, total_cos_loss : 0.13926, 
epoch  54 summary: dyn_dyn_cos_loss: 0.00000, dyn_sta_cos_loss: 0.00000, total_cos_loss : 0.13925, 
epoch  55 summary: dyn_dyn_cos_loss: 0.00000, dyn_sta_cos_loss: 0.00000, total_cos_loss : 0.13924, 
epoch  56 summary: dyn_dyn_cos_loss: 0.00000, dyn_sta_cos_loss: 0.00000, total_cos_loss : 0.13923, 
epoch  57 summary: dyn_dyn_cos_loss: 0.00000, dyn_sta_cos_loss: 0.00000, total_cos_loss : 0.13921, 
epoch  58 summary: dyn_dyn_cos_loss: 0.00000, dyn_sta_cos_loss: 0.00000, total_cos_loss : 0.13920, 
epoch  59 summary: dyn_dyn_cos_loss: 0.00000, dyn_sta_cos_loss: 0.00000, total_cos_loss : 0.13919, 
epoch  60 summary: dyn_dyn_cos_loss: 0.00000, dyn_sta_cos_loss: 0.00000, total_cos_loss : 0.13918, 
valid loss: 2.1139, valid acc: 0.4922
epoch  61 summary: dyn_dyn_cos_loss: 0.00000, dyn_sta_cos_loss: 0.00000, total_cos_loss : 0.13917, 
epoch  62 summary: dyn_dyn_cos_loss: 0.00000, dyn_sta_cos_loss: 0.00000, total_cos_loss : 0.13916, 
epoch  63 summary: dyn_dyn_cos_loss: 0.00000, dyn_sta_cos_loss: 0.00000, total_cos_loss : 0.13916, 
epoch  64 summary: dyn_dyn_cos_loss: 0.00000, dyn_sta_cos_loss: 0.00000, total_cos_loss : 0.13915, 
epoch  65 summary: dyn_dyn_cos_loss: 0.00000, dyn_sta_cos_loss: 0.00000, total_cos_loss : 0.13914, 
epoch  66 summary: dyn_dyn_cos_loss: 0.00000, dyn_sta_cos_loss: 0.00000, total_cos_loss : 0.13913, 
epoch  67 summary: dyn_dyn_cos_loss: 0.00000, dyn_sta_cos_loss: 0.00000, total_cos_loss : 0.13912, 
epoch  68 summary: dyn_dyn_cos_loss: 0.00000, dyn_sta_cos_loss: 0.00000, total_cos_loss : 0.13912, 
epoch  69 summary: dyn_dyn_cos_loss: 0.00000, dyn_sta_cos_loss: 0.00000, total_cos_loss : 0.13912, 
epoch  70 summary: dyn_dyn_cos_loss: 0.00000, dyn_sta_cos_loss: 0.00000, total_cos_loss : 0.13911, 
valid loss: 2.1055, valid acc: 0.4980
epoch  71 summary: dyn_dyn_cos_loss: 0.00000, dyn_sta_cos_loss: 0.00000, total_cos_loss : 0.13910, 
epoch  72 summary: dyn_dyn_cos_loss: 0.00000, dyn_sta_cos_loss: 0.00000, total_cos_loss : 0.13909, 
epoch  73 summary: dyn_dyn_cos_loss: 0.00000, dyn_sta_cos_loss: 0.00000, total_cos_loss : 0.13909, 
epoch  74 summary: dyn_dyn_cos_loss: 0.00000, dyn_sta_cos_loss: 0.00000, total_cos_loss : 0.13908, 
epoch  75 summary: dyn_dyn_cos_loss: 0.00000, dyn_sta_cos_loss: 0.00000, total_cos_loss : 0.13907, 
epoch  76 summary: dyn_dyn_cos_loss: 0.00000, dyn_sta_cos_loss: 0.00000, total_cos_loss : 0.13907, 
epoch  77 summary: dyn_dyn_cos_loss: 0.00000, dyn_sta_cos_loss: 0.00000, total_cos_loss : 0.13906, 
epoch  78 summary: dyn_dyn_cos_loss: 0.00000, dyn_sta_cos_loss: 0.00000, total_cos_loss : 0.13906, 
epoch  79 summary: dyn_dyn_cos_loss: 0.00000, dyn_sta_cos_loss: 0.00000, total_cos_loss : 0.13905, 
epoch  80 summary: dyn_dyn_cos_loss: 0.00000, dyn_sta_cos_loss: 0.00000, total_cos_loss : 0.13905, 
valid loss: 2.1076, valid acc: 0.4922
epoch  81 summary: dyn_dyn_cos_loss: 0.00000, dyn_sta_cos_loss: 0.00000, total_cos_loss : 0.13905, 
epoch  82 summary: dyn_dyn_cos_loss: 0.00000, dyn_sta_cos_loss: 0.00000, total_cos_loss : 0.13904, 
epoch  83 summary: dyn_dyn_cos_loss: 0.00000, dyn_sta_cos_loss: 0.00000, total_cos_loss : 0.13904, 
epoch  84 summary: dyn_dyn_cos_loss: 0.00000, dyn_sta_cos_loss: 0.00000, total_cos_loss : 0.13904, 
epoch  85 summary: dyn_dyn_cos_loss: 0.00000, dyn_sta_cos_loss: 0.00000, total_cos_loss : 0.13904, 
epoch  86 summary: dyn_dyn_cos_loss: 0.00000, dyn_sta_cos_loss: 0.00000, total_cos_loss : 0.13904, 
epoch  87 summary: dyn_dyn_cos_loss: 0.00000, dyn_sta_cos_loss: 0.00000, total_cos_loss : 0.13904, 
epoch  88 summary: dyn_dyn_cos_loss: 0.00000, dyn_sta_cos_loss: 0.00000, total_cos_loss : 0.13903, 
epoch  89 summary: dyn_dyn_cos_loss: 0.00000, dyn_sta_cos_loss: 0.00000, total_cos_loss : 0.13903, 
epoch  90 summary: dyn_dyn_cos_loss: 0.00000, dyn_sta_cos_loss: 0.00000, total_cos_loss : 0.13903, 
valid loss: 2.1070, valid acc: 0.4902
epoch  91 summary: dyn_dyn_cos_loss: 0.00000, dyn_sta_cos_loss: 0.00000, total_cos_loss : 0.13903, 
epoch  92 summary: dyn_dyn_cos_loss: 0.00000, dyn_sta_cos_loss: 0.00000, total_cos_loss : 0.13903, 
epoch  93 summary: dyn_dyn_cos_loss: 0.00000, dyn_sta_cos_loss: 0.00000, total_cos_loss : 0.13902, 
epoch  94 summary: dyn_dyn_cos_loss: 0.00000, dyn_sta_cos_loss: 0.00000, total_cos_loss : 0.13902, 
epoch  95 summary: dyn_dyn_cos_loss: 0.00000, dyn_sta_cos_loss: 0.00000, total_cos_loss : 0.13902, 
epoch  96 summary: dyn_dyn_cos_loss: 0.00000, dyn_sta_cos_loss: 0.00000, total_cos_loss : 0.13901, 
epoch  97 summary: dyn_dyn_cos_loss: 0.00000, dyn_sta_cos_loss: 0.00000, total_cos_loss : 0.13901, 
epoch  98 summary: dyn_dyn_cos_loss: 0.00000, dyn_sta_cos_loss: 0.00000, total_cos_loss : 0.13901, 
epoch  99 summary: dyn_dyn_cos_loss: 0.00000, dyn_sta_cos_loss: 0.00000, total_cos_loss : 0.13901, 
epoch 100 summary: dyn_dyn_cos_loss: 0.00000, dyn_sta_cos_loss: 0.00000, total_cos_loss : 0.13901, 
valid loss: 2.1075, valid acc: 0.4922
epoch 101 summary: dyn_dyn_cos_loss: 0.00000, dyn_sta_cos_loss: 0.00000, total_cos_loss : 0.13900, 
epoch 102 summary: dyn_dyn_cos_loss: 0.00000, dyn_sta_cos_loss: 0.00000, total_cos_loss : 0.13900, 
epoch 103 summary: dyn_dyn_cos_loss: 0.00000, dyn_sta_cos_loss: 0.00000, total_cos_loss : 0.13900, 
epoch 104 summary: dyn_dyn_cos_loss: 0.00000, dyn_sta_cos_loss: 0.00000, total_cos_loss : 0.13900, 
epoch 105 summary: dyn_dyn_cos_loss: 0.00000, dyn_sta_cos_loss: 0.00000, total_cos_loss : 0.13900, 
epoch 106 summary: dyn_dyn_cos_loss: 0.00000, dyn_sta_cos_loss: 0.00000, total_cos_loss : 0.13900, 
epoch 107 summary: dyn_dyn_cos_loss: 0.00000, dyn_sta_cos_loss: 0.00000, total_cos_loss : 0.13900, 
epoch 108 summary: dyn_dyn_cos_loss: 0.00000, dyn_sta_cos_loss: 0.00000, total_cos_loss : 0.13900, 
epoch 109 summary: dyn_dyn_cos_loss: 0.00000, dyn_sta_cos_loss: 0.00000, total_cos_loss : 0.13899, 
epoch 110 summary: dyn_dyn_cos_loss: 0.00000, dyn_sta_cos_loss: 0.00000, total_cos_loss : 0.13899, 
valid loss: 2.1044, valid acc: 0.4902
epoch 111 summary: dyn_dyn_cos_loss: 0.00000, dyn_sta_cos_loss: 0.00000, total_cos_loss : 0.13899, 
epoch 112 summary: dyn_dyn_cos_loss: 0.00000, dyn_sta_cos_loss: 0.00000, total_cos_loss : 0.13899, 
epoch 113 summary: dyn_dyn_cos_loss: 0.00000, dyn_sta_cos_loss: 0.00000, total_cos_loss : 0.13898, 
epoch 114 summary: dyn_dyn_cos_loss: 0.00000, dyn_sta_cos_loss: 0.00000, total_cos_loss : 0.13898, 
epoch 115 summary: dyn_dyn_cos_loss: 0.00000, dyn_sta_cos_loss: 0.00000, total_cos_loss : 0.13898, 
epoch 116 summary: dyn_dyn_cos_loss: 0.00000, dyn_sta_cos_loss: 0.00000, total_cos_loss : 0.13898, 
epoch 117 summary: dyn_dyn_cos_loss: 0.00000, dyn_sta_cos_loss: 0.00000, total_cos_loss : 0.13897, 
epoch 118 summary: dyn_dyn_cos_loss: 0.00000, dyn_sta_cos_loss: 0.00000, total_cos_loss : 0.13897, 
epoch 119 summary: dyn_dyn_cos_loss: 0.00000, dyn_sta_cos_loss: 0.00000, total_cos_loss : 0.13897, 
epoch 120 summary: dyn_dyn_cos_loss: 0.00000, dyn_sta_cos_loss: 0.00000, total_cos_loss : 0.13897, 
valid loss: 2.1047, valid acc: 0.4883
epoch 121 summary: dyn_dyn_cos_loss: 0.00000, dyn_sta_cos_loss: 0.00000, total_cos_loss : 0.13897, 
epoch 122 summary: dyn_dyn_cos_loss: 0.00000, dyn_sta_cos_loss: 0.00000, total_cos_loss : 0.13897, 
epoch 123 summary: dyn_dyn_cos_loss: 0.00000, dyn_sta_cos_loss: 0.00000, total_cos_loss : 0.13896, 
epoch 124 summary: dyn_dyn_cos_loss: 0.00000, dyn_sta_cos_loss: 0.00000, total_cos_loss : 0.13896, 
epoch 125 summary: dyn_dyn_cos_loss: 0.00000, dyn_sta_cos_loss: 0.00000, total_cos_loss : 0.13896, 
epoch 126 summary: dyn_dyn_cos_loss: 0.00000, dyn_sta_cos_loss: 0.00000, total_cos_loss : 0.13896, 
epoch 127 summary: dyn_dyn_cos_loss: 0.00000, dyn_sta_cos_loss: 0.00000, total_cos_loss : 0.13895, 
epoch 128 summary: dyn_dyn_cos_loss: 0.00000, dyn_sta_cos_loss: 0.00000, total_cos_loss : 0.13895, 
epoch 129 summary: dyn_dyn_cos_loss: 0.00000, dyn_sta_cos_loss: 0.00000, total_cos_loss : 0.13895, 
epoch 130 summary: dyn_dyn_cos_loss: 0.00000, dyn_sta_cos_loss: 0.00000, total_cos_loss : 0.13895, 
valid loss: 2.1066, valid acc: 0.4902
epoch 131 summary: dyn_dyn_cos_loss: 0.00000, dyn_sta_cos_loss: 0.00000, total_cos_loss : 0.13895, 
epoch 132 summary: dyn_dyn_cos_loss: 0.00000, dyn_sta_cos_loss: 0.00000, total_cos_loss : 0.13895, 
epoch 133 summary: dyn_dyn_cos_loss: 0.00000, dyn_sta_cos_loss: 0.00000, total_cos_loss : 0.13894, 
epoch 134 summary: dyn_dyn_cos_loss: 0.00000, dyn_sta_cos_loss: 0.00000, total_cos_loss : 0.13894, 
epoch 135 summary: dyn_dyn_cos_loss: 0.00000, dyn_sta_cos_loss: 0.00000, total_cos_loss : 0.13894, 
epoch 136 summary: dyn_dyn_cos_loss: 0.00000, dyn_sta_cos_loss: 0.00000, total_cos_loss : 0.13894, 
epoch 137 summary: dyn_dyn_cos_loss: 0.00000, dyn_sta_cos_loss: 0.00000, total_cos_loss : 0.13894, 
epoch 138 summary: dyn_dyn_cos_loss: 0.00000, dyn_sta_cos_loss: 0.00000, total_cos_loss : 0.13894, 
epoch 139 summary: dyn_dyn_cos_loss: 0.00000, dyn_sta_cos_loss: 0.00000, total_cos_loss : 0.13894, 
epoch 140 summary: dyn_dyn_cos_loss: 0.00000, dyn_sta_cos_loss: 0.00000, total_cos_loss : 0.13893, 
valid loss: 2.0963, valid acc: 0.4961
epoch 141 summary: dyn_dyn_cos_loss: 0.00000, dyn_sta_cos_loss: 0.00000, total_cos_loss : 0.13893, 
epoch 142 summary: dyn_dyn_cos_loss: 0.00000, dyn_sta_cos_loss: 0.00000, total_cos_loss : 0.13893, 
epoch 143 summary: dyn_dyn_cos_loss: 0.00000, dyn_sta_cos_loss: 0.00000, total_cos_loss : 0.13893, 
epoch 144 summary: dyn_dyn_cos_loss: 0.00000, dyn_sta_cos_loss: 0.00000, total_cos_loss : 0.13893, 
epoch 145 summary: dyn_dyn_cos_loss: 0.00000, dyn_sta_cos_loss: 0.00000, total_cos_loss : 0.13893, 
epoch 146 summary: dyn_dyn_cos_loss: 0.00000, dyn_sta_cos_loss: 0.00000, total_cos_loss : 0.13893, 
epoch 147 summary: dyn_dyn_cos_loss: 0.00000, dyn_sta_cos_loss: 0.00000, total_cos_loss : 0.13893, 
epoch 148 summary: dyn_dyn_cos_loss: 0.00000, dyn_sta_cos_loss: 0.00000, total_cos_loss : 0.13892, 
epoch 149 summary: dyn_dyn_cos_loss: 0.00000, dyn_sta_cos_loss: 0.00000, total_cos_loss : 0.13892, 
valid loss: 2.1000, valid acc: 0.4961
all                         105899.953ms
all_epoch                   105870.762ms
all_preparation                 29.173ms
all_preparation_2               28.100ms
all_preparation_3                1.055ms
epoch                          623.255ms
epoch_pos_train                  1.168ms
epoch_preparation                0.313ms
epoch_train                    620.842ms
epoch_valid                      0.513ms
----------------------------------------
all                         105899.953ms
  all_epoch             99.97%
  all_preparation        0.03%
all_preparation                 29.173ms
  all_preparation_2     96.32%
  all_preparation_3      3.62%
epoch                        93488.298ms
  epoch_train           99.61%
  epoch_pos_train        0.19%
  epoch_valid            0.08%
  epoch_preparation      0.05%
