Before CTE Training: train eu loss: 1.057024359703064, eval eu loss: 1.492782711982727
Before CTE Training: train eu acc: 0.66552734375, eval eu acc: 0.560546875
epoch   0 summary: dyn_dyn_loss   : 0.27914, dyn_sta_loss   : 3.50281, tot_dyn_loss   : 0.60151, sta_sta_loss   : 0.57483, 
train loss: 0.2057, train acc: 0.9612
epoch   1 summary: dyn_dyn_loss   : 0.26567, dyn_sta_loss   : 2.35789, tot_dyn_loss   : 0.47489, sta_sta_loss   : 0.57483, 
epoch   2 summary: dyn_dyn_loss   : 0.25115, dyn_sta_loss   : 2.42855, tot_dyn_loss   : 0.46889, sta_sta_loss   : 0.57483, 
epoch   3 summary: dyn_dyn_loss   : 0.20423, dyn_sta_loss   : 2.76277, tot_dyn_loss   : 0.46008, sta_sta_loss   : 0.57483, 
epoch   4 summary: dyn_dyn_loss   : 0.19977, dyn_sta_loss   : 2.41088, tot_dyn_loss   : 0.42088, sta_sta_loss   : 0.57483, 
epoch   5 summary: dyn_dyn_loss   : 0.18713, dyn_sta_loss   : 2.50908, tot_dyn_loss   : 0.41933, sta_sta_loss   : 0.57483, 
epoch   6 summary: dyn_dyn_loss   : 0.16856, dyn_sta_loss   : 2.55942, tot_dyn_loss   : 0.40765, sta_sta_loss   : 0.57483, 
epoch   7 summary: dyn_dyn_loss   : 0.18824, dyn_sta_loss   : 2.36419, tot_dyn_loss   : 0.40584, sta_sta_loss   : 0.57483, 
epoch   8 summary: dyn_dyn_loss   : 0.18249, dyn_sta_loss   : 2.39383, tot_dyn_loss   : 0.40363, sta_sta_loss   : 0.57483, 
epoch   9 summary: dyn_dyn_loss   : 0.17689, dyn_sta_loss   : 2.40539, tot_dyn_loss   : 0.39974, sta_sta_loss   : 0.57483, 
epoch  10 summary: dyn_dyn_loss   : 0.18265, dyn_sta_loss   : 2.32937, tot_dyn_loss   : 0.39732, sta_sta_loss   : 0.57483, 
train loss: 0.1584, train acc: 0.9692
epoch  11 summary: dyn_dyn_loss   : 0.18218, dyn_sta_loss   : 2.35375, tot_dyn_loss   : 0.39933, sta_sta_loss   : 0.57483, 
epoch  12 summary: dyn_dyn_loss   : 0.17590, dyn_sta_loss   : 2.36857, tot_dyn_loss   : 0.39517, sta_sta_loss   : 0.57483, 
epoch  13 summary: dyn_dyn_loss   : 0.18277, dyn_sta_loss   : 2.31873, tot_dyn_loss   : 0.39636, sta_sta_loss   : 0.57483, 
epoch  14 summary: dyn_dyn_loss   : 0.18090, dyn_sta_loss   : 2.33857, tot_dyn_loss   : 0.39667, sta_sta_loss   : 0.57483, 
epoch  15 summary: dyn_dyn_loss   : 0.17769, dyn_sta_loss   : 2.34395, tot_dyn_loss   : 0.39431, sta_sta_loss   : 0.57483, 
epoch  16 summary: dyn_dyn_loss   : 0.18023, dyn_sta_loss   : 2.33887, tot_dyn_loss   : 0.39609, sta_sta_loss   : 0.57483, 
epoch  17 summary: dyn_dyn_loss   : 0.17791, dyn_sta_loss   : 2.33132, tot_dyn_loss   : 0.39325, sta_sta_loss   : 0.57483, 
epoch  18 summary: dyn_dyn_loss   : 0.18011, dyn_sta_loss   : 2.33676, tot_dyn_loss   : 0.39578, sta_sta_loss   : 0.57483, 
epoch  19 summary: dyn_dyn_loss   : 0.17673, dyn_sta_loss   : 2.33740, tot_dyn_loss   : 0.39279, sta_sta_loss   : 0.57483, 
epoch  20 summary: dyn_dyn_loss   : 0.17989, dyn_sta_loss   : 2.34390, tot_dyn_loss   : 0.39629, sta_sta_loss   : 0.57483, 
train loss: 0.1611, train acc: 0.9695
epoch  21 summary: dyn_dyn_loss   : 0.17539, dyn_sta_loss   : 2.34219, tot_dyn_loss   : 0.39207, sta_sta_loss   : 0.57483, 
epoch  22 summary: dyn_dyn_loss   : 0.18021, dyn_sta_loss   : 2.34130, tot_dyn_loss   : 0.39632, sta_sta_loss   : 0.57483, 
epoch  23 summary: dyn_dyn_loss   : 0.17544, dyn_sta_loss   : 2.34101, tot_dyn_loss   : 0.39200, sta_sta_loss   : 0.57483, 
epoch  24 summary: dyn_dyn_loss   : 0.18021, dyn_sta_loss   : 2.34158, tot_dyn_loss   : 0.39634, sta_sta_loss   : 0.57483, 
epoch  25 summary: dyn_dyn_loss   : 0.17542, dyn_sta_loss   : 2.34145, tot_dyn_loss   : 0.39203, sta_sta_loss   : 0.57483, 
epoch  26 summary: dyn_dyn_loss   : 0.18012, dyn_sta_loss   : 2.34183, tot_dyn_loss   : 0.39629, sta_sta_loss   : 0.57483, 
epoch  27 summary: dyn_dyn_loss   : 0.17527, dyn_sta_loss   : 2.33849, tot_dyn_loss   : 0.39159, sta_sta_loss   : 0.57483, 
epoch  28 summary: dyn_dyn_loss   : 0.18022, dyn_sta_loss   : 2.34322, tot_dyn_loss   : 0.39652, sta_sta_loss   : 0.57483, 
epoch  29 summary: dyn_dyn_loss   : 0.17400, dyn_sta_loss   : 2.34593, tot_dyn_loss   : 0.39119, sta_sta_loss   : 0.57483, 
epoch  30 summary: dyn_dyn_loss   : 0.17939, dyn_sta_loss   : 2.34392, tot_dyn_loss   : 0.39584, sta_sta_loss   : 0.57483, 
train loss: 0.1529, train acc: 0.9773
epoch  31 summary: dyn_dyn_loss   : 0.17442, dyn_sta_loss   : 2.33831, tot_dyn_loss   : 0.39081, sta_sta_loss   : 0.57483, 
epoch  32 summary: dyn_dyn_loss   : 0.17955, dyn_sta_loss   : 2.34715, tot_dyn_loss   : 0.39631, sta_sta_loss   : 0.57483, 
epoch  33 summary: dyn_dyn_loss   : 0.17359, dyn_sta_loss   : 2.34565, tot_dyn_loss   : 0.39080, sta_sta_loss   : 0.57483, 
epoch  34 summary: dyn_dyn_loss   : 0.18037, dyn_sta_loss   : 2.33444, tot_dyn_loss   : 0.39578, sta_sta_loss   : 0.57483, 
epoch  35 summary: dyn_dyn_loss   : 0.17516, dyn_sta_loss   : 2.33455, tot_dyn_loss   : 0.39110, sta_sta_loss   : 0.57483, 
epoch  36 summary: dyn_dyn_loss   : 0.17996, dyn_sta_loss   : 2.33638, tot_dyn_loss   : 0.39560, sta_sta_loss   : 0.57483, 
epoch  37 summary: dyn_dyn_loss   : 0.17511, dyn_sta_loss   : 2.33368, tot_dyn_loss   : 0.39097, sta_sta_loss   : 0.57483, 
epoch  38 summary: dyn_dyn_loss   : 0.18055, dyn_sta_loss   : 2.32993, tot_dyn_loss   : 0.39549, sta_sta_loss   : 0.57483, 
epoch  39 summary: dyn_dyn_loss   : 0.17546, dyn_sta_loss   : 2.32760, tot_dyn_loss   : 0.39067, sta_sta_loss   : 0.57483, 
epoch  40 summary: dyn_dyn_loss   : 0.18076, dyn_sta_loss   : 2.32695, tot_dyn_loss   : 0.39538, sta_sta_loss   : 0.57483, 
train loss: 0.1543, train acc: 0.9814
epoch  41 summary: dyn_dyn_loss   : 0.17606, dyn_sta_loss   : 2.31961, tot_dyn_loss   : 0.39042, sta_sta_loss   : 0.57483, 
epoch  42 summary: dyn_dyn_loss   : 0.18119, dyn_sta_loss   : 2.33124, tot_dyn_loss   : 0.39619, sta_sta_loss   : 0.57483, 
epoch  43 summary: dyn_dyn_loss   : 0.17489, dyn_sta_loss   : 2.32258, tot_dyn_loss   : 0.38966, sta_sta_loss   : 0.57483, 
epoch  44 summary: dyn_dyn_loss   : 0.18083, dyn_sta_loss   : 2.33562, tot_dyn_loss   : 0.39631, sta_sta_loss   : 0.57483, 
epoch  45 summary: dyn_dyn_loss   : 0.17354, dyn_sta_loss   : 2.32813, tot_dyn_loss   : 0.38900, sta_sta_loss   : 0.57483, 
epoch  46 summary: dyn_dyn_loss   : 0.17934, dyn_sta_loss   : 2.35012, tot_dyn_loss   : 0.39642, sta_sta_loss   : 0.57483, 
epoch  47 summary: dyn_dyn_loss   : 0.17237, dyn_sta_loss   : 2.35133, tot_dyn_loss   : 0.39027, sta_sta_loss   : 0.57483, 
epoch  48 summary: dyn_dyn_loss   : 0.17958, dyn_sta_loss   : 2.35069, tot_dyn_loss   : 0.39669, sta_sta_loss   : 0.57483, 
epoch  49 summary: dyn_dyn_loss   : 0.17229, dyn_sta_loss   : 2.35148, tot_dyn_loss   : 0.39021, sta_sta_loss   : 0.57483, 
epoch  50 summary: dyn_dyn_loss   : 0.17866, dyn_sta_loss   : 2.35539, tot_dyn_loss   : 0.39633, sta_sta_loss   : 0.57483, 
train loss: 0.2337, train acc: 0.9629
epoch  51 summary: dyn_dyn_loss   : 0.17153, dyn_sta_loss   : 2.35369, tot_dyn_loss   : 0.38975, sta_sta_loss   : 0.57483, 
epoch  52 summary: dyn_dyn_loss   : 0.17890, dyn_sta_loss   : 2.35168, tot_dyn_loss   : 0.39618, sta_sta_loss   : 0.57483, 
epoch  53 summary: dyn_dyn_loss   : 0.17222, dyn_sta_loss   : 2.35078, tot_dyn_loss   : 0.39007, sta_sta_loss   : 0.57483, 
epoch  54 summary: dyn_dyn_loss   : 0.17864, dyn_sta_loss   : 2.35613, tot_dyn_loss   : 0.39639, sta_sta_loss   : 0.57483, 
epoch  55 summary: dyn_dyn_loss   : 0.17184, dyn_sta_loss   : 2.35480, tot_dyn_loss   : 0.39014, sta_sta_loss   : 0.57483, 
epoch  56 summary: dyn_dyn_loss   : 0.17902, dyn_sta_loss   : 2.35265, tot_dyn_loss   : 0.39638, sta_sta_loss   : 0.57483, 
epoch  57 summary: dyn_dyn_loss   : 0.17182, dyn_sta_loss   : 2.35215, tot_dyn_loss   : 0.38985, sta_sta_loss   : 0.57483, 
epoch  58 summary: dyn_dyn_loss   : 0.17865, dyn_sta_loss   : 2.35296, tot_dyn_loss   : 0.39609, sta_sta_loss   : 0.57483, 
epoch  59 summary: dyn_dyn_loss   : 0.17249, dyn_sta_loss   : 2.35282, tot_dyn_loss   : 0.39053, sta_sta_loss   : 0.57483, 
epoch  60 summary: dyn_dyn_loss   : 0.17898, dyn_sta_loss   : 2.34846, tot_dyn_loss   : 0.39593, sta_sta_loss   : 0.57483, 
train loss: 0.2285, train acc: 0.9648
epoch  61 summary: dyn_dyn_loss   : 0.17334, dyn_sta_loss   : 2.34823, tot_dyn_loss   : 0.39083, sta_sta_loss   : 0.57483, 
epoch  62 summary: dyn_dyn_loss   : 0.17880, dyn_sta_loss   : 2.35065, tot_dyn_loss   : 0.39599, sta_sta_loss   : 0.57483, 
epoch  63 summary: dyn_dyn_loss   : 0.17324, dyn_sta_loss   : 2.34640, tot_dyn_loss   : 0.39056, sta_sta_loss   : 0.57483, 
epoch  64 summary: dyn_dyn_loss   : 0.17863, dyn_sta_loss   : 2.35239, tot_dyn_loss   : 0.39601, sta_sta_loss   : 0.57483, 
epoch  65 summary: dyn_dyn_loss   : 0.17284, dyn_sta_loss   : 2.35214, tot_dyn_loss   : 0.39077, sta_sta_loss   : 0.57483, 
epoch  66 summary: dyn_dyn_loss   : 0.17867, dyn_sta_loss   : 2.35367, tot_dyn_loss   : 0.39617, sta_sta_loss   : 0.57483, 
epoch  67 summary: dyn_dyn_loss   : 0.17315, dyn_sta_loss   : 2.35138, tot_dyn_loss   : 0.39097, sta_sta_loss   : 0.57483, 
epoch  68 summary: dyn_dyn_loss   : 0.17867, dyn_sta_loss   : 2.35407, tot_dyn_loss   : 0.39621, sta_sta_loss   : 0.57483, 
epoch  69 summary: dyn_dyn_loss   : 0.17336, dyn_sta_loss   : 2.35542, tot_dyn_loss   : 0.39156, sta_sta_loss   : 0.57483, 
epoch  70 summary: dyn_dyn_loss   : 0.17862, dyn_sta_loss   : 2.35405, tot_dyn_loss   : 0.39617, sta_sta_loss   : 0.57483, 
train loss: 0.2327, train acc: 0.9661
epoch  71 summary: dyn_dyn_loss   : 0.17374, dyn_sta_loss   : 2.35168, tot_dyn_loss   : 0.39153, sta_sta_loss   : 0.57483, 
epoch  72 summary: dyn_dyn_loss   : 0.17864, dyn_sta_loss   : 2.35690, tot_dyn_loss   : 0.39647, sta_sta_loss   : 0.57483, 
epoch  73 summary: dyn_dyn_loss   : 0.17345, dyn_sta_loss   : 2.35657, tot_dyn_loss   : 0.39177, sta_sta_loss   : 0.57483, 
epoch  74 summary: dyn_dyn_loss   : 0.17881, dyn_sta_loss   : 2.35406, tot_dyn_loss   : 0.39633, sta_sta_loss   : 0.57483, 
epoch  75 summary: dyn_dyn_loss   : 0.17396, dyn_sta_loss   : 2.35239, tot_dyn_loss   : 0.39181, sta_sta_loss   : 0.57483, 
epoch  76 summary: dyn_dyn_loss   : 0.17861, dyn_sta_loss   : 2.35558, tot_dyn_loss   : 0.39630, sta_sta_loss   : 0.57483, 
epoch  77 summary: dyn_dyn_loss   : 0.17350, dyn_sta_loss   : 2.35685, tot_dyn_loss   : 0.39183, sta_sta_loss   : 0.57483, 
epoch  78 summary: dyn_dyn_loss   : 0.17896, dyn_sta_loss   : 2.34911, tot_dyn_loss   : 0.39597, sta_sta_loss   : 0.57483, 
epoch  79 summary: dyn_dyn_loss   : 0.17435, dyn_sta_loss   : 2.35165, tot_dyn_loss   : 0.39208, sta_sta_loss   : 0.57483, 
epoch  80 summary: dyn_dyn_loss   : 0.17835, dyn_sta_loss   : 2.35081, tot_dyn_loss   : 0.39559, sta_sta_loss   : 0.57483, 
train loss: 0.2353, train acc: 0.9646
epoch  81 summary: dyn_dyn_loss   : 0.17439, dyn_sta_loss   : 2.35419, tot_dyn_loss   : 0.39237, sta_sta_loss   : 0.57483, 
epoch  82 summary: dyn_dyn_loss   : 0.17790, dyn_sta_loss   : 2.35072, tot_dyn_loss   : 0.39518, sta_sta_loss   : 0.57483, 
epoch  83 summary: dyn_dyn_loss   : 0.17488, dyn_sta_loss   : 2.35287, tot_dyn_loss   : 0.39268, sta_sta_loss   : 0.57483, 
epoch  84 summary: dyn_dyn_loss   : 0.17793, dyn_sta_loss   : 2.34809, tot_dyn_loss   : 0.39495, sta_sta_loss   : 0.57483, 
epoch  85 summary: dyn_dyn_loss   : 0.17526, dyn_sta_loss   : 2.34625, tot_dyn_loss   : 0.39235, sta_sta_loss   : 0.57483, 
epoch  86 summary: dyn_dyn_loss   : 0.17794, dyn_sta_loss   : 2.34803, tot_dyn_loss   : 0.39495, sta_sta_loss   : 0.57483, 
epoch  87 summary: dyn_dyn_loss   : 0.17563, dyn_sta_loss   : 2.34830, tot_dyn_loss   : 0.39289, sta_sta_loss   : 0.57483, 
epoch  88 summary: dyn_dyn_loss   : 0.17807, dyn_sta_loss   : 2.34470, tot_dyn_loss   : 0.39473, sta_sta_loss   : 0.57483, 
epoch  89 summary: dyn_dyn_loss   : 0.17588, dyn_sta_loss   : 2.34650, tot_dyn_loss   : 0.39294, sta_sta_loss   : 0.57483, 
epoch  90 summary: dyn_dyn_loss   : 0.17773, dyn_sta_loss   : 2.34369, tot_dyn_loss   : 0.39432, sta_sta_loss   : 0.57483, 
train loss: 0.1777, train acc: 0.9766
epoch  91 summary: dyn_dyn_loss   : 0.17637, dyn_sta_loss   : 2.34456, tot_dyn_loss   : 0.39319, sta_sta_loss   : 0.57483, 
epoch  92 summary: dyn_dyn_loss   : 0.17767, dyn_sta_loss   : 2.34167, tot_dyn_loss   : 0.39407, sta_sta_loss   : 0.57483, 
epoch  93 summary: dyn_dyn_loss   : 0.17651, dyn_sta_loss   : 2.34512, tot_dyn_loss   : 0.39337, sta_sta_loss   : 0.57483, 
epoch  94 summary: dyn_dyn_loss   : 0.17767, dyn_sta_loss   : 2.33088, tot_dyn_loss   : 0.39299, sta_sta_loss   : 0.57483, 
epoch  95 summary: dyn_dyn_loss   : 0.17778, dyn_sta_loss   : 2.33873, tot_dyn_loss   : 0.39388, sta_sta_loss   : 0.57483, 
epoch  96 summary: dyn_dyn_loss   : 0.17748, dyn_sta_loss   : 2.32625, tot_dyn_loss   : 0.39236, sta_sta_loss   : 0.57483, 
epoch  97 summary: dyn_dyn_loss   : 0.17788, dyn_sta_loss   : 2.34271, tot_dyn_loss   : 0.39436, sta_sta_loss   : 0.57483, 
epoch  98 summary: dyn_dyn_loss   : 0.17466, dyn_sta_loss   : 2.33652, tot_dyn_loss   : 0.39085, sta_sta_loss   : 0.57483, 
epoch  99 summary: dyn_dyn_loss   : 0.17641, dyn_sta_loss   : 2.35421, tot_dyn_loss   : 0.39419, sta_sta_loss   : 0.57483, 
epoch 100 summary: dyn_dyn_loss   : 0.17366, dyn_sta_loss   : 2.36017, tot_dyn_loss   : 0.39231, sta_sta_loss   : 0.57483, 
train loss: 0.1463, train acc: 0.9797
epoch 101 summary: dyn_dyn_loss   : 0.17566, dyn_sta_loss   : 2.36024, tot_dyn_loss   : 0.39412, sta_sta_loss   : 0.57483, 
epoch 102 summary: dyn_dyn_loss   : 0.17327, dyn_sta_loss   : 2.35567, tot_dyn_loss   : 0.39151, sta_sta_loss   : 0.57483, 
epoch 103 summary: dyn_dyn_loss   : 0.17683, dyn_sta_loss   : 2.35032, tot_dyn_loss   : 0.39418, sta_sta_loss   : 0.57483, 
epoch 104 summary: dyn_dyn_loss   : 0.17402, dyn_sta_loss   : 2.35617, tot_dyn_loss   : 0.39223, sta_sta_loss   : 0.57483, 
epoch 105 summary: dyn_dyn_loss   : 0.17531, dyn_sta_loss   : 2.35726, tot_dyn_loss   : 0.39351, sta_sta_loss   : 0.57483, 
epoch 106 summary: dyn_dyn_loss   : 0.17383, dyn_sta_loss   : 2.35864, tot_dyn_loss   : 0.39231, sta_sta_loss   : 0.57483, 
epoch 107 summary: dyn_dyn_loss   : 0.17479, dyn_sta_loss   : 2.36530, tot_dyn_loss   : 0.39384, sta_sta_loss   : 0.57483, 
epoch 108 summary: dyn_dyn_loss   : 0.17340, dyn_sta_loss   : 2.35985, tot_dyn_loss   : 0.39205, sta_sta_loss   : 0.57483, 
epoch 109 summary: dyn_dyn_loss   : 0.17651, dyn_sta_loss   : 2.35302, tot_dyn_loss   : 0.39416, sta_sta_loss   : 0.57483, 
epoch 110 summary: dyn_dyn_loss   : 0.17385, dyn_sta_loss   : 2.35961, tot_dyn_loss   : 0.39243, sta_sta_loss   : 0.57483, 
train loss: 0.1400, train acc: 0.9790
epoch 111 summary: dyn_dyn_loss   : 0.17502, dyn_sta_loss   : 2.36052, tot_dyn_loss   : 0.39357, sta_sta_loss   : 0.57483, 
epoch 112 summary: dyn_dyn_loss   : 0.17400, dyn_sta_loss   : 2.35727, tot_dyn_loss   : 0.39232, sta_sta_loss   : 0.57483, 
epoch 113 summary: dyn_dyn_loss   : 0.17539, dyn_sta_loss   : 2.35788, tot_dyn_loss   : 0.39364, sta_sta_loss   : 0.57483, 
epoch 114 summary: dyn_dyn_loss   : 0.17388, dyn_sta_loss   : 2.35505, tot_dyn_loss   : 0.39200, sta_sta_loss   : 0.57483, 
epoch 115 summary: dyn_dyn_loss   : 0.17576, dyn_sta_loss   : 2.35904, tot_dyn_loss   : 0.39409, sta_sta_loss   : 0.57483, 
epoch 116 summary: dyn_dyn_loss   : 0.17392, dyn_sta_loss   : 2.36002, tot_dyn_loss   : 0.39253, sta_sta_loss   : 0.57483, 
epoch 117 summary: dyn_dyn_loss   : 0.17591, dyn_sta_loss   : 2.35394, tot_dyn_loss   : 0.39372, sta_sta_loss   : 0.57483, 
epoch 118 summary: dyn_dyn_loss   : 0.17432, dyn_sta_loss   : 2.35456, tot_dyn_loss   : 0.39234, sta_sta_loss   : 0.57483, 
epoch 119 summary: dyn_dyn_loss   : 0.17564, dyn_sta_loss   : 2.35642, tot_dyn_loss   : 0.39372, sta_sta_loss   : 0.57483, 
epoch 120 summary: dyn_dyn_loss   : 0.17420, dyn_sta_loss   : 2.35870, tot_dyn_loss   : 0.39265, sta_sta_loss   : 0.57483, 
train loss: 0.1415, train acc: 0.9797
epoch 121 summary: dyn_dyn_loss   : 0.17537, dyn_sta_loss   : 2.35817, tot_dyn_loss   : 0.39365, sta_sta_loss   : 0.57483, 
epoch 122 summary: dyn_dyn_loss   : 0.17404, dyn_sta_loss   : 2.35706, tot_dyn_loss   : 0.39234, sta_sta_loss   : 0.57483, 
epoch 123 summary: dyn_dyn_loss   : 0.17506, dyn_sta_loss   : 2.36245, tot_dyn_loss   : 0.39380, sta_sta_loss   : 0.57483, 
epoch 124 summary: dyn_dyn_loss   : 0.17372, dyn_sta_loss   : 2.35751, tot_dyn_loss   : 0.39210, sta_sta_loss   : 0.57483, 
epoch 125 summary: dyn_dyn_loss   : 0.17659, dyn_sta_loss   : 2.35143, tot_dyn_loss   : 0.39407, sta_sta_loss   : 0.57483, 
epoch 126 summary: dyn_dyn_loss   : 0.17451, dyn_sta_loss   : 2.35088, tot_dyn_loss   : 0.39215, sta_sta_loss   : 0.57483, 
epoch 127 summary: dyn_dyn_loss   : 0.17580, dyn_sta_loss   : 2.35745, tot_dyn_loss   : 0.39397, sta_sta_loss   : 0.57483, 
epoch 128 summary: dyn_dyn_loss   : 0.17368, dyn_sta_loss   : 2.36089, tot_dyn_loss   : 0.39240, sta_sta_loss   : 0.57483, 
epoch 129 summary: dyn_dyn_loss   : 0.17605, dyn_sta_loss   : 2.35245, tot_dyn_loss   : 0.39369, sta_sta_loss   : 0.57483, 
epoch 130 summary: dyn_dyn_loss   : 0.17449, dyn_sta_loss   : 2.35631, tot_dyn_loss   : 0.39267, sta_sta_loss   : 0.57483, 
train loss: 0.1437, train acc: 0.9810
epoch 131 summary: dyn_dyn_loss   : 0.17548, dyn_sta_loss   : 2.35375, tot_dyn_loss   : 0.39331, sta_sta_loss   : 0.57483, 
epoch 132 summary: dyn_dyn_loss   : 0.17492, dyn_sta_loss   : 2.35364, tot_dyn_loss   : 0.39279, sta_sta_loss   : 0.57483, 
epoch 133 summary: dyn_dyn_loss   : 0.17555, dyn_sta_loss   : 2.35157, tot_dyn_loss   : 0.39315, sta_sta_loss   : 0.57483, 
epoch 134 summary: dyn_dyn_loss   : 0.17525, dyn_sta_loss   : 2.35008, tot_dyn_loss   : 0.39273, sta_sta_loss   : 0.57483, 
epoch 135 summary: dyn_dyn_loss   : 0.17505, dyn_sta_loss   : 2.35453, tot_dyn_loss   : 0.39300, sta_sta_loss   : 0.57483, 
epoch 136 summary: dyn_dyn_loss   : 0.17489, dyn_sta_loss   : 2.35545, tot_dyn_loss   : 0.39295, sta_sta_loss   : 0.57483, 
epoch 137 summary: dyn_dyn_loss   : 0.17540, dyn_sta_loss   : 2.35458, tot_dyn_loss   : 0.39332, sta_sta_loss   : 0.57483, 
epoch 138 summary: dyn_dyn_loss   : 0.17479, dyn_sta_loss   : 2.35248, tot_dyn_loss   : 0.39256, sta_sta_loss   : 0.57483, 
epoch 139 summary: dyn_dyn_loss   : 0.17558, dyn_sta_loss   : 2.35300, tot_dyn_loss   : 0.39332, sta_sta_loss   : 0.57483, 
epoch 140 summary: dyn_dyn_loss   : 0.17531, dyn_sta_loss   : 2.34920, tot_dyn_loss   : 0.39270, sta_sta_loss   : 0.57483, 
train loss: 0.1446, train acc: 0.9797
epoch 141 summary: dyn_dyn_loss   : 0.17567, dyn_sta_loss   : 2.35198, tot_dyn_loss   : 0.39330, sta_sta_loss   : 0.57483, 
epoch 142 summary: dyn_dyn_loss   : 0.17482, dyn_sta_loss   : 2.35322, tot_dyn_loss   : 0.39266, sta_sta_loss   : 0.57483, 
epoch 143 summary: dyn_dyn_loss   : 0.17559, dyn_sta_loss   : 2.35274, tot_dyn_loss   : 0.39330, sta_sta_loss   : 0.57483, 
epoch 144 summary: dyn_dyn_loss   : 0.17480, dyn_sta_loss   : 2.35400, tot_dyn_loss   : 0.39272, sta_sta_loss   : 0.57483, 
epoch 145 summary: dyn_dyn_loss   : 0.17557, dyn_sta_loss   : 2.35319, tot_dyn_loss   : 0.39333, sta_sta_loss   : 0.57483, 
epoch 146 summary: dyn_dyn_loss   : 0.17503, dyn_sta_loss   : 2.35110, tot_dyn_loss   : 0.39264, sta_sta_loss   : 0.57483, 
epoch 147 summary: dyn_dyn_loss   : 0.17546, dyn_sta_loss   : 2.35352, tot_dyn_loss   : 0.39327, sta_sta_loss   : 0.57483, 
epoch 148 summary: dyn_dyn_loss   : 0.17481, dyn_sta_loss   : 2.35471, tot_dyn_loss   : 0.39280, sta_sta_loss   : 0.57483, 
epoch 149 summary: dyn_dyn_loss   : 0.17552, dyn_sta_loss   : 2.35341, tot_dyn_loss   : 0.39331, sta_sta_loss   : 0.57483, 
train loss: 0.2356, train acc: 0.9629
all                        1150270.835ms
all_epoch                  1149882.377ms
all_preparation                388.429ms
all_preparation_2              387.321ms
all_preparation_3                1.087ms
epoch                         7529.410ms
epoch_pos_train                  0.876ms
epoch_preparation                2.627ms
epoch_train                   7517.867ms
epoch_valid                      7.477ms
----------------------------------------
all                        1150270.835ms
  all_epoch             99.97%
  all_preparation        0.03%
all_preparation                388.429ms
  all_preparation_2     99.71%
  all_preparation_3      0.28%
epoch                      1129411.564ms
  epoch_train           99.85%
  epoch_valid            0.10%
  epoch_preparation      0.03%
  epoch_pos_train        0.01%
epoch   0 summary: dyn_dyn_cos_loss: 0.00000, dyn_sta_cos_loss: 0.00000, total_cos_loss : 0.18783, 
valid loss: 3.7175, valid acc: 0.2930
epoch   1 summary: dyn_dyn_cos_loss: 0.00000, dyn_sta_cos_loss: 0.00000, total_cos_loss : 0.11995, 
epoch   2 summary: dyn_dyn_cos_loss: 0.00000, dyn_sta_cos_loss: 0.00000, total_cos_loss : 0.10727, 
epoch   3 summary: dyn_dyn_cos_loss: 0.00000, dyn_sta_cos_loss: 0.00000, total_cos_loss : 0.10441, 
epoch   4 summary: dyn_dyn_cos_loss: 0.00000, dyn_sta_cos_loss: 0.00000, total_cos_loss : 0.10365, 
epoch   5 summary: dyn_dyn_cos_loss: 0.00000, dyn_sta_cos_loss: 0.00000, total_cos_loss : 0.10344, 
epoch   6 summary: dyn_dyn_cos_loss: 0.00000, dyn_sta_cos_loss: 0.00000, total_cos_loss : 0.10332, 
epoch   7 summary: dyn_dyn_cos_loss: 0.00000, dyn_sta_cos_loss: 0.00000, total_cos_loss : 0.10330, 
epoch   8 summary: dyn_dyn_cos_loss: 0.00000, dyn_sta_cos_loss: 0.00000, total_cos_loss : 0.10322, 
epoch   9 summary: dyn_dyn_cos_loss: 0.00000, dyn_sta_cos_loss: 0.00000, total_cos_loss : 0.10319, 
epoch  10 summary: dyn_dyn_cos_loss: 0.00000, dyn_sta_cos_loss: 0.00000, total_cos_loss : 0.10320, 
valid loss: 3.4341, valid acc: 0.3281
epoch  11 summary: dyn_dyn_cos_loss: 0.00000, dyn_sta_cos_loss: 0.00000, total_cos_loss : 0.10315, 
epoch  12 summary: dyn_dyn_cos_loss: 0.00000, dyn_sta_cos_loss: 0.00000, total_cos_loss : 0.10314, 
epoch  13 summary: dyn_dyn_cos_loss: 0.00000, dyn_sta_cos_loss: 0.00000, total_cos_loss : 0.10303, 
epoch  14 summary: dyn_dyn_cos_loss: 0.00000, dyn_sta_cos_loss: 0.00000, total_cos_loss : 0.10303, 
epoch  15 summary: dyn_dyn_cos_loss: 0.00000, dyn_sta_cos_loss: 0.00000, total_cos_loss : 0.10305, 
epoch  16 summary: dyn_dyn_cos_loss: 0.00000, dyn_sta_cos_loss: 0.00000, total_cos_loss : 0.10307, 
epoch  17 summary: dyn_dyn_cos_loss: 0.00000, dyn_sta_cos_loss: 0.00000, total_cos_loss : 0.10306, 
epoch  18 summary: dyn_dyn_cos_loss: 0.00000, dyn_sta_cos_loss: 0.00000, total_cos_loss : 0.10301, 
epoch  19 summary: dyn_dyn_cos_loss: 0.00000, dyn_sta_cos_loss: 0.00000, total_cos_loss : 0.10299, 
epoch  20 summary: dyn_dyn_cos_loss: 0.00000, dyn_sta_cos_loss: 0.00000, total_cos_loss : 0.10300, 
valid loss: 3.4508, valid acc: 0.3242
epoch  21 summary: dyn_dyn_cos_loss: 0.00000, dyn_sta_cos_loss: 0.00000, total_cos_loss : 0.10299, 
epoch  22 summary: dyn_dyn_cos_loss: 0.00000, dyn_sta_cos_loss: 0.00000, total_cos_loss : 0.10298, 
epoch  23 summary: dyn_dyn_cos_loss: 0.00000, dyn_sta_cos_loss: 0.00000, total_cos_loss : 0.10299, 
epoch  24 summary: dyn_dyn_cos_loss: 0.00000, dyn_sta_cos_loss: 0.00000, total_cos_loss : 0.10300, 
epoch  25 summary: dyn_dyn_cos_loss: 0.00000, dyn_sta_cos_loss: 0.00000, total_cos_loss : 0.10297, 
epoch  26 summary: dyn_dyn_cos_loss: 0.00000, dyn_sta_cos_loss: 0.00000, total_cos_loss : 0.10296, 
epoch  27 summary: dyn_dyn_cos_loss: 0.00000, dyn_sta_cos_loss: 0.00000, total_cos_loss : 0.10295, 
epoch  28 summary: dyn_dyn_cos_loss: 0.00000, dyn_sta_cos_loss: 0.00000, total_cos_loss : 0.10295, 
epoch  29 summary: dyn_dyn_cos_loss: 0.00000, dyn_sta_cos_loss: 0.00000, total_cos_loss : 0.10295, 
epoch  30 summary: dyn_dyn_cos_loss: 0.00000, dyn_sta_cos_loss: 0.00000, total_cos_loss : 0.10295, 
valid loss: 3.4560, valid acc: 0.3242
epoch  31 summary: dyn_dyn_cos_loss: 0.00000, dyn_sta_cos_loss: 0.00000, total_cos_loss : 0.10294, 
epoch  32 summary: dyn_dyn_cos_loss: 0.00000, dyn_sta_cos_loss: 0.00000, total_cos_loss : 0.10296, 
epoch  33 summary: dyn_dyn_cos_loss: 0.00000, dyn_sta_cos_loss: 0.00000, total_cos_loss : 0.10296, 
epoch  34 summary: dyn_dyn_cos_loss: 0.00000, dyn_sta_cos_loss: 0.00000, total_cos_loss : 0.10295, 
epoch  35 summary: dyn_dyn_cos_loss: 0.00000, dyn_sta_cos_loss: 0.00000, total_cos_loss : 0.10295, 
epoch  36 summary: dyn_dyn_cos_loss: 0.00000, dyn_sta_cos_loss: 0.00000, total_cos_loss : 0.10298, 
epoch  37 summary: dyn_dyn_cos_loss: 0.00000, dyn_sta_cos_loss: 0.00000, total_cos_loss : 0.10295, 
epoch  38 summary: dyn_dyn_cos_loss: 0.00000, dyn_sta_cos_loss: 0.00000, total_cos_loss : 0.10293, 
epoch  39 summary: dyn_dyn_cos_loss: 0.00000, dyn_sta_cos_loss: 0.00000, total_cos_loss : 0.10291, 
epoch  40 summary: dyn_dyn_cos_loss: 0.00000, dyn_sta_cos_loss: 0.00000, total_cos_loss : 0.10291, 
valid loss: 3.4570, valid acc: 0.3223
epoch  41 summary: dyn_dyn_cos_loss: 0.00000, dyn_sta_cos_loss: 0.00000, total_cos_loss : 0.10292, 
epoch  42 summary: dyn_dyn_cos_loss: 0.00000, dyn_sta_cos_loss: 0.00000, total_cos_loss : 0.10289, 
epoch  43 summary: dyn_dyn_cos_loss: 0.00000, dyn_sta_cos_loss: 0.00000, total_cos_loss : 0.10289, 
epoch  44 summary: dyn_dyn_cos_loss: 0.00000, dyn_sta_cos_loss: 0.00000, total_cos_loss : 0.10289, 
epoch  45 summary: dyn_dyn_cos_loss: 0.00000, dyn_sta_cos_loss: 0.00000, total_cos_loss : 0.10288, 
epoch  46 summary: dyn_dyn_cos_loss: 0.00000, dyn_sta_cos_loss: 0.00000, total_cos_loss : 0.10288, 
epoch  47 summary: dyn_dyn_cos_loss: 0.00000, dyn_sta_cos_loss: 0.00000, total_cos_loss : 0.10287, 
epoch  48 summary: dyn_dyn_cos_loss: 0.00000, dyn_sta_cos_loss: 0.00000, total_cos_loss : 0.10289, 
epoch  49 summary: dyn_dyn_cos_loss: 0.00000, dyn_sta_cos_loss: 0.00000, total_cos_loss : 0.10288, 
epoch  50 summary: dyn_dyn_cos_loss: 0.00000, dyn_sta_cos_loss: 0.00000, total_cos_loss : 0.10284, 
valid loss: 3.4407, valid acc: 0.3184
epoch  51 summary: dyn_dyn_cos_loss: 0.00000, dyn_sta_cos_loss: 0.00000, total_cos_loss : 0.10284, 
epoch  52 summary: dyn_dyn_cos_loss: 0.00000, dyn_sta_cos_loss: 0.00000, total_cos_loss : 0.10285, 
epoch  53 summary: dyn_dyn_cos_loss: 0.00000, dyn_sta_cos_loss: 0.00000, total_cos_loss : 0.10284, 
epoch  54 summary: dyn_dyn_cos_loss: 0.00000, dyn_sta_cos_loss: 0.00000, total_cos_loss : 0.10283, 
epoch  55 summary: dyn_dyn_cos_loss: 0.00000, dyn_sta_cos_loss: 0.00000, total_cos_loss : 0.10283, 
epoch  56 summary: dyn_dyn_cos_loss: 0.00000, dyn_sta_cos_loss: 0.00000, total_cos_loss : 0.10283, 
epoch  57 summary: dyn_dyn_cos_loss: 0.00000, dyn_sta_cos_loss: 0.00000, total_cos_loss : 0.10285, 
epoch  58 summary: dyn_dyn_cos_loss: 0.00000, dyn_sta_cos_loss: 0.00000, total_cos_loss : 0.10285, 
epoch  59 summary: dyn_dyn_cos_loss: 0.00000, dyn_sta_cos_loss: 0.00000, total_cos_loss : 0.10285, 
epoch  60 summary: dyn_dyn_cos_loss: 0.00000, dyn_sta_cos_loss: 0.00000, total_cos_loss : 0.10289, 
valid loss: 3.4438, valid acc: 0.3184
epoch  61 summary: dyn_dyn_cos_loss: 0.00000, dyn_sta_cos_loss: 0.00000, total_cos_loss : 0.10287, 
epoch  62 summary: dyn_dyn_cos_loss: 0.00000, dyn_sta_cos_loss: 0.00000, total_cos_loss : 0.10283, 
epoch  63 summary: dyn_dyn_cos_loss: 0.00000, dyn_sta_cos_loss: 0.00000, total_cos_loss : 0.10283, 
epoch  64 summary: dyn_dyn_cos_loss: 0.00000, dyn_sta_cos_loss: 0.00000, total_cos_loss : 0.10285, 
epoch  65 summary: dyn_dyn_cos_loss: 0.00000, dyn_sta_cos_loss: 0.00000, total_cos_loss : 0.10285, 
epoch  66 summary: dyn_dyn_cos_loss: 0.00000, dyn_sta_cos_loss: 0.00000, total_cos_loss : 0.10284, 
epoch  67 summary: dyn_dyn_cos_loss: 0.00000, dyn_sta_cos_loss: 0.00000, total_cos_loss : 0.10283, 
epoch  68 summary: dyn_dyn_cos_loss: 0.00000, dyn_sta_cos_loss: 0.00000, total_cos_loss : 0.10284, 
epoch  69 summary: dyn_dyn_cos_loss: 0.00000, dyn_sta_cos_loss: 0.00000, total_cos_loss : 0.10284, 
epoch  70 summary: dyn_dyn_cos_loss: 0.00000, dyn_sta_cos_loss: 0.00000, total_cos_loss : 0.10285, 
valid loss: 3.4513, valid acc: 0.3203
epoch  71 summary: dyn_dyn_cos_loss: 0.00000, dyn_sta_cos_loss: 0.00000, total_cos_loss : 0.10287, 
epoch  72 summary: dyn_dyn_cos_loss: 0.00000, dyn_sta_cos_loss: 0.00000, total_cos_loss : 0.10284, 
epoch  73 summary: dyn_dyn_cos_loss: 0.00000, dyn_sta_cos_loss: 0.00000, total_cos_loss : 0.10281, 
epoch  74 summary: dyn_dyn_cos_loss: 0.00000, dyn_sta_cos_loss: 0.00000, total_cos_loss : 0.10285, 
epoch  75 summary: dyn_dyn_cos_loss: 0.00000, dyn_sta_cos_loss: 0.00000, total_cos_loss : 0.10286, 
epoch  76 summary: dyn_dyn_cos_loss: 0.00000, dyn_sta_cos_loss: 0.00000, total_cos_loss : 0.10287, 
epoch  77 summary: dyn_dyn_cos_loss: 0.00000, dyn_sta_cos_loss: 0.00000, total_cos_loss : 0.10286, 
epoch  78 summary: dyn_dyn_cos_loss: 0.00000, dyn_sta_cos_loss: 0.00000, total_cos_loss : 0.10286, 
epoch  79 summary: dyn_dyn_cos_loss: 0.00000, dyn_sta_cos_loss: 0.00000, total_cos_loss : 0.10287, 
epoch  80 summary: dyn_dyn_cos_loss: 0.00000, dyn_sta_cos_loss: 0.00000, total_cos_loss : 0.10285, 
valid loss: 3.4459, valid acc: 0.3223
epoch  81 summary: dyn_dyn_cos_loss: 0.00000, dyn_sta_cos_loss: 0.00000, total_cos_loss : 0.10283, 
epoch  82 summary: dyn_dyn_cos_loss: 0.00000, dyn_sta_cos_loss: 0.00000, total_cos_loss : 0.10284, 
epoch  83 summary: dyn_dyn_cos_loss: 0.00000, dyn_sta_cos_loss: 0.00000, total_cos_loss : 0.10286, 
epoch  84 summary: dyn_dyn_cos_loss: 0.00000, dyn_sta_cos_loss: 0.00000, total_cos_loss : 0.10285, 
epoch  85 summary: dyn_dyn_cos_loss: 0.00000, dyn_sta_cos_loss: 0.00000, total_cos_loss : 0.10281, 
epoch  86 summary: dyn_dyn_cos_loss: 0.00000, dyn_sta_cos_loss: 0.00000, total_cos_loss : 0.10281, 
epoch  87 summary: dyn_dyn_cos_loss: 0.00000, dyn_sta_cos_loss: 0.00000, total_cos_loss : 0.10280, 
epoch  88 summary: dyn_dyn_cos_loss: 0.00000, dyn_sta_cos_loss: 0.00000, total_cos_loss : 0.10280, 
epoch  89 summary: dyn_dyn_cos_loss: 0.00000, dyn_sta_cos_loss: 0.00000, total_cos_loss : 0.10280, 
epoch  90 summary: dyn_dyn_cos_loss: 0.00000, dyn_sta_cos_loss: 0.00000, total_cos_loss : 0.10279, 
valid loss: 3.4693, valid acc: 0.3203
epoch  91 summary: dyn_dyn_cos_loss: 0.00000, dyn_sta_cos_loss: 0.00000, total_cos_loss : 0.10278, 
epoch  92 summary: dyn_dyn_cos_loss: 0.00000, dyn_sta_cos_loss: 0.00000, total_cos_loss : 0.10280, 
epoch  93 summary: dyn_dyn_cos_loss: 0.00000, dyn_sta_cos_loss: 0.00000, total_cos_loss : 0.10281, 
epoch  94 summary: dyn_dyn_cos_loss: 0.00000, dyn_sta_cos_loss: 0.00000, total_cos_loss : 0.10279, 
epoch  95 summary: dyn_dyn_cos_loss: 0.00000, dyn_sta_cos_loss: 0.00000, total_cos_loss : 0.10277, 
epoch  96 summary: dyn_dyn_cos_loss: 0.00000, dyn_sta_cos_loss: 0.00000, total_cos_loss : 0.10277, 
epoch  97 summary: dyn_dyn_cos_loss: 0.00000, dyn_sta_cos_loss: 0.00000, total_cos_loss : 0.10278, 
epoch  98 summary: dyn_dyn_cos_loss: 0.00000, dyn_sta_cos_loss: 0.00000, total_cos_loss : 0.10279, 
epoch  99 summary: dyn_dyn_cos_loss: 0.00000, dyn_sta_cos_loss: 0.00000, total_cos_loss : 0.10280, 
epoch 100 summary: dyn_dyn_cos_loss: 0.00000, dyn_sta_cos_loss: 0.00000, total_cos_loss : 0.10281, 
valid loss: 3.4783, valid acc: 0.3145
epoch 101 summary: dyn_dyn_cos_loss: 0.00000, dyn_sta_cos_loss: 0.00000, total_cos_loss : 0.10282, 
epoch 102 summary: dyn_dyn_cos_loss: 0.00000, dyn_sta_cos_loss: 0.00000, total_cos_loss : 0.10280, 
epoch 103 summary: dyn_dyn_cos_loss: 0.00000, dyn_sta_cos_loss: 0.00000, total_cos_loss : 0.10279, 
epoch 104 summary: dyn_dyn_cos_loss: 0.00000, dyn_sta_cos_loss: 0.00000, total_cos_loss : 0.10281, 
epoch 105 summary: dyn_dyn_cos_loss: 0.00000, dyn_sta_cos_loss: 0.00000, total_cos_loss : 0.10280, 
epoch 106 summary: dyn_dyn_cos_loss: 0.00000, dyn_sta_cos_loss: 0.00000, total_cos_loss : 0.10279, 
epoch 107 summary: dyn_dyn_cos_loss: 0.00000, dyn_sta_cos_loss: 0.00000, total_cos_loss : 0.10278, 
epoch 108 summary: dyn_dyn_cos_loss: 0.00000, dyn_sta_cos_loss: 0.00000, total_cos_loss : 0.10279, 
epoch 109 summary: dyn_dyn_cos_loss: 0.00000, dyn_sta_cos_loss: 0.00000, total_cos_loss : 0.10279, 
epoch 110 summary: dyn_dyn_cos_loss: 0.00000, dyn_sta_cos_loss: 0.00000, total_cos_loss : 0.10279, 
valid loss: 3.4628, valid acc: 0.3184
epoch 111 summary: dyn_dyn_cos_loss: 0.00000, dyn_sta_cos_loss: 0.00000, total_cos_loss : 0.10279, 
epoch 112 summary: dyn_dyn_cos_loss: 0.00000, dyn_sta_cos_loss: 0.00000, total_cos_loss : 0.10279, 
epoch 113 summary: dyn_dyn_cos_loss: 0.00000, dyn_sta_cos_loss: 0.00000, total_cos_loss : 0.10277, 
epoch 114 summary: dyn_dyn_cos_loss: 0.00000, dyn_sta_cos_loss: 0.00000, total_cos_loss : 0.10280, 
epoch 115 summary: dyn_dyn_cos_loss: 0.00000, dyn_sta_cos_loss: 0.00000, total_cos_loss : 0.10279, 
epoch 116 summary: dyn_dyn_cos_loss: 0.00000, dyn_sta_cos_loss: 0.00000, total_cos_loss : 0.10277, 
epoch 117 summary: dyn_dyn_cos_loss: 0.00000, dyn_sta_cos_loss: 0.00000, total_cos_loss : 0.10281, 
epoch 118 summary: dyn_dyn_cos_loss: 0.00000, dyn_sta_cos_loss: 0.00000, total_cos_loss : 0.10281, 
epoch 119 summary: dyn_dyn_cos_loss: 0.00000, dyn_sta_cos_loss: 0.00000, total_cos_loss : 0.10277, 
epoch 120 summary: dyn_dyn_cos_loss: 0.00000, dyn_sta_cos_loss: 0.00000, total_cos_loss : 0.10278, 
valid loss: 3.4582, valid acc: 0.3203
epoch 121 summary: dyn_dyn_cos_loss: 0.00000, dyn_sta_cos_loss: 0.00000, total_cos_loss : 0.10278, 
epoch 122 summary: dyn_dyn_cos_loss: 0.00000, dyn_sta_cos_loss: 0.00000, total_cos_loss : 0.10279, 
epoch 123 summary: dyn_dyn_cos_loss: 0.00000, dyn_sta_cos_loss: 0.00000, total_cos_loss : 0.10278, 
epoch 124 summary: dyn_dyn_cos_loss: 0.00000, dyn_sta_cos_loss: 0.00000, total_cos_loss : 0.10278, 
epoch 125 summary: dyn_dyn_cos_loss: 0.00000, dyn_sta_cos_loss: 0.00000, total_cos_loss : 0.10278, 
epoch 126 summary: dyn_dyn_cos_loss: 0.00000, dyn_sta_cos_loss: 0.00000, total_cos_loss : 0.10277, 
epoch 127 summary: dyn_dyn_cos_loss: 0.00000, dyn_sta_cos_loss: 0.00000, total_cos_loss : 0.10276, 
epoch 128 summary: dyn_dyn_cos_loss: 0.00000, dyn_sta_cos_loss: 0.00000, total_cos_loss : 0.10275, 
epoch 129 summary: dyn_dyn_cos_loss: 0.00000, dyn_sta_cos_loss: 0.00000, total_cos_loss : 0.10279, 
epoch 130 summary: dyn_dyn_cos_loss: 0.00000, dyn_sta_cos_loss: 0.00000, total_cos_loss : 0.10278, 
valid loss: 3.4706, valid acc: 0.3184
epoch 131 summary: dyn_dyn_cos_loss: 0.00000, dyn_sta_cos_loss: 0.00000, total_cos_loss : 0.10277, 
epoch 132 summary: dyn_dyn_cos_loss: 0.00000, dyn_sta_cos_loss: 0.00000, total_cos_loss : 0.10278, 
epoch 133 summary: dyn_dyn_cos_loss: 0.00000, dyn_sta_cos_loss: 0.00000, total_cos_loss : 0.10277, 
epoch 134 summary: dyn_dyn_cos_loss: 0.00000, dyn_sta_cos_loss: 0.00000, total_cos_loss : 0.10275, 
epoch 135 summary: dyn_dyn_cos_loss: 0.00000, dyn_sta_cos_loss: 0.00000, total_cos_loss : 0.10275, 
epoch 136 summary: dyn_dyn_cos_loss: 0.00000, dyn_sta_cos_loss: 0.00000, total_cos_loss : 0.10277, 
epoch 137 summary: dyn_dyn_cos_loss: 0.00000, dyn_sta_cos_loss: 0.00000, total_cos_loss : 0.10278, 
epoch 138 summary: dyn_dyn_cos_loss: 0.00000, dyn_sta_cos_loss: 0.00000, total_cos_loss : 0.10276, 
epoch 139 summary: dyn_dyn_cos_loss: 0.00000, dyn_sta_cos_loss: 0.00000, total_cos_loss : 0.10274, 
epoch 140 summary: dyn_dyn_cos_loss: 0.00000, dyn_sta_cos_loss: 0.00000, total_cos_loss : 0.10276, 
valid loss: 3.4740, valid acc: 0.3184
epoch 141 summary: dyn_dyn_cos_loss: 0.00000, dyn_sta_cos_loss: 0.00000, total_cos_loss : 0.10277, 
epoch 142 summary: dyn_dyn_cos_loss: 0.00000, dyn_sta_cos_loss: 0.00000, total_cos_loss : 0.10279, 
epoch 143 summary: dyn_dyn_cos_loss: 0.00000, dyn_sta_cos_loss: 0.00000, total_cos_loss : 0.10278, 
epoch 144 summary: dyn_dyn_cos_loss: 0.00000, dyn_sta_cos_loss: 0.00000, total_cos_loss : 0.10275, 
epoch 145 summary: dyn_dyn_cos_loss: 0.00000, dyn_sta_cos_loss: 0.00000, total_cos_loss : 0.10275, 
epoch 146 summary: dyn_dyn_cos_loss: 0.00000, dyn_sta_cos_loss: 0.00000, total_cos_loss : 0.10275, 
epoch 147 summary: dyn_dyn_cos_loss: 0.00000, dyn_sta_cos_loss: 0.00000, total_cos_loss : 0.10275, 
epoch 148 summary: dyn_dyn_cos_loss: 0.00000, dyn_sta_cos_loss: 0.00000, total_cos_loss : 0.10279, 
epoch 149 summary: dyn_dyn_cos_loss: 0.00000, dyn_sta_cos_loss: 0.00000, total_cos_loss : 0.10278, 
valid loss: 3.5014, valid acc: 0.3125
all                         156046.796ms
all_epoch                   155932.448ms
all_preparation                114.329ms
all_preparation_2              113.301ms
all_preparation_3                1.010ms
epoch                          957.857ms
epoch_pos_train                  1.141ms
epoch_preparation                0.327ms
epoch_train                    954.896ms
epoch_valid                      1.048ms
----------------------------------------
all                         156046.796ms
  all_epoch             99.93%
  all_preparation        0.07%
all_preparation                114.329ms
  all_preparation_2     99.10%
  all_preparation_3      0.88%
epoch                       143678.495ms
  epoch_train           99.69%
  epoch_pos_train        0.12%
  epoch_valid            0.11%
  epoch_preparation      0.03%
