Before CTE Training: train eu loss: 1.057024359703064, eval eu loss: 1.492782711982727
Before CTE Training: train eu acc: 0.66552734375, eval eu acc: 0.560546875
epoch   0 summary: dyn_dyn_loss   : 2.52779, dyn_sta_loss   : 4.17619, tot_dyn_loss   : 3.18715, sta_sta_loss   : 4.06241, 
train loss: 3.1046, train acc: 0.3401
epoch   1 summary: dyn_dyn_loss   : 2.50499, dyn_sta_loss   : 3.48641, tot_dyn_loss   : 2.89756, sta_sta_loss   : 4.06241, 
epoch   2 summary: dyn_dyn_loss   : 2.45199, dyn_sta_loss   : 2.85785, tot_dyn_loss   : 2.61433, sta_sta_loss   : 4.06241, 
epoch   3 summary: dyn_dyn_loss   : 2.37935, dyn_sta_loss   : 2.28669, tot_dyn_loss   : 2.34229, sta_sta_loss   : 4.06241, 
epoch   4 summary: dyn_dyn_loss   : 2.29836, dyn_sta_loss   : 1.80198, tot_dyn_loss   : 2.09981, sta_sta_loss   : 4.06241, 
epoch   5 summary: dyn_dyn_loss   : 2.21839, dyn_sta_loss   : 1.42817, tot_dyn_loss   : 1.90230, sta_sta_loss   : 4.06241, 
epoch   6 summary: dyn_dyn_loss   : 2.14599, dyn_sta_loss   : 1.14843, tot_dyn_loss   : 1.74697, sta_sta_loss   : 4.06241, 
epoch   7 summary: dyn_dyn_loss   : 2.08251, dyn_sta_loss   : 0.97019, tot_dyn_loss   : 1.63758, sta_sta_loss   : 4.06241, 
epoch   8 summary: dyn_dyn_loss   : 2.02117, dyn_sta_loss   : 0.85587, tot_dyn_loss   : 1.55505, sta_sta_loss   : 4.06241, 
epoch   9 summary: dyn_dyn_loss   : 1.96259, dyn_sta_loss   : 0.79649, tot_dyn_loss   : 1.49615, sta_sta_loss   : 4.06241, 
epoch  10 summary: dyn_dyn_loss   : 1.91280, dyn_sta_loss   : 0.76055, tot_dyn_loss   : 1.45190, sta_sta_loss   : 4.06241, 
train loss: 0.1190, train acc: 0.9971
epoch  11 summary: dyn_dyn_loss   : 1.86792, dyn_sta_loss   : 0.73608, tot_dyn_loss   : 1.41518, sta_sta_loss   : 4.06241, 
epoch  12 summary: dyn_dyn_loss   : 1.82775, dyn_sta_loss   : 0.72802, tot_dyn_loss   : 1.38786, sta_sta_loss   : 4.06241, 
epoch  13 summary: dyn_dyn_loss   : 1.79204, dyn_sta_loss   : 0.71399, tot_dyn_loss   : 1.36082, sta_sta_loss   : 4.06241, 
epoch  14 summary: dyn_dyn_loss   : 1.75873, dyn_sta_loss   : 0.70285, tot_dyn_loss   : 1.33638, sta_sta_loss   : 4.06241, 
epoch  15 summary: dyn_dyn_loss   : 1.72891, dyn_sta_loss   : 0.69266, tot_dyn_loss   : 1.31441, sta_sta_loss   : 4.06241, 
epoch  16 summary: dyn_dyn_loss   : 1.70069, dyn_sta_loss   : 0.69273, tot_dyn_loss   : 1.29751, sta_sta_loss   : 4.06241, 
epoch  17 summary: dyn_dyn_loss   : 1.67776, dyn_sta_loss   : 0.69329, tot_dyn_loss   : 1.28397, sta_sta_loss   : 4.06241, 
epoch  18 summary: dyn_dyn_loss   : 1.65675, dyn_sta_loss   : 0.69371, tot_dyn_loss   : 1.27153, sta_sta_loss   : 4.06241, 
epoch  19 summary: dyn_dyn_loss   : 1.63578, dyn_sta_loss   : 0.68731, tot_dyn_loss   : 1.25639, sta_sta_loss   : 4.06241, 
epoch  20 summary: dyn_dyn_loss   : 1.61429, dyn_sta_loss   : 0.68574, tot_dyn_loss   : 1.24287, sta_sta_loss   : 4.06241, 
train loss: 0.1022, train acc: 0.9980
epoch  21 summary: dyn_dyn_loss   : 1.59752, dyn_sta_loss   : 0.68264, tot_dyn_loss   : 1.23157, sta_sta_loss   : 4.06241, 
epoch  22 summary: dyn_dyn_loss   : 1.57804, dyn_sta_loss   : 0.68198, tot_dyn_loss   : 1.21961, sta_sta_loss   : 4.06241, 
epoch  23 summary: dyn_dyn_loss   : 1.56022, dyn_sta_loss   : 0.68104, tot_dyn_loss   : 1.20855, sta_sta_loss   : 4.06241, 
epoch  24 summary: dyn_dyn_loss   : 1.54293, dyn_sta_loss   : 0.67934, tot_dyn_loss   : 1.19749, sta_sta_loss   : 4.06241, 
epoch  25 summary: dyn_dyn_loss   : 1.53482, dyn_sta_loss   : 0.67046, tot_dyn_loss   : 1.18908, sta_sta_loss   : 4.06241, 
epoch  26 summary: dyn_dyn_loss   : 1.51704, dyn_sta_loss   : 0.67624, tot_dyn_loss   : 1.18072, sta_sta_loss   : 4.06241, 
epoch  27 summary: dyn_dyn_loss   : 1.50524, dyn_sta_loss   : 0.67296, tot_dyn_loss   : 1.17233, sta_sta_loss   : 4.06241, 
epoch  28 summary: dyn_dyn_loss   : 1.49573, dyn_sta_loss   : 0.67539, tot_dyn_loss   : 1.16759, sta_sta_loss   : 4.06241, 
epoch  29 summary: dyn_dyn_loss   : 1.48742, dyn_sta_loss   : 0.66743, tot_dyn_loss   : 1.15943, sta_sta_loss   : 4.06241, 
epoch  30 summary: dyn_dyn_loss   : 1.48013, dyn_sta_loss   : 0.66833, tot_dyn_loss   : 1.15541, sta_sta_loss   : 4.06241, 
train loss: 0.0975, train acc: 0.9956
epoch  31 summary: dyn_dyn_loss   : 1.47154, dyn_sta_loss   : 0.66804, tot_dyn_loss   : 1.15014, sta_sta_loss   : 4.06241, 
epoch  32 summary: dyn_dyn_loss   : 1.46462, dyn_sta_loss   : 0.65848, tot_dyn_loss   : 1.14217, sta_sta_loss   : 4.06241, 
epoch  33 summary: dyn_dyn_loss   : 1.45616, dyn_sta_loss   : 0.65665, tot_dyn_loss   : 1.13636, sta_sta_loss   : 4.06241, 
epoch  34 summary: dyn_dyn_loss   : 1.44848, dyn_sta_loss   : 0.65873, tot_dyn_loss   : 1.13258, sta_sta_loss   : 4.06241, 
epoch  35 summary: dyn_dyn_loss   : 1.44157, dyn_sta_loss   : 0.65404, tot_dyn_loss   : 1.12656, sta_sta_loss   : 4.06241, 
epoch  36 summary: dyn_dyn_loss   : 1.43237, dyn_sta_loss   : 0.65626, tot_dyn_loss   : 1.12193, sta_sta_loss   : 4.06241, 
epoch  37 summary: dyn_dyn_loss   : 1.42488, dyn_sta_loss   : 0.64848, tot_dyn_loss   : 1.11432, sta_sta_loss   : 4.06241, 
epoch  38 summary: dyn_dyn_loss   : 1.41698, dyn_sta_loss   : 0.64651, tot_dyn_loss   : 1.10879, sta_sta_loss   : 4.06241, 
epoch  39 summary: dyn_dyn_loss   : 1.41290, dyn_sta_loss   : 0.64596, tot_dyn_loss   : 1.10612, sta_sta_loss   : 4.06241, 
epoch  40 summary: dyn_dyn_loss   : 1.41284, dyn_sta_loss   : 0.64062, tot_dyn_loss   : 1.10395, sta_sta_loss   : 4.06241, 
train loss: 0.0943, train acc: 0.9963
epoch  41 summary: dyn_dyn_loss   : 1.40651, dyn_sta_loss   : 0.64591, tot_dyn_loss   : 1.10227, sta_sta_loss   : 4.06241, 
epoch  42 summary: dyn_dyn_loss   : 1.40214, dyn_sta_loss   : 0.65038, tot_dyn_loss   : 1.10144, sta_sta_loss   : 4.06241, 
epoch  43 summary: dyn_dyn_loss   : 1.40135, dyn_sta_loss   : 0.65441, tot_dyn_loss   : 1.10257, sta_sta_loss   : 4.06241, 
epoch  44 summary: dyn_dyn_loss   : 1.39373, dyn_sta_loss   : 0.65801, tot_dyn_loss   : 1.09944, sta_sta_loss   : 4.06241, 
epoch  45 summary: dyn_dyn_loss   : 1.39146, dyn_sta_loss   : 0.65080, tot_dyn_loss   : 1.09520, sta_sta_loss   : 4.06241, 
epoch  46 summary: dyn_dyn_loss   : 1.38602, dyn_sta_loss   : 0.64924, tot_dyn_loss   : 1.09131, sta_sta_loss   : 4.06241, 
epoch  47 summary: dyn_dyn_loss   : 1.38035, dyn_sta_loss   : 0.64887, tot_dyn_loss   : 1.08775, sta_sta_loss   : 4.06241, 
epoch  48 summary: dyn_dyn_loss   : 1.37781, dyn_sta_loss   : 0.64498, tot_dyn_loss   : 1.08468, sta_sta_loss   : 4.06241, 
epoch  49 summary: dyn_dyn_loss   : 1.37696, dyn_sta_loss   : 0.64105, tot_dyn_loss   : 1.08260, sta_sta_loss   : 4.06241, 
epoch  50 summary: dyn_dyn_loss   : 1.37336, dyn_sta_loss   : 0.64361, tot_dyn_loss   : 1.08146, sta_sta_loss   : 4.06241, 
train loss: 0.0982, train acc: 0.9963
epoch  51 summary: dyn_dyn_loss   : 1.36768, dyn_sta_loss   : 0.64554, tot_dyn_loss   : 1.07883, sta_sta_loss   : 4.06241, 
epoch  52 summary: dyn_dyn_loss   : 1.36518, dyn_sta_loss   : 0.63860, tot_dyn_loss   : 1.07455, sta_sta_loss   : 4.06241, 
epoch  53 summary: dyn_dyn_loss   : 1.36545, dyn_sta_loss   : 0.63494, tot_dyn_loss   : 1.07324, sta_sta_loss   : 4.06241, 
epoch  54 summary: dyn_dyn_loss   : 1.36146, dyn_sta_loss   : 0.63251, tot_dyn_loss   : 1.06988, sta_sta_loss   : 4.06241, 
epoch  55 summary: dyn_dyn_loss   : 1.35871, dyn_sta_loss   : 0.63836, tot_dyn_loss   : 1.07057, sta_sta_loss   : 4.06241, 
epoch  56 summary: dyn_dyn_loss   : 1.35655, dyn_sta_loss   : 0.63403, tot_dyn_loss   : 1.06754, sta_sta_loss   : 4.06241, 
epoch  57 summary: dyn_dyn_loss   : 1.35294, dyn_sta_loss   : 0.63845, tot_dyn_loss   : 1.06714, sta_sta_loss   : 4.06241, 
epoch  58 summary: dyn_dyn_loss   : 1.35225, dyn_sta_loss   : 0.63343, tot_dyn_loss   : 1.06472, sta_sta_loss   : 4.06241, 
epoch  59 summary: dyn_dyn_loss   : 1.35130, dyn_sta_loss   : 0.62769, tot_dyn_loss   : 1.06185, sta_sta_loss   : 4.06241, 
epoch  60 summary: dyn_dyn_loss   : 1.35045, dyn_sta_loss   : 0.63612, tot_dyn_loss   : 1.06472, sta_sta_loss   : 4.06241, 
train loss: 0.0871, train acc: 0.9980
epoch  61 summary: dyn_dyn_loss   : 1.35155, dyn_sta_loss   : 0.62665, tot_dyn_loss   : 1.06159, sta_sta_loss   : 4.06241, 
epoch  62 summary: dyn_dyn_loss   : 1.34545, dyn_sta_loss   : 0.62815, tot_dyn_loss   : 1.05853, sta_sta_loss   : 4.06241, 
epoch  63 summary: dyn_dyn_loss   : 1.34281, dyn_sta_loss   : 0.62941, tot_dyn_loss   : 1.05745, sta_sta_loss   : 4.06241, 
epoch  64 summary: dyn_dyn_loss   : 1.34230, dyn_sta_loss   : 0.62743, tot_dyn_loss   : 1.05635, sta_sta_loss   : 4.06241, 
epoch  65 summary: dyn_dyn_loss   : 1.33992, dyn_sta_loss   : 0.63007, tot_dyn_loss   : 1.05598, sta_sta_loss   : 4.06241, 
epoch  66 summary: dyn_dyn_loss   : 1.33571, dyn_sta_loss   : 0.62595, tot_dyn_loss   : 1.05180, sta_sta_loss   : 4.06241, 
epoch  67 summary: dyn_dyn_loss   : 1.33384, dyn_sta_loss   : 0.62212, tot_dyn_loss   : 1.04915, sta_sta_loss   : 4.06241, 
epoch  68 summary: dyn_dyn_loss   : 1.32933, dyn_sta_loss   : 0.62424, tot_dyn_loss   : 1.04729, sta_sta_loss   : 4.06241, 
epoch  69 summary: dyn_dyn_loss   : 1.32686, dyn_sta_loss   : 0.63024, tot_dyn_loss   : 1.04821, sta_sta_loss   : 4.06241, 
epoch  70 summary: dyn_dyn_loss   : 1.32801, dyn_sta_loss   : 0.62444, tot_dyn_loss   : 1.04658, sta_sta_loss   : 4.06241, 
train loss: 0.0851, train acc: 0.9983
epoch  71 summary: dyn_dyn_loss   : 1.32777, dyn_sta_loss   : 0.62492, tot_dyn_loss   : 1.04663, sta_sta_loss   : 4.06241, 
epoch  72 summary: dyn_dyn_loss   : 1.32701, dyn_sta_loss   : 0.61683, tot_dyn_loss   : 1.04294, sta_sta_loss   : 4.06241, 
epoch  73 summary: dyn_dyn_loss   : 1.32638, dyn_sta_loss   : 0.61527, tot_dyn_loss   : 1.04194, sta_sta_loss   : 4.06241, 
epoch  74 summary: dyn_dyn_loss   : 1.31885, dyn_sta_loss   : 0.62718, tot_dyn_loss   : 1.04218, sta_sta_loss   : 4.06241, 
epoch  75 summary: dyn_dyn_loss   : 1.32167, dyn_sta_loss   : 0.62376, tot_dyn_loss   : 1.04251, sta_sta_loss   : 4.06241, 
epoch  76 summary: dyn_dyn_loss   : 1.32107, dyn_sta_loss   : 0.62570, tot_dyn_loss   : 1.04292, sta_sta_loss   : 4.06241, 
epoch  77 summary: dyn_dyn_loss   : 1.32270, dyn_sta_loss   : 0.62391, tot_dyn_loss   : 1.04319, sta_sta_loss   : 4.06241, 
epoch  78 summary: dyn_dyn_loss   : 1.32007, dyn_sta_loss   : 0.61874, tot_dyn_loss   : 1.03954, sta_sta_loss   : 4.06241, 
epoch  79 summary: dyn_dyn_loss   : 1.31917, dyn_sta_loss   : 0.61723, tot_dyn_loss   : 1.03839, sta_sta_loss   : 4.06241, 
epoch  80 summary: dyn_dyn_loss   : 1.31080, dyn_sta_loss   : 0.62249, tot_dyn_loss   : 1.03548, sta_sta_loss   : 4.06241, 
train loss: 0.0904, train acc: 0.9983
epoch  81 summary: dyn_dyn_loss   : 1.31228, dyn_sta_loss   : 0.61949, tot_dyn_loss   : 1.03516, sta_sta_loss   : 4.06241, 
epoch  82 summary: dyn_dyn_loss   : 1.31108, dyn_sta_loss   : 0.61772, tot_dyn_loss   : 1.03374, sta_sta_loss   : 4.06241, 
epoch  83 summary: dyn_dyn_loss   : 1.31204, dyn_sta_loss   : 0.61306, tot_dyn_loss   : 1.03245, sta_sta_loss   : 4.06241, 
epoch  84 summary: dyn_dyn_loss   : 1.30789, dyn_sta_loss   : 0.61063, tot_dyn_loss   : 1.02899, sta_sta_loss   : 4.06241, 
epoch  85 summary: dyn_dyn_loss   : 1.31009, dyn_sta_loss   : 0.61171, tot_dyn_loss   : 1.03074, sta_sta_loss   : 4.06241, 
epoch  86 summary: dyn_dyn_loss   : 1.30614, dyn_sta_loss   : 0.61428, tot_dyn_loss   : 1.02940, sta_sta_loss   : 4.06241, 
epoch  87 summary: dyn_dyn_loss   : 1.30819, dyn_sta_loss   : 0.61361, tot_dyn_loss   : 1.03036, sta_sta_loss   : 4.06241, 
epoch  88 summary: dyn_dyn_loss   : 1.30234, dyn_sta_loss   : 0.62061, tot_dyn_loss   : 1.02965, sta_sta_loss   : 4.06241, 
epoch  89 summary: dyn_dyn_loss   : 1.29877, dyn_sta_loss   : 0.62170, tot_dyn_loss   : 1.02794, sta_sta_loss   : 4.06241, 
epoch  90 summary: dyn_dyn_loss   : 1.29812, dyn_sta_loss   : 0.60677, tot_dyn_loss   : 1.02158, sta_sta_loss   : 4.06241, 
train loss: 0.0832, train acc: 0.9956
epoch  91 summary: dyn_dyn_loss   : 1.29957, dyn_sta_loss   : 0.60617, tot_dyn_loss   : 1.02221, sta_sta_loss   : 4.06241, 
epoch  92 summary: dyn_dyn_loss   : 1.29699, dyn_sta_loss   : 0.61005, tot_dyn_loss   : 1.02222, sta_sta_loss   : 4.06241, 
epoch  93 summary: dyn_dyn_loss   : 1.29541, dyn_sta_loss   : 0.60966, tot_dyn_loss   : 1.02111, sta_sta_loss   : 4.06241, 
epoch  94 summary: dyn_dyn_loss   : 1.29252, dyn_sta_loss   : 0.60532, tot_dyn_loss   : 1.01764, sta_sta_loss   : 4.06241, 
epoch  95 summary: dyn_dyn_loss   : 1.29066, dyn_sta_loss   : 0.61683, tot_dyn_loss   : 1.02113, sta_sta_loss   : 4.06241, 
epoch  96 summary: dyn_dyn_loss   : 1.29082, dyn_sta_loss   : 0.61155, tot_dyn_loss   : 1.01911, sta_sta_loss   : 4.06241, 
epoch  97 summary: dyn_dyn_loss   : 1.28807, dyn_sta_loss   : 0.61452, tot_dyn_loss   : 1.01865, sta_sta_loss   : 4.06241, 
epoch  98 summary: dyn_dyn_loss   : 1.28768, dyn_sta_loss   : 0.61023, tot_dyn_loss   : 1.01670, sta_sta_loss   : 4.06241, 
epoch  99 summary: dyn_dyn_loss   : 1.29463, dyn_sta_loss   : 0.59959, tot_dyn_loss   : 1.01661, sta_sta_loss   : 4.06241, 
epoch 100 summary: dyn_dyn_loss   : 1.29064, dyn_sta_loss   : 0.60147, tot_dyn_loss   : 1.01498, sta_sta_loss   : 4.06241, 
train loss: 0.0796, train acc: 0.9971
epoch 101 summary: dyn_dyn_loss   : 1.29064, dyn_sta_loss   : 0.60382, tot_dyn_loss   : 1.01591, sta_sta_loss   : 4.06241, 
epoch 102 summary: dyn_dyn_loss   : 1.29547, dyn_sta_loss   : 0.59618, tot_dyn_loss   : 1.01575, sta_sta_loss   : 4.06241, 
epoch 103 summary: dyn_dyn_loss   : 1.28936, dyn_sta_loss   : 0.59958, tot_dyn_loss   : 1.01345, sta_sta_loss   : 4.06241, 
epoch 104 summary: dyn_dyn_loss   : 1.28461, dyn_sta_loss   : 0.60527, tot_dyn_loss   : 1.01288, sta_sta_loss   : 4.06241, 
epoch 105 summary: dyn_dyn_loss   : 1.28605, dyn_sta_loss   : 0.61110, tot_dyn_loss   : 1.01607, sta_sta_loss   : 4.06241, 
epoch 106 summary: dyn_dyn_loss   : 1.28474, dyn_sta_loss   : 0.60341, tot_dyn_loss   : 1.01221, sta_sta_loss   : 4.06241, 
epoch 107 summary: dyn_dyn_loss   : 1.27843, dyn_sta_loss   : 0.60927, tot_dyn_loss   : 1.01077, sta_sta_loss   : 4.06241, 
epoch 108 summary: dyn_dyn_loss   : 1.28033, dyn_sta_loss   : 0.60534, tot_dyn_loss   : 1.01034, sta_sta_loss   : 4.06241, 
epoch 109 summary: dyn_dyn_loss   : 1.28081, dyn_sta_loss   : 0.60991, tot_dyn_loss   : 1.01245, sta_sta_loss   : 4.06241, 
epoch 110 summary: dyn_dyn_loss   : 1.27752, dyn_sta_loss   : 0.60634, tot_dyn_loss   : 1.00905, sta_sta_loss   : 4.06241, 
train loss: 0.0778, train acc: 0.9978
epoch 111 summary: dyn_dyn_loss   : 1.28255, dyn_sta_loss   : 0.59674, tot_dyn_loss   : 1.00823, sta_sta_loss   : 4.06241, 
epoch 112 summary: dyn_dyn_loss   : 1.28148, dyn_sta_loss   : 0.59847, tot_dyn_loss   : 1.00828, sta_sta_loss   : 4.06241, 
epoch 113 summary: dyn_dyn_loss   : 1.27734, dyn_sta_loss   : 0.60085, tot_dyn_loss   : 1.00675, sta_sta_loss   : 4.06241, 
epoch 114 summary: dyn_dyn_loss   : 1.27544, dyn_sta_loss   : 0.60386, tot_dyn_loss   : 1.00681, sta_sta_loss   : 4.06241, 
epoch 115 summary: dyn_dyn_loss   : 1.27356, dyn_sta_loss   : 0.60554, tot_dyn_loss   : 1.00635, sta_sta_loss   : 4.06241, 
epoch 116 summary: dyn_dyn_loss   : 1.27235, dyn_sta_loss   : 0.61349, tot_dyn_loss   : 1.00880, sta_sta_loss   : 4.06241, 
epoch 117 summary: dyn_dyn_loss   : 1.27663, dyn_sta_loss   : 0.60215, tot_dyn_loss   : 1.00684, sta_sta_loss   : 4.06241, 
epoch 118 summary: dyn_dyn_loss   : 1.27600, dyn_sta_loss   : 0.59951, tot_dyn_loss   : 1.00540, sta_sta_loss   : 4.06241, 
epoch 119 summary: dyn_dyn_loss   : 1.27175, dyn_sta_loss   : 0.60649, tot_dyn_loss   : 1.00565, sta_sta_loss   : 4.06241, 
epoch 120 summary: dyn_dyn_loss   : 1.27377, dyn_sta_loss   : 0.59857, tot_dyn_loss   : 1.00369, sta_sta_loss   : 4.06241, 
train loss: 0.0772, train acc: 0.9980
epoch 121 summary: dyn_dyn_loss   : 1.27463, dyn_sta_loss   : 0.59331, tot_dyn_loss   : 1.00210, sta_sta_loss   : 4.06241, 
epoch 122 summary: dyn_dyn_loss   : 1.27198, dyn_sta_loss   : 0.60219, tot_dyn_loss   : 1.00406, sta_sta_loss   : 4.06241, 
epoch 123 summary: dyn_dyn_loss   : 1.26877, dyn_sta_loss   : 0.59999, tot_dyn_loss   : 1.00126, sta_sta_loss   : 4.06241, 
epoch 124 summary: dyn_dyn_loss   : 1.26714, dyn_sta_loss   : 0.59985, tot_dyn_loss   : 1.00023, sta_sta_loss   : 4.06241, 
epoch 125 summary: dyn_dyn_loss   : 1.26831, dyn_sta_loss   : 0.60661, tot_dyn_loss   : 1.00363, sta_sta_loss   : 4.06241, 
epoch 126 summary: dyn_dyn_loss   : 1.27206, dyn_sta_loss   : 0.60293, tot_dyn_loss   : 1.00441, sta_sta_loss   : 4.06241, 
epoch 127 summary: dyn_dyn_loss   : 1.27373, dyn_sta_loss   : 0.60100, tot_dyn_loss   : 1.00464, sta_sta_loss   : 4.06241, 
epoch 128 summary: dyn_dyn_loss   : 1.27069, dyn_sta_loss   : 0.59748, tot_dyn_loss   : 1.00141, sta_sta_loss   : 4.06241, 
epoch 129 summary: dyn_dyn_loss   : 1.26615, dyn_sta_loss   : 0.60972, tot_dyn_loss   : 1.00358, sta_sta_loss   : 4.06241, 
epoch 130 summary: dyn_dyn_loss   : 1.26737, dyn_sta_loss   : 0.60560, tot_dyn_loss   : 1.00266, sta_sta_loss   : 4.06241, 
train loss: 0.0791, train acc: 0.9980
epoch 131 summary: dyn_dyn_loss   : 1.26841, dyn_sta_loss   : 0.60363, tot_dyn_loss   : 1.00250, sta_sta_loss   : 4.06241, 
epoch 132 summary: dyn_dyn_loss   : 1.26602, dyn_sta_loss   : 0.59862, tot_dyn_loss   : 0.99906, sta_sta_loss   : 4.06241, 
epoch 133 summary: dyn_dyn_loss   : 1.25982, dyn_sta_loss   : 0.59988, tot_dyn_loss   : 0.99584, sta_sta_loss   : 4.06241, 
epoch 134 summary: dyn_dyn_loss   : 1.26065, dyn_sta_loss   : 0.60020, tot_dyn_loss   : 0.99647, sta_sta_loss   : 4.06241, 
epoch 135 summary: dyn_dyn_loss   : 1.25969, dyn_sta_loss   : 0.60620, tot_dyn_loss   : 0.99829, sta_sta_loss   : 4.06241, 
epoch 136 summary: dyn_dyn_loss   : 1.26001, dyn_sta_loss   : 0.60017, tot_dyn_loss   : 0.99608, sta_sta_loss   : 4.06241, 
epoch 137 summary: dyn_dyn_loss   : 1.26399, dyn_sta_loss   : 0.59248, tot_dyn_loss   : 0.99539, sta_sta_loss   : 4.06241, 
epoch 138 summary: dyn_dyn_loss   : 1.26395, dyn_sta_loss   : 0.59715, tot_dyn_loss   : 0.99723, sta_sta_loss   : 4.06241, 
epoch 139 summary: dyn_dyn_loss   : 1.26729, dyn_sta_loss   : 0.58907, tot_dyn_loss   : 0.99600, sta_sta_loss   : 4.06241, 
epoch 140 summary: dyn_dyn_loss   : 1.25932, dyn_sta_loss   : 0.60349, tot_dyn_loss   : 0.99699, sta_sta_loss   : 4.06241, 
train loss: 0.0785, train acc: 0.9971
epoch 141 summary: dyn_dyn_loss   : 1.25768, dyn_sta_loss   : 0.60302, tot_dyn_loss   : 0.99582, sta_sta_loss   : 4.06241, 
epoch 142 summary: dyn_dyn_loss   : 1.25674, dyn_sta_loss   : 0.60207, tot_dyn_loss   : 0.99487, sta_sta_loss   : 4.06241, 
epoch 143 summary: dyn_dyn_loss   : 1.25725, dyn_sta_loss   : 0.59654, tot_dyn_loss   : 0.99297, sta_sta_loss   : 4.06241, 
epoch 144 summary: dyn_dyn_loss   : 1.25589, dyn_sta_loss   : 0.59788, tot_dyn_loss   : 0.99269, sta_sta_loss   : 4.06241, 
epoch 145 summary: dyn_dyn_loss   : 1.25349, dyn_sta_loss   : 0.59553, tot_dyn_loss   : 0.99031, sta_sta_loss   : 4.06241, 
epoch 146 summary: dyn_dyn_loss   : 1.25458, dyn_sta_loss   : 0.59340, tot_dyn_loss   : 0.99011, sta_sta_loss   : 4.06241, 
epoch 147 summary: dyn_dyn_loss   : 1.25529, dyn_sta_loss   : 0.59224, tot_dyn_loss   : 0.99007, sta_sta_loss   : 4.06241, 
epoch 148 summary: dyn_dyn_loss   : 1.25210, dyn_sta_loss   : 0.59113, tot_dyn_loss   : 0.98771, sta_sta_loss   : 4.06241, 
epoch 149 summary: dyn_dyn_loss   : 1.25248, dyn_sta_loss   : 0.58641, tot_dyn_loss   : 0.98605, sta_sta_loss   : 4.06241, 
train loss: 0.0751, train acc: 0.9968
all                        1209398.927ms
all_epoch                  1209039.203ms
all_preparation                359.695ms
all_preparation_2              358.639ms
all_preparation_3                1.036ms
epoch                         7926.166ms
epoch_pos_train                  0.909ms
epoch_preparation                3.843ms
epoch_train                   7914.171ms
epoch_valid                      6.723ms
----------------------------------------
all                        1209398.927ms
  all_epoch             99.97%
  all_preparation        0.03%
all_preparation                359.695ms
  all_preparation_2     99.71%
  all_preparation_3      0.29%
epoch                      1188924.959ms
  epoch_train           99.85%
  epoch_valid            0.08%
  epoch_preparation      0.05%
  epoch_pos_train        0.01%
epoch   0 summary: dyn_dyn_cos_loss: 0.00000, dyn_sta_cos_loss: 0.00000, total_cos_loss : 2.29413, 
valid loss: 3.7742, valid acc: 0.1543
epoch   1 summary: dyn_dyn_cos_loss: 0.00000, dyn_sta_cos_loss: 0.00000, total_cos_loss : 1.98730, 
epoch   2 summary: dyn_dyn_cos_loss: 0.00000, dyn_sta_cos_loss: 0.00000, total_cos_loss : 1.73848, 
epoch   3 summary: dyn_dyn_cos_loss: 0.00000, dyn_sta_cos_loss: 0.00000, total_cos_loss : 1.53154, 
epoch   4 summary: dyn_dyn_cos_loss: 0.00000, dyn_sta_cos_loss: 0.00000, total_cos_loss : 1.37215, 
epoch   5 summary: dyn_dyn_cos_loss: 0.00000, dyn_sta_cos_loss: 0.00000, total_cos_loss : 1.24797, 
epoch   6 summary: dyn_dyn_cos_loss: 0.00000, dyn_sta_cos_loss: 0.00000, total_cos_loss : 1.14316, 
epoch   7 summary: dyn_dyn_cos_loss: 0.00000, dyn_sta_cos_loss: 0.00000, total_cos_loss : 1.05964, 
epoch   8 summary: dyn_dyn_cos_loss: 0.00000, dyn_sta_cos_loss: 0.00000, total_cos_loss : 0.99563, 
epoch   9 summary: dyn_dyn_cos_loss: 0.00000, dyn_sta_cos_loss: 0.00000, total_cos_loss : 0.93980, 
epoch  10 summary: dyn_dyn_cos_loss: 0.00000, dyn_sta_cos_loss: 0.00000, total_cos_loss : 0.89891, 
valid loss: 2.3724, valid acc: 0.4863
epoch  11 summary: dyn_dyn_cos_loss: 0.00000, dyn_sta_cos_loss: 0.00000, total_cos_loss : 0.86405, 
epoch  12 summary: dyn_dyn_cos_loss: 0.00000, dyn_sta_cos_loss: 0.00000, total_cos_loss : 0.83539, 
epoch  13 summary: dyn_dyn_cos_loss: 0.00000, dyn_sta_cos_loss: 0.00000, total_cos_loss : 0.81225, 
epoch  14 summary: dyn_dyn_cos_loss: 0.00000, dyn_sta_cos_loss: 0.00000, total_cos_loss : 0.79390, 
epoch  15 summary: dyn_dyn_cos_loss: 0.00000, dyn_sta_cos_loss: 0.00000, total_cos_loss : 0.77968, 
epoch  16 summary: dyn_dyn_cos_loss: 0.00000, dyn_sta_cos_loss: 0.00000, total_cos_loss : 0.76642, 
epoch  17 summary: dyn_dyn_cos_loss: 0.00000, dyn_sta_cos_loss: 0.00000, total_cos_loss : 0.75661, 
epoch  18 summary: dyn_dyn_cos_loss: 0.00000, dyn_sta_cos_loss: 0.00000, total_cos_loss : 0.74698, 
epoch  19 summary: dyn_dyn_cos_loss: 0.00000, dyn_sta_cos_loss: 0.00000, total_cos_loss : 0.73911, 
epoch  20 summary: dyn_dyn_cos_loss: 0.00000, dyn_sta_cos_loss: 0.00000, total_cos_loss : 0.73216, 
valid loss: 2.3263, valid acc: 0.4805
epoch  21 summary: dyn_dyn_cos_loss: 0.00000, dyn_sta_cos_loss: 0.00000, total_cos_loss : 0.72670, 
epoch  22 summary: dyn_dyn_cos_loss: 0.00000, dyn_sta_cos_loss: 0.00000, total_cos_loss : 0.72199, 
epoch  23 summary: dyn_dyn_cos_loss: 0.00000, dyn_sta_cos_loss: 0.00000, total_cos_loss : 0.71795, 
epoch  24 summary: dyn_dyn_cos_loss: 0.00000, dyn_sta_cos_loss: 0.00000, total_cos_loss : 0.71444, 
epoch  25 summary: dyn_dyn_cos_loss: 0.00000, dyn_sta_cos_loss: 0.00000, total_cos_loss : 0.71142, 
epoch  26 summary: dyn_dyn_cos_loss: 0.00000, dyn_sta_cos_loss: 0.00000, total_cos_loss : 0.70896, 
epoch  27 summary: dyn_dyn_cos_loss: 0.00000, dyn_sta_cos_loss: 0.00000, total_cos_loss : 0.70666, 
epoch  28 summary: dyn_dyn_cos_loss: 0.00000, dyn_sta_cos_loss: 0.00000, total_cos_loss : 0.70382, 
epoch  29 summary: dyn_dyn_cos_loss: 0.00000, dyn_sta_cos_loss: 0.00000, total_cos_loss : 0.70177, 
epoch  30 summary: dyn_dyn_cos_loss: 0.00000, dyn_sta_cos_loss: 0.00000, total_cos_loss : 0.70039, 
valid loss: 2.3274, valid acc: 0.4883
epoch  31 summary: dyn_dyn_cos_loss: 0.00000, dyn_sta_cos_loss: 0.00000, total_cos_loss : 0.69917, 
epoch  32 summary: dyn_dyn_cos_loss: 0.00000, dyn_sta_cos_loss: 0.00000, total_cos_loss : 0.69790, 
epoch  33 summary: dyn_dyn_cos_loss: 0.00000, dyn_sta_cos_loss: 0.00000, total_cos_loss : 0.69676, 
epoch  34 summary: dyn_dyn_cos_loss: 0.00000, dyn_sta_cos_loss: 0.00000, total_cos_loss : 0.69574, 
epoch  35 summary: dyn_dyn_cos_loss: 0.00000, dyn_sta_cos_loss: 0.00000, total_cos_loss : 0.69504, 
epoch  36 summary: dyn_dyn_cos_loss: 0.00000, dyn_sta_cos_loss: 0.00000, total_cos_loss : 0.69453, 
epoch  37 summary: dyn_dyn_cos_loss: 0.00000, dyn_sta_cos_loss: 0.00000, total_cos_loss : 0.69388, 
epoch  38 summary: dyn_dyn_cos_loss: 0.00000, dyn_sta_cos_loss: 0.00000, total_cos_loss : 0.69327, 
epoch  39 summary: dyn_dyn_cos_loss: 0.00000, dyn_sta_cos_loss: 0.00000, total_cos_loss : 0.69284, 
epoch  40 summary: dyn_dyn_cos_loss: 0.00000, dyn_sta_cos_loss: 0.00000, total_cos_loss : 0.69237, 
valid loss: 2.3152, valid acc: 0.4844
epoch  41 summary: dyn_dyn_cos_loss: 0.00000, dyn_sta_cos_loss: 0.00000, total_cos_loss : 0.69194, 
epoch  42 summary: dyn_dyn_cos_loss: 0.00000, dyn_sta_cos_loss: 0.00000, total_cos_loss : 0.69156, 
epoch  43 summary: dyn_dyn_cos_loss: 0.00000, dyn_sta_cos_loss: 0.00000, total_cos_loss : 0.69125, 
epoch  44 summary: dyn_dyn_cos_loss: 0.00000, dyn_sta_cos_loss: 0.00000, total_cos_loss : 0.69102, 
epoch  45 summary: dyn_dyn_cos_loss: 0.00000, dyn_sta_cos_loss: 0.00000, total_cos_loss : 0.69065, 
epoch  46 summary: dyn_dyn_cos_loss: 0.00000, dyn_sta_cos_loss: 0.00000, total_cos_loss : 0.69041, 
epoch  47 summary: dyn_dyn_cos_loss: 0.00000, dyn_sta_cos_loss: 0.00000, total_cos_loss : 0.69021, 
epoch  48 summary: dyn_dyn_cos_loss: 0.00000, dyn_sta_cos_loss: 0.00000, total_cos_loss : 0.69007, 
epoch  49 summary: dyn_dyn_cos_loss: 0.00000, dyn_sta_cos_loss: 0.00000, total_cos_loss : 0.68994, 
epoch  50 summary: dyn_dyn_cos_loss: 0.00000, dyn_sta_cos_loss: 0.00000, total_cos_loss : 0.68983, 
valid loss: 2.3058, valid acc: 0.4824
epoch  51 summary: dyn_dyn_cos_loss: 0.00000, dyn_sta_cos_loss: 0.00000, total_cos_loss : 0.68971, 
epoch  52 summary: dyn_dyn_cos_loss: 0.00000, dyn_sta_cos_loss: 0.00000, total_cos_loss : 0.68964, 
epoch  53 summary: dyn_dyn_cos_loss: 0.00000, dyn_sta_cos_loss: 0.00000, total_cos_loss : 0.68955, 
epoch  54 summary: dyn_dyn_cos_loss: 0.00000, dyn_sta_cos_loss: 0.00000, total_cos_loss : 0.68949, 
epoch  55 summary: dyn_dyn_cos_loss: 0.00000, dyn_sta_cos_loss: 0.00000, total_cos_loss : 0.68943, 
epoch  56 summary: dyn_dyn_cos_loss: 0.00000, dyn_sta_cos_loss: 0.00000, total_cos_loss : 0.68935, 
epoch  57 summary: dyn_dyn_cos_loss: 0.00000, dyn_sta_cos_loss: 0.00000, total_cos_loss : 0.68926, 
epoch  58 summary: dyn_dyn_cos_loss: 0.00000, dyn_sta_cos_loss: 0.00000, total_cos_loss : 0.68916, 
epoch  59 summary: dyn_dyn_cos_loss: 0.00000, dyn_sta_cos_loss: 0.00000, total_cos_loss : 0.68908, 
epoch  60 summary: dyn_dyn_cos_loss: 0.00000, dyn_sta_cos_loss: 0.00000, total_cos_loss : 0.68899, 
valid loss: 2.3036, valid acc: 0.4805
epoch  61 summary: dyn_dyn_cos_loss: 0.00000, dyn_sta_cos_loss: 0.00000, total_cos_loss : 0.68886, 
epoch  62 summary: dyn_dyn_cos_loss: 0.00000, dyn_sta_cos_loss: 0.00000, total_cos_loss : 0.68880, 
epoch  63 summary: dyn_dyn_cos_loss: 0.00000, dyn_sta_cos_loss: 0.00000, total_cos_loss : 0.68874, 
epoch  64 summary: dyn_dyn_cos_loss: 0.00000, dyn_sta_cos_loss: 0.00000, total_cos_loss : 0.68872, 
epoch  65 summary: dyn_dyn_cos_loss: 0.00000, dyn_sta_cos_loss: 0.00000, total_cos_loss : 0.68868, 
epoch  66 summary: dyn_dyn_cos_loss: 0.00000, dyn_sta_cos_loss: 0.00000, total_cos_loss : 0.68863, 
epoch  67 summary: dyn_dyn_cos_loss: 0.00000, dyn_sta_cos_loss: 0.00000, total_cos_loss : 0.68861, 
epoch  68 summary: dyn_dyn_cos_loss: 0.00000, dyn_sta_cos_loss: 0.00000, total_cos_loss : 0.68859, 
epoch  69 summary: dyn_dyn_cos_loss: 0.00000, dyn_sta_cos_loss: 0.00000, total_cos_loss : 0.68855, 
epoch  70 summary: dyn_dyn_cos_loss: 0.00000, dyn_sta_cos_loss: 0.00000, total_cos_loss : 0.68845, 
valid loss: 2.2980, valid acc: 0.4805
epoch  71 summary: dyn_dyn_cos_loss: 0.00000, dyn_sta_cos_loss: 0.00000, total_cos_loss : 0.68843, 
epoch  72 summary: dyn_dyn_cos_loss: 0.00000, dyn_sta_cos_loss: 0.00000, total_cos_loss : 0.68840, 
epoch  73 summary: dyn_dyn_cos_loss: 0.00000, dyn_sta_cos_loss: 0.00000, total_cos_loss : 0.68836, 
epoch  74 summary: dyn_dyn_cos_loss: 0.00000, dyn_sta_cos_loss: 0.00000, total_cos_loss : 0.68832, 
epoch  75 summary: dyn_dyn_cos_loss: 0.00000, dyn_sta_cos_loss: 0.00000, total_cos_loss : 0.68828, 
epoch  76 summary: dyn_dyn_cos_loss: 0.00000, dyn_sta_cos_loss: 0.00000, total_cos_loss : 0.68826, 
epoch  77 summary: dyn_dyn_cos_loss: 0.00000, dyn_sta_cos_loss: 0.00000, total_cos_loss : 0.68822, 
epoch  78 summary: dyn_dyn_cos_loss: 0.00000, dyn_sta_cos_loss: 0.00000, total_cos_loss : 0.68821, 
epoch  79 summary: dyn_dyn_cos_loss: 0.00000, dyn_sta_cos_loss: 0.00000, total_cos_loss : 0.68815, 
epoch  80 summary: dyn_dyn_cos_loss: 0.00000, dyn_sta_cos_loss: 0.00000, total_cos_loss : 0.68813, 
valid loss: 2.2975, valid acc: 0.4805
epoch  81 summary: dyn_dyn_cos_loss: 0.00000, dyn_sta_cos_loss: 0.00000, total_cos_loss : 0.68806, 
epoch  82 summary: dyn_dyn_cos_loss: 0.00000, dyn_sta_cos_loss: 0.00000, total_cos_loss : 0.68804, 
epoch  83 summary: dyn_dyn_cos_loss: 0.00000, dyn_sta_cos_loss: 0.00000, total_cos_loss : 0.68800, 
epoch  84 summary: dyn_dyn_cos_loss: 0.00000, dyn_sta_cos_loss: 0.00000, total_cos_loss : 0.68798, 
epoch  85 summary: dyn_dyn_cos_loss: 0.00000, dyn_sta_cos_loss: 0.00000, total_cos_loss : 0.68795, 
epoch  86 summary: dyn_dyn_cos_loss: 0.00000, dyn_sta_cos_loss: 0.00000, total_cos_loss : 0.68787, 
epoch  87 summary: dyn_dyn_cos_loss: 0.00000, dyn_sta_cos_loss: 0.00000, total_cos_loss : 0.68786, 
epoch  88 summary: dyn_dyn_cos_loss: 0.00000, dyn_sta_cos_loss: 0.00000, total_cos_loss : 0.68783, 
epoch  89 summary: dyn_dyn_cos_loss: 0.00000, dyn_sta_cos_loss: 0.00000, total_cos_loss : 0.68782, 
epoch  90 summary: dyn_dyn_cos_loss: 0.00000, dyn_sta_cos_loss: 0.00000, total_cos_loss : 0.68781, 
valid loss: 2.2921, valid acc: 0.4805
epoch  91 summary: dyn_dyn_cos_loss: 0.00000, dyn_sta_cos_loss: 0.00000, total_cos_loss : 0.68779, 
epoch  92 summary: dyn_dyn_cos_loss: 0.00000, dyn_sta_cos_loss: 0.00000, total_cos_loss : 0.68776, 
epoch  93 summary: dyn_dyn_cos_loss: 0.00000, dyn_sta_cos_loss: 0.00000, total_cos_loss : 0.68775, 
epoch  94 summary: dyn_dyn_cos_loss: 0.00000, dyn_sta_cos_loss: 0.00000, total_cos_loss : 0.68772, 
epoch  95 summary: dyn_dyn_cos_loss: 0.00000, dyn_sta_cos_loss: 0.00000, total_cos_loss : 0.68770, 
epoch  96 summary: dyn_dyn_cos_loss: 0.00000, dyn_sta_cos_loss: 0.00000, total_cos_loss : 0.68768, 
epoch  97 summary: dyn_dyn_cos_loss: 0.00000, dyn_sta_cos_loss: 0.00000, total_cos_loss : 0.68764, 
epoch  98 summary: dyn_dyn_cos_loss: 0.00000, dyn_sta_cos_loss: 0.00000, total_cos_loss : 0.68762, 
epoch  99 summary: dyn_dyn_cos_loss: 0.00000, dyn_sta_cos_loss: 0.00000, total_cos_loss : 0.68758, 
epoch 100 summary: dyn_dyn_cos_loss: 0.00000, dyn_sta_cos_loss: 0.00000, total_cos_loss : 0.68757, 
valid loss: 2.2899, valid acc: 0.4805
epoch 101 summary: dyn_dyn_cos_loss: 0.00000, dyn_sta_cos_loss: 0.00000, total_cos_loss : 0.68756, 
epoch 102 summary: dyn_dyn_cos_loss: 0.00000, dyn_sta_cos_loss: 0.00000, total_cos_loss : 0.68754, 
epoch 103 summary: dyn_dyn_cos_loss: 0.00000, dyn_sta_cos_loss: 0.00000, total_cos_loss : 0.68752, 
epoch 104 summary: dyn_dyn_cos_loss: 0.00000, dyn_sta_cos_loss: 0.00000, total_cos_loss : 0.68751, 
epoch 105 summary: dyn_dyn_cos_loss: 0.00000, dyn_sta_cos_loss: 0.00000, total_cos_loss : 0.68750, 
epoch 106 summary: dyn_dyn_cos_loss: 0.00000, dyn_sta_cos_loss: 0.00000, total_cos_loss : 0.68750, 
epoch 107 summary: dyn_dyn_cos_loss: 0.00000, dyn_sta_cos_loss: 0.00000, total_cos_loss : 0.68748, 
epoch 108 summary: dyn_dyn_cos_loss: 0.00000, dyn_sta_cos_loss: 0.00000, total_cos_loss : 0.68747, 
epoch 109 summary: dyn_dyn_cos_loss: 0.00000, dyn_sta_cos_loss: 0.00000, total_cos_loss : 0.68744, 
epoch 110 summary: dyn_dyn_cos_loss: 0.00000, dyn_sta_cos_loss: 0.00000, total_cos_loss : 0.68743, 
valid loss: 2.2898, valid acc: 0.4785
epoch 111 summary: dyn_dyn_cos_loss: 0.00000, dyn_sta_cos_loss: 0.00000, total_cos_loss : 0.68741, 
epoch 112 summary: dyn_dyn_cos_loss: 0.00000, dyn_sta_cos_loss: 0.00000, total_cos_loss : 0.68740, 
epoch 113 summary: dyn_dyn_cos_loss: 0.00000, dyn_sta_cos_loss: 0.00000, total_cos_loss : 0.68740, 
epoch 114 summary: dyn_dyn_cos_loss: 0.00000, dyn_sta_cos_loss: 0.00000, total_cos_loss : 0.68739, 
epoch 115 summary: dyn_dyn_cos_loss: 0.00000, dyn_sta_cos_loss: 0.00000, total_cos_loss : 0.68739, 
epoch 116 summary: dyn_dyn_cos_loss: 0.00000, dyn_sta_cos_loss: 0.00000, total_cos_loss : 0.68738, 
epoch 117 summary: dyn_dyn_cos_loss: 0.00000, dyn_sta_cos_loss: 0.00000, total_cos_loss : 0.68738, 
epoch 118 summary: dyn_dyn_cos_loss: 0.00000, dyn_sta_cos_loss: 0.00000, total_cos_loss : 0.68737, 
epoch 119 summary: dyn_dyn_cos_loss: 0.00000, dyn_sta_cos_loss: 0.00000, total_cos_loss : 0.68737, 
epoch 120 summary: dyn_dyn_cos_loss: 0.00000, dyn_sta_cos_loss: 0.00000, total_cos_loss : 0.68736, 
valid loss: 2.2854, valid acc: 0.4785
epoch 121 summary: dyn_dyn_cos_loss: 0.00000, dyn_sta_cos_loss: 0.00000, total_cos_loss : 0.68734, 
epoch 122 summary: dyn_dyn_cos_loss: 0.00000, dyn_sta_cos_loss: 0.00000, total_cos_loss : 0.68733, 
epoch 123 summary: dyn_dyn_cos_loss: 0.00000, dyn_sta_cos_loss: 0.00000, total_cos_loss : 0.68731, 
epoch 124 summary: dyn_dyn_cos_loss: 0.00000, dyn_sta_cos_loss: 0.00000, total_cos_loss : 0.68730, 
epoch 125 summary: dyn_dyn_cos_loss: 0.00000, dyn_sta_cos_loss: 0.00000, total_cos_loss : 0.68729, 
epoch 126 summary: dyn_dyn_cos_loss: 0.00000, dyn_sta_cos_loss: 0.00000, total_cos_loss : 0.68728, 
epoch 127 summary: dyn_dyn_cos_loss: 0.00000, dyn_sta_cos_loss: 0.00000, total_cos_loss : 0.68728, 
epoch 128 summary: dyn_dyn_cos_loss: 0.00000, dyn_sta_cos_loss: 0.00000, total_cos_loss : 0.68727, 
epoch 129 summary: dyn_dyn_cos_loss: 0.00000, dyn_sta_cos_loss: 0.00000, total_cos_loss : 0.68726, 
epoch 130 summary: dyn_dyn_cos_loss: 0.00000, dyn_sta_cos_loss: 0.00000, total_cos_loss : 0.68725, 
valid loss: 2.2859, valid acc: 0.4785
epoch 131 summary: dyn_dyn_cos_loss: 0.00000, dyn_sta_cos_loss: 0.00000, total_cos_loss : 0.68724, 
epoch 132 summary: dyn_dyn_cos_loss: 0.00000, dyn_sta_cos_loss: 0.00000, total_cos_loss : 0.68721, 
epoch 133 summary: dyn_dyn_cos_loss: 0.00000, dyn_sta_cos_loss: 0.00000, total_cos_loss : 0.68720, 
epoch 134 summary: dyn_dyn_cos_loss: 0.00000, dyn_sta_cos_loss: 0.00000, total_cos_loss : 0.68718, 
epoch 135 summary: dyn_dyn_cos_loss: 0.00000, dyn_sta_cos_loss: 0.00000, total_cos_loss : 0.68717, 
epoch 136 summary: dyn_dyn_cos_loss: 0.00000, dyn_sta_cos_loss: 0.00000, total_cos_loss : 0.68715, 
epoch 137 summary: dyn_dyn_cos_loss: 0.00000, dyn_sta_cos_loss: 0.00000, total_cos_loss : 0.68715, 
epoch 138 summary: dyn_dyn_cos_loss: 0.00000, dyn_sta_cos_loss: 0.00000, total_cos_loss : 0.68714, 
epoch 139 summary: dyn_dyn_cos_loss: 0.00000, dyn_sta_cos_loss: 0.00000, total_cos_loss : 0.68710, 
epoch 140 summary: dyn_dyn_cos_loss: 0.00000, dyn_sta_cos_loss: 0.00000, total_cos_loss : 0.68710, 
valid loss: 2.2879, valid acc: 0.4785
epoch 141 summary: dyn_dyn_cos_loss: 0.00000, dyn_sta_cos_loss: 0.00000, total_cos_loss : 0.68709, 
epoch 142 summary: dyn_dyn_cos_loss: 0.00000, dyn_sta_cos_loss: 0.00000, total_cos_loss : 0.68708, 
epoch 143 summary: dyn_dyn_cos_loss: 0.00000, dyn_sta_cos_loss: 0.00000, total_cos_loss : 0.68708, 
epoch 144 summary: dyn_dyn_cos_loss: 0.00000, dyn_sta_cos_loss: 0.00000, total_cos_loss : 0.68708, 
epoch 145 summary: dyn_dyn_cos_loss: 0.00000, dyn_sta_cos_loss: 0.00000, total_cos_loss : 0.68707, 
epoch 146 summary: dyn_dyn_cos_loss: 0.00000, dyn_sta_cos_loss: 0.00000, total_cos_loss : 0.68707, 
epoch 147 summary: dyn_dyn_cos_loss: 0.00000, dyn_sta_cos_loss: 0.00000, total_cos_loss : 0.68707, 
epoch 148 summary: dyn_dyn_cos_loss: 0.00000, dyn_sta_cos_loss: 0.00000, total_cos_loss : 0.68707, 
epoch 149 summary: dyn_dyn_cos_loss: 0.00000, dyn_sta_cos_loss: 0.00000, total_cos_loss : 0.68707, 
valid loss: 2.2886, valid acc: 0.4785
all                         175350.806ms
all_epoch                   175240.300ms
all_preparation                110.491ms
all_preparation_2              109.694ms
all_preparation_3                0.780ms
epoch                         1086.175ms
epoch_pos_train                  1.079ms
epoch_preparation                0.294ms
epoch_train                   1083.422ms
epoch_valid                      0.981ms
----------------------------------------
all                         175350.806ms
  all_epoch             99.94%
  all_preparation        0.06%
all_preparation                110.491ms
  all_preparation_2     99.28%
  all_preparation_3      0.71%
epoch                       162926.281ms
  epoch_train           99.75%
  epoch_pos_train        0.10%
  epoch_valid            0.09%
  epoch_preparation      0.03%
