Before CTE Training: train eu loss: 0.28458210825920105, eval eu loss: 1.4124534130096436
Before CTE Training: train eu acc: 1.0, eval eu acc: 0.589599609375
epoch   0 summary: train_cos_loss : 0.193519, train_cro_loss : 2.9110, train_tot_loss : 0.4653, vocab_cos_loss : 0.033810, 
train loss: 5.0339, accuracy: 0.0569
epoch   1 summary: train_cos_loss : 0.118548, train_cro_loss : 3.1570, train_tot_loss : 0.4224, vocab_cos_loss : 0.018570, 
epoch   2 summary: train_cos_loss : 0.107158, train_cro_loss : 2.3116, train_tot_loss : 0.3276, vocab_cos_loss : 0.011570, 
epoch   3 summary: train_cos_loss : 0.099772, train_cro_loss : 2.1176, train_tot_loss : 0.3016, vocab_cos_loss : 0.012048, 
epoch   4 summary: train_cos_loss : 0.097939, train_cro_loss : 1.9983, train_tot_loss : 0.2880, vocab_cos_loss : 0.011827, 
epoch   5 summary: train_cos_loss : 0.091503, train_cro_loss : 2.2482, train_tot_loss : 0.3072, vocab_cos_loss : 0.018287, 
epoch   6 summary: train_cos_loss : 0.091388, train_cro_loss : 0.3680, train_tot_loss : 0.1191, vocab_cos_loss : 0.013042, 
epoch   7 summary: train_cos_loss : 0.071635, train_cro_loss : 0.3239, train_tot_loss : 0.0969, vocab_cos_loss : 0.011220, 
epoch   8 summary: train_cos_loss : 0.070097, train_cro_loss : 0.5453, train_tot_loss : 0.1176, vocab_cos_loss : 0.011124, 
epoch   9 summary: train_cos_loss : 0.068540, train_cro_loss : 0.1589, train_tot_loss : 0.0776, vocab_cos_loss : 0.011109, 
epoch  10 summary: train_cos_loss : 0.059739, train_cro_loss : 0.2112, train_tot_loss : 0.0749, vocab_cos_loss : 0.011201, 
train loss: 0.4107, accuracy: 0.9125
epoch  11 summary: train_cos_loss : 0.056390, train_cro_loss : 0.2188, train_tot_loss : 0.0726, vocab_cos_loss : 0.011060, 
epoch  12 summary: train_cos_loss : 0.053896, train_cro_loss : 0.1264, train_tot_loss : 0.0611, vocab_cos_loss : 0.011060, 
epoch  13 summary: train_cos_loss : 0.050872, train_cro_loss : 0.1250, train_tot_loss : 0.0583, vocab_cos_loss : 0.011060, 
epoch  14 summary: train_cos_loss : 0.048504, train_cro_loss : 0.1497, train_tot_loss : 0.0586, vocab_cos_loss : 0.011060, 
epoch  15 summary: train_cos_loss : 0.048463, train_cro_loss : 0.0942, train_tot_loss : 0.0530, vocab_cos_loss : 0.011093, 
epoch  16 summary: train_cos_loss : 0.046126, train_cro_loss : 0.1060, train_tot_loss : 0.0521, vocab_cos_loss : 0.011028, 
epoch  17 summary: train_cos_loss : 0.045665, train_cro_loss : 0.1085, train_tot_loss : 0.0520, vocab_cos_loss : 0.011028, 
epoch  18 summary: train_cos_loss : 0.044888, train_cro_loss : 0.0907, train_tot_loss : 0.0495, vocab_cos_loss : 0.011028, 
epoch  19 summary: train_cos_loss : 0.044506, train_cro_loss : 0.0848, train_tot_loss : 0.0485, vocab_cos_loss : 0.011028, 
epoch  20 summary: train_cos_loss : 0.043383, train_cro_loss : 0.1010, train_tot_loss : 0.0491, vocab_cos_loss : 0.010988, 
train loss: 0.1573, accuracy: 0.9674
epoch  21 summary: train_cos_loss : 0.043949, train_cro_loss : 0.0768, train_tot_loss : 0.0472, vocab_cos_loss : 0.010849, 
epoch  22 summary: train_cos_loss : 0.042780, train_cro_loss : 0.0861, train_tot_loss : 0.0471, vocab_cos_loss : 0.010977, 
epoch  23 summary: train_cos_loss : 0.043005, train_cro_loss : 0.0824, train_tot_loss : 0.0469, vocab_cos_loss : 0.010930, 
epoch  24 summary: train_cos_loss : 0.042298, train_cro_loss : 0.0797, train_tot_loss : 0.0460, vocab_cos_loss : 0.010940, 
epoch  25 summary: train_cos_loss : 0.042548, train_cro_loss : 0.0714, train_tot_loss : 0.0454, vocab_cos_loss : 0.011384, 
epoch  26 summary: train_cos_loss : 0.041482, train_cro_loss : 0.0838, train_tot_loss : 0.0457, vocab_cos_loss : 0.010927, 
epoch  27 summary: train_cos_loss : 0.042129, train_cro_loss : 0.0699, train_tot_loss : 0.0449, vocab_cos_loss : 0.010949, 
epoch  28 summary: train_cos_loss : 0.041221, train_cro_loss : 0.0779, train_tot_loss : 0.0449, vocab_cos_loss : 0.011238, 
epoch  29 summary: train_cos_loss : 0.041636, train_cro_loss : 0.0717, train_tot_loss : 0.0446, vocab_cos_loss : 0.010924, 
epoch  30 summary: train_cos_loss : 0.041011, train_cro_loss : 0.0758, train_tot_loss : 0.0445, vocab_cos_loss : 0.011486, 
train loss: 0.1357, accuracy: 0.9722
epoch  31 summary: train_cos_loss : 0.041472, train_cro_loss : 0.0650, train_tot_loss : 0.0438, vocab_cos_loss : 0.010929, 
epoch  32 summary: train_cos_loss : 0.040547, train_cro_loss : 0.0749, train_tot_loss : 0.0440, vocab_cos_loss : 0.010929, 
epoch  33 summary: train_cos_loss : 0.041081, train_cro_loss : 0.0623, train_tot_loss : 0.0432, vocab_cos_loss : 0.010929, 
epoch  34 summary: train_cos_loss : 0.040224, train_cro_loss : 0.0699, train_tot_loss : 0.0432, vocab_cos_loss : 0.010929, 
epoch  35 summary: train_cos_loss : 0.040675, train_cro_loss : 0.0626, train_tot_loss : 0.0429, vocab_cos_loss : 0.010903, 
epoch  36 summary: train_cos_loss : 0.039992, train_cro_loss : 0.0701, train_tot_loss : 0.0430, vocab_cos_loss : 0.010881, 
epoch  37 summary: train_cos_loss : 0.040482, train_cro_loss : 0.0608, train_tot_loss : 0.0425, vocab_cos_loss : 0.010882, 
epoch  38 summary: train_cos_loss : 0.039717, train_cro_loss : 0.0704, train_tot_loss : 0.0428, vocab_cos_loss : 0.010895, 
epoch  39 summary: train_cos_loss : 0.040309, train_cro_loss : 0.0582, train_tot_loss : 0.0421, vocab_cos_loss : 0.010877, 
epoch  40 summary: train_cos_loss : 0.039558, train_cro_loss : 0.0662, train_tot_loss : 0.0422, vocab_cos_loss : 0.010896, 
train loss: 0.1241, accuracy: 0.9744
epoch  41 summary: train_cos_loss : 0.040047, train_cro_loss : 0.0601, train_tot_loss : 0.0421, vocab_cos_loss : 0.010723, 
epoch  42 summary: train_cos_loss : 0.039319, train_cro_loss : 0.0650, train_tot_loss : 0.0419, vocab_cos_loss : 0.010706, 
epoch  43 summary: train_cos_loss : 0.039845, train_cro_loss : 0.0559, train_tot_loss : 0.0414, vocab_cos_loss : 0.010696, 
epoch  44 summary: train_cos_loss : 0.039076, train_cro_loss : 0.0636, train_tot_loss : 0.0415, vocab_cos_loss : 0.010693, 
epoch  45 summary: train_cos_loss : 0.039672, train_cro_loss : 0.0550, train_tot_loss : 0.0412, vocab_cos_loss : 0.010714, 
epoch  46 summary: train_cos_loss : 0.038935, train_cro_loss : 0.0636, train_tot_loss : 0.0414, vocab_cos_loss : 0.010711, 
epoch  47 summary: train_cos_loss : 0.039543, train_cro_loss : 0.0550, train_tot_loss : 0.0411, vocab_cos_loss : 0.010711, 
epoch  48 summary: train_cos_loss : 0.038798, train_cro_loss : 0.0630, train_tot_loss : 0.0412, vocab_cos_loss : 0.010711, 
epoch  49 summary: train_cos_loss : 0.039379, train_cro_loss : 0.0522, train_tot_loss : 0.0407, vocab_cos_loss : 0.010711, 
epoch  50 summary: train_cos_loss : 0.038609, train_cro_loss : 0.0605, train_tot_loss : 0.0408, vocab_cos_loss : 0.010631, 
train loss: 0.2254, accuracy: 0.9529
epoch  51 summary: train_cos_loss : 0.039546, train_cro_loss : 0.1236, train_tot_loss : 0.0479, vocab_cos_loss : 0.010573, 
epoch  52 summary: train_cos_loss : 0.041299, train_cro_loss : 0.1313, train_tot_loss : 0.0503, vocab_cos_loss : 0.010569, 
epoch  53 summary: train_cos_loss : 0.042173, train_cro_loss : 0.1262, train_tot_loss : 0.0506, vocab_cos_loss : 0.010495, 
epoch  54 summary: train_cos_loss : 0.041287, train_cro_loss : 0.1330, train_tot_loss : 0.0505, vocab_cos_loss : 0.010450, 
epoch  55 summary: train_cos_loss : 0.042099, train_cro_loss : 0.1232, train_tot_loss : 0.0502, vocab_cos_loss : 0.010509, 
epoch  56 summary: train_cos_loss : 0.040828, train_cro_loss : 0.0635, train_tot_loss : 0.0431, vocab_cos_loss : 0.010509, 
epoch  57 summary: train_cos_loss : 0.040341, train_cro_loss : 0.0556, train_tot_loss : 0.0419, vocab_cos_loss : 0.010509, 
epoch  58 summary: train_cos_loss : 0.039083, train_cro_loss : 0.0799, train_tot_loss : 0.0432, vocab_cos_loss : 0.010509, 
epoch  59 summary: train_cos_loss : 0.040040, train_cro_loss : 0.0519, train_tot_loss : 0.0412, vocab_cos_loss : 0.010509, 
epoch  60 summary: train_cos_loss : 0.038895, train_cro_loss : 0.0631, train_tot_loss : 0.0413, vocab_cos_loss : 0.010505, 
train loss: 0.1223, accuracy: 0.9756
epoch  61 summary: train_cos_loss : 0.039265, train_cro_loss : 0.0598, train_tot_loss : 0.0413, vocab_cos_loss : 0.010505, 
epoch  62 summary: train_cos_loss : 0.038592, train_cro_loss : 0.0591, train_tot_loss : 0.0406, vocab_cos_loss : 0.010505, 
epoch  63 summary: train_cos_loss : 0.039035, train_cro_loss : 0.0521, train_tot_loss : 0.0403, vocab_cos_loss : 0.010505, 
epoch  64 summary: train_cos_loss : 0.038152, train_cro_loss : 0.0634, train_tot_loss : 0.0407, vocab_cos_loss : 0.010505, 
epoch  65 summary: train_cos_loss : 0.038940, train_cro_loss : 0.0499, train_tot_loss : 0.0400, vocab_cos_loss : 0.010484, 
epoch  66 summary: train_cos_loss : 0.038044, train_cro_loss : 0.0589, train_tot_loss : 0.0401, vocab_cos_loss : 0.010484, 
epoch  67 summary: train_cos_loss : 0.038568, train_cro_loss : 0.0531, train_tot_loss : 0.0400, vocab_cos_loss : 0.010484, 
epoch  68 summary: train_cos_loss : 0.037908, train_cro_loss : 0.0565, train_tot_loss : 0.0398, vocab_cos_loss : 0.010484, 
epoch  69 summary: train_cos_loss : 0.038467, train_cro_loss : 0.0507, train_tot_loss : 0.0397, vocab_cos_loss : 0.010484, 
epoch  70 summary: train_cos_loss : 0.037720, train_cro_loss : 0.0580, train_tot_loss : 0.0398, vocab_cos_loss : 0.010441, 
train loss: 0.1264, accuracy: 0.9740
epoch  71 summary: train_cos_loss : 0.038486, train_cro_loss : 0.0631, train_tot_loss : 0.0409, vocab_cos_loss : 0.010491, 
epoch  72 summary: train_cos_loss : 0.038066, train_cro_loss : 0.0727, train_tot_loss : 0.0415, vocab_cos_loss : 0.010415, 
epoch  73 summary: train_cos_loss : 0.038761, train_cro_loss : 0.0681, train_tot_loss : 0.0417, vocab_cos_loss : 0.010428, 
epoch  74 summary: train_cos_loss : 0.038070, train_cro_loss : 0.0708, train_tot_loss : 0.0413, vocab_cos_loss : 0.010421, 
epoch  75 summary: train_cos_loss : 0.038724, train_cro_loss : 0.0670, train_tot_loss : 0.0416, vocab_cos_loss : 0.010488, 
epoch  76 summary: train_cos_loss : 0.037922, train_cro_loss : 0.0562, train_tot_loss : 0.0397, vocab_cos_loss : 0.010488, 
epoch  77 summary: train_cos_loss : 0.038470, train_cro_loss : 0.0486, train_tot_loss : 0.0395, vocab_cos_loss : 0.010488, 
epoch  78 summary: train_cos_loss : 0.037774, train_cro_loss : 0.0637, train_tot_loss : 0.0404, vocab_cos_loss : 0.010488, 
epoch  79 summary: train_cos_loss : 0.038514, train_cro_loss : 0.0494, train_tot_loss : 0.0396, vocab_cos_loss : 0.010488, 
epoch  80 summary: train_cos_loss : 0.037597, train_cro_loss : 0.0552, train_tot_loss : 0.0394, vocab_cos_loss : 0.010544, 
train loss: 0.1054, accuracy: 0.9790
epoch  81 summary: train_cos_loss : 0.038279, train_cro_loss : 0.0503, train_tot_loss : 0.0395, vocab_cos_loss : 0.010544, 
epoch  82 summary: train_cos_loss : 0.037371, train_cro_loss : 0.0556, train_tot_loss : 0.0392, vocab_cos_loss : 0.010544, 
epoch  83 summary: train_cos_loss : 0.038110, train_cro_loss : 0.0475, train_tot_loss : 0.0390, vocab_cos_loss : 0.010544, 
epoch  84 summary: train_cos_loss : 0.037272, train_cro_loss : 0.0550, train_tot_loss : 0.0390, vocab_cos_loss : 0.010544, 
epoch  85 summary: train_cos_loss : 0.038002, train_cro_loss : 0.0475, train_tot_loss : 0.0389, vocab_cos_loss : 0.010498, 
epoch  86 summary: train_cos_loss : 0.037200, train_cro_loss : 0.0553, train_tot_loss : 0.0390, vocab_cos_loss : 0.010498, 
epoch  87 summary: train_cos_loss : 0.037979, train_cro_loss : 0.0478, train_tot_loss : 0.0390, vocab_cos_loss : 0.010498, 
epoch  88 summary: train_cos_loss : 0.037181, train_cro_loss : 0.0558, train_tot_loss : 0.0390, vocab_cos_loss : 0.010498, 
epoch  89 summary: train_cos_loss : 0.037910, train_cro_loss : 0.0462, train_tot_loss : 0.0387, vocab_cos_loss : 0.010498, 
epoch  90 summary: train_cos_loss : 0.037073, train_cro_loss : 0.0552, train_tot_loss : 0.0389, vocab_cos_loss : 0.010409, 
train loss: 0.1034, accuracy: 0.9792
epoch  91 summary: train_cos_loss : 0.037813, train_cro_loss : 0.0491, train_tot_loss : 0.0389, vocab_cos_loss : 0.010331, 
epoch  92 summary: train_cos_loss : 0.037137, train_cro_loss : 0.0539, train_tot_loss : 0.0388, vocab_cos_loss : 0.010321, 
epoch  93 summary: train_cos_loss : 0.037893, train_cro_loss : 0.0460, train_tot_loss : 0.0387, vocab_cos_loss : 0.010318, 
epoch  94 summary: train_cos_loss : 0.036930, train_cro_loss : 0.0544, train_tot_loss : 0.0387, vocab_cos_loss : 0.010318, 
epoch  95 summary: train_cos_loss : 0.037838, train_cro_loss : 0.0454, train_tot_loss : 0.0386, vocab_cos_loss : 0.010307, 
epoch  96 summary: train_cos_loss : 0.038063, train_cro_loss : 0.2422, train_tot_loss : 0.0585, vocab_cos_loss : 0.010116, 
epoch  97 summary: train_cos_loss : 0.044910, train_cro_loss : 0.1894, train_tot_loss : 0.0594, vocab_cos_loss : 0.010076, 
epoch  98 summary: train_cos_loss : 0.044056, train_cro_loss : 0.2333, train_tot_loss : 0.0630, vocab_cos_loss : 0.010086, 
epoch  99 summary: train_cos_loss : 0.044688, train_cro_loss : 0.2305, train_tot_loss : 0.0633, vocab_cos_loss : 0.010080, 
train loss: 0.4600, accuracy: 0.9153
all                       11405364.891ms
all_epoch                 11374849.029ms
all_preparation              30515.813ms
all_preparation_2            30514.508ms
all_preparation_3                1.267ms
epoch                       113571.479ms
epoch_pos_train                  3.189ms
epoch_preparation                1.091ms
epoch_train                 113411.189ms
epoch_valid                    153.384ms
----------------------------------------
all                       11405364.891ms
  all_epoch             99.73%
  all_preparation        0.27%
all_preparation              30515.813ms
  all_preparation_2    100.00%
  all_preparation_3      0.00%
epoch                     11357147.870ms
  epoch_train           99.86%
  epoch_valid            0.14%
  epoch_pos_train        0.00%
  epoch_preparation      0.00%
epoch   0 summary: valid_cos_loss : 0.158118, 
valid loss: 2.5281, accuracy: 0.4835
epoch   1 summary: valid_cos_loss : 0.073007, 
epoch   2 summary: valid_cos_loss : 0.050491, 
epoch   3 summary: valid_cos_loss : 0.045385, 
epoch   4 summary: valid_cos_loss : 0.044379, 
epoch   5 summary: valid_cos_loss : 0.044287, 
epoch   6 summary: valid_cos_loss : 0.044182, 
epoch   7 summary: valid_cos_loss : 0.043928, 
epoch   8 summary: valid_cos_loss : 0.043939, 
epoch   9 summary: valid_cos_loss : 0.043781, 
epoch  10 summary: valid_cos_loss : 0.043993, 
valid loss: 2.7212, accuracy: 0.5178
epoch  11 summary: valid_cos_loss : 0.043832, 
epoch  12 summary: valid_cos_loss : 0.043813, 
epoch  13 summary: valid_cos_loss : 0.043696, 
epoch  14 summary: valid_cos_loss : 0.043767, 
epoch  15 summary: valid_cos_loss : 0.043735, 
epoch  16 summary: valid_cos_loss : 0.043728, 
epoch  17 summary: valid_cos_loss : 0.043589, 
epoch  18 summary: valid_cos_loss : 0.043614, 
epoch  19 summary: valid_cos_loss : 0.043523, 
epoch  20 summary: valid_cos_loss : 0.043705, 
valid loss: 2.6942, accuracy: 0.5186
epoch  21 summary: valid_cos_loss : 0.043547, 
epoch  22 summary: valid_cos_loss : 0.043584, 
epoch  23 summary: valid_cos_loss : 0.043465, 
epoch  24 summary: valid_cos_loss : 0.043547, 
epoch  25 summary: valid_cos_loss : 0.043611, 
epoch  26 summary: valid_cos_loss : 0.043559, 
epoch  27 summary: valid_cos_loss : 0.043476, 
epoch  28 summary: valid_cos_loss : 0.043524, 
epoch  29 summary: valid_cos_loss : 0.043447, 
epoch  30 summary: valid_cos_loss : 0.043585, 
valid loss: 2.6891, accuracy: 0.5214
epoch  31 summary: valid_cos_loss : 0.043419, 
epoch  32 summary: valid_cos_loss : 0.043445, 
epoch  33 summary: valid_cos_loss : 0.043381, 
epoch  34 summary: valid_cos_loss : 0.043429, 
epoch  35 summary: valid_cos_loss : 0.043485, 
epoch  36 summary: valid_cos_loss : 0.043459, 
epoch  37 summary: valid_cos_loss : 0.043346, 
epoch  38 summary: valid_cos_loss : 0.043384, 
epoch  39 summary: valid_cos_loss : 0.043326, 
epoch  40 summary: valid_cos_loss : 0.043530, 
valid loss: 2.6903, accuracy: 0.5220
epoch  41 summary: valid_cos_loss : 0.043373, 
epoch  42 summary: valid_cos_loss : 0.043419, 
epoch  43 summary: valid_cos_loss : 0.043311, 
epoch  44 summary: valid_cos_loss : 0.043410, 
epoch  45 summary: valid_cos_loss : 0.043434, 
epoch  46 summary: valid_cos_loss : 0.043435, 
epoch  47 summary: valid_cos_loss : 0.043344, 
epoch  48 summary: valid_cos_loss : 0.043402, 
epoch  49 summary: valid_cos_loss : 0.043296, 
epoch  50 summary: valid_cos_loss : 0.043513, 
valid loss: 2.6886, accuracy: 0.5200
epoch  51 summary: valid_cos_loss : 0.043326, 
epoch  52 summary: valid_cos_loss : 0.043354, 
epoch  53 summary: valid_cos_loss : 0.043266, 
epoch  54 summary: valid_cos_loss : 0.043334, 
epoch  55 summary: valid_cos_loss : 0.043398, 
epoch  56 summary: valid_cos_loss : 0.043386, 
epoch  57 summary: valid_cos_loss : 0.043277, 
epoch  58 summary: valid_cos_loss : 0.043347, 
epoch  59 summary: valid_cos_loss : 0.043251, 
epoch  60 summary: valid_cos_loss : 0.043484, 
valid loss: 2.6950, accuracy: 0.5217
epoch  61 summary: valid_cos_loss : 0.043298, 
epoch  62 summary: valid_cos_loss : 0.043363, 
epoch  63 summary: valid_cos_loss : 0.043282, 
epoch  64 summary: valid_cos_loss : 0.043372, 
epoch  65 summary: valid_cos_loss : 0.043371, 
epoch  66 summary: valid_cos_loss : 0.043406, 
epoch  67 summary: valid_cos_loss : 0.043254, 
epoch  68 summary: valid_cos_loss : 0.043343, 
epoch  69 summary: valid_cos_loss : 0.043248, 
epoch  70 summary: valid_cos_loss : 0.043458, 
valid loss: 2.6912, accuracy: 0.5222
epoch  71 summary: valid_cos_loss : 0.043283, 
epoch  72 summary: valid_cos_loss : 0.043339, 
epoch  73 summary: valid_cos_loss : 0.043229, 
epoch  74 summary: valid_cos_loss : 0.043324, 
epoch  75 summary: valid_cos_loss : 0.043338, 
epoch  76 summary: valid_cos_loss : 0.043334, 
epoch  77 summary: valid_cos_loss : 0.043235, 
epoch  78 summary: valid_cos_loss : 0.043311, 
epoch  79 summary: valid_cos_loss : 0.043214, 
epoch  80 summary: valid_cos_loss : 0.043422, 
valid loss: 2.6841, accuracy: 0.5217
epoch  81 summary: valid_cos_loss : 0.043250, 
epoch  82 summary: valid_cos_loss : 0.043301, 
epoch  83 summary: valid_cos_loss : 0.043210, 
epoch  84 summary: valid_cos_loss : 0.043280, 
epoch  85 summary: valid_cos_loss : 0.043303, 
epoch  86 summary: valid_cos_loss : 0.043315, 
epoch  87 summary: valid_cos_loss : 0.043206, 
epoch  88 summary: valid_cos_loss : 0.043281, 
epoch  89 summary: valid_cos_loss : 0.043190, 
epoch  90 summary: valid_cos_loss : 0.043354, 
valid loss: 2.6868, accuracy: 0.5229
epoch  91 summary: valid_cos_loss : 0.043195, 
epoch  92 summary: valid_cos_loss : 0.043238, 
epoch  93 summary: valid_cos_loss : 0.043152, 
epoch  94 summary: valid_cos_loss : 0.043236, 
epoch  95 summary: valid_cos_loss : 0.043318, 
epoch  96 summary: valid_cos_loss : 0.043318, 
epoch  97 summary: valid_cos_loss : 0.043211, 
epoch  98 summary: valid_cos_loss : 0.043316, 
epoch  99 summary: valid_cos_loss : 0.043199, 
valid loss: 2.6927, accuracy: 0.5205
epoch 100 summary: valid_cos_loss : 0.043379, 
valid loss: 2.6901, accuracy: 0.5212
epoch 101 summary: valid_cos_loss : 0.043195, 
epoch 102 summary: valid_cos_loss : 0.043277, 
epoch 103 summary: valid_cos_loss : 0.043168, 
epoch 104 summary: valid_cos_loss : 0.043279, 
epoch 105 summary: valid_cos_loss : 0.043273, 
epoch 106 summary: valid_cos_loss : 0.043282, 
epoch 107 summary: valid_cos_loss : 0.043173, 
epoch 108 summary: valid_cos_loss : 0.043273, 
epoch 109 summary: valid_cos_loss : 0.043151, 
epoch 110 summary: valid_cos_loss : 0.043391, 
valid loss: 2.6835, accuracy: 0.5219
epoch 111 summary: valid_cos_loss : 0.043228, 
epoch 112 summary: valid_cos_loss : 0.043294, 
epoch 113 summary: valid_cos_loss : 0.043179, 
epoch 114 summary: valid_cos_loss : 0.043277, 
epoch 115 summary: valid_cos_loss : 0.043279, 
epoch 116 summary: valid_cos_loss : 0.043298, 
epoch 117 summary: valid_cos_loss : 0.043185, 
epoch 118 summary: valid_cos_loss : 0.043255, 
epoch 119 summary: valid_cos_loss : 0.043154, 
epoch 120 summary: valid_cos_loss : 0.043363, 
valid loss: 2.6904, accuracy: 0.5212
epoch 121 summary: valid_cos_loss : 0.043192, 
epoch 122 summary: valid_cos_loss : 0.043257, 
epoch 123 summary: valid_cos_loss : 0.043146, 
epoch 124 summary: valid_cos_loss : 0.043232, 
epoch 125 summary: valid_cos_loss : 0.043261, 
epoch 126 summary: valid_cos_loss : 0.043269, 
epoch 127 summary: valid_cos_loss : 0.043145, 
epoch 128 summary: valid_cos_loss : 0.043258, 
epoch 129 summary: valid_cos_loss : 0.043124, 
epoch 130 summary: valid_cos_loss : 0.043359, 
valid loss: 2.6853, accuracy: 0.5223
epoch 131 summary: valid_cos_loss : 0.043166, 
epoch 132 summary: valid_cos_loss : 0.043241, 
epoch 133 summary: valid_cos_loss : 0.043133, 
epoch 134 summary: valid_cos_loss : 0.043225, 
epoch 135 summary: valid_cos_loss : 0.043268, 
epoch 136 summary: valid_cos_loss : 0.043293, 
epoch 137 summary: valid_cos_loss : 0.043167, 
epoch 138 summary: valid_cos_loss : 0.043274, 
epoch 139 summary: valid_cos_loss : 0.043152, 
epoch 140 summary: valid_cos_loss : 0.043338, 
valid loss: 2.6870, accuracy: 0.5214
epoch 141 summary: valid_cos_loss : 0.043176, 
epoch 142 summary: valid_cos_loss : 0.043231, 
epoch 143 summary: valid_cos_loss : 0.043114, 
epoch 144 summary: valid_cos_loss : 0.043189, 
epoch 145 summary: valid_cos_loss : 0.043239, 
epoch 146 summary: valid_cos_loss : 0.043277, 
epoch 147 summary: valid_cos_loss : 0.043154, 
epoch 148 summary: valid_cos_loss : 0.043237, 
epoch 149 summary: valid_cos_loss : 0.043122, 
all                         911816.432ms
all_epoch                   911707.194ms
all_preparation                109.202ms
all_preparation_2              108.051ms
all_preparation_3                1.132ms
epoch                         5993.091ms
epoch_pos_train                  3.251ms
epoch_preparation                0.304ms
epoch_train                   5978.561ms
epoch_valid                     10.334ms
----------------------------------------
all                         911816.432ms
  all_epoch             99.99%
  all_preparation        0.01%
all_preparation                109.202ms
  all_preparation_2     98.95%
  all_preparation_3      1.04%
epoch                       898963.709ms
  epoch_train           99.76%
  epoch_valid            0.17%
  epoch_pos_train        0.05%
  epoch_preparation      0.01%
