数据集总长度：1115394
Before CTE Training: train eu loss: 1.1252415180206299, eval eu loss: 1.461101770401001
Before CTE Training: train eu acc: 0.6404571533203125, eval eu acc: 0.56787109375
epoch   0 summary: train_cos_loss : 0.0524, train_cro_loss : 0.2113, train_tot_loss : 0.0535, valid_cos_loss : 0.0517, valid_cro_loss : 0.0000, valid_tot_loss : 0.0514, 
train loss: 4.1792, accuracy: 0.0610, valid loss: 4.3074, accuracy: 0.0249, 
epoch   1 summary: train_cos_loss : 0.0518, train_cro_loss : 0.1752, train_tot_loss : 0.0527, valid_cos_loss : 0.0517, valid_cro_loss : 0.0000, valid_tot_loss : 0.0513, 
epoch   2 summary: train_cos_loss : 0.0510, train_cro_loss : 0.1651, train_tot_loss : 0.0518, valid_cos_loss : 0.0518, valid_cro_loss : 0.0000, valid_tot_loss : 0.0515, 
epoch   3 summary: train_cos_loss : 0.0499, train_cro_loss : 0.1566, train_tot_loss : 0.0506, valid_cos_loss : 0.0507, valid_cro_loss : 0.0000, valid_tot_loss : 0.0503, 
epoch   4 summary: train_cos_loss : 0.0478, train_cro_loss : 0.1574, train_tot_loss : 0.0486, valid_cos_loss : 0.0462, valid_cro_loss : 0.0000, valid_tot_loss : 0.0459, 
epoch   5 summary: train_cos_loss : 0.0451, train_cro_loss : 0.1753, train_tot_loss : 0.0460, valid_cos_loss : 0.0460, valid_cro_loss : 0.0000, valid_tot_loss : 0.0456, 
epoch   6 summary: train_cos_loss : 0.0424, train_cro_loss : 0.2017, train_tot_loss : 0.0436, valid_cos_loss : 0.0431, valid_cro_loss : 0.0000, valid_tot_loss : 0.0428, 
epoch   7 summary: train_cos_loss : 0.0400, train_cro_loss : 0.2266, train_tot_loss : 0.0413, valid_cos_loss : 0.0392, valid_cro_loss : 0.0000, valid_tot_loss : 0.0389, 
epoch   8 summary: train_cos_loss : 0.0385, train_cro_loss : 0.2363, train_tot_loss : 0.0399, valid_cos_loss : 0.0362, valid_cro_loss : 0.0000, valid_tot_loss : 0.0360, 
epoch   9 summary: train_cos_loss : 0.0376, train_cro_loss : 0.2491, train_tot_loss : 0.0391, valid_cos_loss : 0.0347, valid_cro_loss : 0.0000, valid_tot_loss : 0.0345, 
epoch  10 summary: train_cos_loss : 0.0367, train_cro_loss : 0.2595, train_tot_loss : 0.0382, valid_cos_loss : 0.0360, valid_cro_loss : 0.0000, valid_tot_loss : 0.0357, 
train loss: 3.5661, accuracy: 0.1655, valid loss: 3.3971, accuracy: 0.1421, 
epoch  11 summary: train_cos_loss : 0.0365, train_cro_loss : 0.2541, train_tot_loss : 0.0380, valid_cos_loss : 0.0348, valid_cro_loss : 0.0000, valid_tot_loss : 0.0345, 
epoch  12 summary: train_cos_loss : 0.0364, train_cro_loss : 0.2538, train_tot_loss : 0.0379, valid_cos_loss : 0.0344, valid_cro_loss : 0.0000, valid_tot_loss : 0.0341, 
epoch  13 summary: train_cos_loss : 0.0364, train_cro_loss : 0.2491, train_tot_loss : 0.0379, valid_cos_loss : 0.0335, valid_cro_loss : 0.0000, valid_tot_loss : 0.0333, 
epoch  14 summary: train_cos_loss : 0.0361, train_cro_loss : 0.2475, train_tot_loss : 0.0376, valid_cos_loss : 0.0344, valid_cro_loss : 0.0000, valid_tot_loss : 0.0341, 
epoch  15 summary: train_cos_loss : 0.0366, train_cro_loss : 0.2913, train_tot_loss : 0.0383, valid_cos_loss : 0.0331, valid_cro_loss : 0.0000, valid_tot_loss : 0.0329, 
epoch  16 summary: train_cos_loss : 0.0361, train_cro_loss : 0.2422, train_tot_loss : 0.0375, valid_cos_loss : 0.0333, valid_cro_loss : 0.0000, valid_tot_loss : 0.0331, 
epoch  17 summary: train_cos_loss : 0.0359, train_cro_loss : 0.2420, train_tot_loss : 0.0373, valid_cos_loss : 0.0332, valid_cro_loss : 0.0000, valid_tot_loss : 0.0330, 
epoch  18 summary: train_cos_loss : 0.0358, train_cro_loss : 0.2427, train_tot_loss : 0.0373, valid_cos_loss : 0.0328, valid_cro_loss : 0.0000, valid_tot_loss : 0.0325, 
epoch  19 summary: train_cos_loss : 0.0361, train_cro_loss : 0.2387, train_tot_loss : 0.0375, valid_cos_loss : 0.0334, valid_cro_loss : 0.0000, valid_tot_loss : 0.0332, 
epoch  20 summary: train_cos_loss : 0.0388, train_cro_loss : 0.5230, train_tot_loss : 0.0422, valid_cos_loss : 0.0334, valid_cro_loss : 0.0000, valid_tot_loss : 0.0332, 
train loss: 3.1717, accuracy: 0.2562, valid loss: 3.0177, accuracy: 0.2280, 
epoch  21 summary: train_cos_loss : 0.0363, train_cro_loss : 0.5051, train_tot_loss : 0.0396, valid_cos_loss : 0.0319, valid_cro_loss : 0.0000, valid_tot_loss : 0.0317, 
epoch  22 summary: train_cos_loss : 0.0346, train_cro_loss : 0.4760, train_tot_loss : 0.0377, valid_cos_loss : 0.0310, valid_cro_loss : 0.0000, valid_tot_loss : 0.0308, 
epoch  23 summary: train_cos_loss : 0.0338, train_cro_loss : 0.4399, train_tot_loss : 0.0366, valid_cos_loss : 0.0306, valid_cro_loss : 0.0000, valid_tot_loss : 0.0304, 
epoch  24 summary: train_cos_loss : 0.0337, train_cro_loss : 0.3956, train_tot_loss : 0.0362, valid_cos_loss : 0.0303, valid_cro_loss : 0.0000, valid_tot_loss : 0.0301, 
epoch  25 summary: train_cos_loss : 0.0334, train_cro_loss : 0.3820, train_tot_loss : 0.0358, valid_cos_loss : 0.0306, valid_cro_loss : 0.0000, valid_tot_loss : 0.0304, 
epoch  26 summary: train_cos_loss : 0.0330, train_cro_loss : 0.3607, train_tot_loss : 0.0353, valid_cos_loss : 0.0303, valid_cro_loss : 0.0000, valid_tot_loss : 0.0301, 
epoch  27 summary: train_cos_loss : 0.0341, train_cro_loss : 0.3519, train_tot_loss : 0.0364, valid_cos_loss : 0.0302, valid_cro_loss : 0.0000, valid_tot_loss : 0.0299, 
epoch  28 summary: train_cos_loss : 0.0332, train_cro_loss : 0.3472, train_tot_loss : 0.0354, valid_cos_loss : 0.0299, valid_cro_loss : 0.0000, valid_tot_loss : 0.0297, 
epoch  29 summary: train_cos_loss : 0.0343, train_cro_loss : 0.3408, train_tot_loss : 0.0365, valid_cos_loss : 0.0298, valid_cro_loss : 0.0000, valid_tot_loss : 0.0296, 
epoch  30 summary: train_cos_loss : 0.0374, train_cro_loss : 0.3482, train_tot_loss : 0.0396, valid_cos_loss : 0.0305, valid_cro_loss : 0.0000, valid_tot_loss : 0.0303, 
train loss: 2.1992, accuracy: 0.5760, valid loss: 2.3383, accuracy: 0.3896, 
epoch  31 summary: train_cos_loss : 0.0353, train_cro_loss : 0.3550, train_tot_loss : 0.0375, valid_cos_loss : 0.0295, valid_cro_loss : 0.0000, valid_tot_loss : 0.0293, 
epoch  32 summary: train_cos_loss : 0.0352, train_cro_loss : 0.3536, train_tot_loss : 0.0374, valid_cos_loss : 0.0294, valid_cro_loss : 0.0000, valid_tot_loss : 0.0292, 
epoch  33 summary: train_cos_loss : 0.0344, train_cro_loss : 0.3440, train_tot_loss : 0.0365, valid_cos_loss : 0.0294, valid_cro_loss : 0.0000, valid_tot_loss : 0.0292, 
epoch  34 summary: train_cos_loss : 0.0341, train_cro_loss : 0.3404, train_tot_loss : 0.0362, valid_cos_loss : 0.0294, valid_cro_loss : 0.0000, valid_tot_loss : 0.0292, 
epoch  35 summary: train_cos_loss : 0.0342, train_cro_loss : 0.3319, train_tot_loss : 0.0363, valid_cos_loss : 0.0300, valid_cro_loss : 0.0000, valid_tot_loss : 0.0298, 
epoch  36 summary: train_cos_loss : 0.0344, train_cro_loss : 0.3295, train_tot_loss : 0.0364, valid_cos_loss : 0.0298, valid_cro_loss : 0.0000, valid_tot_loss : 0.0295, 
epoch  37 summary: train_cos_loss : 0.0352, train_cro_loss : 0.3245, train_tot_loss : 0.0372, valid_cos_loss : 0.0296, valid_cro_loss : 0.0000, valid_tot_loss : 0.0294, 
epoch  38 summary: train_cos_loss : 0.0346, train_cro_loss : 0.3232, train_tot_loss : 0.0367, valid_cos_loss : 0.0294, valid_cro_loss : 0.0000, valid_tot_loss : 0.0291, 
epoch  39 summary: train_cos_loss : 0.0341, train_cro_loss : 0.3159, train_tot_loss : 0.0360, valid_cos_loss : 0.0292, valid_cro_loss : 0.0000, valid_tot_loss : 0.0290, 
epoch  40 summary: train_cos_loss : 0.0339, train_cro_loss : 0.3254, train_tot_loss : 0.0360, valid_cos_loss : 0.0299, valid_cro_loss : 0.0000, valid_tot_loss : 0.0297, 
train loss: 2.1440, accuracy: 0.6036, valid loss: 2.2547, accuracy: 0.4082, 
epoch  41 summary: train_cos_loss : 0.0345, train_cro_loss : 0.3247, train_tot_loss : 0.0365, valid_cos_loss : 0.0297, valid_cro_loss : 0.0000, valid_tot_loss : 0.0295, 
epoch  42 summary: train_cos_loss : 0.0351, train_cro_loss : 0.3164, train_tot_loss : 0.0371, valid_cos_loss : 0.0295, valid_cro_loss : 0.0000, valid_tot_loss : 0.0293, 
epoch  43 summary: train_cos_loss : 0.0343, train_cro_loss : 0.3100, train_tot_loss : 0.0362, valid_cos_loss : 0.0291, valid_cro_loss : 0.0000, valid_tot_loss : 0.0289, 
epoch  44 summary: train_cos_loss : 0.0341, train_cro_loss : 0.3120, train_tot_loss : 0.0361, valid_cos_loss : 0.0291, valid_cro_loss : 0.0000, valid_tot_loss : 0.0289, 
epoch  45 summary: train_cos_loss : 0.0371, train_cro_loss : 0.3299, train_tot_loss : 0.0391, valid_cos_loss : 0.0298, valid_cro_loss : 0.0000, valid_tot_loss : 0.0296, 
epoch  46 summary: train_cos_loss : 0.0355, train_cro_loss : 0.3286, train_tot_loss : 0.0375, valid_cos_loss : 0.0290, valid_cro_loss : 0.0000, valid_tot_loss : 0.0288, 
epoch  47 summary: train_cos_loss : 0.0342, train_cro_loss : 0.3290, train_tot_loss : 0.0363, valid_cos_loss : 0.0290, valid_cro_loss : 0.0000, valid_tot_loss : 0.0288, 
epoch  48 summary: train_cos_loss : 0.0339, train_cro_loss : 0.3300, train_tot_loss : 0.0360, valid_cos_loss : 0.0291, valid_cro_loss : 0.0000, valid_tot_loss : 0.0289, 
epoch  49 summary: train_cos_loss : 0.0336, train_cro_loss : 0.3297, train_tot_loss : 0.0357, valid_cos_loss : 0.0292, valid_cro_loss : 0.0000, valid_tot_loss : 0.0290, 
epoch  50 summary: train_cos_loss : 0.0337, train_cro_loss : 0.3259, train_tot_loss : 0.0358, valid_cos_loss : 0.0299, valid_cro_loss : 0.0000, valid_tot_loss : 0.0297, 
train loss: 2.2012, accuracy: 0.5986, valid loss: 2.3741, accuracy: 0.3867, 
epoch  51 summary: train_cos_loss : 0.0331, train_cro_loss : 0.3222, train_tot_loss : 0.0352, valid_cos_loss : 0.0297, valid_cro_loss : 0.0000, valid_tot_loss : 0.0295, 
epoch  52 summary: train_cos_loss : 0.0326, train_cro_loss : 0.3275, train_tot_loss : 0.0347, valid_cos_loss : 0.0296, valid_cro_loss : 0.0000, valid_tot_loss : 0.0294, 
epoch  53 summary: train_cos_loss : 0.0329, train_cro_loss : 0.3280, train_tot_loss : 0.0350, valid_cos_loss : 0.0297, valid_cro_loss : 0.0000, valid_tot_loss : 0.0295, 
epoch  54 summary: train_cos_loss : 0.0327, train_cro_loss : 0.3174, train_tot_loss : 0.0347, valid_cos_loss : 0.0297, valid_cro_loss : 0.0000, valid_tot_loss : 0.0295, 
epoch  55 summary: train_cos_loss : 0.0334, train_cro_loss : 0.3079, train_tot_loss : 0.0353, valid_cos_loss : 0.0305, valid_cro_loss : 0.0000, valid_tot_loss : 0.0303, 
epoch  56 summary: train_cos_loss : 0.0327, train_cro_loss : 0.3090, train_tot_loss : 0.0347, valid_cos_loss : 0.0303, valid_cro_loss : 0.0000, valid_tot_loss : 0.0300, 
epoch  57 summary: train_cos_loss : 0.0340, train_cro_loss : 0.2957, train_tot_loss : 0.0358, valid_cos_loss : 0.0301, valid_cro_loss : 0.0000, valid_tot_loss : 0.0299, 
epoch  58 summary: train_cos_loss : 0.0335, train_cro_loss : 0.3228, train_tot_loss : 0.0355, valid_cos_loss : 0.0299, valid_cro_loss : 0.0000, valid_tot_loss : 0.0297, 
epoch  59 summary: train_cos_loss : 0.0341, train_cro_loss : 0.3240, train_tot_loss : 0.0362, valid_cos_loss : 0.0299, valid_cro_loss : 0.0000, valid_tot_loss : 0.0297, 
epoch  60 summary: train_cos_loss : 0.0376, train_cro_loss : 0.3344, train_tot_loss : 0.0397, valid_cos_loss : 0.0307, valid_cro_loss : 0.0000, valid_tot_loss : 0.0305, 
train loss: 2.1028, accuracy: 0.5873, valid loss: 2.3837, accuracy: 0.3848, 
epoch  61 summary: train_cos_loss : 0.0357, train_cro_loss : 0.3452, train_tot_loss : 0.0379, valid_cos_loss : 0.0298, valid_cro_loss : 0.0000, valid_tot_loss : 0.0296, 
epoch  62 summary: train_cos_loss : 0.0348, train_cro_loss : 0.3397, train_tot_loss : 0.0370, valid_cos_loss : 0.0296, valid_cro_loss : 0.0000, valid_tot_loss : 0.0294, 
epoch  63 summary: train_cos_loss : 0.0340, train_cro_loss : 0.3264, train_tot_loss : 0.0360, valid_cos_loss : 0.0295, valid_cro_loss : 0.0000, valid_tot_loss : 0.0293, 
epoch  64 summary: train_cos_loss : 0.0349, train_cro_loss : 0.3219, train_tot_loss : 0.0369, valid_cos_loss : 0.0296, valid_cro_loss : 0.0000, valid_tot_loss : 0.0294, 
epoch  65 summary: train_cos_loss : 0.0338, train_cro_loss : 0.3219, train_tot_loss : 0.0358, valid_cos_loss : 0.0300, valid_cro_loss : 0.0000, valid_tot_loss : 0.0298, 
epoch  66 summary: train_cos_loss : 0.0336, train_cro_loss : 0.3107, train_tot_loss : 0.0356, valid_cos_loss : 0.0298, valid_cro_loss : 0.0000, valid_tot_loss : 0.0296, 
epoch  67 summary: train_cos_loss : 0.0335, train_cro_loss : 0.3229, train_tot_loss : 0.0355, valid_cos_loss : 0.0297, valid_cro_loss : 0.0000, valid_tot_loss : 0.0294, 
epoch  68 summary: train_cos_loss : 0.0331, train_cro_loss : 0.3149, train_tot_loss : 0.0350, valid_cos_loss : 0.0295, valid_cro_loss : 0.0000, valid_tot_loss : 0.0293, 
epoch  69 summary: train_cos_loss : 0.0336, train_cro_loss : 0.3116, train_tot_loss : 0.0355, valid_cos_loss : 0.0295, valid_cro_loss : 0.0000, valid_tot_loss : 0.0293, 
epoch  70 summary: train_cos_loss : 0.0331, train_cro_loss : 0.3046, train_tot_loss : 0.0350, valid_cos_loss : 0.0305, valid_cro_loss : 0.0000, valid_tot_loss : 0.0303, 
train loss: 2.1153, accuracy: 0.6308, valid loss: 2.2761, accuracy: 0.4009, 
epoch  71 summary: train_cos_loss : 0.0345, train_cro_loss : 0.3069, train_tot_loss : 0.0364, valid_cos_loss : 0.0303, valid_cro_loss : 0.0000, valid_tot_loss : 0.0300, 
epoch  72 summary: train_cos_loss : 0.0338, train_cro_loss : 0.2997, train_tot_loss : 0.0357, valid_cos_loss : 0.0299, valid_cro_loss : 0.0000, valid_tot_loss : 0.0297, 
epoch  73 summary: train_cos_loss : 0.0339, train_cro_loss : 0.2910, train_tot_loss : 0.0357, valid_cos_loss : 0.0296, valid_cro_loss : 0.0000, valid_tot_loss : 0.0294, 
epoch  74 summary: train_cos_loss : 0.0345, train_cro_loss : 0.2927, train_tot_loss : 0.0363, valid_cos_loss : 0.0296, valid_cro_loss : 0.0000, valid_tot_loss : 0.0294, 
epoch  75 summary: train_cos_loss : 0.0367, train_cro_loss : 0.3217, train_tot_loss : 0.0387, valid_cos_loss : 0.0301, valid_cro_loss : 0.0000, valid_tot_loss : 0.0299, 
epoch  76 summary: train_cos_loss : 0.0353, train_cro_loss : 0.3240, train_tot_loss : 0.0373, valid_cos_loss : 0.0291, valid_cro_loss : 0.0000, valid_tot_loss : 0.0289, 
epoch  77 summary: train_cos_loss : 0.0346, train_cro_loss : 0.3161, train_tot_loss : 0.0366, valid_cos_loss : 0.0289, valid_cro_loss : 0.0000, valid_tot_loss : 0.0287, 
epoch  78 summary: train_cos_loss : 0.0343, train_cro_loss : 0.3130, train_tot_loss : 0.0363, valid_cos_loss : 0.0289, valid_cro_loss : 0.0000, valid_tot_loss : 0.0287, 
epoch  79 summary: train_cos_loss : 0.0336, train_cro_loss : 0.3152, train_tot_loss : 0.0356, valid_cos_loss : 0.0289, valid_cro_loss : 0.0000, valid_tot_loss : 0.0287, 
epoch  80 summary: train_cos_loss : 0.0350, train_cro_loss : 0.3160, train_tot_loss : 0.0369, valid_cos_loss : 0.0297, valid_cro_loss : 0.0000, valid_tot_loss : 0.0295, 
train loss: 2.0952, accuracy: 0.6207, valid loss: 2.2124, accuracy: 0.4243, 
epoch  81 summary: train_cos_loss : 0.0342, train_cro_loss : 0.3243, train_tot_loss : 0.0362, valid_cos_loss : 0.0295, valid_cro_loss : 0.0000, valid_tot_loss : 0.0293, 
epoch  82 summary: train_cos_loss : 0.0332, train_cro_loss : 0.3152, train_tot_loss : 0.0352, valid_cos_loss : 0.0294, valid_cro_loss : 0.0000, valid_tot_loss : 0.0292, 
epoch  83 summary: train_cos_loss : 0.0332, train_cro_loss : 0.3022, train_tot_loss : 0.0350, valid_cos_loss : 0.0294, valid_cro_loss : 0.0000, valid_tot_loss : 0.0292, 
epoch  84 summary: train_cos_loss : 0.0330, train_cro_loss : 0.3074, train_tot_loss : 0.0349, valid_cos_loss : 0.0294, valid_cro_loss : 0.0000, valid_tot_loss : 0.0292, 
epoch  85 summary: train_cos_loss : 0.0327, train_cro_loss : 0.3067, train_tot_loss : 0.0347, valid_cos_loss : 0.0301, valid_cro_loss : 0.0000, valid_tot_loss : 0.0299, 
epoch  86 summary: train_cos_loss : 0.0340, train_cro_loss : 0.2999, train_tot_loss : 0.0359, valid_cos_loss : 0.0300, valid_cro_loss : 0.0000, valid_tot_loss : 0.0298, 
epoch  87 summary: train_cos_loss : 0.0332, train_cro_loss : 0.3006, train_tot_loss : 0.0350, valid_cos_loss : 0.0297, valid_cro_loss : 0.0000, valid_tot_loss : 0.0295, 
epoch  88 summary: train_cos_loss : 0.0331, train_cro_loss : 0.2950, train_tot_loss : 0.0349, valid_cos_loss : 0.0297, valid_cro_loss : 0.0000, valid_tot_loss : 0.0295, 
epoch  89 summary: train_cos_loss : 0.0330, train_cro_loss : 0.2948, train_tot_loss : 0.0348, valid_cos_loss : 0.0296, valid_cro_loss : 0.0000, valid_tot_loss : 0.0294, 
epoch  90 summary: train_cos_loss : 0.0349, train_cro_loss : 0.3124, train_tot_loss : 0.0368, valid_cos_loss : 0.0305, valid_cro_loss : 0.0000, valid_tot_loss : 0.0303, 
train loss: 2.0102, accuracy: 0.6404, valid loss: 2.2755, accuracy: 0.3984, 
epoch  91 summary: train_cos_loss : 0.0340, train_cro_loss : 0.3079, train_tot_loss : 0.0359, valid_cos_loss : 0.0296, valid_cro_loss : 0.0000, valid_tot_loss : 0.0294, 
epoch  92 summary: train_cos_loss : 0.0334, train_cro_loss : 0.3051, train_tot_loss : 0.0353, valid_cos_loss : 0.0296, valid_cro_loss : 0.0000, valid_tot_loss : 0.0294, 
epoch  93 summary: train_cos_loss : 0.0331, train_cro_loss : 0.2938, train_tot_loss : 0.0349, valid_cos_loss : 0.0295, valid_cro_loss : 0.0000, valid_tot_loss : 0.0293, 
epoch  94 summary: train_cos_loss : 0.0332, train_cro_loss : 0.3201, train_tot_loss : 0.0352, valid_cos_loss : 0.0296, valid_cro_loss : 0.0000, valid_tot_loss : 0.0294, 
epoch  95 summary: train_cos_loss : 0.0329, train_cro_loss : 0.3109, train_tot_loss : 0.0349, valid_cos_loss : 0.0303, valid_cro_loss : 0.0000, valid_tot_loss : 0.0300, 
epoch  96 summary: train_cos_loss : 0.0341, train_cro_loss : 0.3123, train_tot_loss : 0.0360, valid_cos_loss : 0.0301, valid_cro_loss : 0.0000, valid_tot_loss : 0.0299, 
epoch  97 summary: train_cos_loss : 0.0338, train_cro_loss : 0.3098, train_tot_loss : 0.0358, valid_cos_loss : 0.0298, valid_cro_loss : 0.0000, valid_tot_loss : 0.0296, 
epoch  98 summary: train_cos_loss : 0.0334, train_cro_loss : 0.3036, train_tot_loss : 0.0353, valid_cos_loss : 0.0296, valid_cro_loss : 0.0000, valid_tot_loss : 0.0294, 
epoch  99 summary: train_cos_loss : 0.0338, train_cro_loss : 0.2981, train_tot_loss : 0.0357, valid_cos_loss : 0.0296, valid_cro_loss : 0.0000, valid_tot_loss : 0.0294, 
epoch 100 summary: train_cos_loss : 0.0332, train_cro_loss : 0.2924, train_tot_loss : 0.0350, valid_cos_loss : 0.0303, valid_cro_loss : 0.0000, valid_tot_loss : 0.0301, 
train loss: 2.0317, accuracy: 0.6446, valid loss: 2.2422, accuracy: 0.4126, 
epoch 101 summary: train_cos_loss : 0.0329, train_cro_loss : 0.2942, train_tot_loss : 0.0348, valid_cos_loss : 0.0300, valid_cro_loss : 0.0000, valid_tot_loss : 0.0298, 
epoch 102 summary: train_cos_loss : 0.0338, train_cro_loss : 0.2930, train_tot_loss : 0.0357, valid_cos_loss : 0.0299, valid_cro_loss : 0.0000, valid_tot_loss : 0.0297, 
epoch 103 summary: train_cos_loss : 0.0343, train_cro_loss : 0.2957, train_tot_loss : 0.0362, valid_cos_loss : 0.0298, valid_cro_loss : 0.0000, valid_tot_loss : 0.0296, 
epoch 104 summary: train_cos_loss : 0.0340, train_cro_loss : 0.2957, train_tot_loss : 0.0358, valid_cos_loss : 0.0295, valid_cro_loss : 0.0000, valid_tot_loss : 0.0293, 
epoch 105 summary: train_cos_loss : 0.0352, train_cro_loss : 0.3159, train_tot_loss : 0.0372, valid_cos_loss : 0.0303, valid_cro_loss : 0.0000, valid_tot_loss : 0.0301, 
epoch 106 summary: train_cos_loss : 0.0337, train_cro_loss : 0.3068, train_tot_loss : 0.0356, valid_cos_loss : 0.0296, valid_cro_loss : 0.0000, valid_tot_loss : 0.0294, 
epoch 107 summary: train_cos_loss : 0.0338, train_cro_loss : 0.3038, train_tot_loss : 0.0357, valid_cos_loss : 0.0296, valid_cro_loss : 0.0000, valid_tot_loss : 0.0294, 
epoch 108 summary: train_cos_loss : 0.0332, train_cro_loss : 0.3020, train_tot_loss : 0.0350, valid_cos_loss : 0.0295, valid_cro_loss : 0.0000, valid_tot_loss : 0.0293, 
epoch 109 summary: train_cos_loss : 0.0331, train_cro_loss : 0.3016, train_tot_loss : 0.0350, valid_cos_loss : 0.0295, valid_cro_loss : 0.0000, valid_tot_loss : 0.0293, 
epoch 110 summary: train_cos_loss : 0.0329, train_cro_loss : 0.2954, train_tot_loss : 0.0347, valid_cos_loss : 0.0302, valid_cro_loss : 0.0000, valid_tot_loss : 0.0300, 
train loss: 2.0521, accuracy: 0.6490, valid loss: 2.3157, accuracy: 0.3999, 
epoch 111 summary: train_cos_loss : 0.0332, train_cro_loss : 0.2932, train_tot_loss : 0.0350, valid_cos_loss : 0.0300, valid_cro_loss : 0.0000, valid_tot_loss : 0.0298, 
epoch 112 summary: train_cos_loss : 0.0327, train_cro_loss : 0.2977, train_tot_loss : 0.0346, valid_cos_loss : 0.0299, valid_cro_loss : 0.0000, valid_tot_loss : 0.0297, 
epoch 113 summary: train_cos_loss : 0.0332, train_cro_loss : 0.2904, train_tot_loss : 0.0350, valid_cos_loss : 0.0298, valid_cro_loss : 0.0000, valid_tot_loss : 0.0296, 
epoch 114 summary: train_cos_loss : 0.0328, train_cro_loss : 0.2870, train_tot_loss : 0.0346, valid_cos_loss : 0.0298, valid_cro_loss : 0.0000, valid_tot_loss : 0.0296, 
epoch 115 summary: train_cos_loss : 0.0332, train_cro_loss : 0.2946, train_tot_loss : 0.0350, valid_cos_loss : 0.0304, valid_cro_loss : 0.0000, valid_tot_loss : 0.0302, 
epoch 116 summary: train_cos_loss : 0.0342, train_cro_loss : 0.2886, train_tot_loss : 0.0360, valid_cos_loss : 0.0301, valid_cro_loss : 0.0000, valid_tot_loss : 0.0299, 
epoch 117 summary: train_cos_loss : 0.0329, train_cro_loss : 0.2910, train_tot_loss : 0.0347, valid_cos_loss : 0.0299, valid_cro_loss : 0.0000, valid_tot_loss : 0.0296, 
epoch 118 summary: train_cos_loss : 0.0330, train_cro_loss : 0.2849, train_tot_loss : 0.0347, valid_cos_loss : 0.0297, valid_cro_loss : 0.0000, valid_tot_loss : 0.0295, 
epoch 119 summary: train_cos_loss : 0.0350, train_cro_loss : 0.2831, train_tot_loss : 0.0367, valid_cos_loss : 0.0296, valid_cro_loss : 0.0000, valid_tot_loss : 0.0294, 
epoch 120 summary: train_cos_loss : 0.0360, train_cro_loss : 0.3129, train_tot_loss : 0.0379, valid_cos_loss : 0.0303, valid_cro_loss : 0.0000, valid_tot_loss : 0.0300, 
train loss: 2.0076, accuracy: 0.6383, valid loss: 2.3444, accuracy: 0.4229, 
epoch 121 summary: train_cos_loss : 0.0343, train_cro_loss : 0.3053, train_tot_loss : 0.0362, valid_cos_loss : 0.0294, valid_cro_loss : 0.0000, valid_tot_loss : 0.0292, 
epoch 122 summary: train_cos_loss : 0.0342, train_cro_loss : 0.3131, train_tot_loss : 0.0361, valid_cos_loss : 0.0294, valid_cro_loss : 0.0000, valid_tot_loss : 0.0292, 
epoch 123 summary: train_cos_loss : 0.0333, train_cro_loss : 0.3103, train_tot_loss : 0.0353, valid_cos_loss : 0.0293, valid_cro_loss : 0.0000, valid_tot_loss : 0.0291, 
epoch 124 summary: train_cos_loss : 0.0340, train_cro_loss : 0.3055, train_tot_loss : 0.0359, valid_cos_loss : 0.0293, valid_cro_loss : 0.0000, valid_tot_loss : 0.0291, 
epoch 125 summary: train_cos_loss : 0.0335, train_cro_loss : 0.2986, train_tot_loss : 0.0354, valid_cos_loss : 0.0298, valid_cro_loss : 0.0000, valid_tot_loss : 0.0296, 
epoch 126 summary: train_cos_loss : 0.0333, train_cro_loss : 0.3033, train_tot_loss : 0.0352, valid_cos_loss : 0.0296, valid_cro_loss : 0.0000, valid_tot_loss : 0.0294, 
epoch 127 summary: train_cos_loss : 0.0328, train_cro_loss : 0.3022, train_tot_loss : 0.0346, valid_cos_loss : 0.0295, valid_cro_loss : 0.0000, valid_tot_loss : 0.0293, 
epoch 128 summary: train_cos_loss : 0.0330, train_cro_loss : 0.2969, train_tot_loss : 0.0349, valid_cos_loss : 0.0295, valid_cro_loss : 0.0000, valid_tot_loss : 0.0293, 
epoch 129 summary: train_cos_loss : 0.0332, train_cro_loss : 0.2960, train_tot_loss : 0.0350, valid_cos_loss : 0.0295, valid_cro_loss : 0.0000, valid_tot_loss : 0.0293, 
epoch 130 summary: train_cos_loss : 0.0341, train_cro_loss : 0.2983, train_tot_loss : 0.0360, valid_cos_loss : 0.0303, valid_cro_loss : 0.0000, valid_tot_loss : 0.0301, 
train loss: 2.0306, accuracy: 0.6434, valid loss: 2.2607, accuracy: 0.4189, 
epoch 131 summary: train_cos_loss : 0.0333, train_cro_loss : 0.2941, train_tot_loss : 0.0351, valid_cos_loss : 0.0300, valid_cro_loss : 0.0000, valid_tot_loss : 0.0298, 
epoch 132 summary: train_cos_loss : 0.0332, train_cro_loss : 0.2930, train_tot_loss : 0.0350, valid_cos_loss : 0.0299, valid_cro_loss : 0.0000, valid_tot_loss : 0.0297, 
epoch 133 summary: train_cos_loss : 0.0349, train_cro_loss : 0.2925, train_tot_loss : 0.0367, valid_cos_loss : 0.0298, valid_cro_loss : 0.0000, valid_tot_loss : 0.0296, 
epoch 134 summary: train_cos_loss : 0.0337, train_cro_loss : 0.3020, train_tot_loss : 0.0355, valid_cos_loss : 0.0296, valid_cro_loss : 0.0000, valid_tot_loss : 0.0294, 
epoch 135 summary: train_cos_loss : 0.0365, train_cro_loss : 0.3216, train_tot_loss : 0.0385, valid_cos_loss : 0.0304, valid_cro_loss : 0.0000, valid_tot_loss : 0.0302, 
epoch 136 summary: train_cos_loss : 0.0353, train_cro_loss : 0.3195, train_tot_loss : 0.0372, valid_cos_loss : 0.0296, valid_cro_loss : 0.0000, valid_tot_loss : 0.0294, 
epoch 137 summary: train_cos_loss : 0.0340, train_cro_loss : 0.3210, train_tot_loss : 0.0360, valid_cos_loss : 0.0294, valid_cro_loss : 0.0000, valid_tot_loss : 0.0292, 
epoch 138 summary: train_cos_loss : 0.0331, train_cro_loss : 0.3146, train_tot_loss : 0.0351, valid_cos_loss : 0.0294, valid_cro_loss : 0.0000, valid_tot_loss : 0.0292, 
epoch 139 summary: train_cos_loss : 0.0325, train_cro_loss : 0.3104, train_tot_loss : 0.0344, valid_cos_loss : 0.0295, valid_cro_loss : 0.0000, valid_tot_loss : 0.0293, 
epoch 140 summary: train_cos_loss : 0.0331, train_cro_loss : 0.3025, train_tot_loss : 0.0350, valid_cos_loss : 0.0302, valid_cro_loss : 0.0000, valid_tot_loss : 0.0300, 
train loss: 2.1115, accuracy: 0.6240, valid loss: 2.2759, accuracy: 0.4048, 
epoch 141 summary: train_cos_loss : 0.0339, train_cro_loss : 0.3033, train_tot_loss : 0.0358, valid_cos_loss : 0.0299, valid_cro_loss : 0.0000, valid_tot_loss : 0.0297, 
epoch 142 summary: train_cos_loss : 0.0338, train_cro_loss : 0.3055, train_tot_loss : 0.0357, valid_cos_loss : 0.0298, valid_cro_loss : 0.0000, valid_tot_loss : 0.0296, 
epoch 143 summary: train_cos_loss : 0.0348, train_cro_loss : 0.3103, train_tot_loss : 0.0367, valid_cos_loss : 0.0297, valid_cro_loss : 0.0000, valid_tot_loss : 0.0295, 
epoch 144 summary: train_cos_loss : 0.0338, train_cro_loss : 0.3043, train_tot_loss : 0.0357, valid_cos_loss : 0.0296, valid_cro_loss : 0.0000, valid_tot_loss : 0.0294, 
epoch 145 summary: train_cos_loss : 0.0344, train_cro_loss : 0.3114, train_tot_loss : 0.0363, valid_cos_loss : 0.0303, valid_cro_loss : 0.0000, valid_tot_loss : 0.0301, 
epoch 146 summary: train_cos_loss : 0.0338, train_cro_loss : 0.3135, train_tot_loss : 0.0358, valid_cos_loss : 0.0299, valid_cro_loss : 0.0000, valid_tot_loss : 0.0297, 
epoch 147 summary: train_cos_loss : 0.0344, train_cro_loss : 0.3037, train_tot_loss : 0.0363, valid_cos_loss : 0.0297, valid_cro_loss : 0.0000, valid_tot_loss : 0.0295, 
epoch 148 summary: train_cos_loss : 0.0339, train_cro_loss : 0.3083, train_tot_loss : 0.0359, valid_cos_loss : 0.0296, valid_cro_loss : 0.0000, valid_tot_loss : 0.0294, 
epoch 149 summary: train_cos_loss : 0.0338, train_cro_loss : 0.3051, train_tot_loss : 0.0357, valid_cos_loss : 0.0294, valid_cro_loss : 0.0000, valid_tot_loss : 0.0292, 
epoch 150 summary: train_cos_loss : 0.0355, train_cro_loss : 0.3301, train_tot_loss : 0.0376, valid_cos_loss : 0.0300, valid_cro_loss : 0.0000, valid_tot_loss : 0.0298, 
train loss: 2.1343, accuracy: 0.6043, valid loss: 2.3328, accuracy: 0.3916, 
epoch 151 summary: train_cos_loss : 0.0340, train_cro_loss : 0.3387, train_tot_loss : 0.0362, valid_cos_loss : 0.0293, valid_cro_loss : 0.0000, valid_tot_loss : 0.0290, 
epoch 152 summary: train_cos_loss : 0.0333, train_cro_loss : 0.3282, train_tot_loss : 0.0353, valid_cos_loss : 0.0293, valid_cro_loss : 0.0000, valid_tot_loss : 0.0291, 
epoch 153 summary: train_cos_loss : 0.0331, train_cro_loss : 0.3234, train_tot_loss : 0.0352, valid_cos_loss : 0.0293, valid_cro_loss : 0.0000, valid_tot_loss : 0.0291, 
epoch 154 summary: train_cos_loss : 0.0340, train_cro_loss : 0.3147, train_tot_loss : 0.0360, valid_cos_loss : 0.0294, valid_cro_loss : 0.0000, valid_tot_loss : 0.0292, 
epoch 155 summary: train_cos_loss : 0.0332, train_cro_loss : 0.3096, train_tot_loss : 0.0351, valid_cos_loss : 0.0301, valid_cro_loss : 0.0000, valid_tot_loss : 0.0299, 
epoch 156 summary: train_cos_loss : 0.0332, train_cro_loss : 0.3046, train_tot_loss : 0.0351, valid_cos_loss : 0.0299, valid_cro_loss : 0.0000, valid_tot_loss : 0.0297, 
epoch 157 summary: train_cos_loss : 0.0332, train_cro_loss : 0.3207, train_tot_loss : 0.0352, valid_cos_loss : 0.0298, valid_cro_loss : 0.0000, valid_tot_loss : 0.0296, 
epoch 158 summary: train_cos_loss : 0.0330, train_cro_loss : 0.3093, train_tot_loss : 0.0350, valid_cos_loss : 0.0297, valid_cro_loss : 0.0000, valid_tot_loss : 0.0295, 
epoch 159 summary: train_cos_loss : 0.0334, train_cro_loss : 0.3062, train_tot_loss : 0.0354, valid_cos_loss : 0.0296, valid_cro_loss : 0.0000, valid_tot_loss : 0.0294, 
epoch 160 summary: train_cos_loss : 0.0331, train_cro_loss : 0.2974, train_tot_loss : 0.0349, valid_cos_loss : 0.0304, valid_cro_loss : 0.0000, valid_tot_loss : 0.0302, 
train loss: 2.0527, accuracy: 0.6520, valid loss: 2.2547, accuracy: 0.4141, 
epoch 161 summary: train_cos_loss : 0.0337, train_cro_loss : 0.2866, train_tot_loss : 0.0355, valid_cos_loss : 0.0302, valid_cro_loss : 0.0000, valid_tot_loss : 0.0300, 
epoch 162 summary: train_cos_loss : 0.0329, train_cro_loss : 0.2880, train_tot_loss : 0.0347, valid_cos_loss : 0.0299, valid_cro_loss : 0.0000, valid_tot_loss : 0.0297, 
epoch 163 summary: train_cos_loss : 0.0328, train_cro_loss : 0.2827, train_tot_loss : 0.0345, valid_cos_loss : 0.0299, valid_cro_loss : 0.0000, valid_tot_loss : 0.0297, 
epoch 164 summary: train_cos_loss : 0.0325, train_cro_loss : 0.2817, train_tot_loss : 0.0343, valid_cos_loss : 0.0298, valid_cro_loss : 0.0000, valid_tot_loss : 0.0295, 
epoch 165 summary: train_cos_loss : 0.0365, train_cro_loss : 0.3054, train_tot_loss : 0.0384, valid_cos_loss : 0.0304, valid_cro_loss : 0.0000, valid_tot_loss : 0.0302, 
epoch 166 summary: train_cos_loss : 0.0351, train_cro_loss : 0.3047, train_tot_loss : 0.0370, valid_cos_loss : 0.0295, valid_cro_loss : 0.0000, valid_tot_loss : 0.0293, 
epoch 167 summary: train_cos_loss : 0.0340, train_cro_loss : 0.3076, train_tot_loss : 0.0360, valid_cos_loss : 0.0294, valid_cro_loss : 0.0000, valid_tot_loss : 0.0292, 
epoch 168 summary: train_cos_loss : 0.0338, train_cro_loss : 0.3065, train_tot_loss : 0.0358, valid_cos_loss : 0.0294, valid_cro_loss : 0.0000, valid_tot_loss : 0.0292, 
epoch 169 summary: train_cos_loss : 0.0335, train_cro_loss : 0.3001, train_tot_loss : 0.0354, valid_cos_loss : 0.0293, valid_cro_loss : 0.0000, valid_tot_loss : 0.0291, 
epoch 170 summary: train_cos_loss : 0.0336, train_cro_loss : 0.3065, train_tot_loss : 0.0355, valid_cos_loss : 0.0300, valid_cro_loss : 0.0000, valid_tot_loss : 0.0298, 
train loss: 2.0684, accuracy: 0.6414, valid loss: 2.3554, accuracy: 0.4082, 
epoch 171 summary: train_cos_loss : 0.0328, train_cro_loss : 0.3015, train_tot_loss : 0.0347, valid_cos_loss : 0.0298, valid_cro_loss : 0.0000, valid_tot_loss : 0.0296, 
epoch 172 summary: train_cos_loss : 0.0325, train_cro_loss : 0.2927, train_tot_loss : 0.0344, valid_cos_loss : 0.0297, valid_cro_loss : 0.0000, valid_tot_loss : 0.0295, 
epoch 173 summary: train_cos_loss : 0.0330, train_cro_loss : 0.2983, train_tot_loss : 0.0348, valid_cos_loss : 0.0297, valid_cro_loss : 0.0000, valid_tot_loss : 0.0294, 
epoch 174 summary: train_cos_loss : 0.0325, train_cro_loss : 0.2909, train_tot_loss : 0.0343, valid_cos_loss : 0.0296, valid_cro_loss : 0.0000, valid_tot_loss : 0.0294, 
epoch 175 summary: train_cos_loss : 0.0328, train_cro_loss : 0.2868, train_tot_loss : 0.0346, valid_cos_loss : 0.0305, valid_cro_loss : 0.0000, valid_tot_loss : 0.0303, 
epoch 176 summary: train_cos_loss : 0.0340, train_cro_loss : 0.2853, train_tot_loss : 0.0357, valid_cos_loss : 0.0302, valid_cro_loss : 0.0000, valid_tot_loss : 0.0300, 
epoch 177 summary: train_cos_loss : 0.0337, train_cro_loss : 0.2884, train_tot_loss : 0.0354, valid_cos_loss : 0.0299, valid_cro_loss : 0.0000, valid_tot_loss : 0.0297, 
epoch 178 summary: train_cos_loss : 0.0336, train_cro_loss : 0.2933, train_tot_loss : 0.0355, valid_cos_loss : 0.0297, valid_cro_loss : 0.0000, valid_tot_loss : 0.0295, 
epoch 179 summary: train_cos_loss : 0.0331, train_cro_loss : 0.2951, train_tot_loss : 0.0349, valid_cos_loss : 0.0296, valid_cro_loss : 0.0000, valid_tot_loss : 0.0294, 
epoch 180 summary: train_cos_loss : 0.0364, train_cro_loss : 0.3104, train_tot_loss : 0.0383, valid_cos_loss : 0.0304, valid_cro_loss : 0.0000, valid_tot_loss : 0.0301, 
train loss: 1.9994, accuracy: 0.6433, valid loss: 2.3117, accuracy: 0.4053, 
epoch 181 summary: train_cos_loss : 0.0346, train_cro_loss : 0.3124, train_tot_loss : 0.0365, valid_cos_loss : 0.0294, valid_cro_loss : 0.0000, valid_tot_loss : 0.0292, 
epoch 182 summary: train_cos_loss : 0.0335, train_cro_loss : 0.3139, train_tot_loss : 0.0354, valid_cos_loss : 0.0294, valid_cro_loss : 0.0000, valid_tot_loss : 0.0292, 
epoch 183 summary: train_cos_loss : 0.0330, train_cro_loss : 0.3110, train_tot_loss : 0.0349, valid_cos_loss : 0.0294, valid_cro_loss : 0.0000, valid_tot_loss : 0.0292, 
epoch 184 summary: train_cos_loss : 0.0326, train_cro_loss : 0.3106, train_tot_loss : 0.0346, valid_cos_loss : 0.0295, valid_cro_loss : 0.0000, valid_tot_loss : 0.0293, 
epoch 185 summary: train_cos_loss : 0.0329, train_cro_loss : 0.3108, train_tot_loss : 0.0348, valid_cos_loss : 0.0302, valid_cro_loss : 0.0000, valid_tot_loss : 0.0300, 
epoch 186 summary: train_cos_loss : 0.0331, train_cro_loss : 0.3092, train_tot_loss : 0.0351, valid_cos_loss : 0.0300, valid_cro_loss : 0.0000, valid_tot_loss : 0.0297, 
epoch 187 summary: train_cos_loss : 0.0328, train_cro_loss : 0.3005, train_tot_loss : 0.0347, valid_cos_loss : 0.0299, valid_cro_loss : 0.0000, valid_tot_loss : 0.0297, 
epoch 188 summary: train_cos_loss : 0.0335, train_cro_loss : 0.2934, train_tot_loss : 0.0353, valid_cos_loss : 0.0298, valid_cro_loss : 0.0000, valid_tot_loss : 0.0296, 
epoch 189 summary: train_cos_loss : 0.0345, train_cro_loss : 0.3032, train_tot_loss : 0.0364, valid_cos_loss : 0.0298, valid_cro_loss : 0.0000, valid_tot_loss : 0.0295, 
epoch 190 summary: train_cos_loss : 0.0335, train_cro_loss : 0.3029, train_tot_loss : 0.0354, valid_cos_loss : 0.0304, valid_cro_loss : 0.0000, valid_tot_loss : 0.0302, 
train loss: 2.0523, accuracy: 0.6423, valid loss: 2.2795, accuracy: 0.4033, 
epoch 191 summary: train_cos_loss : 0.0338, train_cro_loss : 0.2957, train_tot_loss : 0.0357, valid_cos_loss : 0.0302, valid_cro_loss : 0.0000, valid_tot_loss : 0.0299, 
epoch 192 summary: train_cos_loss : 0.0336, train_cro_loss : 0.2941, train_tot_loss : 0.0354, valid_cos_loss : 0.0300, valid_cro_loss : 0.0000, valid_tot_loss : 0.0297, 
epoch 193 summary: train_cos_loss : 0.0339, train_cro_loss : 0.2948, train_tot_loss : 0.0358, valid_cos_loss : 0.0298, valid_cro_loss : 0.0000, valid_tot_loss : 0.0296, 
epoch 194 summary: train_cos_loss : 0.0340, train_cro_loss : 0.2974, train_tot_loss : 0.0358, valid_cos_loss : 0.0296, valid_cro_loss : 0.0000, valid_tot_loss : 0.0294, 
epoch 195 summary: train_cos_loss : 0.0368, train_cro_loss : 0.3173, train_tot_loss : 0.0388, valid_cos_loss : 0.0303, valid_cro_loss : 0.0000, valid_tot_loss : 0.0300, 
epoch 196 summary: train_cos_loss : 0.0349, train_cro_loss : 0.3086, train_tot_loss : 0.0369, valid_cos_loss : 0.0295, valid_cro_loss : 0.0000, valid_tot_loss : 0.0293, 
epoch 197 summary: train_cos_loss : 0.0339, train_cro_loss : 0.3077, train_tot_loss : 0.0358, valid_cos_loss : 0.0295, valid_cro_loss : 0.0000, valid_tot_loss : 0.0293, 
epoch 198 summary: train_cos_loss : 0.0337, train_cro_loss : 0.3179, train_tot_loss : 0.0357, valid_cos_loss : 0.0295, valid_cro_loss : 0.0000, valid_tot_loss : 0.0293, 
epoch 199 summary: train_cos_loss : 0.0332, train_cro_loss : 0.3173, train_tot_loss : 0.0352, valid_cos_loss : 0.0295, valid_cro_loss : 0.0000, valid_tot_loss : 0.0293, 
epoch 200 summary: train_cos_loss : 0.0336, train_cro_loss : 0.3122, train_tot_loss : 0.0355, valid_cos_loss : 0.0302, valid_cro_loss : 0.0000, valid_tot_loss : 0.0300, 
train loss: 2.1238, accuracy: 0.6299, valid loss: 2.3070, accuracy: 0.4014, 
epoch 201 summary: train_cos_loss : 0.0328, train_cro_loss : 0.3035, train_tot_loss : 0.0347, valid_cos_loss : 0.0300, valid_cro_loss : 0.0000, valid_tot_loss : 0.0298, 
epoch 202 summary: train_cos_loss : 0.0333, train_cro_loss : 0.3113, train_tot_loss : 0.0353, valid_cos_loss : 0.0300, valid_cro_loss : 0.0000, valid_tot_loss : 0.0297, 
epoch 203 summary: train_cos_loss : 0.0329, train_cro_loss : 0.3031, train_tot_loss : 0.0348, valid_cos_loss : 0.0298, valid_cro_loss : 0.0000, valid_tot_loss : 0.0296, 
epoch 204 summary: train_cos_loss : 0.0328, train_cro_loss : 0.2988, train_tot_loss : 0.0347, valid_cos_loss : 0.0298, valid_cro_loss : 0.0000, valid_tot_loss : 0.0296, 
epoch 205 summary: train_cos_loss : 0.0327, train_cro_loss : 0.2944, train_tot_loss : 0.0345, valid_cos_loss : 0.0304, valid_cro_loss : 0.0000, valid_tot_loss : 0.0302, 
epoch 206 summary: train_cos_loss : 0.0335, train_cro_loss : 0.3012, train_tot_loss : 0.0354, valid_cos_loss : 0.0301, valid_cro_loss : 0.0000, valid_tot_loss : 0.0299, 
epoch 207 summary: train_cos_loss : 0.0333, train_cro_loss : 0.2984, train_tot_loss : 0.0352, valid_cos_loss : 0.0300, valid_cro_loss : 0.0000, valid_tot_loss : 0.0298, 
epoch 208 summary: train_cos_loss : 0.0329, train_cro_loss : 0.2970, train_tot_loss : 0.0347, valid_cos_loss : 0.0298, valid_cro_loss : 0.0000, valid_tot_loss : 0.0296, 
epoch 209 summary: train_cos_loss : 0.0324, train_cro_loss : 0.2888, train_tot_loss : 0.0342, valid_cos_loss : 0.0298, valid_cro_loss : 0.0000, valid_tot_loss : 0.0296, 
epoch 210 summary: train_cos_loss : 0.0351, train_cro_loss : 0.3124, train_tot_loss : 0.0371, valid_cos_loss : 0.0305, valid_cro_loss : 0.0000, valid_tot_loss : 0.0303, 
train loss: 2.0691, accuracy: 0.6125, valid loss: 2.3053, accuracy: 0.3770, 
epoch 211 summary: train_cos_loss : 0.0336, train_cro_loss : 0.3215, train_tot_loss : 0.0356, valid_cos_loss : 0.0297, valid_cro_loss : 0.0000, valid_tot_loss : 0.0295, 
epoch 212 summary: train_cos_loss : 0.0338, train_cro_loss : 0.3224, train_tot_loss : 0.0358, valid_cos_loss : 0.0298, valid_cro_loss : 0.0000, valid_tot_loss : 0.0296, 
epoch 213 summary: train_cos_loss : 0.0339, train_cro_loss : 0.3100, train_tot_loss : 0.0358, valid_cos_loss : 0.0297, valid_cro_loss : 0.0000, valid_tot_loss : 0.0295, 
epoch 214 summary: train_cos_loss : 0.0339, train_cro_loss : 0.3085, train_tot_loss : 0.0358, valid_cos_loss : 0.0296, valid_cro_loss : 0.0000, valid_tot_loss : 0.0294, 
epoch 215 summary: train_cos_loss : 0.0330, train_cro_loss : 0.2989, train_tot_loss : 0.0348, valid_cos_loss : 0.0302, valid_cro_loss : 0.0000, valid_tot_loss : 0.0300, 
epoch 216 summary: train_cos_loss : 0.0330, train_cro_loss : 0.2934, train_tot_loss : 0.0348, valid_cos_loss : 0.0300, valid_cro_loss : 0.0000, valid_tot_loss : 0.0298, 
epoch 217 summary: train_cos_loss : 0.0335, train_cro_loss : 0.3100, train_tot_loss : 0.0354, valid_cos_loss : 0.0299, valid_cro_loss : 0.0000, valid_tot_loss : 0.0297, 
epoch 218 summary: train_cos_loss : 0.0330, train_cro_loss : 0.2994, train_tot_loss : 0.0349, valid_cos_loss : 0.0298, valid_cro_loss : 0.0000, valid_tot_loss : 0.0295, 
epoch 219 summary: train_cos_loss : 0.0327, train_cro_loss : 0.3006, train_tot_loss : 0.0346, valid_cos_loss : 0.0298, valid_cro_loss : 0.0000, valid_tot_loss : 0.0296, 
epoch 220 summary: train_cos_loss : 0.0338, train_cro_loss : 0.2957, train_tot_loss : 0.0357, valid_cos_loss : 0.0305, valid_cro_loss : 0.0000, valid_tot_loss : 0.0303, 
train loss: 2.0476, accuracy: 0.6409, valid loss: 2.2820, accuracy: 0.4043, 
epoch 221 summary: train_cos_loss : 0.0336, train_cro_loss : 0.2969, train_tot_loss : 0.0354, valid_cos_loss : 0.0303, valid_cro_loss : 0.0000, valid_tot_loss : 0.0301, 
epoch 222 summary: train_cos_loss : 0.0329, train_cro_loss : 0.2935, train_tot_loss : 0.0347, valid_cos_loss : 0.0301, valid_cro_loss : 0.0000, valid_tot_loss : 0.0299, 
epoch 223 summary: train_cos_loss : 0.0342, train_cro_loss : 0.2811, train_tot_loss : 0.0359, valid_cos_loss : 0.0300, valid_cro_loss : 0.0000, valid_tot_loss : 0.0298, 
epoch 224 summary: train_cos_loss : 0.0340, train_cro_loss : 0.2863, train_tot_loss : 0.0358, valid_cos_loss : 0.0298, valid_cro_loss : 0.0000, valid_tot_loss : 0.0296, 
epoch 225 summary: train_cos_loss : 0.0361, train_cro_loss : 0.3109, train_tot_loss : 0.0381, valid_cos_loss : 0.0304, valid_cro_loss : 0.0000, valid_tot_loss : 0.0302, 
epoch 226 summary: train_cos_loss : 0.0346, train_cro_loss : 0.3088, train_tot_loss : 0.0365, valid_cos_loss : 0.0296, valid_cro_loss : 0.0000, valid_tot_loss : 0.0294, 
epoch 227 summary: train_cos_loss : 0.0342, train_cro_loss : 0.3111, train_tot_loss : 0.0361, valid_cos_loss : 0.0296, valid_cro_loss : 0.0000, valid_tot_loss : 0.0294, 
epoch 228 summary: train_cos_loss : 0.0347, train_cro_loss : 0.3076, train_tot_loss : 0.0366, valid_cos_loss : 0.0295, valid_cro_loss : 0.0000, valid_tot_loss : 0.0293, 
epoch 229 summary: train_cos_loss : 0.0346, train_cro_loss : 0.2994, train_tot_loss : 0.0365, valid_cos_loss : 0.0294, valid_cro_loss : 0.0000, valid_tot_loss : 0.0292, 
epoch 230 summary: train_cos_loss : 0.0334, train_cro_loss : 0.3188, train_tot_loss : 0.0354, valid_cos_loss : 0.0300, valid_cro_loss : 0.0000, valid_tot_loss : 0.0298, 
train loss: 2.0888, accuracy: 0.6255, valid loss: 2.3603, accuracy: 0.4014, 
epoch 231 summary: train_cos_loss : 0.0334, train_cro_loss : 0.3126, train_tot_loss : 0.0353, valid_cos_loss : 0.0299, valid_cro_loss : 0.0000, valid_tot_loss : 0.0297, 
epoch 232 summary: train_cos_loss : 0.0333, train_cro_loss : 0.3069, train_tot_loss : 0.0352, valid_cos_loss : 0.0298, valid_cro_loss : 0.0000, valid_tot_loss : 0.0296, 
epoch 233 summary: train_cos_loss : 0.0333, train_cro_loss : 0.3037, train_tot_loss : 0.0352, valid_cos_loss : 0.0298, valid_cro_loss : 0.0000, valid_tot_loss : 0.0296, 
epoch 234 summary: train_cos_loss : 0.0328, train_cro_loss : 0.3015, train_tot_loss : 0.0347, valid_cos_loss : 0.0298, valid_cro_loss : 0.0000, valid_tot_loss : 0.0296, 
epoch 235 summary: train_cos_loss : 0.0338, train_cro_loss : 0.2995, train_tot_loss : 0.0357, valid_cos_loss : 0.0305, valid_cro_loss : 0.0000, valid_tot_loss : 0.0303, 
epoch 236 summary: train_cos_loss : 0.0337, train_cro_loss : 0.3059, train_tot_loss : 0.0356, valid_cos_loss : 0.0302, valid_cro_loss : 0.0000, valid_tot_loss : 0.0300, 
epoch 237 summary: train_cos_loss : 0.0333, train_cro_loss : 0.3013, train_tot_loss : 0.0352, valid_cos_loss : 0.0300, valid_cro_loss : 0.0000, valid_tot_loss : 0.0298, 
epoch 238 summary: train_cos_loss : 0.0339, train_cro_loss : 0.2945, train_tot_loss : 0.0357, valid_cos_loss : 0.0299, valid_cro_loss : 0.0000, valid_tot_loss : 0.0297, 
epoch 239 summary: train_cos_loss : 0.0332, train_cro_loss : 0.2899, train_tot_loss : 0.0350, valid_cos_loss : 0.0296, valid_cro_loss : 0.0000, valid_tot_loss : 0.0294, 
epoch 240 summary: train_cos_loss : 0.0362, train_cro_loss : 0.3179, train_tot_loss : 0.0381, valid_cos_loss : 0.0303, valid_cro_loss : 0.0000, valid_tot_loss : 0.0301, 
train loss: 2.0533, accuracy: 0.6130, valid loss: 2.3681, accuracy: 0.3857, 
epoch 241 summary: train_cos_loss : 0.0338, train_cro_loss : 0.3218, train_tot_loss : 0.0358, valid_cos_loss : 0.0294, valid_cro_loss : 0.0000, valid_tot_loss : 0.0292, 
epoch 242 summary: train_cos_loss : 0.0335, train_cro_loss : 0.3199, train_tot_loss : 0.0355, valid_cos_loss : 0.0295, valid_cro_loss : 0.0000, valid_tot_loss : 0.0293, 
epoch 243 summary: train_cos_loss : 0.0334, train_cro_loss : 0.3257, train_tot_loss : 0.0355, valid_cos_loss : 0.0295, valid_cro_loss : 0.0000, valid_tot_loss : 0.0293, 
epoch 244 summary: train_cos_loss : 0.0336, train_cro_loss : 0.3151, train_tot_loss : 0.0356, valid_cos_loss : 0.0294, valid_cro_loss : 0.0000, valid_tot_loss : 0.0292, 
epoch 245 summary: train_cos_loss : 0.0338, train_cro_loss : 0.3086, train_tot_loss : 0.0357, valid_cos_loss : 0.0301, valid_cro_loss : 0.0000, valid_tot_loss : 0.0299, 
epoch 246 summary: train_cos_loss : 0.0333, train_cro_loss : 0.3116, train_tot_loss : 0.0353, valid_cos_loss : 0.0299, valid_cro_loss : 0.0000, valid_tot_loss : 0.0297, 
epoch 247 summary: train_cos_loss : 0.0336, train_cro_loss : 0.2965, train_tot_loss : 0.0354, valid_cos_loss : 0.0297, valid_cro_loss : 0.0000, valid_tot_loss : 0.0295, 
epoch 248 summary: train_cos_loss : 0.0333, train_cro_loss : 0.2896, train_tot_loss : 0.0351, valid_cos_loss : 0.0295, valid_cro_loss : 0.0000, valid_tot_loss : 0.0293, 
epoch 249 summary: train_cos_loss : 0.0331, train_cro_loss : 0.2931, train_tot_loss : 0.0349, valid_cos_loss : 0.0294, valid_cro_loss : 0.0000, valid_tot_loss : 0.0292, 
epoch 250 summary: train_cos_loss : 0.0326, train_cro_loss : 0.2990, train_tot_loss : 0.0345, valid_cos_loss : 0.0302, valid_cro_loss : 0.0000, valid_tot_loss : 0.0300, 
train loss: 2.0818, accuracy: 0.6419, valid loss: 2.3119, accuracy: 0.4185, 
epoch 251 summary: train_cos_loss : 0.0342, train_cro_loss : 0.2887, train_tot_loss : 0.0360, valid_cos_loss : 0.0300, valid_cro_loss : 0.0000, valid_tot_loss : 0.0298, 
epoch 252 summary: train_cos_loss : 0.0330, train_cro_loss : 0.2917, train_tot_loss : 0.0349, valid_cos_loss : 0.0298, valid_cro_loss : 0.0000, valid_tot_loss : 0.0296, 
epoch 253 summary: train_cos_loss : 0.0324, train_cro_loss : 0.2902, train_tot_loss : 0.0342, valid_cos_loss : 0.0297, valid_cro_loss : 0.0000, valid_tot_loss : 0.0294, 
epoch 254 summary: train_cos_loss : 0.0326, train_cro_loss : 0.2851, train_tot_loss : 0.0343, valid_cos_loss : 0.0297, valid_cro_loss : 0.0000, valid_tot_loss : 0.0295, 
epoch 255 summary: train_cos_loss : 0.0361, train_cro_loss : 0.3088, train_tot_loss : 0.0380, valid_cos_loss : 0.0304, valid_cro_loss : 0.0000, valid_tot_loss : 0.0302, 
epoch 256 summary: train_cos_loss : 0.0343, train_cro_loss : 0.3179, train_tot_loss : 0.0363, valid_cos_loss : 0.0297, valid_cro_loss : 0.0000, valid_tot_loss : 0.0294, 
epoch 257 summary: train_cos_loss : 0.0341, train_cro_loss : 0.3139, train_tot_loss : 0.0361, valid_cos_loss : 0.0296, valid_cro_loss : 0.0000, valid_tot_loss : 0.0294, 
epoch 258 summary: train_cos_loss : 0.0337, train_cro_loss : 0.3054, train_tot_loss : 0.0356, valid_cos_loss : 0.0295, valid_cro_loss : 0.0000, valid_tot_loss : 0.0293, 
epoch 259 summary: train_cos_loss : 0.0336, train_cro_loss : 0.3142, train_tot_loss : 0.0356, valid_cos_loss : 0.0295, valid_cro_loss : 0.0000, valid_tot_loss : 0.0293, 
epoch 260 summary: train_cos_loss : 0.0329, train_cro_loss : 0.3027, train_tot_loss : 0.0348, valid_cos_loss : 0.0301, valid_cro_loss : 0.0000, valid_tot_loss : 0.0299, 
train loss: 2.1059, accuracy: 0.6356, valid loss: 2.2645, accuracy: 0.4199, 
epoch 261 summary: train_cos_loss : 0.0326, train_cro_loss : 0.2998, train_tot_loss : 0.0345, valid_cos_loss : 0.0300, valid_cro_loss : 0.0000, valid_tot_loss : 0.0297, 
epoch 262 summary: train_cos_loss : 0.0329, train_cro_loss : 0.2932, train_tot_loss : 0.0347, valid_cos_loss : 0.0298, valid_cro_loss : 0.0000, valid_tot_loss : 0.0296, 
epoch 263 summary: train_cos_loss : 0.0331, train_cro_loss : 0.2925, train_tot_loss : 0.0349, valid_cos_loss : 0.0297, valid_cro_loss : 0.0000, valid_tot_loss : 0.0295, 
epoch 264 summary: train_cos_loss : 0.0329, train_cro_loss : 0.2910, train_tot_loss : 0.0347, valid_cos_loss : 0.0297, valid_cro_loss : 0.0000, valid_tot_loss : 0.0295, 
epoch 265 summary: train_cos_loss : 0.0327, train_cro_loss : 0.2955, train_tot_loss : 0.0345, valid_cos_loss : 0.0303, valid_cro_loss : 0.0000, valid_tot_loss : 0.0301, 
epoch 266 summary: train_cos_loss : 0.0331, train_cro_loss : 0.3005, train_tot_loss : 0.0350, valid_cos_loss : 0.0301, valid_cro_loss : 0.0000, valid_tot_loss : 0.0299, 
epoch 267 summary: train_cos_loss : 0.0327, train_cro_loss : 0.2961, train_tot_loss : 0.0346, valid_cos_loss : 0.0299, valid_cro_loss : 0.0000, valid_tot_loss : 0.0296, 
epoch 268 summary: train_cos_loss : 0.0323, train_cro_loss : 0.2950, train_tot_loss : 0.0342, valid_cos_loss : 0.0297, valid_cro_loss : 0.0000, valid_tot_loss : 0.0295, 
epoch 269 summary: train_cos_loss : 0.0323, train_cro_loss : 0.2911, train_tot_loss : 0.0341, valid_cos_loss : 0.0298, valid_cro_loss : 0.0000, valid_tot_loss : 0.0296, 
epoch 270 summary: train_cos_loss : 0.0364, train_cro_loss : 0.3067, train_tot_loss : 0.0383, valid_cos_loss : 0.0307, valid_cro_loss : 0.0000, valid_tot_loss : 0.0304, 
train loss: 2.0158, accuracy: 0.6346, valid loss: 2.2748, accuracy: 0.4087, 
epoch 271 summary: train_cos_loss : 0.0346, train_cro_loss : 0.3103, train_tot_loss : 0.0365, valid_cos_loss : 0.0297, valid_cro_loss : 0.0000, valid_tot_loss : 0.0295, 
epoch 272 summary: train_cos_loss : 0.0338, train_cro_loss : 0.3213, train_tot_loss : 0.0359, valid_cos_loss : 0.0296, valid_cro_loss : 0.0000, valid_tot_loss : 0.0294, 
epoch 273 summary: train_cos_loss : 0.0332, train_cro_loss : 0.3130, train_tot_loss : 0.0352, valid_cos_loss : 0.0295, valid_cro_loss : 0.0000, valid_tot_loss : 0.0293, 
epoch 274 summary: train_cos_loss : 0.0336, train_cro_loss : 0.3066, train_tot_loss : 0.0355, valid_cos_loss : 0.0296, valid_cro_loss : 0.0000, 