Before CTE Training: train eu loss: 1.0375890731811523, eval eu loss: 1.492782711982727
Before CTE Training: train eu acc: 0.6748046875, eval eu acc: 0.560546875
epoch   0 summary: dyn_dyn_loss   : 0.01840, dyn_sta_loss   : 4.13988, tot_dyn_loss   : 0.59541, sta_sta_loss   : 0.02002, 
train loss: 1.6054, train acc: 0.6953
epoch   1 summary: dyn_dyn_loss   : 0.01761, dyn_sta_loss   : 3.96261, tot_dyn_loss   : 0.56991, sta_sta_loss   : 0.02002, 
epoch   2 summary: dyn_dyn_loss   : 0.01680, dyn_sta_loss   : 3.81351, tot_dyn_loss   : 0.54834, sta_sta_loss   : 0.02002, 
epoch   3 summary: dyn_dyn_loss   : 0.01673, dyn_sta_loss   : 3.69239, tot_dyn_loss   : 0.53133, sta_sta_loss   : 0.02002, 
epoch   4 summary: dyn_dyn_loss   : 0.01754, dyn_sta_loss   : 3.60619, tot_dyn_loss   : 0.51995, sta_sta_loss   : 0.02002, 
epoch   5 summary: dyn_dyn_loss   : 0.01895, dyn_sta_loss   : 3.53306, tot_dyn_loss   : 0.51092, sta_sta_loss   : 0.02002, 
epoch   6 summary: dyn_dyn_loss   : 0.02067, dyn_sta_loss   : 3.47774, tot_dyn_loss   : 0.50466, sta_sta_loss   : 0.02002, 
epoch   7 summary: dyn_dyn_loss   : 0.02241, dyn_sta_loss   : 3.43697, tot_dyn_loss   : 0.50045, sta_sta_loss   : 0.02002, 
epoch   8 summary: dyn_dyn_loss   : 0.02398, dyn_sta_loss   : 3.40679, tot_dyn_loss   : 0.49757, sta_sta_loss   : 0.02002, 
epoch   9 summary: dyn_dyn_loss   : 0.02532, dyn_sta_loss   : 3.38913, tot_dyn_loss   : 0.49625, sta_sta_loss   : 0.02002, 
epoch  10 summary: dyn_dyn_loss   : 0.02615, dyn_sta_loss   : 3.38376, tot_dyn_loss   : 0.49622, sta_sta_loss   : 0.02002, 
train loss: 0.0001, train acc: 1.0000
epoch  11 summary: dyn_dyn_loss   : 0.02667, dyn_sta_loss   : 3.37193, tot_dyn_loss   : 0.49501, sta_sta_loss   : 0.02002, 
epoch  12 summary: dyn_dyn_loss   : 0.02730, dyn_sta_loss   : 3.36375, tot_dyn_loss   : 0.49440, sta_sta_loss   : 0.02002, 
epoch  13 summary: dyn_dyn_loss   : 0.02786, dyn_sta_loss   : 3.35536, tot_dyn_loss   : 0.49371, sta_sta_loss   : 0.02002, 
epoch  14 summary: dyn_dyn_loss   : 0.02837, dyn_sta_loss   : 3.34706, tot_dyn_loss   : 0.49299, sta_sta_loss   : 0.02002, 
epoch  15 summary: dyn_dyn_loss   : 0.02878, dyn_sta_loss   : 3.34498, tot_dyn_loss   : 0.49305, sta_sta_loss   : 0.02002, 
epoch  16 summary: dyn_dyn_loss   : 0.02908, dyn_sta_loss   : 3.34960, tot_dyn_loss   : 0.49395, sta_sta_loss   : 0.02002, 
epoch  17 summary: dyn_dyn_loss   : 0.02895, dyn_sta_loss   : 3.35547, tot_dyn_loss   : 0.49466, sta_sta_loss   : 0.02002, 
epoch  18 summary: dyn_dyn_loss   : 0.02853, dyn_sta_loss   : 3.34950, tot_dyn_loss   : 0.49347, sta_sta_loss   : 0.02002, 
epoch  19 summary: dyn_dyn_loss   : 0.02866, dyn_sta_loss   : 3.34584, tot_dyn_loss   : 0.49307, sta_sta_loss   : 0.02002, 
epoch  20 summary: dyn_dyn_loss   : 0.02875, dyn_sta_loss   : 3.34959, tot_dyn_loss   : 0.49367, sta_sta_loss   : 0.02002, 
train loss: 0.0000, train acc: 1.0000
epoch  21 summary: dyn_dyn_loss   : 0.02863, dyn_sta_loss   : 3.34816, tot_dyn_loss   : 0.49337, sta_sta_loss   : 0.02002, 
epoch  22 summary: dyn_dyn_loss   : 0.02872, dyn_sta_loss   : 3.34595, tot_dyn_loss   : 0.49314, sta_sta_loss   : 0.02002, 
epoch  23 summary: dyn_dyn_loss   : 0.02884, dyn_sta_loss   : 3.35041, tot_dyn_loss   : 0.49386, sta_sta_loss   : 0.02002, 
epoch  24 summary: dyn_dyn_loss   : 0.02874, dyn_sta_loss   : 3.34694, tot_dyn_loss   : 0.49329, sta_sta_loss   : 0.02002, 
epoch  25 summary: dyn_dyn_loss   : 0.02891, dyn_sta_loss   : 3.34183, tot_dyn_loss   : 0.49272, sta_sta_loss   : 0.02002, 
epoch  26 summary: dyn_dyn_loss   : 0.02911, dyn_sta_loss   : 3.34525, tot_dyn_loss   : 0.49337, sta_sta_loss   : 0.02002, 
epoch  27 summary: dyn_dyn_loss   : 0.02920, dyn_sta_loss   : 3.33822, tot_dyn_loss   : 0.49246, sta_sta_loss   : 0.02002, 
epoch  28 summary: dyn_dyn_loss   : 0.02932, dyn_sta_loss   : 3.33800, tot_dyn_loss   : 0.49253, sta_sta_loss   : 0.02002, 
epoch  29 summary: dyn_dyn_loss   : 0.02932, dyn_sta_loss   : 3.35088, tot_dyn_loss   : 0.49434, sta_sta_loss   : 0.02002, 
epoch  30 summary: dyn_dyn_loss   : 0.02879, dyn_sta_loss   : 3.35155, tot_dyn_loss   : 0.49398, sta_sta_loss   : 0.02002, 
train loss: 0.0000, train acc: 1.0000
epoch  31 summary: dyn_dyn_loss   : 0.02871, dyn_sta_loss   : 3.35220, tot_dyn_loss   : 0.49400, sta_sta_loss   : 0.02002, 
epoch  32 summary: dyn_dyn_loss   : 0.02868, dyn_sta_loss   : 3.34941, tot_dyn_loss   : 0.49358, sta_sta_loss   : 0.02002, 
epoch  33 summary: dyn_dyn_loss   : 0.02882, dyn_sta_loss   : 3.34756, tot_dyn_loss   : 0.49344, sta_sta_loss   : 0.02002, 
epoch  34 summary: dyn_dyn_loss   : 0.02887, dyn_sta_loss   : 3.34337, tot_dyn_loss   : 0.49290, sta_sta_loss   : 0.02002, 
epoch  35 summary: dyn_dyn_loss   : 0.02892, dyn_sta_loss   : 3.34337, tot_dyn_loss   : 0.49295, sta_sta_loss   : 0.02002, 
epoch  36 summary: dyn_dyn_loss   : 0.02904, dyn_sta_loss   : 3.34145, tot_dyn_loss   : 0.49278, sta_sta_loss   : 0.02002, 
epoch  37 summary: dyn_dyn_loss   : 0.02916, dyn_sta_loss   : 3.35117, tot_dyn_loss   : 0.49424, sta_sta_loss   : 0.02002, 
epoch  38 summary: dyn_dyn_loss   : 0.02889, dyn_sta_loss   : 3.35383, tot_dyn_loss   : 0.49438, sta_sta_loss   : 0.02002, 
epoch  39 summary: dyn_dyn_loss   : 0.02869, dyn_sta_loss   : 3.34976, tot_dyn_loss   : 0.49364, sta_sta_loss   : 0.02002, 
epoch  40 summary: dyn_dyn_loss   : 0.02865, dyn_sta_loss   : 3.35115, tot_dyn_loss   : 0.49380, sta_sta_loss   : 0.02002, 
train loss: 0.0000, train acc: 1.0000
epoch  41 summary: dyn_dyn_loss   : 0.02856, dyn_sta_loss   : 3.35855, tot_dyn_loss   : 0.49476, sta_sta_loss   : 0.02002, 
epoch  42 summary: dyn_dyn_loss   : 0.02850, dyn_sta_loss   : 3.34839, tot_dyn_loss   : 0.49329, sta_sta_loss   : 0.02002, 
epoch  43 summary: dyn_dyn_loss   : 0.02868, dyn_sta_loss   : 3.34765, tot_dyn_loss   : 0.49334, sta_sta_loss   : 0.02002, 
epoch  44 summary: dyn_dyn_loss   : 0.02878, dyn_sta_loss   : 3.34810, tot_dyn_loss   : 0.49348, sta_sta_loss   : 0.02002, 
epoch  45 summary: dyn_dyn_loss   : 0.02881, dyn_sta_loss   : 3.34121, tot_dyn_loss   : 0.49255, sta_sta_loss   : 0.02002, 
epoch  46 summary: dyn_dyn_loss   : 0.02902, dyn_sta_loss   : 3.34783, tot_dyn_loss   : 0.49366, sta_sta_loss   : 0.02002, 
epoch  47 summary: dyn_dyn_loss   : 0.02891, dyn_sta_loss   : 3.34332, tot_dyn_loss   : 0.49293, sta_sta_loss   : 0.02002, 
epoch  48 summary: dyn_dyn_loss   : 0.02912, dyn_sta_loss   : 3.34561, tot_dyn_loss   : 0.49343, sta_sta_loss   : 0.02002, 
epoch  49 summary: dyn_dyn_loss   : 0.02900, dyn_sta_loss   : 3.35280, tot_dyn_loss   : 0.49433, sta_sta_loss   : 0.02002, 
epoch  50 summary: dyn_dyn_loss   : 0.02872, dyn_sta_loss   : 3.35029, tot_dyn_loss   : 0.49374, sta_sta_loss   : 0.02002, 
train loss: 0.0000, train acc: 1.0000
epoch  51 summary: dyn_dyn_loss   : 0.02876, dyn_sta_loss   : 3.34758, tot_dyn_loss   : 0.49340, sta_sta_loss   : 0.02002, 
epoch  52 summary: dyn_dyn_loss   : 0.02880, dyn_sta_loss   : 3.34433, tot_dyn_loss   : 0.49298, sta_sta_loss   : 0.02002, 
epoch  53 summary: dyn_dyn_loss   : 0.02902, dyn_sta_loss   : 3.34687, tot_dyn_loss   : 0.49352, sta_sta_loss   : 0.02002, 
epoch  54 summary: dyn_dyn_loss   : 0.02893, dyn_sta_loss   : 3.34325, tot_dyn_loss   : 0.49293, sta_sta_loss   : 0.02002, 
epoch  55 summary: dyn_dyn_loss   : 0.02917, dyn_sta_loss   : 3.33634, tot_dyn_loss   : 0.49217, sta_sta_loss   : 0.02002, 
epoch  56 summary: dyn_dyn_loss   : 0.02943, dyn_sta_loss   : 3.34010, tot_dyn_loss   : 0.49293, sta_sta_loss   : 0.02002, 
epoch  57 summary: dyn_dyn_loss   : 0.02947, dyn_sta_loss   : 3.33209, tot_dyn_loss   : 0.49183, sta_sta_loss   : 0.02002, 
epoch  58 summary: dyn_dyn_loss   : 0.02955, dyn_sta_loss   : 3.34615, tot_dyn_loss   : 0.49387, sta_sta_loss   : 0.02002, 
epoch  59 summary: dyn_dyn_loss   : 0.02907, dyn_sta_loss   : 3.33775, tot_dyn_loss   : 0.49229, sta_sta_loss   : 0.02002, 
epoch  60 summary: dyn_dyn_loss   : 0.02929, dyn_sta_loss   : 3.34001, tot_dyn_loss   : 0.49279, sta_sta_loss   : 0.02002, 
train loss: 0.0000, train acc: 1.0000
epoch  61 summary: dyn_dyn_loss   : 0.02916, dyn_sta_loss   : 3.34095, tot_dyn_loss   : 0.49281, sta_sta_loss   : 0.02002, 
epoch  62 summary: dyn_dyn_loss   : 0.02919, dyn_sta_loss   : 3.34606, tot_dyn_loss   : 0.49356, sta_sta_loss   : 0.02002, 
epoch  63 summary: dyn_dyn_loss   : 0.02890, dyn_sta_loss   : 3.34931, tot_dyn_loss   : 0.49376, sta_sta_loss   : 0.02002, 
epoch  64 summary: dyn_dyn_loss   : 0.02881, dyn_sta_loss   : 3.35318, tot_dyn_loss   : 0.49422, sta_sta_loss   : 0.02002, 
epoch  65 summary: dyn_dyn_loss   : 0.02883, dyn_sta_loss   : 3.34319, tot_dyn_loss   : 0.49284, sta_sta_loss   : 0.02002, 
epoch  66 summary: dyn_dyn_loss   : 0.02906, dyn_sta_loss   : 3.34397, tot_dyn_loss   : 0.49314, sta_sta_loss   : 0.02002, 
epoch  67 summary: dyn_dyn_loss   : 0.02898, dyn_sta_loss   : 3.35650, tot_dyn_loss   : 0.49483, sta_sta_loss   : 0.02002, 
epoch  68 summary: dyn_dyn_loss   : 0.02863, dyn_sta_loss   : 3.34887, tot_dyn_loss   : 0.49346, sta_sta_loss   : 0.02002, 
epoch  69 summary: dyn_dyn_loss   : 0.02879, dyn_sta_loss   : 3.34607, tot_dyn_loss   : 0.49321, sta_sta_loss   : 0.02002, 
epoch  70 summary: dyn_dyn_loss   : 0.02879, dyn_sta_loss   : 3.35073, tot_dyn_loss   : 0.49386, sta_sta_loss   : 0.02002, 
train loss: 0.0000, train acc: 1.0000
epoch  71 summary: dyn_dyn_loss   : 0.02879, dyn_sta_loss   : 3.34610, tot_dyn_loss   : 0.49321, sta_sta_loss   : 0.02002, 
epoch  72 summary: dyn_dyn_loss   : 0.02874, dyn_sta_loss   : 3.35135, tot_dyn_loss   : 0.49391, sta_sta_loss   : 0.02002, 
epoch  73 summary: dyn_dyn_loss   : 0.02872, dyn_sta_loss   : 3.35333, tot_dyn_loss   : 0.49417, sta_sta_loss   : 0.02002, 
epoch  74 summary: dyn_dyn_loss   : 0.02877, dyn_sta_loss   : 3.35035, tot_dyn_loss   : 0.49379, sta_sta_loss   : 0.02002, 
epoch  75 summary: dyn_dyn_loss   : 0.02868, dyn_sta_loss   : 3.34881, tot_dyn_loss   : 0.49350, sta_sta_loss   : 0.02002, 
epoch  76 summary: dyn_dyn_loss   : 0.02868, dyn_sta_loss   : 3.35156, tot_dyn_loss   : 0.49388, sta_sta_loss   : 0.02002, 
epoch  77 summary: dyn_dyn_loss   : 0.02864, dyn_sta_loss   : 3.34878, tot_dyn_loss   : 0.49346, sta_sta_loss   : 0.02002, 
epoch  78 summary: dyn_dyn_loss   : 0.02882, dyn_sta_loss   : 3.34058, tot_dyn_loss   : 0.49247, sta_sta_loss   : 0.02002, 
epoch  79 summary: dyn_dyn_loss   : 0.02916, dyn_sta_loss   : 3.34698, tot_dyn_loss   : 0.49366, sta_sta_loss   : 0.02002, 
epoch  80 summary: dyn_dyn_loss   : 0.02914, dyn_sta_loss   : 3.34451, tot_dyn_loss   : 0.49329, sta_sta_loss   : 0.02002, 
train loss: 0.0000, train acc: 1.0000
epoch  81 summary: dyn_dyn_loss   : 0.02931, dyn_sta_loss   : 3.33556, tot_dyn_loss   : 0.49218, sta_sta_loss   : 0.02002, 
epoch  82 summary: dyn_dyn_loss   : 0.02942, dyn_sta_loss   : 3.35461, tot_dyn_loss   : 0.49495, sta_sta_loss   : 0.02002, 
epoch  83 summary: dyn_dyn_loss   : 0.02881, dyn_sta_loss   : 3.35606, tot_dyn_loss   : 0.49463, sta_sta_loss   : 0.02002, 
epoch  84 summary: dyn_dyn_loss   : 0.02865, dyn_sta_loss   : 3.35075, tot_dyn_loss   : 0.49374, sta_sta_loss   : 0.02002, 
epoch  85 summary: dyn_dyn_loss   : 0.02856, dyn_sta_loss   : 3.35268, tot_dyn_loss   : 0.49393, sta_sta_loss   : 0.02002, 
epoch  86 summary: dyn_dyn_loss   : 0.02854, dyn_sta_loss   : 3.35041, tot_dyn_loss   : 0.49360, sta_sta_loss   : 0.02002, 
epoch  87 summary: dyn_dyn_loss   : 0.02874, dyn_sta_loss   : 3.34622, tot_dyn_loss   : 0.49319, sta_sta_loss   : 0.02002, 
epoch  88 summary: dyn_dyn_loss   : 0.02879, dyn_sta_loss   : 3.34582, tot_dyn_loss   : 0.49318, sta_sta_loss   : 0.02002, 
epoch  89 summary: dyn_dyn_loss   : 0.02887, dyn_sta_loss   : 3.35346, tot_dyn_loss   : 0.49431, sta_sta_loss   : 0.02002, 
epoch  90 summary: dyn_dyn_loss   : 0.02870, dyn_sta_loss   : 3.34555, tot_dyn_loss   : 0.49306, sta_sta_loss   : 0.02002, 
train loss: 0.0000, train acc: 1.0000
epoch  91 summary: dyn_dyn_loss   : 0.02882, dyn_sta_loss   : 3.34592, tot_dyn_loss   : 0.49322, sta_sta_loss   : 0.02002, 
epoch  92 summary: dyn_dyn_loss   : 0.02896, dyn_sta_loss   : 3.35254, tot_dyn_loss   : 0.49426, sta_sta_loss   : 0.02002, 
epoch  93 summary: dyn_dyn_loss   : 0.02874, dyn_sta_loss   : 3.34687, tot_dyn_loss   : 0.49328, sta_sta_loss   : 0.02002, 
epoch  94 summary: dyn_dyn_loss   : 0.02878, dyn_sta_loss   : 3.34580, tot_dyn_loss   : 0.49316, sta_sta_loss   : 0.02002, 
epoch  95 summary: dyn_dyn_loss   : 0.02879, dyn_sta_loss   : 3.34819, tot_dyn_loss   : 0.49351, sta_sta_loss   : 0.02002, 
epoch  96 summary: dyn_dyn_loss   : 0.02875, dyn_sta_loss   : 3.33982, tot_dyn_loss   : 0.49230, sta_sta_loss   : 0.02002, 
epoch  97 summary: dyn_dyn_loss   : 0.02903, dyn_sta_loss   : 3.35519, tot_dyn_loss   : 0.49469, sta_sta_loss   : 0.02002, 
epoch  98 summary: dyn_dyn_loss   : 0.02879, dyn_sta_loss   : 3.35076, tot_dyn_loss   : 0.49386, sta_sta_loss   : 0.02002, 
epoch  99 summary: dyn_dyn_loss   : 0.02873, dyn_sta_loss   : 3.34736, tot_dyn_loss   : 0.49334, sta_sta_loss   : 0.02002, 
train loss: 0.0000, train acc: 1.0000
all                          63227.835ms
all_epoch                    62872.184ms
all_preparation                355.615ms
all_preparation_2              354.164ms
all_preparation_3                1.426ms
epoch                          468.126ms
epoch_pos_train                  1.258ms
epoch_preparation                3.335ms
epoch_train                    462.326ms
epoch_valid                      0.735ms
----------------------------------------
all                          63227.835ms
  all_epoch             99.44%
  all_preparation        0.56%
all_preparation                355.615ms
  all_preparation_2     99.59%
  all_preparation_3      0.40%
epoch                        46812.573ms
  epoch_train           98.76%
  epoch_preparation      0.71%
  epoch_pos_train        0.27%
  epoch_valid            0.16%
epoch   0 summary: dyn_dyn_cos_loss: 0.00000, dyn_sta_cos_loss: 0.00000, total_cos_loss : 0.01699, 
valid loss: 3.8298, valid acc: 0.1953
epoch   1 summary: dyn_dyn_cos_loss: 0.00000, dyn_sta_cos_loss: 0.00000, total_cos_loss : 0.01411, 
epoch   2 summary: dyn_dyn_cos_loss: 0.00000, dyn_sta_cos_loss: 0.00000, total_cos_loss : 0.01278, 
epoch   3 summary: dyn_dyn_cos_loss: 0.00000, dyn_sta_cos_loss: 0.00000, total_cos_loss : 0.01200, 
epoch   4 summary: dyn_dyn_cos_loss: 0.00000, dyn_sta_cos_loss: 0.00000, total_cos_loss : 0.01152, 
epoch   5 summary: dyn_dyn_cos_loss: 0.00000, dyn_sta_cos_loss: 0.00000, total_cos_loss : 0.01122, 
epoch   6 summary: dyn_dyn_cos_loss: 0.00000, dyn_sta_cos_loss: 0.00000, total_cos_loss : 0.01103, 
epoch   7 summary: dyn_dyn_cos_loss: 0.00000, dyn_sta_cos_loss: 0.00000, total_cos_loss : 0.01090, 
epoch   8 summary: dyn_dyn_cos_loss: 0.00000, dyn_sta_cos_loss: 0.00000, total_cos_loss : 0.01080, 
epoch   9 summary: dyn_dyn_cos_loss: 0.00000, dyn_sta_cos_loss: 0.00000, total_cos_loss : 0.01073, 
epoch  10 summary: dyn_dyn_cos_loss: 0.00000, dyn_sta_cos_loss: 0.00000, total_cos_loss : 0.01067, 
valid loss: 2.5132, valid acc: 0.4258
epoch  11 summary: dyn_dyn_cos_loss: 0.00000, dyn_sta_cos_loss: 0.00000, total_cos_loss : 0.01063, 
epoch  12 summary: dyn_dyn_cos_loss: 0.00000, dyn_sta_cos_loss: 0.00000, total_cos_loss : 0.01060, 
epoch  13 summary: dyn_dyn_cos_loss: 0.00000, dyn_sta_cos_loss: 0.00000, total_cos_loss : 0.01058, 
epoch  14 summary: dyn_dyn_cos_loss: 0.00000, dyn_sta_cos_loss: 0.00000, total_cos_loss : 0.01057, 
epoch  15 summary: dyn_dyn_cos_loss: 0.00000, dyn_sta_cos_loss: 0.00000, total_cos_loss : 0.01055, 
epoch  16 summary: dyn_dyn_cos_loss: 0.00000, dyn_sta_cos_loss: 0.00000, total_cos_loss : 0.01054, 
epoch  17 summary: dyn_dyn_cos_loss: 0.00000, dyn_sta_cos_loss: 0.00000, total_cos_loss : 0.01054, 
epoch  18 summary: dyn_dyn_cos_loss: 0.00000, dyn_sta_cos_loss: 0.00000, total_cos_loss : 0.01053, 
epoch  19 summary: dyn_dyn_cos_loss: 0.00000, dyn_sta_cos_loss: 0.00000, total_cos_loss : 0.01052, 
epoch  20 summary: dyn_dyn_cos_loss: 0.00000, dyn_sta_cos_loss: 0.00000, total_cos_loss : 0.01052, 
valid loss: 2.4233, valid acc: 0.4355
epoch  21 summary: dyn_dyn_cos_loss: 0.00000, dyn_sta_cos_loss: 0.00000, total_cos_loss : 0.01051, 
epoch  22 summary: dyn_dyn_cos_loss: 0.00000, dyn_sta_cos_loss: 0.00000, total_cos_loss : 0.01051, 
epoch  23 summary: dyn_dyn_cos_loss: 0.00000, dyn_sta_cos_loss: 0.00000, total_cos_loss : 0.01051, 
epoch  24 summary: dyn_dyn_cos_loss: 0.00000, dyn_sta_cos_loss: 0.00000, total_cos_loss : 0.01051, 
epoch  25 summary: dyn_dyn_cos_loss: 0.00000, dyn_sta_cos_loss: 0.00000, total_cos_loss : 0.01050, 
epoch  26 summary: dyn_dyn_cos_loss: 0.00000, dyn_sta_cos_loss: 0.00000, total_cos_loss : 0.01050, 
epoch  27 summary: dyn_dyn_cos_loss: 0.00000, dyn_sta_cos_loss: 0.00000, total_cos_loss : 0.01050, 
epoch  28 summary: dyn_dyn_cos_loss: 0.00000, dyn_sta_cos_loss: 0.00000, total_cos_loss : 0.01050, 
epoch  29 summary: dyn_dyn_cos_loss: 0.00000, dyn_sta_cos_loss: 0.00000, total_cos_loss : 0.01050, 
epoch  30 summary: dyn_dyn_cos_loss: 0.00000, dyn_sta_cos_loss: 0.00000, total_cos_loss : 0.01049, 
valid loss: 2.4339, valid acc: 0.4355
epoch  31 summary: dyn_dyn_cos_loss: 0.00000, dyn_sta_cos_loss: 0.00000, total_cos_loss : 0.01049, 
epoch  32 summary: dyn_dyn_cos_loss: 0.00000, dyn_sta_cos_loss: 0.00000, total_cos_loss : 0.01049, 
epoch  33 summary: dyn_dyn_cos_loss: 0.00000, dyn_sta_cos_loss: 0.00000, total_cos_loss : 0.01049, 
epoch  34 summary: dyn_dyn_cos_loss: 0.00000, dyn_sta_cos_loss: 0.00000, total_cos_loss : 0.01049, 
epoch  35 summary: dyn_dyn_cos_loss: 0.00000, dyn_sta_cos_loss: 0.00000, total_cos_loss : 0.01049, 
epoch  36 summary: dyn_dyn_cos_loss: 0.00000, dyn_sta_cos_loss: 0.00000, total_cos_loss : 0.01049, 
epoch  37 summary: dyn_dyn_cos_loss: 0.00000, dyn_sta_cos_loss: 0.00000, total_cos_loss : 0.01049, 
epoch  38 summary: dyn_dyn_cos_loss: 0.00000, dyn_sta_cos_loss: 0.00000, total_cos_loss : 0.01049, 
epoch  39 summary: dyn_dyn_cos_loss: 0.00000, dyn_sta_cos_loss: 0.00000, total_cos_loss : 0.01049, 
epoch  40 summary: dyn_dyn_cos_loss: 0.00000, dyn_sta_cos_loss: 0.00000, total_cos_loss : 0.01049, 
valid loss: 2.4347, valid acc: 0.4355
epoch  41 summary: dyn_dyn_cos_loss: 0.00000, dyn_sta_cos_loss: 0.00000, total_cos_loss : 0.01049, 
epoch  42 summary: dyn_dyn_cos_loss: 0.00000, dyn_sta_cos_loss: 0.00000, total_cos_loss : 0.01049, 
epoch  43 summary: dyn_dyn_cos_loss: 0.00000, dyn_sta_cos_loss: 0.00000, total_cos_loss : 0.01049, 
epoch  44 summary: dyn_dyn_cos_loss: 0.00000, dyn_sta_cos_loss: 0.00000, total_cos_loss : 0.01049, 
epoch  45 summary: dyn_dyn_cos_loss: 0.00000, dyn_sta_cos_loss: 0.00000, total_cos_loss : 0.01049, 
epoch  46 summary: dyn_dyn_cos_loss: 0.00000, dyn_sta_cos_loss: 0.00000, total_cos_loss : 0.01049, 
epoch  47 summary: dyn_dyn_cos_loss: 0.00000, dyn_sta_cos_loss: 0.00000, total_cos_loss : 0.01049, 
epoch  48 summary: dyn_dyn_cos_loss: 0.00000, dyn_sta_cos_loss: 0.00000, total_cos_loss : 0.01049, 
epoch  49 summary: dyn_dyn_cos_loss: 0.00000, dyn_sta_cos_loss: 0.00000, total_cos_loss : 0.01049, 
epoch  50 summary: dyn_dyn_cos_loss: 0.00000, dyn_sta_cos_loss: 0.00000, total_cos_loss : 0.01049, 
valid loss: 2.4432, valid acc: 0.4297
epoch  51 summary: dyn_dyn_cos_loss: 0.00000, dyn_sta_cos_loss: 0.00000, total_cos_loss : 0.01049, 
epoch  52 summary: dyn_dyn_cos_loss: 0.00000, dyn_sta_cos_loss: 0.00000, total_cos_loss : 0.01048, 
epoch  53 summary: dyn_dyn_cos_loss: 0.00000, dyn_sta_cos_loss: 0.00000, total_cos_loss : 0.01048, 
epoch  54 summary: dyn_dyn_cos_loss: 0.00000, dyn_sta_cos_loss: 0.00000, total_cos_loss : 0.01048, 
epoch  55 summary: dyn_dyn_cos_loss: 0.00000, dyn_sta_cos_loss: 0.00000, total_cos_loss : 0.01048, 
epoch  56 summary: dyn_dyn_cos_loss: 0.00000, dyn_sta_cos_loss: 0.00000, total_cos_loss : 0.01048, 
epoch  57 summary: dyn_dyn_cos_loss: 0.00000, dyn_sta_cos_loss: 0.00000, total_cos_loss : 0.01048, 
epoch  58 summary: dyn_dyn_cos_loss: 0.00000, dyn_sta_cos_loss: 0.00000, total_cos_loss : 0.01048, 
epoch  59 summary: dyn_dyn_cos_loss: 0.00000, dyn_sta_cos_loss: 0.00000, total_cos_loss : 0.01048, 
epoch  60 summary: dyn_dyn_cos_loss: 0.00000, dyn_sta_cos_loss: 0.00000, total_cos_loss : 0.01048, 
valid loss: 2.4415, valid acc: 0.4336
epoch  61 summary: dyn_dyn_cos_loss: 0.00000, dyn_sta_cos_loss: 0.00000, total_cos_loss : 0.01048, 
epoch  62 summary: dyn_dyn_cos_loss: 0.00000, dyn_sta_cos_loss: 0.00000, total_cos_loss : 0.01048, 
epoch  63 summary: dyn_dyn_cos_loss: 0.00000, dyn_sta_cos_loss: 0.00000, total_cos_loss : 0.01048, 
epoch  64 summary: dyn_dyn_cos_loss: 0.00000, dyn_sta_cos_loss: 0.00000, total_cos_loss : 0.01048, 
epoch  65 summary: dyn_dyn_cos_loss: 0.00000, dyn_sta_cos_loss: 0.00000, total_cos_loss : 0.01048, 
epoch  66 summary: dyn_dyn_cos_loss: 0.00000, dyn_sta_cos_loss: 0.00000, total_cos_loss : 0.01048, 
epoch  67 summary: dyn_dyn_cos_loss: 0.00000, dyn_sta_cos_loss: 0.00000, total_cos_loss : 0.01048, 
epoch  68 summary: dyn_dyn_cos_loss: 0.00000, dyn_sta_cos_loss: 0.00000, total_cos_loss : 0.01048, 
epoch  69 summary: dyn_dyn_cos_loss: 0.00000, dyn_sta_cos_loss: 0.00000, total_cos_loss : 0.01048, 
epoch  70 summary: dyn_dyn_cos_loss: 0.00000, dyn_sta_cos_loss: 0.00000, total_cos_loss : 0.01048, 
valid loss: 2.4432, valid acc: 0.4316
epoch  71 summary: dyn_dyn_cos_loss: 0.00000, dyn_sta_cos_loss: 0.00000, total_cos_loss : 0.01048, 
epoch  72 summary: dyn_dyn_cos_loss: 0.00000, dyn_sta_cos_loss: 0.00000, total_cos_loss : 0.01048, 
epoch  73 summary: dyn_dyn_cos_loss: 0.00000, dyn_sta_cos_loss: 0.00000, total_cos_loss : 0.01048, 
epoch  74 summary: dyn_dyn_cos_loss: 0.00000, dyn_sta_cos_loss: 0.00000, total_cos_loss : 0.01048, 
epoch  75 summary: dyn_dyn_cos_loss: 0.00000, dyn_sta_cos_loss: 0.00000, total_cos_loss : 0.01048, 
epoch  76 summary: dyn_dyn_cos_loss: 0.00000, dyn_sta_cos_loss: 0.00000, total_cos_loss : 0.01048, 
epoch  77 summary: dyn_dyn_cos_loss: 0.00000, dyn_sta_cos_loss: 0.00000, total_cos_loss : 0.01048, 
epoch  78 summary: dyn_dyn_cos_loss: 0.00000, dyn_sta_cos_loss: 0.00000, total_cos_loss : 0.01048, 
epoch  79 summary: dyn_dyn_cos_loss: 0.00000, dyn_sta_cos_loss: 0.00000, total_cos_loss : 0.01048, 
epoch  80 summary: dyn_dyn_cos_loss: 0.00000, dyn_sta_cos_loss: 0.00000, total_cos_loss : 0.01048, 
valid loss: 2.4477, valid acc: 0.4316
epoch  81 summary: dyn_dyn_cos_loss: 0.00000, dyn_sta_cos_loss: 0.00000, total_cos_loss : 0.01048, 
epoch  82 summary: dyn_dyn_cos_loss: 0.00000, dyn_sta_cos_loss: 0.00000, total_cos_loss : 0.01048, 
epoch  83 summary: dyn_dyn_cos_loss: 0.00000, dyn_sta_cos_loss: 0.00000, total_cos_loss : 0.01048, 
epoch  84 summary: dyn_dyn_cos_loss: 0.00000, dyn_sta_cos_loss: 0.00000, total_cos_loss : 0.01048, 
epoch  85 summary: dyn_dyn_cos_loss: 0.00000, dyn_sta_cos_loss: 0.00000, total_cos_loss : 0.01048, 
epoch  86 summary: dyn_dyn_cos_loss: 0.00000, dyn_sta_cos_loss: 0.00000, total_cos_loss : 0.01048, 
epoch  87 summary: dyn_dyn_cos_loss: 0.00000, dyn_sta_cos_loss: 0.00000, total_cos_loss : 0.01048, 
epoch  88 summary: dyn_dyn_cos_loss: 0.00000, dyn_sta_cos_loss: 0.00000, total_cos_loss : 0.01048, 
epoch  89 summary: dyn_dyn_cos_loss: 0.00000, dyn_sta_cos_loss: 0.00000, total_cos_loss : 0.01048, 
epoch  90 summary: dyn_dyn_cos_loss: 0.00000, dyn_sta_cos_loss: 0.00000, total_cos_loss : 0.01048, 
valid loss: 2.4479, valid acc: 0.4297
epoch  91 summary: dyn_dyn_cos_loss: 0.00000, dyn_sta_cos_loss: 0.00000, total_cos_loss : 0.01048, 
epoch  92 summary: dyn_dyn_cos_loss: 0.00000, dyn_sta_cos_loss: 0.00000, total_cos_loss : 0.01048, 
epoch  93 summary: dyn_dyn_cos_loss: 0.00000, dyn_sta_cos_loss: 0.00000, total_cos_loss : 0.01048, 
epoch  94 summary: dyn_dyn_cos_loss: 0.00000, dyn_sta_cos_loss: 0.00000, total_cos_loss : 0.01048, 
epoch  95 summary: dyn_dyn_cos_loss: 0.00000, dyn_sta_cos_loss: 0.00000, total_cos_loss : 0.01048, 
epoch  96 summary: dyn_dyn_cos_loss: 0.00000, dyn_sta_cos_loss: 0.00000, total_cos_loss : 0.01048, 
epoch  97 summary: dyn_dyn_cos_loss: 0.00000, dyn_sta_cos_loss: 0.00000, total_cos_loss : 0.01048, 
epoch  98 summary: dyn_dyn_cos_loss: 0.00000, dyn_sta_cos_loss: 0.00000, total_cos_loss : 0.01048, 
epoch  99 summary: dyn_dyn_cos_loss: 0.00000, dyn_sta_cos_loss: 0.00000, total_cos_loss : 0.01048, 
valid loss: 2.4465, valid acc: 0.4297
all                          27748.787ms
all_epoch                    27740.758ms
all_preparation                  8.010ms
all_preparation_2                6.804ms
all_preparation_3                1.186ms
epoch                          178.677ms
epoch_pos_train                  1.520ms
epoch_preparation                0.352ms
epoch_train                    175.536ms
epoch_valid                      0.321ms
----------------------------------------
all                          27748.787ms
  all_epoch             99.97%
  all_preparation        0.03%
all_preparation                  8.010ms
  all_preparation_2     84.95%
  all_preparation_3     14.81%
epoch                        17867.658ms
  epoch_train           98.24%
  epoch_pos_train        0.85%
  epoch_preparation      0.20%
  epoch_valid            0.18%
