Before CTE Training: train eu loss: 1.0375890731811523, eval eu loss: 1.492782711982727
Before CTE Training: train eu acc: 0.6748046875, eval eu acc: 0.560546875
epoch   0 summary: dyn_dyn_loss   : 0.09272, dyn_sta_loss   : 3.73231, tot_dyn_loss   : 0.31110, sta_sta_loss   : 0.12050, 
train loss: 0.2507, train acc: 0.9375
epoch   1 summary: dyn_dyn_loss   : 0.08079, dyn_sta_loss   : 2.99576, tot_dyn_loss   : 0.25569, sta_sta_loss   : 0.12050, 
epoch   2 summary: dyn_dyn_loss   : 0.08414, dyn_sta_loss   : 2.93888, tot_dyn_loss   : 0.25542, sta_sta_loss   : 0.12050, 
epoch   3 summary: dyn_dyn_loss   : 0.07200, dyn_sta_loss   : 3.07645, tot_dyn_loss   : 0.25226, sta_sta_loss   : 0.12050, 
epoch   4 summary: dyn_dyn_loss   : 0.07012, dyn_sta_loss   : 2.94750, tot_dyn_loss   : 0.24276, sta_sta_loss   : 0.12050, 
epoch   5 summary: dyn_dyn_loss   : 0.06806, dyn_sta_loss   : 2.98394, tot_dyn_loss   : 0.24301, sta_sta_loss   : 0.12050, 
epoch   6 summary: dyn_dyn_loss   : 0.06247, dyn_sta_loss   : 2.99446, tot_dyn_loss   : 0.23839, sta_sta_loss   : 0.12050, 
epoch   7 summary: dyn_dyn_loss   : 0.06607, dyn_sta_loss   : 2.97256, tot_dyn_loss   : 0.24046, sta_sta_loss   : 0.12050, 
epoch   8 summary: dyn_dyn_loss   : 0.06255, dyn_sta_loss   : 2.97561, tot_dyn_loss   : 0.23733, sta_sta_loss   : 0.12050, 
epoch   9 summary: dyn_dyn_loss   : 0.06526, dyn_sta_loss   : 2.95802, tot_dyn_loss   : 0.23883, sta_sta_loss   : 0.12050, 
epoch  10 summary: dyn_dyn_loss   : 0.06335, dyn_sta_loss   : 2.95581, tot_dyn_loss   : 0.23690, sta_sta_loss   : 0.12050, 
train loss: 0.3151, train acc: 0.9150
epoch  11 summary: dyn_dyn_loss   : 0.06485, dyn_sta_loss   : 2.96153, tot_dyn_loss   : 0.23865, sta_sta_loss   : 0.12050, 
epoch  12 summary: dyn_dyn_loss   : 0.06236, dyn_sta_loss   : 2.96728, tot_dyn_loss   : 0.23666, sta_sta_loss   : 0.12050, 
epoch  13 summary: dyn_dyn_loss   : 0.06401, dyn_sta_loss   : 2.95975, tot_dyn_loss   : 0.23775, sta_sta_loss   : 0.12050, 
epoch  14 summary: dyn_dyn_loss   : 0.06248, dyn_sta_loss   : 2.95963, tot_dyn_loss   : 0.23631, sta_sta_loss   : 0.12050, 
epoch  15 summary: dyn_dyn_loss   : 0.06363, dyn_sta_loss   : 2.95292, tot_dyn_loss   : 0.23699, sta_sta_loss   : 0.12050, 
epoch  16 summary: dyn_dyn_loss   : 0.06254, dyn_sta_loss   : 2.94826, tot_dyn_loss   : 0.23568, sta_sta_loss   : 0.12050, 
epoch  17 summary: dyn_dyn_loss   : 0.06311, dyn_sta_loss   : 2.94911, tot_dyn_loss   : 0.23627, sta_sta_loss   : 0.12050, 
epoch  18 summary: dyn_dyn_loss   : 0.06142, dyn_sta_loss   : 2.94906, tot_dyn_loss   : 0.23468, sta_sta_loss   : 0.12050, 
epoch  19 summary: dyn_dyn_loss   : 0.06260, dyn_sta_loss   : 2.93081, tot_dyn_loss   : 0.23469, sta_sta_loss   : 0.12050, 
epoch  20 summary: dyn_dyn_loss   : 0.06163, dyn_sta_loss   : 2.92370, tot_dyn_loss   : 0.23336, sta_sta_loss   : 0.12050, 
train loss: 0.1611, train acc: 0.9492
epoch  21 summary: dyn_dyn_loss   : 0.06203, dyn_sta_loss   : 2.92908, tot_dyn_loss   : 0.23405, sta_sta_loss   : 0.12050, 
epoch  22 summary: dyn_dyn_loss   : 0.06052, dyn_sta_loss   : 2.93117, tot_dyn_loss   : 0.23276, sta_sta_loss   : 0.12050, 
epoch  23 summary: dyn_dyn_loss   : 0.06141, dyn_sta_loss   : 2.92310, tot_dyn_loss   : 0.23311, sta_sta_loss   : 0.12050, 
epoch  24 summary: dyn_dyn_loss   : 0.06038, dyn_sta_loss   : 2.92240, tot_dyn_loss   : 0.23210, sta_sta_loss   : 0.12050, 
epoch  25 summary: dyn_dyn_loss   : 0.06105, dyn_sta_loss   : 2.92816, tot_dyn_loss   : 0.23307, sta_sta_loss   : 0.12050, 
epoch  26 summary: dyn_dyn_loss   : 0.05964, dyn_sta_loss   : 2.93213, tot_dyn_loss   : 0.23199, sta_sta_loss   : 0.12050, 
epoch  27 summary: dyn_dyn_loss   : 0.06106, dyn_sta_loss   : 2.92397, tot_dyn_loss   : 0.23284, sta_sta_loss   : 0.12050, 
epoch  28 summary: dyn_dyn_loss   : 0.06005, dyn_sta_loss   : 2.92341, tot_dyn_loss   : 0.23185, sta_sta_loss   : 0.12050, 
epoch  29 summary: dyn_dyn_loss   : 0.06083, dyn_sta_loss   : 2.92754, tot_dyn_loss   : 0.23283, sta_sta_loss   : 0.12050, 
epoch  30 summary: dyn_dyn_loss   : 0.05962, dyn_sta_loss   : 2.93078, tot_dyn_loss   : 0.23189, sta_sta_loss   : 0.12050, 
train loss: 0.1541, train acc: 0.9512
epoch  31 summary: dyn_dyn_loss   : 0.06085, dyn_sta_loss   : 2.92587, tot_dyn_loss   : 0.23275, sta_sta_loss   : 0.12050, 
epoch  32 summary: dyn_dyn_loss   : 0.05989, dyn_sta_loss   : 2.92413, tot_dyn_loss   : 0.23175, sta_sta_loss   : 0.12050, 
epoch  33 summary: dyn_dyn_loss   : 0.06111, dyn_sta_loss   : 2.92767, tot_dyn_loss   : 0.23310, sta_sta_loss   : 0.12050, 
epoch  34 summary: dyn_dyn_loss   : 0.05947, dyn_sta_loss   : 2.93279, tot_dyn_loss   : 0.23187, sta_sta_loss   : 0.12050, 
epoch  35 summary: dyn_dyn_loss   : 0.06060, dyn_sta_loss   : 2.93057, tot_dyn_loss   : 0.23280, sta_sta_loss   : 0.12050, 
epoch  36 summary: dyn_dyn_loss   : 0.05947, dyn_sta_loss   : 2.92997, tot_dyn_loss   : 0.23170, sta_sta_loss   : 0.12050, 
epoch  37 summary: dyn_dyn_loss   : 0.06122, dyn_sta_loss   : 2.92247, tot_dyn_loss   : 0.23289, sta_sta_loss   : 0.12050, 
epoch  38 summary: dyn_dyn_loss   : 0.06009, dyn_sta_loss   : 2.92671, tot_dyn_loss   : 0.23209, sta_sta_loss   : 0.12050, 
epoch  39 summary: dyn_dyn_loss   : 0.06087, dyn_sta_loss   : 2.92326, tot_dyn_loss   : 0.23261, sta_sta_loss   : 0.12050, 
epoch  40 summary: dyn_dyn_loss   : 0.06028, dyn_sta_loss   : 2.92409, tot_dyn_loss   : 0.23211, sta_sta_loss   : 0.12050, 
train loss: 0.1641, train acc: 0.9434
epoch  41 summary: dyn_dyn_loss   : 0.06089, dyn_sta_loss   : 2.91932, tot_dyn_loss   : 0.23240, sta_sta_loss   : 0.12050, 
epoch  42 summary: dyn_dyn_loss   : 0.06067, dyn_sta_loss   : 2.92124, tot_dyn_loss   : 0.23230, sta_sta_loss   : 0.12050, 
epoch  43 summary: dyn_dyn_loss   : 0.06095, dyn_sta_loss   : 2.91884, tot_dyn_loss   : 0.23242, sta_sta_loss   : 0.12050, 
epoch  44 summary: dyn_dyn_loss   : 0.06076, dyn_sta_loss   : 2.92027, tot_dyn_loss   : 0.23233, sta_sta_loss   : 0.12050, 
epoch  45 summary: dyn_dyn_loss   : 0.06128, dyn_sta_loss   : 2.91605, tot_dyn_loss   : 0.23256, sta_sta_loss   : 0.12050, 
epoch  46 summary: dyn_dyn_loss   : 0.06091, dyn_sta_loss   : 2.92040, tot_dyn_loss   : 0.23248, sta_sta_loss   : 0.12050, 
epoch  47 summary: dyn_dyn_loss   : 0.06070, dyn_sta_loss   : 2.92102, tot_dyn_loss   : 0.23231, sta_sta_loss   : 0.12050, 
epoch  48 summary: dyn_dyn_loss   : 0.06084, dyn_sta_loss   : 2.91990, tot_dyn_loss   : 0.23238, sta_sta_loss   : 0.12050, 
epoch  49 summary: dyn_dyn_loss   : 0.06100, dyn_sta_loss   : 2.91824, tot_dyn_loss   : 0.23244, sta_sta_loss   : 0.12050, 
epoch  50 summary: dyn_dyn_loss   : 0.06078, dyn_sta_loss   : 2.92129, tot_dyn_loss   : 0.23241, sta_sta_loss   : 0.12050, 
train loss: 0.1690, train acc: 0.9434
epoch  51 summary: dyn_dyn_loss   : 0.06079, dyn_sta_loss   : 2.92060, tot_dyn_loss   : 0.23238, sta_sta_loss   : 0.12050, 
epoch  52 summary: dyn_dyn_loss   : 0.06058, dyn_sta_loss   : 2.92268, tot_dyn_loss   : 0.23230, sta_sta_loss   : 0.12050, 
epoch  53 summary: dyn_dyn_loss   : 0.06092, dyn_sta_loss   : 2.91948, tot_dyn_loss   : 0.23243, sta_sta_loss   : 0.12050, 
epoch  54 summary: dyn_dyn_loss   : 0.06082, dyn_sta_loss   : 2.92112, tot_dyn_loss   : 0.23244, sta_sta_loss   : 0.12050, 
epoch  55 summary: dyn_dyn_loss   : 0.06074, dyn_sta_loss   : 2.92051, tot_dyn_loss   : 0.23233, sta_sta_loss   : 0.12050, 
epoch  56 summary: dyn_dyn_loss   : 0.06062, dyn_sta_loss   : 2.92331, tot_dyn_loss   : 0.23238, sta_sta_loss   : 0.12050, 
epoch  57 summary: dyn_dyn_loss   : 0.06073, dyn_sta_loss   : 2.92057, tot_dyn_loss   : 0.23232, sta_sta_loss   : 0.12050, 
epoch  58 summary: dyn_dyn_loss   : 0.06071, dyn_sta_loss   : 2.92057, tot_dyn_loss   : 0.23230, sta_sta_loss   : 0.12050, 
epoch  59 summary: dyn_dyn_loss   : 0.06078, dyn_sta_loss   : 2.91832, tot_dyn_loss   : 0.23223, sta_sta_loss   : 0.12050, 
epoch  60 summary: dyn_dyn_loss   : 0.06075, dyn_sta_loss   : 2.92090, tot_dyn_loss   : 0.23236, sta_sta_loss   : 0.12050, 
train loss: 0.1746, train acc: 0.9424
epoch  61 summary: dyn_dyn_loss   : 0.06076, dyn_sta_loss   : 2.91952, tot_dyn_loss   : 0.23229, sta_sta_loss   : 0.12050, 
epoch  62 summary: dyn_dyn_loss   : 0.06065, dyn_sta_loss   : 2.92232, tot_dyn_loss   : 0.23235, sta_sta_loss   : 0.12050, 
epoch  63 summary: dyn_dyn_loss   : 0.06083, dyn_sta_loss   : 2.91726, tot_dyn_loss   : 0.23221, sta_sta_loss   : 0.12050, 
epoch  64 summary: dyn_dyn_loss   : 0.06095, dyn_sta_loss   : 2.92098, tot_dyn_loss   : 0.23255, sta_sta_loss   : 0.12050, 
epoch  65 summary: dyn_dyn_loss   : 0.06056, dyn_sta_loss   : 2.92069, tot_dyn_loss   : 0.23217, sta_sta_loss   : 0.12050, 
epoch  66 summary: dyn_dyn_loss   : 0.06071, dyn_sta_loss   : 2.92407, tot_dyn_loss   : 0.23251, sta_sta_loss   : 0.12050, 
epoch  67 summary: dyn_dyn_loss   : 0.06055, dyn_sta_loss   : 2.92076, tot_dyn_loss   : 0.23217, sta_sta_loss   : 0.12050, 
epoch  68 summary: dyn_dyn_loss   : 0.06092, dyn_sta_loss   : 2.92263, tot_dyn_loss   : 0.23263, sta_sta_loss   : 0.12050, 
epoch  69 summary: dyn_dyn_loss   : 0.06036, dyn_sta_loss   : 2.92306, tot_dyn_loss   : 0.23213, sta_sta_loss   : 0.12050, 
epoch  70 summary: dyn_dyn_loss   : 0.06086, dyn_sta_loss   : 2.92242, tot_dyn_loss   : 0.23255, sta_sta_loss   : 0.12050, 
train loss: 0.1739, train acc: 0.9443
epoch  71 summary: dyn_dyn_loss   : 0.06044, dyn_sta_loss   : 2.92095, tot_dyn_loss   : 0.23207, sta_sta_loss   : 0.12050, 
epoch  72 summary: dyn_dyn_loss   : 0.06093, dyn_sta_loss   : 2.92322, tot_dyn_loss   : 0.23267, sta_sta_loss   : 0.12050, 
epoch  73 summary: dyn_dyn_loss   : 0.06044, dyn_sta_loss   : 2.92131, tot_dyn_loss   : 0.23209, sta_sta_loss   : 0.12050, 
epoch  74 summary: dyn_dyn_loss   : 0.06084, dyn_sta_loss   : 2.92170, tot_dyn_loss   : 0.23250, sta_sta_loss   : 0.12050, 
epoch  75 summary: dyn_dyn_loss   : 0.06070, dyn_sta_loss   : 2.91942, tot_dyn_loss   : 0.23222, sta_sta_loss   : 0.12050, 
epoch  76 summary: dyn_dyn_loss   : 0.06096, dyn_sta_loss   : 2.92127, tot_dyn_loss   : 0.23258, sta_sta_loss   : 0.12050, 
epoch  77 summary: dyn_dyn_loss   : 0.06067, dyn_sta_loss   : 2.92011, tot_dyn_loss   : 0.23224, sta_sta_loss   : 0.12050, 
epoch  78 summary: dyn_dyn_loss   : 0.06094, dyn_sta_loss   : 2.92020, tot_dyn_loss   : 0.23249, sta_sta_loss   : 0.12050, 
epoch  79 summary: dyn_dyn_loss   : 0.06077, dyn_sta_loss   : 2.91706, tot_dyn_loss   : 0.23215, sta_sta_loss   : 0.12050, 
epoch  80 summary: dyn_dyn_loss   : 0.06111, dyn_sta_loss   : 2.91857, tot_dyn_loss   : 0.23256, sta_sta_loss   : 0.12050, 
train loss: 0.1811, train acc: 0.9414
epoch  81 summary: dyn_dyn_loss   : 0.06078, dyn_sta_loss   : 2.91532, tot_dyn_loss   : 0.23205, sta_sta_loss   : 0.12050, 
epoch  82 summary: dyn_dyn_loss   : 0.06115, dyn_sta_loss   : 2.91962, tot_dyn_loss   : 0.23266, sta_sta_loss   : 0.12050, 
epoch  83 summary: dyn_dyn_loss   : 0.06069, dyn_sta_loss   : 2.91797, tot_dyn_loss   : 0.23213, sta_sta_loss   : 0.12050, 
epoch  84 summary: dyn_dyn_loss   : 0.06105, dyn_sta_loss   : 2.92085, tot_dyn_loss   : 0.23264, sta_sta_loss   : 0.12050, 
epoch  85 summary: dyn_dyn_loss   : 0.06060, dyn_sta_loss   : 2.91758, tot_dyn_loss   : 0.23202, sta_sta_loss   : 0.12050, 
epoch  86 summary: dyn_dyn_loss   : 0.06117, dyn_sta_loss   : 2.91991, tot_dyn_loss   : 0.23270, sta_sta_loss   : 0.12050, 
epoch  87 summary: dyn_dyn_loss   : 0.06040, dyn_sta_loss   : 2.91986, tot_dyn_loss   : 0.23197, sta_sta_loss   : 0.12050, 
epoch  88 summary: dyn_dyn_loss   : 0.06104, dyn_sta_loss   : 2.92015, tot_dyn_loss   : 0.23259, sta_sta_loss   : 0.12050, 
epoch  89 summary: dyn_dyn_loss   : 0.06064, dyn_sta_loss   : 2.91858, tot_dyn_loss   : 0.23211, sta_sta_loss   : 0.12050, 
epoch  90 summary: dyn_dyn_loss   : 0.06097, dyn_sta_loss   : 2.91985, tot_dyn_loss   : 0.23250, sta_sta_loss   : 0.12050, 
train loss: 0.1803, train acc: 0.9404
epoch  91 summary: dyn_dyn_loss   : 0.06083, dyn_sta_loss   : 2.91726, tot_dyn_loss   : 0.23222, sta_sta_loss   : 0.12050, 
epoch  92 summary: dyn_dyn_loss   : 0.06094, dyn_sta_loss   : 2.92192, tot_dyn_loss   : 0.23259, sta_sta_loss   : 0.12050, 
epoch  93 summary: dyn_dyn_loss   : 0.06052, dyn_sta_loss   : 2.91836, tot_dyn_loss   : 0.23199, sta_sta_loss   : 0.12050, 
epoch  94 summary: dyn_dyn_loss   : 0.06109, dyn_sta_loss   : 2.92048, tot_dyn_loss   : 0.23265, sta_sta_loss   : 0.12050, 
epoch  95 summary: dyn_dyn_loss   : 0.06065, dyn_sta_loss   : 2.91922, tot_dyn_loss   : 0.23216, sta_sta_loss   : 0.12050, 
epoch  96 summary: dyn_dyn_loss   : 0.06099, dyn_sta_loss   : 2.91969, tot_dyn_loss   : 0.23251, sta_sta_loss   : 0.12050, 
epoch  97 summary: dyn_dyn_loss   : 0.06074, dyn_sta_loss   : 2.91847, tot_dyn_loss   : 0.23220, sta_sta_loss   : 0.12050, 
epoch  98 summary: dyn_dyn_loss   : 0.06101, dyn_sta_loss   : 2.91968, tot_dyn_loss   : 0.23253, sta_sta_loss   : 0.12050, 
epoch  99 summary: dyn_dyn_loss   : 0.06097, dyn_sta_loss   : 2.91666, tot_dyn_loss   : 0.23231, sta_sta_loss   : 0.12050, 
train loss: 0.2289, train acc: 0.9238
all                          59188.236ms
all_epoch                    58806.924ms
all_preparation                381.286ms
all_preparation_2              379.817ms
all_preparation_3                1.444ms
epoch                          425.534ms
epoch_pos_train                  1.239ms
epoch_preparation                3.058ms
epoch_train                    420.048ms
epoch_valid                      0.727ms
----------------------------------------
all                          59188.236ms
  all_epoch             99.36%
  all_preparation        0.64%
all_preparation                381.286ms
  all_preparation_2     99.61%
  all_preparation_3      0.38%
epoch                        42553.427ms
  epoch_train           98.71%
  epoch_preparation      0.72%
  epoch_pos_train        0.29%
  epoch_valid            0.17%
epoch   0 summary: dyn_dyn_cos_loss: 0.00000, dyn_sta_cos_loss: 0.00000, total_cos_loss : 0.06119, 
valid loss: 3.5485, valid acc: 0.3223
epoch   1 summary: dyn_dyn_cos_loss: 0.00000, dyn_sta_cos_loss: 0.00000, total_cos_loss : 0.03977, 
epoch   2 summary: dyn_dyn_cos_loss: 0.00000, dyn_sta_cos_loss: 0.00000, total_cos_loss : 0.03521, 
epoch   3 summary: dyn_dyn_cos_loss: 0.00000, dyn_sta_cos_loss: 0.00000, total_cos_loss : 0.03407, 
epoch   4 summary: dyn_dyn_cos_loss: 0.00000, dyn_sta_cos_loss: 0.00000, total_cos_loss : 0.03384, 
epoch   5 summary: dyn_dyn_cos_loss: 0.00000, dyn_sta_cos_loss: 0.00000, total_cos_loss : 0.03371, 
epoch   6 summary: dyn_dyn_cos_loss: 0.00000, dyn_sta_cos_loss: 0.00000, total_cos_loss : 0.03362, 
epoch   7 summary: dyn_dyn_cos_loss: 0.00000, dyn_sta_cos_loss: 0.00000, total_cos_loss : 0.03357, 
epoch   8 summary: dyn_dyn_cos_loss: 0.00000, dyn_sta_cos_loss: 0.00000, total_cos_loss : 0.03354, 
epoch   9 summary: dyn_dyn_cos_loss: 0.00000, dyn_sta_cos_loss: 0.00000, total_cos_loss : 0.03350, 
epoch  10 summary: dyn_dyn_cos_loss: 0.00000, dyn_sta_cos_loss: 0.00000, total_cos_loss : 0.03347, 
valid loss: 3.2433, valid acc: 0.3164
epoch  11 summary: dyn_dyn_cos_loss: 0.00000, dyn_sta_cos_loss: 0.00000, total_cos_loss : 0.03345, 
epoch  12 summary: dyn_dyn_cos_loss: 0.00000, dyn_sta_cos_loss: 0.00000, total_cos_loss : 0.03344, 
epoch  13 summary: dyn_dyn_cos_loss: 0.00000, dyn_sta_cos_loss: 0.00000, total_cos_loss : 0.03343, 
epoch  14 summary: dyn_dyn_cos_loss: 0.00000, dyn_sta_cos_loss: 0.00000, total_cos_loss : 0.03341, 
epoch  15 summary: dyn_dyn_cos_loss: 0.00000, dyn_sta_cos_loss: 0.00000, total_cos_loss : 0.03340, 
epoch  16 summary: dyn_dyn_cos_loss: 0.00000, dyn_sta_cos_loss: 0.00000, total_cos_loss : 0.03338, 
epoch  17 summary: dyn_dyn_cos_loss: 0.00000, dyn_sta_cos_loss: 0.00000, total_cos_loss : 0.03337, 
epoch  18 summary: dyn_dyn_cos_loss: 0.00000, dyn_sta_cos_loss: 0.00000, total_cos_loss : 0.03337, 
epoch  19 summary: dyn_dyn_cos_loss: 0.00000, dyn_sta_cos_loss: 0.00000, total_cos_loss : 0.03337, 
epoch  20 summary: dyn_dyn_cos_loss: 0.00000, dyn_sta_cos_loss: 0.00000, total_cos_loss : 0.03337, 
valid loss: 3.2381, valid acc: 0.3105
epoch  21 summary: dyn_dyn_cos_loss: 0.00000, dyn_sta_cos_loss: 0.00000, total_cos_loss : 0.03336, 
epoch  22 summary: dyn_dyn_cos_loss: 0.00000, dyn_sta_cos_loss: 0.00000, total_cos_loss : 0.03335, 
epoch  23 summary: dyn_dyn_cos_loss: 0.00000, dyn_sta_cos_loss: 0.00000, total_cos_loss : 0.03335, 
epoch  24 summary: dyn_dyn_cos_loss: 0.00000, dyn_sta_cos_loss: 0.00000, total_cos_loss : 0.03336, 
epoch  25 summary: dyn_dyn_cos_loss: 0.00000, dyn_sta_cos_loss: 0.00000, total_cos_loss : 0.03335, 
epoch  26 summary: dyn_dyn_cos_loss: 0.00000, dyn_sta_cos_loss: 0.00000, total_cos_loss : 0.03334, 
epoch  27 summary: dyn_dyn_cos_loss: 0.00000, dyn_sta_cos_loss: 0.00000, total_cos_loss : 0.03333, 
epoch  28 summary: dyn_dyn_cos_loss: 0.00000, dyn_sta_cos_loss: 0.00000, total_cos_loss : 0.03333, 
epoch  29 summary: dyn_dyn_cos_loss: 0.00000, dyn_sta_cos_loss: 0.00000, total_cos_loss : 0.03333, 
epoch  30 summary: dyn_dyn_cos_loss: 0.00000, dyn_sta_cos_loss: 0.00000, total_cos_loss : 0.03333, 
valid loss: 3.2246, valid acc: 0.3125
epoch  31 summary: dyn_dyn_cos_loss: 0.00000, dyn_sta_cos_loss: 0.00000, total_cos_loss : 0.03333, 
epoch  32 summary: dyn_dyn_cos_loss: 0.00000, dyn_sta_cos_loss: 0.00000, total_cos_loss : 0.03333, 
epoch  33 summary: dyn_dyn_cos_loss: 0.00000, dyn_sta_cos_loss: 0.00000, total_cos_loss : 0.03333, 
epoch  34 summary: dyn_dyn_cos_loss: 0.00000, dyn_sta_cos_loss: 0.00000, total_cos_loss : 0.03332, 
epoch  35 summary: dyn_dyn_cos_loss: 0.00000, dyn_sta_cos_loss: 0.00000, total_cos_loss : 0.03332, 
epoch  36 summary: dyn_dyn_cos_loss: 0.00000, dyn_sta_cos_loss: 0.00000, total_cos_loss : 0.03332, 
epoch  37 summary: dyn_dyn_cos_loss: 0.00000, dyn_sta_cos_loss: 0.00000, total_cos_loss : 0.03332, 
epoch  38 summary: dyn_dyn_cos_loss: 0.00000, dyn_sta_cos_loss: 0.00000, total_cos_loss : 0.03332, 
epoch  39 summary: dyn_dyn_cos_loss: 0.00000, dyn_sta_cos_loss: 0.00000, total_cos_loss : 0.03332, 
epoch  40 summary: dyn_dyn_cos_loss: 0.00000, dyn_sta_cos_loss: 0.00000, total_cos_loss : 0.03331, 
valid loss: 3.2392, valid acc: 0.3125
epoch  41 summary: dyn_dyn_cos_loss: 0.00000, dyn_sta_cos_loss: 0.00000, total_cos_loss : 0.03331, 
epoch  42 summary: dyn_dyn_cos_loss: 0.00000, dyn_sta_cos_loss: 0.00000, total_cos_loss : 0.03331, 
epoch  43 summary: dyn_dyn_cos_loss: 0.00000, dyn_sta_cos_loss: 0.00000, total_cos_loss : 0.03330, 
epoch  44 summary: dyn_dyn_cos_loss: 0.00000, dyn_sta_cos_loss: 0.00000, total_cos_loss : 0.03330, 
epoch  45 summary: dyn_dyn_cos_loss: 0.00000, dyn_sta_cos_loss: 0.00000, total_cos_loss : 0.03330, 
epoch  46 summary: dyn_dyn_cos_loss: 0.00000, dyn_sta_cos_loss: 0.00000, total_cos_loss : 0.03330, 
epoch  47 summary: dyn_dyn_cos_loss: 0.00000, dyn_sta_cos_loss: 0.00000, total_cos_loss : 0.03330, 
epoch  48 summary: dyn_dyn_cos_loss: 0.00000, dyn_sta_cos_loss: 0.00000, total_cos_loss : 0.03329, 
epoch  49 summary: dyn_dyn_cos_loss: 0.00000, dyn_sta_cos_loss: 0.00000, total_cos_loss : 0.03328, 
epoch  50 summary: dyn_dyn_cos_loss: 0.00000, dyn_sta_cos_loss: 0.00000, total_cos_loss : 0.03328, 
valid loss: 3.2234, valid acc: 0.3105
epoch  51 summary: dyn_dyn_cos_loss: 0.00000, dyn_sta_cos_loss: 0.00000, total_cos_loss : 0.03328, 
epoch  52 summary: dyn_dyn_cos_loss: 0.00000, dyn_sta_cos_loss: 0.00000, total_cos_loss : 0.03328, 
epoch  53 summary: dyn_dyn_cos_loss: 0.00000, dyn_sta_cos_loss: 0.00000, total_cos_loss : 0.03328, 
epoch  54 summary: dyn_dyn_cos_loss: 0.00000, dyn_sta_cos_loss: 0.00000, total_cos_loss : 0.03328, 
epoch  55 summary: dyn_dyn_cos_loss: 0.00000, dyn_sta_cos_loss: 0.00000, total_cos_loss : 0.03328, 
epoch  56 summary: dyn_dyn_cos_loss: 0.00000, dyn_sta_cos_loss: 0.00000, total_cos_loss : 0.03328, 
epoch  57 summary: dyn_dyn_cos_loss: 0.00000, dyn_sta_cos_loss: 0.00000, total_cos_loss : 0.03328, 
epoch  58 summary: dyn_dyn_cos_loss: 0.00000, dyn_sta_cos_loss: 0.00000, total_cos_loss : 0.03328, 
epoch  59 summary: dyn_dyn_cos_loss: 0.00000, dyn_sta_cos_loss: 0.00000, total_cos_loss : 0.03328, 
epoch  60 summary: dyn_dyn_cos_loss: 0.00000, dyn_sta_cos_loss: 0.00000, total_cos_loss : 0.03328, 
valid loss: 3.2379, valid acc: 0.3066
epoch  61 summary: dyn_dyn_cos_loss: 0.00000, dyn_sta_cos_loss: 0.00000, total_cos_loss : 0.03328, 
epoch  62 summary: dyn_dyn_cos_loss: 0.00000, dyn_sta_cos_loss: 0.00000, total_cos_loss : 0.03328, 
epoch  63 summary: dyn_dyn_cos_loss: 0.00000, dyn_sta_cos_loss: 0.00000, total_cos_loss : 0.03327, 
epoch  64 summary: dyn_dyn_cos_loss: 0.00000, dyn_sta_cos_loss: 0.00000, total_cos_loss : 0.03327, 
epoch  65 summary: dyn_dyn_cos_loss: 0.00000, dyn_sta_cos_loss: 0.00000, total_cos_loss : 0.03327, 
epoch  66 summary: dyn_dyn_cos_loss: 0.00000, dyn_sta_cos_loss: 0.00000, total_cos_loss : 0.03327, 
epoch  67 summary: dyn_dyn_cos_loss: 0.00000, dyn_sta_cos_loss: 0.00000, total_cos_loss : 0.03327, 
epoch  68 summary: dyn_dyn_cos_loss: 0.00000, dyn_sta_cos_loss: 0.00000, total_cos_loss : 0.03327, 
epoch  69 summary: dyn_dyn_cos_loss: 0.00000, dyn_sta_cos_loss: 0.00000, total_cos_loss : 0.03327, 
epoch  70 summary: dyn_dyn_cos_loss: 0.00000, dyn_sta_cos_loss: 0.00000, total_cos_loss : 0.03327, 
valid loss: 3.2236, valid acc: 0.3086
epoch  71 summary: dyn_dyn_cos_loss: 0.00000, dyn_sta_cos_loss: 0.00000, total_cos_loss : 0.03327, 
epoch  72 summary: dyn_dyn_cos_loss: 0.00000, dyn_sta_cos_loss: 0.00000, total_cos_loss : 0.03327, 
epoch  73 summary: dyn_dyn_cos_loss: 0.00000, dyn_sta_cos_loss: 0.00000, total_cos_loss : 0.03326, 
epoch  74 summary: dyn_dyn_cos_loss: 0.00000, dyn_sta_cos_loss: 0.00000, total_cos_loss : 0.03327, 
epoch  75 summary: dyn_dyn_cos_loss: 0.00000, dyn_sta_cos_loss: 0.00000, total_cos_loss : 0.03327, 
epoch  76 summary: dyn_dyn_cos_loss: 0.00000, dyn_sta_cos_loss: 0.00000, total_cos_loss : 0.03326, 
epoch  77 summary: dyn_dyn_cos_loss: 0.00000, dyn_sta_cos_loss: 0.00000, total_cos_loss : 0.03327, 
epoch  78 summary: dyn_dyn_cos_loss: 0.00000, dyn_sta_cos_loss: 0.00000, total_cos_loss : 0.03327, 
epoch  79 summary: dyn_dyn_cos_loss: 0.00000, dyn_sta_cos_loss: 0.00000, total_cos_loss : 0.03326, 
epoch  80 summary: dyn_dyn_cos_loss: 0.00000, dyn_sta_cos_loss: 0.00000, total_cos_loss : 0.03326, 
valid loss: 3.2107, valid acc: 0.3086
epoch  81 summary: dyn_dyn_cos_loss: 0.00000, dyn_sta_cos_loss: 0.00000, total_cos_loss : 0.03326, 
epoch  82 summary: dyn_dyn_cos_loss: 0.00000, dyn_sta_cos_loss: 0.00000, total_cos_loss : 0.03326, 
epoch  83 summary: dyn_dyn_cos_loss: 0.00000, dyn_sta_cos_loss: 0.00000, total_cos_loss : 0.03326, 
epoch  84 summary: dyn_dyn_cos_loss: 0.00000, dyn_sta_cos_loss: 0.00000, total_cos_loss : 0.03326, 
epoch  85 summary: dyn_dyn_cos_loss: 0.00000, dyn_sta_cos_loss: 0.00000, total_cos_loss : 0.03326, 
epoch  86 summary: dyn_dyn_cos_loss: 0.00000, dyn_sta_cos_loss: 0.00000, total_cos_loss : 0.03326, 
epoch  87 summary: dyn_dyn_cos_loss: 0.00000, dyn_sta_cos_loss: 0.00000, total_cos_loss : 0.03326, 
epoch  88 summary: dyn_dyn_cos_loss: 0.00000, dyn_sta_cos_loss: 0.00000, total_cos_loss : 0.03326, 
epoch  89 summary: dyn_dyn_cos_loss: 0.00000, dyn_sta_cos_loss: 0.00000, total_cos_loss : 0.03326, 
epoch  90 summary: dyn_dyn_cos_loss: 0.00000, dyn_sta_cos_loss: 0.00000, total_cos_loss : 0.03326, 
valid loss: 3.2121, valid acc: 0.3086
epoch  91 summary: dyn_dyn_cos_loss: 0.00000, dyn_sta_cos_loss: 0.00000, total_cos_loss : 0.03326, 
epoch  92 summary: dyn_dyn_cos_loss: 0.00000, dyn_sta_cos_loss: 0.00000, total_cos_loss : 0.03326, 
epoch  93 summary: dyn_dyn_cos_loss: 0.00000, dyn_sta_cos_loss: 0.00000, total_cos_loss : 0.03326, 
epoch  94 summary: dyn_dyn_cos_loss: 0.00000, dyn_sta_cos_loss: 0.00000, total_cos_loss : 0.03326, 
epoch  95 summary: dyn_dyn_cos_loss: 0.00000, dyn_sta_cos_loss: 0.00000, total_cos_loss : 0.03325, 
epoch  96 summary: dyn_dyn_cos_loss: 0.00000, dyn_sta_cos_loss: 0.00000, total_cos_loss : 0.03325, 
epoch  97 summary: dyn_dyn_cos_loss: 0.00000, dyn_sta_cos_loss: 0.00000, total_cos_loss : 0.03325, 
epoch  98 summary: dyn_dyn_cos_loss: 0.00000, dyn_sta_cos_loss: 0.00000, total_cos_loss : 0.03325, 
epoch  99 summary: dyn_dyn_cos_loss: 0.00000, dyn_sta_cos_loss: 0.00000, total_cos_loss : 0.03325, 
valid loss: 3.2263, valid acc: 0.3066
all                          24405.566ms
all_epoch                    24398.247ms
all_preparation                  7.303ms
all_preparation_2                6.211ms
all_preparation_3                1.077ms
epoch                          147.939ms
epoch_pos_train                  1.322ms
epoch_preparation                0.269ms
epoch_train                    145.665ms
epoch_valid                      0.236ms
----------------------------------------
all                          24405.566ms
  all_epoch             99.97%
  all_preparation        0.03%
all_preparation                  7.303ms
  all_preparation_2     85.05%
  all_preparation_3     14.75%
epoch                        14793.905ms
  epoch_train           98.46%
  epoch_pos_train        0.89%
  epoch_preparation      0.18%
  epoch_valid            0.16%
