Before CTE Training: train eu loss: 1.0375890731811523, eval eu loss: 1.492782711982727
Before CTE Training: train eu acc: 0.6748046875, eval eu acc: 0.560546875
epoch   0 summary: dyn_dyn_loss   : 0.01840, dyn_sta_loss   : 4.13988, tot_dyn_loss   : 0.26569, sta_sta_loss   : 0.02002, 
train loss: 1.6068, train acc: 0.6934
epoch   1 summary: dyn_dyn_loss   : 0.01761, dyn_sta_loss   : 3.96262, tot_dyn_loss   : 0.25431, sta_sta_loss   : 0.02002, 
epoch   2 summary: dyn_dyn_loss   : 0.01679, dyn_sta_loss   : 3.81352, tot_dyn_loss   : 0.24459, sta_sta_loss   : 0.02002, 
epoch   3 summary: dyn_dyn_loss   : 0.01670, dyn_sta_loss   : 3.69269, tot_dyn_loss   : 0.23726, sta_sta_loss   : 0.02002, 
epoch   4 summary: dyn_dyn_loss   : 0.01749, dyn_sta_loss   : 3.60668, tot_dyn_loss   : 0.23284, sta_sta_loss   : 0.02002, 
epoch   5 summary: dyn_dyn_loss   : 0.01884, dyn_sta_loss   : 3.53391, tot_dyn_loss   : 0.22974, sta_sta_loss   : 0.02002, 
epoch   6 summary: dyn_dyn_loss   : 0.02052, dyn_sta_loss   : 3.47887, tot_dyn_loss   : 0.22802, sta_sta_loss   : 0.02002, 
epoch   7 summary: dyn_dyn_loss   : 0.02201, dyn_sta_loss   : 3.44024, tot_dyn_loss   : 0.22711, sta_sta_loss   : 0.02002, 
epoch   8 summary: dyn_dyn_loss   : 0.02302, dyn_sta_loss   : 3.41434, tot_dyn_loss   : 0.22650, sta_sta_loss   : 0.02002, 
epoch   9 summary: dyn_dyn_loss   : 0.02378, dyn_sta_loss   : 3.40075, tot_dyn_loss   : 0.22640, sta_sta_loss   : 0.02002, 
epoch  10 summary: dyn_dyn_loss   : 0.02395, dyn_sta_loss   : 3.39891, tot_dyn_loss   : 0.22645, sta_sta_loss   : 0.02002, 
train loss: 0.0002, train acc: 1.0000
epoch  11 summary: dyn_dyn_loss   : 0.02427, dyn_sta_loss   : 3.38936, tot_dyn_loss   : 0.22617, sta_sta_loss   : 0.02002, 
epoch  12 summary: dyn_dyn_loss   : 0.02449, dyn_sta_loss   : 3.38394, tot_dyn_loss   : 0.22606, sta_sta_loss   : 0.02002, 
epoch  13 summary: dyn_dyn_loss   : 0.02466, dyn_sta_loss   : 3.37749, tot_dyn_loss   : 0.22583, sta_sta_loss   : 0.02002, 
epoch  14 summary: dyn_dyn_loss   : 0.02487, dyn_sta_loss   : 3.37103, tot_dyn_loss   : 0.22564, sta_sta_loss   : 0.02002, 
epoch  15 summary: dyn_dyn_loss   : 0.02473, dyn_sta_loss   : 3.37234, tot_dyn_loss   : 0.22559, sta_sta_loss   : 0.02002, 
epoch  16 summary: dyn_dyn_loss   : 0.02488, dyn_sta_loss   : 3.37724, tot_dyn_loss   : 0.22602, sta_sta_loss   : 0.02002, 
epoch  17 summary: dyn_dyn_loss   : 0.02449, dyn_sta_loss   : 3.38366, tot_dyn_loss   : 0.22604, sta_sta_loss   : 0.02002, 
epoch  18 summary: dyn_dyn_loss   : 0.02446, dyn_sta_loss   : 3.37762, tot_dyn_loss   : 0.22565, sta_sta_loss   : 0.02002, 
epoch  19 summary: dyn_dyn_loss   : 0.02455, dyn_sta_loss   : 3.37350, tot_dyn_loss   : 0.22549, sta_sta_loss   : 0.02002, 
epoch  20 summary: dyn_dyn_loss   : 0.02465, dyn_sta_loss   : 3.37699, tot_dyn_loss   : 0.22579, sta_sta_loss   : 0.02002, 
train loss: 0.0001, train acc: 1.0000
epoch  21 summary: dyn_dyn_loss   : 0.02462, dyn_sta_loss   : 3.37461, tot_dyn_loss   : 0.22562, sta_sta_loss   : 0.02002, 
epoch  22 summary: dyn_dyn_loss   : 0.02465, dyn_sta_loss   : 3.37382, tot_dyn_loss   : 0.22560, sta_sta_loss   : 0.02002, 
epoch  23 summary: dyn_dyn_loss   : 0.02462, dyn_sta_loss   : 3.37847, tot_dyn_loss   : 0.22585, sta_sta_loss   : 0.02002, 
epoch  24 summary: dyn_dyn_loss   : 0.02444, dyn_sta_loss   : 3.37642, tot_dyn_loss   : 0.22556, sta_sta_loss   : 0.02002, 
epoch  25 summary: dyn_dyn_loss   : 0.02450, dyn_sta_loss   : 3.37159, tot_dyn_loss   : 0.22532, sta_sta_loss   : 0.02002, 
epoch  26 summary: dyn_dyn_loss   : 0.02455, dyn_sta_loss   : 3.37548, tot_dyn_loss   : 0.22561, sta_sta_loss   : 0.02002, 
epoch  27 summary: dyn_dyn_loss   : 0.02438, dyn_sta_loss   : 3.37062, tot_dyn_loss   : 0.22515, sta_sta_loss   : 0.02002, 
epoch  28 summary: dyn_dyn_loss   : 0.02444, dyn_sta_loss   : 3.37048, tot_dyn_loss   : 0.22521, sta_sta_loss   : 0.02002, 
epoch  29 summary: dyn_dyn_loss   : 0.02441, dyn_sta_loss   : 3.38183, tot_dyn_loss   : 0.22585, sta_sta_loss   : 0.02002, 
epoch  30 summary: dyn_dyn_loss   : 0.02413, dyn_sta_loss   : 3.38243, tot_dyn_loss   : 0.22562, sta_sta_loss   : 0.02002, 
train loss: 0.0001, train acc: 1.0000
epoch  31 summary: dyn_dyn_loss   : 0.02413, dyn_sta_loss   : 3.38332, tot_dyn_loss   : 0.22568, sta_sta_loss   : 0.02002, 
epoch  32 summary: dyn_dyn_loss   : 0.02408, dyn_sta_loss   : 3.38089, tot_dyn_loss   : 0.22549, sta_sta_loss   : 0.02002, 
epoch  33 summary: dyn_dyn_loss   : 0.02408, dyn_sta_loss   : 3.37951, tot_dyn_loss   : 0.22541, sta_sta_loss   : 0.02002, 
epoch  34 summary: dyn_dyn_loss   : 0.02408, dyn_sta_loss   : 3.37452, tot_dyn_loss   : 0.22511, sta_sta_loss   : 0.02002, 
epoch  35 summary: dyn_dyn_loss   : 0.02420, dyn_sta_loss   : 3.37446, tot_dyn_loss   : 0.22522, sta_sta_loss   : 0.02002, 
epoch  36 summary: dyn_dyn_loss   : 0.02417, dyn_sta_loss   : 3.37419, tot_dyn_loss   : 0.22517, sta_sta_loss   : 0.02002, 
epoch  37 summary: dyn_dyn_loss   : 0.02414, dyn_sta_loss   : 3.38343, tot_dyn_loss   : 0.22570, sta_sta_loss   : 0.02002, 
epoch  38 summary: dyn_dyn_loss   : 0.02405, dyn_sta_loss   : 3.38602, tot_dyn_loss   : 0.22577, sta_sta_loss   : 0.02002, 
epoch  39 summary: dyn_dyn_loss   : 0.02397, dyn_sta_loss   : 3.38136, tot_dyn_loss   : 0.22541, sta_sta_loss   : 0.02002, 
epoch  40 summary: dyn_dyn_loss   : 0.02394, dyn_sta_loss   : 3.38305, tot_dyn_loss   : 0.22549, sta_sta_loss   : 0.02002, 
train loss: 0.0001, train acc: 1.0000
epoch  41 summary: dyn_dyn_loss   : 0.02387, dyn_sta_loss   : 3.38950, tot_dyn_loss   : 0.22581, sta_sta_loss   : 0.02002, 
epoch  42 summary: dyn_dyn_loss   : 0.02386, dyn_sta_loss   : 3.38074, tot_dyn_loss   : 0.22527, sta_sta_loss   : 0.02002, 
epoch  43 summary: dyn_dyn_loss   : 0.02399, dyn_sta_loss   : 3.37941, tot_dyn_loss   : 0.22531, sta_sta_loss   : 0.02002, 
epoch  44 summary: dyn_dyn_loss   : 0.02403, dyn_sta_loss   : 3.37983, tot_dyn_loss   : 0.22538, sta_sta_loss   : 0.02002, 
epoch  45 summary: dyn_dyn_loss   : 0.02410, dyn_sta_loss   : 3.37415, tot_dyn_loss   : 0.22511, sta_sta_loss   : 0.02002, 
epoch  46 summary: dyn_dyn_loss   : 0.02416, dyn_sta_loss   : 3.38024, tot_dyn_loss   : 0.22553, sta_sta_loss   : 0.02002, 
epoch  47 summary: dyn_dyn_loss   : 0.02399, dyn_sta_loss   : 3.37669, tot_dyn_loss   : 0.22515, sta_sta_loss   : 0.02002, 
epoch  48 summary: dyn_dyn_loss   : 0.02406, dyn_sta_loss   : 3.37942, tot_dyn_loss   : 0.22538, sta_sta_loss   : 0.02002, 
epoch  49 summary: dyn_dyn_loss   : 0.02387, dyn_sta_loss   : 3.38613, tot_dyn_loss   : 0.22561, sta_sta_loss   : 0.02002, 
epoch  50 summary: dyn_dyn_loss   : 0.02373, dyn_sta_loss   : 3.38522, tot_dyn_loss   : 0.22542, sta_sta_loss   : 0.02002, 
train loss: 0.0001, train acc: 1.0000
epoch  51 summary: dyn_dyn_loss   : 0.02373, dyn_sta_loss   : 3.38134, tot_dyn_loss   : 0.22519, sta_sta_loss   : 0.02002, 
epoch  52 summary: dyn_dyn_loss   : 0.02384, dyn_sta_loss   : 3.37808, tot_dyn_loss   : 0.22510, sta_sta_loss   : 0.02002, 
epoch  53 summary: dyn_dyn_loss   : 0.02404, dyn_sta_loss   : 3.37981, tot_dyn_loss   : 0.22538, sta_sta_loss   : 0.02002, 
epoch  54 summary: dyn_dyn_loss   : 0.02392, dyn_sta_loss   : 3.37728, tot_dyn_loss   : 0.22513, sta_sta_loss   : 0.02002, 
epoch  55 summary: dyn_dyn_loss   : 0.02402, dyn_sta_loss   : 3.37154, tot_dyn_loss   : 0.22487, sta_sta_loss   : 0.02002, 
epoch  56 summary: dyn_dyn_loss   : 0.02401, dyn_sta_loss   : 3.37632, tot_dyn_loss   : 0.22514, sta_sta_loss   : 0.02002, 
epoch  57 summary: dyn_dyn_loss   : 0.02396, dyn_sta_loss   : 3.36928, tot_dyn_loss   : 0.22468, sta_sta_loss   : 0.02002, 
epoch  58 summary: dyn_dyn_loss   : 0.02396, dyn_sta_loss   : 3.38098, tot_dyn_loss   : 0.22538, sta_sta_loss   : 0.02002, 
epoch  59 summary: dyn_dyn_loss   : 0.02381, dyn_sta_loss   : 3.37380, tot_dyn_loss   : 0.22481, sta_sta_loss   : 0.02002, 
epoch  60 summary: dyn_dyn_loss   : 0.02397, dyn_sta_loss   : 3.37554, tot_dyn_loss   : 0.22506, sta_sta_loss   : 0.02002, 
train loss: 0.0001, train acc: 1.0000
epoch  61 summary: dyn_dyn_loss   : 0.02385, dyn_sta_loss   : 3.37674, tot_dyn_loss   : 0.22503, sta_sta_loss   : 0.02002, 
epoch  62 summary: dyn_dyn_loss   : 0.02391, dyn_sta_loss   : 3.38047, tot_dyn_loss   : 0.22531, sta_sta_loss   : 0.02002, 
epoch  63 summary: dyn_dyn_loss   : 0.02379, dyn_sta_loss   : 3.38251, tot_dyn_loss   : 0.22531, sta_sta_loss   : 0.02002, 
epoch  64 summary: dyn_dyn_loss   : 0.02377, dyn_sta_loss   : 3.38686, tot_dyn_loss   : 0.22556, sta_sta_loss   : 0.02002, 
epoch  65 summary: dyn_dyn_loss   : 0.02375, dyn_sta_loss   : 3.37729, tot_dyn_loss   : 0.22496, sta_sta_loss   : 0.02002, 
epoch  66 summary: dyn_dyn_loss   : 0.02388, dyn_sta_loss   : 3.37843, tot_dyn_loss   : 0.22515, sta_sta_loss   : 0.02002, 
epoch  67 summary: dyn_dyn_loss   : 0.02379, dyn_sta_loss   : 3.38946, tot_dyn_loss   : 0.22573, sta_sta_loss   : 0.02002, 
epoch  68 summary: dyn_dyn_loss   : 0.02363, dyn_sta_loss   : 3.38308, tot_dyn_loss   : 0.22520, sta_sta_loss   : 0.02002, 
epoch  69 summary: dyn_dyn_loss   : 0.02377, dyn_sta_loss   : 3.37985, tot_dyn_loss   : 0.22513, sta_sta_loss   : 0.02002, 
epoch  70 summary: dyn_dyn_loss   : 0.02374, dyn_sta_loss   : 3.38498, tot_dyn_loss   : 0.22541, sta_sta_loss   : 0.02002, 
train loss: 0.0001, train acc: 1.0000
epoch  71 summary: dyn_dyn_loss   : 0.02369, dyn_sta_loss   : 3.38047, tot_dyn_loss   : 0.22509, sta_sta_loss   : 0.02002, 
epoch  72 summary: dyn_dyn_loss   : 0.02366, dyn_sta_loss   : 3.38517, tot_dyn_loss   : 0.22535, sta_sta_loss   : 0.02002, 
epoch  73 summary: dyn_dyn_loss   : 0.02366, dyn_sta_loss   : 3.38797, tot_dyn_loss   : 0.22552, sta_sta_loss   : 0.02002, 
epoch  74 summary: dyn_dyn_loss   : 0.02364, dyn_sta_loss   : 3.38442, tot_dyn_loss   : 0.22529, sta_sta_loss   : 0.02002, 
epoch  75 summary: dyn_dyn_loss   : 0.02356, dyn_sta_loss   : 3.38344, tot_dyn_loss   : 0.22515, sta_sta_loss   : 0.02002, 
epoch  76 summary: dyn_dyn_loss   : 0.02361, dyn_sta_loss   : 3.38557, tot_dyn_loss   : 0.22532, sta_sta_loss   : 0.02002, 
epoch  77 summary: dyn_dyn_loss   : 0.02362, dyn_sta_loss   : 3.38176, tot_dyn_loss   : 0.22511, sta_sta_loss   : 0.02002, 
epoch  78 summary: dyn_dyn_loss   : 0.02376, dyn_sta_loss   : 3.37505, tot_dyn_loss   : 0.22484, sta_sta_loss   : 0.02002, 
epoch  79 summary: dyn_dyn_loss   : 0.02379, dyn_sta_loss   : 3.38260, tot_dyn_loss   : 0.22531, sta_sta_loss   : 0.02002, 
epoch  80 summary: dyn_dyn_loss   : 0.02365, dyn_sta_loss   : 3.38090, tot_dyn_loss   : 0.22509, sta_sta_loss   : 0.02002, 
train loss: 0.0001, train acc: 1.0000
epoch  81 summary: dyn_dyn_loss   : 0.02371, dyn_sta_loss   : 3.37242, tot_dyn_loss   : 0.22463, sta_sta_loss   : 0.02002, 
epoch  82 summary: dyn_dyn_loss   : 0.02372, dyn_sta_loss   : 3.38954, tot_dyn_loss   : 0.22567, sta_sta_loss   : 0.02002, 
epoch  83 summary: dyn_dyn_loss   : 0.02347, dyn_sta_loss   : 3.39027, tot_dyn_loss   : 0.22548, sta_sta_loss   : 0.02002, 
epoch  84 summary: dyn_dyn_loss   : 0.02340, dyn_sta_loss   : 3.38458, tot_dyn_loss   : 0.22507, sta_sta_loss   : 0.02002, 
epoch  85 summary: dyn_dyn_loss   : 0.02345, dyn_sta_loss   : 3.38620, tot_dyn_loss   : 0.22522, sta_sta_loss   : 0.02002, 
epoch  86 summary: dyn_dyn_loss   : 0.02353, dyn_sta_loss   : 3.38419, tot_dyn_loss   : 0.22517, sta_sta_loss   : 0.02002, 
epoch  87 summary: dyn_dyn_loss   : 0.02366, dyn_sta_loss   : 3.38020, tot_dyn_loss   : 0.22505, sta_sta_loss   : 0.02002, 
epoch  88 summary: dyn_dyn_loss   : 0.02355, dyn_sta_loss   : 3.38113, tot_dyn_loss   : 0.22500, sta_sta_loss   : 0.02002, 
epoch  89 summary: dyn_dyn_loss   : 0.02360, dyn_sta_loss   : 3.38732, tot_dyn_loss   : 0.22543, sta_sta_loss   : 0.02002, 
epoch  90 summary: dyn_dyn_loss   : 0.02360, dyn_sta_loss   : 3.37983, tot_dyn_loss   : 0.22497, sta_sta_loss   : 0.02002, 
train loss: 0.0001, train acc: 1.0000
epoch  91 summary: dyn_dyn_loss   : 0.02369, dyn_sta_loss   : 3.38060, tot_dyn_loss   : 0.22511, sta_sta_loss   : 0.02002, 
epoch  92 summary: dyn_dyn_loss   : 0.02370, dyn_sta_loss   : 3.38670, tot_dyn_loss   : 0.22548, sta_sta_loss   : 0.02002, 
epoch  93 summary: dyn_dyn_loss   : 0.02359, dyn_sta_loss   : 3.38132, tot_dyn_loss   : 0.22505, sta_sta_loss   : 0.02002, 
epoch  94 summary: dyn_dyn_loss   : 0.02353, dyn_sta_loss   : 3.38043, tot_dyn_loss   : 0.22494, sta_sta_loss   : 0.02002, 
epoch  95 summary: dyn_dyn_loss   : 0.02352, dyn_sta_loss   : 3.38239, tot_dyn_loss   : 0.22505, sta_sta_loss   : 0.02002, 
epoch  96 summary: dyn_dyn_loss   : 0.02353, dyn_sta_loss   : 3.37497, tot_dyn_loss   : 0.22462, sta_sta_loss   : 0.02002, 
epoch  97 summary: dyn_dyn_loss   : 0.02364, dyn_sta_loss   : 3.39080, tot_dyn_loss   : 0.22567, sta_sta_loss   : 0.02002, 
epoch  98 summary: dyn_dyn_loss   : 0.02331, dyn_sta_loss   : 3.38654, tot_dyn_loss   : 0.22511, sta_sta_loss   : 0.02002, 
epoch  99 summary: dyn_dyn_loss   : 0.02322, dyn_sta_loss   : 3.38280, tot_dyn_loss   : 0.22479, sta_sta_loss   : 0.02002, 
train loss: 0.0002, train acc: 1.0000
all                          63394.224ms
all_epoch                    63002.823ms
all_preparation                391.375ms
all_preparation_2              389.942ms
all_preparation_3                1.408ms
epoch                          467.282ms
epoch_pos_train                  1.280ms
epoch_preparation                3.592ms
epoch_train                    461.055ms
epoch_valid                      0.862ms
----------------------------------------
all                          63394.224ms
  all_epoch             99.38%
  all_preparation        0.62%
all_preparation                391.375ms
  all_preparation_2     99.63%
  all_preparation_3      0.36%
epoch                        46728.161ms
  epoch_train           98.67%
  epoch_preparation      0.77%
  epoch_pos_train        0.27%
  epoch_valid            0.18%
epoch   0 summary: dyn_dyn_cos_loss: 0.00000, dyn_sta_cos_loss: 0.00000, total_cos_loss : 0.01699, 
valid loss: 3.8196, valid acc: 0.2051
epoch   1 summary: dyn_dyn_cos_loss: 0.00000, dyn_sta_cos_loss: 0.00000, total_cos_loss : 0.01374, 
epoch   2 summary: dyn_dyn_cos_loss: 0.00000, dyn_sta_cos_loss: 0.00000, total_cos_loss : 0.01216, 
epoch   3 summary: dyn_dyn_cos_loss: 0.00000, dyn_sta_cos_loss: 0.00000, total_cos_loss : 0.01119, 
epoch   4 summary: dyn_dyn_cos_loss: 0.00000, dyn_sta_cos_loss: 0.00000, total_cos_loss : 0.01059, 
epoch   5 summary: dyn_dyn_cos_loss: 0.00000, dyn_sta_cos_loss: 0.00000, total_cos_loss : 0.01020, 
epoch   6 summary: dyn_dyn_cos_loss: 0.00000, dyn_sta_cos_loss: 0.00000, total_cos_loss : 0.00993, 
epoch   7 summary: dyn_dyn_cos_loss: 0.00000, dyn_sta_cos_loss: 0.00000, total_cos_loss : 0.00975, 
epoch   8 summary: dyn_dyn_cos_loss: 0.00000, dyn_sta_cos_loss: 0.00000, total_cos_loss : 0.00963, 
epoch   9 summary: dyn_dyn_cos_loss: 0.00000, dyn_sta_cos_loss: 0.00000, total_cos_loss : 0.00952, 
epoch  10 summary: dyn_dyn_cos_loss: 0.00000, dyn_sta_cos_loss: 0.00000, total_cos_loss : 0.00945, 
valid loss: 2.5241, valid acc: 0.4238
epoch  11 summary: dyn_dyn_cos_loss: 0.00000, dyn_sta_cos_loss: 0.00000, total_cos_loss : 0.00940, 
epoch  12 summary: dyn_dyn_cos_loss: 0.00000, dyn_sta_cos_loss: 0.00000, total_cos_loss : 0.00935, 
epoch  13 summary: dyn_dyn_cos_loss: 0.00000, dyn_sta_cos_loss: 0.00000, total_cos_loss : 0.00932, 
epoch  14 summary: dyn_dyn_cos_loss: 0.00000, dyn_sta_cos_loss: 0.00000, total_cos_loss : 0.00930, 
epoch  15 summary: dyn_dyn_cos_loss: 0.00000, dyn_sta_cos_loss: 0.00000, total_cos_loss : 0.00928, 
epoch  16 summary: dyn_dyn_cos_loss: 0.00000, dyn_sta_cos_loss: 0.00000, total_cos_loss : 0.00927, 
epoch  17 summary: dyn_dyn_cos_loss: 0.00000, dyn_sta_cos_loss: 0.00000, total_cos_loss : 0.00926, 
epoch  18 summary: dyn_dyn_cos_loss: 0.00000, dyn_sta_cos_loss: 0.00000, total_cos_loss : 0.00925, 
epoch  19 summary: dyn_dyn_cos_loss: 0.00000, dyn_sta_cos_loss: 0.00000, total_cos_loss : 0.00925, 
epoch  20 summary: dyn_dyn_cos_loss: 0.00000, dyn_sta_cos_loss: 0.00000, total_cos_loss : 0.00924, 
valid loss: 2.5050, valid acc: 0.4238
epoch  21 summary: dyn_dyn_cos_loss: 0.00000, dyn_sta_cos_loss: 0.00000, total_cos_loss : 0.00924, 
epoch  22 summary: dyn_dyn_cos_loss: 0.00000, dyn_sta_cos_loss: 0.00000, total_cos_loss : 0.00924, 
epoch  23 summary: dyn_dyn_cos_loss: 0.00000, dyn_sta_cos_loss: 0.00000, total_cos_loss : 0.00924, 
epoch  24 summary: dyn_dyn_cos_loss: 0.00000, dyn_sta_cos_loss: 0.00000, total_cos_loss : 0.00923, 
epoch  25 summary: dyn_dyn_cos_loss: 0.00000, dyn_sta_cos_loss: 0.00000, total_cos_loss : 0.00923, 
epoch  26 summary: dyn_dyn_cos_loss: 0.00000, dyn_sta_cos_loss: 0.00000, total_cos_loss : 0.00923, 
epoch  27 summary: dyn_dyn_cos_loss: 0.00000, dyn_sta_cos_loss: 0.00000, total_cos_loss : 0.00923, 
epoch  28 summary: dyn_dyn_cos_loss: 0.00000, dyn_sta_cos_loss: 0.00000, total_cos_loss : 0.00923, 
epoch  29 summary: dyn_dyn_cos_loss: 0.00000, dyn_sta_cos_loss: 0.00000, total_cos_loss : 0.00923, 
epoch  30 summary: dyn_dyn_cos_loss: 0.00000, dyn_sta_cos_loss: 0.00000, total_cos_loss : 0.00922, 
valid loss: 2.4895, valid acc: 0.4316
epoch  31 summary: dyn_dyn_cos_loss: 0.00000, dyn_sta_cos_loss: 0.00000, total_cos_loss : 0.00922, 
epoch  32 summary: dyn_dyn_cos_loss: 0.00000, dyn_sta_cos_loss: 0.00000, total_cos_loss : 0.00922, 
epoch  33 summary: dyn_dyn_cos_loss: 0.00000, dyn_sta_cos_loss: 0.00000, total_cos_loss : 0.00922, 
epoch  34 summary: dyn_dyn_cos_loss: 0.00000, dyn_sta_cos_loss: 0.00000, total_cos_loss : 0.00922, 
epoch  35 summary: dyn_dyn_cos_loss: 0.00000, dyn_sta_cos_loss: 0.00000, total_cos_loss : 0.00922, 
epoch  36 summary: dyn_dyn_cos_loss: 0.00000, dyn_sta_cos_loss: 0.00000, total_cos_loss : 0.00922, 
epoch  37 summary: dyn_dyn_cos_loss: 0.00000, dyn_sta_cos_loss: 0.00000, total_cos_loss : 0.00922, 
epoch  38 summary: dyn_dyn_cos_loss: 0.00000, dyn_sta_cos_loss: 0.00000, total_cos_loss : 0.00922, 
epoch  39 summary: dyn_dyn_cos_loss: 0.00000, dyn_sta_cos_loss: 0.00000, total_cos_loss : 0.00921, 
epoch  40 summary: dyn_dyn_cos_loss: 0.00000, dyn_sta_cos_loss: 0.00000, total_cos_loss : 0.00921, 
valid loss: 2.4784, valid acc: 0.4355
epoch  41 summary: dyn_dyn_cos_loss: 0.00000, dyn_sta_cos_loss: 0.00000, total_cos_loss : 0.00921, 
epoch  42 summary: dyn_dyn_cos_loss: 0.00000, dyn_sta_cos_loss: 0.00000, total_cos_loss : 0.00921, 
epoch  43 summary: dyn_dyn_cos_loss: 0.00000, dyn_sta_cos_loss: 0.00000, total_cos_loss : 0.00921, 
epoch  44 summary: dyn_dyn_cos_loss: 0.00000, dyn_sta_cos_loss: 0.00000, total_cos_loss : 0.00921, 
epoch  45 summary: dyn_dyn_cos_loss: 0.00000, dyn_sta_cos_loss: 0.00000, total_cos_loss : 0.00921, 
epoch  46 summary: dyn_dyn_cos_loss: 0.00000, dyn_sta_cos_loss: 0.00000, total_cos_loss : 0.00921, 
epoch  47 summary: dyn_dyn_cos_loss: 0.00000, dyn_sta_cos_loss: 0.00000, total_cos_loss : 0.00921, 
epoch  48 summary: dyn_dyn_cos_loss: 0.00000, dyn_sta_cos_loss: 0.00000, total_cos_loss : 0.00921, 
epoch  49 summary: dyn_dyn_cos_loss: 0.00000, dyn_sta_cos_loss: 0.00000, total_cos_loss : 0.00921, 
epoch  50 summary: dyn_dyn_cos_loss: 0.00000, dyn_sta_cos_loss: 0.00000, total_cos_loss : 0.00921, 
valid loss: 2.4642, valid acc: 0.4375
epoch  51 summary: dyn_dyn_cos_loss: 0.00000, dyn_sta_cos_loss: 0.00000, total_cos_loss : 0.00921, 
epoch  52 summary: dyn_dyn_cos_loss: 0.00000, dyn_sta_cos_loss: 0.00000, total_cos_loss : 0.00921, 
epoch  53 summary: dyn_dyn_cos_loss: 0.00000, dyn_sta_cos_loss: 0.00000, total_cos_loss : 0.00921, 
epoch  54 summary: dyn_dyn_cos_loss: 0.00000, dyn_sta_cos_loss: 0.00000, total_cos_loss : 0.00921, 
epoch  55 summary: dyn_dyn_cos_loss: 0.00000, dyn_sta_cos_loss: 0.00000, total_cos_loss : 0.00921, 
epoch  56 summary: dyn_dyn_cos_loss: 0.00000, dyn_sta_cos_loss: 0.00000, total_cos_loss : 0.00921, 
epoch  57 summary: dyn_dyn_cos_loss: 0.00000, dyn_sta_cos_loss: 0.00000, total_cos_loss : 0.00921, 
epoch  58 summary: dyn_dyn_cos_loss: 0.00000, dyn_sta_cos_loss: 0.00000, total_cos_loss : 0.00921, 
epoch  59 summary: dyn_dyn_cos_loss: 0.00000, dyn_sta_cos_loss: 0.00000, total_cos_loss : 0.00921, 
epoch  60 summary: dyn_dyn_cos_loss: 0.00000, dyn_sta_cos_loss: 0.00000, total_cos_loss : 0.00921, 
valid loss: 2.4667, valid acc: 0.4375
epoch  61 summary: dyn_dyn_cos_loss: 0.00000, dyn_sta_cos_loss: 0.00000, total_cos_loss : 0.00921, 
epoch  62 summary: dyn_dyn_cos_loss: 0.00000, dyn_sta_cos_loss: 0.00000, total_cos_loss : 0.00921, 
epoch  63 summary: dyn_dyn_cos_loss: 0.00000, dyn_sta_cos_loss: 0.00000, total_cos_loss : 0.00921, 
epoch  64 summary: dyn_dyn_cos_loss: 0.00000, dyn_sta_cos_loss: 0.00000, total_cos_loss : 0.00921, 
epoch  65 summary: dyn_dyn_cos_loss: 0.00000, dyn_sta_cos_loss: 0.00000, total_cos_loss : 0.00921, 
epoch  66 summary: dyn_dyn_cos_loss: 0.00000, dyn_sta_cos_loss: 0.00000, total_cos_loss : 0.00921, 
epoch  67 summary: dyn_dyn_cos_loss: 0.00000, dyn_sta_cos_loss: 0.00000, total_cos_loss : 0.00921, 
epoch  68 summary: dyn_dyn_cos_loss: 0.00000, dyn_sta_cos_loss: 0.00000, total_cos_loss : 0.00920, 
epoch  69 summary: dyn_dyn_cos_loss: 0.00000, dyn_sta_cos_loss: 0.00000, total_cos_loss : 0.00920, 
epoch  70 summary: dyn_dyn_cos_loss: 0.00000, dyn_sta_cos_loss: 0.00000, total_cos_loss : 0.00920, 
valid loss: 2.4690, valid acc: 0.4316
epoch  71 summary: dyn_dyn_cos_loss: 0.00000, dyn_sta_cos_loss: 0.00000, total_cos_loss : 0.00920, 
epoch  72 summary: dyn_dyn_cos_loss: 0.00000, dyn_sta_cos_loss: 0.00000, total_cos_loss : 0.00920, 
epoch  73 summary: dyn_dyn_cos_loss: 0.00000, dyn_sta_cos_loss: 0.00000, total_cos_loss : 0.00920, 
epoch  74 summary: dyn_dyn_cos_loss: 0.00000, dyn_sta_cos_loss: 0.00000, total_cos_loss : 0.00920, 
epoch  75 summary: dyn_dyn_cos_loss: 0.00000, dyn_sta_cos_loss: 0.00000, total_cos_loss : 0.00920, 
epoch  76 summary: dyn_dyn_cos_loss: 0.00000, dyn_sta_cos_loss: 0.00000, total_cos_loss : 0.00920, 
epoch  77 summary: dyn_dyn_cos_loss: 0.00000, dyn_sta_cos_loss: 0.00000, total_cos_loss : 0.00920, 
epoch  78 summary: dyn_dyn_cos_loss: 0.00000, dyn_sta_cos_loss: 0.00000, total_cos_loss : 0.00920, 
epoch  79 summary: dyn_dyn_cos_loss: 0.00000, dyn_sta_cos_loss: 0.00000, total_cos_loss : 0.00920, 
epoch  80 summary: dyn_dyn_cos_loss: 0.00000, dyn_sta_cos_loss: 0.00000, total_cos_loss : 0.00920, 
valid loss: 2.4740, valid acc: 0.4316
epoch  81 summary: dyn_dyn_cos_loss: 0.00000, dyn_sta_cos_loss: 0.00000, total_cos_loss : 0.00920, 
epoch  82 summary: dyn_dyn_cos_loss: 0.00000, dyn_sta_cos_loss: 0.00000, total_cos_loss : 0.00920, 
epoch  83 summary: dyn_dyn_cos_loss: 0.00000, dyn_sta_cos_loss: 0.00000, total_cos_loss : 0.00920, 
epoch  84 summary: dyn_dyn_cos_loss: 0.00000, dyn_sta_cos_loss: 0.00000, total_cos_loss : 0.00920, 
epoch  85 summary: dyn_dyn_cos_loss: 0.00000, dyn_sta_cos_loss: 0.00000, total_cos_loss : 0.00920, 
epoch  86 summary: dyn_dyn_cos_loss: 0.00000, dyn_sta_cos_loss: 0.00000, total_cos_loss : 0.00920, 
epoch  87 summary: dyn_dyn_cos_loss: 0.00000, dyn_sta_cos_loss: 0.00000, total_cos_loss : 0.00920, 
epoch  88 summary: dyn_dyn_cos_loss: 0.00000, dyn_sta_cos_loss: 0.00000, total_cos_loss : 0.00920, 
epoch  89 summary: dyn_dyn_cos_loss: 0.00000, dyn_sta_cos_loss: 0.00000, total_cos_loss : 0.00920, 
epoch  90 summary: dyn_dyn_cos_loss: 0.00000, dyn_sta_cos_loss: 0.00000, total_cos_loss : 0.00920, 
valid loss: 2.4762, valid acc: 0.4316
epoch  91 summary: dyn_dyn_cos_loss: 0.00000, dyn_sta_cos_loss: 0.00000, total_cos_loss : 0.00920, 
epoch  92 summary: dyn_dyn_cos_loss: 0.00000, dyn_sta_cos_loss: 0.00000, total_cos_loss : 0.00920, 
epoch  93 summary: dyn_dyn_cos_loss: 0.00000, dyn_sta_cos_loss: 0.00000, total_cos_loss : 0.00920, 
epoch  94 summary: dyn_dyn_cos_loss: 0.00000, dyn_sta_cos_loss: 0.00000, total_cos_loss : 0.00920, 
epoch  95 summary: dyn_dyn_cos_loss: 0.00000, dyn_sta_cos_loss: 0.00000, total_cos_loss : 0.00920, 
epoch  96 summary: dyn_dyn_cos_loss: 0.00000, dyn_sta_cos_loss: 0.00000, total_cos_loss : 0.00920, 
epoch  97 summary: dyn_dyn_cos_loss: 0.00000, dyn_sta_cos_loss: 0.00000, total_cos_loss : 0.00920, 
epoch  98 summary: dyn_dyn_cos_loss: 0.00000, dyn_sta_cos_loss: 0.00000, total_cos_loss : 0.00920, 
epoch  99 summary: dyn_dyn_cos_loss: 0.00000, dyn_sta_cos_loss: 0.00000, total_cos_loss : 0.00920, 
valid loss: 2.4771, valid acc: 0.4316
all                          27400.570ms
all_epoch                    27394.081ms
all_preparation                  6.465ms
all_preparation_2                5.406ms
all_preparation_3                1.040ms
epoch                          177.593ms
epoch_pos_train                  1.328ms
epoch_preparation                0.304ms
epoch_train                    175.243ms
epoch_valid                      0.284ms
----------------------------------------
all                          27400.570ms
  all_epoch             99.98%
  all_preparation        0.02%
all_preparation                  6.465ms
  all_preparation_2     83.62%
  all_preparation_3     16.09%
epoch                        17759.276ms
  epoch_train           98.68%
  epoch_pos_train        0.75%
  epoch_preparation      0.17%
  epoch_valid            0.16%
