Before CTE Training: train eu loss: 1.0375890731811523, eval eu loss: 1.492782711982727
Before CTE Training: train eu acc: 0.6748046875, eval eu acc: 0.560546875
epoch   0 summary: dyn_dyn_loss   : 0.07839, dyn_sta_loss   : 4.15113, tot_dyn_loss   : 0.40421, sta_sta_loss   : 0.12050, 
train loss: 2.4394, train acc: 0.4746
epoch   1 summary: dyn_dyn_loss   : 0.07699, dyn_sta_loss   : 3.92600, tot_dyn_loss   : 0.38491, sta_sta_loss   : 0.12050, 
epoch   2 summary: dyn_dyn_loss   : 0.07446, dyn_sta_loss   : 3.72138, tot_dyn_loss   : 0.36622, sta_sta_loss   : 0.12050, 
epoch   3 summary: dyn_dyn_loss   : 0.07233, dyn_sta_loss   : 3.54051, tot_dyn_loss   : 0.34978, sta_sta_loss   : 0.12050, 
epoch   4 summary: dyn_dyn_loss   : 0.07121, dyn_sta_loss   : 3.38437, tot_dyn_loss   : 0.33626, sta_sta_loss   : 0.12050, 
epoch   5 summary: dyn_dyn_loss   : 0.07119, dyn_sta_loss   : 3.24829, tot_dyn_loss   : 0.32536, sta_sta_loss   : 0.12050, 
epoch   6 summary: dyn_dyn_loss   : 0.07243, dyn_sta_loss   : 3.13521, tot_dyn_loss   : 0.31745, sta_sta_loss   : 0.12050, 
epoch   7 summary: dyn_dyn_loss   : 0.07470, dyn_sta_loss   : 3.03187, tot_dyn_loss   : 0.31127, sta_sta_loss   : 0.12050, 
epoch   8 summary: dyn_dyn_loss   : 0.07770, dyn_sta_loss   : 2.94633, tot_dyn_loss   : 0.30719, sta_sta_loss   : 0.12050, 
epoch   9 summary: dyn_dyn_loss   : 0.07949, dyn_sta_loss   : 2.89387, tot_dyn_loss   : 0.30464, sta_sta_loss   : 0.12050, 
epoch  10 summary: dyn_dyn_loss   : 0.08054, dyn_sta_loss   : 2.84884, tot_dyn_loss   : 0.30200, sta_sta_loss   : 0.12050, 
train loss: 0.0004, train acc: 1.0000
epoch  11 summary: dyn_dyn_loss   : 0.08049, dyn_sta_loss   : 2.82736, tot_dyn_loss   : 0.30024, sta_sta_loss   : 0.12050, 
epoch  12 summary: dyn_dyn_loss   : 0.08010, dyn_sta_loss   : 2.80504, tot_dyn_loss   : 0.29809, sta_sta_loss   : 0.12050, 
epoch  13 summary: dyn_dyn_loss   : 0.07913, dyn_sta_loss   : 2.79913, tot_dyn_loss   : 0.29673, sta_sta_loss   : 0.12050, 
epoch  14 summary: dyn_dyn_loss   : 0.07882, dyn_sta_loss   : 2.78363, tot_dyn_loss   : 0.29521, sta_sta_loss   : 0.12050, 
epoch  15 summary: dyn_dyn_loss   : 0.07754, dyn_sta_loss   : 2.77765, tot_dyn_loss   : 0.29355, sta_sta_loss   : 0.12050, 
epoch  16 summary: dyn_dyn_loss   : 0.07668, dyn_sta_loss   : 2.76607, tot_dyn_loss   : 0.29183, sta_sta_loss   : 0.12050, 
epoch  17 summary: dyn_dyn_loss   : 0.07576, dyn_sta_loss   : 2.76609, tot_dyn_loss   : 0.29098, sta_sta_loss   : 0.12050, 
epoch  18 summary: dyn_dyn_loss   : 0.07437, dyn_sta_loss   : 2.76413, tot_dyn_loss   : 0.28955, sta_sta_loss   : 0.12050, 
epoch  19 summary: dyn_dyn_loss   : 0.07368, dyn_sta_loss   : 2.77753, tot_dyn_loss   : 0.28999, sta_sta_loss   : 0.12050, 
epoch  20 summary: dyn_dyn_loss   : 0.07200, dyn_sta_loss   : 2.77089, tot_dyn_loss   : 0.28791, sta_sta_loss   : 0.12050, 
train loss: 0.0014, train acc: 1.0000
epoch  21 summary: dyn_dyn_loss   : 0.07100, dyn_sta_loss   : 2.76921, tot_dyn_loss   : 0.28686, sta_sta_loss   : 0.12050, 
epoch  22 summary: dyn_dyn_loss   : 0.07046, dyn_sta_loss   : 2.76272, tot_dyn_loss   : 0.28584, sta_sta_loss   : 0.12050, 
epoch  23 summary: dyn_dyn_loss   : 0.06987, dyn_sta_loss   : 2.77912, tot_dyn_loss   : 0.28661, sta_sta_loss   : 0.12050, 
epoch  24 summary: dyn_dyn_loss   : 0.06905, dyn_sta_loss   : 2.77112, tot_dyn_loss   : 0.28522, sta_sta_loss   : 0.12050, 
epoch  25 summary: dyn_dyn_loss   : 0.06834, dyn_sta_loss   : 2.77220, tot_dyn_loss   : 0.28465, sta_sta_loss   : 0.12050, 
epoch  26 summary: dyn_dyn_loss   : 0.06746, dyn_sta_loss   : 2.77360, tot_dyn_loss   : 0.28395, sta_sta_loss   : 0.12050, 
epoch  27 summary: dyn_dyn_loss   : 0.06690, dyn_sta_loss   : 2.77803, tot_dyn_loss   : 0.28379, sta_sta_loss   : 0.12050, 
epoch  28 summary: dyn_dyn_loss   : 0.06640, dyn_sta_loss   : 2.77488, tot_dyn_loss   : 0.28308, sta_sta_loss   : 0.12050, 
epoch  29 summary: dyn_dyn_loss   : 0.06636, dyn_sta_loss   : 2.77099, tot_dyn_loss   : 0.28273, sta_sta_loss   : 0.12050, 
epoch  30 summary: dyn_dyn_loss   : 0.06588, dyn_sta_loss   : 2.77597, tot_dyn_loss   : 0.28269, sta_sta_loss   : 0.12050, 
train loss: 0.0010, train acc: 1.0000
epoch  31 summary: dyn_dyn_loss   : 0.06554, dyn_sta_loss   : 2.78026, tot_dyn_loss   : 0.28272, sta_sta_loss   : 0.12050, 
epoch  32 summary: dyn_dyn_loss   : 0.06533, dyn_sta_loss   : 2.77280, tot_dyn_loss   : 0.28193, sta_sta_loss   : 0.12050, 
epoch  33 summary: dyn_dyn_loss   : 0.06513, dyn_sta_loss   : 2.77707, tot_dyn_loss   : 0.28209, sta_sta_loss   : 0.12050, 
epoch  34 summary: dyn_dyn_loss   : 0.06495, dyn_sta_loss   : 2.77156, tot_dyn_loss   : 0.28148, sta_sta_loss   : 0.12050, 
epoch  35 summary: dyn_dyn_loss   : 0.06483, dyn_sta_loss   : 2.76890, tot_dyn_loss   : 0.28116, sta_sta_loss   : 0.12050, 
epoch  36 summary: dyn_dyn_loss   : 0.06452, dyn_sta_loss   : 2.76877, tot_dyn_loss   : 0.28086, sta_sta_loss   : 0.12050, 
epoch  37 summary: dyn_dyn_loss   : 0.06420, dyn_sta_loss   : 2.78354, tot_dyn_loss   : 0.28174, sta_sta_loss   : 0.12050, 
epoch  38 summary: dyn_dyn_loss   : 0.06377, dyn_sta_loss   : 2.77772, tot_dyn_loss   : 0.28089, sta_sta_loss   : 0.12050, 
epoch  39 summary: dyn_dyn_loss   : 0.06371, dyn_sta_loss   : 2.77668, tot_dyn_loss   : 0.28075, sta_sta_loss   : 0.12050, 
epoch  40 summary: dyn_dyn_loss   : 0.06382, dyn_sta_loss   : 2.77308, tot_dyn_loss   : 0.28056, sta_sta_loss   : 0.12050, 
train loss: 0.0008, train acc: 1.0000
epoch  41 summary: dyn_dyn_loss   : 0.06380, dyn_sta_loss   : 2.77170, tot_dyn_loss   : 0.28044, sta_sta_loss   : 0.12050, 
epoch  42 summary: dyn_dyn_loss   : 0.06344, dyn_sta_loss   : 2.78577, tot_dyn_loss   : 0.28123, sta_sta_loss   : 0.12050, 
epoch  43 summary: dyn_dyn_loss   : 0.06332, dyn_sta_loss   : 2.78684, tot_dyn_loss   : 0.28120, sta_sta_loss   : 0.12050, 
epoch  44 summary: dyn_dyn_loss   : 0.06315, dyn_sta_loss   : 2.78583, tot_dyn_loss   : 0.28096, sta_sta_loss   : 0.12050, 
epoch  45 summary: dyn_dyn_loss   : 0.06304, dyn_sta_loss   : 2.78230, tot_dyn_loss   : 0.28058, sta_sta_loss   : 0.12050, 
epoch  46 summary: dyn_dyn_loss   : 0.06300, dyn_sta_loss   : 2.78043, tot_dyn_loss   : 0.28040, sta_sta_loss   : 0.12050, 
epoch  47 summary: dyn_dyn_loss   : 0.06286, dyn_sta_loss   : 2.78419, tot_dyn_loss   : 0.28057, sta_sta_loss   : 0.12050, 
epoch  48 summary: dyn_dyn_loss   : 0.06282, dyn_sta_loss   : 2.78238, tot_dyn_loss   : 0.28038, sta_sta_loss   : 0.12050, 
epoch  49 summary: dyn_dyn_loss   : 0.06288, dyn_sta_loss   : 2.78299, tot_dyn_loss   : 0.28049, sta_sta_loss   : 0.12050, 
epoch  50 summary: dyn_dyn_loss   : 0.06315, dyn_sta_loss   : 2.77925, tot_dyn_loss   : 0.28044, sta_sta_loss   : 0.12050, 
train loss: 0.0008, train acc: 1.0000
epoch  51 summary: dyn_dyn_loss   : 0.06309, dyn_sta_loss   : 2.77418, tot_dyn_loss   : 0.27997, sta_sta_loss   : 0.12050, 
epoch  52 summary: dyn_dyn_loss   : 0.06300, dyn_sta_loss   : 2.78205, tot_dyn_loss   : 0.28052, sta_sta_loss   : 0.12050, 
epoch  53 summary: dyn_dyn_loss   : 0.06274, dyn_sta_loss   : 2.77875, tot_dyn_loss   : 0.28002, sta_sta_loss   : 0.12050, 
epoch  54 summary: dyn_dyn_loss   : 0.06260, dyn_sta_loss   : 2.77160, tot_dyn_loss   : 0.27932, sta_sta_loss   : 0.12050, 
epoch  55 summary: dyn_dyn_loss   : 0.06276, dyn_sta_loss   : 2.76795, tot_dyn_loss   : 0.27918, sta_sta_loss   : 0.12050, 
epoch  56 summary: dyn_dyn_loss   : 0.06280, dyn_sta_loss   : 2.77540, tot_dyn_loss   : 0.27981, sta_sta_loss   : 0.12050, 
epoch  57 summary: dyn_dyn_loss   : 0.06263, dyn_sta_loss   : 2.77397, tot_dyn_loss   : 0.27953, sta_sta_loss   : 0.12050, 
epoch  58 summary: dyn_dyn_loss   : 0.06259, dyn_sta_loss   : 2.78096, tot_dyn_loss   : 0.28006, sta_sta_loss   : 0.12050, 
epoch  59 summary: dyn_dyn_loss   : 0.06272, dyn_sta_loss   : 2.78060, tot_dyn_loss   : 0.28015, sta_sta_loss   : 0.12050, 
epoch  60 summary: dyn_dyn_loss   : 0.06249, dyn_sta_loss   : 2.78160, tot_dyn_loss   : 0.28002, sta_sta_loss   : 0.12050, 
train loss: 0.0007, train acc: 1.0000
epoch  61 summary: dyn_dyn_loss   : 0.06242, dyn_sta_loss   : 2.77787, tot_dyn_loss   : 0.27966, sta_sta_loss   : 0.12050, 
epoch  62 summary: dyn_dyn_loss   : 0.06226, dyn_sta_loss   : 2.78335, tot_dyn_loss   : 0.27995, sta_sta_loss   : 0.12050, 
epoch  63 summary: dyn_dyn_loss   : 0.06225, dyn_sta_loss   : 2.78273, tot_dyn_loss   : 0.27989, sta_sta_loss   : 0.12050, 
epoch  64 summary: dyn_dyn_loss   : 0.06229, dyn_sta_loss   : 2.77542, tot_dyn_loss   : 0.27934, sta_sta_loss   : 0.12050, 
epoch  65 summary: dyn_dyn_loss   : 0.06237, dyn_sta_loss   : 2.77742, tot_dyn_loss   : 0.27958, sta_sta_loss   : 0.12050, 
epoch  66 summary: dyn_dyn_loss   : 0.06218, dyn_sta_loss   : 2.77724, tot_dyn_loss   : 0.27939, sta_sta_loss   : 0.12050, 
epoch  67 summary: dyn_dyn_loss   : 0.06193, dyn_sta_loss   : 2.77475, tot_dyn_loss   : 0.27896, sta_sta_loss   : 0.12050, 
epoch  68 summary: dyn_dyn_loss   : 0.06205, dyn_sta_loss   : 2.77758, tot_dyn_loss   : 0.27929, sta_sta_loss   : 0.12050, 
epoch  69 summary: dyn_dyn_loss   : 0.06198, dyn_sta_loss   : 2.78757, tot_dyn_loss   : 0.28003, sta_sta_loss   : 0.12050, 
epoch  70 summary: dyn_dyn_loss   : 0.06162, dyn_sta_loss   : 2.77817, tot_dyn_loss   : 0.27895, sta_sta_loss   : 0.12050, 
train loss: 0.0009, train acc: 1.0000
epoch  71 summary: dyn_dyn_loss   : 0.06166, dyn_sta_loss   : 2.78663, tot_dyn_loss   : 0.27966, sta_sta_loss   : 0.12050, 
epoch  72 summary: dyn_dyn_loss   : 0.06142, dyn_sta_loss   : 2.78779, tot_dyn_loss   : 0.27953, sta_sta_loss   : 0.12050, 
epoch  73 summary: dyn_dyn_loss   : 0.06134, dyn_sta_loss   : 2.78543, tot_dyn_loss   : 0.27926, sta_sta_loss   : 0.12050, 
epoch  74 summary: dyn_dyn_loss   : 0.06127, dyn_sta_loss   : 2.79340, tot_dyn_loss   : 0.27984, sta_sta_loss   : 0.12050, 
epoch  75 summary: dyn_dyn_loss   : 0.06102, dyn_sta_loss   : 2.78768, tot_dyn_loss   : 0.27915, sta_sta_loss   : 0.12050, 
epoch  76 summary: dyn_dyn_loss   : 0.06110, dyn_sta_loss   : 2.77931, tot_dyn_loss   : 0.27856, sta_sta_loss   : 0.12050, 
epoch  77 summary: dyn_dyn_loss   : 0.06128, dyn_sta_loss   : 2.77928, tot_dyn_loss   : 0.27872, sta_sta_loss   : 0.12050, 
epoch  78 summary: dyn_dyn_loss   : 0.06149, dyn_sta_loss   : 2.77864, tot_dyn_loss   : 0.27886, sta_sta_loss   : 0.12050, 
epoch  79 summary: dyn_dyn_loss   : 0.06131, dyn_sta_loss   : 2.77629, tot_dyn_loss   : 0.27851, sta_sta_loss   : 0.12050, 
epoch  80 summary: dyn_dyn_loss   : 0.06155, dyn_sta_loss   : 2.77590, tot_dyn_loss   : 0.27870, sta_sta_loss   : 0.12050, 
train loss: 0.0007, train acc: 1.0000
epoch  81 summary: dyn_dyn_loss   : 0.06157, dyn_sta_loss   : 2.77766, tot_dyn_loss   : 0.27886, sta_sta_loss   : 0.12050, 
epoch  82 summary: dyn_dyn_loss   : 0.06151, dyn_sta_loss   : 2.79230, tot_dyn_loss   : 0.27997, sta_sta_loss   : 0.12050, 
epoch  83 summary: dyn_dyn_loss   : 0.06103, dyn_sta_loss   : 2.78272, tot_dyn_loss   : 0.27877, sta_sta_loss   : 0.12050, 
epoch  84 summary: dyn_dyn_loss   : 0.06118, dyn_sta_loss   : 2.78784, tot_dyn_loss   : 0.27932, sta_sta_loss   : 0.12050, 
epoch  85 summary: dyn_dyn_loss   : 0.06114, dyn_sta_loss   : 2.79315, tot_dyn_loss   : 0.27970, sta_sta_loss   : 0.12050, 
epoch  86 summary: dyn_dyn_loss   : 0.06084, dyn_sta_loss   : 2.78895, tot_dyn_loss   : 0.27909, sta_sta_loss   : 0.12050, 
epoch  87 summary: dyn_dyn_loss   : 0.06067, dyn_sta_loss   : 2.78734, tot_dyn_loss   : 0.27881, sta_sta_loss   : 0.12050, 
epoch  88 summary: dyn_dyn_loss   : 0.06062, dyn_sta_loss   : 2.78739, tot_dyn_loss   : 0.27876, sta_sta_loss   : 0.12050, 
epoch  89 summary: dyn_dyn_loss   : 0.06048, dyn_sta_loss   : 2.79169, tot_dyn_loss   : 0.27898, sta_sta_loss   : 0.12050, 
epoch  90 summary: dyn_dyn_loss   : 0.06033, dyn_sta_loss   : 2.79126, tot_dyn_loss   : 0.27881, sta_sta_loss   : 0.12050, 
train loss: 0.0008, train acc: 1.0000
epoch  91 summary: dyn_dyn_loss   : 0.06034, dyn_sta_loss   : 2.78803, tot_dyn_loss   : 0.27855, sta_sta_loss   : 0.12050, 
epoch  92 summary: dyn_dyn_loss   : 0.06045, dyn_sta_loss   : 2.79055, tot_dyn_loss   : 0.27885, sta_sta_loss   : 0.12050, 
epoch  93 summary: dyn_dyn_loss   : 0.06022, dyn_sta_loss   : 2.79526, tot_dyn_loss   : 0.27903, sta_sta_loss   : 0.12050, 
epoch  94 summary: dyn_dyn_loss   : 0.06017, dyn_sta_loss   : 2.78839, tot_dyn_loss   : 0.27843, sta_sta_loss   : 0.12050, 
epoch  95 summary: dyn_dyn_loss   : 0.06019, dyn_sta_loss   : 2.78634, tot_dyn_loss   : 0.27828, sta_sta_loss   : 0.12050, 
epoch  96 summary: dyn_dyn_loss   : 0.06018, dyn_sta_loss   : 2.79304, tot_dyn_loss   : 0.27881, sta_sta_loss   : 0.12050, 
epoch  97 summary: dyn_dyn_loss   : 0.06000, dyn_sta_loss   : 2.78683, tot_dyn_loss   : 0.27815, sta_sta_loss   : 0.12050, 
epoch  98 summary: dyn_dyn_loss   : 0.06004, dyn_sta_loss   : 2.78281, tot_dyn_loss   : 0.27786, sta_sta_loss   : 0.12050, 
epoch  99 summary: dyn_dyn_loss   : 0.06006, dyn_sta_loss   : 2.78061, tot_dyn_loss   : 0.27770, sta_sta_loss   : 0.12050, 
train loss: 0.0009, train acc: 1.0000
all                          67515.975ms
all_epoch                    67125.064ms
all_preparation                390.883ms
all_preparation_2              389.421ms
all_preparation_3                1.434ms
epoch                          509.082ms
epoch_pos_train                  1.276ms
epoch_preparation                4.136ms
epoch_train                    502.361ms
epoch_valid                      0.802ms
----------------------------------------
all                          67515.975ms
  all_epoch             99.42%
  all_preparation        0.58%
all_preparation                390.883ms
  all_preparation_2     99.63%
  all_preparation_3      0.37%
epoch                        50908.191ms
  epoch_train           98.68%
  epoch_preparation      0.81%
  epoch_pos_train        0.25%
  epoch_valid            0.16%
epoch   0 summary: dyn_dyn_cos_loss: 0.00000, dyn_sta_cos_loss: 0.00000, total_cos_loss : 0.07383, 
valid loss: 3.8557, valid acc: 0.1602
epoch   1 summary: dyn_dyn_cos_loss: 0.00000, dyn_sta_cos_loss: 0.00000, total_cos_loss : 0.06122, 
epoch   2 summary: dyn_dyn_cos_loss: 0.00000, dyn_sta_cos_loss: 0.00000, total_cos_loss : 0.05277, 
epoch   3 summary: dyn_dyn_cos_loss: 0.00000, dyn_sta_cos_loss: 0.00000, total_cos_loss : 0.04653, 
epoch   4 summary: dyn_dyn_cos_loss: 0.00000, dyn_sta_cos_loss: 0.00000, total_cos_loss : 0.04215, 
epoch   5 summary: dyn_dyn_cos_loss: 0.00000, dyn_sta_cos_loss: 0.00000, total_cos_loss : 0.03890, 
epoch   6 summary: dyn_dyn_cos_loss: 0.00000, dyn_sta_cos_loss: 0.00000, total_cos_loss : 0.03627, 
epoch   7 summary: dyn_dyn_cos_loss: 0.00000, dyn_sta_cos_loss: 0.00000, total_cos_loss : 0.03430, 
epoch   8 summary: dyn_dyn_cos_loss: 0.00000, dyn_sta_cos_loss: 0.00000, total_cos_loss : 0.03271, 
epoch   9 summary: dyn_dyn_cos_loss: 0.00000, dyn_sta_cos_loss: 0.00000, total_cos_loss : 0.03156, 
epoch  10 summary: dyn_dyn_cos_loss: 0.00000, dyn_sta_cos_loss: 0.00000, total_cos_loss : 0.03062, 
valid loss: 2.3084, valid acc: 0.4824
epoch  11 summary: dyn_dyn_cos_loss: 0.00000, dyn_sta_cos_loss: 0.00000, total_cos_loss : 0.02998, 
epoch  12 summary: dyn_dyn_cos_loss: 0.00000, dyn_sta_cos_loss: 0.00000, total_cos_loss : 0.02931, 
epoch  13 summary: dyn_dyn_cos_loss: 0.00000, dyn_sta_cos_loss: 0.00000, total_cos_loss : 0.02875, 
epoch  14 summary: dyn_dyn_cos_loss: 0.00000, dyn_sta_cos_loss: 0.00000, total_cos_loss : 0.02834, 
epoch  15 summary: dyn_dyn_cos_loss: 0.00000, dyn_sta_cos_loss: 0.00000, total_cos_loss : 0.02799, 
epoch  16 summary: dyn_dyn_cos_loss: 0.00000, dyn_sta_cos_loss: 0.00000, total_cos_loss : 0.02773, 
epoch  17 summary: dyn_dyn_cos_loss: 0.00000, dyn_sta_cos_loss: 0.00000, total_cos_loss : 0.02743, 
epoch  18 summary: dyn_dyn_cos_loss: 0.00000, dyn_sta_cos_loss: 0.00000, total_cos_loss : 0.02723, 
epoch  19 summary: dyn_dyn_cos_loss: 0.00000, dyn_sta_cos_loss: 0.00000, total_cos_loss : 0.02709, 
epoch  20 summary: dyn_dyn_cos_loss: 0.00000, dyn_sta_cos_loss: 0.00000, total_cos_loss : 0.02693, 
valid loss: 2.2414, valid acc: 0.5000
epoch  21 summary: dyn_dyn_cos_loss: 0.00000, dyn_sta_cos_loss: 0.00000, total_cos_loss : 0.02684, 
epoch  22 summary: dyn_dyn_cos_loss: 0.00000, dyn_sta_cos_loss: 0.00000, total_cos_loss : 0.02675, 
epoch  23 summary: dyn_dyn_cos_loss: 0.00000, dyn_sta_cos_loss: 0.00000, total_cos_loss : 0.02669, 
epoch  24 summary: dyn_dyn_cos_loss: 0.00000, dyn_sta_cos_loss: 0.00000, total_cos_loss : 0.02664, 
epoch  25 summary: dyn_dyn_cos_loss: 0.00000, dyn_sta_cos_loss: 0.00000, total_cos_loss : 0.02657, 
epoch  26 summary: dyn_dyn_cos_loss: 0.00000, dyn_sta_cos_loss: 0.00000, total_cos_loss : 0.02652, 
epoch  27 summary: dyn_dyn_cos_loss: 0.00000, dyn_sta_cos_loss: 0.00000, total_cos_loss : 0.02649, 
epoch  28 summary: dyn_dyn_cos_loss: 0.00000, dyn_sta_cos_loss: 0.00000, total_cos_loss : 0.02645, 
epoch  29 summary: dyn_dyn_cos_loss: 0.00000, dyn_sta_cos_loss: 0.00000, total_cos_loss : 0.02643, 
epoch  30 summary: dyn_dyn_cos_loss: 0.00000, dyn_sta_cos_loss: 0.00000, total_cos_loss : 0.02641, 
valid loss: 2.2387, valid acc: 0.4883
epoch  31 summary: dyn_dyn_cos_loss: 0.00000, dyn_sta_cos_loss: 0.00000, total_cos_loss : 0.02639, 
epoch  32 summary: dyn_dyn_cos_loss: 0.00000, dyn_sta_cos_loss: 0.00000, total_cos_loss : 0.02635, 
epoch  33 summary: dyn_dyn_cos_loss: 0.00000, dyn_sta_cos_loss: 0.00000, total_cos_loss : 0.02634, 
epoch  34 summary: dyn_dyn_cos_loss: 0.00000, dyn_sta_cos_loss: 0.00000, total_cos_loss : 0.02632, 
epoch  35 summary: dyn_dyn_cos_loss: 0.00000, dyn_sta_cos_loss: 0.00000, total_cos_loss : 0.02630, 
epoch  36 summary: dyn_dyn_cos_loss: 0.00000, dyn_sta_cos_loss: 0.00000, total_cos_loss : 0.02629, 
epoch  37 summary: dyn_dyn_cos_loss: 0.00000, dyn_sta_cos_loss: 0.00000, total_cos_loss : 0.02628, 
epoch  38 summary: dyn_dyn_cos_loss: 0.00000, dyn_sta_cos_loss: 0.00000, total_cos_loss : 0.02627, 
epoch  39 summary: dyn_dyn_cos_loss: 0.00000, dyn_sta_cos_loss: 0.00000, total_cos_loss : 0.02626, 
epoch  40 summary: dyn_dyn_cos_loss: 0.00000, dyn_sta_cos_loss: 0.00000, total_cos_loss : 0.02625, 
valid loss: 2.2359, valid acc: 0.4941
epoch  41 summary: dyn_dyn_cos_loss: 0.00000, dyn_sta_cos_loss: 0.00000, total_cos_loss : 0.02624, 
epoch  42 summary: dyn_dyn_cos_loss: 0.00000, dyn_sta_cos_loss: 0.00000, total_cos_loss : 0.02624, 
epoch  43 summary: dyn_dyn_cos_loss: 0.00000, dyn_sta_cos_loss: 0.00000, total_cos_loss : 0.02623, 
epoch  44 summary: dyn_dyn_cos_loss: 0.00000, dyn_sta_cos_loss: 0.00000, total_cos_loss : 0.02622, 
epoch  45 summary: dyn_dyn_cos_loss: 0.00000, dyn_sta_cos_loss: 0.00000, total_cos_loss : 0.02621, 
epoch  46 summary: dyn_dyn_cos_loss: 0.00000, dyn_sta_cos_loss: 0.00000, total_cos_loss : 0.02621, 
epoch  47 summary: dyn_dyn_cos_loss: 0.00000, dyn_sta_cos_loss: 0.00000, total_cos_loss : 0.02621, 
epoch  48 summary: dyn_dyn_cos_loss: 0.00000, dyn_sta_cos_loss: 0.00000, total_cos_loss : 0.02620, 
epoch  49 summary: dyn_dyn_cos_loss: 0.00000, dyn_sta_cos_loss: 0.00000, total_cos_loss : 0.02620, 
epoch  50 summary: dyn_dyn_cos_loss: 0.00000, dyn_sta_cos_loss: 0.00000, total_cos_loss : 0.02619, 
valid loss: 2.2424, valid acc: 0.4844
epoch  51 summary: dyn_dyn_cos_loss: 0.00000, dyn_sta_cos_loss: 0.00000, total_cos_loss : 0.02619, 
epoch  52 summary: dyn_dyn_cos_loss: 0.00000, dyn_sta_cos_loss: 0.00000, total_cos_loss : 0.02618, 
epoch  53 summary: dyn_dyn_cos_loss: 0.00000, dyn_sta_cos_loss: 0.00000, total_cos_loss : 0.02618, 
epoch  54 summary: dyn_dyn_cos_loss: 0.00000, dyn_sta_cos_loss: 0.00000, total_cos_loss : 0.02618, 
epoch  55 summary: dyn_dyn_cos_loss: 0.00000, dyn_sta_cos_loss: 0.00000, total_cos_loss : 0.02618, 
epoch  56 summary: dyn_dyn_cos_loss: 0.00000, dyn_sta_cos_loss: 0.00000, total_cos_loss : 0.02618, 
epoch  57 summary: dyn_dyn_cos_loss: 0.00000, dyn_sta_cos_loss: 0.00000, total_cos_loss : 0.02617, 
epoch  58 summary: dyn_dyn_cos_loss: 0.00000, dyn_sta_cos_loss: 0.00000, total_cos_loss : 0.02617, 
epoch  59 summary: dyn_dyn_cos_loss: 0.00000, dyn_sta_cos_loss: 0.00000, total_cos_loss : 0.02617, 
epoch  60 summary: dyn_dyn_cos_loss: 0.00000, dyn_sta_cos_loss: 0.00000, total_cos_loss : 0.02617, 
valid loss: 2.2350, valid acc: 0.4883
epoch  61 summary: dyn_dyn_cos_loss: 0.00000, dyn_sta_cos_loss: 0.00000, total_cos_loss : 0.02617, 
epoch  62 summary: dyn_dyn_cos_loss: 0.00000, dyn_sta_cos_loss: 0.00000, total_cos_loss : 0.02616, 
epoch  63 summary: dyn_dyn_cos_loss: 0.00000, dyn_sta_cos_loss: 0.00000, total_cos_loss : 0.02616, 
epoch  64 summary: dyn_dyn_cos_loss: 0.00000, dyn_sta_cos_loss: 0.00000, total_cos_loss : 0.02616, 
epoch  65 summary: dyn_dyn_cos_loss: 0.00000, dyn_sta_cos_loss: 0.00000, total_cos_loss : 0.02616, 
epoch  66 summary: dyn_dyn_cos_loss: 0.00000, dyn_sta_cos_loss: 0.00000, total_cos_loss : 0.02616, 
epoch  67 summary: dyn_dyn_cos_loss: 0.00000, dyn_sta_cos_loss: 0.00000, total_cos_loss : 0.02616, 
epoch  68 summary: dyn_dyn_cos_loss: 0.00000, dyn_sta_cos_loss: 0.00000, total_cos_loss : 0.02615, 
epoch  69 summary: dyn_dyn_cos_loss: 0.00000, dyn_sta_cos_loss: 0.00000, total_cos_loss : 0.02615, 
epoch  70 summary: dyn_dyn_cos_loss: 0.00000, dyn_sta_cos_loss: 0.00000, total_cos_loss : 0.02615, 
valid loss: 2.2345, valid acc: 0.4863
epoch  71 summary: dyn_dyn_cos_loss: 0.00000, dyn_sta_cos_loss: 0.00000, total_cos_loss : 0.02615, 
epoch  72 summary: dyn_dyn_cos_loss: 0.00000, dyn_sta_cos_loss: 0.00000, total_cos_loss : 0.02615, 
epoch  73 summary: dyn_dyn_cos_loss: 0.00000, dyn_sta_cos_loss: 0.00000, total_cos_loss : 0.02615, 
epoch  74 summary: dyn_dyn_cos_loss: 0.00000, dyn_sta_cos_loss: 0.00000, total_cos_loss : 0.02615, 
epoch  75 summary: dyn_dyn_cos_loss: 0.00000, dyn_sta_cos_loss: 0.00000, total_cos_loss : 0.02615, 
epoch  76 summary: dyn_dyn_cos_loss: 0.00000, dyn_sta_cos_loss: 0.00000, total_cos_loss : 0.02615, 
epoch  77 summary: dyn_dyn_cos_loss: 0.00000, dyn_sta_cos_loss: 0.00000, total_cos_loss : 0.02615, 
epoch  78 summary: dyn_dyn_cos_loss: 0.00000, dyn_sta_cos_loss: 0.00000, total_cos_loss : 0.02615, 
epoch  79 summary: dyn_dyn_cos_loss: 0.00000, dyn_sta_cos_loss: 0.00000, total_cos_loss : 0.02614, 
epoch  80 summary: dyn_dyn_cos_loss: 0.00000, dyn_sta_cos_loss: 0.00000, total_cos_loss : 0.02614, 
valid loss: 2.2341, valid acc: 0.4863
epoch  81 summary: dyn_dyn_cos_loss: 0.00000, dyn_sta_cos_loss: 0.00000, total_cos_loss : 0.02614, 
epoch  82 summary: dyn_dyn_cos_loss: 0.00000, dyn_sta_cos_loss: 0.00000, total_cos_loss : 0.02614, 
epoch  83 summary: dyn_dyn_cos_loss: 0.00000, dyn_sta_cos_loss: 0.00000, total_cos_loss : 0.02614, 
epoch  84 summary: dyn_dyn_cos_loss: 0.00000, dyn_sta_cos_loss: 0.00000, total_cos_loss : 0.02614, 
epoch  85 summary: dyn_dyn_cos_loss: 0.00000, dyn_sta_cos_loss: 0.00000, total_cos_loss : 0.02614, 
epoch  86 summary: dyn_dyn_cos_loss: 0.00000, dyn_sta_cos_loss: 0.00000, total_cos_loss : 0.02614, 
epoch  87 summary: dyn_dyn_cos_loss: 0.00000, dyn_sta_cos_loss: 0.00000, total_cos_loss : 0.02614, 
epoch  88 summary: dyn_dyn_cos_loss: 0.00000, dyn_sta_cos_loss: 0.00000, total_cos_loss : 0.02614, 
epoch  89 summary: dyn_dyn_cos_loss: 0.00000, dyn_sta_cos_loss: 0.00000, total_cos_loss : 0.02614, 
epoch  90 summary: dyn_dyn_cos_loss: 0.00000, dyn_sta_cos_loss: 0.00000, total_cos_loss : 0.02614, 
valid loss: 2.2329, valid acc: 0.4844
epoch  91 summary: dyn_dyn_cos_loss: 0.00000, dyn_sta_cos_loss: 0.00000, total_cos_loss : 0.02614, 
epoch  92 summary: dyn_dyn_cos_loss: 0.00000, dyn_sta_cos_loss: 0.00000, total_cos_loss : 0.02614, 
epoch  93 summary: dyn_dyn_cos_loss: 0.00000, dyn_sta_cos_loss: 0.00000, total_cos_loss : 0.02614, 
epoch  94 summary: dyn_dyn_cos_loss: 0.00000, dyn_sta_cos_loss: 0.00000, total_cos_loss : 0.02613, 
epoch  95 summary: dyn_dyn_cos_loss: 0.00000, dyn_sta_cos_loss: 0.00000, total_cos_loss : 0.02613, 
epoch  96 summary: dyn_dyn_cos_loss: 0.00000, dyn_sta_cos_loss: 0.00000, total_cos_loss : 0.02613, 
epoch  97 summary: dyn_dyn_cos_loss: 0.00000, dyn_sta_cos_loss: 0.00000, total_cos_loss : 0.02613, 
epoch  98 summary: dyn_dyn_cos_loss: 0.00000, dyn_sta_cos_loss: 0.00000, total_cos_loss : 0.02613, 
epoch  99 summary: dyn_dyn_cos_loss: 0.00000, dyn_sta_cos_loss: 0.00000, total_cos_loss : 0.02613, 
valid loss: 2.2331, valid acc: 0.4844
all                          32247.865ms
all_epoch                    32240.061ms
all_preparation                  7.781ms
all_preparation_2                6.370ms
all_preparation_3                1.396ms
epoch                          218.649ms
epoch_pos_train                  1.191ms
epoch_preparation                0.249ms
epoch_train                    216.576ms
epoch_valid                      0.229ms
----------------------------------------
all                          32247.865ms
  all_epoch             99.98%
  all_preparation        0.02%
all_preparation                  7.781ms
  all_preparation_2     81.86%
  all_preparation_3     17.94%
epoch                        21864.928ms
  epoch_train           99.05%
  epoch_pos_train        0.54%
  epoch_preparation      0.11%
  epoch_valid            0.10%
