Before CTE Training: train eu loss: 1.0375890731811523, eval eu loss: 1.492782711982727
Before CTE Training: train eu acc: 0.6748046875, eval eu acc: 0.560546875
epoch   0 summary: dyn_dyn_loss   : 0.01840, dyn_sta_loss   : 4.13988, tot_dyn_loss   : 0.34812, sta_sta_loss   : 0.02002, 
train loss: 1.6061, train acc: 0.6934
epoch   1 summary: dyn_dyn_loss   : 0.01761, dyn_sta_loss   : 3.96259, tot_dyn_loss   : 0.33321, sta_sta_loss   : 0.02002, 
epoch   2 summary: dyn_dyn_loss   : 0.01679, dyn_sta_loss   : 3.81337, tot_dyn_loss   : 0.32052, sta_sta_loss   : 0.02002, 
epoch   3 summary: dyn_dyn_loss   : 0.01672, dyn_sta_loss   : 3.69239, tot_dyn_loss   : 0.31078, sta_sta_loss   : 0.02002, 
epoch   4 summary: dyn_dyn_loss   : 0.01752, dyn_sta_loss   : 3.60633, tot_dyn_loss   : 0.30463, sta_sta_loss   : 0.02002, 
epoch   5 summary: dyn_dyn_loss   : 0.01892, dyn_sta_loss   : 3.53318, tot_dyn_loss   : 0.30006, sta_sta_loss   : 0.02002, 
epoch   6 summary: dyn_dyn_loss   : 0.02066, dyn_sta_loss   : 3.47766, tot_dyn_loss   : 0.29722, sta_sta_loss   : 0.02002, 
epoch   7 summary: dyn_dyn_loss   : 0.02238, dyn_sta_loss   : 3.43706, tot_dyn_loss   : 0.29556, sta_sta_loss   : 0.02002, 
epoch   8 summary: dyn_dyn_loss   : 0.02393, dyn_sta_loss   : 3.40708, tot_dyn_loss   : 0.29458, sta_sta_loss   : 0.02002, 
epoch   9 summary: dyn_dyn_loss   : 0.02514, dyn_sta_loss   : 3.39030, tot_dyn_loss   : 0.29435, sta_sta_loss   : 0.02002, 
epoch  10 summary: dyn_dyn_loss   : 0.02582, dyn_sta_loss   : 3.38585, tot_dyn_loss   : 0.29462, sta_sta_loss   : 0.02002, 
train loss: 0.0001, train acc: 1.0000
epoch  11 summary: dyn_dyn_loss   : 0.02625, dyn_sta_loss   : 3.37437, tot_dyn_loss   : 0.29410, sta_sta_loss   : 0.02002, 
epoch  12 summary: dyn_dyn_loss   : 0.02681, dyn_sta_loss   : 3.36669, tot_dyn_loss   : 0.29400, sta_sta_loss   : 0.02002, 
epoch  13 summary: dyn_dyn_loss   : 0.02710, dyn_sta_loss   : 3.35952, tot_dyn_loss   : 0.29370, sta_sta_loss   : 0.02002, 
epoch  14 summary: dyn_dyn_loss   : 0.02752, dyn_sta_loss   : 3.35158, tot_dyn_loss   : 0.29345, sta_sta_loss   : 0.02002, 
epoch  15 summary: dyn_dyn_loss   : 0.02759, dyn_sta_loss   : 3.35148, tot_dyn_loss   : 0.29350, sta_sta_loss   : 0.02002, 
epoch  16 summary: dyn_dyn_loss   : 0.02776, dyn_sta_loss   : 3.35636, tot_dyn_loss   : 0.29405, sta_sta_loss   : 0.02002, 
epoch  17 summary: dyn_dyn_loss   : 0.02732, dyn_sta_loss   : 3.36307, tot_dyn_loss   : 0.29418, sta_sta_loss   : 0.02002, 
epoch  18 summary: dyn_dyn_loss   : 0.02727, dyn_sta_loss   : 3.35624, tot_dyn_loss   : 0.29359, sta_sta_loss   : 0.02002, 
epoch  19 summary: dyn_dyn_loss   : 0.02744, dyn_sta_loss   : 3.35244, tot_dyn_loss   : 0.29344, sta_sta_loss   : 0.02002, 
epoch  20 summary: dyn_dyn_loss   : 0.02756, dyn_sta_loss   : 3.35577, tot_dyn_loss   : 0.29382, sta_sta_loss   : 0.02002, 
train loss: 0.0000, train acc: 1.0000
epoch  21 summary: dyn_dyn_loss   : 0.02756, dyn_sta_loss   : 3.35361, tot_dyn_loss   : 0.29364, sta_sta_loss   : 0.02002, 
epoch  22 summary: dyn_dyn_loss   : 0.02767, dyn_sta_loss   : 3.35163, tot_dyn_loss   : 0.29358, sta_sta_loss   : 0.02002, 
epoch  23 summary: dyn_dyn_loss   : 0.02778, dyn_sta_loss   : 3.35574, tot_dyn_loss   : 0.29401, sta_sta_loss   : 0.02002, 
epoch  24 summary: dyn_dyn_loss   : 0.02777, dyn_sta_loss   : 3.35226, tot_dyn_loss   : 0.29373, sta_sta_loss   : 0.02002, 
epoch  25 summary: dyn_dyn_loss   : 0.02785, dyn_sta_loss   : 3.34735, tot_dyn_loss   : 0.29341, sta_sta_loss   : 0.02002, 
epoch  26 summary: dyn_dyn_loss   : 0.02790, dyn_sta_loss   : 3.35158, tot_dyn_loss   : 0.29379, sta_sta_loss   : 0.02002, 
epoch  27 summary: dyn_dyn_loss   : 0.02793, dyn_sta_loss   : 3.34488, tot_dyn_loss   : 0.29328, sta_sta_loss   : 0.02002, 
epoch  28 summary: dyn_dyn_loss   : 0.02800, dyn_sta_loss   : 3.34477, tot_dyn_loss   : 0.29334, sta_sta_loss   : 0.02002, 
epoch  29 summary: dyn_dyn_loss   : 0.02792, dyn_sta_loss   : 3.35691, tot_dyn_loss   : 0.29424, sta_sta_loss   : 0.02002, 
epoch  30 summary: dyn_dyn_loss   : 0.02763, dyn_sta_loss   : 3.35761, tot_dyn_loss   : 0.29402, sta_sta_loss   : 0.02002, 
train loss: 0.0000, train acc: 1.0000
epoch  31 summary: dyn_dyn_loss   : 0.02761, dyn_sta_loss   : 3.35811, tot_dyn_loss   : 0.29405, sta_sta_loss   : 0.02002, 
epoch  32 summary: dyn_dyn_loss   : 0.02762, dyn_sta_loss   : 3.35506, tot_dyn_loss   : 0.29382, sta_sta_loss   : 0.02002, 
epoch  33 summary: dyn_dyn_loss   : 0.02771, dyn_sta_loss   : 3.35344, tot_dyn_loss   : 0.29377, sta_sta_loss   : 0.02002, 
epoch  34 summary: dyn_dyn_loss   : 0.02749, dyn_sta_loss   : 3.35028, tot_dyn_loss   : 0.29331, sta_sta_loss   : 0.02002, 
epoch  35 summary: dyn_dyn_loss   : 0.02764, dyn_sta_loss   : 3.34985, tot_dyn_loss   : 0.29342, sta_sta_loss   : 0.02002, 
epoch  36 summary: dyn_dyn_loss   : 0.02779, dyn_sta_loss   : 3.34793, tot_dyn_loss   : 0.29340, sta_sta_loss   : 0.02002, 
epoch  37 summary: dyn_dyn_loss   : 0.02780, dyn_sta_loss   : 3.35753, tot_dyn_loss   : 0.29418, sta_sta_loss   : 0.02002, 
epoch  38 summary: dyn_dyn_loss   : 0.02756, dyn_sta_loss   : 3.36070, tot_dyn_loss   : 0.29421, sta_sta_loss   : 0.02002, 
epoch  39 summary: dyn_dyn_loss   : 0.02751, dyn_sta_loss   : 3.35592, tot_dyn_loss   : 0.29378, sta_sta_loss   : 0.02002, 
epoch  40 summary: dyn_dyn_loss   : 0.02749, dyn_sta_loss   : 3.35733, tot_dyn_loss   : 0.29388, sta_sta_loss   : 0.02002, 
train loss: 0.0000, train acc: 1.0000
epoch  41 summary: dyn_dyn_loss   : 0.02740, dyn_sta_loss   : 3.36479, tot_dyn_loss   : 0.29439, sta_sta_loss   : 0.02002, 
epoch  42 summary: dyn_dyn_loss   : 0.02745, dyn_sta_loss   : 3.35393, tot_dyn_loss   : 0.29357, sta_sta_loss   : 0.02002, 
epoch  43 summary: dyn_dyn_loss   : 0.02763, dyn_sta_loss   : 3.35315, tot_dyn_loss   : 0.29367, sta_sta_loss   : 0.02002, 
epoch  44 summary: dyn_dyn_loss   : 0.02772, dyn_sta_loss   : 3.35339, tot_dyn_loss   : 0.29378, sta_sta_loss   : 0.02002, 
epoch  45 summary: dyn_dyn_loss   : 0.02782, dyn_sta_loss   : 3.34664, tot_dyn_loss   : 0.29332, sta_sta_loss   : 0.02002, 
epoch  46 summary: dyn_dyn_loss   : 0.02800, dyn_sta_loss   : 3.35314, tot_dyn_loss   : 0.29401, sta_sta_loss   : 0.02002, 
epoch  47 summary: dyn_dyn_loss   : 0.02775, dyn_sta_loss   : 3.34975, tot_dyn_loss   : 0.29351, sta_sta_loss   : 0.02002, 
epoch  48 summary: dyn_dyn_loss   : 0.02782, dyn_sta_loss   : 3.35264, tot_dyn_loss   : 0.29381, sta_sta_loss   : 0.02002, 
epoch  49 summary: dyn_dyn_loss   : 0.02764, dyn_sta_loss   : 3.35972, tot_dyn_loss   : 0.29421, sta_sta_loss   : 0.02002, 
epoch  50 summary: dyn_dyn_loss   : 0.02749, dyn_sta_loss   : 3.35713, tot_dyn_loss   : 0.29387, sta_sta_loss   : 0.02002, 
train loss: 0.0000, train acc: 1.0000
epoch  51 summary: dyn_dyn_loss   : 0.02758, dyn_sta_loss   : 3.35361, tot_dyn_loss   : 0.29366, sta_sta_loss   : 0.02002, 
epoch  52 summary: dyn_dyn_loss   : 0.02762, dyn_sta_loss   : 3.35089, tot_dyn_loss   : 0.29348, sta_sta_loss   : 0.02002, 
epoch  53 summary: dyn_dyn_loss   : 0.02782, dyn_sta_loss   : 3.35314, tot_dyn_loss   : 0.29384, sta_sta_loss   : 0.02002, 
epoch  54 summary: dyn_dyn_loss   : 0.02765, dyn_sta_loss   : 3.35000, tot_dyn_loss   : 0.29343, sta_sta_loss   : 0.02002, 
epoch  55 summary: dyn_dyn_loss   : 0.02788, dyn_sta_loss   : 3.34324, tot_dyn_loss   : 0.29311, sta_sta_loss   : 0.02002, 
epoch  56 summary: dyn_dyn_loss   : 0.02799, dyn_sta_loss   : 3.34759, tot_dyn_loss   : 0.29356, sta_sta_loss   : 0.02002, 
epoch  57 summary: dyn_dyn_loss   : 0.02784, dyn_sta_loss   : 3.34074, tot_dyn_loss   : 0.29287, sta_sta_loss   : 0.02002, 
epoch  58 summary: dyn_dyn_loss   : 0.02797, dyn_sta_loss   : 3.35352, tot_dyn_loss   : 0.29401, sta_sta_loss   : 0.02002, 
epoch  59 summary: dyn_dyn_loss   : 0.02758, dyn_sta_loss   : 3.34592, tot_dyn_loss   : 0.29304, sta_sta_loss   : 0.02002, 
epoch  60 summary: dyn_dyn_loss   : 0.02780, dyn_sta_loss   : 3.34753, tot_dyn_loss   : 0.29338, sta_sta_loss   : 0.02002, 
train loss: 0.0000, train acc: 1.0000
epoch  61 summary: dyn_dyn_loss   : 0.02772, dyn_sta_loss   : 3.34852, tot_dyn_loss   : 0.29338, sta_sta_loss   : 0.02002, 
epoch  62 summary: dyn_dyn_loss   : 0.02781, dyn_sta_loss   : 3.35288, tot_dyn_loss   : 0.29381, sta_sta_loss   : 0.02002, 
epoch  63 summary: dyn_dyn_loss   : 0.02758, dyn_sta_loss   : 3.35639, tot_dyn_loss   : 0.29388, sta_sta_loss   : 0.02002, 
epoch  64 summary: dyn_dyn_loss   : 0.02756, dyn_sta_loss   : 3.35960, tot_dyn_loss   : 0.29412, sta_sta_loss   : 0.02002, 
epoch  65 summary: dyn_dyn_loss   : 0.02756, dyn_sta_loss   : 3.34991, tot_dyn_loss   : 0.29335, sta_sta_loss   : 0.02002, 
epoch  66 summary: dyn_dyn_loss   : 0.02781, dyn_sta_loss   : 3.35046, tot_dyn_loss   : 0.29362, sta_sta_loss   : 0.02002, 
epoch  67 summary: dyn_dyn_loss   : 0.02763, dyn_sta_loss   : 3.36319, tot_dyn_loss   : 0.29448, sta_sta_loss   : 0.02002, 
epoch  68 summary: dyn_dyn_loss   : 0.02738, dyn_sta_loss   : 3.35543, tot_dyn_loss   : 0.29363, sta_sta_loss   : 0.02002, 
epoch  69 summary: dyn_dyn_loss   : 0.02761, dyn_sta_loss   : 3.35242, tot_dyn_loss   : 0.29359, sta_sta_loss   : 0.02002, 
epoch  70 summary: dyn_dyn_loss   : 0.02761, dyn_sta_loss   : 3.35715, tot_dyn_loss   : 0.29397, sta_sta_loss   : 0.02002, 
train loss: 0.0000, train acc: 1.0000
epoch  71 summary: dyn_dyn_loss   : 0.02763, dyn_sta_loss   : 3.35215, tot_dyn_loss   : 0.29359, sta_sta_loss   : 0.02002, 
epoch  72 summary: dyn_dyn_loss   : 0.02760, dyn_sta_loss   : 3.35728, tot_dyn_loss   : 0.29398, sta_sta_loss   : 0.02002, 
epoch  73 summary: dyn_dyn_loss   : 0.02759, dyn_sta_loss   : 3.35940, tot_dyn_loss   : 0.29413, sta_sta_loss   : 0.02002, 
epoch  74 summary: dyn_dyn_loss   : 0.02762, dyn_sta_loss   : 3.35638, tot_dyn_loss   : 0.29392, sta_sta_loss   : 0.02002, 
epoch  75 summary: dyn_dyn_loss   : 0.02749, dyn_sta_loss   : 3.35499, tot_dyn_loss   : 0.29369, sta_sta_loss   : 0.02002, 
epoch  76 summary: dyn_dyn_loss   : 0.02758, dyn_sta_loss   : 3.35742, tot_dyn_loss   : 0.29396, sta_sta_loss   : 0.02002, 
epoch  77 summary: dyn_dyn_loss   : 0.02759, dyn_sta_loss   : 3.35427, tot_dyn_loss   : 0.29373, sta_sta_loss   : 0.02002, 
epoch  78 summary: dyn_dyn_loss   : 0.02769, dyn_sta_loss   : 3.34681, tot_dyn_loss   : 0.29322, sta_sta_loss   : 0.02002, 
epoch  79 summary: dyn_dyn_loss   : 0.02790, dyn_sta_loss   : 3.35355, tot_dyn_loss   : 0.29395, sta_sta_loss   : 0.02002, 
epoch  80 summary: dyn_dyn_loss   : 0.02769, dyn_sta_loss   : 3.35217, tot_dyn_loss   : 0.29365, sta_sta_loss   : 0.02002, 
train loss: 0.0000, train acc: 1.0000
epoch  81 summary: dyn_dyn_loss   : 0.02772, dyn_sta_loss   : 3.34379, tot_dyn_loss   : 0.29301, sta_sta_loss   : 0.02002, 
epoch  82 summary: dyn_dyn_loss   : 0.02778, dyn_sta_loss   : 3.36220, tot_dyn_loss   : 0.29454, sta_sta_loss   : 0.02002, 
epoch  83 summary: dyn_dyn_loss   : 0.02732, dyn_sta_loss   : 3.36320, tot_dyn_loss   : 0.29419, sta_sta_loss   : 0.02002, 
epoch  84 summary: dyn_dyn_loss   : 0.02724, dyn_sta_loss   : 3.35791, tot_dyn_loss   : 0.29369, sta_sta_loss   : 0.02002, 
epoch  85 summary: dyn_dyn_loss   : 0.02728, dyn_sta_loss   : 3.35920, tot_dyn_loss   : 0.29383, sta_sta_loss   : 0.02002, 
epoch  86 summary: dyn_dyn_loss   : 0.02734, dyn_sta_loss   : 3.35714, tot_dyn_loss   : 0.29372, sta_sta_loss   : 0.02002, 
epoch  87 summary: dyn_dyn_loss   : 0.02754, dyn_sta_loss   : 3.35241, tot_dyn_loss   : 0.29353, sta_sta_loss   : 0.02002, 
epoch  88 summary: dyn_dyn_loss   : 0.02750, dyn_sta_loss   : 3.35286, tot_dyn_loss   : 0.29353, sta_sta_loss   : 0.02002, 
epoch  89 summary: dyn_dyn_loss   : 0.02757, dyn_sta_loss   : 3.36019, tot_dyn_loss   : 0.29418, sta_sta_loss   : 0.02002, 
epoch  90 summary: dyn_dyn_loss   : 0.02745, dyn_sta_loss   : 3.35238, tot_dyn_loss   : 0.29344, sta_sta_loss   : 0.02002, 
train loss: 0.0000, train acc: 1.0000
epoch  91 summary: dyn_dyn_loss   : 0.02760, dyn_sta_loss   : 3.35263, tot_dyn_loss   : 0.29360, sta_sta_loss   : 0.02002, 
epoch  92 summary: dyn_dyn_loss   : 0.02778, dyn_sta_loss   : 3.35869, tot_dyn_loss   : 0.29425, sta_sta_loss   : 0.02002, 
epoch  93 summary: dyn_dyn_loss   : 0.02756, dyn_sta_loss   : 3.35314, tot_dyn_loss   : 0.29360, sta_sta_loss   : 0.02002, 
epoch  94 summary: dyn_dyn_loss   : 0.02764, dyn_sta_loss   : 3.35177, tot_dyn_loss   : 0.29357, sta_sta_loss   : 0.02002, 
epoch  95 summary: dyn_dyn_loss   : 0.02764, dyn_sta_loss   : 3.35419, tot_dyn_loss   : 0.29376, sta_sta_loss   : 0.02002, 
epoch  96 summary: dyn_dyn_loss   : 0.02762, dyn_sta_loss   : 3.34593, tot_dyn_loss   : 0.29308, sta_sta_loss   : 0.02002, 
epoch  97 summary: dyn_dyn_loss   : 0.02786, dyn_sta_loss   : 3.36130, tot_dyn_loss   : 0.29453, sta_sta_loss   : 0.02002, 
epoch  98 summary: dyn_dyn_loss   : 0.02760, dyn_sta_loss   : 3.35692, tot_dyn_loss   : 0.29394, sta_sta_loss   : 0.02002, 
epoch  99 summary: dyn_dyn_loss   : 0.02754, dyn_sta_loss   : 3.35378, tot_dyn_loss   : 0.29364, sta_sta_loss   : 0.02002, 
train loss: 0.0001, train acc: 1.0000
all                          63405.072ms
all_epoch                    63034.187ms
all_preparation                370.857ms
all_preparation_2              369.423ms
all_preparation_3                1.407ms
epoch                          467.099ms
epoch_pos_train                  1.206ms
epoch_preparation                3.191ms
epoch_train                    461.350ms
epoch_valid                      0.936ms
----------------------------------------
all                          63405.072ms
  all_epoch             99.42%
  all_preparation        0.58%
all_preparation                370.857ms
  all_preparation_2     99.61%
  all_preparation_3      0.38%
epoch                        46709.885ms
  epoch_train           98.77%
  epoch_preparation      0.68%
  epoch_pos_train        0.26%
  epoch_valid            0.20%
epoch   0 summary: dyn_dyn_cos_loss: 0.00000, dyn_sta_cos_loss: 0.00000, total_cos_loss : 0.01700, 
valid loss: 3.8244, valid acc: 0.1973
epoch   1 summary: dyn_dyn_cos_loss: 0.00000, dyn_sta_cos_loss: 0.00000, total_cos_loss : 0.01410, 
epoch   2 summary: dyn_dyn_cos_loss: 0.00000, dyn_sta_cos_loss: 0.00000, total_cos_loss : 0.01275, 
epoch   3 summary: dyn_dyn_cos_loss: 0.00000, dyn_sta_cos_loss: 0.00000, total_cos_loss : 0.01196, 
epoch   4 summary: dyn_dyn_cos_loss: 0.00000, dyn_sta_cos_loss: 0.00000, total_cos_loss : 0.01148, 
epoch   5 summary: dyn_dyn_cos_loss: 0.00000, dyn_sta_cos_loss: 0.00000, total_cos_loss : 0.01118, 
epoch   6 summary: dyn_dyn_cos_loss: 0.00000, dyn_sta_cos_loss: 0.00000, total_cos_loss : 0.01099, 
epoch   7 summary: dyn_dyn_cos_loss: 0.00000, dyn_sta_cos_loss: 0.00000, total_cos_loss : 0.01085, 
epoch   8 summary: dyn_dyn_cos_loss: 0.00000, dyn_sta_cos_loss: 0.00000, total_cos_loss : 0.01075, 
epoch   9 summary: dyn_dyn_cos_loss: 0.00000, dyn_sta_cos_loss: 0.00000, total_cos_loss : 0.01068, 
epoch  10 summary: dyn_dyn_cos_loss: 0.00000, dyn_sta_cos_loss: 0.00000, total_cos_loss : 0.01062, 
valid loss: 2.5099, valid acc: 0.4297
epoch  11 summary: dyn_dyn_cos_loss: 0.00000, dyn_sta_cos_loss: 0.00000, total_cos_loss : 0.01058, 
epoch  12 summary: dyn_dyn_cos_loss: 0.00000, dyn_sta_cos_loss: 0.00000, total_cos_loss : 0.01055, 
epoch  13 summary: dyn_dyn_cos_loss: 0.00000, dyn_sta_cos_loss: 0.00000, total_cos_loss : 0.01053, 
epoch  14 summary: dyn_dyn_cos_loss: 0.00000, dyn_sta_cos_loss: 0.00000, total_cos_loss : 0.01052, 
epoch  15 summary: dyn_dyn_cos_loss: 0.00000, dyn_sta_cos_loss: 0.00000, total_cos_loss : 0.01050, 
epoch  16 summary: dyn_dyn_cos_loss: 0.00000, dyn_sta_cos_loss: 0.00000, total_cos_loss : 0.01049, 
epoch  17 summary: dyn_dyn_cos_loss: 0.00000, dyn_sta_cos_loss: 0.00000, total_cos_loss : 0.01049, 
epoch  18 summary: dyn_dyn_cos_loss: 0.00000, dyn_sta_cos_loss: 0.00000, total_cos_loss : 0.01048, 
epoch  19 summary: dyn_dyn_cos_loss: 0.00000, dyn_sta_cos_loss: 0.00000, total_cos_loss : 0.01047, 
epoch  20 summary: dyn_dyn_cos_loss: 0.00000, dyn_sta_cos_loss: 0.00000, total_cos_loss : 0.01047, 
valid loss: 2.4460, valid acc: 0.4375
epoch  21 summary: dyn_dyn_cos_loss: 0.00000, dyn_sta_cos_loss: 0.00000, total_cos_loss : 0.01046, 
epoch  22 summary: dyn_dyn_cos_loss: 0.00000, dyn_sta_cos_loss: 0.00000, total_cos_loss : 0.01046, 
epoch  23 summary: dyn_dyn_cos_loss: 0.00000, dyn_sta_cos_loss: 0.00000, total_cos_loss : 0.01046, 
epoch  24 summary: dyn_dyn_cos_loss: 0.00000, dyn_sta_cos_loss: 0.00000, total_cos_loss : 0.01046, 
epoch  25 summary: dyn_dyn_cos_loss: 0.00000, dyn_sta_cos_loss: 0.00000, total_cos_loss : 0.01045, 
epoch  26 summary: dyn_dyn_cos_loss: 0.00000, dyn_sta_cos_loss: 0.00000, total_cos_loss : 0.01045, 
epoch  27 summary: dyn_dyn_cos_loss: 0.00000, dyn_sta_cos_loss: 0.00000, total_cos_loss : 0.01045, 
epoch  28 summary: dyn_dyn_cos_loss: 0.00000, dyn_sta_cos_loss: 0.00000, total_cos_loss : 0.01045, 
epoch  29 summary: dyn_dyn_cos_loss: 0.00000, dyn_sta_cos_loss: 0.00000, total_cos_loss : 0.01045, 
epoch  30 summary: dyn_dyn_cos_loss: 0.00000, dyn_sta_cos_loss: 0.00000, total_cos_loss : 0.01045, 
valid loss: 2.4363, valid acc: 0.4375
epoch  31 summary: dyn_dyn_cos_loss: 0.00000, dyn_sta_cos_loss: 0.00000, total_cos_loss : 0.01045, 
epoch  32 summary: dyn_dyn_cos_loss: 0.00000, dyn_sta_cos_loss: 0.00000, total_cos_loss : 0.01045, 
epoch  33 summary: dyn_dyn_cos_loss: 0.00000, dyn_sta_cos_loss: 0.00000, total_cos_loss : 0.01045, 
epoch  34 summary: dyn_dyn_cos_loss: 0.00000, dyn_sta_cos_loss: 0.00000, total_cos_loss : 0.01044, 
epoch  35 summary: dyn_dyn_cos_loss: 0.00000, dyn_sta_cos_loss: 0.00000, total_cos_loss : 0.01044, 
epoch  36 summary: dyn_dyn_cos_loss: 0.00000, dyn_sta_cos_loss: 0.00000, total_cos_loss : 0.01044, 
epoch  37 summary: dyn_dyn_cos_loss: 0.00000, dyn_sta_cos_loss: 0.00000, total_cos_loss : 0.01044, 
epoch  38 summary: dyn_dyn_cos_loss: 0.00000, dyn_sta_cos_loss: 0.00000, total_cos_loss : 0.01044, 
epoch  39 summary: dyn_dyn_cos_loss: 0.00000, dyn_sta_cos_loss: 0.00000, total_cos_loss : 0.01044, 
epoch  40 summary: dyn_dyn_cos_loss: 0.00000, dyn_sta_cos_loss: 0.00000, total_cos_loss : 0.01044, 
valid loss: 2.4208, valid acc: 0.4453
epoch  41 summary: dyn_dyn_cos_loss: 0.00000, dyn_sta_cos_loss: 0.00000, total_cos_loss : 0.01044, 
epoch  42 summary: dyn_dyn_cos_loss: 0.00000, dyn_sta_cos_loss: 0.00000, total_cos_loss : 0.01044, 
epoch  43 summary: dyn_dyn_cos_loss: 0.00000, dyn_sta_cos_loss: 0.00000, total_cos_loss : 0.01044, 
epoch  44 summary: dyn_dyn_cos_loss: 0.00000, dyn_sta_cos_loss: 0.00000, total_cos_loss : 0.01044, 
epoch  45 summary: dyn_dyn_cos_loss: 0.00000, dyn_sta_cos_loss: 0.00000, total_cos_loss : 0.01043, 
epoch  46 summary: dyn_dyn_cos_loss: 0.00000, dyn_sta_cos_loss: 0.00000, total_cos_loss : 0.01043, 
epoch  47 summary: dyn_dyn_cos_loss: 0.00000, dyn_sta_cos_loss: 0.00000, total_cos_loss : 0.01043, 
epoch  48 summary: dyn_dyn_cos_loss: 0.00000, dyn_sta_cos_loss: 0.00000, total_cos_loss : 0.01043, 
epoch  49 summary: dyn_dyn_cos_loss: 0.00000, dyn_sta_cos_loss: 0.00000, total_cos_loss : 0.01043, 
epoch  50 summary: dyn_dyn_cos_loss: 0.00000, dyn_sta_cos_loss: 0.00000, total_cos_loss : 0.01043, 
valid loss: 2.4063, valid acc: 0.4473
epoch  51 summary: dyn_dyn_cos_loss: 0.00000, dyn_sta_cos_loss: 0.00000, total_cos_loss : 0.01043, 
epoch  52 summary: dyn_dyn_cos_loss: 0.00000, dyn_sta_cos_loss: 0.00000, total_cos_loss : 0.01043, 
epoch  53 summary: dyn_dyn_cos_loss: 0.00000, dyn_sta_cos_loss: 0.00000, total_cos_loss : 0.01043, 
epoch  54 summary: dyn_dyn_cos_loss: 0.00000, dyn_sta_cos_loss: 0.00000, total_cos_loss : 0.01043, 
epoch  55 summary: dyn_dyn_cos_loss: 0.00000, dyn_sta_cos_loss: 0.00000, total_cos_loss : 0.01043, 
epoch  56 summary: dyn_dyn_cos_loss: 0.00000, dyn_sta_cos_loss: 0.00000, total_cos_loss : 0.01043, 
epoch  57 summary: dyn_dyn_cos_loss: 0.00000, dyn_sta_cos_loss: 0.00000, total_cos_loss : 0.01043, 
epoch  58 summary: dyn_dyn_cos_loss: 0.00000, dyn_sta_cos_loss: 0.00000, total_cos_loss : 0.01043, 
epoch  59 summary: dyn_dyn_cos_loss: 0.00000, dyn_sta_cos_loss: 0.00000, total_cos_loss : 0.01043, 
epoch  60 summary: dyn_dyn_cos_loss: 0.00000, dyn_sta_cos_loss: 0.00000, total_cos_loss : 0.01043, 
valid loss: 2.4083, valid acc: 0.4473
epoch  61 summary: dyn_dyn_cos_loss: 0.00000, dyn_sta_cos_loss: 0.00000, total_cos_loss : 0.01043, 
epoch  62 summary: dyn_dyn_cos_loss: 0.00000, dyn_sta_cos_loss: 0.00000, total_cos_loss : 0.01043, 
epoch  63 summary: dyn_dyn_cos_loss: 0.00000, dyn_sta_cos_loss: 0.00000, total_cos_loss : 0.01043, 
epoch  64 summary: dyn_dyn_cos_loss: 0.00000, dyn_sta_cos_loss: 0.00000, total_cos_loss : 0.01043, 
epoch  65 summary: dyn_dyn_cos_loss: 0.00000, dyn_sta_cos_loss: 0.00000, total_cos_loss : 0.01043, 
epoch  66 summary: dyn_dyn_cos_loss: 0.00000, dyn_sta_cos_loss: 0.00000, total_cos_loss : 0.01043, 
epoch  67 summary: dyn_dyn_cos_loss: 0.00000, dyn_sta_cos_loss: 0.00000, total_cos_loss : 0.01043, 
epoch  68 summary: dyn_dyn_cos_loss: 0.00000, dyn_sta_cos_loss: 0.00000, total_cos_loss : 0.01043, 
epoch  69 summary: dyn_dyn_cos_loss: 0.00000, dyn_sta_cos_loss: 0.00000, total_cos_loss : 0.01043, 
epoch  70 summary: dyn_dyn_cos_loss: 0.00000, dyn_sta_cos_loss: 0.00000, total_cos_loss : 0.01043, 
valid loss: 2.4120, valid acc: 0.4473
epoch  71 summary: dyn_dyn_cos_loss: 0.00000, dyn_sta_cos_loss: 0.00000, total_cos_loss : 0.01043, 
epoch  72 summary: dyn_dyn_cos_loss: 0.00000, dyn_sta_cos_loss: 0.00000, total_cos_loss : 0.01043, 
epoch  73 summary: dyn_dyn_cos_loss: 0.00000, dyn_sta_cos_loss: 0.00000, total_cos_loss : 0.01043, 
epoch  74 summary: dyn_dyn_cos_loss: 0.00000, dyn_sta_cos_loss: 0.00000, total_cos_loss : 0.01043, 
epoch  75 summary: dyn_dyn_cos_loss: 0.00000, dyn_sta_cos_loss: 0.00000, total_cos_loss : 0.01043, 
epoch  76 summary: dyn_dyn_cos_loss: 0.00000, dyn_sta_cos_loss: 0.00000, total_cos_loss : 0.01043, 
epoch  77 summary: dyn_dyn_cos_loss: 0.00000, dyn_sta_cos_loss: 0.00000, total_cos_loss : 0.01043, 
epoch  78 summary: dyn_dyn_cos_loss: 0.00000, dyn_sta_cos_loss: 0.00000, total_cos_loss : 0.01043, 
epoch  79 summary: dyn_dyn_cos_loss: 0.00000, dyn_sta_cos_loss: 0.00000, total_cos_loss : 0.01043, 
epoch  80 summary: dyn_dyn_cos_loss: 0.00000, dyn_sta_cos_loss: 0.00000, total_cos_loss : 0.01043, 
valid loss: 2.4111, valid acc: 0.4473
epoch  81 summary: dyn_dyn_cos_loss: 0.00000, dyn_sta_cos_loss: 0.00000, total_cos_loss : 0.01043, 
epoch  82 summary: dyn_dyn_cos_loss: 0.00000, dyn_sta_cos_loss: 0.00000, total_cos_loss : 0.01043, 
epoch  83 summary: dyn_dyn_cos_loss: 0.00000, dyn_sta_cos_loss: 0.00000, total_cos_loss : 0.01043, 
epoch  84 summary: dyn_dyn_cos_loss: 0.00000, dyn_sta_cos_loss: 0.00000, total_cos_loss : 0.01043, 
epoch  85 summary: dyn_dyn_cos_loss: 0.00000, dyn_sta_cos_loss: 0.00000, total_cos_loss : 0.01043, 
epoch  86 summary: dyn_dyn_cos_loss: 0.00000, dyn_sta_cos_loss: 0.00000, total_cos_loss : 0.01043, 
epoch  87 summary: dyn_dyn_cos_loss: 0.00000, dyn_sta_cos_loss: 0.00000, total_cos_loss : 0.01043, 
epoch  88 summary: dyn_dyn_cos_loss: 0.00000, dyn_sta_cos_loss: 0.00000, total_cos_loss : 0.01043, 
epoch  89 summary: dyn_dyn_cos_loss: 0.00000, dyn_sta_cos_loss: 0.00000, total_cos_loss : 0.01043, 
epoch  90 summary: dyn_dyn_cos_loss: 0.00000, dyn_sta_cos_loss: 0.00000, total_cos_loss : 0.01043, 
valid loss: 2.4134, valid acc: 0.4453
epoch  91 summary: dyn_dyn_cos_loss: 0.00000, dyn_sta_cos_loss: 0.00000, total_cos_loss : 0.01043, 
epoch  92 summary: dyn_dyn_cos_loss: 0.00000, dyn_sta_cos_loss: 0.00000, total_cos_loss : 0.01043, 
epoch  93 summary: dyn_dyn_cos_loss: 0.00000, dyn_sta_cos_loss: 0.00000, total_cos_loss : 0.01043, 
epoch  94 summary: dyn_dyn_cos_loss: 0.00000, dyn_sta_cos_loss: 0.00000, total_cos_loss : 0.01042, 
epoch  95 summary: dyn_dyn_cos_loss: 0.00000, dyn_sta_cos_loss: 0.00000, total_cos_loss : 0.01042, 
epoch  96 summary: dyn_dyn_cos_loss: 0.00000, dyn_sta_cos_loss: 0.00000, total_cos_loss : 0.01042, 
epoch  97 summary: dyn_dyn_cos_loss: 0.00000, dyn_sta_cos_loss: 0.00000, total_cos_loss : 0.01042, 
epoch  98 summary: dyn_dyn_cos_loss: 0.00000, dyn_sta_cos_loss: 0.00000, total_cos_loss : 0.01042, 
epoch  99 summary: dyn_dyn_cos_loss: 0.00000, dyn_sta_cos_loss: 0.00000, total_cos_loss : 0.01042, 
valid loss: 2.4122, valid acc: 0.4453
all                          27334.408ms
all_epoch                    27327.504ms
all_preparation                  6.881ms
all_preparation_2                5.766ms
all_preparation_3                1.097ms
epoch                          177.399ms
epoch_pos_train                  1.417ms
epoch_preparation                0.287ms
epoch_train                    174.978ms
epoch_valid                      0.234ms
----------------------------------------
all                          27334.408ms
  all_epoch             99.97%
  all_preparation        0.03%
all_preparation                  6.881ms
  all_preparation_2     83.80%
  all_preparation_3     15.95%
epoch                        17739.886ms
  epoch_train           98.64%
  epoch_pos_train        0.80%
  epoch_preparation      0.16%
  epoch_valid            0.13%
