Before CTE Training: train eu loss: 1.0375890731811523, eval eu loss: 1.492782711982727
Before CTE Training: train eu acc: 0.6748046875, eval eu acc: 0.560546875
epoch   0 summary: dyn_dyn_loss   : 0.01840, dyn_sta_loss   : 4.13989, tot_dyn_loss   : 0.18326, sta_sta_loss   : 0.02002, 
train loss: 1.6073, train acc: 0.6924
epoch   1 summary: dyn_dyn_loss   : 0.01760, dyn_sta_loss   : 3.96264, tot_dyn_loss   : 0.17541, sta_sta_loss   : 0.02002, 
epoch   2 summary: dyn_dyn_loss   : 0.01678, dyn_sta_loss   : 3.81366, tot_dyn_loss   : 0.16865, sta_sta_loss   : 0.02002, 
epoch   3 summary: dyn_dyn_loss   : 0.01662, dyn_sta_loss   : 3.69374, tot_dyn_loss   : 0.16371, sta_sta_loss   : 0.02002, 
epoch   4 summary: dyn_dyn_loss   : 0.01727, dyn_sta_loss   : 3.60969, tot_dyn_loss   : 0.16097, sta_sta_loss   : 0.02002, 
epoch   5 summary: dyn_dyn_loss   : 0.01827, dyn_sta_loss   : 3.54137, tot_dyn_loss   : 0.15920, sta_sta_loss   : 0.02002, 
epoch   6 summary: dyn_dyn_loss   : 0.01890, dyn_sta_loss   : 3.49761, tot_dyn_loss   : 0.15805, sta_sta_loss   : 0.02002, 
epoch   7 summary: dyn_dyn_loss   : 0.01945, dyn_sta_loss   : 3.46860, tot_dyn_loss   : 0.15742, sta_sta_loss   : 0.02002, 
epoch   8 summary: dyn_dyn_loss   : 0.01942, dyn_sta_loss   : 3.45285, tot_dyn_loss   : 0.15675, sta_sta_loss   : 0.02002, 
epoch   9 summary: dyn_dyn_loss   : 0.01970, dyn_sta_loss   : 3.44333, tot_dyn_loss   : 0.15665, sta_sta_loss   : 0.02002, 
epoch  10 summary: dyn_dyn_loss   : 0.01940, dyn_sta_loss   : 3.44608, tot_dyn_loss   : 0.15647, sta_sta_loss   : 0.02002, 
train loss: 0.0021, train acc: 1.0000
epoch  11 summary: dyn_dyn_loss   : 0.01916, dyn_sta_loss   : 3.44275, tot_dyn_loss   : 0.15610, sta_sta_loss   : 0.02002, 
epoch  12 summary: dyn_dyn_loss   : 0.01901, dyn_sta_loss   : 3.44008, tot_dyn_loss   : 0.15585, sta_sta_loss   : 0.02002, 
epoch  13 summary: dyn_dyn_loss   : 0.01864, dyn_sta_loss   : 3.43795, tot_dyn_loss   : 0.15541, sta_sta_loss   : 0.02002, 
epoch  14 summary: dyn_dyn_loss   : 0.01852, dyn_sta_loss   : 3.43378, tot_dyn_loss   : 0.15513, sta_sta_loss   : 0.02002, 
epoch  15 summary: dyn_dyn_loss   : 0.01819, dyn_sta_loss   : 3.43590, tot_dyn_loss   : 0.15490, sta_sta_loss   : 0.02002, 
epoch  16 summary: dyn_dyn_loss   : 0.01809, dyn_sta_loss   : 3.44116, tot_dyn_loss   : 0.15501, sta_sta_loss   : 0.02002, 
epoch  17 summary: dyn_dyn_loss   : 0.01771, dyn_sta_loss   : 3.44742, tot_dyn_loss   : 0.15490, sta_sta_loss   : 0.02002, 
epoch  18 summary: dyn_dyn_loss   : 0.01755, dyn_sta_loss   : 3.44282, tot_dyn_loss   : 0.15456, sta_sta_loss   : 0.02002, 
epoch  19 summary: dyn_dyn_loss   : 0.01744, dyn_sta_loss   : 3.43991, tot_dyn_loss   : 0.15434, sta_sta_loss   : 0.02002, 
epoch  20 summary: dyn_dyn_loss   : 0.01740, dyn_sta_loss   : 3.44448, tot_dyn_loss   : 0.15448, sta_sta_loss   : 0.02002, 
train loss: 0.0022, train acc: 1.0000
epoch  21 summary: dyn_dyn_loss   : 0.01736, dyn_sta_loss   : 3.44032, tot_dyn_loss   : 0.15428, sta_sta_loss   : 0.02002, 
epoch  22 summary: dyn_dyn_loss   : 0.01736, dyn_sta_loss   : 3.44022, tot_dyn_loss   : 0.15427, sta_sta_loss   : 0.02002, 
epoch  23 summary: dyn_dyn_loss   : 0.01735, dyn_sta_loss   : 3.44406, tot_dyn_loss   : 0.15441, sta_sta_loss   : 0.02002, 
epoch  24 summary: dyn_dyn_loss   : 0.01726, dyn_sta_loss   : 3.44078, tot_dyn_loss   : 0.15420, sta_sta_loss   : 0.02002, 
epoch  25 summary: dyn_dyn_loss   : 0.01727, dyn_sta_loss   : 3.43706, tot_dyn_loss   : 0.15407, sta_sta_loss   : 0.02002, 
epoch  26 summary: dyn_dyn_loss   : 0.01719, dyn_sta_loss   : 3.44085, tot_dyn_loss   : 0.15414, sta_sta_loss   : 0.02002, 
epoch  27 summary: dyn_dyn_loss   : 0.01724, dyn_sta_loss   : 3.43553, tot_dyn_loss   : 0.15398, sta_sta_loss   : 0.02002, 
epoch  28 summary: dyn_dyn_loss   : 0.01713, dyn_sta_loss   : 3.43643, tot_dyn_loss   : 0.15391, sta_sta_loss   : 0.02002, 
epoch  29 summary: dyn_dyn_loss   : 0.01714, dyn_sta_loss   : 3.44285, tot_dyn_loss   : 0.15417, sta_sta_loss   : 0.02002, 
epoch  30 summary: dyn_dyn_loss   : 0.01712, dyn_sta_loss   : 3.44254, tot_dyn_loss   : 0.15414, sta_sta_loss   : 0.02002, 
train loss: 0.0011, train acc: 1.0000
epoch  31 summary: dyn_dyn_loss   : 0.01710, dyn_sta_loss   : 3.44522, tot_dyn_loss   : 0.15423, sta_sta_loss   : 0.02002, 
epoch  32 summary: dyn_dyn_loss   : 0.01708, dyn_sta_loss   : 3.44183, tot_dyn_loss   : 0.15407, sta_sta_loss   : 0.02002, 
epoch  33 summary: dyn_dyn_loss   : 0.01709, dyn_sta_loss   : 3.44024, tot_dyn_loss   : 0.15402, sta_sta_loss   : 0.02002, 
epoch  34 summary: dyn_dyn_loss   : 0.01705, dyn_sta_loss   : 3.43699, tot_dyn_loss   : 0.15384, sta_sta_loss   : 0.02002, 
epoch  35 summary: dyn_dyn_loss   : 0.01711, dyn_sta_loss   : 3.43675, tot_dyn_loss   : 0.15390, sta_sta_loss   : 0.02002, 
epoch  36 summary: dyn_dyn_loss   : 0.01714, dyn_sta_loss   : 3.43550, tot_dyn_loss   : 0.15387, sta_sta_loss   : 0.02002, 
epoch  37 summary: dyn_dyn_loss   : 0.01716, dyn_sta_loss   : 3.44314, tot_dyn_loss   : 0.15420, sta_sta_loss   : 0.02002, 
epoch  38 summary: dyn_dyn_loss   : 0.01700, dyn_sta_loss   : 3.44573, tot_dyn_loss   : 0.15415, sta_sta_loss   : 0.02002, 
epoch  39 summary: dyn_dyn_loss   : 0.01700, dyn_sta_loss   : 3.44140, tot_dyn_loss   : 0.15398, sta_sta_loss   : 0.02002, 
epoch  40 summary: dyn_dyn_loss   : 0.01693, dyn_sta_loss   : 3.44425, tot_dyn_loss   : 0.15402, sta_sta_loss   : 0.02002, 
train loss: 0.0018, train acc: 1.0000
epoch  41 summary: dyn_dyn_loss   : 0.01698, dyn_sta_loss   : 3.44928, tot_dyn_loss   : 0.15427, sta_sta_loss   : 0.02002, 
epoch  42 summary: dyn_dyn_loss   : 0.01691, dyn_sta_loss   : 3.44117, tot_dyn_loss   : 0.15388, sta_sta_loss   : 0.02002, 
epoch  43 summary: dyn_dyn_loss   : 0.01702, dyn_sta_loss   : 3.44108, tot_dyn_loss   : 0.15398, sta_sta_loss   : 0.02002, 
epoch  44 summary: dyn_dyn_loss   : 0.01702, dyn_sta_loss   : 3.43931, tot_dyn_loss   : 0.15392, sta_sta_loss   : 0.02002, 
epoch  45 summary: dyn_dyn_loss   : 0.01718, dyn_sta_loss   : 3.43429, tot_dyn_loss   : 0.15386, sta_sta_loss   : 0.02002, 
epoch  46 summary: dyn_dyn_loss   : 0.01714, dyn_sta_loss   : 3.44074, tot_dyn_loss   : 0.15408, sta_sta_loss   : 0.02002, 
epoch  47 summary: dyn_dyn_loss   : 0.01699, dyn_sta_loss   : 3.43836, tot_dyn_loss   : 0.15384, sta_sta_loss   : 0.02002, 
epoch  48 summary: dyn_dyn_loss   : 0.01702, dyn_sta_loss   : 3.43813, tot_dyn_loss   : 0.15387, sta_sta_loss   : 0.02002, 
epoch  49 summary: dyn_dyn_loss   : 0.01704, dyn_sta_loss   : 3.44529, tot_dyn_loss   : 0.15417, sta_sta_loss   : 0.02002, 
epoch  50 summary: dyn_dyn_loss   : 0.01694, dyn_sta_loss   : 3.44404, tot_dyn_loss   : 0.15402, sta_sta_loss   : 0.02002, 
train loss: 0.0009, train acc: 1.0000
epoch  51 summary: dyn_dyn_loss   : 0.01692, dyn_sta_loss   : 3.44097, tot_dyn_loss   : 0.15388, sta_sta_loss   : 0.02002, 
epoch  52 summary: dyn_dyn_loss   : 0.01700, dyn_sta_loss   : 3.43765, tot_dyn_loss   : 0.15383, sta_sta_loss   : 0.02002, 
epoch  53 summary: dyn_dyn_loss   : 0.01705, dyn_sta_loss   : 3.44071, tot_dyn_loss   : 0.15400, sta_sta_loss   : 0.02002, 
epoch  54 summary: dyn_dyn_loss   : 0.01690, dyn_sta_loss   : 3.43929, tot_dyn_loss   : 0.15379, sta_sta_loss   : 0.02002, 
epoch  55 summary: dyn_dyn_loss   : 0.01696, dyn_sta_loss   : 3.43347, tot_dyn_loss   : 0.15362, sta_sta_loss   : 0.02002, 
epoch  56 summary: dyn_dyn_loss   : 0.01702, dyn_sta_loss   : 3.43784, tot_dyn_loss   : 0.15385, sta_sta_loss   : 0.02002, 
epoch  57 summary: dyn_dyn_loss   : 0.01697, dyn_sta_loss   : 3.43052, tot_dyn_loss   : 0.15351, sta_sta_loss   : 0.02002, 
epoch  58 summary: dyn_dyn_loss   : 0.01711, dyn_sta_loss   : 3.43722, tot_dyn_loss   : 0.15391, sta_sta_loss   : 0.02002, 
epoch  59 summary: dyn_dyn_loss   : 0.01704, dyn_sta_loss   : 3.43321, tot_dyn_loss   : 0.15368, sta_sta_loss   : 0.02002, 
epoch  60 summary: dyn_dyn_loss   : 0.01704, dyn_sta_loss   : 3.43605, tot_dyn_loss   : 0.15380, sta_sta_loss   : 0.02002, 
train loss: 0.0008, train acc: 1.0000
epoch  61 summary: dyn_dyn_loss   : 0.01696, dyn_sta_loss   : 3.43717, tot_dyn_loss   : 0.15376, sta_sta_loss   : 0.02002, 
epoch  62 summary: dyn_dyn_loss   : 0.01690, dyn_sta_loss   : 3.43938, tot_dyn_loss   : 0.15380, sta_sta_loss   : 0.02002, 
epoch  63 summary: dyn_dyn_loss   : 0.01690, dyn_sta_loss   : 3.44157, tot_dyn_loss   : 0.15389, sta_sta_loss   : 0.02002, 
epoch  64 summary: dyn_dyn_loss   : 0.01694, dyn_sta_loss   : 3.44590, tot_dyn_loss   : 0.15410, sta_sta_loss   : 0.02002, 
epoch  65 summary: dyn_dyn_loss   : 0.01692, dyn_sta_loss   : 3.43681, tot_dyn_loss   : 0.15371, sta_sta_loss   : 0.02002, 
epoch  66 summary: dyn_dyn_loss   : 0.01700, dyn_sta_loss   : 3.43846, tot_dyn_loss   : 0.15386, sta_sta_loss   : 0.02002, 
epoch  67 summary: dyn_dyn_loss   : 0.01691, dyn_sta_loss   : 3.44630, tot_dyn_loss   : 0.15409, sta_sta_loss   : 0.02002, 
epoch  68 summary: dyn_dyn_loss   : 0.01689, dyn_sta_loss   : 3.44088, tot_dyn_loss   : 0.15385, sta_sta_loss   : 0.02002, 
epoch  69 summary: dyn_dyn_loss   : 0.01699, dyn_sta_loss   : 3.43833, tot_dyn_loss   : 0.15384, sta_sta_loss   : 0.02002, 
epoch  70 summary: dyn_dyn_loss   : 0.01694, dyn_sta_loss   : 3.44289, tot_dyn_loss   : 0.15398, sta_sta_loss   : 0.02002, 
train loss: 0.0012, train acc: 1.0000
epoch  71 summary: dyn_dyn_loss   : 0.01691, dyn_sta_loss   : 3.43995, tot_dyn_loss   : 0.15383, sta_sta_loss   : 0.02002, 
epoch  72 summary: dyn_dyn_loss   : 0.01689, dyn_sta_loss   : 3.44264, tot_dyn_loss   : 0.15392, sta_sta_loss   : 0.02002, 
epoch  73 summary: dyn_dyn_loss   : 0.01690, dyn_sta_loss   : 3.44578, tot_dyn_loss   : 0.15406, sta_sta_loss   : 0.02002, 
epoch  74 summary: dyn_dyn_loss   : 0.01686, dyn_sta_loss   : 3.44398, tot_dyn_loss   : 0.15395, sta_sta_loss   : 0.02002, 
epoch  75 summary: dyn_dyn_loss   : 0.01679, dyn_sta_loss   : 3.44127, tot_dyn_loss   : 0.15377, sta_sta_loss   : 0.02002, 
epoch  76 summary: dyn_dyn_loss   : 0.01689, dyn_sta_loss   : 3.44349, tot_dyn_loss   : 0.15396, sta_sta_loss   : 0.02002, 
epoch  77 summary: dyn_dyn_loss   : 0.01689, dyn_sta_loss   : 3.44010, tot_dyn_loss   : 0.15382, sta_sta_loss   : 0.02002, 
epoch  78 summary: dyn_dyn_loss   : 0.01691, dyn_sta_loss   : 3.43474, tot_dyn_loss   : 0.15362, sta_sta_loss   : 0.02002, 
epoch  79 summary: dyn_dyn_loss   : 0.01692, dyn_sta_loss   : 3.44097, tot_dyn_loss   : 0.15388, sta_sta_loss   : 0.02002, 
epoch  80 summary: dyn_dyn_loss   : 0.01685, dyn_sta_loss   : 3.44026, tot_dyn_loss   : 0.15379, sta_sta_loss   : 0.02002, 
train loss: 0.0008, train acc: 1.0000
epoch  81 summary: dyn_dyn_loss   : 0.01690, dyn_sta_loss   : 3.43261, tot_dyn_loss   : 0.15353, sta_sta_loss   : 0.02002, 
epoch  82 summary: dyn_dyn_loss   : 0.01692, dyn_sta_loss   : 3.44505, tot_dyn_loss   : 0.15405, sta_sta_loss   : 0.02002, 
epoch  83 summary: dyn_dyn_loss   : 0.01679, dyn_sta_loss   : 3.44660, tot_dyn_loss   : 0.15398, sta_sta_loss   : 0.02002, 
epoch  84 summary: dyn_dyn_loss   : 0.01684, dyn_sta_loss   : 3.44182, tot_dyn_loss   : 0.15384, sta_sta_loss   : 0.02002, 
epoch  85 summary: dyn_dyn_loss   : 0.01692, dyn_sta_loss   : 3.44290, tot_dyn_loss   : 0.15396, sta_sta_loss   : 0.02002, 
epoch  86 summary: dyn_dyn_loss   : 0.01693, dyn_sta_loss   : 3.44149, tot_dyn_loss   : 0.15391, sta_sta_loss   : 0.02002, 
epoch  87 summary: dyn_dyn_loss   : 0.01690, dyn_sta_loss   : 3.43807, tot_dyn_loss   : 0.15375, sta_sta_loss   : 0.02002, 
epoch  88 summary: dyn_dyn_loss   : 0.01687, dyn_sta_loss   : 3.44029, tot_dyn_loss   : 0.15381, sta_sta_loss   : 0.02002, 
epoch  89 summary: dyn_dyn_loss   : 0.01684, dyn_sta_loss   : 3.44401, tot_dyn_loss   : 0.15393, sta_sta_loss   : 0.02002, 
epoch  90 summary: dyn_dyn_loss   : 0.01687, dyn_sta_loss   : 3.43799, tot_dyn_loss   : 0.15372, sta_sta_loss   : 0.02002, 
train loss: 0.0009, train acc: 1.0000
epoch  91 summary: dyn_dyn_loss   : 0.01698, dyn_sta_loss   : 3.43853, tot_dyn_loss   : 0.15384, sta_sta_loss   : 0.02002, 
epoch  92 summary: dyn_dyn_loss   : 0.01689, dyn_sta_loss   : 3.44511, tot_dyn_loss   : 0.15402, sta_sta_loss   : 0.02002, 
epoch  93 summary: dyn_dyn_loss   : 0.01681, dyn_sta_loss   : 3.44090, tot_dyn_loss   : 0.15377, sta_sta_loss   : 0.02002, 
epoch  94 summary: dyn_dyn_loss   : 0.01680, dyn_sta_loss   : 3.43940, tot_dyn_loss   : 0.15371, sta_sta_loss   : 0.02002, 
epoch  95 summary: dyn_dyn_loss   : 0.01683, dyn_sta_loss   : 3.44037, tot_dyn_loss   : 0.15377, sta_sta_loss   : 0.02002, 
epoch  96 summary: dyn_dyn_loss   : 0.01692, dyn_sta_loss   : 3.43447, tot_dyn_loss   : 0.15362, sta_sta_loss   : 0.02002, 
epoch  97 summary: dyn_dyn_loss   : 0.01683, dyn_sta_loss   : 3.44869, tot_dyn_loss   : 0.15410, sta_sta_loss   : 0.02002, 
epoch  98 summary: dyn_dyn_loss   : 0.01669, dyn_sta_loss   : 3.44516, tot_dyn_loss   : 0.15383, sta_sta_loss   : 0.02002, 
epoch  99 summary: dyn_dyn_loss   : 0.01667, dyn_sta_loss   : 3.44125, tot_dyn_loss   : 0.15365, sta_sta_loss   : 0.02002, 
train loss: 0.0014, train acc: 1.0000
all                          63286.341ms
all_epoch                    62882.724ms
all_preparation                403.592ms
all_preparation_2              402.886ms
all_preparation_3                0.677ms
epoch                          466.323ms
epoch_pos_train                  1.275ms
epoch_preparation                3.595ms
epoch_train                    459.977ms
epoch_valid                      1.003ms
----------------------------------------
all                          63286.341ms
  all_epoch             99.36%
  all_preparation        0.64%
all_preparation                403.592ms
  all_preparation_2     99.83%
  all_preparation_3      0.17%
epoch                        46632.251ms
  epoch_train           98.64%
  epoch_preparation      0.77%
  epoch_pos_train        0.27%
  epoch_valid            0.22%
epoch   0 summary: dyn_dyn_cos_loss: 0.00000, dyn_sta_cos_loss: 0.00000, total_cos_loss : 0.01689, 
valid loss: 3.8933, valid acc: 0.1777
epoch   1 summary: dyn_dyn_cos_loss: 0.00000, dyn_sta_cos_loss: 0.00000, total_cos_loss : 0.01309, 
epoch   2 summary: dyn_dyn_cos_loss: 0.00000, dyn_sta_cos_loss: 0.00000, total_cos_loss : 0.01115, 
epoch   3 summary: dyn_dyn_cos_loss: 0.00000, dyn_sta_cos_loss: 0.00000, total_cos_loss : 0.00990, 
epoch   4 summary: dyn_dyn_cos_loss: 0.00000, dyn_sta_cos_loss: 0.00000, total_cos_loss : 0.00915, 
epoch   5 summary: dyn_dyn_cos_loss: 0.00000, dyn_sta_cos_loss: 0.00000, total_cos_loss : 0.00866, 
epoch   6 summary: dyn_dyn_cos_loss: 0.00000, dyn_sta_cos_loss: 0.00000, total_cos_loss : 0.00833, 
epoch   7 summary: dyn_dyn_cos_loss: 0.00000, dyn_sta_cos_loss: 0.00000, total_cos_loss : 0.00809, 
epoch   8 summary: dyn_dyn_cos_loss: 0.00000, dyn_sta_cos_loss: 0.00000, total_cos_loss : 0.00794, 
epoch   9 summary: dyn_dyn_cos_loss: 0.00000, dyn_sta_cos_loss: 0.00000, total_cos_loss : 0.00782, 
epoch  10 summary: dyn_dyn_cos_loss: 0.00000, dyn_sta_cos_loss: 0.00000, total_cos_loss : 0.00773, 
valid loss: 2.5032, valid acc: 0.4219
epoch  11 summary: dyn_dyn_cos_loss: 0.00000, dyn_sta_cos_loss: 0.00000, total_cos_loss : 0.00766, 
epoch  12 summary: dyn_dyn_cos_loss: 0.00000, dyn_sta_cos_loss: 0.00000, total_cos_loss : 0.00760, 
epoch  13 summary: dyn_dyn_cos_loss: 0.00000, dyn_sta_cos_loss: 0.00000, total_cos_loss : 0.00757, 
epoch  14 summary: dyn_dyn_cos_loss: 0.00000, dyn_sta_cos_loss: 0.00000, total_cos_loss : 0.00754, 
epoch  15 summary: dyn_dyn_cos_loss: 0.00000, dyn_sta_cos_loss: 0.00000, total_cos_loss : 0.00753, 
epoch  16 summary: dyn_dyn_cos_loss: 0.00000, dyn_sta_cos_loss: 0.00000, total_cos_loss : 0.00752, 
epoch  17 summary: dyn_dyn_cos_loss: 0.00000, dyn_sta_cos_loss: 0.00000, total_cos_loss : 0.00751, 
epoch  18 summary: dyn_dyn_cos_loss: 0.00000, dyn_sta_cos_loss: 0.00000, total_cos_loss : 0.00751, 
epoch  19 summary: dyn_dyn_cos_loss: 0.00000, dyn_sta_cos_loss: 0.00000, total_cos_loss : 0.00751, 
epoch  20 summary: dyn_dyn_cos_loss: 0.00000, dyn_sta_cos_loss: 0.00000, total_cos_loss : 0.00750, 
valid loss: 2.4740, valid acc: 0.4258
epoch  21 summary: dyn_dyn_cos_loss: 0.00000, dyn_sta_cos_loss: 0.00000, total_cos_loss : 0.00750, 
epoch  22 summary: dyn_dyn_cos_loss: 0.00000, dyn_sta_cos_loss: 0.00000, total_cos_loss : 0.00750, 
epoch  23 summary: dyn_dyn_cos_loss: 0.00000, dyn_sta_cos_loss: 0.00000, total_cos_loss : 0.00749, 
epoch  24 summary: dyn_dyn_cos_loss: 0.00000, dyn_sta_cos_loss: 0.00000, total_cos_loss : 0.00749, 
epoch  25 summary: dyn_dyn_cos_loss: 0.00000, dyn_sta_cos_loss: 0.00000, total_cos_loss : 0.00749, 
epoch  26 summary: dyn_dyn_cos_loss: 0.00000, dyn_sta_cos_loss: 0.00000, total_cos_loss : 0.00749, 
epoch  27 summary: dyn_dyn_cos_loss: 0.00000, dyn_sta_cos_loss: 0.00000, total_cos_loss : 0.00749, 
epoch  28 summary: dyn_dyn_cos_loss: 0.00000, dyn_sta_cos_loss: 0.00000, total_cos_loss : 0.00749, 
epoch  29 summary: dyn_dyn_cos_loss: 0.00000, dyn_sta_cos_loss: 0.00000, total_cos_loss : 0.00748, 
epoch  30 summary: dyn_dyn_cos_loss: 0.00000, dyn_sta_cos_loss: 0.00000, total_cos_loss : 0.00748, 
valid loss: 2.4690, valid acc: 0.4199
epoch  31 summary: dyn_dyn_cos_loss: 0.00000, dyn_sta_cos_loss: 0.00000, total_cos_loss : 0.00748, 
epoch  32 summary: dyn_dyn_cos_loss: 0.00000, dyn_sta_cos_loss: 0.00000, total_cos_loss : 0.00748, 
epoch  33 summary: dyn_dyn_cos_loss: 0.00000, dyn_sta_cos_loss: 0.00000, total_cos_loss : 0.00748, 
epoch  34 summary: dyn_dyn_cos_loss: 0.00000, dyn_sta_cos_loss: 0.00000, total_cos_loss : 0.00748, 
epoch  35 summary: dyn_dyn_cos_loss: 0.00000, dyn_sta_cos_loss: 0.00000, total_cos_loss : 0.00748, 
epoch  36 summary: dyn_dyn_cos_loss: 0.00000, dyn_sta_cos_loss: 0.00000, total_cos_loss : 0.00748, 
epoch  37 summary: dyn_dyn_cos_loss: 0.00000, dyn_sta_cos_loss: 0.00000, total_cos_loss : 0.00747, 
epoch  38 summary: dyn_dyn_cos_loss: 0.00000, dyn_sta_cos_loss: 0.00000, total_cos_loss : 0.00747, 
epoch  39 summary: dyn_dyn_cos_loss: 0.00000, dyn_sta_cos_loss: 0.00000, total_cos_loss : 0.00747, 
epoch  40 summary: dyn_dyn_cos_loss: 0.00000, dyn_sta_cos_loss: 0.00000, total_cos_loss : 0.00747, 
valid loss: 2.4646, valid acc: 0.4199
epoch  41 summary: dyn_dyn_cos_loss: 0.00000, dyn_sta_cos_loss: 0.00000, total_cos_loss : 0.00747, 
epoch  42 summary: dyn_dyn_cos_loss: 0.00000, dyn_sta_cos_loss: 0.00000, total_cos_loss : 0.00747, 
epoch  43 summary: dyn_dyn_cos_loss: 0.00000, dyn_sta_cos_loss: 0.00000, total_cos_loss : 0.00747, 
epoch  44 summary: dyn_dyn_cos_loss: 0.00000, dyn_sta_cos_loss: 0.00000, total_cos_loss : 0.00747, 
epoch  45 summary: dyn_dyn_cos_loss: 0.00000, dyn_sta_cos_loss: 0.00000, total_cos_loss : 0.00747, 
epoch  46 summary: dyn_dyn_cos_loss: 0.00000, dyn_sta_cos_loss: 0.00000, total_cos_loss : 0.00747, 
epoch  47 summary: dyn_dyn_cos_loss: 0.00000, dyn_sta_cos_loss: 0.00000, total_cos_loss : 0.00747, 
epoch  48 summary: dyn_dyn_cos_loss: 0.00000, dyn_sta_cos_loss: 0.00000, total_cos_loss : 0.00747, 
epoch  49 summary: dyn_dyn_cos_loss: 0.00000, dyn_sta_cos_loss: 0.00000, total_cos_loss : 0.00747, 
epoch  50 summary: dyn_dyn_cos_loss: 0.00000, dyn_sta_cos_loss: 0.00000, total_cos_loss : 0.00747, 
valid loss: 2.4749, valid acc: 0.4180
epoch  51 summary: dyn_dyn_cos_loss: 0.00000, dyn_sta_cos_loss: 0.00000, total_cos_loss : 0.00747, 
epoch  52 summary: dyn_dyn_cos_loss: 0.00000, dyn_sta_cos_loss: 0.00000, total_cos_loss : 0.00747, 
epoch  53 summary: dyn_dyn_cos_loss: 0.00000, dyn_sta_cos_loss: 0.00000, total_cos_loss : 0.00747, 
epoch  54 summary: dyn_dyn_cos_loss: 0.00000, dyn_sta_cos_loss: 0.00000, total_cos_loss : 0.00747, 
epoch  55 summary: dyn_dyn_cos_loss: 0.00000, dyn_sta_cos_loss: 0.00000, total_cos_loss : 0.00747, 
epoch  56 summary: dyn_dyn_cos_loss: 0.00000, dyn_sta_cos_loss: 0.00000, total_cos_loss : 0.00747, 
epoch  57 summary: dyn_dyn_cos_loss: 0.00000, dyn_sta_cos_loss: 0.00000, total_cos_loss : 0.00747, 
epoch  58 summary: dyn_dyn_cos_loss: 0.00000, dyn_sta_cos_loss: 0.00000, total_cos_loss : 0.00747, 
epoch  59 summary: dyn_dyn_cos_loss: 0.00000, dyn_sta_cos_loss: 0.00000, total_cos_loss : 0.00747, 
epoch  60 summary: dyn_dyn_cos_loss: 0.00000, dyn_sta_cos_loss: 0.00000, total_cos_loss : 0.00747, 
valid loss: 2.4761, valid acc: 0.4180
epoch  61 summary: dyn_dyn_cos_loss: 0.00000, dyn_sta_cos_loss: 0.00000, total_cos_loss : 0.00747, 
epoch  62 summary: dyn_dyn_cos_loss: 0.00000, dyn_sta_cos_loss: 0.00000, total_cos_loss : 0.00747, 
epoch  63 summary: dyn_dyn_cos_loss: 0.00000, dyn_sta_cos_loss: 0.00000, total_cos_loss : 0.00747, 
epoch  64 summary: dyn_dyn_cos_loss: 0.00000, dyn_sta_cos_loss: 0.00000, total_cos_loss : 0.00747, 
epoch  65 summary: dyn_dyn_cos_loss: 0.00000, dyn_sta_cos_loss: 0.00000, total_cos_loss : 0.00747, 
epoch  66 summary: dyn_dyn_cos_loss: 0.00000, dyn_sta_cos_loss: 0.00000, total_cos_loss : 0.00747, 
epoch  67 summary: dyn_dyn_cos_loss: 0.00000, dyn_sta_cos_loss: 0.00000, total_cos_loss : 0.00747, 
epoch  68 summary: dyn_dyn_cos_loss: 0.00000, dyn_sta_cos_loss: 0.00000, total_cos_loss : 0.00747, 
epoch  69 summary: dyn_dyn_cos_loss: 0.00000, dyn_sta_cos_loss: 0.00000, total_cos_loss : 0.00747, 
epoch  70 summary: dyn_dyn_cos_loss: 0.00000, dyn_sta_cos_loss: 0.00000, total_cos_loss : 0.00747, 
valid loss: 2.4791, valid acc: 0.4160
epoch  71 summary: dyn_dyn_cos_loss: 0.00000, dyn_sta_cos_loss: 0.00000, total_cos_loss : 0.00747, 
epoch  72 summary: dyn_dyn_cos_loss: 0.00000, dyn_sta_cos_loss: 0.00000, total_cos_loss : 0.00747, 
epoch  73 summary: dyn_dyn_cos_loss: 0.00000, dyn_sta_cos_loss: 0.00000, total_cos_loss : 0.00747, 
epoch  74 summary: dyn_dyn_cos_loss: 0.00000, dyn_sta_cos_loss: 0.00000, total_cos_loss : 0.00747, 
epoch  75 summary: dyn_dyn_cos_loss: 0.00000, dyn_sta_cos_loss: 0.00000, total_cos_loss : 0.00747, 
epoch  76 summary: dyn_dyn_cos_loss: 0.00000, dyn_sta_cos_loss: 0.00000, total_cos_loss : 0.00747, 
epoch  77 summary: dyn_dyn_cos_loss: 0.00000, dyn_sta_cos_loss: 0.00000, total_cos_loss : 0.00747, 
epoch  78 summary: dyn_dyn_cos_loss: 0.00000, dyn_sta_cos_loss: 0.00000, total_cos_loss : 0.00747, 
epoch  79 summary: dyn_dyn_cos_loss: 0.00000, dyn_sta_cos_loss: 0.00000, total_cos_loss : 0.00747, 
epoch  80 summary: dyn_dyn_cos_loss: 0.00000, dyn_sta_cos_loss: 0.00000, total_cos_loss : 0.00747, 
valid loss: 2.4732, valid acc: 0.4180
epoch  81 summary: dyn_dyn_cos_loss: 0.00000, dyn_sta_cos_loss: 0.00000, total_cos_loss : 0.00747, 
epoch  82 summary: dyn_dyn_cos_loss: 0.00000, dyn_sta_cos_loss: 0.00000, total_cos_loss : 0.00747, 
epoch  83 summary: dyn_dyn_cos_loss: 0.00000, dyn_sta_cos_loss: 0.00000, total_cos_loss : 0.00747, 
epoch  84 summary: dyn_dyn_cos_loss: 0.00000, dyn_sta_cos_loss: 0.00000, total_cos_loss : 0.00747, 
epoch  85 summary: dyn_dyn_cos_loss: 0.00000, dyn_sta_cos_loss: 0.00000, total_cos_loss : 0.00747, 
epoch  86 summary: dyn_dyn_cos_loss: 0.00000, dyn_sta_cos_loss: 0.00000, total_cos_loss : 0.00747, 
epoch  87 summary: dyn_dyn_cos_loss: 0.00000, dyn_sta_cos_loss: 0.00000, total_cos_loss : 0.00747, 
epoch  88 summary: dyn_dyn_cos_loss: 0.00000, dyn_sta_cos_loss: 0.00000, total_cos_loss : 0.00746, 
epoch  89 summary: dyn_dyn_cos_loss: 0.00000, dyn_sta_cos_loss: 0.00000, total_cos_loss : 0.00746, 
epoch  90 summary: dyn_dyn_cos_loss: 0.00000, dyn_sta_cos_loss: 0.00000, total_cos_loss : 0.00746, 
valid loss: 2.4746, valid acc: 0.4180
epoch  91 summary: dyn_dyn_cos_loss: 0.00000, dyn_sta_cos_loss: 0.00000, total_cos_loss : 0.00746, 
epoch  92 summary: dyn_dyn_cos_loss: 0.00000, dyn_sta_cos_loss: 0.00000, total_cos_loss : 0.00746, 
epoch  93 summary: dyn_dyn_cos_loss: 0.00000, dyn_sta_cos_loss: 0.00000, total_cos_loss : 0.00746, 
epoch  94 summary: dyn_dyn_cos_loss: 0.00000, dyn_sta_cos_loss: 0.00000, total_cos_loss : 0.00746, 
epoch  95 summary: dyn_dyn_cos_loss: 0.00000, dyn_sta_cos_loss: 0.00000, total_cos_loss : 0.00746, 
epoch  96 summary: dyn_dyn_cos_loss: 0.00000, dyn_sta_cos_loss: 0.00000, total_cos_loss : 0.00746, 
epoch  97 summary: dyn_dyn_cos_loss: 0.00000, dyn_sta_cos_loss: 0.00000, total_cos_loss : 0.00746, 
epoch  98 summary: dyn_dyn_cos_loss: 0.00000, dyn_sta_cos_loss: 0.00000, total_cos_loss : 0.00746, 
epoch  99 summary: dyn_dyn_cos_loss: 0.00000, dyn_sta_cos_loss: 0.00000, total_cos_loss : 0.00746, 
valid loss: 2.4734, valid acc: 0.4180
all                          27581.990ms
all_epoch                    27575.227ms
all_preparation                  6.745ms
all_preparation_2                5.635ms
all_preparation_3                1.095ms
epoch                          177.992ms
epoch_pos_train                  1.404ms
epoch_preparation                0.311ms
epoch_train                    175.542ms
epoch_valid                      0.251ms
----------------------------------------
all                          27581.990ms
  all_epoch             99.98%
  all_preparation        0.02%
all_preparation                  6.745ms
  all_preparation_2     83.55%
  all_preparation_3     16.23%
epoch                        17799.183ms
  epoch_train           98.62%
  epoch_pos_train        0.79%
  epoch_preparation      0.17%
  epoch_valid            0.14%
