Before CTE Training: train eu loss: 1.0375890731811523, eval eu loss: 1.492782711982727
Before CTE Training: train eu acc: 0.6748046875, eval eu acc: 0.560546875
epoch   0 summary: dyn_dyn_loss   : 0.09269, dyn_sta_loss   : 3.73303, tot_dyn_loss   : 0.23830, sta_sta_loss   : 0.12050, 
train loss: 0.2574, train acc: 0.9365
epoch   1 summary: dyn_dyn_loss   : 0.07781, dyn_sta_loss   : 3.05750, tot_dyn_loss   : 0.19700, sta_sta_loss   : 0.12050, 
epoch   2 summary: dyn_dyn_loss   : 0.06972, dyn_sta_loss   : 3.11107, tot_dyn_loss   : 0.19137, sta_sta_loss   : 0.12050, 
epoch   3 summary: dyn_dyn_loss   : 0.05060, dyn_sta_loss   : 3.26288, tot_dyn_loss   : 0.17909, sta_sta_loss   : 0.12050, 
epoch   4 summary: dyn_dyn_loss   : 0.04936, dyn_sta_loss   : 3.16074, tot_dyn_loss   : 0.17382, sta_sta_loss   : 0.12050, 
epoch   5 summary: dyn_dyn_loss   : 0.05014, dyn_sta_loss   : 3.15956, tot_dyn_loss   : 0.17452, sta_sta_loss   : 0.12050, 
epoch   6 summary: dyn_dyn_loss   : 0.04665, dyn_sta_loss   : 3.16899, tot_dyn_loss   : 0.17154, sta_sta_loss   : 0.12050, 
epoch   7 summary: dyn_dyn_loss   : 0.04737, dyn_sta_loss   : 3.15349, tot_dyn_loss   : 0.17161, sta_sta_loss   : 0.12050, 
epoch   8 summary: dyn_dyn_loss   : 0.04649, dyn_sta_loss   : 3.14741, tot_dyn_loss   : 0.17053, sta_sta_loss   : 0.12050, 
epoch   9 summary: dyn_dyn_loss   : 0.04567, dyn_sta_loss   : 3.14671, tot_dyn_loss   : 0.16971, sta_sta_loss   : 0.12050, 
epoch  10 summary: dyn_dyn_loss   : 0.04539, dyn_sta_loss   : 3.14837, tot_dyn_loss   : 0.16951, sta_sta_loss   : 0.12050, 
train loss: 0.8815, train acc: 0.7930
epoch  11 summary: dyn_dyn_loss   : 0.04500, dyn_sta_loss   : 3.14750, tot_dyn_loss   : 0.16910, sta_sta_loss   : 0.12050, 
epoch  12 summary: dyn_dyn_loss   : 0.04489, dyn_sta_loss   : 3.14798, tot_dyn_loss   : 0.16901, sta_sta_loss   : 0.12050, 
epoch  13 summary: dyn_dyn_loss   : 0.04455, dyn_sta_loss   : 3.14504, tot_dyn_loss   : 0.16857, sta_sta_loss   : 0.12050, 
epoch  14 summary: dyn_dyn_loss   : 0.04469, dyn_sta_loss   : 3.13867, tot_dyn_loss   : 0.16845, sta_sta_loss   : 0.12050, 
epoch  15 summary: dyn_dyn_loss   : 0.04470, dyn_sta_loss   : 3.13121, tot_dyn_loss   : 0.16817, sta_sta_loss   : 0.12050, 
epoch  16 summary: dyn_dyn_loss   : 0.04492, dyn_sta_loss   : 3.12271, tot_dyn_loss   : 0.16803, sta_sta_loss   : 0.12050, 
epoch  17 summary: dyn_dyn_loss   : 0.04454, dyn_sta_loss   : 3.11491, tot_dyn_loss   : 0.16736, sta_sta_loss   : 0.12050, 
epoch  18 summary: dyn_dyn_loss   : 0.04506, dyn_sta_loss   : 3.10947, tot_dyn_loss   : 0.16764, sta_sta_loss   : 0.12050, 
epoch  19 summary: dyn_dyn_loss   : 0.04474, dyn_sta_loss   : 3.10259, tot_dyn_loss   : 0.16706, sta_sta_loss   : 0.12050, 
epoch  20 summary: dyn_dyn_loss   : 0.04546, dyn_sta_loss   : 3.09256, tot_dyn_loss   : 0.16735, sta_sta_loss   : 0.12050, 
train loss: 0.4680, train acc: 0.8779
epoch  21 summary: dyn_dyn_loss   : 0.04518, dyn_sta_loss   : 3.08329, tot_dyn_loss   : 0.16670, sta_sta_loss   : 0.12050, 
epoch  22 summary: dyn_dyn_loss   : 0.04592, dyn_sta_loss   : 3.08100, tot_dyn_loss   : 0.16732, sta_sta_loss   : 0.12050, 
epoch  23 summary: dyn_dyn_loss   : 0.04573, dyn_sta_loss   : 3.07557, tot_dyn_loss   : 0.16693, sta_sta_loss   : 0.12050, 
epoch  24 summary: dyn_dyn_loss   : 0.04652, dyn_sta_loss   : 3.07468, tot_dyn_loss   : 0.16765, sta_sta_loss   : 0.12050, 
epoch  25 summary: dyn_dyn_loss   : 0.04597, dyn_sta_loss   : 3.06901, tot_dyn_loss   : 0.16690, sta_sta_loss   : 0.12050, 
epoch  26 summary: dyn_dyn_loss   : 0.04669, dyn_sta_loss   : 3.06972, tot_dyn_loss   : 0.16761, sta_sta_loss   : 0.12050, 
epoch  27 summary: dyn_dyn_loss   : 0.04604, dyn_sta_loss   : 3.06626, tot_dyn_loss   : 0.16685, sta_sta_loss   : 0.12050, 
epoch  28 summary: dyn_dyn_loss   : 0.04663, dyn_sta_loss   : 3.06891, tot_dyn_loss   : 0.16752, sta_sta_loss   : 0.12050, 
epoch  29 summary: dyn_dyn_loss   : 0.04601, dyn_sta_loss   : 3.06538, tot_dyn_loss   : 0.16679, sta_sta_loss   : 0.12050, 
epoch  30 summary: dyn_dyn_loss   : 0.04667, dyn_sta_loss   : 3.06388, tot_dyn_loss   : 0.16736, sta_sta_loss   : 0.12050, 
train loss: 0.3504, train acc: 0.9062
epoch  31 summary: dyn_dyn_loss   : 0.04617, dyn_sta_loss   : 3.06104, tot_dyn_loss   : 0.16676, sta_sta_loss   : 0.12050, 
epoch  32 summary: dyn_dyn_loss   : 0.04687, dyn_sta_loss   : 3.06179, tot_dyn_loss   : 0.16747, sta_sta_loss   : 0.12050, 
epoch  33 summary: dyn_dyn_loss   : 0.04629, dyn_sta_loss   : 3.05963, tot_dyn_loss   : 0.16683, sta_sta_loss   : 0.12050, 
epoch  34 summary: dyn_dyn_loss   : 0.04674, dyn_sta_loss   : 3.06193, tot_dyn_loss   : 0.16734, sta_sta_loss   : 0.12050, 
epoch  35 summary: dyn_dyn_loss   : 0.04636, dyn_sta_loss   : 3.05682, tot_dyn_loss   : 0.16678, sta_sta_loss   : 0.12050, 
epoch  36 summary: dyn_dyn_loss   : 0.04704, dyn_sta_loss   : 3.05938, tot_dyn_loss   : 0.16754, sta_sta_loss   : 0.12050, 
epoch  37 summary: dyn_dyn_loss   : 0.04637, dyn_sta_loss   : 3.05795, tot_dyn_loss   : 0.16684, sta_sta_loss   : 0.12050, 
epoch  38 summary: dyn_dyn_loss   : 0.04691, dyn_sta_loss   : 3.05458, tot_dyn_loss   : 0.16722, sta_sta_loss   : 0.12050, 
epoch  39 summary: dyn_dyn_loss   : 0.04678, dyn_sta_loss   : 3.05068, tot_dyn_loss   : 0.16694, sta_sta_loss   : 0.12050, 
epoch  40 summary: dyn_dyn_loss   : 0.04723, dyn_sta_loss   : 3.05270, tot_dyn_loss   : 0.16745, sta_sta_loss   : 0.12050, 
train loss: 0.3033, train acc: 0.9189
epoch  41 summary: dyn_dyn_loss   : 0.04666, dyn_sta_loss   : 3.04941, tot_dyn_loss   : 0.16677, sta_sta_loss   : 0.12050, 
epoch  42 summary: dyn_dyn_loss   : 0.04726, dyn_sta_loss   : 3.05341, tot_dyn_loss   : 0.16751, sta_sta_loss   : 0.12050, 
epoch  43 summary: dyn_dyn_loss   : 0.04675, dyn_sta_loss   : 3.04988, tot_dyn_loss   : 0.16687, sta_sta_loss   : 0.12050, 
epoch  44 summary: dyn_dyn_loss   : 0.04744, dyn_sta_loss   : 3.05311, tot_dyn_loss   : 0.16767, sta_sta_loss   : 0.12050, 
epoch  45 summary: dyn_dyn_loss   : 0.04665, dyn_sta_loss   : 3.05365, tot_dyn_loss   : 0.16693, sta_sta_loss   : 0.12050, 
epoch  46 summary: dyn_dyn_loss   : 0.04724, dyn_sta_loss   : 3.05050, tot_dyn_loss   : 0.16737, sta_sta_loss   : 0.12050, 
epoch  47 summary: dyn_dyn_loss   : 0.04696, dyn_sta_loss   : 3.04654, tot_dyn_loss   : 0.16694, sta_sta_loss   : 0.12050, 
epoch  48 summary: dyn_dyn_loss   : 0.04756, dyn_sta_loss   : 3.04907, tot_dyn_loss   : 0.16762, sta_sta_loss   : 0.12050, 
epoch  49 summary: dyn_dyn_loss   : 0.04688, dyn_sta_loss   : 3.04524, tot_dyn_loss   : 0.16681, sta_sta_loss   : 0.12050, 
epoch  50 summary: dyn_dyn_loss   : 0.04760, dyn_sta_loss   : 3.04887, tot_dyn_loss   : 0.16765, sta_sta_loss   : 0.12050, 
train loss: 0.3080, train acc: 0.9111
epoch  51 summary: dyn_dyn_loss   : 0.04695, dyn_sta_loss   : 3.04811, tot_dyn_loss   : 0.16699, sta_sta_loss   : 0.12050, 
epoch  52 summary: dyn_dyn_loss   : 0.04762, dyn_sta_loss   : 3.04806, tot_dyn_loss   : 0.16764, sta_sta_loss   : 0.12050, 
epoch  53 summary: dyn_dyn_loss   : 0.04706, dyn_sta_loss   : 3.04635, tot_dyn_loss   : 0.16703, sta_sta_loss   : 0.12050, 
epoch  54 summary: dyn_dyn_loss   : 0.04769, dyn_sta_loss   : 3.04896, tot_dyn_loss   : 0.16774, sta_sta_loss   : 0.12050, 
epoch  55 summary: dyn_dyn_loss   : 0.04705, dyn_sta_loss   : 3.04757, tot_dyn_loss   : 0.16708, sta_sta_loss   : 0.12050, 
epoch  56 summary: dyn_dyn_loss   : 0.04768, dyn_sta_loss   : 3.04865, tot_dyn_loss   : 0.16772, sta_sta_loss   : 0.12050, 
epoch  57 summary: dyn_dyn_loss   : 0.04704, dyn_sta_loss   : 3.04843, tot_dyn_loss   : 0.16709, sta_sta_loss   : 0.12050, 
epoch  58 summary: dyn_dyn_loss   : 0.04771, dyn_sta_loss   : 3.04674, tot_dyn_loss   : 0.16767, sta_sta_loss   : 0.12050, 
epoch  59 summary: dyn_dyn_loss   : 0.04735, dyn_sta_loss   : 3.04585, tot_dyn_loss   : 0.16729, sta_sta_loss   : 0.12050, 
epoch  60 summary: dyn_dyn_loss   : 0.04768, dyn_sta_loss   : 3.04827, tot_dyn_loss   : 0.16771, sta_sta_loss   : 0.12050, 
train loss: 0.3123, train acc: 0.9072
epoch  61 summary: dyn_dyn_loss   : 0.04707, dyn_sta_loss   : 3.04700, tot_dyn_loss   : 0.16707, sta_sta_loss   : 0.12050, 
epoch  62 summary: dyn_dyn_loss   : 0.04759, dyn_sta_loss   : 3.04760, tot_dyn_loss   : 0.16759, sta_sta_loss   : 0.12050, 
epoch  63 summary: dyn_dyn_loss   : 0.04721, dyn_sta_loss   : 3.04352, tot_dyn_loss   : 0.16706, sta_sta_loss   : 0.12050, 
epoch  64 summary: dyn_dyn_loss   : 0.04766, dyn_sta_loss   : 3.04894, tot_dyn_loss   : 0.16771, sta_sta_loss   : 0.12050, 
epoch  65 summary: dyn_dyn_loss   : 0.04702, dyn_sta_loss   : 3.04702, tot_dyn_loss   : 0.16702, sta_sta_loss   : 0.12050, 
epoch  66 summary: dyn_dyn_loss   : 0.04759, dyn_sta_loss   : 3.04729, tot_dyn_loss   : 0.16758, sta_sta_loss   : 0.12050, 
epoch  67 summary: dyn_dyn_loss   : 0.04699, dyn_sta_loss   : 3.04626, tot_dyn_loss   : 0.16696, sta_sta_loss   : 0.12050, 
epoch  68 summary: dyn_dyn_loss   : 0.04749, dyn_sta_loss   : 3.04699, tot_dyn_loss   : 0.16747, sta_sta_loss   : 0.12050, 
epoch  69 summary: dyn_dyn_loss   : 0.04703, dyn_sta_loss   : 3.04299, tot_dyn_loss   : 0.16687, sta_sta_loss   : 0.12050, 
epoch  70 summary: dyn_dyn_loss   : 0.04769, dyn_sta_loss   : 3.04513, tot_dyn_loss   : 0.16758, sta_sta_loss   : 0.12050, 
train loss: 0.3180, train acc: 0.9092
epoch  71 summary: dyn_dyn_loss   : 0.04722, dyn_sta_loss   : 3.04482, tot_dyn_loss   : 0.16712, sta_sta_loss   : 0.12050, 
epoch  72 summary: dyn_dyn_loss   : 0.04768, dyn_sta_loss   : 3.04591, tot_dyn_loss   : 0.16761, sta_sta_loss   : 0.12050, 
epoch  73 summary: dyn_dyn_loss   : 0.04709, dyn_sta_loss   : 3.04618, tot_dyn_loss   : 0.16705, sta_sta_loss   : 0.12050, 
epoch  74 summary: dyn_dyn_loss   : 0.04747, dyn_sta_loss   : 3.04420, tot_dyn_loss   : 0.16734, sta_sta_loss   : 0.12050, 
epoch  75 summary: dyn_dyn_loss   : 0.04733, dyn_sta_loss   : 3.04207, tot_dyn_loss   : 0.16712, sta_sta_loss   : 0.12050, 
epoch  76 summary: dyn_dyn_loss   : 0.04766, dyn_sta_loss   : 3.04476, tot_dyn_loss   : 0.16754, sta_sta_loss   : 0.12050, 
epoch  77 summary: dyn_dyn_loss   : 0.04745, dyn_sta_loss   : 3.04265, tot_dyn_loss   : 0.16725, sta_sta_loss   : 0.12050, 
epoch  78 summary: dyn_dyn_loss   : 0.04768, dyn_sta_loss   : 3.04341, tot_dyn_loss   : 0.16751, sta_sta_loss   : 0.12050, 
epoch  79 summary: dyn_dyn_loss   : 0.04748, dyn_sta_loss   : 3.04330, tot_dyn_loss   : 0.16731, sta_sta_loss   : 0.12050, 
epoch  80 summary: dyn_dyn_loss   : 0.04766, dyn_sta_loss   : 3.04396, tot_dyn_loss   : 0.16751, sta_sta_loss   : 0.12050, 
train loss: 0.3025, train acc: 0.9111
epoch  81 summary: dyn_dyn_loss   : 0.04760, dyn_sta_loss   : 3.04162, tot_dyn_loss   : 0.16736, sta_sta_loss   : 0.12050, 
epoch  82 summary: dyn_dyn_loss   : 0.04757, dyn_sta_loss   : 3.04609, tot_dyn_loss   : 0.16751, sta_sta_loss   : 0.12050, 
epoch  83 summary: dyn_dyn_loss   : 0.04733, dyn_sta_loss   : 3.04541, tot_dyn_loss   : 0.16725, sta_sta_loss   : 0.12050, 
epoch  84 summary: dyn_dyn_loss   : 0.04751, dyn_sta_loss   : 3.04663, tot_dyn_loss   : 0.16747, sta_sta_loss   : 0.12050, 
epoch  85 summary: dyn_dyn_loss   : 0.04736, dyn_sta_loss   : 3.04418, tot_dyn_loss   : 0.16723, sta_sta_loss   : 0.12050, 
epoch  86 summary: dyn_dyn_loss   : 0.04742, dyn_sta_loss   : 3.04665, tot_dyn_loss   : 0.16739, sta_sta_loss   : 0.12050, 
epoch  87 summary: dyn_dyn_loss   : 0.04740, dyn_sta_loss   : 3.04658, tot_dyn_loss   : 0.16737, sta_sta_loss   : 0.12050, 
epoch  88 summary: dyn_dyn_loss   : 0.04733, dyn_sta_loss   : 3.04668, tot_dyn_loss   : 0.16730, sta_sta_loss   : 0.12050, 
epoch  89 summary: dyn_dyn_loss   : 0.04749, dyn_sta_loss   : 3.04415, tot_dyn_loss   : 0.16736, sta_sta_loss   : 0.12050, 
epoch  90 summary: dyn_dyn_loss   : 0.04741, dyn_sta_loss   : 3.04789, tot_dyn_loss   : 0.16743, sta_sta_loss   : 0.12050, 
train loss: 0.3128, train acc: 0.9072
epoch  91 summary: dyn_dyn_loss   : 0.04750, dyn_sta_loss   : 3.04431, tot_dyn_loss   : 0.16737, sta_sta_loss   : 0.12050, 
epoch  92 summary: dyn_dyn_loss   : 0.04751, dyn_sta_loss   : 3.04652, tot_dyn_loss   : 0.16747, sta_sta_loss   : 0.12050, 
epoch  93 summary: dyn_dyn_loss   : 0.04733, dyn_sta_loss   : 3.04393, tot_dyn_loss   : 0.16720, sta_sta_loss   : 0.12050, 
epoch  94 summary: dyn_dyn_loss   : 0.04749, dyn_sta_loss   : 3.04618, tot_dyn_loss   : 0.16744, sta_sta_loss   : 0.12050, 
epoch  95 summary: dyn_dyn_loss   : 0.04729, dyn_sta_loss   : 3.04327, tot_dyn_loss   : 0.16713, sta_sta_loss   : 0.12050, 
epoch  96 summary: dyn_dyn_loss   : 0.04751, dyn_sta_loss   : 3.04614, tot_dyn_loss   : 0.16745, sta_sta_loss   : 0.12050, 
epoch  97 summary: dyn_dyn_loss   : 0.04739, dyn_sta_loss   : 3.04457, tot_dyn_loss   : 0.16728, sta_sta_loss   : 0.12050, 
epoch  98 summary: dyn_dyn_loss   : 0.04737, dyn_sta_loss   : 3.04645, tot_dyn_loss   : 0.16734, sta_sta_loss   : 0.12050, 
epoch  99 summary: dyn_dyn_loss   : 0.04745, dyn_sta_loss   : 3.04383, tot_dyn_loss   : 0.16731, sta_sta_loss   : 0.12050, 
train loss: 0.3015, train acc: 0.8857
all                          59526.394ms
all_epoch                    59160.415ms
all_preparation                365.946ms
all_preparation_2              364.471ms
all_preparation_3                1.448ms
epoch                          428.555ms
epoch_pos_train                  1.301ms
epoch_preparation                3.278ms
epoch_train                    422.689ms
epoch_valid                      0.831ms
----------------------------------------
all                          59526.394ms
  all_epoch             99.39%
  all_preparation        0.61%
all_preparation                365.946ms
  all_preparation_2     99.60%
  all_preparation_3      0.40%
epoch                        42855.521ms
  epoch_train           98.63%
  epoch_preparation      0.76%
  epoch_pos_train        0.30%
  epoch_valid            0.19%
epoch   0 summary: dyn_dyn_cos_loss: 0.00000, dyn_sta_cos_loss: 0.00000, total_cos_loss : 0.05925, 
valid loss: 3.6084, valid acc: 0.2969
epoch   1 summary: dyn_dyn_cos_loss: 0.00000, dyn_sta_cos_loss: 0.00000, total_cos_loss : 0.03540, 
epoch   2 summary: dyn_dyn_cos_loss: 0.00000, dyn_sta_cos_loss: 0.00000, total_cos_loss : 0.03027, 
epoch   3 summary: dyn_dyn_cos_loss: 0.00000, dyn_sta_cos_loss: 0.00000, total_cos_loss : 0.02922, 
epoch   4 summary: dyn_dyn_cos_loss: 0.00000, dyn_sta_cos_loss: 0.00000, total_cos_loss : 0.02897, 
epoch   5 summary: dyn_dyn_cos_loss: 0.00000, dyn_sta_cos_loss: 0.00000, total_cos_loss : 0.02888, 
epoch   6 summary: dyn_dyn_cos_loss: 0.00000, dyn_sta_cos_loss: 0.00000, total_cos_loss : 0.02883, 
epoch   7 summary: dyn_dyn_cos_loss: 0.00000, dyn_sta_cos_loss: 0.00000, total_cos_loss : 0.02879, 
epoch   8 summary: dyn_dyn_cos_loss: 0.00000, dyn_sta_cos_loss: 0.00000, total_cos_loss : 0.02877, 
epoch   9 summary: dyn_dyn_cos_loss: 0.00000, dyn_sta_cos_loss: 0.00000, total_cos_loss : 0.02876, 
epoch  10 summary: dyn_dyn_cos_loss: 0.00000, dyn_sta_cos_loss: 0.00000, total_cos_loss : 0.02874, 
valid loss: 3.5223, valid acc: 0.2812
epoch  11 summary: dyn_dyn_cos_loss: 0.00000, dyn_sta_cos_loss: 0.00000, total_cos_loss : 0.02873, 
epoch  12 summary: dyn_dyn_cos_loss: 0.00000, dyn_sta_cos_loss: 0.00000, total_cos_loss : 0.02872, 
epoch  13 summary: dyn_dyn_cos_loss: 0.00000, dyn_sta_cos_loss: 0.00000, total_cos_loss : 0.02870, 
epoch  14 summary: dyn_dyn_cos_loss: 0.00000, dyn_sta_cos_loss: 0.00000, total_cos_loss : 0.02869, 
epoch  15 summary: dyn_dyn_cos_loss: 0.00000, dyn_sta_cos_loss: 0.00000, total_cos_loss : 0.02868, 
epoch  16 summary: dyn_dyn_cos_loss: 0.00000, dyn_sta_cos_loss: 0.00000, total_cos_loss : 0.02869, 
epoch  17 summary: dyn_dyn_cos_loss: 0.00000, dyn_sta_cos_loss: 0.00000, total_cos_loss : 0.02868, 
epoch  18 summary: dyn_dyn_cos_loss: 0.00000, dyn_sta_cos_loss: 0.00000, total_cos_loss : 0.02867, 
epoch  19 summary: dyn_dyn_cos_loss: 0.00000, dyn_sta_cos_loss: 0.00000, total_cos_loss : 0.02867, 
epoch  20 summary: dyn_dyn_cos_loss: 0.00000, dyn_sta_cos_loss: 0.00000, total_cos_loss : 0.02867, 
valid loss: 3.4966, valid acc: 0.2910
epoch  21 summary: dyn_dyn_cos_loss: 0.00000, dyn_sta_cos_loss: 0.00000, total_cos_loss : 0.02866, 
epoch  22 summary: dyn_dyn_cos_loss: 0.00000, dyn_sta_cos_loss: 0.00000, total_cos_loss : 0.02866, 
epoch  23 summary: dyn_dyn_cos_loss: 0.00000, dyn_sta_cos_loss: 0.00000, total_cos_loss : 0.02866, 
epoch  24 summary: dyn_dyn_cos_loss: 0.00000, dyn_sta_cos_loss: 0.00000, total_cos_loss : 0.02865, 
epoch  25 summary: dyn_dyn_cos_loss: 0.00000, dyn_sta_cos_loss: 0.00000, total_cos_loss : 0.02865, 
epoch  26 summary: dyn_dyn_cos_loss: 0.00000, dyn_sta_cos_loss: 0.00000, total_cos_loss : 0.02864, 
epoch  27 summary: dyn_dyn_cos_loss: 0.00000, dyn_sta_cos_loss: 0.00000, total_cos_loss : 0.02864, 
epoch  28 summary: dyn_dyn_cos_loss: 0.00000, dyn_sta_cos_loss: 0.00000, total_cos_loss : 0.02864, 
epoch  29 summary: dyn_dyn_cos_loss: 0.00000, dyn_sta_cos_loss: 0.00000, total_cos_loss : 0.02864, 
epoch  30 summary: dyn_dyn_cos_loss: 0.00000, dyn_sta_cos_loss: 0.00000, total_cos_loss : 0.02864, 
valid loss: 3.4938, valid acc: 0.2910
epoch  31 summary: dyn_dyn_cos_loss: 0.00000, dyn_sta_cos_loss: 0.00000, total_cos_loss : 0.02864, 
epoch  32 summary: dyn_dyn_cos_loss: 0.00000, dyn_sta_cos_loss: 0.00000, total_cos_loss : 0.02863, 
epoch  33 summary: dyn_dyn_cos_loss: 0.00000, dyn_sta_cos_loss: 0.00000, total_cos_loss : 0.02863, 
epoch  34 summary: dyn_dyn_cos_loss: 0.00000, dyn_sta_cos_loss: 0.00000, total_cos_loss : 0.02864, 
epoch  35 summary: dyn_dyn_cos_loss: 0.00000, dyn_sta_cos_loss: 0.00000, total_cos_loss : 0.02863, 
epoch  36 summary: dyn_dyn_cos_loss: 0.00000, dyn_sta_cos_loss: 0.00000, total_cos_loss : 0.02863, 
epoch  37 summary: dyn_dyn_cos_loss: 0.00000, dyn_sta_cos_loss: 0.00000, total_cos_loss : 0.02863, 
epoch  38 summary: dyn_dyn_cos_loss: 0.00000, dyn_sta_cos_loss: 0.00000, total_cos_loss : 0.02863, 
epoch  39 summary: dyn_dyn_cos_loss: 0.00000, dyn_sta_cos_loss: 0.00000, total_cos_loss : 0.02863, 
epoch  40 summary: dyn_dyn_cos_loss: 0.00000, dyn_sta_cos_loss: 0.00000, total_cos_loss : 0.02863, 
valid loss: 3.4880, valid acc: 0.2910
epoch  41 summary: dyn_dyn_cos_loss: 0.00000, dyn_sta_cos_loss: 0.00000, total_cos_loss : 0.02863, 
epoch  42 summary: dyn_dyn_cos_loss: 0.00000, dyn_sta_cos_loss: 0.00000, total_cos_loss : 0.02862, 
epoch  43 summary: dyn_dyn_cos_loss: 0.00000, dyn_sta_cos_loss: 0.00000, total_cos_loss : 0.02862, 
epoch  44 summary: dyn_dyn_cos_loss: 0.00000, dyn_sta_cos_loss: 0.00000, total_cos_loss : 0.02862, 
epoch  45 summary: dyn_dyn_cos_loss: 0.00000, dyn_sta_cos_loss: 0.00000, total_cos_loss : 0.02862, 
epoch  46 summary: dyn_dyn_cos_loss: 0.00000, dyn_sta_cos_loss: 0.00000, total_cos_loss : 0.02862, 
epoch  47 summary: dyn_dyn_cos_loss: 0.00000, dyn_sta_cos_loss: 0.00000, total_cos_loss : 0.02862, 
epoch  48 summary: dyn_dyn_cos_loss: 0.00000, dyn_sta_cos_loss: 0.00000, total_cos_loss : 0.02862, 
epoch  49 summary: dyn_dyn_cos_loss: 0.00000, dyn_sta_cos_loss: 0.00000, total_cos_loss : 0.02862, 
epoch  50 summary: dyn_dyn_cos_loss: 0.00000, dyn_sta_cos_loss: 0.00000, total_cos_loss : 0.02862, 
valid loss: 3.4746, valid acc: 0.2910
epoch  51 summary: dyn_dyn_cos_loss: 0.00000, dyn_sta_cos_loss: 0.00000, total_cos_loss : 0.02862, 
epoch  52 summary: dyn_dyn_cos_loss: 0.00000, dyn_sta_cos_loss: 0.00000, total_cos_loss : 0.02862, 
epoch  53 summary: dyn_dyn_cos_loss: 0.00000, dyn_sta_cos_loss: 0.00000, total_cos_loss : 0.02862, 
epoch  54 summary: dyn_dyn_cos_loss: 0.00000, dyn_sta_cos_loss: 0.00000, total_cos_loss : 0.02861, 
epoch  55 summary: dyn_dyn_cos_loss: 0.00000, dyn_sta_cos_loss: 0.00000, total_cos_loss : 0.02861, 
epoch  56 summary: dyn_dyn_cos_loss: 0.00000, dyn_sta_cos_loss: 0.00000, total_cos_loss : 0.02861, 
epoch  57 summary: dyn_dyn_cos_loss: 0.00000, dyn_sta_cos_loss: 0.00000, total_cos_loss : 0.02861, 
epoch  58 summary: dyn_dyn_cos_loss: 0.00000, dyn_sta_cos_loss: 0.00000, total_cos_loss : 0.02861, 
epoch  59 summary: dyn_dyn_cos_loss: 0.00000, dyn_sta_cos_loss: 0.00000, total_cos_loss : 0.02861, 
epoch  60 summary: dyn_dyn_cos_loss: 0.00000, dyn_sta_cos_loss: 0.00000, total_cos_loss : 0.02861, 
valid loss: 3.4629, valid acc: 0.2930
epoch  61 summary: dyn_dyn_cos_loss: 0.00000, dyn_sta_cos_loss: 0.00000, total_cos_loss : 0.02861, 
epoch  62 summary: dyn_dyn_cos_loss: 0.00000, dyn_sta_cos_loss: 0.00000, total_cos_loss : 0.02861, 
epoch  63 summary: dyn_dyn_cos_loss: 0.00000, dyn_sta_cos_loss: 0.00000, total_cos_loss : 0.02861, 
epoch  64 summary: dyn_dyn_cos_loss: 0.00000, dyn_sta_cos_loss: 0.00000, total_cos_loss : 0.02861, 
epoch  65 summary: dyn_dyn_cos_loss: 0.00000, dyn_sta_cos_loss: 0.00000, total_cos_loss : 0.02861, 
epoch  66 summary: dyn_dyn_cos_loss: 0.00000, dyn_sta_cos_loss: 0.00000, total_cos_loss : 0.02861, 
epoch  67 summary: dyn_dyn_cos_loss: 0.00000, dyn_sta_cos_loss: 0.00000, total_cos_loss : 0.02861, 
epoch  68 summary: dyn_dyn_cos_loss: 0.00000, dyn_sta_cos_loss: 0.00000, total_cos_loss : 0.02861, 
epoch  69 summary: dyn_dyn_cos_loss: 0.00000, dyn_sta_cos_loss: 0.00000, total_cos_loss : 0.02860, 
epoch  70 summary: dyn_dyn_cos_loss: 0.00000, dyn_sta_cos_loss: 0.00000, total_cos_loss : 0.02860, 
valid loss: 3.4713, valid acc: 0.2930
epoch  71 summary: dyn_dyn_cos_loss: 0.00000, dyn_sta_cos_loss: 0.00000, total_cos_loss : 0.02860, 
epoch  72 summary: dyn_dyn_cos_loss: 0.00000, dyn_sta_cos_loss: 0.00000, total_cos_loss : 0.02860, 
epoch  73 summary: dyn_dyn_cos_loss: 0.00000, dyn_sta_cos_loss: 0.00000, total_cos_loss : 0.02860, 
epoch  74 summary: dyn_dyn_cos_loss: 0.00000, dyn_sta_cos_loss: 0.00000, total_cos_loss : 0.02860, 
epoch  75 summary: dyn_dyn_cos_loss: 0.00000, dyn_sta_cos_loss: 0.00000, total_cos_loss : 0.02860, 
epoch  76 summary: dyn_dyn_cos_loss: 0.00000, dyn_sta_cos_loss: 0.00000, total_cos_loss : 0.02860, 
epoch  77 summary: dyn_dyn_cos_loss: 0.00000, dyn_sta_cos_loss: 0.00000, total_cos_loss : 0.02860, 
epoch  78 summary: dyn_dyn_cos_loss: 0.00000, dyn_sta_cos_loss: 0.00000, total_cos_loss : 0.02860, 
epoch  79 summary: dyn_dyn_cos_loss: 0.00000, dyn_sta_cos_loss: 0.00000, total_cos_loss : 0.02860, 
epoch  80 summary: dyn_dyn_cos_loss: 0.00000, dyn_sta_cos_loss: 0.00000, total_cos_loss : 0.02860, 
valid loss: 3.4717, valid acc: 0.2930
epoch  81 summary: dyn_dyn_cos_loss: 0.00000, dyn_sta_cos_loss: 0.00000, total_cos_loss : 0.02860, 
epoch  82 summary: dyn_dyn_cos_loss: 0.00000, dyn_sta_cos_loss: 0.00000, total_cos_loss : 0.02860, 
epoch  83 summary: dyn_dyn_cos_loss: 0.00000, dyn_sta_cos_loss: 0.00000, total_cos_loss : 0.02860, 
epoch  84 summary: dyn_dyn_cos_loss: 0.00000, dyn_sta_cos_loss: 0.00000, total_cos_loss : 0.02860, 
epoch  85 summary: dyn_dyn_cos_loss: 0.00000, dyn_sta_cos_loss: 0.00000, total_cos_loss : 0.02860, 
epoch  86 summary: dyn_dyn_cos_loss: 0.00000, dyn_sta_cos_loss: 0.00000, total_cos_loss : 0.02859, 
epoch  87 summary: dyn_dyn_cos_loss: 0.00000, dyn_sta_cos_loss: 0.00000, total_cos_loss : 0.02859, 
epoch  88 summary: dyn_dyn_cos_loss: 0.00000, dyn_sta_cos_loss: 0.00000, total_cos_loss : 0.02859, 
epoch  89 summary: dyn_dyn_cos_loss: 0.00000, dyn_sta_cos_loss: 0.00000, total_cos_loss : 0.02859, 
epoch  90 summary: dyn_dyn_cos_loss: 0.00000, dyn_sta_cos_loss: 0.00000, total_cos_loss : 0.02859, 
valid loss: 3.4799, valid acc: 0.2930
epoch  91 summary: dyn_dyn_cos_loss: 0.00000, dyn_sta_cos_loss: 0.00000, total_cos_loss : 0.02859, 
epoch  92 summary: dyn_dyn_cos_loss: 0.00000, dyn_sta_cos_loss: 0.00000, total_cos_loss : 0.02859, 
epoch  93 summary: dyn_dyn_cos_loss: 0.00000, dyn_sta_cos_loss: 0.00000, total_cos_loss : 0.02859, 
epoch  94 summary: dyn_dyn_cos_loss: 0.00000, dyn_sta_cos_loss: 0.00000, total_cos_loss : 0.02858, 
epoch  95 summary: dyn_dyn_cos_loss: 0.00000, dyn_sta_cos_loss: 0.00000, total_cos_loss : 0.02858, 
epoch  96 summary: dyn_dyn_cos_loss: 0.00000, dyn_sta_cos_loss: 0.00000, total_cos_loss : 0.02858, 
epoch  97 summary: dyn_dyn_cos_loss: 0.00000, dyn_sta_cos_loss: 0.00000, total_cos_loss : 0.02858, 
epoch  98 summary: dyn_dyn_cos_loss: 0.00000, dyn_sta_cos_loss: 0.00000, total_cos_loss : 0.02858, 
epoch  99 summary: dyn_dyn_cos_loss: 0.00000, dyn_sta_cos_loss: 0.00000, total_cos_loss : 0.02858, 
valid loss: 3.4819, valid acc: 0.2910
all                          24595.609ms
all_epoch                    24587.965ms
all_preparation                  7.623ms
all_preparation_2                6.280ms
all_preparation_3                1.324ms
epoch                          148.808ms
epoch_pos_train                  1.447ms
epoch_preparation                0.354ms
epoch_train                    146.206ms
epoch_valid                      0.303ms
----------------------------------------
all                          24595.609ms
  all_epoch             99.97%
  all_preparation        0.03%
all_preparation                  7.623ms
  all_preparation_2     82.39%
  all_preparation_3     17.37%
epoch                        14880.778ms
  epoch_train           98.25%
  epoch_pos_train        0.97%
  epoch_preparation      0.24%
  epoch_valid            0.20%
