Before CTE Training: train eu loss: 1.0375890731811523, eval eu loss: 1.492782711982727
Before CTE Training: train eu acc: 0.6748046875, eval eu acc: 0.560546875
epoch   0 summary: dyn_dyn_loss   : 0.07839, dyn_sta_loss   : 4.15112, tot_dyn_loss   : 0.73003, sta_sta_loss   : 0.12050, 
train loss: 2.4392, train acc: 0.4746
epoch   1 summary: dyn_dyn_loss   : 0.07699, dyn_sta_loss   : 3.92596, tot_dyn_loss   : 0.69283, sta_sta_loss   : 0.12050, 
epoch   2 summary: dyn_dyn_loss   : 0.07448, dyn_sta_loss   : 3.72124, tot_dyn_loss   : 0.65796, sta_sta_loss   : 0.12050, 
epoch   3 summary: dyn_dyn_loss   : 0.07236, dyn_sta_loss   : 3.54017, tot_dyn_loss   : 0.62721, sta_sta_loss   : 0.12050, 
epoch   4 summary: dyn_dyn_loss   : 0.07132, dyn_sta_loss   : 3.38377, tot_dyn_loss   : 0.60131, sta_sta_loss   : 0.12050, 
epoch   5 summary: dyn_dyn_loss   : 0.07151, dyn_sta_loss   : 3.24655, tot_dyn_loss   : 0.57952, sta_sta_loss   : 0.12050, 
epoch   6 summary: dyn_dyn_loss   : 0.07320, dyn_sta_loss   : 3.13155, tot_dyn_loss   : 0.56254, sta_sta_loss   : 0.12050, 
epoch   7 summary: dyn_dyn_loss   : 0.07613, dyn_sta_loss   : 3.02494, tot_dyn_loss   : 0.54794, sta_sta_loss   : 0.12050, 
epoch   8 summary: dyn_dyn_loss   : 0.08035, dyn_sta_loss   : 2.93328, tot_dyn_loss   : 0.53682, sta_sta_loss   : 0.12050, 
epoch   9 summary: dyn_dyn_loss   : 0.08547, dyn_sta_loss   : 2.86503, tot_dyn_loss   : 0.53020, sta_sta_loss   : 0.12050, 
epoch  10 summary: dyn_dyn_loss   : 0.09134, dyn_sta_loss   : 2.79937, tot_dyn_loss   : 0.52463, sta_sta_loss   : 0.12050, 
train loss: 0.0001, train acc: 1.0000
epoch  11 summary: dyn_dyn_loss   : 0.09723, dyn_sta_loss   : 2.75370, tot_dyn_loss   : 0.52226, sta_sta_loss   : 0.12050, 
epoch  12 summary: dyn_dyn_loss   : 0.10210, dyn_sta_loss   : 2.71051, tot_dyn_loss   : 0.51944, sta_sta_loss   : 0.12050, 
epoch  13 summary: dyn_dyn_loss   : 0.10602, dyn_sta_loss   : 2.68557, tot_dyn_loss   : 0.51875, sta_sta_loss   : 0.12050, 
epoch  14 summary: dyn_dyn_loss   : 0.11009, dyn_sta_loss   : 2.65423, tot_dyn_loss   : 0.51715, sta_sta_loss   : 0.12050, 
epoch  15 summary: dyn_dyn_loss   : 0.11261, dyn_sta_loss   : 2.63286, tot_dyn_loss   : 0.51585, sta_sta_loss   : 0.12050, 
epoch  16 summary: dyn_dyn_loss   : 0.11496, dyn_sta_loss   : 2.60839, tot_dyn_loss   : 0.51391, sta_sta_loss   : 0.12050, 
epoch  17 summary: dyn_dyn_loss   : 0.11788, dyn_sta_loss   : 2.59608, tot_dyn_loss   : 0.51439, sta_sta_loss   : 0.12050, 
epoch  18 summary: dyn_dyn_loss   : 0.11946, dyn_sta_loss   : 2.58239, tot_dyn_loss   : 0.51353, sta_sta_loss   : 0.12050, 
epoch  19 summary: dyn_dyn_loss   : 0.12049, dyn_sta_loss   : 2.59163, tot_dyn_loss   : 0.51587, sta_sta_loss   : 0.12050, 
epoch  20 summary: dyn_dyn_loss   : 0.12051, dyn_sta_loss   : 2.57545, tot_dyn_loss   : 0.51330, sta_sta_loss   : 0.12050, 
train loss: 0.0000, train acc: 1.0000
epoch  21 summary: dyn_dyn_loss   : 0.12141, dyn_sta_loss   : 2.57057, tot_dyn_loss   : 0.51328, sta_sta_loss   : 0.12050, 
epoch  22 summary: dyn_dyn_loss   : 0.12235, dyn_sta_loss   : 2.55925, tot_dyn_loss   : 0.51225, sta_sta_loss   : 0.12050, 
epoch  23 summary: dyn_dyn_loss   : 0.12283, dyn_sta_loss   : 2.57705, tot_dyn_loss   : 0.51550, sta_sta_loss   : 0.12050, 
epoch  24 summary: dyn_dyn_loss   : 0.12230, dyn_sta_loss   : 2.56566, tot_dyn_loss   : 0.51324, sta_sta_loss   : 0.12050, 
epoch  25 summary: dyn_dyn_loss   : 0.12252, dyn_sta_loss   : 2.56323, tot_dyn_loss   : 0.51303, sta_sta_loss   : 0.12050, 
epoch  26 summary: dyn_dyn_loss   : 0.12294, dyn_sta_loss   : 2.55970, tot_dyn_loss   : 0.51282, sta_sta_loss   : 0.12050, 
epoch  27 summary: dyn_dyn_loss   : 0.12257, dyn_sta_loss   : 2.56505, tot_dyn_loss   : 0.51337, sta_sta_loss   : 0.12050, 
epoch  28 summary: dyn_dyn_loss   : 0.12270, dyn_sta_loss   : 2.55824, tot_dyn_loss   : 0.51239, sta_sta_loss   : 0.12050, 
epoch  29 summary: dyn_dyn_loss   : 0.12308, dyn_sta_loss   : 2.55463, tot_dyn_loss   : 0.51213, sta_sta_loss   : 0.12050, 
epoch  30 summary: dyn_dyn_loss   : 0.12290, dyn_sta_loss   : 2.56110, tot_dyn_loss   : 0.51301, sta_sta_loss   : 0.12050, 
train loss: 0.0000, train acc: 1.0000
epoch  31 summary: dyn_dyn_loss   : 0.12263, dyn_sta_loss   : 2.56978, tot_dyn_loss   : 0.51417, sta_sta_loss   : 0.12050, 
epoch  32 summary: dyn_dyn_loss   : 0.12245, dyn_sta_loss   : 2.55858, tot_dyn_loss   : 0.51223, sta_sta_loss   : 0.12050, 
epoch  33 summary: dyn_dyn_loss   : 0.12270, dyn_sta_loss   : 2.56316, tot_dyn_loss   : 0.51317, sta_sta_loss   : 0.12050, 
epoch  34 summary: dyn_dyn_loss   : 0.12231, dyn_sta_loss   : 2.55769, tot_dyn_loss   : 0.51197, sta_sta_loss   : 0.12050, 
epoch  35 summary: dyn_dyn_loss   : 0.12242, dyn_sta_loss   : 2.55279, tot_dyn_loss   : 0.51128, sta_sta_loss   : 0.12050, 
epoch  36 summary: dyn_dyn_loss   : 0.12276, dyn_sta_loss   : 2.55080, tot_dyn_loss   : 0.51125, sta_sta_loss   : 0.12050, 
epoch  37 summary: dyn_dyn_loss   : 0.12304, dyn_sta_loss   : 2.56707, tot_dyn_loss   : 0.51408, sta_sta_loss   : 0.12050, 
epoch  38 summary: dyn_dyn_loss   : 0.12247, dyn_sta_loss   : 2.55962, tot_dyn_loss   : 0.51241, sta_sta_loss   : 0.12050, 
epoch  39 summary: dyn_dyn_loss   : 0.12269, dyn_sta_loss   : 2.55930, tot_dyn_loss   : 0.51255, sta_sta_loss   : 0.12050, 
epoch  40 summary: dyn_dyn_loss   : 0.12240, dyn_sta_loss   : 2.55673, tot_dyn_loss   : 0.51189, sta_sta_loss   : 0.12050, 
train loss: 0.0000, train acc: 1.0000
epoch  41 summary: dyn_dyn_loss   : 0.12225, dyn_sta_loss   : 2.55413, tot_dyn_loss   : 0.51135, sta_sta_loss   : 0.12050, 
epoch  42 summary: dyn_dyn_loss   : 0.12227, dyn_sta_loss   : 2.57347, tot_dyn_loss   : 0.51447, sta_sta_loss   : 0.12050, 
epoch  43 summary: dyn_dyn_loss   : 0.12143, dyn_sta_loss   : 2.57373, tot_dyn_loss   : 0.51380, sta_sta_loss   : 0.12050, 
epoch  44 summary: dyn_dyn_loss   : 0.12127, dyn_sta_loss   : 2.56979, tot_dyn_loss   : 0.51303, sta_sta_loss   : 0.12050, 
epoch  45 summary: dyn_dyn_loss   : 0.12115, dyn_sta_loss   : 2.56803, tot_dyn_loss   : 0.51265, sta_sta_loss   : 0.12050, 
epoch  46 summary: dyn_dyn_loss   : 0.12163, dyn_sta_loss   : 2.56548, tot_dyn_loss   : 0.51265, sta_sta_loss   : 0.12050, 
epoch  47 summary: dyn_dyn_loss   : 0.12160, dyn_sta_loss   : 2.56860, tot_dyn_loss   : 0.51312, sta_sta_loss   : 0.12050, 
epoch  48 summary: dyn_dyn_loss   : 0.12141, dyn_sta_loss   : 2.56778, tot_dyn_loss   : 0.51283, sta_sta_loss   : 0.12050, 
epoch  49 summary: dyn_dyn_loss   : 0.12108, dyn_sta_loss   : 2.57066, tot_dyn_loss   : 0.51301, sta_sta_loss   : 0.12050, 
epoch  50 summary: dyn_dyn_loss   : 0.12118, dyn_sta_loss   : 2.56528, tot_dyn_loss   : 0.51224, sta_sta_loss   : 0.12050, 
train loss: 0.0000, train acc: 1.0000
epoch  51 summary: dyn_dyn_loss   : 0.12173, dyn_sta_loss   : 2.55949, tot_dyn_loss   : 0.51177, sta_sta_loss   : 0.12050, 
epoch  52 summary: dyn_dyn_loss   : 0.12177, dyn_sta_loss   : 2.56932, tot_dyn_loss   : 0.51338, sta_sta_loss   : 0.12050, 
epoch  53 summary: dyn_dyn_loss   : 0.12160, dyn_sta_loss   : 2.56388, tot_dyn_loss   : 0.51236, sta_sta_loss   : 0.12050, 
epoch  54 summary: dyn_dyn_loss   : 0.12141, dyn_sta_loss   : 2.55508, tot_dyn_loss   : 0.51080, sta_sta_loss   : 0.12050, 
epoch  55 summary: dyn_dyn_loss   : 0.12201, dyn_sta_loss   : 2.55082, tot_dyn_loss   : 0.51062, sta_sta_loss   : 0.12050, 
epoch  56 summary: dyn_dyn_loss   : 0.12233, dyn_sta_loss   : 2.55898, tot_dyn_loss   : 0.51219, sta_sta_loss   : 0.12050, 
epoch  57 summary: dyn_dyn_loss   : 0.12204, dyn_sta_loss   : 2.55574, tot_dyn_loss   : 0.51143, sta_sta_loss   : 0.12050, 
epoch  58 summary: dyn_dyn_loss   : 0.12156, dyn_sta_loss   : 2.56663, tot_dyn_loss   : 0.51277, sta_sta_loss   : 0.12050, 
epoch  59 summary: dyn_dyn_loss   : 0.12094, dyn_sta_loss   : 2.56770, tot_dyn_loss   : 0.51242, sta_sta_loss   : 0.12050, 
epoch  60 summary: dyn_dyn_loss   : 0.12061, dyn_sta_loss   : 2.56721, tot_dyn_loss   : 0.51207, sta_sta_loss   : 0.12050, 
train loss: 0.0000, train acc: 1.0000
epoch  61 summary: dyn_dyn_loss   : 0.12071, dyn_sta_loss   : 2.56113, tot_dyn_loss   : 0.51118, sta_sta_loss   : 0.12050, 
epoch  62 summary: dyn_dyn_loss   : 0.12092, dyn_sta_loss   : 2.56793, tot_dyn_loss   : 0.51244, sta_sta_loss   : 0.12050, 
epoch  63 summary: dyn_dyn_loss   : 0.12049, dyn_sta_loss   : 2.56828, tot_dyn_loss   : 0.51213, sta_sta_loss   : 0.12050, 
epoch  64 summary: dyn_dyn_loss   : 0.12053, dyn_sta_loss   : 2.55895, tot_dyn_loss   : 0.51067, sta_sta_loss   : 0.12050, 
epoch  65 summary: dyn_dyn_loss   : 0.12089, dyn_sta_loss   : 2.55950, tot_dyn_loss   : 0.51107, sta_sta_loss   : 0.12050, 
epoch  66 summary: dyn_dyn_loss   : 0.12106, dyn_sta_loss   : 2.56032, tot_dyn_loss   : 0.51135, sta_sta_loss   : 0.12050, 
epoch  67 summary: dyn_dyn_loss   : 0.12120, dyn_sta_loss   : 2.55630, tot_dyn_loss   : 0.51081, sta_sta_loss   : 0.12050, 
epoch  68 summary: dyn_dyn_loss   : 0.12064, dyn_sta_loss   : 2.56153, tot_dyn_loss   : 0.51118, sta_sta_loss   : 0.12050, 
epoch  69 summary: dyn_dyn_loss   : 0.12065, dyn_sta_loss   : 2.57568, tot_dyn_loss   : 0.51346, sta_sta_loss   : 0.12050, 
epoch  70 summary: dyn_dyn_loss   : 0.11948, dyn_sta_loss   : 2.56146, tot_dyn_loss   : 0.51020, sta_sta_loss   : 0.12050, 
train loss: 0.0000, train acc: 1.0000
epoch  71 summary: dyn_dyn_loss   : 0.12000, dyn_sta_loss   : 2.56983, tot_dyn_loss   : 0.51197, sta_sta_loss   : 0.12050, 
epoch  72 summary: dyn_dyn_loss   : 0.11982, dyn_sta_loss   : 2.57371, tot_dyn_loss   : 0.51244, sta_sta_loss   : 0.12050, 
epoch  73 summary: dyn_dyn_loss   : 0.11974, dyn_sta_loss   : 2.57087, tot_dyn_loss   : 0.51192, sta_sta_loss   : 0.12050, 
epoch  74 summary: dyn_dyn_loss   : 0.11981, dyn_sta_loss   : 2.57693, tot_dyn_loss   : 0.51295, sta_sta_loss   : 0.12050, 
epoch  75 summary: dyn_dyn_loss   : 0.11938, dyn_sta_loss   : 2.56957, tot_dyn_loss   : 0.51141, sta_sta_loss   : 0.12050, 
epoch  76 summary: dyn_dyn_loss   : 0.11952, dyn_sta_loss   : 2.55992, tot_dyn_loss   : 0.50998, sta_sta_loss   : 0.12050, 
epoch  77 summary: dyn_dyn_loss   : 0.12003, dyn_sta_loss   : 2.56051, tot_dyn_loss   : 0.51050, sta_sta_loss   : 0.12050, 
epoch  78 summary: dyn_dyn_loss   : 0.12023, dyn_sta_loss   : 2.56020, tot_dyn_loss   : 0.51063, sta_sta_loss   : 0.12050, 
epoch  79 summary: dyn_dyn_loss   : 0.11992, dyn_sta_loss   : 2.55774, tot_dyn_loss   : 0.50998, sta_sta_loss   : 0.12050, 
epoch  80 summary: dyn_dyn_loss   : 0.12044, dyn_sta_loss   : 2.55916, tot_dyn_loss   : 0.51064, sta_sta_loss   : 0.12050, 
train loss: 0.0000, train acc: 1.0000
epoch  81 summary: dyn_dyn_loss   : 0.12026, dyn_sta_loss   : 2.56185, tot_dyn_loss   : 0.51091, sta_sta_loss   : 0.12050, 
epoch  82 summary: dyn_dyn_loss   : 0.12017, dyn_sta_loss   : 2.57840, tot_dyn_loss   : 0.51348, sta_sta_loss   : 0.12050, 
epoch  83 summary: dyn_dyn_loss   : 0.11930, dyn_sta_loss   : 2.56852, tot_dyn_loss   : 0.51117, sta_sta_loss   : 0.12050, 
epoch  84 summary: dyn_dyn_loss   : 0.11927, dyn_sta_loss   : 2.57347, tot_dyn_loss   : 0.51194, sta_sta_loss   : 0.12050, 
epoch  85 summary: dyn_dyn_loss   : 0.11912, dyn_sta_loss   : 2.57763, tot_dyn_loss   : 0.51249, sta_sta_loss   : 0.12050, 
epoch  86 summary: dyn_dyn_loss   : 0.11869, dyn_sta_loss   : 2.57098, tot_dyn_loss   : 0.51105, sta_sta_loss   : 0.12050, 
epoch  87 summary: dyn_dyn_loss   : 0.11891, dyn_sta_loss   : 2.57136, tot_dyn_loss   : 0.51130, sta_sta_loss   : 0.12050, 
epoch  88 summary: dyn_dyn_loss   : 0.11878, dyn_sta_loss   : 2.57108, tot_dyn_loss   : 0.51115, sta_sta_loss   : 0.12050, 
epoch  89 summary: dyn_dyn_loss   : 0.11882, dyn_sta_loss   : 2.57334, tot_dyn_loss   : 0.51154, sta_sta_loss   : 0.12050, 
epoch  90 summary: dyn_dyn_loss   : 0.11877, dyn_sta_loss   : 2.57248, tot_dyn_loss   : 0.51137, sta_sta_loss   : 0.12050, 
train loss: 0.0000, train acc: 1.0000
epoch  91 summary: dyn_dyn_loss   : 0.11909, dyn_sta_loss   : 2.57050, tot_dyn_loss   : 0.51132, sta_sta_loss   : 0.12050, 
epoch  92 summary: dyn_dyn_loss   : 0.11920, dyn_sta_loss   : 2.57514, tot_dyn_loss   : 0.51215, sta_sta_loss   : 0.12050, 
epoch  93 summary: dyn_dyn_loss   : 0.11890, dyn_sta_loss   : 2.57758, tot_dyn_loss   : 0.51229, sta_sta_loss   : 0.12050, 
epoch  94 summary: dyn_dyn_loss   : 0.11874, dyn_sta_loss   : 2.56904, tot_dyn_loss   : 0.51079, sta_sta_loss   : 0.12050, 
epoch  95 summary: dyn_dyn_loss   : 0.11923, dyn_sta_loss   : 2.56505, tot_dyn_loss   : 0.51056, sta_sta_loss   : 0.12050, 
epoch  96 summary: dyn_dyn_loss   : 0.11941, dyn_sta_loss   : 2.57134, tot_dyn_loss   : 0.51172, sta_sta_loss   : 0.12050, 
epoch  97 summary: dyn_dyn_loss   : 0.11928, dyn_sta_loss   : 2.56385, tot_dyn_loss   : 0.51041, sta_sta_loss   : 0.12050, 
epoch  98 summary: dyn_dyn_loss   : 0.11979, dyn_sta_loss   : 2.55987, tot_dyn_loss   : 0.51020, sta_sta_loss   : 0.12050, 
epoch  99 summary: dyn_dyn_loss   : 0.12004, dyn_sta_loss   : 2.55645, tot_dyn_loss   : 0.50986, sta_sta_loss   : 0.12050, 
train loss: 0.0000, train acc: 1.0000
all                          67112.187ms
all_epoch                    66735.498ms
all_preparation                376.645ms
all_preparation_2              375.108ms
all_preparation_3                1.494ms
epoch                          506.156ms
epoch_pos_train                  1.179ms
epoch_preparation                3.928ms
epoch_train                    499.900ms
epoch_valid                      0.713ms
----------------------------------------
all                          67112.187ms
  all_epoch             99.44%
  all_preparation        0.56%
all_preparation                376.645ms
  all_preparation_2     99.59%
  all_preparation_3      0.40%
epoch                        50615.612ms
  epoch_train           98.76%
  epoch_preparation      0.78%
  epoch_pos_train        0.23%
  epoch_valid            0.14%
epoch   0 summary: dyn_dyn_cos_loss: 0.00000, dyn_sta_cos_loss: 0.00000, total_cos_loss : 0.07420, 
valid loss: 3.8062, valid acc: 0.1680
epoch   1 summary: dyn_dyn_cos_loss: 0.00000, dyn_sta_cos_loss: 0.00000, total_cos_loss : 0.06483, 
epoch   2 summary: dyn_dyn_cos_loss: 0.00000, dyn_sta_cos_loss: 0.00000, total_cos_loss : 0.05887, 
epoch   3 summary: dyn_dyn_cos_loss: 0.00000, dyn_sta_cos_loss: 0.00000, total_cos_loss : 0.05469, 
epoch   4 summary: dyn_dyn_cos_loss: 0.00000, dyn_sta_cos_loss: 0.00000, total_cos_loss : 0.05180, 
epoch   5 summary: dyn_dyn_cos_loss: 0.00000, dyn_sta_cos_loss: 0.00000, total_cos_loss : 0.04957, 
epoch   6 summary: dyn_dyn_cos_loss: 0.00000, dyn_sta_cos_loss: 0.00000, total_cos_loss : 0.04794, 
epoch   7 summary: dyn_dyn_cos_loss: 0.00000, dyn_sta_cos_loss: 0.00000, total_cos_loss : 0.04673, 
epoch   8 summary: dyn_dyn_cos_loss: 0.00000, dyn_sta_cos_loss: 0.00000, total_cos_loss : 0.04575, 
epoch   9 summary: dyn_dyn_cos_loss: 0.00000, dyn_sta_cos_loss: 0.00000, total_cos_loss : 0.04500, 
epoch  10 summary: dyn_dyn_cos_loss: 0.00000, dyn_sta_cos_loss: 0.00000, total_cos_loss : 0.04441, 
valid loss: 2.3405, valid acc: 0.4727
epoch  11 summary: dyn_dyn_cos_loss: 0.00000, dyn_sta_cos_loss: 0.00000, total_cos_loss : 0.04398, 
epoch  12 summary: dyn_dyn_cos_loss: 0.00000, dyn_sta_cos_loss: 0.00000, total_cos_loss : 0.04357, 
epoch  13 summary: dyn_dyn_cos_loss: 0.00000, dyn_sta_cos_loss: 0.00000, total_cos_loss : 0.04320, 
epoch  14 summary: dyn_dyn_cos_loss: 0.00000, dyn_sta_cos_loss: 0.00000, total_cos_loss : 0.04292, 
epoch  15 summary: dyn_dyn_cos_loss: 0.00000, dyn_sta_cos_loss: 0.00000, total_cos_loss : 0.04266, 
epoch  16 summary: dyn_dyn_cos_loss: 0.00000, dyn_sta_cos_loss: 0.00000, total_cos_loss : 0.04249, 
epoch  17 summary: dyn_dyn_cos_loss: 0.00000, dyn_sta_cos_loss: 0.00000, total_cos_loss : 0.04232, 
epoch  18 summary: dyn_dyn_cos_loss: 0.00000, dyn_sta_cos_loss: 0.00000, total_cos_loss : 0.04217, 
epoch  19 summary: dyn_dyn_cos_loss: 0.00000, dyn_sta_cos_loss: 0.00000, total_cos_loss : 0.04205, 
epoch  20 summary: dyn_dyn_cos_loss: 0.00000, dyn_sta_cos_loss: 0.00000, total_cos_loss : 0.04195, 
valid loss: 2.2623, valid acc: 0.4805
epoch  21 summary: dyn_dyn_cos_loss: 0.00000, dyn_sta_cos_loss: 0.00000, total_cos_loss : 0.04188, 
epoch  22 summary: dyn_dyn_cos_loss: 0.00000, dyn_sta_cos_loss: 0.00000, total_cos_loss : 0.04182, 
epoch  23 summary: dyn_dyn_cos_loss: 0.00000, dyn_sta_cos_loss: 0.00000, total_cos_loss : 0.04177, 
epoch  24 summary: dyn_dyn_cos_loss: 0.00000, dyn_sta_cos_loss: 0.00000, total_cos_loss : 0.04171, 
epoch  25 summary: dyn_dyn_cos_loss: 0.00000, dyn_sta_cos_loss: 0.00000, total_cos_loss : 0.04167, 
epoch  26 summary: dyn_dyn_cos_loss: 0.00000, dyn_sta_cos_loss: 0.00000, total_cos_loss : 0.04164, 
epoch  27 summary: dyn_dyn_cos_loss: 0.00000, dyn_sta_cos_loss: 0.00000, total_cos_loss : 0.04161, 
epoch  28 summary: dyn_dyn_cos_loss: 0.00000, dyn_sta_cos_loss: 0.00000, total_cos_loss : 0.04158, 
epoch  29 summary: dyn_dyn_cos_loss: 0.00000, dyn_sta_cos_loss: 0.00000, total_cos_loss : 0.04155, 
epoch  30 summary: dyn_dyn_cos_loss: 0.00000, dyn_sta_cos_loss: 0.00000, total_cos_loss : 0.04153, 
valid loss: 2.3056, valid acc: 0.4648
epoch  31 summary: dyn_dyn_cos_loss: 0.00000, dyn_sta_cos_loss: 0.00000, total_cos_loss : 0.04152, 
epoch  32 summary: dyn_dyn_cos_loss: 0.00000, dyn_sta_cos_loss: 0.00000, total_cos_loss : 0.04150, 
epoch  33 summary: dyn_dyn_cos_loss: 0.00000, dyn_sta_cos_loss: 0.00000, total_cos_loss : 0.04148, 
epoch  34 summary: dyn_dyn_cos_loss: 0.00000, dyn_sta_cos_loss: 0.00000, total_cos_loss : 0.04146, 
epoch  35 summary: dyn_dyn_cos_loss: 0.00000, dyn_sta_cos_loss: 0.00000, total_cos_loss : 0.04144, 
epoch  36 summary: dyn_dyn_cos_loss: 0.00000, dyn_sta_cos_loss: 0.00000, total_cos_loss : 0.04144, 
epoch  37 summary: dyn_dyn_cos_loss: 0.00000, dyn_sta_cos_loss: 0.00000, total_cos_loss : 0.04143, 
epoch  38 summary: dyn_dyn_cos_loss: 0.00000, dyn_sta_cos_loss: 0.00000, total_cos_loss : 0.04142, 
epoch  39 summary: dyn_dyn_cos_loss: 0.00000, dyn_sta_cos_loss: 0.00000, total_cos_loss : 0.04141, 
epoch  40 summary: dyn_dyn_cos_loss: 0.00000, dyn_sta_cos_loss: 0.00000, total_cos_loss : 0.04140, 
valid loss: 2.2803, valid acc: 0.4609
epoch  41 summary: dyn_dyn_cos_loss: 0.00000, dyn_sta_cos_loss: 0.00000, total_cos_loss : 0.04139, 
epoch  42 summary: dyn_dyn_cos_loss: 0.00000, dyn_sta_cos_loss: 0.00000, total_cos_loss : 0.04138, 
epoch  43 summary: dyn_dyn_cos_loss: 0.00000, dyn_sta_cos_loss: 0.00000, total_cos_loss : 0.04138, 
epoch  44 summary: dyn_dyn_cos_loss: 0.00000, dyn_sta_cos_loss: 0.00000, total_cos_loss : 0.04137, 
epoch  45 summary: dyn_dyn_cos_loss: 0.00000, dyn_sta_cos_loss: 0.00000, total_cos_loss : 0.04137, 
epoch  46 summary: dyn_dyn_cos_loss: 0.00000, dyn_sta_cos_loss: 0.00000, total_cos_loss : 0.04136, 
epoch  47 summary: dyn_dyn_cos_loss: 0.00000, dyn_sta_cos_loss: 0.00000, total_cos_loss : 0.04136, 
epoch  48 summary: dyn_dyn_cos_loss: 0.00000, dyn_sta_cos_loss: 0.00000, total_cos_loss : 0.04135, 
epoch  49 summary: dyn_dyn_cos_loss: 0.00000, dyn_sta_cos_loss: 0.00000, total_cos_loss : 0.04134, 
epoch  50 summary: dyn_dyn_cos_loss: 0.00000, dyn_sta_cos_loss: 0.00000, total_cos_loss : 0.04134, 
valid loss: 2.2765, valid acc: 0.4648
epoch  51 summary: dyn_dyn_cos_loss: 0.00000, dyn_sta_cos_loss: 0.00000, total_cos_loss : 0.04133, 
epoch  52 summary: dyn_dyn_cos_loss: 0.00000, dyn_sta_cos_loss: 0.00000, total_cos_loss : 0.04132, 
epoch  53 summary: dyn_dyn_cos_loss: 0.00000, dyn_sta_cos_loss: 0.00000, total_cos_loss : 0.04132, 
epoch  54 summary: dyn_dyn_cos_loss: 0.00000, dyn_sta_cos_loss: 0.00000, total_cos_loss : 0.04131, 
epoch  55 summary: dyn_dyn_cos_loss: 0.00000, dyn_sta_cos_loss: 0.00000, total_cos_loss : 0.04131, 
epoch  56 summary: dyn_dyn_cos_loss: 0.00000, dyn_sta_cos_loss: 0.00000, total_cos_loss : 0.04130, 
epoch  57 summary: dyn_dyn_cos_loss: 0.00000, dyn_sta_cos_loss: 0.00000, total_cos_loss : 0.04130, 
epoch  58 summary: dyn_dyn_cos_loss: 0.00000, dyn_sta_cos_loss: 0.00000, total_cos_loss : 0.04130, 
epoch  59 summary: dyn_dyn_cos_loss: 0.00000, dyn_sta_cos_loss: 0.00000, total_cos_loss : 0.04130, 
epoch  60 summary: dyn_dyn_cos_loss: 0.00000, dyn_sta_cos_loss: 0.00000, total_cos_loss : 0.04129, 
valid loss: 2.2697, valid acc: 0.4668
epoch  61 summary: dyn_dyn_cos_loss: 0.00000, dyn_sta_cos_loss: 0.00000, total_cos_loss : 0.04129, 
epoch  62 summary: dyn_dyn_cos_loss: 0.00000, dyn_sta_cos_loss: 0.00000, total_cos_loss : 0.04129, 
epoch  63 summary: dyn_dyn_cos_loss: 0.00000, dyn_sta_cos_loss: 0.00000, total_cos_loss : 0.04129, 
epoch  64 summary: dyn_dyn_cos_loss: 0.00000, dyn_sta_cos_loss: 0.00000, total_cos_loss : 0.04128, 
epoch  65 summary: dyn_dyn_cos_loss: 0.00000, dyn_sta_cos_loss: 0.00000, total_cos_loss : 0.04128, 
epoch  66 summary: dyn_dyn_cos_loss: 0.00000, dyn_sta_cos_loss: 0.00000, total_cos_loss : 0.04128, 
epoch  67 summary: dyn_dyn_cos_loss: 0.00000, dyn_sta_cos_loss: 0.00000, total_cos_loss : 0.04128, 
epoch  68 summary: dyn_dyn_cos_loss: 0.00000, dyn_sta_cos_loss: 0.00000, total_cos_loss : 0.04127, 
epoch  69 summary: dyn_dyn_cos_loss: 0.00000, dyn_sta_cos_loss: 0.00000, total_cos_loss : 0.04127, 
epoch  70 summary: dyn_dyn_cos_loss: 0.00000, dyn_sta_cos_loss: 0.00000, total_cos_loss : 0.04127, 
valid loss: 2.2775, valid acc: 0.4668
epoch  71 summary: dyn_dyn_cos_loss: 0.00000, dyn_sta_cos_loss: 0.00000, total_cos_loss : 0.04127, 
epoch  72 summary: dyn_dyn_cos_loss: 0.00000, dyn_sta_cos_loss: 0.00000, total_cos_loss : 0.04127, 
epoch  73 summary: dyn_dyn_cos_loss: 0.00000, dyn_sta_cos_loss: 0.00000, total_cos_loss : 0.04127, 
epoch  74 summary: dyn_dyn_cos_loss: 0.00000, dyn_sta_cos_loss: 0.00000, total_cos_loss : 0.04127, 
epoch  75 summary: dyn_dyn_cos_loss: 0.00000, dyn_sta_cos_loss: 0.00000, total_cos_loss : 0.04127, 
epoch  76 summary: dyn_dyn_cos_loss: 0.00000, dyn_sta_cos_loss: 0.00000, total_cos_loss : 0.04127, 
epoch  77 summary: dyn_dyn_cos_loss: 0.00000, dyn_sta_cos_loss: 0.00000, total_cos_loss : 0.04127, 
epoch  78 summary: dyn_dyn_cos_loss: 0.00000, dyn_sta_cos_loss: 0.00000, total_cos_loss : 0.04126, 
epoch  79 summary: dyn_dyn_cos_loss: 0.00000, dyn_sta_cos_loss: 0.00000, total_cos_loss : 0.04126, 
epoch  80 summary: dyn_dyn_cos_loss: 0.00000, dyn_sta_cos_loss: 0.00000, total_cos_loss : 0.04126, 
valid loss: 2.2800, valid acc: 0.4668
epoch  81 summary: dyn_dyn_cos_loss: 0.00000, dyn_sta_cos_loss: 0.00000, total_cos_loss : 0.04126, 
epoch  82 summary: dyn_dyn_cos_loss: 0.00000, dyn_sta_cos_loss: 0.00000, total_cos_loss : 0.04126, 
epoch  83 summary: dyn_dyn_cos_loss: 0.00000, dyn_sta_cos_loss: 0.00000, total_cos_loss : 0.04126, 
epoch  84 summary: dyn_dyn_cos_loss: 0.00000, dyn_sta_cos_loss: 0.00000, total_cos_loss : 0.04126, 
epoch  85 summary: dyn_dyn_cos_loss: 0.00000, dyn_sta_cos_loss: 0.00000, total_cos_loss : 0.04126, 
epoch  86 summary: dyn_dyn_cos_loss: 0.00000, dyn_sta_cos_loss: 0.00000, total_cos_loss : 0.04125, 
epoch  87 summary: dyn_dyn_cos_loss: 0.00000, dyn_sta_cos_loss: 0.00000, total_cos_loss : 0.04125, 
epoch  88 summary: dyn_dyn_cos_loss: 0.00000, dyn_sta_cos_loss: 0.00000, total_cos_loss : 0.04125, 
epoch  89 summary: dyn_dyn_cos_loss: 0.00000, dyn_sta_cos_loss: 0.00000, total_cos_loss : 0.04125, 
epoch  90 summary: dyn_dyn_cos_loss: 0.00000, dyn_sta_cos_loss: 0.00000, total_cos_loss : 0.04125, 
valid loss: 2.2827, valid acc: 0.4668
epoch  91 summary: dyn_dyn_cos_loss: 0.00000, dyn_sta_cos_loss: 0.00000, total_cos_loss : 0.04125, 
epoch  92 summary: dyn_dyn_cos_loss: 0.00000, dyn_sta_cos_loss: 0.00000, total_cos_loss : 0.04125, 
epoch  93 summary: dyn_dyn_cos_loss: 0.00000, dyn_sta_cos_loss: 0.00000, total_cos_loss : 0.04125, 
epoch  94 summary: dyn_dyn_cos_loss: 0.00000, dyn_sta_cos_loss: 0.00000, total_cos_loss : 0.04125, 
epoch  95 summary: dyn_dyn_cos_loss: 0.00000, dyn_sta_cos_loss: 0.00000, total_cos_loss : 0.04125, 
epoch  96 summary: dyn_dyn_cos_loss: 0.00000, dyn_sta_cos_loss: 0.00000, total_cos_loss : 0.04125, 
epoch  97 summary: dyn_dyn_cos_loss: 0.00000, dyn_sta_cos_loss: 0.00000, total_cos_loss : 0.04125, 
epoch  98 summary: dyn_dyn_cos_loss: 0.00000, dyn_sta_cos_loss: 0.00000, total_cos_loss : 0.04125, 
epoch  99 summary: dyn_dyn_cos_loss: 0.00000, dyn_sta_cos_loss: 0.00000, total_cos_loss : 0.04124, 
valid loss: 2.2745, valid acc: 0.4727
all                          31174.002ms
all_epoch                    31166.633ms
all_preparation                  7.347ms
all_preparation_2                6.105ms
all_preparation_3                1.221ms
epoch                          216.568ms
epoch_pos_train                  1.277ms
epoch_preparation                0.283ms
epoch_train                    214.333ms
epoch_valid                      0.240ms
----------------------------------------
all                          31174.002ms
  all_epoch             99.98%
  all_preparation        0.02%
all_preparation                  7.347ms
  all_preparation_2     83.09%
  all_preparation_3     16.63%
epoch                        21656.844ms
  epoch_train           98.97%
  epoch_pos_train        0.59%
  epoch_preparation      0.13%
  epoch_valid            0.11%
