Before CTE Training: train eu loss: 1.0375890731811523, eval eu loss: 1.492782711982727
Before CTE Training: train eu acc: 0.6748046875, eval eu acc: 0.560546875
epoch   0 summary: dyn_dyn_loss   : 0.02117, dyn_sta_loss   : 3.94844, tot_dyn_loss   : 0.72808, sta_sta_loss   : 0.02002, 
train loss: 0.2406, train acc: 0.9434
epoch   1 summary: dyn_dyn_loss   : 0.01844, dyn_sta_loss   : 3.57069, tot_dyn_loss   : 0.65784, sta_sta_loss   : 0.02002, 
epoch   2 summary: dyn_dyn_loss   : 0.02456, dyn_sta_loss   : 3.38531, tot_dyn_loss   : 0.62949, sta_sta_loss   : 0.02002, 
epoch   3 summary: dyn_dyn_loss   : 0.02832, dyn_sta_loss   : 3.35859, tot_dyn_loss   : 0.62777, sta_sta_loss   : 0.02002, 
epoch   4 summary: dyn_dyn_loss   : 0.02880, dyn_sta_loss   : 3.35929, tot_dyn_loss   : 0.62829, sta_sta_loss   : 0.02002, 
epoch   5 summary: dyn_dyn_loss   : 0.02887, dyn_sta_loss   : 3.35900, tot_dyn_loss   : 0.62830, sta_sta_loss   : 0.02002, 
epoch   6 summary: dyn_dyn_loss   : 0.02883, dyn_sta_loss   : 3.35947, tot_dyn_loss   : 0.62835, sta_sta_loss   : 0.02002, 
epoch   7 summary: dyn_dyn_loss   : 0.02888, dyn_sta_loss   : 3.35907, tot_dyn_loss   : 0.62832, sta_sta_loss   : 0.02002, 
epoch   8 summary: dyn_dyn_loss   : 0.02883, dyn_sta_loss   : 3.35943, tot_dyn_loss   : 0.62834, sta_sta_loss   : 0.02002, 
epoch   9 summary: dyn_dyn_loss   : 0.02888, dyn_sta_loss   : 3.35909, tot_dyn_loss   : 0.62832, sta_sta_loss   : 0.02002, 
epoch  10 summary: dyn_dyn_loss   : 0.02883, dyn_sta_loss   : 3.35943, tot_dyn_loss   : 0.62834, sta_sta_loss   : 0.02002, 
train loss: 0.0010, train acc: 1.0000
epoch  11 summary: dyn_dyn_loss   : 0.02888, dyn_sta_loss   : 3.35909, tot_dyn_loss   : 0.62832, sta_sta_loss   : 0.02002, 
epoch  12 summary: dyn_dyn_loss   : 0.02883, dyn_sta_loss   : 3.35943, tot_dyn_loss   : 0.62834, sta_sta_loss   : 0.02002, 
epoch  13 summary: dyn_dyn_loss   : 0.02888, dyn_sta_loss   : 3.35909, tot_dyn_loss   : 0.62832, sta_sta_loss   : 0.02002, 
epoch  14 summary: dyn_dyn_loss   : 0.02883, dyn_sta_loss   : 3.35943, tot_dyn_loss   : 0.62834, sta_sta_loss   : 0.02002, 
epoch  15 summary: dyn_dyn_loss   : 0.02888, dyn_sta_loss   : 3.35909, tot_dyn_loss   : 0.62832, sta_sta_loss   : 0.02002, 
epoch  16 summary: dyn_dyn_loss   : 0.02883, dyn_sta_loss   : 3.35943, tot_dyn_loss   : 0.62834, sta_sta_loss   : 0.02002, 
epoch  17 summary: dyn_dyn_loss   : 0.02888, dyn_sta_loss   : 3.35909, tot_dyn_loss   : 0.62832, sta_sta_loss   : 0.02002, 
epoch  18 summary: dyn_dyn_loss   : 0.02883, dyn_sta_loss   : 3.35943, tot_dyn_loss   : 0.62834, sta_sta_loss   : 0.02002, 
epoch  19 summary: dyn_dyn_loss   : 0.02888, dyn_sta_loss   : 3.35909, tot_dyn_loss   : 0.62832, sta_sta_loss   : 0.02002, 
epoch  20 summary: dyn_dyn_loss   : 0.02883, dyn_sta_loss   : 3.35943, tot_dyn_loss   : 0.62834, sta_sta_loss   : 0.02002, 
train loss: 0.0010, train acc: 1.0000
epoch  21 summary: dyn_dyn_loss   : 0.02888, dyn_sta_loss   : 3.35909, tot_dyn_loss   : 0.62832, sta_sta_loss   : 0.02002, 
epoch  22 summary: dyn_dyn_loss   : 0.02883, dyn_sta_loss   : 3.35943, tot_dyn_loss   : 0.62834, sta_sta_loss   : 0.02002, 
epoch  23 summary: dyn_dyn_loss   : 0.02888, dyn_sta_loss   : 3.35909, tot_dyn_loss   : 0.62832, sta_sta_loss   : 0.02002, 
epoch  24 summary: dyn_dyn_loss   : 0.02883, dyn_sta_loss   : 3.35943, tot_dyn_loss   : 0.62834, sta_sta_loss   : 0.02002, 
epoch  25 summary: dyn_dyn_loss   : 0.02888, dyn_sta_loss   : 3.35909, tot_dyn_loss   : 0.62832, sta_sta_loss   : 0.02002, 
epoch  26 summary: dyn_dyn_loss   : 0.02883, dyn_sta_loss   : 3.35943, tot_dyn_loss   : 0.62834, sta_sta_loss   : 0.02002, 
epoch  27 summary: dyn_dyn_loss   : 0.02888, dyn_sta_loss   : 3.35909, tot_dyn_loss   : 0.62832, sta_sta_loss   : 0.02002, 
epoch  28 summary: dyn_dyn_loss   : 0.02883, dyn_sta_loss   : 3.35943, tot_dyn_loss   : 0.62834, sta_sta_loss   : 0.02002, 
epoch  29 summary: dyn_dyn_loss   : 0.02888, dyn_sta_loss   : 3.35909, tot_dyn_loss   : 0.62832, sta_sta_loss   : 0.02002, 
epoch  30 summary: dyn_dyn_loss   : 0.02883, dyn_sta_loss   : 3.35943, tot_dyn_loss   : 0.62834, sta_sta_loss   : 0.02002, 
train loss: 0.0010, train acc: 1.0000
epoch  31 summary: dyn_dyn_loss   : 0.02888, dyn_sta_loss   : 3.35909, tot_dyn_loss   : 0.62832, sta_sta_loss   : 0.02002, 
epoch  32 summary: dyn_dyn_loss   : 0.02883, dyn_sta_loss   : 3.35943, tot_dyn_loss   : 0.62834, sta_sta_loss   : 0.02002, 
epoch  33 summary: dyn_dyn_loss   : 0.02888, dyn_sta_loss   : 3.35909, tot_dyn_loss   : 0.62832, sta_sta_loss   : 0.02002, 
epoch  34 summary: dyn_dyn_loss   : 0.02883, dyn_sta_loss   : 3.35943, tot_dyn_loss   : 0.62834, sta_sta_loss   : 0.02002, 
epoch  35 summary: dyn_dyn_loss   : 0.02888, dyn_sta_loss   : 3.35909, tot_dyn_loss   : 0.62832, sta_sta_loss   : 0.02002, 
epoch  36 summary: dyn_dyn_loss   : 0.02883, dyn_sta_loss   : 3.35943, tot_dyn_loss   : 0.62834, sta_sta_loss   : 0.02002, 
epoch  37 summary: dyn_dyn_loss   : 0.02888, dyn_sta_loss   : 3.35909, tot_dyn_loss   : 0.62832, sta_sta_loss   : 0.02002, 
epoch  38 summary: dyn_dyn_loss   : 0.02883, dyn_sta_loss   : 3.35943, tot_dyn_loss   : 0.62834, sta_sta_loss   : 0.02002, 
epoch  39 summary: dyn_dyn_loss   : 0.02888, dyn_sta_loss   : 3.35909, tot_dyn_loss   : 0.62832, sta_sta_loss   : 0.02002, 
epoch  40 summary: dyn_dyn_loss   : 0.02883, dyn_sta_loss   : 3.35943, tot_dyn_loss   : 0.62834, sta_sta_loss   : 0.02002, 
train loss: 0.0010, train acc: 1.0000
epoch  41 summary: dyn_dyn_loss   : 0.02888, dyn_sta_loss   : 3.35909, tot_dyn_loss   : 0.62832, sta_sta_loss   : 0.02002, 
epoch  42 summary: dyn_dyn_loss   : 0.02883, dyn_sta_loss   : 3.35943, tot_dyn_loss   : 0.62834, sta_sta_loss   : 0.02002, 
epoch  43 summary: dyn_dyn_loss   : 0.02888, dyn_sta_loss   : 3.35909, tot_dyn_loss   : 0.62832, sta_sta_loss   : 0.02002, 
epoch  44 summary: dyn_dyn_loss   : 0.02883, dyn_sta_loss   : 3.35943, tot_dyn_loss   : 0.62834, sta_sta_loss   : 0.02002, 
epoch  45 summary: dyn_dyn_loss   : 0.02888, dyn_sta_loss   : 3.35909, tot_dyn_loss   : 0.62832, sta_sta_loss   : 0.02002, 
epoch  46 summary: dyn_dyn_loss   : 0.02883, dyn_sta_loss   : 3.35943, tot_dyn_loss   : 0.62834, sta_sta_loss   : 0.02002, 
epoch  47 summary: dyn_dyn_loss   : 0.02888, dyn_sta_loss   : 3.35909, tot_dyn_loss   : 0.62832, sta_sta_loss   : 0.02002, 
epoch  48 summary: dyn_dyn_loss   : 0.02883, dyn_sta_loss   : 3.35943, tot_dyn_loss   : 0.62834, sta_sta_loss   : 0.02002, 
epoch  49 summary: dyn_dyn_loss   : 0.02888, dyn_sta_loss   : 3.35909, tot_dyn_loss   : 0.62832, sta_sta_loss   : 0.02002, 
epoch  50 summary: dyn_dyn_loss   : 0.02883, dyn_sta_loss   : 3.35943, tot_dyn_loss   : 0.62834, sta_sta_loss   : 0.02002, 
train loss: 0.0010, train acc: 1.0000
epoch  51 summary: dyn_dyn_loss   : 0.02888, dyn_sta_loss   : 3.35909, tot_dyn_loss   : 0.62832, sta_sta_loss   : 0.02002, 
epoch  52 summary: dyn_dyn_loss   : 0.02883, dyn_sta_loss   : 3.35943, tot_dyn_loss   : 0.62834, sta_sta_loss   : 0.02002, 
epoch  53 summary: dyn_dyn_loss   : 0.02888, dyn_sta_loss   : 3.35909, tot_dyn_loss   : 0.62832, sta_sta_loss   : 0.02002, 
epoch  54 summary: dyn_dyn_loss   : 0.02883, dyn_sta_loss   : 3.35943, tot_dyn_loss   : 0.62834, sta_sta_loss   : 0.02002, 
epoch  55 summary: dyn_dyn_loss   : 0.02888, dyn_sta_loss   : 3.35909, tot_dyn_loss   : 0.62832, sta_sta_loss   : 0.02002, 
epoch  56 summary: dyn_dyn_loss   : 0.02883, dyn_sta_loss   : 3.35943, tot_dyn_loss   : 0.62834, sta_sta_loss   : 0.02002, 
epoch  57 summary: dyn_dyn_loss   : 0.02888, dyn_sta_loss   : 3.35909, tot_dyn_loss   : 0.62832, sta_sta_loss   : 0.02002, 
epoch  58 summary: dyn_dyn_loss   : 0.02883, dyn_sta_loss   : 3.35943, tot_dyn_loss   : 0.62834, sta_sta_loss   : 0.02002, 
epoch  59 summary: dyn_dyn_loss   : 0.02888, dyn_sta_loss   : 3.35909, tot_dyn_loss   : 0.62832, sta_sta_loss   : 0.02002, 
epoch  60 summary: dyn_dyn_loss   : 0.02883, dyn_sta_loss   : 3.35943, tot_dyn_loss   : 0.62834, sta_sta_loss   : 0.02002, 
train loss: 0.0010, train acc: 1.0000
epoch  61 summary: dyn_dyn_loss   : 0.02888, dyn_sta_loss   : 3.35909, tot_dyn_loss   : 0.62832, sta_sta_loss   : 0.02002, 
epoch  62 summary: dyn_dyn_loss   : 0.02883, dyn_sta_loss   : 3.35943, tot_dyn_loss   : 0.62834, sta_sta_loss   : 0.02002, 
epoch  63 summary: dyn_dyn_loss   : 0.02888, dyn_sta_loss   : 3.35909, tot_dyn_loss   : 0.62832, sta_sta_loss   : 0.02002, 
epoch  64 summary: dyn_dyn_loss   : 0.02883, dyn_sta_loss   : 3.35943, tot_dyn_loss   : 0.62834, sta_sta_loss   : 0.02002, 
epoch  65 summary: dyn_dyn_loss   : 0.02888, dyn_sta_loss   : 3.35909, tot_dyn_loss   : 0.62832, sta_sta_loss   : 0.02002, 
epoch  66 summary: dyn_dyn_loss   : 0.02883, dyn_sta_loss   : 3.35943, tot_dyn_loss   : 0.62834, sta_sta_loss   : 0.02002, 
epoch  67 summary: dyn_dyn_loss   : 0.02888, dyn_sta_loss   : 3.35909, tot_dyn_loss   : 0.62832, sta_sta_loss   : 0.02002, 
epoch  68 summary: dyn_dyn_loss   : 0.02883, dyn_sta_loss   : 3.35943, tot_dyn_loss   : 0.62834, sta_sta_loss   : 0.02002, 
epoch  69 summary: dyn_dyn_loss   : 0.02888, dyn_sta_loss   : 3.35909, tot_dyn_loss   : 0.62832, sta_sta_loss   : 0.02002, 
epoch  70 summary: dyn_dyn_loss   : 0.02883, dyn_sta_loss   : 3.35943, tot_dyn_loss   : 0.62834, sta_sta_loss   : 0.02002, 
train loss: 0.0010, train acc: 1.0000
epoch  71 summary: dyn_dyn_loss   : 0.02888, dyn_sta_loss   : 3.35909, tot_dyn_loss   : 0.62832, sta_sta_loss   : 0.02002, 
epoch  72 summary: dyn_dyn_loss   : 0.02883, dyn_sta_loss   : 3.35943, tot_dyn_loss   : 0.62834, sta_sta_loss   : 0.02002, 
epoch  73 summary: dyn_dyn_loss   : 0.02888, dyn_sta_loss   : 3.35909, tot_dyn_loss   : 0.62832, sta_sta_loss   : 0.02002, 
epoch  74 summary: dyn_dyn_loss   : 0.02883, dyn_sta_loss   : 3.35943, tot_dyn_loss   : 0.62834, sta_sta_loss   : 0.02002, 
epoch  75 summary: dyn_dyn_loss   : 0.02888, dyn_sta_loss   : 3.35909, tot_dyn_loss   : 0.62832, sta_sta_loss   : 0.02002, 
epoch  76 summary: dyn_dyn_loss   : 0.02883, dyn_sta_loss   : 3.35943, tot_dyn_loss   : 0.62834, sta_sta_loss   : 0.02002, 
epoch  77 summary: dyn_dyn_loss   : 0.02888, dyn_sta_loss   : 3.35909, tot_dyn_loss   : 0.62832, sta_sta_loss   : 0.02002, 
epoch  78 summary: dyn_dyn_loss   : 0.02883, dyn_sta_loss   : 3.35943, tot_dyn_loss   : 0.62834, sta_sta_loss   : 0.02002, 
epoch  79 summary: dyn_dyn_loss   : 0.02888, dyn_sta_loss   : 3.35909, tot_dyn_loss   : 0.62832, sta_sta_loss   : 0.02002, 
epoch  80 summary: dyn_dyn_loss   : 0.02883, dyn_sta_loss   : 3.35943, tot_dyn_loss   : 0.62834, sta_sta_loss   : 0.02002, 
train loss: 0.0010, train acc: 1.0000
epoch  81 summary: dyn_dyn_loss   : 0.02888, dyn_sta_loss   : 3.35909, tot_dyn_loss   : 0.62832, sta_sta_loss   : 0.02002, 
epoch  82 summary: dyn_dyn_loss   : 0.02883, dyn_sta_loss   : 3.35943, tot_dyn_loss   : 0.62834, sta_sta_loss   : 0.02002, 
epoch  83 summary: dyn_dyn_loss   : 0.02888, dyn_sta_loss   : 3.35909, tot_dyn_loss   : 0.62832, sta_sta_loss   : 0.02002, 
epoch  84 summary: dyn_dyn_loss   : 0.02883, dyn_sta_loss   : 3.35943, tot_dyn_loss   : 0.62834, sta_sta_loss   : 0.02002, 
epoch  85 summary: dyn_dyn_loss   : 0.02888, dyn_sta_loss   : 3.35909, tot_dyn_loss   : 0.62832, sta_sta_loss   : 0.02002, 
epoch  86 summary: dyn_dyn_loss   : 0.02883, dyn_sta_loss   : 3.35943, tot_dyn_loss   : 0.62834, sta_sta_loss   : 0.02002, 
epoch  87 summary: dyn_dyn_loss   : 0.02888, dyn_sta_loss   : 3.35909, tot_dyn_loss   : 0.62832, sta_sta_loss   : 0.02002, 
epoch  88 summary: dyn_dyn_loss   : 0.02883, dyn_sta_loss   : 3.35943, tot_dyn_loss   : 0.62834, sta_sta_loss   : 0.02002, 
epoch  89 summary: dyn_dyn_loss   : 0.02888, dyn_sta_loss   : 3.35909, tot_dyn_loss   : 0.62832, sta_sta_loss   : 0.02002, 
epoch  90 summary: dyn_dyn_loss   : 0.02883, dyn_sta_loss   : 3.35943, tot_dyn_loss   : 0.62834, sta_sta_loss   : 0.02002, 
train loss: 0.0010, train acc: 1.0000
epoch  91 summary: dyn_dyn_loss   : 0.02888, dyn_sta_loss   : 3.35909, tot_dyn_loss   : 0.62832, sta_sta_loss   : 0.02002, 
epoch  92 summary: dyn_dyn_loss   : 0.02883, dyn_sta_loss   : 3.35943, tot_dyn_loss   : 0.62834, sta_sta_loss   : 0.02002, 
epoch  93 summary: dyn_dyn_loss   : 0.02888, dyn_sta_loss   : 3.35909, tot_dyn_loss   : 0.62832, sta_sta_loss   : 0.02002, 
epoch  94 summary: dyn_dyn_loss   : 0.02883, dyn_sta_loss   : 3.35943, tot_dyn_loss   : 0.62834, sta_sta_loss   : 0.02002, 
epoch  95 summary: dyn_dyn_loss   : 0.02888, dyn_sta_loss   : 3.35909, tot_dyn_loss   : 0.62832, sta_sta_loss   : 0.02002, 
epoch  96 summary: dyn_dyn_loss   : 0.02883, dyn_sta_loss   : 3.35943, tot_dyn_loss   : 0.62834, sta_sta_loss   : 0.02002, 
epoch  97 summary: dyn_dyn_loss   : 0.02888, dyn_sta_loss   : 3.35909, tot_dyn_loss   : 0.62832, sta_sta_loss   : 0.02002, 
epoch  98 summary: dyn_dyn_loss   : 0.02883, dyn_sta_loss   : 3.35943, tot_dyn_loss   : 0.62834, sta_sta_loss   : 0.02002, 
epoch  99 summary: dyn_dyn_loss   : 0.02888, dyn_sta_loss   : 3.35909, tot_dyn_loss   : 0.62832, sta_sta_loss   : 0.02002, 
train loss: 0.0009, train acc: 1.0000
all                          59675.744ms
all_epoch                    59262.459ms
all_preparation                413.250ms
all_preparation_2              411.815ms
all_preparation_3                1.410ms
epoch                          429.805ms
epoch_pos_train                  1.257ms
epoch_preparation                3.334ms
epoch_train                    423.808ms
epoch_valid                      0.937ms
----------------------------------------
all                          59675.744ms
  all_epoch             99.31%
  all_preparation        0.69%
all_preparation                413.250ms
  all_preparation_2     99.65%
  all_preparation_3      0.34%
epoch                        42980.547ms
  epoch_train           98.60%
  epoch_preparation      0.78%
  epoch_pos_train        0.29%
  epoch_valid            0.22%
epoch   0 summary: dyn_dyn_cos_loss: 0.00000, dyn_sta_cos_loss: 0.00000, total_cos_loss : 0.01560, 
valid loss: 3.8755, valid acc: 0.2852
epoch   1 summary: dyn_dyn_cos_loss: 0.00000, dyn_sta_cos_loss: 0.00000, total_cos_loss : 0.01303, 
epoch   2 summary: dyn_dyn_cos_loss: 0.00000, dyn_sta_cos_loss: 0.00000, total_cos_loss : 0.01270, 
epoch   3 summary: dyn_dyn_cos_loss: 0.00000, dyn_sta_cos_loss: 0.00000, total_cos_loss : 0.01254, 
epoch   4 summary: dyn_dyn_cos_loss: 0.00000, dyn_sta_cos_loss: 0.00000, total_cos_loss : 0.01249, 
epoch   5 summary: dyn_dyn_cos_loss: 0.00000, dyn_sta_cos_loss: 0.00000, total_cos_loss : 0.01242, 
epoch   6 summary: dyn_dyn_cos_loss: 0.00000, dyn_sta_cos_loss: 0.00000, total_cos_loss : 0.01241, 
epoch   7 summary: dyn_dyn_cos_loss: 0.00000, dyn_sta_cos_loss: 0.00000, total_cos_loss : 0.01237, 
epoch   8 summary: dyn_dyn_cos_loss: 0.00000, dyn_sta_cos_loss: 0.00000, total_cos_loss : 0.01236, 
epoch   9 summary: dyn_dyn_cos_loss: 0.00000, dyn_sta_cos_loss: 0.00000, total_cos_loss : 0.01234, 
epoch  10 summary: dyn_dyn_cos_loss: 0.00000, dyn_sta_cos_loss: 0.00000, total_cos_loss : 0.01233, 
valid loss: 3.3546, valid acc: 0.3008
epoch  11 summary: dyn_dyn_cos_loss: 0.00000, dyn_sta_cos_loss: 0.00000, total_cos_loss : 0.01231, 
epoch  12 summary: dyn_dyn_cos_loss: 0.00000, dyn_sta_cos_loss: 0.00000, total_cos_loss : 0.01231, 
epoch  13 summary: dyn_dyn_cos_loss: 0.00000, dyn_sta_cos_loss: 0.00000, total_cos_loss : 0.01230, 
epoch  14 summary: dyn_dyn_cos_loss: 0.00000, dyn_sta_cos_loss: 0.00000, total_cos_loss : 0.01229, 
epoch  15 summary: dyn_dyn_cos_loss: 0.00000, dyn_sta_cos_loss: 0.00000, total_cos_loss : 0.01227, 
epoch  16 summary: dyn_dyn_cos_loss: 0.00000, dyn_sta_cos_loss: 0.00000, total_cos_loss : 0.01226, 
epoch  17 summary: dyn_dyn_cos_loss: 0.00000, dyn_sta_cos_loss: 0.00000, total_cos_loss : 0.01225, 
epoch  18 summary: dyn_dyn_cos_loss: 0.00000, dyn_sta_cos_loss: 0.00000, total_cos_loss : 0.01225, 
epoch  19 summary: dyn_dyn_cos_loss: 0.00000, dyn_sta_cos_loss: 0.00000, total_cos_loss : 0.01223, 
epoch  20 summary: dyn_dyn_cos_loss: 0.00000, dyn_sta_cos_loss: 0.00000, total_cos_loss : 0.01223, 
valid loss: 3.3774, valid acc: 0.2852
epoch  21 summary: dyn_dyn_cos_loss: 0.00000, dyn_sta_cos_loss: 0.00000, total_cos_loss : 0.01222, 
epoch  22 summary: dyn_dyn_cos_loss: 0.00000, dyn_sta_cos_loss: 0.00000, total_cos_loss : 0.01221, 
epoch  23 summary: dyn_dyn_cos_loss: 0.00000, dyn_sta_cos_loss: 0.00000, total_cos_loss : 0.01221, 
epoch  24 summary: dyn_dyn_cos_loss: 0.00000, dyn_sta_cos_loss: 0.00000, total_cos_loss : 0.01220, 
epoch  25 summary: dyn_dyn_cos_loss: 0.00000, dyn_sta_cos_loss: 0.00000, total_cos_loss : 0.01220, 
epoch  26 summary: dyn_dyn_cos_loss: 0.00000, dyn_sta_cos_loss: 0.00000, total_cos_loss : 0.01220, 
epoch  27 summary: dyn_dyn_cos_loss: 0.00000, dyn_sta_cos_loss: 0.00000, total_cos_loss : 0.01219, 
epoch  28 summary: dyn_dyn_cos_loss: 0.00000, dyn_sta_cos_loss: 0.00000, total_cos_loss : 0.01219, 
epoch  29 summary: dyn_dyn_cos_loss: 0.00000, dyn_sta_cos_loss: 0.00000, total_cos_loss : 0.01219, 
epoch  30 summary: dyn_dyn_cos_loss: 0.00000, dyn_sta_cos_loss: 0.00000, total_cos_loss : 0.01219, 
valid loss: 3.3443, valid acc: 0.2871
epoch  31 summary: dyn_dyn_cos_loss: 0.00000, dyn_sta_cos_loss: 0.00000, total_cos_loss : 0.01218, 
epoch  32 summary: dyn_dyn_cos_loss: 0.00000, dyn_sta_cos_loss: 0.00000, total_cos_loss : 0.01218, 
epoch  33 summary: dyn_dyn_cos_loss: 0.00000, dyn_sta_cos_loss: 0.00000, total_cos_loss : 0.01218, 
epoch  34 summary: dyn_dyn_cos_loss: 0.00000, dyn_sta_cos_loss: 0.00000, total_cos_loss : 0.01218, 
epoch  35 summary: dyn_dyn_cos_loss: 0.00000, dyn_sta_cos_loss: 0.00000, total_cos_loss : 0.01218, 
epoch  36 summary: dyn_dyn_cos_loss: 0.00000, dyn_sta_cos_loss: 0.00000, total_cos_loss : 0.01218, 
epoch  37 summary: dyn_dyn_cos_loss: 0.00000, dyn_sta_cos_loss: 0.00000, total_cos_loss : 0.01217, 
epoch  38 summary: dyn_dyn_cos_loss: 0.00000, dyn_sta_cos_loss: 0.00000, total_cos_loss : 0.01218, 
epoch  39 summary: dyn_dyn_cos_loss: 0.00000, dyn_sta_cos_loss: 0.00000, total_cos_loss : 0.01217, 
epoch  40 summary: dyn_dyn_cos_loss: 0.00000, dyn_sta_cos_loss: 0.00000, total_cos_loss : 0.01217, 
valid loss: 3.3366, valid acc: 0.2852
epoch  41 summary: dyn_dyn_cos_loss: 0.00000, dyn_sta_cos_loss: 0.00000, total_cos_loss : 0.01217, 
epoch  42 summary: dyn_dyn_cos_loss: 0.00000, dyn_sta_cos_loss: 0.00000, total_cos_loss : 0.01217, 
epoch  43 summary: dyn_dyn_cos_loss: 0.00000, dyn_sta_cos_loss: 0.00000, total_cos_loss : 0.01217, 
epoch  44 summary: dyn_dyn_cos_loss: 0.00000, dyn_sta_cos_loss: 0.00000, total_cos_loss : 0.01217, 
epoch  45 summary: dyn_dyn_cos_loss: 0.00000, dyn_sta_cos_loss: 0.00000, total_cos_loss : 0.01217, 
epoch  46 summary: dyn_dyn_cos_loss: 0.00000, dyn_sta_cos_loss: 0.00000, total_cos_loss : 0.01217, 
epoch  47 summary: dyn_dyn_cos_loss: 0.00000, dyn_sta_cos_loss: 0.00000, total_cos_loss : 0.01217, 
epoch  48 summary: dyn_dyn_cos_loss: 0.00000, dyn_sta_cos_loss: 0.00000, total_cos_loss : 0.01216, 
epoch  49 summary: dyn_dyn_cos_loss: 0.00000, dyn_sta_cos_loss: 0.00000, total_cos_loss : 0.01216, 
epoch  50 summary: dyn_dyn_cos_loss: 0.00000, dyn_sta_cos_loss: 0.00000, total_cos_loss : 0.01217, 
valid loss: 3.3483, valid acc: 0.2832
epoch  51 summary: dyn_dyn_cos_loss: 0.00000, dyn_sta_cos_loss: 0.00000, total_cos_loss : 0.01216, 
epoch  52 summary: dyn_dyn_cos_loss: 0.00000, dyn_sta_cos_loss: 0.00000, total_cos_loss : 0.01216, 
epoch  53 summary: dyn_dyn_cos_loss: 0.00000, dyn_sta_cos_loss: 0.00000, total_cos_loss : 0.01216, 
epoch  54 summary: dyn_dyn_cos_loss: 0.00000, dyn_sta_cos_loss: 0.00000, total_cos_loss : 0.01216, 
epoch  55 summary: dyn_dyn_cos_loss: 0.00000, dyn_sta_cos_loss: 0.00000, total_cos_loss : 0.01216, 
epoch  56 summary: dyn_dyn_cos_loss: 0.00000, dyn_sta_cos_loss: 0.00000, total_cos_loss : 0.01216, 
epoch  57 summary: dyn_dyn_cos_loss: 0.00000, dyn_sta_cos_loss: 0.00000, total_cos_loss : 0.01216, 
epoch  58 summary: dyn_dyn_cos_loss: 0.00000, dyn_sta_cos_loss: 0.00000, total_cos_loss : 0.01216, 
epoch  59 summary: dyn_dyn_cos_loss: 0.00000, dyn_sta_cos_loss: 0.00000, total_cos_loss : 0.01216, 
epoch  60 summary: dyn_dyn_cos_loss: 0.00000, dyn_sta_cos_loss: 0.00000, total_cos_loss : 0.01216, 
valid loss: 3.3119, valid acc: 0.2812
epoch  61 summary: dyn_dyn_cos_loss: 0.00000, dyn_sta_cos_loss: 0.00000, total_cos_loss : 0.01215, 
epoch  62 summary: dyn_dyn_cos_loss: 0.00000, dyn_sta_cos_loss: 0.00000, total_cos_loss : 0.01216, 
epoch  63 summary: dyn_dyn_cos_loss: 0.00000, dyn_sta_cos_loss: 0.00000, total_cos_loss : 0.01215, 
epoch  64 summary: dyn_dyn_cos_loss: 0.00000, dyn_sta_cos_loss: 0.00000, total_cos_loss : 0.01215, 
epoch  65 summary: dyn_dyn_cos_loss: 0.00000, dyn_sta_cos_loss: 0.00000, total_cos_loss : 0.01215, 
epoch  66 summary: dyn_dyn_cos_loss: 0.00000, dyn_sta_cos_loss: 0.00000, total_cos_loss : 0.01215, 
epoch  67 summary: dyn_dyn_cos_loss: 0.00000, dyn_sta_cos_loss: 0.00000, total_cos_loss : 0.01215, 
epoch  68 summary: dyn_dyn_cos_loss: 0.00000, dyn_sta_cos_loss: 0.00000, total_cos_loss : 0.01215, 
epoch  69 summary: dyn_dyn_cos_loss: 0.00000, dyn_sta_cos_loss: 0.00000, total_cos_loss : 0.01215, 
epoch  70 summary: dyn_dyn_cos_loss: 0.00000, dyn_sta_cos_loss: 0.00000, total_cos_loss : 0.01215, 
valid loss: 3.3595, valid acc: 0.2773
epoch  71 summary: dyn_dyn_cos_loss: 0.00000, dyn_sta_cos_loss: 0.00000, total_cos_loss : 0.01215, 
epoch  72 summary: dyn_dyn_cos_loss: 0.00000, dyn_sta_cos_loss: 0.00000, total_cos_loss : 0.01215, 
epoch  73 summary: dyn_dyn_cos_loss: 0.00000, dyn_sta_cos_loss: 0.00000, total_cos_loss : 0.01215, 
epoch  74 summary: dyn_dyn_cos_loss: 0.00000, dyn_sta_cos_loss: 0.00000, total_cos_loss : 0.01215, 
epoch  75 summary: dyn_dyn_cos_loss: 0.00000, dyn_sta_cos_loss: 0.00000, total_cos_loss : 0.01215, 
epoch  76 summary: dyn_dyn_cos_loss: 0.00000, dyn_sta_cos_loss: 0.00000, total_cos_loss : 0.01214, 
epoch  77 summary: dyn_dyn_cos_loss: 0.00000, dyn_sta_cos_loss: 0.00000, total_cos_loss : 0.01214, 
epoch  78 summary: dyn_dyn_cos_loss: 0.00000, dyn_sta_cos_loss: 0.00000, total_cos_loss : 0.01214, 
epoch  79 summary: dyn_dyn_cos_loss: 0.00000, dyn_sta_cos_loss: 0.00000, total_cos_loss : 0.01214, 
epoch  80 summary: dyn_dyn_cos_loss: 0.00000, dyn_sta_cos_loss: 0.00000, total_cos_loss : 0.01214, 
valid loss: 3.3271, valid acc: 0.2812
epoch  81 summary: dyn_dyn_cos_loss: 0.00000, dyn_sta_cos_loss: 0.00000, total_cos_loss : 0.01214, 
epoch  82 summary: dyn_dyn_cos_loss: 0.00000, dyn_sta_cos_loss: 0.00000, total_cos_loss : 0.01214, 
epoch  83 summary: dyn_dyn_cos_loss: 0.00000, dyn_sta_cos_loss: 0.00000, total_cos_loss : 0.01214, 
epoch  84 summary: dyn_dyn_cos_loss: 0.00000, dyn_sta_cos_loss: 0.00000, total_cos_loss : 0.01214, 
epoch  85 summary: dyn_dyn_cos_loss: 0.00000, dyn_sta_cos_loss: 0.00000, total_cos_loss : 0.01214, 
epoch  86 summary: dyn_dyn_cos_loss: 0.00000, dyn_sta_cos_loss: 0.00000, total_cos_loss : 0.01214, 
epoch  87 summary: dyn_dyn_cos_loss: 0.00000, dyn_sta_cos_loss: 0.00000, total_cos_loss : 0.01214, 
epoch  88 summary: dyn_dyn_cos_loss: 0.00000, dyn_sta_cos_loss: 0.00000, total_cos_loss : 0.01214, 
epoch  89 summary: dyn_dyn_cos_loss: 0.00000, dyn_sta_cos_loss: 0.00000, total_cos_loss : 0.01213, 
epoch  90 summary: dyn_dyn_cos_loss: 0.00000, dyn_sta_cos_loss: 0.00000, total_cos_loss : 0.01214, 
valid loss: 3.3233, valid acc: 0.2793
epoch  91 summary: dyn_dyn_cos_loss: 0.00000, dyn_sta_cos_loss: 0.00000, total_cos_loss : 0.01213, 
epoch  92 summary: dyn_dyn_cos_loss: 0.00000, dyn_sta_cos_loss: 0.00000, total_cos_loss : 0.01214, 
epoch  93 summary: dyn_dyn_cos_loss: 0.00000, dyn_sta_cos_loss: 0.00000, total_cos_loss : 0.01214, 
epoch  94 summary: dyn_dyn_cos_loss: 0.00000, dyn_sta_cos_loss: 0.00000, total_cos_loss : 0.01213, 
epoch  95 summary: dyn_dyn_cos_loss: 0.00000, dyn_sta_cos_loss: 0.00000, total_cos_loss : 0.01213, 
epoch  96 summary: dyn_dyn_cos_loss: 0.00000, dyn_sta_cos_loss: 0.00000, total_cos_loss : 0.01213, 
epoch  97 summary: dyn_dyn_cos_loss: 0.00000, dyn_sta_cos_loss: 0.00000, total_cos_loss : 0.01213, 
epoch  98 summary: dyn_dyn_cos_loss: 0.00000, dyn_sta_cos_loss: 0.00000, total_cos_loss : 0.01213, 
epoch  99 summary: dyn_dyn_cos_loss: 0.00000, dyn_sta_cos_loss: 0.00000, total_cos_loss : 0.01213, 
valid loss: 3.3975, valid acc: 0.2676
all                          24433.287ms
all_epoch                    24422.361ms
all_preparation                 10.904ms
all_preparation_2                9.596ms
all_preparation_3                1.289ms
epoch                          147.588ms
epoch_pos_train                  1.308ms
epoch_preparation                0.338ms
epoch_train                    145.173ms
epoch_valid                      0.306ms
----------------------------------------
all                          24433.287ms
  all_epoch             99.96%
  all_preparation        0.04%
all_preparation                 10.904ms
  all_preparation_2     88.01%
  all_preparation_3     11.82%
epoch                        14758.822ms
  epoch_train           98.36%
  epoch_pos_train        0.89%
  epoch_preparation      0.23%
  epoch_valid            0.21%
