Before CTE Training: train eu loss: 1.0375890731811523, eval eu loss: 1.492782711982727
Before CTE Training: train eu acc: 0.6748046875, eval eu acc: 0.560546875
epoch   0 summary: dyn_dyn_loss   : 0.01774, dyn_sta_loss   : 4.16166, tot_dyn_loss   : 0.26638, sta_sta_loss   : 0.02002, 
train loss: 2.4391, train acc: 0.4746
epoch   1 summary: dyn_dyn_loss   : 0.01743, dyn_sta_loss   : 4.04894, tot_dyn_loss   : 0.25932, sta_sta_loss   : 0.02002, 
epoch   2 summary: dyn_dyn_loss   : 0.01688, dyn_sta_loss   : 3.94620, tot_dyn_loss   : 0.25264, sta_sta_loss   : 0.02002, 
epoch   3 summary: dyn_dyn_loss   : 0.01643, dyn_sta_loss   : 3.85510, tot_dyn_loss   : 0.24675, sta_sta_loss   : 0.02002, 
epoch   4 summary: dyn_dyn_loss   : 0.01621, dyn_sta_loss   : 3.77616, tot_dyn_loss   : 0.24180, sta_sta_loss   : 0.02002, 
epoch   5 summary: dyn_dyn_loss   : 0.01624, dyn_sta_loss   : 3.70666, tot_dyn_loss   : 0.23767, sta_sta_loss   : 0.02002, 
epoch   6 summary: dyn_dyn_loss   : 0.01656, dyn_sta_loss   : 3.64829, tot_dyn_loss   : 0.23446, sta_sta_loss   : 0.02002, 
epoch   7 summary: dyn_dyn_loss   : 0.01711, dyn_sta_loss   : 3.59402, tot_dyn_loss   : 0.23173, sta_sta_loss   : 0.02002, 
epoch   8 summary: dyn_dyn_loss   : 0.01790, dyn_sta_loss   : 3.54717, tot_dyn_loss   : 0.22966, sta_sta_loss   : 0.02002, 
epoch   9 summary: dyn_dyn_loss   : 0.01884, dyn_sta_loss   : 3.51234, tot_dyn_loss   : 0.22845, sta_sta_loss   : 0.02002, 
epoch  10 summary: dyn_dyn_loss   : 0.01986, dyn_sta_loss   : 3.47912, tot_dyn_loss   : 0.22742, sta_sta_loss   : 0.02002, 
train loss: 0.0001, train acc: 1.0000
epoch  11 summary: dyn_dyn_loss   : 0.02078, dyn_sta_loss   : 3.45682, tot_dyn_loss   : 0.22694, sta_sta_loss   : 0.02002, 
epoch  12 summary: dyn_dyn_loss   : 0.02135, dyn_sta_loss   : 3.43658, tot_dyn_loss   : 0.22627, sta_sta_loss   : 0.02002, 
epoch  13 summary: dyn_dyn_loss   : 0.02201, dyn_sta_loss   : 3.42404, tot_dyn_loss   : 0.22613, sta_sta_loss   : 0.02002, 
epoch  14 summary: dyn_dyn_loss   : 0.02254, dyn_sta_loss   : 3.40869, tot_dyn_loss   : 0.22571, sta_sta_loss   : 0.02002, 
epoch  15 summary: dyn_dyn_loss   : 0.02293, dyn_sta_loss   : 3.39747, tot_dyn_loss   : 0.22541, sta_sta_loss   : 0.02002, 
epoch  16 summary: dyn_dyn_loss   : 0.02331, dyn_sta_loss   : 3.38481, tot_dyn_loss   : 0.22500, sta_sta_loss   : 0.02002, 
epoch  17 summary: dyn_dyn_loss   : 0.02366, dyn_sta_loss   : 3.37937, tot_dyn_loss   : 0.22500, sta_sta_loss   : 0.02002, 
epoch  18 summary: dyn_dyn_loss   : 0.02392, dyn_sta_loss   : 3.37224, tot_dyn_loss   : 0.22482, sta_sta_loss   : 0.02002, 
epoch  19 summary: dyn_dyn_loss   : 0.02398, dyn_sta_loss   : 3.37781, tot_dyn_loss   : 0.22521, sta_sta_loss   : 0.02002, 
epoch  20 summary: dyn_dyn_loss   : 0.02398, dyn_sta_loss   : 3.36942, tot_dyn_loss   : 0.22470, sta_sta_loss   : 0.02002, 
train loss: 0.0000, train acc: 1.0000
epoch  21 summary: dyn_dyn_loss   : 0.02402, dyn_sta_loss   : 3.36774, tot_dyn_loss   : 0.22464, sta_sta_loss   : 0.02002, 
epoch  22 summary: dyn_dyn_loss   : 0.02412, dyn_sta_loss   : 3.36209, tot_dyn_loss   : 0.22440, sta_sta_loss   : 0.02002, 
epoch  23 summary: dyn_dyn_loss   : 0.02415, dyn_sta_loss   : 3.37117, tot_dyn_loss   : 0.22497, sta_sta_loss   : 0.02002, 
epoch  24 summary: dyn_dyn_loss   : 0.02413, dyn_sta_loss   : 3.36498, tot_dyn_loss   : 0.22458, sta_sta_loss   : 0.02002, 
epoch  25 summary: dyn_dyn_loss   : 0.02413, dyn_sta_loss   : 3.36415, tot_dyn_loss   : 0.22453, sta_sta_loss   : 0.02002, 
epoch  26 summary: dyn_dyn_loss   : 0.02418, dyn_sta_loss   : 3.36216, tot_dyn_loss   : 0.22445, sta_sta_loss   : 0.02002, 
epoch  27 summary: dyn_dyn_loss   : 0.02411, dyn_sta_loss   : 3.36487, tot_dyn_loss   : 0.22456, sta_sta_loss   : 0.02002, 
epoch  28 summary: dyn_dyn_loss   : 0.02408, dyn_sta_loss   : 3.36183, tot_dyn_loss   : 0.22435, sta_sta_loss   : 0.02002, 
epoch  29 summary: dyn_dyn_loss   : 0.02415, dyn_sta_loss   : 3.35995, tot_dyn_loss   : 0.22429, sta_sta_loss   : 0.02002, 
epoch  30 summary: dyn_dyn_loss   : 0.02414, dyn_sta_loss   : 3.36295, tot_dyn_loss   : 0.22447, sta_sta_loss   : 0.02002, 
train loss: 0.0000, train acc: 1.0000
epoch  31 summary: dyn_dyn_loss   : 0.02409, dyn_sta_loss   : 3.36735, tot_dyn_loss   : 0.22469, sta_sta_loss   : 0.02002, 
epoch  32 summary: dyn_dyn_loss   : 0.02399, dyn_sta_loss   : 3.36228, tot_dyn_loss   : 0.22429, sta_sta_loss   : 0.02002, 
epoch  33 summary: dyn_dyn_loss   : 0.02408, dyn_sta_loss   : 3.36414, tot_dyn_loss   : 0.22449, sta_sta_loss   : 0.02002, 
epoch  34 summary: dyn_dyn_loss   : 0.02402, dyn_sta_loss   : 3.36150, tot_dyn_loss   : 0.22427, sta_sta_loss   : 0.02002, 
epoch  35 summary: dyn_dyn_loss   : 0.02401, dyn_sta_loss   : 3.35919, tot_dyn_loss   : 0.22412, sta_sta_loss   : 0.02002, 
epoch  36 summary: dyn_dyn_loss   : 0.02406, dyn_sta_loss   : 3.35809, tot_dyn_loss   : 0.22410, sta_sta_loss   : 0.02002, 
epoch  37 summary: dyn_dyn_loss   : 0.02407, dyn_sta_loss   : 3.36664, tot_dyn_loss   : 0.22462, sta_sta_loss   : 0.02002, 
epoch  38 summary: dyn_dyn_loss   : 0.02396, dyn_sta_loss   : 3.36294, tot_dyn_loss   : 0.22430, sta_sta_loss   : 0.02002, 
epoch  39 summary: dyn_dyn_loss   : 0.02394, dyn_sta_loss   : 3.36337, tot_dyn_loss   : 0.22431, sta_sta_loss   : 0.02002, 
epoch  40 summary: dyn_dyn_loss   : 0.02393, dyn_sta_loss   : 3.36158, tot_dyn_loss   : 0.22419, sta_sta_loss   : 0.02002, 
train loss: 0.0000, train acc: 1.0000
epoch  41 summary: dyn_dyn_loss   : 0.02391, dyn_sta_loss   : 3.36028, tot_dyn_loss   : 0.22409, sta_sta_loss   : 0.02002, 
epoch  42 summary: dyn_dyn_loss   : 0.02389, dyn_sta_loss   : 3.37021, tot_dyn_loss   : 0.22467, sta_sta_loss   : 0.02002, 
epoch  43 summary: dyn_dyn_loss   : 0.02375, dyn_sta_loss   : 3.37040, tot_dyn_loss   : 0.22455, sta_sta_loss   : 0.02002, 
epoch  44 summary: dyn_dyn_loss   : 0.02370, dyn_sta_loss   : 3.36844, tot_dyn_loss   : 0.22438, sta_sta_loss   : 0.02002, 
epoch  45 summary: dyn_dyn_loss   : 0.02368, dyn_sta_loss   : 3.36772, tot_dyn_loss   : 0.22432, sta_sta_loss   : 0.02002, 
epoch  46 summary: dyn_dyn_loss   : 0.02366, dyn_sta_loss   : 3.36744, tot_dyn_loss   : 0.22429, sta_sta_loss   : 0.02002, 
epoch  47 summary: dyn_dyn_loss   : 0.02370, dyn_sta_loss   : 3.36855, tot_dyn_loss   : 0.22439, sta_sta_loss   : 0.02002, 
epoch  48 summary: dyn_dyn_loss   : 0.02369, dyn_sta_loss   : 3.36745, tot_dyn_loss   : 0.22431, sta_sta_loss   : 0.02002, 
epoch  49 summary: dyn_dyn_loss   : 0.02365, dyn_sta_loss   : 3.36874, tot_dyn_loss   : 0.22436, sta_sta_loss   : 0.02002, 
epoch  50 summary: dyn_dyn_loss   : 0.02366, dyn_sta_loss   : 3.36668, tot_dyn_loss   : 0.22424, sta_sta_loss   : 0.02002, 
train loss: 0.0000, train acc: 1.0000
epoch  51 summary: dyn_dyn_loss   : 0.02373, dyn_sta_loss   : 3.36371, tot_dyn_loss   : 0.22413, sta_sta_loss   : 0.02002, 
epoch  52 summary: dyn_dyn_loss   : 0.02373, dyn_sta_loss   : 3.36887, tot_dyn_loss   : 0.22444, sta_sta_loss   : 0.02002, 
epoch  53 summary: dyn_dyn_loss   : 0.02367, dyn_sta_loss   : 3.36643, tot_dyn_loss   : 0.22424, sta_sta_loss   : 0.02002, 
epoch  54 summary: dyn_dyn_loss   : 0.02360, dyn_sta_loss   : 3.36238, tot_dyn_loss   : 0.22392, sta_sta_loss   : 0.02002, 
epoch  55 summary: dyn_dyn_loss   : 0.02370, dyn_sta_loss   : 3.35986, tot_dyn_loss   : 0.22387, sta_sta_loss   : 0.02002, 
epoch  56 summary: dyn_dyn_loss   : 0.02372, dyn_sta_loss   : 3.36444, tot_dyn_loss   : 0.22417, sta_sta_loss   : 0.02002, 
epoch  57 summary: dyn_dyn_loss   : 0.02369, dyn_sta_loss   : 3.36268, tot_dyn_loss   : 0.22403, sta_sta_loss   : 0.02002, 
epoch  58 summary: dyn_dyn_loss   : 0.02362, dyn_sta_loss   : 3.36788, tot_dyn_loss   : 0.22427, sta_sta_loss   : 0.02002, 
epoch  59 summary: dyn_dyn_loss   : 0.02358, dyn_sta_loss   : 3.36806, tot_dyn_loss   : 0.22425, sta_sta_loss   : 0.02002, 
epoch  60 summary: dyn_dyn_loss   : 0.02350, dyn_sta_loss   : 3.36762, tot_dyn_loss   : 0.22415, sta_sta_loss   : 0.02002, 
train loss: 0.0000, train acc: 1.0000
epoch  61 summary: dyn_dyn_loss   : 0.02352, dyn_sta_loss   : 3.36459, tot_dyn_loss   : 0.22398, sta_sta_loss   : 0.02002, 
epoch  62 summary: dyn_dyn_loss   : 0.02355, dyn_sta_loss   : 3.36809, tot_dyn_loss   : 0.22422, sta_sta_loss   : 0.02002, 
epoch  63 summary: dyn_dyn_loss   : 0.02350, dyn_sta_loss   : 3.36817, tot_dyn_loss   : 0.22418, sta_sta_loss   : 0.02002, 
epoch  64 summary: dyn_dyn_loss   : 0.02348, dyn_sta_loss   : 3.36355, tot_dyn_loss   : 0.22388, sta_sta_loss   : 0.02002, 
epoch  65 summary: dyn_dyn_loss   : 0.02350, dyn_sta_loss   : 3.36428, tot_dyn_loss   : 0.22394, sta_sta_loss   : 0.02002, 
epoch  66 summary: dyn_dyn_loss   : 0.02348, dyn_sta_loss   : 3.36478, tot_dyn_loss   : 0.22396, sta_sta_loss   : 0.02002, 
epoch  67 summary: dyn_dyn_loss   : 0.02343, dyn_sta_loss   : 3.36330, tot_dyn_loss   : 0.22382, sta_sta_loss   : 0.02002, 
epoch  68 summary: dyn_dyn_loss   : 0.02341, dyn_sta_loss   : 3.36534, tot_dyn_loss   : 0.22393, sta_sta_loss   : 0.02002, 
epoch  69 summary: dyn_dyn_loss   : 0.02344, dyn_sta_loss   : 3.37218, tot_dyn_loss   : 0.22436, sta_sta_loss   : 0.02002, 
epoch  70 summary: dyn_dyn_loss   : 0.02326, dyn_sta_loss   : 3.36478, tot_dyn_loss   : 0.22375, sta_sta_loss   : 0.02002, 
train loss: 0.0000, train acc: 1.0000
epoch  71 summary: dyn_dyn_loss   : 0.02330, dyn_sta_loss   : 3.36978, tot_dyn_loss   : 0.22409, sta_sta_loss   : 0.02002, 
epoch  72 summary: dyn_dyn_loss   : 0.02324, dyn_sta_loss   : 3.37186, tot_dyn_loss   : 0.22416, sta_sta_loss   : 0.02002, 
epoch  73 summary: dyn_dyn_loss   : 0.02321, dyn_sta_loss   : 3.37036, tot_dyn_loss   : 0.22404, sta_sta_loss   : 0.02002, 
epoch  74 summary: dyn_dyn_loss   : 0.02319, dyn_sta_loss   : 3.37375, tot_dyn_loss   : 0.22423, sta_sta_loss   : 0.02002, 
epoch  75 summary: dyn_dyn_loss   : 0.02308, dyn_sta_loss   : 3.37043, tot_dyn_loss   : 0.22392, sta_sta_loss   : 0.02002, 
epoch  76 summary: dyn_dyn_loss   : 0.02310, dyn_sta_loss   : 3.36541, tot_dyn_loss   : 0.22364, sta_sta_loss   : 0.02002, 
epoch  77 summary: dyn_dyn_loss   : 0.02319, dyn_sta_loss   : 3.36555, tot_dyn_loss   : 0.22373, sta_sta_loss   : 0.02002, 
epoch  78 summary: dyn_dyn_loss   : 0.02319, dyn_sta_loss   : 3.36565, tot_dyn_loss   : 0.22374, sta_sta_loss   : 0.02002, 
epoch  79 summary: dyn_dyn_loss   : 0.02312, dyn_sta_loss   : 3.36441, tot_dyn_loss   : 0.22359, sta_sta_loss   : 0.02002, 
epoch  80 summary: dyn_dyn_loss   : 0.02319, dyn_sta_loss   : 3.36509, tot_dyn_loss   : 0.22370, sta_sta_loss   : 0.02002, 
train loss: 0.0000, train acc: 1.0000
epoch  81 summary: dyn_dyn_loss   : 0.02317, dyn_sta_loss   : 3.36649, tot_dyn_loss   : 0.22377, sta_sta_loss   : 0.02002, 
epoch  82 summary: dyn_dyn_loss   : 0.02308, dyn_sta_loss   : 3.37548, tot_dyn_loss   : 0.22422, sta_sta_loss   : 0.02002, 
epoch  83 summary: dyn_dyn_loss   : 0.02289, dyn_sta_loss   : 3.37082, tot_dyn_loss   : 0.22376, sta_sta_loss   : 0.02002, 
epoch  84 summary: dyn_dyn_loss   : 0.02293, dyn_sta_loss   : 3.37287, tot_dyn_loss   : 0.22392, sta_sta_loss   : 0.02002, 
epoch  85 summary: dyn_dyn_loss   : 0.02290, dyn_sta_loss   : 3.37534, tot_dyn_loss   : 0.22404, sta_sta_loss   : 0.02002, 
epoch  86 summary: dyn_dyn_loss   : 0.02278, dyn_sta_loss   : 3.37224, tot_dyn_loss   : 0.22375, sta_sta_loss   : 0.02002, 
epoch  87 summary: dyn_dyn_loss   : 0.02282, dyn_sta_loss   : 3.37259, tot_dyn_loss   : 0.22381, sta_sta_loss   : 0.02002, 
epoch  88 summary: dyn_dyn_loss   : 0.02273, dyn_sta_loss   : 3.37260, tot_dyn_loss   : 0.22372, sta_sta_loss   : 0.02002, 
epoch  89 summary: dyn_dyn_loss   : 0.02270, dyn_sta_loss   : 3.37364, tot_dyn_loss   : 0.22376, sta_sta_loss   : 0.02002, 
epoch  90 summary: dyn_dyn_loss   : 0.02268, dyn_sta_loss   : 3.37330, tot_dyn_loss   : 0.22372, sta_sta_loss   : 0.02002, 
train loss: 0.0000, train acc: 1.0000
epoch  91 summary: dyn_dyn_loss   : 0.02270, dyn_sta_loss   : 3.37259, tot_dyn_loss   : 0.22369, sta_sta_loss   : 0.02002, 
epoch  92 summary: dyn_dyn_loss   : 0.02269, dyn_sta_loss   : 3.37500, tot_dyn_loss   : 0.22383, sta_sta_loss   : 0.02002, 
epoch  93 summary: dyn_dyn_loss   : 0.02261, dyn_sta_loss   : 3.37677, tot_dyn_loss   : 0.22386, sta_sta_loss   : 0.02002, 
epoch  94 summary: dyn_dyn_loss   : 0.02258, dyn_sta_loss   : 3.37211, tot_dyn_loss   : 0.22355, sta_sta_loss   : 0.02002, 
epoch  95 summary: dyn_dyn_loss   : 0.02264, dyn_sta_loss   : 3.37020, tot_dyn_loss   : 0.22350, sta_sta_loss   : 0.02002, 
epoch  96 summary: dyn_dyn_loss   : 0.02264, dyn_sta_loss   : 3.37374, tot_dyn_loss   : 0.22371, sta_sta_loss   : 0.02002, 
epoch  97 summary: dyn_dyn_loss   : 0.02261, dyn_sta_loss   : 3.37038, tot_dyn_loss   : 0.22347, sta_sta_loss   : 0.02002, 
epoch  98 summary: dyn_dyn_loss   : 0.02262, dyn_sta_loss   : 3.36865, tot_dyn_loss   : 0.22338, sta_sta_loss   : 0.02002, 
epoch  99 summary: dyn_dyn_loss   : 0.02262, dyn_sta_loss   : 3.36704, tot_dyn_loss   : 0.22328, sta_sta_loss   : 0.02002, 
train loss: 0.0000, train acc: 1.0000
all                          66859.045ms
all_epoch                    66483.730ms
all_preparation                375.289ms
all_preparation_2              373.866ms
all_preparation_3                1.398ms
epoch                          498.830ms
epoch_pos_train                  1.257ms
epoch_preparation                3.697ms
epoch_train                    492.526ms
epoch_valid                      0.877ms
----------------------------------------
all                          66859.045ms
  all_epoch             99.44%
  all_preparation        0.56%
all_preparation                375.289ms
  all_preparation_2     99.62%
  all_preparation_3      0.37%
epoch                        49883.012ms
  epoch_train           98.74%
  epoch_preparation      0.74%
  epoch_pos_train        0.25%
  epoch_valid            0.18%
epoch   0 summary: dyn_dyn_cos_loss: 0.00000, dyn_sta_cos_loss: 0.00000, total_cos_loss : 0.01678, 
valid loss: 3.8693, valid acc: 0.1465
epoch   1 summary: dyn_dyn_cos_loss: 0.00000, dyn_sta_cos_loss: 0.00000, total_cos_loss : 0.01450, 
epoch   2 summary: dyn_dyn_cos_loss: 0.00000, dyn_sta_cos_loss: 0.00000, total_cos_loss : 0.01305, 
epoch   3 summary: dyn_dyn_cos_loss: 0.00000, dyn_sta_cos_loss: 0.00000, total_cos_loss : 0.01201, 
epoch   4 summary: dyn_dyn_cos_loss: 0.00000, dyn_sta_cos_loss: 0.00000, total_cos_loss : 0.01129, 
epoch   5 summary: dyn_dyn_cos_loss: 0.00000, dyn_sta_cos_loss: 0.00000, total_cos_loss : 0.01073, 
epoch   6 summary: dyn_dyn_cos_loss: 0.00000, dyn_sta_cos_loss: 0.00000, total_cos_loss : 0.01030, 
epoch   7 summary: dyn_dyn_cos_loss: 0.00000, dyn_sta_cos_loss: 0.00000, total_cos_loss : 0.00999, 
epoch   8 summary: dyn_dyn_cos_loss: 0.00000, dyn_sta_cos_loss: 0.00000, total_cos_loss : 0.00975, 
epoch   9 summary: dyn_dyn_cos_loss: 0.00000, dyn_sta_cos_loss: 0.00000, total_cos_loss : 0.00956, 
epoch  10 summary: dyn_dyn_cos_loss: 0.00000, dyn_sta_cos_loss: 0.00000, total_cos_loss : 0.00941, 
valid loss: 2.3748, valid acc: 0.4805
epoch  11 summary: dyn_dyn_cos_loss: 0.00000, dyn_sta_cos_loss: 0.00000, total_cos_loss : 0.00930, 
epoch  12 summary: dyn_dyn_cos_loss: 0.00000, dyn_sta_cos_loss: 0.00000, total_cos_loss : 0.00919, 
epoch  13 summary: dyn_dyn_cos_loss: 0.00000, dyn_sta_cos_loss: 0.00000, total_cos_loss : 0.00909, 
epoch  14 summary: dyn_dyn_cos_loss: 0.00000, dyn_sta_cos_loss: 0.00000, total_cos_loss : 0.00902, 
epoch  15 summary: dyn_dyn_cos_loss: 0.00000, dyn_sta_cos_loss: 0.00000, total_cos_loss : 0.00896, 
epoch  16 summary: dyn_dyn_cos_loss: 0.00000, dyn_sta_cos_loss: 0.00000, total_cos_loss : 0.00892, 
epoch  17 summary: dyn_dyn_cos_loss: 0.00000, dyn_sta_cos_loss: 0.00000, total_cos_loss : 0.00887, 
epoch  18 summary: dyn_dyn_cos_loss: 0.00000, dyn_sta_cos_loss: 0.00000, total_cos_loss : 0.00883, 
epoch  19 summary: dyn_dyn_cos_loss: 0.00000, dyn_sta_cos_loss: 0.00000, total_cos_loss : 0.00880, 
epoch  20 summary: dyn_dyn_cos_loss: 0.00000, dyn_sta_cos_loss: 0.00000, total_cos_loss : 0.00877, 
valid loss: 2.2872, valid acc: 0.4551
epoch  21 summary: dyn_dyn_cos_loss: 0.00000, dyn_sta_cos_loss: 0.00000, total_cos_loss : 0.00874, 
epoch  22 summary: dyn_dyn_cos_loss: 0.00000, dyn_sta_cos_loss: 0.00000, total_cos_loss : 0.00873, 
epoch  23 summary: dyn_dyn_cos_loss: 0.00000, dyn_sta_cos_loss: 0.00000, total_cos_loss : 0.00872, 
epoch  24 summary: dyn_dyn_cos_loss: 0.00000, dyn_sta_cos_loss: 0.00000, total_cos_loss : 0.00870, 
epoch  25 summary: dyn_dyn_cos_loss: 0.00000, dyn_sta_cos_loss: 0.00000, total_cos_loss : 0.00869, 
epoch  26 summary: dyn_dyn_cos_loss: 0.00000, dyn_sta_cos_loss: 0.00000, total_cos_loss : 0.00868, 
epoch  27 summary: dyn_dyn_cos_loss: 0.00000, dyn_sta_cos_loss: 0.00000, total_cos_loss : 0.00867, 
epoch  28 summary: dyn_dyn_cos_loss: 0.00000, dyn_sta_cos_loss: 0.00000, total_cos_loss : 0.00866, 
epoch  29 summary: dyn_dyn_cos_loss: 0.00000, dyn_sta_cos_loss: 0.00000, total_cos_loss : 0.00866, 
epoch  30 summary: dyn_dyn_cos_loss: 0.00000, dyn_sta_cos_loss: 0.00000, total_cos_loss : 0.00865, 
valid loss: 2.2660, valid acc: 0.4707
epoch  31 summary: dyn_dyn_cos_loss: 0.00000, dyn_sta_cos_loss: 0.00000, total_cos_loss : 0.00865, 
epoch  32 summary: dyn_dyn_cos_loss: 0.00000, dyn_sta_cos_loss: 0.00000, total_cos_loss : 0.00864, 
epoch  33 summary: dyn_dyn_cos_loss: 0.00000, dyn_sta_cos_loss: 0.00000, total_cos_loss : 0.00864, 
epoch  34 summary: dyn_dyn_cos_loss: 0.00000, dyn_sta_cos_loss: 0.00000, total_cos_loss : 0.00864, 
epoch  35 summary: dyn_dyn_cos_loss: 0.00000, dyn_sta_cos_loss: 0.00000, total_cos_loss : 0.00863, 
epoch  36 summary: dyn_dyn_cos_loss: 0.00000, dyn_sta_cos_loss: 0.00000, total_cos_loss : 0.00863, 
epoch  37 summary: dyn_dyn_cos_loss: 0.00000, dyn_sta_cos_loss: 0.00000, total_cos_loss : 0.00863, 
epoch  38 summary: dyn_dyn_cos_loss: 0.00000, dyn_sta_cos_loss: 0.00000, total_cos_loss : 0.00862, 
epoch  39 summary: dyn_dyn_cos_loss: 0.00000, dyn_sta_cos_loss: 0.00000, total_cos_loss : 0.00862, 
epoch  40 summary: dyn_dyn_cos_loss: 0.00000, dyn_sta_cos_loss: 0.00000, total_cos_loss : 0.00862, 
valid loss: 2.2617, valid acc: 0.4668
epoch  41 summary: dyn_dyn_cos_loss: 0.00000, dyn_sta_cos_loss: 0.00000, total_cos_loss : 0.00862, 
epoch  42 summary: dyn_dyn_cos_loss: 0.00000, dyn_sta_cos_loss: 0.00000, total_cos_loss : 0.00862, 
epoch  43 summary: dyn_dyn_cos_loss: 0.00000, dyn_sta_cos_loss: 0.00000, total_cos_loss : 0.00862, 
epoch  44 summary: dyn_dyn_cos_loss: 0.00000, dyn_sta_cos_loss: 0.00000, total_cos_loss : 0.00862, 
epoch  45 summary: dyn_dyn_cos_loss: 0.00000, dyn_sta_cos_loss: 0.00000, total_cos_loss : 0.00862, 
epoch  46 summary: dyn_dyn_cos_loss: 0.00000, dyn_sta_cos_loss: 0.00000, total_cos_loss : 0.00861, 
epoch  47 summary: dyn_dyn_cos_loss: 0.00000, dyn_sta_cos_loss: 0.00000, total_cos_loss : 0.00861, 
epoch  48 summary: dyn_dyn_cos_loss: 0.00000, dyn_sta_cos_loss: 0.00000, total_cos_loss : 0.00861, 
epoch  49 summary: dyn_dyn_cos_loss: 0.00000, dyn_sta_cos_loss: 0.00000, total_cos_loss : 0.00861, 
epoch  50 summary: dyn_dyn_cos_loss: 0.00000, dyn_sta_cos_loss: 0.00000, total_cos_loss : 0.00861, 
valid loss: 2.2650, valid acc: 0.4688
epoch  51 summary: dyn_dyn_cos_loss: 0.00000, dyn_sta_cos_loss: 0.00000, total_cos_loss : 0.00861, 
epoch  52 summary: dyn_dyn_cos_loss: 0.00000, dyn_sta_cos_loss: 0.00000, total_cos_loss : 0.00861, 
epoch  53 summary: dyn_dyn_cos_loss: 0.00000, dyn_sta_cos_loss: 0.00000, total_cos_loss : 0.00861, 
epoch  54 summary: dyn_dyn_cos_loss: 0.00000, dyn_sta_cos_loss: 0.00000, total_cos_loss : 0.00861, 
epoch  55 summary: dyn_dyn_cos_loss: 0.00000, dyn_sta_cos_loss: 0.00000, total_cos_loss : 0.00861, 
epoch  56 summary: dyn_dyn_cos_loss: 0.00000, dyn_sta_cos_loss: 0.00000, total_cos_loss : 0.00861, 
epoch  57 summary: dyn_dyn_cos_loss: 0.00000, dyn_sta_cos_loss: 0.00000, total_cos_loss : 0.00861, 
epoch  58 summary: dyn_dyn_cos_loss: 0.00000, dyn_sta_cos_loss: 0.00000, total_cos_loss : 0.00861, 
epoch  59 summary: dyn_dyn_cos_loss: 0.00000, dyn_sta_cos_loss: 0.00000, total_cos_loss : 0.00861, 
epoch  60 summary: dyn_dyn_cos_loss: 0.00000, dyn_sta_cos_loss: 0.00000, total_cos_loss : 0.00861, 
valid loss: 2.2675, valid acc: 0.4688
epoch  61 summary: dyn_dyn_cos_loss: 0.00000, dyn_sta_cos_loss: 0.00000, total_cos_loss : 0.00860, 
epoch  62 summary: dyn_dyn_cos_loss: 0.00000, dyn_sta_cos_loss: 0.00000, total_cos_loss : 0.00860, 
epoch  63 summary: dyn_dyn_cos_loss: 0.00000, dyn_sta_cos_loss: 0.00000, total_cos_loss : 0.00860, 
epoch  64 summary: dyn_dyn_cos_loss: 0.00000, dyn_sta_cos_loss: 0.00000, total_cos_loss : 0.00860, 
epoch  65 summary: dyn_dyn_cos_loss: 0.00000, dyn_sta_cos_loss: 0.00000, total_cos_loss : 0.00860, 
epoch  66 summary: dyn_dyn_cos_loss: 0.00000, dyn_sta_cos_loss: 0.00000, total_cos_loss : 0.00860, 
epoch  67 summary: dyn_dyn_cos_loss: 0.00000, dyn_sta_cos_loss: 0.00000, total_cos_loss : 0.00860, 
epoch  68 summary: dyn_dyn_cos_loss: 0.00000, dyn_sta_cos_loss: 0.00000, total_cos_loss : 0.00860, 
epoch  69 summary: dyn_dyn_cos_loss: 0.00000, dyn_sta_cos_loss: 0.00000, total_cos_loss : 0.00860, 
epoch  70 summary: dyn_dyn_cos_loss: 0.00000, dyn_sta_cos_loss: 0.00000, total_cos_loss : 0.00860, 
valid loss: 2.2620, valid acc: 0.4707
epoch  71 summary: dyn_dyn_cos_loss: 0.00000, dyn_sta_cos_loss: 0.00000, total_cos_loss : 0.00860, 
epoch  72 summary: dyn_dyn_cos_loss: 0.00000, dyn_sta_cos_loss: 0.00000, total_cos_loss : 0.00860, 
epoch  73 summary: dyn_dyn_cos_loss: 0.00000, dyn_sta_cos_loss: 0.00000, total_cos_loss : 0.00860, 
epoch  74 summary: dyn_dyn_cos_loss: 0.00000, dyn_sta_cos_loss: 0.00000, total_cos_loss : 0.00860, 
epoch  75 summary: dyn_dyn_cos_loss: 0.00000, dyn_sta_cos_loss: 0.00000, total_cos_loss : 0.00860, 
epoch  76 summary: dyn_dyn_cos_loss: 0.00000, dyn_sta_cos_loss: 0.00000, total_cos_loss : 0.00860, 
epoch  77 summary: dyn_dyn_cos_loss: 0.00000, dyn_sta_cos_loss: 0.00000, total_cos_loss : 0.00860, 
epoch  78 summary: dyn_dyn_cos_loss: 0.00000, dyn_sta_cos_loss: 0.00000, total_cos_loss : 0.00860, 
epoch  79 summary: dyn_dyn_cos_loss: 0.00000, dyn_sta_cos_loss: 0.00000, total_cos_loss : 0.00859, 
epoch  80 summary: dyn_dyn_cos_loss: 0.00000, dyn_sta_cos_loss: 0.00000, total_cos_loss : 0.00859, 
valid loss: 2.2741, valid acc: 0.4707
epoch  81 summary: dyn_dyn_cos_loss: 0.00000, dyn_sta_cos_loss: 0.00000, total_cos_loss : 0.00859, 
epoch  82 summary: dyn_dyn_cos_loss: 0.00000, dyn_sta_cos_loss: 0.00000, total_cos_loss : 0.00859, 
epoch  83 summary: dyn_dyn_cos_loss: 0.00000, dyn_sta_cos_loss: 0.00000, total_cos_loss : 0.00859, 
epoch  84 summary: dyn_dyn_cos_loss: 0.00000, dyn_sta_cos_loss: 0.00000, total_cos_loss : 0.00859, 
epoch  85 summary: dyn_dyn_cos_loss: 0.00000, dyn_sta_cos_loss: 0.00000, total_cos_loss : 0.00859, 
epoch  86 summary: dyn_dyn_cos_loss: 0.00000, dyn_sta_cos_loss: 0.00000, total_cos_loss : 0.00859, 
epoch  87 summary: dyn_dyn_cos_loss: 0.00000, dyn_sta_cos_loss: 0.00000, total_cos_loss : 0.00859, 
epoch  88 summary: dyn_dyn_cos_loss: 0.00000, dyn_sta_cos_loss: 0.00000, total_cos_loss : 0.00859, 
epoch  89 summary: dyn_dyn_cos_loss: 0.00000, dyn_sta_cos_loss: 0.00000, total_cos_loss : 0.00859, 
epoch  90 summary: dyn_dyn_cos_loss: 0.00000, dyn_sta_cos_loss: 0.00000, total_cos_loss : 0.00859, 
valid loss: 2.2709, valid acc: 0.4688
epoch  91 summary: dyn_dyn_cos_loss: 0.00000, dyn_sta_cos_loss: 0.00000, total_cos_loss : 0.00859, 
epoch  92 summary: dyn_dyn_cos_loss: 0.00000, dyn_sta_cos_loss: 0.00000, total_cos_loss : 0.00859, 
epoch  93 summary: dyn_dyn_cos_loss: 0.00000, dyn_sta_cos_loss: 0.00000, total_cos_loss : 0.00859, 
epoch  94 summary: dyn_dyn_cos_loss: 0.00000, dyn_sta_cos_loss: 0.00000, total_cos_loss : 0.00859, 
epoch  95 summary: dyn_dyn_cos_loss: 0.00000, dyn_sta_cos_loss: 0.00000, total_cos_loss : 0.00859, 
epoch  96 summary: dyn_dyn_cos_loss: 0.00000, dyn_sta_cos_loss: 0.00000, total_cos_loss : 0.00859, 
epoch  97 summary: dyn_dyn_cos_loss: 0.00000, dyn_sta_cos_loss: 0.00000, total_cos_loss : 0.00859, 
epoch  98 summary: dyn_dyn_cos_loss: 0.00000, dyn_sta_cos_loss: 0.00000, total_cos_loss : 0.00859, 
epoch  99 summary: dyn_dyn_cos_loss: 0.00000, dyn_sta_cos_loss: 0.00000, total_cos_loss : 0.00859, 
valid loss: 2.2689, valid acc: 0.4707
all                          31431.700ms
all_epoch                    31424.148ms
all_preparation                  7.529ms
all_preparation_2                6.173ms
all_preparation_3                1.339ms
epoch                          217.195ms
epoch_pos_train                  1.514ms
epoch_preparation                0.360ms
epoch_train                    214.508ms
epoch_valid                      0.337ms
----------------------------------------
all                          31431.700ms
  all_epoch             99.98%
  all_preparation        0.02%
all_preparation                  7.529ms
  all_preparation_2     81.99%
  all_preparation_3     17.79%
epoch                        21719.531ms
  epoch_train           98.76%
  epoch_pos_train        0.70%
  epoch_preparation      0.17%
  epoch_valid            0.16%
