Before CTE Training: train eu loss: 1.063186526298523, eval eu loss: 1.492782711982727
Before CTE Training: train eu acc: 0.6669921875, eval eu acc: 0.560546875
epoch   0 summary: dyn_dyn_loss   : 0.01801, dyn_sta_loss   : 4.16234, tot_dyn_loss   : 0.18379, sta_sta_loss   : 0.02002, 
train loss: 2.4478, train acc: 0.4888
epoch   1 summary: dyn_dyn_loss   : 0.01770, dyn_sta_loss   : 4.04950, tot_dyn_loss   : 0.17897, sta_sta_loss   : 0.02002, 
epoch   2 summary: dyn_dyn_loss   : 0.01714, dyn_sta_loss   : 3.94839, tot_dyn_loss   : 0.17439, sta_sta_loss   : 0.02002, 
epoch   3 summary: dyn_dyn_loss   : 0.01667, dyn_sta_loss   : 3.85745, tot_dyn_loss   : 0.17030, sta_sta_loss   : 0.02002, 
epoch   4 summary: dyn_dyn_loss   : 0.01644, dyn_sta_loss   : 3.77700, tot_dyn_loss   : 0.16686, sta_sta_loss   : 0.02002, 
epoch   5 summary: dyn_dyn_loss   : 0.01648, dyn_sta_loss   : 3.70743, tot_dyn_loss   : 0.16412, sta_sta_loss   : 0.02002, 
epoch   6 summary: dyn_dyn_loss   : 0.01674, dyn_sta_loss   : 3.64525, tot_dyn_loss   : 0.16188, sta_sta_loss   : 0.02002, 
epoch   7 summary: dyn_dyn_loss   : 0.01730, dyn_sta_loss   : 3.59426, tot_dyn_loss   : 0.16037, sta_sta_loss   : 0.02002, 
epoch   8 summary: dyn_dyn_loss   : 0.01791, dyn_sta_loss   : 3.55228, tot_dyn_loss   : 0.15928, sta_sta_loss   : 0.02002, 
epoch   9 summary: dyn_dyn_loss   : 0.01842, dyn_sta_loss   : 3.51847, tot_dyn_loss   : 0.15843, sta_sta_loss   : 0.02002, 
epoch  10 summary: dyn_dyn_loss   : 0.01883, dyn_sta_loss   : 3.49203, tot_dyn_loss   : 0.15776, sta_sta_loss   : 0.02002, 
train loss: 0.0003, train acc: 1.0000
epoch  11 summary: dyn_dyn_loss   : 0.01898, dyn_sta_loss   : 3.47922, tot_dyn_loss   : 0.15739, sta_sta_loss   : 0.02002, 
epoch  12 summary: dyn_dyn_loss   : 0.01910, dyn_sta_loss   : 3.46454, tot_dyn_loss   : 0.15692, sta_sta_loss   : 0.02002, 
epoch  13 summary: dyn_dyn_loss   : 0.01908, dyn_sta_loss   : 3.45684, tot_dyn_loss   : 0.15659, sta_sta_loss   : 0.02002, 
epoch  14 summary: dyn_dyn_loss   : 0.01906, dyn_sta_loss   : 3.44624, tot_dyn_loss   : 0.15614, sta_sta_loss   : 0.02002, 
epoch  15 summary: dyn_dyn_loss   : 0.01905, dyn_sta_loss   : 3.45188, tot_dyn_loss   : 0.15636, sta_sta_loss   : 0.02002, 
epoch  16 summary: dyn_dyn_loss   : 0.01878, dyn_sta_loss   : 3.44823, tot_dyn_loss   : 0.15596, sta_sta_loss   : 0.02002, 
epoch  17 summary: dyn_dyn_loss   : 0.01864, dyn_sta_loss   : 3.44309, tot_dyn_loss   : 0.15562, sta_sta_loss   : 0.02002, 
epoch  18 summary: dyn_dyn_loss   : 0.01852, dyn_sta_loss   : 3.43897, tot_dyn_loss   : 0.15534, sta_sta_loss   : 0.02002, 
epoch  19 summary: dyn_dyn_loss   : 0.01843, dyn_sta_loss   : 3.43478, tot_dyn_loss   : 0.15508, sta_sta_loss   : 0.02002, 
epoch  20 summary: dyn_dyn_loss   : 0.01837, dyn_sta_loss   : 3.43133, tot_dyn_loss   : 0.15489, sta_sta_loss   : 0.02002, 
train loss: 0.0007, train acc: 1.0000
epoch  21 summary: dyn_dyn_loss   : 0.01817, dyn_sta_loss   : 3.43136, tot_dyn_loss   : 0.15469, sta_sta_loss   : 0.02002, 
epoch  22 summary: dyn_dyn_loss   : 0.01805, dyn_sta_loss   : 3.43606, tot_dyn_loss   : 0.15477, sta_sta_loss   : 0.02002, 
epoch  23 summary: dyn_dyn_loss   : 0.01787, dyn_sta_loss   : 3.43568, tot_dyn_loss   : 0.15458, sta_sta_loss   : 0.02002, 
epoch  24 summary: dyn_dyn_loss   : 0.01773, dyn_sta_loss   : 3.43264, tot_dyn_loss   : 0.15432, sta_sta_loss   : 0.02002, 
epoch  25 summary: dyn_dyn_loss   : 0.01764, dyn_sta_loss   : 3.43255, tot_dyn_loss   : 0.15424, sta_sta_loss   : 0.02002, 
epoch  26 summary: dyn_dyn_loss   : 0.01752, dyn_sta_loss   : 3.43072, tot_dyn_loss   : 0.15404, sta_sta_loss   : 0.02002, 
epoch  27 summary: dyn_dyn_loss   : 0.01747, dyn_sta_loss   : 3.43616, tot_dyn_loss   : 0.15422, sta_sta_loss   : 0.02002, 
epoch  28 summary: dyn_dyn_loss   : 0.01733, dyn_sta_loss   : 3.43739, tot_dyn_loss   : 0.15413, sta_sta_loss   : 0.02002, 
epoch  29 summary: dyn_dyn_loss   : 0.01719, dyn_sta_loss   : 3.43901, tot_dyn_loss   : 0.15406, sta_sta_loss   : 0.02002, 
epoch  30 summary: dyn_dyn_loss   : 0.01712, dyn_sta_loss   : 3.43566, tot_dyn_loss   : 0.15386, sta_sta_loss   : 0.02002, 
train loss: 0.0006, train acc: 1.0000
epoch  31 summary: dyn_dyn_loss   : 0.01703, dyn_sta_loss   : 3.44113, tot_dyn_loss   : 0.15399, sta_sta_loss   : 0.02002, 
epoch  32 summary: dyn_dyn_loss   : 0.01692, dyn_sta_loss   : 3.43777, tot_dyn_loss   : 0.15375, sta_sta_loss   : 0.02002, 
epoch  33 summary: dyn_dyn_loss   : 0.01690, dyn_sta_loss   : 3.43748, tot_dyn_loss   : 0.15372, sta_sta_loss   : 0.02002, 
epoch  34 summary: dyn_dyn_loss   : 0.01683, dyn_sta_loss   : 3.43734, tot_dyn_loss   : 0.15365, sta_sta_loss   : 0.02002, 
epoch  35 summary: dyn_dyn_loss   : 0.01680, dyn_sta_loss   : 3.43536, tot_dyn_loss   : 0.15354, sta_sta_loss   : 0.02002, 
epoch  36 summary: dyn_dyn_loss   : 0.01676, dyn_sta_loss   : 3.43840, tot_dyn_loss   : 0.15363, sta_sta_loss   : 0.02002, 
epoch  37 summary: dyn_dyn_loss   : 0.01673, dyn_sta_loss   : 3.43661, tot_dyn_loss   : 0.15353, sta_sta_loss   : 0.02002, 
epoch  38 summary: dyn_dyn_loss   : 0.01669, dyn_sta_loss   : 3.43897, tot_dyn_loss   : 0.15359, sta_sta_loss   : 0.02002, 
epoch  39 summary: dyn_dyn_loss   : 0.01663, dyn_sta_loss   : 3.43535, tot_dyn_loss   : 0.15338, sta_sta_loss   : 0.02002, 
epoch  40 summary: dyn_dyn_loss   : 0.01655, dyn_sta_loss   : 3.43754, tot_dyn_loss   : 0.15339, sta_sta_loss   : 0.02002, 
train loss: 0.0004, train acc: 1.0000
epoch  41 summary: dyn_dyn_loss   : 0.01647, dyn_sta_loss   : 3.44306, tot_dyn_loss   : 0.15353, sta_sta_loss   : 0.02002, 
epoch  42 summary: dyn_dyn_loss   : 0.01642, dyn_sta_loss   : 3.43949, tot_dyn_loss   : 0.15334, sta_sta_loss   : 0.02002, 
epoch  43 summary: dyn_dyn_loss   : 0.01637, dyn_sta_loss   : 3.43893, tot_dyn_loss   : 0.15327, sta_sta_loss   : 0.02002, 
epoch  44 summary: dyn_dyn_loss   : 0.01637, dyn_sta_loss   : 3.44043, tot_dyn_loss   : 0.15333, sta_sta_loss   : 0.02002, 
epoch  45 summary: dyn_dyn_loss   : 0.01633, dyn_sta_loss   : 3.44369, tot_dyn_loss   : 0.15342, sta_sta_loss   : 0.02002, 
epoch  46 summary: dyn_dyn_loss   : 0.01623, dyn_sta_loss   : 3.44258, tot_dyn_loss   : 0.15329, sta_sta_loss   : 0.02002, 
epoch  47 summary: dyn_dyn_loss   : 0.01619, dyn_sta_loss   : 3.43959, tot_dyn_loss   : 0.15312, sta_sta_loss   : 0.02002, 
epoch  48 summary: dyn_dyn_loss   : 0.01617, dyn_sta_loss   : 3.43718, tot_dyn_loss   : 0.15301, sta_sta_loss   : 0.02002, 
epoch  49 summary: dyn_dyn_loss   : 0.01620, dyn_sta_loss   : 3.43944, tot_dyn_loss   : 0.15313, sta_sta_loss   : 0.02002, 
epoch  50 summary: dyn_dyn_loss   : 0.01617, dyn_sta_loss   : 3.43884, tot_dyn_loss   : 0.15307, sta_sta_loss   : 0.02002, 
train loss: 0.0004, train acc: 1.0000
epoch  51 summary: dyn_dyn_loss   : 0.01615, dyn_sta_loss   : 3.43839, tot_dyn_loss   : 0.15304, sta_sta_loss   : 0.02002, 
epoch  52 summary: dyn_dyn_loss   : 0.01616, dyn_sta_loss   : 3.43206, tot_dyn_loss   : 0.15280, sta_sta_loss   : 0.02002, 
epoch  53 summary: dyn_dyn_loss   : 0.01619, dyn_sta_loss   : 3.43835, tot_dyn_loss   : 0.15307, sta_sta_loss   : 0.02002, 
epoch  54 summary: dyn_dyn_loss   : 0.01610, dyn_sta_loss   : 3.44269, tot_dyn_loss   : 0.15316, sta_sta_loss   : 0.02002, 
epoch  55 summary: dyn_dyn_loss   : 0.01607, dyn_sta_loss   : 3.44105, tot_dyn_loss   : 0.15306, sta_sta_loss   : 0.02002, 
epoch  56 summary: dyn_dyn_loss   : 0.01606, dyn_sta_loss   : 3.43592, tot_dyn_loss   : 0.15285, sta_sta_loss   : 0.02002, 
epoch  57 summary: dyn_dyn_loss   : 0.01603, dyn_sta_loss   : 3.44055, tot_dyn_loss   : 0.15301, sta_sta_loss   : 0.02002, 
epoch  58 summary: dyn_dyn_loss   : 0.01598, dyn_sta_loss   : 3.44435, tot_dyn_loss   : 0.15312, sta_sta_loss   : 0.02002, 
epoch  59 summary: dyn_dyn_loss   : 0.01594, dyn_sta_loss   : 3.43965, tot_dyn_loss   : 0.15289, sta_sta_loss   : 0.02002, 
epoch  60 summary: dyn_dyn_loss   : 0.01598, dyn_sta_loss   : 3.43699, tot_dyn_loss   : 0.15282, sta_sta_loss   : 0.02002, 
train loss: 0.0004, train acc: 1.0000
epoch  61 summary: dyn_dyn_loss   : 0.01600, dyn_sta_loss   : 3.43973, tot_dyn_loss   : 0.15294, sta_sta_loss   : 0.02002, 
epoch  62 summary: dyn_dyn_loss   : 0.01596, dyn_sta_loss   : 3.44086, tot_dyn_loss   : 0.15296, sta_sta_loss   : 0.02002, 
epoch  63 summary: dyn_dyn_loss   : 0.01594, dyn_sta_loss   : 3.43841, tot_dyn_loss   : 0.15284, sta_sta_loss   : 0.02002, 
epoch  64 summary: dyn_dyn_loss   : 0.01594, dyn_sta_loss   : 3.43707, tot_dyn_loss   : 0.15278, sta_sta_loss   : 0.02002, 
epoch  65 summary: dyn_dyn_loss   : 0.01597, dyn_sta_loss   : 3.44002, tot_dyn_loss   : 0.15294, sta_sta_loss   : 0.02002, 
epoch  66 summary: dyn_dyn_loss   : 0.01595, dyn_sta_loss   : 3.43589, tot_dyn_loss   : 0.15275, sta_sta_loss   : 0.02002, 
epoch  67 summary: dyn_dyn_loss   : 0.01599, dyn_sta_loss   : 3.43883, tot_dyn_loss   : 0.15290, sta_sta_loss   : 0.02002, 
epoch  68 summary: dyn_dyn_loss   : 0.01595, dyn_sta_loss   : 3.43511, tot_dyn_loss   : 0.15271, sta_sta_loss   : 0.02002, 
epoch  69 summary: dyn_dyn_loss   : 0.01596, dyn_sta_loss   : 3.43331, tot_dyn_loss   : 0.15265, sta_sta_loss   : 0.02002, 
epoch  70 summary: dyn_dyn_loss   : 0.01596, dyn_sta_loss   : 3.43695, tot_dyn_loss   : 0.15280, sta_sta_loss   : 0.02002, 
train loss: 0.0003, train acc: 1.0000
epoch  71 summary: dyn_dyn_loss   : 0.01593, dyn_sta_loss   : 3.43663, tot_dyn_loss   : 0.15276, sta_sta_loss   : 0.02002, 
epoch  72 summary: dyn_dyn_loss   : 0.01589, dyn_sta_loss   : 3.44080, tot_dyn_loss   : 0.15289, sta_sta_loss   : 0.02002, 
epoch  73 summary: dyn_dyn_loss   : 0.01584, dyn_sta_loss   : 3.43912, tot_dyn_loss   : 0.15277, sta_sta_loss   : 0.02002, 
epoch  74 summary: dyn_dyn_loss   : 0.01579, dyn_sta_loss   : 3.43783, tot_dyn_loss   : 0.15268, sta_sta_loss   : 0.02002, 
epoch  75 summary: dyn_dyn_loss   : 0.01577, dyn_sta_loss   : 3.43929, tot_dyn_loss   : 0.15271, sta_sta_loss   : 0.02002, 
epoch  76 summary: dyn_dyn_loss   : 0.01577, dyn_sta_loss   : 3.43904, tot_dyn_loss   : 0.15270, sta_sta_loss   : 0.02002, 
epoch  77 summary: dyn_dyn_loss   : 0.01576, dyn_sta_loss   : 3.44128, tot_dyn_loss   : 0.15278, sta_sta_loss   : 0.02002, 
epoch  78 summary: dyn_dyn_loss   : 0.01573, dyn_sta_loss   : 3.44052, tot_dyn_loss   : 0.15272, sta_sta_loss   : 0.02002, 
epoch  79 summary: dyn_dyn_loss   : 0.01572, dyn_sta_loss   : 3.44345, tot_dyn_loss   : 0.15283, sta_sta_loss   : 0.02002, 
epoch  80 summary: dyn_dyn_loss   : 0.01572, dyn_sta_loss   : 3.43454, tot_dyn_loss   : 0.15247, sta_sta_loss   : 0.02002, 
train loss: 0.0003, train acc: 1.0000
epoch  81 summary: dyn_dyn_loss   : 0.01575, dyn_sta_loss   : 3.43626, tot_dyn_loss   : 0.15257, sta_sta_loss   : 0.02002, 
epoch  82 summary: dyn_dyn_loss   : 0.01575, dyn_sta_loss   : 3.43790, tot_dyn_loss   : 0.15264, sta_sta_loss   : 0.02002, 
epoch  83 summary: dyn_dyn_loss   : 0.01571, dyn_sta_loss   : 3.44415, tot_dyn_loss   : 0.15285, sta_sta_loss   : 0.02002, 
epoch  84 summary: dyn_dyn_loss   : 0.01569, dyn_sta_loss   : 3.43923, tot_dyn_loss   : 0.15263, sta_sta_loss   : 0.02002, 
epoch  85 summary: dyn_dyn_loss   : 0.01569, dyn_sta_loss   : 3.44281, tot_dyn_loss   : 0.15278, sta_sta_loss   : 0.02002, 
epoch  86 summary: dyn_dyn_loss   : 0.01569, dyn_sta_loss   : 3.43925, tot_dyn_loss   : 0.15263, sta_sta_loss   : 0.02002, 
epoch  87 summary: dyn_dyn_loss   : 0.01569, dyn_sta_loss   : 3.43950, tot_dyn_loss   : 0.15264, sta_sta_loss   : 0.02002, 
epoch  88 summary: dyn_dyn_loss   : 0.01566, dyn_sta_loss   : 3.43711, tot_dyn_loss   : 0.15251, sta_sta_loss   : 0.02002, 
epoch  89 summary: dyn_dyn_loss   : 0.01567, dyn_sta_loss   : 3.43330, tot_dyn_loss   : 0.15238, sta_sta_loss   : 0.02002, 
epoch  90 summary: dyn_dyn_loss   : 0.01571, dyn_sta_loss   : 3.44273, tot_dyn_loss   : 0.15279, sta_sta_loss   : 0.02002, 
train loss: 0.0003, train acc: 1.0000
epoch  91 summary: dyn_dyn_loss   : 0.01566, dyn_sta_loss   : 3.43961, tot_dyn_loss   : 0.15262, sta_sta_loss   : 0.02002, 
epoch  92 summary: dyn_dyn_loss   : 0.01566, dyn_sta_loss   : 3.43573, tot_dyn_loss   : 0.15246, sta_sta_loss   : 0.02002, 
epoch  93 summary: dyn_dyn_loss   : 0.01567, dyn_sta_loss   : 3.43629, tot_dyn_loss   : 0.15249, sta_sta_loss   : 0.02002, 
epoch  94 summary: dyn_dyn_loss   : 0.01564, dyn_sta_loss   : 3.43843, tot_dyn_loss   : 0.15256, sta_sta_loss   : 0.02002, 
epoch  95 summary: dyn_dyn_loss   : 0.01559, dyn_sta_loss   : 3.44599, tot_dyn_loss   : 0.15280, sta_sta_loss   : 0.02002, 
epoch  96 summary: dyn_dyn_loss   : 0.01551, dyn_sta_loss   : 3.44384, tot_dyn_loss   : 0.15264, sta_sta_loss   : 0.02002, 
epoch  97 summary: dyn_dyn_loss   : 0.01552, dyn_sta_loss   : 3.44068, tot_dyn_loss   : 0.15252, sta_sta_loss   : 0.02002, 
epoch  98 summary: dyn_dyn_loss   : 0.01556, dyn_sta_loss   : 3.44083, tot_dyn_loss   : 0.15257, sta_sta_loss   : 0.02002, 
epoch  99 summary: dyn_dyn_loss   : 0.01552, dyn_sta_loss   : 3.44262, tot_dyn_loss   : 0.15261, sta_sta_loss   : 0.02002, 
train loss: 0.0004, train acc: 1.0000
all                         202595.059ms
all_epoch                   202236.723ms
all_preparation                358.308ms
all_preparation_2              357.193ms
all_preparation_3                1.092ms
epoch                         1861.046ms
epoch_pos_train                  1.257ms
epoch_preparation                4.052ms
epoch_train                   1853.035ms
epoch_valid                      2.216ms
----------------------------------------
all                         202595.059ms
  all_epoch             99.82%
  all_preparation        0.18%
all_preparation                358.308ms
  all_preparation_2     99.69%
  all_preparation_3      0.30%
epoch                       186104.619ms
  epoch_train           99.57%
  epoch_preparation      0.22%
  epoch_valid            0.12%
  epoch_pos_train        0.07%
epoch   0 summary: dyn_dyn_cos_loss: 0.00000, dyn_sta_cos_loss: 0.00000, total_cos_loss : 0.01679, 
valid loss: 3.9119, valid acc: 0.1445
epoch   1 summary: dyn_dyn_cos_loss: 0.00000, dyn_sta_cos_loss: 0.00000, total_cos_loss : 0.01408, 
epoch   2 summary: dyn_dyn_cos_loss: 0.00000, dyn_sta_cos_loss: 0.00000, total_cos_loss : 0.01227, 
epoch   3 summary: dyn_dyn_cos_loss: 0.00000, dyn_sta_cos_loss: 0.00000, total_cos_loss : 0.01106, 
epoch   4 summary: dyn_dyn_cos_loss: 0.00000, dyn_sta_cos_loss: 0.00000, total_cos_loss : 0.01017, 
epoch   5 summary: dyn_dyn_cos_loss: 0.00000, dyn_sta_cos_loss: 0.00000, total_cos_loss : 0.00941, 
epoch   6 summary: dyn_dyn_cos_loss: 0.00000, dyn_sta_cos_loss: 0.00000, total_cos_loss : 0.00888, 
epoch   7 summary: dyn_dyn_cos_loss: 0.00000, dyn_sta_cos_loss: 0.00000, total_cos_loss : 0.00849, 
epoch   8 summary: dyn_dyn_cos_loss: 0.00000, dyn_sta_cos_loss: 0.00000, total_cos_loss : 0.00815, 
epoch   9 summary: dyn_dyn_cos_loss: 0.00000, dyn_sta_cos_loss: 0.00000, total_cos_loss : 0.00789, 
epoch  10 summary: dyn_dyn_cos_loss: 0.00000, dyn_sta_cos_loss: 0.00000, total_cos_loss : 0.00765, 
valid loss: 2.3811, valid acc: 0.4941
epoch  11 summary: dyn_dyn_cos_loss: 0.00000, dyn_sta_cos_loss: 0.00000, total_cos_loss : 0.00745, 
epoch  12 summary: dyn_dyn_cos_loss: 0.00000, dyn_sta_cos_loss: 0.00000, total_cos_loss : 0.00730, 
epoch  13 summary: dyn_dyn_cos_loss: 0.00000, dyn_sta_cos_loss: 0.00000, total_cos_loss : 0.00718, 
epoch  14 summary: dyn_dyn_cos_loss: 0.00000, dyn_sta_cos_loss: 0.00000, total_cos_loss : 0.00708, 
epoch  15 summary: dyn_dyn_cos_loss: 0.00000, dyn_sta_cos_loss: 0.00000, total_cos_loss : 0.00700, 
epoch  16 summary: dyn_dyn_cos_loss: 0.00000, dyn_sta_cos_loss: 0.00000, total_cos_loss : 0.00693, 
epoch  17 summary: dyn_dyn_cos_loss: 0.00000, dyn_sta_cos_loss: 0.00000, total_cos_loss : 0.00689, 
epoch  18 summary: dyn_dyn_cos_loss: 0.00000, dyn_sta_cos_loss: 0.00000, total_cos_loss : 0.00684, 
epoch  19 summary: dyn_dyn_cos_loss: 0.00000, dyn_sta_cos_loss: 0.00000, total_cos_loss : 0.00678, 
epoch  20 summary: dyn_dyn_cos_loss: 0.00000, dyn_sta_cos_loss: 0.00000, total_cos_loss : 0.00675, 
valid loss: 2.2835, valid acc: 0.4902
epoch  21 summary: dyn_dyn_cos_loss: 0.00000, dyn_sta_cos_loss: 0.00000, total_cos_loss : 0.00672, 
epoch  22 summary: dyn_dyn_cos_loss: 0.00000, dyn_sta_cos_loss: 0.00000, total_cos_loss : 0.00671, 
epoch  23 summary: dyn_dyn_cos_loss: 0.00000, dyn_sta_cos_loss: 0.00000, total_cos_loss : 0.00669, 
epoch  24 summary: dyn_dyn_cos_loss: 0.00000, dyn_sta_cos_loss: 0.00000, total_cos_loss : 0.00667, 
epoch  25 summary: dyn_dyn_cos_loss: 0.00000, dyn_sta_cos_loss: 0.00000, total_cos_loss : 0.00666, 
epoch  26 summary: dyn_dyn_cos_loss: 0.00000, dyn_sta_cos_loss: 0.00000, total_cos_loss : 0.00664, 
epoch  27 summary: dyn_dyn_cos_loss: 0.00000, dyn_sta_cos_loss: 0.00000, total_cos_loss : 0.00662, 
epoch  28 summary: dyn_dyn_cos_loss: 0.00000, dyn_sta_cos_loss: 0.00000, total_cos_loss : 0.00662, 
epoch  29 summary: dyn_dyn_cos_loss: 0.00000, dyn_sta_cos_loss: 0.00000, total_cos_loss : 0.00661, 
epoch  30 summary: dyn_dyn_cos_loss: 0.00000, dyn_sta_cos_loss: 0.00000, total_cos_loss : 0.00660, 
valid loss: 2.2599, valid acc: 0.4961
epoch  31 summary: dyn_dyn_cos_loss: 0.00000, dyn_sta_cos_loss: 0.00000, total_cos_loss : 0.00660, 
epoch  32 summary: dyn_dyn_cos_loss: 0.00000, dyn_sta_cos_loss: 0.00000, total_cos_loss : 0.00659, 
epoch  33 summary: dyn_dyn_cos_loss: 0.00000, dyn_sta_cos_loss: 0.00000, total_cos_loss : 0.00659, 
epoch  34 summary: dyn_dyn_cos_loss: 0.00000, dyn_sta_cos_loss: 0.00000, total_cos_loss : 0.00659, 
epoch  35 summary: dyn_dyn_cos_loss: 0.00000, dyn_sta_cos_loss: 0.00000, total_cos_loss : 0.00658, 
epoch  36 summary: dyn_dyn_cos_loss: 0.00000, dyn_sta_cos_loss: 0.00000, total_cos_loss : 0.00658, 
epoch  37 summary: dyn_dyn_cos_loss: 0.00000, dyn_sta_cos_loss: 0.00000, total_cos_loss : 0.00658, 
epoch  38 summary: dyn_dyn_cos_loss: 0.00000, dyn_sta_cos_loss: 0.00000, total_cos_loss : 0.00657, 
epoch  39 summary: dyn_dyn_cos_loss: 0.00000, dyn_sta_cos_loss: 0.00000, total_cos_loss : 0.00657, 
epoch  40 summary: dyn_dyn_cos_loss: 0.00000, dyn_sta_cos_loss: 0.00000, total_cos_loss : 0.00657, 
valid loss: 2.2297, valid acc: 0.4980
epoch  41 summary: dyn_dyn_cos_loss: 0.00000, dyn_sta_cos_loss: 0.00000, total_cos_loss : 0.00657, 
epoch  42 summary: dyn_dyn_cos_loss: 0.00000, dyn_sta_cos_loss: 0.00000, total_cos_loss : 0.00657, 
epoch  43 summary: dyn_dyn_cos_loss: 0.00000, dyn_sta_cos_loss: 0.00000, total_cos_loss : 0.00656, 
epoch  44 summary: dyn_dyn_cos_loss: 0.00000, dyn_sta_cos_loss: 0.00000, total_cos_loss : 0.00656, 
epoch  45 summary: dyn_dyn_cos_loss: 0.00000, dyn_sta_cos_loss: 0.00000, total_cos_loss : 0.00656, 
epoch  46 summary: dyn_dyn_cos_loss: 0.00000, dyn_sta_cos_loss: 0.00000, total_cos_loss : 0.00656, 
epoch  47 summary: dyn_dyn_cos_loss: 0.00000, dyn_sta_cos_loss: 0.00000, total_cos_loss : 0.00656, 
epoch  48 summary: dyn_dyn_cos_loss: 0.00000, dyn_sta_cos_loss: 0.00000, total_cos_loss : 0.00656, 
epoch  49 summary: dyn_dyn_cos_loss: 0.00000, dyn_sta_cos_loss: 0.00000, total_cos_loss : 0.00656, 
epoch  50 summary: dyn_dyn_cos_loss: 0.00000, dyn_sta_cos_loss: 0.00000, total_cos_loss : 0.00655, 
valid loss: 2.2231, valid acc: 0.4980
epoch  51 summary: dyn_dyn_cos_loss: 0.00000, dyn_sta_cos_loss: 0.00000, total_cos_loss : 0.00655, 
epoch  52 summary: dyn_dyn_cos_loss: 0.00000, dyn_sta_cos_loss: 0.00000, total_cos_loss : 0.00655, 
epoch  53 summary: dyn_dyn_cos_loss: 0.00000, dyn_sta_cos_loss: 0.00000, total_cos_loss : 0.00655, 
epoch  54 summary: dyn_dyn_cos_loss: 0.00000, dyn_sta_cos_loss: 0.00000, total_cos_loss : 0.00655, 
epoch  55 summary: dyn_dyn_cos_loss: 0.00000, dyn_sta_cos_loss: 0.00000, total_cos_loss : 0.00655, 
epoch  56 summary: dyn_dyn_cos_loss: 0.00000, dyn_sta_cos_loss: 0.00000, total_cos_loss : 0.00655, 
epoch  57 summary: dyn_dyn_cos_loss: 0.00000, dyn_sta_cos_loss: 0.00000, total_cos_loss : 0.00655, 
epoch  58 summary: dyn_dyn_cos_loss: 0.00000, dyn_sta_cos_loss: 0.00000, total_cos_loss : 0.00655, 
epoch  59 summary: dyn_dyn_cos_loss: 0.00000, dyn_sta_cos_loss: 0.00000, total_cos_loss : 0.00655, 
epoch  60 summary: dyn_dyn_cos_loss: 0.00000, dyn_sta_cos_loss: 0.00000, total_cos_loss : 0.00655, 
valid loss: 2.2151, valid acc: 0.4961
epoch  61 summary: dyn_dyn_cos_loss: 0.00000, dyn_sta_cos_loss: 0.00000, total_cos_loss : 0.00655, 
epoch  62 summary: dyn_dyn_cos_loss: 0.00000, dyn_sta_cos_loss: 0.00000, total_cos_loss : 0.00655, 
epoch  63 summary: dyn_dyn_cos_loss: 0.00000, dyn_sta_cos_loss: 0.00000, total_cos_loss : 0.00655, 
epoch  64 summary: dyn_dyn_cos_loss: 0.00000, dyn_sta_cos_loss: 0.00000, total_cos_loss : 0.00655, 
epoch  65 summary: dyn_dyn_cos_loss: 0.00000, dyn_sta_cos_loss: 0.00000, total_cos_loss : 0.00655, 
epoch  66 summary: dyn_dyn_cos_loss: 0.00000, dyn_sta_cos_loss: 0.00000, total_cos_loss : 0.00655, 
epoch  67 summary: dyn_dyn_cos_loss: 0.00000, dyn_sta_cos_loss: 0.00000, total_cos_loss : 0.00655, 
epoch  68 summary: dyn_dyn_cos_loss: 0.00000, dyn_sta_cos_loss: 0.00000, total_cos_loss : 0.00655, 
epoch  69 summary: dyn_dyn_cos_loss: 0.00000, dyn_sta_cos_loss: 0.00000, total_cos_loss : 0.00655, 
epoch  70 summary: dyn_dyn_cos_loss: 0.00000, dyn_sta_cos_loss: 0.00000, total_cos_loss : 0.00655, 
valid loss: 2.2183, valid acc: 0.4961
epoch  71 summary: dyn_dyn_cos_loss: 0.00000, dyn_sta_cos_loss: 0.00000, total_cos_loss : 0.00654, 
epoch  72 summary: dyn_dyn_cos_loss: 0.00000, dyn_sta_cos_loss: 0.00000, total_cos_loss : 0.00654, 
epoch  73 summary: dyn_dyn_cos_loss: 0.00000, dyn_sta_cos_loss: 0.00000, total_cos_loss : 0.00654, 
epoch  74 summary: dyn_dyn_cos_loss: 0.00000, dyn_sta_cos_loss: 0.00000, total_cos_loss : 0.00654, 
epoch  75 summary: dyn_dyn_cos_loss: 0.00000, dyn_sta_cos_loss: 0.00000, total_cos_loss : 0.00654, 
epoch  76 summary: dyn_dyn_cos_loss: 0.00000, dyn_sta_cos_loss: 0.00000, total_cos_loss : 0.00654, 
epoch  77 summary: dyn_dyn_cos_loss: 0.00000, dyn_sta_cos_loss: 0.00000, total_cos_loss : 0.00654, 
epoch  78 summary: dyn_dyn_cos_loss: 0.00000, dyn_sta_cos_loss: 0.00000, total_cos_loss : 0.00654, 
epoch  79 summary: dyn_dyn_cos_loss: 0.00000, dyn_sta_cos_loss: 0.00000, total_cos_loss : 0.00654, 
epoch  80 summary: dyn_dyn_cos_loss: 0.00000, dyn_sta_cos_loss: 0.00000, total_cos_loss : 0.00654, 
valid loss: 2.2161, valid acc: 0.4961
epoch  81 summary: dyn_dyn_cos_loss: 0.00000, dyn_sta_cos_loss: 0.00000, total_cos_loss : 0.00654, 
epoch  82 summary: dyn_dyn_cos_loss: 0.00000, dyn_sta_cos_loss: 0.00000, total_cos_loss : 0.00654, 
epoch  83 summary: dyn_dyn_cos_loss: 0.00000, dyn_sta_cos_loss: 0.00000, total_cos_loss : 0.00654, 
epoch  84 summary: dyn_dyn_cos_loss: 0.00000, dyn_sta_cos_loss: 0.00000, total_cos_loss : 0.00654, 
epoch  85 summary: dyn_dyn_cos_loss: 0.00000, dyn_sta_cos_loss: 0.00000, total_cos_loss : 0.00654, 
epoch  86 summary: dyn_dyn_cos_loss: 0.00000, dyn_sta_cos_loss: 0.00000, total_cos_loss : 0.00654, 
epoch  87 summary: dyn_dyn_cos_loss: 0.00000, dyn_sta_cos_loss: 0.00000, total_cos_loss : 0.00654, 
epoch  88 summary: dyn_dyn_cos_loss: 0.00000, dyn_sta_cos_loss: 0.00000, total_cos_loss : 0.00654, 
epoch  89 summary: dyn_dyn_cos_loss: 0.00000, dyn_sta_cos_loss: 0.00000, total_cos_loss : 0.00654, 
epoch  90 summary: dyn_dyn_cos_loss: 0.00000, dyn_sta_cos_loss: 0.00000, total_cos_loss : 0.00654, 
valid loss: 2.2189, valid acc: 0.4941
epoch  91 summary: dyn_dyn_cos_loss: 0.00000, dyn_sta_cos_loss: 0.00000, total_cos_loss : 0.00654, 
epoch  92 summary: dyn_dyn_cos_loss: 0.00000, dyn_sta_cos_loss: 0.00000, total_cos_loss : 0.00654, 
epoch  93 summary: dyn_dyn_cos_loss: 0.00000, dyn_sta_cos_loss: 0.00000, total_cos_loss : 0.00654, 
epoch  94 summary: dyn_dyn_cos_loss: 0.00000, dyn_sta_cos_loss: 0.00000, total_cos_loss : 0.00654, 
epoch  95 summary: dyn_dyn_cos_loss: 0.00000, dyn_sta_cos_loss: 0.00000, total_cos_loss : 0.00654, 
epoch  96 summary: dyn_dyn_cos_loss: 0.00000, dyn_sta_cos_loss: 0.00000, total_cos_loss : 0.00654, 
epoch  97 summary: dyn_dyn_cos_loss: 0.00000, dyn_sta_cos_loss: 0.00000, total_cos_loss : 0.00654, 
epoch  98 summary: dyn_dyn_cos_loss: 0.00000, dyn_sta_cos_loss: 0.00000, total_cos_loss : 0.00654, 
epoch  99 summary: dyn_dyn_cos_loss: 0.00000, dyn_sta_cos_loss: 0.00000, total_cos_loss : 0.00654, 
valid loss: 2.2096, valid acc: 0.4961
all                          56375.784ms
all_epoch                    56344.126ms
all_preparation                 31.639ms
all_preparation_2               30.409ms
all_preparation_3                1.209ms
epoch                          467.975ms
epoch_pos_train                  1.504ms
epoch_preparation                0.288ms
epoch_train                    465.290ms
epoch_valid                      0.499ms
----------------------------------------
all                          56375.784ms
  all_epoch             99.94%
  all_preparation        0.06%
all_preparation                 31.639ms
  all_preparation_2     96.11%
  all_preparation_3      3.82%
epoch                        46797.546ms
  epoch_train           99.43%
  epoch_pos_train        0.32%
  epoch_valid            0.11%
  epoch_preparation      0.06%
