Before CTE Training: train eu loss: 1.063186526298523, eval eu loss: 1.492782711982727
Before CTE Training: train eu acc: 0.6669921875, eval eu acc: 0.560546875
epoch   0 summary: dyn_dyn_loss   : 0.02135, dyn_sta_loss   : 3.95396, tot_dyn_loss   : 0.17865, sta_sta_loss   : 0.02002, 
train loss: 0.2232, train acc: 0.9502
epoch   1 summary: dyn_dyn_loss   : 0.01865, dyn_sta_loss   : 3.57690, tot_dyn_loss   : 0.16098, sta_sta_loss   : 0.02002, 
epoch   2 summary: dyn_dyn_loss   : 0.02284, dyn_sta_loss   : 3.43002, tot_dyn_loss   : 0.15913, sta_sta_loss   : 0.02002, 
epoch   3 summary: dyn_dyn_loss   : 0.02360, dyn_sta_loss   : 3.43500, tot_dyn_loss   : 0.16006, sta_sta_loss   : 0.02002, 
epoch   4 summary: dyn_dyn_loss   : 0.02367, dyn_sta_loss   : 3.41270, tot_dyn_loss   : 0.15923, sta_sta_loss   : 0.02002, 
epoch   5 summary: dyn_dyn_loss   : 0.02359, dyn_sta_loss   : 3.43164, tot_dyn_loss   : 0.15991, sta_sta_loss   : 0.02002, 
epoch   6 summary: dyn_dyn_loss   : 0.02248, dyn_sta_loss   : 3.44181, tot_dyn_loss   : 0.15925, sta_sta_loss   : 0.02002, 
epoch   7 summary: dyn_dyn_loss   : 0.02333, dyn_sta_loss   : 3.42003, tot_dyn_loss   : 0.15920, sta_sta_loss   : 0.02002, 
epoch   8 summary: dyn_dyn_loss   : 0.02290, dyn_sta_loss   : 3.42973, tot_dyn_loss   : 0.15917, sta_sta_loss   : 0.02002, 
epoch   9 summary: dyn_dyn_loss   : 0.02251, dyn_sta_loss   : 3.43194, tot_dyn_loss   : 0.15889, sta_sta_loss   : 0.02002, 
epoch  10 summary: dyn_dyn_loss   : 0.02236, dyn_sta_loss   : 3.43461, tot_dyn_loss   : 0.15885, sta_sta_loss   : 0.02002, 
train loss: 0.0769, train acc: 0.9888
epoch  11 summary: dyn_dyn_loss   : 0.02188, dyn_sta_loss   : 3.43948, tot_dyn_loss   : 0.15859, sta_sta_loss   : 0.02002, 
epoch  12 summary: dyn_dyn_loss   : 0.02152, dyn_sta_loss   : 3.44590, tot_dyn_loss   : 0.15849, sta_sta_loss   : 0.02002, 
epoch  13 summary: dyn_dyn_loss   : 0.02087, dyn_sta_loss   : 3.45100, tot_dyn_loss   : 0.15808, sta_sta_loss   : 0.02002, 
epoch  14 summary: dyn_dyn_loss   : 0.02065, dyn_sta_loss   : 3.45135, tot_dyn_loss   : 0.15788, sta_sta_loss   : 0.02002, 
epoch  15 summary: dyn_dyn_loss   : 0.02012, dyn_sta_loss   : 3.45466, tot_dyn_loss   : 0.15750, sta_sta_loss   : 0.02002, 
epoch  16 summary: dyn_dyn_loss   : 0.01978, dyn_sta_loss   : 3.45648, tot_dyn_loss   : 0.15725, sta_sta_loss   : 0.02002, 
epoch  17 summary: dyn_dyn_loss   : 0.01942, dyn_sta_loss   : 3.45949, tot_dyn_loss   : 0.15702, sta_sta_loss   : 0.02002, 
epoch  18 summary: dyn_dyn_loss   : 0.01912, dyn_sta_loss   : 3.46023, tot_dyn_loss   : 0.15677, sta_sta_loss   : 0.02002, 
epoch  19 summary: dyn_dyn_loss   : 0.01909, dyn_sta_loss   : 3.46136, tot_dyn_loss   : 0.15678, sta_sta_loss   : 0.02002, 
epoch  20 summary: dyn_dyn_loss   : 0.01882, dyn_sta_loss   : 3.46146, tot_dyn_loss   : 0.15653, sta_sta_loss   : 0.02002, 
train loss: 0.1212, train acc: 0.9536
epoch  21 summary: dyn_dyn_loss   : 0.01892, dyn_sta_loss   : 3.46202, tot_dyn_loss   : 0.15664, sta_sta_loss   : 0.02002, 
epoch  22 summary: dyn_dyn_loss   : 0.01869, dyn_sta_loss   : 3.46259, tot_dyn_loss   : 0.15644, sta_sta_loss   : 0.02002, 
epoch  23 summary: dyn_dyn_loss   : 0.01880, dyn_sta_loss   : 3.46394, tot_dyn_loss   : 0.15661, sta_sta_loss   : 0.02002, 
epoch  24 summary: dyn_dyn_loss   : 0.01849, dyn_sta_loss   : 3.46479, tot_dyn_loss   : 0.15635, sta_sta_loss   : 0.02002, 
epoch  25 summary: dyn_dyn_loss   : 0.01871, dyn_sta_loss   : 3.46454, tot_dyn_loss   : 0.15655, sta_sta_loss   : 0.02002, 
epoch  26 summary: dyn_dyn_loss   : 0.01849, dyn_sta_loss   : 3.46533, tot_dyn_loss   : 0.15636, sta_sta_loss   : 0.02002, 
epoch  27 summary: dyn_dyn_loss   : 0.01875, dyn_sta_loss   : 3.46324, tot_dyn_loss   : 0.15653, sta_sta_loss   : 0.02002, 
epoch  28 summary: dyn_dyn_loss   : 0.01851, dyn_sta_loss   : 3.46399, tot_dyn_loss   : 0.15633, sta_sta_loss   : 0.02002, 
epoch  29 summary: dyn_dyn_loss   : 0.01864, dyn_sta_loss   : 3.46534, tot_dyn_loss   : 0.15651, sta_sta_loss   : 0.02002, 
epoch  30 summary: dyn_dyn_loss   : 0.01842, dyn_sta_loss   : 3.46546, tot_dyn_loss   : 0.15630, sta_sta_loss   : 0.02002, 
train loss: 0.1208, train acc: 0.9561
epoch  31 summary: dyn_dyn_loss   : 0.01870, dyn_sta_loss   : 3.46394, tot_dyn_loss   : 0.15651, sta_sta_loss   : 0.02002, 
epoch  32 summary: dyn_dyn_loss   : 0.01849, dyn_sta_loss   : 3.46459, tot_dyn_loss   : 0.15633, sta_sta_loss   : 0.02002, 
epoch  33 summary: dyn_dyn_loss   : 0.01869, dyn_sta_loss   : 3.46390, tot_dyn_loss   : 0.15649, sta_sta_loss   : 0.02002, 
epoch  34 summary: dyn_dyn_loss   : 0.01849, dyn_sta_loss   : 3.46389, tot_dyn_loss   : 0.15631, sta_sta_loss   : 0.02002, 
epoch  35 summary: dyn_dyn_loss   : 0.01872, dyn_sta_loss   : 3.46376, tot_dyn_loss   : 0.15652, sta_sta_loss   : 0.02002, 
epoch  36 summary: dyn_dyn_loss   : 0.01848, dyn_sta_loss   : 3.46424, tot_dyn_loss   : 0.15631, sta_sta_loss   : 0.02002, 
epoch  37 summary: dyn_dyn_loss   : 0.01870, dyn_sta_loss   : 3.46415, tot_dyn_loss   : 0.15652, sta_sta_loss   : 0.02002, 
epoch  38 summary: dyn_dyn_loss   : 0.01848, dyn_sta_loss   : 3.46430, tot_dyn_loss   : 0.15631, sta_sta_loss   : 0.02002, 
epoch  39 summary: dyn_dyn_loss   : 0.01867, dyn_sta_loss   : 3.46516, tot_dyn_loss   : 0.15653, sta_sta_loss   : 0.02002, 
epoch  40 summary: dyn_dyn_loss   : 0.01836, dyn_sta_loss   : 3.46582, tot_dyn_loss   : 0.15626, sta_sta_loss   : 0.02002, 
train loss: 0.1207, train acc: 0.9541
epoch  41 summary: dyn_dyn_loss   : 0.01871, dyn_sta_loss   : 3.46435, tot_dyn_loss   : 0.15653, sta_sta_loss   : 0.02002, 
epoch  42 summary: dyn_dyn_loss   : 0.01849, dyn_sta_loss   : 3.46420, tot_dyn_loss   : 0.15631, sta_sta_loss   : 0.02002, 
epoch  43 summary: dyn_dyn_loss   : 0.01873, dyn_sta_loss   : 3.46473, tot_dyn_loss   : 0.15657, sta_sta_loss   : 0.02002, 
epoch  44 summary: dyn_dyn_loss   : 0.01838, dyn_sta_loss   : 3.46546, tot_dyn_loss   : 0.15626, sta_sta_loss   : 0.02002, 
epoch  45 summary: dyn_dyn_loss   : 0.01870, dyn_sta_loss   : 3.46447, tot_dyn_loss   : 0.15653, sta_sta_loss   : 0.02002, 
epoch  46 summary: dyn_dyn_loss   : 0.01839, dyn_sta_loss   : 3.46502, tot_dyn_loss   : 0.15625, sta_sta_loss   : 0.02002, 
epoch  47 summary: dyn_dyn_loss   : 0.01870, dyn_sta_loss   : 3.46450, tot_dyn_loss   : 0.15653, sta_sta_loss   : 0.02002, 
epoch  48 summary: dyn_dyn_loss   : 0.01838, dyn_sta_loss   : 3.46561, tot_dyn_loss   : 0.15627, sta_sta_loss   : 0.02002, 
epoch  49 summary: dyn_dyn_loss   : 0.01871, dyn_sta_loss   : 3.46348, tot_dyn_loss   : 0.15650, sta_sta_loss   : 0.02002, 
epoch  50 summary: dyn_dyn_loss   : 0.01856, dyn_sta_loss   : 3.46283, tot_dyn_loss   : 0.15633, sta_sta_loss   : 0.02002, 
train loss: 0.1181, train acc: 0.9570
epoch  51 summary: dyn_dyn_loss   : 0.01875, dyn_sta_loss   : 3.46401, tot_dyn_loss   : 0.15656, sta_sta_loss   : 0.02002, 
epoch  52 summary: dyn_dyn_loss   : 0.01846, dyn_sta_loss   : 3.46494, tot_dyn_loss   : 0.15632, sta_sta_loss   : 0.02002, 
epoch  53 summary: dyn_dyn_loss   : 0.01875, dyn_sta_loss   : 3.46294, tot_dyn_loss   : 0.15651, sta_sta_loss   : 0.02002, 
epoch  54 summary: dyn_dyn_loss   : 0.01853, dyn_sta_loss   : 3.46374, tot_dyn_loss   : 0.15634, sta_sta_loss   : 0.02002, 
epoch  55 summary: dyn_dyn_loss   : 0.01868, dyn_sta_loss   : 3.46455, tot_dyn_loss   : 0.15651, sta_sta_loss   : 0.02002, 
epoch  56 summary: dyn_dyn_loss   : 0.01847, dyn_sta_loss   : 3.46492, tot_dyn_loss   : 0.15633, sta_sta_loss   : 0.02002, 
epoch  57 summary: dyn_dyn_loss   : 0.01873, dyn_sta_loss   : 3.46371, tot_dyn_loss   : 0.15653, sta_sta_loss   : 0.02002, 
epoch  58 summary: dyn_dyn_loss   : 0.01850, dyn_sta_loss   : 3.46409, tot_dyn_loss   : 0.15633, sta_sta_loss   : 0.02002, 
epoch  59 summary: dyn_dyn_loss   : 0.01874, dyn_sta_loss   : 3.46302, tot_dyn_loss   : 0.15651, sta_sta_loss   : 0.02002, 
epoch  60 summary: dyn_dyn_loss   : 0.01853, dyn_sta_loss   : 3.46352, tot_dyn_loss   : 0.15633, sta_sta_loss   : 0.02002, 
train loss: 0.1214, train acc: 0.9521
epoch  61 summary: dyn_dyn_loss   : 0.01870, dyn_sta_loss   : 3.46383, tot_dyn_loss   : 0.15650, sta_sta_loss   : 0.02002, 
epoch  62 summary: dyn_dyn_loss   : 0.01849, dyn_sta_loss   : 3.46405, tot_dyn_loss   : 0.15632, sta_sta_loss   : 0.02002, 
epoch  63 summary: dyn_dyn_loss   : 0.01871, dyn_sta_loss   : 3.46384, tot_dyn_loss   : 0.15652, sta_sta_loss   : 0.02002, 
epoch  64 summary: dyn_dyn_loss   : 0.01847, dyn_sta_loss   : 3.46415, tot_dyn_loss   : 0.15630, sta_sta_loss   : 0.02002, 
epoch  65 summary: dyn_dyn_loss   : 0.01872, dyn_sta_loss   : 3.46426, tot_dyn_loss   : 0.15654, sta_sta_loss   : 0.02002, 
epoch  66 summary: dyn_dyn_loss   : 0.01842, dyn_sta_loss   : 3.46546, tot_dyn_loss   : 0.15630, sta_sta_loss   : 0.02002, 
epoch  67 summary: dyn_dyn_loss   : 0.01870, dyn_sta_loss   : 3.46381, tot_dyn_loss   : 0.15650, sta_sta_loss   : 0.02002, 
epoch  68 summary: dyn_dyn_loss   : 0.01843, dyn_sta_loss   : 3.46452, tot_dyn_loss   : 0.15627, sta_sta_loss   : 0.02002, 
epoch  69 summary: dyn_dyn_loss   : 0.01867, dyn_sta_loss   : 3.46415, tot_dyn_loss   : 0.15649, sta_sta_loss   : 0.02002, 
epoch  70 summary: dyn_dyn_loss   : 0.01848, dyn_sta_loss   : 3.46388, tot_dyn_loss   : 0.15630, sta_sta_loss   : 0.02002, 
train loss: 0.1232, train acc: 0.9526
epoch  71 summary: dyn_dyn_loss   : 0.01866, dyn_sta_loss   : 3.46543, tot_dyn_loss   : 0.15653, sta_sta_loss   : 0.02002, 
epoch  72 summary: dyn_dyn_loss   : 0.01840, dyn_sta_loss   : 3.46540, tot_dyn_loss   : 0.15628, sta_sta_loss   : 0.02002, 
epoch  73 summary: dyn_dyn_loss   : 0.01871, dyn_sta_loss   : 3.46497, tot_dyn_loss   : 0.15656, sta_sta_loss   : 0.02002, 
epoch  74 summary: dyn_dyn_loss   : 0.01833, dyn_sta_loss   : 3.46656, tot_dyn_loss   : 0.15626, sta_sta_loss   : 0.02002, 
epoch  75 summary: dyn_dyn_loss   : 0.01869, dyn_sta_loss   : 3.46359, tot_dyn_loss   : 0.15649, sta_sta_loss   : 0.02002, 
epoch  76 summary: dyn_dyn_loss   : 0.01852, dyn_sta_loss   : 3.46342, tot_dyn_loss   : 0.15632, sta_sta_loss   : 0.02002, 
epoch  77 summary: dyn_dyn_loss   : 0.01871, dyn_sta_loss   : 3.46412, tot_dyn_loss   : 0.15652, sta_sta_loss   : 0.02002, 
epoch  78 summary: dyn_dyn_loss   : 0.01848, dyn_sta_loss   : 3.46432, tot_dyn_loss   : 0.15631, sta_sta_loss   : 0.02002, 
epoch  79 summary: dyn_dyn_loss   : 0.01875, dyn_sta_loss   : 3.46282, tot_dyn_loss   : 0.15652, sta_sta_loss   : 0.02002, 
epoch  80 summary: dyn_dyn_loss   : 0.01854, dyn_sta_loss   : 3.46359, tot_dyn_loss   : 0.15634, sta_sta_loss   : 0.02002, 
train loss: 0.1270, train acc: 0.9487
epoch  81 summary: dyn_dyn_loss   : 0.01870, dyn_sta_loss   : 3.46418, tot_dyn_loss   : 0.15652, sta_sta_loss   : 0.02002, 
epoch  82 summary: dyn_dyn_loss   : 0.01847, dyn_sta_loss   : 3.46440, tot_dyn_loss   : 0.15631, sta_sta_loss   : 0.02002, 
epoch  83 summary: dyn_dyn_loss   : 0.01873, dyn_sta_loss   : 3.46379, tot_dyn_loss   : 0.15653, sta_sta_loss   : 0.02002, 
epoch  84 summary: dyn_dyn_loss   : 0.01849, dyn_sta_loss   : 3.46434, tot_dyn_loss   : 0.15633, sta_sta_loss   : 0.02002, 
epoch  85 summary: dyn_dyn_loss   : 0.01866, dyn_sta_loss   : 3.46490, tot_dyn_loss   : 0.15651, sta_sta_loss   : 0.02002, 
epoch  86 summary: dyn_dyn_loss   : 0.01845, dyn_sta_loss   : 3.46491, tot_dyn_loss   : 0.15631, sta_sta_loss   : 0.02002, 
epoch  87 summary: dyn_dyn_loss   : 0.01869, dyn_sta_loss   : 3.46450, tot_dyn_loss   : 0.15653, sta_sta_loss   : 0.02002, 
epoch  88 summary: dyn_dyn_loss   : 0.01847, dyn_sta_loss   : 3.46481, tot_dyn_loss   : 0.15632, sta_sta_loss   : 0.02002, 
epoch  89 summary: dyn_dyn_loss   : 0.01870, dyn_sta_loss   : 3.46440, tot_dyn_loss   : 0.15653, sta_sta_loss   : 0.02002, 
epoch  90 summary: dyn_dyn_loss   : 0.01843, dyn_sta_loss   : 3.46523, tot_dyn_loss   : 0.15630, sta_sta_loss   : 0.02002, 
train loss: 0.1259, train acc: 0.9521
epoch  91 summary: dyn_dyn_loss   : 0.01869, dyn_sta_loss   : 3.46414, tot_dyn_loss   : 0.15651, sta_sta_loss   : 0.02002, 
epoch  92 summary: dyn_dyn_loss   : 0.01842, dyn_sta_loss   : 3.46490, tot_dyn_loss   : 0.15628, sta_sta_loss   : 0.02002, 
epoch  93 summary: dyn_dyn_loss   : 0.01865, dyn_sta_loss   : 3.46455, tot_dyn_loss   : 0.15649, sta_sta_loss   : 0.02002, 
epoch  94 summary: dyn_dyn_loss   : 0.01844, dyn_sta_loss   : 3.46491, tot_dyn_loss   : 0.15630, sta_sta_loss   : 0.02002, 
epoch  95 summary: dyn_dyn_loss   : 0.01869, dyn_sta_loss   : 3.46395, tot_dyn_loss   : 0.15650, sta_sta_loss   : 0.02002, 
epoch  96 summary: dyn_dyn_loss   : 0.01846, dyn_sta_loss   : 3.46428, tot_dyn_loss   : 0.15630, sta_sta_loss   : 0.02002, 
epoch  97 summary: dyn_dyn_loss   : 0.01869, dyn_sta_loss   : 3.46413, tot_dyn_loss   : 0.15651, sta_sta_loss   : 0.02002, 
epoch  98 summary: dyn_dyn_loss   : 0.01848, dyn_sta_loss   : 3.46431, tot_dyn_loss   : 0.15631, sta_sta_loss   : 0.02002, 
epoch  99 summary: dyn_dyn_loss   : 0.01871, dyn_sta_loss   : 3.46389, tot_dyn_loss   : 0.15652, sta_sta_loss   : 0.02002, 
train loss: 0.1149, train acc: 0.9536
all                         173653.129ms
all_epoch                   173287.061ms
all_preparation                366.036ms
all_preparation_2              364.663ms
all_preparation_3                1.350ms
epoch                         1571.060ms
epoch_pos_train                  1.165ms
epoch_preparation                3.438ms
epoch_train                   1563.936ms
epoch_valid                      2.063ms
----------------------------------------
all                         173653.129ms
  all_epoch             99.79%
  all_preparation        0.21%
all_preparation                366.036ms
  all_preparation_2     99.62%
  all_preparation_3      0.37%
epoch                       157106.030ms
  epoch_train           99.55%
  epoch_preparation      0.22%
  epoch_valid            0.13%
  epoch_pos_train        0.07%
epoch   0 summary: dyn_dyn_cos_loss: 0.00000, dyn_sta_cos_loss: 0.00000, total_cos_loss : 0.01464, 
valid loss: 3.9115, valid acc: 0.2539
epoch   1 summary: dyn_dyn_cos_loss: 0.00000, dyn_sta_cos_loss: 0.00000, total_cos_loss : 0.01052, 
epoch   2 summary: dyn_dyn_cos_loss: 0.00000, dyn_sta_cos_loss: 0.00000, total_cos_loss : 0.00959, 
epoch   3 summary: dyn_dyn_cos_loss: 0.00000, dyn_sta_cos_loss: 0.00000, total_cos_loss : 0.00931, 
epoch   4 summary: dyn_dyn_cos_loss: 0.00000, dyn_sta_cos_loss: 0.00000, total_cos_loss : 0.00922, 
epoch   5 summary: dyn_dyn_cos_loss: 0.00000, dyn_sta_cos_loss: 0.00000, total_cos_loss : 0.00917, 
epoch   6 summary: dyn_dyn_cos_loss: 0.00000, dyn_sta_cos_loss: 0.00000, total_cos_loss : 0.00916, 
epoch   7 summary: dyn_dyn_cos_loss: 0.00000, dyn_sta_cos_loss: 0.00000, total_cos_loss : 0.00914, 
epoch   8 summary: dyn_dyn_cos_loss: 0.00000, dyn_sta_cos_loss: 0.00000, total_cos_loss : 0.00913, 
epoch   9 summary: dyn_dyn_cos_loss: 0.00000, dyn_sta_cos_loss: 0.00000, total_cos_loss : 0.00913, 
epoch  10 summary: dyn_dyn_cos_loss: 0.00000, dyn_sta_cos_loss: 0.00000, total_cos_loss : 0.00911, 
valid loss: 3.3804, valid acc: 0.2949
epoch  11 summary: dyn_dyn_cos_loss: 0.00000, dyn_sta_cos_loss: 0.00000, total_cos_loss : 0.00910, 
epoch  12 summary: dyn_dyn_cos_loss: 0.00000, dyn_sta_cos_loss: 0.00000, total_cos_loss : 0.00910, 
epoch  13 summary: dyn_dyn_cos_loss: 0.00000, dyn_sta_cos_loss: 0.00000, total_cos_loss : 0.00909, 
epoch  14 summary: dyn_dyn_cos_loss: 0.00000, dyn_sta_cos_loss: 0.00000, total_cos_loss : 0.00908, 
epoch  15 summary: dyn_dyn_cos_loss: 0.00000, dyn_sta_cos_loss: 0.00000, total_cos_loss : 0.00907, 
epoch  16 summary: dyn_dyn_cos_loss: 0.00000, dyn_sta_cos_loss: 0.00000, total_cos_loss : 0.00907, 
epoch  17 summary: dyn_dyn_cos_loss: 0.00000, dyn_sta_cos_loss: 0.00000, total_cos_loss : 0.00906, 
epoch  18 summary: dyn_dyn_cos_loss: 0.00000, dyn_sta_cos_loss: 0.00000, total_cos_loss : 0.00906, 
epoch  19 summary: dyn_dyn_cos_loss: 0.00000, dyn_sta_cos_loss: 0.00000, total_cos_loss : 0.00906, 
epoch  20 summary: dyn_dyn_cos_loss: 0.00000, dyn_sta_cos_loss: 0.00000, total_cos_loss : 0.00905, 
valid loss: 3.3137, valid acc: 0.2930
epoch  21 summary: dyn_dyn_cos_loss: 0.00000, dyn_sta_cos_loss: 0.00000, total_cos_loss : 0.00905, 
epoch  22 summary: dyn_dyn_cos_loss: 0.00000, dyn_sta_cos_loss: 0.00000, total_cos_loss : 0.00905, 
epoch  23 summary: dyn_dyn_cos_loss: 0.00000, dyn_sta_cos_loss: 0.00000, total_cos_loss : 0.00905, 
epoch  24 summary: dyn_dyn_cos_loss: 0.00000, dyn_sta_cos_loss: 0.00000, total_cos_loss : 0.00905, 
epoch  25 summary: dyn_dyn_cos_loss: 0.00000, dyn_sta_cos_loss: 0.00000, total_cos_loss : 0.00904, 
epoch  26 summary: dyn_dyn_cos_loss: 0.00000, dyn_sta_cos_loss: 0.00000, total_cos_loss : 0.00904, 
epoch  27 summary: dyn_dyn_cos_loss: 0.00000, dyn_sta_cos_loss: 0.00000, total_cos_loss : 0.00904, 
epoch  28 summary: dyn_dyn_cos_loss: 0.00000, dyn_sta_cos_loss: 0.00000, total_cos_loss : 0.00903, 
epoch  29 summary: dyn_dyn_cos_loss: 0.00000, dyn_sta_cos_loss: 0.00000, total_cos_loss : 0.00903, 
epoch  30 summary: dyn_dyn_cos_loss: 0.00000, dyn_sta_cos_loss: 0.00000, total_cos_loss : 0.00903, 
valid loss: 3.2915, valid acc: 0.2891
epoch  31 summary: dyn_dyn_cos_loss: 0.00000, dyn_sta_cos_loss: 0.00000, total_cos_loss : 0.00903, 
epoch  32 summary: dyn_dyn_cos_loss: 0.00000, dyn_sta_cos_loss: 0.00000, total_cos_loss : 0.00903, 
epoch  33 summary: dyn_dyn_cos_loss: 0.00000, dyn_sta_cos_loss: 0.00000, total_cos_loss : 0.00903, 
epoch  34 summary: dyn_dyn_cos_loss: 0.00000, dyn_sta_cos_loss: 0.00000, total_cos_loss : 0.00903, 
epoch  35 summary: dyn_dyn_cos_loss: 0.00000, dyn_sta_cos_loss: 0.00000, total_cos_loss : 0.00903, 
epoch  36 summary: dyn_dyn_cos_loss: 0.00000, dyn_sta_cos_loss: 0.00000, total_cos_loss : 0.00903, 
epoch  37 summary: dyn_dyn_cos_loss: 0.00000, dyn_sta_cos_loss: 0.00000, total_cos_loss : 0.00902, 
epoch  38 summary: dyn_dyn_cos_loss: 0.00000, dyn_sta_cos_loss: 0.00000, total_cos_loss : 0.00902, 
epoch  39 summary: dyn_dyn_cos_loss: 0.00000, dyn_sta_cos_loss: 0.00000, total_cos_loss : 0.00902, 
epoch  40 summary: dyn_dyn_cos_loss: 0.00000, dyn_sta_cos_loss: 0.00000, total_cos_loss : 0.00902, 
valid loss: 3.2648, valid acc: 0.2930
epoch  41 summary: dyn_dyn_cos_loss: 0.00000, dyn_sta_cos_loss: 0.00000, total_cos_loss : 0.00902, 
epoch  42 summary: dyn_dyn_cos_loss: 0.00000, dyn_sta_cos_loss: 0.00000, total_cos_loss : 0.00902, 
epoch  43 summary: dyn_dyn_cos_loss: 0.00000, dyn_sta_cos_loss: 0.00000, total_cos_loss : 0.00902, 
epoch  44 summary: dyn_dyn_cos_loss: 0.00000, dyn_sta_cos_loss: 0.00000, total_cos_loss : 0.00902, 
epoch  45 summary: dyn_dyn_cos_loss: 0.00000, dyn_sta_cos_loss: 0.00000, total_cos_loss : 0.00902, 
epoch  46 summary: dyn_dyn_cos_loss: 0.00000, dyn_sta_cos_loss: 0.00000, total_cos_loss : 0.00902, 
epoch  47 summary: dyn_dyn_cos_loss: 0.00000, dyn_sta_cos_loss: 0.00000, total_cos_loss : 0.00902, 
epoch  48 summary: dyn_dyn_cos_loss: 0.00000, dyn_sta_cos_loss: 0.00000, total_cos_loss : 0.00902, 
epoch  49 summary: dyn_dyn_cos_loss: 0.00000, dyn_sta_cos_loss: 0.00000, total_cos_loss : 0.00902, 
epoch  50 summary: dyn_dyn_cos_loss: 0.00000, dyn_sta_cos_loss: 0.00000, total_cos_loss : 0.00902, 
valid loss: 3.2778, valid acc: 0.2871
epoch  51 summary: dyn_dyn_cos_loss: 0.00000, dyn_sta_cos_loss: 0.00000, total_cos_loss : 0.00902, 
epoch  52 summary: dyn_dyn_cos_loss: 0.00000, dyn_sta_cos_loss: 0.00000, total_cos_loss : 0.00902, 
epoch  53 summary: dyn_dyn_cos_loss: 0.00000, dyn_sta_cos_loss: 0.00000, total_cos_loss : 0.00902, 
epoch  54 summary: dyn_dyn_cos_loss: 0.00000, dyn_sta_cos_loss: 0.00000, total_cos_loss : 0.00902, 
epoch  55 summary: dyn_dyn_cos_loss: 0.00000, dyn_sta_cos_loss: 0.00000, total_cos_loss : 0.00902, 
epoch  56 summary: dyn_dyn_cos_loss: 0.00000, dyn_sta_cos_loss: 0.00000, total_cos_loss : 0.00902, 
epoch  57 summary: dyn_dyn_cos_loss: 0.00000, dyn_sta_cos_loss: 0.00000, total_cos_loss : 0.00901, 
epoch  58 summary: dyn_dyn_cos_loss: 0.00000, dyn_sta_cos_loss: 0.00000, total_cos_loss : 0.00902, 
epoch  59 summary: dyn_dyn_cos_loss: 0.00000, dyn_sta_cos_loss: 0.00000, total_cos_loss : 0.00901, 
epoch  60 summary: dyn_dyn_cos_loss: 0.00000, dyn_sta_cos_loss: 0.00000, total_cos_loss : 0.00901, 
valid loss: 3.2795, valid acc: 0.2852
epoch  61 summary: dyn_dyn_cos_loss: 0.00000, dyn_sta_cos_loss: 0.00000, total_cos_loss : 0.00901, 
epoch  62 summary: dyn_dyn_cos_loss: 0.00000, dyn_sta_cos_loss: 0.00000, total_cos_loss : 0.00901, 
epoch  63 summary: dyn_dyn_cos_loss: 0.00000, dyn_sta_cos_loss: 0.00000, total_cos_loss : 0.00901, 
epoch  64 summary: dyn_dyn_cos_loss: 0.00000, dyn_sta_cos_loss: 0.00000, total_cos_loss : 0.00901, 
epoch  65 summary: dyn_dyn_cos_loss: 0.00000, dyn_sta_cos_loss: 0.00000, total_cos_loss : 0.00901, 
epoch  66 summary: dyn_dyn_cos_loss: 0.00000, dyn_sta_cos_loss: 0.00000, total_cos_loss : 0.00901, 
epoch  67 summary: dyn_dyn_cos_loss: 0.00000, dyn_sta_cos_loss: 0.00000, total_cos_loss : 0.00901, 
epoch  68 summary: dyn_dyn_cos_loss: 0.00000, dyn_sta_cos_loss: 0.00000, total_cos_loss : 0.00901, 
epoch  69 summary: dyn_dyn_cos_loss: 0.00000, dyn_sta_cos_loss: 0.00000, total_cos_loss : 0.00901, 
epoch  70 summary: dyn_dyn_cos_loss: 0.00000, dyn_sta_cos_loss: 0.00000, total_cos_loss : 0.00901, 
valid loss: 3.2757, valid acc: 0.2832
epoch  71 summary: dyn_dyn_cos_loss: 0.00000, dyn_sta_cos_loss: 0.00000, total_cos_loss : 0.00901, 
epoch  72 summary: dyn_dyn_cos_loss: 0.00000, dyn_sta_cos_loss: 0.00000, total_cos_loss : 0.00901, 
epoch  73 summary: dyn_dyn_cos_loss: 0.00000, dyn_sta_cos_loss: 0.00000, total_cos_loss : 0.00901, 
epoch  74 summary: dyn_dyn_cos_loss: 0.00000, dyn_sta_cos_loss: 0.00000, total_cos_loss : 0.00901, 
epoch  75 summary: dyn_dyn_cos_loss: 0.00000, dyn_sta_cos_loss: 0.00000, total_cos_loss : 0.00901, 
epoch  76 summary: dyn_dyn_cos_loss: 0.00000, dyn_sta_cos_loss: 0.00000, total_cos_loss : 0.00901, 
epoch  77 summary: dyn_dyn_cos_loss: 0.00000, dyn_sta_cos_loss: 0.00000, total_cos_loss : 0.00901, 
epoch  78 summary: dyn_dyn_cos_loss: 0.00000, dyn_sta_cos_loss: 0.00000, total_cos_loss : 0.00901, 
epoch  79 summary: dyn_dyn_cos_loss: 0.00000, dyn_sta_cos_loss: 0.00000, total_cos_loss : 0.00901, 
epoch  80 summary: dyn_dyn_cos_loss: 0.00000, dyn_sta_cos_loss: 0.00000, total_cos_loss : 0.00901, 
valid loss: 3.2903, valid acc: 0.2812
epoch  81 summary: dyn_dyn_cos_loss: 0.00000, dyn_sta_cos_loss: 0.00000, total_cos_loss : 0.00901, 
epoch  82 summary: dyn_dyn_cos_loss: 0.00000, dyn_sta_cos_loss: 0.00000, total_cos_loss : 0.00901, 
epoch  83 summary: dyn_dyn_cos_loss: 0.00000, dyn_sta_cos_loss: 0.00000, total_cos_loss : 0.00901, 
epoch  84 summary: dyn_dyn_cos_loss: 0.00000, dyn_sta_cos_loss: 0.00000, total_cos_loss : 0.00901, 
epoch  85 summary: dyn_dyn_cos_loss: 0.00000, dyn_sta_cos_loss: 0.00000, total_cos_loss : 0.00901, 
epoch  86 summary: dyn_dyn_cos_loss: 0.00000, dyn_sta_cos_loss: 0.00000, total_cos_loss : 0.00901, 
epoch  87 summary: dyn_dyn_cos_loss: 0.00000, dyn_sta_cos_loss: 0.00000, total_cos_loss : 0.00901, 
epoch  88 summary: dyn_dyn_cos_loss: 0.00000, dyn_sta_cos_loss: 0.00000, total_cos_loss : 0.00901, 
epoch  89 summary: dyn_dyn_cos_loss: 0.00000, dyn_sta_cos_loss: 0.00000, total_cos_loss : 0.00901, 
epoch  90 summary: dyn_dyn_cos_loss: 0.00000, dyn_sta_cos_loss: 0.00000, total_cos_loss : 0.00901, 
valid loss: 3.2743, valid acc: 0.2832
epoch  91 summary: dyn_dyn_cos_loss: 0.00000, dyn_sta_cos_loss: 0.00000, total_cos_loss : 0.00901, 
epoch  92 summary: dyn_dyn_cos_loss: 0.00000, dyn_sta_cos_loss: 0.00000, total_cos_loss : 0.00900, 
epoch  93 summary: dyn_dyn_cos_loss: 0.00000, dyn_sta_cos_loss: 0.00000, total_cos_loss : 0.00900, 
epoch  94 summary: dyn_dyn_cos_loss: 0.00000, dyn_sta_cos_loss: 0.00000, total_cos_loss : 0.00901, 
epoch  95 summary: dyn_dyn_cos_loss: 0.00000, dyn_sta_cos_loss: 0.00000, total_cos_loss : 0.00901, 
epoch  96 summary: dyn_dyn_cos_loss: 0.00000, dyn_sta_cos_loss: 0.00000, total_cos_loss : 0.00900, 
epoch  97 summary: dyn_dyn_cos_loss: 0.00000, dyn_sta_cos_loss: 0.00000, total_cos_loss : 0.00900, 
epoch  98 summary: dyn_dyn_cos_loss: 0.00000, dyn_sta_cos_loss: 0.00000, total_cos_loss : 0.00900, 
epoch  99 summary: dyn_dyn_cos_loss: 0.00000, dyn_sta_cos_loss: 0.00000, total_cos_loss : 0.00900, 
valid loss: 3.3257, valid acc: 0.2812
all                          48654.067ms
all_epoch                    48622.592ms
all_preparation                 31.453ms
all_preparation_2               30.071ms
all_preparation_3                1.361ms
epoch                          389.694ms
epoch_pos_train                  1.629ms
epoch_preparation                0.296ms
epoch_train                    386.895ms
epoch_valid                      0.484ms
----------------------------------------
all                          48654.067ms
  all_epoch             99.94%
  all_preparation        0.06%
all_preparation                 31.453ms
  all_preparation_2     95.60%
  all_preparation_3      4.33%
epoch                        38969.397ms
  epoch_train           99.28%
  epoch_pos_train        0.42%
  epoch_valid            0.12%
  epoch_preparation      0.08%
