Before CTE Training: train eu loss: 1.063186526298523, eval eu loss: 1.492782711982727
Before CTE Training: train eu acc: 0.6669921875, eval eu acc: 0.560546875
epoch   0 summary: dyn_dyn_loss   : 0.08190, dyn_sta_loss   : 4.10946, tot_dyn_loss   : 0.56521, sta_sta_loss   : 0.12050, 
train loss: 1.6180, train acc: 0.6836
epoch   1 summary: dyn_dyn_loss   : 0.07831, dyn_sta_loss   : 3.75893, tot_dyn_loss   : 0.51999, sta_sta_loss   : 0.12050, 
epoch   2 summary: dyn_dyn_loss   : 0.07470, dyn_sta_loss   : 3.47043, tot_dyn_loss   : 0.48218, sta_sta_loss   : 0.12050, 
epoch   3 summary: dyn_dyn_loss   : 0.07450, dyn_sta_loss   : 3.22665, tot_dyn_loss   : 0.45276, sta_sta_loss   : 0.12050, 
epoch   4 summary: dyn_dyn_loss   : 0.07897, dyn_sta_loss   : 3.05028, tot_dyn_loss   : 0.43553, sta_sta_loss   : 0.12050, 
epoch   5 summary: dyn_dyn_loss   : 0.08662, dyn_sta_loss   : 2.91350, tot_dyn_loss   : 0.42585, sta_sta_loss   : 0.12050, 
epoch   6 summary: dyn_dyn_loss   : 0.09506, dyn_sta_loss   : 2.80883, tot_dyn_loss   : 0.42071, sta_sta_loss   : 0.12050, 
epoch   7 summary: dyn_dyn_loss   : 0.10016, dyn_sta_loss   : 2.76082, tot_dyn_loss   : 0.41944, sta_sta_loss   : 0.12050, 
epoch   8 summary: dyn_dyn_loss   : 0.10366, dyn_sta_loss   : 2.70764, tot_dyn_loss   : 0.41614, sta_sta_loss   : 0.12050, 
epoch   9 summary: dyn_dyn_loss   : 0.10515, dyn_sta_loss   : 2.68815, tot_dyn_loss   : 0.41511, sta_sta_loss   : 0.12050, 
epoch  10 summary: dyn_dyn_loss   : 0.10586, dyn_sta_loss   : 2.67081, tot_dyn_loss   : 0.41366, sta_sta_loss   : 0.12050, 
train loss: 0.0002, train acc: 1.0000
epoch  11 summary: dyn_dyn_loss   : 0.10728, dyn_sta_loss   : 2.66977, tot_dyn_loss   : 0.41477, sta_sta_loss   : 0.12050, 
epoch  12 summary: dyn_dyn_loss   : 0.10643, dyn_sta_loss   : 2.67553, tot_dyn_loss   : 0.41472, sta_sta_loss   : 0.12050, 
epoch  13 summary: dyn_dyn_loss   : 0.10605, dyn_sta_loss   : 2.67647, tot_dyn_loss   : 0.41450, sta_sta_loss   : 0.12050, 
epoch  14 summary: dyn_dyn_loss   : 0.10569, dyn_sta_loss   : 2.67372, tot_dyn_loss   : 0.41385, sta_sta_loss   : 0.12050, 
epoch  15 summary: dyn_dyn_loss   : 0.10537, dyn_sta_loss   : 2.67755, tot_dyn_loss   : 0.41403, sta_sta_loss   : 0.12050, 
epoch  16 summary: dyn_dyn_loss   : 0.10520, dyn_sta_loss   : 2.66070, tot_dyn_loss   : 0.41186, sta_sta_loss   : 0.12050, 
epoch  17 summary: dyn_dyn_loss   : 0.10551, dyn_sta_loss   : 2.66914, tot_dyn_loss   : 0.41314, sta_sta_loss   : 0.12050, 
epoch  18 summary: dyn_dyn_loss   : 0.10530, dyn_sta_loss   : 2.65638, tot_dyn_loss   : 0.41143, sta_sta_loss   : 0.12050, 
epoch  19 summary: dyn_dyn_loss   : 0.10588, dyn_sta_loss   : 2.65534, tot_dyn_loss   : 0.41182, sta_sta_loss   : 0.12050, 
epoch  20 summary: dyn_dyn_loss   : 0.10565, dyn_sta_loss   : 2.64750, tot_dyn_loss   : 0.41067, sta_sta_loss   : 0.12050, 
train loss: 0.0002, train acc: 1.0000
epoch  21 summary: dyn_dyn_loss   : 0.10623, dyn_sta_loss   : 2.65415, tot_dyn_loss   : 0.41198, sta_sta_loss   : 0.12050, 
epoch  22 summary: dyn_dyn_loss   : 0.10462, dyn_sta_loss   : 2.67092, tot_dyn_loss   : 0.41258, sta_sta_loss   : 0.12050, 
epoch  23 summary: dyn_dyn_loss   : 0.10417, dyn_sta_loss   : 2.66591, tot_dyn_loss   : 0.41158, sta_sta_loss   : 0.12050, 
epoch  24 summary: dyn_dyn_loss   : 0.10458, dyn_sta_loss   : 2.66357, tot_dyn_loss   : 0.41166, sta_sta_loss   : 0.12050, 
epoch  25 summary: dyn_dyn_loss   : 0.10462, dyn_sta_loss   : 2.65876, tot_dyn_loss   : 0.41111, sta_sta_loss   : 0.12050, 
epoch  26 summary: dyn_dyn_loss   : 0.10434, dyn_sta_loss   : 2.65534, tot_dyn_loss   : 0.41046, sta_sta_loss   : 0.12050, 
epoch  27 summary: dyn_dyn_loss   : 0.10476, dyn_sta_loss   : 2.64714, tot_dyn_loss   : 0.40985, sta_sta_loss   : 0.12050, 
epoch  28 summary: dyn_dyn_loss   : 0.10449, dyn_sta_loss   : 2.68459, tot_dyn_loss   : 0.41411, sta_sta_loss   : 0.12050, 
epoch  29 summary: dyn_dyn_loss   : 0.10307, dyn_sta_loss   : 2.67224, tot_dyn_loss   : 0.41137, sta_sta_loss   : 0.12050, 
epoch  30 summary: dyn_dyn_loss   : 0.10324, dyn_sta_loss   : 2.66687, tot_dyn_loss   : 0.41088, sta_sta_loss   : 0.12050, 
train loss: 0.0003, train acc: 1.0000
epoch  31 summary: dyn_dyn_loss   : 0.10337, dyn_sta_loss   : 2.68163, tot_dyn_loss   : 0.41276, sta_sta_loss   : 0.12050, 
epoch  32 summary: dyn_dyn_loss   : 0.10259, dyn_sta_loss   : 2.67012, tot_dyn_loss   : 0.41070, sta_sta_loss   : 0.12050, 
epoch  33 summary: dyn_dyn_loss   : 0.10368, dyn_sta_loss   : 2.66848, tot_dyn_loss   : 0.41146, sta_sta_loss   : 0.12050, 
epoch  34 summary: dyn_dyn_loss   : 0.10318, dyn_sta_loss   : 2.65689, tot_dyn_loss   : 0.40962, sta_sta_loss   : 0.12050, 
epoch  35 summary: dyn_dyn_loss   : 0.10348, dyn_sta_loss   : 2.65809, tot_dyn_loss   : 0.41003, sta_sta_loss   : 0.12050, 
epoch  36 summary: dyn_dyn_loss   : 0.10322, dyn_sta_loss   : 2.66652, tot_dyn_loss   : 0.41082, sta_sta_loss   : 0.12050, 
epoch  37 summary: dyn_dyn_loss   : 0.10307, dyn_sta_loss   : 2.67171, tot_dyn_loss   : 0.41131, sta_sta_loss   : 0.12050, 
epoch  38 summary: dyn_dyn_loss   : 0.10268, dyn_sta_loss   : 2.67985, tot_dyn_loss   : 0.41194, sta_sta_loss   : 0.12050, 
epoch  39 summary: dyn_dyn_loss   : 0.10270, dyn_sta_loss   : 2.66990, tot_dyn_loss   : 0.41076, sta_sta_loss   : 0.12050, 
epoch  40 summary: dyn_dyn_loss   : 0.10301, dyn_sta_loss   : 2.66633, tot_dyn_loss   : 0.41060, sta_sta_loss   : 0.12050, 
train loss: 0.0003, train acc: 1.0000
epoch  41 summary: dyn_dyn_loss   : 0.10255, dyn_sta_loss   : 2.67309, tot_dyn_loss   : 0.41101, sta_sta_loss   : 0.12050, 
epoch  42 summary: dyn_dyn_loss   : 0.10224, dyn_sta_loss   : 2.66724, tot_dyn_loss   : 0.41004, sta_sta_loss   : 0.12050, 
epoch  43 summary: dyn_dyn_loss   : 0.10246, dyn_sta_loss   : 2.67456, tot_dyn_loss   : 0.41111, sta_sta_loss   : 0.12050, 
epoch  44 summary: dyn_dyn_loss   : 0.10207, dyn_sta_loss   : 2.67775, tot_dyn_loss   : 0.41115, sta_sta_loss   : 0.12050, 
epoch  45 summary: dyn_dyn_loss   : 0.10184, dyn_sta_loss   : 2.66789, tot_dyn_loss   : 0.40976, sta_sta_loss   : 0.12050, 
epoch  46 summary: dyn_dyn_loss   : 0.10199, dyn_sta_loss   : 2.65748, tot_dyn_loss   : 0.40865, sta_sta_loss   : 0.12050, 
epoch  47 summary: dyn_dyn_loss   : 0.10182, dyn_sta_loss   : 2.68182, tot_dyn_loss   : 0.41142, sta_sta_loss   : 0.12050, 
epoch  48 summary: dyn_dyn_loss   : 0.10105, dyn_sta_loss   : 2.66153, tot_dyn_loss   : 0.40831, sta_sta_loss   : 0.12050, 
epoch  49 summary: dyn_dyn_loss   : 0.10148, dyn_sta_loss   : 2.68242, tot_dyn_loss   : 0.41119, sta_sta_loss   : 0.12050, 
epoch  50 summary: dyn_dyn_loss   : 0.10037, dyn_sta_loss   : 2.67470, tot_dyn_loss   : 0.40929, sta_sta_loss   : 0.12050, 
train loss: 0.0004, train acc: 1.0000
epoch  51 summary: dyn_dyn_loss   : 0.10073, dyn_sta_loss   : 2.66591, tot_dyn_loss   : 0.40855, sta_sta_loss   : 0.12050, 
epoch  52 summary: dyn_dyn_loss   : 0.10067, dyn_sta_loss   : 2.67345, tot_dyn_loss   : 0.40940, sta_sta_loss   : 0.12050, 
epoch  53 summary: dyn_dyn_loss   : 0.09990, dyn_sta_loss   : 2.68656, tot_dyn_loss   : 0.41030, sta_sta_loss   : 0.12050, 
epoch  54 summary: dyn_dyn_loss   : 0.09945, dyn_sta_loss   : 2.67577, tot_dyn_loss   : 0.40861, sta_sta_loss   : 0.12050, 
epoch  55 summary: dyn_dyn_loss   : 0.10014, dyn_sta_loss   : 2.67396, tot_dyn_loss   : 0.40900, sta_sta_loss   : 0.12050, 
epoch  56 summary: dyn_dyn_loss   : 0.09989, dyn_sta_loss   : 2.69176, tot_dyn_loss   : 0.41091, sta_sta_loss   : 0.12050, 
epoch  57 summary: dyn_dyn_loss   : 0.09899, dyn_sta_loss   : 2.67540, tot_dyn_loss   : 0.40816, sta_sta_loss   : 0.12050, 
epoch  58 summary: dyn_dyn_loss   : 0.09911, dyn_sta_loss   : 2.68512, tot_dyn_loss   : 0.40943, sta_sta_loss   : 0.12050, 
epoch  59 summary: dyn_dyn_loss   : 0.09832, dyn_sta_loss   : 2.69096, tot_dyn_loss   : 0.40943, sta_sta_loss   : 0.12050, 
epoch  60 summary: dyn_dyn_loss   : 0.09826, dyn_sta_loss   : 2.68338, tot_dyn_loss   : 0.40847, sta_sta_loss   : 0.12050, 
train loss: 0.0007, train acc: 1.0000
epoch  61 summary: dyn_dyn_loss   : 0.09838, dyn_sta_loss   : 2.68625, tot_dyn_loss   : 0.40892, sta_sta_loss   : 0.12050, 
epoch  62 summary: dyn_dyn_loss   : 0.09827, dyn_sta_loss   : 2.67583, tot_dyn_loss   : 0.40758, sta_sta_loss   : 0.12050, 
epoch  63 summary: dyn_dyn_loss   : 0.09843, dyn_sta_loss   : 2.68623, tot_dyn_loss   : 0.40897, sta_sta_loss   : 0.12050, 
epoch  64 summary: dyn_dyn_loss   : 0.09778, dyn_sta_loss   : 2.68826, tot_dyn_loss   : 0.40864, sta_sta_loss   : 0.12050, 
epoch  65 summary: dyn_dyn_loss   : 0.09765, dyn_sta_loss   : 2.68028, tot_dyn_loss   : 0.40756, sta_sta_loss   : 0.12050, 
epoch  66 summary: dyn_dyn_loss   : 0.09775, dyn_sta_loss   : 2.68822, tot_dyn_loss   : 0.40860, sta_sta_loss   : 0.12050, 
epoch  67 summary: dyn_dyn_loss   : 0.09704, dyn_sta_loss   : 2.70448, tot_dyn_loss   : 0.40993, sta_sta_loss   : 0.12050, 
epoch  68 summary: dyn_dyn_loss   : 0.09629, dyn_sta_loss   : 2.69607, tot_dyn_loss   : 0.40827, sta_sta_loss   : 0.12050, 
epoch  69 summary: dyn_dyn_loss   : 0.09658, dyn_sta_loss   : 2.67180, tot_dyn_loss   : 0.40561, sta_sta_loss   : 0.12050, 
epoch  70 summary: dyn_dyn_loss   : 0.09715, dyn_sta_loss   : 2.70334, tot_dyn_loss   : 0.40989, sta_sta_loss   : 0.12050, 
train loss: 0.0004, train acc: 1.0000
epoch  71 summary: dyn_dyn_loss   : 0.09542, dyn_sta_loss   : 2.68579, tot_dyn_loss   : 0.40626, sta_sta_loss   : 0.12050, 
epoch  72 summary: dyn_dyn_loss   : 0.09601, dyn_sta_loss   : 2.67923, tot_dyn_loss   : 0.40599, sta_sta_loss   : 0.12050, 
epoch  73 summary: dyn_dyn_loss   : 0.09615, dyn_sta_loss   : 2.68876, tot_dyn_loss   : 0.40727, sta_sta_loss   : 0.12050, 
epoch  74 summary: dyn_dyn_loss   : 0.09533, dyn_sta_loss   : 2.69419, tot_dyn_loss   : 0.40719, sta_sta_loss   : 0.12050, 
epoch  75 summary: dyn_dyn_loss   : 0.09497, dyn_sta_loss   : 2.68425, tot_dyn_loss   : 0.40568, sta_sta_loss   : 0.12050, 
epoch  76 summary: dyn_dyn_loss   : 0.09509, dyn_sta_loss   : 2.67877, tot_dyn_loss   : 0.40513, sta_sta_loss   : 0.12050, 
epoch  77 summary: dyn_dyn_loss   : 0.09543, dyn_sta_loss   : 2.67545, tot_dyn_loss   : 0.40503, sta_sta_loss   : 0.12050, 
epoch  78 summary: dyn_dyn_loss   : 0.09545, dyn_sta_loss   : 2.71379, tot_dyn_loss   : 0.40965, sta_sta_loss   : 0.12050, 
epoch  79 summary: dyn_dyn_loss   : 0.09389, dyn_sta_loss   : 2.69351, tot_dyn_loss   : 0.40585, sta_sta_loss   : 0.12050, 
epoch  80 summary: dyn_dyn_loss   : 0.09454, dyn_sta_loss   : 2.67402, tot_dyn_loss   : 0.40408, sta_sta_loss   : 0.12050, 
train loss: 0.0002, train acc: 1.0000
epoch  81 summary: dyn_dyn_loss   : 0.09558, dyn_sta_loss   : 2.67636, tot_dyn_loss   : 0.40527, sta_sta_loss   : 0.12050, 
epoch  82 summary: dyn_dyn_loss   : 0.09524, dyn_sta_loss   : 2.69501, tot_dyn_loss   : 0.40721, sta_sta_loss   : 0.12050, 
epoch  83 summary: dyn_dyn_loss   : 0.09441, dyn_sta_loss   : 2.70503, tot_dyn_loss   : 0.40769, sta_sta_loss   : 0.12050, 
epoch  84 summary: dyn_dyn_loss   : 0.09402, dyn_sta_loss   : 2.68515, tot_dyn_loss   : 0.40496, sta_sta_loss   : 0.12050, 
epoch  85 summary: dyn_dyn_loss   : 0.09466, dyn_sta_loss   : 2.69319, tot_dyn_loss   : 0.40648, sta_sta_loss   : 0.12050, 
epoch  86 summary: dyn_dyn_loss   : 0.09441, dyn_sta_loss   : 2.68830, tot_dyn_loss   : 0.40567, sta_sta_loss   : 0.12050, 
epoch  87 summary: dyn_dyn_loss   : 0.09451, dyn_sta_loss   : 2.70908, tot_dyn_loss   : 0.40826, sta_sta_loss   : 0.12050, 
epoch  88 summary: dyn_dyn_loss   : 0.09358, dyn_sta_loss   : 2.69286, tot_dyn_loss   : 0.40549, sta_sta_loss   : 0.12050, 
epoch  89 summary: dyn_dyn_loss   : 0.09429, dyn_sta_loss   : 2.67300, tot_dyn_loss   : 0.40373, sta_sta_loss   : 0.12050, 
epoch  90 summary: dyn_dyn_loss   : 0.09469, dyn_sta_loss   : 2.68926, tot_dyn_loss   : 0.40604, sta_sta_loss   : 0.12050, 
train loss: 0.0004, train acc: 1.0000
epoch  91 summary: dyn_dyn_loss   : 0.09438, dyn_sta_loss   : 2.68291, tot_dyn_loss   : 0.40500, sta_sta_loss   : 0.12050, 
epoch  92 summary: dyn_dyn_loss   : 0.09453, dyn_sta_loss   : 2.70093, tot_dyn_loss   : 0.40730, sta_sta_loss   : 0.12050, 
epoch  93 summary: dyn_dyn_loss   : 0.09390, dyn_sta_loss   : 2.68267, tot_dyn_loss   : 0.40455, sta_sta_loss   : 0.12050, 
epoch  94 summary: dyn_dyn_loss   : 0.09454, dyn_sta_loss   : 2.67363, tot_dyn_loss   : 0.40403, sta_sta_loss   : 0.12050, 
epoch  95 summary: dyn_dyn_loss   : 0.09418, dyn_sta_loss   : 2.69120, tot_dyn_loss   : 0.40583, sta_sta_loss   : 0.12050, 
epoch  96 summary: dyn_dyn_loss   : 0.09417, dyn_sta_loss   : 2.68641, tot_dyn_loss   : 0.40524, sta_sta_loss   : 0.12050, 
epoch  97 summary: dyn_dyn_loss   : 0.09427, dyn_sta_loss   : 2.69483, tot_dyn_loss   : 0.40633, sta_sta_loss   : 0.12050, 
epoch  98 summary: dyn_dyn_loss   : 0.09391, dyn_sta_loss   : 2.69073, tot_dyn_loss   : 0.40553, sta_sta_loss   : 0.12050, 
epoch  99 summary: dyn_dyn_loss   : 0.09364, dyn_sta_loss   : 2.68620, tot_dyn_loss   : 0.40475, sta_sta_loss   : 0.12050, 
train loss: 0.0003, train acc: 1.0000
all                         187860.865ms
all_epoch                   187489.514ms
all_preparation                371.323ms
all_preparation_2              369.929ms
all_preparation_3                1.371ms
epoch                         1713.386ms
epoch_pos_train                  1.274ms
epoch_preparation                3.661ms
epoch_train                   1705.817ms
epoch_valid                      2.148ms
----------------------------------------
all                         187860.865ms
  all_epoch             99.80%
  all_preparation        0.20%
all_preparation                371.323ms
  all_preparation_2     99.62%
  all_preparation_3      0.37%
epoch                       171338.602ms
  epoch_train           99.56%
  epoch_preparation      0.21%
  epoch_valid            0.13%
  epoch_pos_train        0.07%
epoch   0 summary: dyn_dyn_cos_loss: 0.00000, dyn_sta_cos_loss: 0.00000, total_cos_loss : 0.07470, 
valid loss: 3.7032, valid acc: 0.2188
epoch   1 summary: dyn_dyn_cos_loss: 0.00000, dyn_sta_cos_loss: 0.00000, total_cos_loss : 0.05955, 
epoch   2 summary: dyn_dyn_cos_loss: 0.00000, dyn_sta_cos_loss: 0.00000, total_cos_loss : 0.05213, 
epoch   3 summary: dyn_dyn_cos_loss: 0.00000, dyn_sta_cos_loss: 0.00000, total_cos_loss : 0.04736, 
epoch   4 summary: dyn_dyn_cos_loss: 0.00000, dyn_sta_cos_loss: 0.00000, total_cos_loss : 0.04408, 
epoch   5 summary: dyn_dyn_cos_loss: 0.00000, dyn_sta_cos_loss: 0.00000, total_cos_loss : 0.04163, 
epoch   6 summary: dyn_dyn_cos_loss: 0.00000, dyn_sta_cos_loss: 0.00000, total_cos_loss : 0.04020, 
epoch   7 summary: dyn_dyn_cos_loss: 0.00000, dyn_sta_cos_loss: 0.00000, total_cos_loss : 0.03925, 
epoch   8 summary: dyn_dyn_cos_loss: 0.00000, dyn_sta_cos_loss: 0.00000, total_cos_loss : 0.03855, 
epoch   9 summary: dyn_dyn_cos_loss: 0.00000, dyn_sta_cos_loss: 0.00000, total_cos_loss : 0.03803, 
epoch  10 summary: dyn_dyn_cos_loss: 0.00000, dyn_sta_cos_loss: 0.00000, total_cos_loss : 0.03761, 
valid loss: 2.3978, valid acc: 0.4648
epoch  11 summary: dyn_dyn_cos_loss: 0.00000, dyn_sta_cos_loss: 0.00000, total_cos_loss : 0.03729, 
epoch  12 summary: dyn_dyn_cos_loss: 0.00000, dyn_sta_cos_loss: 0.00000, total_cos_loss : 0.03704, 
epoch  13 summary: dyn_dyn_cos_loss: 0.00000, dyn_sta_cos_loss: 0.00000, total_cos_loss : 0.03690, 
epoch  14 summary: dyn_dyn_cos_loss: 0.00000, dyn_sta_cos_loss: 0.00000, total_cos_loss : 0.03679, 
epoch  15 summary: dyn_dyn_cos_loss: 0.00000, dyn_sta_cos_loss: 0.00000, total_cos_loss : 0.03669, 
epoch  16 summary: dyn_dyn_cos_loss: 0.00000, dyn_sta_cos_loss: 0.00000, total_cos_loss : 0.03664, 
epoch  17 summary: dyn_dyn_cos_loss: 0.00000, dyn_sta_cos_loss: 0.00000, total_cos_loss : 0.03660, 
epoch  18 summary: dyn_dyn_cos_loss: 0.00000, dyn_sta_cos_loss: 0.00000, total_cos_loss : 0.03656, 
epoch  19 summary: dyn_dyn_cos_loss: 0.00000, dyn_sta_cos_loss: 0.00000, total_cos_loss : 0.03653, 
epoch  20 summary: dyn_dyn_cos_loss: 0.00000, dyn_sta_cos_loss: 0.00000, total_cos_loss : 0.03650, 
valid loss: 2.3938, valid acc: 0.4629
epoch  21 summary: dyn_dyn_cos_loss: 0.00000, dyn_sta_cos_loss: 0.00000, total_cos_loss : 0.03644, 
epoch  22 summary: dyn_dyn_cos_loss: 0.00000, dyn_sta_cos_loss: 0.00000, total_cos_loss : 0.03642, 
epoch  23 summary: dyn_dyn_cos_loss: 0.00000, dyn_sta_cos_loss: 0.00000, total_cos_loss : 0.03641, 
epoch  24 summary: dyn_dyn_cos_loss: 0.00000, dyn_sta_cos_loss: 0.00000, total_cos_loss : 0.03640, 
epoch  25 summary: dyn_dyn_cos_loss: 0.00000, dyn_sta_cos_loss: 0.00000, total_cos_loss : 0.03639, 
epoch  26 summary: dyn_dyn_cos_loss: 0.00000, dyn_sta_cos_loss: 0.00000, total_cos_loss : 0.03638, 
epoch  27 summary: dyn_dyn_cos_loss: 0.00000, dyn_sta_cos_loss: 0.00000, total_cos_loss : 0.03638, 
epoch  28 summary: dyn_dyn_cos_loss: 0.00000, dyn_sta_cos_loss: 0.00000, total_cos_loss : 0.03637, 
epoch  29 summary: dyn_dyn_cos_loss: 0.00000, dyn_sta_cos_loss: 0.00000, total_cos_loss : 0.03636, 
epoch  30 summary: dyn_dyn_cos_loss: 0.00000, dyn_sta_cos_loss: 0.00000, total_cos_loss : 0.03636, 
valid loss: 2.3846, valid acc: 0.4629
epoch  31 summary: dyn_dyn_cos_loss: 0.00000, dyn_sta_cos_loss: 0.00000, total_cos_loss : 0.03636, 
epoch  32 summary: dyn_dyn_cos_loss: 0.00000, dyn_sta_cos_loss: 0.00000, total_cos_loss : 0.03635, 
epoch  33 summary: dyn_dyn_cos_loss: 0.00000, dyn_sta_cos_loss: 0.00000, total_cos_loss : 0.03635, 
epoch  34 summary: dyn_dyn_cos_loss: 0.00000, dyn_sta_cos_loss: 0.00000, total_cos_loss : 0.03635, 
epoch  35 summary: dyn_dyn_cos_loss: 0.00000, dyn_sta_cos_loss: 0.00000, total_cos_loss : 0.03634, 
epoch  36 summary: dyn_dyn_cos_loss: 0.00000, dyn_sta_cos_loss: 0.00000, total_cos_loss : 0.03634, 
epoch  37 summary: dyn_dyn_cos_loss: 0.00000, dyn_sta_cos_loss: 0.00000, total_cos_loss : 0.03634, 
epoch  38 summary: dyn_dyn_cos_loss: 0.00000, dyn_sta_cos_loss: 0.00000, total_cos_loss : 0.03634, 
epoch  39 summary: dyn_dyn_cos_loss: 0.00000, dyn_sta_cos_loss: 0.00000, total_cos_loss : 0.03633, 
epoch  40 summary: dyn_dyn_cos_loss: 0.00000, dyn_sta_cos_loss: 0.00000, total_cos_loss : 0.03633, 
valid loss: 2.3804, valid acc: 0.4629
epoch  41 summary: dyn_dyn_cos_loss: 0.00000, dyn_sta_cos_loss: 0.00000, total_cos_loss : 0.03633, 
epoch  42 summary: dyn_dyn_cos_loss: 0.00000, dyn_sta_cos_loss: 0.00000, total_cos_loss : 0.03632, 
epoch  43 summary: dyn_dyn_cos_loss: 0.00000, dyn_sta_cos_loss: 0.00000, total_cos_loss : 0.03632, 
epoch  44 summary: dyn_dyn_cos_loss: 0.00000, dyn_sta_cos_loss: 0.00000, total_cos_loss : 0.03631, 
epoch  45 summary: dyn_dyn_cos_loss: 0.00000, dyn_sta_cos_loss: 0.00000, total_cos_loss : 0.03631, 
epoch  46 summary: dyn_dyn_cos_loss: 0.00000, dyn_sta_cos_loss: 0.00000, total_cos_loss : 0.03631, 
epoch  47 summary: dyn_dyn_cos_loss: 0.00000, dyn_sta_cos_loss: 0.00000, total_cos_loss : 0.03630, 
epoch  48 summary: dyn_dyn_cos_loss: 0.00000, dyn_sta_cos_loss: 0.00000, total_cos_loss : 0.03630, 
epoch  49 summary: dyn_dyn_cos_loss: 0.00000, dyn_sta_cos_loss: 0.00000, total_cos_loss : 0.03630, 
epoch  50 summary: dyn_dyn_cos_loss: 0.00000, dyn_sta_cos_loss: 0.00000, total_cos_loss : 0.03630, 
valid loss: 2.3824, valid acc: 0.4648
epoch  51 summary: dyn_dyn_cos_loss: 0.00000, dyn_sta_cos_loss: 0.00000, total_cos_loss : 0.03630, 
epoch  52 summary: dyn_dyn_cos_loss: 0.00000, dyn_sta_cos_loss: 0.00000, total_cos_loss : 0.03630, 
epoch  53 summary: dyn_dyn_cos_loss: 0.00000, dyn_sta_cos_loss: 0.00000, total_cos_loss : 0.03630, 
epoch  54 summary: dyn_dyn_cos_loss: 0.00000, dyn_sta_cos_loss: 0.00000, total_cos_loss : 0.03630, 
epoch  55 summary: dyn_dyn_cos_loss: 0.00000, dyn_sta_cos_loss: 0.00000, total_cos_loss : 0.03630, 
epoch  56 summary: dyn_dyn_cos_loss: 0.00000, dyn_sta_cos_loss: 0.00000, total_cos_loss : 0.03629, 
epoch  57 summary: dyn_dyn_cos_loss: 0.00000, dyn_sta_cos_loss: 0.00000, total_cos_loss : 0.03629, 
epoch  58 summary: dyn_dyn_cos_loss: 0.00000, dyn_sta_cos_loss: 0.00000, total_cos_loss : 0.03629, 
epoch  59 summary: dyn_dyn_cos_loss: 0.00000, dyn_sta_cos_loss: 0.00000, total_cos_loss : 0.03629, 
epoch  60 summary: dyn_dyn_cos_loss: 0.00000, dyn_sta_cos_loss: 0.00000, total_cos_loss : 0.03629, 
valid loss: 2.3823, valid acc: 0.4648
epoch  61 summary: dyn_dyn_cos_loss: 0.00000, dyn_sta_cos_loss: 0.00000, total_cos_loss : 0.03629, 
epoch  62 summary: dyn_dyn_cos_loss: 0.00000, dyn_sta_cos_loss: 0.00000, total_cos_loss : 0.03629, 
epoch  63 summary: dyn_dyn_cos_loss: 0.00000, dyn_sta_cos_loss: 0.00000, total_cos_loss : 0.03629, 
epoch  64 summary: dyn_dyn_cos_loss: 0.00000, dyn_sta_cos_loss: 0.00000, total_cos_loss : 0.03629, 
epoch  65 summary: dyn_dyn_cos_loss: 0.00000, dyn_sta_cos_loss: 0.00000, total_cos_loss : 0.03629, 
epoch  66 summary: dyn_dyn_cos_loss: 0.00000, dyn_sta_cos_loss: 0.00000, total_cos_loss : 0.03629, 
epoch  67 summary: dyn_dyn_cos_loss: 0.00000, dyn_sta_cos_loss: 0.00000, total_cos_loss : 0.03629, 
epoch  68 summary: dyn_dyn_cos_loss: 0.00000, dyn_sta_cos_loss: 0.00000, total_cos_loss : 0.03629, 
epoch  69 summary: dyn_dyn_cos_loss: 0.00000, dyn_sta_cos_loss: 0.00000, total_cos_loss : 0.03629, 
epoch  70 summary: dyn_dyn_cos_loss: 0.00000, dyn_sta_cos_loss: 0.00000, total_cos_loss : 0.03629, 
valid loss: 2.3815, valid acc: 0.4648
epoch  71 summary: dyn_dyn_cos_loss: 0.00000, dyn_sta_cos_loss: 0.00000, total_cos_loss : 0.03629, 
epoch  72 summary: dyn_dyn_cos_loss: 0.00000, dyn_sta_cos_loss: 0.00000, total_cos_loss : 0.03629, 
epoch  73 summary: dyn_dyn_cos_loss: 0.00000, dyn_sta_cos_loss: 0.00000, total_cos_loss : 0.03629, 
epoch  74 summary: dyn_dyn_cos_loss: 0.00000, dyn_sta_cos_loss: 0.00000, total_cos_loss : 0.03629, 
epoch  75 summary: dyn_dyn_cos_loss: 0.00000, dyn_sta_cos_loss: 0.00000, total_cos_loss : 0.03629, 
epoch  76 summary: dyn_dyn_cos_loss: 0.00000, dyn_sta_cos_loss: 0.00000, total_cos_loss : 0.03629, 
epoch  77 summary: dyn_dyn_cos_loss: 0.00000, dyn_sta_cos_loss: 0.00000, total_cos_loss : 0.03629, 
epoch  78 summary: dyn_dyn_cos_loss: 0.00000, dyn_sta_cos_loss: 0.00000, total_cos_loss : 0.03629, 
epoch  79 summary: dyn_dyn_cos_loss: 0.00000, dyn_sta_cos_loss: 0.00000, total_cos_loss : 0.03629, 
epoch  80 summary: dyn_dyn_cos_loss: 0.00000, dyn_sta_cos_loss: 0.00000, total_cos_loss : 0.03628, 
valid loss: 2.3817, valid acc: 0.4648
epoch  81 summary: dyn_dyn_cos_loss: 0.00000, dyn_sta_cos_loss: 0.00000, total_cos_loss : 0.03628, 
epoch  82 summary: dyn_dyn_cos_loss: 0.00000, dyn_sta_cos_loss: 0.00000, total_cos_loss : 0.03628, 
epoch  83 summary: dyn_dyn_cos_loss: 0.00000, dyn_sta_cos_loss: 0.00000, total_cos_loss : 0.03628, 
epoch  84 summary: dyn_dyn_cos_loss: 0.00000, dyn_sta_cos_loss: 0.00000, total_cos_loss : 0.03628, 
epoch  85 summary: dyn_dyn_cos_loss: 0.00000, dyn_sta_cos_loss: 0.00000, total_cos_loss : 0.03628, 
epoch  86 summary: dyn_dyn_cos_loss: 0.00000, dyn_sta_cos_loss: 0.00000, total_cos_loss : 0.03628, 
epoch  87 summary: dyn_dyn_cos_loss: 0.00000, dyn_sta_cos_loss: 0.00000, total_cos_loss : 0.03628, 
epoch  88 summary: dyn_dyn_cos_loss: 0.00000, dyn_sta_cos_loss: 0.00000, total_cos_loss : 0.03628, 
epoch  89 summary: dyn_dyn_cos_loss: 0.00000, dyn_sta_cos_loss: 0.00000, total_cos_loss : 0.03628, 
epoch  90 summary: dyn_dyn_cos_loss: 0.00000, dyn_sta_cos_loss: 0.00000, total_cos_loss : 0.03628, 
valid loss: 2.3738, valid acc: 0.4629
epoch  91 summary: dyn_dyn_cos_loss: 0.00000, dyn_sta_cos_loss: 0.00000, total_cos_loss : 0.03628, 
epoch  92 summary: dyn_dyn_cos_loss: 0.00000, dyn_sta_cos_loss: 0.00000, total_cos_loss : 0.03628, 
epoch  93 summary: dyn_dyn_cos_loss: 0.00000, dyn_sta_cos_loss: 0.00000, total_cos_loss : 0.03628, 
epoch  94 summary: dyn_dyn_cos_loss: 0.00000, dyn_sta_cos_loss: 0.00000, total_cos_loss : 0.03628, 
epoch  95 summary: dyn_dyn_cos_loss: 0.00000, dyn_sta_cos_loss: 0.00000, total_cos_loss : 0.03628, 
epoch  96 summary: dyn_dyn_cos_loss: 0.00000, dyn_sta_cos_loss: 0.00000, total_cos_loss : 0.03628, 
epoch  97 summary: dyn_dyn_cos_loss: 0.00000, dyn_sta_cos_loss: 0.00000, total_cos_loss : 0.03628, 
epoch  98 summary: dyn_dyn_cos_loss: 0.00000, dyn_sta_cos_loss: 0.00000, total_cos_loss : 0.03628, 
epoch  99 summary: dyn_dyn_cos_loss: 0.00000, dyn_sta_cos_loss: 0.00000, total_cos_loss : 0.03628, 
valid loss: 2.3719, valid acc: 0.4629
all                          53226.925ms
all_epoch                    53197.155ms
all_preparation                 29.746ms
all_preparation_2               28.520ms
all_preparation_3                1.208ms
epoch                          435.396ms
epoch_pos_train                  1.562ms
epoch_preparation                0.247ms
epoch_train                    432.750ms
epoch_valid                      0.450ms
----------------------------------------
all                          53226.925ms
  all_epoch             99.94%
  all_preparation        0.06%
all_preparation                 29.746ms
  all_preparation_2     95.88%
  all_preparation_3      4.06%
epoch                        43539.597ms
  epoch_train           99.39%
  epoch_pos_train        0.36%
  epoch_valid            0.10%
  epoch_preparation      0.06%
