Before CTE Training: train eu loss: 1.063186526298523, eval eu loss: 1.492782711982727
Before CTE Training: train eu acc: 0.6669921875, eval eu acc: 0.560546875
epoch   0 summary: dyn_dyn_loss   : 0.08190, dyn_sta_loss   : 4.10946, tot_dyn_loss   : 0.80686, sta_sta_loss   : 0.12050, 
train loss: 1.6177, train acc: 0.6836
epoch   1 summary: dyn_dyn_loss   : 0.07831, dyn_sta_loss   : 3.75889, tot_dyn_loss   : 0.74082, sta_sta_loss   : 0.12050, 
epoch   2 summary: dyn_dyn_loss   : 0.07471, dyn_sta_loss   : 3.47034, tot_dyn_loss   : 0.68592, sta_sta_loss   : 0.12050, 
epoch   3 summary: dyn_dyn_loss   : 0.07458, dyn_sta_loss   : 3.22644, tot_dyn_loss   : 0.64191, sta_sta_loss   : 0.12050, 
epoch   4 summary: dyn_dyn_loss   : 0.07916, dyn_sta_loss   : 3.04951, tot_dyn_loss   : 0.61383, sta_sta_loss   : 0.12050, 
epoch   5 summary: dyn_dyn_loss   : 0.08706, dyn_sta_loss   : 2.91167, tot_dyn_loss   : 0.59549, sta_sta_loss   : 0.12050, 
epoch   6 summary: dyn_dyn_loss   : 0.09664, dyn_sta_loss   : 2.80173, tot_dyn_loss   : 0.58356, sta_sta_loss   : 0.12050, 
epoch   7 summary: dyn_dyn_loss   : 0.10680, dyn_sta_loss   : 2.73691, tot_dyn_loss   : 0.58022, sta_sta_loss   : 0.12050, 
epoch   8 summary: dyn_dyn_loss   : 0.11557, dyn_sta_loss   : 2.66821, tot_dyn_loss   : 0.57504, sta_sta_loss   : 0.12050, 
epoch   9 summary: dyn_dyn_loss   : 0.12201, dyn_sta_loss   : 2.63458, tot_dyn_loss   : 0.57428, sta_sta_loss   : 0.12050, 
epoch  10 summary: dyn_dyn_loss   : 0.12563, dyn_sta_loss   : 2.60793, tot_dyn_loss   : 0.57245, sta_sta_loss   : 0.12050, 
train loss: 0.0000, train acc: 1.0000
epoch  11 summary: dyn_dyn_loss   : 0.13000, dyn_sta_loss   : 2.59925, tot_dyn_loss   : 0.57446, sta_sta_loss   : 0.12050, 
epoch  12 summary: dyn_dyn_loss   : 0.13198, dyn_sta_loss   : 2.59744, tot_dyn_loss   : 0.57576, sta_sta_loss   : 0.12050, 
epoch  13 summary: dyn_dyn_loss   : 0.13279, dyn_sta_loss   : 2.59629, tot_dyn_loss   : 0.57622, sta_sta_loss   : 0.12050, 
epoch  14 summary: dyn_dyn_loss   : 0.13309, dyn_sta_loss   : 2.59055, tot_dyn_loss   : 0.57543, sta_sta_loss   : 0.12050, 
epoch  15 summary: dyn_dyn_loss   : 0.13371, dyn_sta_loss   : 2.59272, tot_dyn_loss   : 0.57633, sta_sta_loss   : 0.12050, 
epoch  16 summary: dyn_dyn_loss   : 0.13401, dyn_sta_loss   : 2.57333, tot_dyn_loss   : 0.57309, sta_sta_loss   : 0.12050, 
epoch  17 summary: dyn_dyn_loss   : 0.13520, dyn_sta_loss   : 2.58021, tot_dyn_loss   : 0.57530, sta_sta_loss   : 0.12050, 
epoch  18 summary: dyn_dyn_loss   : 0.13515, dyn_sta_loss   : 2.56538, tot_dyn_loss   : 0.57259, sta_sta_loss   : 0.12050, 
epoch  19 summary: dyn_dyn_loss   : 0.13663, dyn_sta_loss   : 2.56302, tot_dyn_loss   : 0.57338, sta_sta_loss   : 0.12050, 
epoch  20 summary: dyn_dyn_loss   : 0.13697, dyn_sta_loss   : 2.55323, tot_dyn_loss   : 0.57189, sta_sta_loss   : 0.12050, 
train loss: 0.0000, train acc: 1.0000
epoch  21 summary: dyn_dyn_loss   : 0.13773, dyn_sta_loss   : 2.56008, tot_dyn_loss   : 0.57375, sta_sta_loss   : 0.12050, 
epoch  22 summary: dyn_dyn_loss   : 0.13657, dyn_sta_loss   : 2.57592, tot_dyn_loss   : 0.57565, sta_sta_loss   : 0.12050, 
epoch  23 summary: dyn_dyn_loss   : 0.13549, dyn_sta_loss   : 2.57065, tot_dyn_loss   : 0.57382, sta_sta_loss   : 0.12050, 
epoch  24 summary: dyn_dyn_loss   : 0.13601, dyn_sta_loss   : 2.56783, tot_dyn_loss   : 0.57374, sta_sta_loss   : 0.12050, 
epoch  25 summary: dyn_dyn_loss   : 0.13632, dyn_sta_loss   : 2.56268, tot_dyn_loss   : 0.57306, sta_sta_loss   : 0.12050, 
epoch  26 summary: dyn_dyn_loss   : 0.13645, dyn_sta_loss   : 2.55790, tot_dyn_loss   : 0.57231, sta_sta_loss   : 0.12050, 
epoch  27 summary: dyn_dyn_loss   : 0.13685, dyn_sta_loss   : 2.55062, tot_dyn_loss   : 0.57133, sta_sta_loss   : 0.12050, 
epoch  28 summary: dyn_dyn_loss   : 0.13692, dyn_sta_loss   : 2.59116, tot_dyn_loss   : 0.57868, sta_sta_loss   : 0.12050, 
epoch  29 summary: dyn_dyn_loss   : 0.13472, dyn_sta_loss   : 2.57567, tot_dyn_loss   : 0.57409, sta_sta_loss   : 0.12050, 
epoch  30 summary: dyn_dyn_loss   : 0.13513, dyn_sta_loss   : 2.57099, tot_dyn_loss   : 0.57358, sta_sta_loss   : 0.12050, 
train loss: 0.0000, train acc: 1.0000
epoch  31 summary: dyn_dyn_loss   : 0.13553, dyn_sta_loss   : 2.58471, tot_dyn_loss   : 0.57638, sta_sta_loss   : 0.12050, 
epoch  32 summary: dyn_dyn_loss   : 0.13465, dyn_sta_loss   : 2.57264, tot_dyn_loss   : 0.57349, sta_sta_loss   : 0.12050, 
epoch  33 summary: dyn_dyn_loss   : 0.13623, dyn_sta_loss   : 2.57251, tot_dyn_loss   : 0.57476, sta_sta_loss   : 0.12050, 
epoch  34 summary: dyn_dyn_loss   : 0.13498, dyn_sta_loss   : 2.56048, tot_dyn_loss   : 0.57157, sta_sta_loss   : 0.12050, 
epoch  35 summary: dyn_dyn_loss   : 0.13577, dyn_sta_loss   : 2.56146, tot_dyn_loss   : 0.57239, sta_sta_loss   : 0.12050, 
epoch  36 summary: dyn_dyn_loss   : 0.13582, dyn_sta_loss   : 2.56809, tot_dyn_loss   : 0.57363, sta_sta_loss   : 0.12050, 
epoch  37 summary: dyn_dyn_loss   : 0.13561, dyn_sta_loss   : 2.57571, tot_dyn_loss   : 0.57483, sta_sta_loss   : 0.12050, 
epoch  38 summary: dyn_dyn_loss   : 0.13455, dyn_sta_loss   : 2.58394, tot_dyn_loss   : 0.57544, sta_sta_loss   : 0.12050, 
epoch  39 summary: dyn_dyn_loss   : 0.13473, dyn_sta_loss   : 2.57285, tot_dyn_loss   : 0.57359, sta_sta_loss   : 0.12050, 
epoch  40 summary: dyn_dyn_loss   : 0.13538, dyn_sta_loss   : 2.56775, tot_dyn_loss   : 0.57321, sta_sta_loss   : 0.12050, 
train loss: 0.0001, train acc: 1.0000
epoch  41 summary: dyn_dyn_loss   : 0.13550, dyn_sta_loss   : 2.57483, tot_dyn_loss   : 0.57458, sta_sta_loss   : 0.12050, 
epoch  42 summary: dyn_dyn_loss   : 0.13517, dyn_sta_loss   : 2.56724, tot_dyn_loss   : 0.57294, sta_sta_loss   : 0.12050, 
epoch  43 summary: dyn_dyn_loss   : 0.13542, dyn_sta_loss   : 2.57476, tot_dyn_loss   : 0.57450, sta_sta_loss   : 0.12050, 
epoch  44 summary: dyn_dyn_loss   : 0.13504, dyn_sta_loss   : 2.57732, tot_dyn_loss   : 0.57465, sta_sta_loss   : 0.12050, 
epoch  45 summary: dyn_dyn_loss   : 0.13551, dyn_sta_loss   : 2.56598, tot_dyn_loss   : 0.57299, sta_sta_loss   : 0.12050, 
epoch  46 summary: dyn_dyn_loss   : 0.13581, dyn_sta_loss   : 2.55486, tot_dyn_loss   : 0.57123, sta_sta_loss   : 0.12050, 
epoch  47 summary: dyn_dyn_loss   : 0.13582, dyn_sta_loss   : 2.58044, tot_dyn_loss   : 0.57586, sta_sta_loss   : 0.12050, 
epoch  48 summary: dyn_dyn_loss   : 0.13465, dyn_sta_loss   : 2.55869, tot_dyn_loss   : 0.57098, sta_sta_loss   : 0.12050, 
epoch  49 summary: dyn_dyn_loss   : 0.13598, dyn_sta_loss   : 2.58041, tot_dyn_loss   : 0.57598, sta_sta_loss   : 0.12050, 
epoch  50 summary: dyn_dyn_loss   : 0.13457, dyn_sta_loss   : 2.57028, tot_dyn_loss   : 0.57300, sta_sta_loss   : 0.12050, 
train loss: 0.0000, train acc: 1.0000
epoch  51 summary: dyn_dyn_loss   : 0.13543, dyn_sta_loss   : 2.55968, tot_dyn_loss   : 0.57180, sta_sta_loss   : 0.12050, 
epoch  52 summary: dyn_dyn_loss   : 0.13553, dyn_sta_loss   : 2.56903, tot_dyn_loss   : 0.57356, sta_sta_loss   : 0.12050, 
epoch  53 summary: dyn_dyn_loss   : 0.13505, dyn_sta_loss   : 2.58209, tot_dyn_loss   : 0.57552, sta_sta_loss   : 0.12050, 
epoch  54 summary: dyn_dyn_loss   : 0.13419, dyn_sta_loss   : 2.57044, tot_dyn_loss   : 0.57272, sta_sta_loss   : 0.12050, 
epoch  55 summary: dyn_dyn_loss   : 0.13520, dyn_sta_loss   : 2.56859, tot_dyn_loss   : 0.57321, sta_sta_loss   : 0.12050, 
epoch  56 summary: dyn_dyn_loss   : 0.13535, dyn_sta_loss   : 2.58527, tot_dyn_loss   : 0.57634, sta_sta_loss   : 0.12050, 
epoch  57 summary: dyn_dyn_loss   : 0.13443, dyn_sta_loss   : 2.56659, tot_dyn_loss   : 0.57222, sta_sta_loss   : 0.12050, 
epoch  58 summary: dyn_dyn_loss   : 0.13517, dyn_sta_loss   : 2.57669, tot_dyn_loss   : 0.57464, sta_sta_loss   : 0.12050, 
epoch  59 summary: dyn_dyn_loss   : 0.13416, dyn_sta_loss   : 2.58422, tot_dyn_loss   : 0.57518, sta_sta_loss   : 0.12050, 
epoch  60 summary: dyn_dyn_loss   : 0.13360, dyn_sta_loss   : 2.57632, tot_dyn_loss   : 0.57329, sta_sta_loss   : 0.12050, 
train loss: 0.0000, train acc: 1.0000
epoch  61 summary: dyn_dyn_loss   : 0.13415, dyn_sta_loss   : 2.57778, tot_dyn_loss   : 0.57401, sta_sta_loss   : 0.12050, 
epoch  62 summary: dyn_dyn_loss   : 0.13459, dyn_sta_loss   : 2.56472, tot_dyn_loss   : 0.57201, sta_sta_loss   : 0.12050, 
epoch  63 summary: dyn_dyn_loss   : 0.13578, dyn_sta_loss   : 2.57465, tot_dyn_loss   : 0.57478, sta_sta_loss   : 0.12050, 
epoch  64 summary: dyn_dyn_loss   : 0.13494, dyn_sta_loss   : 2.57732, tot_dyn_loss   : 0.57457, sta_sta_loss   : 0.12050, 
epoch  65 summary: dyn_dyn_loss   : 0.13509, dyn_sta_loss   : 2.56865, tot_dyn_loss   : 0.57313, sta_sta_loss   : 0.12050, 
epoch  66 summary: dyn_dyn_loss   : 0.13549, dyn_sta_loss   : 2.57608, tot_dyn_loss   : 0.57480, sta_sta_loss   : 0.12050, 
epoch  67 summary: dyn_dyn_loss   : 0.13497, dyn_sta_loss   : 2.59310, tot_dyn_loss   : 0.57743, sta_sta_loss   : 0.12050, 
epoch  68 summary: dyn_dyn_loss   : 0.13365, dyn_sta_loss   : 2.58503, tot_dyn_loss   : 0.57490, sta_sta_loss   : 0.12050, 
epoch  69 summary: dyn_dyn_loss   : 0.13447, dyn_sta_loss   : 2.55942, tot_dyn_loss   : 0.57096, sta_sta_loss   : 0.12050, 
epoch  70 summary: dyn_dyn_loss   : 0.13554, dyn_sta_loss   : 2.59041, tot_dyn_loss   : 0.57742, sta_sta_loss   : 0.12050, 
train loss: 0.0002, train acc: 1.0000
epoch  71 summary: dyn_dyn_loss   : 0.13415, dyn_sta_loss   : 2.57042, tot_dyn_loss   : 0.57268, sta_sta_loss   : 0.12050, 
epoch  72 summary: dyn_dyn_loss   : 0.13528, dyn_sta_loss   : 2.56294, tot_dyn_loss   : 0.57226, sta_sta_loss   : 0.12050, 
epoch  73 summary: dyn_dyn_loss   : 0.13602, dyn_sta_loss   : 2.57194, tot_dyn_loss   : 0.57448, sta_sta_loss   : 0.12050, 
epoch  74 summary: dyn_dyn_loss   : 0.13550, dyn_sta_loss   : 2.57752, tot_dyn_loss   : 0.57506, sta_sta_loss   : 0.12050, 
epoch  75 summary: dyn_dyn_loss   : 0.13482, dyn_sta_loss   : 2.56707, tot_dyn_loss   : 0.57263, sta_sta_loss   : 0.12050, 
epoch  76 summary: dyn_dyn_loss   : 0.13525, dyn_sta_loss   : 2.56181, tot_dyn_loss   : 0.57203, sta_sta_loss   : 0.12050, 
epoch  77 summary: dyn_dyn_loss   : 0.13576, dyn_sta_loss   : 2.55750, tot_dyn_loss   : 0.57167, sta_sta_loss   : 0.12050, 
epoch  78 summary: dyn_dyn_loss   : 0.13548, dyn_sta_loss   : 2.60118, tot_dyn_loss   : 0.57930, sta_sta_loss   : 0.12050, 
epoch  79 summary: dyn_dyn_loss   : 0.13291, dyn_sta_loss   : 2.57843, tot_dyn_loss   : 0.57310, sta_sta_loss   : 0.12050, 
epoch  80 summary: dyn_dyn_loss   : 0.13425, dyn_sta_loss   : 2.55837, tot_dyn_loss   : 0.57059, sta_sta_loss   : 0.12050, 
train loss: 0.0000, train acc: 1.0000
epoch  81 summary: dyn_dyn_loss   : 0.13549, dyn_sta_loss   : 2.56001, tot_dyn_loss   : 0.57190, sta_sta_loss   : 0.12050, 
epoch  82 summary: dyn_dyn_loss   : 0.13583, dyn_sta_loss   : 2.57914, tot_dyn_loss   : 0.57562, sta_sta_loss   : 0.12050, 
epoch  83 summary: dyn_dyn_loss   : 0.13453, dyn_sta_loss   : 2.58809, tot_dyn_loss   : 0.57617, sta_sta_loss   : 0.12050, 
epoch  84 summary: dyn_dyn_loss   : 0.13436, dyn_sta_loss   : 2.56809, tot_dyn_loss   : 0.57243, sta_sta_loss   : 0.12050, 
epoch  85 summary: dyn_dyn_loss   : 0.13506, dyn_sta_loss   : 2.57621, tot_dyn_loss   : 0.57447, sta_sta_loss   : 0.12050, 
epoch  86 summary: dyn_dyn_loss   : 0.13498, dyn_sta_loss   : 2.57083, tot_dyn_loss   : 0.57343, sta_sta_loss   : 0.12050, 
epoch  87 summary: dyn_dyn_loss   : 0.13494, dyn_sta_loss   : 2.59364, tot_dyn_loss   : 0.57751, sta_sta_loss   : 0.12050, 
epoch  88 summary: dyn_dyn_loss   : 0.13359, dyn_sta_loss   : 2.57654, tot_dyn_loss   : 0.57332, sta_sta_loss   : 0.12050, 
epoch  89 summary: dyn_dyn_loss   : 0.13461, dyn_sta_loss   : 2.55675, tot_dyn_loss   : 0.57060, sta_sta_loss   : 0.12050, 
epoch  90 summary: dyn_dyn_loss   : 0.13579, dyn_sta_loss   : 2.57204, tot_dyn_loss   : 0.57432, sta_sta_loss   : 0.12050, 
train loss: 0.0001, train acc: 1.0000
epoch  91 summary: dyn_dyn_loss   : 0.13470, dyn_sta_loss   : 2.56638, tot_dyn_loss   : 0.57240, sta_sta_loss   : 0.12050, 
epoch  92 summary: dyn_dyn_loss   : 0.13516, dyn_sta_loss   : 2.58578, tot_dyn_loss   : 0.57627, sta_sta_loss   : 0.12050, 
epoch  93 summary: dyn_dyn_loss   : 0.13459, dyn_sta_loss   : 2.56712, tot_dyn_loss   : 0.57245, sta_sta_loss   : 0.12050, 
epoch  94 summary: dyn_dyn_loss   : 0.13554, dyn_sta_loss   : 2.55623, tot_dyn_loss   : 0.57126, sta_sta_loss   : 0.12050, 
epoch  95 summary: dyn_dyn_loss   : 0.13540, dyn_sta_loss   : 2.57461, tot_dyn_loss   : 0.57445, sta_sta_loss   : 0.12050, 
epoch  96 summary: dyn_dyn_loss   : 0.13483, dyn_sta_loss   : 2.57024, tot_dyn_loss   : 0.57321, sta_sta_loss   : 0.12050, 
epoch  97 summary: dyn_dyn_loss   : 0.13517, dyn_sta_loss   : 2.58024, tot_dyn_loss   : 0.57529, sta_sta_loss   : 0.12050, 
epoch  98 summary: dyn_dyn_loss   : 0.13497, dyn_sta_loss   : 2.57405, tot_dyn_loss   : 0.57400, sta_sta_loss   : 0.12050, 
epoch  99 summary: dyn_dyn_loss   : 0.13475, dyn_sta_loss   : 2.56859, tot_dyn_loss   : 0.57284, sta_sta_loss   : 0.12050, 
train loss: 0.0000, train acc: 1.0000
all                         187610.741ms
all_epoch                   187180.000ms
all_preparation                430.711ms
all_preparation_2              429.263ms
all_preparation_3                1.428ms
epoch                         1710.667ms
epoch_pos_train                  1.131ms
epoch_preparation                3.575ms
epoch_train                   1703.504ms
epoch_valid                      1.986ms
----------------------------------------
all                         187610.741ms
  all_epoch             99.77%
  all_preparation        0.23%
all_preparation                430.711ms
  all_preparation_2     99.66%
  all_preparation_3      0.33%
epoch                       171066.685ms
  epoch_train           99.58%
  epoch_preparation      0.21%
  epoch_valid            0.12%
  epoch_pos_train        0.07%
epoch   0 summary: dyn_dyn_cos_loss: 0.00000, dyn_sta_cos_loss: 0.00000, total_cos_loss : 0.07486, 
valid loss: 3.6958, valid acc: 0.2227
epoch   1 summary: dyn_dyn_cos_loss: 0.00000, dyn_sta_cos_loss: 0.00000, total_cos_loss : 0.06189, 
epoch   2 summary: dyn_dyn_cos_loss: 0.00000, dyn_sta_cos_loss: 0.00000, total_cos_loss : 0.05633, 
epoch   3 summary: dyn_dyn_cos_loss: 0.00000, dyn_sta_cos_loss: 0.00000, total_cos_loss : 0.05314, 
epoch   4 summary: dyn_dyn_cos_loss: 0.00000, dyn_sta_cos_loss: 0.00000, total_cos_loss : 0.05098, 
epoch   5 summary: dyn_dyn_cos_loss: 0.00000, dyn_sta_cos_loss: 0.00000, total_cos_loss : 0.04959, 
epoch   6 summary: dyn_dyn_cos_loss: 0.00000, dyn_sta_cos_loss: 0.00000, total_cos_loss : 0.04873, 
epoch   7 summary: dyn_dyn_cos_loss: 0.00000, dyn_sta_cos_loss: 0.00000, total_cos_loss : 0.04810, 
epoch   8 summary: dyn_dyn_cos_loss: 0.00000, dyn_sta_cos_loss: 0.00000, total_cos_loss : 0.04766, 
epoch   9 summary: dyn_dyn_cos_loss: 0.00000, dyn_sta_cos_loss: 0.00000, total_cos_loss : 0.04736, 
epoch  10 summary: dyn_dyn_cos_loss: 0.00000, dyn_sta_cos_loss: 0.00000, total_cos_loss : 0.04711, 
valid loss: 2.4404, valid acc: 0.4434
epoch  11 summary: dyn_dyn_cos_loss: 0.00000, dyn_sta_cos_loss: 0.00000, total_cos_loss : 0.04692, 
epoch  12 summary: dyn_dyn_cos_loss: 0.00000, dyn_sta_cos_loss: 0.00000, total_cos_loss : 0.04678, 
epoch  13 summary: dyn_dyn_cos_loss: 0.00000, dyn_sta_cos_loss: 0.00000, total_cos_loss : 0.04666, 
epoch  14 summary: dyn_dyn_cos_loss: 0.00000, dyn_sta_cos_loss: 0.00000, total_cos_loss : 0.04658, 
epoch  15 summary: dyn_dyn_cos_loss: 0.00000, dyn_sta_cos_loss: 0.00000, total_cos_loss : 0.04650, 
epoch  16 summary: dyn_dyn_cos_loss: 0.00000, dyn_sta_cos_loss: 0.00000, total_cos_loss : 0.04646, 
epoch  17 summary: dyn_dyn_cos_loss: 0.00000, dyn_sta_cos_loss: 0.00000, total_cos_loss : 0.04642, 
epoch  18 summary: dyn_dyn_cos_loss: 0.00000, dyn_sta_cos_loss: 0.00000, total_cos_loss : 0.04639, 
epoch  19 summary: dyn_dyn_cos_loss: 0.00000, dyn_sta_cos_loss: 0.00000, total_cos_loss : 0.04636, 
epoch  20 summary: dyn_dyn_cos_loss: 0.00000, dyn_sta_cos_loss: 0.00000, total_cos_loss : 0.04634, 
valid loss: 2.3649, valid acc: 0.4668
epoch  21 summary: dyn_dyn_cos_loss: 0.00000, dyn_sta_cos_loss: 0.00000, total_cos_loss : 0.04633, 
epoch  22 summary: dyn_dyn_cos_loss: 0.00000, dyn_sta_cos_loss: 0.00000, total_cos_loss : 0.04631, 
epoch  23 summary: dyn_dyn_cos_loss: 0.00000, dyn_sta_cos_loss: 0.00000, total_cos_loss : 0.04630, 
epoch  24 summary: dyn_dyn_cos_loss: 0.00000, dyn_sta_cos_loss: 0.00000, total_cos_loss : 0.04629, 
epoch  25 summary: dyn_dyn_cos_loss: 0.00000, dyn_sta_cos_loss: 0.00000, total_cos_loss : 0.04628, 
epoch  26 summary: dyn_dyn_cos_loss: 0.00000, dyn_sta_cos_loss: 0.00000, total_cos_loss : 0.04627, 
epoch  27 summary: dyn_dyn_cos_loss: 0.00000, dyn_sta_cos_loss: 0.00000, total_cos_loss : 0.04627, 
epoch  28 summary: dyn_dyn_cos_loss: 0.00000, dyn_sta_cos_loss: 0.00000, total_cos_loss : 0.04626, 
epoch  29 summary: dyn_dyn_cos_loss: 0.00000, dyn_sta_cos_loss: 0.00000, total_cos_loss : 0.04626, 
epoch  30 summary: dyn_dyn_cos_loss: 0.00000, dyn_sta_cos_loss: 0.00000, total_cos_loss : 0.04625, 
valid loss: 2.3552, valid acc: 0.4785
epoch  31 summary: dyn_dyn_cos_loss: 0.00000, dyn_sta_cos_loss: 0.00000, total_cos_loss : 0.04624, 
epoch  32 summary: dyn_dyn_cos_loss: 0.00000, dyn_sta_cos_loss: 0.00000, total_cos_loss : 0.04624, 
epoch  33 summary: dyn_dyn_cos_loss: 0.00000, dyn_sta_cos_loss: 0.00000, total_cos_loss : 0.04623, 
epoch  34 summary: dyn_dyn_cos_loss: 0.00000, dyn_sta_cos_loss: 0.00000, total_cos_loss : 0.04623, 
epoch  35 summary: dyn_dyn_cos_loss: 0.00000, dyn_sta_cos_loss: 0.00000, total_cos_loss : 0.04623, 
epoch  36 summary: dyn_dyn_cos_loss: 0.00000, dyn_sta_cos_loss: 0.00000, total_cos_loss : 0.04622, 
epoch  37 summary: dyn_dyn_cos_loss: 0.00000, dyn_sta_cos_loss: 0.00000, total_cos_loss : 0.04622, 
epoch  38 summary: dyn_dyn_cos_loss: 0.00000, dyn_sta_cos_loss: 0.00000, total_cos_loss : 0.04622, 
epoch  39 summary: dyn_dyn_cos_loss: 0.00000, dyn_sta_cos_loss: 0.00000, total_cos_loss : 0.04622, 
epoch  40 summary: dyn_dyn_cos_loss: 0.00000, dyn_sta_cos_loss: 0.00000, total_cos_loss : 0.04621, 
valid loss: 2.3440, valid acc: 0.4805
epoch  41 summary: dyn_dyn_cos_loss: 0.00000, dyn_sta_cos_loss: 0.00000, total_cos_loss : 0.04621, 
epoch  42 summary: dyn_dyn_cos_loss: 0.00000, dyn_sta_cos_loss: 0.00000, total_cos_loss : 0.04621, 
epoch  43 summary: dyn_dyn_cos_loss: 0.00000, dyn_sta_cos_loss: 0.00000, total_cos_loss : 0.04620, 
epoch  44 summary: dyn_dyn_cos_loss: 0.00000, dyn_sta_cos_loss: 0.00000, total_cos_loss : 0.04620, 
epoch  45 summary: dyn_dyn_cos_loss: 0.00000, dyn_sta_cos_loss: 0.00000, total_cos_loss : 0.04619, 
epoch  46 summary: dyn_dyn_cos_loss: 0.00000, dyn_sta_cos_loss: 0.00000, total_cos_loss : 0.04619, 
epoch  47 summary: dyn_dyn_cos_loss: 0.00000, dyn_sta_cos_loss: 0.00000, total_cos_loss : 0.04619, 
epoch  48 summary: dyn_dyn_cos_loss: 0.00000, dyn_sta_cos_loss: 0.00000, total_cos_loss : 0.04619, 
epoch  49 summary: dyn_dyn_cos_loss: 0.00000, dyn_sta_cos_loss: 0.00000, total_cos_loss : 0.04619, 
epoch  50 summary: dyn_dyn_cos_loss: 0.00000, dyn_sta_cos_loss: 0.00000, total_cos_loss : 0.04618, 
valid loss: 2.3450, valid acc: 0.4785
epoch  51 summary: dyn_dyn_cos_loss: 0.00000, dyn_sta_cos_loss: 0.00000, total_cos_loss : 0.04618, 
epoch  52 summary: dyn_dyn_cos_loss: 0.00000, dyn_sta_cos_loss: 0.00000, total_cos_loss : 0.04618, 
epoch  53 summary: dyn_dyn_cos_loss: 0.00000, dyn_sta_cos_loss: 0.00000, total_cos_loss : 0.04618, 
epoch  54 summary: dyn_dyn_cos_loss: 0.00000, dyn_sta_cos_loss: 0.00000, total_cos_loss : 0.04618, 
epoch  55 summary: dyn_dyn_cos_loss: 0.00000, dyn_sta_cos_loss: 0.00000, total_cos_loss : 0.04618, 
epoch  56 summary: dyn_dyn_cos_loss: 0.00000, dyn_sta_cos_loss: 0.00000, total_cos_loss : 0.04617, 
epoch  57 summary: dyn_dyn_cos_loss: 0.00000, dyn_sta_cos_loss: 0.00000, total_cos_loss : 0.04617, 
epoch  58 summary: dyn_dyn_cos_loss: 0.00000, dyn_sta_cos_loss: 0.00000, total_cos_loss : 0.04617, 
epoch  59 summary: dyn_dyn_cos_loss: 0.00000, dyn_sta_cos_loss: 0.00000, total_cos_loss : 0.04617, 
epoch  60 summary: dyn_dyn_cos_loss: 0.00000, dyn_sta_cos_loss: 0.00000, total_cos_loss : 0.04617, 
valid loss: 2.3506, valid acc: 0.4766
epoch  61 summary: dyn_dyn_cos_loss: 0.00000, dyn_sta_cos_loss: 0.00000, total_cos_loss : 0.04617, 
epoch  62 summary: dyn_dyn_cos_loss: 0.00000, dyn_sta_cos_loss: 0.00000, total_cos_loss : 0.04617, 
epoch  63 summary: dyn_dyn_cos_loss: 0.00000, dyn_sta_cos_loss: 0.00000, total_cos_loss : 0.04617, 
epoch  64 summary: dyn_dyn_cos_loss: 0.00000, dyn_sta_cos_loss: 0.00000, total_cos_loss : 0.04617, 
epoch  65 summary: dyn_dyn_cos_loss: 0.00000, dyn_sta_cos_loss: 0.00000, total_cos_loss : 0.04617, 
epoch  66 summary: dyn_dyn_cos_loss: 0.00000, dyn_sta_cos_loss: 0.00000, total_cos_loss : 0.04616, 
epoch  67 summary: dyn_dyn_cos_loss: 0.00000, dyn_sta_cos_loss: 0.00000, total_cos_loss : 0.04616, 
epoch  68 summary: dyn_dyn_cos_loss: 0.00000, dyn_sta_cos_loss: 0.00000, total_cos_loss : 0.04616, 
epoch  69 summary: dyn_dyn_cos_loss: 0.00000, dyn_sta_cos_loss: 0.00000, total_cos_loss : 0.04616, 
epoch  70 summary: dyn_dyn_cos_loss: 0.00000, dyn_sta_cos_loss: 0.00000, total_cos_loss : 0.04616, 
valid loss: 2.3433, valid acc: 0.4766
epoch  71 summary: dyn_dyn_cos_loss: 0.00000, dyn_sta_cos_loss: 0.00000, total_cos_loss : 0.04616, 
epoch  72 summary: dyn_dyn_cos_loss: 0.00000, dyn_sta_cos_loss: 0.00000, total_cos_loss : 0.04615, 
epoch  73 summary: dyn_dyn_cos_loss: 0.00000, dyn_sta_cos_loss: 0.00000, total_cos_loss : 0.04615, 
epoch  74 summary: dyn_dyn_cos_loss: 0.00000, dyn_sta_cos_loss: 0.00000, total_cos_loss : 0.04615, 
epoch  75 summary: dyn_dyn_cos_loss: 0.00000, dyn_sta_cos_loss: 0.00000, total_cos_loss : 0.04615, 
epoch  76 summary: dyn_dyn_cos_loss: 0.00000, dyn_sta_cos_loss: 0.00000, total_cos_loss : 0.04615, 
epoch  77 summary: dyn_dyn_cos_loss: 0.00000, dyn_sta_cos_loss: 0.00000, total_cos_loss : 0.04615, 
epoch  78 summary: dyn_dyn_cos_loss: 0.00000, dyn_sta_cos_loss: 0.00000, total_cos_loss : 0.04614, 
epoch  79 summary: dyn_dyn_cos_loss: 0.00000, dyn_sta_cos_loss: 0.00000, total_cos_loss : 0.04614, 
epoch  80 summary: dyn_dyn_cos_loss: 0.00000, dyn_sta_cos_loss: 0.00000, total_cos_loss : 0.04614, 
valid loss: 2.3477, valid acc: 0.4766
epoch  81 summary: dyn_dyn_cos_loss: 0.00000, dyn_sta_cos_loss: 0.00000, total_cos_loss : 0.04614, 
epoch  82 summary: dyn_dyn_cos_loss: 0.00000, dyn_sta_cos_loss: 0.00000, total_cos_loss : 0.04614, 
epoch  83 summary: dyn_dyn_cos_loss: 0.00000, dyn_sta_cos_loss: 0.00000, total_cos_loss : 0.04614, 
epoch  84 summary: dyn_dyn_cos_loss: 0.00000, dyn_sta_cos_loss: 0.00000, total_cos_loss : 0.04614, 
epoch  85 summary: dyn_dyn_cos_loss: 0.00000, dyn_sta_cos_loss: 0.00000, total_cos_loss : 0.04614, 
epoch  86 summary: dyn_dyn_cos_loss: 0.00000, dyn_sta_cos_loss: 0.00000, total_cos_loss : 0.04614, 
epoch  87 summary: dyn_dyn_cos_loss: 0.00000, dyn_sta_cos_loss: 0.00000, total_cos_loss : 0.04614, 
epoch  88 summary: dyn_dyn_cos_loss: 0.00000, dyn_sta_cos_loss: 0.00000, total_cos_loss : 0.04614, 
epoch  89 summary: dyn_dyn_cos_loss: 0.00000, dyn_sta_cos_loss: 0.00000, total_cos_loss : 0.04614, 
epoch  90 summary: dyn_dyn_cos_loss: 0.00000, dyn_sta_cos_loss: 0.00000, total_cos_loss : 0.04614, 
valid loss: 2.3470, valid acc: 0.4766
epoch  91 summary: dyn_dyn_cos_loss: 0.00000, dyn_sta_cos_loss: 0.00000, total_cos_loss : 0.04614, 
epoch  92 summary: dyn_dyn_cos_loss: 0.00000, dyn_sta_cos_loss: 0.00000, total_cos_loss : 0.04614, 
epoch  93 summary: dyn_dyn_cos_loss: 0.00000, dyn_sta_cos_loss: 0.00000, total_cos_loss : 0.04614, 
epoch  94 summary: dyn_dyn_cos_loss: 0.00000, dyn_sta_cos_loss: 0.00000, total_cos_loss : 0.04614, 
epoch  95 summary: dyn_dyn_cos_loss: 0.00000, dyn_sta_cos_loss: 0.00000, total_cos_loss : 0.04614, 
epoch  96 summary: dyn_dyn_cos_loss: 0.00000, dyn_sta_cos_loss: 0.00000, total_cos_loss : 0.04614, 
epoch  97 summary: dyn_dyn_cos_loss: 0.00000, dyn_sta_cos_loss: 0.00000, total_cos_loss : 0.04614, 
epoch  98 summary: dyn_dyn_cos_loss: 0.00000, dyn_sta_cos_loss: 0.00000, total_cos_loss : 0.04614, 
epoch  99 summary: dyn_dyn_cos_loss: 0.00000, dyn_sta_cos_loss: 0.00000, total_cos_loss : 0.04614, 
valid loss: 2.3480, valid acc: 0.4766
all                          52896.549ms
all_epoch                    52864.040ms
all_preparation                 32.492ms
all_preparation_2               31.297ms
all_preparation_3                1.177ms
epoch                          428.836ms
epoch_pos_train                  1.484ms
epoch_preparation                0.313ms
epoch_train                    426.147ms
epoch_valid                      0.486ms
----------------------------------------
all                          52896.549ms
  all_epoch             99.94%
  all_preparation        0.06%
all_preparation                 32.492ms
  all_preparation_2     96.32%
  all_preparation_3      3.62%
epoch                        42883.551ms
  epoch_train           99.37%
  epoch_pos_train        0.35%
  epoch_valid            0.11%
  epoch_preparation      0.07%
