Before CTE Training: train eu loss: 1.063186526298523, eval eu loss: 1.492782711982727
Before CTE Training: train eu acc: 0.6669921875, eval eu acc: 0.560546875
epoch   0 summary: dyn_dyn_loss   : 0.01866, dyn_sta_loss   : 4.14016, tot_dyn_loss   : 0.26595, sta_sta_loss   : 0.02002, 
train loss: 1.6183, train acc: 0.6836
epoch   1 summary: dyn_dyn_loss   : 0.01786, dyn_sta_loss   : 3.96447, tot_dyn_loss   : 0.25466, sta_sta_loss   : 0.02002, 
epoch   2 summary: dyn_dyn_loss   : 0.01707, dyn_sta_loss   : 3.81912, tot_dyn_loss   : 0.24520, sta_sta_loss   : 0.02002, 
epoch   3 summary: dyn_dyn_loss   : 0.01700, dyn_sta_loss   : 3.69564, tot_dyn_loss   : 0.23772, sta_sta_loss   : 0.02002, 
epoch   4 summary: dyn_dyn_loss   : 0.01786, dyn_sta_loss   : 3.60586, tot_dyn_loss   : 0.23314, sta_sta_loss   : 0.02002, 
epoch   5 summary: dyn_dyn_loss   : 0.01933, dyn_sta_loss   : 3.53569, tot_dyn_loss   : 0.23031, sta_sta_loss   : 0.02002, 
epoch   6 summary: dyn_dyn_loss   : 0.02103, dyn_sta_loss   : 3.47977, tot_dyn_loss   : 0.22856, sta_sta_loss   : 0.02002, 
epoch   7 summary: dyn_dyn_loss   : 0.02250, dyn_sta_loss   : 3.44975, tot_dyn_loss   : 0.22813, sta_sta_loss   : 0.02002, 
epoch   8 summary: dyn_dyn_loss   : 0.02315, dyn_sta_loss   : 3.42049, tot_dyn_loss   : 0.22699, sta_sta_loss   : 0.02002, 
epoch   9 summary: dyn_dyn_loss   : 0.02415, dyn_sta_loss   : 3.40328, tot_dyn_loss   : 0.22689, sta_sta_loss   : 0.02002, 
epoch  10 summary: dyn_dyn_loss   : 0.02447, dyn_sta_loss   : 3.39183, tot_dyn_loss   : 0.22651, sta_sta_loss   : 0.02002, 
train loss: 0.0001, train acc: 1.0000
epoch  11 summary: dyn_dyn_loss   : 0.02499, dyn_sta_loss   : 3.38870, tot_dyn_loss   : 0.22682, sta_sta_loss   : 0.02002, 
epoch  12 summary: dyn_dyn_loss   : 0.02506, dyn_sta_loss   : 3.38969, tot_dyn_loss   : 0.22693, sta_sta_loss   : 0.02002, 
epoch  13 summary: dyn_dyn_loss   : 0.02501, dyn_sta_loss   : 3.38948, tot_dyn_loss   : 0.22688, sta_sta_loss   : 0.02002, 
epoch  14 summary: dyn_dyn_loss   : 0.02497, dyn_sta_loss   : 3.38757, tot_dyn_loss   : 0.22673, sta_sta_loss   : 0.02002, 
epoch  15 summary: dyn_dyn_loss   : 0.02502, dyn_sta_loss   : 3.38885, tot_dyn_loss   : 0.22685, sta_sta_loss   : 0.02002, 
epoch  16 summary: dyn_dyn_loss   : 0.02508, dyn_sta_loss   : 3.37930, tot_dyn_loss   : 0.22633, sta_sta_loss   : 0.02002, 
epoch  17 summary: dyn_dyn_loss   : 0.02511, dyn_sta_loss   : 3.38354, tot_dyn_loss   : 0.22661, sta_sta_loss   : 0.02002, 
epoch  18 summary: dyn_dyn_loss   : 0.02512, dyn_sta_loss   : 3.37549, tot_dyn_loss   : 0.22614, sta_sta_loss   : 0.02002, 
epoch  19 summary: dyn_dyn_loss   : 0.02539, dyn_sta_loss   : 3.37458, tot_dyn_loss   : 0.22634, sta_sta_loss   : 0.02002, 
epoch  20 summary: dyn_dyn_loss   : 0.02535, dyn_sta_loss   : 3.37016, tot_dyn_loss   : 0.22604, sta_sta_loss   : 0.02002, 
train loss: 0.0001, train acc: 1.0000
epoch  21 summary: dyn_dyn_loss   : 0.02542, dyn_sta_loss   : 3.37413, tot_dyn_loss   : 0.22635, sta_sta_loss   : 0.02002, 
epoch  22 summary: dyn_dyn_loss   : 0.02517, dyn_sta_loss   : 3.38231, tot_dyn_loss   : 0.22660, sta_sta_loss   : 0.02002, 
epoch  23 summary: dyn_dyn_loss   : 0.02502, dyn_sta_loss   : 3.38002, tot_dyn_loss   : 0.22632, sta_sta_loss   : 0.02002, 
epoch  24 summary: dyn_dyn_loss   : 0.02505, dyn_sta_loss   : 3.37866, tot_dyn_loss   : 0.22627, sta_sta_loss   : 0.02002, 
epoch  25 summary: dyn_dyn_loss   : 0.02509, dyn_sta_loss   : 3.37630, tot_dyn_loss   : 0.22616, sta_sta_loss   : 0.02002, 
epoch  26 summary: dyn_dyn_loss   : 0.02506, dyn_sta_loss   : 3.37433, tot_dyn_loss   : 0.22602, sta_sta_loss   : 0.02002, 
epoch  27 summary: dyn_dyn_loss   : 0.02512, dyn_sta_loss   : 3.37045, tot_dyn_loss   : 0.22584, sta_sta_loss   : 0.02002, 
epoch  28 summary: dyn_dyn_loss   : 0.02507, dyn_sta_loss   : 3.39082, tot_dyn_loss   : 0.22701, sta_sta_loss   : 0.02002, 
epoch  29 summary: dyn_dyn_loss   : 0.02478, dyn_sta_loss   : 3.38325, tot_dyn_loss   : 0.22629, sta_sta_loss   : 0.02002, 
epoch  30 summary: dyn_dyn_loss   : 0.02477, dyn_sta_loss   : 3.38082, tot_dyn_loss   : 0.22613, sta_sta_loss   : 0.02002, 
train loss: 0.0002, train acc: 1.0000
epoch  31 summary: dyn_dyn_loss   : 0.02488, dyn_sta_loss   : 3.38788, tot_dyn_loss   : 0.22666, sta_sta_loss   : 0.02002, 
epoch  32 summary: dyn_dyn_loss   : 0.02476, dyn_sta_loss   : 3.38180, tot_dyn_loss   : 0.22618, sta_sta_loss   : 0.02002, 
epoch  33 summary: dyn_dyn_loss   : 0.02492, dyn_sta_loss   : 3.38213, tot_dyn_loss   : 0.22635, sta_sta_loss   : 0.02002, 
epoch  34 summary: dyn_dyn_loss   : 0.02481, dyn_sta_loss   : 3.37579, tot_dyn_loss   : 0.22587, sta_sta_loss   : 0.02002, 
epoch  35 summary: dyn_dyn_loss   : 0.02495, dyn_sta_loss   : 3.37584, tot_dyn_loss   : 0.22600, sta_sta_loss   : 0.02002, 
epoch  36 summary: dyn_dyn_loss   : 0.02489, dyn_sta_loss   : 3.38004, tot_dyn_loss   : 0.22620, sta_sta_loss   : 0.02002, 
epoch  37 summary: dyn_dyn_loss   : 0.02484, dyn_sta_loss   : 3.38291, tot_dyn_loss   : 0.22632, sta_sta_loss   : 0.02002, 
epoch  38 summary: dyn_dyn_loss   : 0.02472, dyn_sta_loss   : 3.38710, tot_dyn_loss   : 0.22646, sta_sta_loss   : 0.02002, 
epoch  39 summary: dyn_dyn_loss   : 0.02471, dyn_sta_loss   : 3.38209, tot_dyn_loss   : 0.22615, sta_sta_loss   : 0.02002, 
epoch  40 summary: dyn_dyn_loss   : 0.02479, dyn_sta_loss   : 3.38005, tot_dyn_loss   : 0.22611, sta_sta_loss   : 0.02002, 
train loss: 0.0002, train acc: 1.0000
epoch  41 summary: dyn_dyn_loss   : 0.02481, dyn_sta_loss   : 3.38301, tot_dyn_loss   : 0.22631, sta_sta_loss   : 0.02002, 
epoch  42 summary: dyn_dyn_loss   : 0.02472, dyn_sta_loss   : 3.38005, tot_dyn_loss   : 0.22604, sta_sta_loss   : 0.02002, 
epoch  43 summary: dyn_dyn_loss   : 0.02478, dyn_sta_loss   : 3.38329, tot_dyn_loss   : 0.22629, sta_sta_loss   : 0.02002, 
epoch  44 summary: dyn_dyn_loss   : 0.02476, dyn_sta_loss   : 3.38475, tot_dyn_loss   : 0.22635, sta_sta_loss   : 0.02002, 
epoch  45 summary: dyn_dyn_loss   : 0.02481, dyn_sta_loss   : 3.37939, tot_dyn_loss   : 0.22609, sta_sta_loss   : 0.02002, 
epoch  46 summary: dyn_dyn_loss   : 0.02483, dyn_sta_loss   : 3.37380, tot_dyn_loss   : 0.22577, sta_sta_loss   : 0.02002, 
epoch  47 summary: dyn_dyn_loss   : 0.02478, dyn_sta_loss   : 3.38654, tot_dyn_loss   : 0.22649, sta_sta_loss   : 0.02002, 
epoch  48 summary: dyn_dyn_loss   : 0.02467, dyn_sta_loss   : 3.37563, tot_dyn_loss   : 0.22573, sta_sta_loss   : 0.02002, 
epoch  49 summary: dyn_dyn_loss   : 0.02480, dyn_sta_loss   : 3.38693, tot_dyn_loss   : 0.22653, sta_sta_loss   : 0.02002, 
epoch  50 summary: dyn_dyn_loss   : 0.02468, dyn_sta_loss   : 3.38108, tot_dyn_loss   : 0.22607, sta_sta_loss   : 0.02002, 
train loss: 0.0001, train acc: 1.0000
epoch  51 summary: dyn_dyn_loss   : 0.02476, dyn_sta_loss   : 3.37650, tot_dyn_loss   : 0.22586, sta_sta_loss   : 0.02002, 
epoch  52 summary: dyn_dyn_loss   : 0.02488, dyn_sta_loss   : 3.38024, tot_dyn_loss   : 0.22620, sta_sta_loss   : 0.02002, 
epoch  53 summary: dyn_dyn_loss   : 0.02473, dyn_sta_loss   : 3.38728, tot_dyn_loss   : 0.22648, sta_sta_loss   : 0.02002, 
epoch  54 summary: dyn_dyn_loss   : 0.02459, dyn_sta_loss   : 3.38135, tot_dyn_loss   : 0.22600, sta_sta_loss   : 0.02002, 
epoch  55 summary: dyn_dyn_loss   : 0.02478, dyn_sta_loss   : 3.38007, tot_dyn_loss   : 0.22610, sta_sta_loss   : 0.02002, 
epoch  56 summary: dyn_dyn_loss   : 0.02478, dyn_sta_loss   : 3.38842, tot_dyn_loss   : 0.22660, sta_sta_loss   : 0.02002, 
epoch  57 summary: dyn_dyn_loss   : 0.02470, dyn_sta_loss   : 3.37901, tot_dyn_loss   : 0.22596, sta_sta_loss   : 0.02002, 
epoch  58 summary: dyn_dyn_loss   : 0.02484, dyn_sta_loss   : 3.38391, tot_dyn_loss   : 0.22638, sta_sta_loss   : 0.02002, 
epoch  59 summary: dyn_dyn_loss   : 0.02463, dyn_sta_loss   : 3.38789, tot_dyn_loss   : 0.22642, sta_sta_loss   : 0.02002, 
epoch  60 summary: dyn_dyn_loss   : 0.02460, dyn_sta_loss   : 3.38367, tot_dyn_loss   : 0.22614, sta_sta_loss   : 0.02002, 
train loss: 0.0002, train acc: 1.0000
epoch  61 summary: dyn_dyn_loss   : 0.02466, dyn_sta_loss   : 3.38433, tot_dyn_loss   : 0.22624, sta_sta_loss   : 0.02002, 
epoch  62 summary: dyn_dyn_loss   : 0.02474, dyn_sta_loss   : 3.37821, tot_dyn_loss   : 0.22595, sta_sta_loss   : 0.02002, 
epoch  63 summary: dyn_dyn_loss   : 0.02483, dyn_sta_loss   : 3.38364, tot_dyn_loss   : 0.22636, sta_sta_loss   : 0.02002, 
epoch  64 summary: dyn_dyn_loss   : 0.02476, dyn_sta_loss   : 3.38457, tot_dyn_loss   : 0.22635, sta_sta_loss   : 0.02002, 
epoch  65 summary: dyn_dyn_loss   : 0.02471, dyn_sta_loss   : 3.38096, tot_dyn_loss   : 0.22608, sta_sta_loss   : 0.02002, 
epoch  66 summary: dyn_dyn_loss   : 0.02478, dyn_sta_loss   : 3.38459, tot_dyn_loss   : 0.22637, sta_sta_loss   : 0.02002, 
epoch  67 summary: dyn_dyn_loss   : 0.02464, dyn_sta_loss   : 3.39313, tot_dyn_loss   : 0.22675, sta_sta_loss   : 0.02002, 
epoch  68 summary: dyn_dyn_loss   : 0.02447, dyn_sta_loss   : 3.38901, tot_dyn_loss   : 0.22634, sta_sta_loss   : 0.02002, 
epoch  69 summary: dyn_dyn_loss   : 0.02462, dyn_sta_loss   : 3.37599, tot_dyn_loss   : 0.22570, sta_sta_loss   : 0.02002, 
epoch  70 summary: dyn_dyn_loss   : 0.02478, dyn_sta_loss   : 3.39168, tot_dyn_loss   : 0.22679, sta_sta_loss   : 0.02002, 
train loss: 0.0001, train acc: 1.0000
epoch  71 summary: dyn_dyn_loss   : 0.02452, dyn_sta_loss   : 3.38171, tot_dyn_loss   : 0.22595, sta_sta_loss   : 0.02002, 
epoch  72 summary: dyn_dyn_loss   : 0.02470, dyn_sta_loss   : 3.37819, tot_dyn_loss   : 0.22591, sta_sta_loss   : 0.02002, 
epoch  73 summary: dyn_dyn_loss   : 0.02475, dyn_sta_loss   : 3.38331, tot_dyn_loss   : 0.22626, sta_sta_loss   : 0.02002, 
epoch  74 summary: dyn_dyn_loss   : 0.02464, dyn_sta_loss   : 3.38608, tot_dyn_loss   : 0.22633, sta_sta_loss   : 0.02002, 
epoch  75 summary: dyn_dyn_loss   : 0.02457, dyn_sta_loss   : 3.38085, tot_dyn_loss   : 0.22595, sta_sta_loss   : 0.02002, 
epoch  76 summary: dyn_dyn_loss   : 0.02467, dyn_sta_loss   : 3.37775, tot_dyn_loss   : 0.22585, sta_sta_loss   : 0.02002, 
epoch  77 summary: dyn_dyn_loss   : 0.02474, dyn_sta_loss   : 3.37593, tot_dyn_loss   : 0.22581, sta_sta_loss   : 0.02002, 
epoch  78 summary: dyn_dyn_loss   : 0.02472, dyn_sta_loss   : 3.39671, tot_dyn_loss   : 0.22704, sta_sta_loss   : 0.02002, 
epoch  79 summary: dyn_dyn_loss   : 0.02440, dyn_sta_loss   : 3.38523, tot_dyn_loss   : 0.22605, sta_sta_loss   : 0.02002, 
epoch  80 summary: dyn_dyn_loss   : 0.02456, dyn_sta_loss   : 3.37521, tot_dyn_loss   : 0.22560, sta_sta_loss   : 0.02002, 
train loss: 0.0001, train acc: 1.0000
epoch  81 summary: dyn_dyn_loss   : 0.02482, dyn_sta_loss   : 3.37615, tot_dyn_loss   : 0.22590, sta_sta_loss   : 0.02002, 
epoch  82 summary: dyn_dyn_loss   : 0.02479, dyn_sta_loss   : 3.38578, tot_dyn_loss   : 0.22645, sta_sta_loss   : 0.02002, 
epoch  83 summary: dyn_dyn_loss   : 0.02461, dyn_sta_loss   : 3.39063, tot_dyn_loss   : 0.22657, sta_sta_loss   : 0.02002, 
epoch  84 summary: dyn_dyn_loss   : 0.02461, dyn_sta_loss   : 3.38030, tot_dyn_loss   : 0.22595, sta_sta_loss   : 0.02002, 
epoch  85 summary: dyn_dyn_loss   : 0.02470, dyn_sta_loss   : 3.38454, tot_dyn_loss   : 0.22629, sta_sta_loss   : 0.02002, 
epoch  86 summary: dyn_dyn_loss   : 0.02460, dyn_sta_loss   : 3.38244, tot_dyn_loss   : 0.22607, sta_sta_loss   : 0.02002, 
epoch  87 summary: dyn_dyn_loss   : 0.02460, dyn_sta_loss   : 3.39362, tot_dyn_loss   : 0.22674, sta_sta_loss   : 0.02002, 
epoch  88 summary: dyn_dyn_loss   : 0.02445, dyn_sta_loss   : 3.38468, tot_dyn_loss   : 0.22606, sta_sta_loss   : 0.02002, 
epoch  89 summary: dyn_dyn_loss   : 0.02457, dyn_sta_loss   : 3.37510, tot_dyn_loss   : 0.22560, sta_sta_loss   : 0.02002, 
epoch  90 summary: dyn_dyn_loss   : 0.02477, dyn_sta_loss   : 3.38204, tot_dyn_loss   : 0.22621, sta_sta_loss   : 0.02002, 
train loss: 0.0001, train acc: 1.0000
epoch  91 summary: dyn_dyn_loss   : 0.02455, dyn_sta_loss   : 3.38014, tot_dyn_loss   : 0.22589, sta_sta_loss   : 0.02002, 
epoch  92 summary: dyn_dyn_loss   : 0.02467, dyn_sta_loss   : 3.38954, tot_dyn_loss   : 0.22656, sta_sta_loss   : 0.02002, 
epoch  93 summary: dyn_dyn_loss   : 0.02456, dyn_sta_loss   : 3.37999, tot_dyn_loss   : 0.22588, sta_sta_loss   : 0.02002, 
epoch  94 summary: dyn_dyn_loss   : 0.02472, dyn_sta_loss   : 3.37462, tot_dyn_loss   : 0.22571, sta_sta_loss   : 0.02002, 
epoch  95 summary: dyn_dyn_loss   : 0.02468, dyn_sta_loss   : 3.38420, tot_dyn_loss   : 0.22625, sta_sta_loss   : 0.02002, 
epoch  96 summary: dyn_dyn_loss   : 0.02461, dyn_sta_loss   : 3.38194, tot_dyn_loss   : 0.22605, sta_sta_loss   : 0.02002, 
epoch  97 summary: dyn_dyn_loss   : 0.02463, dyn_sta_loss   : 3.38721, tot_dyn_loss   : 0.22639, sta_sta_loss   : 0.02002, 
epoch  98 summary: dyn_dyn_loss   : 0.02461, dyn_sta_loss   : 3.38416, tot_dyn_loss   : 0.22619, sta_sta_loss   : 0.02002, 
epoch  99 summary: dyn_dyn_loss   : 0.02455, dyn_sta_loss   : 3.38179, tot_dyn_loss   : 0.22598, sta_sta_loss   : 0.02002, 
train loss: 0.0001, train acc: 1.0000
all                         188063.746ms
all_epoch                   187685.879ms
all_preparation                377.837ms
all_preparation_2              376.678ms
all_preparation_3                1.136ms
epoch                         1715.273ms
epoch_pos_train                  1.222ms
epoch_preparation                3.614ms
epoch_train                   1707.902ms
epoch_valid                      2.081ms
----------------------------------------
all                         188063.746ms
  all_epoch             99.80%
  all_preparation        0.20%
all_preparation                377.837ms
  all_preparation_2     99.69%
  all_preparation_3      0.30%
epoch                       171527.300ms
  epoch_train           99.57%
  epoch_preparation      0.21%
  epoch_valid            0.12%
  epoch_pos_train        0.07%
epoch   0 summary: dyn_dyn_cos_loss: 0.00000, dyn_sta_cos_loss: 0.00000, total_cos_loss : 0.01704, 
valid loss: 3.7641, valid acc: 0.2109
epoch   1 summary: dyn_dyn_cos_loss: 0.00000, dyn_sta_cos_loss: 0.00000, total_cos_loss : 0.01384, 
epoch   2 summary: dyn_dyn_cos_loss: 0.00000, dyn_sta_cos_loss: 0.00000, total_cos_loss : 0.01246, 
epoch   3 summary: dyn_dyn_cos_loss: 0.00000, dyn_sta_cos_loss: 0.00000, total_cos_loss : 0.01165, 
epoch   4 summary: dyn_dyn_cos_loss: 0.00000, dyn_sta_cos_loss: 0.00000, total_cos_loss : 0.01111, 
epoch   5 summary: dyn_dyn_cos_loss: 0.00000, dyn_sta_cos_loss: 0.00000, total_cos_loss : 0.01076, 
epoch   6 summary: dyn_dyn_cos_loss: 0.00000, dyn_sta_cos_loss: 0.00000, total_cos_loss : 0.01053, 
epoch   7 summary: dyn_dyn_cos_loss: 0.00000, dyn_sta_cos_loss: 0.00000, total_cos_loss : 0.01036, 
epoch   8 summary: dyn_dyn_cos_loss: 0.00000, dyn_sta_cos_loss: 0.00000, total_cos_loss : 0.01024, 
epoch   9 summary: dyn_dyn_cos_loss: 0.00000, dyn_sta_cos_loss: 0.00000, total_cos_loss : 0.01016, 
epoch  10 summary: dyn_dyn_cos_loss: 0.00000, dyn_sta_cos_loss: 0.00000, total_cos_loss : 0.01009, 
valid loss: 2.5441, valid acc: 0.4355
epoch  11 summary: dyn_dyn_cos_loss: 0.00000, dyn_sta_cos_loss: 0.00000, total_cos_loss : 0.01004, 
epoch  12 summary: dyn_dyn_cos_loss: 0.00000, dyn_sta_cos_loss: 0.00000, total_cos_loss : 0.01000, 
epoch  13 summary: dyn_dyn_cos_loss: 0.00000, dyn_sta_cos_loss: 0.00000, total_cos_loss : 0.00997, 
epoch  14 summary: dyn_dyn_cos_loss: 0.00000, dyn_sta_cos_loss: 0.00000, total_cos_loss : 0.00995, 
epoch  15 summary: dyn_dyn_cos_loss: 0.00000, dyn_sta_cos_loss: 0.00000, total_cos_loss : 0.00993, 
epoch  16 summary: dyn_dyn_cos_loss: 0.00000, dyn_sta_cos_loss: 0.00000, total_cos_loss : 0.00992, 
epoch  17 summary: dyn_dyn_cos_loss: 0.00000, dyn_sta_cos_loss: 0.00000, total_cos_loss : 0.00990, 
epoch  18 summary: dyn_dyn_cos_loss: 0.00000, dyn_sta_cos_loss: 0.00000, total_cos_loss : 0.00990, 
epoch  19 summary: dyn_dyn_cos_loss: 0.00000, dyn_sta_cos_loss: 0.00000, total_cos_loss : 0.00989, 
epoch  20 summary: dyn_dyn_cos_loss: 0.00000, dyn_sta_cos_loss: 0.00000, total_cos_loss : 0.00989, 
valid loss: 2.4962, valid acc: 0.4414
epoch  21 summary: dyn_dyn_cos_loss: 0.00000, dyn_sta_cos_loss: 0.00000, total_cos_loss : 0.00988, 
epoch  22 summary: dyn_dyn_cos_loss: 0.00000, dyn_sta_cos_loss: 0.00000, total_cos_loss : 0.00988, 
epoch  23 summary: dyn_dyn_cos_loss: 0.00000, dyn_sta_cos_loss: 0.00000, total_cos_loss : 0.00987, 
epoch  24 summary: dyn_dyn_cos_loss: 0.00000, dyn_sta_cos_loss: 0.00000, total_cos_loss : 0.00987, 
epoch  25 summary: dyn_dyn_cos_loss: 0.00000, dyn_sta_cos_loss: 0.00000, total_cos_loss : 0.00987, 
epoch  26 summary: dyn_dyn_cos_loss: 0.00000, dyn_sta_cos_loss: 0.00000, total_cos_loss : 0.00987, 
epoch  27 summary: dyn_dyn_cos_loss: 0.00000, dyn_sta_cos_loss: 0.00000, total_cos_loss : 0.00986, 
epoch  28 summary: dyn_dyn_cos_loss: 0.00000, dyn_sta_cos_loss: 0.00000, total_cos_loss : 0.00986, 
epoch  29 summary: dyn_dyn_cos_loss: 0.00000, dyn_sta_cos_loss: 0.00000, total_cos_loss : 0.00986, 
epoch  30 summary: dyn_dyn_cos_loss: 0.00000, dyn_sta_cos_loss: 0.00000, total_cos_loss : 0.00986, 
valid loss: 2.4770, valid acc: 0.4375
epoch  31 summary: dyn_dyn_cos_loss: 0.00000, dyn_sta_cos_loss: 0.00000, total_cos_loss : 0.00986, 
epoch  32 summary: dyn_dyn_cos_loss: 0.00000, dyn_sta_cos_loss: 0.00000, total_cos_loss : 0.00986, 
epoch  33 summary: dyn_dyn_cos_loss: 0.00000, dyn_sta_cos_loss: 0.00000, total_cos_loss : 0.00986, 
epoch  34 summary: dyn_dyn_cos_loss: 0.00000, dyn_sta_cos_loss: 0.00000, total_cos_loss : 0.00986, 
epoch  35 summary: dyn_dyn_cos_loss: 0.00000, dyn_sta_cos_loss: 0.00000, total_cos_loss : 0.00986, 
epoch  36 summary: dyn_dyn_cos_loss: 0.00000, dyn_sta_cos_loss: 0.00000, total_cos_loss : 0.00985, 
epoch  37 summary: dyn_dyn_cos_loss: 0.00000, dyn_sta_cos_loss: 0.00000, total_cos_loss : 0.00985, 
epoch  38 summary: dyn_dyn_cos_loss: 0.00000, dyn_sta_cos_loss: 0.00000, total_cos_loss : 0.00985, 
epoch  39 summary: dyn_dyn_cos_loss: 0.00000, dyn_sta_cos_loss: 0.00000, total_cos_loss : 0.00985, 
epoch  40 summary: dyn_dyn_cos_loss: 0.00000, dyn_sta_cos_loss: 0.00000, total_cos_loss : 0.00985, 
valid loss: 2.4775, valid acc: 0.4453
epoch  41 summary: dyn_dyn_cos_loss: 0.00000, dyn_sta_cos_loss: 0.00000, total_cos_loss : 0.00985, 
epoch  42 summary: dyn_dyn_cos_loss: 0.00000, dyn_sta_cos_loss: 0.00000, total_cos_loss : 0.00985, 
epoch  43 summary: dyn_dyn_cos_loss: 0.00000, dyn_sta_cos_loss: 0.00000, total_cos_loss : 0.00985, 
epoch  44 summary: dyn_dyn_cos_loss: 0.00000, dyn_sta_cos_loss: 0.00000, total_cos_loss : 0.00985, 
epoch  45 summary: dyn_dyn_cos_loss: 0.00000, dyn_sta_cos_loss: 0.00000, total_cos_loss : 0.00985, 
epoch  46 summary: dyn_dyn_cos_loss: 0.00000, dyn_sta_cos_loss: 0.00000, total_cos_loss : 0.00985, 
epoch  47 summary: dyn_dyn_cos_loss: 0.00000, dyn_sta_cos_loss: 0.00000, total_cos_loss : 0.00985, 
epoch  48 summary: dyn_dyn_cos_loss: 0.00000, dyn_sta_cos_loss: 0.00000, total_cos_loss : 0.00985, 
epoch  49 summary: dyn_dyn_cos_loss: 0.00000, dyn_sta_cos_loss: 0.00000, total_cos_loss : 0.00985, 
epoch  50 summary: dyn_dyn_cos_loss: 0.00000, dyn_sta_cos_loss: 0.00000, total_cos_loss : 0.00985, 
valid loss: 2.4759, valid acc: 0.4434
epoch  51 summary: dyn_dyn_cos_loss: 0.00000, dyn_sta_cos_loss: 0.00000, total_cos_loss : 0.00985, 
epoch  52 summary: dyn_dyn_cos_loss: 0.00000, dyn_sta_cos_loss: 0.00000, total_cos_loss : 0.00985, 
epoch  53 summary: dyn_dyn_cos_loss: 0.00000, dyn_sta_cos_loss: 0.00000, total_cos_loss : 0.00985, 
epoch  54 summary: dyn_dyn_cos_loss: 0.00000, dyn_sta_cos_loss: 0.00000, total_cos_loss : 0.00985, 
epoch  55 summary: dyn_dyn_cos_loss: 0.00000, dyn_sta_cos_loss: 0.00000, total_cos_loss : 0.00985, 
epoch  56 summary: dyn_dyn_cos_loss: 0.00000, dyn_sta_cos_loss: 0.00000, total_cos_loss : 0.00985, 
epoch  57 summary: dyn_dyn_cos_loss: 0.00000, dyn_sta_cos_loss: 0.00000, total_cos_loss : 0.00985, 
epoch  58 summary: dyn_dyn_cos_loss: 0.00000, dyn_sta_cos_loss: 0.00000, total_cos_loss : 0.00985, 
epoch  59 summary: dyn_dyn_cos_loss: 0.00000, dyn_sta_cos_loss: 0.00000, total_cos_loss : 0.00985, 
epoch  60 summary: dyn_dyn_cos_loss: 0.00000, dyn_sta_cos_loss: 0.00000, total_cos_loss : 0.00985, 
valid loss: 2.4756, valid acc: 0.4434
epoch  61 summary: dyn_dyn_cos_loss: 0.00000, dyn_sta_cos_loss: 0.00000, total_cos_loss : 0.00985, 
epoch  62 summary: dyn_dyn_cos_loss: 0.00000, dyn_sta_cos_loss: 0.00000, total_cos_loss : 0.00985, 
epoch  63 summary: dyn_dyn_cos_loss: 0.00000, dyn_sta_cos_loss: 0.00000, total_cos_loss : 0.00985, 
epoch  64 summary: dyn_dyn_cos_loss: 0.00000, dyn_sta_cos_loss: 0.00000, total_cos_loss : 0.00985, 
epoch  65 summary: dyn_dyn_cos_loss: 0.00000, dyn_sta_cos_loss: 0.00000, total_cos_loss : 0.00985, 
epoch  66 summary: dyn_dyn_cos_loss: 0.00000, dyn_sta_cos_loss: 0.00000, total_cos_loss : 0.00985, 
epoch  67 summary: dyn_dyn_cos_loss: 0.00000, dyn_sta_cos_loss: 0.00000, total_cos_loss : 0.00985, 
epoch  68 summary: dyn_dyn_cos_loss: 0.00000, dyn_sta_cos_loss: 0.00000, total_cos_loss : 0.00985, 
epoch  69 summary: dyn_dyn_cos_loss: 0.00000, dyn_sta_cos_loss: 0.00000, total_cos_loss : 0.00985, 
epoch  70 summary: dyn_dyn_cos_loss: 0.00000, dyn_sta_cos_loss: 0.00000, total_cos_loss : 0.00985, 
valid loss: 2.4773, valid acc: 0.4434
epoch  71 summary: dyn_dyn_cos_loss: 0.00000, dyn_sta_cos_loss: 0.00000, total_cos_loss : 0.00985, 
epoch  72 summary: dyn_dyn_cos_loss: 0.00000, dyn_sta_cos_loss: 0.00000, total_cos_loss : 0.00985, 
epoch  73 summary: dyn_dyn_cos_loss: 0.00000, dyn_sta_cos_loss: 0.00000, total_cos_loss : 0.00985, 
epoch  74 summary: dyn_dyn_cos_loss: 0.00000, dyn_sta_cos_loss: 0.00000, total_cos_loss : 0.00985, 
epoch  75 summary: dyn_dyn_cos_loss: 0.00000, dyn_sta_cos_loss: 0.00000, total_cos_loss : 0.00985, 
epoch  76 summary: dyn_dyn_cos_loss: 0.00000, dyn_sta_cos_loss: 0.00000, total_cos_loss : 0.00984, 
epoch  77 summary: dyn_dyn_cos_loss: 0.00000, dyn_sta_cos_loss: 0.00000, total_cos_loss : 0.00984, 
epoch  78 summary: dyn_dyn_cos_loss: 0.00000, dyn_sta_cos_loss: 0.00000, total_cos_loss : 0.00984, 
epoch  79 summary: dyn_dyn_cos_loss: 0.00000, dyn_sta_cos_loss: 0.00000, total_cos_loss : 0.00984, 
epoch  80 summary: dyn_dyn_cos_loss: 0.00000, dyn_sta_cos_loss: 0.00000, total_cos_loss : 0.00984, 
valid loss: 2.4766, valid acc: 0.4453
epoch  81 summary: dyn_dyn_cos_loss: 0.00000, dyn_sta_cos_loss: 0.00000, total_cos_loss : 0.00984, 
epoch  82 summary: dyn_dyn_cos_loss: 0.00000, dyn_sta_cos_loss: 0.00000, total_cos_loss : 0.00984, 
epoch  83 summary: dyn_dyn_cos_loss: 0.00000, dyn_sta_cos_loss: 0.00000, total_cos_loss : 0.00984, 
epoch  84 summary: dyn_dyn_cos_loss: 0.00000, dyn_sta_cos_loss: 0.00000, total_cos_loss : 0.00984, 
epoch  85 summary: dyn_dyn_cos_loss: 0.00000, dyn_sta_cos_loss: 0.00000, total_cos_loss : 0.00984, 
epoch  86 summary: dyn_dyn_cos_loss: 0.00000, dyn_sta_cos_loss: 0.00000, total_cos_loss : 0.00984, 
epoch  87 summary: dyn_dyn_cos_loss: 0.00000, dyn_sta_cos_loss: 0.00000, total_cos_loss : 0.00984, 
epoch  88 summary: dyn_dyn_cos_loss: 0.00000, dyn_sta_cos_loss: 0.00000, total_cos_loss : 0.00984, 
epoch  89 summary: dyn_dyn_cos_loss: 0.00000, dyn_sta_cos_loss: 0.00000, total_cos_loss : 0.00984, 
epoch  90 summary: dyn_dyn_cos_loss: 0.00000, dyn_sta_cos_loss: 0.00000, total_cos_loss : 0.00984, 
valid loss: 2.4773, valid acc: 0.4453
epoch  91 summary: dyn_dyn_cos_loss: 0.00000, dyn_sta_cos_loss: 0.00000, total_cos_loss : 0.00984, 
epoch  92 summary: dyn_dyn_cos_loss: 0.00000, dyn_sta_cos_loss: 0.00000, total_cos_loss : 0.00984, 
epoch  93 summary: dyn_dyn_cos_loss: 0.00000, dyn_sta_cos_loss: 0.00000, total_cos_loss : 0.00984, 
epoch  94 summary: dyn_dyn_cos_loss: 0.00000, dyn_sta_cos_loss: 0.00000, total_cos_loss : 0.00984, 
epoch  95 summary: dyn_dyn_cos_loss: 0.00000, dyn_sta_cos_loss: 0.00000, total_cos_loss : 0.00984, 
epoch  96 summary: dyn_dyn_cos_loss: 0.00000, dyn_sta_cos_loss: 0.00000, total_cos_loss : 0.00984, 
epoch  97 summary: dyn_dyn_cos_loss: 0.00000, dyn_sta_cos_loss: 0.00000, total_cos_loss : 0.00984, 
epoch  98 summary: dyn_dyn_cos_loss: 0.00000, dyn_sta_cos_loss: 0.00000, total_cos_loss : 0.00984, 
epoch  99 summary: dyn_dyn_cos_loss: 0.00000, dyn_sta_cos_loss: 0.00000, total_cos_loss : 0.00984, 
valid loss: 2.4693, valid acc: 0.4473
all                          52914.697ms
all_epoch                    52884.400ms
all_preparation                 30.278ms
all_preparation_2               29.170ms
all_preparation_3                1.091ms
epoch                          431.136ms
epoch_pos_train                  1.575ms
epoch_preparation                0.341ms
epoch_train                    428.272ms
epoch_valid                      0.516ms
----------------------------------------
all                          52914.697ms
  all_epoch             99.94%
  all_preparation        0.06%
all_preparation                 30.278ms
  all_preparation_2     96.34%
  all_preparation_3      3.60%
epoch                        43113.621ms
  epoch_train           99.34%
  epoch_pos_train        0.37%
  epoch_valid            0.12%
  epoch_preparation      0.08%
