Before CTE Training: train eu loss: 1.063186526298523, eval eu loss: 1.492782711982727
Before CTE Training: train eu acc: 0.6669921875, eval eu acc: 0.560546875
epoch   0 summary: dyn_dyn_loss   : 0.08190, dyn_sta_loss   : 4.10946, tot_dyn_loss   : 0.64576, sta_sta_loss   : 0.12050, 
train loss: 1.6178, train acc: 0.6836
epoch   1 summary: dyn_dyn_loss   : 0.07831, dyn_sta_loss   : 3.75890, tot_dyn_loss   : 0.59359, sta_sta_loss   : 0.12050, 
epoch   2 summary: dyn_dyn_loss   : 0.07470, dyn_sta_loss   : 3.47034, tot_dyn_loss   : 0.55009, sta_sta_loss   : 0.12050, 
epoch   3 summary: dyn_dyn_loss   : 0.07455, dyn_sta_loss   : 3.22649, tot_dyn_loss   : 0.51582, sta_sta_loss   : 0.12050, 
epoch   4 summary: dyn_dyn_loss   : 0.07910, dyn_sta_loss   : 3.04957, tot_dyn_loss   : 0.49497, sta_sta_loss   : 0.12050, 
epoch   5 summary: dyn_dyn_loss   : 0.08696, dyn_sta_loss   : 2.91195, tot_dyn_loss   : 0.48246, sta_sta_loss   : 0.12050, 
epoch   6 summary: dyn_dyn_loss   : 0.09631, dyn_sta_loss   : 2.80311, tot_dyn_loss   : 0.47526, sta_sta_loss   : 0.12050, 
epoch   7 summary: dyn_dyn_loss   : 0.10476, dyn_sta_loss   : 2.74446, tot_dyn_loss   : 0.47432, sta_sta_loss   : 0.12050, 
epoch   8 summary: dyn_dyn_loss   : 0.10853, dyn_sta_loss   : 2.68910, tot_dyn_loss   : 0.46981, sta_sta_loss   : 0.12050, 
epoch   9 summary: dyn_dyn_loss   : 0.11399, dyn_sta_loss   : 2.65743, tot_dyn_loss   : 0.47007, sta_sta_loss   : 0.12050, 
epoch  10 summary: dyn_dyn_loss   : 0.11523, dyn_sta_loss   : 2.63838, tot_dyn_loss   : 0.46847, sta_sta_loss   : 0.12050, 
train loss: 0.0001, train acc: 1.0000
epoch  11 summary: dyn_dyn_loss   : 0.11771, dyn_sta_loss   : 2.63413, tot_dyn_loss   : 0.47001, sta_sta_loss   : 0.12050, 
epoch  12 summary: dyn_dyn_loss   : 0.11738, dyn_sta_loss   : 2.63900, tot_dyn_loss   : 0.47040, sta_sta_loss   : 0.12050, 
epoch  13 summary: dyn_dyn_loss   : 0.11673, dyn_sta_loss   : 2.64005, tot_dyn_loss   : 0.47000, sta_sta_loss   : 0.12050, 
epoch  14 summary: dyn_dyn_loss   : 0.11668, dyn_sta_loss   : 2.63622, tot_dyn_loss   : 0.46942, sta_sta_loss   : 0.12050, 
epoch  15 summary: dyn_dyn_loss   : 0.11672, dyn_sta_loss   : 2.63973, tot_dyn_loss   : 0.46994, sta_sta_loss   : 0.12050, 
epoch  16 summary: dyn_dyn_loss   : 0.11687, dyn_sta_loss   : 2.62138, tot_dyn_loss   : 0.46750, sta_sta_loss   : 0.12050, 
epoch  17 summary: dyn_dyn_loss   : 0.11745, dyn_sta_loss   : 2.62890, tot_dyn_loss   : 0.46905, sta_sta_loss   : 0.12050, 
epoch  18 summary: dyn_dyn_loss   : 0.11764, dyn_sta_loss   : 2.61359, tot_dyn_loss   : 0.46707, sta_sta_loss   : 0.12050, 
epoch  19 summary: dyn_dyn_loss   : 0.11836, dyn_sta_loss   : 2.61382, tot_dyn_loss   : 0.46773, sta_sta_loss   : 0.12050, 
epoch  20 summary: dyn_dyn_loss   : 0.11776, dyn_sta_loss   : 2.60627, tot_dyn_loss   : 0.46615, sta_sta_loss   : 0.12050, 
train loss: 0.0001, train acc: 1.0000
epoch  21 summary: dyn_dyn_loss   : 0.11841, dyn_sta_loss   : 2.61324, tot_dyn_loss   : 0.46769, sta_sta_loss   : 0.12050, 
epoch  22 summary: dyn_dyn_loss   : 0.11650, dyn_sta_loss   : 2.63042, tot_dyn_loss   : 0.46845, sta_sta_loss   : 0.12050, 
epoch  23 summary: dyn_dyn_loss   : 0.11611, dyn_sta_loss   : 2.62550, tot_dyn_loss   : 0.46743, sta_sta_loss   : 0.12050, 
epoch  24 summary: dyn_dyn_loss   : 0.11612, dyn_sta_loss   : 2.62317, tot_dyn_loss   : 0.46711, sta_sta_loss   : 0.12050, 
epoch  25 summary: dyn_dyn_loss   : 0.11649, dyn_sta_loss   : 2.61778, tot_dyn_loss   : 0.46667, sta_sta_loss   : 0.12050, 
epoch  26 summary: dyn_dyn_loss   : 0.11645, dyn_sta_loss   : 2.61408, tot_dyn_loss   : 0.46612, sta_sta_loss   : 0.12050, 
epoch  27 summary: dyn_dyn_loss   : 0.11678, dyn_sta_loss   : 2.60671, tot_dyn_loss   : 0.46537, sta_sta_loss   : 0.12050, 
epoch  28 summary: dyn_dyn_loss   : 0.11645, dyn_sta_loss   : 2.64569, tot_dyn_loss   : 0.47054, sta_sta_loss   : 0.12050, 
epoch  29 summary: dyn_dyn_loss   : 0.11476, dyn_sta_loss   : 2.63199, tot_dyn_loss   : 0.46717, sta_sta_loss   : 0.12050, 
epoch  30 summary: dyn_dyn_loss   : 0.11508, dyn_sta_loss   : 2.62655, tot_dyn_loss   : 0.46669, sta_sta_loss   : 0.12050, 
train loss: 0.0002, train acc: 1.0000
epoch  31 summary: dyn_dyn_loss   : 0.11545, dyn_sta_loss   : 2.63976, tot_dyn_loss   : 0.46886, sta_sta_loss   : 0.12050, 
epoch  32 summary: dyn_dyn_loss   : 0.11473, dyn_sta_loss   : 2.62841, tot_dyn_loss   : 0.46665, sta_sta_loss   : 0.12050, 
epoch  33 summary: dyn_dyn_loss   : 0.11585, dyn_sta_loss   : 2.62810, tot_dyn_loss   : 0.46757, sta_sta_loss   : 0.12050, 
epoch  34 summary: dyn_dyn_loss   : 0.11561, dyn_sta_loss   : 2.61502, tot_dyn_loss   : 0.46552, sta_sta_loss   : 0.12050, 
epoch  35 summary: dyn_dyn_loss   : 0.11621, dyn_sta_loss   : 2.61576, tot_dyn_loss   : 0.46615, sta_sta_loss   : 0.12050, 
epoch  36 summary: dyn_dyn_loss   : 0.11582, dyn_sta_loss   : 2.62399, tot_dyn_loss   : 0.46696, sta_sta_loss   : 0.12050, 
epoch  37 summary: dyn_dyn_loss   : 0.11566, dyn_sta_loss   : 2.62953, tot_dyn_loss   : 0.46761, sta_sta_loss   : 0.12050, 
epoch  38 summary: dyn_dyn_loss   : 0.11515, dyn_sta_loss   : 2.63759, tot_dyn_loss   : 0.46829, sta_sta_loss   : 0.12050, 
epoch  39 summary: dyn_dyn_loss   : 0.11534, dyn_sta_loss   : 2.62713, tot_dyn_loss   : 0.46699, sta_sta_loss   : 0.12050, 
epoch  40 summary: dyn_dyn_loss   : 0.11567, dyn_sta_loss   : 2.62375, tot_dyn_loss   : 0.46681, sta_sta_loss   : 0.12050, 
train loss: 0.0001, train acc: 1.0000
epoch  41 summary: dyn_dyn_loss   : 0.11592, dyn_sta_loss   : 2.62832, tot_dyn_loss   : 0.46766, sta_sta_loss   : 0.12050, 
epoch  42 summary: dyn_dyn_loss   : 0.11540, dyn_sta_loss   : 2.62273, tot_dyn_loss   : 0.46643, sta_sta_loss   : 0.12050, 
epoch  43 summary: dyn_dyn_loss   : 0.11571, dyn_sta_loss   : 2.62968, tot_dyn_loss   : 0.46767, sta_sta_loss   : 0.12050, 
epoch  44 summary: dyn_dyn_loss   : 0.11549, dyn_sta_loss   : 2.63170, tot_dyn_loss   : 0.46776, sta_sta_loss   : 0.12050, 
epoch  45 summary: dyn_dyn_loss   : 0.11565, dyn_sta_loss   : 2.62212, tot_dyn_loss   : 0.46656, sta_sta_loss   : 0.12050, 
epoch  46 summary: dyn_dyn_loss   : 0.11564, dyn_sta_loss   : 2.61205, tot_dyn_loss   : 0.46513, sta_sta_loss   : 0.12050, 
epoch  47 summary: dyn_dyn_loss   : 0.11537, dyn_sta_loss   : 2.63561, tot_dyn_loss   : 0.46820, sta_sta_loss   : 0.12050, 
epoch  48 summary: dyn_dyn_loss   : 0.11514, dyn_sta_loss   : 2.61461, tot_dyn_loss   : 0.46507, sta_sta_loss   : 0.12050, 
epoch  49 summary: dyn_dyn_loss   : 0.11569, dyn_sta_loss   : 2.63613, tot_dyn_loss   : 0.46856, sta_sta_loss   : 0.12050, 
epoch  50 summary: dyn_dyn_loss   : 0.11484, dyn_sta_loss   : 2.62632, tot_dyn_loss   : 0.46645, sta_sta_loss   : 0.12050, 
train loss: 0.0001, train acc: 1.0000
epoch  51 summary: dyn_dyn_loss   : 0.11528, dyn_sta_loss   : 2.61717, tot_dyn_loss   : 0.46554, sta_sta_loss   : 0.12050, 
epoch  52 summary: dyn_dyn_loss   : 0.11552, dyn_sta_loss   : 2.62504, tot_dyn_loss   : 0.46685, sta_sta_loss   : 0.12050, 
epoch  53 summary: dyn_dyn_loss   : 0.11503, dyn_sta_loss   : 2.63717, tot_dyn_loss   : 0.46813, sta_sta_loss   : 0.12050, 
epoch  54 summary: dyn_dyn_loss   : 0.11451, dyn_sta_loss   : 2.62604, tot_dyn_loss   : 0.46612, sta_sta_loss   : 0.12050, 
epoch  55 summary: dyn_dyn_loss   : 0.11538, dyn_sta_loss   : 2.62357, tot_dyn_loss   : 0.46653, sta_sta_loss   : 0.12050, 
epoch  56 summary: dyn_dyn_loss   : 0.11541, dyn_sta_loss   : 2.63953, tot_dyn_loss   : 0.46879, sta_sta_loss   : 0.12050, 
epoch  57 summary: dyn_dyn_loss   : 0.11491, dyn_sta_loss   : 2.62211, tot_dyn_loss   : 0.46591, sta_sta_loss   : 0.12050, 
epoch  58 summary: dyn_dyn_loss   : 0.11550, dyn_sta_loss   : 2.63191, tot_dyn_loss   : 0.46779, sta_sta_loss   : 0.12050, 
epoch  59 summary: dyn_dyn_loss   : 0.11484, dyn_sta_loss   : 2.63840, tot_dyn_loss   : 0.46814, sta_sta_loss   : 0.12050, 
epoch  60 summary: dyn_dyn_loss   : 0.11475, dyn_sta_loss   : 2.62950, tot_dyn_loss   : 0.46681, sta_sta_loss   : 0.12050, 
train loss: 0.0001, train acc: 1.0000
epoch  61 summary: dyn_dyn_loss   : 0.11509, dyn_sta_loss   : 2.63163, tot_dyn_loss   : 0.46740, sta_sta_loss   : 0.12050, 
epoch  62 summary: dyn_dyn_loss   : 0.11553, dyn_sta_loss   : 2.61977, tot_dyn_loss   : 0.46612, sta_sta_loss   : 0.12050, 
epoch  63 summary: dyn_dyn_loss   : 0.11578, dyn_sta_loss   : 2.63086, tot_dyn_loss   : 0.46789, sta_sta_loss   : 0.12050, 
epoch  64 summary: dyn_dyn_loss   : 0.11528, dyn_sta_loss   : 2.63290, tot_dyn_loss   : 0.46774, sta_sta_loss   : 0.12050, 
epoch  65 summary: dyn_dyn_loss   : 0.11524, dyn_sta_loss   : 2.62431, tot_dyn_loss   : 0.46651, sta_sta_loss   : 0.12050, 
epoch  66 summary: dyn_dyn_loss   : 0.11555, dyn_sta_loss   : 2.63211, tot_dyn_loss   : 0.46787, sta_sta_loss   : 0.12050, 
epoch  67 summary: dyn_dyn_loss   : 0.11471, dyn_sta_loss   : 2.64945, tot_dyn_loss   : 0.46957, sta_sta_loss   : 0.12050, 
epoch  68 summary: dyn_dyn_loss   : 0.11391, dyn_sta_loss   : 2.64065, tot_dyn_loss   : 0.46766, sta_sta_loss   : 0.12050, 
epoch  69 summary: dyn_dyn_loss   : 0.11478, dyn_sta_loss   : 2.61523, tot_dyn_loss   : 0.46484, sta_sta_loss   : 0.12050, 
epoch  70 summary: dyn_dyn_loss   : 0.11566, dyn_sta_loss   : 2.64603, tot_dyn_loss   : 0.46991, sta_sta_loss   : 0.12050, 
train loss: 0.0001, train acc: 1.0000
epoch  71 summary: dyn_dyn_loss   : 0.11415, dyn_sta_loss   : 2.62715, tot_dyn_loss   : 0.46597, sta_sta_loss   : 0.12050, 
epoch  72 summary: dyn_dyn_loss   : 0.11501, dyn_sta_loss   : 2.62060, tot_dyn_loss   : 0.46579, sta_sta_loss   : 0.12050, 
epoch  73 summary: dyn_dyn_loss   : 0.11561, dyn_sta_loss   : 2.62955, tot_dyn_loss   : 0.46756, sta_sta_loss   : 0.12050, 
epoch  74 summary: dyn_dyn_loss   : 0.11423, dyn_sta_loss   : 2.63659, tot_dyn_loss   : 0.46736, sta_sta_loss   : 0.12050, 
epoch  75 summary: dyn_dyn_loss   : 0.11448, dyn_sta_loss   : 2.62532, tot_dyn_loss   : 0.46600, sta_sta_loss   : 0.12050, 
epoch  76 summary: dyn_dyn_loss   : 0.11450, dyn_sta_loss   : 2.62051, tot_dyn_loss   : 0.46534, sta_sta_loss   : 0.12050, 
epoch  77 summary: dyn_dyn_loss   : 0.11519, dyn_sta_loss   : 2.61620, tot_dyn_loss   : 0.46533, sta_sta_loss   : 0.12050, 
epoch  78 summary: dyn_dyn_loss   : 0.11501, dyn_sta_loss   : 2.65593, tot_dyn_loss   : 0.47074, sta_sta_loss   : 0.12050, 
epoch  79 summary: dyn_dyn_loss   : 0.11329, dyn_sta_loss   : 2.63358, tot_dyn_loss   : 0.46613, sta_sta_loss   : 0.12050, 
epoch  80 summary: dyn_dyn_loss   : 0.11444, dyn_sta_loss   : 2.61492, tot_dyn_loss   : 0.46451, sta_sta_loss   : 0.12050, 
train loss: 0.0001, train acc: 1.0000
epoch  81 summary: dyn_dyn_loss   : 0.11543, dyn_sta_loss   : 2.61711, tot_dyn_loss   : 0.46567, sta_sta_loss   : 0.12050, 
epoch  82 summary: dyn_dyn_loss   : 0.11534, dyn_sta_loss   : 2.63556, tot_dyn_loss   : 0.46817, sta_sta_loss   : 0.12050, 
epoch  83 summary: dyn_dyn_loss   : 0.11465, dyn_sta_loss   : 2.64354, tot_dyn_loss   : 0.46869, sta_sta_loss   : 0.12050, 
epoch  84 summary: dyn_dyn_loss   : 0.11437, dyn_sta_loss   : 2.62512, tot_dyn_loss   : 0.46588, sta_sta_loss   : 0.12050, 
epoch  85 summary: dyn_dyn_loss   : 0.11483, dyn_sta_loss   : 2.63252, tot_dyn_loss   : 0.46731, sta_sta_loss   : 0.12050, 
epoch  86 summary: dyn_dyn_loss   : 0.11451, dyn_sta_loss   : 2.62809, tot_dyn_loss   : 0.46641, sta_sta_loss   : 0.12050, 
epoch  87 summary: dyn_dyn_loss   : 0.11450, dyn_sta_loss   : 2.65027, tot_dyn_loss   : 0.46951, sta_sta_loss   : 0.12050, 
epoch  88 summary: dyn_dyn_loss   : 0.11355, dyn_sta_loss   : 2.63375, tot_dyn_loss   : 0.46638, sta_sta_loss   : 0.12050, 
epoch  89 summary: dyn_dyn_loss   : 0.11418, dyn_sta_loss   : 2.61483, tot_dyn_loss   : 0.46427, sta_sta_loss   : 0.12050, 
epoch  90 summary: dyn_dyn_loss   : 0.11516, dyn_sta_loss   : 2.62881, tot_dyn_loss   : 0.46707, sta_sta_loss   : 0.12050, 
train loss: 0.0001, train acc: 1.0000
epoch  91 summary: dyn_dyn_loss   : 0.11411, dyn_sta_loss   : 2.62558, tot_dyn_loss   : 0.46571, sta_sta_loss   : 0.12050, 
epoch  92 summary: dyn_dyn_loss   : 0.11472, dyn_sta_loss   : 2.64260, tot_dyn_loss   : 0.46862, sta_sta_loss   : 0.12050, 
epoch  93 summary: dyn_dyn_loss   : 0.11412, dyn_sta_loss   : 2.62512, tot_dyn_loss   : 0.46566, sta_sta_loss   : 0.12050, 
epoch  94 summary: dyn_dyn_loss   : 0.11444, dyn_sta_loss   : 2.61618, tot_dyn_loss   : 0.46469, sta_sta_loss   : 0.12050, 
epoch  95 summary: dyn_dyn_loss   : 0.11428, dyn_sta_loss   : 2.63316, tot_dyn_loss   : 0.46692, sta_sta_loss   : 0.12050, 
epoch  96 summary: dyn_dyn_loss   : 0.11424, dyn_sta_loss   : 2.62853, tot_dyn_loss   : 0.46624, sta_sta_loss   : 0.12050, 
epoch  97 summary: dyn_dyn_loss   : 0.11451, dyn_sta_loss   : 2.63730, tot_dyn_loss   : 0.46770, sta_sta_loss   : 0.12050, 
epoch  98 summary: dyn_dyn_loss   : 0.11415, dyn_sta_loss   : 2.63340, tot_dyn_loss   : 0.46684, sta_sta_loss   : 0.12050, 
epoch  99 summary: dyn_dyn_loss   : 0.11375, dyn_sta_loss   : 2.62909, tot_dyn_loss   : 0.46590, sta_sta_loss   : 0.12050, 
train loss: 0.0001, train acc: 1.0000
all                         187118.798ms
all_epoch                   186713.777ms
all_preparation                404.990ms
all_preparation_2              403.486ms
all_preparation_3                1.480ms
epoch                         1705.703ms
epoch_pos_train                  1.170ms
epoch_preparation                3.344ms
epoch_train                   1698.764ms
epoch_valid                      2.005ms
----------------------------------------
all                         187118.798ms
  all_epoch             99.78%
  all_preparation        0.22%
all_preparation                404.990ms
  all_preparation_2     99.63%
  all_preparation_3      0.37%
epoch                       170570.332ms
  epoch_train           99.59%
  epoch_preparation      0.20%
  epoch_valid            0.12%
  epoch_pos_train        0.07%
epoch   0 summary: dyn_dyn_cos_loss: 0.00000, dyn_sta_cos_loss: 0.00000, total_cos_loss : 0.07479, 
valid loss: 3.6830, valid acc: 0.2227
epoch   1 summary: dyn_dyn_cos_loss: 0.00000, dyn_sta_cos_loss: 0.00000, total_cos_loss : 0.06071, 
epoch   2 summary: dyn_dyn_cos_loss: 0.00000, dyn_sta_cos_loss: 0.00000, total_cos_loss : 0.05443, 
epoch   3 summary: dyn_dyn_cos_loss: 0.00000, dyn_sta_cos_loss: 0.00000, total_cos_loss : 0.05074, 
epoch   4 summary: dyn_dyn_cos_loss: 0.00000, dyn_sta_cos_loss: 0.00000, total_cos_loss : 0.04823, 
epoch   5 summary: dyn_dyn_cos_loss: 0.00000, dyn_sta_cos_loss: 0.00000, total_cos_loss : 0.04661, 
epoch   6 summary: dyn_dyn_cos_loss: 0.00000, dyn_sta_cos_loss: 0.00000, total_cos_loss : 0.04555, 
epoch   7 summary: dyn_dyn_cos_loss: 0.00000, dyn_sta_cos_loss: 0.00000, total_cos_loss : 0.04475, 
epoch   8 summary: dyn_dyn_cos_loss: 0.00000, dyn_sta_cos_loss: 0.00000, total_cos_loss : 0.04420, 
epoch   9 summary: dyn_dyn_cos_loss: 0.00000, dyn_sta_cos_loss: 0.00000, total_cos_loss : 0.04384, 
epoch  10 summary: dyn_dyn_cos_loss: 0.00000, dyn_sta_cos_loss: 0.00000, total_cos_loss : 0.04356, 
valid loss: 2.4039, valid acc: 0.4668
epoch  11 summary: dyn_dyn_cos_loss: 0.00000, dyn_sta_cos_loss: 0.00000, total_cos_loss : 0.04336, 
epoch  12 summary: dyn_dyn_cos_loss: 0.00000, dyn_sta_cos_loss: 0.00000, total_cos_loss : 0.04318, 
epoch  13 summary: dyn_dyn_cos_loss: 0.00000, dyn_sta_cos_loss: 0.00000, total_cos_loss : 0.04307, 
epoch  14 summary: dyn_dyn_cos_loss: 0.00000, dyn_sta_cos_loss: 0.00000, total_cos_loss : 0.04298, 
epoch  15 summary: dyn_dyn_cos_loss: 0.00000, dyn_sta_cos_loss: 0.00000, total_cos_loss : 0.04292, 
epoch  16 summary: dyn_dyn_cos_loss: 0.00000, dyn_sta_cos_loss: 0.00000, total_cos_loss : 0.04288, 
epoch  17 summary: dyn_dyn_cos_loss: 0.00000, dyn_sta_cos_loss: 0.00000, total_cos_loss : 0.04284, 
epoch  18 summary: dyn_dyn_cos_loss: 0.00000, dyn_sta_cos_loss: 0.00000, total_cos_loss : 0.04280, 
epoch  19 summary: dyn_dyn_cos_loss: 0.00000, dyn_sta_cos_loss: 0.00000, total_cos_loss : 0.04277, 
epoch  20 summary: dyn_dyn_cos_loss: 0.00000, dyn_sta_cos_loss: 0.00000, total_cos_loss : 0.04275, 
valid loss: 2.3833, valid acc: 0.4688
epoch  21 summary: dyn_dyn_cos_loss: 0.00000, dyn_sta_cos_loss: 0.00000, total_cos_loss : 0.04273, 
epoch  22 summary: dyn_dyn_cos_loss: 0.00000, dyn_sta_cos_loss: 0.00000, total_cos_loss : 0.04271, 
epoch  23 summary: dyn_dyn_cos_loss: 0.00000, dyn_sta_cos_loss: 0.00000, total_cos_loss : 0.04270, 
epoch  24 summary: dyn_dyn_cos_loss: 0.00000, dyn_sta_cos_loss: 0.00000, total_cos_loss : 0.04269, 
epoch  25 summary: dyn_dyn_cos_loss: 0.00000, dyn_sta_cos_loss: 0.00000, total_cos_loss : 0.04269, 
epoch  26 summary: dyn_dyn_cos_loss: 0.00000, dyn_sta_cos_loss: 0.00000, total_cos_loss : 0.04268, 
epoch  27 summary: dyn_dyn_cos_loss: 0.00000, dyn_sta_cos_loss: 0.00000, total_cos_loss : 0.04267, 
epoch  28 summary: dyn_dyn_cos_loss: 0.00000, dyn_sta_cos_loss: 0.00000, total_cos_loss : 0.04266, 
epoch  29 summary: dyn_dyn_cos_loss: 0.00000, dyn_sta_cos_loss: 0.00000, total_cos_loss : 0.04265, 
epoch  30 summary: dyn_dyn_cos_loss: 0.00000, dyn_sta_cos_loss: 0.00000, total_cos_loss : 0.04265, 
valid loss: 2.3723, valid acc: 0.4688
epoch  31 summary: dyn_dyn_cos_loss: 0.00000, dyn_sta_cos_loss: 0.00000, total_cos_loss : 0.04264, 
epoch  32 summary: dyn_dyn_cos_loss: 0.00000, dyn_sta_cos_loss: 0.00000, total_cos_loss : 0.04263, 
epoch  33 summary: dyn_dyn_cos_loss: 0.00000, dyn_sta_cos_loss: 0.00000, total_cos_loss : 0.04263, 
epoch  34 summary: dyn_dyn_cos_loss: 0.00000, dyn_sta_cos_loss: 0.00000, total_cos_loss : 0.04262, 
epoch  35 summary: dyn_dyn_cos_loss: 0.00000, dyn_sta_cos_loss: 0.00000, total_cos_loss : 0.04262, 
epoch  36 summary: dyn_dyn_cos_loss: 0.00000, dyn_sta_cos_loss: 0.00000, total_cos_loss : 0.04262, 
epoch  37 summary: dyn_dyn_cos_loss: 0.00000, dyn_sta_cos_loss: 0.00000, total_cos_loss : 0.04261, 
epoch  38 summary: dyn_dyn_cos_loss: 0.00000, dyn_sta_cos_loss: 0.00000, total_cos_loss : 0.04261, 
epoch  39 summary: dyn_dyn_cos_loss: 0.00000, dyn_sta_cos_loss: 0.00000, total_cos_loss : 0.04261, 
epoch  40 summary: dyn_dyn_cos_loss: 0.00000, dyn_sta_cos_loss: 0.00000, total_cos_loss : 0.04260, 
valid loss: 2.3639, valid acc: 0.4727
epoch  41 summary: dyn_dyn_cos_loss: 0.00000, dyn_sta_cos_loss: 0.00000, total_cos_loss : 0.04260, 
epoch  42 summary: dyn_dyn_cos_loss: 0.00000, dyn_sta_cos_loss: 0.00000, total_cos_loss : 0.04260, 
epoch  43 summary: dyn_dyn_cos_loss: 0.00000, dyn_sta_cos_loss: 0.00000, total_cos_loss : 0.04260, 
epoch  44 summary: dyn_dyn_cos_loss: 0.00000, dyn_sta_cos_loss: 0.00000, total_cos_loss : 0.04259, 
epoch  45 summary: dyn_dyn_cos_loss: 0.00000, dyn_sta_cos_loss: 0.00000, total_cos_loss : 0.04259, 
epoch  46 summary: dyn_dyn_cos_loss: 0.00000, dyn_sta_cos_loss: 0.00000, total_cos_loss : 0.04259, 
epoch  47 summary: dyn_dyn_cos_loss: 0.00000, dyn_sta_cos_loss: 0.00000, total_cos_loss : 0.04259, 
epoch  48 summary: dyn_dyn_cos_loss: 0.00000, dyn_sta_cos_loss: 0.00000, total_cos_loss : 0.04259, 
epoch  49 summary: dyn_dyn_cos_loss: 0.00000, dyn_sta_cos_loss: 0.00000, total_cos_loss : 0.04259, 
epoch  50 summary: dyn_dyn_cos_loss: 0.00000, dyn_sta_cos_loss: 0.00000, total_cos_loss : 0.04259, 
valid loss: 2.3637, valid acc: 0.4727
epoch  51 summary: dyn_dyn_cos_loss: 0.00000, dyn_sta_cos_loss: 0.00000, total_cos_loss : 0.04259, 
epoch  52 summary: dyn_dyn_cos_loss: 0.00000, dyn_sta_cos_loss: 0.00000, total_cos_loss : 0.04258, 
epoch  53 summary: dyn_dyn_cos_loss: 0.00000, dyn_sta_cos_loss: 0.00000, total_cos_loss : 0.04258, 
epoch  54 summary: dyn_dyn_cos_loss: 0.00000, dyn_sta_cos_loss: 0.00000, total_cos_loss : 0.04258, 
epoch  55 summary: dyn_dyn_cos_loss: 0.00000, dyn_sta_cos_loss: 0.00000, total_cos_loss : 0.04258, 
epoch  56 summary: dyn_dyn_cos_loss: 0.00000, dyn_sta_cos_loss: 0.00000, total_cos_loss : 0.04258, 
epoch  57 summary: dyn_dyn_cos_loss: 0.00000, dyn_sta_cos_loss: 0.00000, total_cos_loss : 0.04257, 
epoch  58 summary: dyn_dyn_cos_loss: 0.00000, dyn_sta_cos_loss: 0.00000, total_cos_loss : 0.04257, 
epoch  59 summary: dyn_dyn_cos_loss: 0.00000, dyn_sta_cos_loss: 0.00000, total_cos_loss : 0.04257, 
epoch  60 summary: dyn_dyn_cos_loss: 0.00000, dyn_sta_cos_loss: 0.00000, total_cos_loss : 0.04257, 
valid loss: 2.3742, valid acc: 0.4707
epoch  61 summary: dyn_dyn_cos_loss: 0.00000, dyn_sta_cos_loss: 0.00000, total_cos_loss : 0.04257, 
epoch  62 summary: dyn_dyn_cos_loss: 0.00000, dyn_sta_cos_loss: 0.00000, total_cos_loss : 0.04257, 
epoch  63 summary: dyn_dyn_cos_loss: 0.00000, dyn_sta_cos_loss: 0.00000, total_cos_loss : 0.04257, 
epoch  64 summary: dyn_dyn_cos_loss: 0.00000, dyn_sta_cos_loss: 0.00000, total_cos_loss : 0.04256, 
epoch  65 summary: dyn_dyn_cos_loss: 0.00000, dyn_sta_cos_loss: 0.00000, total_cos_loss : 0.04256, 
epoch  66 summary: dyn_dyn_cos_loss: 0.00000, dyn_sta_cos_loss: 0.00000, total_cos_loss : 0.04256, 
epoch  67 summary: dyn_dyn_cos_loss: 0.00000, dyn_sta_cos_loss: 0.00000, total_cos_loss : 0.04256, 
epoch  68 summary: dyn_dyn_cos_loss: 0.00000, dyn_sta_cos_loss: 0.00000, total_cos_loss : 0.04255, 
epoch  69 summary: dyn_dyn_cos_loss: 0.00000, dyn_sta_cos_loss: 0.00000, total_cos_loss : 0.04255, 
epoch  70 summary: dyn_dyn_cos_loss: 0.00000, dyn_sta_cos_loss: 0.00000, total_cos_loss : 0.04255, 
valid loss: 2.3793, valid acc: 0.4707
epoch  71 summary: dyn_dyn_cos_loss: 0.00000, dyn_sta_cos_loss: 0.00000, total_cos_loss : 0.04255, 
epoch  72 summary: dyn_dyn_cos_loss: 0.00000, dyn_sta_cos_loss: 0.00000, total_cos_loss : 0.04255, 
epoch  73 summary: dyn_dyn_cos_loss: 0.00000, dyn_sta_cos_loss: 0.00000, total_cos_loss : 0.04255, 
epoch  74 summary: dyn_dyn_cos_loss: 0.00000, dyn_sta_cos_loss: 0.00000, total_cos_loss : 0.04255, 
epoch  75 summary: dyn_dyn_cos_loss: 0.00000, dyn_sta_cos_loss: 0.00000, total_cos_loss : 0.04255, 
epoch  76 summary: dyn_dyn_cos_loss: 0.00000, dyn_sta_cos_loss: 0.00000, total_cos_loss : 0.04255, 
epoch  77 summary: dyn_dyn_cos_loss: 0.00000, dyn_sta_cos_loss: 0.00000, total_cos_loss : 0.04255, 
epoch  78 summary: dyn_dyn_cos_loss: 0.00000, dyn_sta_cos_loss: 0.00000, total_cos_loss : 0.04255, 
epoch  79 summary: dyn_dyn_cos_loss: 0.00000, dyn_sta_cos_loss: 0.00000, total_cos_loss : 0.04255, 
epoch  80 summary: dyn_dyn_cos_loss: 0.00000, dyn_sta_cos_loss: 0.00000, total_cos_loss : 0.04255, 
valid loss: 2.3775, valid acc: 0.4707
epoch  81 summary: dyn_dyn_cos_loss: 0.00000, dyn_sta_cos_loss: 0.00000, total_cos_loss : 0.04255, 
epoch  82 summary: dyn_dyn_cos_loss: 0.00000, dyn_sta_cos_loss: 0.00000, total_cos_loss : 0.04255, 
epoch  83 summary: dyn_dyn_cos_loss: 0.00000, dyn_sta_cos_loss: 0.00000, total_cos_loss : 0.04255, 
epoch  84 summary: dyn_dyn_cos_loss: 0.00000, dyn_sta_cos_loss: 0.00000, total_cos_loss : 0.04255, 
epoch  85 summary: dyn_dyn_cos_loss: 0.00000, dyn_sta_cos_loss: 0.00000, total_cos_loss : 0.04255, 
epoch  86 summary: dyn_dyn_cos_loss: 0.00000, dyn_sta_cos_loss: 0.00000, total_cos_loss : 0.04255, 
epoch  87 summary: dyn_dyn_cos_loss: 0.00000, dyn_sta_cos_loss: 0.00000, total_cos_loss : 0.04255, 
epoch  88 summary: dyn_dyn_cos_loss: 0.00000, dyn_sta_cos_loss: 0.00000, total_cos_loss : 0.04255, 
epoch  89 summary: dyn_dyn_cos_loss: 0.00000, dyn_sta_cos_loss: 0.00000, total_cos_loss : 0.04254, 
epoch  90 summary: dyn_dyn_cos_loss: 0.00000, dyn_sta_cos_loss: 0.00000, total_cos_loss : 0.04254, 
valid loss: 2.3794, valid acc: 0.4707
epoch  91 summary: dyn_dyn_cos_loss: 0.00000, dyn_sta_cos_loss: 0.00000, total_cos_loss : 0.04254, 
epoch  92 summary: dyn_dyn_cos_loss: 0.00000, dyn_sta_cos_loss: 0.00000, total_cos_loss : 0.04254, 
epoch  93 summary: dyn_dyn_cos_loss: 0.00000, dyn_sta_cos_loss: 0.00000, total_cos_loss : 0.04254, 
epoch  94 summary: dyn_dyn_cos_loss: 0.00000, dyn_sta_cos_loss: 0.00000, total_cos_loss : 0.04254, 
epoch  95 summary: dyn_dyn_cos_loss: 0.00000, dyn_sta_cos_loss: 0.00000, total_cos_loss : 0.04254, 
epoch  96 summary: dyn_dyn_cos_loss: 0.00000, dyn_sta_cos_loss: 0.00000, total_cos_loss : 0.04254, 
epoch  97 summary: dyn_dyn_cos_loss: 0.00000, dyn_sta_cos_loss: 0.00000, total_cos_loss : 0.04254, 
epoch  98 summary: dyn_dyn_cos_loss: 0.00000, dyn_sta_cos_loss: 0.00000, total_cos_loss : 0.04254, 
epoch  99 summary: dyn_dyn_cos_loss: 0.00000, dyn_sta_cos_loss: 0.00000, total_cos_loss : 0.04254, 
valid loss: 2.3806, valid acc: 0.4707
all                          53094.895ms
all_epoch                    53063.763ms
all_preparation                 31.116ms
all_preparation_2               30.121ms
all_preparation_3                0.978ms
epoch                          428.218ms
epoch_pos_train                  1.590ms
epoch_preparation                0.294ms
epoch_train                    425.473ms
epoch_valid                      0.468ms
----------------------------------------
all                          53094.895ms
  all_epoch             99.94%
  all_preparation        0.06%
all_preparation                 31.116ms
  all_preparation_2     96.80%
  all_preparation_3      3.14%
epoch                        42821.799ms
  epoch_train           99.36%
  epoch_pos_train        0.37%
  epoch_valid            0.11%
  epoch_preparation      0.07%
