Before CTE Training: train eu loss: 1.063186526298523, eval eu loss: 1.492782711982727
Before CTE Training: train eu acc: 0.6669921875, eval eu acc: 0.560546875
epoch   0 summary: dyn_dyn_loss   : 0.09300, dyn_sta_loss   : 3.74307, tot_dyn_loss   : 0.67702, sta_sta_loss   : 0.12050, 
train loss: 0.2143, train acc: 0.9531
epoch   1 summary: dyn_dyn_loss   : 0.08235, dyn_sta_loss   : 2.99736, tot_dyn_loss   : 0.54875, sta_sta_loss   : 0.12050, 
epoch   2 summary: dyn_dyn_loss   : 0.11707, dyn_sta_loss   : 2.62832, tot_dyn_loss   : 0.51887, sta_sta_loss   : 0.12050, 
epoch   3 summary: dyn_dyn_loss   : 0.13364, dyn_sta_loss   : 2.60031, tot_dyn_loss   : 0.52831, sta_sta_loss   : 0.12050, 
epoch   4 summary: dyn_dyn_loss   : 0.13143, dyn_sta_loss   : 2.60662, tot_dyn_loss   : 0.52746, sta_sta_loss   : 0.12050, 
epoch   5 summary: dyn_dyn_loss   : 0.13501, dyn_sta_loss   : 2.60170, tot_dyn_loss   : 0.52968, sta_sta_loss   : 0.12050, 
epoch   6 summary: dyn_dyn_loss   : 0.13154, dyn_sta_loss   : 2.60509, tot_dyn_loss   : 0.52731, sta_sta_loss   : 0.12050, 
epoch   7 summary: dyn_dyn_loss   : 0.13500, dyn_sta_loss   : 2.59965, tot_dyn_loss   : 0.52934, sta_sta_loss   : 0.12050, 
epoch   8 summary: dyn_dyn_loss   : 0.13261, dyn_sta_loss   : 2.60190, tot_dyn_loss   : 0.52770, sta_sta_loss   : 0.12050, 
epoch   9 summary: dyn_dyn_loss   : 0.13474, dyn_sta_loss   : 2.59993, tot_dyn_loss   : 0.52917, sta_sta_loss   : 0.12050, 
epoch  10 summary: dyn_dyn_loss   : 0.13288, dyn_sta_loss   : 2.60161, tot_dyn_loss   : 0.52787, sta_sta_loss   : 0.12050, 
train loss: 0.0056, train acc: 0.9990
epoch  11 summary: dyn_dyn_loss   : 0.13493, dyn_sta_loss   : 2.59851, tot_dyn_loss   : 0.52911, sta_sta_loss   : 0.12050, 
epoch  12 summary: dyn_dyn_loss   : 0.13371, dyn_sta_loss   : 2.59893, tot_dyn_loss   : 0.52815, sta_sta_loss   : 0.12050, 
epoch  13 summary: dyn_dyn_loss   : 0.13454, dyn_sta_loss   : 2.60130, tot_dyn_loss   : 0.52922, sta_sta_loss   : 0.12050, 
epoch  14 summary: dyn_dyn_loss   : 0.13287, dyn_sta_loss   : 2.60102, tot_dyn_loss   : 0.52777, sta_sta_loss   : 0.12050, 
epoch  15 summary: dyn_dyn_loss   : 0.13470, dyn_sta_loss   : 2.60245, tot_dyn_loss   : 0.52954, sta_sta_loss   : 0.12050, 
epoch  16 summary: dyn_dyn_loss   : 0.13194, dyn_sta_loss   : 2.60399, tot_dyn_loss   : 0.52747, sta_sta_loss   : 0.12050, 
epoch  17 summary: dyn_dyn_loss   : 0.13498, dyn_sta_loss   : 2.60014, tot_dyn_loss   : 0.52940, sta_sta_loss   : 0.12050, 
epoch  18 summary: dyn_dyn_loss   : 0.13230, dyn_sta_loss   : 2.60286, tot_dyn_loss   : 0.52759, sta_sta_loss   : 0.12050, 
epoch  19 summary: dyn_dyn_loss   : 0.13425, dyn_sta_loss   : 2.60196, tot_dyn_loss   : 0.52908, sta_sta_loss   : 0.12050, 
epoch  20 summary: dyn_dyn_loss   : 0.13221, dyn_sta_loss   : 2.60331, tot_dyn_loss   : 0.52759, sta_sta_loss   : 0.12050, 
train loss: 0.0081, train acc: 0.9985
epoch  21 summary: dyn_dyn_loss   : 0.13420, dyn_sta_loss   : 2.60207, tot_dyn_loss   : 0.52906, sta_sta_loss   : 0.12050, 
epoch  22 summary: dyn_dyn_loss   : 0.13241, dyn_sta_loss   : 2.60294, tot_dyn_loss   : 0.52770, sta_sta_loss   : 0.12050, 
epoch  23 summary: dyn_dyn_loss   : 0.13455, dyn_sta_loss   : 2.60059, tot_dyn_loss   : 0.52912, sta_sta_loss   : 0.12050, 
epoch  24 summary: dyn_dyn_loss   : 0.13291, dyn_sta_loss   : 2.60095, tot_dyn_loss   : 0.52780, sta_sta_loss   : 0.12050, 
epoch  25 summary: dyn_dyn_loss   : 0.13449, dyn_sta_loss   : 2.60174, tot_dyn_loss   : 0.52925, sta_sta_loss   : 0.12050, 
epoch  26 summary: dyn_dyn_loss   : 0.13224, dyn_sta_loss   : 2.60317, tot_dyn_loss   : 0.52759, sta_sta_loss   : 0.12050, 
epoch  27 summary: dyn_dyn_loss   : 0.13456, dyn_sta_loss   : 2.60056, tot_dyn_loss   : 0.52912, sta_sta_loss   : 0.12050, 
epoch  28 summary: dyn_dyn_loss   : 0.13299, dyn_sta_loss   : 2.60076, tot_dyn_loss   : 0.52783, sta_sta_loss   : 0.12050, 
epoch  29 summary: dyn_dyn_loss   : 0.13466, dyn_sta_loss   : 2.60092, tot_dyn_loss   : 0.52926, sta_sta_loss   : 0.12050, 
epoch  30 summary: dyn_dyn_loss   : 0.13267, dyn_sta_loss   : 2.60169, tot_dyn_loss   : 0.52772, sta_sta_loss   : 0.12050, 
train loss: 0.0066, train acc: 0.9990
epoch  31 summary: dyn_dyn_loss   : 0.13442, dyn_sta_loss   : 2.60244, tot_dyn_loss   : 0.52931, sta_sta_loss   : 0.12050, 
epoch  32 summary: dyn_dyn_loss   : 0.13200, dyn_sta_loss   : 2.60393, tot_dyn_loss   : 0.52751, sta_sta_loss   : 0.12050, 
epoch  33 summary: dyn_dyn_loss   : 0.13461, dyn_sta_loss   : 2.60053, tot_dyn_loss   : 0.52916, sta_sta_loss   : 0.12050, 
epoch  34 summary: dyn_dyn_loss   : 0.13269, dyn_sta_loss   : 2.60187, tot_dyn_loss   : 0.52776, sta_sta_loss   : 0.12050, 
epoch  35 summary: dyn_dyn_loss   : 0.13445, dyn_sta_loss   : 2.60118, tot_dyn_loss   : 0.52913, sta_sta_loss   : 0.12050, 
epoch  36 summary: dyn_dyn_loss   : 0.13252, dyn_sta_loss   : 2.60229, tot_dyn_loss   : 0.52768, sta_sta_loss   : 0.12050, 
epoch  37 summary: dyn_dyn_loss   : 0.13446, dyn_sta_loss   : 2.60095, tot_dyn_loss   : 0.52910, sta_sta_loss   : 0.12050, 
epoch  38 summary: dyn_dyn_loss   : 0.13268, dyn_sta_loss   : 2.60177, tot_dyn_loss   : 0.52773, sta_sta_loss   : 0.12050, 
epoch  39 summary: dyn_dyn_loss   : 0.13425, dyn_sta_loss   : 2.60242, tot_dyn_loss   : 0.52916, sta_sta_loss   : 0.12050, 
epoch  40 summary: dyn_dyn_loss   : 0.13221, dyn_sta_loss   : 2.60348, tot_dyn_loss   : 0.52761, sta_sta_loss   : 0.12050, 
train loss: 0.0072, train acc: 0.9990
epoch  41 summary: dyn_dyn_loss   : 0.13432, dyn_sta_loss   : 2.60188, tot_dyn_loss   : 0.52913, sta_sta_loss   : 0.12050, 
epoch  42 summary: dyn_dyn_loss   : 0.13240, dyn_sta_loss   : 2.60278, tot_dyn_loss   : 0.52766, sta_sta_loss   : 0.12050, 
epoch  43 summary: dyn_dyn_loss   : 0.13444, dyn_sta_loss   : 2.60164, tot_dyn_loss   : 0.52919, sta_sta_loss   : 0.12050, 
epoch  44 summary: dyn_dyn_loss   : 0.13231, dyn_sta_loss   : 2.60330, tot_dyn_loss   : 0.52767, sta_sta_loss   : 0.12050, 
epoch  45 summary: dyn_dyn_loss   : 0.13439, dyn_sta_loss   : 2.60082, tot_dyn_loss   : 0.52902, sta_sta_loss   : 0.12050, 
epoch  46 summary: dyn_dyn_loss   : 0.13276, dyn_sta_loss   : 2.60197, tot_dyn_loss   : 0.52784, sta_sta_loss   : 0.12050, 
epoch  47 summary: dyn_dyn_loss   : 0.13416, dyn_sta_loss   : 2.60212, tot_dyn_loss   : 0.52903, sta_sta_loss   : 0.12050, 
epoch  48 summary: dyn_dyn_loss   : 0.13249, dyn_sta_loss   : 2.60261, tot_dyn_loss   : 0.52771, sta_sta_loss   : 0.12050, 
epoch  49 summary: dyn_dyn_loss   : 0.13417, dyn_sta_loss   : 2.60266, tot_dyn_loss   : 0.52913, sta_sta_loss   : 0.12050, 
epoch  50 summary: dyn_dyn_loss   : 0.13218, dyn_sta_loss   : 2.60344, tot_dyn_loss   : 0.52758, sta_sta_loss   : 0.12050, 
train loss: 0.0074, train acc: 0.9990
epoch  51 summary: dyn_dyn_loss   : 0.13430, dyn_sta_loss   : 2.60222, tot_dyn_loss   : 0.52917, sta_sta_loss   : 0.12050, 
epoch  52 summary: dyn_dyn_loss   : 0.13214, dyn_sta_loss   : 2.60313, tot_dyn_loss   : 0.52749, sta_sta_loss   : 0.12050, 
epoch  53 summary: dyn_dyn_loss   : 0.13430, dyn_sta_loss   : 2.60250, tot_dyn_loss   : 0.52921, sta_sta_loss   : 0.12050, 
epoch  54 summary: dyn_dyn_loss   : 0.13214, dyn_sta_loss   : 2.60339, tot_dyn_loss   : 0.52754, sta_sta_loss   : 0.12050, 
epoch  55 summary: dyn_dyn_loss   : 0.13446, dyn_sta_loss   : 2.60156, tot_dyn_loss   : 0.52920, sta_sta_loss   : 0.12050, 
epoch  56 summary: dyn_dyn_loss   : 0.13243, dyn_sta_loss   : 2.60249, tot_dyn_loss   : 0.52764, sta_sta_loss   : 0.12050, 
epoch  57 summary: dyn_dyn_loss   : 0.13450, dyn_sta_loss   : 2.60174, tot_dyn_loss   : 0.52926, sta_sta_loss   : 0.12050, 
epoch  58 summary: dyn_dyn_loss   : 0.13222, dyn_sta_loss   : 2.60314, tot_dyn_loss   : 0.52757, sta_sta_loss   : 0.12050, 
epoch  59 summary: dyn_dyn_loss   : 0.13458, dyn_sta_loss   : 2.60081, tot_dyn_loss   : 0.52918, sta_sta_loss   : 0.12050, 
epoch  60 summary: dyn_dyn_loss   : 0.13269, dyn_sta_loss   : 2.60162, tot_dyn_loss   : 0.52772, sta_sta_loss   : 0.12050, 
train loss: 0.0071, train acc: 0.9990
epoch  61 summary: dyn_dyn_loss   : 0.13412, dyn_sta_loss   : 2.60326, tot_dyn_loss   : 0.52918, sta_sta_loss   : 0.12050, 
epoch  62 summary: dyn_dyn_loss   : 0.13202, dyn_sta_loss   : 2.60406, tot_dyn_loss   : 0.52755, sta_sta_loss   : 0.12050, 
epoch  63 summary: dyn_dyn_loss   : 0.13462, dyn_sta_loss   : 2.60145, tot_dyn_loss   : 0.52931, sta_sta_loss   : 0.12050, 
epoch  64 summary: dyn_dyn_loss   : 0.13218, dyn_sta_loss   : 2.60336, tot_dyn_loss   : 0.52757, sta_sta_loss   : 0.12050, 
epoch  65 summary: dyn_dyn_loss   : 0.13446, dyn_sta_loss   : 2.60107, tot_dyn_loss   : 0.52911, sta_sta_loss   : 0.12050, 
epoch  66 summary: dyn_dyn_loss   : 0.13267, dyn_sta_loss   : 2.60175, tot_dyn_loss   : 0.52772, sta_sta_loss   : 0.12050, 
epoch  67 summary: dyn_dyn_loss   : 0.13460, dyn_sta_loss   : 2.60122, tot_dyn_loss   : 0.52926, sta_sta_loss   : 0.12050, 
epoch  68 summary: dyn_dyn_loss   : 0.13229, dyn_sta_loss   : 2.60319, tot_dyn_loss   : 0.52763, sta_sta_loss   : 0.12050, 
epoch  69 summary: dyn_dyn_loss   : 0.13435, dyn_sta_loss   : 2.60095, tot_dyn_loss   : 0.52900, sta_sta_loss   : 0.12050, 
epoch  70 summary: dyn_dyn_loss   : 0.13301, dyn_sta_loss   : 2.60076, tot_dyn_loss   : 0.52785, sta_sta_loss   : 0.12050, 
train loss: 0.0071, train acc: 0.9990
epoch  71 summary: dyn_dyn_loss   : 0.13432, dyn_sta_loss   : 2.60263, tot_dyn_loss   : 0.52925, sta_sta_loss   : 0.12050, 
epoch  72 summary: dyn_dyn_loss   : 0.13226, dyn_sta_loss   : 2.60318, tot_dyn_loss   : 0.52761, sta_sta_loss   : 0.12050, 
epoch  73 summary: dyn_dyn_loss   : 0.13436, dyn_sta_loss   : 2.60267, tot_dyn_loss   : 0.52929, sta_sta_loss   : 0.12050, 
epoch  74 summary: dyn_dyn_loss   : 0.13208, dyn_sta_loss   : 2.60418, tot_dyn_loss   : 0.52762, sta_sta_loss   : 0.12050, 
epoch  75 summary: dyn_dyn_loss   : 0.13445, dyn_sta_loss   : 2.60166, tot_dyn_loss   : 0.52920, sta_sta_loss   : 0.12050, 
epoch  76 summary: dyn_dyn_loss   : 0.13232, dyn_sta_loss   : 2.60286, tot_dyn_loss   : 0.52761, sta_sta_loss   : 0.12050, 
epoch  77 summary: dyn_dyn_loss   : 0.13457, dyn_sta_loss   : 2.60147, tot_dyn_loss   : 0.52928, sta_sta_loss   : 0.12050, 
epoch  78 summary: dyn_dyn_loss   : 0.13247, dyn_sta_loss   : 2.60219, tot_dyn_loss   : 0.52763, sta_sta_loss   : 0.12050, 
epoch  79 summary: dyn_dyn_loss   : 0.13457, dyn_sta_loss   : 2.60196, tot_dyn_loss   : 0.52935, sta_sta_loss   : 0.12050, 
epoch  80 summary: dyn_dyn_loss   : 0.13208, dyn_sta_loss   : 2.60342, tot_dyn_loss   : 0.52749, sta_sta_loss   : 0.12050, 
train loss: 0.0072, train acc: 0.9990
epoch  81 summary: dyn_dyn_loss   : 0.13413, dyn_sta_loss   : 2.60327, tot_dyn_loss   : 0.52919, sta_sta_loss   : 0.12050, 
epoch  82 summary: dyn_dyn_loss   : 0.13183, dyn_sta_loss   : 2.60452, tot_dyn_loss   : 0.52746, sta_sta_loss   : 0.12050, 
epoch  83 summary: dyn_dyn_loss   : 0.13460, dyn_sta_loss   : 2.60071, tot_dyn_loss   : 0.52918, sta_sta_loss   : 0.12050, 
epoch  84 summary: dyn_dyn_loss   : 0.13263, dyn_sta_loss   : 2.60179, tot_dyn_loss   : 0.52770, sta_sta_loss   : 0.12050, 
epoch  85 summary: dyn_dyn_loss   : 0.13448, dyn_sta_loss   : 2.60152, tot_dyn_loss   : 0.52921, sta_sta_loss   : 0.12050, 
epoch  86 summary: dyn_dyn_loss   : 0.13232, dyn_sta_loss   : 2.60317, tot_dyn_loss   : 0.52766, sta_sta_loss   : 0.12050, 
epoch  87 summary: dyn_dyn_loss   : 0.13441, dyn_sta_loss   : 2.60105, tot_dyn_loss   : 0.52907, sta_sta_loss   : 0.12050, 
epoch  88 summary: dyn_dyn_loss   : 0.13276, dyn_sta_loss   : 2.60158, tot_dyn_loss   : 0.52777, sta_sta_loss   : 0.12050, 
epoch  89 summary: dyn_dyn_loss   : 0.13436, dyn_sta_loss   : 2.60185, tot_dyn_loss   : 0.52916, sta_sta_loss   : 0.12050, 
epoch  90 summary: dyn_dyn_loss   : 0.13233, dyn_sta_loss   : 2.60301, tot_dyn_loss   : 0.52764, sta_sta_loss   : 0.12050, 
train loss: 0.0075, train acc: 0.9985
epoch  91 summary: dyn_dyn_loss   : 0.13421, dyn_sta_loss   : 2.60248, tot_dyn_loss   : 0.52913, sta_sta_loss   : 0.12050, 
epoch  92 summary: dyn_dyn_loss   : 0.13225, dyn_sta_loss   : 2.60300, tot_dyn_loss   : 0.52757, sta_sta_loss   : 0.12050, 
epoch  93 summary: dyn_dyn_loss   : 0.13443, dyn_sta_loss   : 2.60190, tot_dyn_loss   : 0.52923, sta_sta_loss   : 0.12050, 
epoch  94 summary: dyn_dyn_loss   : 0.13218, dyn_sta_loss   : 2.60369, tot_dyn_loss   : 0.52762, sta_sta_loss   : 0.12050, 
epoch  95 summary: dyn_dyn_loss   : 0.13431, dyn_sta_loss   : 2.60157, tot_dyn_loss   : 0.52907, sta_sta_loss   : 0.12050, 
epoch  96 summary: dyn_dyn_loss   : 0.13250, dyn_sta_loss   : 2.60245, tot_dyn_loss   : 0.52769, sta_sta_loss   : 0.12050, 
epoch  97 summary: dyn_dyn_loss   : 0.13435, dyn_sta_loss   : 2.60172, tot_dyn_loss   : 0.52913, sta_sta_loss   : 0.12050, 
epoch  98 summary: dyn_dyn_loss   : 0.13250, dyn_sta_loss   : 2.60230, tot_dyn_loss   : 0.52767, sta_sta_loss   : 0.12050, 
epoch  99 summary: dyn_dyn_loss   : 0.13425, dyn_sta_loss   : 2.60282, tot_dyn_loss   : 0.52922, sta_sta_loss   : 0.12050, 
train loss: 0.0156, train acc: 0.9917
all                         174456.840ms
all_epoch                   174042.795ms
all_preparation                414.017ms
all_preparation_2              412.620ms
all_preparation_3                1.375ms
epoch                         1579.205ms
epoch_pos_train                  1.097ms
epoch_preparation                3.408ms
epoch_train                   1572.227ms
epoch_valid                      1.992ms
----------------------------------------
all                         174456.840ms
  all_epoch             99.76%
  all_preparation        0.24%
all_preparation                414.017ms
  all_preparation_2     99.66%
  all_preparation_3      0.33%
epoch                       157920.451ms
  epoch_train           99.56%
  epoch_preparation      0.22%
  epoch_valid            0.13%
  epoch_pos_train        0.07%
epoch   0 summary: dyn_dyn_cos_loss: 0.00000, dyn_sta_cos_loss: 0.00000, total_cos_loss : 0.06830, 
valid loss: 3.8163, valid acc: 0.2930
epoch   1 summary: dyn_dyn_cos_loss: 0.00000, dyn_sta_cos_loss: 0.00000, total_cos_loss : 0.05719, 
epoch   2 summary: dyn_dyn_cos_loss: 0.00000, dyn_sta_cos_loss: 0.00000, total_cos_loss : 0.05588, 
epoch   3 summary: dyn_dyn_cos_loss: 0.00000, dyn_sta_cos_loss: 0.00000, total_cos_loss : 0.05513, 
epoch   4 summary: dyn_dyn_cos_loss: 0.00000, dyn_sta_cos_loss: 0.00000, total_cos_loss : 0.05486, 
epoch   5 summary: dyn_dyn_cos_loss: 0.00000, dyn_sta_cos_loss: 0.00000, total_cos_loss : 0.05454, 
epoch   6 summary: dyn_dyn_cos_loss: 0.00000, dyn_sta_cos_loss: 0.00000, total_cos_loss : 0.05438, 
epoch   7 summary: dyn_dyn_cos_loss: 0.00000, dyn_sta_cos_loss: 0.00000, total_cos_loss : 0.05416, 
epoch   8 summary: dyn_dyn_cos_loss: 0.00000, dyn_sta_cos_loss: 0.00000, total_cos_loss : 0.05411, 
epoch   9 summary: dyn_dyn_cos_loss: 0.00000, dyn_sta_cos_loss: 0.00000, total_cos_loss : 0.05401, 
epoch  10 summary: dyn_dyn_cos_loss: 0.00000, dyn_sta_cos_loss: 0.00000, total_cos_loss : 0.05393, 
valid loss: 3.2949, valid acc: 0.2930
epoch  11 summary: dyn_dyn_cos_loss: 0.00000, dyn_sta_cos_loss: 0.00000, total_cos_loss : 0.05386, 
epoch  12 summary: dyn_dyn_cos_loss: 0.00000, dyn_sta_cos_loss: 0.00000, total_cos_loss : 0.05381, 
epoch  13 summary: dyn_dyn_cos_loss: 0.00000, dyn_sta_cos_loss: 0.00000, total_cos_loss : 0.05369, 
epoch  14 summary: dyn_dyn_cos_loss: 0.00000, dyn_sta_cos_loss: 0.00000, total_cos_loss : 0.05368, 
epoch  15 summary: dyn_dyn_cos_loss: 0.00000, dyn_sta_cos_loss: 0.00000, total_cos_loss : 0.05364, 
epoch  16 summary: dyn_dyn_cos_loss: 0.00000, dyn_sta_cos_loss: 0.00000, total_cos_loss : 0.05364, 
epoch  17 summary: dyn_dyn_cos_loss: 0.00000, dyn_sta_cos_loss: 0.00000, total_cos_loss : 0.05361, 
epoch  18 summary: dyn_dyn_cos_loss: 0.00000, dyn_sta_cos_loss: 0.00000, total_cos_loss : 0.05359, 
epoch  19 summary: dyn_dyn_cos_loss: 0.00000, dyn_sta_cos_loss: 0.00000, total_cos_loss : 0.05357, 
epoch  20 summary: dyn_dyn_cos_loss: 0.00000, dyn_sta_cos_loss: 0.00000, total_cos_loss : 0.05355, 
valid loss: 3.2587, valid acc: 0.2812
epoch  21 summary: dyn_dyn_cos_loss: 0.00000, dyn_sta_cos_loss: 0.00000, total_cos_loss : 0.05352, 
epoch  22 summary: dyn_dyn_cos_loss: 0.00000, dyn_sta_cos_loss: 0.00000, total_cos_loss : 0.05353, 
epoch  23 summary: dyn_dyn_cos_loss: 0.00000, dyn_sta_cos_loss: 0.00000, total_cos_loss : 0.05349, 
epoch  24 summary: dyn_dyn_cos_loss: 0.00000, dyn_sta_cos_loss: 0.00000, total_cos_loss : 0.05347, 
epoch  25 summary: dyn_dyn_cos_loss: 0.00000, dyn_sta_cos_loss: 0.00000, total_cos_loss : 0.05345, 
epoch  26 summary: dyn_dyn_cos_loss: 0.00000, dyn_sta_cos_loss: 0.00000, total_cos_loss : 0.05344, 
epoch  27 summary: dyn_dyn_cos_loss: 0.00000, dyn_sta_cos_loss: 0.00000, total_cos_loss : 0.05343, 
epoch  28 summary: dyn_dyn_cos_loss: 0.00000, dyn_sta_cos_loss: 0.00000, total_cos_loss : 0.05342, 
epoch  29 summary: dyn_dyn_cos_loss: 0.00000, dyn_sta_cos_loss: 0.00000, total_cos_loss : 0.05342, 
epoch  30 summary: dyn_dyn_cos_loss: 0.00000, dyn_sta_cos_loss: 0.00000, total_cos_loss : 0.05342, 
valid loss: 3.3244, valid acc: 0.2578
epoch  31 summary: dyn_dyn_cos_loss: 0.00000, dyn_sta_cos_loss: 0.00000, total_cos_loss : 0.05341, 
epoch  32 summary: dyn_dyn_cos_loss: 0.00000, dyn_sta_cos_loss: 0.00000, total_cos_loss : 0.05341, 
epoch  33 summary: dyn_dyn_cos_loss: 0.00000, dyn_sta_cos_loss: 0.00000, total_cos_loss : 0.05339, 
epoch  34 summary: dyn_dyn_cos_loss: 0.00000, dyn_sta_cos_loss: 0.00000, total_cos_loss : 0.05337, 
epoch  35 summary: dyn_dyn_cos_loss: 0.00000, dyn_sta_cos_loss: 0.00000, total_cos_loss : 0.05337, 
epoch  36 summary: dyn_dyn_cos_loss: 0.00000, dyn_sta_cos_loss: 0.00000, total_cos_loss : 0.05339, 
epoch  37 summary: dyn_dyn_cos_loss: 0.00000, dyn_sta_cos_loss: 0.00000, total_cos_loss : 0.05338, 
epoch  38 summary: dyn_dyn_cos_loss: 0.00000, dyn_sta_cos_loss: 0.00000, total_cos_loss : 0.05338, 
epoch  39 summary: dyn_dyn_cos_loss: 0.00000, dyn_sta_cos_loss: 0.00000, total_cos_loss : 0.05336, 
epoch  40 summary: dyn_dyn_cos_loss: 0.00000, dyn_sta_cos_loss: 0.00000, total_cos_loss : 0.05335, 
valid loss: 3.3010, valid acc: 0.2617
epoch  41 summary: dyn_dyn_cos_loss: 0.00000, dyn_sta_cos_loss: 0.00000, total_cos_loss : 0.05335, 
epoch  42 summary: dyn_dyn_cos_loss: 0.00000, dyn_sta_cos_loss: 0.00000, total_cos_loss : 0.05336, 
epoch  43 summary: dyn_dyn_cos_loss: 0.00000, dyn_sta_cos_loss: 0.00000, total_cos_loss : 0.05335, 
epoch  44 summary: dyn_dyn_cos_loss: 0.00000, dyn_sta_cos_loss: 0.00000, total_cos_loss : 0.05334, 
epoch  45 summary: dyn_dyn_cos_loss: 0.00000, dyn_sta_cos_loss: 0.00000, total_cos_loss : 0.05333, 
epoch  46 summary: dyn_dyn_cos_loss: 0.00000, dyn_sta_cos_loss: 0.00000, total_cos_loss : 0.05333, 
epoch  47 summary: dyn_dyn_cos_loss: 0.00000, dyn_sta_cos_loss: 0.00000, total_cos_loss : 0.05333, 
epoch  48 summary: dyn_dyn_cos_loss: 0.00000, dyn_sta_cos_loss: 0.00000, total_cos_loss : 0.05334, 
epoch  49 summary: dyn_dyn_cos_loss: 0.00000, dyn_sta_cos_loss: 0.00000, total_cos_loss : 0.05333, 
epoch  50 summary: dyn_dyn_cos_loss: 0.00000, dyn_sta_cos_loss: 0.00000, total_cos_loss : 0.05333, 
valid loss: 3.3196, valid acc: 0.2637
epoch  51 summary: dyn_dyn_cos_loss: 0.00000, dyn_sta_cos_loss: 0.00000, total_cos_loss : 0.05333, 
epoch  52 summary: dyn_dyn_cos_loss: 0.00000, dyn_sta_cos_loss: 0.00000, total_cos_loss : 0.05333, 
epoch  53 summary: dyn_dyn_cos_loss: 0.00000, dyn_sta_cos_loss: 0.00000, total_cos_loss : 0.05332, 
epoch  54 summary: dyn_dyn_cos_loss: 0.00000, dyn_sta_cos_loss: 0.00000, total_cos_loss : 0.05333, 
epoch  55 summary: dyn_dyn_cos_loss: 0.00000, dyn_sta_cos_loss: 0.00000, total_cos_loss : 0.05331, 
epoch  56 summary: dyn_dyn_cos_loss: 0.00000, dyn_sta_cos_loss: 0.00000, total_cos_loss : 0.05330, 
epoch  57 summary: dyn_dyn_cos_loss: 0.00000, dyn_sta_cos_loss: 0.00000, total_cos_loss : 0.05330, 
epoch  58 summary: dyn_dyn_cos_loss: 0.00000, dyn_sta_cos_loss: 0.00000, total_cos_loss : 0.05330, 
epoch  59 summary: dyn_dyn_cos_loss: 0.00000, dyn_sta_cos_loss: 0.00000, total_cos_loss : 0.05329, 
epoch  60 summary: dyn_dyn_cos_loss: 0.00000, dyn_sta_cos_loss: 0.00000, total_cos_loss : 0.05329, 
valid loss: 3.3194, valid acc: 0.2656
epoch  61 summary: dyn_dyn_cos_loss: 0.00000, dyn_sta_cos_loss: 0.00000, total_cos_loss : 0.05329, 
epoch  62 summary: dyn_dyn_cos_loss: 0.00000, dyn_sta_cos_loss: 0.00000, total_cos_loss : 0.05329, 
epoch  63 summary: dyn_dyn_cos_loss: 0.00000, dyn_sta_cos_loss: 0.00000, total_cos_loss : 0.05328, 
epoch  64 summary: dyn_dyn_cos_loss: 0.00000, dyn_sta_cos_loss: 0.00000, total_cos_loss : 0.05329, 
epoch  65 summary: dyn_dyn_cos_loss: 0.00000, dyn_sta_cos_loss: 0.00000, total_cos_loss : 0.05329, 
epoch  66 summary: dyn_dyn_cos_loss: 0.00000, dyn_sta_cos_loss: 0.00000, total_cos_loss : 0.05329, 
epoch  67 summary: dyn_dyn_cos_loss: 0.00000, dyn_sta_cos_loss: 0.00000, total_cos_loss : 0.05328, 
epoch  68 summary: dyn_dyn_cos_loss: 0.00000, dyn_sta_cos_loss: 0.00000, total_cos_loss : 0.05328, 
epoch  69 summary: dyn_dyn_cos_loss: 0.00000, dyn_sta_cos_loss: 0.00000, total_cos_loss : 0.05327, 
epoch  70 summary: dyn_dyn_cos_loss: 0.00000, dyn_sta_cos_loss: 0.00000, total_cos_loss : 0.05328, 
valid loss: 3.3137, valid acc: 0.2656
epoch  71 summary: dyn_dyn_cos_loss: 0.00000, dyn_sta_cos_loss: 0.00000, total_cos_loss : 0.05327, 
epoch  72 summary: dyn_dyn_cos_loss: 0.00000, dyn_sta_cos_loss: 0.00000, total_cos_loss : 0.05327, 
epoch  73 summary: dyn_dyn_cos_loss: 0.00000, dyn_sta_cos_loss: 0.00000, total_cos_loss : 0.05326, 
epoch  74 summary: dyn_dyn_cos_loss: 0.00000, dyn_sta_cos_loss: 0.00000, total_cos_loss : 0.05326, 
epoch  75 summary: dyn_dyn_cos_loss: 0.00000, dyn_sta_cos_loss: 0.00000, total_cos_loss : 0.05326, 
epoch  76 summary: dyn_dyn_cos_loss: 0.00000, dyn_sta_cos_loss: 0.00000, total_cos_loss : 0.05327, 
epoch  77 summary: dyn_dyn_cos_loss: 0.00000, dyn_sta_cos_loss: 0.00000, total_cos_loss : 0.05327, 
epoch  78 summary: dyn_dyn_cos_loss: 0.00000, dyn_sta_cos_loss: 0.00000, total_cos_loss : 0.05326, 
epoch  79 summary: dyn_dyn_cos_loss: 0.00000, dyn_sta_cos_loss: 0.00000, total_cos_loss : 0.05326, 
epoch  80 summary: dyn_dyn_cos_loss: 0.00000, dyn_sta_cos_loss: 0.00000, total_cos_loss : 0.05326, 
valid loss: 3.3125, valid acc: 0.2617
epoch  81 summary: dyn_dyn_cos_loss: 0.00000, dyn_sta_cos_loss: 0.00000, total_cos_loss : 0.05325, 
epoch  82 summary: dyn_dyn_cos_loss: 0.00000, dyn_sta_cos_loss: 0.00000, total_cos_loss : 0.05325, 
epoch  83 summary: dyn_dyn_cos_loss: 0.00000, dyn_sta_cos_loss: 0.00000, total_cos_loss : 0.05325, 
epoch  84 summary: dyn_dyn_cos_loss: 0.00000, dyn_sta_cos_loss: 0.00000, total_cos_loss : 0.05325, 
epoch  85 summary: dyn_dyn_cos_loss: 0.00000, dyn_sta_cos_loss: 0.00000, total_cos_loss : 0.05325, 
epoch  86 summary: dyn_dyn_cos_loss: 0.00000, dyn_sta_cos_loss: 0.00000, total_cos_loss : 0.05324, 
epoch  87 summary: dyn_dyn_cos_loss: 0.00000, dyn_sta_cos_loss: 0.00000, total_cos_loss : 0.05325, 
epoch  88 summary: dyn_dyn_cos_loss: 0.00000, dyn_sta_cos_loss: 0.00000, total_cos_loss : 0.05325, 
epoch  89 summary: dyn_dyn_cos_loss: 0.00000, dyn_sta_cos_loss: 0.00000, total_cos_loss : 0.05325, 
epoch  90 summary: dyn_dyn_cos_loss: 0.00000, dyn_sta_cos_loss: 0.00000, total_cos_loss : 0.05324, 
valid loss: 3.3089, valid acc: 0.2637
epoch  91 summary: dyn_dyn_cos_loss: 0.00000, dyn_sta_cos_loss: 0.00000, total_cos_loss : 0.05324, 
epoch  92 summary: dyn_dyn_cos_loss: 0.00000, dyn_sta_cos_loss: 0.00000, total_cos_loss : 0.05324, 
epoch  93 summary: dyn_dyn_cos_loss: 0.00000, dyn_sta_cos_loss: 0.00000, total_cos_loss : 0.05324, 
epoch  94 summary: dyn_dyn_cos_loss: 0.00000, dyn_sta_cos_loss: 0.00000, total_cos_loss : 0.05324, 
epoch  95 summary: dyn_dyn_cos_loss: 0.00000, dyn_sta_cos_loss: 0.00000, total_cos_loss : 0.05324, 
epoch  96 summary: dyn_dyn_cos_loss: 0.00000, dyn_sta_cos_loss: 0.00000, total_cos_loss : 0.05324, 
epoch  97 summary: dyn_dyn_cos_loss: 0.00000, dyn_sta_cos_loss: 0.00000, total_cos_loss : 0.05324, 
epoch  98 summary: dyn_dyn_cos_loss: 0.00000, dyn_sta_cos_loss: 0.00000, total_cos_loss : 0.05324, 
epoch  99 summary: dyn_dyn_cos_loss: 0.00000, dyn_sta_cos_loss: 0.00000, total_cos_loss : 0.05324, 
valid loss: 3.3517, valid acc: 0.2559
all                          48821.385ms
all_epoch                    48792.038ms
all_preparation                 29.328ms
all_preparation_2               28.130ms
all_preparation_3                1.180ms
epoch                          390.634ms
epoch_pos_train                  1.822ms
epoch_preparation                0.304ms
epoch_train                    387.589ms
epoch_valid                      0.507ms
----------------------------------------
all                          48821.385ms
  all_epoch             99.94%
  all_preparation        0.06%
all_preparation                 29.328ms
  all_preparation_2     95.91%
  all_preparation_3      4.02%
epoch                        39063.397ms
  epoch_train           99.22%
  epoch_pos_train        0.47%
  epoch_valid            0.13%
  epoch_preparation      0.08%
