Before CTE Training: train eu loss: 1.063186526298523, eval eu loss: 1.492782711982727
Before CTE Training: train eu acc: 0.6669921875, eval eu acc: 0.560546875
epoch   0 summary: dyn_dyn_loss   : 0.01866, dyn_sta_loss   : 4.14016, tot_dyn_loss   : 0.51324, sta_sta_loss   : 0.02002, 
train loss: 1.6180, train acc: 0.6831
epoch   1 summary: dyn_dyn_loss   : 0.01786, dyn_sta_loss   : 3.96445, tot_dyn_loss   : 0.49145, sta_sta_loss   : 0.02002, 
epoch   2 summary: dyn_dyn_loss   : 0.01708, dyn_sta_loss   : 3.81913, tot_dyn_loss   : 0.47332, sta_sta_loss   : 0.02002, 
epoch   3 summary: dyn_dyn_loss   : 0.01702, dyn_sta_loss   : 3.69553, tot_dyn_loss   : 0.45844, sta_sta_loss   : 0.02002, 
epoch   4 summary: dyn_dyn_loss   : 0.01791, dyn_sta_loss   : 3.60539, tot_dyn_loss   : 0.44841, sta_sta_loss   : 0.02002, 
epoch   5 summary: dyn_dyn_loss   : 0.01941, dyn_sta_loss   : 3.53482, tot_dyn_loss   : 0.44126, sta_sta_loss   : 0.02002, 
epoch   6 summary: dyn_dyn_loss   : 0.02119, dyn_sta_loss   : 3.47824, tot_dyn_loss   : 0.43603, sta_sta_loss   : 0.02002, 
epoch   7 summary: dyn_dyn_loss   : 0.02307, dyn_sta_loss   : 3.44458, tot_dyn_loss   : 0.43365, sta_sta_loss   : 0.02002, 
epoch   8 summary: dyn_dyn_loss   : 0.02473, dyn_sta_loss   : 3.40827, tot_dyn_loss   : 0.43076, sta_sta_loss   : 0.02002, 
epoch   9 summary: dyn_dyn_loss   : 0.02620, dyn_sta_loss   : 3.38882, tot_dyn_loss   : 0.42972, sta_sta_loss   : 0.02002, 
epoch  10 summary: dyn_dyn_loss   : 0.02711, dyn_sta_loss   : 3.37291, tot_dyn_loss   : 0.42861, sta_sta_loss   : 0.02002, 
train loss: 0.0000, train acc: 1.0000
epoch  11 summary: dyn_dyn_loss   : 0.02814, dyn_sta_loss   : 3.36715, tot_dyn_loss   : 0.42882, sta_sta_loss   : 0.02002, 
epoch  12 summary: dyn_dyn_loss   : 0.02867, dyn_sta_loss   : 3.36543, tot_dyn_loss   : 0.42908, sta_sta_loss   : 0.02002, 
epoch  13 summary: dyn_dyn_loss   : 0.02885, dyn_sta_loss   : 3.36504, tot_dyn_loss   : 0.42919, sta_sta_loss   : 0.02002, 
epoch  14 summary: dyn_dyn_loss   : 0.02883, dyn_sta_loss   : 3.36155, tot_dyn_loss   : 0.42875, sta_sta_loss   : 0.02002, 
epoch  15 summary: dyn_dyn_loss   : 0.02898, dyn_sta_loss   : 3.36216, tot_dyn_loss   : 0.42897, sta_sta_loss   : 0.02002, 
epoch  16 summary: dyn_dyn_loss   : 0.02910, dyn_sta_loss   : 3.35192, tot_dyn_loss   : 0.42784, sta_sta_loss   : 0.02002, 
epoch  17 summary: dyn_dyn_loss   : 0.02931, dyn_sta_loss   : 3.35604, tot_dyn_loss   : 0.42851, sta_sta_loss   : 0.02002, 
epoch  18 summary: dyn_dyn_loss   : 0.02926, dyn_sta_loss   : 3.34771, tot_dyn_loss   : 0.42748, sta_sta_loss   : 0.02002, 
epoch  19 summary: dyn_dyn_loss   : 0.02958, dyn_sta_loss   : 3.34635, tot_dyn_loss   : 0.42760, sta_sta_loss   : 0.02002, 
epoch  20 summary: dyn_dyn_loss   : 0.02983, dyn_sta_loss   : 3.34029, tot_dyn_loss   : 0.42708, sta_sta_loss   : 0.02002, 
train loss: 0.0000, train acc: 1.0000
epoch  21 summary: dyn_dyn_loss   : 0.03019, dyn_sta_loss   : 3.34353, tot_dyn_loss   : 0.42779, sta_sta_loss   : 0.02002, 
epoch  22 summary: dyn_dyn_loss   : 0.03001, dyn_sta_loss   : 3.35163, tot_dyn_loss   : 0.42861, sta_sta_loss   : 0.02002, 
epoch  23 summary: dyn_dyn_loss   : 0.02962, dyn_sta_loss   : 3.34913, tot_dyn_loss   : 0.42796, sta_sta_loss   : 0.02002, 
epoch  24 summary: dyn_dyn_loss   : 0.02967, dyn_sta_loss   : 3.34751, tot_dyn_loss   : 0.42781, sta_sta_loss   : 0.02002, 
epoch  25 summary: dyn_dyn_loss   : 0.02988, dyn_sta_loss   : 3.34459, tot_dyn_loss   : 0.42764, sta_sta_loss   : 0.02002, 
epoch  26 summary: dyn_dyn_loss   : 0.02998, dyn_sta_loss   : 3.34155, tot_dyn_loss   : 0.42737, sta_sta_loss   : 0.02002, 
epoch  27 summary: dyn_dyn_loss   : 0.03015, dyn_sta_loss   : 3.33722, tot_dyn_loss   : 0.42700, sta_sta_loss   : 0.02002, 
epoch  28 summary: dyn_dyn_loss   : 0.03014, dyn_sta_loss   : 3.35943, tot_dyn_loss   : 0.42966, sta_sta_loss   : 0.02002, 
epoch  29 summary: dyn_dyn_loss   : 0.02956, dyn_sta_loss   : 3.35141, tot_dyn_loss   : 0.42818, sta_sta_loss   : 0.02002, 
epoch  30 summary: dyn_dyn_loss   : 0.02952, dyn_sta_loss   : 3.34920, tot_dyn_loss   : 0.42788, sta_sta_loss   : 0.02002, 
train loss: 0.0000, train acc: 1.0000
epoch  31 summary: dyn_dyn_loss   : 0.02956, dyn_sta_loss   : 3.35679, tot_dyn_loss   : 0.42883, sta_sta_loss   : 0.02002, 
epoch  32 summary: dyn_dyn_loss   : 0.02939, dyn_sta_loss   : 3.35009, tot_dyn_loss   : 0.42788, sta_sta_loss   : 0.02002, 
epoch  33 summary: dyn_dyn_loss   : 0.02976, dyn_sta_loss   : 3.35005, tot_dyn_loss   : 0.42819, sta_sta_loss   : 0.02002, 
epoch  34 summary: dyn_dyn_loss   : 0.02981, dyn_sta_loss   : 3.34213, tot_dyn_loss   : 0.42729, sta_sta_loss   : 0.02002, 
epoch  35 summary: dyn_dyn_loss   : 0.03001, dyn_sta_loss   : 3.34282, tot_dyn_loss   : 0.42755, sta_sta_loss   : 0.02002, 
epoch  36 summary: dyn_dyn_loss   : 0.03002, dyn_sta_loss   : 3.34616, tot_dyn_loss   : 0.42796, sta_sta_loss   : 0.02002, 
epoch  37 summary: dyn_dyn_loss   : 0.02993, dyn_sta_loss   : 3.35059, tot_dyn_loss   : 0.42841, sta_sta_loss   : 0.02002, 
epoch  38 summary: dyn_dyn_loss   : 0.02964, dyn_sta_loss   : 3.35479, tot_dyn_loss   : 0.42865, sta_sta_loss   : 0.02002, 
epoch  39 summary: dyn_dyn_loss   : 0.02957, dyn_sta_loss   : 3.34947, tot_dyn_loss   : 0.42796, sta_sta_loss   : 0.02002, 
epoch  40 summary: dyn_dyn_loss   : 0.02969, dyn_sta_loss   : 3.34688, tot_dyn_loss   : 0.42776, sta_sta_loss   : 0.02002, 
train loss: 0.0000, train acc: 1.0000
epoch  41 summary: dyn_dyn_loss   : 0.02980, dyn_sta_loss   : 3.35025, tot_dyn_loss   : 0.42826, sta_sta_loss   : 0.02002, 
epoch  42 summary: dyn_dyn_loss   : 0.02963, dyn_sta_loss   : 3.34640, tot_dyn_loss   : 0.42764, sta_sta_loss   : 0.02002, 
epoch  43 summary: dyn_dyn_loss   : 0.02970, dyn_sta_loss   : 3.35031, tot_dyn_loss   : 0.42817, sta_sta_loss   : 0.02002, 
epoch  44 summary: dyn_dyn_loss   : 0.02976, dyn_sta_loss   : 3.35144, tot_dyn_loss   : 0.42837, sta_sta_loss   : 0.02002, 
epoch  45 summary: dyn_dyn_loss   : 0.02988, dyn_sta_loss   : 3.34563, tot_dyn_loss   : 0.42777, sta_sta_loss   : 0.02002, 
epoch  46 summary: dyn_dyn_loss   : 0.03012, dyn_sta_loss   : 3.33861, tot_dyn_loss   : 0.42714, sta_sta_loss   : 0.02002, 
epoch  47 summary: dyn_dyn_loss   : 0.03023, dyn_sta_loss   : 3.35267, tot_dyn_loss   : 0.42893, sta_sta_loss   : 0.02002, 
epoch  48 summary: dyn_dyn_loss   : 0.02975, dyn_sta_loss   : 3.34061, tot_dyn_loss   : 0.42706, sta_sta_loss   : 0.02002, 
epoch  49 summary: dyn_dyn_loss   : 0.03001, dyn_sta_loss   : 3.35265, tot_dyn_loss   : 0.42873, sta_sta_loss   : 0.02002, 
epoch  50 summary: dyn_dyn_loss   : 0.02985, dyn_sta_loss   : 3.34653, tot_dyn_loss   : 0.42785, sta_sta_loss   : 0.02002, 
train loss: 0.0000, train acc: 1.0000
epoch  51 summary: dyn_dyn_loss   : 0.03003, dyn_sta_loss   : 3.34097, tot_dyn_loss   : 0.42735, sta_sta_loss   : 0.02002, 
epoch  52 summary: dyn_dyn_loss   : 0.03029, dyn_sta_loss   : 3.34565, tot_dyn_loss   : 0.42814, sta_sta_loss   : 0.02002, 
epoch  53 summary: dyn_dyn_loss   : 0.03005, dyn_sta_loss   : 3.35317, tot_dyn_loss   : 0.42882, sta_sta_loss   : 0.02002, 
epoch  54 summary: dyn_dyn_loss   : 0.02968, dyn_sta_loss   : 3.34674, tot_dyn_loss   : 0.42773, sta_sta_loss   : 0.02002, 
epoch  55 summary: dyn_dyn_loss   : 0.02985, dyn_sta_loss   : 3.34691, tot_dyn_loss   : 0.42790, sta_sta_loss   : 0.02002, 
epoch  56 summary: dyn_dyn_loss   : 0.02984, dyn_sta_loss   : 3.35578, tot_dyn_loss   : 0.42895, sta_sta_loss   : 0.02002, 
epoch  57 summary: dyn_dyn_loss   : 0.02963, dyn_sta_loss   : 3.34578, tot_dyn_loss   : 0.42757, sta_sta_loss   : 0.02002, 
epoch  58 summary: dyn_dyn_loss   : 0.02982, dyn_sta_loss   : 3.35095, tot_dyn_loss   : 0.42836, sta_sta_loss   : 0.02002, 
epoch  59 summary: dyn_dyn_loss   : 0.02972, dyn_sta_loss   : 3.35508, tot_dyn_loss   : 0.42876, sta_sta_loss   : 0.02002, 
epoch  60 summary: dyn_dyn_loss   : 0.02942, dyn_sta_loss   : 3.35108, tot_dyn_loss   : 0.42802, sta_sta_loss   : 0.02002, 
train loss: 0.0000, train acc: 1.0000
epoch  61 summary: dyn_dyn_loss   : 0.02944, dyn_sta_loss   : 3.35211, tot_dyn_loss   : 0.42816, sta_sta_loss   : 0.02002, 
epoch  62 summary: dyn_dyn_loss   : 0.02950, dyn_sta_loss   : 3.34525, tot_dyn_loss   : 0.42739, sta_sta_loss   : 0.02002, 
epoch  63 summary: dyn_dyn_loss   : 0.02976, dyn_sta_loss   : 3.35048, tot_dyn_loss   : 0.42824, sta_sta_loss   : 0.02002, 
epoch  64 summary: dyn_dyn_loss   : 0.02974, dyn_sta_loss   : 3.35120, tot_dyn_loss   : 0.42831, sta_sta_loss   : 0.02002, 
epoch  65 summary: dyn_dyn_loss   : 0.02975, dyn_sta_loss   : 3.34674, tot_dyn_loss   : 0.42779, sta_sta_loss   : 0.02002, 
epoch  66 summary: dyn_dyn_loss   : 0.02986, dyn_sta_loss   : 3.35108, tot_dyn_loss   : 0.42841, sta_sta_loss   : 0.02002, 
epoch  67 summary: dyn_dyn_loss   : 0.02970, dyn_sta_loss   : 3.36064, tot_dyn_loss   : 0.42941, sta_sta_loss   : 0.02002, 
epoch  68 summary: dyn_dyn_loss   : 0.02934, dyn_sta_loss   : 3.35579, tot_dyn_loss   : 0.42852, sta_sta_loss   : 0.02002, 
epoch  69 summary: dyn_dyn_loss   : 0.02953, dyn_sta_loss   : 3.34220, tot_dyn_loss   : 0.42705, sta_sta_loss   : 0.02002, 
epoch  70 summary: dyn_dyn_loss   : 0.02986, dyn_sta_loss   : 3.35836, tot_dyn_loss   : 0.42928, sta_sta_loss   : 0.02002, 
train loss: 0.0000, train acc: 1.0000
epoch  71 summary: dyn_dyn_loss   : 0.02958, dyn_sta_loss   : 3.34745, tot_dyn_loss   : 0.42773, sta_sta_loss   : 0.02002, 
epoch  72 summary: dyn_dyn_loss   : 0.02979, dyn_sta_loss   : 3.34403, tot_dyn_loss   : 0.42750, sta_sta_loss   : 0.02002, 
epoch  73 summary: dyn_dyn_loss   : 0.02998, dyn_sta_loss   : 3.34848, tot_dyn_loss   : 0.42820, sta_sta_loss   : 0.02002, 
epoch  74 summary: dyn_dyn_loss   : 0.02999, dyn_sta_loss   : 3.35102, tot_dyn_loss   : 0.42851, sta_sta_loss   : 0.02002, 
epoch  75 summary: dyn_dyn_loss   : 0.02996, dyn_sta_loss   : 3.34519, tot_dyn_loss   : 0.42779, sta_sta_loss   : 0.02002, 
epoch  76 summary: dyn_dyn_loss   : 0.03008, dyn_sta_loss   : 3.34185, tot_dyn_loss   : 0.42749, sta_sta_loss   : 0.02002, 
epoch  77 summary: dyn_dyn_loss   : 0.03031, dyn_sta_loss   : 3.33925, tot_dyn_loss   : 0.42738, sta_sta_loss   : 0.02002, 
epoch  78 summary: dyn_dyn_loss   : 0.03023, dyn_sta_loss   : 3.36338, tot_dyn_loss   : 0.43020, sta_sta_loss   : 0.02002, 
epoch  79 summary: dyn_dyn_loss   : 0.02944, dyn_sta_loss   : 3.35077, tot_dyn_loss   : 0.42800, sta_sta_loss   : 0.02002, 
epoch  80 summary: dyn_dyn_loss   : 0.02966, dyn_sta_loss   : 3.34102, tot_dyn_loss   : 0.42702, sta_sta_loss   : 0.02002, 
train loss: 0.0000, train acc: 1.0000
epoch  81 summary: dyn_dyn_loss   : 0.02996, dyn_sta_loss   : 3.34148, tot_dyn_loss   : 0.42734, sta_sta_loss   : 0.02002, 
epoch  82 summary: dyn_dyn_loss   : 0.03009, dyn_sta_loss   : 3.35169, tot_dyn_loss   : 0.42868, sta_sta_loss   : 0.02002, 
epoch  83 summary: dyn_dyn_loss   : 0.02972, dyn_sta_loss   : 3.35612, tot_dyn_loss   : 0.42889, sta_sta_loss   : 0.02002, 
epoch  84 summary: dyn_dyn_loss   : 0.02966, dyn_sta_loss   : 3.34622, tot_dyn_loss   : 0.42765, sta_sta_loss   : 0.02002, 
epoch  85 summary: dyn_dyn_loss   : 0.02977, dyn_sta_loss   : 3.35076, tot_dyn_loss   : 0.42829, sta_sta_loss   : 0.02002, 
epoch  86 summary: dyn_dyn_loss   : 0.02968, dyn_sta_loss   : 3.34805, tot_dyn_loss   : 0.42788, sta_sta_loss   : 0.02002, 
epoch  87 summary: dyn_dyn_loss   : 0.02965, dyn_sta_loss   : 3.35994, tot_dyn_loss   : 0.42929, sta_sta_loss   : 0.02002, 
epoch  88 summary: dyn_dyn_loss   : 0.02941, dyn_sta_loss   : 3.35097, tot_dyn_loss   : 0.42800, sta_sta_loss   : 0.02002, 
epoch  89 summary: dyn_dyn_loss   : 0.02957, dyn_sta_loss   : 3.34091, tot_dyn_loss   : 0.42693, sta_sta_loss   : 0.02002, 
epoch  90 summary: dyn_dyn_loss   : 0.02993, dyn_sta_loss   : 3.34829, tot_dyn_loss   : 0.42813, sta_sta_loss   : 0.02002, 
train loss: 0.0000, train acc: 1.0000
epoch  91 summary: dyn_dyn_loss   : 0.02978, dyn_sta_loss   : 3.34482, tot_dyn_loss   : 0.42759, sta_sta_loss   : 0.02002, 
epoch  92 summary: dyn_dyn_loss   : 0.02981, dyn_sta_loss   : 3.35553, tot_dyn_loss   : 0.42889, sta_sta_loss   : 0.02002, 
epoch  93 summary: dyn_dyn_loss   : 0.02967, dyn_sta_loss   : 3.34592, tot_dyn_loss   : 0.42762, sta_sta_loss   : 0.02002, 
epoch  94 summary: dyn_dyn_loss   : 0.02987, dyn_sta_loss   : 3.34014, tot_dyn_loss   : 0.42710, sta_sta_loss   : 0.02002, 
epoch  95 summary: dyn_dyn_loss   : 0.03003, dyn_sta_loss   : 3.34952, tot_dyn_loss   : 0.42837, sta_sta_loss   : 0.02002, 
epoch  96 summary: dyn_dyn_loss   : 0.02971, dyn_sta_loss   : 3.34737, tot_dyn_loss   : 0.42783, sta_sta_loss   : 0.02002, 
epoch  97 summary: dyn_dyn_loss   : 0.02967, dyn_sta_loss   : 3.35289, tot_dyn_loss   : 0.42846, sta_sta_loss   : 0.02002, 
epoch  98 summary: dyn_dyn_loss   : 0.02972, dyn_sta_loss   : 3.34983, tot_dyn_loss   : 0.42813, sta_sta_loss   : 0.02002, 
epoch  99 summary: dyn_dyn_loss   : 0.02973, dyn_sta_loss   : 3.34637, tot_dyn_loss   : 0.42772, sta_sta_loss   : 0.02002, 
train loss: 0.0000, train acc: 1.0000
all                         188746.327ms
all_epoch                   188365.398ms
all_preparation                380.900ms
all_preparation_2              379.448ms
all_preparation_3                1.428ms
epoch                         1722.293ms
epoch_pos_train                  1.205ms
epoch_preparation                3.759ms
epoch_train                   1714.626ms
epoch_valid                      2.229ms
----------------------------------------
all                         188746.327ms
  all_epoch             99.80%
  all_preparation        0.20%
all_preparation                380.900ms
  all_preparation_2     99.62%
  all_preparation_3      0.38%
epoch                       172229.252ms
  epoch_train           99.55%
  epoch_preparation      0.22%
  epoch_valid            0.13%
  epoch_pos_train        0.07%
epoch   0 summary: dyn_dyn_cos_loss: 0.00000, dyn_sta_cos_loss: 0.00000, total_cos_loss : 0.01703, 
valid loss: 3.7910, valid acc: 0.2070
epoch   1 summary: dyn_dyn_cos_loss: 0.00000, dyn_sta_cos_loss: 0.00000, total_cos_loss : 0.01408, 
epoch   2 summary: dyn_dyn_cos_loss: 0.00000, dyn_sta_cos_loss: 0.00000, total_cos_loss : 0.01286, 
epoch   3 summary: dyn_dyn_cos_loss: 0.00000, dyn_sta_cos_loss: 0.00000, total_cos_loss : 0.01216, 
epoch   4 summary: dyn_dyn_cos_loss: 0.00000, dyn_sta_cos_loss: 0.00000, total_cos_loss : 0.01170, 
epoch   5 summary: dyn_dyn_cos_loss: 0.00000, dyn_sta_cos_loss: 0.00000, total_cos_loss : 0.01138, 
epoch   6 summary: dyn_dyn_cos_loss: 0.00000, dyn_sta_cos_loss: 0.00000, total_cos_loss : 0.01119, 
epoch   7 summary: dyn_dyn_cos_loss: 0.00000, dyn_sta_cos_loss: 0.00000, total_cos_loss : 0.01104, 
epoch   8 summary: dyn_dyn_cos_loss: 0.00000, dyn_sta_cos_loss: 0.00000, total_cos_loss : 0.01095, 
epoch   9 summary: dyn_dyn_cos_loss: 0.00000, dyn_sta_cos_loss: 0.00000, total_cos_loss : 0.01088, 
epoch  10 summary: dyn_dyn_cos_loss: 0.00000, dyn_sta_cos_loss: 0.00000, total_cos_loss : 0.01083, 
valid loss: 2.4938, valid acc: 0.4316
epoch  11 summary: dyn_dyn_cos_loss: 0.00000, dyn_sta_cos_loss: 0.00000, total_cos_loss : 0.01079, 
epoch  12 summary: dyn_dyn_cos_loss: 0.00000, dyn_sta_cos_loss: 0.00000, total_cos_loss : 0.01076, 
epoch  13 summary: dyn_dyn_cos_loss: 0.00000, dyn_sta_cos_loss: 0.00000, total_cos_loss : 0.01074, 
epoch  14 summary: dyn_dyn_cos_loss: 0.00000, dyn_sta_cos_loss: 0.00000, total_cos_loss : 0.01072, 
epoch  15 summary: dyn_dyn_cos_loss: 0.00000, dyn_sta_cos_loss: 0.00000, total_cos_loss : 0.01070, 
epoch  16 summary: dyn_dyn_cos_loss: 0.00000, dyn_sta_cos_loss: 0.00000, total_cos_loss : 0.01069, 
epoch  17 summary: dyn_dyn_cos_loss: 0.00000, dyn_sta_cos_loss: 0.00000, total_cos_loss : 0.01068, 
epoch  18 summary: dyn_dyn_cos_loss: 0.00000, dyn_sta_cos_loss: 0.00000, total_cos_loss : 0.01067, 
epoch  19 summary: dyn_dyn_cos_loss: 0.00000, dyn_sta_cos_loss: 0.00000, total_cos_loss : 0.01067, 
epoch  20 summary: dyn_dyn_cos_loss: 0.00000, dyn_sta_cos_loss: 0.00000, total_cos_loss : 0.01066, 
valid loss: 2.4266, valid acc: 0.4531
epoch  21 summary: dyn_dyn_cos_loss: 0.00000, dyn_sta_cos_loss: 0.00000, total_cos_loss : 0.01066, 
epoch  22 summary: dyn_dyn_cos_loss: 0.00000, dyn_sta_cos_loss: 0.00000, total_cos_loss : 0.01066, 
epoch  23 summary: dyn_dyn_cos_loss: 0.00000, dyn_sta_cos_loss: 0.00000, total_cos_loss : 0.01065, 
epoch  24 summary: dyn_dyn_cos_loss: 0.00000, dyn_sta_cos_loss: 0.00000, total_cos_loss : 0.01065, 
epoch  25 summary: dyn_dyn_cos_loss: 0.00000, dyn_sta_cos_loss: 0.00000, total_cos_loss : 0.01065, 
epoch  26 summary: dyn_dyn_cos_loss: 0.00000, dyn_sta_cos_loss: 0.00000, total_cos_loss : 0.01065, 
epoch  27 summary: dyn_dyn_cos_loss: 0.00000, dyn_sta_cos_loss: 0.00000, total_cos_loss : 0.01065, 
epoch  28 summary: dyn_dyn_cos_loss: 0.00000, dyn_sta_cos_loss: 0.00000, total_cos_loss : 0.01064, 
epoch  29 summary: dyn_dyn_cos_loss: 0.00000, dyn_sta_cos_loss: 0.00000, total_cos_loss : 0.01064, 
epoch  30 summary: dyn_dyn_cos_loss: 0.00000, dyn_sta_cos_loss: 0.00000, total_cos_loss : 0.01064, 
valid loss: 2.4239, valid acc: 0.4570
epoch  31 summary: dyn_dyn_cos_loss: 0.00000, dyn_sta_cos_loss: 0.00000, total_cos_loss : 0.01064, 
epoch  32 summary: dyn_dyn_cos_loss: 0.00000, dyn_sta_cos_loss: 0.00000, total_cos_loss : 0.01064, 
epoch  33 summary: dyn_dyn_cos_loss: 0.00000, dyn_sta_cos_loss: 0.00000, total_cos_loss : 0.01064, 
epoch  34 summary: dyn_dyn_cos_loss: 0.00000, dyn_sta_cos_loss: 0.00000, total_cos_loss : 0.01064, 
epoch  35 summary: dyn_dyn_cos_loss: 0.00000, dyn_sta_cos_loss: 0.00000, total_cos_loss : 0.01064, 
epoch  36 summary: dyn_dyn_cos_loss: 0.00000, dyn_sta_cos_loss: 0.00000, total_cos_loss : 0.01064, 
epoch  37 summary: dyn_dyn_cos_loss: 0.00000, dyn_sta_cos_loss: 0.00000, total_cos_loss : 0.01064, 
epoch  38 summary: dyn_dyn_cos_loss: 0.00000, dyn_sta_cos_loss: 0.00000, total_cos_loss : 0.01064, 
epoch  39 summary: dyn_dyn_cos_loss: 0.00000, dyn_sta_cos_loss: 0.00000, total_cos_loss : 0.01064, 
epoch  40 summary: dyn_dyn_cos_loss: 0.00000, dyn_sta_cos_loss: 0.00000, total_cos_loss : 0.01064, 
valid loss: 2.4105, valid acc: 0.4629
epoch  41 summary: dyn_dyn_cos_loss: 0.00000, dyn_sta_cos_loss: 0.00000, total_cos_loss : 0.01064, 
epoch  42 summary: dyn_dyn_cos_loss: 0.00000, dyn_sta_cos_loss: 0.00000, total_cos_loss : 0.01064, 
epoch  43 summary: dyn_dyn_cos_loss: 0.00000, dyn_sta_cos_loss: 0.00000, total_cos_loss : 0.01064, 
epoch  44 summary: dyn_dyn_cos_loss: 0.00000, dyn_sta_cos_loss: 0.00000, total_cos_loss : 0.01064, 
epoch  45 summary: dyn_dyn_cos_loss: 0.00000, dyn_sta_cos_loss: 0.00000, total_cos_loss : 0.01064, 
epoch  46 summary: dyn_dyn_cos_loss: 0.00000, dyn_sta_cos_loss: 0.00000, total_cos_loss : 0.01064, 
epoch  47 summary: dyn_dyn_cos_loss: 0.00000, dyn_sta_cos_loss: 0.00000, total_cos_loss : 0.01064, 
epoch  48 summary: dyn_dyn_cos_loss: 0.00000, dyn_sta_cos_loss: 0.00000, total_cos_loss : 0.01064, 
epoch  49 summary: dyn_dyn_cos_loss: 0.00000, dyn_sta_cos_loss: 0.00000, total_cos_loss : 0.01064, 
epoch  50 summary: dyn_dyn_cos_loss: 0.00000, dyn_sta_cos_loss: 0.00000, total_cos_loss : 0.01064, 
valid loss: 2.3976, valid acc: 0.4668
epoch  51 summary: dyn_dyn_cos_loss: 0.00000, dyn_sta_cos_loss: 0.00000, total_cos_loss : 0.01064, 
epoch  52 summary: dyn_dyn_cos_loss: 0.00000, dyn_sta_cos_loss: 0.00000, total_cos_loss : 0.01064, 
epoch  53 summary: dyn_dyn_cos_loss: 0.00000, dyn_sta_cos_loss: 0.00000, total_cos_loss : 0.01064, 
epoch  54 summary: dyn_dyn_cos_loss: 0.00000, dyn_sta_cos_loss: 0.00000, total_cos_loss : 0.01064, 
epoch  55 summary: dyn_dyn_cos_loss: 0.00000, dyn_sta_cos_loss: 0.00000, total_cos_loss : 0.01064, 
epoch  56 summary: dyn_dyn_cos_loss: 0.00000, dyn_sta_cos_loss: 0.00000, total_cos_loss : 0.01064, 
epoch  57 summary: dyn_dyn_cos_loss: 0.00000, dyn_sta_cos_loss: 0.00000, total_cos_loss : 0.01063, 
epoch  58 summary: dyn_dyn_cos_loss: 0.00000, dyn_sta_cos_loss: 0.00000, total_cos_loss : 0.01063, 
epoch  59 summary: dyn_dyn_cos_loss: 0.00000, dyn_sta_cos_loss: 0.00000, total_cos_loss : 0.01063, 
epoch  60 summary: dyn_dyn_cos_loss: 0.00000, dyn_sta_cos_loss: 0.00000, total_cos_loss : 0.01063, 
valid loss: 2.3951, valid acc: 0.4688
epoch  61 summary: dyn_dyn_cos_loss: 0.00000, dyn_sta_cos_loss: 0.00000, total_cos_loss : 0.01063, 
epoch  62 summary: dyn_dyn_cos_loss: 0.00000, dyn_sta_cos_loss: 0.00000, total_cos_loss : 0.01063, 
epoch  63 summary: dyn_dyn_cos_loss: 0.00000, dyn_sta_cos_loss: 0.00000, total_cos_loss : 0.01063, 
epoch  64 summary: dyn_dyn_cos_loss: 0.00000, dyn_sta_cos_loss: 0.00000, total_cos_loss : 0.01063, 
epoch  65 summary: dyn_dyn_cos_loss: 0.00000, dyn_sta_cos_loss: 0.00000, total_cos_loss : 0.01063, 
epoch  66 summary: dyn_dyn_cos_loss: 0.00000, dyn_sta_cos_loss: 0.00000, total_cos_loss : 0.01063, 
epoch  67 summary: dyn_dyn_cos_loss: 0.00000, dyn_sta_cos_loss: 0.00000, total_cos_loss : 0.01063, 
epoch  68 summary: dyn_dyn_cos_loss: 0.00000, dyn_sta_cos_loss: 0.00000, total_cos_loss : 0.01063, 
epoch  69 summary: dyn_dyn_cos_loss: 0.00000, dyn_sta_cos_loss: 0.00000, total_cos_loss : 0.01063, 
epoch  70 summary: dyn_dyn_cos_loss: 0.00000, dyn_sta_cos_loss: 0.00000, total_cos_loss : 0.01063, 
valid loss: 2.3963, valid acc: 0.4707
epoch  71 summary: dyn_dyn_cos_loss: 0.00000, dyn_sta_cos_loss: 0.00000, total_cos_loss : 0.01063, 
epoch  72 summary: dyn_dyn_cos_loss: 0.00000, dyn_sta_cos_loss: 0.00000, total_cos_loss : 0.01063, 
epoch  73 summary: dyn_dyn_cos_loss: 0.00000, dyn_sta_cos_loss: 0.00000, total_cos_loss : 0.01063, 
epoch  74 summary: dyn_dyn_cos_loss: 0.00000, dyn_sta_cos_loss: 0.00000, total_cos_loss : 0.01063, 
epoch  75 summary: dyn_dyn_cos_loss: 0.00000, dyn_sta_cos_loss: 0.00000, total_cos_loss : 0.01063, 
epoch  76 summary: dyn_dyn_cos_loss: 0.00000, dyn_sta_cos_loss: 0.00000, total_cos_loss : 0.01063, 
epoch  77 summary: dyn_dyn_cos_loss: 0.00000, dyn_sta_cos_loss: 0.00000, total_cos_loss : 0.01063, 
epoch  78 summary: dyn_dyn_cos_loss: 0.00000, dyn_sta_cos_loss: 0.00000, total_cos_loss : 0.01063, 
epoch  79 summary: dyn_dyn_cos_loss: 0.00000, dyn_sta_cos_loss: 0.00000, total_cos_loss : 0.01063, 
epoch  80 summary: dyn_dyn_cos_loss: 0.00000, dyn_sta_cos_loss: 0.00000, total_cos_loss : 0.01063, 
valid loss: 2.3894, valid acc: 0.4707
epoch  81 summary: dyn_dyn_cos_loss: 0.00000, dyn_sta_cos_loss: 0.00000, total_cos_loss : 0.01063, 
epoch  82 summary: dyn_dyn_cos_loss: 0.00000, dyn_sta_cos_loss: 0.00000, total_cos_loss : 0.01063, 
epoch  83 summary: dyn_dyn_cos_loss: 0.00000, dyn_sta_cos_loss: 0.00000, total_cos_loss : 0.01063, 
epoch  84 summary: dyn_dyn_cos_loss: 0.00000, dyn_sta_cos_loss: 0.00000, total_cos_loss : 0.01063, 
epoch  85 summary: dyn_dyn_cos_loss: 0.00000, dyn_sta_cos_loss: 0.00000, total_cos_loss : 0.01063, 
epoch  86 summary: dyn_dyn_cos_loss: 0.00000, dyn_sta_cos_loss: 0.00000, total_cos_loss : 0.01063, 
epoch  87 summary: dyn_dyn_cos_loss: 0.00000, dyn_sta_cos_loss: 0.00000, total_cos_loss : 0.01063, 
epoch  88 summary: dyn_dyn_cos_loss: 0.00000, dyn_sta_cos_loss: 0.00000, total_cos_loss : 0.01063, 
epoch  89 summary: dyn_dyn_cos_loss: 0.00000, dyn_sta_cos_loss: 0.00000, total_cos_loss : 0.01063, 
epoch  90 summary: dyn_dyn_cos_loss: 0.00000, dyn_sta_cos_loss: 0.00000, total_cos_loss : 0.01063, 
valid loss: 2.3862, valid acc: 0.4688
epoch  91 summary: dyn_dyn_cos_loss: 0.00000, dyn_sta_cos_loss: 0.00000, total_cos_loss : 0.01063, 
epoch  92 summary: dyn_dyn_cos_loss: 0.00000, dyn_sta_cos_loss: 0.00000, total_cos_loss : 0.01063, 
epoch  93 summary: dyn_dyn_cos_loss: 0.00000, dyn_sta_cos_loss: 0.00000, total_cos_loss : 0.01062, 
epoch  94 summary: dyn_dyn_cos_loss: 0.00000, dyn_sta_cos_loss: 0.00000, total_cos_loss : 0.01062, 
epoch  95 summary: dyn_dyn_cos_loss: 0.00000, dyn_sta_cos_loss: 0.00000, total_cos_loss : 0.01062, 
epoch  96 summary: dyn_dyn_cos_loss: 0.00000, dyn_sta_cos_loss: 0.00000, total_cos_loss : 0.01062, 
epoch  97 summary: dyn_dyn_cos_loss: 0.00000, dyn_sta_cos_loss: 0.00000, total_cos_loss : 0.01062, 
epoch  98 summary: dyn_dyn_cos_loss: 0.00000, dyn_sta_cos_loss: 0.00000, total_cos_loss : 0.01062, 
epoch  99 summary: dyn_dyn_cos_loss: 0.00000, dyn_sta_cos_loss: 0.00000, total_cos_loss : 0.01062, 
valid loss: 2.3949, valid acc: 0.4688
all                          53224.711ms
all_epoch                    53193.356ms
all_preparation                 31.335ms
all_preparation_2               30.086ms
all_preparation_3                1.232ms
epoch                          436.106ms
epoch_pos_train                  1.542ms
epoch_preparation                0.295ms
epoch_train                    433.398ms
epoch_valid                      0.490ms
----------------------------------------
all                          53224.711ms
  all_epoch             99.94%
  all_preparation        0.06%
all_preparation                 31.335ms
  all_preparation_2     96.01%
  all_preparation_3      3.93%
epoch                        43610.615ms
  epoch_train           99.38%
  epoch_pos_train        0.35%
  epoch_valid            0.11%
  epoch_preparation      0.07%
