Before CTE Training: train eu loss: 1.063186526298523, eval eu loss: 1.492782711982727
Before CTE Training: train eu acc: 0.6669921875, eval eu acc: 0.560546875
epoch   0 summary: dyn_dyn_loss   : 0.09300, dyn_sta_loss   : 3.74313, tot_dyn_loss   : 0.38501, sta_sta_loss   : 0.12050, 
train loss: 0.2187, train acc: 0.9512
epoch   1 summary: dyn_dyn_loss   : 0.08229, dyn_sta_loss   : 2.99801, tot_dyn_loss   : 0.31555, sta_sta_loss   : 0.12050, 
epoch   2 summary: dyn_dyn_loss   : 0.09885, dyn_sta_loss   : 2.78833, tot_dyn_loss   : 0.31401, sta_sta_loss   : 0.12050, 
epoch   3 summary: dyn_dyn_loss   : 0.09409, dyn_sta_loss   : 2.85805, tot_dyn_loss   : 0.31521, sta_sta_loss   : 0.12050, 
epoch   4 summary: dyn_dyn_loss   : 0.09413, dyn_sta_loss   : 2.78840, tot_dyn_loss   : 0.30967, sta_sta_loss   : 0.12050, 
epoch   5 summary: dyn_dyn_loss   : 0.09090, dyn_sta_loss   : 2.84052, tot_dyn_loss   : 0.31087, sta_sta_loss   : 0.12050, 
epoch   6 summary: dyn_dyn_loss   : 0.08526, dyn_sta_loss   : 2.87398, tot_dyn_loss   : 0.30836, sta_sta_loss   : 0.12050, 
epoch   7 summary: dyn_dyn_loss   : 0.08507, dyn_sta_loss   : 2.82135, tot_dyn_loss   : 0.30398, sta_sta_loss   : 0.12050, 
epoch   8 summary: dyn_dyn_loss   : 0.07742, dyn_sta_loss   : 2.86620, tot_dyn_loss   : 0.30052, sta_sta_loss   : 0.12050, 
epoch   9 summary: dyn_dyn_loss   : 0.07422, dyn_sta_loss   : 2.87680, tot_dyn_loss   : 0.29843, sta_sta_loss   : 0.12050, 
epoch  10 summary: dyn_dyn_loss   : 0.07530, dyn_sta_loss   : 2.84462, tot_dyn_loss   : 0.29685, sta_sta_loss   : 0.12050, 
train loss: 0.1609, train acc: 0.9697
epoch  11 summary: dyn_dyn_loss   : 0.07532, dyn_sta_loss   : 2.85035, tot_dyn_loss   : 0.29732, sta_sta_loss   : 0.12050, 
epoch  12 summary: dyn_dyn_loss   : 0.07355, dyn_sta_loss   : 2.84598, tot_dyn_loss   : 0.29535, sta_sta_loss   : 0.12050, 
epoch  13 summary: dyn_dyn_loss   : 0.07489, dyn_sta_loss   : 2.85368, tot_dyn_loss   : 0.29720, sta_sta_loss   : 0.12050, 
epoch  14 summary: dyn_dyn_loss   : 0.07187, dyn_sta_loss   : 2.85738, tot_dyn_loss   : 0.29471, sta_sta_loss   : 0.12050, 
epoch  15 summary: dyn_dyn_loss   : 0.07453, dyn_sta_loss   : 2.85083, tot_dyn_loss   : 0.29663, sta_sta_loss   : 0.12050, 
epoch  16 summary: dyn_dyn_loss   : 0.07249, dyn_sta_loss   : 2.85152, tot_dyn_loss   : 0.29482, sta_sta_loss   : 0.12050, 
epoch  17 summary: dyn_dyn_loss   : 0.07444, dyn_sta_loss   : 2.85407, tot_dyn_loss   : 0.29681, sta_sta_loss   : 0.12050, 
epoch  18 summary: dyn_dyn_loss   : 0.07212, dyn_sta_loss   : 2.85429, tot_dyn_loss   : 0.29469, sta_sta_loss   : 0.12050, 
epoch  19 summary: dyn_dyn_loss   : 0.07431, dyn_sta_loss   : 2.85651, tot_dyn_loss   : 0.29689, sta_sta_loss   : 0.12050, 
epoch  20 summary: dyn_dyn_loss   : 0.07155, dyn_sta_loss   : 2.85939, tot_dyn_loss   : 0.29457, sta_sta_loss   : 0.12050, 
train loss: 0.1244, train acc: 0.9707
epoch  21 summary: dyn_dyn_loss   : 0.07435, dyn_sta_loss   : 2.85262, tot_dyn_loss   : 0.29661, sta_sta_loss   : 0.12050, 
epoch  22 summary: dyn_dyn_loss   : 0.07211, dyn_sta_loss   : 2.85534, tot_dyn_loss   : 0.29477, sta_sta_loss   : 0.12050, 
epoch  23 summary: dyn_dyn_loss   : 0.07410, dyn_sta_loss   : 2.85281, tot_dyn_loss   : 0.29640, sta_sta_loss   : 0.12050, 
epoch  24 summary: dyn_dyn_loss   : 0.07211, dyn_sta_loss   : 2.85654, tot_dyn_loss   : 0.29487, sta_sta_loss   : 0.12050, 
epoch  25 summary: dyn_dyn_loss   : 0.07385, dyn_sta_loss   : 2.85482, tot_dyn_loss   : 0.29633, sta_sta_loss   : 0.12050, 
epoch  26 summary: dyn_dyn_loss   : 0.07213, dyn_sta_loss   : 2.85775, tot_dyn_loss   : 0.29498, sta_sta_loss   : 0.12050, 
epoch  27 summary: dyn_dyn_loss   : 0.07371, dyn_sta_loss   : 2.85613, tot_dyn_loss   : 0.29630, sta_sta_loss   : 0.12050, 
epoch  28 summary: dyn_dyn_loss   : 0.07201, dyn_sta_loss   : 2.85835, tot_dyn_loss   : 0.29492, sta_sta_loss   : 0.12050, 
epoch  29 summary: dyn_dyn_loss   : 0.07372, dyn_sta_loss   : 2.85436, tot_dyn_loss   : 0.29617, sta_sta_loss   : 0.12050, 
epoch  30 summary: dyn_dyn_loss   : 0.07244, dyn_sta_loss   : 2.85618, tot_dyn_loss   : 0.29514, sta_sta_loss   : 0.12050, 
train loss: 0.1328, train acc: 0.9678
epoch  31 summary: dyn_dyn_loss   : 0.07375, dyn_sta_loss   : 2.85306, tot_dyn_loss   : 0.29610, sta_sta_loss   : 0.12050, 
epoch  32 summary: dyn_dyn_loss   : 0.07264, dyn_sta_loss   : 2.85659, tot_dyn_loss   : 0.29536, sta_sta_loss   : 0.12050, 
epoch  33 summary: dyn_dyn_loss   : 0.07335, dyn_sta_loss   : 2.85502, tot_dyn_loss   : 0.29588, sta_sta_loss   : 0.12050, 
epoch  34 summary: dyn_dyn_loss   : 0.07234, dyn_sta_loss   : 2.85955, tot_dyn_loss   : 0.29531, sta_sta_loss   : 0.12050, 
epoch  35 summary: dyn_dyn_loss   : 0.07341, dyn_sta_loss   : 2.85327, tot_dyn_loss   : 0.29579, sta_sta_loss   : 0.12050, 
epoch  36 summary: dyn_dyn_loss   : 0.07293, dyn_sta_loss   : 2.85843, tot_dyn_loss   : 0.29577, sta_sta_loss   : 0.12050, 
epoch  37 summary: dyn_dyn_loss   : 0.07282, dyn_sta_loss   : 2.85944, tot_dyn_loss   : 0.29575, sta_sta_loss   : 0.12050, 
epoch  38 summary: dyn_dyn_loss   : 0.07291, dyn_sta_loss   : 2.85931, tot_dyn_loss   : 0.29582, sta_sta_loss   : 0.12050, 
epoch  39 summary: dyn_dyn_loss   : 0.07295, dyn_sta_loss   : 2.85619, tot_dyn_loss   : 0.29561, sta_sta_loss   : 0.12050, 
epoch  40 summary: dyn_dyn_loss   : 0.07311, dyn_sta_loss   : 2.85602, tot_dyn_loss   : 0.29575, sta_sta_loss   : 0.12050, 
train loss: 0.1959, train acc: 0.9473
epoch  41 summary: dyn_dyn_loss   : 0.07292, dyn_sta_loss   : 2.85869, tot_dyn_loss   : 0.29579, sta_sta_loss   : 0.12050, 
epoch  42 summary: dyn_dyn_loss   : 0.07274, dyn_sta_loss   : 2.85576, tot_dyn_loss   : 0.29538, sta_sta_loss   : 0.12050, 
epoch  43 summary: dyn_dyn_loss   : 0.07358, dyn_sta_loss   : 2.85494, tot_dyn_loss   : 0.29609, sta_sta_loss   : 0.12050, 
epoch  44 summary: dyn_dyn_loss   : 0.07265, dyn_sta_loss   : 2.85476, tot_dyn_loss   : 0.29522, sta_sta_loss   : 0.12050, 
epoch  45 summary: dyn_dyn_loss   : 0.07362, dyn_sta_loss   : 2.85571, tot_dyn_loss   : 0.29619, sta_sta_loss   : 0.12050, 
epoch  46 summary: dyn_dyn_loss   : 0.07258, dyn_sta_loss   : 2.85492, tot_dyn_loss   : 0.29516, sta_sta_loss   : 0.12050, 
epoch  47 summary: dyn_dyn_loss   : 0.07391, dyn_sta_loss   : 2.85496, tot_dyn_loss   : 0.29640, sta_sta_loss   : 0.12050, 
epoch  48 summary: dyn_dyn_loss   : 0.07249, dyn_sta_loss   : 2.85467, tot_dyn_loss   : 0.29507, sta_sta_loss   : 0.12050, 
epoch  49 summary: dyn_dyn_loss   : 0.07404, dyn_sta_loss   : 2.85676, tot_dyn_loss   : 0.29666, sta_sta_loss   : 0.12050, 
epoch  50 summary: dyn_dyn_loss   : 0.07204, dyn_sta_loss   : 2.85789, tot_dyn_loss   : 0.29490, sta_sta_loss   : 0.12050, 
train loss: 0.1729, train acc: 0.9409
epoch  51 summary: dyn_dyn_loss   : 0.07382, dyn_sta_loss   : 2.85710, tot_dyn_loss   : 0.29648, sta_sta_loss   : 0.12050, 
epoch  52 summary: dyn_dyn_loss   : 0.07221, dyn_sta_loss   : 2.85382, tot_dyn_loss   : 0.29474, sta_sta_loss   : 0.12050, 
epoch  53 summary: dyn_dyn_loss   : 0.07406, dyn_sta_loss   : 2.85881, tot_dyn_loss   : 0.29684, sta_sta_loss   : 0.12050, 
epoch  54 summary: dyn_dyn_loss   : 0.07159, dyn_sta_loss   : 2.85991, tot_dyn_loss   : 0.29466, sta_sta_loss   : 0.12050, 
epoch  55 summary: dyn_dyn_loss   : 0.07438, dyn_sta_loss   : 2.85613, tot_dyn_loss   : 0.29692, sta_sta_loss   : 0.12050, 
epoch  56 summary: dyn_dyn_loss   : 0.07154, dyn_sta_loss   : 2.85839, tot_dyn_loss   : 0.29449, sta_sta_loss   : 0.12050, 
epoch  57 summary: dyn_dyn_loss   : 0.07428, dyn_sta_loss   : 2.85341, tot_dyn_loss   : 0.29661, sta_sta_loss   : 0.12050, 
epoch  58 summary: dyn_dyn_loss   : 0.07195, dyn_sta_loss   : 2.85632, tot_dyn_loss   : 0.29470, sta_sta_loss   : 0.12050, 
epoch  59 summary: dyn_dyn_loss   : 0.07419, dyn_sta_loss   : 2.85242, tot_dyn_loss   : 0.29645, sta_sta_loss   : 0.12050, 
epoch  60 summary: dyn_dyn_loss   : 0.07220, dyn_sta_loss   : 2.85574, tot_dyn_loss   : 0.29488, sta_sta_loss   : 0.12050, 
train loss: 0.1501, train acc: 0.9570
epoch  61 summary: dyn_dyn_loss   : 0.07411, dyn_sta_loss   : 2.85093, tot_dyn_loss   : 0.29625, sta_sta_loss   : 0.12050, 
epoch  62 summary: dyn_dyn_loss   : 0.07232, dyn_sta_loss   : 2.85680, tot_dyn_loss   : 0.29508, sta_sta_loss   : 0.12050, 
epoch  63 summary: dyn_dyn_loss   : 0.07378, dyn_sta_loss   : 2.85412, tot_dyn_loss   : 0.29621, sta_sta_loss   : 0.12050, 
epoch  64 summary: dyn_dyn_loss   : 0.07258, dyn_sta_loss   : 2.85654, tot_dyn_loss   : 0.29530, sta_sta_loss   : 0.12050, 
epoch  65 summary: dyn_dyn_loss   : 0.07357, dyn_sta_loss   : 2.85512, tot_dyn_loss   : 0.29609, sta_sta_loss   : 0.12050, 
epoch  66 summary: dyn_dyn_loss   : 0.07239, dyn_sta_loss   : 2.85801, tot_dyn_loss   : 0.29524, sta_sta_loss   : 0.12050, 
epoch  67 summary: dyn_dyn_loss   : 0.07333, dyn_sta_loss   : 2.85602, tot_dyn_loss   : 0.29595, sta_sta_loss   : 0.12050, 
epoch  68 summary: dyn_dyn_loss   : 0.07246, dyn_sta_loss   : 2.85797, tot_dyn_loss   : 0.29530, sta_sta_loss   : 0.12050, 
epoch  69 summary: dyn_dyn_loss   : 0.07340, dyn_sta_loss   : 2.85362, tot_dyn_loss   : 0.29582, sta_sta_loss   : 0.12050, 
epoch  70 summary: dyn_dyn_loss   : 0.07289, dyn_sta_loss   : 2.85573, tot_dyn_loss   : 0.29552, sta_sta_loss   : 0.12050, 
train loss: 0.1662, train acc: 0.9492
epoch  71 summary: dyn_dyn_loss   : 0.07311, dyn_sta_loss   : 2.85793, tot_dyn_loss   : 0.29589, sta_sta_loss   : 0.12050, 
epoch  72 summary: dyn_dyn_loss   : 0.07276, dyn_sta_loss   : 2.85438, tot_dyn_loss   : 0.29529, sta_sta_loss   : 0.12050, 
epoch  73 summary: dyn_dyn_loss   : 0.07386, dyn_sta_loss   : 2.85289, tot_dyn_loss   : 0.29618, sta_sta_loss   : 0.12050, 
epoch  74 summary: dyn_dyn_loss   : 0.07280, dyn_sta_loss   : 2.85164, tot_dyn_loss   : 0.29510, sta_sta_loss   : 0.12050, 
epoch  75 summary: dyn_dyn_loss   : 0.07406, dyn_sta_loss   : 2.85353, tot_dyn_loss   : 0.29642, sta_sta_loss   : 0.12050, 
epoch  76 summary: dyn_dyn_loss   : 0.07249, dyn_sta_loss   : 2.85356, tot_dyn_loss   : 0.29497, sta_sta_loss   : 0.12050, 
epoch  77 summary: dyn_dyn_loss   : 0.07407, dyn_sta_loss   : 2.85530, tot_dyn_loss   : 0.29656, sta_sta_loss   : 0.12050, 
epoch  78 summary: dyn_dyn_loss   : 0.07215, dyn_sta_loss   : 2.85540, tot_dyn_loss   : 0.29481, sta_sta_loss   : 0.12050, 
epoch  79 summary: dyn_dyn_loss   : 0.07398, dyn_sta_loss   : 2.85730, tot_dyn_loss   : 0.29664, sta_sta_loss   : 0.12050, 
epoch  80 summary: dyn_dyn_loss   : 0.07164, dyn_sta_loss   : 2.85809, tot_dyn_loss   : 0.29455, sta_sta_loss   : 0.12050, 
train loss: 0.1511, train acc: 0.9565
epoch  81 summary: dyn_dyn_loss   : 0.07399, dyn_sta_loss   : 2.85915, tot_dyn_loss   : 0.29681, sta_sta_loss   : 0.12050, 
epoch  82 summary: dyn_dyn_loss   : 0.07129, dyn_sta_loss   : 2.86137, tot_dyn_loss   : 0.29450, sta_sta_loss   : 0.12050, 
epoch  83 summary: dyn_dyn_loss   : 0.07432, dyn_sta_loss   : 2.85532, tot_dyn_loss   : 0.29680, sta_sta_loss   : 0.12050, 
epoch  84 summary: dyn_dyn_loss   : 0.07186, dyn_sta_loss   : 2.85674, tot_dyn_loss   : 0.29465, sta_sta_loss   : 0.12050, 
epoch  85 summary: dyn_dyn_loss   : 0.07458, dyn_sta_loss   : 2.85111, tot_dyn_loss   : 0.29670, sta_sta_loss   : 0.12050, 
epoch  86 summary: dyn_dyn_loss   : 0.07231, dyn_sta_loss   : 2.85419, tot_dyn_loss   : 0.29486, sta_sta_loss   : 0.12050, 
epoch  87 summary: dyn_dyn_loss   : 0.07438, dyn_sta_loss   : 2.85026, tot_dyn_loss   : 0.29645, sta_sta_loss   : 0.12050, 
epoch  88 summary: dyn_dyn_loss   : 0.07241, dyn_sta_loss   : 2.85529, tot_dyn_loss   : 0.29504, sta_sta_loss   : 0.12050, 
epoch  89 summary: dyn_dyn_loss   : 0.07411, dyn_sta_loss   : 2.85007, tot_dyn_loss   : 0.29619, sta_sta_loss   : 0.12050, 
epoch  90 summary: dyn_dyn_loss   : 0.07289, dyn_sta_loss   : 2.85243, tot_dyn_loss   : 0.29525, sta_sta_loss   : 0.12050, 
train loss: 0.1435, train acc: 0.9648
epoch  91 summary: dyn_dyn_loss   : 0.07397, dyn_sta_loss   : 2.85024, tot_dyn_loss   : 0.29607, sta_sta_loss   : 0.12050, 
epoch  92 summary: dyn_dyn_loss   : 0.07295, dyn_sta_loss   : 2.85484, tot_dyn_loss   : 0.29550, sta_sta_loss   : 0.12050, 
epoch  93 summary: dyn_dyn_loss   : 0.07351, dyn_sta_loss   : 2.85383, tot_dyn_loss   : 0.29594, sta_sta_loss   : 0.12050, 
epoch  94 summary: dyn_dyn_loss   : 0.07265, dyn_sta_loss   : 2.85791, tot_dyn_loss   : 0.29547, sta_sta_loss   : 0.12050, 
epoch  95 summary: dyn_dyn_loss   : 0.07322, dyn_sta_loss   : 2.85584, tot_dyn_loss   : 0.29583, sta_sta_loss   : 0.12050, 
epoch  96 summary: dyn_dyn_loss   : 0.07299, dyn_sta_loss   : 2.85683, tot_dyn_loss   : 0.29569, sta_sta_loss   : 0.12050, 
epoch  97 summary: dyn_dyn_loss   : 0.07325, dyn_sta_loss   : 2.85713, tot_dyn_loss   : 0.29596, sta_sta_loss   : 0.12050, 
epoch  98 summary: dyn_dyn_loss   : 0.07307, dyn_sta_loss   : 2.85357, tot_dyn_loss   : 0.29551, sta_sta_loss   : 0.12050, 
epoch  99 summary: dyn_dyn_loss   : 0.07385, dyn_sta_loss   : 2.85131, tot_dyn_loss   : 0.29605, sta_sta_loss   : 0.12050, 
train loss: 0.1891, train acc: 0.9214
all                         173713.818ms
all_epoch                   173338.927ms
all_preparation                374.861ms
all_preparation_2              373.600ms
all_preparation_3                1.238ms
epoch                         1567.555ms
epoch_pos_train                  1.161ms
epoch_preparation                3.323ms
epoch_train                   1560.486ms
epoch_valid                      2.127ms
----------------------------------------
all                         173713.818ms
  all_epoch             99.78%
  all_preparation        0.22%
all_preparation                374.861ms
  all_preparation_2     99.66%
  all_preparation_3      0.33%
epoch                       156755.453ms
  epoch_train           99.55%
  epoch_preparation      0.21%
  epoch_valid            0.14%
  epoch_pos_train        0.07%
epoch   0 summary: dyn_dyn_cos_loss: 0.00000, dyn_sta_cos_loss: 0.00000, total_cos_loss : 0.06255, 
valid loss: 3.7188, valid acc: 0.2832
epoch   1 summary: dyn_dyn_cos_loss: 0.00000, dyn_sta_cos_loss: 0.00000, total_cos_loss : 0.04258, 
epoch   2 summary: dyn_dyn_cos_loss: 0.00000, dyn_sta_cos_loss: 0.00000, total_cos_loss : 0.03789, 
epoch   3 summary: dyn_dyn_cos_loss: 0.00000, dyn_sta_cos_loss: 0.00000, total_cos_loss : 0.03666, 
epoch   4 summary: dyn_dyn_cos_loss: 0.00000, dyn_sta_cos_loss: 0.00000, total_cos_loss : 0.03633, 
epoch   5 summary: dyn_dyn_cos_loss: 0.00000, dyn_sta_cos_loss: 0.00000, total_cos_loss : 0.03614, 
epoch   6 summary: dyn_dyn_cos_loss: 0.00000, dyn_sta_cos_loss: 0.00000, total_cos_loss : 0.03605, 
epoch   7 summary: dyn_dyn_cos_loss: 0.00000, dyn_sta_cos_loss: 0.00000, total_cos_loss : 0.03600, 
epoch   8 summary: dyn_dyn_cos_loss: 0.00000, dyn_sta_cos_loss: 0.00000, total_cos_loss : 0.03598, 
epoch   9 summary: dyn_dyn_cos_loss: 0.00000, dyn_sta_cos_loss: 0.00000, total_cos_loss : 0.03595, 
epoch  10 summary: dyn_dyn_cos_loss: 0.00000, dyn_sta_cos_loss: 0.00000, total_cos_loss : 0.03593, 
valid loss: 3.2809, valid acc: 0.3203
epoch  11 summary: dyn_dyn_cos_loss: 0.00000, dyn_sta_cos_loss: 0.00000, total_cos_loss : 0.03591, 
epoch  12 summary: dyn_dyn_cos_loss: 0.00000, dyn_sta_cos_loss: 0.00000, total_cos_loss : 0.03589, 
epoch  13 summary: dyn_dyn_cos_loss: 0.00000, dyn_sta_cos_loss: 0.00000, total_cos_loss : 0.03588, 
epoch  14 summary: dyn_dyn_cos_loss: 0.00000, dyn_sta_cos_loss: 0.00000, total_cos_loss : 0.03586, 
epoch  15 summary: dyn_dyn_cos_loss: 0.00000, dyn_sta_cos_loss: 0.00000, total_cos_loss : 0.03583, 
epoch  16 summary: dyn_dyn_cos_loss: 0.00000, dyn_sta_cos_loss: 0.00000, total_cos_loss : 0.03582, 
epoch  17 summary: dyn_dyn_cos_loss: 0.00000, dyn_sta_cos_loss: 0.00000, total_cos_loss : 0.03582, 
epoch  18 summary: dyn_dyn_cos_loss: 0.00000, dyn_sta_cos_loss: 0.00000, total_cos_loss : 0.03583, 
epoch  19 summary: dyn_dyn_cos_loss: 0.00000, dyn_sta_cos_loss: 0.00000, total_cos_loss : 0.03582, 
epoch  20 summary: dyn_dyn_cos_loss: 0.00000, dyn_sta_cos_loss: 0.00000, total_cos_loss : 0.03581, 
valid loss: 3.2728, valid acc: 0.3105
epoch  21 summary: dyn_dyn_cos_loss: 0.00000, dyn_sta_cos_loss: 0.00000, total_cos_loss : 0.03579, 
epoch  22 summary: dyn_dyn_cos_loss: 0.00000, dyn_sta_cos_loss: 0.00000, total_cos_loss : 0.03580, 
epoch  23 summary: dyn_dyn_cos_loss: 0.00000, dyn_sta_cos_loss: 0.00000, total_cos_loss : 0.03579, 
epoch  24 summary: dyn_dyn_cos_loss: 0.00000, dyn_sta_cos_loss: 0.00000, total_cos_loss : 0.03579, 
epoch  25 summary: dyn_dyn_cos_loss: 0.00000, dyn_sta_cos_loss: 0.00000, total_cos_loss : 0.03578, 
epoch  26 summary: dyn_dyn_cos_loss: 0.00000, dyn_sta_cos_loss: 0.00000, total_cos_loss : 0.03578, 
epoch  27 summary: dyn_dyn_cos_loss: 0.00000, dyn_sta_cos_loss: 0.00000, total_cos_loss : 0.03577, 
epoch  28 summary: dyn_dyn_cos_loss: 0.00000, dyn_sta_cos_loss: 0.00000, total_cos_loss : 0.03576, 
epoch  29 summary: dyn_dyn_cos_loss: 0.00000, dyn_sta_cos_loss: 0.00000, total_cos_loss : 0.03575, 
epoch  30 summary: dyn_dyn_cos_loss: 0.00000, dyn_sta_cos_loss: 0.00000, total_cos_loss : 0.03574, 
valid loss: 3.2886, valid acc: 0.3027
epoch  31 summary: dyn_dyn_cos_loss: 0.00000, dyn_sta_cos_loss: 0.00000, total_cos_loss : 0.03573, 
epoch  32 summary: dyn_dyn_cos_loss: 0.00000, dyn_sta_cos_loss: 0.00000, total_cos_loss : 0.03574, 
epoch  33 summary: dyn_dyn_cos_loss: 0.00000, dyn_sta_cos_loss: 0.00000, total_cos_loss : 0.03573, 
epoch  34 summary: dyn_dyn_cos_loss: 0.00000, dyn_sta_cos_loss: 0.00000, total_cos_loss : 0.03572, 
epoch  35 summary: dyn_dyn_cos_loss: 0.00000, dyn_sta_cos_loss: 0.00000, total_cos_loss : 0.03572, 
epoch  36 summary: dyn_dyn_cos_loss: 0.00000, dyn_sta_cos_loss: 0.00000, total_cos_loss : 0.03572, 
epoch  37 summary: dyn_dyn_cos_loss: 0.00000, dyn_sta_cos_loss: 0.00000, total_cos_loss : 0.03571, 
epoch  38 summary: dyn_dyn_cos_loss: 0.00000, dyn_sta_cos_loss: 0.00000, total_cos_loss : 0.03571, 
epoch  39 summary: dyn_dyn_cos_loss: 0.00000, dyn_sta_cos_loss: 0.00000, total_cos_loss : 0.03571, 
epoch  40 summary: dyn_dyn_cos_loss: 0.00000, dyn_sta_cos_loss: 0.00000, total_cos_loss : 0.03571, 
valid loss: 3.2643, valid acc: 0.3027
epoch  41 summary: dyn_dyn_cos_loss: 0.00000, dyn_sta_cos_loss: 0.00000, total_cos_loss : 0.03571, 
epoch  42 summary: dyn_dyn_cos_loss: 0.00000, dyn_sta_cos_loss: 0.00000, total_cos_loss : 0.03570, 
epoch  43 summary: dyn_dyn_cos_loss: 0.00000, dyn_sta_cos_loss: 0.00000, total_cos_loss : 0.03570, 
epoch  44 summary: dyn_dyn_cos_loss: 0.00000, dyn_sta_cos_loss: 0.00000, total_cos_loss : 0.03569, 
epoch  45 summary: dyn_dyn_cos_loss: 0.00000, dyn_sta_cos_loss: 0.00000, total_cos_loss : 0.03569, 
epoch  46 summary: dyn_dyn_cos_loss: 0.00000, dyn_sta_cos_loss: 0.00000, total_cos_loss : 0.03569, 
epoch  47 summary: dyn_dyn_cos_loss: 0.00000, dyn_sta_cos_loss: 0.00000, total_cos_loss : 0.03569, 
epoch  48 summary: dyn_dyn_cos_loss: 0.00000, dyn_sta_cos_loss: 0.00000, total_cos_loss : 0.03569, 
epoch  49 summary: dyn_dyn_cos_loss: 0.00000, dyn_sta_cos_loss: 0.00000, total_cos_loss : 0.03569, 
epoch  50 summary: dyn_dyn_cos_loss: 0.00000, dyn_sta_cos_loss: 0.00000, total_cos_loss : 0.03569, 
valid loss: 3.2492, valid acc: 0.3047
epoch  51 summary: dyn_dyn_cos_loss: 0.00000, dyn_sta_cos_loss: 0.00000, total_cos_loss : 0.03569, 
epoch  52 summary: dyn_dyn_cos_loss: 0.00000, dyn_sta_cos_loss: 0.00000, total_cos_loss : 0.03568, 
epoch  53 summary: dyn_dyn_cos_loss: 0.00000, dyn_sta_cos_loss: 0.00000, total_cos_loss : 0.03568, 
epoch  54 summary: dyn_dyn_cos_loss: 0.00000, dyn_sta_cos_loss: 0.00000, total_cos_loss : 0.03568, 
epoch  55 summary: dyn_dyn_cos_loss: 0.00000, dyn_sta_cos_loss: 0.00000, total_cos_loss : 0.03568, 
epoch  56 summary: dyn_dyn_cos_loss: 0.00000, dyn_sta_cos_loss: 0.00000, total_cos_loss : 0.03568, 
epoch  57 summary: dyn_dyn_cos_loss: 0.00000, dyn_sta_cos_loss: 0.00000, total_cos_loss : 0.03567, 
epoch  58 summary: dyn_dyn_cos_loss: 0.00000, dyn_sta_cos_loss: 0.00000, total_cos_loss : 0.03567, 
epoch  59 summary: dyn_dyn_cos_loss: 0.00000, dyn_sta_cos_loss: 0.00000, total_cos_loss : 0.03567, 
epoch  60 summary: dyn_dyn_cos_loss: 0.00000, dyn_sta_cos_loss: 0.00000, total_cos_loss : 0.03567, 
valid loss: 3.2444, valid acc: 0.3027
epoch  61 summary: dyn_dyn_cos_loss: 0.00000, dyn_sta_cos_loss: 0.00000, total_cos_loss : 0.03567, 
epoch  62 summary: dyn_dyn_cos_loss: 0.00000, dyn_sta_cos_loss: 0.00000, total_cos_loss : 0.03566, 
epoch  63 summary: dyn_dyn_cos_loss: 0.00000, dyn_sta_cos_loss: 0.00000, total_cos_loss : 0.03567, 
epoch  64 summary: dyn_dyn_cos_loss: 0.00000, dyn_sta_cos_loss: 0.00000, total_cos_loss : 0.03567, 
epoch  65 summary: dyn_dyn_cos_loss: 0.00000, dyn_sta_cos_loss: 0.00000, total_cos_loss : 0.03566, 
epoch  66 summary: dyn_dyn_cos_loss: 0.00000, dyn_sta_cos_loss: 0.00000, total_cos_loss : 0.03567, 
epoch  67 summary: dyn_dyn_cos_loss: 0.00000, dyn_sta_cos_loss: 0.00000, total_cos_loss : 0.03567, 
epoch  68 summary: dyn_dyn_cos_loss: 0.00000, dyn_sta_cos_loss: 0.00000, total_cos_loss : 0.03566, 
epoch  69 summary: dyn_dyn_cos_loss: 0.00000, dyn_sta_cos_loss: 0.00000, total_cos_loss : 0.03566, 
epoch  70 summary: dyn_dyn_cos_loss: 0.00000, dyn_sta_cos_loss: 0.00000, total_cos_loss : 0.03566, 
valid loss: 3.2422, valid acc: 0.3008
epoch  71 summary: dyn_dyn_cos_loss: 0.00000, dyn_sta_cos_loss: 0.00000, total_cos_loss : 0.03565, 
epoch  72 summary: dyn_dyn_cos_loss: 0.00000, dyn_sta_cos_loss: 0.00000, total_cos_loss : 0.03566, 
epoch  73 summary: dyn_dyn_cos_loss: 0.00000, dyn_sta_cos_loss: 0.00000, total_cos_loss : 0.03566, 
epoch  74 summary: dyn_dyn_cos_loss: 0.00000, dyn_sta_cos_loss: 0.00000, total_cos_loss : 0.03565, 
epoch  75 summary: dyn_dyn_cos_loss: 0.00000, dyn_sta_cos_loss: 0.00000, total_cos_loss : 0.03565, 
epoch  76 summary: dyn_dyn_cos_loss: 0.00000, dyn_sta_cos_loss: 0.00000, total_cos_loss : 0.03565, 
epoch  77 summary: dyn_dyn_cos_loss: 0.00000, dyn_sta_cos_loss: 0.00000, total_cos_loss : 0.03565, 
epoch  78 summary: dyn_dyn_cos_loss: 0.00000, dyn_sta_cos_loss: 0.00000, total_cos_loss : 0.03565, 
epoch  79 summary: dyn_dyn_cos_loss: 0.00000, dyn_sta_cos_loss: 0.00000, total_cos_loss : 0.03565, 
epoch  80 summary: dyn_dyn_cos_loss: 0.00000, dyn_sta_cos_loss: 0.00000, total_cos_loss : 0.03565, 
valid loss: 3.2330, valid acc: 0.2988
epoch  81 summary: dyn_dyn_cos_loss: 0.00000, dyn_sta_cos_loss: 0.00000, total_cos_loss : 0.03565, 
epoch  82 summary: dyn_dyn_cos_loss: 0.00000, dyn_sta_cos_loss: 0.00000, total_cos_loss : 0.03564, 
epoch  83 summary: dyn_dyn_cos_loss: 0.00000, dyn_sta_cos_loss: 0.00000, total_cos_loss : 0.03564, 
epoch  84 summary: dyn_dyn_cos_loss: 0.00000, dyn_sta_cos_loss: 0.00000, total_cos_loss : 0.03564, 
epoch  85 summary: dyn_dyn_cos_loss: 0.00000, dyn_sta_cos_loss: 0.00000, total_cos_loss : 0.03564, 
epoch  86 summary: dyn_dyn_cos_loss: 0.00000, dyn_sta_cos_loss: 0.00000, total_cos_loss : 0.03564, 
epoch  87 summary: dyn_dyn_cos_loss: 0.00000, dyn_sta_cos_loss: 0.00000, total_cos_loss : 0.03564, 
epoch  88 summary: dyn_dyn_cos_loss: 0.00000, dyn_sta_cos_loss: 0.00000, total_cos_loss : 0.03564, 
epoch  89 summary: dyn_dyn_cos_loss: 0.00000, dyn_sta_cos_loss: 0.00000, total_cos_loss : 0.03564, 
epoch  90 summary: dyn_dyn_cos_loss: 0.00000, dyn_sta_cos_loss: 0.00000, total_cos_loss : 0.03564, 
valid loss: 3.2393, valid acc: 0.3008
epoch  91 summary: dyn_dyn_cos_loss: 0.00000, dyn_sta_cos_loss: 0.00000, total_cos_loss : 0.03564, 
epoch  92 summary: dyn_dyn_cos_loss: 0.00000, dyn_sta_cos_loss: 0.00000, total_cos_loss : 0.03564, 
epoch  93 summary: dyn_dyn_cos_loss: 0.00000, dyn_sta_cos_loss: 0.00000, total_cos_loss : 0.03564, 
epoch  94 summary: dyn_dyn_cos_loss: 0.00000, dyn_sta_cos_loss: 0.00000, total_cos_loss : 0.03565, 
epoch  95 summary: dyn_dyn_cos_loss: 0.00000, dyn_sta_cos_loss: 0.00000, total_cos_loss : 0.03565, 
epoch  96 summary: dyn_dyn_cos_loss: 0.00000, dyn_sta_cos_loss: 0.00000, total_cos_loss : 0.03564, 
epoch  97 summary: dyn_dyn_cos_loss: 0.00000, dyn_sta_cos_loss: 0.00000, total_cos_loss : 0.03564, 
epoch  98 summary: dyn_dyn_cos_loss: 0.00000, dyn_sta_cos_loss: 0.00000, total_cos_loss : 0.03565, 
epoch  99 summary: dyn_dyn_cos_loss: 0.00000, dyn_sta_cos_loss: 0.00000, total_cos_loss : 0.03564, 
valid loss: 3.2615, valid acc: 0.2949
all                          48633.341ms
all_epoch                    48602.207ms
all_preparation                 31.108ms
all_preparation_2               29.945ms
all_preparation_3                1.146ms
epoch                          388.972ms
epoch_pos_train                  1.696ms
epoch_preparation                0.293ms
epoch_train                    386.120ms
epoch_valid                      0.471ms
----------------------------------------
all                          48633.341ms
  all_epoch             99.94%
  all_preparation        0.06%
all_preparation                 31.108ms
  all_preparation_2     96.26%
  all_preparation_3      3.68%
epoch                        38897.231ms
  epoch_train           99.27%
  epoch_pos_train        0.44%
  epoch_valid            0.12%
  epoch_preparation      0.08%
