Before CTE Training: train eu loss: 1.057024359703064, eval eu loss: 1.492782711982727
Before CTE Training: train eu acc: 0.66552734375, eval eu acc: 0.560546875
epoch   0 summary: dyn_dyn_loss   : 0.08012, dyn_sta_loss   : 4.15252, tot_dyn_loss   : 0.32446, sta_sta_loss   : 0.12050, 
train loss: 2.4552, train acc: 0.4934
epoch   1 summary: dyn_dyn_loss   : 0.07863, dyn_sta_loss   : 3.92722, tot_dyn_loss   : 0.30955, sta_sta_loss   : 0.12050, 
epoch   2 summary: dyn_dyn_loss   : 0.07600, dyn_sta_loss   : 3.72093, tot_dyn_loss   : 0.29469, sta_sta_loss   : 0.12050, 
epoch   3 summary: dyn_dyn_loss   : 0.07364, dyn_sta_loss   : 3.54018, tot_dyn_loss   : 0.28164, sta_sta_loss   : 0.12050, 
epoch   4 summary: dyn_dyn_loss   : 0.07221, dyn_sta_loss   : 3.38194, tot_dyn_loss   : 0.27080, sta_sta_loss   : 0.12050, 
epoch   5 summary: dyn_dyn_loss   : 0.07192, dyn_sta_loss   : 3.24428, tot_dyn_loss   : 0.26226, sta_sta_loss   : 0.12050, 
epoch   6 summary: dyn_dyn_loss   : 0.07256, dyn_sta_loss   : 3.13380, tot_dyn_loss   : 0.25624, sta_sta_loss   : 0.12050, 
epoch   7 summary: dyn_dyn_loss   : 0.07320, dyn_sta_loss   : 3.04750, tot_dyn_loss   : 0.25166, sta_sta_loss   : 0.12050, 
epoch   8 summary: dyn_dyn_loss   : 0.07270, dyn_sta_loss   : 2.98674, tot_dyn_loss   : 0.24754, sta_sta_loss   : 0.12050, 
epoch   9 summary: dyn_dyn_loss   : 0.07156, dyn_sta_loss   : 2.94973, tot_dyn_loss   : 0.24425, sta_sta_loss   : 0.12050, 
epoch  10 summary: dyn_dyn_loss   : 0.06955, dyn_sta_loss   : 2.93749, tot_dyn_loss   : 0.24163, sta_sta_loss   : 0.12050, 
train loss: 0.0068, train acc: 0.9998
epoch  11 summary: dyn_dyn_loss   : 0.06732, dyn_sta_loss   : 2.92226, tot_dyn_loss   : 0.23862, sta_sta_loss   : 0.12050, 
epoch  12 summary: dyn_dyn_loss   : 0.06515, dyn_sta_loss   : 2.91414, tot_dyn_loss   : 0.23609, sta_sta_loss   : 0.12050, 
epoch  13 summary: dyn_dyn_loss   : 0.06299, dyn_sta_loss   : 2.90545, tot_dyn_loss   : 0.23354, sta_sta_loss   : 0.12050, 
epoch  14 summary: dyn_dyn_loss   : 0.06110, dyn_sta_loss   : 2.91275, tot_dyn_loss   : 0.23220, sta_sta_loss   : 0.12050, 
epoch  15 summary: dyn_dyn_loss   : 0.05898, dyn_sta_loss   : 2.91189, tot_dyn_loss   : 0.23015, sta_sta_loss   : 0.12050, 
epoch  16 summary: dyn_dyn_loss   : 0.05741, dyn_sta_loss   : 2.91914, tot_dyn_loss   : 0.22912, sta_sta_loss   : 0.12050, 
epoch  17 summary: dyn_dyn_loss   : 0.05609, dyn_sta_loss   : 2.91111, tot_dyn_loss   : 0.22739, sta_sta_loss   : 0.12050, 
epoch  18 summary: dyn_dyn_loss   : 0.05509, dyn_sta_loss   : 2.90795, tot_dyn_loss   : 0.22627, sta_sta_loss   : 0.12050, 
epoch  19 summary: dyn_dyn_loss   : 0.05410, dyn_sta_loss   : 2.91078, tot_dyn_loss   : 0.22550, sta_sta_loss   : 0.12050, 
epoch  20 summary: dyn_dyn_loss   : 0.05320, dyn_sta_loss   : 2.91512, tot_dyn_loss   : 0.22491, sta_sta_loss   : 0.12050, 
train loss: 0.0194, train acc: 0.9985
epoch  21 summary: dyn_dyn_loss   : 0.05219, dyn_sta_loss   : 2.91571, tot_dyn_loss   : 0.22400, sta_sta_loss   : 0.12050, 
epoch  22 summary: dyn_dyn_loss   : 0.05143, dyn_sta_loss   : 2.92617, tot_dyn_loss   : 0.22391, sta_sta_loss   : 0.12050, 
epoch  23 summary: dyn_dyn_loss   : 0.05070, dyn_sta_loss   : 2.92063, tot_dyn_loss   : 0.22289, sta_sta_loss   : 0.12050, 
epoch  24 summary: dyn_dyn_loss   : 0.05027, dyn_sta_loss   : 2.91053, tot_dyn_loss   : 0.22189, sta_sta_loss   : 0.12050, 
epoch  25 summary: dyn_dyn_loss   : 0.04998, dyn_sta_loss   : 2.90849, tot_dyn_loss   : 0.22149, sta_sta_loss   : 0.12050, 
epoch  26 summary: dyn_dyn_loss   : 0.04968, dyn_sta_loss   : 2.90438, tot_dyn_loss   : 0.22096, sta_sta_loss   : 0.12050, 
epoch  27 summary: dyn_dyn_loss   : 0.04931, dyn_sta_loss   : 2.90270, tot_dyn_loss   : 0.22051, sta_sta_loss   : 0.12050, 
epoch  28 summary: dyn_dyn_loss   : 0.04899, dyn_sta_loss   : 2.90244, tot_dyn_loss   : 0.22020, sta_sta_loss   : 0.12050, 
epoch  29 summary: dyn_dyn_loss   : 0.04869, dyn_sta_loss   : 2.89714, tot_dyn_loss   : 0.21959, sta_sta_loss   : 0.12050, 
epoch  30 summary: dyn_dyn_loss   : 0.04854, dyn_sta_loss   : 2.89601, tot_dyn_loss   : 0.21939, sta_sta_loss   : 0.12050, 
train loss: 0.0113, train acc: 0.9988
epoch  31 summary: dyn_dyn_loss   : 0.04827, dyn_sta_loss   : 2.91504, tot_dyn_loss   : 0.22028, sta_sta_loss   : 0.12050, 
epoch  32 summary: dyn_dyn_loss   : 0.04784, dyn_sta_loss   : 2.90806, tot_dyn_loss   : 0.21945, sta_sta_loss   : 0.12050, 
epoch  33 summary: dyn_dyn_loss   : 0.04775, dyn_sta_loss   : 2.90365, tot_dyn_loss   : 0.21911, sta_sta_loss   : 0.12050, 
epoch  34 summary: dyn_dyn_loss   : 0.04748, dyn_sta_loss   : 2.90068, tot_dyn_loss   : 0.21867, sta_sta_loss   : 0.12050, 
epoch  35 summary: dyn_dyn_loss   : 0.04739, dyn_sta_loss   : 2.90457, tot_dyn_loss   : 0.21882, sta_sta_loss   : 0.12050, 
epoch  36 summary: dyn_dyn_loss   : 0.04717, dyn_sta_loss   : 2.91063, tot_dyn_loss   : 0.21897, sta_sta_loss   : 0.12050, 
epoch  37 summary: dyn_dyn_loss   : 0.04708, dyn_sta_loss   : 2.90383, tot_dyn_loss   : 0.21849, sta_sta_loss   : 0.12050, 
epoch  38 summary: dyn_dyn_loss   : 0.04701, dyn_sta_loss   : 2.90174, tot_dyn_loss   : 0.21829, sta_sta_loss   : 0.12050, 
epoch  39 summary: dyn_dyn_loss   : 0.04703, dyn_sta_loss   : 2.90298, tot_dyn_loss   : 0.21839, sta_sta_loss   : 0.12050, 
epoch  40 summary: dyn_dyn_loss   : 0.04696, dyn_sta_loss   : 2.90165, tot_dyn_loss   : 0.21824, sta_sta_loss   : 0.12050, 
train loss: 0.0075, train acc: 0.9993
epoch  41 summary: dyn_dyn_loss   : 0.04673, dyn_sta_loss   : 2.89870, tot_dyn_loss   : 0.21785, sta_sta_loss   : 0.12050, 
epoch  42 summary: dyn_dyn_loss   : 0.04660, dyn_sta_loss   : 2.90312, tot_dyn_loss   : 0.21799, sta_sta_loss   : 0.12050, 
epoch  43 summary: dyn_dyn_loss   : 0.04646, dyn_sta_loss   : 2.90597, tot_dyn_loss   : 0.21803, sta_sta_loss   : 0.12050, 
epoch  44 summary: dyn_dyn_loss   : 0.04627, dyn_sta_loss   : 2.90951, tot_dyn_loss   : 0.21806, sta_sta_loss   : 0.12050, 
epoch  45 summary: dyn_dyn_loss   : 0.04607, dyn_sta_loss   : 2.90480, tot_dyn_loss   : 0.21759, sta_sta_loss   : 0.12050, 
epoch  46 summary: dyn_dyn_loss   : 0.04601, dyn_sta_loss   : 2.91668, tot_dyn_loss   : 0.21825, sta_sta_loss   : 0.12050, 
epoch  47 summary: dyn_dyn_loss   : 0.04570, dyn_sta_loss   : 2.90698, tot_dyn_loss   : 0.21737, sta_sta_loss   : 0.12050, 
epoch  48 summary: dyn_dyn_loss   : 0.04573, dyn_sta_loss   : 2.90992, tot_dyn_loss   : 0.21758, sta_sta_loss   : 0.12050, 
epoch  49 summary: dyn_dyn_loss   : 0.04573, dyn_sta_loss   : 2.91302, tot_dyn_loss   : 0.21777, sta_sta_loss   : 0.12050, 
epoch  50 summary: dyn_dyn_loss   : 0.04567, dyn_sta_loss   : 2.90689, tot_dyn_loss   : 0.21734, sta_sta_loss   : 0.12050, 
train loss: 0.0073, train acc: 0.9988
epoch  51 summary: dyn_dyn_loss   : 0.04572, dyn_sta_loss   : 2.89958, tot_dyn_loss   : 0.21695, sta_sta_loss   : 0.12050, 
epoch  52 summary: dyn_dyn_loss   : 0.04579, dyn_sta_loss   : 2.90579, tot_dyn_loss   : 0.21739, sta_sta_loss   : 0.12050, 
epoch  53 summary: dyn_dyn_loss   : 0.04573, dyn_sta_loss   : 2.90080, tot_dyn_loss   : 0.21703, sta_sta_loss   : 0.12050, 
epoch  54 summary: dyn_dyn_loss   : 0.04561, dyn_sta_loss   : 2.90806, tot_dyn_loss   : 0.21735, sta_sta_loss   : 0.12050, 
epoch  55 summary: dyn_dyn_loss   : 0.04545, dyn_sta_loss   : 2.90627, tot_dyn_loss   : 0.21710, sta_sta_loss   : 0.12050, 
epoch  56 summary: dyn_dyn_loss   : 0.04535, dyn_sta_loss   : 2.89921, tot_dyn_loss   : 0.21658, sta_sta_loss   : 0.12050, 
epoch  57 summary: dyn_dyn_loss   : 0.04534, dyn_sta_loss   : 2.90198, tot_dyn_loss   : 0.21674, sta_sta_loss   : 0.12050, 
epoch  58 summary: dyn_dyn_loss   : 0.04523, dyn_sta_loss   : 2.90067, tot_dyn_loss   : 0.21656, sta_sta_loss   : 0.12050, 
epoch  59 summary: dyn_dyn_loss   : 0.04510, dyn_sta_loss   : 2.90125, tot_dyn_loss   : 0.21647, sta_sta_loss   : 0.12050, 
epoch  60 summary: dyn_dyn_loss   : 0.04507, dyn_sta_loss   : 2.90719, tot_dyn_loss   : 0.21680, sta_sta_loss   : 0.12050, 
train loss: 0.0057, train acc: 0.9995
epoch  61 summary: dyn_dyn_loss   : 0.04492, dyn_sta_loss   : 2.90328, tot_dyn_loss   : 0.21642, sta_sta_loss   : 0.12050, 
epoch  62 summary: dyn_dyn_loss   : 0.04490, dyn_sta_loss   : 2.91405, tot_dyn_loss   : 0.21705, sta_sta_loss   : 0.12050, 
epoch  63 summary: dyn_dyn_loss   : 0.04479, dyn_sta_loss   : 2.90325, tot_dyn_loss   : 0.21630, sta_sta_loss   : 0.12050, 
epoch  64 summary: dyn_dyn_loss   : 0.04483, dyn_sta_loss   : 2.90408, tot_dyn_loss   : 0.21638, sta_sta_loss   : 0.12050, 
epoch  65 summary: dyn_dyn_loss   : 0.04471, dyn_sta_loss   : 2.90107, tot_dyn_loss   : 0.21609, sta_sta_loss   : 0.12050, 
epoch  66 summary: dyn_dyn_loss   : 0.04467, dyn_sta_loss   : 2.89923, tot_dyn_loss   : 0.21594, sta_sta_loss   : 0.12050, 
epoch  67 summary: dyn_dyn_loss   : 0.04462, dyn_sta_loss   : 2.90263, tot_dyn_loss   : 0.21610, sta_sta_loss   : 0.12050, 
epoch  68 summary: dyn_dyn_loss   : 0.04452, dyn_sta_loss   : 2.90205, tot_dyn_loss   : 0.21597, sta_sta_loss   : 0.12050, 
epoch  69 summary: dyn_dyn_loss   : 0.04455, dyn_sta_loss   : 2.91016, tot_dyn_loss   : 0.21649, sta_sta_loss   : 0.12050, 
epoch  70 summary: dyn_dyn_loss   : 0.04443, dyn_sta_loss   : 2.90415, tot_dyn_loss   : 0.21601, sta_sta_loss   : 0.12050, 
train loss: 0.0063, train acc: 0.9995
epoch  71 summary: dyn_dyn_loss   : 0.04437, dyn_sta_loss   : 2.90810, tot_dyn_loss   : 0.21619, sta_sta_loss   : 0.12050, 
epoch  72 summary: dyn_dyn_loss   : 0.04448, dyn_sta_loss   : 2.90588, tot_dyn_loss   : 0.21616, sta_sta_loss   : 0.12050, 
epoch  73 summary: dyn_dyn_loss   : 0.04440, dyn_sta_loss   : 2.90865, tot_dyn_loss   : 0.21625, sta_sta_loss   : 0.12050, 
epoch  74 summary: dyn_dyn_loss   : 0.04423, dyn_sta_loss   : 2.91553, tot_dyn_loss   : 0.21651, sta_sta_loss   : 0.12050, 
epoch  75 summary: dyn_dyn_loss   : 0.04408, dyn_sta_loss   : 2.91637, tot_dyn_loss   : 0.21642, sta_sta_loss   : 0.12050, 
epoch  76 summary: dyn_dyn_loss   : 0.04400, dyn_sta_loss   : 2.91220, tot_dyn_loss   : 0.21609, sta_sta_loss   : 0.12050, 
epoch  77 summary: dyn_dyn_loss   : 0.04402, dyn_sta_loss   : 2.90571, tot_dyn_loss   : 0.21572, sta_sta_loss   : 0.12050, 
epoch  78 summary: dyn_dyn_loss   : 0.04415, dyn_sta_loss   : 2.91235, tot_dyn_loss   : 0.21624, sta_sta_loss   : 0.12050, 
epoch  79 summary: dyn_dyn_loss   : 0.04404, dyn_sta_loss   : 2.90783, tot_dyn_loss   : 0.21587, sta_sta_loss   : 0.12050, 
epoch  80 summary: dyn_dyn_loss   : 0.04408, dyn_sta_loss   : 2.90297, tot_dyn_loss   : 0.21561, sta_sta_loss   : 0.12050, 
train loss: 0.0053, train acc: 0.9998
epoch  81 summary: dyn_dyn_loss   : 0.04413, dyn_sta_loss   : 2.90014, tot_dyn_loss   : 0.21549, sta_sta_loss   : 0.12050, 
epoch  82 summary: dyn_dyn_loss   : 0.04411, dyn_sta_loss   : 2.90618, tot_dyn_loss   : 0.21584, sta_sta_loss   : 0.12050, 
epoch  83 summary: dyn_dyn_loss   : 0.04408, dyn_sta_loss   : 2.91860, tot_dyn_loss   : 0.21655, sta_sta_loss   : 0.12050, 
epoch  84 summary: dyn_dyn_loss   : 0.04400, dyn_sta_loss   : 2.90805, tot_dyn_loss   : 0.21584, sta_sta_loss   : 0.12050, 
epoch  85 summary: dyn_dyn_loss   : 0.04398, dyn_sta_loss   : 2.90511, tot_dyn_loss   : 0.21565, sta_sta_loss   : 0.12050, 
epoch  86 summary: dyn_dyn_loss   : 0.04398, dyn_sta_loss   : 2.90601, tot_dyn_loss   : 0.21570, sta_sta_loss   : 0.12050, 
epoch  87 summary: dyn_dyn_loss   : 0.04387, dyn_sta_loss   : 2.91365, tot_dyn_loss   : 0.21606, sta_sta_loss   : 0.12050, 
epoch  88 summary: dyn_dyn_loss   : 0.04376, dyn_sta_loss   : 2.90963, tot_dyn_loss   : 0.21571, sta_sta_loss   : 0.12050, 
epoch  89 summary: dyn_dyn_loss   : 0.04377, dyn_sta_loss   : 2.91283, tot_dyn_loss   : 0.21591, sta_sta_loss   : 0.12050, 
epoch  90 summary: dyn_dyn_loss   : 0.04365, dyn_sta_loss   : 2.90479, tot_dyn_loss   : 0.21532, sta_sta_loss   : 0.12050, 
train loss: 0.0054, train acc: 1.0000
epoch  91 summary: dyn_dyn_loss   : 0.04372, dyn_sta_loss   : 2.91030, tot_dyn_loss   : 0.21572, sta_sta_loss   : 0.12050, 
epoch  92 summary: dyn_dyn_loss   : 0.04375, dyn_sta_loss   : 2.90843, tot_dyn_loss   : 0.21563, sta_sta_loss   : 0.12050, 
epoch  93 summary: dyn_dyn_loss   : 0.04373, dyn_sta_loss   : 2.90065, tot_dyn_loss   : 0.21514, sta_sta_loss   : 0.12050, 
epoch  94 summary: dyn_dyn_loss   : 0.04384, dyn_sta_loss   : 2.91362, tot_dyn_loss   : 0.21603, sta_sta_loss   : 0.12050, 
epoch  95 summary: dyn_dyn_loss   : 0.04378, dyn_sta_loss   : 2.91912, tot_dyn_loss   : 0.21630, sta_sta_loss   : 0.12050, 
epoch  96 summary: dyn_dyn_loss   : 0.04372, dyn_sta_loss   : 2.90963, tot_dyn_loss   : 0.21567, sta_sta_loss   : 0.12050, 
epoch  97 summary: dyn_dyn_loss   : 0.04382, dyn_sta_loss   : 2.90953, tot_dyn_loss   : 0.21576, sta_sta_loss   : 0.12050, 
epoch  98 summary: dyn_dyn_loss   : 0.04368, dyn_sta_loss   : 2.91194, tot_dyn_loss   : 0.21577, sta_sta_loss   : 0.12050, 
epoch  99 summary: dyn_dyn_loss   : 0.04369, dyn_sta_loss   : 2.91317, tot_dyn_loss   : 0.21586, sta_sta_loss   : 0.12050, 
train loss: 0.0056, train acc: 1.0000
all                         745990.266ms
all_epoch                   745640.617ms
all_preparation                349.619ms
all_preparation_2              348.245ms
all_preparation_3                1.352ms
epoch                         7276.279ms
epoch_pos_train                  1.204ms
epoch_preparation                4.386ms
epoch_train                   7263.488ms
epoch_valid                      6.704ms
----------------------------------------
all                         745990.266ms
  all_epoch             99.95%
  all_preparation        0.05%
all_preparation                349.619ms
  all_preparation_2     99.61%
  all_preparation_3      0.39%
epoch                       727627.910ms
  epoch_train           99.82%
  epoch_valid            0.09%
  epoch_preparation      0.06%
  epoch_pos_train        0.02%
epoch   0 summary: dyn_dyn_cos_loss: 0.00000, dyn_sta_cos_loss: 0.00000, total_cos_loss : 0.07393, 
valid loss: 3.8176, valid acc: 0.1797
epoch   1 summary: dyn_dyn_cos_loss: 0.00000, dyn_sta_cos_loss: 0.00000, total_cos_loss : 0.05934, 
epoch   2 summary: dyn_dyn_cos_loss: 0.00000, dyn_sta_cos_loss: 0.00000, total_cos_loss : 0.04934, 
epoch   3 summary: dyn_dyn_cos_loss: 0.00000, dyn_sta_cos_loss: 0.00000, total_cos_loss : 0.04264, 
epoch   4 summary: dyn_dyn_cos_loss: 0.00000, dyn_sta_cos_loss: 0.00000, total_cos_loss : 0.03777, 
epoch   5 summary: dyn_dyn_cos_loss: 0.00000, dyn_sta_cos_loss: 0.00000, total_cos_loss : 0.03408, 
epoch   6 summary: dyn_dyn_cos_loss: 0.00000, dyn_sta_cos_loss: 0.00000, total_cos_loss : 0.03148, 
epoch   7 summary: dyn_dyn_cos_loss: 0.00000, dyn_sta_cos_loss: 0.00000, total_cos_loss : 0.02931, 
epoch   8 summary: dyn_dyn_cos_loss: 0.00000, dyn_sta_cos_loss: 0.00000, total_cos_loss : 0.02776, 
epoch   9 summary: dyn_dyn_cos_loss: 0.00000, dyn_sta_cos_loss: 0.00000, total_cos_loss : 0.02656, 
epoch  10 summary: dyn_dyn_cos_loss: 0.00000, dyn_sta_cos_loss: 0.00000, total_cos_loss : 0.02550, 
valid loss: 2.3148, valid acc: 0.4824
epoch  11 summary: dyn_dyn_cos_loss: 0.00000, dyn_sta_cos_loss: 0.00000, total_cos_loss : 0.02472, 
epoch  12 summary: dyn_dyn_cos_loss: 0.00000, dyn_sta_cos_loss: 0.00000, total_cos_loss : 0.02406, 
epoch  13 summary: dyn_dyn_cos_loss: 0.00000, dyn_sta_cos_loss: 0.00000, total_cos_loss : 0.02355, 
epoch  14 summary: dyn_dyn_cos_loss: 0.00000, dyn_sta_cos_loss: 0.00000, total_cos_loss : 0.02318, 
epoch  15 summary: dyn_dyn_cos_loss: 0.00000, dyn_sta_cos_loss: 0.00000, total_cos_loss : 0.02285, 
epoch  16 summary: dyn_dyn_cos_loss: 0.00000, dyn_sta_cos_loss: 0.00000, total_cos_loss : 0.02258, 
epoch  17 summary: dyn_dyn_cos_loss: 0.00000, dyn_sta_cos_loss: 0.00000, total_cos_loss : 0.02231, 
epoch  18 summary: dyn_dyn_cos_loss: 0.00000, dyn_sta_cos_loss: 0.00000, total_cos_loss : 0.02215, 
epoch  19 summary: dyn_dyn_cos_loss: 0.00000, dyn_sta_cos_loss: 0.00000, total_cos_loss : 0.02198, 
epoch  20 summary: dyn_dyn_cos_loss: 0.00000, dyn_sta_cos_loss: 0.00000, total_cos_loss : 0.02180, 
valid loss: 2.2294, valid acc: 0.4883
epoch  21 summary: dyn_dyn_cos_loss: 0.00000, dyn_sta_cos_loss: 0.00000, total_cos_loss : 0.02163, 
epoch  22 summary: dyn_dyn_cos_loss: 0.00000, dyn_sta_cos_loss: 0.00000, total_cos_loss : 0.02151, 
epoch  23 summary: dyn_dyn_cos_loss: 0.00000, dyn_sta_cos_loss: 0.00000, total_cos_loss : 0.02144, 
epoch  24 summary: dyn_dyn_cos_loss: 0.00000, dyn_sta_cos_loss: 0.00000, total_cos_loss : 0.02140, 
epoch  25 summary: dyn_dyn_cos_loss: 0.00000, dyn_sta_cos_loss: 0.00000, total_cos_loss : 0.02135, 
epoch  26 summary: dyn_dyn_cos_loss: 0.00000, dyn_sta_cos_loss: 0.00000, total_cos_loss : 0.02126, 
epoch  27 summary: dyn_dyn_cos_loss: 0.00000, dyn_sta_cos_loss: 0.00000, total_cos_loss : 0.02120, 
epoch  28 summary: dyn_dyn_cos_loss: 0.00000, dyn_sta_cos_loss: 0.00000, total_cos_loss : 0.02117, 
epoch  29 summary: dyn_dyn_cos_loss: 0.00000, dyn_sta_cos_loss: 0.00000, total_cos_loss : 0.02113, 
epoch  30 summary: dyn_dyn_cos_loss: 0.00000, dyn_sta_cos_loss: 0.00000, total_cos_loss : 0.02109, 
valid loss: 2.2248, valid acc: 0.4805
epoch  31 summary: dyn_dyn_cos_loss: 0.00000, dyn_sta_cos_loss: 0.00000, total_cos_loss : 0.02107, 
epoch  32 summary: dyn_dyn_cos_loss: 0.00000, dyn_sta_cos_loss: 0.00000, total_cos_loss : 0.02105, 
epoch  33 summary: dyn_dyn_cos_loss: 0.00000, dyn_sta_cos_loss: 0.00000, total_cos_loss : 0.02103, 
epoch  34 summary: dyn_dyn_cos_loss: 0.00000, dyn_sta_cos_loss: 0.00000, total_cos_loss : 0.02102, 
epoch  35 summary: dyn_dyn_cos_loss: 0.00000, dyn_sta_cos_loss: 0.00000, total_cos_loss : 0.02100, 
epoch  36 summary: dyn_dyn_cos_loss: 0.00000, dyn_sta_cos_loss: 0.00000, total_cos_loss : 0.02099, 
epoch  37 summary: dyn_dyn_cos_loss: 0.00000, dyn_sta_cos_loss: 0.00000, total_cos_loss : 0.02098, 
epoch  38 summary: dyn_dyn_cos_loss: 0.00000, dyn_sta_cos_loss: 0.00000, total_cos_loss : 0.02096, 
epoch  39 summary: dyn_dyn_cos_loss: 0.00000, dyn_sta_cos_loss: 0.00000, total_cos_loss : 0.02095, 
epoch  40 summary: dyn_dyn_cos_loss: 0.00000, dyn_sta_cos_loss: 0.00000, total_cos_loss : 0.02094, 
valid loss: 2.2282, valid acc: 0.4766
epoch  41 summary: dyn_dyn_cos_loss: 0.00000, dyn_sta_cos_loss: 0.00000, total_cos_loss : 0.02093, 
epoch  42 summary: dyn_dyn_cos_loss: 0.00000, dyn_sta_cos_loss: 0.00000, total_cos_loss : 0.02092, 
epoch  43 summary: dyn_dyn_cos_loss: 0.00000, dyn_sta_cos_loss: 0.00000, total_cos_loss : 0.02092, 
epoch  44 summary: dyn_dyn_cos_loss: 0.00000, dyn_sta_cos_loss: 0.00000, total_cos_loss : 0.02091, 
epoch  45 summary: dyn_dyn_cos_loss: 0.00000, dyn_sta_cos_loss: 0.00000, total_cos_loss : 0.02090, 
epoch  46 summary: dyn_dyn_cos_loss: 0.00000, dyn_sta_cos_loss: 0.00000, total_cos_loss : 0.02090, 
epoch  47 summary: dyn_dyn_cos_loss: 0.00000, dyn_sta_cos_loss: 0.00000, total_cos_loss : 0.02090, 
epoch  48 summary: dyn_dyn_cos_loss: 0.00000, dyn_sta_cos_loss: 0.00000, total_cos_loss : 0.02089, 
epoch  49 summary: dyn_dyn_cos_loss: 0.00000, dyn_sta_cos_loss: 0.00000, total_cos_loss : 0.02089, 
epoch  50 summary: dyn_dyn_cos_loss: 0.00000, dyn_sta_cos_loss: 0.00000, total_cos_loss : 0.02089, 
valid loss: 2.2247, valid acc: 0.4746
epoch  51 summary: dyn_dyn_cos_loss: 0.00000, dyn_sta_cos_loss: 0.00000, total_cos_loss : 0.02088, 
epoch  52 summary: dyn_dyn_cos_loss: 0.00000, dyn_sta_cos_loss: 0.00000, total_cos_loss : 0.02088, 
epoch  53 summary: dyn_dyn_cos_loss: 0.00000, dyn_sta_cos_loss: 0.00000, total_cos_loss : 0.02088, 
epoch  54 summary: dyn_dyn_cos_loss: 0.00000, dyn_sta_cos_loss: 0.00000, total_cos_loss : 0.02088, 
epoch  55 summary: dyn_dyn_cos_loss: 0.00000, dyn_sta_cos_loss: 0.00000, total_cos_loss : 0.02088, 
epoch  56 summary: dyn_dyn_cos_loss: 0.00000, dyn_sta_cos_loss: 0.00000, total_cos_loss : 0.02088, 
epoch  57 summary: dyn_dyn_cos_loss: 0.00000, dyn_sta_cos_loss: 0.00000, total_cos_loss : 0.02087, 
epoch  58 summary: dyn_dyn_cos_loss: 0.00000, dyn_sta_cos_loss: 0.00000, total_cos_loss : 0.02087, 
epoch  59 summary: dyn_dyn_cos_loss: 0.00000, dyn_sta_cos_loss: 0.00000, total_cos_loss : 0.02087, 
epoch  60 summary: dyn_dyn_cos_loss: 0.00000, dyn_sta_cos_loss: 0.00000, total_cos_loss : 0.02087, 
valid loss: 2.2296, valid acc: 0.4785
epoch  61 summary: dyn_dyn_cos_loss: 0.00000, dyn_sta_cos_loss: 0.00000, total_cos_loss : 0.02087, 
epoch  62 summary: dyn_dyn_cos_loss: 0.00000, dyn_sta_cos_loss: 0.00000, total_cos_loss : 0.02087, 
epoch  63 summary: dyn_dyn_cos_loss: 0.00000, dyn_sta_cos_loss: 0.00000, total_cos_loss : 0.02087, 
epoch  64 summary: dyn_dyn_cos_loss: 0.00000, dyn_sta_cos_loss: 0.00000, total_cos_loss : 0.02087, 
epoch  65 summary: dyn_dyn_cos_loss: 0.00000, dyn_sta_cos_loss: 0.00000, total_cos_loss : 0.02087, 
epoch  66 summary: dyn_dyn_cos_loss: 0.00000, dyn_sta_cos_loss: 0.00000, total_cos_loss : 0.02086, 
epoch  67 summary: dyn_dyn_cos_loss: 0.00000, dyn_sta_cos_loss: 0.00000, total_cos_loss : 0.02086, 
epoch  68 summary: dyn_dyn_cos_loss: 0.00000, dyn_sta_cos_loss: 0.00000, total_cos_loss : 0.02086, 
epoch  69 summary: dyn_dyn_cos_loss: 0.00000, dyn_sta_cos_loss: 0.00000, total_cos_loss : 0.02086, 
epoch  70 summary: dyn_dyn_cos_loss: 0.00000, dyn_sta_cos_loss: 0.00000, total_cos_loss : 0.02086, 
valid loss: 2.2202, valid acc: 0.4805
epoch  71 summary: dyn_dyn_cos_loss: 0.00000, dyn_sta_cos_loss: 0.00000, total_cos_loss : 0.02086, 
epoch  72 summary: dyn_dyn_cos_loss: 0.00000, dyn_sta_cos_loss: 0.00000, total_cos_loss : 0.02086, 
epoch  73 summary: dyn_dyn_cos_loss: 0.00000, dyn_sta_cos_loss: 0.00000, total_cos_loss : 0.02086, 
epoch  74 summary: dyn_dyn_cos_loss: 0.00000, dyn_sta_cos_loss: 0.00000, total_cos_loss : 0.02086, 
epoch  75 summary: dyn_dyn_cos_loss: 0.00000, dyn_sta_cos_loss: 0.00000, total_cos_loss : 0.02086, 
epoch  76 summary: dyn_dyn_cos_loss: 0.00000, dyn_sta_cos_loss: 0.00000, total_cos_loss : 0.02086, 
epoch  77 summary: dyn_dyn_cos_loss: 0.00000, dyn_sta_cos_loss: 0.00000, total_cos_loss : 0.02086, 
epoch  78 summary: dyn_dyn_cos_loss: 0.00000, dyn_sta_cos_loss: 0.00000, total_cos_loss : 0.02086, 
epoch  79 summary: dyn_dyn_cos_loss: 0.00000, dyn_sta_cos_loss: 0.00000, total_cos_loss : 0.02086, 
epoch  80 summary: dyn_dyn_cos_loss: 0.00000, dyn_sta_cos_loss: 0.00000, total_cos_loss : 0.02086, 
valid loss: 2.2187, valid acc: 0.4805
epoch  81 summary: dyn_dyn_cos_loss: 0.00000, dyn_sta_cos_loss: 0.00000, total_cos_loss : 0.02086, 
epoch  82 summary: dyn_dyn_cos_loss: 0.00000, dyn_sta_cos_loss: 0.00000, total_cos_loss : 0.02086, 
epoch  83 summary: dyn_dyn_cos_loss: 0.00000, dyn_sta_cos_loss: 0.00000, total_cos_loss : 0.02086, 
epoch  84 summary: dyn_dyn_cos_loss: 0.00000, dyn_sta_cos_loss: 0.00000, total_cos_loss : 0.02086, 
epoch  85 summary: dyn_dyn_cos_loss: 0.00000, dyn_sta_cos_loss: 0.00000, total_cos_loss : 0.02086, 
epoch  86 summary: dyn_dyn_cos_loss: 0.00000, dyn_sta_cos_loss: 0.00000, total_cos_loss : 0.02085, 
epoch  87 summary: dyn_dyn_cos_loss: 0.00000, dyn_sta_cos_loss: 0.00000, total_cos_loss : 0.02085, 
epoch  88 summary: dyn_dyn_cos_loss: 0.00000, dyn_sta_cos_loss: 0.00000, total_cos_loss : 0.02085, 
epoch  89 summary: dyn_dyn_cos_loss: 0.00000, dyn_sta_cos_loss: 0.00000, total_cos_loss : 0.02085, 
epoch  90 summary: dyn_dyn_cos_loss: 0.00000, dyn_sta_cos_loss: 0.00000, total_cos_loss : 0.02085, 
valid loss: 2.2245, valid acc: 0.4766
epoch  91 summary: dyn_dyn_cos_loss: 0.00000, dyn_sta_cos_loss: 0.00000, total_cos_loss : 0.02085, 
epoch  92 summary: dyn_dyn_cos_loss: 0.00000, dyn_sta_cos_loss: 0.00000, total_cos_loss : 0.02085, 
epoch  93 summary: dyn_dyn_cos_loss: 0.00000, dyn_sta_cos_loss: 0.00000, total_cos_loss : 0.02085, 
epoch  94 summary: dyn_dyn_cos_loss: 0.00000, dyn_sta_cos_loss: 0.00000, total_cos_loss : 0.02085, 
epoch  95 summary: dyn_dyn_cos_loss: 0.00000, dyn_sta_cos_loss: 0.00000, total_cos_loss : 0.02085, 
epoch  96 summary: dyn_dyn_cos_loss: 0.00000, dyn_sta_cos_loss: 0.00000, total_cos_loss : 0.02085, 
epoch  97 summary: dyn_dyn_cos_loss: 0.00000, dyn_sta_cos_loss: 0.00000, total_cos_loss : 0.02085, 
epoch  98 summary: dyn_dyn_cos_loss: 0.00000, dyn_sta_cos_loss: 0.00000, total_cos_loss : 0.02085, 
epoch  99 summary: dyn_dyn_cos_loss: 0.00000, dyn_sta_cos_loss: 0.00000, total_cos_loss : 0.02085, 
valid loss: 2.2203, valid acc: 0.4785
all                         103985.253ms
all_epoch                   103869.984ms
all_preparation                115.247ms
all_preparation_2              114.078ms
all_preparation_3                1.150ms
epoch                          912.154ms
epoch_pos_train                  1.622ms
epoch_preparation                0.309ms
epoch_train                    909.007ms
epoch_valid                      0.801ms
----------------------------------------
all                         103985.253ms
  all_epoch             99.89%
  all_preparation        0.11%
all_preparation                115.247ms
  all_preparation_2     98.99%
  all_preparation_3      1.00%
epoch                        91215.389ms
  epoch_train           99.66%
  epoch_pos_train        0.18%
  epoch_valid            0.09%
  epoch_preparation      0.03%
