Before CTE Training: train eu loss: 1.057024359703064, eval eu loss: 1.492782711982727
Before CTE Training: train eu acc: 0.66552734375, eval eu acc: 0.560546875
epoch   0 summary: dyn_dyn_loss   : 0.01818, dyn_sta_loss   : 4.16235, tot_dyn_loss   : 0.68125, sta_sta_loss   : 0.02002, 
train loss: 2.4549, train acc: 0.4939
epoch   1 summary: dyn_dyn_loss   : 0.01785, dyn_sta_loss   : 4.04956, tot_dyn_loss   : 0.66293, sta_sta_loss   : 0.02002, 
epoch   2 summary: dyn_dyn_loss   : 0.01728, dyn_sta_loss   : 3.94601, tot_dyn_loss   : 0.64587, sta_sta_loss   : 0.02002, 
epoch   3 summary: dyn_dyn_loss   : 0.01679, dyn_sta_loss   : 3.85479, tot_dyn_loss   : 0.63087, sta_sta_loss   : 0.02002, 
epoch   4 summary: dyn_dyn_loss   : 0.01656, dyn_sta_loss   : 3.77373, tot_dyn_loss   : 0.61770, sta_sta_loss   : 0.02002, 
epoch   5 summary: dyn_dyn_loss   : 0.01664, dyn_sta_loss   : 3.70172, tot_dyn_loss   : 0.60625, sta_sta_loss   : 0.02002, 
epoch   6 summary: dyn_dyn_loss   : 0.01705, dyn_sta_loss   : 3.64077, tot_dyn_loss   : 0.59684, sta_sta_loss   : 0.02002, 
epoch   7 summary: dyn_dyn_loss   : 0.01773, dyn_sta_loss   : 3.58797, tot_dyn_loss   : 0.58897, sta_sta_loss   : 0.02002, 
epoch   8 summary: dyn_dyn_loss   : 0.01867, dyn_sta_loss   : 3.54119, tot_dyn_loss   : 0.58228, sta_sta_loss   : 0.02002, 
epoch   9 summary: dyn_dyn_loss   : 0.01973, dyn_sta_loss   : 3.50340, tot_dyn_loss   : 0.57712, sta_sta_loss   : 0.02002, 
epoch  10 summary: dyn_dyn_loss   : 0.02088, dyn_sta_loss   : 3.47646, tot_dyn_loss   : 0.57377, sta_sta_loss   : 0.02002, 
train loss: 0.0001, train acc: 1.0000
epoch  11 summary: dyn_dyn_loss   : 0.02200, dyn_sta_loss   : 3.44793, tot_dyn_loss   : 0.57015, sta_sta_loss   : 0.02002, 
epoch  12 summary: dyn_dyn_loss   : 0.02309, dyn_sta_loss   : 3.42510, tot_dyn_loss   : 0.56741, sta_sta_loss   : 0.02002, 
epoch  13 summary: dyn_dyn_loss   : 0.02420, dyn_sta_loss   : 3.40310, tot_dyn_loss   : 0.56483, sta_sta_loss   : 0.02002, 
epoch  14 summary: dyn_dyn_loss   : 0.02522, dyn_sta_loss   : 3.39294, tot_dyn_loss   : 0.56405, sta_sta_loss   : 0.02002, 
epoch  15 summary: dyn_dyn_loss   : 0.02599, dyn_sta_loss   : 3.38068, tot_dyn_loss   : 0.56274, sta_sta_loss   : 0.02002, 
epoch  16 summary: dyn_dyn_loss   : 0.02673, dyn_sta_loss   : 3.37537, tot_dyn_loss   : 0.56251, sta_sta_loss   : 0.02002, 
epoch  17 summary: dyn_dyn_loss   : 0.02725, dyn_sta_loss   : 3.36313, tot_dyn_loss   : 0.56099, sta_sta_loss   : 0.02002, 
epoch  18 summary: dyn_dyn_loss   : 0.02784, dyn_sta_loss   : 3.35533, tot_dyn_loss   : 0.56024, sta_sta_loss   : 0.02002, 
epoch  19 summary: dyn_dyn_loss   : 0.02839, dyn_sta_loss   : 3.35070, tot_dyn_loss   : 0.55996, sta_sta_loss   : 0.02002, 
epoch  20 summary: dyn_dyn_loss   : 0.02876, dyn_sta_loss   : 3.34778, tot_dyn_loss   : 0.55981, sta_sta_loss   : 0.02002, 
train loss: 0.0000, train acc: 1.0000
epoch  21 summary: dyn_dyn_loss   : 0.02909, dyn_sta_loss   : 3.34416, tot_dyn_loss   : 0.55950, sta_sta_loss   : 0.02002, 
epoch  22 summary: dyn_dyn_loss   : 0.02933, dyn_sta_loss   : 3.34940, tot_dyn_loss   : 0.56054, sta_sta_loss   : 0.02002, 
epoch  23 summary: dyn_dyn_loss   : 0.02943, dyn_sta_loss   : 3.34551, tot_dyn_loss   : 0.56000, sta_sta_loss   : 0.02002, 
epoch  24 summary: dyn_dyn_loss   : 0.02950, dyn_sta_loss   : 3.33897, tot_dyn_loss   : 0.55901, sta_sta_loss   : 0.02002, 
epoch  25 summary: dyn_dyn_loss   : 0.02966, dyn_sta_loss   : 3.33696, tot_dyn_loss   : 0.55883, sta_sta_loss   : 0.02002, 
epoch  26 summary: dyn_dyn_loss   : 0.02980, dyn_sta_loss   : 3.33338, tot_dyn_loss   : 0.55837, sta_sta_loss   : 0.02002, 
epoch  27 summary: dyn_dyn_loss   : 0.03002, dyn_sta_loss   : 3.33104, tot_dyn_loss   : 0.55819, sta_sta_loss   : 0.02002, 
epoch  28 summary: dyn_dyn_loss   : 0.03018, dyn_sta_loss   : 3.33031, tot_dyn_loss   : 0.55820, sta_sta_loss   : 0.02002, 
epoch  29 summary: dyn_dyn_loss   : 0.03035, dyn_sta_loss   : 3.32593, tot_dyn_loss   : 0.55764, sta_sta_loss   : 0.02002, 
epoch  30 summary: dyn_dyn_loss   : 0.03055, dyn_sta_loss   : 3.32411, tot_dyn_loss   : 0.55752, sta_sta_loss   : 0.02002, 
train loss: 0.0000, train acc: 1.0000
epoch  31 summary: dyn_dyn_loss   : 0.03067, dyn_sta_loss   : 3.33622, tot_dyn_loss   : 0.55956, sta_sta_loss   : 0.02002, 
epoch  32 summary: dyn_dyn_loss   : 0.03034, dyn_sta_loss   : 3.33120, tot_dyn_loss   : 0.55848, sta_sta_loss   : 0.02002, 
epoch  33 summary: dyn_dyn_loss   : 0.03032, dyn_sta_loss   : 3.32938, tot_dyn_loss   : 0.55817, sta_sta_loss   : 0.02002, 
epoch  34 summary: dyn_dyn_loss   : 0.03038, dyn_sta_loss   : 3.32616, tot_dyn_loss   : 0.55770, sta_sta_loss   : 0.02002, 
epoch  35 summary: dyn_dyn_loss   : 0.03047, dyn_sta_loss   : 3.32818, tot_dyn_loss   : 0.55810, sta_sta_loss   : 0.02002, 
epoch  36 summary: dyn_dyn_loss   : 0.03051, dyn_sta_loss   : 3.33463, tot_dyn_loss   : 0.55917, sta_sta_loss   : 0.02002, 
epoch  37 summary: dyn_dyn_loss   : 0.03034, dyn_sta_loss   : 3.33091, tot_dyn_loss   : 0.55843, sta_sta_loss   : 0.02002, 
epoch  38 summary: dyn_dyn_loss   : 0.03032, dyn_sta_loss   : 3.32830, tot_dyn_loss   : 0.55799, sta_sta_loss   : 0.02002, 
epoch  39 summary: dyn_dyn_loss   : 0.03039, dyn_sta_loss   : 3.32895, tot_dyn_loss   : 0.55816, sta_sta_loss   : 0.02002, 
epoch  40 summary: dyn_dyn_loss   : 0.03049, dyn_sta_loss   : 3.33022, tot_dyn_loss   : 0.55845, sta_sta_loss   : 0.02002, 
train loss: 0.0000, train acc: 1.0000
epoch  41 summary: dyn_dyn_loss   : 0.03043, dyn_sta_loss   : 3.32750, tot_dyn_loss   : 0.55796, sta_sta_loss   : 0.02002, 
epoch  42 summary: dyn_dyn_loss   : 0.03046, dyn_sta_loss   : 3.32946, tot_dyn_loss   : 0.55830, sta_sta_loss   : 0.02002, 
epoch  43 summary: dyn_dyn_loss   : 0.03043, dyn_sta_loss   : 3.33244, tot_dyn_loss   : 0.55875, sta_sta_loss   : 0.02002, 
epoch  44 summary: dyn_dyn_loss   : 0.03037, dyn_sta_loss   : 3.33402, tot_dyn_loss   : 0.55895, sta_sta_loss   : 0.02002, 
epoch  45 summary: dyn_dyn_loss   : 0.03031, dyn_sta_loss   : 3.33019, tot_dyn_loss   : 0.55829, sta_sta_loss   : 0.02002, 
epoch  46 summary: dyn_dyn_loss   : 0.03038, dyn_sta_loss   : 3.33933, tot_dyn_loss   : 0.55981, sta_sta_loss   : 0.02002, 
epoch  47 summary: dyn_dyn_loss   : 0.03017, dyn_sta_loss   : 3.33321, tot_dyn_loss   : 0.55866, sta_sta_loss   : 0.02002, 
epoch  48 summary: dyn_dyn_loss   : 0.03018, dyn_sta_loss   : 3.33391, tot_dyn_loss   : 0.55878, sta_sta_loss   : 0.02002, 
epoch  49 summary: dyn_dyn_loss   : 0.03020, dyn_sta_loss   : 3.33611, tot_dyn_loss   : 0.55915, sta_sta_loss   : 0.02002, 
epoch  50 summary: dyn_dyn_loss   : 0.03014, dyn_sta_loss   : 3.33197, tot_dyn_loss   : 0.55843, sta_sta_loss   : 0.02002, 
train loss: 0.0000, train acc: 1.0000
epoch  51 summary: dyn_dyn_loss   : 0.03023, dyn_sta_loss   : 3.32828, tot_dyn_loss   : 0.55791, sta_sta_loss   : 0.02002, 
epoch  52 summary: dyn_dyn_loss   : 0.03035, dyn_sta_loss   : 3.33209, tot_dyn_loss   : 0.55863, sta_sta_loss   : 0.02002, 
epoch  53 summary: dyn_dyn_loss   : 0.03033, dyn_sta_loss   : 3.32924, tot_dyn_loss   : 0.55815, sta_sta_loss   : 0.02002, 
epoch  54 summary: dyn_dyn_loss   : 0.03038, dyn_sta_loss   : 3.33300, tot_dyn_loss   : 0.55880, sta_sta_loss   : 0.02002, 
epoch  55 summary: dyn_dyn_loss   : 0.03035, dyn_sta_loss   : 3.33116, tot_dyn_loss   : 0.55848, sta_sta_loss   : 0.02002, 
epoch  56 summary: dyn_dyn_loss   : 0.03042, dyn_sta_loss   : 3.32622, tot_dyn_loss   : 0.55775, sta_sta_loss   : 0.02002, 
epoch  57 summary: dyn_dyn_loss   : 0.03051, dyn_sta_loss   : 3.32763, tot_dyn_loss   : 0.55805, sta_sta_loss   : 0.02002, 
epoch  58 summary: dyn_dyn_loss   : 0.03057, dyn_sta_loss   : 3.32605, tot_dyn_loss   : 0.55785, sta_sta_loss   : 0.02002, 
epoch  59 summary: dyn_dyn_loss   : 0.03063, dyn_sta_loss   : 3.32559, tot_dyn_loss   : 0.55782, sta_sta_loss   : 0.02002, 
epoch  60 summary: dyn_dyn_loss   : 0.03072, dyn_sta_loss   : 3.33043, tot_dyn_loss   : 0.55867, sta_sta_loss   : 0.02002, 
train loss: 0.0000, train acc: 1.0000
epoch  61 summary: dyn_dyn_loss   : 0.03064, dyn_sta_loss   : 3.32690, tot_dyn_loss   : 0.55804, sta_sta_loss   : 0.02002, 
epoch  62 summary: dyn_dyn_loss   : 0.03063, dyn_sta_loss   : 3.33368, tot_dyn_loss   : 0.55912, sta_sta_loss   : 0.02002, 
epoch  63 summary: dyn_dyn_loss   : 0.03039, dyn_sta_loss   : 3.32634, tot_dyn_loss   : 0.55774, sta_sta_loss   : 0.02002, 
epoch  64 summary: dyn_dyn_loss   : 0.03056, dyn_sta_loss   : 3.32693, tot_dyn_loss   : 0.55798, sta_sta_loss   : 0.02002, 
epoch  65 summary: dyn_dyn_loss   : 0.03064, dyn_sta_loss   : 3.32355, tot_dyn_loss   : 0.55751, sta_sta_loss   : 0.02002, 
epoch  66 summary: dyn_dyn_loss   : 0.03072, dyn_sta_loss   : 3.32310, tot_dyn_loss   : 0.55750, sta_sta_loss   : 0.02002, 
epoch  67 summary: dyn_dyn_loss   : 0.03076, dyn_sta_loss   : 3.32658, tot_dyn_loss   : 0.55809, sta_sta_loss   : 0.02002, 
epoch  68 summary: dyn_dyn_loss   : 0.03076, dyn_sta_loss   : 3.32476, tot_dyn_loss   : 0.55780, sta_sta_loss   : 0.02002, 
epoch  69 summary: dyn_dyn_loss   : 0.03073, dyn_sta_loss   : 3.33113, tot_dyn_loss   : 0.55879, sta_sta_loss   : 0.02002, 
epoch  70 summary: dyn_dyn_loss   : 0.03051, dyn_sta_loss   : 3.32516, tot_dyn_loss   : 0.55765, sta_sta_loss   : 0.02002, 
train loss: 0.0000, train acc: 1.0000
epoch  71 summary: dyn_dyn_loss   : 0.03057, dyn_sta_loss   : 3.32821, tot_dyn_loss   : 0.55820, sta_sta_loss   : 0.02002, 
epoch  72 summary: dyn_dyn_loss   : 0.03052, dyn_sta_loss   : 3.32655, tot_dyn_loss   : 0.55788, sta_sta_loss   : 0.02002, 
epoch  73 summary: dyn_dyn_loss   : 0.03053, dyn_sta_loss   : 3.32821, tot_dyn_loss   : 0.55816, sta_sta_loss   : 0.02002, 
epoch  74 summary: dyn_dyn_loss   : 0.03055, dyn_sta_loss   : 3.33128, tot_dyn_loss   : 0.55866, sta_sta_loss   : 0.02002, 
epoch  75 summary: dyn_dyn_loss   : 0.03050, dyn_sta_loss   : 3.33129, tot_dyn_loss   : 0.55863, sta_sta_loss   : 0.02002, 
epoch  76 summary: dyn_dyn_loss   : 0.03048, dyn_sta_loss   : 3.33057, tot_dyn_loss   : 0.55849, sta_sta_loss   : 0.02002, 
epoch  77 summary: dyn_dyn_loss   : 0.03038, dyn_sta_loss   : 3.32632, tot_dyn_loss   : 0.55773, sta_sta_loss   : 0.02002, 
epoch  78 summary: dyn_dyn_loss   : 0.03044, dyn_sta_loss   : 3.33177, tot_dyn_loss   : 0.55865, sta_sta_loss   : 0.02002, 
epoch  79 summary: dyn_dyn_loss   : 0.03038, dyn_sta_loss   : 3.32988, tot_dyn_loss   : 0.55830, sta_sta_loss   : 0.02002, 
epoch  80 summary: dyn_dyn_loss   : 0.03041, dyn_sta_loss   : 3.32533, tot_dyn_loss   : 0.55760, sta_sta_loss   : 0.02002, 
train loss: 0.0000, train acc: 1.0000
epoch  81 summary: dyn_dyn_loss   : 0.03058, dyn_sta_loss   : 3.32329, tot_dyn_loss   : 0.55742, sta_sta_loss   : 0.02002, 
epoch  82 summary: dyn_dyn_loss   : 0.03071, dyn_sta_loss   : 3.32604, tot_dyn_loss   : 0.55797, sta_sta_loss   : 0.02002, 
epoch  83 summary: dyn_dyn_loss   : 0.03068, dyn_sta_loss   : 3.33457, tot_dyn_loss   : 0.55930, sta_sta_loss   : 0.02002, 
epoch  84 summary: dyn_dyn_loss   : 0.03043, dyn_sta_loss   : 3.32759, tot_dyn_loss   : 0.55797, sta_sta_loss   : 0.02002, 
epoch  85 summary: dyn_dyn_loss   : 0.03056, dyn_sta_loss   : 3.32482, tot_dyn_loss   : 0.55764, sta_sta_loss   : 0.02002, 
epoch  86 summary: dyn_dyn_loss   : 0.03069, dyn_sta_loss   : 3.32539, tot_dyn_loss   : 0.55785, sta_sta_loss   : 0.02002, 
epoch  87 summary: dyn_dyn_loss   : 0.03073, dyn_sta_loss   : 3.32913, tot_dyn_loss   : 0.55847, sta_sta_loss   : 0.02002, 
epoch  88 summary: dyn_dyn_loss   : 0.03069, dyn_sta_loss   : 3.32707, tot_dyn_loss   : 0.55811, sta_sta_loss   : 0.02002, 
epoch  89 summary: dyn_dyn_loss   : 0.03070, dyn_sta_loss   : 3.32960, tot_dyn_loss   : 0.55852, sta_sta_loss   : 0.02002, 
epoch  90 summary: dyn_dyn_loss   : 0.03063, dyn_sta_loss   : 3.32422, tot_dyn_loss   : 0.55761, sta_sta_loss   : 0.02002, 
train loss: 0.0000, train acc: 1.0000
epoch  91 summary: dyn_dyn_loss   : 0.03075, dyn_sta_loss   : 3.32860, tot_dyn_loss   : 0.55841, sta_sta_loss   : 0.02002, 
epoch  92 summary: dyn_dyn_loss   : 0.03076, dyn_sta_loss   : 3.32684, tot_dyn_loss   : 0.55813, sta_sta_loss   : 0.02002, 
epoch  93 summary: dyn_dyn_loss   : 0.03078, dyn_sta_loss   : 3.32102, tot_dyn_loss   : 0.55722, sta_sta_loss   : 0.02002, 
epoch  94 summary: dyn_dyn_loss   : 0.03088, dyn_sta_loss   : 3.33112, tot_dyn_loss   : 0.55892, sta_sta_loss   : 0.02002, 
epoch  95 summary: dyn_dyn_loss   : 0.03055, dyn_sta_loss   : 3.33291, tot_dyn_loss   : 0.55893, sta_sta_loss   : 0.02002, 
epoch  96 summary: dyn_dyn_loss   : 0.03036, dyn_sta_loss   : 3.32697, tot_dyn_loss   : 0.55782, sta_sta_loss   : 0.02002, 
epoch  97 summary: dyn_dyn_loss   : 0.03046, dyn_sta_loss   : 3.32791, tot_dyn_loss   : 0.55805, sta_sta_loss   : 0.02002, 
epoch  98 summary: dyn_dyn_loss   : 0.03050, dyn_sta_loss   : 3.33045, tot_dyn_loss   : 0.55849, sta_sta_loss   : 0.02002, 
epoch  99 summary: dyn_dyn_loss   : 0.03043, dyn_sta_loss   : 3.33047, tot_dyn_loss   : 0.55844, sta_sta_loss   : 0.02002, 
train loss: 0.0000, train acc: 1.0000
all                         745242.993ms
all_epoch                   744847.051ms
all_preparation                395.914ms
all_preparation_2              394.710ms
all_preparation_3                1.176ms
epoch                         7272.521ms
epoch_pos_train                  1.151ms
epoch_preparation                4.262ms
epoch_train                   7259.333ms
epoch_valid                      7.287ms
----------------------------------------
all                         745242.993ms
  all_epoch             99.95%
  all_preparation        0.05%
all_preparation                395.914ms
  all_preparation_2     99.70%
  all_preparation_3      0.30%
epoch                       727252.059ms
  epoch_train           99.82%
  epoch_valid            0.10%
  epoch_preparation      0.06%
  epoch_pos_train        0.02%
epoch   0 summary: dyn_dyn_cos_loss: 0.00000, dyn_sta_cos_loss: 0.00000, total_cos_loss : 0.01688, 
valid loss: 3.8183, valid acc: 0.1855
epoch   1 summary: dyn_dyn_cos_loss: 0.00000, dyn_sta_cos_loss: 0.00000, total_cos_loss : 0.01471, 
epoch   2 summary: dyn_dyn_cos_loss: 0.00000, dyn_sta_cos_loss: 0.00000, total_cos_loss : 0.01348, 
epoch   3 summary: dyn_dyn_cos_loss: 0.00000, dyn_sta_cos_loss: 0.00000, total_cos_loss : 0.01271, 
epoch   4 summary: dyn_dyn_cos_loss: 0.00000, dyn_sta_cos_loss: 0.00000, total_cos_loss : 0.01219, 
epoch   5 summary: dyn_dyn_cos_loss: 0.00000, dyn_sta_cos_loss: 0.00000, total_cos_loss : 0.01179, 
epoch   6 summary: dyn_dyn_cos_loss: 0.00000, dyn_sta_cos_loss: 0.00000, total_cos_loss : 0.01150, 
epoch   7 summary: dyn_dyn_cos_loss: 0.00000, dyn_sta_cos_loss: 0.00000, total_cos_loss : 0.01127, 
epoch   8 summary: dyn_dyn_cos_loss: 0.00000, dyn_sta_cos_loss: 0.00000, total_cos_loss : 0.01109, 
epoch   9 summary: dyn_dyn_cos_loss: 0.00000, dyn_sta_cos_loss: 0.00000, total_cos_loss : 0.01096, 
epoch  10 summary: dyn_dyn_cos_loss: 0.00000, dyn_sta_cos_loss: 0.00000, total_cos_loss : 0.01084, 
valid loss: 2.3577, valid acc: 0.4727
epoch  11 summary: dyn_dyn_cos_loss: 0.00000, dyn_sta_cos_loss: 0.00000, total_cos_loss : 0.01075, 
epoch  12 summary: dyn_dyn_cos_loss: 0.00000, dyn_sta_cos_loss: 0.00000, total_cos_loss : 0.01068, 
epoch  13 summary: dyn_dyn_cos_loss: 0.00000, dyn_sta_cos_loss: 0.00000, total_cos_loss : 0.01061, 
epoch  14 summary: dyn_dyn_cos_loss: 0.00000, dyn_sta_cos_loss: 0.00000, total_cos_loss : 0.01056, 
epoch  15 summary: dyn_dyn_cos_loss: 0.00000, dyn_sta_cos_loss: 0.00000, total_cos_loss : 0.01051, 
epoch  16 summary: dyn_dyn_cos_loss: 0.00000, dyn_sta_cos_loss: 0.00000, total_cos_loss : 0.01048, 
epoch  17 summary: dyn_dyn_cos_loss: 0.00000, dyn_sta_cos_loss: 0.00000, total_cos_loss : 0.01045, 
epoch  18 summary: dyn_dyn_cos_loss: 0.00000, dyn_sta_cos_loss: 0.00000, total_cos_loss : 0.01042, 
epoch  19 summary: dyn_dyn_cos_loss: 0.00000, dyn_sta_cos_loss: 0.00000, total_cos_loss : 0.01040, 
epoch  20 summary: dyn_dyn_cos_loss: 0.00000, dyn_sta_cos_loss: 0.00000, total_cos_loss : 0.01038, 
valid loss: 2.2485, valid acc: 0.4688
epoch  21 summary: dyn_dyn_cos_loss: 0.00000, dyn_sta_cos_loss: 0.00000, total_cos_loss : 0.01037, 
epoch  22 summary: dyn_dyn_cos_loss: 0.00000, dyn_sta_cos_loss: 0.00000, total_cos_loss : 0.01035, 
epoch  23 summary: dyn_dyn_cos_loss: 0.00000, dyn_sta_cos_loss: 0.00000, total_cos_loss : 0.01034, 
epoch  24 summary: dyn_dyn_cos_loss: 0.00000, dyn_sta_cos_loss: 0.00000, total_cos_loss : 0.01033, 
epoch  25 summary: dyn_dyn_cos_loss: 0.00000, dyn_sta_cos_loss: 0.00000, total_cos_loss : 0.01032, 
epoch  26 summary: dyn_dyn_cos_loss: 0.00000, dyn_sta_cos_loss: 0.00000, total_cos_loss : 0.01031, 
epoch  27 summary: dyn_dyn_cos_loss: 0.00000, dyn_sta_cos_loss: 0.00000, total_cos_loss : 0.01031, 
epoch  28 summary: dyn_dyn_cos_loss: 0.00000, dyn_sta_cos_loss: 0.00000, total_cos_loss : 0.01030, 
epoch  29 summary: dyn_dyn_cos_loss: 0.00000, dyn_sta_cos_loss: 0.00000, total_cos_loss : 0.01030, 
epoch  30 summary: dyn_dyn_cos_loss: 0.00000, dyn_sta_cos_loss: 0.00000, total_cos_loss : 0.01029, 
valid loss: 2.2237, valid acc: 0.4883
epoch  31 summary: dyn_dyn_cos_loss: 0.00000, dyn_sta_cos_loss: 0.00000, total_cos_loss : 0.01029, 
epoch  32 summary: dyn_dyn_cos_loss: 0.00000, dyn_sta_cos_loss: 0.00000, total_cos_loss : 0.01028, 
epoch  33 summary: dyn_dyn_cos_loss: 0.00000, dyn_sta_cos_loss: 0.00000, total_cos_loss : 0.01028, 
epoch  34 summary: dyn_dyn_cos_loss: 0.00000, dyn_sta_cos_loss: 0.00000, total_cos_loss : 0.01028, 
epoch  35 summary: dyn_dyn_cos_loss: 0.00000, dyn_sta_cos_loss: 0.00000, total_cos_loss : 0.01028, 
epoch  36 summary: dyn_dyn_cos_loss: 0.00000, dyn_sta_cos_loss: 0.00000, total_cos_loss : 0.01028, 
epoch  37 summary: dyn_dyn_cos_loss: 0.00000, dyn_sta_cos_loss: 0.00000, total_cos_loss : 0.01027, 
epoch  38 summary: dyn_dyn_cos_loss: 0.00000, dyn_sta_cos_loss: 0.00000, total_cos_loss : 0.01027, 
epoch  39 summary: dyn_dyn_cos_loss: 0.00000, dyn_sta_cos_loss: 0.00000, total_cos_loss : 0.01027, 
epoch  40 summary: dyn_dyn_cos_loss: 0.00000, dyn_sta_cos_loss: 0.00000, total_cos_loss : 0.01027, 
valid loss: 2.2102, valid acc: 0.4863
epoch  41 summary: dyn_dyn_cos_loss: 0.00000, dyn_sta_cos_loss: 0.00000, total_cos_loss : 0.01027, 
epoch  42 summary: dyn_dyn_cos_loss: 0.00000, dyn_sta_cos_loss: 0.00000, total_cos_loss : 0.01027, 
epoch  43 summary: dyn_dyn_cos_loss: 0.00000, dyn_sta_cos_loss: 0.00000, total_cos_loss : 0.01026, 
epoch  44 summary: dyn_dyn_cos_loss: 0.00000, dyn_sta_cos_loss: 0.00000, total_cos_loss : 0.01026, 
epoch  45 summary: dyn_dyn_cos_loss: 0.00000, dyn_sta_cos_loss: 0.00000, total_cos_loss : 0.01026, 
epoch  46 summary: dyn_dyn_cos_loss: 0.00000, dyn_sta_cos_loss: 0.00000, total_cos_loss : 0.01026, 
epoch  47 summary: dyn_dyn_cos_loss: 0.00000, dyn_sta_cos_loss: 0.00000, total_cos_loss : 0.01026, 
epoch  48 summary: dyn_dyn_cos_loss: 0.00000, dyn_sta_cos_loss: 0.00000, total_cos_loss : 0.01026, 
epoch  49 summary: dyn_dyn_cos_loss: 0.00000, dyn_sta_cos_loss: 0.00000, total_cos_loss : 0.01026, 
epoch  50 summary: dyn_dyn_cos_loss: 0.00000, dyn_sta_cos_loss: 0.00000, total_cos_loss : 0.01026, 
valid loss: 2.1979, valid acc: 0.4824
epoch  51 summary: dyn_dyn_cos_loss: 0.00000, dyn_sta_cos_loss: 0.00000, total_cos_loss : 0.01026, 
epoch  52 summary: dyn_dyn_cos_loss: 0.00000, dyn_sta_cos_loss: 0.00000, total_cos_loss : 0.01025, 
epoch  53 summary: dyn_dyn_cos_loss: 0.00000, dyn_sta_cos_loss: 0.00000, total_cos_loss : 0.01025, 
epoch  54 summary: dyn_dyn_cos_loss: 0.00000, dyn_sta_cos_loss: 0.00000, total_cos_loss : 0.01025, 
epoch  55 summary: dyn_dyn_cos_loss: 0.00000, dyn_sta_cos_loss: 0.00000, total_cos_loss : 0.01025, 
epoch  56 summary: dyn_dyn_cos_loss: 0.00000, dyn_sta_cos_loss: 0.00000, total_cos_loss : 0.01025, 
epoch  57 summary: dyn_dyn_cos_loss: 0.00000, dyn_sta_cos_loss: 0.00000, total_cos_loss : 0.01025, 
epoch  58 summary: dyn_dyn_cos_loss: 0.00000, dyn_sta_cos_loss: 0.00000, total_cos_loss : 0.01025, 
epoch  59 summary: dyn_dyn_cos_loss: 0.00000, dyn_sta_cos_loss: 0.00000, total_cos_loss : 0.01025, 
epoch  60 summary: dyn_dyn_cos_loss: 0.00000, dyn_sta_cos_loss: 0.00000, total_cos_loss : 0.01025, 
valid loss: 2.1971, valid acc: 0.4844
epoch  61 summary: dyn_dyn_cos_loss: 0.00000, dyn_sta_cos_loss: 0.00000, total_cos_loss : 0.01025, 
epoch  62 summary: dyn_dyn_cos_loss: 0.00000, dyn_sta_cos_loss: 0.00000, total_cos_loss : 0.01025, 
epoch  63 summary: dyn_dyn_cos_loss: 0.00000, dyn_sta_cos_loss: 0.00000, total_cos_loss : 0.01025, 
epoch  64 summary: dyn_dyn_cos_loss: 0.00000, dyn_sta_cos_loss: 0.00000, total_cos_loss : 0.01025, 
epoch  65 summary: dyn_dyn_cos_loss: 0.00000, dyn_sta_cos_loss: 0.00000, total_cos_loss : 0.01025, 
epoch  66 summary: dyn_dyn_cos_loss: 0.00000, dyn_sta_cos_loss: 0.00000, total_cos_loss : 0.01025, 
epoch  67 summary: dyn_dyn_cos_loss: 0.00000, dyn_sta_cos_loss: 0.00000, total_cos_loss : 0.01025, 
epoch  68 summary: dyn_dyn_cos_loss: 0.00000, dyn_sta_cos_loss: 0.00000, total_cos_loss : 0.01025, 
epoch  69 summary: dyn_dyn_cos_loss: 0.00000, dyn_sta_cos_loss: 0.00000, total_cos_loss : 0.01025, 
epoch  70 summary: dyn_dyn_cos_loss: 0.00000, dyn_sta_cos_loss: 0.00000, total_cos_loss : 0.01025, 
valid loss: 2.1974, valid acc: 0.4844
epoch  71 summary: dyn_dyn_cos_loss: 0.00000, dyn_sta_cos_loss: 0.00000, total_cos_loss : 0.01025, 
epoch  72 summary: dyn_dyn_cos_loss: 0.00000, dyn_sta_cos_loss: 0.00000, total_cos_loss : 0.01025, 
epoch  73 summary: dyn_dyn_cos_loss: 0.00000, dyn_sta_cos_loss: 0.00000, total_cos_loss : 0.01025, 
epoch  74 summary: dyn_dyn_cos_loss: 0.00000, dyn_sta_cos_loss: 0.00000, total_cos_loss : 0.01025, 
epoch  75 summary: dyn_dyn_cos_loss: 0.00000, dyn_sta_cos_loss: 0.00000, total_cos_loss : 0.01025, 
epoch  76 summary: dyn_dyn_cos_loss: 0.00000, dyn_sta_cos_loss: 0.00000, total_cos_loss : 0.01025, 
epoch  77 summary: dyn_dyn_cos_loss: 0.00000, dyn_sta_cos_loss: 0.00000, total_cos_loss : 0.01024, 
epoch  78 summary: dyn_dyn_cos_loss: 0.00000, dyn_sta_cos_loss: 0.00000, total_cos_loss : 0.01024, 
epoch  79 summary: dyn_dyn_cos_loss: 0.00000, dyn_sta_cos_loss: 0.00000, total_cos_loss : 0.01024, 
epoch  80 summary: dyn_dyn_cos_loss: 0.00000, dyn_sta_cos_loss: 0.00000, total_cos_loss : 0.01024, 
valid loss: 2.2032, valid acc: 0.4805
epoch  81 summary: dyn_dyn_cos_loss: 0.00000, dyn_sta_cos_loss: 0.00000, total_cos_loss : 0.01024, 
epoch  82 summary: dyn_dyn_cos_loss: 0.00000, dyn_sta_cos_loss: 0.00000, total_cos_loss : 0.01024, 
epoch  83 summary: dyn_dyn_cos_loss: 0.00000, dyn_sta_cos_loss: 0.00000, total_cos_loss : 0.01024, 
epoch  84 summary: dyn_dyn_cos_loss: 0.00000, dyn_sta_cos_loss: 0.00000, total_cos_loss : 0.01024, 
epoch  85 summary: dyn_dyn_cos_loss: 0.00000, dyn_sta_cos_loss: 0.00000, total_cos_loss : 0.01024, 
epoch  86 summary: dyn_dyn_cos_loss: 0.00000, dyn_sta_cos_loss: 0.00000, total_cos_loss : 0.01024, 
epoch  87 summary: dyn_dyn_cos_loss: 0.00000, dyn_sta_cos_loss: 0.00000, total_cos_loss : 0.01024, 
epoch  88 summary: dyn_dyn_cos_loss: 0.00000, dyn_sta_cos_loss: 0.00000, total_cos_loss : 0.01024, 
epoch  89 summary: dyn_dyn_cos_loss: 0.00000, dyn_sta_cos_loss: 0.00000, total_cos_loss : 0.01024, 
epoch  90 summary: dyn_dyn_cos_loss: 0.00000, dyn_sta_cos_loss: 0.00000, total_cos_loss : 0.01024, 
valid loss: 2.2067, valid acc: 0.4824
epoch  91 summary: dyn_dyn_cos_loss: 0.00000, dyn_sta_cos_loss: 0.00000, total_cos_loss : 0.01024, 
epoch  92 summary: dyn_dyn_cos_loss: 0.00000, dyn_sta_cos_loss: 0.00000, total_cos_loss : 0.01024, 
epoch  93 summary: dyn_dyn_cos_loss: 0.00000, dyn_sta_cos_loss: 0.00000, total_cos_loss : 0.01024, 
epoch  94 summary: dyn_dyn_cos_loss: 0.00000, dyn_sta_cos_loss: 0.00000, total_cos_loss : 0.01024, 
epoch  95 summary: dyn_dyn_cos_loss: 0.00000, dyn_sta_cos_loss: 0.00000, total_cos_loss : 0.01024, 
epoch  96 summary: dyn_dyn_cos_loss: 0.00000, dyn_sta_cos_loss: 0.00000, total_cos_loss : 0.01024, 
epoch  97 summary: dyn_dyn_cos_loss: 0.00000, dyn_sta_cos_loss: 0.00000, total_cos_loss : 0.01024, 
epoch  98 summary: dyn_dyn_cos_loss: 0.00000, dyn_sta_cos_loss: 0.00000, total_cos_loss : 0.01024, 
epoch  99 summary: dyn_dyn_cos_loss: 0.00000, dyn_sta_cos_loss: 0.00000, total_cos_loss : 0.01024, 
valid loss: 2.2018, valid acc: 0.4844
all                         101796.304ms
all_epoch                   101665.995ms
all_preparation                130.284ms
all_preparation_2              129.506ms
all_preparation_3                0.759ms
epoch                          907.978ms
epoch_pos_train                  1.483ms
epoch_preparation                0.343ms
epoch_train                    904.554ms
epoch_valid                      1.141ms
----------------------------------------
all                         101796.304ms
  all_epoch             99.87%
  all_preparation        0.13%
all_preparation                130.284ms
  all_preparation_2     99.40%
  all_preparation_3      0.58%
epoch                        90797.764ms
  epoch_train           99.62%
  epoch_pos_train        0.16%
  epoch_valid            0.13%
  epoch_preparation      0.04%
