Before CTE Training: train eu loss: 1.057024359703064, eval eu loss: 1.492782711982727
Before CTE Training: train eu acc: 0.66552734375, eval eu acc: 0.560546875
epoch   0 summary: dyn_dyn_loss   : 0.08276, dyn_sta_loss   : 4.10946, tot_dyn_loss   : 0.88810, sta_sta_loss   : 0.12050, 
train loss: 1.6289, train acc: 0.6826
epoch   1 summary: dyn_dyn_loss   : 0.07892, dyn_sta_loss   : 3.75910, tot_dyn_loss   : 0.81496, sta_sta_loss   : 0.12050, 
epoch   2 summary: dyn_dyn_loss   : 0.07498, dyn_sta_loss   : 3.46508, tot_dyn_loss   : 0.75300, sta_sta_loss   : 0.12050, 
epoch   3 summary: dyn_dyn_loss   : 0.07512, dyn_sta_loss   : 3.22824, tot_dyn_loss   : 0.70574, sta_sta_loss   : 0.12050, 
epoch   4 summary: dyn_dyn_loss   : 0.07963, dyn_sta_loss   : 3.05114, tot_dyn_loss   : 0.67393, sta_sta_loss   : 0.12050, 
epoch   5 summary: dyn_dyn_loss   : 0.08742, dyn_sta_loss   : 2.91177, tot_dyn_loss   : 0.65229, sta_sta_loss   : 0.12050, 
epoch   6 summary: dyn_dyn_loss   : 0.09719, dyn_sta_loss   : 2.79337, tot_dyn_loss   : 0.63643, sta_sta_loss   : 0.12050, 
epoch   7 summary: dyn_dyn_loss   : 0.10764, dyn_sta_loss   : 2.73607, tot_dyn_loss   : 0.63332, sta_sta_loss   : 0.12050, 
epoch   8 summary: dyn_dyn_loss   : 0.11623, dyn_sta_loss   : 2.67167, tot_dyn_loss   : 0.62732, sta_sta_loss   : 0.12050, 
epoch   9 summary: dyn_dyn_loss   : 0.12419, dyn_sta_loss   : 2.63687, tot_dyn_loss   : 0.62673, sta_sta_loss   : 0.12050, 
epoch  10 summary: dyn_dyn_loss   : 0.12897, dyn_sta_loss   : 2.61927, tot_dyn_loss   : 0.62703, sta_sta_loss   : 0.12050, 
train loss: 0.0000, train acc: 1.0000
epoch  11 summary: dyn_dyn_loss   : 0.13308, dyn_sta_loss   : 2.59389, tot_dyn_loss   : 0.62524, sta_sta_loss   : 0.12050, 
epoch  12 summary: dyn_dyn_loss   : 0.13596, dyn_sta_loss   : 2.57688, tot_dyn_loss   : 0.62414, sta_sta_loss   : 0.12050, 
epoch  13 summary: dyn_dyn_loss   : 0.13779, dyn_sta_loss   : 2.58297, tot_dyn_loss   : 0.62682, sta_sta_loss   : 0.12050, 
epoch  14 summary: dyn_dyn_loss   : 0.13791, dyn_sta_loss   : 2.56512, tot_dyn_loss   : 0.62336, sta_sta_loss   : 0.12050, 
epoch  15 summary: dyn_dyn_loss   : 0.13979, dyn_sta_loss   : 2.55859, tot_dyn_loss   : 0.62355, sta_sta_loss   : 0.12050, 
epoch  16 summary: dyn_dyn_loss   : 0.14106, dyn_sta_loss   : 2.57534, tot_dyn_loss   : 0.62791, sta_sta_loss   : 0.12050, 
epoch  17 summary: dyn_dyn_loss   : 0.13968, dyn_sta_loss   : 2.54565, tot_dyn_loss   : 0.62087, sta_sta_loss   : 0.12050, 
epoch  18 summary: dyn_dyn_loss   : 0.14192, dyn_sta_loss   : 2.56790, tot_dyn_loss   : 0.62711, sta_sta_loss   : 0.12050, 
epoch  19 summary: dyn_dyn_loss   : 0.14054, dyn_sta_loss   : 2.57261, tot_dyn_loss   : 0.62695, sta_sta_loss   : 0.12050, 
epoch  20 summary: dyn_dyn_loss   : 0.14067, dyn_sta_loss   : 2.56329, tot_dyn_loss   : 0.62519, sta_sta_loss   : 0.12050, 
train loss: 0.0000, train acc: 1.0000
epoch  21 summary: dyn_dyn_loss   : 0.14089, dyn_sta_loss   : 2.54543, tot_dyn_loss   : 0.62179, sta_sta_loss   : 0.12050, 
epoch  22 summary: dyn_dyn_loss   : 0.14213, dyn_sta_loss   : 2.55432, tot_dyn_loss   : 0.62457, sta_sta_loss   : 0.12050, 
epoch  23 summary: dyn_dyn_loss   : 0.14105, dyn_sta_loss   : 2.57343, tot_dyn_loss   : 0.62753, sta_sta_loss   : 0.12050, 
epoch  24 summary: dyn_dyn_loss   : 0.13988, dyn_sta_loss   : 2.56766, tot_dyn_loss   : 0.62544, sta_sta_loss   : 0.12050, 
epoch  25 summary: dyn_dyn_loss   : 0.14029, dyn_sta_loss   : 2.54733, tot_dyn_loss   : 0.62170, sta_sta_loss   : 0.12050, 
epoch  26 summary: dyn_dyn_loss   : 0.14199, dyn_sta_loss   : 2.54027, tot_dyn_loss   : 0.62165, sta_sta_loss   : 0.12050, 
epoch  27 summary: dyn_dyn_loss   : 0.14223, dyn_sta_loss   : 2.57530, tot_dyn_loss   : 0.62885, sta_sta_loss   : 0.12050, 
epoch  28 summary: dyn_dyn_loss   : 0.14017, dyn_sta_loss   : 2.56004, tot_dyn_loss   : 0.62415, sta_sta_loss   : 0.12050, 
epoch  29 summary: dyn_dyn_loss   : 0.14107, dyn_sta_loss   : 2.57506, tot_dyn_loss   : 0.62787, sta_sta_loss   : 0.12050, 
epoch  30 summary: dyn_dyn_loss   : 0.14008, dyn_sta_loss   : 2.55598, tot_dyn_loss   : 0.62326, sta_sta_loss   : 0.12050, 
train loss: 0.0000, train acc: 1.0000
epoch  31 summary: dyn_dyn_loss   : 0.14131, dyn_sta_loss   : 2.57872, tot_dyn_loss   : 0.62879, sta_sta_loss   : 0.12050, 
epoch  32 summary: dyn_dyn_loss   : 0.13971, dyn_sta_loss   : 2.55551, tot_dyn_loss   : 0.62287, sta_sta_loss   : 0.12050, 
epoch  33 summary: dyn_dyn_loss   : 0.14158, dyn_sta_loss   : 2.56346, tot_dyn_loss   : 0.62596, sta_sta_loss   : 0.12050, 
epoch  34 summary: dyn_dyn_loss   : 0.14085, dyn_sta_loss   : 2.54508, tot_dyn_loss   : 0.62170, sta_sta_loss   : 0.12050, 
epoch  35 summary: dyn_dyn_loss   : 0.14248, dyn_sta_loss   : 2.55734, tot_dyn_loss   : 0.62545, sta_sta_loss   : 0.12050, 
epoch  36 summary: dyn_dyn_loss   : 0.14138, dyn_sta_loss   : 2.57164, tot_dyn_loss   : 0.62743, sta_sta_loss   : 0.12050, 
epoch  37 summary: dyn_dyn_loss   : 0.13994, dyn_sta_loss   : 2.56135, tot_dyn_loss   : 0.62422, sta_sta_loss   : 0.12050, 
epoch  38 summary: dyn_dyn_loss   : 0.14089, dyn_sta_loss   : 2.55874, tot_dyn_loss   : 0.62446, sta_sta_loss   : 0.12050, 
epoch  39 summary: dyn_dyn_loss   : 0.14107, dyn_sta_loss   : 2.55282, tot_dyn_loss   : 0.62342, sta_sta_loss   : 0.12050, 
epoch  40 summary: dyn_dyn_loss   : 0.14182, dyn_sta_loss   : 2.55658, tot_dyn_loss   : 0.62477, sta_sta_loss   : 0.12050, 
train loss: 0.0000, train acc: 1.0000
epoch  41 summary: dyn_dyn_loss   : 0.14118, dyn_sta_loss   : 2.55701, tot_dyn_loss   : 0.62434, sta_sta_loss   : 0.12050, 
epoch  42 summary: dyn_dyn_loss   : 0.14127, dyn_sta_loss   : 2.56858, tot_dyn_loss   : 0.62673, sta_sta_loss   : 0.12050, 
epoch  43 summary: dyn_dyn_loss   : 0.14060, dyn_sta_loss   : 2.56825, tot_dyn_loss   : 0.62613, sta_sta_loss   : 0.12050, 
epoch  44 summary: dyn_dyn_loss   : 0.14056, dyn_sta_loss   : 2.55309, tot_dyn_loss   : 0.62307, sta_sta_loss   : 0.12050, 
epoch  45 summary: dyn_dyn_loss   : 0.14145, dyn_sta_loss   : 2.56976, tot_dyn_loss   : 0.62711, sta_sta_loss   : 0.12050, 
epoch  46 summary: dyn_dyn_loss   : 0.14059, dyn_sta_loss   : 2.54670, tot_dyn_loss   : 0.62181, sta_sta_loss   : 0.12050, 
epoch  47 summary: dyn_dyn_loss   : 0.14243, dyn_sta_loss   : 2.54118, tot_dyn_loss   : 0.62218, sta_sta_loss   : 0.12050, 
epoch  48 summary: dyn_dyn_loss   : 0.14237, dyn_sta_loss   : 2.58294, tot_dyn_loss   : 0.63048, sta_sta_loss   : 0.12050, 
epoch  49 summary: dyn_dyn_loss   : 0.14000, dyn_sta_loss   : 2.56787, tot_dyn_loss   : 0.62557, sta_sta_loss   : 0.12050, 
epoch  50 summary: dyn_dyn_loss   : 0.14008, dyn_sta_loss   : 2.56530, tot_dyn_loss   : 0.62512, sta_sta_loss   : 0.12050, 
train loss: 0.0000, train acc: 1.0000
epoch  51 summary: dyn_dyn_loss   : 0.14043, dyn_sta_loss   : 2.57234, tot_dyn_loss   : 0.62681, sta_sta_loss   : 0.12050, 
epoch  52 summary: dyn_dyn_loss   : 0.14010, dyn_sta_loss   : 2.55850, tot_dyn_loss   : 0.62378, sta_sta_loss   : 0.12050, 
epoch  53 summary: dyn_dyn_loss   : 0.14090, dyn_sta_loss   : 2.55118, tot_dyn_loss   : 0.62296, sta_sta_loss   : 0.12050, 
epoch  54 summary: dyn_dyn_loss   : 0.14188, dyn_sta_loss   : 2.55980, tot_dyn_loss   : 0.62546, sta_sta_loss   : 0.12050, 
epoch  55 summary: dyn_dyn_loss   : 0.14139, dyn_sta_loss   : 2.56111, tot_dyn_loss   : 0.62534, sta_sta_loss   : 0.12050, 
epoch  56 summary: dyn_dyn_loss   : 0.14157, dyn_sta_loss   : 2.55274, tot_dyn_loss   : 0.62381, sta_sta_loss   : 0.12050, 
epoch  57 summary: dyn_dyn_loss   : 0.14148, dyn_sta_loss   : 2.57486, tot_dyn_loss   : 0.62816, sta_sta_loss   : 0.12050, 
epoch  58 summary: dyn_dyn_loss   : 0.13965, dyn_sta_loss   : 2.56472, tot_dyn_loss   : 0.62467, sta_sta_loss   : 0.12050, 
epoch  59 summary: dyn_dyn_loss   : 0.14027, dyn_sta_loss   : 2.56200, tot_dyn_loss   : 0.62462, sta_sta_loss   : 0.12050, 
epoch  60 summary: dyn_dyn_loss   : 0.14092, dyn_sta_loss   : 2.56053, tot_dyn_loss   : 0.62484, sta_sta_loss   : 0.12050, 
train loss: 0.0000, train acc: 1.0000
epoch  61 summary: dyn_dyn_loss   : 0.14074, dyn_sta_loss   : 2.57469, tot_dyn_loss   : 0.62753, sta_sta_loss   : 0.12050, 
epoch  62 summary: dyn_dyn_loss   : 0.13990, dyn_sta_loss   : 2.56062, tot_dyn_loss   : 0.62405, sta_sta_loss   : 0.12050, 
epoch  63 summary: dyn_dyn_loss   : 0.14085, dyn_sta_loss   : 2.55936, tot_dyn_loss   : 0.62455, sta_sta_loss   : 0.12050, 
epoch  64 summary: dyn_dyn_loss   : 0.14115, dyn_sta_loss   : 2.55484, tot_dyn_loss   : 0.62389, sta_sta_loss   : 0.12050, 
epoch  65 summary: dyn_dyn_loss   : 0.14201, dyn_sta_loss   : 2.54831, tot_dyn_loss   : 0.62327, sta_sta_loss   : 0.12050, 
epoch  66 summary: dyn_dyn_loss   : 0.14174, dyn_sta_loss   : 2.57379, tot_dyn_loss   : 0.62815, sta_sta_loss   : 0.12050, 
epoch  67 summary: dyn_dyn_loss   : 0.13996, dyn_sta_loss   : 2.57116, tot_dyn_loss   : 0.62620, sta_sta_loss   : 0.12050, 
epoch  68 summary: dyn_dyn_loss   : 0.13996, dyn_sta_loss   : 2.56360, tot_dyn_loss   : 0.62469, sta_sta_loss   : 0.12050, 
epoch  69 summary: dyn_dyn_loss   : 0.14058, dyn_sta_loss   : 2.56401, tot_dyn_loss   : 0.62527, sta_sta_loss   : 0.12050, 
epoch  70 summary: dyn_dyn_loss   : 0.14095, dyn_sta_loss   : 2.56332, tot_dyn_loss   : 0.62542, sta_sta_loss   : 0.12050, 
train loss: 0.0000, train acc: 1.0000
epoch  71 summary: dyn_dyn_loss   : 0.14097, dyn_sta_loss   : 2.55976, tot_dyn_loss   : 0.62472, sta_sta_loss   : 0.12050, 
epoch  72 summary: dyn_dyn_loss   : 0.14138, dyn_sta_loss   : 2.55432, tot_dyn_loss   : 0.62397, sta_sta_loss   : 0.12050, 
epoch  73 summary: dyn_dyn_loss   : 0.14210, dyn_sta_loss   : 2.55285, tot_dyn_loss   : 0.62425, sta_sta_loss   : 0.12050, 
epoch  74 summary: dyn_dyn_loss   : 0.14222, dyn_sta_loss   : 2.55109, tot_dyn_loss   : 0.62399, sta_sta_loss   : 0.12050, 
epoch  75 summary: dyn_dyn_loss   : 0.14205, dyn_sta_loss   : 2.57224, tot_dyn_loss   : 0.62808, sta_sta_loss   : 0.12050, 
epoch  76 summary: dyn_dyn_loss   : 0.14039, dyn_sta_loss   : 2.57102, tot_dyn_loss   : 0.62652, sta_sta_loss   : 0.12050, 
epoch  77 summary: dyn_dyn_loss   : 0.14005, dyn_sta_loss   : 2.57154, tot_dyn_loss   : 0.62634, sta_sta_loss   : 0.12050, 
epoch  78 summary: dyn_dyn_loss   : 0.14039, dyn_sta_loss   : 2.55770, tot_dyn_loss   : 0.62385, sta_sta_loss   : 0.12050, 
epoch  79 summary: dyn_dyn_loss   : 0.14137, dyn_sta_loss   : 2.55588, tot_dyn_loss   : 0.62428, sta_sta_loss   : 0.12050, 
epoch  80 summary: dyn_dyn_loss   : 0.14193, dyn_sta_loss   : 2.55986, tot_dyn_loss   : 0.62551, sta_sta_loss   : 0.12050, 
train loss: 0.0000, train acc: 1.0000
epoch  81 summary: dyn_dyn_loss   : 0.14125, dyn_sta_loss   : 2.55182, tot_dyn_loss   : 0.62336, sta_sta_loss   : 0.12050, 
epoch  82 summary: dyn_dyn_loss   : 0.14178, dyn_sta_loss   : 2.55705, tot_dyn_loss   : 0.62483, sta_sta_loss   : 0.12050, 
epoch  83 summary: dyn_dyn_loss   : 0.14185, dyn_sta_loss   : 2.56509, tot_dyn_loss   : 0.62650, sta_sta_loss   : 0.12050, 
epoch  84 summary: dyn_dyn_loss   : 0.14091, dyn_sta_loss   : 2.56618, tot_dyn_loss   : 0.62597, sta_sta_loss   : 0.12050, 
epoch  85 summary: dyn_dyn_loss   : 0.14114, dyn_sta_loss   : 2.55776, tot_dyn_loss   : 0.62446, sta_sta_loss   : 0.12050, 
epoch  86 summary: dyn_dyn_loss   : 0.14159, dyn_sta_loss   : 2.55227, tot_dyn_loss   : 0.62372, sta_sta_loss   : 0.12050, 
epoch  87 summary: dyn_dyn_loss   : 0.14174, dyn_sta_loss   : 2.57294, tot_dyn_loss   : 0.62798, sta_sta_loss   : 0.12050, 
epoch  88 summary: dyn_dyn_loss   : 0.13985, dyn_sta_loss   : 2.56075, tot_dyn_loss   : 0.62403, sta_sta_loss   : 0.12050, 
epoch  89 summary: dyn_dyn_loss   : 0.14057, dyn_sta_loss   : 2.56198, tot_dyn_loss   : 0.62485, sta_sta_loss   : 0.12050, 
epoch  90 summary: dyn_dyn_loss   : 0.14123, dyn_sta_loss   : 2.54317, tot_dyn_loss   : 0.62162, sta_sta_loss   : 0.12050, 
train loss: 0.0000, train acc: 1.0000
epoch  91 summary: dyn_dyn_loss   : 0.14313, dyn_sta_loss   : 2.53622, tot_dyn_loss   : 0.62175, sta_sta_loss   : 0.12050, 
epoch  92 summary: dyn_dyn_loss   : 0.14359, dyn_sta_loss   : 2.55513, tot_dyn_loss   : 0.62590, sta_sta_loss   : 0.12050, 
epoch  93 summary: dyn_dyn_loss   : 0.14181, dyn_sta_loss   : 2.54455, tot_dyn_loss   : 0.62236, sta_sta_loss   : 0.12050, 
epoch  94 summary: dyn_dyn_loss   : 0.14190, dyn_sta_loss   : 2.56865, tot_dyn_loss   : 0.62725, sta_sta_loss   : 0.12050, 
epoch  95 summary: dyn_dyn_loss   : 0.13991, dyn_sta_loss   : 2.57572, tot_dyn_loss   : 0.62707, sta_sta_loss   : 0.12050, 
epoch  96 summary: dyn_dyn_loss   : 0.13990, dyn_sta_loss   : 2.56731, tot_dyn_loss   : 0.62538, sta_sta_loss   : 0.12050, 
epoch  97 summary: dyn_dyn_loss   : 0.14019, dyn_sta_loss   : 2.55581, tot_dyn_loss   : 0.62331, sta_sta_loss   : 0.12050, 
epoch  98 summary: dyn_dyn_loss   : 0.14149, dyn_sta_loss   : 2.54518, tot_dyn_loss   : 0.62223, sta_sta_loss   : 0.12050, 
epoch  99 summary: dyn_dyn_loss   : 0.14196, dyn_sta_loss   : 2.56335, tot_dyn_loss   : 0.62623, sta_sta_loss   : 0.12050, 
train loss: 0.0000, train acc: 1.0000
all                         689481.457ms
all_epoch                   689083.632ms
all_preparation                397.788ms
all_preparation_2              396.680ms
all_preparation_3                1.085ms
epoch                         6724.656ms
epoch_pos_train                  1.125ms
epoch_preparation                3.258ms
epoch_train                   6713.640ms
epoch_valid                      6.170ms
----------------------------------------
all                         689481.457ms
  all_epoch             99.94%
  all_preparation        0.06%
all_preparation                397.788ms
  all_preparation_2     99.72%
  all_preparation_3      0.27%
epoch                       672465.599ms
  epoch_train           99.84%
  epoch_valid            0.09%
  epoch_preparation      0.05%
  epoch_pos_train        0.02%
epoch   0 summary: dyn_dyn_cos_loss: 0.00000, dyn_sta_cos_loss: 0.00000, total_cos_loss : 0.07511, 
valid loss: 3.7128, valid acc: 0.2109
epoch   1 summary: dyn_dyn_cos_loss: 0.00000, dyn_sta_cos_loss: 0.00000, total_cos_loss : 0.06231, 
epoch   2 summary: dyn_dyn_cos_loss: 0.00000, dyn_sta_cos_loss: 0.00000, total_cos_loss : 0.05662, 
epoch   3 summary: dyn_dyn_cos_loss: 0.00000, dyn_sta_cos_loss: 0.00000, total_cos_loss : 0.05345, 
epoch   4 summary: dyn_dyn_cos_loss: 0.00000, dyn_sta_cos_loss: 0.00000, total_cos_loss : 0.05134, 
epoch   5 summary: dyn_dyn_cos_loss: 0.00000, dyn_sta_cos_loss: 0.00000, total_cos_loss : 0.05001, 
epoch   6 summary: dyn_dyn_cos_loss: 0.00000, dyn_sta_cos_loss: 0.00000, total_cos_loss : 0.04910, 
epoch   7 summary: dyn_dyn_cos_loss: 0.00000, dyn_sta_cos_loss: 0.00000, total_cos_loss : 0.04851, 
epoch   8 summary: dyn_dyn_cos_loss: 0.00000, dyn_sta_cos_loss: 0.00000, total_cos_loss : 0.04804, 
epoch   9 summary: dyn_dyn_cos_loss: 0.00000, dyn_sta_cos_loss: 0.00000, total_cos_loss : 0.04771, 
epoch  10 summary: dyn_dyn_cos_loss: 0.00000, dyn_sta_cos_loss: 0.00000, total_cos_loss : 0.04749, 
valid loss: 2.3936, valid acc: 0.4492
epoch  11 summary: dyn_dyn_cos_loss: 0.00000, dyn_sta_cos_loss: 0.00000, total_cos_loss : 0.04735, 
epoch  12 summary: dyn_dyn_cos_loss: 0.00000, dyn_sta_cos_loss: 0.00000, total_cos_loss : 0.04723, 
epoch  13 summary: dyn_dyn_cos_loss: 0.00000, dyn_sta_cos_loss: 0.00000, total_cos_loss : 0.04712, 
epoch  14 summary: dyn_dyn_cos_loss: 0.00000, dyn_sta_cos_loss: 0.00000, total_cos_loss : 0.04706, 
epoch  15 summary: dyn_dyn_cos_loss: 0.00000, dyn_sta_cos_loss: 0.00000, total_cos_loss : 0.04700, 
epoch  16 summary: dyn_dyn_cos_loss: 0.00000, dyn_sta_cos_loss: 0.00000, total_cos_loss : 0.04696, 
epoch  17 summary: dyn_dyn_cos_loss: 0.00000, dyn_sta_cos_loss: 0.00000, total_cos_loss : 0.04692, 
epoch  18 summary: dyn_dyn_cos_loss: 0.00000, dyn_sta_cos_loss: 0.00000, total_cos_loss : 0.04689, 
epoch  19 summary: dyn_dyn_cos_loss: 0.00000, dyn_sta_cos_loss: 0.00000, total_cos_loss : 0.04686, 
epoch  20 summary: dyn_dyn_cos_loss: 0.00000, dyn_sta_cos_loss: 0.00000, total_cos_loss : 0.04684, 
valid loss: 2.3266, valid acc: 0.4629
epoch  21 summary: dyn_dyn_cos_loss: 0.00000, dyn_sta_cos_loss: 0.00000, total_cos_loss : 0.04682, 
epoch  22 summary: dyn_dyn_cos_loss: 0.00000, dyn_sta_cos_loss: 0.00000, total_cos_loss : 0.04681, 
epoch  23 summary: dyn_dyn_cos_loss: 0.00000, dyn_sta_cos_loss: 0.00000, total_cos_loss : 0.04680, 
epoch  24 summary: dyn_dyn_cos_loss: 0.00000, dyn_sta_cos_loss: 0.00000, total_cos_loss : 0.04679, 
epoch  25 summary: dyn_dyn_cos_loss: 0.00000, dyn_sta_cos_loss: 0.00000, total_cos_loss : 0.04679, 
epoch  26 summary: dyn_dyn_cos_loss: 0.00000, dyn_sta_cos_loss: 0.00000, total_cos_loss : 0.04678, 
epoch  27 summary: dyn_dyn_cos_loss: 0.00000, dyn_sta_cos_loss: 0.00000, total_cos_loss : 0.04678, 
epoch  28 summary: dyn_dyn_cos_loss: 0.00000, dyn_sta_cos_loss: 0.00000, total_cos_loss : 0.04677, 
epoch  29 summary: dyn_dyn_cos_loss: 0.00000, dyn_sta_cos_loss: 0.00000, total_cos_loss : 0.04677, 
epoch  30 summary: dyn_dyn_cos_loss: 0.00000, dyn_sta_cos_loss: 0.00000, total_cos_loss : 0.04677, 
valid loss: 2.3137, valid acc: 0.4668
epoch  31 summary: dyn_dyn_cos_loss: 0.00000, dyn_sta_cos_loss: 0.00000, total_cos_loss : 0.04676, 
epoch  32 summary: dyn_dyn_cos_loss: 0.00000, dyn_sta_cos_loss: 0.00000, total_cos_loss : 0.04676, 
epoch  33 summary: dyn_dyn_cos_loss: 0.00000, dyn_sta_cos_loss: 0.00000, total_cos_loss : 0.04676, 
epoch  34 summary: dyn_dyn_cos_loss: 0.00000, dyn_sta_cos_loss: 0.00000, total_cos_loss : 0.04676, 
epoch  35 summary: dyn_dyn_cos_loss: 0.00000, dyn_sta_cos_loss: 0.00000, total_cos_loss : 0.04676, 
epoch  36 summary: dyn_dyn_cos_loss: 0.00000, dyn_sta_cos_loss: 0.00000, total_cos_loss : 0.04675, 
epoch  37 summary: dyn_dyn_cos_loss: 0.00000, dyn_sta_cos_loss: 0.00000, total_cos_loss : 0.04675, 
epoch  38 summary: dyn_dyn_cos_loss: 0.00000, dyn_sta_cos_loss: 0.00000, total_cos_loss : 0.04675, 
epoch  39 summary: dyn_dyn_cos_loss: 0.00000, dyn_sta_cos_loss: 0.00000, total_cos_loss : 0.04675, 
epoch  40 summary: dyn_dyn_cos_loss: 0.00000, dyn_sta_cos_loss: 0.00000, total_cos_loss : 0.04675, 
valid loss: 2.3172, valid acc: 0.4668
epoch  41 summary: dyn_dyn_cos_loss: 0.00000, dyn_sta_cos_loss: 0.00000, total_cos_loss : 0.04675, 
epoch  42 summary: dyn_dyn_cos_loss: 0.00000, dyn_sta_cos_loss: 0.00000, total_cos_loss : 0.04675, 
epoch  43 summary: dyn_dyn_cos_loss: 0.00000, dyn_sta_cos_loss: 0.00000, total_cos_loss : 0.04675, 
epoch  44 summary: dyn_dyn_cos_loss: 0.00000, dyn_sta_cos_loss: 0.00000, total_cos_loss : 0.04675, 
epoch  45 summary: dyn_dyn_cos_loss: 0.00000, dyn_sta_cos_loss: 0.00000, total_cos_loss : 0.04674, 
epoch  46 summary: dyn_dyn_cos_loss: 0.00000, dyn_sta_cos_loss: 0.00000, total_cos_loss : 0.04674, 
epoch  47 summary: dyn_dyn_cos_loss: 0.00000, dyn_sta_cos_loss: 0.00000, total_cos_loss : 0.04674, 
epoch  48 summary: dyn_dyn_cos_loss: 0.00000, dyn_sta_cos_loss: 0.00000, total_cos_loss : 0.04674, 
epoch  49 summary: dyn_dyn_cos_loss: 0.00000, dyn_sta_cos_loss: 0.00000, total_cos_loss : 0.04674, 
epoch  50 summary: dyn_dyn_cos_loss: 0.00000, dyn_sta_cos_loss: 0.00000, total_cos_loss : 0.04674, 
valid loss: 2.3166, valid acc: 0.4668
epoch  51 summary: dyn_dyn_cos_loss: 0.00000, dyn_sta_cos_loss: 0.00000, total_cos_loss : 0.04674, 
epoch  52 summary: dyn_dyn_cos_loss: 0.00000, dyn_sta_cos_loss: 0.00000, total_cos_loss : 0.04674, 
epoch  53 summary: dyn_dyn_cos_loss: 0.00000, dyn_sta_cos_loss: 0.00000, total_cos_loss : 0.04674, 
epoch  54 summary: dyn_dyn_cos_loss: 0.00000, dyn_sta_cos_loss: 0.00000, total_cos_loss : 0.04674, 
epoch  55 summary: dyn_dyn_cos_loss: 0.00000, dyn_sta_cos_loss: 0.00000, total_cos_loss : 0.04674, 
epoch  56 summary: dyn_dyn_cos_loss: 0.00000, dyn_sta_cos_loss: 0.00000, total_cos_loss : 0.04674, 
epoch  57 summary: dyn_dyn_cos_loss: 0.00000, dyn_sta_cos_loss: 0.00000, total_cos_loss : 0.04674, 
epoch  58 summary: dyn_dyn_cos_loss: 0.00000, dyn_sta_cos_loss: 0.00000, total_cos_loss : 0.04674, 
epoch  59 summary: dyn_dyn_cos_loss: 0.00000, dyn_sta_cos_loss: 0.00000, total_cos_loss : 0.04674, 
epoch  60 summary: dyn_dyn_cos_loss: 0.00000, dyn_sta_cos_loss: 0.00000, total_cos_loss : 0.04674, 
valid loss: 2.3157, valid acc: 0.4688
epoch  61 summary: dyn_dyn_cos_loss: 0.00000, dyn_sta_cos_loss: 0.00000, total_cos_loss : 0.04673, 
epoch  62 summary: dyn_dyn_cos_loss: 0.00000, dyn_sta_cos_loss: 0.00000, total_cos_loss : 0.04673, 
epoch  63 summary: dyn_dyn_cos_loss: 0.00000, dyn_sta_cos_loss: 0.00000, total_cos_loss : 0.04673, 
epoch  64 summary: dyn_dyn_cos_loss: 0.00000, dyn_sta_cos_loss: 0.00000, total_cos_loss : 0.04673, 
epoch  65 summary: dyn_dyn_cos_loss: 0.00000, dyn_sta_cos_loss: 0.00000, total_cos_loss : 0.04673, 
epoch  66 summary: dyn_dyn_cos_loss: 0.00000, dyn_sta_cos_loss: 0.00000, total_cos_loss : 0.04673, 
epoch  67 summary: dyn_dyn_cos_loss: 0.00000, dyn_sta_cos_loss: 0.00000, total_cos_loss : 0.04673, 
epoch  68 summary: dyn_dyn_cos_loss: 0.00000, dyn_sta_cos_loss: 0.00000, total_cos_loss : 0.04673, 
epoch  69 summary: dyn_dyn_cos_loss: 0.00000, dyn_sta_cos_loss: 0.00000, total_cos_loss : 0.04673, 
epoch  70 summary: dyn_dyn_cos_loss: 0.00000, dyn_sta_cos_loss: 0.00000, total_cos_loss : 0.04673, 
valid loss: 2.3110, valid acc: 0.4668
epoch  71 summary: dyn_dyn_cos_loss: 0.00000, dyn_sta_cos_loss: 0.00000, total_cos_loss : 0.04673, 
epoch  72 summary: dyn_dyn_cos_loss: 0.00000, dyn_sta_cos_loss: 0.00000, total_cos_loss : 0.04673, 
epoch  73 summary: dyn_dyn_cos_loss: 0.00000, dyn_sta_cos_loss: 0.00000, total_cos_loss : 0.04673, 
epoch  74 summary: dyn_dyn_cos_loss: 0.00000, dyn_sta_cos_loss: 0.00000, total_cos_loss : 0.04672, 
epoch  75 summary: dyn_dyn_cos_loss: 0.00000, dyn_sta_cos_loss: 0.00000, total_cos_loss : 0.04672, 
epoch  76 summary: dyn_dyn_cos_loss: 0.00000, dyn_sta_cos_loss: 0.00000, total_cos_loss : 0.04672, 
epoch  77 summary: dyn_dyn_cos_loss: 0.00000, dyn_sta_cos_loss: 0.00000, total_cos_loss : 0.04672, 
epoch  78 summary: dyn_dyn_cos_loss: 0.00000, dyn_sta_cos_loss: 0.00000, total_cos_loss : 0.04672, 
epoch  79 summary: dyn_dyn_cos_loss: 0.00000, dyn_sta_cos_loss: 0.00000, total_cos_loss : 0.04672, 
epoch  80 summary: dyn_dyn_cos_loss: 0.00000, dyn_sta_cos_loss: 0.00000, total_cos_loss : 0.04672, 
valid loss: 2.3037, valid acc: 0.4668
epoch  81 summary: dyn_dyn_cos_loss: 0.00000, dyn_sta_cos_loss: 0.00000, total_cos_loss : 0.04672, 
epoch  82 summary: dyn_dyn_cos_loss: 0.00000, dyn_sta_cos_loss: 0.00000, total_cos_loss : 0.04671, 
epoch  83 summary: dyn_dyn_cos_loss: 0.00000, dyn_sta_cos_loss: 0.00000, total_cos_loss : 0.04671, 
epoch  84 summary: dyn_dyn_cos_loss: 0.00000, dyn_sta_cos_loss: 0.00000, total_cos_loss : 0.04671, 
epoch  85 summary: dyn_dyn_cos_loss: 0.00000, dyn_sta_cos_loss: 0.00000, total_cos_loss : 0.04671, 
epoch  86 summary: dyn_dyn_cos_loss: 0.00000, dyn_sta_cos_loss: 0.00000, total_cos_loss : 0.04671, 
epoch  87 summary: dyn_dyn_cos_loss: 0.00000, dyn_sta_cos_loss: 0.00000, total_cos_loss : 0.04671, 
epoch  88 summary: dyn_dyn_cos_loss: 0.00000, dyn_sta_cos_loss: 0.00000, total_cos_loss : 0.04671, 
epoch  89 summary: dyn_dyn_cos_loss: 0.00000, dyn_sta_cos_loss: 0.00000, total_cos_loss : 0.04671, 
epoch  90 summary: dyn_dyn_cos_loss: 0.00000, dyn_sta_cos_loss: 0.00000, total_cos_loss : 0.04671, 
valid loss: 2.3005, valid acc: 0.4648
epoch  91 summary: dyn_dyn_cos_loss: 0.00000, dyn_sta_cos_loss: 0.00000, total_cos_loss : 0.04671, 
epoch  92 summary: dyn_dyn_cos_loss: 0.00000, dyn_sta_cos_loss: 0.00000, total_cos_loss : 0.04671, 
epoch  93 summary: dyn_dyn_cos_loss: 0.00000, dyn_sta_cos_loss: 0.00000, total_cos_loss : 0.04671, 
epoch  94 summary: dyn_dyn_cos_loss: 0.00000, dyn_sta_cos_loss: 0.00000, total_cos_loss : 0.04671, 
epoch  95 summary: dyn_dyn_cos_loss: 0.00000, dyn_sta_cos_loss: 0.00000, total_cos_loss : 0.04671, 
epoch  96 summary: dyn_dyn_cos_loss: 0.00000, dyn_sta_cos_loss: 0.00000, total_cos_loss : 0.04671, 
epoch  97 summary: dyn_dyn_cos_loss: 0.00000, dyn_sta_cos_loss: 0.00000, total_cos_loss : 0.04671, 
epoch  98 summary: dyn_dyn_cos_loss: 0.00000, dyn_sta_cos_loss: 0.00000, total_cos_loss : 0.04671, 
epoch  99 summary: dyn_dyn_cos_loss: 0.00000, dyn_sta_cos_loss: 0.00000, total_cos_loss : 0.04671, 
valid loss: 2.3013, valid acc: 0.4648
all                          93548.487ms
all_epoch                    93438.365ms
all_preparation                110.094ms
all_preparation_2              108.886ms
all_preparation_3                1.189ms
epoch                          838.088ms
epoch_pos_train                  1.336ms
epoch_preparation                0.281ms
epoch_train                    835.346ms
epoch_valid                      0.719ms
----------------------------------------
all                          93548.487ms
  all_epoch             99.88%
  all_preparation        0.12%
all_preparation                110.094ms
  all_preparation_2     98.90%
  all_preparation_3      1.08%
epoch                        83808.836ms
  epoch_train           99.67%
  epoch_pos_train        0.16%
  epoch_valid            0.09%
  epoch_preparation      0.03%
