Before CTE Training: train eu loss: 1.057024359703064, eval eu loss: 1.492782711982727
Before CTE Training: train eu acc: 0.66552734375, eval eu acc: 0.560546875
epoch   0 summary: dyn_dyn_loss   : 0.08012, dyn_sta_loss   : 4.15252, tot_dyn_loss   : 0.81315, sta_sta_loss   : 0.12050, 
train loss: 2.4549, train acc: 0.4941
epoch   1 summary: dyn_dyn_loss   : 0.07864, dyn_sta_loss   : 3.92721, tot_dyn_loss   : 0.77138, sta_sta_loss   : 0.12050, 
epoch   2 summary: dyn_dyn_loss   : 0.07601, dyn_sta_loss   : 3.72091, tot_dyn_loss   : 0.73210, sta_sta_loss   : 0.12050, 
epoch   3 summary: dyn_dyn_loss   : 0.07375, dyn_sta_loss   : 3.53961, tot_dyn_loss   : 0.69760, sta_sta_loss   : 0.12050, 
epoch   4 summary: dyn_dyn_loss   : 0.07265, dyn_sta_loss   : 3.37911, tot_dyn_loss   : 0.66782, sta_sta_loss   : 0.12050, 
epoch   5 summary: dyn_dyn_loss   : 0.07306, dyn_sta_loss   : 3.23692, tot_dyn_loss   : 0.64256, sta_sta_loss   : 0.12050, 
epoch   6 summary: dyn_dyn_loss   : 0.07513, dyn_sta_loss   : 3.11739, tot_dyn_loss   : 0.62273, sta_sta_loss   : 0.12050, 
epoch   7 summary: dyn_dyn_loss   : 0.07859, dyn_sta_loss   : 3.01407, tot_dyn_loss   : 0.60697, sta_sta_loss   : 0.12050, 
epoch   8 summary: dyn_dyn_loss   : 0.08350, dyn_sta_loss   : 2.92262, tot_dyn_loss   : 0.59455, sta_sta_loss   : 0.12050, 
epoch   9 summary: dyn_dyn_loss   : 0.08909, dyn_sta_loss   : 2.84906, tot_dyn_loss   : 0.58589, sta_sta_loss   : 0.12050, 
epoch  10 summary: dyn_dyn_loss   : 0.09526, dyn_sta_loss   : 2.79688, tot_dyn_loss   : 0.58156, sta_sta_loss   : 0.12050, 
train loss: 0.0001, train acc: 1.0000
epoch  11 summary: dyn_dyn_loss   : 0.10130, dyn_sta_loss   : 2.74192, tot_dyn_loss   : 0.57661, sta_sta_loss   : 0.12050, 
epoch  12 summary: dyn_dyn_loss   : 0.10721, dyn_sta_loss   : 2.69814, tot_dyn_loss   : 0.57357, sta_sta_loss   : 0.12050, 
epoch  13 summary: dyn_dyn_loss   : 0.11305, dyn_sta_loss   : 2.65638, tot_dyn_loss   : 0.57085, sta_sta_loss   : 0.12050, 
epoch  14 summary: dyn_dyn_loss   : 0.11782, dyn_sta_loss   : 2.63884, tot_dyn_loss   : 0.57160, sta_sta_loss   : 0.12050, 
epoch  15 summary: dyn_dyn_loss   : 0.12096, dyn_sta_loss   : 2.61776, tot_dyn_loss   : 0.57038, sta_sta_loss   : 0.12050, 
epoch  16 summary: dyn_dyn_loss   : 0.12391, dyn_sta_loss   : 2.61013, tot_dyn_loss   : 0.57143, sta_sta_loss   : 0.12050, 
epoch  17 summary: dyn_dyn_loss   : 0.12596, dyn_sta_loss   : 2.58869, tot_dyn_loss   : 0.56925, sta_sta_loss   : 0.12050, 
epoch  18 summary: dyn_dyn_loss   : 0.12834, dyn_sta_loss   : 2.57551, tot_dyn_loss   : 0.56883, sta_sta_loss   : 0.12050, 
epoch  19 summary: dyn_dyn_loss   : 0.13028, dyn_sta_loss   : 2.56876, tot_dyn_loss   : 0.56921, sta_sta_loss   : 0.12050, 
epoch  20 summary: dyn_dyn_loss   : 0.13135, dyn_sta_loss   : 2.56565, tot_dyn_loss   : 0.56952, sta_sta_loss   : 0.12050, 
train loss: 0.0000, train acc: 1.0000
epoch  21 summary: dyn_dyn_loss   : 0.13240, dyn_sta_loss   : 2.55987, tot_dyn_loss   : 0.56934, sta_sta_loss   : 0.12050, 
epoch  22 summary: dyn_dyn_loss   : 0.13310, dyn_sta_loss   : 2.57095, tot_dyn_loss   : 0.57191, sta_sta_loss   : 0.12050, 
epoch  23 summary: dyn_dyn_loss   : 0.13299, dyn_sta_loss   : 2.56472, tot_dyn_loss   : 0.57070, sta_sta_loss   : 0.12050, 
epoch  24 summary: dyn_dyn_loss   : 0.13335, dyn_sta_loss   : 2.55263, tot_dyn_loss   : 0.56882, sta_sta_loss   : 0.12050, 
epoch  25 summary: dyn_dyn_loss   : 0.13410, dyn_sta_loss   : 2.54925, tot_dyn_loss   : 0.56883, sta_sta_loss   : 0.12050, 
epoch  26 summary: dyn_dyn_loss   : 0.13463, dyn_sta_loss   : 2.54298, tot_dyn_loss   : 0.56814, sta_sta_loss   : 0.12050, 
epoch  27 summary: dyn_dyn_loss   : 0.13531, dyn_sta_loss   : 2.53924, tot_dyn_loss   : 0.56802, sta_sta_loss   : 0.12050, 
epoch  28 summary: dyn_dyn_loss   : 0.13549, dyn_sta_loss   : 2.53910, tot_dyn_loss   : 0.56814, sta_sta_loss   : 0.12050, 
epoch  29 summary: dyn_dyn_loss   : 0.13593, dyn_sta_loss   : 2.53133, tot_dyn_loss   : 0.56710, sta_sta_loss   : 0.12050, 
epoch  30 summary: dyn_dyn_loss   : 0.13637, dyn_sta_loss   : 2.52913, tot_dyn_loss   : 0.56706, sta_sta_loss   : 0.12050, 
train loss: 0.0000, train acc: 1.0000
epoch  31 summary: dyn_dyn_loss   : 0.13667, dyn_sta_loss   : 2.55246, tot_dyn_loss   : 0.57151, sta_sta_loss   : 0.12050, 
epoch  32 summary: dyn_dyn_loss   : 0.13540, dyn_sta_loss   : 2.54301, tot_dyn_loss   : 0.56877, sta_sta_loss   : 0.12050, 
epoch  33 summary: dyn_dyn_loss   : 0.13550, dyn_sta_loss   : 2.53933, tot_dyn_loss   : 0.56819, sta_sta_loss   : 0.12050, 
epoch  34 summary: dyn_dyn_loss   : 0.13571, dyn_sta_loss   : 2.53340, tot_dyn_loss   : 0.56730, sta_sta_loss   : 0.12050, 
epoch  35 summary: dyn_dyn_loss   : 0.13607, dyn_sta_loss   : 2.53756, tot_dyn_loss   : 0.56834, sta_sta_loss   : 0.12050, 
epoch  36 summary: dyn_dyn_loss   : 0.13591, dyn_sta_loss   : 2.55011, tot_dyn_loss   : 0.57047, sta_sta_loss   : 0.12050, 
epoch  37 summary: dyn_dyn_loss   : 0.13520, dyn_sta_loss   : 2.54265, tot_dyn_loss   : 0.56854, sta_sta_loss   : 0.12050, 
epoch  38 summary: dyn_dyn_loss   : 0.13529, dyn_sta_loss   : 2.53752, tot_dyn_loss   : 0.56769, sta_sta_loss   : 0.12050, 
epoch  39 summary: dyn_dyn_loss   : 0.13558, dyn_sta_loss   : 2.53924, tot_dyn_loss   : 0.56824, sta_sta_loss   : 0.12050, 
epoch  40 summary: dyn_dyn_loss   : 0.13580, dyn_sta_loss   : 2.54166, tot_dyn_loss   : 0.56885, sta_sta_loss   : 0.12050, 
train loss: 0.0000, train acc: 1.0000
epoch  41 summary: dyn_dyn_loss   : 0.13545, dyn_sta_loss   : 2.53694, tot_dyn_loss   : 0.56772, sta_sta_loss   : 0.12050, 
epoch  42 summary: dyn_dyn_loss   : 0.13562, dyn_sta_loss   : 2.54075, tot_dyn_loss   : 0.56854, sta_sta_loss   : 0.12050, 
epoch  43 summary: dyn_dyn_loss   : 0.13534, dyn_sta_loss   : 2.54626, tot_dyn_loss   : 0.56930, sta_sta_loss   : 0.12050, 
epoch  44 summary: dyn_dyn_loss   : 0.13503, dyn_sta_loss   : 2.54905, tot_dyn_loss   : 0.56956, sta_sta_loss   : 0.12050, 
epoch  45 summary: dyn_dyn_loss   : 0.13469, dyn_sta_loss   : 2.54227, tot_dyn_loss   : 0.56805, sta_sta_loss   : 0.12050, 
epoch  46 summary: dyn_dyn_loss   : 0.13486, dyn_sta_loss   : 2.55976, tot_dyn_loss   : 0.57134, sta_sta_loss   : 0.12050, 
epoch  47 summary: dyn_dyn_loss   : 0.13386, dyn_sta_loss   : 2.54793, tot_dyn_loss   : 0.56839, sta_sta_loss   : 0.12050, 
epoch  48 summary: dyn_dyn_loss   : 0.13415, dyn_sta_loss   : 2.54893, tot_dyn_loss   : 0.56881, sta_sta_loss   : 0.12050, 
epoch  49 summary: dyn_dyn_loss   : 0.13427, dyn_sta_loss   : 2.55299, tot_dyn_loss   : 0.56964, sta_sta_loss   : 0.12050, 
epoch  50 summary: dyn_dyn_loss   : 0.13393, dyn_sta_loss   : 2.54527, tot_dyn_loss   : 0.56797, sta_sta_loss   : 0.12050, 
train loss: 0.0000, train acc: 1.0000
epoch  51 summary: dyn_dyn_loss   : 0.13440, dyn_sta_loss   : 2.53819, tot_dyn_loss   : 0.56708, sta_sta_loss   : 0.12050, 
epoch  52 summary: dyn_dyn_loss   : 0.13504, dyn_sta_loss   : 2.54568, tot_dyn_loss   : 0.56896, sta_sta_loss   : 0.12050, 
epoch  53 summary: dyn_dyn_loss   : 0.13494, dyn_sta_loss   : 2.54030, tot_dyn_loss   : 0.56791, sta_sta_loss   : 0.12050, 
epoch  54 summary: dyn_dyn_loss   : 0.13520, dyn_sta_loss   : 2.54741, tot_dyn_loss   : 0.56940, sta_sta_loss   : 0.12050, 
epoch  55 summary: dyn_dyn_loss   : 0.13496, dyn_sta_loss   : 2.54402, tot_dyn_loss   : 0.56859, sta_sta_loss   : 0.12050, 
epoch  56 summary: dyn_dyn_loss   : 0.13509, dyn_sta_loss   : 2.53476, tot_dyn_loss   : 0.56703, sta_sta_loss   : 0.12050, 
epoch  57 summary: dyn_dyn_loss   : 0.13551, dyn_sta_loss   : 2.53790, tot_dyn_loss   : 0.56794, sta_sta_loss   : 0.12050, 
epoch  58 summary: dyn_dyn_loss   : 0.13559, dyn_sta_loss   : 2.53495, tot_dyn_loss   : 0.56748, sta_sta_loss   : 0.12050, 
epoch  59 summary: dyn_dyn_loss   : 0.13565, dyn_sta_loss   : 2.53456, tot_dyn_loss   : 0.56745, sta_sta_loss   : 0.12050, 
epoch  60 summary: dyn_dyn_loss   : 0.13584, dyn_sta_loss   : 2.54394, tot_dyn_loss   : 0.56929, sta_sta_loss   : 0.12050, 
train loss: 0.0000, train acc: 1.0000
epoch  61 summary: dyn_dyn_loss   : 0.13513, dyn_sta_loss   : 2.53747, tot_dyn_loss   : 0.56755, sta_sta_loss   : 0.12050, 
epoch  62 summary: dyn_dyn_loss   : 0.13514, dyn_sta_loss   : 2.55042, tot_dyn_loss   : 0.56989, sta_sta_loss   : 0.12050, 
epoch  63 summary: dyn_dyn_loss   : 0.13443, dyn_sta_loss   : 2.53691, tot_dyn_loss   : 0.56687, sta_sta_loss   : 0.12050, 
epoch  64 summary: dyn_dyn_loss   : 0.13501, dyn_sta_loss   : 2.53797, tot_dyn_loss   : 0.56755, sta_sta_loss   : 0.12050, 
epoch  65 summary: dyn_dyn_loss   : 0.13511, dyn_sta_loss   : 2.53166, tot_dyn_loss   : 0.56649, sta_sta_loss   : 0.12050, 
epoch  66 summary: dyn_dyn_loss   : 0.13543, dyn_sta_loss   : 2.53081, tot_dyn_loss   : 0.56660, sta_sta_loss   : 0.12050, 
epoch  67 summary: dyn_dyn_loss   : 0.13558, dyn_sta_loss   : 2.53776, tot_dyn_loss   : 0.56797, sta_sta_loss   : 0.12050, 
epoch  68 summary: dyn_dyn_loss   : 0.13537, dyn_sta_loss   : 2.53426, tot_dyn_loss   : 0.56717, sta_sta_loss   : 0.12050, 
epoch  69 summary: dyn_dyn_loss   : 0.13524, dyn_sta_loss   : 2.54647, tot_dyn_loss   : 0.56926, sta_sta_loss   : 0.12050, 
epoch  70 summary: dyn_dyn_loss   : 0.13453, dyn_sta_loss   : 2.53551, tot_dyn_loss   : 0.56670, sta_sta_loss   : 0.12050, 
train loss: 0.0000, train acc: 1.0000
epoch  71 summary: dyn_dyn_loss   : 0.13488, dyn_sta_loss   : 2.54061, tot_dyn_loss   : 0.56791, sta_sta_loss   : 0.12050, 
epoch  72 summary: dyn_dyn_loss   : 0.13479, dyn_sta_loss   : 2.53750, tot_dyn_loss   : 0.56727, sta_sta_loss   : 0.12050, 
epoch  73 summary: dyn_dyn_loss   : 0.13489, dyn_sta_loss   : 2.54046, tot_dyn_loss   : 0.56789, sta_sta_loss   : 0.12050, 
epoch  74 summary: dyn_dyn_loss   : 0.13477, dyn_sta_loss   : 2.54660, tot_dyn_loss   : 0.56890, sta_sta_loss   : 0.12050, 
epoch  75 summary: dyn_dyn_loss   : 0.13442, dyn_sta_loss   : 2.54658, tot_dyn_loss   : 0.56860, sta_sta_loss   : 0.12050, 
epoch  76 summary: dyn_dyn_loss   : 0.13415, dyn_sta_loss   : 2.54541, tot_dyn_loss   : 0.56818, sta_sta_loss   : 0.12050, 
epoch  77 summary: dyn_dyn_loss   : 0.13407, dyn_sta_loss   : 2.53708, tot_dyn_loss   : 0.56661, sta_sta_loss   : 0.12050, 
epoch  78 summary: dyn_dyn_loss   : 0.13461, dyn_sta_loss   : 2.54720, tot_dyn_loss   : 0.56887, sta_sta_loss   : 0.12050, 
epoch  79 summary: dyn_dyn_loss   : 0.13426, dyn_sta_loss   : 2.54361, tot_dyn_loss   : 0.56794, sta_sta_loss   : 0.12050, 
epoch  80 summary: dyn_dyn_loss   : 0.13433, dyn_sta_loss   : 2.53518, tot_dyn_loss   : 0.56648, sta_sta_loss   : 0.12050, 
train loss: 0.0000, train acc: 1.0000
epoch  81 summary: dyn_dyn_loss   : 0.13495, dyn_sta_loss   : 2.53156, tot_dyn_loss   : 0.56634, sta_sta_loss   : 0.12050, 
epoch  82 summary: dyn_dyn_loss   : 0.13530, dyn_sta_loss   : 2.53689, tot_dyn_loss   : 0.56759, sta_sta_loss   : 0.12050, 
epoch  83 summary: dyn_dyn_loss   : 0.13508, dyn_sta_loss   : 2.55313, tot_dyn_loss   : 0.57033, sta_sta_loss   : 0.12050, 
epoch  84 summary: dyn_dyn_loss   : 0.13409, dyn_sta_loss   : 2.54006, tot_dyn_loss   : 0.56716, sta_sta_loss   : 0.12050, 
epoch  85 summary: dyn_dyn_loss   : 0.13456, dyn_sta_loss   : 2.53470, tot_dyn_loss   : 0.56658, sta_sta_loss   : 0.12050, 
epoch  86 summary: dyn_dyn_loss   : 0.13494, dyn_sta_loss   : 2.53595, tot_dyn_loss   : 0.56713, sta_sta_loss   : 0.12050, 
epoch  87 summary: dyn_dyn_loss   : 0.13497, dyn_sta_loss   : 2.54346, tot_dyn_loss   : 0.56850, sta_sta_loss   : 0.12050, 
epoch  88 summary: dyn_dyn_loss   : 0.13452, dyn_sta_loss   : 2.53999, tot_dyn_loss   : 0.56751, sta_sta_loss   : 0.12050, 
epoch  89 summary: dyn_dyn_loss   : 0.13444, dyn_sta_loss   : 2.54475, tot_dyn_loss   : 0.56830, sta_sta_loss   : 0.12050, 
epoch  90 summary: dyn_dyn_loss   : 0.13418, dyn_sta_loss   : 2.53505, tot_dyn_loss   : 0.56633, sta_sta_loss   : 0.12050, 
train loss: 0.0000, train acc: 1.0000
epoch  91 summary: dyn_dyn_loss   : 0.13460, dyn_sta_loss   : 2.54324, tot_dyn_loss   : 0.56815, sta_sta_loss   : 0.12050, 
epoch  92 summary: dyn_dyn_loss   : 0.13437, dyn_sta_loss   : 2.54026, tot_dyn_loss   : 0.56743, sta_sta_loss   : 0.12050, 
epoch  93 summary: dyn_dyn_loss   : 0.13431, dyn_sta_loss   : 2.52951, tot_dyn_loss   : 0.56544, sta_sta_loss   : 0.12050, 
epoch  94 summary: dyn_dyn_loss   : 0.13493, dyn_sta_loss   : 2.54768, tot_dyn_loss   : 0.56922, sta_sta_loss   : 0.12050, 
epoch  95 summary: dyn_dyn_loss   : 0.13397, dyn_sta_loss   : 2.55104, tot_dyn_loss   : 0.56904, sta_sta_loss   : 0.12050, 
epoch  96 summary: dyn_dyn_loss   : 0.13347, dyn_sta_loss   : 2.53983, tot_dyn_loss   : 0.56662, sta_sta_loss   : 0.12050, 
epoch  97 summary: dyn_dyn_loss   : 0.13399, dyn_sta_loss   : 2.54133, tot_dyn_loss   : 0.56731, sta_sta_loss   : 0.12050, 
epoch  98 summary: dyn_dyn_loss   : 0.13409, dyn_sta_loss   : 2.54560, tot_dyn_loss   : 0.56816, sta_sta_loss   : 0.12050, 
epoch  99 summary: dyn_dyn_loss   : 0.13393, dyn_sta_loss   : 2.54580, tot_dyn_loss   : 0.56806, sta_sta_loss   : 0.12050, 
train loss: 0.0000, train acc: 1.0000
all                         746863.660ms
all_epoch                   746492.848ms
all_preparation                370.776ms
all_preparation_2              369.381ms
all_preparation_3                1.370ms
epoch                         7300.053ms
epoch_pos_train                  1.245ms
epoch_preparation                4.198ms
epoch_train                   7287.213ms
epoch_valid                      6.900ms
----------------------------------------
all                         746863.660ms
  all_epoch             99.95%
  all_preparation        0.05%
all_preparation                370.776ms
  all_preparation_2     99.62%
  all_preparation_3      0.37%
epoch                       730005.295ms
  epoch_train           99.82%
  epoch_valid            0.09%
  epoch_preparation      0.06%
  epoch_pos_train        0.02%
epoch   0 summary: dyn_dyn_cos_loss: 0.00000, dyn_sta_cos_loss: 0.00000, total_cos_loss : 0.07446, 
valid loss: 3.7459, valid acc: 0.1973
epoch   1 summary: dyn_dyn_cos_loss: 0.00000, dyn_sta_cos_loss: 0.00000, total_cos_loss : 0.06497, 
epoch   2 summary: dyn_dyn_cos_loss: 0.00000, dyn_sta_cos_loss: 0.00000, total_cos_loss : 0.05929, 
epoch   3 summary: dyn_dyn_cos_loss: 0.00000, dyn_sta_cos_loss: 0.00000, total_cos_loss : 0.05575, 
epoch   4 summary: dyn_dyn_cos_loss: 0.00000, dyn_sta_cos_loss: 0.00000, total_cos_loss : 0.05327, 
epoch   5 summary: dyn_dyn_cos_loss: 0.00000, dyn_sta_cos_loss: 0.00000, total_cos_loss : 0.05146, 
epoch   6 summary: dyn_dyn_cos_loss: 0.00000, dyn_sta_cos_loss: 0.00000, total_cos_loss : 0.05015, 
epoch   7 summary: dyn_dyn_cos_loss: 0.00000, dyn_sta_cos_loss: 0.00000, total_cos_loss : 0.04906, 
epoch   8 summary: dyn_dyn_cos_loss: 0.00000, dyn_sta_cos_loss: 0.00000, total_cos_loss : 0.04823, 
epoch   9 summary: dyn_dyn_cos_loss: 0.00000, dyn_sta_cos_loss: 0.00000, total_cos_loss : 0.04758, 
epoch  10 summary: dyn_dyn_cos_loss: 0.00000, dyn_sta_cos_loss: 0.00000, total_cos_loss : 0.04702, 
valid loss: 2.2875, valid acc: 0.4688
epoch  11 summary: dyn_dyn_cos_loss: 0.00000, dyn_sta_cos_loss: 0.00000, total_cos_loss : 0.04660, 
epoch  12 summary: dyn_dyn_cos_loss: 0.00000, dyn_sta_cos_loss: 0.00000, total_cos_loss : 0.04626, 
epoch  13 summary: dyn_dyn_cos_loss: 0.00000, dyn_sta_cos_loss: 0.00000, total_cos_loss : 0.04594, 
epoch  14 summary: dyn_dyn_cos_loss: 0.00000, dyn_sta_cos_loss: 0.00000, total_cos_loss : 0.04570, 
epoch  15 summary: dyn_dyn_cos_loss: 0.00000, dyn_sta_cos_loss: 0.00000, total_cos_loss : 0.04550, 
epoch  16 summary: dyn_dyn_cos_loss: 0.00000, dyn_sta_cos_loss: 0.00000, total_cos_loss : 0.04533, 
epoch  17 summary: dyn_dyn_cos_loss: 0.00000, dyn_sta_cos_loss: 0.00000, total_cos_loss : 0.04519, 
epoch  18 summary: dyn_dyn_cos_loss: 0.00000, dyn_sta_cos_loss: 0.00000, total_cos_loss : 0.04509, 
epoch  19 summary: dyn_dyn_cos_loss: 0.00000, dyn_sta_cos_loss: 0.00000, total_cos_loss : 0.04499, 
epoch  20 summary: dyn_dyn_cos_loss: 0.00000, dyn_sta_cos_loss: 0.00000, total_cos_loss : 0.04492, 
valid loss: 2.1805, valid acc: 0.4785
epoch  21 summary: dyn_dyn_cos_loss: 0.00000, dyn_sta_cos_loss: 0.00000, total_cos_loss : 0.04485, 
epoch  22 summary: dyn_dyn_cos_loss: 0.00000, dyn_sta_cos_loss: 0.00000, total_cos_loss : 0.04478, 
epoch  23 summary: dyn_dyn_cos_loss: 0.00000, dyn_sta_cos_loss: 0.00000, total_cos_loss : 0.04473, 
epoch  24 summary: dyn_dyn_cos_loss: 0.00000, dyn_sta_cos_loss: 0.00000, total_cos_loss : 0.04469, 
epoch  25 summary: dyn_dyn_cos_loss: 0.00000, dyn_sta_cos_loss: 0.00000, total_cos_loss : 0.04466, 
epoch  26 summary: dyn_dyn_cos_loss: 0.00000, dyn_sta_cos_loss: 0.00000, total_cos_loss : 0.04462, 
epoch  27 summary: dyn_dyn_cos_loss: 0.00000, dyn_sta_cos_loss: 0.00000, total_cos_loss : 0.04460, 
epoch  28 summary: dyn_dyn_cos_loss: 0.00000, dyn_sta_cos_loss: 0.00000, total_cos_loss : 0.04457, 
epoch  29 summary: dyn_dyn_cos_loss: 0.00000, dyn_sta_cos_loss: 0.00000, total_cos_loss : 0.04456, 
epoch  30 summary: dyn_dyn_cos_loss: 0.00000, dyn_sta_cos_loss: 0.00000, total_cos_loss : 0.04453, 
valid loss: 2.1815, valid acc: 0.4766
epoch  31 summary: dyn_dyn_cos_loss: 0.00000, dyn_sta_cos_loss: 0.00000, total_cos_loss : 0.04452, 
epoch  32 summary: dyn_dyn_cos_loss: 0.00000, dyn_sta_cos_loss: 0.00000, total_cos_loss : 0.04450, 
epoch  33 summary: dyn_dyn_cos_loss: 0.00000, dyn_sta_cos_loss: 0.00000, total_cos_loss : 0.04449, 
epoch  34 summary: dyn_dyn_cos_loss: 0.00000, dyn_sta_cos_loss: 0.00000, total_cos_loss : 0.04448, 
epoch  35 summary: dyn_dyn_cos_loss: 0.00000, dyn_sta_cos_loss: 0.00000, total_cos_loss : 0.04447, 
epoch  36 summary: dyn_dyn_cos_loss: 0.00000, dyn_sta_cos_loss: 0.00000, total_cos_loss : 0.04446, 
epoch  37 summary: dyn_dyn_cos_loss: 0.00000, dyn_sta_cos_loss: 0.00000, total_cos_loss : 0.04445, 
epoch  38 summary: dyn_dyn_cos_loss: 0.00000, dyn_sta_cos_loss: 0.00000, total_cos_loss : 0.04444, 
epoch  39 summary: dyn_dyn_cos_loss: 0.00000, dyn_sta_cos_loss: 0.00000, total_cos_loss : 0.04443, 
epoch  40 summary: dyn_dyn_cos_loss: 0.00000, dyn_sta_cos_loss: 0.00000, total_cos_loss : 0.04443, 
valid loss: 2.1671, valid acc: 0.4785
epoch  41 summary: dyn_dyn_cos_loss: 0.00000, dyn_sta_cos_loss: 0.00000, total_cos_loss : 0.04442, 
epoch  42 summary: dyn_dyn_cos_loss: 0.00000, dyn_sta_cos_loss: 0.00000, total_cos_loss : 0.04441, 
epoch  43 summary: dyn_dyn_cos_loss: 0.00000, dyn_sta_cos_loss: 0.00000, total_cos_loss : 0.04441, 
epoch  44 summary: dyn_dyn_cos_loss: 0.00000, dyn_sta_cos_loss: 0.00000, total_cos_loss : 0.04441, 
epoch  45 summary: dyn_dyn_cos_loss: 0.00000, dyn_sta_cos_loss: 0.00000, total_cos_loss : 0.04440, 
epoch  46 summary: dyn_dyn_cos_loss: 0.00000, dyn_sta_cos_loss: 0.00000, total_cos_loss : 0.04440, 
epoch  47 summary: dyn_dyn_cos_loss: 0.00000, dyn_sta_cos_loss: 0.00000, total_cos_loss : 0.04440, 
epoch  48 summary: dyn_dyn_cos_loss: 0.00000, dyn_sta_cos_loss: 0.00000, total_cos_loss : 0.04439, 
epoch  49 summary: dyn_dyn_cos_loss: 0.00000, dyn_sta_cos_loss: 0.00000, total_cos_loss : 0.04439, 
epoch  50 summary: dyn_dyn_cos_loss: 0.00000, dyn_sta_cos_loss: 0.00000, total_cos_loss : 0.04439, 
valid loss: 2.1804, valid acc: 0.4766
epoch  51 summary: dyn_dyn_cos_loss: 0.00000, dyn_sta_cos_loss: 0.00000, total_cos_loss : 0.04438, 
epoch  52 summary: dyn_dyn_cos_loss: 0.00000, dyn_sta_cos_loss: 0.00000, total_cos_loss : 0.04438, 
epoch  53 summary: dyn_dyn_cos_loss: 0.00000, dyn_sta_cos_loss: 0.00000, total_cos_loss : 0.04438, 
epoch  54 summary: dyn_dyn_cos_loss: 0.00000, dyn_sta_cos_loss: 0.00000, total_cos_loss : 0.04438, 
epoch  55 summary: dyn_dyn_cos_loss: 0.00000, dyn_sta_cos_loss: 0.00000, total_cos_loss : 0.04438, 
epoch  56 summary: dyn_dyn_cos_loss: 0.00000, dyn_sta_cos_loss: 0.00000, total_cos_loss : 0.04438, 
epoch  57 summary: dyn_dyn_cos_loss: 0.00000, dyn_sta_cos_loss: 0.00000, total_cos_loss : 0.04437, 
epoch  58 summary: dyn_dyn_cos_loss: 0.00000, dyn_sta_cos_loss: 0.00000, total_cos_loss : 0.04437, 
epoch  59 summary: dyn_dyn_cos_loss: 0.00000, dyn_sta_cos_loss: 0.00000, total_cos_loss : 0.04437, 
epoch  60 summary: dyn_dyn_cos_loss: 0.00000, dyn_sta_cos_loss: 0.00000, total_cos_loss : 0.04437, 
valid loss: 2.1773, valid acc: 0.4824
epoch  61 summary: dyn_dyn_cos_loss: 0.00000, dyn_sta_cos_loss: 0.00000, total_cos_loss : 0.04437, 
epoch  62 summary: dyn_dyn_cos_loss: 0.00000, dyn_sta_cos_loss: 0.00000, total_cos_loss : 0.04436, 
epoch  63 summary: dyn_dyn_cos_loss: 0.00000, dyn_sta_cos_loss: 0.00000, total_cos_loss : 0.04436, 
epoch  64 summary: dyn_dyn_cos_loss: 0.00000, dyn_sta_cos_loss: 0.00000, total_cos_loss : 0.04436, 
epoch  65 summary: dyn_dyn_cos_loss: 0.00000, dyn_sta_cos_loss: 0.00000, total_cos_loss : 0.04436, 
epoch  66 summary: dyn_dyn_cos_loss: 0.00000, dyn_sta_cos_loss: 0.00000, total_cos_loss : 0.04435, 
epoch  67 summary: dyn_dyn_cos_loss: 0.00000, dyn_sta_cos_loss: 0.00000, total_cos_loss : 0.04435, 
epoch  68 summary: dyn_dyn_cos_loss: 0.00000, dyn_sta_cos_loss: 0.00000, total_cos_loss : 0.04435, 
epoch  69 summary: dyn_dyn_cos_loss: 0.00000, dyn_sta_cos_loss: 0.00000, total_cos_loss : 0.04435, 
epoch  70 summary: dyn_dyn_cos_loss: 0.00000, dyn_sta_cos_loss: 0.00000, total_cos_loss : 0.04435, 
valid loss: 2.1834, valid acc: 0.4785
epoch  71 summary: dyn_dyn_cos_loss: 0.00000, dyn_sta_cos_loss: 0.00000, total_cos_loss : 0.04435, 
epoch  72 summary: dyn_dyn_cos_loss: 0.00000, dyn_sta_cos_loss: 0.00000, total_cos_loss : 0.04434, 
epoch  73 summary: dyn_dyn_cos_loss: 0.00000, dyn_sta_cos_loss: 0.00000, total_cos_loss : 0.04434, 
epoch  74 summary: dyn_dyn_cos_loss: 0.00000, dyn_sta_cos_loss: 0.00000, total_cos_loss : 0.04434, 
epoch  75 summary: dyn_dyn_cos_loss: 0.00000, dyn_sta_cos_loss: 0.00000, total_cos_loss : 0.04434, 
epoch  76 summary: dyn_dyn_cos_loss: 0.00000, dyn_sta_cos_loss: 0.00000, total_cos_loss : 0.04434, 
epoch  77 summary: dyn_dyn_cos_loss: 0.00000, dyn_sta_cos_loss: 0.00000, total_cos_loss : 0.04433, 
epoch  78 summary: dyn_dyn_cos_loss: 0.00000, dyn_sta_cos_loss: 0.00000, total_cos_loss : 0.04433, 
epoch  79 summary: dyn_dyn_cos_loss: 0.00000, dyn_sta_cos_loss: 0.00000, total_cos_loss : 0.04433, 
epoch  80 summary: dyn_dyn_cos_loss: 0.00000, dyn_sta_cos_loss: 0.00000, total_cos_loss : 0.04433, 
valid loss: 2.1788, valid acc: 0.4785
epoch  81 summary: dyn_dyn_cos_loss: 0.00000, dyn_sta_cos_loss: 0.00000, total_cos_loss : 0.04433, 
epoch  82 summary: dyn_dyn_cos_loss: 0.00000, dyn_sta_cos_loss: 0.00000, total_cos_loss : 0.04433, 
epoch  83 summary: dyn_dyn_cos_loss: 0.00000, dyn_sta_cos_loss: 0.00000, total_cos_loss : 0.04433, 
epoch  84 summary: dyn_dyn_cos_loss: 0.00000, dyn_sta_cos_loss: 0.00000, total_cos_loss : 0.04433, 
epoch  85 summary: dyn_dyn_cos_loss: 0.00000, dyn_sta_cos_loss: 0.00000, total_cos_loss : 0.04432, 
epoch  86 summary: dyn_dyn_cos_loss: 0.00000, dyn_sta_cos_loss: 0.00000, total_cos_loss : 0.04432, 
epoch  87 summary: dyn_dyn_cos_loss: 0.00000, dyn_sta_cos_loss: 0.00000, total_cos_loss : 0.04432, 
epoch  88 summary: dyn_dyn_cos_loss: 0.00000, dyn_sta_cos_loss: 0.00000, total_cos_loss : 0.04432, 
epoch  89 summary: dyn_dyn_cos_loss: 0.00000, dyn_sta_cos_loss: 0.00000, total_cos_loss : 0.04432, 
epoch  90 summary: dyn_dyn_cos_loss: 0.00000, dyn_sta_cos_loss: 0.00000, total_cos_loss : 0.04432, 
valid loss: 2.1748, valid acc: 0.4785
epoch  91 summary: dyn_dyn_cos_loss: 0.00000, dyn_sta_cos_loss: 0.00000, total_cos_loss : 0.04432, 
epoch  92 summary: dyn_dyn_cos_loss: 0.00000, dyn_sta_cos_loss: 0.00000, total_cos_loss : 0.04431, 
epoch  93 summary: dyn_dyn_cos_loss: 0.00000, dyn_sta_cos_loss: 0.00000, total_cos_loss : 0.04431, 
epoch  94 summary: dyn_dyn_cos_loss: 0.00000, dyn_sta_cos_loss: 0.00000, total_cos_loss : 0.04431, 
epoch  95 summary: dyn_dyn_cos_loss: 0.00000, dyn_sta_cos_loss: 0.00000, total_cos_loss : 0.04431, 
epoch  96 summary: dyn_dyn_cos_loss: 0.00000, dyn_sta_cos_loss: 0.00000, total_cos_loss : 0.04431, 
epoch  97 summary: dyn_dyn_cos_loss: 0.00000, dyn_sta_cos_loss: 0.00000, total_cos_loss : 0.04431, 
epoch  98 summary: dyn_dyn_cos_loss: 0.00000, dyn_sta_cos_loss: 0.00000, total_cos_loss : 0.04431, 
epoch  99 summary: dyn_dyn_cos_loss: 0.00000, dyn_sta_cos_loss: 0.00000, total_cos_loss : 0.04431, 
valid loss: 2.1737, valid acc: 0.4785
all                         101829.238ms
all_epoch                   101722.232ms
all_preparation                106.982ms
all_preparation_2              105.712ms
all_preparation_3                1.250ms
epoch                          918.858ms
epoch_pos_train                  1.594ms
epoch_preparation                0.364ms
epoch_train                    915.323ms
epoch_valid                      1.120ms
----------------------------------------
all                         101829.238ms
  all_epoch             99.89%
  all_preparation        0.11%
all_preparation                106.982ms
  all_preparation_2     98.81%
  all_preparation_3      1.17%
epoch                        91885.826ms
  epoch_train           99.62%
  epoch_pos_train        0.17%
  epoch_valid            0.12%
  epoch_preparation      0.04%
