Before CTE Training: train eu loss: 1.057024359703064, eval eu loss: 1.492782711982727
Before CTE Training: train eu acc: 0.66552734375, eval eu acc: 0.560546875
epoch   0 summary: dyn_dyn_loss   : 0.01884, dyn_sta_loss   : 4.14016, tot_dyn_loss   : 0.84310, sta_sta_loss   : 0.02002, 
train loss: 1.6292, train acc: 0.6814
epoch   1 summary: dyn_dyn_loss   : 0.01798, dyn_sta_loss   : 3.96454, tot_dyn_loss   : 0.80730, sta_sta_loss   : 0.02002, 
epoch   2 summary: dyn_dyn_loss   : 0.01713, dyn_sta_loss   : 3.81646, tot_dyn_loss   : 0.77699, sta_sta_loss   : 0.02002, 
epoch   3 summary: dyn_dyn_loss   : 0.01713, dyn_sta_loss   : 3.69649, tot_dyn_loss   : 0.75301, sta_sta_loss   : 0.02002, 
epoch   4 summary: dyn_dyn_loss   : 0.01801, dyn_sta_loss   : 3.60614, tot_dyn_loss   : 0.73564, sta_sta_loss   : 0.02002, 
epoch   5 summary: dyn_dyn_loss   : 0.01949, dyn_sta_loss   : 3.53481, tot_dyn_loss   : 0.72256, sta_sta_loss   : 0.02002, 
epoch   6 summary: dyn_dyn_loss   : 0.02130, dyn_sta_loss   : 3.47384, tot_dyn_loss   : 0.71181, sta_sta_loss   : 0.02002, 
epoch   7 summary: dyn_dyn_loss   : 0.02322, dyn_sta_loss   : 3.44408, tot_dyn_loss   : 0.70740, sta_sta_loss   : 0.02002, 
epoch   8 summary: dyn_dyn_loss   : 0.02479, dyn_sta_loss   : 3.41060, tot_dyn_loss   : 0.70195, sta_sta_loss   : 0.02002, 
epoch   9 summary: dyn_dyn_loss   : 0.02624, dyn_sta_loss   : 3.39238, tot_dyn_loss   : 0.69947, sta_sta_loss   : 0.02002, 
epoch  10 summary: dyn_dyn_loss   : 0.02709, dyn_sta_loss   : 3.38291, tot_dyn_loss   : 0.69825, sta_sta_loss   : 0.02002, 
train loss: 0.0000, train acc: 1.0000
epoch  11 summary: dyn_dyn_loss   : 0.02787, dyn_sta_loss   : 3.36956, tot_dyn_loss   : 0.69621, sta_sta_loss   : 0.02002, 
epoch  12 summary: dyn_dyn_loss   : 0.02858, dyn_sta_loss   : 3.35971, tot_dyn_loss   : 0.69480, sta_sta_loss   : 0.02002, 
epoch  13 summary: dyn_dyn_loss   : 0.02907, dyn_sta_loss   : 3.36190, tot_dyn_loss   : 0.69563, sta_sta_loss   : 0.02002, 
epoch  14 summary: dyn_dyn_loss   : 0.02911, dyn_sta_loss   : 3.35206, tot_dyn_loss   : 0.69370, sta_sta_loss   : 0.02002, 
epoch  15 summary: dyn_dyn_loss   : 0.02944, dyn_sta_loss   : 3.34879, tot_dyn_loss   : 0.69331, sta_sta_loss   : 0.02002, 
epoch  16 summary: dyn_dyn_loss   : 0.02974, dyn_sta_loss   : 3.35727, tot_dyn_loss   : 0.69525, sta_sta_loss   : 0.02002, 
epoch  17 summary: dyn_dyn_loss   : 0.02958, dyn_sta_loss   : 3.34119, tot_dyn_loss   : 0.69190, sta_sta_loss   : 0.02002, 
epoch  18 summary: dyn_dyn_loss   : 0.02994, dyn_sta_loss   : 3.35316, tot_dyn_loss   : 0.69459, sta_sta_loss   : 0.02002, 
epoch  19 summary: dyn_dyn_loss   : 0.02973, dyn_sta_loss   : 3.35541, tot_dyn_loss   : 0.69486, sta_sta_loss   : 0.02002, 
epoch  20 summary: dyn_dyn_loss   : 0.02974, dyn_sta_loss   : 3.35063, tot_dyn_loss   : 0.69392, sta_sta_loss   : 0.02002, 
train loss: 0.0000, train acc: 1.0000
epoch  21 summary: dyn_dyn_loss   : 0.02983, dyn_sta_loss   : 3.34100, tot_dyn_loss   : 0.69207, sta_sta_loss   : 0.02002, 
epoch  22 summary: dyn_dyn_loss   : 0.03015, dyn_sta_loss   : 3.34615, tot_dyn_loss   : 0.69335, sta_sta_loss   : 0.02002, 
epoch  23 summary: dyn_dyn_loss   : 0.03000, dyn_sta_loss   : 3.35532, tot_dyn_loss   : 0.69506, sta_sta_loss   : 0.02002, 
epoch  24 summary: dyn_dyn_loss   : 0.02964, dyn_sta_loss   : 3.35247, tot_dyn_loss   : 0.69420, sta_sta_loss   : 0.02002, 
epoch  25 summary: dyn_dyn_loss   : 0.02967, dyn_sta_loss   : 3.34207, tot_dyn_loss   : 0.69215, sta_sta_loss   : 0.02002, 
epoch  26 summary: dyn_dyn_loss   : 0.03000, dyn_sta_loss   : 3.33844, tot_dyn_loss   : 0.69168, sta_sta_loss   : 0.02002, 
epoch  27 summary: dyn_dyn_loss   : 0.03011, dyn_sta_loss   : 3.35673, tot_dyn_loss   : 0.69543, sta_sta_loss   : 0.02002, 
epoch  28 summary: dyn_dyn_loss   : 0.02964, dyn_sta_loss   : 3.34851, tot_dyn_loss   : 0.69342, sta_sta_loss   : 0.02002, 
epoch  29 summary: dyn_dyn_loss   : 0.02980, dyn_sta_loss   : 3.35679, tot_dyn_loss   : 0.69519, sta_sta_loss   : 0.02002, 
epoch  30 summary: dyn_dyn_loss   : 0.02963, dyn_sta_loss   : 3.34666, tot_dyn_loss   : 0.69303, sta_sta_loss   : 0.02002, 
train loss: 0.0000, train acc: 1.0000
epoch  31 summary: dyn_dyn_loss   : 0.02989, dyn_sta_loss   : 3.35884, tot_dyn_loss   : 0.69568, sta_sta_loss   : 0.02002, 
epoch  32 summary: dyn_dyn_loss   : 0.02953, dyn_sta_loss   : 3.34653, tot_dyn_loss   : 0.69293, sta_sta_loss   : 0.02002, 
epoch  33 summary: dyn_dyn_loss   : 0.02986, dyn_sta_loss   : 3.35106, tot_dyn_loss   : 0.69410, sta_sta_loss   : 0.02002, 
epoch  34 summary: dyn_dyn_loss   : 0.02976, dyn_sta_loss   : 3.34099, tot_dyn_loss   : 0.69201, sta_sta_loss   : 0.02002, 
epoch  35 summary: dyn_dyn_loss   : 0.03012, dyn_sta_loss   : 3.34737, tot_dyn_loss   : 0.69357, sta_sta_loss   : 0.02002, 
epoch  36 summary: dyn_dyn_loss   : 0.03003, dyn_sta_loss   : 3.35475, tot_dyn_loss   : 0.69497, sta_sta_loss   : 0.02002, 
epoch  37 summary: dyn_dyn_loss   : 0.02962, dyn_sta_loss   : 3.34923, tot_dyn_loss   : 0.69354, sta_sta_loss   : 0.02002, 
epoch  38 summary: dyn_dyn_loss   : 0.02979, dyn_sta_loss   : 3.34810, tot_dyn_loss   : 0.69345, sta_sta_loss   : 0.02002, 
epoch  39 summary: dyn_dyn_loss   : 0.02988, dyn_sta_loss   : 3.34455, tot_dyn_loss   : 0.69281, sta_sta_loss   : 0.02002, 
epoch  40 summary: dyn_dyn_loss   : 0.03008, dyn_sta_loss   : 3.34634, tot_dyn_loss   : 0.69333, sta_sta_loss   : 0.02002, 
train loss: 0.0000, train acc: 1.0000
epoch  41 summary: dyn_dyn_loss   : 0.03000, dyn_sta_loss   : 3.34668, tot_dyn_loss   : 0.69333, sta_sta_loss   : 0.02002, 
epoch  42 summary: dyn_dyn_loss   : 0.02993, dyn_sta_loss   : 3.35294, tot_dyn_loss   : 0.69454, sta_sta_loss   : 0.02002, 
epoch  43 summary: dyn_dyn_loss   : 0.02977, dyn_sta_loss   : 3.35293, tot_dyn_loss   : 0.69440, sta_sta_loss   : 0.02002, 
epoch  44 summary: dyn_dyn_loss   : 0.02976, dyn_sta_loss   : 3.34512, tot_dyn_loss   : 0.69283, sta_sta_loss   : 0.02002, 
epoch  45 summary: dyn_dyn_loss   : 0.02994, dyn_sta_loss   : 3.35400, tot_dyn_loss   : 0.69475, sta_sta_loss   : 0.02002, 
epoch  46 summary: dyn_dyn_loss   : 0.02969, dyn_sta_loss   : 3.34189, tot_dyn_loss   : 0.69213, sta_sta_loss   : 0.02002, 
epoch  47 summary: dyn_dyn_loss   : 0.03004, dyn_sta_loss   : 3.33917, tot_dyn_loss   : 0.69187, sta_sta_loss   : 0.02002, 
epoch  48 summary: dyn_dyn_loss   : 0.03012, dyn_sta_loss   : 3.36036, tot_dyn_loss   : 0.69617, sta_sta_loss   : 0.02002, 
epoch  49 summary: dyn_dyn_loss   : 0.02964, dyn_sta_loss   : 3.35286, tot_dyn_loss   : 0.69428, sta_sta_loss   : 0.02002, 
epoch  50 summary: dyn_dyn_loss   : 0.02956, dyn_sta_loss   : 3.35178, tot_dyn_loss   : 0.69401, sta_sta_loss   : 0.02002, 
train loss: 0.0000, train acc: 1.0000
epoch  51 summary: dyn_dyn_loss   : 0.02962, dyn_sta_loss   : 3.35541, tot_dyn_loss   : 0.69478, sta_sta_loss   : 0.02002, 
epoch  52 summary: dyn_dyn_loss   : 0.02962, dyn_sta_loss   : 3.34827, tot_dyn_loss   : 0.69335, sta_sta_loss   : 0.02002, 
epoch  53 summary: dyn_dyn_loss   : 0.02975, dyn_sta_loss   : 3.34456, tot_dyn_loss   : 0.69272, sta_sta_loss   : 0.02002, 
epoch  54 summary: dyn_dyn_loss   : 0.02997, dyn_sta_loss   : 3.34892, tot_dyn_loss   : 0.69376, sta_sta_loss   : 0.02002, 
epoch  55 summary: dyn_dyn_loss   : 0.02996, dyn_sta_loss   : 3.34936, tot_dyn_loss   : 0.69384, sta_sta_loss   : 0.02002, 
epoch  56 summary: dyn_dyn_loss   : 0.02996, dyn_sta_loss   : 3.34492, tot_dyn_loss   : 0.69295, sta_sta_loss   : 0.02002, 
epoch  57 summary: dyn_dyn_loss   : 0.02998, dyn_sta_loss   : 3.35654, tot_dyn_loss   : 0.69529, sta_sta_loss   : 0.02002, 
epoch  58 summary: dyn_dyn_loss   : 0.02960, dyn_sta_loss   : 3.35091, tot_dyn_loss   : 0.69386, sta_sta_loss   : 0.02002, 
epoch  59 summary: dyn_dyn_loss   : 0.02971, dyn_sta_loss   : 3.34952, tot_dyn_loss   : 0.69367, sta_sta_loss   : 0.02002, 
epoch  60 summary: dyn_dyn_loss   : 0.02991, dyn_sta_loss   : 3.34891, tot_dyn_loss   : 0.69371, sta_sta_loss   : 0.02002, 
train loss: 0.0000, train acc: 1.0000
epoch  61 summary: dyn_dyn_loss   : 0.02982, dyn_sta_loss   : 3.35639, tot_dyn_loss   : 0.69513, sta_sta_loss   : 0.02002, 
epoch  62 summary: dyn_dyn_loss   : 0.02958, dyn_sta_loss   : 3.34911, tot_dyn_loss   : 0.69349, sta_sta_loss   : 0.02002, 
epoch  63 summary: dyn_dyn_loss   : 0.02972, dyn_sta_loss   : 3.34879, tot_dyn_loss   : 0.69353, sta_sta_loss   : 0.02002, 
epoch  64 summary: dyn_dyn_loss   : 0.02974, dyn_sta_loss   : 3.34636, tot_dyn_loss   : 0.69307, sta_sta_loss   : 0.02002, 
epoch  65 summary: dyn_dyn_loss   : 0.02995, dyn_sta_loss   : 3.34299, tot_dyn_loss   : 0.69256, sta_sta_loss   : 0.02002, 
epoch  66 summary: dyn_dyn_loss   : 0.02994, dyn_sta_loss   : 3.35590, tot_dyn_loss   : 0.69513, sta_sta_loss   : 0.02002, 
epoch  67 summary: dyn_dyn_loss   : 0.02959, dyn_sta_loss   : 3.35457, tot_dyn_loss   : 0.69459, sta_sta_loss   : 0.02002, 
epoch  68 summary: dyn_dyn_loss   : 0.02954, dyn_sta_loss   : 3.35089, tot_dyn_loss   : 0.69381, sta_sta_loss   : 0.02002, 
epoch  69 summary: dyn_dyn_loss   : 0.02967, dyn_sta_loss   : 3.35113, tot_dyn_loss   : 0.69396, sta_sta_loss   : 0.02002, 
epoch  70 summary: dyn_dyn_loss   : 0.02977, dyn_sta_loss   : 3.35070, tot_dyn_loss   : 0.69395, sta_sta_loss   : 0.02002, 
train loss: 0.0000, train acc: 1.0000
epoch  71 summary: dyn_dyn_loss   : 0.02978, dyn_sta_loss   : 3.34889, tot_dyn_loss   : 0.69360, sta_sta_loss   : 0.02002, 
epoch  72 summary: dyn_dyn_loss   : 0.02982, dyn_sta_loss   : 3.34606, tot_dyn_loss   : 0.69307, sta_sta_loss   : 0.02002, 
epoch  73 summary: dyn_dyn_loss   : 0.02998, dyn_sta_loss   : 3.34530, tot_dyn_loss   : 0.69305, sta_sta_loss   : 0.02002, 
epoch  74 summary: dyn_dyn_loss   : 0.02999, dyn_sta_loss   : 3.34421, tot_dyn_loss   : 0.69284, sta_sta_loss   : 0.02002, 
epoch  75 summary: dyn_dyn_loss   : 0.03003, dyn_sta_loss   : 3.35525, tot_dyn_loss   : 0.69507, sta_sta_loss   : 0.02002, 
epoch  76 summary: dyn_dyn_loss   : 0.02967, dyn_sta_loss   : 3.35477, tot_dyn_loss   : 0.69469, sta_sta_loss   : 0.02002, 
epoch  77 summary: dyn_dyn_loss   : 0.02955, dyn_sta_loss   : 3.35524, tot_dyn_loss   : 0.69469, sta_sta_loss   : 0.02002, 
epoch  78 summary: dyn_dyn_loss   : 0.02960, dyn_sta_loss   : 3.34807, tot_dyn_loss   : 0.69329, sta_sta_loss   : 0.02002, 
epoch  79 summary: dyn_dyn_loss   : 0.02982, dyn_sta_loss   : 3.34711, tot_dyn_loss   : 0.69327, sta_sta_loss   : 0.02002, 
epoch  80 summary: dyn_dyn_loss   : 0.02992, dyn_sta_loss   : 3.34899, tot_dyn_loss   : 0.69373, sta_sta_loss   : 0.02002, 
train loss: 0.0000, train acc: 1.0000
epoch  81 summary: dyn_dyn_loss   : 0.02974, dyn_sta_loss   : 3.34488, tot_dyn_loss   : 0.69277, sta_sta_loss   : 0.02002, 
epoch  82 summary: dyn_dyn_loss   : 0.02980, dyn_sta_loss   : 3.34792, tot_dyn_loss   : 0.69342, sta_sta_loss   : 0.02002, 
epoch  83 summary: dyn_dyn_loss   : 0.02980, dyn_sta_loss   : 3.35217, tot_dyn_loss   : 0.69427, sta_sta_loss   : 0.02002, 
epoch  84 summary: dyn_dyn_loss   : 0.02969, dyn_sta_loss   : 3.35245, tot_dyn_loss   : 0.69424, sta_sta_loss   : 0.02002, 
epoch  85 summary: dyn_dyn_loss   : 0.02977, dyn_sta_loss   : 3.34789, tot_dyn_loss   : 0.69339, sta_sta_loss   : 0.02002, 
epoch  86 summary: dyn_dyn_loss   : 0.02993, dyn_sta_loss   : 3.34481, tot_dyn_loss   : 0.69290, sta_sta_loss   : 0.02002, 
epoch  87 summary: dyn_dyn_loss   : 0.03002, dyn_sta_loss   : 3.35526, tot_dyn_loss   : 0.69507, sta_sta_loss   : 0.02002, 
epoch  88 summary: dyn_dyn_loss   : 0.02975, dyn_sta_loss   : 3.34887, tot_dyn_loss   : 0.69358, sta_sta_loss   : 0.02002, 
epoch  89 summary: dyn_dyn_loss   : 0.02976, dyn_sta_loss   : 3.34996, tot_dyn_loss   : 0.69380, sta_sta_loss   : 0.02002, 
epoch  90 summary: dyn_dyn_loss   : 0.02980, dyn_sta_loss   : 3.34016, tot_dyn_loss   : 0.69188, sta_sta_loss   : 0.02002, 
train loss: 0.0000, train acc: 1.0000
epoch  91 summary: dyn_dyn_loss   : 0.03016, dyn_sta_loss   : 3.33661, tot_dyn_loss   : 0.69145, sta_sta_loss   : 0.02002, 
epoch  92 summary: dyn_dyn_loss   : 0.03038, dyn_sta_loss   : 3.34580, tot_dyn_loss   : 0.69346, sta_sta_loss   : 0.02002, 
epoch  93 summary: dyn_dyn_loss   : 0.03021, dyn_sta_loss   : 3.33976, tot_dyn_loss   : 0.69212, sta_sta_loss   : 0.02002, 
epoch  94 summary: dyn_dyn_loss   : 0.03015, dyn_sta_loss   : 3.35306, tot_dyn_loss   : 0.69474, sta_sta_loss   : 0.02002, 
epoch  95 summary: dyn_dyn_loss   : 0.02961, dyn_sta_loss   : 3.35681, tot_dyn_loss   : 0.69505, sta_sta_loss   : 0.02002, 
epoch  96 summary: dyn_dyn_loss   : 0.02952, dyn_sta_loss   : 3.35292, tot_dyn_loss   : 0.69420, sta_sta_loss   : 0.02002, 
epoch  97 summary: dyn_dyn_loss   : 0.02958, dyn_sta_loss   : 3.34695, tot_dyn_loss   : 0.69305, sta_sta_loss   : 0.02002, 
epoch  98 summary: dyn_dyn_loss   : 0.02987, dyn_sta_loss   : 3.34116, tot_dyn_loss   : 0.69213, sta_sta_loss   : 0.02002, 
epoch  99 summary: dyn_dyn_loss   : 0.03005, dyn_sta_loss   : 3.35054, tot_dyn_loss   : 0.69415, sta_sta_loss   : 0.02002, 
train loss: 0.0000, train acc: 1.0000
all                         687073.259ms
all_epoch                   686697.228ms
all_preparation                375.988ms
all_preparation_2              374.529ms
all_preparation_3                1.440ms
epoch                         6699.939ms
epoch_pos_train                  1.174ms
epoch_preparation                3.372ms
epoch_train                   6688.500ms
epoch_valid                      6.394ms
----------------------------------------
all                         687073.259ms
  all_epoch             99.95%
  all_preparation        0.05%
all_preparation                375.988ms
  all_preparation_2     99.61%
  all_preparation_3      0.38%
epoch                       669993.900ms
  epoch_train           99.83%
  epoch_valid            0.10%
  epoch_preparation      0.05%
  epoch_pos_train        0.02%
epoch   0 summary: dyn_dyn_cos_loss: 0.00000, dyn_sta_cos_loss: 0.00000, total_cos_loss : 0.01709, 
valid loss: 3.8415, valid acc: 0.2012
epoch   1 summary: dyn_dyn_cos_loss: 0.00000, dyn_sta_cos_loss: 0.00000, total_cos_loss : 0.01416, 
epoch   2 summary: dyn_dyn_cos_loss: 0.00000, dyn_sta_cos_loss: 0.00000, total_cos_loss : 0.01287, 
epoch   3 summary: dyn_dyn_cos_loss: 0.00000, dyn_sta_cos_loss: 0.00000, total_cos_loss : 0.01216, 
epoch   4 summary: dyn_dyn_cos_loss: 0.00000, dyn_sta_cos_loss: 0.00000, total_cos_loss : 0.01169, 
epoch   5 summary: dyn_dyn_cos_loss: 0.00000, dyn_sta_cos_loss: 0.00000, total_cos_loss : 0.01139, 
epoch   6 summary: dyn_dyn_cos_loss: 0.00000, dyn_sta_cos_loss: 0.00000, total_cos_loss : 0.01119, 
epoch   7 summary: dyn_dyn_cos_loss: 0.00000, dyn_sta_cos_loss: 0.00000, total_cos_loss : 0.01106, 
epoch   8 summary: dyn_dyn_cos_loss: 0.00000, dyn_sta_cos_loss: 0.00000, total_cos_loss : 0.01096, 
epoch   9 summary: dyn_dyn_cos_loss: 0.00000, dyn_sta_cos_loss: 0.00000, total_cos_loss : 0.01089, 
epoch  10 summary: dyn_dyn_cos_loss: 0.00000, dyn_sta_cos_loss: 0.00000, total_cos_loss : 0.01083, 
valid loss: 2.4550, valid acc: 0.4316
epoch  11 summary: dyn_dyn_cos_loss: 0.00000, dyn_sta_cos_loss: 0.00000, total_cos_loss : 0.01079, 
epoch  12 summary: dyn_dyn_cos_loss: 0.00000, dyn_sta_cos_loss: 0.00000, total_cos_loss : 0.01076, 
epoch  13 summary: dyn_dyn_cos_loss: 0.00000, dyn_sta_cos_loss: 0.00000, total_cos_loss : 0.01074, 
epoch  14 summary: dyn_dyn_cos_loss: 0.00000, dyn_sta_cos_loss: 0.00000, total_cos_loss : 0.01073, 
epoch  15 summary: dyn_dyn_cos_loss: 0.00000, dyn_sta_cos_loss: 0.00000, total_cos_loss : 0.01072, 
epoch  16 summary: dyn_dyn_cos_loss: 0.00000, dyn_sta_cos_loss: 0.00000, total_cos_loss : 0.01071, 
epoch  17 summary: dyn_dyn_cos_loss: 0.00000, dyn_sta_cos_loss: 0.00000, total_cos_loss : 0.01070, 
epoch  18 summary: dyn_dyn_cos_loss: 0.00000, dyn_sta_cos_loss: 0.00000, total_cos_loss : 0.01069, 
epoch  19 summary: dyn_dyn_cos_loss: 0.00000, dyn_sta_cos_loss: 0.00000, total_cos_loss : 0.01069, 
epoch  20 summary: dyn_dyn_cos_loss: 0.00000, dyn_sta_cos_loss: 0.00000, total_cos_loss : 0.01068, 
valid loss: 2.4304, valid acc: 0.4355
epoch  21 summary: dyn_dyn_cos_loss: 0.00000, dyn_sta_cos_loss: 0.00000, total_cos_loss : 0.01068, 
epoch  22 summary: dyn_dyn_cos_loss: 0.00000, dyn_sta_cos_loss: 0.00000, total_cos_loss : 0.01067, 
epoch  23 summary: dyn_dyn_cos_loss: 0.00000, dyn_sta_cos_loss: 0.00000, total_cos_loss : 0.01067, 
epoch  24 summary: dyn_dyn_cos_loss: 0.00000, dyn_sta_cos_loss: 0.00000, total_cos_loss : 0.01067, 
epoch  25 summary: dyn_dyn_cos_loss: 0.00000, dyn_sta_cos_loss: 0.00000, total_cos_loss : 0.01067, 
epoch  26 summary: dyn_dyn_cos_loss: 0.00000, dyn_sta_cos_loss: 0.00000, total_cos_loss : 0.01067, 
epoch  27 summary: dyn_dyn_cos_loss: 0.00000, dyn_sta_cos_loss: 0.00000, total_cos_loss : 0.01067, 
epoch  28 summary: dyn_dyn_cos_loss: 0.00000, dyn_sta_cos_loss: 0.00000, total_cos_loss : 0.01066, 
epoch  29 summary: dyn_dyn_cos_loss: 0.00000, dyn_sta_cos_loss: 0.00000, total_cos_loss : 0.01066, 
epoch  30 summary: dyn_dyn_cos_loss: 0.00000, dyn_sta_cos_loss: 0.00000, total_cos_loss : 0.01066, 
valid loss: 2.4169, valid acc: 0.4375
epoch  31 summary: dyn_dyn_cos_loss: 0.00000, dyn_sta_cos_loss: 0.00000, total_cos_loss : 0.01066, 
epoch  32 summary: dyn_dyn_cos_loss: 0.00000, dyn_sta_cos_loss: 0.00000, total_cos_loss : 0.01066, 
epoch  33 summary: dyn_dyn_cos_loss: 0.00000, dyn_sta_cos_loss: 0.00000, total_cos_loss : 0.01066, 
epoch  34 summary: dyn_dyn_cos_loss: 0.00000, dyn_sta_cos_loss: 0.00000, total_cos_loss : 0.01066, 
epoch  35 summary: dyn_dyn_cos_loss: 0.00000, dyn_sta_cos_loss: 0.00000, total_cos_loss : 0.01066, 
epoch  36 summary: dyn_dyn_cos_loss: 0.00000, dyn_sta_cos_loss: 0.00000, total_cos_loss : 0.01066, 
epoch  37 summary: dyn_dyn_cos_loss: 0.00000, dyn_sta_cos_loss: 0.00000, total_cos_loss : 0.01066, 
epoch  38 summary: dyn_dyn_cos_loss: 0.00000, dyn_sta_cos_loss: 0.00000, total_cos_loss : 0.01066, 
epoch  39 summary: dyn_dyn_cos_loss: 0.00000, dyn_sta_cos_loss: 0.00000, total_cos_loss : 0.01066, 
