Before CTE Training: train eu loss: 0.9436202645301819, eval eu loss: 1.4130948781967163
Before CTE Training: train eu acc: 0.6796875, eval eu acc: 0.595703125
epoch   0 summary: dyn_dyn_loss   : 0.09709, dyn_sta_loss   : 4.10904, tot_dyn_loss   : 0.33780, sta_sta_loss   : 0.13266, 
train loss: 1.6012, train acc: 0.6982
epoch   1 summary: dyn_dyn_loss   : 0.09159, dyn_sta_loss   : 3.75773, tot_dyn_loss   : 0.31156, sta_sta_loss   : 0.13266, 
epoch   2 summary: dyn_dyn_loss   : 0.08610, dyn_sta_loss   : 3.46616, tot_dyn_loss   : 0.28890, sta_sta_loss   : 0.13266, 
epoch   3 summary: dyn_dyn_loss   : 0.08382, dyn_sta_loss   : 3.23320, tot_dyn_loss   : 0.27279, sta_sta_loss   : 0.13266, 
epoch   4 summary: dyn_dyn_loss   : 0.08334, dyn_sta_loss   : 3.09969, tot_dyn_loss   : 0.26432, sta_sta_loss   : 0.13266, 
epoch   5 summary: dyn_dyn_loss   : 0.08038, dyn_sta_loss   : 3.02206, tot_dyn_loss   : 0.25688, sta_sta_loss   : 0.13266, 
epoch   6 summary: dyn_dyn_loss   : 0.07495, dyn_sta_loss   : 2.99364, tot_dyn_loss   : 0.25007, sta_sta_loss   : 0.13266, 
epoch   7 summary: dyn_dyn_loss   : 0.06774, dyn_sta_loss   : 2.99197, tot_dyn_loss   : 0.24319, sta_sta_loss   : 0.13266, 
epoch   8 summary: dyn_dyn_loss   : 0.06292, dyn_sta_loss   : 2.98853, tot_dyn_loss   : 0.23846, sta_sta_loss   : 0.13266, 
epoch   9 summary: dyn_dyn_loss   : 0.05879, dyn_sta_loss   : 2.99341, tot_dyn_loss   : 0.23487, sta_sta_loss   : 0.13266, 
epoch  10 summary: dyn_dyn_loss   : 0.05679, dyn_sta_loss   : 2.99451, tot_dyn_loss   : 0.23305, sta_sta_loss   : 0.13266, 
train loss: 0.0718, train acc: 0.9922
epoch  11 summary: dyn_dyn_loss   : 0.05444, dyn_sta_loss   : 2.99293, tot_dyn_loss   : 0.23075, sta_sta_loss   : 0.13266, 
epoch  12 summary: dyn_dyn_loss   : 0.05307, dyn_sta_loss   : 2.98725, tot_dyn_loss   : 0.22912, sta_sta_loss   : 0.13266, 
epoch  13 summary: dyn_dyn_loss   : 0.05157, dyn_sta_loss   : 2.98011, tot_dyn_loss   : 0.22729, sta_sta_loss   : 0.13266, 
epoch  14 summary: dyn_dyn_loss   : 0.05089, dyn_sta_loss   : 2.97586, tot_dyn_loss   : 0.22639, sta_sta_loss   : 0.13266, 
epoch  15 summary: dyn_dyn_loss   : 0.04985, dyn_sta_loss   : 2.97575, tot_dyn_loss   : 0.22541, sta_sta_loss   : 0.13266, 
epoch  16 summary: dyn_dyn_loss   : 0.04929, dyn_sta_loss   : 2.98220, tot_dyn_loss   : 0.22526, sta_sta_loss   : 0.13266, 
epoch  17 summary: dyn_dyn_loss   : 0.04847, dyn_sta_loss   : 2.99658, tot_dyn_loss   : 0.22535, sta_sta_loss   : 0.13266, 
epoch  18 summary: dyn_dyn_loss   : 0.04864, dyn_sta_loss   : 2.98412, tot_dyn_loss   : 0.22476, sta_sta_loss   : 0.13266, 
epoch  19 summary: dyn_dyn_loss   : 0.04869, dyn_sta_loss   : 2.97706, tot_dyn_loss   : 0.22439, sta_sta_loss   : 0.13266, 
epoch  20 summary: dyn_dyn_loss   : 0.04848, dyn_sta_loss   : 2.98730, tot_dyn_loss   : 0.22481, sta_sta_loss   : 0.13266, 
train loss: 0.0540, train acc: 0.9922
epoch  21 summary: dyn_dyn_loss   : 0.04803, dyn_sta_loss   : 2.98631, tot_dyn_loss   : 0.22432, sta_sta_loss   : 0.13266, 
epoch  22 summary: dyn_dyn_loss   : 0.04798, dyn_sta_loss   : 2.98728, tot_dyn_loss   : 0.22434, sta_sta_loss   : 0.13266, 
epoch  23 summary: dyn_dyn_loss   : 0.04780, dyn_sta_loss   : 2.98633, tot_dyn_loss   : 0.22411, sta_sta_loss   : 0.13266, 
epoch  24 summary: dyn_dyn_loss   : 0.04764, dyn_sta_loss   : 2.98876, tot_dyn_loss   : 0.22411, sta_sta_loss   : 0.13266, 
epoch  25 summary: dyn_dyn_loss   : 0.04787, dyn_sta_loss   : 2.98326, tot_dyn_loss   : 0.22400, sta_sta_loss   : 0.13266, 
epoch  26 summary: dyn_dyn_loss   : 0.04782, dyn_sta_loss   : 2.98490, tot_dyn_loss   : 0.22404, sta_sta_loss   : 0.13266, 
epoch  27 summary: dyn_dyn_loss   : 0.04775, dyn_sta_loss   : 2.97853, tot_dyn_loss   : 0.22360, sta_sta_loss   : 0.13266, 
epoch  28 summary: dyn_dyn_loss   : 0.04747, dyn_sta_loss   : 2.97756, tot_dyn_loss   : 0.22328, sta_sta_loss   : 0.13266, 
epoch  29 summary: dyn_dyn_loss   : 0.04738, dyn_sta_loss   : 2.99022, tot_dyn_loss   : 0.22395, sta_sta_loss   : 0.13266, 
epoch  30 summary: dyn_dyn_loss   : 0.04721, dyn_sta_loss   : 2.98701, tot_dyn_loss   : 0.22360, sta_sta_loss   : 0.13266, 
train loss: 0.0477, train acc: 0.9922
epoch  31 summary: dyn_dyn_loss   : 0.04733, dyn_sta_loss   : 2.99097, tot_dyn_loss   : 0.22395, sta_sta_loss   : 0.13266, 
epoch  32 summary: dyn_dyn_loss   : 0.04712, dyn_sta_loss   : 2.98957, tot_dyn_loss   : 0.22366, sta_sta_loss   : 0.13266, 
epoch  33 summary: dyn_dyn_loss   : 0.04680, dyn_sta_loss   : 2.98585, tot_dyn_loss   : 0.22314, sta_sta_loss   : 0.13266, 
epoch  34 summary: dyn_dyn_loss   : 0.04696, dyn_sta_loss   : 2.97902, tot_dyn_loss   : 0.22288, sta_sta_loss   : 0.13266, 
epoch  35 summary: dyn_dyn_loss   : 0.04713, dyn_sta_loss   : 2.97604, tot_dyn_loss   : 0.22287, sta_sta_loss   : 0.13266, 
epoch  36 summary: dyn_dyn_loss   : 0.04732, dyn_sta_loss   : 2.97230, tot_dyn_loss   : 0.22282, sta_sta_loss   : 0.13266, 
epoch  37 summary: dyn_dyn_loss   : 0.04680, dyn_sta_loss   : 2.99538, tot_dyn_loss   : 0.22372, sta_sta_loss   : 0.13266, 
epoch  38 summary: dyn_dyn_loss   : 0.04689, dyn_sta_loss   : 2.99456, tot_dyn_loss   : 0.22375, sta_sta_loss   : 0.13266, 
epoch  39 summary: dyn_dyn_loss   : 0.04683, dyn_sta_loss   : 2.99603, tot_dyn_loss   : 0.22379, sta_sta_loss   : 0.13266, 
epoch  40 summary: dyn_dyn_loss   : 0.04620, dyn_sta_loss   : 2.99406, tot_dyn_loss   : 0.22307, sta_sta_loss   : 0.13266, 
train loss: 0.0466, train acc: 0.9932
epoch  41 summary: dyn_dyn_loss   : 0.04642, dyn_sta_loss   : 2.99913, tot_dyn_loss   : 0.22358, sta_sta_loss   : 0.13266, 
epoch  42 summary: dyn_dyn_loss   : 0.04645, dyn_sta_loss   : 2.98503, tot_dyn_loss   : 0.22277, sta_sta_loss   : 0.13266, 
epoch  43 summary: dyn_dyn_loss   : 0.04694, dyn_sta_loss   : 2.98877, tot_dyn_loss   : 0.22345, sta_sta_loss   : 0.13266, 
epoch  44 summary: dyn_dyn_loss   : 0.04635, dyn_sta_loss   : 2.99001, tot_dyn_loss   : 0.22297, sta_sta_loss   : 0.13266, 
epoch  45 summary: dyn_dyn_loss   : 0.04691, dyn_sta_loss   : 2.97678, tot_dyn_loss   : 0.22271, sta_sta_loss   : 0.13266, 
epoch  46 summary: dyn_dyn_loss   : 0.04665, dyn_sta_loss   : 2.99071, tot_dyn_loss   : 0.22329, sta_sta_loss   : 0.13266, 
epoch  47 summary: dyn_dyn_loss   : 0.04630, dyn_sta_loss   : 2.98954, tot_dyn_loss   : 0.22289, sta_sta_loss   : 0.13266, 
epoch  48 summary: dyn_dyn_loss   : 0.04633, dyn_sta_loss   : 2.98618, tot_dyn_loss   : 0.22272, sta_sta_loss   : 0.13266, 
epoch  49 summary: dyn_dyn_loss   : 0.04630, dyn_sta_loss   : 2.99535, tot_dyn_loss   : 0.22324, sta_sta_loss   : 0.13266, 
epoch  50 summary: dyn_dyn_loss   : 0.04603, dyn_sta_loss   : 2.99113, tot_dyn_loss   : 0.22273, sta_sta_loss   : 0.13266, 
train loss: 0.0428, train acc: 0.9922
epoch  51 summary: dyn_dyn_loss   : 0.04603, dyn_sta_loss   : 2.99323, tot_dyn_loss   : 0.22286, sta_sta_loss   : 0.13266, 
epoch  52 summary: dyn_dyn_loss   : 0.04616, dyn_sta_loss   : 2.98308, tot_dyn_loss   : 0.22238, sta_sta_loss   : 0.13266, 
epoch  53 summary: dyn_dyn_loss   : 0.04609, dyn_sta_loss   : 2.98894, tot_dyn_loss   : 0.22266, sta_sta_loss   : 0.13266, 
epoch  54 summary: dyn_dyn_loss   : 0.04616, dyn_sta_loss   : 2.98728, tot_dyn_loss   : 0.22263, sta_sta_loss   : 0.13266, 
epoch  55 summary: dyn_dyn_loss   : 0.04606, dyn_sta_loss   : 2.97764, tot_dyn_loss   : 0.22195, sta_sta_loss   : 0.13266, 
epoch  56 summary: dyn_dyn_loss   : 0.04594, dyn_sta_loss   : 2.98451, tot_dyn_loss   : 0.22226, sta_sta_loss   : 0.13266, 
epoch  57 summary: dyn_dyn_loss   : 0.04584, dyn_sta_loss   : 2.97367, tot_dyn_loss   : 0.22151, sta_sta_loss   : 0.13266, 
epoch  58 summary: dyn_dyn_loss   : 0.04566, dyn_sta_loss   : 2.98478, tot_dyn_loss   : 0.22201, sta_sta_loss   : 0.13266, 
epoch  59 summary: dyn_dyn_loss   : 0.04575, dyn_sta_loss   : 2.97640, tot_dyn_loss   : 0.22159, sta_sta_loss   : 0.13266, 
epoch  60 summary: dyn_dyn_loss   : 0.04602, dyn_sta_loss   : 2.98503, tot_dyn_loss   : 0.22236, sta_sta_loss   : 0.13266, 
train loss: 0.0417, train acc: 0.9951
epoch  61 summary: dyn_dyn_loss   : 0.04580, dyn_sta_loss   : 2.97931, tot_dyn_loss   : 0.22181, sta_sta_loss   : 0.13266, 
epoch  62 summary: dyn_dyn_loss   : 0.04598, dyn_sta_loss   : 2.98256, tot_dyn_loss   : 0.22217, sta_sta_loss   : 0.13266, 
epoch  63 summary: dyn_dyn_loss   : 0.04592, dyn_sta_loss   : 2.99118, tot_dyn_loss   : 0.22264, sta_sta_loss   : 0.13266, 
epoch  64 summary: dyn_dyn_loss   : 0.04588, dyn_sta_loss   : 2.99333, tot_dyn_loss   : 0.22273, sta_sta_loss   : 0.13266, 
epoch  65 summary: dyn_dyn_loss   : 0.04576, dyn_sta_loss   : 2.98064, tot_dyn_loss   : 0.22185, sta_sta_loss   : 0.13266, 
epoch  66 summary: dyn_dyn_loss   : 0.04592, dyn_sta_loss   : 2.98542, tot_dyn_loss   : 0.22229, sta_sta_loss   : 0.13266, 
epoch  67 summary: dyn_dyn_loss   : 0.04591, dyn_sta_loss   : 2.99693, tot_dyn_loss   : 0.22297, sta_sta_loss   : 0.13266, 
epoch  68 summary: dyn_dyn_loss   : 0.04618, dyn_sta_loss   : 2.98991, tot_dyn_loss   : 0.22281, sta_sta_loss   : 0.13266, 
epoch  69 summary: dyn_dyn_loss   : 0.04597, dyn_sta_loss   : 2.98750, tot_dyn_loss   : 0.22247, sta_sta_loss   : 0.13266, 
epoch  70 summary: dyn_dyn_loss   : 0.04595, dyn_sta_loss   : 2.98093, tot_dyn_loss   : 0.22205, sta_sta_loss   : 0.13266, 
train loss: 0.0383, train acc: 0.9951
epoch  71 summary: dyn_dyn_loss   : 0.04610, dyn_sta_loss   : 2.98002, tot_dyn_loss   : 0.22214, sta_sta_loss   : 0.13266, 
epoch  72 summary: dyn_dyn_loss   : 0.04599, dyn_sta_loss   : 2.99737, tot_dyn_loss   : 0.22308, sta_sta_loss   : 0.13266, 
epoch  73 summary: dyn_dyn_loss   : 0.04592, dyn_sta_loss   : 2.99361, tot_dyn_loss   : 0.22278, sta_sta_loss   : 0.13266, 
epoch  74 summary: dyn_dyn_loss   : 0.04575, dyn_sta_loss   : 2.99403, tot_dyn_loss   : 0.22265, sta_sta_loss   : 0.13266, 
epoch  75 summary: dyn_dyn_loss   : 0.04590, dyn_sta_loss   : 2.98780, tot_dyn_loss   : 0.22241, sta_sta_loss   : 0.13266, 
epoch  76 summary: dyn_dyn_loss   : 0.04609, dyn_sta_loss   : 2.98699, tot_dyn_loss   : 0.22255, sta_sta_loss   : 0.13266, 
epoch  77 summary: dyn_dyn_loss   : 0.04624, dyn_sta_loss   : 2.98474, tot_dyn_loss   : 0.22255, sta_sta_loss   : 0.13266, 
epoch  78 summary: dyn_dyn_loss   : 0.04631, dyn_sta_loss   : 2.97695, tot_dyn_loss   : 0.22215, sta_sta_loss   : 0.13266, 
epoch  79 summary: dyn_dyn_loss   : 0.04606, dyn_sta_loss   : 2.98609, tot_dyn_loss   : 0.22246, sta_sta_loss   : 0.13266, 
epoch  80 summary: dyn_dyn_loss   : 0.04562, dyn_sta_loss   : 2.98921, tot_dyn_loss   : 0.22223, sta_sta_loss   : 0.13266, 
train loss: 0.0409, train acc: 0.9922
epoch  81 summary: dyn_dyn_loss   : 0.04572, dyn_sta_loss   : 2.97755, tot_dyn_loss   : 0.22163, sta_sta_loss   : 0.13266, 
epoch  82 summary: dyn_dyn_loss   : 0.04572, dyn_sta_loss   : 2.99119, tot_dyn_loss   : 0.22245, sta_sta_loss   : 0.13266, 
epoch  83 summary: dyn_dyn_loss   : 0.04560, dyn_sta_loss   : 2.99531, tot_dyn_loss   : 0.22258, sta_sta_loss   : 0.13266, 
epoch  84 summary: dyn_dyn_loss   : 0.04583, dyn_sta_loss   : 2.98646, tot_dyn_loss   : 0.22227, sta_sta_loss   : 0.13266, 
epoch  85 summary: dyn_dyn_loss   : 0.04590, dyn_sta_loss   : 2.99055, tot_dyn_loss   : 0.22257, sta_sta_loss   : 0.13266, 
epoch  86 summary: dyn_dyn_loss   : 0.04600, dyn_sta_loss   : 2.98896, tot_dyn_loss   : 0.22257, sta_sta_loss   : 0.13266, 
epoch  87 summary: dyn_dyn_loss   : 0.04574, dyn_sta_loss   : 2.98214, tot_dyn_loss   : 0.22192, sta_sta_loss   : 0.13266, 
epoch  88 summary: dyn_dyn_loss   : 0.04602, dyn_sta_loss   : 2.98884, tot_dyn_loss   : 0.22259, sta_sta_loss   : 0.13266, 
epoch  89 summary: dyn_dyn_loss   : 0.04577, dyn_sta_loss   : 2.98571, tot_dyn_loss   : 0.22217, sta_sta_loss   : 0.13266, 
epoch  90 summary: dyn_dyn_loss   : 0.04581, dyn_sta_loss   : 2.97953, tot_dyn_loss   : 0.22183, sta_sta_loss   : 0.13266, 
train loss: 0.0419, train acc: 0.9941
epoch  91 summary: dyn_dyn_loss   : 0.04568, dyn_sta_loss   : 2.98719, tot_dyn_loss   : 0.22217, sta_sta_loss   : 0.13266, 
epoch  92 summary: dyn_dyn_loss   : 0.04552, dyn_sta_loss   : 2.98926, tot_dyn_loss   : 0.22215, sta_sta_loss   : 0.13266, 
epoch  93 summary: dyn_dyn_loss   : 0.04564, dyn_sta_loss   : 2.98630, tot_dyn_loss   : 0.22208, sta_sta_loss   : 0.13266, 
epoch  94 summary: dyn_dyn_loss   : 0.04559, dyn_sta_loss   : 2.98218, tot_dyn_loss   : 0.22178, sta_sta_loss   : 0.13266, 
epoch  95 summary: dyn_dyn_loss   : 0.04570, dyn_sta_loss   : 2.98426, tot_dyn_loss   : 0.22201, sta_sta_loss   : 0.13266, 
epoch  96 summary: dyn_dyn_loss   : 0.04578, dyn_sta_loss   : 2.97680, tot_dyn_loss   : 0.22164, sta_sta_loss   : 0.13266, 
epoch  97 summary: dyn_dyn_loss   : 0.04582, dyn_sta_loss   : 2.99511, tot_dyn_loss   : 0.22277, sta_sta_loss   : 0.13266, 
epoch  98 summary: dyn_dyn_loss   : 0.04544, dyn_sta_loss   : 2.98353, tot_dyn_loss   : 0.22173, sta_sta_loss   : 0.13266, 
epoch  99 summary: dyn_dyn_loss   : 0.04550, dyn_sta_loss   : 2.98324, tot_dyn_loss   : 0.22177, sta_sta_loss   : 0.13266, 
train loss: 0.0405, train acc: 0.9961
all                          27763.129ms
all_epoch                    16114.596ms
all_preparation              11648.520ms
all_preparation_2            11647.475ms
all_preparation_3                1.023ms
epoch                           81.647ms
epoch_pos_train                  0.349ms
epoch_preparation                1.620ms
epoch_train                     79.067ms
epoch_valid                      0.411ms
----------------------------------------
all                          27763.129ms
  all_epoch             58.04%
  all_preparation       41.96%
all_preparation              11648.520ms
  all_preparation_2     99.99%
  all_preparation_3      0.01%
epoch                         8164.686ms
  epoch_train           96.84%
  epoch_preparation      1.98%
  epoch_valid            0.50%
  epoch_pos_train        0.43%
epoch   0 summary: dyn_dyn_loss   : 0.00000, dyn_sta_loss   : 0.00000, tot_dyn_loss   : 0.08975, sta_sta_loss   : 0.00000, 
valid loss: 3.5282, valid acc: 0.2344
epoch   1 summary: dyn_dyn_loss   : 0.00000, dyn_sta_loss   : 0.00000, tot_dyn_loss   : 0.06331, sta_sta_loss   : 0.00000, 
epoch   2 summary: dyn_dyn_loss   : 0.00000, dyn_sta_loss   : 0.00000, tot_dyn_loss   : 0.04861, sta_sta_loss   : 0.00000, 
epoch   3 summary: dyn_dyn_loss   : 0.00000, dyn_sta_loss   : 0.00000, tot_dyn_loss   : 0.04066, sta_sta_loss   : 0.00000, 
epoch   4 summary: dyn_dyn_loss   : 0.00000, dyn_sta_loss   : 0.00000, tot_dyn_loss   : 0.03552, sta_sta_loss   : 0.00000, 
epoch   5 summary: dyn_dyn_loss   : 0.00000, dyn_sta_loss   : 0.00000, tot_dyn_loss   : 0.03211, sta_sta_loss   : 0.00000, 
epoch   6 summary: dyn_dyn_loss   : 0.00000, dyn_sta_loss   : 0.00000, tot_dyn_loss   : 0.03012, sta_sta_loss   : 0.00000, 
epoch   7 summary: dyn_dyn_loss   : 0.00000, dyn_sta_loss   : 0.00000, tot_dyn_loss   : 0.02859, sta_sta_loss   : 0.00000, 
epoch   8 summary: dyn_dyn_loss   : 0.00000, dyn_sta_loss   : 0.00000, tot_dyn_loss   : 0.02744, sta_sta_loss   : 0.00000, 
epoch   9 summary: dyn_dyn_loss   : 0.00000, dyn_sta_loss   : 0.00000, tot_dyn_loss   : 0.02663, sta_sta_loss   : 0.00000, 
epoch  10 summary: dyn_dyn_loss   : 0.00000, dyn_sta_loss   : 0.00000, tot_dyn_loss   : 0.02607, sta_sta_loss   : 0.00000, 
valid loss: 2.5639, valid acc: 0.4316
epoch  11 summary: dyn_dyn_loss   : 0.00000, dyn_sta_loss   : 0.00000, tot_dyn_loss   : 0.02564, sta_sta_loss   : 0.00000, 
epoch  12 summary: dyn_dyn_loss   : 0.00000, dyn_sta_loss   : 0.00000, tot_dyn_loss   : 0.02530, sta_sta_loss   : 0.00000, 
epoch  13 summary: dyn_dyn_loss   : 0.00000, dyn_sta_loss   : 0.00000, tot_dyn_loss   : 0.02501, sta_sta_loss   : 0.00000, 
epoch  14 summary: dyn_dyn_loss   : 0.00000, dyn_sta_loss   : 0.00000, tot_dyn_loss   : 0.02489, sta_sta_loss   : 0.00000, 
epoch  15 summary: dyn_dyn_loss   : 0.00000, dyn_sta_loss   : 0.00000, tot_dyn_loss   : 0.02475, sta_sta_loss   : 0.00000, 
epoch  16 summary: dyn_dyn_loss   : 0.00000, dyn_sta_loss   : 0.00000, tot_dyn_loss   : 0.02469, sta_sta_loss   : 0.00000, 
epoch  17 summary: dyn_dyn_loss   : 0.00000, dyn_sta_loss   : 0.00000, tot_dyn_loss   : 0.02460, sta_sta_loss   : 0.00000, 
epoch  18 summary: dyn_dyn_loss   : 0.00000, dyn_sta_loss   : 0.00000, tot_dyn_loss   : 0.02455, sta_sta_loss   : 0.00000, 
epoch  19 summary: dyn_dyn_loss   : 0.00000, dyn_sta_loss   : 0.00000, tot_dyn_loss   : 0.02452, sta_sta_loss   : 0.00000, 
epoch  20 summary: dyn_dyn_loss   : 0.00000, dyn_sta_loss   : 0.00000, tot_dyn_loss   : 0.02450, sta_sta_loss   : 0.00000, 
valid loss: 2.5755, valid acc: 0.4395
epoch  21 summary: dyn_dyn_loss   : 0.00000, dyn_sta_loss   : 0.00000, tot_dyn_loss   : 0.02448, sta_sta_loss   : 0.00000, 
epoch  22 summary: dyn_dyn_loss   : 0.00000, dyn_sta_loss   : 0.00000, tot_dyn_loss   : 0.02448, sta_sta_loss   : 0.00000, 
epoch  23 summary: dyn_dyn_loss   : 0.00000, dyn_sta_loss   : 0.00000, tot_dyn_loss   : 0.02447, sta_sta_loss   : 0.00000, 
epoch  24 summary: dyn_dyn_loss   : 0.00000, dyn_sta_loss   : 0.00000, tot_dyn_loss   : 0.02446, sta_sta_loss   : 0.00000, 
epoch  25 summary: dyn_dyn_loss   : 0.00000, dyn_sta_loss   : 0.00000, tot_dyn_loss   : 0.02463, sta_sta_loss   : 0.00000, 
epoch  26 summary: dyn_dyn_loss   : 0.00000, dyn_sta_loss   : 0.00000, tot_dyn_loss   : 0.02459, sta_sta_loss   : 0.00000, 
epoch  27 summary: dyn_dyn_loss   : 0.00000, dyn_sta_loss   : 0.00000, tot_dyn_loss   : 0.02457, sta_sta_loss   : 0.00000, 
epoch  28 summary: dyn_dyn_loss   : 0.00000, dyn_sta_loss   : 0.00000, tot_dyn_loss   : 0.02454, sta_sta_loss   : 0.00000, 
epoch  29 summary: dyn_dyn_loss   : 0.00000, dyn_sta_loss   : 0.00000, tot_dyn_loss   : 0.02452, sta_sta_loss   : 0.00000, 
epoch  30 summary: dyn_dyn_loss   : 0.00000, dyn_sta_loss   : 0.00000, tot_dyn_loss   : 0.02450, sta_sta_loss   : 0.00000, 
valid loss: 2.5503, valid acc: 0.4414
epoch  31 summary: dyn_dyn_loss   : 0.00000, dyn_sta_loss   : 0.00000, tot_dyn_loss   : 0.02449, sta_sta_loss   : 0.00000, 
epoch  32 summary: dyn_dyn_loss   : 0.00000, dyn_sta_loss   : 0.00000, tot_dyn_loss   : 0.02448, sta_sta_loss   : 0.00000, 
epoch  33 summary: dyn_dyn_loss   : 0.00000, dyn_sta_loss   : 0.00000, tot_dyn_loss   : 0.02447, sta_sta_loss   : 0.00000, 
epoch  34 summary: dyn_dyn_loss   : 0.00000, dyn_sta_loss   : 0.00000, tot_dyn_loss   : 0.02446, sta_sta_loss   : 0.00000, 
epoch  35 summary: dyn_dyn_loss   : 0.00000, dyn_sta_loss   : 0.00000, tot_dyn_loss   : 0.02445, sta_sta_loss   : 0.00000, 
epoch  36 summary: dyn_dyn_loss   : 0.00000, dyn_sta_loss   : 0.00000, tot_dyn_loss   : 0.02443, sta_sta_loss   : 0.00000, 
epoch  37 summary: dyn_dyn_loss   : 0.00000, dyn_sta_loss   : 0.00000, tot_dyn_loss   : 0.02442, sta_sta_loss   : 0.00000, 
epoch  38 summary: dyn_dyn_loss   : 0.00000, dyn_sta_loss   : 0.00000, tot_dyn_loss   : 0.02442, sta_sta_loss   : 0.00000, 
epoch  39 summary: dyn_dyn_loss   : 0.00000, dyn_sta_loss   : 0.00000, tot_dyn_loss   : 0.02442, sta_sta_loss   : 0.00000, 
epoch  40 summary: dyn_dyn_loss   : 0.00000, dyn_sta_loss   : 0.00000, tot_dyn_loss   : 0.02441, sta_sta_loss   : 0.00000, 
valid loss: 2.5353, valid acc: 0.4434
epoch  41 summary: dyn_dyn_loss   : 0.00000, dyn_sta_loss   : 0.00000, tot_dyn_loss   : 0.02441, sta_sta_loss   : 0.00000, 
epoch  42 summary: dyn_dyn_loss   : 0.00000, dyn_sta_loss   : 0.00000, tot_dyn_loss   : 0.02440, sta_sta_loss   : 0.00000, 
epoch  43 summary: dyn_dyn_loss   : 0.00000, dyn_sta_loss   : 0.00000, tot_dyn_loss   : 0.02440, sta_sta_loss   : 0.00000, 
epoch  44 summary: dyn_dyn_loss   : 0.00000, dyn_sta_loss   : 0.00000, tot_dyn_loss   : 0.02440, sta_sta_loss   : 0.00000, 
epoch  45 summary: dyn_dyn_loss   : 0.00000, dyn_sta_loss   : 0.00000, tot_dyn_loss   : 0.02439, sta_sta_loss   : 0.00000, 
epoch  46 summary: dyn_dyn_loss   : 0.00000, dyn_sta_loss   : 0.00000, tot_dyn_loss   : 0.02439, sta_sta_loss   : 0.00000, 
epoch  47 summary: dyn_dyn_loss   : 0.00000, dyn_sta_loss   : 0.00000, tot_dyn_loss   : 0.02439, sta_sta_loss   : 0.00000, 
epoch  48 summary: dyn_dyn_loss   : 0.00000, dyn_sta_loss   : 0.00000, tot_dyn_loss   : 0.02439, sta_sta_loss   : 0.00000, 
epoch  49 summary: dyn_dyn_loss   : 0.00000, dyn_sta_loss   : 0.00000, tot_dyn_loss   : 0.02439, sta_sta_loss   : 0.00000, 
epoch  50 summary: dyn_dyn_loss   : 0.00000, dyn_sta_loss   : 0.00000, tot_dyn_loss   : 0.02456, sta_sta_loss   : 0.00000, 
valid loss: 2.5384, valid acc: 0.4434
epoch  51 summary: dyn_dyn_loss   : 0.00000, dyn_sta_loss   : 0.00000, tot_dyn_loss   : 0.02455, sta_sta_loss   : 0.00000, 
epoch  52 summary: dyn_dyn_loss   : 0.00000, dyn_sta_loss   : 0.00000, tot_dyn_loss   : 0.02453, sta_sta_loss   : 0.00000, 
epoch  53 summary: dyn_dyn_loss   : 0.00000, dyn_sta_loss   : 0.00000, tot_dyn_loss   : 0.02452, sta_sta_loss   : 0.00000, 
epoch  54 summary: dyn_dyn_loss   : 0.00000, dyn_sta_loss   : 0.00000, tot_dyn_loss   : 0.02451, sta_sta_loss   : 0.00000, 
epoch  55 summary: dyn_dyn_loss   : 0.00000, dyn_sta_loss   : 0.00000, tot_dyn_loss   : 0.02450, sta_sta_loss   : 0.00000, 
epoch  56 summary: dyn_dyn_loss   : 0.00000, dyn_sta_loss   : 0.00000, tot_dyn_loss   : 0.02449, sta_sta_loss   : 0.00000, 
epoch  57 summary: dyn_dyn_loss   : 0.00000, dyn_sta_loss   : 0.00000, tot_dyn_loss   : 0.02449, sta_sta_loss   : 0.00000, 
epoch  58 summary: dyn_dyn_loss   : 0.00000, dyn_sta_loss   : 0.00000, tot_dyn_loss   : 0.02448, sta_sta_loss   : 0.00000, 
epoch  59 summary: dyn_dyn_loss   : 0.00000, dyn_sta_loss   : 0.00000, tot_dyn_loss   : 0.02448, sta_sta_loss   : 0.00000, 
epoch  60 summary: dyn_dyn_loss   : 0.00000, dyn_sta_loss   : 0.00000, tot_dyn_loss   : 0.02447, sta_sta_loss   : 0.00000, 
valid loss: 2.5358, valid acc: 0.4473
epoch  61 summary: dyn_dyn_loss   : 0.00000, dyn_sta_loss   : 0.00000, tot_dyn_loss   : 0.02447, sta_sta_loss   : 0.00000, 
epoch  62 summary: dyn_dyn_loss   : 0.00000, dyn_sta_loss   : 0.00000, tot_dyn_loss   : 0.02446, sta_sta_loss   : 0.00000, 
epoch  63 summary: dyn_dyn_loss   : 0.00000, dyn_sta_loss   : 0.00000, tot_dyn_loss   : 0.02446, sta_sta_loss   : 0.00000, 
epoch  64 summary: dyn_dyn_loss   : 0.00000, dyn_sta_loss   : 0.00000, tot_dyn_loss   : 0.02446, sta_sta_loss   : 0.00000, 
epoch  65 summary: dyn_dyn_loss   : 0.00000, dyn_sta_loss   : 0.00000, tot_dyn_loss   : 0.02445, sta_sta_loss   : 0.00000, 
epoch  66 summary: dyn_dyn_loss   : 0.00000, dyn_sta_loss   : 0.00000, tot_dyn_loss   : 0.02445, sta_sta_loss   : 0.00000, 
epoch  67 summary: dyn_dyn_loss   : 0.00000, dyn_sta_loss   : 0.00000, tot_dyn_loss   : 0.02445, sta_sta_loss   : 0.00000, 
epoch  68 summary: dyn_dyn_loss   : 0.00000, dyn_sta_loss   : 0.00000, tot_dyn_loss   : 0.02445, sta_sta_loss   : 0.00000, 
epoch  69 summary: dyn_dyn_loss   : 0.00000, dyn_sta_loss   : 0.00000, tot_dyn_loss   : 0.02445, sta_sta_loss   : 0.00000, 
epoch  70 summary: dyn_dyn_loss   : 0.00000, dyn_sta_loss   : 0.00000, tot_dyn_loss   : 0.02444, sta_sta_loss   : 0.00000, 
valid loss: 2.5393, valid acc: 0.4434
epoch  71 summary: dyn_dyn_loss   : 0.00000, dyn_sta_loss   : 0.00000, tot_dyn_loss   : 0.02444, sta_sta_loss   : 0.00000, 
epoch  72 summary: dyn_dyn_loss   : 0.00000, dyn_sta_loss   : 0.00000, tot_dyn_loss   : 0.02444, sta_sta_loss   : 0.00000, 
epoch  73 summary: dyn_dyn_loss   : 0.00000, dyn_sta_loss   : 0.00000, tot_dyn_loss   : 0.02444, sta_sta_loss   : 0.00000, 
epoch  74 summary: dyn_dyn_loss   : 0.00000, dyn_sta_loss   : 0.00000, tot_dyn_loss   : 0.02444, sta_sta_loss   : 0.00000, 
epoch  75 summary: dyn_dyn_loss   : 0.00000, dyn_sta_loss   : 0.00000, tot_dyn_loss   : 0.02439, sta_sta_loss   : 0.00000, 
epoch  76 summary: dyn_dyn_loss   : 0.00000, dyn_sta_loss   : 0.00000, tot_dyn_loss   : 0.02437, sta_sta_loss   : 0.00000, 
epoch  77 summary: dyn_dyn_loss   : 0.00000, dyn_sta_loss   : 0.00000, tot_dyn_loss   : 0.02436, sta_sta_loss   : 0.00000, 
epoch  78 summary: dyn_dyn_loss   : 0.00000, dyn_sta_loss   : 0.00000, tot_dyn_loss   : 0.02435, sta_sta_loss   : 0.00000, 
epoch  79 summary: dyn_dyn_loss   : 0.00000, dyn_sta_loss   : 0.00000, tot_dyn_loss   : 0.02434, sta_sta_loss   : 0.00000, 
epoch  80 summary: dyn_dyn_loss   : 0.00000, dyn_sta_loss   : 0.00000, tot_dyn_loss   : 0.02433, sta_sta_loss   : 0.00000, 
valid loss: 2.5161, valid acc: 0.4434
epoch  81 summary: dyn_dyn_loss   : 0.00000, dyn_sta_loss   : 0.00000, tot_dyn_loss   : 0.02432, sta_sta_loss   : 0.00000, 
epoch  82 summary: dyn_dyn_loss   : 0.00000, dyn_sta_loss   : 0.00000, tot_dyn_loss   : 0.02432, sta_sta_loss   : 0.00000, 
epoch  83 summary: dyn_dyn_loss   : 0.00000, dyn_sta_loss   : 0.00000, tot_dyn_loss   : 0.02431, sta_sta_loss   : 0.00000, 
epoch  84 summary: dyn_dyn_loss   : 0.00000, dyn_sta_loss   : 0.00000, tot_dyn_loss   : 0.02430, sta_sta_loss   : 0.00000, 
epoch  85 summary: dyn_dyn_loss   : 0.00000, dyn_sta_loss   : 0.00000, tot_dyn_loss   : 0.02429, sta_sta_loss   : 0.00000, 
epoch  86 summary: dyn_dyn_loss   : 0.00000, dyn_sta_loss   : 0.00000, tot_dyn_loss   : 0.02429, sta_sta_loss   : 0.00000, 
epoch  87 summary: dyn_dyn_loss   : 0.00000, dyn_sta_loss   : 0.00000, tot_dyn_loss   : 0.02429, sta_sta_loss   : 0.00000, 
epoch  88 summary: dyn_dyn_loss   : 0.00000, dyn_sta_loss   : 0.00000, tot_dyn_loss   : 0.02429, sta_sta_loss   : 0.00000, 
epoch  89 summary: dyn_dyn_loss   : 0.00000, dyn_sta_loss   : 0.00000, tot_dyn_loss   : 0.02428, sta_sta_loss   : 0.00000, 
epoch  90 summary: dyn_dyn_loss   : 0.00000, dyn_sta_loss   : 0.00000, tot_dyn_loss   : 0.02428, sta_sta_loss   : 0.00000, 
valid loss: 2.5145, valid acc: 0.4473
epoch  91 summary: dyn_dyn_loss   : 0.00000, dyn_sta_loss   : 0.00000, tot_dyn_loss   : 0.02428, sta_sta_loss   : 0.00000, 
epoch  92 summary: dyn_dyn_loss   : 0.00000, dyn_sta_loss   : 0.00000, tot_dyn_loss   : 0.02428, sta_sta_loss   : 0.00000, 
epoch  93 summary: dyn_dyn_loss   : 0.00000, dyn_sta_loss   : 0.00000, tot_dyn_loss   : 0.02428, sta_sta_loss   : 0.00000, 
epoch  94 summary: dyn_dyn_loss   : 0.00000, dyn_sta_loss   : 0.00000, tot_dyn_loss   : 0.02428, sta_sta_loss   : 0.00000, 
epoch  95 summary: dyn_dyn_loss   : 0.00000, dyn_sta_loss   : 0.00000, tot_dyn_loss   : 0.02428, sta_sta_loss   : 0.00000, 
epoch  96 summary: dyn_dyn_loss   : 0.00000, dyn_sta_loss   : 0.00000, tot_dyn_loss   : 0.02427, sta_sta_loss   : 0.00000, 
epoch  97 summary: dyn_dyn_loss   : 0.00000, dyn_sta_loss   : 0.00000, tot_dyn_loss   : 0.02427, sta_sta_loss   : 0.00000, 
epoch  98 summary: dyn_dyn_loss   : 0.00000, dyn_sta_loss   : 0.00000, tot_dyn_loss   : 0.02427, sta_sta_loss   : 0.00000, 
epoch  99 summary: dyn_dyn_loss   : 0.00000, dyn_sta_loss   : 0.00000, tot_dyn_loss   : 0.02427, sta_sta_loss   : 0.00000, 
valid loss: 2.5147, valid acc: 0.4434
all                          10059.016ms
all_epoch                    10056.129ms
all_preparation                  2.875ms
all_preparation_2                2.207ms
all_preparation_3                0.662ms
epoch                           51.513ms
epoch_pos_train                  0.500ms
epoch_preparation                0.131ms
epoch_train                     50.622ms
epoch_valid                      0.134ms
----------------------------------------
all                          10059.016ms
  all_epoch             99.97%
  all_preparation        0.03%
all_preparation                  2.875ms
  all_preparation_2     76.76%
  all_preparation_3     23.03%
epoch                         5151.283ms
  epoch_train           98.27%
  epoch_pos_train        0.97%
  epoch_valid            0.26%
  epoch_preparation      0.25%
